+M MPrsStd:pubinclude:MPrsStd.hxx /dn43/OCCT/tmp/results_30.09.2011/occt/release-sources-20110930/inc/MPrsStd.hxx
+M MPrsStd:privinclude:MPrsStd.jxx /dn43/OCCT/tmp/results_30.09.2011/occt/release-sources-20110930/drv/MPrsStd/MPrsStd.jxx
+M MPrsStd:privinclude:MPrsStd.ixx /dn43/OCCT/tmp/results_30.09.2011/occt/release-sources-20110930/drv/MPrsStd/MPrsStd.ixx
+M MPrsStd:pubinclude:Handle_MPrsStd_AISPresentationStorageDriver.hxx /dn43/OCCT/tmp/results_30.09.2011/occt/release-sources-20110930/inc/Handle_MPrsStd_AISPresentationStorageDriver.hxx
+M MPrsStd:pubinclude:MPrsStd_AISPresentationStorageDriver.hxx /dn43/OCCT/tmp/results_30.09.2011/occt/release-sources-20110930/inc/MPrsStd_AISPresentationStorageDriver.hxx
+M MPrsStd:privinclude:MPrsStd_AISPresentationStorageDriver.jxx /dn43/OCCT/tmp/results_30.09.2011/occt/release-sources-20110930/drv/MPrsStd/MPrsStd_AISPresentationStorageDriver.jxx
+M MPrsStd:privinclude:MPrsStd_AISPresentationStorageDriver.ixx /dn43/OCCT/tmp/results_30.09.2011/occt/release-sources-20110930/drv/MPrsStd/MPrsStd_AISPresentationStorageDriver.ixx
+M MPrsStd:pubinclude:Handle_MPrsStd_PositionStorageDriver.hxx /dn43/OCCT/tmp/results_30.09.2011/occt/release-sources-20110930/inc/Handle_MPrsStd_PositionStorageDriver.hxx
+M MPrsStd:pubinclude:MPrsStd_PositionStorageDriver.hxx /dn43/OCCT/tmp/results_30.09.2011/occt/release-sources-20110930/inc/MPrsStd_PositionStorageDriver.hxx
+M MPrsStd:privinclude:MPrsStd_PositionStorageDriver.jxx /dn43/OCCT/tmp/results_30.09.2011/occt/release-sources-20110930/drv/MPrsStd/MPrsStd_PositionStorageDriver.jxx
+M MPrsStd:privinclude:MPrsStd_PositionStorageDriver.ixx /dn43/OCCT/tmp/results_30.09.2011/occt/release-sources-20110930/drv/MPrsStd/MPrsStd_PositionStorageDriver.ixx
+M MPrsStd:pubinclude:Handle_MPrsStd_AISPresentationRetrievalDriver.hxx /dn43/OCCT/tmp/results_30.09.2011/occt/release-sources-20110930/inc/Handle_MPrsStd_AISPresentationRetrievalDriver.hxx
+M MPrsStd:pubinclude:MPrsStd_AISPresentationRetrievalDriver.hxx /dn43/OCCT/tmp/results_30.09.2011/occt/release-sources-20110930/inc/MPrsStd_AISPresentationRetrievalDriver.hxx
+M MPrsStd:privinclude:MPrsStd_AISPresentationRetrievalDriver.jxx /dn43/OCCT/tmp/results_30.09.2011/occt/release-sources-20110930/drv/MPrsStd/MPrsStd_AISPresentationRetrievalDriver.jxx
+M MPrsStd:privinclude:MPrsStd_AISPresentationRetrievalDriver.ixx /dn43/OCCT/tmp/results_30.09.2011/occt/release-sources-20110930/drv/MPrsStd/MPrsStd_AISPresentationRetrievalDriver.ixx
+M MPrsStd:pubinclude:Handle_MPrsStd_AISPresentationRetrievalDriver_1.hxx /dn43/OCCT/tmp/results_30.09.2011/occt/release-sources-20110930/inc/Handle_MPrsStd_AISPresentationRetrievalDriver_1.hxx
+M MPrsStd:pubinclude:MPrsStd_AISPresentationRetrievalDriver_1.hxx /dn43/OCCT/tmp/results_30.09.2011/occt/release-sources-20110930/inc/MPrsStd_AISPresentationRetrievalDriver_1.hxx
+M MPrsStd:privinclude:MPrsStd_AISPresentationRetrievalDriver_1.jxx /dn43/OCCT/tmp/results_30.09.2011/occt/release-sources-20110930/drv/MPrsStd/MPrsStd_AISPresentationRetrievalDriver_1.jxx
+M MPrsStd:privinclude:MPrsStd_AISPresentationRetrievalDriver_1.ixx /dn43/OCCT/tmp/results_30.09.2011/occt/release-sources-20110930/drv/MPrsStd/MPrsStd_AISPresentationRetrievalDriver_1.ixx
+M MPrsStd:pubinclude:Handle_MPrsStd_PositionRetrievalDriver.hxx /dn43/OCCT/tmp/results_30.09.2011/occt/release-sources-20110930/inc/Handle_MPrsStd_PositionRetrievalDriver.hxx
+M MPrsStd:pubinclude:MPrsStd_PositionRetrievalDriver.hxx /dn43/OCCT/tmp/results_30.09.2011/occt/release-sources-20110930/inc/MPrsStd_PositionRetrievalDriver.hxx
+M MPrsStd:privinclude:MPrsStd_PositionRetrievalDriver.jxx /dn43/OCCT/tmp/results_30.09.2011/occt/release-sources-20110930/drv/MPrsStd/MPrsStd_PositionRetrievalDriver.jxx
+M MPrsStd:privinclude:MPrsStd_PositionRetrievalDriver.ixx /dn43/OCCT/tmp/results_30.09.2011/occt/release-sources-20110930/drv/MPrsStd/MPrsStd_PositionRetrievalDriver.ixx
+M MPrsStd:dbadmfile:MPrsStd_xcpp_header.In /dn43/OCCT/tmp/results_30.09.2011/occt/release-sources-20110930/drv/MPrsStd/.adm/MPrsStd_xcpp_header.In
+M MPrsStd:dbadmfile:MPrsStd_xcpp_header.Out /dn43/OCCT/tmp/results_30.09.2011/occt/release-sources-20110930/drv/MPrsStd/.adm/MPrsStd_xcpp_header.Out
+M MPrsStd:dbadmfile:MPrsStd_xcpp_header.Dep /dn43/OCCT/tmp/results_30.09.2011/occt/release-sources-20110930/drv/MPrsStd/.adm/MPrsStd_xcpp_header.Dep
