+M math:pubinclude:math.hxx /dn43/OCCT/tmp/results_28.02.2011/occt/release-sources-20110228/inc/math.hxx
+M math:privinclude:math.jxx /dn43/OCCT/tmp/results_28.02.2011/occt/release-sources-20110228/drv/math/math.jxx
+M math:privinclude:math.ixx /dn43/OCCT/tmp/results_28.02.2011/occt/release-sources-20110228/drv/math/math.ixx
+M math:pubinclude:math_Vector.hxx /dn43/OCCT/tmp/results_28.02.2011/occt/release-sources-20110228/inc/math_Vector.hxx
+M math:privinclude:math_Vector.jxx /dn43/OCCT/tmp/results_28.02.2011/occt/release-sources-20110228/drv/math/math_Vector.jxx
+M math:privinclude:math_Vector.ixx /dn43/OCCT/tmp/results_28.02.2011/occt/release-sources-20110228/drv/math/math_Vector.ixx
+M math:pubinclude:math_IntegerVector.hxx /dn43/OCCT/tmp/results_28.02.2011/occt/release-sources-20110228/inc/math_IntegerVector.hxx
+M math:privinclude:math_IntegerVector.jxx /dn43/OCCT/tmp/results_28.02.2011/occt/release-sources-20110228/drv/math/math_IntegerVector.jxx
+M math:privinclude:math_IntegerVector.ixx /dn43/OCCT/tmp/results_28.02.2011/occt/release-sources-20110228/drv/math/math_IntegerVector.ixx
+M math:pubinclude:math_Matrix.hxx /dn43/OCCT/tmp/results_28.02.2011/occt/release-sources-20110228/inc/math_Matrix.hxx
+M math:privinclude:math_Matrix.jxx /dn43/OCCT/tmp/results_28.02.2011/occt/release-sources-20110228/drv/math/math_Matrix.jxx
+M math:privinclude:math_Matrix.ixx /dn43/OCCT/tmp/results_28.02.2011/occt/release-sources-20110228/drv/math/math_Matrix.ixx
+M math:pubinclude:math_Function.hxx /dn43/OCCT/tmp/results_28.02.2011/occt/release-sources-20110228/inc/math_Function.hxx
+M math:privinclude:math_Function.jxx /dn43/OCCT/tmp/results_28.02.2011/occt/release-sources-20110228/drv/math/math_Function.jxx
+M math:privinclude:math_Function.ixx /dn43/OCCT/tmp/results_28.02.2011/occt/release-sources-20110228/drv/math/math_Function.ixx
+M math:pubinclude:math_FunctionWithDerivative.hxx /dn43/OCCT/tmp/results_28.02.2011/occt/release-sources-20110228/inc/math_FunctionWithDerivative.hxx
+M math:privinclude:math_FunctionWithDerivative.jxx /dn43/OCCT/tmp/results_28.02.2011/occt/release-sources-20110228/drv/math/math_FunctionWithDerivative.jxx
+M math:privinclude:math_FunctionWithDerivative.ixx /dn43/OCCT/tmp/results_28.02.2011/occt/release-sources-20110228/drv/math/math_FunctionWithDerivative.ixx
+M math:pubinclude:math_MultipleVarFunction.hxx /dn43/OCCT/tmp/results_28.02.2011/occt/release-sources-20110228/inc/math_MultipleVarFunction.hxx
+M math:privinclude:math_MultipleVarFunction.jxx /dn43/OCCT/tmp/results_28.02.2011/occt/release-sources-20110228/drv/math/math_MultipleVarFunction.jxx
+M math:privinclude:math_MultipleVarFunction.ixx /dn43/OCCT/tmp/results_28.02.2011/occt/release-sources-20110228/drv/math/math_MultipleVarFunction.ixx
+M math:pubinclude:math_MultipleVarFunctionWithGradient.hxx /dn43/OCCT/tmp/results_28.02.2011/occt/release-sources-20110228/inc/math_MultipleVarFunctionWithGradient.hxx
+M math:privinclude:math_MultipleVarFunctionWithGradient.jxx /dn43/OCCT/tmp/results_28.02.2011/occt/release-sources-20110228/drv/math/math_MultipleVarFunctionWithGradient.jxx
+M math:privinclude:math_MultipleVarFunctionWithGradient.ixx /dn43/OCCT/tmp/results_28.02.2011/occt/release-sources-20110228/drv/math/math_MultipleVarFunctionWithGradient.ixx
+M math:pubinclude:math_MultipleVarFunctionWithHessian.hxx /dn43/OCCT/tmp/results_28.02.2011/occt/release-sources-20110228/inc/math_MultipleVarFunctionWithHessian.hxx
+M math:privinclude:math_MultipleVarFunctionWithHessian.jxx /dn43/OCCT/tmp/results_28.02.2011/occt/release-sources-20110228/drv/math/math_MultipleVarFunctionWithHessian.jxx
+M math:privinclude:math_MultipleVarFunctionWithHessian.ixx /dn43/OCCT/tmp/results_28.02.2011/occt/release-sources-20110228/drv/math/math_MultipleVarFunctionWithHessian.ixx
+M math:pubinclude:math_FunctionSet.hxx /dn43/OCCT/tmp/results_28.02.2011/occt/release-sources-20110228/inc/math_FunctionSet.hxx
+M math:privinclude:math_FunctionSet.jxx /dn43/OCCT/tmp/results_28.02.2011/occt/release-sources-20110228/drv/math/math_FunctionSet.jxx
+M math:privinclude:math_FunctionSet.ixx /dn43/OCCT/tmp/results_28.02.2011/occt/release-sources-20110228/drv/math/math_FunctionSet.ixx
+M math:pubinclude:math_FunctionSetWithDerivatives.hxx /dn43/OCCT/tmp/results_28.02.2011/occt/release-sources-20110228/inc/math_FunctionSetWithDerivatives.hxx
+M math:privinclude:math_FunctionSetWithDerivatives.jxx /dn43/OCCT/tmp/results_28.02.2011/occt/release-sources-20110228/drv/math/math_FunctionSetWithDerivatives.jxx
+M math:privinclude:math_FunctionSetWithDerivatives.ixx /dn43/OCCT/tmp/results_28.02.2011/occt/release-sources-20110228/drv/math/math_FunctionSetWithDerivatives.ixx
+M math:pubinclude:math_IntegerRandom.hxx /dn43/OCCT/tmp/results_28.02.2011/occt/release-sources-20110228/inc/math_IntegerRandom.hxx
+M math:privinclude:math_IntegerRandom.jxx /dn43/OCCT/tmp/results_28.02.2011/occt/release-sources-20110228/drv/math/math_IntegerRandom.jxx
+M math:privinclude:math_IntegerRandom.ixx /dn43/OCCT/tmp/results_28.02.2011/occt/release-sources-20110228/drv/math/math_IntegerRandom.ixx
+M math:pubinclude:math_Gauss.hxx /dn43/OCCT/tmp/results_28.02.2011/occt/release-sources-20110228/inc/math_Gauss.hxx
+M math:privinclude:math_Gauss.jxx /dn43/OCCT/tmp/results_28.02.2011/occt/release-sources-20110228/drv/math/math_Gauss.jxx
+M math:privinclude:math_Gauss.ixx /dn43/OCCT/tmp/results_28.02.2011/occt/release-sources-20110228/drv/math/math_Gauss.ixx
+M math:pubinclude:math_GaussLeastSquare.hxx /dn43/OCCT/tmp/results_28.02.2011/occt/release-sources-20110228/inc/math_GaussLeastSquare.hxx
+M math:privinclude:math_GaussLeastSquare.jxx /dn43/OCCT/tmp/results_28.02.2011/occt/release-sources-20110228/drv/math/math_GaussLeastSquare.jxx
+M math:privinclude:math_GaussLeastSquare.ixx /dn43/OCCT/tmp/results_28.02.2011/occt/release-sources-20110228/drv/math/math_GaussLeastSquare.ixx
+M math:pubinclude:math_SVD.hxx /dn43/OCCT/tmp/results_28.02.2011/occt/release-sources-20110228/inc/math_SVD.hxx
+M math:privinclude:math_SVD.jxx /dn43/OCCT/tmp/results_28.02.2011/occt/release-sources-20110228/drv/math/math_SVD.jxx
+M math:privinclude:math_SVD.ixx /dn43/OCCT/tmp/results_28.02.2011/occt/release-sources-20110228/drv/math/math_SVD.ixx
+M math:pubinclude:math_DirectPolynomialRoots.hxx /dn43/OCCT/tmp/results_28.02.2011/occt/release-sources-20110228/inc/math_DirectPolynomialRoots.hxx
+M math:privinclude:math_DirectPolynomialRoots.jxx /dn43/OCCT/tmp/results_28.02.2011/occt/release-sources-20110228/drv/math/math_DirectPolynomialRoots.jxx
+M math:privinclude:math_DirectPolynomialRoots.ixx /dn43/OCCT/tmp/results_28.02.2011/occt/release-sources-20110228/drv/math/math_DirectPolynomialRoots.ixx
+M math:pubinclude:math_FunctionRoots.hxx /dn43/OCCT/tmp/results_28.02.2011/occt/release-sources-20110228/inc/math_FunctionRoots.hxx
+M math:privinclude:math_FunctionRoots.jxx /dn43/OCCT/tmp/results_28.02.2011/occt/release-sources-20110228/drv/math/math_FunctionRoots.jxx
+M math:privinclude:math_FunctionRoots.ixx /dn43/OCCT/tmp/results_28.02.2011/occt/release-sources-20110228/drv/math/math_FunctionRoots.ixx
+M math:pubinclude:math_BissecNewton.hxx /dn43/OCCT/tmp/results_28.02.2011/occt/release-sources-20110228/inc/math_BissecNewton.hxx
+M math:privinclude:math_BissecNewton.jxx /dn43/OCCT/tmp/results_28.02.2011/occt/release-sources-20110228/drv/math/math_BissecNewton.jxx
+M math:privinclude:math_BissecNewton.ixx /dn43/OCCT/tmp/results_28.02.2011/occt/release-sources-20110228/drv/math/math_BissecNewton.ixx
+M math:pubinclude:math_FunctionRoot.hxx /dn43/OCCT/tmp/results_28.02.2011/occt/release-sources-20110228/inc/math_FunctionRoot.hxx
+M math:privinclude:math_FunctionRoot.jxx /dn43/OCCT/tmp/results_28.02.2011/occt/release-sources-20110228/drv/math/math_FunctionRoot.jxx
+M math:privinclude:math_FunctionRoot.ixx /dn43/OCCT/tmp/results_28.02.2011/occt/release-sources-20110228/drv/math/math_FunctionRoot.ixx
+M math:pubinclude:math_NewtonFunctionRoot.hxx /dn43/OCCT/tmp/results_28.02.2011/occt/release-sources-20110228/inc/math_NewtonFunctionRoot.hxx
+M math:privinclude:math_NewtonFunctionRoot.jxx /dn43/OCCT/tmp/results_28.02.2011/occt/release-sources-20110228/drv/math/math_NewtonFunctionRoot.jxx
+M math:privinclude:math_NewtonFunctionRoot.ixx /dn43/OCCT/tmp/results_28.02.2011/occt/release-sources-20110228/drv/math/math_NewtonFunctionRoot.ixx
+M math:pubinclude:math_BracketedRoot.hxx /dn43/OCCT/tmp/results_28.02.2011/occt/release-sources-20110228/inc/math_BracketedRoot.hxx
+M math:privinclude:math_BracketedRoot.jxx /dn43/OCCT/tmp/results_28.02.2011/occt/release-sources-20110228/drv/math/math_BracketedRoot.jxx
+M math:privinclude:math_BracketedRoot.ixx /dn43/OCCT/tmp/results_28.02.2011/occt/release-sources-20110228/drv/math/math_BracketedRoot.ixx
+M math:pubinclude:math_FunctionSetRoot.hxx /dn43/OCCT/tmp/results_28.02.2011/occt/release-sources-20110228/inc/math_FunctionSetRoot.hxx
+M math:privinclude:math_FunctionSetRoot.jxx /dn43/OCCT/tmp/results_28.02.2011/occt/release-sources-20110228/drv/math/math_FunctionSetRoot.jxx
+M math:privinclude:math_FunctionSetRoot.ixx /dn43/OCCT/tmp/results_28.02.2011/occt/release-sources-20110228/drv/math/math_FunctionSetRoot.ixx
+M math:pubinclude:math_NewtonFunctionSetRoot.hxx /dn43/OCCT/tmp/results_28.02.2011/occt/release-sources-20110228/inc/math_NewtonFunctionSetRoot.hxx
+M math:privinclude:math_NewtonFunctionSetRoot.jxx /dn43/OCCT/tmp/results_28.02.2011/occt/release-sources-20110228/drv/math/math_NewtonFunctionSetRoot.jxx
+M math:privinclude:math_NewtonFunctionSetRoot.ixx /dn43/OCCT/tmp/results_28.02.2011/occt/release-sources-20110228/drv/math/math_NewtonFunctionSetRoot.ixx
+M math:pubinclude:math_BracketMinimum.hxx /dn43/OCCT/tmp/results_28.02.2011/occt/release-sources-20110228/inc/math_BracketMinimum.hxx
+M math:privinclude:math_BracketMinimum.jxx /dn43/OCCT/tmp/results_28.02.2011/occt/release-sources-20110228/drv/math/math_BracketMinimum.jxx
+M math:privinclude:math_BracketMinimum.ixx /dn43/OCCT/tmp/results_28.02.2011/occt/release-sources-20110228/drv/math/math_BracketMinimum.ixx
+M math:pubinclude:math_BrentMinimum.hxx /dn43/OCCT/tmp/results_28.02.2011/occt/release-sources-20110228/inc/math_BrentMinimum.hxx
+M math:privinclude:math_BrentMinimum.jxx /dn43/OCCT/tmp/results_28.02.2011/occt/release-sources-20110228/drv/math/math_BrentMinimum.jxx
+M math:privinclude:math_BrentMinimum.ixx /dn43/OCCT/tmp/results_28.02.2011/occt/release-sources-20110228/drv/math/math_BrentMinimum.ixx
+M math:pubinclude:math_Powell.hxx /dn43/OCCT/tmp/results_28.02.2011/occt/release-sources-20110228/inc/math_Powell.hxx
+M math:privinclude:math_Powell.jxx /dn43/OCCT/tmp/results_28.02.2011/occt/release-sources-20110228/drv/math/math_Powell.jxx
+M math:privinclude:math_Powell.ixx /dn43/OCCT/tmp/results_28.02.2011/occt/release-sources-20110228/drv/math/math_Powell.ixx
+M math:pubinclude:math_FRPR.hxx /dn43/OCCT/tmp/results_28.02.2011/occt/release-sources-20110228/inc/math_FRPR.hxx
+M math:privinclude:math_FRPR.jxx /dn43/OCCT/tmp/results_28.02.2011/occt/release-sources-20110228/drv/math/math_FRPR.jxx
+M math:privinclude:math_FRPR.ixx /dn43/OCCT/tmp/results_28.02.2011/occt/release-sources-20110228/drv/math/math_FRPR.ixx
+M math:pubinclude:math_BFGS.hxx /dn43/OCCT/tmp/results_28.02.2011/occt/release-sources-20110228/inc/math_BFGS.hxx
+M math:privinclude:math_BFGS.jxx /dn43/OCCT/tmp/results_28.02.2011/occt/release-sources-20110228/drv/math/math_BFGS.jxx
+M math:privinclude:math_BFGS.ixx /dn43/OCCT/tmp/results_28.02.2011/occt/release-sources-20110228/drv/math/math_BFGS.ixx
+M math:pubinclude:math_NewtonMinimum.hxx /dn43/OCCT/tmp/results_28.02.2011/occt/release-sources-20110228/inc/math_NewtonMinimum.hxx
+M math:privinclude:math_NewtonMinimum.jxx /dn43/OCCT/tmp/results_28.02.2011/occt/release-sources-20110228/drv/math/math_NewtonMinimum.jxx
+M math:privinclude:math_NewtonMinimum.ixx /dn43/OCCT/tmp/results_28.02.2011/occt/release-sources-20110228/drv/math/math_NewtonMinimum.ixx
+M math:pubinclude:math_Jacobi.hxx /dn43/OCCT/tmp/results_28.02.2011/occt/release-sources-20110228/inc/math_Jacobi.hxx
+M math:privinclude:math_Jacobi.jxx /dn43/OCCT/tmp/results_28.02.2011/occt/release-sources-20110228/drv/math/math_Jacobi.jxx
+M math:privinclude:math_Jacobi.ixx /dn43/OCCT/tmp/results_28.02.2011/occt/release-sources-20110228/drv/math/math_Jacobi.ixx
+M math:pubinclude:math_GaussSingleIntegration.hxx /dn43/OCCT/tmp/results_28.02.2011/occt/release-sources-20110228/inc/math_GaussSingleIntegration.hxx
+M math:privinclude:math_GaussSingleIntegration.jxx /dn43/OCCT/tmp/results_28.02.2011/occt/release-sources-20110228/drv/math/math_GaussSingleIntegration.jxx
+M math:privinclude:math_GaussSingleIntegration.ixx /dn43/OCCT/tmp/results_28.02.2011/occt/release-sources-20110228/drv/math/math_GaussSingleIntegration.ixx
+M math:pubinclude:math_GaussMultipleIntegration.hxx /dn43/OCCT/tmp/results_28.02.2011/occt/release-sources-20110228/inc/math_GaussMultipleIntegration.hxx
+M math:privinclude:math_GaussMultipleIntegration.jxx /dn43/OCCT/tmp/results_28.02.2011/occt/release-sources-20110228/drv/math/math_GaussMultipleIntegration.jxx
+M math:privinclude:math_GaussMultipleIntegration.ixx /dn43/OCCT/tmp/results_28.02.2011/occt/release-sources-20110228/drv/math/math_GaussMultipleIntegration.ixx
+M math:pubinclude:math_GaussSetIntegration.hxx /dn43/OCCT/tmp/results_28.02.2011/occt/release-sources-20110228/inc/math_GaussSetIntegration.hxx
+M math:privinclude:math_GaussSetIntegration.jxx /dn43/OCCT/tmp/results_28.02.2011/occt/release-sources-20110228/drv/math/math_GaussSetIntegration.jxx
+M math:privinclude:math_GaussSetIntegration.ixx /dn43/OCCT/tmp/results_28.02.2011/occt/release-sources-20110228/drv/math/math_GaussSetIntegration.ixx
+M math:pubinclude:math_RealRandom.hxx /dn43/OCCT/tmp/results_28.02.2011/occt/release-sources-20110228/inc/math_RealRandom.hxx
+M math:privinclude:math_RealRandom.jxx /dn43/OCCT/tmp/results_28.02.2011/occt/release-sources-20110228/drv/math/math_RealRandom.jxx
+M math:privinclude:math_RealRandom.ixx /dn43/OCCT/tmp/results_28.02.2011/occt/release-sources-20110228/drv/math/math_RealRandom.ixx
+M math:pubinclude:math_FunctionSample.hxx /dn43/OCCT/tmp/results_28.02.2011/occt/release-sources-20110228/inc/math_FunctionSample.hxx
+M math:privinclude:math_FunctionSample.jxx /dn43/OCCT/tmp/results_28.02.2011/occt/release-sources-20110228/drv/math/math_FunctionSample.jxx
+M math:privinclude:math_FunctionSample.ixx /dn43/OCCT/tmp/results_28.02.2011/occt/release-sources-20110228/drv/math/math_FunctionSample.ixx
+M math:pubinclude:math_FunctionAllRoots.hxx /dn43/OCCT/tmp/results_28.02.2011/occt/release-sources-20110228/inc/math_FunctionAllRoots.hxx
+M math:privinclude:math_FunctionAllRoots.jxx /dn43/OCCT/tmp/results_28.02.2011/occt/release-sources-20110228/drv/math/math_FunctionAllRoots.jxx
+M math:privinclude:math_FunctionAllRoots.ixx /dn43/OCCT/tmp/results_28.02.2011/occt/release-sources-20110228/drv/math/math_FunctionAllRoots.ixx
+M math:pubinclude:math_Householder.hxx /dn43/OCCT/tmp/results_28.02.2011/occt/release-sources-20110228/inc/math_Householder.hxx
+M math:privinclude:math_Householder.jxx /dn43/OCCT/tmp/results_28.02.2011/occt/release-sources-20110228/drv/math/math_Householder.jxx
+M math:privinclude:math_Householder.ixx /dn43/OCCT/tmp/results_28.02.2011/occt/release-sources-20110228/drv/math/math_Householder.ixx
+M math:pubinclude:math_Crout.hxx /dn43/OCCT/tmp/results_28.02.2011/occt/release-sources-20110228/inc/math_Crout.hxx
+M math:privinclude:math_Crout.jxx /dn43/OCCT/tmp/results_28.02.2011/occt/release-sources-20110228/drv/math/math_Crout.jxx
+M math:privinclude:math_Crout.ixx /dn43/OCCT/tmp/results_28.02.2011/occt/release-sources-20110228/drv/math/math_Crout.ixx
+M math:pubinclude:math_Uzawa.hxx /dn43/OCCT/tmp/results_28.02.2011/occt/release-sources-20110228/inc/math_Uzawa.hxx
+M math:privinclude:math_Uzawa.jxx /dn43/OCCT/tmp/results_28.02.2011/occt/release-sources-20110228/drv/math/math_Uzawa.jxx
+M math:privinclude:math_Uzawa.ixx /dn43/OCCT/tmp/results_28.02.2011/occt/release-sources-20110228/drv/math/math_Uzawa.ixx
+M math:pubinclude:math_TrigonometricFunctionRoots.hxx /dn43/OCCT/tmp/results_28.02.2011/occt/release-sources-20110228/inc/math_TrigonometricFunctionRoots.hxx
+M math:privinclude:math_TrigonometricFunctionRoots.jxx /dn43/OCCT/tmp/results_28.02.2011/occt/release-sources-20110228/drv/math/math_TrigonometricFunctionRoots.jxx
+M math:privinclude:math_TrigonometricFunctionRoots.ixx /dn43/OCCT/tmp/results_28.02.2011/occt/release-sources-20110228/drv/math/math_TrigonometricFunctionRoots.ixx
+M math:pubinclude:math_KronrodSingleIntegration.hxx /dn43/OCCT/tmp/results_28.02.2011/occt/release-sources-20110228/inc/math_KronrodSingleIntegration.hxx
+M math:privinclude:math_KronrodSingleIntegration.jxx /dn43/OCCT/tmp/results_28.02.2011/occt/release-sources-20110228/drv/math/math_KronrodSingleIntegration.jxx
+M math:privinclude:math_KronrodSingleIntegration.ixx /dn43/OCCT/tmp/results_28.02.2011/occt/release-sources-20110228/drv/math/math_KronrodSingleIntegration.ixx
+M math:pubinclude:math_EigenValuesSearcher.hxx /dn43/OCCT/tmp/results_28.02.2011/occt/release-sources-20110228/inc/math_EigenValuesSearcher.hxx
+M math:privinclude:math_EigenValuesSearcher.jxx /dn43/OCCT/tmp/results_28.02.2011/occt/release-sources-20110228/drv/math/math_EigenValuesSearcher.jxx
+M math:privinclude:math_EigenValuesSearcher.ixx /dn43/OCCT/tmp/results_28.02.2011/occt/release-sources-20110228/drv/math/math_EigenValuesSearcher.ixx
+M math:pubinclude:math_ComputeGaussPointsAndWeights.hxx /dn43/OCCT/tmp/results_28.02.2011/occt/release-sources-20110228/inc/math_ComputeGaussPointsAndWeights.hxx
+M math:privinclude:math_ComputeGaussPointsAndWeights.jxx /dn43/OCCT/tmp/results_28.02.2011/occt/release-sources-20110228/drv/math/math_ComputeGaussPointsAndWeights.jxx
+M math:privinclude:math_ComputeGaussPointsAndWeights.ixx /dn43/OCCT/tmp/results_28.02.2011/occt/release-sources-20110228/drv/math/math_ComputeGaussPointsAndWeights.ixx
+M math:pubinclude:math_ComputeKronrodPointsAndWeights.hxx /dn43/OCCT/tmp/results_28.02.2011/occt/release-sources-20110228/inc/math_ComputeKronrodPointsAndWeights.hxx
+M math:privinclude:math_ComputeKronrodPointsAndWeights.jxx /dn43/OCCT/tmp/results_28.02.2011/occt/release-sources-20110228/drv/math/math_ComputeKronrodPointsAndWeights.jxx
+M math:privinclude:math_ComputeKronrodPointsAndWeights.ixx /dn43/OCCT/tmp/results_28.02.2011/occt/release-sources-20110228/drv/math/math_ComputeKronrodPointsAndWeights.ixx
+M math:pubinclude:math_ValueAndWeight.hxx /dn43/OCCT/tmp/results_28.02.2011/occt/release-sources-20110228/inc/math_ValueAndWeight.hxx
+M math:privinclude:math_ValueAndWeight.jxx /dn43/OCCT/tmp/results_28.02.2011/occt/release-sources-20110228/drv/math/math_ValueAndWeight.jxx
+M math:privinclude:math_ValueAndWeight.ixx /dn43/OCCT/tmp/results_28.02.2011/occt/release-sources-20110228/drv/math/math_ValueAndWeight.ixx
+M math:pubinclude:math_Array1OfValueAndWeight.hxx /dn43/OCCT/tmp/results_28.02.2011/occt/release-sources-20110228/inc/math_Array1OfValueAndWeight.hxx
+M math:derivated:math_Array1OfValueAndWeight_0.cxx /dn43/OCCT/tmp/results_28.02.2011/occt/release-sources-20110228/drv/math/math_Array1OfValueAndWeight_0.cxx
+M math:pubinclude:math_CompareOfValueAndWeight.hxx /dn43/OCCT/tmp/results_28.02.2011/occt/release-sources-20110228/inc/math_CompareOfValueAndWeight.hxx
+M math:privinclude:math_CompareOfValueAndWeight.jxx /dn43/OCCT/tmp/results_28.02.2011/occt/release-sources-20110228/drv/math/math_CompareOfValueAndWeight.jxx
+M math:privinclude:math_CompareOfValueAndWeight.ixx /dn43/OCCT/tmp/results_28.02.2011/occt/release-sources-20110228/drv/math/math_CompareOfValueAndWeight.ixx
+M math:pubinclude:math_QuickSortOfValueAndWeight.hxx /dn43/OCCT/tmp/results_28.02.2011/occt/release-sources-20110228/inc/math_QuickSortOfValueAndWeight.hxx
+M math:derivated:math_QuickSortOfValueAndWeight_0.cxx /dn43/OCCT/tmp/results_28.02.2011/occt/release-sources-20110228/drv/math/math_QuickSortOfValueAndWeight_0.cxx
+M math:pubinclude:math_SingleTabOfReal.hxx /dn43/OCCT/tmp/results_28.02.2011/occt/release-sources-20110228/inc/math_SingleTabOfReal.hxx
+M math:derivated:math_SingleTabOfReal_0.cxx /dn43/OCCT/tmp/results_28.02.2011/occt/release-sources-20110228/drv/math/math_SingleTabOfReal_0.cxx
+M math:pubinclude:math_SingleTabOfInteger.hxx /dn43/OCCT/tmp/results_28.02.2011/occt/release-sources-20110228/inc/math_SingleTabOfInteger.hxx
+M math:derivated:math_SingleTabOfInteger_0.cxx /dn43/OCCT/tmp/results_28.02.2011/occt/release-sources-20110228/drv/math/math_SingleTabOfInteger_0.cxx
+M math:pubinclude:math_DoubleTabOfReal.hxx /dn43/OCCT/tmp/results_28.02.2011/occt/release-sources-20110228/inc/math_DoubleTabOfReal.hxx
+M math:derivated:math_DoubleTabOfReal_0.cxx /dn43/OCCT/tmp/results_28.02.2011/occt/release-sources-20110228/drv/math/math_DoubleTabOfReal_0.cxx
+M math:pubinclude:Handle_math_NotSquare.hxx /dn43/OCCT/tmp/results_28.02.2011/occt/release-sources-20110228/inc/Handle_math_NotSquare.hxx
+M math:pubinclude:math_NotSquare.hxx /dn43/OCCT/tmp/results_28.02.2011/occt/release-sources-20110228/inc/math_NotSquare.hxx
+M math:derivated:math_NotSquare_0.cxx /dn43/OCCT/tmp/results_28.02.2011/occt/release-sources-20110228/drv/math/math_NotSquare_0.cxx
+M math:pubinclude:Handle_math_SingularMatrix.hxx /dn43/OCCT/tmp/results_28.02.2011/occt/release-sources-20110228/inc/Handle_math_SingularMatrix.hxx
+M math:pubinclude:math_SingularMatrix.hxx /dn43/OCCT/tmp/results_28.02.2011/occt/release-sources-20110228/inc/math_SingularMatrix.hxx
+M math:derivated:math_SingularMatrix_0.cxx /dn43/OCCT/tmp/results_28.02.2011/occt/release-sources-20110228/drv/math/math_SingularMatrix_0.cxx
+M math:pubinclude:math_Status.hxx /dn43/OCCT/tmp/results_28.02.2011/occt/release-sources-20110228/inc/math_Status.hxx
+M math:dbadmfile:math_xcpp_header.In /dn43/OCCT/tmp/results_28.02.2011/occt/release-sources-20110228/drv/math/.adm/math_xcpp_header.In
+M math:dbadmfile:math_xcpp_header.Out /dn43/OCCT/tmp/results_28.02.2011/occt/release-sources-20110228/drv/math/.adm/math_xcpp_header.Out
+M math:dbadmfile:math_xcpp_header.Dep /dn43/OCCT/tmp/results_28.02.2011/occt/release-sources-20110228/drv/math/.adm/math_xcpp_header.Dep
