+M math:pubinclude:math_Memory.hxx /dn43/OCCT/tmp/results_28.02.2011/occt/release-sources-20110228/inc/math_Memory.hxx
+M math:pubinclude:math_Recipes.hxx /dn43/OCCT/tmp/results_28.02.2011/occt/release-sources-20110228/inc/math_Recipes.hxx
+M math:pubinclude:math_GaussPoints.hxx /dn43/OCCT/tmp/results_28.02.2011/occt/release-sources-20110228/inc/math_GaussPoints.hxx
+M math:pubinclude:math_Vector.lxx /dn43/OCCT/tmp/results_28.02.2011/occt/release-sources-20110228/inc/math_Vector.lxx
+M math:pubinclude:math_IntegerVector.lxx /dn43/OCCT/tmp/results_28.02.2011/occt/release-sources-20110228/inc/math_IntegerVector.lxx
+M math:pubinclude:math_Matrix.lxx /dn43/OCCT/tmp/results_28.02.2011/occt/release-sources-20110228/inc/math_Matrix.lxx
+M math:pubinclude:math_Gauss.lxx /dn43/OCCT/tmp/results_28.02.2011/occt/release-sources-20110228/inc/math_Gauss.lxx
+M math:pubinclude:math_GaussLeastSquare.lxx /dn43/OCCT/tmp/results_28.02.2011/occt/release-sources-20110228/inc/math_GaussLeastSquare.lxx
+M math:pubinclude:math_SVD.lxx /dn43/OCCT/tmp/results_28.02.2011/occt/release-sources-20110228/inc/math_SVD.lxx
+M math:pubinclude:math_DirectPolynomialRoots.lxx /dn43/OCCT/tmp/results_28.02.2011/occt/release-sources-20110228/inc/math_DirectPolynomialRoots.lxx
+M math:pubinclude:math_FunctionRoots.lxx /dn43/OCCT/tmp/results_28.02.2011/occt/release-sources-20110228/inc/math_FunctionRoots.lxx
+M math:pubinclude:math_BissecNewton.lxx /dn43/OCCT/tmp/results_28.02.2011/occt/release-sources-20110228/inc/math_BissecNewton.lxx
+M math:pubinclude:math_FunctionRoot.lxx /dn43/OCCT/tmp/results_28.02.2011/occt/release-sources-20110228/inc/math_FunctionRoot.lxx
+M math:pubinclude:math_NewtonFunctionRoot.lxx /dn43/OCCT/tmp/results_28.02.2011/occt/release-sources-20110228/inc/math_NewtonFunctionRoot.lxx
+M math:pubinclude:math_BracketedRoot.lxx /dn43/OCCT/tmp/results_28.02.2011/occt/release-sources-20110228/inc/math_BracketedRoot.lxx
+M math:pubinclude:math_FunctionSetRoot.lxx /dn43/OCCT/tmp/results_28.02.2011/occt/release-sources-20110228/inc/math_FunctionSetRoot.lxx
+M math:pubinclude:math_NewtonFunctionSetRoot.lxx /dn43/OCCT/tmp/results_28.02.2011/occt/release-sources-20110228/inc/math_NewtonFunctionSetRoot.lxx
+M math:pubinclude:math_BracketMinimum.lxx /dn43/OCCT/tmp/results_28.02.2011/occt/release-sources-20110228/inc/math_BracketMinimum.lxx
+M math:pubinclude:math_BrentMinimum.lxx /dn43/OCCT/tmp/results_28.02.2011/occt/release-sources-20110228/inc/math_BrentMinimum.lxx
+M math:pubinclude:math_Powell.lxx /dn43/OCCT/tmp/results_28.02.2011/occt/release-sources-20110228/inc/math_Powell.lxx
+M math:pubinclude:math_FRPR.lxx /dn43/OCCT/tmp/results_28.02.2011/occt/release-sources-20110228/inc/math_FRPR.lxx
+M math:pubinclude:math_BFGS.lxx /dn43/OCCT/tmp/results_28.02.2011/occt/release-sources-20110228/inc/math_BFGS.lxx
+M math:pubinclude:math_NewtonMinimum.lxx /dn43/OCCT/tmp/results_28.02.2011/occt/release-sources-20110228/inc/math_NewtonMinimum.lxx
+M math:pubinclude:math_Jacobi.lxx /dn43/OCCT/tmp/results_28.02.2011/occt/release-sources-20110228/inc/math_Jacobi.lxx
+M math:pubinclude:math_GaussSingleIntegration.lxx /dn43/OCCT/tmp/results_28.02.2011/occt/release-sources-20110228/inc/math_GaussSingleIntegration.lxx
+M math:pubinclude:math_GaussMultipleIntegration.lxx /dn43/OCCT/tmp/results_28.02.2011/occt/release-sources-20110228/inc/math_GaussMultipleIntegration.lxx
+M math:pubinclude:math_GaussSetIntegration.lxx /dn43/OCCT/tmp/results_28.02.2011/occt/release-sources-20110228/inc/math_GaussSetIntegration.lxx
+M math:pubinclude:math_FunctionAllRoots.lxx /dn43/OCCT/tmp/results_28.02.2011/occt/release-sources-20110228/inc/math_FunctionAllRoots.lxx
+M math:pubinclude:math_Householder.lxx /dn43/OCCT/tmp/results_28.02.2011/occt/release-sources-20110228/inc/math_Householder.lxx
+M math:pubinclude:math_Crout.lxx /dn43/OCCT/tmp/results_28.02.2011/occt/release-sources-20110228/inc/math_Crout.lxx
+M math:pubinclude:math_Uzawa.lxx /dn43/OCCT/tmp/results_28.02.2011/occt/release-sources-20110228/inc/math_Uzawa.lxx
+M math:pubinclude:math_TrigonometricFunctionRoots.lxx /dn43/OCCT/tmp/results_28.02.2011/occt/release-sources-20110228/inc/math_TrigonometricFunctionRoots.lxx
+M math:pubinclude:math_KronrodSingleIntegration.lxx /dn43/OCCT/tmp/results_28.02.2011/occt/release-sources-20110228/inc/math_KronrodSingleIntegration.lxx
+M math:pubinclude:math_SingleTab.gxx /dn43/OCCT/tmp/results_28.02.2011/occt/release-sources-20110228/inc/math_SingleTab.gxx
+M math:pubinclude:math_SingleTab.lxx /dn43/OCCT/tmp/results_28.02.2011/occt/release-sources-20110228/inc/math_SingleTab.lxx
+M math:pubinclude:math_DoubleTab.gxx /dn43/OCCT/tmp/results_28.02.2011/occt/release-sources-20110228/inc/math_DoubleTab.gxx
+M math:pubinclude:math_DoubleTab.lxx /dn43/OCCT/tmp/results_28.02.2011/occt/release-sources-20110228/inc/math_DoubleTab.lxx
+M math:dbadmfile:math_obj_inc.In /dn43/OCCT/tmp/results_28.02.2011/occt/release-sources-20110228/drv/math/.adm/math_obj_inc.In
+M math:dbadmfile:math_obj_inc.Out /dn43/OCCT/tmp/results_28.02.2011/occt/release-sources-20110228/drv/math/.adm/math_obj_inc.Out
+M math:dbadmfile:math_obj_inc.Dep /dn43/OCCT/tmp/results_28.02.2011/occt/release-sources-20110228/drv/math/.adm/math_obj_inc.Dep
