+M Units:pubinclude:Units.hxx /dn43/OCCT/tmp/results_31.05.2011/occt/release-sources-20110531/inc/Units.hxx
+M Units:privinclude:Units.jxx /dn43/OCCT/tmp/results_31.05.2011/occt/release-sources-20110531/drv/Units/Units.jxx
+M Units:privinclude:Units.ixx /dn43/OCCT/tmp/results_31.05.2011/occt/release-sources-20110531/drv/Units/Units.ixx
+M Units:pubinclude:Handle_Units_Dimensions.hxx /dn43/OCCT/tmp/results_31.05.2011/occt/release-sources-20110531/inc/Handle_Units_Dimensions.hxx
+M Units:pubinclude:Units_Dimensions.hxx /dn43/OCCT/tmp/results_31.05.2011/occt/release-sources-20110531/inc/Units_Dimensions.hxx
+M Units:privinclude:Units_Dimensions.jxx /dn43/OCCT/tmp/results_31.05.2011/occt/release-sources-20110531/drv/Units/Units_Dimensions.jxx
+M Units:privinclude:Units_Dimensions.ixx /dn43/OCCT/tmp/results_31.05.2011/occt/release-sources-20110531/drv/Units/Units_Dimensions.ixx
+M Units:pubinclude:Handle_Units_Unit.hxx /dn43/OCCT/tmp/results_31.05.2011/occt/release-sources-20110531/inc/Handle_Units_Unit.hxx
+M Units:pubinclude:Units_Unit.hxx /dn43/OCCT/tmp/results_31.05.2011/occt/release-sources-20110531/inc/Units_Unit.hxx
+M Units:privinclude:Units_Unit.jxx /dn43/OCCT/tmp/results_31.05.2011/occt/release-sources-20110531/drv/Units/Units_Unit.jxx
+M Units:privinclude:Units_Unit.ixx /dn43/OCCT/tmp/results_31.05.2011/occt/release-sources-20110531/drv/Units/Units_Unit.ixx
+M Units:pubinclude:Units_UtsSequence.hxx /dn43/OCCT/tmp/results_31.05.2011/occt/release-sources-20110531/inc/Units_UtsSequence.hxx
+M Units:derivated:Units_UtsSequence_0.cxx /dn43/OCCT/tmp/results_31.05.2011/occt/release-sources-20110531/drv/Units/Units_UtsSequence_0.cxx
+M Units:pubinclude:Handle_Units_UnitsSequence.hxx /dn43/OCCT/tmp/results_31.05.2011/occt/release-sources-20110531/inc/Handle_Units_UnitsSequence.hxx
+M Units:pubinclude:Units_UnitsSequence.hxx /dn43/OCCT/tmp/results_31.05.2011/occt/release-sources-20110531/inc/Units_UnitsSequence.hxx
+M Units:derivated:Units_UnitsSequence_0.cxx /dn43/OCCT/tmp/results_31.05.2011/occt/release-sources-20110531/drv/Units/Units_UnitsSequence_0.cxx
+M Units:pubinclude:Handle_Units_ShiftedUnit.hxx /dn43/OCCT/tmp/results_31.05.2011/occt/release-sources-20110531/inc/Handle_Units_ShiftedUnit.hxx
+M Units:pubinclude:Units_ShiftedUnit.hxx /dn43/OCCT/tmp/results_31.05.2011/occt/release-sources-20110531/inc/Units_ShiftedUnit.hxx
+M Units:privinclude:Units_ShiftedUnit.jxx /dn43/OCCT/tmp/results_31.05.2011/occt/release-sources-20110531/drv/Units/Units_ShiftedUnit.jxx
+M Units:privinclude:Units_ShiftedUnit.ixx /dn43/OCCT/tmp/results_31.05.2011/occt/release-sources-20110531/drv/Units/Units_ShiftedUnit.ixx
+M Units:pubinclude:Handle_Units_Token.hxx /dn43/OCCT/tmp/results_31.05.2011/occt/release-sources-20110531/inc/Handle_Units_Token.hxx
+M Units:pubinclude:Units_Token.hxx /dn43/OCCT/tmp/results_31.05.2011/occt/release-sources-20110531/inc/Units_Token.hxx
+M Units:privinclude:Units_Token.jxx /dn43/OCCT/tmp/results_31.05.2011/occt/release-sources-20110531/drv/Units/Units_Token.jxx
+M Units:privinclude:Units_Token.ixx /dn43/OCCT/tmp/results_31.05.2011/occt/release-sources-20110531/drv/Units/Units_Token.ixx
+M Units:pubinclude:Handle_Units_ShiftedToken.hxx /dn43/OCCT/tmp/results_31.05.2011/occt/release-sources-20110531/inc/Handle_Units_ShiftedToken.hxx
+M Units:pubinclude:Units_ShiftedToken.hxx /dn43/OCCT/tmp/results_31.05.2011/occt/release-sources-20110531/inc/Units_ShiftedToken.hxx
+M Units:privinclude:Units_ShiftedToken.jxx /dn43/OCCT/tmp/results_31.05.2011/occt/release-sources-20110531/drv/Units/Units_ShiftedToken.jxx
+M Units:privinclude:Units_ShiftedToken.ixx /dn43/OCCT/tmp/results_31.05.2011/occt/release-sources-20110531/drv/Units/Units_ShiftedToken.ixx
+M Units:pubinclude:Units_TksSequence.hxx /dn43/OCCT/tmp/results_31.05.2011/occt/release-sources-20110531/inc/Units_TksSequence.hxx
+M Units:derivated:Units_TksSequence_0.cxx /dn43/OCCT/tmp/results_31.05.2011/occt/release-sources-20110531/drv/Units/Units_TksSequence_0.cxx
+M Units:pubinclude:Handle_Units_TokensSequence.hxx /dn43/OCCT/tmp/results_31.05.2011/occt/release-sources-20110531/inc/Handle_Units_TokensSequence.hxx
+M Units:pubinclude:Units_TokensSequence.hxx /dn43/OCCT/tmp/results_31.05.2011/occt/release-sources-20110531/inc/Units_TokensSequence.hxx
+M Units:derivated:Units_TokensSequence_0.cxx /dn43/OCCT/tmp/results_31.05.2011/occt/release-sources-20110531/drv/Units/Units_TokensSequence_0.cxx
+M Units:pubinclude:Handle_Units_Quantity.hxx /dn43/OCCT/tmp/results_31.05.2011/occt/release-sources-20110531/inc/Handle_Units_Quantity.hxx
+M Units:pubinclude:Units_Quantity.hxx /dn43/OCCT/tmp/results_31.05.2011/occt/release-sources-20110531/inc/Units_Quantity.hxx
+M Units:privinclude:Units_Quantity.jxx /dn43/OCCT/tmp/results_31.05.2011/occt/release-sources-20110531/drv/Units/Units_Quantity.jxx
+M Units:privinclude:Units_Quantity.ixx /dn43/OCCT/tmp/results_31.05.2011/occt/release-sources-20110531/drv/Units/Units_Quantity.ixx
+M Units:pubinclude:Units_QtsSequence.hxx /dn43/OCCT/tmp/results_31.05.2011/occt/release-sources-20110531/inc/Units_QtsSequence.hxx
+M Units:derivated:Units_QtsSequence_0.cxx /dn43/OCCT/tmp/results_31.05.2011/occt/release-sources-20110531/drv/Units/Units_QtsSequence_0.cxx
+M Units:pubinclude:Handle_Units_QuantitiesSequence.hxx /dn43/OCCT/tmp/results_31.05.2011/occt/release-sources-20110531/inc/Handle_Units_QuantitiesSequence.hxx
+M Units:pubinclude:Units_QuantitiesSequence.hxx /dn43/OCCT/tmp/results_31.05.2011/occt/release-sources-20110531/inc/Units_QuantitiesSequence.hxx
+M Units:derivated:Units_QuantitiesSequence_0.cxx /dn43/OCCT/tmp/results_31.05.2011/occt/release-sources-20110531/drv/Units/Units_QuantitiesSequence_0.cxx
+M Units:pubinclude:Handle_Units_UnitsDictionary.hxx /dn43/OCCT/tmp/results_31.05.2011/occt/release-sources-20110531/inc/Handle_Units_UnitsDictionary.hxx
+M Units:pubinclude:Units_UnitsDictionary.hxx /dn43/OCCT/tmp/results_31.05.2011/occt/release-sources-20110531/inc/Units_UnitsDictionary.hxx
+M Units:privinclude:Units_UnitsDictionary.jxx /dn43/OCCT/tmp/results_31.05.2011/occt/release-sources-20110531/drv/Units/Units_UnitsDictionary.jxx
+M Units:privinclude:Units_UnitsDictionary.ixx /dn43/OCCT/tmp/results_31.05.2011/occt/release-sources-20110531/drv/Units/Units_UnitsDictionary.ixx
+M Units:pubinclude:Handle_Units_UnitsSystem.hxx /dn43/OCCT/tmp/results_31.05.2011/occt/release-sources-20110531/inc/Handle_Units_UnitsSystem.hxx
+M Units:pubinclude:Units_UnitsSystem.hxx /dn43/OCCT/tmp/results_31.05.2011/occt/release-sources-20110531/inc/Units_UnitsSystem.hxx
+M Units:privinclude:Units_UnitsSystem.jxx /dn43/OCCT/tmp/results_31.05.2011/occt/release-sources-20110531/drv/Units/Units_UnitsSystem.jxx
+M Units:privinclude:Units_UnitsSystem.ixx /dn43/OCCT/tmp/results_31.05.2011/occt/release-sources-20110531/drv/Units/Units_UnitsSystem.ixx
+M Units:pubinclude:Units_Explorer.hxx /dn43/OCCT/tmp/results_31.05.2011/occt/release-sources-20110531/inc/Units_Explorer.hxx
+M Units:privinclude:Units_Explorer.jxx /dn43/OCCT/tmp/results_31.05.2011/occt/release-sources-20110531/drv/Units/Units_Explorer.jxx
+M Units:privinclude:Units_Explorer.ixx /dn43/OCCT/tmp/results_31.05.2011/occt/release-sources-20110531/drv/Units/Units_Explorer.ixx
+M Units:pubinclude:Units_Sentence.hxx /dn43/OCCT/tmp/results_31.05.2011/occt/release-sources-20110531/inc/Units_Sentence.hxx
+M Units:privinclude:Units_Sentence.jxx /dn43/OCCT/tmp/results_31.05.2011/occt/release-sources-20110531/drv/Units/Units_Sentence.jxx
+M Units:privinclude:Units_Sentence.ixx /dn43/OCCT/tmp/results_31.05.2011/occt/release-sources-20110531/drv/Units/Units_Sentence.ixx
+M Units:pubinclude:Units_MathSentence.hxx /dn43/OCCT/tmp/results_31.05.2011/occt/release-sources-20110531/inc/Units_MathSentence.hxx
+M Units:privinclude:Units_MathSentence.jxx /dn43/OCCT/tmp/results_31.05.2011/occt/release-sources-20110531/drv/Units/Units_MathSentence.jxx
+M Units:privinclude:Units_MathSentence.ixx /dn43/OCCT/tmp/results_31.05.2011/occt/release-sources-20110531/drv/Units/Units_MathSentence.ixx
+M Units:pubinclude:Units_UnitSentence.hxx /dn43/OCCT/tmp/results_31.05.2011/occt/release-sources-20110531/inc/Units_UnitSentence.hxx
+M Units:privinclude:Units_UnitSentence.jxx /dn43/OCCT/tmp/results_31.05.2011/occt/release-sources-20110531/drv/Units/Units_UnitSentence.jxx
+M Units:privinclude:Units_UnitSentence.ixx /dn43/OCCT/tmp/results_31.05.2011/occt/release-sources-20110531/drv/Units/Units_UnitSentence.ixx
+M Units:pubinclude:Handle_Units_Lexicon.hxx /dn43/OCCT/tmp/results_31.05.2011/occt/release-sources-20110531/inc/Handle_Units_Lexicon.hxx
+M Units:pubinclude:Units_Lexicon.hxx /dn43/OCCT/tmp/results_31.05.2011/occt/release-sources-20110531/inc/Units_Lexicon.hxx
+M Units:privinclude:Units_Lexicon.jxx /dn43/OCCT/tmp/results_31.05.2011/occt/release-sources-20110531/drv/Units/Units_Lexicon.jxx
+M Units:privinclude:Units_Lexicon.ixx /dn43/OCCT/tmp/results_31.05.2011/occt/release-sources-20110531/drv/Units/Units_Lexicon.ixx
+M Units:pubinclude:Handle_Units_UnitsLexicon.hxx /dn43/OCCT/tmp/results_31.05.2011/occt/release-sources-20110531/inc/Handle_Units_UnitsLexicon.hxx
+M Units:pubinclude:Units_UnitsLexicon.hxx /dn43/OCCT/tmp/results_31.05.2011/occt/release-sources-20110531/inc/Units_UnitsLexicon.hxx
+M Units:privinclude:Units_UnitsLexicon.jxx /dn43/OCCT/tmp/results_31.05.2011/occt/release-sources-20110531/drv/Units/Units_UnitsLexicon.jxx
+M Units:privinclude:Units_UnitsLexicon.ixx /dn43/OCCT/tmp/results_31.05.2011/occt/release-sources-20110531/drv/Units/Units_UnitsLexicon.ixx
+M Units:pubinclude:Units_Measurement.hxx /dn43/OCCT/tmp/results_31.05.2011/occt/release-sources-20110531/inc/Units_Measurement.hxx
+M Units:privinclude:Units_Measurement.jxx /dn43/OCCT/tmp/results_31.05.2011/occt/release-sources-20110531/drv/Units/Units_Measurement.jxx
+M Units:privinclude:Units_Measurement.ixx /dn43/OCCT/tmp/results_31.05.2011/occt/release-sources-20110531/drv/Units/Units_Measurement.ixx
+M Units:pubinclude:Handle_Units_SequenceNodeOfUtsSequence.hxx /dn43/OCCT/tmp/results_31.05.2011/occt/release-sources-20110531/inc/Handle_Units_SequenceNodeOfUtsSequence.hxx
+M Units:pubinclude:Units_SequenceNodeOfUtsSequence.hxx /dn43/OCCT/tmp/results_31.05.2011/occt/release-sources-20110531/inc/Units_SequenceNodeOfUtsSequence.hxx
+M Units:derivated:Units_SequenceNodeOfUtsSequence_0.cxx /dn43/OCCT/tmp/results_31.05.2011/occt/release-sources-20110531/drv/Units/Units_SequenceNodeOfUtsSequence_0.cxx
+M Units:pubinclude:Handle_Units_SequenceNodeOfTksSequence.hxx /dn43/OCCT/tmp/results_31.05.2011/occt/release-sources-20110531/inc/Handle_Units_SequenceNodeOfTksSequence.hxx
+M Units:pubinclude:Units_SequenceNodeOfTksSequence.hxx /dn43/OCCT/tmp/results_31.05.2011/occt/release-sources-20110531/inc/Units_SequenceNodeOfTksSequence.hxx
+M Units:derivated:Units_SequenceNodeOfTksSequence_0.cxx /dn43/OCCT/tmp/results_31.05.2011/occt/release-sources-20110531/drv/Units/Units_SequenceNodeOfTksSequence_0.cxx
+M Units:pubinclude:Handle_Units_SequenceNodeOfQtsSequence.hxx /dn43/OCCT/tmp/results_31.05.2011/occt/release-sources-20110531/inc/Handle_Units_SequenceNodeOfQtsSequence.hxx
+M Units:pubinclude:Units_SequenceNodeOfQtsSequence.hxx /dn43/OCCT/tmp/results_31.05.2011/occt/release-sources-20110531/inc/Units_SequenceNodeOfQtsSequence.hxx
+M Units:derivated:Units_SequenceNodeOfQtsSequence_0.cxx /dn43/OCCT/tmp/results_31.05.2011/occt/release-sources-20110531/drv/Units/Units_SequenceNodeOfQtsSequence_0.cxx
+M Units:pubinclude:Handle_Units_NoSuchUnit.hxx /dn43/OCCT/tmp/results_31.05.2011/occt/release-sources-20110531/inc/Handle_Units_NoSuchUnit.hxx
+M Units:pubinclude:Units_NoSuchUnit.hxx /dn43/OCCT/tmp/results_31.05.2011/occt/release-sources-20110531/inc/Units_NoSuchUnit.hxx
+M Units:derivated:Units_NoSuchUnit_0.cxx /dn43/OCCT/tmp/results_31.05.2011/occt/release-sources-20110531/drv/Units/Units_NoSuchUnit_0.cxx
+M Units:pubinclude:Handle_Units_NoSuchType.hxx /dn43/OCCT/tmp/results_31.05.2011/occt/release-sources-20110531/inc/Handle_Units_NoSuchType.hxx
+M Units:pubinclude:Units_NoSuchType.hxx /dn43/OCCT/tmp/results_31.05.2011/occt/release-sources-20110531/inc/Units_NoSuchType.hxx
+M Units:derivated:Units_NoSuchType_0.cxx /dn43/OCCT/tmp/results_31.05.2011/occt/release-sources-20110531/drv/Units/Units_NoSuchType_0.cxx
+M Units:dbadmfile:Units_xcpp_header.In /dn43/OCCT/tmp/results_31.05.2011/occt/release-sources-20110531/drv/Units/.adm/Units_xcpp_header.In
+M Units:dbadmfile:Units_xcpp_header.Out /dn43/OCCT/tmp/results_31.05.2011/occt/release-sources-20110531/drv/Units/.adm/Units_xcpp_header.Out
+M Units:dbadmfile:Units_xcpp_header.Dep /dn43/OCCT/tmp/results_31.05.2011/occt/release-sources-20110531/drv/Units/.adm/Units_xcpp_header.Dep
