+M TopOpeBRepDS:pubinclude:TopOpeBRepDS.hxx /dn43/OCCT/tmp/results_30.09.2011/occt/release-sources-20110930/inc/TopOpeBRepDS.hxx
+M TopOpeBRepDS:privinclude:TopOpeBRepDS.jxx /dn43/OCCT/tmp/results_30.09.2011/occt/release-sources-20110930/drv/TopOpeBRepDS/TopOpeBRepDS.jxx
+M TopOpeBRepDS:privinclude:TopOpeBRepDS.ixx /dn43/OCCT/tmp/results_30.09.2011/occt/release-sources-20110930/drv/TopOpeBRepDS/TopOpeBRepDS.ixx
+M TopOpeBRepDS:pubinclude:TopOpeBRepDS_DataMapOfCheckStatus.hxx /dn43/OCCT/tmp/results_30.09.2011/occt/release-sources-20110930/inc/TopOpeBRepDS_DataMapOfCheckStatus.hxx
+M TopOpeBRepDS:derivated:TopOpeBRepDS_DataMapOfCheckStatus_0.cxx /dn43/OCCT/tmp/results_30.09.2011/occt/release-sources-20110930/drv/TopOpeBRepDS/TopOpeBRepDS_DataMapOfCheckStatus_0.cxx
+M TopOpeBRepDS:pubinclude:Handle_TopOpeBRepDS_Interference.hxx /dn43/OCCT/tmp/results_30.09.2011/occt/release-sources-20110930/inc/Handle_TopOpeBRepDS_Interference.hxx
+M TopOpeBRepDS:pubinclude:TopOpeBRepDS_Interference.hxx /dn43/OCCT/tmp/results_30.09.2011/occt/release-sources-20110930/inc/TopOpeBRepDS_Interference.hxx
+M TopOpeBRepDS:privinclude:TopOpeBRepDS_Interference.jxx /dn43/OCCT/tmp/results_30.09.2011/occt/release-sources-20110930/drv/TopOpeBRepDS/TopOpeBRepDS_Interference.jxx
+M TopOpeBRepDS:privinclude:TopOpeBRepDS_Interference.ixx /dn43/OCCT/tmp/results_30.09.2011/occt/release-sources-20110930/drv/TopOpeBRepDS/TopOpeBRepDS_Interference.ixx
+M TopOpeBRepDS:pubinclude:TopOpeBRepDS_ListOfInterference.hxx /dn43/OCCT/tmp/results_30.09.2011/occt/release-sources-20110930/inc/TopOpeBRepDS_ListOfInterference.hxx
+M TopOpeBRepDS:derivated:TopOpeBRepDS_ListOfInterference_0.cxx /dn43/OCCT/tmp/results_30.09.2011/occt/release-sources-20110930/drv/TopOpeBRepDS/TopOpeBRepDS_ListOfInterference_0.cxx
+M TopOpeBRepDS:pubinclude:TopOpeBRepDS_InterferenceIterator.hxx /dn43/OCCT/tmp/results_30.09.2011/occt/release-sources-20110930/inc/TopOpeBRepDS_InterferenceIterator.hxx
+M TopOpeBRepDS:privinclude:TopOpeBRepDS_InterferenceIterator.jxx /dn43/OCCT/tmp/results_30.09.2011/occt/release-sources-20110930/drv/TopOpeBRepDS/TopOpeBRepDS_InterferenceIterator.jxx
+M TopOpeBRepDS:privinclude:TopOpeBRepDS_InterferenceIterator.ixx /dn43/OCCT/tmp/results_30.09.2011/occt/release-sources-20110930/drv/TopOpeBRepDS/TopOpeBRepDS_InterferenceIterator.ixx
+M TopOpeBRepDS:pubinclude:TopOpeBRepDS_DataMapOfInterferenceListOfInterference.hxx /dn43/OCCT/tmp/results_30.09.2011/occt/release-sources-20110930/inc/TopOpeBRepDS_DataMapOfInterferenceListOfInterference.hxx
+M TopOpeBRepDS:derivated:TopOpeBRepDS_DataMapOfInterferenceListOfInterference_0.cxx /dn43/OCCT/tmp/results_30.09.2011/occt/release-sources-20110930/drv/TopOpeBRepDS/TopOpeBRepDS_DataMapOfInterferenceListOfInterference_0.cxx
+M TopOpeBRepDS:pubinclude:TopOpeBRepDS_DataMapOfInterferenceShape.hxx /dn43/OCCT/tmp/results_30.09.2011/occt/release-sources-20110930/inc/TopOpeBRepDS_DataMapOfInterferenceShape.hxx
+M TopOpeBRepDS:derivated:TopOpeBRepDS_DataMapOfInterferenceShape_0.cxx /dn43/OCCT/tmp/results_30.09.2011/occt/release-sources-20110930/drv/TopOpeBRepDS/TopOpeBRepDS_DataMapOfInterferenceShape_0.cxx
+M TopOpeBRepDS:pubinclude:TopOpeBRepDS_DataMapOfIntegerListOfInterference.hxx /dn43/OCCT/tmp/results_30.09.2011/occt/release-sources-20110930/inc/TopOpeBRepDS_DataMapOfIntegerListOfInterference.hxx
+M TopOpeBRepDS:derivated:TopOpeBRepDS_DataMapOfIntegerListOfInterference_0.cxx /dn43/OCCT/tmp/results_30.09.2011/occt/release-sources-20110930/drv/TopOpeBRepDS/TopOpeBRepDS_DataMapOfIntegerListOfInterference_0.cxx
+M TopOpeBRepDS:pubinclude:TopOpeBRepDS_Array1OfDataMapOfIntegerListOfInterference.hxx /dn43/OCCT/tmp/results_30.09.2011/occt/release-sources-20110930/inc/TopOpeBRepDS_Array1OfDataMapOfIntegerListOfInterference.hxx
+M TopOpeBRepDS:derivated:TopOpeBRepDS_Array1OfDataMapOfIntegerListOfInterference_0.cxx /dn43/OCCT/tmp/results_30.09.2011/occt/release-sources-20110930/drv/TopOpeBRepDS/TopOpeBRepDS_Array1OfDataMapOfIntegerListOfInterference_0.cxx
+M TopOpeBRepDS:pubinclude:Handle_TopOpeBRepDS_HArray1OfDataMapOfIntegerListOfInterference.hxx /dn43/OCCT/tmp/results_30.09.2011/occt/release-sources-20110930/inc/Handle_TopOpeBRepDS_HArray1OfDataMapOfIntegerListOfInterference.hxx
+M TopOpeBRepDS:pubinclude:TopOpeBRepDS_HArray1OfDataMapOfIntegerListOfInterference.hxx /dn43/OCCT/tmp/results_30.09.2011/occt/release-sources-20110930/inc/TopOpeBRepDS_HArray1OfDataMapOfIntegerListOfInterference.hxx
+M TopOpeBRepDS:derivated:TopOpeBRepDS_HArray1OfDataMapOfIntegerListOfInterference_0.cxx /dn43/OCCT/tmp/results_30.09.2011/occt/release-sources-20110930/drv/TopOpeBRepDS/TopOpeBRepDS_HArray1OfDataMapOfIntegerListOfInterference_0.cxx
+M TopOpeBRepDS:pubinclude:TopOpeBRepDS_TKI.hxx /dn43/OCCT/tmp/results_30.09.2011/occt/release-sources-20110930/inc/TopOpeBRepDS_TKI.hxx
+M TopOpeBRepDS:privinclude:TopOpeBRepDS_TKI.jxx /dn43/OCCT/tmp/results_30.09.2011/occt/release-sources-20110930/drv/TopOpeBRepDS/TopOpeBRepDS_TKI.jxx
+M TopOpeBRepDS:privinclude:TopOpeBRepDS_TKI.ixx /dn43/OCCT/tmp/results_30.09.2011/occt/release-sources-20110930/drv/TopOpeBRepDS/TopOpeBRepDS_TKI.ixx
+M TopOpeBRepDS:pubinclude:TopOpeBRepDS_Transition.hxx /dn43/OCCT/tmp/results_30.09.2011/occt/release-sources-20110930/inc/TopOpeBRepDS_Transition.hxx
+M TopOpeBRepDS:privinclude:TopOpeBRepDS_Transition.jxx /dn43/OCCT/tmp/results_30.09.2011/occt/release-sources-20110930/drv/TopOpeBRepDS/TopOpeBRepDS_Transition.jxx
+M TopOpeBRepDS:privinclude:TopOpeBRepDS_Transition.ixx /dn43/OCCT/tmp/results_30.09.2011/occt/release-sources-20110930/drv/TopOpeBRepDS/TopOpeBRepDS_Transition.ixx
+M TopOpeBRepDS:pubinclude:Handle_TopOpeBRepDS_CurvePointInterference.hxx /dn43/OCCT/tmp/results_30.09.2011/occt/release-sources-20110930/inc/Handle_TopOpeBRepDS_CurvePointInterference.hxx
+M TopOpeBRepDS:pubinclude:TopOpeBRepDS_CurvePointInterference.hxx /dn43/OCCT/tmp/results_30.09.2011/occt/release-sources-20110930/inc/TopOpeBRepDS_CurvePointInterference.hxx
+M TopOpeBRepDS:privinclude:TopOpeBRepDS_CurvePointInterference.jxx /dn43/OCCT/tmp/results_30.09.2011/occt/release-sources-20110930/drv/TopOpeBRepDS/TopOpeBRepDS_CurvePointInterference.jxx
+M TopOpeBRepDS:privinclude:TopOpeBRepDS_CurvePointInterference.ixx /dn43/OCCT/tmp/results_30.09.2011/occt/release-sources-20110930/drv/TopOpeBRepDS/TopOpeBRepDS_CurvePointInterference.ixx
+M TopOpeBRepDS:pubinclude:Handle_TopOpeBRepDS_SurfaceCurveInterference.hxx /dn43/OCCT/tmp/results_30.09.2011/occt/release-sources-20110930/inc/Handle_TopOpeBRepDS_SurfaceCurveInterference.hxx
+M TopOpeBRepDS:pubinclude:TopOpeBRepDS_SurfaceCurveInterference.hxx /dn43/OCCT/tmp/results_30.09.2011/occt/release-sources-20110930/inc/TopOpeBRepDS_SurfaceCurveInterference.hxx
+M TopOpeBRepDS:privinclude:TopOpeBRepDS_SurfaceCurveInterference.jxx /dn43/OCCT/tmp/results_30.09.2011/occt/release-sources-20110930/drv/TopOpeBRepDS/TopOpeBRepDS_SurfaceCurveInterference.jxx
+M TopOpeBRepDS:privinclude:TopOpeBRepDS_SurfaceCurveInterference.ixx /dn43/OCCT/tmp/results_30.09.2011/occt/release-sources-20110930/drv/TopOpeBRepDS/TopOpeBRepDS_SurfaceCurveInterference.ixx
+M TopOpeBRepDS:pubinclude:Handle_TopOpeBRepDS_SolidSurfaceInterference.hxx /dn43/OCCT/tmp/results_30.09.2011/occt/release-sources-20110930/inc/Handle_TopOpeBRepDS_SolidSurfaceInterference.hxx
+M TopOpeBRepDS:pubinclude:TopOpeBRepDS_SolidSurfaceInterference.hxx /dn43/OCCT/tmp/results_30.09.2011/occt/release-sources-20110930/inc/TopOpeBRepDS_SolidSurfaceInterference.hxx
+M TopOpeBRepDS:privinclude:TopOpeBRepDS_SolidSurfaceInterference.jxx /dn43/OCCT/tmp/results_30.09.2011/occt/release-sources-20110930/drv/TopOpeBRepDS/TopOpeBRepDS_SolidSurfaceInterference.jxx
+M TopOpeBRepDS:privinclude:TopOpeBRepDS_SolidSurfaceInterference.ixx /dn43/OCCT/tmp/results_30.09.2011/occt/release-sources-20110930/drv/TopOpeBRepDS/TopOpeBRepDS_SolidSurfaceInterference.ixx
+M TopOpeBRepDS:pubinclude:Handle_TopOpeBRepDS_ShapeShapeInterference.hxx /dn43/OCCT/tmp/results_30.09.2011/occt/release-sources-20110930/inc/Handle_TopOpeBRepDS_ShapeShapeInterference.hxx
+M TopOpeBRepDS:pubinclude:TopOpeBRepDS_ShapeShapeInterference.hxx /dn43/OCCT/tmp/results_30.09.2011/occt/release-sources-20110930/inc/TopOpeBRepDS_ShapeShapeInterference.hxx
+M TopOpeBRepDS:privinclude:TopOpeBRepDS_ShapeShapeInterference.jxx /dn43/OCCT/tmp/results_30.09.2011/occt/release-sources-20110930/drv/TopOpeBRepDS/TopOpeBRepDS_ShapeShapeInterference.jxx
+M TopOpeBRepDS:privinclude:TopOpeBRepDS_ShapeShapeInterference.ixx /dn43/OCCT/tmp/results_30.09.2011/occt/release-sources-20110930/drv/TopOpeBRepDS/TopOpeBRepDS_ShapeShapeInterference.ixx
+M TopOpeBRepDS:pubinclude:Handle_TopOpeBRepDS_EdgeVertexInterference.hxx /dn43/OCCT/tmp/results_30.09.2011/occt/release-sources-20110930/inc/Handle_TopOpeBRepDS_EdgeVertexInterference.hxx
+M TopOpeBRepDS:pubinclude:TopOpeBRepDS_EdgeVertexInterference.hxx /dn43/OCCT/tmp/results_30.09.2011/occt/release-sources-20110930/inc/TopOpeBRepDS_EdgeVertexInterference.hxx
+M TopOpeBRepDS:privinclude:TopOpeBRepDS_EdgeVertexInterference.jxx /dn43/OCCT/tmp/results_30.09.2011/occt/release-sources-20110930/drv/TopOpeBRepDS/TopOpeBRepDS_EdgeVertexInterference.jxx
+M TopOpeBRepDS:privinclude:TopOpeBRepDS_EdgeVertexInterference.ixx /dn43/OCCT/tmp/results_30.09.2011/occt/release-sources-20110930/drv/TopOpeBRepDS/TopOpeBRepDS_EdgeVertexInterference.ixx
+M TopOpeBRepDS:pubinclude:Handle_TopOpeBRepDS_FaceEdgeInterference.hxx /dn43/OCCT/tmp/results_30.09.2011/occt/release-sources-20110930/inc/Handle_TopOpeBRepDS_FaceEdgeInterference.hxx
+M TopOpeBRepDS:pubinclude:TopOpeBRepDS_FaceEdgeInterference.hxx /dn43/OCCT/tmp/results_30.09.2011/occt/release-sources-20110930/inc/TopOpeBRepDS_FaceEdgeInterference.hxx
+M TopOpeBRepDS:privinclude:TopOpeBRepDS_FaceEdgeInterference.jxx /dn43/OCCT/tmp/results_30.09.2011/occt/release-sources-20110930/drv/TopOpeBRepDS/TopOpeBRepDS_FaceEdgeInterference.jxx
+M TopOpeBRepDS:privinclude:TopOpeBRepDS_FaceEdgeInterference.ixx /dn43/OCCT/tmp/results_30.09.2011/occt/release-sources-20110930/drv/TopOpeBRepDS/TopOpeBRepDS_FaceEdgeInterference.ixx
+M TopOpeBRepDS:pubinclude:TopOpeBRepDS_Surface.hxx /dn43/OCCT/tmp/results_30.09.2011/occt/release-sources-20110930/inc/TopOpeBRepDS_Surface.hxx
+M TopOpeBRepDS:privinclude:TopOpeBRepDS_Surface.jxx /dn43/OCCT/tmp/results_30.09.2011/occt/release-sources-20110930/drv/TopOpeBRepDS/TopOpeBRepDS_Surface.jxx
+M TopOpeBRepDS:privinclude:TopOpeBRepDS_Surface.ixx /dn43/OCCT/tmp/results_30.09.2011/occt/release-sources-20110930/drv/TopOpeBRepDS/TopOpeBRepDS_Surface.ixx
+M TopOpeBRepDS:pubinclude:TopOpeBRepDS_Curve.hxx /dn43/OCCT/tmp/results_30.09.2011/occt/release-sources-20110930/inc/TopOpeBRepDS_Curve.hxx
+M TopOpeBRepDS:privinclude:TopOpeBRepDS_Curve.jxx /dn43/OCCT/tmp/results_30.09.2011/occt/release-sources-20110930/drv/TopOpeBRepDS/TopOpeBRepDS_Curve.jxx
+M TopOpeBRepDS:privinclude:TopOpeBRepDS_Curve.ixx /dn43/OCCT/tmp/results_30.09.2011/occt/release-sources-20110930/drv/TopOpeBRepDS/TopOpeBRepDS_Curve.ixx
+M TopOpeBRepDS:pubinclude:TopOpeBRepDS_Point.hxx /dn43/OCCT/tmp/results_30.09.2011/occt/release-sources-20110930/inc/TopOpeBRepDS_Point.hxx
+M TopOpeBRepDS:privinclude:TopOpeBRepDS_Point.jxx /dn43/OCCT/tmp/results_30.09.2011/occt/release-sources-20110930/drv/TopOpeBRepDS/TopOpeBRepDS_Point.jxx
+M TopOpeBRepDS:privinclude:TopOpeBRepDS_Point.ixx /dn43/OCCT/tmp/results_30.09.2011/occt/release-sources-20110930/drv/TopOpeBRepDS/TopOpeBRepDS_Point.ixx
+M TopOpeBRepDS:pubinclude:TopOpeBRepDS_IndexedDataMapOfVertexPoint.hxx /dn43/OCCT/tmp/results_30.09.2011/occt/release-sources-20110930/inc/TopOpeBRepDS_IndexedDataMapOfVertexPoint.hxx
+M TopOpeBRepDS:derivated:TopOpeBRepDS_IndexedDataMapOfVertexPoint_0.cxx /dn43/OCCT/tmp/results_30.09.2011/occt/release-sources-20110930/drv/TopOpeBRepDS/TopOpeBRepDS_IndexedDataMapOfVertexPoint_0.cxx
+M TopOpeBRepDS:pubinclude:TopOpeBRepDS_GeometryData.hxx /dn43/OCCT/tmp/results_30.09.2011/occt/release-sources-20110930/inc/TopOpeBRepDS_GeometryData.hxx
+M TopOpeBRepDS:privinclude:TopOpeBRepDS_GeometryData.jxx /dn43/OCCT/tmp/results_30.09.2011/occt/release-sources-20110930/drv/TopOpeBRepDS/TopOpeBRepDS_GeometryData.jxx
+M TopOpeBRepDS:privinclude:TopOpeBRepDS_GeometryData.ixx /dn43/OCCT/tmp/results_30.09.2011/occt/release-sources-20110930/drv/TopOpeBRepDS/TopOpeBRepDS_GeometryData.ixx
+M TopOpeBRepDS:pubinclude:TopOpeBRepDS_SurfaceData.hxx /dn43/OCCT/tmp/results_30.09.2011/occt/release-sources-20110930/inc/TopOpeBRepDS_SurfaceData.hxx
+M TopOpeBRepDS:privinclude:TopOpeBRepDS_SurfaceData.jxx /dn43/OCCT/tmp/results_30.09.2011/occt/release-sources-20110930/drv/TopOpeBRepDS/TopOpeBRepDS_SurfaceData.jxx
+M TopOpeBRepDS:privinclude:TopOpeBRepDS_SurfaceData.ixx /dn43/OCCT/tmp/results_30.09.2011/occt/release-sources-20110930/drv/TopOpeBRepDS/TopOpeBRepDS_SurfaceData.ixx
+M TopOpeBRepDS:pubinclude:TopOpeBRepDS_MapOfSurface.hxx /dn43/OCCT/tmp/results_30.09.2011/occt/release-sources-20110930/inc/TopOpeBRepDS_MapOfSurface.hxx
+M TopOpeBRepDS:derivated:TopOpeBRepDS_MapOfSurface_0.cxx /dn43/OCCT/tmp/results_30.09.2011/occt/release-sources-20110930/drv/TopOpeBRepDS/TopOpeBRepDS_MapOfSurface_0.cxx
+M TopOpeBRepDS:pubinclude:TopOpeBRepDS_CurveData.hxx /dn43/OCCT/tmp/results_30.09.2011/occt/release-sources-20110930/inc/TopOpeBRepDS_CurveData.hxx
+M TopOpeBRepDS:privinclude:TopOpeBRepDS_CurveData.jxx /dn43/OCCT/tmp/results_30.09.2011/occt/release-sources-20110930/drv/TopOpeBRepDS/TopOpeBRepDS_CurveData.jxx
+M TopOpeBRepDS:privinclude:TopOpeBRepDS_CurveData.ixx /dn43/OCCT/tmp/results_30.09.2011/occt/release-sources-20110930/drv/TopOpeBRepDS/TopOpeBRepDS_CurveData.ixx
+M TopOpeBRepDS:pubinclude:TopOpeBRepDS_MapOfCurve.hxx /dn43/OCCT/tmp/results_30.09.2011/occt/release-sources-20110930/inc/TopOpeBRepDS_MapOfCurve.hxx
+M TopOpeBRepDS:derivated:TopOpeBRepDS_MapOfCurve_0.cxx /dn43/OCCT/tmp/results_30.09.2011/occt/release-sources-20110930/drv/TopOpeBRepDS/TopOpeBRepDS_MapOfCurve_0.cxx
+M TopOpeBRepDS:pubinclude:TopOpeBRepDS_PointData.hxx /dn43/OCCT/tmp/results_30.09.2011/occt/release-sources-20110930/inc/TopOpeBRepDS_PointData.hxx
+M TopOpeBRepDS:privinclude:TopOpeBRepDS_PointData.jxx /dn43/OCCT/tmp/results_30.09.2011/occt/release-sources-20110930/drv/TopOpeBRepDS/TopOpeBRepDS_PointData.jxx
+M TopOpeBRepDS:privinclude:TopOpeBRepDS_PointData.ixx /dn43/OCCT/tmp/results_30.09.2011/occt/release-sources-20110930/drv/TopOpeBRepDS/TopOpeBRepDS_PointData.ixx
+M TopOpeBRepDS:pubinclude:TopOpeBRepDS_MapOfPoint.hxx /dn43/OCCT/tmp/results_30.09.2011/occt/release-sources-20110930/inc/TopOpeBRepDS_MapOfPoint.hxx
+M TopOpeBRepDS:derivated:TopOpeBRepDS_MapOfPoint_0.cxx /dn43/OCCT/tmp/results_30.09.2011/occt/release-sources-20110930/drv/TopOpeBRepDS/TopOpeBRepDS_MapOfPoint_0.cxx
+M TopOpeBRepDS:pubinclude:TopOpeBRepDS_ShapeData.hxx /dn43/OCCT/tmp/results_30.09.2011/occt/release-sources-20110930/inc/TopOpeBRepDS_ShapeData.hxx
+M TopOpeBRepDS:privinclude:TopOpeBRepDS_ShapeData.jxx /dn43/OCCT/tmp/results_30.09.2011/occt/release-sources-20110930/drv/TopOpeBRepDS/TopOpeBRepDS_ShapeData.jxx
+M TopOpeBRepDS:privinclude:TopOpeBRepDS_ShapeData.ixx /dn43/OCCT/tmp/results_30.09.2011/occt/release-sources-20110930/drv/TopOpeBRepDS/TopOpeBRepDS_ShapeData.ixx
+M TopOpeBRepDS:pubinclude:TopOpeBRepDS_MapOfShapeData.hxx /dn43/OCCT/tmp/results_30.09.2011/occt/release-sources-20110930/inc/TopOpeBRepDS_MapOfShapeData.hxx
+M TopOpeBRepDS:derivated:TopOpeBRepDS_MapOfShapeData_0.cxx /dn43/OCCT/tmp/results_30.09.2011/occt/release-sources-20110930/drv/TopOpeBRepDS/TopOpeBRepDS_MapOfShapeData_0.cxx
+M TopOpeBRepDS:pubinclude:TopOpeBRepDS_ShapeSurface.hxx /dn43/OCCT/tmp/results_30.09.2011/occt/release-sources-20110930/inc/TopOpeBRepDS_ShapeSurface.hxx
+M TopOpeBRepDS:derivated:TopOpeBRepDS_ShapeSurface_0.cxx /dn43/OCCT/tmp/results_30.09.2011/occt/release-sources-20110930/drv/TopOpeBRepDS/TopOpeBRepDS_ShapeSurface_0.cxx
+M TopOpeBRepDS:pubinclude:TopOpeBRepDS_DoubleMapOfIntegerShape.hxx /dn43/OCCT/tmp/results_30.09.2011/occt/release-sources-20110930/inc/TopOpeBRepDS_DoubleMapOfIntegerShape.hxx
+M TopOpeBRepDS:derivated:TopOpeBRepDS_DoubleMapOfIntegerShape_0.cxx /dn43/OCCT/tmp/results_30.09.2011/occt/release-sources-20110930/drv/TopOpeBRepDS/TopOpeBRepDS_DoubleMapOfIntegerShape_0.cxx
+M TopOpeBRepDS:pubinclude:TopOpeBRepDS_MapOfIntegerShapeData.hxx /dn43/OCCT/tmp/results_30.09.2011/occt/release-sources-20110930/inc/TopOpeBRepDS_MapOfIntegerShapeData.hxx
+M TopOpeBRepDS:derivated:TopOpeBRepDS_MapOfIntegerShapeData_0.cxx /dn43/OCCT/tmp/results_30.09.2011/occt/release-sources-20110930/drv/TopOpeBRepDS/TopOpeBRepDS_MapOfIntegerShapeData_0.cxx
+M TopOpeBRepDS:pubinclude:TopOpeBRepDS_DSS.hxx /dn43/OCCT/tmp/results_30.09.2011/occt/release-sources-20110930/inc/TopOpeBRepDS_DSS.hxx
+M TopOpeBRepDS:privinclude:TopOpeBRepDS_DSS.jxx /dn43/OCCT/tmp/results_30.09.2011/occt/release-sources-20110930/drv/TopOpeBRepDS/TopOpeBRepDS_DSS.jxx
+M TopOpeBRepDS:privinclude:TopOpeBRepDS_DSS.ixx /dn43/OCCT/tmp/results_30.09.2011/occt/release-sources-20110930/drv/TopOpeBRepDS/TopOpeBRepDS_DSS.ixx
+M TopOpeBRepDS:pubinclude:TopOpeBRepDS_DataStructure.hxx /dn43/OCCT/tmp/results_30.09.2011/occt/release-sources-20110930/inc/TopOpeBRepDS_DataStructure.hxx
+M TopOpeBRepDS:privinclude:TopOpeBRepDS_DataStructure.jxx /dn43/OCCT/tmp/results_30.09.2011/occt/release-sources-20110930/drv/TopOpeBRepDS/TopOpeBRepDS_DataStructure.jxx
+M TopOpeBRepDS:privinclude:TopOpeBRepDS_DataStructure.ixx /dn43/OCCT/tmp/results_30.09.2011/occt/release-sources-20110930/drv/TopOpeBRepDS/TopOpeBRepDS_DataStructure.ixx
+M TopOpeBRepDS:pubinclude:TopOpeBRepDS_SurfaceIterator.hxx /dn43/OCCT/tmp/results_30.09.2011/occt/release-sources-20110930/inc/TopOpeBRepDS_SurfaceIterator.hxx
+M TopOpeBRepDS:privinclude:TopOpeBRepDS_SurfaceIterator.jxx /dn43/OCCT/tmp/results_30.09.2011/occt/release-sources-20110930/drv/TopOpeBRepDS/TopOpeBRepDS_SurfaceIterator.jxx
+M TopOpeBRepDS:privinclude:TopOpeBRepDS_SurfaceIterator.ixx /dn43/OCCT/tmp/results_30.09.2011/occt/release-sources-20110930/drv/TopOpeBRepDS/TopOpeBRepDS_SurfaceIterator.ixx
+M TopOpeBRepDS:pubinclude:TopOpeBRepDS_CurveIterator.hxx /dn43/OCCT/tmp/results_30.09.2011/occt/release-sources-20110930/inc/TopOpeBRepDS_CurveIterator.hxx
+M TopOpeBRepDS:privinclude:TopOpeBRepDS_CurveIterator.jxx /dn43/OCCT/tmp/results_30.09.2011/occt/release-sources-20110930/drv/TopOpeBRepDS/TopOpeBRepDS_CurveIterator.jxx
+M TopOpeBRepDS:privinclude:TopOpeBRepDS_CurveIterator.ixx /dn43/OCCT/tmp/results_30.09.2011/occt/release-sources-20110930/drv/TopOpeBRepDS/TopOpeBRepDS_CurveIterator.ixx
+M TopOpeBRepDS:pubinclude:TopOpeBRepDS_PointIterator.hxx /dn43/OCCT/tmp/results_30.09.2011/occt/release-sources-20110930/inc/TopOpeBRepDS_PointIterator.hxx
+M TopOpeBRepDS:privinclude:TopOpeBRepDS_PointIterator.jxx /dn43/OCCT/tmp/results_30.09.2011/occt/release-sources-20110930/drv/TopOpeBRepDS/TopOpeBRepDS_PointIterator.jxx
+M TopOpeBRepDS:privinclude:TopOpeBRepDS_PointIterator.ixx /dn43/OCCT/tmp/results_30.09.2011/occt/release-sources-20110930/drv/TopOpeBRepDS/TopOpeBRepDS_PointIterator.ixx
+M TopOpeBRepDS:pubinclude:TopOpeBRepDS_SurfaceExplorer.hxx /dn43/OCCT/tmp/results_30.09.2011/occt/release-sources-20110930/inc/TopOpeBRepDS_SurfaceExplorer.hxx
+M TopOpeBRepDS:privinclude:TopOpeBRepDS_SurfaceExplorer.jxx /dn43/OCCT/tmp/results_30.09.2011/occt/release-sources-20110930/drv/TopOpeBRepDS/TopOpeBRepDS_SurfaceExplorer.jxx
+M TopOpeBRepDS:privinclude:TopOpeBRepDS_SurfaceExplorer.ixx /dn43/OCCT/tmp/results_30.09.2011/occt/release-sources-20110930/drv/TopOpeBRepDS/TopOpeBRepDS_SurfaceExplorer.ixx
+M TopOpeBRepDS:pubinclude:TopOpeBRepDS_CurveExplorer.hxx /dn43/OCCT/tmp/results_30.09.2011/occt/release-sources-20110930/inc/TopOpeBRepDS_CurveExplorer.hxx
+M TopOpeBRepDS:privinclude:TopOpeBRepDS_CurveExplorer.jxx /dn43/OCCT/tmp/results_30.09.2011/occt/release-sources-20110930/drv/TopOpeBRepDS/TopOpeBRepDS_CurveExplorer.jxx
+M TopOpeBRepDS:privinclude:TopOpeBRepDS_CurveExplorer.ixx /dn43/OCCT/tmp/results_30.09.2011/occt/release-sources-20110930/drv/TopOpeBRepDS/TopOpeBRepDS_CurveExplorer.ixx
+M TopOpeBRepDS:pubinclude:TopOpeBRepDS_PointExplorer.hxx /dn43/OCCT/tmp/results_30.09.2011/occt/release-sources-20110930/inc/TopOpeBRepDS_PointExplorer.hxx
+M TopOpeBRepDS:privinclude:TopOpeBRepDS_PointExplorer.jxx /dn43/OCCT/tmp/results_30.09.2011/occt/release-sources-20110930/drv/TopOpeBRepDS/TopOpeBRepDS_PointExplorer.jxx
+M TopOpeBRepDS:privinclude:TopOpeBRepDS_PointExplorer.ixx /dn43/OCCT/tmp/results_30.09.2011/occt/release-sources-20110930/drv/TopOpeBRepDS/TopOpeBRepDS_PointExplorer.ixx
+M TopOpeBRepDS:pubinclude:TopOpeBRepDS_InterferenceTool.hxx /dn43/OCCT/tmp/results_30.09.2011/occt/release-sources-20110930/inc/TopOpeBRepDS_InterferenceTool.hxx
+M TopOpeBRepDS:privinclude:TopOpeBRepDS_InterferenceTool.jxx /dn43/OCCT/tmp/results_30.09.2011/occt/release-sources-20110930/drv/TopOpeBRepDS/TopOpeBRepDS_InterferenceTool.jxx
+M TopOpeBRepDS:privinclude:TopOpeBRepDS_InterferenceTool.ixx /dn43/OCCT/tmp/results_30.09.2011/occt/release-sources-20110930/drv/TopOpeBRepDS/TopOpeBRepDS_InterferenceTool.ixx
+M TopOpeBRepDS:pubinclude:TopOpeBRepDS_BuildTool.hxx /dn43/OCCT/tmp/results_30.09.2011/occt/release-sources-20110930/inc/TopOpeBRepDS_BuildTool.hxx
+M TopOpeBRepDS:privinclude:TopOpeBRepDS_BuildTool.jxx /dn43/OCCT/tmp/results_30.09.2011/occt/release-sources-20110930/drv/TopOpeBRepDS/TopOpeBRepDS_BuildTool.jxx
+M TopOpeBRepDS:privinclude:TopOpeBRepDS_BuildTool.ixx /dn43/OCCT/tmp/results_30.09.2011/occt/release-sources-20110930/drv/TopOpeBRepDS/TopOpeBRepDS_BuildTool.ixx
+M TopOpeBRepDS:pubinclude:TopOpeBRepDS_Dumper.hxx /dn43/OCCT/tmp/results_30.09.2011/occt/release-sources-20110930/inc/TopOpeBRepDS_Dumper.hxx
+M TopOpeBRepDS:privinclude:TopOpeBRepDS_Dumper.jxx /dn43/OCCT/tmp/results_30.09.2011/occt/release-sources-20110930/drv/TopOpeBRepDS/TopOpeBRepDS_Dumper.jxx
+M TopOpeBRepDS:privinclude:TopOpeBRepDS_Dumper.ixx /dn43/OCCT/tmp/results_30.09.2011/occt/release-sources-20110930/drv/TopOpeBRepDS/TopOpeBRepDS_Dumper.ixx
+M TopOpeBRepDS:pubinclude:Handle_TopOpeBRepDS_Marker.hxx /dn43/OCCT/tmp/results_30.09.2011/occt/release-sources-20110930/inc/Handle_TopOpeBRepDS_Marker.hxx
+M TopOpeBRepDS:pubinclude:TopOpeBRepDS_Marker.hxx /dn43/OCCT/tmp/results_30.09.2011/occt/release-sources-20110930/inc/TopOpeBRepDS_Marker.hxx
+M TopOpeBRepDS:privinclude:TopOpeBRepDS_Marker.jxx /dn43/OCCT/tmp/results_30.09.2011/occt/release-sources-20110930/drv/TopOpeBRepDS/TopOpeBRepDS_Marker.jxx
+M TopOpeBRepDS:privinclude:TopOpeBRepDS_Marker.ixx /dn43/OCCT/tmp/results_30.09.2011/occt/release-sources-20110930/drv/TopOpeBRepDS/TopOpeBRepDS_Marker.ixx
+M TopOpeBRepDS:pubinclude:Handle_TopOpeBRepDS_HDataStructure.hxx /dn43/OCCT/tmp/results_30.09.2011/occt/release-sources-20110930/inc/Handle_TopOpeBRepDS_HDataStructure.hxx
+M TopOpeBRepDS:pubinclude:TopOpeBRepDS_HDataStructure.hxx /dn43/OCCT/tmp/results_30.09.2011/occt/release-sources-20110930/inc/TopOpeBRepDS_HDataStructure.hxx
+M TopOpeBRepDS:privinclude:TopOpeBRepDS_HDataStructure.jxx /dn43/OCCT/tmp/results_30.09.2011/occt/release-sources-20110930/drv/TopOpeBRepDS/TopOpeBRepDS_HDataStructure.jxx
+M TopOpeBRepDS:privinclude:TopOpeBRepDS_HDataStructure.ixx /dn43/OCCT/tmp/results_30.09.2011/occt/release-sources-20110930/drv/TopOpeBRepDS/TopOpeBRepDS_HDataStructure.ixx
+M TopOpeBRepDS:pubinclude:TopOpeBRepDS_EdgeInterferenceTool.hxx /dn43/OCCT/tmp/results_30.09.2011/occt/release-sources-20110930/inc/TopOpeBRepDS_EdgeInterferenceTool.hxx
+M TopOpeBRepDS:privinclude:TopOpeBRepDS_EdgeInterferenceTool.jxx /dn43/OCCT/tmp/results_30.09.2011/occt/release-sources-20110930/drv/TopOpeBRepDS/TopOpeBRepDS_EdgeInterferenceTool.jxx
+M TopOpeBRepDS:privinclude:TopOpeBRepDS_EdgeInterferenceTool.ixx /dn43/OCCT/tmp/results_30.09.2011/occt/release-sources-20110930/drv/TopOpeBRepDS/TopOpeBRepDS_EdgeInterferenceTool.ixx
+M TopOpeBRepDS:pubinclude:TopOpeBRepDS_Edge3dInterferenceTool.hxx /dn43/OCCT/tmp/results_30.09.2011/occt/release-sources-20110930/inc/TopOpeBRepDS_Edge3dInterferenceTool.hxx
+M TopOpeBRepDS:privinclude:TopOpeBRepDS_Edge3dInterferenceTool.jxx /dn43/OCCT/tmp/results_30.09.2011/occt/release-sources-20110930/drv/TopOpeBRepDS/TopOpeBRepDS_Edge3dInterferenceTool.jxx
+M TopOpeBRepDS:privinclude:TopOpeBRepDS_Edge3dInterferenceTool.ixx /dn43/OCCT/tmp/results_30.09.2011/occt/release-sources-20110930/drv/TopOpeBRepDS/TopOpeBRepDS_Edge3dInterferenceTool.ixx
+M TopOpeBRepDS:pubinclude:TopOpeBRepDS_FaceInterferenceTool.hxx /dn43/OCCT/tmp/results_30.09.2011/occt/release-sources-20110930/inc/TopOpeBRepDS_FaceInterferenceTool.hxx
+M TopOpeBRepDS:privinclude:TopOpeBRepDS_FaceInterferenceTool.jxx /dn43/OCCT/tmp/results_30.09.2011/occt/release-sources-20110930/drv/TopOpeBRepDS/TopOpeBRepDS_FaceInterferenceTool.jxx
+M TopOpeBRepDS:privinclude:TopOpeBRepDS_FaceInterferenceTool.ixx /dn43/OCCT/tmp/results_30.09.2011/occt/release-sources-20110930/drv/TopOpeBRepDS/TopOpeBRepDS_FaceInterferenceTool.ixx
+M TopOpeBRepDS:pubinclude:TopOpeBRepDS_Filter.hxx /dn43/OCCT/tmp/results_30.09.2011/occt/release-sources-20110930/inc/TopOpeBRepDS_Filter.hxx
+M TopOpeBRepDS:privinclude:TopOpeBRepDS_Filter.jxx /dn43/OCCT/tmp/results_30.09.2011/occt/release-sources-20110930/drv/TopOpeBRepDS/TopOpeBRepDS_Filter.jxx
+M TopOpeBRepDS:privinclude:TopOpeBRepDS_Filter.ixx /dn43/OCCT/tmp/results_30.09.2011/occt/release-sources-20110930/drv/TopOpeBRepDS/TopOpeBRepDS_Filter.ixx
+M TopOpeBRepDS:pubinclude:TopOpeBRepDS_Reducer.hxx /dn43/OCCT/tmp/results_30.09.2011/occt/release-sources-20110930/inc/TopOpeBRepDS_Reducer.hxx
+M TopOpeBRepDS:privinclude:TopOpeBRepDS_Reducer.jxx /dn43/OCCT/tmp/results_30.09.2011/occt/release-sources-20110930/drv/TopOpeBRepDS/TopOpeBRepDS_Reducer.jxx
+M TopOpeBRepDS:privinclude:TopOpeBRepDS_Reducer.ixx /dn43/OCCT/tmp/results_30.09.2011/occt/release-sources-20110930/drv/TopOpeBRepDS/TopOpeBRepDS_Reducer.ixx
+M TopOpeBRepDS:pubinclude:TopOpeBRepDS_TOOL.hxx /dn43/OCCT/tmp/results_30.09.2011/occt/release-sources-20110930/inc/TopOpeBRepDS_TOOL.hxx
+M TopOpeBRepDS:privinclude:TopOpeBRepDS_TOOL.jxx /dn43/OCCT/tmp/results_30.09.2011/occt/release-sources-20110930/drv/TopOpeBRepDS/TopOpeBRepDS_TOOL.jxx
+M TopOpeBRepDS:privinclude:TopOpeBRepDS_TOOL.ixx /dn43/OCCT/tmp/results_30.09.2011/occt/release-sources-20110930/drv/TopOpeBRepDS/TopOpeBRepDS_TOOL.ixx
+M TopOpeBRepDS:pubinclude:TopOpeBRepDS_FIR.hxx /dn43/OCCT/tmp/results_30.09.2011/occt/release-sources-20110930/inc/TopOpeBRepDS_FIR.hxx
+M TopOpeBRepDS:privinclude:TopOpeBRepDS_FIR.jxx /dn43/OCCT/tmp/results_30.09.2011/occt/release-sources-20110930/drv/TopOpeBRepDS/TopOpeBRepDS_FIR.jxx
+M TopOpeBRepDS:privinclude:TopOpeBRepDS_FIR.ixx /dn43/OCCT/tmp/results_30.09.2011/occt/release-sources-20110930/drv/TopOpeBRepDS/TopOpeBRepDS_FIR.ixx
+M TopOpeBRepDS:pubinclude:TopOpeBRepDS_EIR.hxx /dn43/OCCT/tmp/results_30.09.2011/occt/release-sources-20110930/inc/TopOpeBRepDS_EIR.hxx
+M TopOpeBRepDS:privinclude:TopOpeBRepDS_EIR.jxx /dn43/OCCT/tmp/results_30.09.2011/occt/release-sources-20110930/drv/TopOpeBRepDS/TopOpeBRepDS_EIR.jxx
+M TopOpeBRepDS:privinclude:TopOpeBRepDS_EIR.ixx /dn43/OCCT/tmp/results_30.09.2011/occt/release-sources-20110930/drv/TopOpeBRepDS/TopOpeBRepDS_EIR.ixx
+M TopOpeBRepDS:pubinclude:Handle_TopOpeBRepDS_Check.hxx /dn43/OCCT/tmp/results_30.09.2011/occt/release-sources-20110930/inc/Handle_TopOpeBRepDS_Check.hxx
+M TopOpeBRepDS:pubinclude:TopOpeBRepDS_Check.hxx /dn43/OCCT/tmp/results_30.09.2011/occt/release-sources-20110930/inc/TopOpeBRepDS_Check.hxx
+M TopOpeBRepDS:privinclude:TopOpeBRepDS_Check.jxx /dn43/OCCT/tmp/results_30.09.2011/occt/release-sources-20110930/drv/TopOpeBRepDS/TopOpeBRepDS_Check.jxx
+M TopOpeBRepDS:privinclude:TopOpeBRepDS_Check.ixx /dn43/OCCT/tmp/results_30.09.2011/occt/release-sources-20110930/drv/TopOpeBRepDS/TopOpeBRepDS_Check.ixx
+M TopOpeBRepDS:pubinclude:TopOpeBRepDS_GapFiller.hxx /dn43/OCCT/tmp/results_30.09.2011/occt/release-sources-20110930/inc/TopOpeBRepDS_GapFiller.hxx
+M TopOpeBRepDS:privinclude:TopOpeBRepDS_GapFiller.jxx /dn43/OCCT/tmp/results_30.09.2011/occt/release-sources-20110930/drv/TopOpeBRepDS/TopOpeBRepDS_GapFiller.jxx
+M TopOpeBRepDS:privinclude:TopOpeBRepDS_GapFiller.ixx /dn43/OCCT/tmp/results_30.09.2011/occt/release-sources-20110930/drv/TopOpeBRepDS/TopOpeBRepDS_GapFiller.ixx
+M TopOpeBRepDS:pubinclude:Handle_TopOpeBRepDS_GapTool.hxx /dn43/OCCT/tmp/results_30.09.2011/occt/release-sources-20110930/inc/Handle_TopOpeBRepDS_GapTool.hxx
+M TopOpeBRepDS:pubinclude:TopOpeBRepDS_GapTool.hxx /dn43/OCCT/tmp/results_30.09.2011/occt/release-sources-20110930/inc/TopOpeBRepDS_GapTool.hxx
+M TopOpeBRepDS:privinclude:TopOpeBRepDS_GapTool.jxx /dn43/OCCT/tmp/results_30.09.2011/occt/release-sources-20110930/drv/TopOpeBRepDS/TopOpeBRepDS_GapTool.jxx
+M TopOpeBRepDS:privinclude:TopOpeBRepDS_GapTool.ixx /dn43/OCCT/tmp/results_30.09.2011/occt/release-sources-20110930/drv/TopOpeBRepDS/TopOpeBRepDS_GapTool.ixx
+M TopOpeBRepDS:pubinclude:Handle_TopOpeBRepDS_Association.hxx /dn43/OCCT/tmp/results_30.09.2011/occt/release-sources-20110930/inc/Handle_TopOpeBRepDS_Association.hxx
+M TopOpeBRepDS:pubinclude:TopOpeBRepDS_Association.hxx /dn43/OCCT/tmp/results_30.09.2011/occt/release-sources-20110930/inc/TopOpeBRepDS_Association.hxx
+M TopOpeBRepDS:privinclude:TopOpeBRepDS_Association.jxx /dn43/OCCT/tmp/results_30.09.2011/occt/release-sources-20110930/drv/TopOpeBRepDS/TopOpeBRepDS_Association.jxx
+M TopOpeBRepDS:privinclude:TopOpeBRepDS_Association.ixx /dn43/OCCT/tmp/results_30.09.2011/occt/release-sources-20110930/drv/TopOpeBRepDS/TopOpeBRepDS_Association.ixx
+M TopOpeBRepDS:pubinclude:TopOpeBRepDS_ListOfShapeOn1State.hxx /dn43/OCCT/tmp/results_30.09.2011/occt/release-sources-20110930/inc/TopOpeBRepDS_ListOfShapeOn1State.hxx
+M TopOpeBRepDS:privinclude:TopOpeBRepDS_ListOfShapeOn1State.jxx /dn43/OCCT/tmp/results_30.09.2011/occt/release-sources-20110930/drv/TopOpeBRepDS/TopOpeBRepDS_ListOfShapeOn1State.jxx
+M TopOpeBRepDS:privinclude:TopOpeBRepDS_ListOfShapeOn1State.ixx /dn43/OCCT/tmp/results_30.09.2011/occt/release-sources-20110930/drv/TopOpeBRepDS/TopOpeBRepDS_ListOfShapeOn1State.ixx
+M TopOpeBRepDS:pubinclude:TopOpeBRepDS_DataMapOfShapeListOfShapeOn1State.hxx /dn43/OCCT/tmp/results_30.09.2011/occt/release-sources-20110930/inc/TopOpeBRepDS_DataMapOfShapeListOfShapeOn1State.hxx
+M TopOpeBRepDS:derivated:TopOpeBRepDS_DataMapOfShapeListOfShapeOn1State_0.cxx /dn43/OCCT/tmp/results_30.09.2011/occt/release-sources-20110930/drv/TopOpeBRepDS/TopOpeBRepDS_DataMapOfShapeListOfShapeOn1State_0.cxx
+M TopOpeBRepDS:pubinclude:TopOpeBRepDS_Explorer.hxx /dn43/OCCT/tmp/results_30.09.2011/occt/release-sources-20110930/inc/TopOpeBRepDS_Explorer.hxx
+M TopOpeBRepDS:privinclude:TopOpeBRepDS_Explorer.jxx /dn43/OCCT/tmp/results_30.09.2011/occt/release-sources-20110930/drv/TopOpeBRepDS/TopOpeBRepDS_Explorer.jxx
+M TopOpeBRepDS:privinclude:TopOpeBRepDS_Explorer.ixx /dn43/OCCT/tmp/results_30.09.2011/occt/release-sources-20110930/drv/TopOpeBRepDS/TopOpeBRepDS_Explorer.ixx
+M TopOpeBRepDS:pubinclude:TopOpeBRepDS_ShapeWithState.hxx /dn43/OCCT/tmp/results_30.09.2011/occt/release-sources-20110930/inc/TopOpeBRepDS_ShapeWithState.hxx
+M TopOpeBRepDS:privinclude:TopOpeBRepDS_ShapeWithState.jxx /dn43/OCCT/tmp/results_30.09.2011/occt/release-sources-20110930/drv/TopOpeBRepDS/TopOpeBRepDS_ShapeWithState.jxx
+M TopOpeBRepDS:privinclude:TopOpeBRepDS_ShapeWithState.ixx /dn43/OCCT/tmp/results_30.09.2011/occt/release-sources-20110930/drv/TopOpeBRepDS/TopOpeBRepDS_ShapeWithState.ixx
+M TopOpeBRepDS:pubinclude:TopOpeBRepDS_IndexedDataMapOfShapeWithState.hxx /dn43/OCCT/tmp/results_30.09.2011/occt/release-sources-20110930/inc/TopOpeBRepDS_IndexedDataMapOfShapeWithState.hxx
+M TopOpeBRepDS:derivated:TopOpeBRepDS_IndexedDataMapOfShapeWithState_0.cxx /dn43/OCCT/tmp/results_30.09.2011/occt/release-sources-20110930/drv/TopOpeBRepDS/TopOpeBRepDS_IndexedDataMapOfShapeWithState_0.cxx
+M TopOpeBRepDS:pubinclude:TopOpeBRepDS_DataMapOfShapeState.hxx /dn43/OCCT/tmp/results_30.09.2011/occt/release-sources-20110930/inc/TopOpeBRepDS_DataMapOfShapeState.hxx
+M TopOpeBRepDS:derivated:TopOpeBRepDS_DataMapOfShapeState_0.cxx /dn43/OCCT/tmp/results_30.09.2011/occt/release-sources-20110930/drv/TopOpeBRepDS/TopOpeBRepDS_DataMapOfShapeState_0.cxx
+M TopOpeBRepDS:pubinclude:Handle_TopOpeBRepDS_DataMapNodeOfDataMapOfCheckStatus.hxx /dn43/OCCT/tmp/results_30.09.2011/occt/release-sources-20110930/inc/Handle_TopOpeBRepDS_DataMapNodeOfDataMapOfCheckStatus.hxx
+M TopOpeBRepDS:pubinclude:TopOpeBRepDS_DataMapNodeOfDataMapOfCheckStatus.hxx /dn43/OCCT/tmp/results_30.09.2011/occt/release-sources-20110930/inc/TopOpeBRepDS_DataMapNodeOfDataMapOfCheckStatus.hxx
+M TopOpeBRepDS:derivated:TopOpeBRepDS_DataMapNodeOfDataMapOfCheckStatus_0.cxx /dn43/OCCT/tmp/results_30.09.2011/occt/release-sources-20110930/drv/TopOpeBRepDS/TopOpeBRepDS_DataMapNodeOfDataMapOfCheckStatus_0.cxx
+M TopOpeBRepDS:pubinclude:TopOpeBRepDS_DataMapIteratorOfDataMapOfCheckStatus.hxx /dn43/OCCT/tmp/results_30.09.2011/occt/release-sources-20110930/inc/TopOpeBRepDS_DataMapIteratorOfDataMapOfCheckStatus.hxx
+M TopOpeBRepDS:derivated:TopOpeBRepDS_DataMapIteratorOfDataMapOfCheckStatus_0.cxx /dn43/OCCT/tmp/results_30.09.2011/occt/release-sources-20110930/drv/TopOpeBRepDS/TopOpeBRepDS_DataMapIteratorOfDataMapOfCheckStatus_0.cxx
+M TopOpeBRepDS:pubinclude:Handle_TopOpeBRepDS_ListNodeOfListOfInterference.hxx /dn43/OCCT/tmp/results_30.09.2011/occt/release-sources-20110930/inc/Handle_TopOpeBRepDS_ListNodeOfListOfInterference.hxx
+M TopOpeBRepDS:pubinclude:TopOpeBRepDS_ListNodeOfListOfInterference.hxx /dn43/OCCT/tmp/results_30.09.2011/occt/release-sources-20110930/inc/TopOpeBRepDS_ListNodeOfListOfInterference.hxx
+M TopOpeBRepDS:derivated:TopOpeBRepDS_ListNodeOfListOfInterference_0.cxx /dn43/OCCT/tmp/results_30.09.2011/occt/release-sources-20110930/drv/TopOpeBRepDS/TopOpeBRepDS_ListNodeOfListOfInterference_0.cxx
+M TopOpeBRepDS:pubinclude:TopOpeBRepDS_ListIteratorOfListOfInterference.hxx /dn43/OCCT/tmp/results_30.09.2011/occt/release-sources-20110930/inc/TopOpeBRepDS_ListIteratorOfListOfInterference.hxx
+M TopOpeBRepDS:derivated:TopOpeBRepDS_ListIteratorOfListOfInterference_0.cxx /dn43/OCCT/tmp/results_30.09.2011/occt/release-sources-20110930/drv/TopOpeBRepDS/TopOpeBRepDS_ListIteratorOfListOfInterference_0.cxx
+M TopOpeBRepDS:pubinclude:Handle_TopOpeBRepDS_DataMapNodeOfDataMapOfInterferenceListOfInterference.hxx /dn43/OCCT/tmp/results_30.09.2011/occt/release-sources-20110930/inc/Handle_TopOpeBRepDS_DataMapNodeOfDataMapOfInterferenceListOfInterference.hxx
+M TopOpeBRepDS:pubinclude:TopOpeBRepDS_DataMapNodeOfDataMapOfInterferenceListOfInterference.hxx /dn43/OCCT/tmp/results_30.09.2011/occt/release-sources-20110930/inc/TopOpeBRepDS_DataMapNodeOfDataMapOfInterferenceListOfInterference.hxx
+M TopOpeBRepDS:derivated:TopOpeBRepDS_DataMapNodeOfDataMapOfInterferenceListOfInterference_0.cxx /dn43/OCCT/tmp/results_30.09.2011/occt/release-sources-20110930/drv/TopOpeBRepDS/TopOpeBRepDS_DataMapNodeOfDataMapOfInterferenceListOfInterference_0.cxx
+M TopOpeBRepDS:pubinclude:TopOpeBRepDS_DataMapIteratorOfDataMapOfInterferenceListOfInterference.hxx /dn43/OCCT/tmp/results_30.09.2011/occt/release-sources-20110930/inc/TopOpeBRepDS_DataMapIteratorOfDataMapOfInterferenceListOfInterference.hxx
+M TopOpeBRepDS:derivated:TopOpeBRepDS_DataMapIteratorOfDataMapOfInterferenceListOfInterference_0.cxx /dn43/OCCT/tmp/results_30.09.2011/occt/release-sources-20110930/drv/TopOpeBRepDS/TopOpeBRepDS_DataMapIteratorOfDataMapOfInterferenceListOfInterference_0.cxx
+M TopOpeBRepDS:pubinclude:Handle_TopOpeBRepDS_DataMapNodeOfDataMapOfInterferenceShape.hxx /dn43/OCCT/tmp/results_30.09.2011/occt/release-sources-20110930/inc/Handle_TopOpeBRepDS_DataMapNodeOfDataMapOfInterferenceShape.hxx
+M TopOpeBRepDS:pubinclude:TopOpeBRepDS_DataMapNodeOfDataMapOfInterferenceShape.hxx /dn43/OCCT/tmp/results_30.09.2011/occt/release-sources-20110930/inc/TopOpeBRepDS_DataMapNodeOfDataMapOfInterferenceShape.hxx
+M TopOpeBRepDS:derivated:TopOpeBRepDS_DataMapNodeOfDataMapOfInterferenceShape_0.cxx /dn43/OCCT/tmp/results_30.09.2011/occt/release-sources-20110930/drv/TopOpeBRepDS/TopOpeBRepDS_DataMapNodeOfDataMapOfInterferenceShape_0.cxx
+M TopOpeBRepDS:pubinclude:TopOpeBRepDS_DataMapIteratorOfDataMapOfInterferenceShape.hxx /dn43/OCCT/tmp/results_30.09.2011/occt/release-sources-20110930/inc/TopOpeBRepDS_DataMapIteratorOfDataMapOfInterferenceShape.hxx
+M TopOpeBRepDS:derivated:TopOpeBRepDS_DataMapIteratorOfDataMapOfInterferenceShape_0.cxx /dn43/OCCT/tmp/results_30.09.2011/occt/release-sources-20110930/drv/TopOpeBRepDS/TopOpeBRepDS_DataMapIteratorOfDataMapOfInterferenceShape_0.cxx
+M TopOpeBRepDS:pubinclude:Handle_TopOpeBRepDS_DataMapNodeOfDataMapOfIntegerListOfInterference.hxx /dn43/OCCT/tmp/results_30.09.2011/occt/release-sources-20110930/inc/Handle_TopOpeBRepDS_DataMapNodeOfDataMapOfIntegerListOfInterference.hxx
+M TopOpeBRepDS:pubinclude:TopOpeBRepDS_DataMapNodeOfDataMapOfIntegerListOfInterference.hxx /dn43/OCCT/tmp/results_30.09.2011/occt/release-sources-20110930/inc/TopOpeBRepDS_DataMapNodeOfDataMapOfIntegerListOfInterference.hxx
+M TopOpeBRepDS:derivated:TopOpeBRepDS_DataMapNodeOfDataMapOfIntegerListOfInterference_0.cxx /dn43/OCCT/tmp/results_30.09.2011/occt/release-sources-20110930/drv/TopOpeBRepDS/TopOpeBRepDS_DataMapNodeOfDataMapOfIntegerListOfInterference_0.cxx
+M TopOpeBRepDS:pubinclude:TopOpeBRepDS_DataMapIteratorOfDataMapOfIntegerListOfInterference.hxx /dn43/OCCT/tmp/results_30.09.2011/occt/release-sources-20110930/inc/TopOpeBRepDS_DataMapIteratorOfDataMapOfIntegerListOfInterference.hxx
+M TopOpeBRepDS:derivated:TopOpeBRepDS_DataMapIteratorOfDataMapOfIntegerListOfInterference_0.cxx /dn43/OCCT/tmp/results_30.09.2011/occt/release-sources-20110930/drv/TopOpeBRepDS/TopOpeBRepDS_DataMapIteratorOfDataMapOfIntegerListOfInterference_0.cxx
+M TopOpeBRepDS:pubinclude:Handle_TopOpeBRepDS_IndexedDataMapNodeOfIndexedDataMapOfVertexPoint.hxx /dn43/OCCT/tmp/results_30.09.2011/occt/release-sources-20110930/inc/Handle_TopOpeBRepDS_IndexedDataMapNodeOfIndexedDataMapOfVertexPoint.hxx
+M TopOpeBRepDS:pubinclude:TopOpeBRepDS_IndexedDataMapNodeOfIndexedDataMapOfVertexPoint.hxx /dn43/OCCT/tmp/results_30.09.2011/occt/release-sources-20110930/inc/TopOpeBRepDS_IndexedDataMapNodeOfIndexedDataMapOfVertexPoint.hxx
+M TopOpeBRepDS:derivated:TopOpeBRepDS_IndexedDataMapNodeOfIndexedDataMapOfVertexPoint_0.cxx /dn43/OCCT/tmp/results_30.09.2011/occt/release-sources-20110930/drv/TopOpeBRepDS/TopOpeBRepDS_IndexedDataMapNodeOfIndexedDataMapOfVertexPoint_0.cxx
+M TopOpeBRepDS:pubinclude:Handle_TopOpeBRepDS_DataMapNodeOfMapOfSurface.hxx /dn43/OCCT/tmp/results_30.09.2011/occt/release-sources-20110930/inc/Handle_TopOpeBRepDS_DataMapNodeOfMapOfSurface.hxx
+M TopOpeBRepDS:pubinclude:TopOpeBRepDS_DataMapNodeOfMapOfSurface.hxx /dn43/OCCT/tmp/results_30.09.2011/occt/release-sources-20110930/inc/TopOpeBRepDS_DataMapNodeOfMapOfSurface.hxx
+M TopOpeBRepDS:derivated:TopOpeBRepDS_DataMapNodeOfMapOfSurface_0.cxx /dn43/OCCT/tmp/results_30.09.2011/occt/release-sources-20110930/drv/TopOpeBRepDS/TopOpeBRepDS_DataMapNodeOfMapOfSurface_0.cxx
+M TopOpeBRepDS:pubinclude:TopOpeBRepDS_DataMapIteratorOfMapOfSurface.hxx /dn43/OCCT/tmp/results_30.09.2011/occt/release-sources-20110930/inc/TopOpeBRepDS_DataMapIteratorOfMapOfSurface.hxx
+M TopOpeBRepDS:derivated:TopOpeBRepDS_DataMapIteratorOfMapOfSurface_0.cxx /dn43/OCCT/tmp/results_30.09.2011/occt/release-sources-20110930/drv/TopOpeBRepDS/TopOpeBRepDS_DataMapIteratorOfMapOfSurface_0.cxx
+M TopOpeBRepDS:pubinclude:Handle_TopOpeBRepDS_DataMapNodeOfMapOfCurve.hxx /dn43/OCCT/tmp/results_30.09.2011/occt/release-sources-20110930/inc/Handle_TopOpeBRepDS_DataMapNodeOfMapOfCurve.hxx
+M TopOpeBRepDS:pubinclude:TopOpeBRepDS_DataMapNodeOfMapOfCurve.hxx /dn43/OCCT/tmp/results_30.09.2011/occt/release-sources-20110930/inc/TopOpeBRepDS_DataMapNodeOfMapOfCurve.hxx
+M TopOpeBRepDS:derivated:TopOpeBRepDS_DataMapNodeOfMapOfCurve_0.cxx /dn43/OCCT/tmp/results_30.09.2011/occt/release-sources-20110930/drv/TopOpeBRepDS/TopOpeBRepDS_DataMapNodeOfMapOfCurve_0.cxx
+M TopOpeBRepDS:pubinclude:TopOpeBRepDS_DataMapIteratorOfMapOfCurve.hxx /dn43/OCCT/tmp/results_30.09.2011/occt/release-sources-20110930/inc/TopOpeBRepDS_DataMapIteratorOfMapOfCurve.hxx
+M TopOpeBRepDS:derivated:TopOpeBRepDS_DataMapIteratorOfMapOfCurve_0.cxx /dn43/OCCT/tmp/results_30.09.2011/occt/release-sources-20110930/drv/TopOpeBRepDS/TopOpeBRepDS_DataMapIteratorOfMapOfCurve_0.cxx
+M TopOpeBRepDS:pubinclude:Handle_TopOpeBRepDS_DataMapNodeOfMapOfPoint.hxx /dn43/OCCT/tmp/results_30.09.2011/occt/release-sources-20110930/inc/Handle_TopOpeBRepDS_DataMapNodeOfMapOfPoint.hxx
+M TopOpeBRepDS:pubinclude:TopOpeBRepDS_DataMapNodeOfMapOfPoint.hxx /dn43/OCCT/tmp/results_30.09.2011/occt/release-sources-20110930/inc/TopOpeBRepDS_DataMapNodeOfMapOfPoint.hxx
+M TopOpeBRepDS:derivated:TopOpeBRepDS_DataMapNodeOfMapOfPoint_0.cxx /dn43/OCCT/tmp/results_30.09.2011/occt/release-sources-20110930/drv/TopOpeBRepDS/TopOpeBRepDS_DataMapNodeOfMapOfPoint_0.cxx
+M TopOpeBRepDS:pubinclude:TopOpeBRepDS_DataMapIteratorOfMapOfPoint.hxx /dn43/OCCT/tmp/results_30.09.2011/occt/release-sources-20110930/inc/TopOpeBRepDS_DataMapIteratorOfMapOfPoint.hxx
+M TopOpeBRepDS:derivated:TopOpeBRepDS_DataMapIteratorOfMapOfPoint_0.cxx /dn43/OCCT/tmp/results_30.09.2011/occt/release-sources-20110930/drv/TopOpeBRepDS/TopOpeBRepDS_DataMapIteratorOfMapOfPoint_0.cxx
+M TopOpeBRepDS:pubinclude:Handle_TopOpeBRepDS_IndexedDataMapNodeOfMapOfShapeData.hxx /dn43/OCCT/tmp/results_30.09.2011/occt/release-sources-20110930/inc/Handle_TopOpeBRepDS_IndexedDataMapNodeOfMapOfShapeData.hxx
+M TopOpeBRepDS:pubinclude:TopOpeBRepDS_IndexedDataMapNodeOfMapOfShapeData.hxx /dn43/OCCT/tmp/results_30.09.2011/occt/release-sources-20110930/inc/TopOpeBRepDS_IndexedDataMapNodeOfMapOfShapeData.hxx
+M TopOpeBRepDS:derivated:TopOpeBRepDS_IndexedDataMapNodeOfMapOfShapeData_0.cxx /dn43/OCCT/tmp/results_30.09.2011/occt/release-sources-20110930/drv/TopOpeBRepDS/TopOpeBRepDS_IndexedDataMapNodeOfMapOfShapeData_0.cxx
+M TopOpeBRepDS:pubinclude:Handle_TopOpeBRepDS_DataMapNodeOfShapeSurface.hxx /dn43/OCCT/tmp/results_30.09.2011/occt/release-sources-20110930/inc/Handle_TopOpeBRepDS_DataMapNodeOfShapeSurface.hxx
+M TopOpeBRepDS:pubinclude:TopOpeBRepDS_DataMapNodeOfShapeSurface.hxx /dn43/OCCT/tmp/results_30.09.2011/occt/release-sources-20110930/inc/TopOpeBRepDS_DataMapNodeOfShapeSurface.hxx
+M TopOpeBRepDS:derivated:TopOpeBRepDS_DataMapNodeOfShapeSurface_0.cxx /dn43/OCCT/tmp/results_30.09.2011/occt/release-sources-20110930/drv/TopOpeBRepDS/TopOpeBRepDS_DataMapNodeOfShapeSurface_0.cxx
+M TopOpeBRepDS:pubinclude:TopOpeBRepDS_DataMapIteratorOfShapeSurface.hxx /dn43/OCCT/tmp/results_30.09.2011/occt/release-sources-20110930/inc/TopOpeBRepDS_DataMapIteratorOfShapeSurface.hxx
+M TopOpeBRepDS:derivated:TopOpeBRepDS_DataMapIteratorOfShapeSurface_0.cxx /dn43/OCCT/tmp/results_30.09.2011/occt/release-sources-20110930/drv/TopOpeBRepDS/TopOpeBRepDS_DataMapIteratorOfShapeSurface_0.cxx
+M TopOpeBRepDS:pubinclude:Handle_TopOpeBRepDS_DoubleMapNodeOfDoubleMapOfIntegerShape.hxx /dn43/OCCT/tmp/results_30.09.2011/occt/release-sources-20110930/inc/Handle_TopOpeBRepDS_DoubleMapNodeOfDoubleMapOfIntegerShape.hxx
+M TopOpeBRepDS:pubinclude:TopOpeBRepDS_DoubleMapNodeOfDoubleMapOfIntegerShape.hxx /dn43/OCCT/tmp/results_30.09.2011/occt/release-sources-20110930/inc/TopOpeBRepDS_DoubleMapNodeOfDoubleMapOfIntegerShape.hxx
+M TopOpeBRepDS:derivated:TopOpeBRepDS_DoubleMapNodeOfDoubleMapOfIntegerShape_0.cxx /dn43/OCCT/tmp/results_30.09.2011/occt/release-sources-20110930/drv/TopOpeBRepDS/TopOpeBRepDS_DoubleMapNodeOfDoubleMapOfIntegerShape_0.cxx
+M TopOpeBRepDS:pubinclude:TopOpeBRepDS_DoubleMapIteratorOfDoubleMapOfIntegerShape.hxx /dn43/OCCT/tmp/results_30.09.2011/occt/release-sources-20110930/inc/TopOpeBRepDS_DoubleMapIteratorOfDoubleMapOfIntegerShape.hxx
+M TopOpeBRepDS:derivated:TopOpeBRepDS_DoubleMapIteratorOfDoubleMapOfIntegerShape_0.cxx /dn43/OCCT/tmp/results_30.09.2011/occt/release-sources-20110930/drv/TopOpeBRepDS/TopOpeBRepDS_DoubleMapIteratorOfDoubleMapOfIntegerShape_0.cxx
+M TopOpeBRepDS:pubinclude:Handle_TopOpeBRepDS_DataMapNodeOfMapOfIntegerShapeData.hxx /dn43/OCCT/tmp/results_30.09.2011/occt/release-sources-20110930/inc/Handle_TopOpeBRepDS_DataMapNodeOfMapOfIntegerShapeData.hxx
+M TopOpeBRepDS:pubinclude:TopOpeBRepDS_DataMapNodeOfMapOfIntegerShapeData.hxx /dn43/OCCT/tmp/results_30.09.2011/occt/release-sources-20110930/inc/TopOpeBRepDS_DataMapNodeOfMapOfIntegerShapeData.hxx
+M TopOpeBRepDS:derivated:TopOpeBRepDS_DataMapNodeOfMapOfIntegerShapeData_0.cxx /dn43/OCCT/tmp/results_30.09.2011/occt/release-sources-20110930/drv/TopOpeBRepDS/TopOpeBRepDS_DataMapNodeOfMapOfIntegerShapeData_0.cxx
+M TopOpeBRepDS:pubinclude:TopOpeBRepDS_DataMapIteratorOfMapOfIntegerShapeData.hxx /dn43/OCCT/tmp/results_30.09.2011/occt/release-sources-20110930/inc/TopOpeBRepDS_DataMapIteratorOfMapOfIntegerShapeData.hxx
+M TopOpeBRepDS:derivated:TopOpeBRepDS_DataMapIteratorOfMapOfIntegerShapeData_0.cxx /dn43/OCCT/tmp/results_30.09.2011/occt/release-sources-20110930/drv/TopOpeBRepDS/TopOpeBRepDS_DataMapIteratorOfMapOfIntegerShapeData_0.cxx
+M TopOpeBRepDS:pubinclude:Handle_TopOpeBRepDS_DataMapNodeOfDataMapOfShapeListOfShapeOn1State.hxx /dn43/OCCT/tmp/results_30.09.2011/occt/release-sources-20110930/inc/Handle_TopOpeBRepDS_DataMapNodeOfDataMapOfShapeListOfShapeOn1State.hxx
+M TopOpeBRepDS:pubinclude:TopOpeBRepDS_DataMapNodeOfDataMapOfShapeListOfShapeOn1State.hxx /dn43/OCCT/tmp/results_30.09.2011/occt/release-sources-20110930/inc/TopOpeBRepDS_DataMapNodeOfDataMapOfShapeListOfShapeOn1State.hxx
+M TopOpeBRepDS:derivated:TopOpeBRepDS_DataMapNodeOfDataMapOfShapeListOfShapeOn1State_0.cxx /dn43/OCCT/tmp/results_30.09.2011/occt/release-sources-20110930/drv/TopOpeBRepDS/TopOpeBRepDS_DataMapNodeOfDataMapOfShapeListOfShapeOn1State_0.cxx
+M TopOpeBRepDS:pubinclude:TopOpeBRepDS_DataMapIteratorOfDataMapOfShapeListOfShapeOn1State.hxx /dn43/OCCT/tmp/results_30.09.2011/occt/release-sources-20110930/inc/TopOpeBRepDS_DataMapIteratorOfDataMapOfShapeListOfShapeOn1State.hxx
+M TopOpeBRepDS:derivated:TopOpeBRepDS_DataMapIteratorOfDataMapOfShapeListOfShapeOn1State_0.cxx /dn43/OCCT/tmp/results_30.09.2011/occt/release-sources-20110930/drv/TopOpeBRepDS/TopOpeBRepDS_DataMapIteratorOfDataMapOfShapeListOfShapeOn1State_0.cxx
+M TopOpeBRepDS:pubinclude:Handle_TopOpeBRepDS_IndexedDataMapNodeOfIndexedDataMapOfShapeWithState.hxx /dn43/OCCT/tmp/results_30.09.2011/occt/release-sources-20110930/inc/Handle_TopOpeBRepDS_IndexedDataMapNodeOfIndexedDataMapOfShapeWithState.hxx
+M TopOpeBRepDS:pubinclude:TopOpeBRepDS_IndexedDataMapNodeOfIndexedDataMapOfShapeWithState.hxx /dn43/OCCT/tmp/results_30.09.2011/occt/release-sources-20110930/inc/TopOpeBRepDS_IndexedDataMapNodeOfIndexedDataMapOfShapeWithState.hxx
+M TopOpeBRepDS:derivated:TopOpeBRepDS_IndexedDataMapNodeOfIndexedDataMapOfShapeWithState_0.cxx /dn43/OCCT/tmp/results_30.09.2011/occt/release-sources-20110930/drv/TopOpeBRepDS/TopOpeBRepDS_IndexedDataMapNodeOfIndexedDataMapOfShapeWithState_0.cxx
+M TopOpeBRepDS:pubinclude:Handle_TopOpeBRepDS_DataMapNodeOfDataMapOfShapeState.hxx /dn43/OCCT/tmp/results_30.09.2011/occt/release-sources-20110930/inc/Handle_TopOpeBRepDS_DataMapNodeOfDataMapOfShapeState.hxx
+M TopOpeBRepDS:pubinclude:TopOpeBRepDS_DataMapNodeOfDataMapOfShapeState.hxx /dn43/OCCT/tmp/results_30.09.2011/occt/release-sources-20110930/inc/TopOpeBRepDS_DataMapNodeOfDataMapOfShapeState.hxx
+M TopOpeBRepDS:derivated:TopOpeBRepDS_DataMapNodeOfDataMapOfShapeState_0.cxx /dn43/OCCT/tmp/results_30.09.2011/occt/release-sources-20110930/drv/TopOpeBRepDS/TopOpeBRepDS_DataMapNodeOfDataMapOfShapeState_0.cxx
+M TopOpeBRepDS:pubinclude:TopOpeBRepDS_DataMapIteratorOfDataMapOfShapeState.hxx /dn43/OCCT/tmp/results_30.09.2011/occt/release-sources-20110930/inc/TopOpeBRepDS_DataMapIteratorOfDataMapOfShapeState.hxx
+M TopOpeBRepDS:derivated:TopOpeBRepDS_DataMapIteratorOfDataMapOfShapeState_0.cxx /dn43/OCCT/tmp/results_30.09.2011/occt/release-sources-20110930/drv/TopOpeBRepDS/TopOpeBRepDS_DataMapIteratorOfDataMapOfShapeState_0.cxx
+M TopOpeBRepDS:pubinclude:TopOpeBRepDS_Kind.hxx /dn43/OCCT/tmp/results_30.09.2011/occt/release-sources-20110930/inc/TopOpeBRepDS_Kind.hxx
+M TopOpeBRepDS:pubinclude:TopOpeBRepDS_Config.hxx /dn43/OCCT/tmp/results_30.09.2011/occt/release-sources-20110930/inc/TopOpeBRepDS_Config.hxx
+M TopOpeBRepDS:pubinclude:TopOpeBRepDS_CheckStatus.hxx /dn43/OCCT/tmp/results_30.09.2011/occt/release-sources-20110930/inc/TopOpeBRepDS_CheckStatus.hxx
+M TopOpeBRepDS:pubinclude:TopOpeBRepDS_PDataStructure.hxx /dn43/OCCT/tmp/results_30.09.2011/occt/release-sources-20110930/inc/TopOpeBRepDS_PDataStructure.hxx
+M TopOpeBRepDS:dbadmfile:TopOpeBRepDS_xcpp_header.In /dn43/OCCT/tmp/results_30.09.2011/occt/release-sources-20110930/drv/TopOpeBRepDS/.adm/TopOpeBRepDS_xcpp_header.In
+M TopOpeBRepDS:dbadmfile:TopOpeBRepDS_xcpp_header.Out /dn43/OCCT/tmp/results_30.09.2011/occt/release-sources-20110930/drv/TopOpeBRepDS/.adm/TopOpeBRepDS_xcpp_header.Out
+M TopOpeBRepDS:dbadmfile:TopOpeBRepDS_xcpp_header.Dep /dn43/OCCT/tmp/results_30.09.2011/occt/release-sources-20110930/drv/TopOpeBRepDS/.adm/TopOpeBRepDS_xcpp_header.Dep
