+M OSD:pubinclude:OSD.hxx /dn43/OCCT/tmp/results_31.05.2011/occt/release-sources-20110531/inc/OSD.hxx
+M OSD:privinclude:OSD.jxx /dn43/OCCT/tmp/results_31.05.2011/occt/release-sources-20110531/drv/OSD/OSD.jxx
+M OSD:privinclude:OSD.ixx /dn43/OCCT/tmp/results_31.05.2011/occt/release-sources-20110531/drv/OSD/OSD.ixx
+M OSD:pubinclude:OSD_Error.hxx /dn43/OCCT/tmp/results_31.05.2011/occt/release-sources-20110531/inc/OSD_Error.hxx
+M OSD:privinclude:OSD_Error.jxx /dn43/OCCT/tmp/results_31.05.2011/occt/release-sources-20110531/drv/OSD/OSD_Error.jxx
+M OSD:privinclude:OSD_Error.ixx /dn43/OCCT/tmp/results_31.05.2011/occt/release-sources-20110531/drv/OSD/OSD_Error.ixx
+M OSD:pubinclude:OSD_Protection.hxx /dn43/OCCT/tmp/results_31.05.2011/occt/release-sources-20110531/inc/OSD_Protection.hxx
+M OSD:privinclude:OSD_Protection.jxx /dn43/OCCT/tmp/results_31.05.2011/occt/release-sources-20110531/drv/OSD/OSD_Protection.jxx
+M OSD:privinclude:OSD_Protection.ixx /dn43/OCCT/tmp/results_31.05.2011/occt/release-sources-20110531/drv/OSD/OSD_Protection.ixx
+M OSD:pubinclude:OSD_Path.hxx /dn43/OCCT/tmp/results_31.05.2011/occt/release-sources-20110531/inc/OSD_Path.hxx
+M OSD:privinclude:OSD_Path.jxx /dn43/OCCT/tmp/results_31.05.2011/occt/release-sources-20110531/drv/OSD/OSD_Path.jxx
+M OSD:privinclude:OSD_Path.ixx /dn43/OCCT/tmp/results_31.05.2011/occt/release-sources-20110531/drv/OSD/OSD_Path.ixx
+M OSD:pubinclude:OSD_FileNode.hxx /dn43/OCCT/tmp/results_31.05.2011/occt/release-sources-20110531/inc/OSD_FileNode.hxx
+M OSD:privinclude:OSD_FileNode.jxx /dn43/OCCT/tmp/results_31.05.2011/occt/release-sources-20110531/drv/OSD/OSD_FileNode.jxx
+M OSD:privinclude:OSD_FileNode.ixx /dn43/OCCT/tmp/results_31.05.2011/occt/release-sources-20110531/drv/OSD/OSD_FileNode.ixx
+M OSD:pubinclude:OSD_Disk.hxx /dn43/OCCT/tmp/results_31.05.2011/occt/release-sources-20110531/inc/OSD_Disk.hxx
+M OSD:privinclude:OSD_Disk.jxx /dn43/OCCT/tmp/results_31.05.2011/occt/release-sources-20110531/drv/OSD/OSD_Disk.jxx
+M OSD:privinclude:OSD_Disk.ixx /dn43/OCCT/tmp/results_31.05.2011/occt/release-sources-20110531/drv/OSD/OSD_Disk.ixx
+M OSD:pubinclude:OSD_File.hxx /dn43/OCCT/tmp/results_31.05.2011/occt/release-sources-20110531/inc/OSD_File.hxx
+M OSD:privinclude:OSD_File.jxx /dn43/OCCT/tmp/results_31.05.2011/occt/release-sources-20110531/drv/OSD/OSD_File.jxx
+M OSD:privinclude:OSD_File.ixx /dn43/OCCT/tmp/results_31.05.2011/occt/release-sources-20110531/drv/OSD/OSD_File.ixx
+M OSD:pubinclude:OSD_FileIterator.hxx /dn43/OCCT/tmp/results_31.05.2011/occt/release-sources-20110531/inc/OSD_FileIterator.hxx
+M OSD:privinclude:OSD_FileIterator.jxx /dn43/OCCT/tmp/results_31.05.2011/occt/release-sources-20110531/drv/OSD/OSD_FileIterator.jxx
+M OSD:privinclude:OSD_FileIterator.ixx /dn43/OCCT/tmp/results_31.05.2011/occt/release-sources-20110531/drv/OSD/OSD_FileIterator.ixx
+M OSD:pubinclude:OSD_Directory.hxx /dn43/OCCT/tmp/results_31.05.2011/occt/release-sources-20110531/inc/OSD_Directory.hxx
+M OSD:privinclude:OSD_Directory.jxx /dn43/OCCT/tmp/results_31.05.2011/occt/release-sources-20110531/drv/OSD/OSD_Directory.jxx
+M OSD:privinclude:OSD_Directory.ixx /dn43/OCCT/tmp/results_31.05.2011/occt/release-sources-20110531/drv/OSD/OSD_Directory.ixx
+M OSD:pubinclude:OSD_DirectoryIterator.hxx /dn43/OCCT/tmp/results_31.05.2011/occt/release-sources-20110531/inc/OSD_DirectoryIterator.hxx
+M OSD:privinclude:OSD_DirectoryIterator.jxx /dn43/OCCT/tmp/results_31.05.2011/occt/release-sources-20110531/drv/OSD/OSD_DirectoryIterator.jxx
+M OSD:privinclude:OSD_DirectoryIterator.ixx /dn43/OCCT/tmp/results_31.05.2011/occt/release-sources-20110531/drv/OSD/OSD_DirectoryIterator.ixx
+M OSD:pubinclude:OSD_Chronometer.hxx /dn43/OCCT/tmp/results_31.05.2011/occt/release-sources-20110531/inc/OSD_Chronometer.hxx
+M OSD:privinclude:OSD_Chronometer.jxx /dn43/OCCT/tmp/results_31.05.2011/occt/release-sources-20110531/drv/OSD/OSD_Chronometer.jxx
+M OSD:privinclude:OSD_Chronometer.ixx /dn43/OCCT/tmp/results_31.05.2011/occt/release-sources-20110531/drv/OSD/OSD_Chronometer.ixx
+M OSD:pubinclude:OSD_Timer.hxx /dn43/OCCT/tmp/results_31.05.2011/occt/release-sources-20110531/inc/OSD_Timer.hxx
+M OSD:privinclude:OSD_Timer.jxx /dn43/OCCT/tmp/results_31.05.2011/occt/release-sources-20110531/drv/OSD/OSD_Timer.jxx
+M OSD:privinclude:OSD_Timer.ixx /dn43/OCCT/tmp/results_31.05.2011/occt/release-sources-20110531/drv/OSD/OSD_Timer.ixx
+M OSD:pubinclude:OSD_Printer.hxx /dn43/OCCT/tmp/results_31.05.2011/occt/release-sources-20110531/inc/OSD_Printer.hxx
+M OSD:privinclude:OSD_Printer.jxx /dn43/OCCT/tmp/results_31.05.2011/occt/release-sources-20110531/drv/OSD/OSD_Printer.jxx
+M OSD:privinclude:OSD_Printer.ixx /dn43/OCCT/tmp/results_31.05.2011/occt/release-sources-20110531/drv/OSD/OSD_Printer.ixx
+M OSD:pubinclude:OSD_Host.hxx /dn43/OCCT/tmp/results_31.05.2011/occt/release-sources-20110531/inc/OSD_Host.hxx
+M OSD:privinclude:OSD_Host.jxx /dn43/OCCT/tmp/results_31.05.2011/occt/release-sources-20110531/drv/OSD/OSD_Host.jxx
+M OSD:privinclude:OSD_Host.ixx /dn43/OCCT/tmp/results_31.05.2011/occt/release-sources-20110531/drv/OSD/OSD_Host.ixx
+M OSD:pubinclude:OSD_Environment.hxx /dn43/OCCT/tmp/results_31.05.2011/occt/release-sources-20110531/inc/OSD_Environment.hxx
+M OSD:privinclude:OSD_Environment.jxx /dn43/OCCT/tmp/results_31.05.2011/occt/release-sources-20110531/drv/OSD/OSD_Environment.jxx
+M OSD:privinclude:OSD_Environment.ixx /dn43/OCCT/tmp/results_31.05.2011/occt/release-sources-20110531/drv/OSD/OSD_Environment.ixx
+M OSD:pubinclude:OSD_EnvironmentIterator.hxx /dn43/OCCT/tmp/results_31.05.2011/occt/release-sources-20110531/inc/OSD_EnvironmentIterator.hxx
+M OSD:privinclude:OSD_EnvironmentIterator.jxx /dn43/OCCT/tmp/results_31.05.2011/occt/release-sources-20110531/drv/OSD/OSD_EnvironmentIterator.jxx
+M OSD:privinclude:OSD_EnvironmentIterator.ixx /dn43/OCCT/tmp/results_31.05.2011/occt/release-sources-20110531/drv/OSD/OSD_EnvironmentIterator.ixx
+M OSD:pubinclude:OSD_Process.hxx /dn43/OCCT/tmp/results_31.05.2011/occt/release-sources-20110531/inc/OSD_Process.hxx
+M OSD:privinclude:OSD_Process.jxx /dn43/OCCT/tmp/results_31.05.2011/occt/release-sources-20110531/drv/OSD/OSD_Process.jxx
+M OSD:privinclude:OSD_Process.ixx /dn43/OCCT/tmp/results_31.05.2011/occt/release-sources-20110531/drv/OSD/OSD_Process.ixx
+M OSD:pubinclude:OSD_SharedMemory.hxx /dn43/OCCT/tmp/results_31.05.2011/occt/release-sources-20110531/inc/OSD_SharedMemory.hxx
+M OSD:privinclude:OSD_SharedMemory.jxx /dn43/OCCT/tmp/results_31.05.2011/occt/release-sources-20110531/drv/OSD/OSD_SharedMemory.jxx
+M OSD:privinclude:OSD_SharedMemory.ixx /dn43/OCCT/tmp/results_31.05.2011/occt/release-sources-20110531/drv/OSD/OSD_SharedMemory.ixx
+M OSD:pubinclude:OSD_Semaphore.hxx /dn43/OCCT/tmp/results_31.05.2011/occt/release-sources-20110531/inc/OSD_Semaphore.hxx
+M OSD:privinclude:OSD_Semaphore.jxx /dn43/OCCT/tmp/results_31.05.2011/occt/release-sources-20110531/drv/OSD/OSD_Semaphore.jxx
+M OSD:privinclude:OSD_Semaphore.ixx /dn43/OCCT/tmp/results_31.05.2011/occt/release-sources-20110531/drv/OSD/OSD_Semaphore.ixx
+M OSD:pubinclude:OSD_MailBox.hxx /dn43/OCCT/tmp/results_31.05.2011/occt/release-sources-20110531/inc/OSD_MailBox.hxx
+M OSD:privinclude:OSD_MailBox.jxx /dn43/OCCT/tmp/results_31.05.2011/occt/release-sources-20110531/drv/OSD/OSD_MailBox.jxx
+M OSD:privinclude:OSD_MailBox.ixx /dn43/OCCT/tmp/results_31.05.2011/occt/release-sources-20110531/drv/OSD/OSD_MailBox.ixx
+M OSD:pubinclude:OSD_SharedLibrary.hxx /dn43/OCCT/tmp/results_31.05.2011/occt/release-sources-20110531/inc/OSD_SharedLibrary.hxx
+M OSD:privinclude:OSD_SharedLibrary.jxx /dn43/OCCT/tmp/results_31.05.2011/occt/release-sources-20110531/drv/OSD/OSD_SharedLibrary.jxx
+M OSD:privinclude:OSD_SharedLibrary.ixx /dn43/OCCT/tmp/results_31.05.2011/occt/release-sources-20110531/drv/OSD/OSD_SharedLibrary.ixx
+M OSD:pubinclude:OSD_Thread.hxx /dn43/OCCT/tmp/results_31.05.2011/occt/release-sources-20110531/inc/OSD_Thread.hxx
+M OSD:privinclude:OSD_Thread.jxx /dn43/OCCT/tmp/results_31.05.2011/occt/release-sources-20110531/drv/OSD/OSD_Thread.jxx
+M OSD:privinclude:OSD_Thread.ixx /dn43/OCCT/tmp/results_31.05.2011/occt/release-sources-20110531/drv/OSD/OSD_Thread.ixx
+M OSD:pubinclude:Handle_OSD_SystemFont.hxx /dn43/OCCT/tmp/results_31.05.2011/occt/release-sources-20110531/inc/Handle_OSD_SystemFont.hxx
+M OSD:pubinclude:OSD_SystemFont.hxx /dn43/OCCT/tmp/results_31.05.2011/occt/release-sources-20110531/inc/OSD_SystemFont.hxx
+M OSD:privinclude:OSD_SystemFont.jxx /dn43/OCCT/tmp/results_31.05.2011/occt/release-sources-20110531/drv/OSD/OSD_SystemFont.jxx
+M OSD:privinclude:OSD_SystemFont.ixx /dn43/OCCT/tmp/results_31.05.2011/occt/release-sources-20110531/drv/OSD/OSD_SystemFont.ixx
+M OSD:pubinclude:Handle_OSD_FontMgr.hxx /dn43/OCCT/tmp/results_31.05.2011/occt/release-sources-20110531/inc/Handle_OSD_FontMgr.hxx
+M OSD:pubinclude:OSD_FontMgr.hxx /dn43/OCCT/tmp/results_31.05.2011/occt/release-sources-20110531/inc/OSD_FontMgr.hxx
+M OSD:privinclude:OSD_FontMgr.jxx /dn43/OCCT/tmp/results_31.05.2011/occt/release-sources-20110531/drv/OSD/OSD_FontMgr.jxx
+M OSD:privinclude:OSD_FontMgr.ixx /dn43/OCCT/tmp/results_31.05.2011/occt/release-sources-20110531/drv/OSD/OSD_FontMgr.ixx
+M OSD:pubinclude:OSD_Real2String.hxx /dn43/OCCT/tmp/results_31.05.2011/occt/release-sources-20110531/inc/OSD_Real2String.hxx
+M OSD:privinclude:OSD_Real2String.jxx /dn43/OCCT/tmp/results_31.05.2011/occt/release-sources-20110531/drv/OSD/OSD_Real2String.jxx
+M OSD:privinclude:OSD_Real2String.ixx /dn43/OCCT/tmp/results_31.05.2011/occt/release-sources-20110531/drv/OSD/OSD_Real2String.ixx
+M OSD:pubinclude:OSD_Localizer.hxx /dn43/OCCT/tmp/results_31.05.2011/occt/release-sources-20110531/inc/OSD_Localizer.hxx
+M OSD:privinclude:OSD_Localizer.jxx /dn43/OCCT/tmp/results_31.05.2011/occt/release-sources-20110531/drv/OSD/OSD_Localizer.jxx
+M OSD:privinclude:OSD_Localizer.ixx /dn43/OCCT/tmp/results_31.05.2011/occt/release-sources-20110531/drv/OSD/OSD_Localizer.ixx
+M OSD:pubinclude:Handle_OSD_OSDError.hxx /dn43/OCCT/tmp/results_31.05.2011/occt/release-sources-20110531/inc/Handle_OSD_OSDError.hxx
+M OSD:pubinclude:OSD_OSDError.hxx /dn43/OCCT/tmp/results_31.05.2011/occt/release-sources-20110531/inc/OSD_OSDError.hxx
+M OSD:derivated:OSD_OSDError_0.cxx /dn43/OCCT/tmp/results_31.05.2011/occt/release-sources-20110531/drv/OSD/OSD_OSDError_0.cxx
+M OSD:pubinclude:Handle_OSD_Signal.hxx /dn43/OCCT/tmp/results_31.05.2011/occt/release-sources-20110531/inc/Handle_OSD_Signal.hxx
+M OSD:pubinclude:OSD_Signal.hxx /dn43/OCCT/tmp/results_31.05.2011/occt/release-sources-20110531/inc/OSD_Signal.hxx
+M OSD:derivated:OSD_Signal_0.cxx /dn43/OCCT/tmp/results_31.05.2011/occt/release-sources-20110531/drv/OSD/OSD_Signal_0.cxx
+M OSD:pubinclude:Handle_OSD_SIGHUP.hxx /dn43/OCCT/tmp/results_31.05.2011/occt/release-sources-20110531/inc/Handle_OSD_SIGHUP.hxx
+M OSD:pubinclude:OSD_SIGHUP.hxx /dn43/OCCT/tmp/results_31.05.2011/occt/release-sources-20110531/inc/OSD_SIGHUP.hxx
+M OSD:derivated:OSD_SIGHUP_0.cxx /dn43/OCCT/tmp/results_31.05.2011/occt/release-sources-20110531/drv/OSD/OSD_SIGHUP_0.cxx
+M OSD:pubinclude:Handle_OSD_SIGINT.hxx /dn43/OCCT/tmp/results_31.05.2011/occt/release-sources-20110531/inc/Handle_OSD_SIGINT.hxx
+M OSD:pubinclude:OSD_SIGINT.hxx /dn43/OCCT/tmp/results_31.05.2011/occt/release-sources-20110531/inc/OSD_SIGINT.hxx
+M OSD:derivated:OSD_SIGINT_0.cxx /dn43/OCCT/tmp/results_31.05.2011/occt/release-sources-20110531/drv/OSD/OSD_SIGINT_0.cxx
+M OSD:pubinclude:Handle_OSD_SIGQUIT.hxx /dn43/OCCT/tmp/results_31.05.2011/occt/release-sources-20110531/inc/Handle_OSD_SIGQUIT.hxx
+M OSD:pubinclude:OSD_SIGQUIT.hxx /dn43/OCCT/tmp/results_31.05.2011/occt/release-sources-20110531/inc/OSD_SIGQUIT.hxx
+M OSD:derivated:OSD_SIGQUIT_0.cxx /dn43/OCCT/tmp/results_31.05.2011/occt/release-sources-20110531/drv/OSD/OSD_SIGQUIT_0.cxx
+M OSD:pubinclude:Handle_OSD_SIGILL.hxx /dn43/OCCT/tmp/results_31.05.2011/occt/release-sources-20110531/inc/Handle_OSD_SIGILL.hxx
+M OSD:pubinclude:OSD_SIGILL.hxx /dn43/OCCT/tmp/results_31.05.2011/occt/release-sources-20110531/inc/OSD_SIGILL.hxx
+M OSD:derivated:OSD_SIGILL_0.cxx /dn43/OCCT/tmp/results_31.05.2011/occt/release-sources-20110531/drv/OSD/OSD_SIGILL_0.cxx
+M OSD:pubinclude:Handle_OSD_SIGKILL.hxx /dn43/OCCT/tmp/results_31.05.2011/occt/release-sources-20110531/inc/Handle_OSD_SIGKILL.hxx
+M OSD:pubinclude:OSD_SIGKILL.hxx /dn43/OCCT/tmp/results_31.05.2011/occt/release-sources-20110531/inc/OSD_SIGKILL.hxx
+M OSD:derivated:OSD_SIGKILL_0.cxx /dn43/OCCT/tmp/results_31.05.2011/occt/release-sources-20110531/drv/OSD/OSD_SIGKILL_0.cxx
+M OSD:pubinclude:Handle_OSD_SIGBUS.hxx /dn43/OCCT/tmp/results_31.05.2011/occt/release-sources-20110531/inc/Handle_OSD_SIGBUS.hxx
+M OSD:pubinclude:OSD_SIGBUS.hxx /dn43/OCCT/tmp/results_31.05.2011/occt/release-sources-20110531/inc/OSD_SIGBUS.hxx
+M OSD:derivated:OSD_SIGBUS_0.cxx /dn43/OCCT/tmp/results_31.05.2011/occt/release-sources-20110531/drv/OSD/OSD_SIGBUS_0.cxx
+M OSD:pubinclude:Handle_OSD_SIGSEGV.hxx /dn43/OCCT/tmp/results_31.05.2011/occt/release-sources-20110531/inc/Handle_OSD_SIGSEGV.hxx
+M OSD:pubinclude:OSD_SIGSEGV.hxx /dn43/OCCT/tmp/results_31.05.2011/occt/release-sources-20110531/inc/OSD_SIGSEGV.hxx
+M OSD:derivated:OSD_SIGSEGV_0.cxx /dn43/OCCT/tmp/results_31.05.2011/occt/release-sources-20110531/drv/OSD/OSD_SIGSEGV_0.cxx
+M OSD:pubinclude:Handle_OSD_SIGSYS.hxx /dn43/OCCT/tmp/results_31.05.2011/occt/release-sources-20110531/inc/Handle_OSD_SIGSYS.hxx
+M OSD:pubinclude:OSD_SIGSYS.hxx /dn43/OCCT/tmp/results_31.05.2011/occt/release-sources-20110531/inc/OSD_SIGSYS.hxx
+M OSD:derivated:OSD_SIGSYS_0.cxx /dn43/OCCT/tmp/results_31.05.2011/occt/release-sources-20110531/drv/OSD/OSD_SIGSYS_0.cxx
+M OSD:pubinclude:Handle_OSD_Exception.hxx /dn43/OCCT/tmp/results_31.05.2011/occt/release-sources-20110531/inc/Handle_OSD_Exception.hxx
+M OSD:pubinclude:OSD_Exception.hxx /dn43/OCCT/tmp/results_31.05.2011/occt/release-sources-20110531/inc/OSD_Exception.hxx
+M OSD:derivated:OSD_Exception_0.cxx /dn43/OCCT/tmp/results_31.05.2011/occt/release-sources-20110531/drv/OSD/OSD_Exception_0.cxx
+M OSD:pubinclude:Handle_OSD_Exception_ACCESS_VIOLATION.hxx /dn43/OCCT/tmp/results_31.05.2011/occt/release-sources-20110531/inc/Handle_OSD_Exception_ACCESS_VIOLATION.hxx
+M OSD:pubinclude:OSD_Exception_ACCESS_VIOLATION.hxx /dn43/OCCT/tmp/results_31.05.2011/occt/release-sources-20110531/inc/OSD_Exception_ACCESS_VIOLATION.hxx
+M OSD:derivated:OSD_Exception_ACCESS_VIOLATION_0.cxx /dn43/OCCT/tmp/results_31.05.2011/occt/release-sources-20110531/drv/OSD/OSD_Exception_ACCESS_VIOLATION_0.cxx
+M OSD:pubinclude:Handle_OSD_Exception_ARRAY_BOUNDS_EXCEEDED.hxx /dn43/OCCT/tmp/results_31.05.2011/occt/release-sources-20110531/inc/Handle_OSD_Exception_ARRAY_BOUNDS_EXCEEDED.hxx
+M OSD:pubinclude:OSD_Exception_ARRAY_BOUNDS_EXCEEDED.hxx /dn43/OCCT/tmp/results_31.05.2011/occt/release-sources-20110531/inc/OSD_Exception_ARRAY_BOUNDS_EXCEEDED.hxx
+M OSD:derivated:OSD_Exception_ARRAY_BOUNDS_EXCEEDED_0.cxx /dn43/OCCT/tmp/results_31.05.2011/occt/release-sources-20110531/drv/OSD/OSD_Exception_ARRAY_BOUNDS_EXCEEDED_0.cxx
+M OSD:pubinclude:Handle_OSD_Exception_FLT_DENORMAL_OPERAND.hxx /dn43/OCCT/tmp/results_31.05.2011/occt/release-sources-20110531/inc/Handle_OSD_Exception_FLT_DENORMAL_OPERAND.hxx
+M OSD:pubinclude:OSD_Exception_FLT_DENORMAL_OPERAND.hxx /dn43/OCCT/tmp/results_31.05.2011/occt/release-sources-20110531/inc/OSD_Exception_FLT_DENORMAL_OPERAND.hxx
+M OSD:derivated:OSD_Exception_FLT_DENORMAL_OPERAND_0.cxx /dn43/OCCT/tmp/results_31.05.2011/occt/release-sources-20110531/drv/OSD/OSD_Exception_FLT_DENORMAL_OPERAND_0.cxx
+M OSD:pubinclude:Handle_OSD_Exception_FLT_DIVIDE_BY_ZERO.hxx /dn43/OCCT/tmp/results_31.05.2011/occt/release-sources-20110531/inc/Handle_OSD_Exception_FLT_DIVIDE_BY_ZERO.hxx
+M OSD:pubinclude:OSD_Exception_FLT_DIVIDE_BY_ZERO.hxx /dn43/OCCT/tmp/results_31.05.2011/occt/release-sources-20110531/inc/OSD_Exception_FLT_DIVIDE_BY_ZERO.hxx
+M OSD:derivated:OSD_Exception_FLT_DIVIDE_BY_ZERO_0.cxx /dn43/OCCT/tmp/results_31.05.2011/occt/release-sources-20110531/drv/OSD/OSD_Exception_FLT_DIVIDE_BY_ZERO_0.cxx
+M OSD:pubinclude:Handle_OSD_Exception_FLT_INEXACT_RESULT.hxx /dn43/OCCT/tmp/results_31.05.2011/occt/release-sources-20110531/inc/Handle_OSD_Exception_FLT_INEXACT_RESULT.hxx
+M OSD:pubinclude:OSD_Exception_FLT_INEXACT_RESULT.hxx /dn43/OCCT/tmp/results_31.05.2011/occt/release-sources-20110531/inc/OSD_Exception_FLT_INEXACT_RESULT.hxx
+M OSD:derivated:OSD_Exception_FLT_INEXACT_RESULT_0.cxx /dn43/OCCT/tmp/results_31.05.2011/occt/release-sources-20110531/drv/OSD/OSD_Exception_FLT_INEXACT_RESULT_0.cxx
+M OSD:pubinclude:Handle_OSD_Exception_FLT_INVALID_OPERATION.hxx /dn43/OCCT/tmp/results_31.05.2011/occt/release-sources-20110531/inc/Handle_OSD_Exception_FLT_INVALID_OPERATION.hxx
+M OSD:pubinclude:OSD_Exception_FLT_INVALID_OPERATION.hxx /dn43/OCCT/tmp/results_31.05.2011/occt/release-sources-20110531/inc/OSD_Exception_FLT_INVALID_OPERATION.hxx
+M OSD:derivated:OSD_Exception_FLT_INVALID_OPERATION_0.cxx /dn43/OCCT/tmp/results_31.05.2011/occt/release-sources-20110531/drv/OSD/OSD_Exception_FLT_INVALID_OPERATION_0.cxx
+M OSD:pubinclude:Handle_OSD_Exception_FLT_OVERFLOW.hxx /dn43/OCCT/tmp/results_31.05.2011/occt/release-sources-20110531/inc/Handle_OSD_Exception_FLT_OVERFLOW.hxx
+M OSD:pubinclude:OSD_Exception_FLT_OVERFLOW.hxx /dn43/OCCT/tmp/results_31.05.2011/occt/release-sources-20110531/inc/OSD_Exception_FLT_OVERFLOW.hxx
+M OSD:derivated:OSD_Exception_FLT_OVERFLOW_0.cxx /dn43/OCCT/tmp/results_31.05.2011/occt/release-sources-20110531/drv/OSD/OSD_Exception_FLT_OVERFLOW_0.cxx
+M OSD:pubinclude:Handle_OSD_Exception_FLT_STACK_CHECK.hxx /dn43/OCCT/tmp/results_31.05.2011/occt/release-sources-20110531/inc/Handle_OSD_Exception_FLT_STACK_CHECK.hxx
+M OSD:pubinclude:OSD_Exception_FLT_STACK_CHECK.hxx /dn43/OCCT/tmp/results_31.05.2011/occt/release-sources-20110531/inc/OSD_Exception_FLT_STACK_CHECK.hxx
+M OSD:derivated:OSD_Exception_FLT_STACK_CHECK_0.cxx /dn43/OCCT/tmp/results_31.05.2011/occt/release-sources-20110531/drv/OSD/OSD_Exception_FLT_STACK_CHECK_0.cxx
+M OSD:pubinclude:Handle_OSD_Exception_FLT_UNDERFLOW.hxx /dn43/OCCT/tmp/results_31.05.2011/occt/release-sources-20110531/inc/Handle_OSD_Exception_FLT_UNDERFLOW.hxx
+M OSD:pubinclude:OSD_Exception_FLT_UNDERFLOW.hxx /dn43/OCCT/tmp/results_31.05.2011/occt/release-sources-20110531/inc/OSD_Exception_FLT_UNDERFLOW.hxx
+M OSD:derivated:OSD_Exception_FLT_UNDERFLOW_0.cxx /dn43/OCCT/tmp/results_31.05.2011/occt/release-sources-20110531/drv/OSD/OSD_Exception_FLT_UNDERFLOW_0.cxx
+M OSD:pubinclude:Handle_OSD_Exception_ILLEGAL_INSTRUCTION.hxx /dn43/OCCT/tmp/results_31.05.2011/occt/release-sources-20110531/inc/Handle_OSD_Exception_ILLEGAL_INSTRUCTION.hxx
+M OSD:pubinclude:OSD_Exception_ILLEGAL_INSTRUCTION.hxx /dn43/OCCT/tmp/results_31.05.2011/occt/release-sources-20110531/inc/OSD_Exception_ILLEGAL_INSTRUCTION.hxx
+M OSD:derivated:OSD_Exception_ILLEGAL_INSTRUCTION_0.cxx /dn43/OCCT/tmp/results_31.05.2011/occt/release-sources-20110531/drv/OSD/OSD_Exception_ILLEGAL_INSTRUCTION_0.cxx
+M OSD:pubinclude:Handle_OSD_Exception_IN_PAGE_ERROR.hxx /dn43/OCCT/tmp/results_31.05.2011/occt/release-sources-20110531/inc/Handle_OSD_Exception_IN_PAGE_ERROR.hxx
+M OSD:pubinclude:OSD_Exception_IN_PAGE_ERROR.hxx /dn43/OCCT/tmp/results_31.05.2011/occt/release-sources-20110531/inc/OSD_Exception_IN_PAGE_ERROR.hxx
+M OSD:derivated:OSD_Exception_IN_PAGE_ERROR_0.cxx /dn43/OCCT/tmp/results_31.05.2011/occt/release-sources-20110531/drv/OSD/OSD_Exception_IN_PAGE_ERROR_0.cxx
+M OSD:pubinclude:Handle_OSD_Exception_INT_DIVIDE_BY_ZERO.hxx /dn43/OCCT/tmp/results_31.05.2011/occt/release-sources-20110531/inc/Handle_OSD_Exception_INT_DIVIDE_BY_ZERO.hxx
+M OSD:pubinclude:OSD_Exception_INT_DIVIDE_BY_ZERO.hxx /dn43/OCCT/tmp/results_31.05.2011/occt/release-sources-20110531/inc/OSD_Exception_INT_DIVIDE_BY_ZERO.hxx
+M OSD:derivated:OSD_Exception_INT_DIVIDE_BY_ZERO_0.cxx /dn43/OCCT/tmp/results_31.05.2011/occt/release-sources-20110531/drv/OSD/OSD_Exception_INT_DIVIDE_BY_ZERO_0.cxx
+M OSD:pubinclude:Handle_OSD_Exception_INT_OVERFLOW.hxx /dn43/OCCT/tmp/results_31.05.2011/occt/release-sources-20110531/inc/Handle_OSD_Exception_INT_OVERFLOW.hxx
+M OSD:pubinclude:OSD_Exception_INT_OVERFLOW.hxx /dn43/OCCT/tmp/results_31.05.2011/occt/release-sources-20110531/inc/OSD_Exception_INT_OVERFLOW.hxx
+M OSD:derivated:OSD_Exception_INT_OVERFLOW_0.cxx /dn43/OCCT/tmp/results_31.05.2011/occt/release-sources-20110531/drv/OSD/OSD_Exception_INT_OVERFLOW_0.cxx
+M OSD:pubinclude:Handle_OSD_Exception_INVALID_DISPOSITION.hxx /dn43/OCCT/tmp/results_31.05.2011/occt/release-sources-20110531/inc/Handle_OSD_Exception_INVALID_DISPOSITION.hxx
+M OSD:pubinclude:OSD_Exception_INVALID_DISPOSITION.hxx /dn43/OCCT/tmp/results_31.05.2011/occt/release-sources-20110531/inc/OSD_Exception_INVALID_DISPOSITION.hxx
+M OSD:derivated:OSD_Exception_INVALID_DISPOSITION_0.cxx /dn43/OCCT/tmp/results_31.05.2011/occt/release-sources-20110531/drv/OSD/OSD_Exception_INVALID_DISPOSITION_0.cxx
+M OSD:pubinclude:Handle_OSD_Exception_NONCONTINUABLE_EXCEPTION.hxx /dn43/OCCT/tmp/results_31.05.2011/occt/release-sources-20110531/inc/Handle_OSD_Exception_NONCONTINUABLE_EXCEPTION.hxx
+M OSD:pubinclude:OSD_Exception_NONCONTINUABLE_EXCEPTION.hxx /dn43/OCCT/tmp/results_31.05.2011/occt/release-sources-20110531/inc/OSD_Exception_NONCONTINUABLE_EXCEPTION.hxx
+M OSD:derivated:OSD_Exception_NONCONTINUABLE_EXCEPTION_0.cxx /dn43/OCCT/tmp/results_31.05.2011/occt/release-sources-20110531/drv/OSD/OSD_Exception_NONCONTINUABLE_EXCEPTION_0.cxx
+M OSD:pubinclude:Handle_OSD_Exception_PRIV_INSTRUCTION.hxx /dn43/OCCT/tmp/results_31.05.2011/occt/release-sources-20110531/inc/Handle_OSD_Exception_PRIV_INSTRUCTION.hxx
+M OSD:pubinclude:OSD_Exception_PRIV_INSTRUCTION.hxx /dn43/OCCT/tmp/results_31.05.2011/occt/release-sources-20110531/inc/OSD_Exception_PRIV_INSTRUCTION.hxx
+M OSD:derivated:OSD_Exception_PRIV_INSTRUCTION_0.cxx /dn43/OCCT/tmp/results_31.05.2011/occt/release-sources-20110531/drv/OSD/OSD_Exception_PRIV_INSTRUCTION_0.cxx
+M OSD:pubinclude:Handle_OSD_Exception_STACK_OVERFLOW.hxx /dn43/OCCT/tmp/results_31.05.2011/occt/release-sources-20110531/inc/Handle_OSD_Exception_STACK_OVERFLOW.hxx
+M OSD:pubinclude:OSD_Exception_STACK_OVERFLOW.hxx /dn43/OCCT/tmp/results_31.05.2011/occt/release-sources-20110531/inc/OSD_Exception_STACK_OVERFLOW.hxx
+M OSD:derivated:OSD_Exception_STACK_OVERFLOW_0.cxx /dn43/OCCT/tmp/results_31.05.2011/occt/release-sources-20110531/drv/OSD/OSD_Exception_STACK_OVERFLOW_0.cxx
+M OSD:pubinclude:Handle_OSD_Exception_STATUS_NO_MEMORY.hxx /dn43/OCCT/tmp/results_31.05.2011/occt/release-sources-20110531/inc/Handle_OSD_Exception_STATUS_NO_MEMORY.hxx
+M OSD:pubinclude:OSD_Exception_STATUS_NO_MEMORY.hxx /dn43/OCCT/tmp/results_31.05.2011/occt/release-sources-20110531/inc/OSD_Exception_STATUS_NO_MEMORY.hxx
+M OSD:derivated:OSD_Exception_STATUS_NO_MEMORY_0.cxx /dn43/OCCT/tmp/results_31.05.2011/occt/release-sources-20110531/drv/OSD/OSD_Exception_STATUS_NO_MEMORY_0.cxx
+M OSD:pubinclude:Handle_OSD_Exception_CTRL_BREAK.hxx /dn43/OCCT/tmp/results_31.05.2011/occt/release-sources-20110531/inc/Handle_OSD_Exception_CTRL_BREAK.hxx
+M OSD:pubinclude:OSD_Exception_CTRL_BREAK.hxx /dn43/OCCT/tmp/results_31.05.2011/occt/release-sources-20110531/inc/OSD_Exception_CTRL_BREAK.hxx
+M OSD:derivated:OSD_Exception_CTRL_BREAK_0.cxx /dn43/OCCT/tmp/results_31.05.2011/occt/release-sources-20110531/drv/OSD/OSD_Exception_CTRL_BREAK_0.cxx
+M OSD:pubinclude:OSD_OEMType.hxx /dn43/OCCT/tmp/results_31.05.2011/occt/release-sources-20110531/inc/OSD_OEMType.hxx
+M OSD:pubinclude:OSD_SysType.hxx /dn43/OCCT/tmp/results_31.05.2011/occt/release-sources-20110531/inc/OSD_SysType.hxx
+M OSD:pubinclude:OSD_FromWhere.hxx /dn43/OCCT/tmp/results_31.05.2011/occt/release-sources-20110531/inc/OSD_FromWhere.hxx
+M OSD:pubinclude:OSD_LockType.hxx /dn43/OCCT/tmp/results_31.05.2011/occt/release-sources-20110531/inc/OSD_LockType.hxx
+M OSD:pubinclude:OSD_SingleProtection.hxx /dn43/OCCT/tmp/results_31.05.2011/occt/release-sources-20110531/inc/OSD_SingleProtection.hxx
+M OSD:pubinclude:OSD_OpenMode.hxx /dn43/OCCT/tmp/results_31.05.2011/occt/release-sources-20110531/inc/OSD_OpenMode.hxx
+M OSD:pubinclude:OSD_LoadMode.hxx /dn43/OCCT/tmp/results_31.05.2011/occt/release-sources-20110531/inc/OSD_LoadMode.hxx
+M OSD:pubinclude:OSD_KindFile.hxx /dn43/OCCT/tmp/results_31.05.2011/occt/release-sources-20110531/inc/OSD_KindFile.hxx
+M OSD:pubinclude:OSD_FontAspect.hxx /dn43/OCCT/tmp/results_31.05.2011/occt/release-sources-20110531/inc/OSD_FontAspect.hxx
+M OSD:pubinclude:OSD_WhoAmI.hxx /dn43/OCCT/tmp/results_31.05.2011/occt/release-sources-20110531/inc/OSD_WhoAmI.hxx
+M OSD:pubinclude:OSD_Signals.hxx /dn43/OCCT/tmp/results_31.05.2011/occt/release-sources-20110531/inc/OSD_Signals.hxx
+M OSD:dbadmfile:OSD_xcpp_header.In /dn43/OCCT/tmp/results_31.05.2011/occt/release-sources-20110531/drv/OSD/.adm/OSD_xcpp_header.In
+M OSD:dbadmfile:OSD_xcpp_header.Out /dn43/OCCT/tmp/results_31.05.2011/occt/release-sources-20110531/drv/OSD/.adm/OSD_xcpp_header.Out
+M OSD:dbadmfile:OSD_xcpp_header.Dep /dn43/OCCT/tmp/results_31.05.2011/occt/release-sources-20110531/drv/OSD/.adm/OSD_xcpp_header.Dep
