+M MFT:pubinclude:MFT.hxx /dn43/OCCT/tmp/results_28.02.2011/occt/release-sources-20110228/inc/MFT.hxx
+M MFT:privinclude:MFT.jxx /dn43/OCCT/tmp/results_28.02.2011/occt/release-sources-20110228/drv/MFT/MFT.jxx
+M MFT:privinclude:MFT.ixx /dn43/OCCT/tmp/results_28.02.2011/occt/release-sources-20110228/drv/MFT/MFT.ixx
+M MFT:pubinclude:Handle_MFT_FontManager.hxx /dn43/OCCT/tmp/results_28.02.2011/occt/release-sources-20110228/inc/Handle_MFT_FontManager.hxx
+M MFT:pubinclude:MFT_FontManager.hxx /dn43/OCCT/tmp/results_28.02.2011/occt/release-sources-20110228/inc/MFT_FontManager.hxx
+M MFT:privinclude:MFT_FontManager.jxx /dn43/OCCT/tmp/results_28.02.2011/occt/release-sources-20110228/drv/MFT/MFT_FontManager.jxx
+M MFT:privinclude:MFT_FontManager.ixx /dn43/OCCT/tmp/results_28.02.2011/occt/release-sources-20110228/drv/MFT/MFT_FontManager.ixx
+M MFT:pubinclude:Handle_MFT_TextManager.hxx /dn43/OCCT/tmp/results_28.02.2011/occt/release-sources-20110228/inc/Handle_MFT_TextManager.hxx
+M MFT:pubinclude:MFT_TextManager.hxx /dn43/OCCT/tmp/results_28.02.2011/occt/release-sources-20110228/inc/MFT_TextManager.hxx
+M MFT:privinclude:MFT_TextManager.jxx /dn43/OCCT/tmp/results_28.02.2011/occt/release-sources-20110228/drv/MFT/MFT_TextManager.jxx
+M MFT:privinclude:MFT_TextManager.ixx /dn43/OCCT/tmp/results_28.02.2011/occt/release-sources-20110228/drv/MFT/MFT_TextManager.ixx
+M MFT:pubinclude:MFT_ListOfFontHandle.hxx /dn43/OCCT/tmp/results_28.02.2011/occt/release-sources-20110228/inc/MFT_ListOfFontHandle.hxx
+M MFT:derivated:MFT_ListOfFontHandle_0.cxx /dn43/OCCT/tmp/results_28.02.2011/occt/release-sources-20110228/drv/MFT/MFT_ListOfFontHandle_0.cxx
+M MFT:pubinclude:Handle_MFT_SequenceNodeOfListOfFontHandle.hxx /dn43/OCCT/tmp/results_28.02.2011/occt/release-sources-20110228/inc/Handle_MFT_SequenceNodeOfListOfFontHandle.hxx
+M MFT:pubinclude:MFT_SequenceNodeOfListOfFontHandle.hxx /dn43/OCCT/tmp/results_28.02.2011/occt/release-sources-20110228/inc/MFT_SequenceNodeOfListOfFontHandle.hxx
+M MFT:derivated:MFT_SequenceNodeOfListOfFontHandle_0.cxx /dn43/OCCT/tmp/results_28.02.2011/occt/release-sources-20110228/drv/MFT/MFT_SequenceNodeOfListOfFontHandle_0.cxx
+M MFT:pubinclude:Handle_MFT_FontManagerDefinitionError.hxx /dn43/OCCT/tmp/results_28.02.2011/occt/release-sources-20110228/inc/Handle_MFT_FontManagerDefinitionError.hxx
+M MFT:pubinclude:MFT_FontManagerDefinitionError.hxx /dn43/OCCT/tmp/results_28.02.2011/occt/release-sources-20110228/inc/MFT_FontManagerDefinitionError.hxx
+M MFT:derivated:MFT_FontManagerDefinitionError_0.cxx /dn43/OCCT/tmp/results_28.02.2011/occt/release-sources-20110228/drv/MFT/MFT_FontManagerDefinitionError_0.cxx
+M MFT:pubinclude:Handle_MFT_FontManagerError.hxx /dn43/OCCT/tmp/results_28.02.2011/occt/release-sources-20110228/inc/Handle_MFT_FontManagerError.hxx
+M MFT:pubinclude:MFT_FontManagerError.hxx /dn43/OCCT/tmp/results_28.02.2011/occt/release-sources-20110228/inc/MFT_FontManagerError.hxx
+M MFT:derivated:MFT_FontManagerError_0.cxx /dn43/OCCT/tmp/results_28.02.2011/occt/release-sources-20110228/drv/MFT/MFT_FontManagerError_0.cxx
+M MFT:pubinclude:MFT_TypeOfCommand.hxx /dn43/OCCT/tmp/results_28.02.2011/occt/release-sources-20110228/inc/MFT_TypeOfCommand.hxx
+M MFT:pubinclude:MFT_TypeOfValue.hxx /dn43/OCCT/tmp/results_28.02.2011/occt/release-sources-20110228/inc/MFT_TypeOfValue.hxx
+M MFT:pubinclude:MFT_ListOfFontName.hxx /dn43/OCCT/tmp/results_28.02.2011/occt/release-sources-20110228/inc/MFT_ListOfFontName.hxx
+M MFT:pubinclude:MFT_ListOfFontReference.hxx /dn43/OCCT/tmp/results_28.02.2011/occt/release-sources-20110228/inc/MFT_ListOfFontReference.hxx
+M MFT:dbadmfile:MFT_xcpp_header.In /dn43/OCCT/tmp/results_28.02.2011/occt/release-sources-20110228/drv/MFT/.adm/MFT_xcpp_header.In
+M MFT:dbadmfile:MFT_xcpp_header.Out /dn43/OCCT/tmp/results_28.02.2011/occt/release-sources-20110228/drv/MFT/.adm/MFT_xcpp_header.Out
+M MFT:dbadmfile:MFT_xcpp_header.Dep /dn43/OCCT/tmp/results_28.02.2011/occt/release-sources-20110228/drv/MFT/.adm/MFT_xcpp_header.Dep
