+M BinMDF:pubinclude:BinMDF.hxx /dn43/OCCT/tmp/results_30.09.2011/occt/release-sources-20110930/inc/BinMDF.hxx
+M BinMDF:privinclude:BinMDF.jxx /dn43/OCCT/tmp/results_30.09.2011/occt/release-sources-20110930/drv/BinMDF/BinMDF.jxx
+M BinMDF:privinclude:BinMDF.ixx /dn43/OCCT/tmp/results_30.09.2011/occt/release-sources-20110930/drv/BinMDF/BinMDF.ixx
+M BinMDF:pubinclude:Handle_BinMDF_ADriver.hxx /dn43/OCCT/tmp/results_30.09.2011/occt/release-sources-20110930/inc/Handle_BinMDF_ADriver.hxx
+M BinMDF:pubinclude:BinMDF_ADriver.hxx /dn43/OCCT/tmp/results_30.09.2011/occt/release-sources-20110930/inc/BinMDF_ADriver.hxx
+M BinMDF:privinclude:BinMDF_ADriver.jxx /dn43/OCCT/tmp/results_30.09.2011/occt/release-sources-20110930/drv/BinMDF/BinMDF_ADriver.jxx
+M BinMDF:privinclude:BinMDF_ADriver.ixx /dn43/OCCT/tmp/results_30.09.2011/occt/release-sources-20110930/drv/BinMDF/BinMDF_ADriver.ixx
+M BinMDF:pubinclude:Handle_BinMDF_ReferenceDriver.hxx /dn43/OCCT/tmp/results_30.09.2011/occt/release-sources-20110930/inc/Handle_BinMDF_ReferenceDriver.hxx
+M BinMDF:pubinclude:BinMDF_ReferenceDriver.hxx /dn43/OCCT/tmp/results_30.09.2011/occt/release-sources-20110930/inc/BinMDF_ReferenceDriver.hxx
+M BinMDF:privinclude:BinMDF_ReferenceDriver.jxx /dn43/OCCT/tmp/results_30.09.2011/occt/release-sources-20110930/drv/BinMDF/BinMDF_ReferenceDriver.jxx
+M BinMDF:privinclude:BinMDF_ReferenceDriver.ixx /dn43/OCCT/tmp/results_30.09.2011/occt/release-sources-20110930/drv/BinMDF/BinMDF_ReferenceDriver.ixx
+M BinMDF:pubinclude:Handle_BinMDF_TagSourceDriver.hxx /dn43/OCCT/tmp/results_30.09.2011/occt/release-sources-20110930/inc/Handle_BinMDF_TagSourceDriver.hxx
+M BinMDF:pubinclude:BinMDF_TagSourceDriver.hxx /dn43/OCCT/tmp/results_30.09.2011/occt/release-sources-20110930/inc/BinMDF_TagSourceDriver.hxx
+M BinMDF:privinclude:BinMDF_TagSourceDriver.jxx /dn43/OCCT/tmp/results_30.09.2011/occt/release-sources-20110930/drv/BinMDF/BinMDF_TagSourceDriver.jxx
+M BinMDF:privinclude:BinMDF_TagSourceDriver.ixx /dn43/OCCT/tmp/results_30.09.2011/occt/release-sources-20110930/drv/BinMDF/BinMDF_TagSourceDriver.ixx
+M BinMDF:pubinclude:BinMDF_TypeADriverMap.hxx /dn43/OCCT/tmp/results_30.09.2011/occt/release-sources-20110930/inc/BinMDF_TypeADriverMap.hxx
+M BinMDF:derivated:BinMDF_TypeADriverMap_0.cxx /dn43/OCCT/tmp/results_30.09.2011/occt/release-sources-20110930/drv/BinMDF/BinMDF_TypeADriverMap_0.cxx
+M BinMDF:pubinclude:BinMDF_TypeIdMap.hxx /dn43/OCCT/tmp/results_30.09.2011/occt/release-sources-20110930/inc/BinMDF_TypeIdMap.hxx
+M BinMDF:derivated:BinMDF_TypeIdMap_0.cxx /dn43/OCCT/tmp/results_30.09.2011/occt/release-sources-20110930/drv/BinMDF/BinMDF_TypeIdMap_0.cxx
+M BinMDF:pubinclude:Handle_BinMDF_ADriverTable.hxx /dn43/OCCT/tmp/results_30.09.2011/occt/release-sources-20110930/inc/Handle_BinMDF_ADriverTable.hxx
+M BinMDF:pubinclude:BinMDF_ADriverTable.hxx /dn43/OCCT/tmp/results_30.09.2011/occt/release-sources-20110930/inc/BinMDF_ADriverTable.hxx
+M BinMDF:privinclude:BinMDF_ADriverTable.jxx /dn43/OCCT/tmp/results_30.09.2011/occt/release-sources-20110930/drv/BinMDF/BinMDF_ADriverTable.jxx
+M BinMDF:privinclude:BinMDF_ADriverTable.ixx /dn43/OCCT/tmp/results_30.09.2011/occt/release-sources-20110930/drv/BinMDF/BinMDF_ADriverTable.ixx
+M BinMDF:pubinclude:Handle_BinMDF_DataMapNodeOfTypeADriverMap.hxx /dn43/OCCT/tmp/results_30.09.2011/occt/release-sources-20110930/inc/Handle_BinMDF_DataMapNodeOfTypeADriverMap.hxx
+M BinMDF:pubinclude:BinMDF_DataMapNodeOfTypeADriverMap.hxx /dn43/OCCT/tmp/results_30.09.2011/occt/release-sources-20110930/inc/BinMDF_DataMapNodeOfTypeADriverMap.hxx
+M BinMDF:derivated:BinMDF_DataMapNodeOfTypeADriverMap_0.cxx /dn43/OCCT/tmp/results_30.09.2011/occt/release-sources-20110930/drv/BinMDF/BinMDF_DataMapNodeOfTypeADriverMap_0.cxx
+M BinMDF:pubinclude:BinMDF_DataMapIteratorOfTypeADriverMap.hxx /dn43/OCCT/tmp/results_30.09.2011/occt/release-sources-20110930/inc/BinMDF_DataMapIteratorOfTypeADriverMap.hxx
+M BinMDF:derivated:BinMDF_DataMapIteratorOfTypeADriverMap_0.cxx /dn43/OCCT/tmp/results_30.09.2011/occt/release-sources-20110930/drv/BinMDF/BinMDF_DataMapIteratorOfTypeADriverMap_0.cxx
+M BinMDF:pubinclude:Handle_BinMDF_DoubleMapNodeOfTypeIdMap.hxx /dn43/OCCT/tmp/results_30.09.2011/occt/release-sources-20110930/inc/Handle_BinMDF_DoubleMapNodeOfTypeIdMap.hxx
+M BinMDF:pubinclude:BinMDF_DoubleMapNodeOfTypeIdMap.hxx /dn43/OCCT/tmp/results_30.09.2011/occt/release-sources-20110930/inc/BinMDF_DoubleMapNodeOfTypeIdMap.hxx
+M BinMDF:derivated:BinMDF_DoubleMapNodeOfTypeIdMap_0.cxx /dn43/OCCT/tmp/results_30.09.2011/occt/release-sources-20110930/drv/BinMDF/BinMDF_DoubleMapNodeOfTypeIdMap_0.cxx
+M BinMDF:pubinclude:BinMDF_DoubleMapIteratorOfTypeIdMap.hxx /dn43/OCCT/tmp/results_30.09.2011/occt/release-sources-20110930/inc/BinMDF_DoubleMapIteratorOfTypeIdMap.hxx
+M BinMDF:derivated:BinMDF_DoubleMapIteratorOfTypeIdMap_0.cxx /dn43/OCCT/tmp/results_30.09.2011/occt/release-sources-20110930/drv/BinMDF/BinMDF_DoubleMapIteratorOfTypeIdMap_0.cxx
+M BinMDF:pubinclude:BinMDF_StringIdMap.hxx /dn43/OCCT/tmp/results_30.09.2011/occt/release-sources-20110930/inc/BinMDF_StringIdMap.hxx
+M BinMDF:dbadmfile:BinMDF_xcpp_header.In /dn43/OCCT/tmp/results_30.09.2011/occt/release-sources-20110930/drv/BinMDF/.adm/BinMDF_xcpp_header.In
+M BinMDF:dbadmfile:BinMDF_xcpp_header.Out /dn43/OCCT/tmp/results_30.09.2011/occt/release-sources-20110930/drv/BinMDF/.adm/BinMDF_xcpp_header.Out
+M BinMDF:dbadmfile:BinMDF_xcpp_header.Dep /dn43/OCCT/tmp/results_30.09.2011/occt/release-sources-20110930/drv/BinMDF/.adm/BinMDF_xcpp_header.Dep
