+M Blend:pubinclude:Blend_Walking_1.gxx /dn43/OCCT/tmp/results_31.05.2011/occt/release-sources-20110531/inc/Blend_Walking_1.gxx
+M Blend:pubinclude:Blend_Walking_2.gxx /dn43/OCCT/tmp/results_31.05.2011/occt/release-sources-20110531/inc/Blend_Walking_2.gxx
+M Blend:pubinclude:Blend_Walking_3.gxx /dn43/OCCT/tmp/results_31.05.2011/occt/release-sources-20110531/inc/Blend_Walking_3.gxx
+M Blend:pubinclude:Blend_Walking_4.gxx /dn43/OCCT/tmp/results_31.05.2011/occt/release-sources-20110531/inc/Blend_Walking_4.gxx
+M Blend:pubinclude:Blend_CSWalking_1.gxx /dn43/OCCT/tmp/results_31.05.2011/occt/release-sources-20110531/inc/Blend_CSWalking_1.gxx
+M Blend:pubinclude:Blend_CSWalking_2.gxx /dn43/OCCT/tmp/results_31.05.2011/occt/release-sources-20110531/inc/Blend_CSWalking_2.gxx
+M Blend:pubinclude:Blend_CSWalking_3.gxx /dn43/OCCT/tmp/results_31.05.2011/occt/release-sources-20110531/inc/Blend_CSWalking_3.gxx
+M Blend:pubinclude:Blend_CSWalking_4.gxx /dn43/OCCT/tmp/results_31.05.2011/occt/release-sources-20110531/inc/Blend_CSWalking_4.gxx
+M Blend:pubinclude:Blend_Iterator.gxx /dn43/OCCT/tmp/results_31.05.2011/occt/release-sources-20110531/inc/Blend_Iterator.gxx
+M Blend:pubinclude:Blend_Point.lxx /dn43/OCCT/tmp/results_31.05.2011/occt/release-sources-20110531/inc/Blend_Point.lxx
+M Blend:pubinclude:Blend_Extremity.gxx /dn43/OCCT/tmp/results_31.05.2011/occt/release-sources-20110531/inc/Blend_Extremity.gxx
+M Blend:pubinclude:Blend_Extremity.lxx /dn43/OCCT/tmp/results_31.05.2011/occt/release-sources-20110531/inc/Blend_Extremity.lxx
+M Blend:pubinclude:Blend_PointOnRst.gxx /dn43/OCCT/tmp/results_31.05.2011/occt/release-sources-20110531/inc/Blend_PointOnRst.gxx
+M Blend:pubinclude:Blend_PointOnRst.lxx /dn43/OCCT/tmp/results_31.05.2011/occt/release-sources-20110531/inc/Blend_PointOnRst.lxx
+M Blend:pubinclude:Blend_Line.gxx /dn43/OCCT/tmp/results_31.05.2011/occt/release-sources-20110531/inc/Blend_Line.gxx
+M Blend:pubinclude:Blend_Line.lxx /dn43/OCCT/tmp/results_31.05.2011/occt/release-sources-20110531/inc/Blend_Line.lxx
+M Blend:pubinclude:Blend_Walking.gxx /dn43/OCCT/tmp/results_31.05.2011/occt/release-sources-20110531/inc/Blend_Walking.gxx
+M Blend:pubinclude:Blend_Walking.lxx /dn43/OCCT/tmp/results_31.05.2011/occt/release-sources-20110531/inc/Blend_Walking.lxx
+M Blend:pubinclude:Blend_CSWalking.gxx /dn43/OCCT/tmp/results_31.05.2011/occt/release-sources-20110531/inc/Blend_CSWalking.gxx
+M Blend:pubinclude:Blend_CSWalking.lxx /dn43/OCCT/tmp/results_31.05.2011/occt/release-sources-20110531/inc/Blend_CSWalking.lxx
+M Blend:dbadmfile:Blend_obj_inc.In /dn43/OCCT/tmp/results_31.05.2011/occt/release-sources-20110531/drv/Blend/.adm/Blend_obj_inc.In
+M Blend:dbadmfile:Blend_obj_inc.Out /dn43/OCCT/tmp/results_31.05.2011/occt/release-sources-20110531/drv/Blend/.adm/Blend_obj_inc.Out
+M Blend:dbadmfile:Blend_obj_inc.Dep /dn43/OCCT/tmp/results_31.05.2011/occt/release-sources-20110531/drv/Blend/.adm/Blend_obj_inc.Dep
