+M Blend:pubinclude:Blend_AppFunction.hxx /dn43/OCCT/tmp/results_28.02.2011/occt/release-sources-20110228/inc/Blend_AppFunction.hxx
+M Blend:privinclude:Blend_AppFunction.jxx /dn43/OCCT/tmp/results_28.02.2011/occt/release-sources-20110228/drv/Blend/Blend_AppFunction.jxx
+M Blend:privinclude:Blend_AppFunction.ixx /dn43/OCCT/tmp/results_28.02.2011/occt/release-sources-20110228/drv/Blend/Blend_AppFunction.ixx
+M Blend:pubinclude:Blend_Function.hxx /dn43/OCCT/tmp/results_28.02.2011/occt/release-sources-20110228/inc/Blend_Function.hxx
+M Blend:privinclude:Blend_Function.jxx /dn43/OCCT/tmp/results_28.02.2011/occt/release-sources-20110228/drv/Blend/Blend_Function.jxx
+M Blend:privinclude:Blend_Function.ixx /dn43/OCCT/tmp/results_28.02.2011/occt/release-sources-20110228/drv/Blend/Blend_Function.ixx
+M Blend:pubinclude:Blend_FuncInv.hxx /dn43/OCCT/tmp/results_28.02.2011/occt/release-sources-20110228/inc/Blend_FuncInv.hxx
+M Blend:privinclude:Blend_FuncInv.jxx /dn43/OCCT/tmp/results_28.02.2011/occt/release-sources-20110228/drv/Blend/Blend_FuncInv.jxx
+M Blend:privinclude:Blend_FuncInv.ixx /dn43/OCCT/tmp/results_28.02.2011/occt/release-sources-20110228/drv/Blend/Blend_FuncInv.ixx
+M Blend:pubinclude:Blend_CSFunction.hxx /dn43/OCCT/tmp/results_28.02.2011/occt/release-sources-20110228/inc/Blend_CSFunction.hxx
+M Blend:privinclude:Blend_CSFunction.jxx /dn43/OCCT/tmp/results_28.02.2011/occt/release-sources-20110228/drv/Blend/Blend_CSFunction.jxx
+M Blend:privinclude:Blend_CSFunction.ixx /dn43/OCCT/tmp/results_28.02.2011/occt/release-sources-20110228/drv/Blend/Blend_CSFunction.ixx
+M Blend:pubinclude:Blend_SurfRstFunction.hxx /dn43/OCCT/tmp/results_28.02.2011/occt/release-sources-20110228/inc/Blend_SurfRstFunction.hxx
+M Blend:privinclude:Blend_SurfRstFunction.jxx /dn43/OCCT/tmp/results_28.02.2011/occt/release-sources-20110228/drv/Blend/Blend_SurfRstFunction.jxx
+M Blend:privinclude:Blend_SurfRstFunction.ixx /dn43/OCCT/tmp/results_28.02.2011/occt/release-sources-20110228/drv/Blend/Blend_SurfRstFunction.ixx
+M Blend:pubinclude:Blend_SurfPointFuncInv.hxx /dn43/OCCT/tmp/results_28.02.2011/occt/release-sources-20110228/inc/Blend_SurfPointFuncInv.hxx
+M Blend:privinclude:Blend_SurfPointFuncInv.jxx /dn43/OCCT/tmp/results_28.02.2011/occt/release-sources-20110228/drv/Blend/Blend_SurfPointFuncInv.jxx
+M Blend:privinclude:Blend_SurfPointFuncInv.ixx /dn43/OCCT/tmp/results_28.02.2011/occt/release-sources-20110228/drv/Blend/Blend_SurfPointFuncInv.ixx
+M Blend:pubinclude:Blend_SurfCurvFuncInv.hxx /dn43/OCCT/tmp/results_28.02.2011/occt/release-sources-20110228/inc/Blend_SurfCurvFuncInv.hxx
+M Blend:privinclude:Blend_SurfCurvFuncInv.jxx /dn43/OCCT/tmp/results_28.02.2011/occt/release-sources-20110228/drv/Blend/Blend_SurfCurvFuncInv.jxx
+M Blend:privinclude:Blend_SurfCurvFuncInv.ixx /dn43/OCCT/tmp/results_28.02.2011/occt/release-sources-20110228/drv/Blend/Blend_SurfCurvFuncInv.ixx
+M Blend:pubinclude:Blend_RstRstFunction.hxx /dn43/OCCT/tmp/results_28.02.2011/occt/release-sources-20110228/inc/Blend_RstRstFunction.hxx
+M Blend:privinclude:Blend_RstRstFunction.jxx /dn43/OCCT/tmp/results_28.02.2011/occt/release-sources-20110228/drv/Blend/Blend_RstRstFunction.jxx
+M Blend:privinclude:Blend_RstRstFunction.ixx /dn43/OCCT/tmp/results_28.02.2011/occt/release-sources-20110228/drv/Blend/Blend_RstRstFunction.ixx
+M Blend:pubinclude:Blend_CurvPointFuncInv.hxx /dn43/OCCT/tmp/results_28.02.2011/occt/release-sources-20110228/inc/Blend_CurvPointFuncInv.hxx
+M Blend:privinclude:Blend_CurvPointFuncInv.jxx /dn43/OCCT/tmp/results_28.02.2011/occt/release-sources-20110228/drv/Blend/Blend_CurvPointFuncInv.jxx
+M Blend:privinclude:Blend_CurvPointFuncInv.ixx /dn43/OCCT/tmp/results_28.02.2011/occt/release-sources-20110228/drv/Blend/Blend_CurvPointFuncInv.ixx
+M Blend:pubinclude:Blend_Point.hxx /dn43/OCCT/tmp/results_28.02.2011/occt/release-sources-20110228/inc/Blend_Point.hxx
+M Blend:privinclude:Blend_Point.jxx /dn43/OCCT/tmp/results_28.02.2011/occt/release-sources-20110228/drv/Blend/Blend_Point.jxx
+M Blend:privinclude:Blend_Point.ixx /dn43/OCCT/tmp/results_28.02.2011/occt/release-sources-20110228/drv/Blend/Blend_Point.ixx
+M Blend:pubinclude:Blend_SequenceOfPoint.hxx /dn43/OCCT/tmp/results_28.02.2011/occt/release-sources-20110228/inc/Blend_SequenceOfPoint.hxx
+M Blend:derivated:Blend_SequenceOfPoint_0.cxx /dn43/OCCT/tmp/results_28.02.2011/occt/release-sources-20110228/drv/Blend/Blend_SequenceOfPoint_0.cxx
+M Blend:pubinclude:Handle_Blend_SequenceNodeOfSequenceOfPoint.hxx /dn43/OCCT/tmp/results_28.02.2011/occt/release-sources-20110228/inc/Handle_Blend_SequenceNodeOfSequenceOfPoint.hxx
+M Blend:pubinclude:Blend_SequenceNodeOfSequenceOfPoint.hxx /dn43/OCCT/tmp/results_28.02.2011/occt/release-sources-20110228/inc/Blend_SequenceNodeOfSequenceOfPoint.hxx
+M Blend:derivated:Blend_SequenceNodeOfSequenceOfPoint_0.cxx /dn43/OCCT/tmp/results_28.02.2011/occt/release-sources-20110228/drv/Blend/Blend_SequenceNodeOfSequenceOfPoint_0.cxx
+M Blend:pubinclude:Blend_Status.hxx /dn43/OCCT/tmp/results_28.02.2011/occt/release-sources-20110228/inc/Blend_Status.hxx
+M Blend:pubinclude:Blend_DecrochStatus.hxx /dn43/OCCT/tmp/results_28.02.2011/occt/release-sources-20110228/inc/Blend_DecrochStatus.hxx
+M Blend:dbadmfile:Blend_xcpp_header.In /dn43/OCCT/tmp/results_28.02.2011/occt/release-sources-20110228/drv/Blend/.adm/Blend_xcpp_header.In
+M Blend:dbadmfile:Blend_xcpp_header.Out /dn43/OCCT/tmp/results_28.02.2011/occt/release-sources-20110228/drv/Blend/.adm/Blend_xcpp_header.Out
+M Blend:dbadmfile:Blend_xcpp_header.Dep /dn43/OCCT/tmp/results_28.02.2011/occt/release-sources-20110228/drv/Blend/.adm/Blend_xcpp_header.Dep
