+M TDataStd:pubinclude:TDataStd.hxx /dn43/OCCT/tmp/results_31.05.2011/occt/release-sources-20110531/inc/TDataStd.hxx
+M TDataStd:privinclude:TDataStd.jxx /dn43/OCCT/tmp/results_31.05.2011/occt/release-sources-20110531/drv/TDataStd/TDataStd.jxx
+M TDataStd:privinclude:TDataStd.ixx /dn43/OCCT/tmp/results_31.05.2011/occt/release-sources-20110531/drv/TDataStd/TDataStd.ixx
+M TDataStd:pubinclude:Handle_TDataStd_Current.hxx /dn43/OCCT/tmp/results_31.05.2011/occt/release-sources-20110531/inc/Handle_TDataStd_Current.hxx
+M TDataStd:pubinclude:TDataStd_Current.hxx /dn43/OCCT/tmp/results_31.05.2011/occt/release-sources-20110531/inc/TDataStd_Current.hxx
+M TDataStd:privinclude:TDataStd_Current.jxx /dn43/OCCT/tmp/results_31.05.2011/occt/release-sources-20110531/drv/TDataStd/TDataStd_Current.jxx
+M TDataStd:privinclude:TDataStd_Current.ixx /dn43/OCCT/tmp/results_31.05.2011/occt/release-sources-20110531/drv/TDataStd/TDataStd_Current.ixx
+M TDataStd:pubinclude:Handle_TDataStd_Name.hxx /dn43/OCCT/tmp/results_31.05.2011/occt/release-sources-20110531/inc/Handle_TDataStd_Name.hxx
+M TDataStd:pubinclude:TDataStd_Name.hxx /dn43/OCCT/tmp/results_31.05.2011/occt/release-sources-20110531/inc/TDataStd_Name.hxx
+M TDataStd:privinclude:TDataStd_Name.jxx /dn43/OCCT/tmp/results_31.05.2011/occt/release-sources-20110531/drv/TDataStd/TDataStd_Name.jxx
+M TDataStd:privinclude:TDataStd_Name.ixx /dn43/OCCT/tmp/results_31.05.2011/occt/release-sources-20110531/drv/TDataStd/TDataStd_Name.ixx
+M TDataStd:pubinclude:Handle_TDataStd_Comment.hxx /dn43/OCCT/tmp/results_31.05.2011/occt/release-sources-20110531/inc/Handle_TDataStd_Comment.hxx
+M TDataStd:pubinclude:TDataStd_Comment.hxx /dn43/OCCT/tmp/results_31.05.2011/occt/release-sources-20110531/inc/TDataStd_Comment.hxx
+M TDataStd:privinclude:TDataStd_Comment.jxx /dn43/OCCT/tmp/results_31.05.2011/occt/release-sources-20110531/drv/TDataStd/TDataStd_Comment.jxx
+M TDataStd:privinclude:TDataStd_Comment.ixx /dn43/OCCT/tmp/results_31.05.2011/occt/release-sources-20110531/drv/TDataStd/TDataStd_Comment.ixx
+M TDataStd:pubinclude:Handle_TDataStd_Integer.hxx /dn43/OCCT/tmp/results_31.05.2011/occt/release-sources-20110531/inc/Handle_TDataStd_Integer.hxx
+M TDataStd:pubinclude:TDataStd_Integer.hxx /dn43/OCCT/tmp/results_31.05.2011/occt/release-sources-20110531/inc/TDataStd_Integer.hxx
+M TDataStd:privinclude:TDataStd_Integer.jxx /dn43/OCCT/tmp/results_31.05.2011/occt/release-sources-20110531/drv/TDataStd/TDataStd_Integer.jxx
+M TDataStd:privinclude:TDataStd_Integer.ixx /dn43/OCCT/tmp/results_31.05.2011/occt/release-sources-20110531/drv/TDataStd/TDataStd_Integer.ixx
+M TDataStd:pubinclude:Handle_TDataStd_IntegerArray.hxx /dn43/OCCT/tmp/results_31.05.2011/occt/release-sources-20110531/inc/Handle_TDataStd_IntegerArray.hxx
+M TDataStd:pubinclude:TDataStd_IntegerArray.hxx /dn43/OCCT/tmp/results_31.05.2011/occt/release-sources-20110531/inc/TDataStd_IntegerArray.hxx
+M TDataStd:privinclude:TDataStd_IntegerArray.jxx /dn43/OCCT/tmp/results_31.05.2011/occt/release-sources-20110531/drv/TDataStd/TDataStd_IntegerArray.jxx
+M TDataStd:privinclude:TDataStd_IntegerArray.ixx /dn43/OCCT/tmp/results_31.05.2011/occt/release-sources-20110531/drv/TDataStd/TDataStd_IntegerArray.ixx
+M TDataStd:pubinclude:Handle_TDataStd_Real.hxx /dn43/OCCT/tmp/results_31.05.2011/occt/release-sources-20110531/inc/Handle_TDataStd_Real.hxx
+M TDataStd:pubinclude:TDataStd_Real.hxx /dn43/OCCT/tmp/results_31.05.2011/occt/release-sources-20110531/inc/TDataStd_Real.hxx
+M TDataStd:privinclude:TDataStd_Real.jxx /dn43/OCCT/tmp/results_31.05.2011/occt/release-sources-20110531/drv/TDataStd/TDataStd_Real.jxx
+M TDataStd:privinclude:TDataStd_Real.ixx /dn43/OCCT/tmp/results_31.05.2011/occt/release-sources-20110531/drv/TDataStd/TDataStd_Real.ixx
+M TDataStd:pubinclude:Handle_TDataStd_RealArray.hxx /dn43/OCCT/tmp/results_31.05.2011/occt/release-sources-20110531/inc/Handle_TDataStd_RealArray.hxx
+M TDataStd:pubinclude:TDataStd_RealArray.hxx /dn43/OCCT/tmp/results_31.05.2011/occt/release-sources-20110531/inc/TDataStd_RealArray.hxx
+M TDataStd:privinclude:TDataStd_RealArray.jxx /dn43/OCCT/tmp/results_31.05.2011/occt/release-sources-20110531/drv/TDataStd/TDataStd_RealArray.jxx
+M TDataStd:privinclude:TDataStd_RealArray.ixx /dn43/OCCT/tmp/results_31.05.2011/occt/release-sources-20110531/drv/TDataStd/TDataStd_RealArray.ixx
+M TDataStd:pubinclude:Handle_TDataStd_ExtStringArray.hxx /dn43/OCCT/tmp/results_31.05.2011/occt/release-sources-20110531/inc/Handle_TDataStd_ExtStringArray.hxx
+M TDataStd:pubinclude:TDataStd_ExtStringArray.hxx /dn43/OCCT/tmp/results_31.05.2011/occt/release-sources-20110531/inc/TDataStd_ExtStringArray.hxx
+M TDataStd:privinclude:TDataStd_ExtStringArray.jxx /dn43/OCCT/tmp/results_31.05.2011/occt/release-sources-20110531/drv/TDataStd/TDataStd_ExtStringArray.jxx
+M TDataStd:privinclude:TDataStd_ExtStringArray.ixx /dn43/OCCT/tmp/results_31.05.2011/occt/release-sources-20110531/drv/TDataStd/TDataStd_ExtStringArray.ixx
+M TDataStd:pubinclude:Handle_TDataStd_UAttribute.hxx /dn43/OCCT/tmp/results_31.05.2011/occt/release-sources-20110531/inc/Handle_TDataStd_UAttribute.hxx
+M TDataStd:pubinclude:TDataStd_UAttribute.hxx /dn43/OCCT/tmp/results_31.05.2011/occt/release-sources-20110531/inc/TDataStd_UAttribute.hxx
+M TDataStd:privinclude:TDataStd_UAttribute.jxx /dn43/OCCT/tmp/results_31.05.2011/occt/release-sources-20110531/drv/TDataStd/TDataStd_UAttribute.jxx
+M TDataStd:privinclude:TDataStd_UAttribute.ixx /dn43/OCCT/tmp/results_31.05.2011/occt/release-sources-20110531/drv/TDataStd/TDataStd_UAttribute.ixx
+M TDataStd:pubinclude:Handle_TDataStd_TreeNode.hxx /dn43/OCCT/tmp/results_31.05.2011/occt/release-sources-20110531/inc/Handle_TDataStd_TreeNode.hxx
+M TDataStd:pubinclude:TDataStd_TreeNode.hxx /dn43/OCCT/tmp/results_31.05.2011/occt/release-sources-20110531/inc/TDataStd_TreeNode.hxx
+M TDataStd:privinclude:TDataStd_TreeNode.jxx /dn43/OCCT/tmp/results_31.05.2011/occt/release-sources-20110531/drv/TDataStd/TDataStd_TreeNode.jxx
+M TDataStd:privinclude:TDataStd_TreeNode.ixx /dn43/OCCT/tmp/results_31.05.2011/occt/release-sources-20110531/drv/TDataStd/TDataStd_TreeNode.ixx
+M TDataStd:pubinclude:TDataStd_ChildNodeIterator.hxx /dn43/OCCT/tmp/results_31.05.2011/occt/release-sources-20110531/inc/TDataStd_ChildNodeIterator.hxx
+M TDataStd:privinclude:TDataStd_ChildNodeIterator.jxx /dn43/OCCT/tmp/results_31.05.2011/occt/release-sources-20110531/drv/TDataStd/TDataStd_ChildNodeIterator.jxx
+M TDataStd:privinclude:TDataStd_ChildNodeIterator.ixx /dn43/OCCT/tmp/results_31.05.2011/occt/release-sources-20110531/drv/TDataStd/TDataStd_ChildNodeIterator.ixx
+M TDataStd:pubinclude:Handle_TDataStd_Directory.hxx /dn43/OCCT/tmp/results_31.05.2011/occt/release-sources-20110531/inc/Handle_TDataStd_Directory.hxx
+M TDataStd:pubinclude:TDataStd_Directory.hxx /dn43/OCCT/tmp/results_31.05.2011/occt/release-sources-20110531/inc/TDataStd_Directory.hxx
+M TDataStd:privinclude:TDataStd_Directory.jxx /dn43/OCCT/tmp/results_31.05.2011/occt/release-sources-20110531/drv/TDataStd/TDataStd_Directory.jxx
+M TDataStd:privinclude:TDataStd_Directory.ixx /dn43/OCCT/tmp/results_31.05.2011/occt/release-sources-20110531/drv/TDataStd/TDataStd_Directory.ixx
+M TDataStd:pubinclude:Handle_TDataStd_NoteBook.hxx /dn43/OCCT/tmp/results_31.05.2011/occt/release-sources-20110531/inc/Handle_TDataStd_NoteBook.hxx
+M TDataStd:pubinclude:TDataStd_NoteBook.hxx /dn43/OCCT/tmp/results_31.05.2011/occt/release-sources-20110531/inc/TDataStd_NoteBook.hxx
+M TDataStd:privinclude:TDataStd_NoteBook.jxx /dn43/OCCT/tmp/results_31.05.2011/occt/release-sources-20110531/drv/TDataStd/TDataStd_NoteBook.jxx
+M TDataStd:privinclude:TDataStd_NoteBook.ixx /dn43/OCCT/tmp/results_31.05.2011/occt/release-sources-20110531/drv/TDataStd/TDataStd_NoteBook.ixx
+M TDataStd:pubinclude:Handle_TDataStd_Expression.hxx /dn43/OCCT/tmp/results_31.05.2011/occt/release-sources-20110531/inc/Handle_TDataStd_Expression.hxx
+M TDataStd:pubinclude:TDataStd_Expression.hxx /dn43/OCCT/tmp/results_31.05.2011/occt/release-sources-20110531/inc/TDataStd_Expression.hxx
+M TDataStd:privinclude:TDataStd_Expression.jxx /dn43/OCCT/tmp/results_31.05.2011/occt/release-sources-20110531/drv/TDataStd/TDataStd_Expression.jxx
+M TDataStd:privinclude:TDataStd_Expression.ixx /dn43/OCCT/tmp/results_31.05.2011/occt/release-sources-20110531/drv/TDataStd/TDataStd_Expression.ixx
+M TDataStd:pubinclude:Handle_TDataStd_Relation.hxx /dn43/OCCT/tmp/results_31.05.2011/occt/release-sources-20110531/inc/Handle_TDataStd_Relation.hxx
+M TDataStd:pubinclude:TDataStd_Relation.hxx /dn43/OCCT/tmp/results_31.05.2011/occt/release-sources-20110531/inc/TDataStd_Relation.hxx
+M TDataStd:privinclude:TDataStd_Relation.jxx /dn43/OCCT/tmp/results_31.05.2011/occt/release-sources-20110531/drv/TDataStd/TDataStd_Relation.jxx
+M TDataStd:privinclude:TDataStd_Relation.ixx /dn43/OCCT/tmp/results_31.05.2011/occt/release-sources-20110531/drv/TDataStd/TDataStd_Relation.ixx
+M TDataStd:pubinclude:Handle_TDataStd_Variable.hxx /dn43/OCCT/tmp/results_31.05.2011/occt/release-sources-20110531/inc/Handle_TDataStd_Variable.hxx
+M TDataStd:pubinclude:TDataStd_Variable.hxx /dn43/OCCT/tmp/results_31.05.2011/occt/release-sources-20110531/inc/TDataStd_Variable.hxx
+M TDataStd:privinclude:TDataStd_Variable.jxx /dn43/OCCT/tmp/results_31.05.2011/occt/release-sources-20110531/drv/TDataStd/TDataStd_Variable.jxx
+M TDataStd:privinclude:TDataStd_Variable.ixx /dn43/OCCT/tmp/results_31.05.2011/occt/release-sources-20110531/drv/TDataStd/TDataStd_Variable.ixx
+M TDataStd:pubinclude:Handle_TDataStd_DeltaOnModificationOfIntArray.hxx /dn43/OCCT/tmp/results_31.05.2011/occt/release-sources-20110531/inc/Handle_TDataStd_DeltaOnModificationOfIntArray.hxx
+M TDataStd:pubinclude:TDataStd_DeltaOnModificationOfIntArray.hxx /dn43/OCCT/tmp/results_31.05.2011/occt/release-sources-20110531/inc/TDataStd_DeltaOnModificationOfIntArray.hxx
+M TDataStd:privinclude:TDataStd_DeltaOnModificationOfIntArray.jxx /dn43/OCCT/tmp/results_31.05.2011/occt/release-sources-20110531/drv/TDataStd/TDataStd_DeltaOnModificationOfIntArray.jxx
+M TDataStd:privinclude:TDataStd_DeltaOnModificationOfIntArray.ixx /dn43/OCCT/tmp/results_31.05.2011/occt/release-sources-20110531/drv/TDataStd/TDataStd_DeltaOnModificationOfIntArray.ixx
+M TDataStd:pubinclude:Handle_TDataStd_DeltaOnModificationOfRealArray.hxx /dn43/OCCT/tmp/results_31.05.2011/occt/release-sources-20110531/inc/Handle_TDataStd_DeltaOnModificationOfRealArray.hxx
+M TDataStd:pubinclude:TDataStd_DeltaOnModificationOfRealArray.hxx /dn43/OCCT/tmp/results_31.05.2011/occt/release-sources-20110531/inc/TDataStd_DeltaOnModificationOfRealArray.hxx
+M TDataStd:privinclude:TDataStd_DeltaOnModificationOfRealArray.jxx /dn43/OCCT/tmp/results_31.05.2011/occt/release-sources-20110531/drv/TDataStd/TDataStd_DeltaOnModificationOfRealArray.jxx
+M TDataStd:privinclude:TDataStd_DeltaOnModificationOfRealArray.ixx /dn43/OCCT/tmp/results_31.05.2011/occt/release-sources-20110531/drv/TDataStd/TDataStd_DeltaOnModificationOfRealArray.ixx
+M TDataStd:pubinclude:Handle_TDataStd_DeltaOnModificationOfExtStringArray.hxx /dn43/OCCT/tmp/results_31.05.2011/occt/release-sources-20110531/inc/Handle_TDataStd_DeltaOnModificationOfExtStringArray.hxx
+M TDataStd:pubinclude:TDataStd_DeltaOnModificationOfExtStringArray.hxx /dn43/OCCT/tmp/results_31.05.2011/occt/release-sources-20110531/inc/TDataStd_DeltaOnModificationOfExtStringArray.hxx
+M TDataStd:privinclude:TDataStd_DeltaOnModificationOfExtStringArray.jxx /dn43/OCCT/tmp/results_31.05.2011/occt/release-sources-20110531/drv/TDataStd/TDataStd_DeltaOnModificationOfExtStringArray.jxx
+M TDataStd:privinclude:TDataStd_DeltaOnModificationOfExtStringArray.ixx /dn43/OCCT/tmp/results_31.05.2011/occt/release-sources-20110531/drv/TDataStd/TDataStd_DeltaOnModificationOfExtStringArray.ixx
+M TDataStd:pubinclude:Handle_TDataStd_DeltaOnModificationOfIntPackedMap.hxx /dn43/OCCT/tmp/results_31.05.2011/occt/release-sources-20110531/inc/Handle_TDataStd_DeltaOnModificationOfIntPackedMap.hxx
+M TDataStd:pubinclude:TDataStd_DeltaOnModificationOfIntPackedMap.hxx /dn43/OCCT/tmp/results_31.05.2011/occt/release-sources-20110531/inc/TDataStd_DeltaOnModificationOfIntPackedMap.hxx
+M TDataStd:privinclude:TDataStd_DeltaOnModificationOfIntPackedMap.jxx /dn43/OCCT/tmp/results_31.05.2011/occt/release-sources-20110531/drv/TDataStd/TDataStd_DeltaOnModificationOfIntPackedMap.jxx
+M TDataStd:privinclude:TDataStd_DeltaOnModificationOfIntPackedMap.ixx /dn43/OCCT/tmp/results_31.05.2011/occt/release-sources-20110531/drv/TDataStd/TDataStd_DeltaOnModificationOfIntPackedMap.ixx
+M TDataStd:pubinclude:Handle_TDataStd_DeltaOnModificationOfByteArray.hxx /dn43/OCCT/tmp/results_31.05.2011/occt/release-sources-20110531/inc/Handle_TDataStd_DeltaOnModificationOfByteArray.hxx
+M TDataStd:pubinclude:TDataStd_DeltaOnModificationOfByteArray.hxx /dn43/OCCT/tmp/results_31.05.2011/occt/release-sources-20110531/inc/TDataStd_DeltaOnModificationOfByteArray.hxx
+M TDataStd:privinclude:TDataStd_DeltaOnModificationOfByteArray.jxx /dn43/OCCT/tmp/results_31.05.2011/occt/release-sources-20110531/drv/TDataStd/TDataStd_DeltaOnModificationOfByteArray.jxx
+M TDataStd:privinclude:TDataStd_DeltaOnModificationOfByteArray.ixx /dn43/OCCT/tmp/results_31.05.2011/occt/release-sources-20110531/drv/TDataStd/TDataStd_DeltaOnModificationOfByteArray.ixx
+M TDataStd:pubinclude:Handle_TDataStd_Tick.hxx /dn43/OCCT/tmp/results_31.05.2011/occt/release-sources-20110531/inc/Handle_TDataStd_Tick.hxx
+M TDataStd:pubinclude:TDataStd_Tick.hxx /dn43/OCCT/tmp/results_31.05.2011/occt/release-sources-20110531/inc/TDataStd_Tick.hxx
+M TDataStd:privinclude:TDataStd_Tick.jxx /dn43/OCCT/tmp/results_31.05.2011/occt/release-sources-20110531/drv/TDataStd/TDataStd_Tick.jxx
+M TDataStd:privinclude:TDataStd_Tick.ixx /dn43/OCCT/tmp/results_31.05.2011/occt/release-sources-20110531/drv/TDataStd/TDataStd_Tick.ixx
+M TDataStd:pubinclude:Handle_TDataStd_AsciiString.hxx /dn43/OCCT/tmp/results_31.05.2011/occt/release-sources-20110531/inc/Handle_TDataStd_AsciiString.hxx
+M TDataStd:pubinclude:TDataStd_AsciiString.hxx /dn43/OCCT/tmp/results_31.05.2011/occt/release-sources-20110531/inc/TDataStd_AsciiString.hxx
+M TDataStd:privinclude:TDataStd_AsciiString.jxx /dn43/OCCT/tmp/results_31.05.2011/occt/release-sources-20110531/drv/TDataStd/TDataStd_AsciiString.jxx
+M TDataStd:privinclude:TDataStd_AsciiString.ixx /dn43/OCCT/tmp/results_31.05.2011/occt/release-sources-20110531/drv/TDataStd/TDataStd_AsciiString.ixx
+M TDataStd:pubinclude:Handle_TDataStd_IntPackedMap.hxx /dn43/OCCT/tmp/results_31.05.2011/occt/release-sources-20110531/inc/Handle_TDataStd_IntPackedMap.hxx
+M TDataStd:pubinclude:TDataStd_IntPackedMap.hxx /dn43/OCCT/tmp/results_31.05.2011/occt/release-sources-20110531/inc/TDataStd_IntPackedMap.hxx
+M TDataStd:privinclude:TDataStd_IntPackedMap.jxx /dn43/OCCT/tmp/results_31.05.2011/occt/release-sources-20110531/drv/TDataStd/TDataStd_IntPackedMap.jxx
+M TDataStd:privinclude:TDataStd_IntPackedMap.ixx /dn43/OCCT/tmp/results_31.05.2011/occt/release-sources-20110531/drv/TDataStd/TDataStd_IntPackedMap.ixx
+M TDataStd:pubinclude:Handle_TDataStd_IntegerList.hxx /dn43/OCCT/tmp/results_31.05.2011/occt/release-sources-20110531/inc/Handle_TDataStd_IntegerList.hxx
+M TDataStd:pubinclude:TDataStd_IntegerList.hxx /dn43/OCCT/tmp/results_31.05.2011/occt/release-sources-20110531/inc/TDataStd_IntegerList.hxx
+M TDataStd:privinclude:TDataStd_IntegerList.jxx /dn43/OCCT/tmp/results_31.05.2011/occt/release-sources-20110531/drv/TDataStd/TDataStd_IntegerList.jxx
+M TDataStd:privinclude:TDataStd_IntegerList.ixx /dn43/OCCT/tmp/results_31.05.2011/occt/release-sources-20110531/drv/TDataStd/TDataStd_IntegerList.ixx
+M TDataStd:pubinclude:Handle_TDataStd_RealList.hxx /dn43/OCCT/tmp/results_31.05.2011/occt/release-sources-20110531/inc/Handle_TDataStd_RealList.hxx
+M TDataStd:pubinclude:TDataStd_RealList.hxx /dn43/OCCT/tmp/results_31.05.2011/occt/release-sources-20110531/inc/TDataStd_RealList.hxx
+M TDataStd:privinclude:TDataStd_RealList.jxx /dn43/OCCT/tmp/results_31.05.2011/occt/release-sources-20110531/drv/TDataStd/TDataStd_RealList.jxx
+M TDataStd:privinclude:TDataStd_RealList.ixx /dn43/OCCT/tmp/results_31.05.2011/occt/release-sources-20110531/drv/TDataStd/TDataStd_RealList.ixx
+M TDataStd:pubinclude:Handle_TDataStd_ExtStringList.hxx /dn43/OCCT/tmp/results_31.05.2011/occt/release-sources-20110531/inc/Handle_TDataStd_ExtStringList.hxx
+M TDataStd:pubinclude:TDataStd_ExtStringList.hxx /dn43/OCCT/tmp/results_31.05.2011/occt/release-sources-20110531/inc/TDataStd_ExtStringList.hxx
+M TDataStd:privinclude:TDataStd_ExtStringList.jxx /dn43/OCCT/tmp/results_31.05.2011/occt/release-sources-20110531/drv/TDataStd/TDataStd_ExtStringList.jxx
+M TDataStd:privinclude:TDataStd_ExtStringList.ixx /dn43/OCCT/tmp/results_31.05.2011/occt/release-sources-20110531/drv/TDataStd/TDataStd_ExtStringList.ixx
+M TDataStd:pubinclude:Handle_TDataStd_BooleanList.hxx /dn43/OCCT/tmp/results_31.05.2011/occt/release-sources-20110531/inc/Handle_TDataStd_BooleanList.hxx
+M TDataStd:pubinclude:TDataStd_BooleanList.hxx /dn43/OCCT/tmp/results_31.05.2011/occt/release-sources-20110531/inc/TDataStd_BooleanList.hxx
+M TDataStd:privinclude:TDataStd_BooleanList.jxx /dn43/OCCT/tmp/results_31.05.2011/occt/release-sources-20110531/drv/TDataStd/TDataStd_BooleanList.jxx
+M TDataStd:privinclude:TDataStd_BooleanList.ixx /dn43/OCCT/tmp/results_31.05.2011/occt/release-sources-20110531/drv/TDataStd/TDataStd_BooleanList.ixx
+M TDataStd:pubinclude:Handle_TDataStd_ReferenceList.hxx /dn43/OCCT/tmp/results_31.05.2011/occt/release-sources-20110531/inc/Handle_TDataStd_ReferenceList.hxx
+M TDataStd:pubinclude:TDataStd_ReferenceList.hxx /dn43/OCCT/tmp/results_31.05.2011/occt/release-sources-20110531/inc/TDataStd_ReferenceList.hxx
+M TDataStd:privinclude:TDataStd_ReferenceList.jxx /dn43/OCCT/tmp/results_31.05.2011/occt/release-sources-20110531/drv/TDataStd/TDataStd_ReferenceList.jxx
+M TDataStd:privinclude:TDataStd_ReferenceList.ixx /dn43/OCCT/tmp/results_31.05.2011/occt/release-sources-20110531/drv/TDataStd/TDataStd_ReferenceList.ixx
+M TDataStd:pubinclude:Handle_TDataStd_BooleanArray.hxx /dn43/OCCT/tmp/results_31.05.2011/occt/release-sources-20110531/inc/Handle_TDataStd_BooleanArray.hxx
+M TDataStd:pubinclude:TDataStd_BooleanArray.hxx /dn43/OCCT/tmp/results_31.05.2011/occt/release-sources-20110531/inc/TDataStd_BooleanArray.hxx
+M TDataStd:privinclude:TDataStd_BooleanArray.jxx /dn43/OCCT/tmp/results_31.05.2011/occt/release-sources-20110531/drv/TDataStd/TDataStd_BooleanArray.jxx
+M TDataStd:privinclude:TDataStd_BooleanArray.ixx /dn43/OCCT/tmp/results_31.05.2011/occt/release-sources-20110531/drv/TDataStd/TDataStd_BooleanArray.ixx
+M TDataStd:pubinclude:Handle_TDataStd_ReferenceArray.hxx /dn43/OCCT/tmp/results_31.05.2011/occt/release-sources-20110531/inc/Handle_TDataStd_ReferenceArray.hxx
+M TDataStd:pubinclude:TDataStd_ReferenceArray.hxx /dn43/OCCT/tmp/results_31.05.2011/occt/release-sources-20110531/inc/TDataStd_ReferenceArray.hxx
+M TDataStd:privinclude:TDataStd_ReferenceArray.jxx /dn43/OCCT/tmp/results_31.05.2011/occt/release-sources-20110531/drv/TDataStd/TDataStd_ReferenceArray.jxx
+M TDataStd:privinclude:TDataStd_ReferenceArray.ixx /dn43/OCCT/tmp/results_31.05.2011/occt/release-sources-20110531/drv/TDataStd/TDataStd_ReferenceArray.ixx
+M TDataStd:pubinclude:Handle_TDataStd_ByteArray.hxx /dn43/OCCT/tmp/results_31.05.2011/occt/release-sources-20110531/inc/Handle_TDataStd_ByteArray.hxx
+M TDataStd:pubinclude:TDataStd_ByteArray.hxx /dn43/OCCT/tmp/results_31.05.2011/occt/release-sources-20110531/inc/TDataStd_ByteArray.hxx
+M TDataStd:privinclude:TDataStd_ByteArray.jxx /dn43/OCCT/tmp/results_31.05.2011/occt/release-sources-20110531/drv/TDataStd/TDataStd_ByteArray.jxx
+M TDataStd:privinclude:TDataStd_ByteArray.ixx /dn43/OCCT/tmp/results_31.05.2011/occt/release-sources-20110531/drv/TDataStd/TDataStd_ByteArray.ixx
+M TDataStd:pubinclude:Handle_TDataStd_NamedData.hxx /dn43/OCCT/tmp/results_31.05.2011/occt/release-sources-20110531/inc/Handle_TDataStd_NamedData.hxx
+M TDataStd:pubinclude:TDataStd_NamedData.hxx /dn43/OCCT/tmp/results_31.05.2011/occt/release-sources-20110531/inc/TDataStd_NamedData.hxx
+M TDataStd:privinclude:TDataStd_NamedData.jxx /dn43/OCCT/tmp/results_31.05.2011/occt/release-sources-20110531/drv/TDataStd/TDataStd_NamedData.jxx
+M TDataStd:privinclude:TDataStd_NamedData.ixx /dn43/OCCT/tmp/results_31.05.2011/occt/release-sources-20110531/drv/TDataStd/TDataStd_NamedData.ixx
+M TDataStd:pubinclude:TDataStd_ListOfExtendedString.hxx /dn43/OCCT/tmp/results_31.05.2011/occt/release-sources-20110531/inc/TDataStd_ListOfExtendedString.hxx
+M TDataStd:derivated:TDataStd_ListOfExtendedString_0.cxx /dn43/OCCT/tmp/results_31.05.2011/occt/release-sources-20110531/drv/TDataStd/TDataStd_ListOfExtendedString_0.cxx
+M TDataStd:pubinclude:TDataStd_ListOfByte.hxx /dn43/OCCT/tmp/results_31.05.2011/occt/release-sources-20110531/inc/TDataStd_ListOfByte.hxx
+M TDataStd:derivated:TDataStd_ListOfByte_0.cxx /dn43/OCCT/tmp/results_31.05.2011/occt/release-sources-20110531/drv/TDataStd/TDataStd_ListOfByte_0.cxx
+M TDataStd:pubinclude:TDataStd_LabelArray1.hxx /dn43/OCCT/tmp/results_31.05.2011/occt/release-sources-20110531/inc/TDataStd_LabelArray1.hxx
+M TDataStd:derivated:TDataStd_LabelArray1_0.cxx /dn43/OCCT/tmp/results_31.05.2011/occt/release-sources-20110531/drv/TDataStd/TDataStd_LabelArray1_0.cxx
+M TDataStd:pubinclude:Handle_TDataStd_HLabelArray1.hxx /dn43/OCCT/tmp/results_31.05.2011/occt/release-sources-20110531/inc/Handle_TDataStd_HLabelArray1.hxx
+M TDataStd:pubinclude:TDataStd_HLabelArray1.hxx /dn43/OCCT/tmp/results_31.05.2011/occt/release-sources-20110531/inc/TDataStd_HLabelArray1.hxx
+M TDataStd:derivated:TDataStd_HLabelArray1_0.cxx /dn43/OCCT/tmp/results_31.05.2011/occt/release-sources-20110531/drv/TDataStd/TDataStd_HLabelArray1_0.cxx
+M TDataStd:pubinclude:TDataStd_DataMapOfStringReal.hxx /dn43/OCCT/tmp/results_31.05.2011/occt/release-sources-20110531/inc/TDataStd_DataMapOfStringReal.hxx
+M TDataStd:derivated:TDataStd_DataMapOfStringReal_0.cxx /dn43/OCCT/tmp/results_31.05.2011/occt/release-sources-20110531/drv/TDataStd/TDataStd_DataMapOfStringReal_0.cxx
+M TDataStd:pubinclude:TDataStd_DataMapOfStringString.hxx /dn43/OCCT/tmp/results_31.05.2011/occt/release-sources-20110531/inc/TDataStd_DataMapOfStringString.hxx
+M TDataStd:derivated:TDataStd_DataMapOfStringString_0.cxx /dn43/OCCT/tmp/results_31.05.2011/occt/release-sources-20110531/drv/TDataStd/TDataStd_DataMapOfStringString_0.cxx
+M TDataStd:pubinclude:TDataStd_DataMapOfStringByte.hxx /dn43/OCCT/tmp/results_31.05.2011/occt/release-sources-20110531/inc/TDataStd_DataMapOfStringByte.hxx
+M TDataStd:derivated:TDataStd_DataMapOfStringByte_0.cxx /dn43/OCCT/tmp/results_31.05.2011/occt/release-sources-20110531/drv/TDataStd/TDataStd_DataMapOfStringByte_0.cxx
+M TDataStd:pubinclude:TDataStd_DataMapOfStringHArray1OfInteger.hxx /dn43/OCCT/tmp/results_31.05.2011/occt/release-sources-20110531/inc/TDataStd_DataMapOfStringHArray1OfInteger.hxx
+M TDataStd:derivated:TDataStd_DataMapOfStringHArray1OfInteger_0.cxx /dn43/OCCT/tmp/results_31.05.2011/occt/release-sources-20110531/drv/TDataStd/TDataStd_DataMapOfStringHArray1OfInteger_0.cxx
+M TDataStd:pubinclude:TDataStd_DataMapOfStringHArray1OfReal.hxx /dn43/OCCT/tmp/results_31.05.2011/occt/release-sources-20110531/inc/TDataStd_DataMapOfStringHArray1OfReal.hxx
+M TDataStd:derivated:TDataStd_DataMapOfStringHArray1OfReal_0.cxx /dn43/OCCT/tmp/results_31.05.2011/occt/release-sources-20110531/drv/TDataStd/TDataStd_DataMapOfStringHArray1OfReal_0.cxx
+M TDataStd:pubinclude:Handle_TDataStd_HDataMapOfStringInteger.hxx /dn43/OCCT/tmp/results_31.05.2011/occt/release-sources-20110531/inc/Handle_TDataStd_HDataMapOfStringInteger.hxx
+M TDataStd:pubinclude:TDataStd_HDataMapOfStringInteger.hxx /dn43/OCCT/tmp/results_31.05.2011/occt/release-sources-20110531/inc/TDataStd_HDataMapOfStringInteger.hxx
+M TDataStd:privinclude:TDataStd_HDataMapOfStringInteger.jxx /dn43/OCCT/tmp/results_31.05.2011/occt/release-sources-20110531/drv/TDataStd/TDataStd_HDataMapOfStringInteger.jxx
+M TDataStd:privinclude:TDataStd_HDataMapOfStringInteger.ixx /dn43/OCCT/tmp/results_31.05.2011/occt/release-sources-20110531/drv/TDataStd/TDataStd_HDataMapOfStringInteger.ixx
+M TDataStd:pubinclude:Handle_TDataStd_HDataMapOfStringReal.hxx /dn43/OCCT/tmp/results_31.05.2011/occt/release-sources-20110531/inc/Handle_TDataStd_HDataMapOfStringReal.hxx
+M TDataStd:pubinclude:TDataStd_HDataMapOfStringReal.hxx /dn43/OCCT/tmp/results_31.05.2011/occt/release-sources-20110531/inc/TDataStd_HDataMapOfStringReal.hxx
+M TDataStd:privinclude:TDataStd_HDataMapOfStringReal.jxx /dn43/OCCT/tmp/results_31.05.2011/occt/release-sources-20110531/drv/TDataStd/TDataStd_HDataMapOfStringReal.jxx
+M TDataStd:privinclude:TDataStd_HDataMapOfStringReal.ixx /dn43/OCCT/tmp/results_31.05.2011/occt/release-sources-20110531/drv/TDataStd/TDataStd_HDataMapOfStringReal.ixx
+M TDataStd:pubinclude:Handle_TDataStd_HDataMapOfStringString.hxx /dn43/OCCT/tmp/results_31.05.2011/occt/release-sources-20110531/inc/Handle_TDataStd_HDataMapOfStringString.hxx
+M TDataStd:pubinclude:TDataStd_HDataMapOfStringString.hxx /dn43/OCCT/tmp/results_31.05.2011/occt/release-sources-20110531/inc/TDataStd_HDataMapOfStringString.hxx
+M TDataStd:privinclude:TDataStd_HDataMapOfStringString.jxx /dn43/OCCT/tmp/results_31.05.2011/occt/release-sources-20110531/drv/TDataStd/TDataStd_HDataMapOfStringString.jxx
+M TDataStd:privinclude:TDataStd_HDataMapOfStringString.ixx /dn43/OCCT/tmp/results_31.05.2011/occt/release-sources-20110531/drv/TDataStd/TDataStd_HDataMapOfStringString.ixx
+M TDataStd:pubinclude:Handle_TDataStd_HDataMapOfStringByte.hxx /dn43/OCCT/tmp/results_31.05.2011/occt/release-sources-20110531/inc/Handle_TDataStd_HDataMapOfStringByte.hxx
+M TDataStd:pubinclude:TDataStd_HDataMapOfStringByte.hxx /dn43/OCCT/tmp/results_31.05.2011/occt/release-sources-20110531/inc/TDataStd_HDataMapOfStringByte.hxx
+M TDataStd:privinclude:TDataStd_HDataMapOfStringByte.jxx /dn43/OCCT/tmp/results_31.05.2011/occt/release-sources-20110531/drv/TDataStd/TDataStd_HDataMapOfStringByte.jxx
+M TDataStd:privinclude:TDataStd_HDataMapOfStringByte.ixx /dn43/OCCT/tmp/results_31.05.2011/occt/release-sources-20110531/drv/TDataStd/TDataStd_HDataMapOfStringByte.ixx
+M TDataStd:pubinclude:Handle_TDataStd_HDataMapOfStringHArray1OfInteger.hxx /dn43/OCCT/tmp/results_31.05.2011/occt/release-sources-20110531/inc/Handle_TDataStd_HDataMapOfStringHArray1OfInteger.hxx
+M TDataStd:pubinclude:TDataStd_HDataMapOfStringHArray1OfInteger.hxx /dn43/OCCT/tmp/results_31.05.2011/occt/release-sources-20110531/inc/TDataStd_HDataMapOfStringHArray1OfInteger.hxx
+M TDataStd:privinclude:TDataStd_HDataMapOfStringHArray1OfInteger.jxx /dn43/OCCT/tmp/results_31.05.2011/occt/release-sources-20110531/drv/TDataStd/TDataStd_HDataMapOfStringHArray1OfInteger.jxx
+M TDataStd:privinclude:TDataStd_HDataMapOfStringHArray1OfInteger.ixx /dn43/OCCT/tmp/results_31.05.2011/occt/release-sources-20110531/drv/TDataStd/TDataStd_HDataMapOfStringHArray1OfInteger.ixx
+M TDataStd:pubinclude:Handle_TDataStd_HDataMapOfStringHArray1OfReal.hxx /dn43/OCCT/tmp/results_31.05.2011/occt/release-sources-20110531/inc/Handle_TDataStd_HDataMapOfStringHArray1OfReal.hxx
+M TDataStd:pubinclude:TDataStd_HDataMapOfStringHArray1OfReal.hxx /dn43/OCCT/tmp/results_31.05.2011/occt/release-sources-20110531/inc/TDataStd_HDataMapOfStringHArray1OfReal.hxx
+M TDataStd:privinclude:TDataStd_HDataMapOfStringHArray1OfReal.jxx /dn43/OCCT/tmp/results_31.05.2011/occt/release-sources-20110531/drv/TDataStd/TDataStd_HDataMapOfStringHArray1OfReal.jxx
+M TDataStd:privinclude:TDataStd_HDataMapOfStringHArray1OfReal.ixx /dn43/OCCT/tmp/results_31.05.2011/occt/release-sources-20110531/drv/TDataStd/TDataStd_HDataMapOfStringHArray1OfReal.ixx
+M TDataStd:pubinclude:Handle_TDataStd_ListNodeOfListOfExtendedString.hxx /dn43/OCCT/tmp/results_31.05.2011/occt/release-sources-20110531/inc/Handle_TDataStd_ListNodeOfListOfExtendedString.hxx
+M TDataStd:pubinclude:TDataStd_ListNodeOfListOfExtendedString.hxx /dn43/OCCT/tmp/results_31.05.2011/occt/release-sources-20110531/inc/TDataStd_ListNodeOfListOfExtendedString.hxx
+M TDataStd:derivated:TDataStd_ListNodeOfListOfExtendedString_0.cxx /dn43/OCCT/tmp/results_31.05.2011/occt/release-sources-20110531/drv/TDataStd/TDataStd_ListNodeOfListOfExtendedString_0.cxx
+M TDataStd:pubinclude:TDataStd_ListIteratorOfListOfExtendedString.hxx /dn43/OCCT/tmp/results_31.05.2011/occt/release-sources-20110531/inc/TDataStd_ListIteratorOfListOfExtendedString.hxx
+M TDataStd:derivated:TDataStd_ListIteratorOfListOfExtendedString_0.cxx /dn43/OCCT/tmp/results_31.05.2011/occt/release-sources-20110531/drv/TDataStd/TDataStd_ListIteratorOfListOfExtendedString_0.cxx
+M TDataStd:pubinclude:Handle_TDataStd_ListNodeOfListOfByte.hxx /dn43/OCCT/tmp/results_31.05.2011/occt/release-sources-20110531/inc/Handle_TDataStd_ListNodeOfListOfByte.hxx
+M TDataStd:pubinclude:TDataStd_ListNodeOfListOfByte.hxx /dn43/OCCT/tmp/results_31.05.2011/occt/release-sources-20110531/inc/TDataStd_ListNodeOfListOfByte.hxx
+M TDataStd:derivated:TDataStd_ListNodeOfListOfByte_0.cxx /dn43/OCCT/tmp/results_31.05.2011/occt/release-sources-20110531/drv/TDataStd/TDataStd_ListNodeOfListOfByte_0.cxx
+M TDataStd:pubinclude:TDataStd_ListIteratorOfListOfByte.hxx /dn43/OCCT/tmp/results_31.05.2011/occt/release-sources-20110531/inc/TDataStd_ListIteratorOfListOfByte.hxx
+M TDataStd:derivated:TDataStd_ListIteratorOfListOfByte_0.cxx /dn43/OCCT/tmp/results_31.05.2011/occt/release-sources-20110531/drv/TDataStd/TDataStd_ListIteratorOfListOfByte_0.cxx
+M TDataStd:pubinclude:Handle_TDataStd_DataMapNodeOfDataMapOfStringReal.hxx /dn43/OCCT/tmp/results_31.05.2011/occt/release-sources-20110531/inc/Handle_TDataStd_DataMapNodeOfDataMapOfStringReal.hxx
+M TDataStd:pubinclude:TDataStd_DataMapNodeOfDataMapOfStringReal.hxx /dn43/OCCT/tmp/results_31.05.2011/occt/release-sources-20110531/inc/TDataStd_DataMapNodeOfDataMapOfStringReal.hxx
+M TDataStd:derivated:TDataStd_DataMapNodeOfDataMapOfStringReal_0.cxx /dn43/OCCT/tmp/results_31.05.2011/occt/release-sources-20110531/drv/TDataStd/TDataStd_DataMapNodeOfDataMapOfStringReal_0.cxx
+M TDataStd:pubinclude:TDataStd_DataMapIteratorOfDataMapOfStringReal.hxx /dn43/OCCT/tmp/results_31.05.2011/occt/release-sources-20110531/inc/TDataStd_DataMapIteratorOfDataMapOfStringReal.hxx
+M TDataStd:derivated:TDataStd_DataMapIteratorOfDataMapOfStringReal_0.cxx /dn43/OCCT/tmp/results_31.05.2011/occt/release-sources-20110531/drv/TDataStd/TDataStd_DataMapIteratorOfDataMapOfStringReal_0.cxx
+M TDataStd:pubinclude:Handle_TDataStd_DataMapNodeOfDataMapOfStringString.hxx /dn43/OCCT/tmp/results_31.05.2011/occt/release-sources-20110531/inc/Handle_TDataStd_DataMapNodeOfDataMapOfStringString.hxx
+M TDataStd:pubinclude:TDataStd_DataMapNodeOfDataMapOfStringString.hxx /dn43/OCCT/tmp/results_31.05.2011/occt/release-sources-20110531/inc/TDataStd_DataMapNodeOfDataMapOfStringString.hxx
+M TDataStd:derivated:TDataStd_DataMapNodeOfDataMapOfStringString_0.cxx /dn43/OCCT/tmp/results_31.05.2011/occt/release-sources-20110531/drv/TDataStd/TDataStd_DataMapNodeOfDataMapOfStringString_0.cxx
+M TDataStd:pubinclude:TDataStd_DataMapIteratorOfDataMapOfStringString.hxx /dn43/OCCT/tmp/results_31.05.2011/occt/release-sources-20110531/inc/TDataStd_DataMapIteratorOfDataMapOfStringString.hxx
+M TDataStd:derivated:TDataStd_DataMapIteratorOfDataMapOfStringString_0.cxx /dn43/OCCT/tmp/results_31.05.2011/occt/release-sources-20110531/drv/TDataStd/TDataStd_DataMapIteratorOfDataMapOfStringString_0.cxx
+M TDataStd:pubinclude:Handle_TDataStd_DataMapNodeOfDataMapOfStringByte.hxx /dn43/OCCT/tmp/results_31.05.2011/occt/release-sources-20110531/inc/Handle_TDataStd_DataMapNodeOfDataMapOfStringByte.hxx
+M TDataStd:pubinclude:TDataStd_DataMapNodeOfDataMapOfStringByte.hxx /dn43/OCCT/tmp/results_31.05.2011/occt/release-sources-20110531/inc/TDataStd_DataMapNodeOfDataMapOfStringByte.hxx
+M TDataStd:derivated:TDataStd_DataMapNodeOfDataMapOfStringByte_0.cxx /dn43/OCCT/tmp/results_31.05.2011/occt/release-sources-20110531/drv/TDataStd/TDataStd_DataMapNodeOfDataMapOfStringByte_0.cxx
+M TDataStd:pubinclude:TDataStd_DataMapIteratorOfDataMapOfStringByte.hxx /dn43/OCCT/tmp/results_31.05.2011/occt/release-sources-20110531/inc/TDataStd_DataMapIteratorOfDataMapOfStringByte.hxx
+M TDataStd:derivated:TDataStd_DataMapIteratorOfDataMapOfStringByte_0.cxx /dn43/OCCT/tmp/results_31.05.2011/occt/release-sources-20110531/drv/TDataStd/TDataStd_DataMapIteratorOfDataMapOfStringByte_0.cxx
+M TDataStd:pubinclude:Handle_TDataStd_DataMapNodeOfDataMapOfStringHArray1OfInteger.hxx /dn43/OCCT/tmp/results_31.05.2011/occt/release-sources-20110531/inc/Handle_TDataStd_DataMapNodeOfDataMapOfStringHArray1OfInteger.hxx
+M TDataStd:pubinclude:TDataStd_DataMapNodeOfDataMapOfStringHArray1OfInteger.hxx /dn43/OCCT/tmp/results_31.05.2011/occt/release-sources-20110531/inc/TDataStd_DataMapNodeOfDataMapOfStringHArray1OfInteger.hxx
+M TDataStd:derivated:TDataStd_DataMapNodeOfDataMapOfStringHArray1OfInteger_0.cxx /dn43/OCCT/tmp/results_31.05.2011/occt/release-sources-20110531/drv/TDataStd/TDataStd_DataMapNodeOfDataMapOfStringHArray1OfInteger_0.cxx
+M TDataStd:pubinclude:TDataStd_DataMapIteratorOfDataMapOfStringHArray1OfInteger.hxx /dn43/OCCT/tmp/results_31.05.2011/occt/release-sources-20110531/inc/TDataStd_DataMapIteratorOfDataMapOfStringHArray1OfInteger.hxx
+M TDataStd:derivated:TDataStd_DataMapIteratorOfDataMapOfStringHArray1OfInteger_0.cxx /dn43/OCCT/tmp/results_31.05.2011/occt/release-sources-20110531/drv/TDataStd/TDataStd_DataMapIteratorOfDataMapOfStringHArray1OfInteger_0.cxx
+M TDataStd:pubinclude:Handle_TDataStd_DataMapNodeOfDataMapOfStringHArray1OfReal.hxx /dn43/OCCT/tmp/results_31.05.2011/occt/release-sources-20110531/inc/Handle_TDataStd_DataMapNodeOfDataMapOfStringHArray1OfReal.hxx
+M TDataStd:pubinclude:TDataStd_DataMapNodeOfDataMapOfStringHArray1OfReal.hxx /dn43/OCCT/tmp/results_31.05.2011/occt/release-sources-20110531/inc/TDataStd_DataMapNodeOfDataMapOfStringHArray1OfReal.hxx
+M TDataStd:derivated:TDataStd_DataMapNodeOfDataMapOfStringHArray1OfReal_0.cxx /dn43/OCCT/tmp/results_31.05.2011/occt/release-sources-20110531/drv/TDataStd/TDataStd_DataMapNodeOfDataMapOfStringHArray1OfReal_0.cxx
+M TDataStd:pubinclude:TDataStd_DataMapIteratorOfDataMapOfStringHArray1OfReal.hxx /dn43/OCCT/tmp/results_31.05.2011/occt/release-sources-20110531/inc/TDataStd_DataMapIteratorOfDataMapOfStringHArray1OfReal.hxx
+M TDataStd:derivated:TDataStd_DataMapIteratorOfDataMapOfStringHArray1OfReal_0.cxx /dn43/OCCT/tmp/results_31.05.2011/occt/release-sources-20110531/drv/TDataStd/TDataStd_DataMapIteratorOfDataMapOfStringHArray1OfReal_0.cxx
+M TDataStd:pubinclude:TDataStd_RealEnum.hxx /dn43/OCCT/tmp/results_31.05.2011/occt/release-sources-20110531/inc/TDataStd_RealEnum.hxx
+M TDataStd:pubinclude:TDataStd_PtrTreeNode.hxx /dn43/OCCT/tmp/results_31.05.2011/occt/release-sources-20110531/inc/TDataStd_PtrTreeNode.hxx
+M TDataStd:dbadmfile:TDataStd_xcpp_header.In /dn43/OCCT/tmp/results_31.05.2011/occt/release-sources-20110531/drv/TDataStd/.adm/TDataStd_xcpp_header.In
+M TDataStd:dbadmfile:TDataStd_xcpp_header.Out /dn43/OCCT/tmp/results_31.05.2011/occt/release-sources-20110531/drv/TDataStd/.adm/TDataStd_xcpp_header.Out
+M TDataStd:dbadmfile:TDataStd_xcpp_header.Dep /dn43/OCCT/tmp/results_31.05.2011/occt/release-sources-20110531/drv/TDataStd/.adm/TDataStd_xcpp_header.Dep
