+M BRepTools:pubinclude:BRepTools.hxx /dn43/OCCT/tmp/results_30.09.2011/occt/release-sources-20110930/inc/BRepTools.hxx
+M BRepTools:privinclude:BRepTools.jxx /dn43/OCCT/tmp/results_30.09.2011/occt/release-sources-20110930/drv/BRepTools/BRepTools.jxx
+M BRepTools:privinclude:BRepTools.ixx /dn43/OCCT/tmp/results_30.09.2011/occt/release-sources-20110930/drv/BRepTools/BRepTools.ixx
+M BRepTools:pubinclude:BRepTools_WireExplorer.hxx /dn43/OCCT/tmp/results_30.09.2011/occt/release-sources-20110930/inc/BRepTools_WireExplorer.hxx
+M BRepTools:privinclude:BRepTools_WireExplorer.jxx /dn43/OCCT/tmp/results_30.09.2011/occt/release-sources-20110930/drv/BRepTools/BRepTools_WireExplorer.jxx
+M BRepTools:privinclude:BRepTools_WireExplorer.ixx /dn43/OCCT/tmp/results_30.09.2011/occt/release-sources-20110930/drv/BRepTools/BRepTools_WireExplorer.ixx
+M BRepTools:pubinclude:Handle_BRepTools_Modification.hxx /dn43/OCCT/tmp/results_30.09.2011/occt/release-sources-20110930/inc/Handle_BRepTools_Modification.hxx
+M BRepTools:pubinclude:BRepTools_Modification.hxx /dn43/OCCT/tmp/results_30.09.2011/occt/release-sources-20110930/inc/BRepTools_Modification.hxx
+M BRepTools:privinclude:BRepTools_Modification.jxx /dn43/OCCT/tmp/results_30.09.2011/occt/release-sources-20110930/drv/BRepTools/BRepTools_Modification.jxx
+M BRepTools:privinclude:BRepTools_Modification.ixx /dn43/OCCT/tmp/results_30.09.2011/occt/release-sources-20110930/drv/BRepTools/BRepTools_Modification.ixx
+M BRepTools:pubinclude:BRepTools_Modifier.hxx /dn43/OCCT/tmp/results_30.09.2011/occt/release-sources-20110930/inc/BRepTools_Modifier.hxx
+M BRepTools:privinclude:BRepTools_Modifier.jxx /dn43/OCCT/tmp/results_30.09.2011/occt/release-sources-20110930/drv/BRepTools/BRepTools_Modifier.jxx
+M BRepTools:privinclude:BRepTools_Modifier.ixx /dn43/OCCT/tmp/results_30.09.2011/occt/release-sources-20110930/drv/BRepTools/BRepTools_Modifier.ixx
+M BRepTools:pubinclude:Handle_BRepTools_TrsfModification.hxx /dn43/OCCT/tmp/results_30.09.2011/occt/release-sources-20110930/inc/Handle_BRepTools_TrsfModification.hxx
+M BRepTools:pubinclude:BRepTools_TrsfModification.hxx /dn43/OCCT/tmp/results_30.09.2011/occt/release-sources-20110930/inc/BRepTools_TrsfModification.hxx
+M BRepTools:privinclude:BRepTools_TrsfModification.jxx /dn43/OCCT/tmp/results_30.09.2011/occt/release-sources-20110930/drv/BRepTools/BRepTools_TrsfModification.jxx
+M BRepTools:privinclude:BRepTools_TrsfModification.ixx /dn43/OCCT/tmp/results_30.09.2011/occt/release-sources-20110930/drv/BRepTools/BRepTools_TrsfModification.ixx
+M BRepTools:pubinclude:Handle_BRepTools_NurbsConvertModification.hxx /dn43/OCCT/tmp/results_30.09.2011/occt/release-sources-20110930/inc/Handle_BRepTools_NurbsConvertModification.hxx
+M BRepTools:pubinclude:BRepTools_NurbsConvertModification.hxx /dn43/OCCT/tmp/results_30.09.2011/occt/release-sources-20110930/inc/BRepTools_NurbsConvertModification.hxx
+M BRepTools:privinclude:BRepTools_NurbsConvertModification.jxx /dn43/OCCT/tmp/results_30.09.2011/occt/release-sources-20110930/drv/BRepTools/BRepTools_NurbsConvertModification.jxx
+M BRepTools:privinclude:BRepTools_NurbsConvertModification.ixx /dn43/OCCT/tmp/results_30.09.2011/occt/release-sources-20110930/drv/BRepTools/BRepTools_NurbsConvertModification.ixx
+M BRepTools:pubinclude:Handle_BRepTools_GTrsfModification.hxx /dn43/OCCT/tmp/results_30.09.2011/occt/release-sources-20110930/inc/Handle_BRepTools_GTrsfModification.hxx
+M BRepTools:pubinclude:BRepTools_GTrsfModification.hxx /dn43/OCCT/tmp/results_30.09.2011/occt/release-sources-20110930/inc/BRepTools_GTrsfModification.hxx
+M BRepTools:privinclude:BRepTools_GTrsfModification.jxx /dn43/OCCT/tmp/results_30.09.2011/occt/release-sources-20110930/drv/BRepTools/BRepTools_GTrsfModification.jxx
+M BRepTools:privinclude:BRepTools_GTrsfModification.ixx /dn43/OCCT/tmp/results_30.09.2011/occt/release-sources-20110930/drv/BRepTools/BRepTools_GTrsfModification.ixx
+M BRepTools:pubinclude:BRepTools_Substitution.hxx /dn43/OCCT/tmp/results_30.09.2011/occt/release-sources-20110930/inc/BRepTools_Substitution.hxx
+M BRepTools:privinclude:BRepTools_Substitution.jxx /dn43/OCCT/tmp/results_30.09.2011/occt/release-sources-20110930/drv/BRepTools/BRepTools_Substitution.jxx
+M BRepTools:privinclude:BRepTools_Substitution.ixx /dn43/OCCT/tmp/results_30.09.2011/occt/release-sources-20110930/drv/BRepTools/BRepTools_Substitution.ixx
+M BRepTools:pubinclude:BRepTools_Quilt.hxx /dn43/OCCT/tmp/results_30.09.2011/occt/release-sources-20110930/inc/BRepTools_Quilt.hxx
+M BRepTools:privinclude:BRepTools_Quilt.jxx /dn43/OCCT/tmp/results_30.09.2011/occt/release-sources-20110930/drv/BRepTools/BRepTools_Quilt.jxx
+M BRepTools:privinclude:BRepTools_Quilt.ixx /dn43/OCCT/tmp/results_30.09.2011/occt/release-sources-20110930/drv/BRepTools/BRepTools_Quilt.ixx
+M BRepTools:pubinclude:BRepTools_ShapeSet.hxx /dn43/OCCT/tmp/results_30.09.2011/occt/release-sources-20110930/inc/BRepTools_ShapeSet.hxx
+M BRepTools:privinclude:BRepTools_ShapeSet.jxx /dn43/OCCT/tmp/results_30.09.2011/occt/release-sources-20110930/drv/BRepTools/BRepTools_ShapeSet.jxx
+M BRepTools:privinclude:BRepTools_ShapeSet.ixx /dn43/OCCT/tmp/results_30.09.2011/occt/release-sources-20110930/drv/BRepTools/BRepTools_ShapeSet.ixx
+M BRepTools:pubinclude:Handle_BRepTools_ReShape.hxx /dn43/OCCT/tmp/results_30.09.2011/occt/release-sources-20110930/inc/Handle_BRepTools_ReShape.hxx
+M BRepTools:pubinclude:BRepTools_ReShape.hxx /dn43/OCCT/tmp/results_30.09.2011/occt/release-sources-20110930/inc/BRepTools_ReShape.hxx
+M BRepTools:privinclude:BRepTools_ReShape.jxx /dn43/OCCT/tmp/results_30.09.2011/occt/release-sources-20110930/drv/BRepTools/BRepTools_ReShape.jxx
+M BRepTools:privinclude:BRepTools_ReShape.ixx /dn43/OCCT/tmp/results_30.09.2011/occt/release-sources-20110930/drv/BRepTools/BRepTools_ReShape.ixx
+M BRepTools:pubinclude:BRepTools_MapOfVertexPnt2d.hxx /dn43/OCCT/tmp/results_30.09.2011/occt/release-sources-20110930/inc/BRepTools_MapOfVertexPnt2d.hxx
+M BRepTools:derivated:BRepTools_MapOfVertexPnt2d_0.cxx /dn43/OCCT/tmp/results_30.09.2011/occt/release-sources-20110930/drv/BRepTools/BRepTools_MapOfVertexPnt2d_0.cxx
+M BRepTools:pubinclude:Handle_BRepTools_DataMapNodeOfMapOfVertexPnt2d.hxx /dn43/OCCT/tmp/results_30.09.2011/occt/release-sources-20110930/inc/Handle_BRepTools_DataMapNodeOfMapOfVertexPnt2d.hxx
+M BRepTools:pubinclude:BRepTools_DataMapNodeOfMapOfVertexPnt2d.hxx /dn43/OCCT/tmp/results_30.09.2011/occt/release-sources-20110930/inc/BRepTools_DataMapNodeOfMapOfVertexPnt2d.hxx
+M BRepTools:derivated:BRepTools_DataMapNodeOfMapOfVertexPnt2d_0.cxx /dn43/OCCT/tmp/results_30.09.2011/occt/release-sources-20110930/drv/BRepTools/BRepTools_DataMapNodeOfMapOfVertexPnt2d_0.cxx
+M BRepTools:pubinclude:BRepTools_DataMapIteratorOfMapOfVertexPnt2d.hxx /dn43/OCCT/tmp/results_30.09.2011/occt/release-sources-20110930/inc/BRepTools_DataMapIteratorOfMapOfVertexPnt2d.hxx
+M BRepTools:derivated:BRepTools_DataMapIteratorOfMapOfVertexPnt2d_0.cxx /dn43/OCCT/tmp/results_30.09.2011/occt/release-sources-20110930/drv/BRepTools/BRepTools_DataMapIteratorOfMapOfVertexPnt2d_0.cxx
+M BRepTools:dbadmfile:BRepTools_xcpp_header.In /dn43/OCCT/tmp/results_30.09.2011/occt/release-sources-20110930/drv/BRepTools/.adm/BRepTools_xcpp_header.In
+M BRepTools:dbadmfile:BRepTools_xcpp_header.Out /dn43/OCCT/tmp/results_30.09.2011/occt/release-sources-20110930/drv/BRepTools/.adm/BRepTools_xcpp_header.Out
+M BRepTools:dbadmfile:BRepTools_xcpp_header.Dep /dn43/OCCT/tmp/results_30.09.2011/occt/release-sources-20110930/drv/BRepTools/.adm/BRepTools_xcpp_header.Dep
