+M GCE2d:pubinclude:GCE2d_Root.hxx /dn43/OCCT/tmp/results_31.05.2011/occt/release-sources-20110531/inc/GCE2d_Root.hxx
+M GCE2d:privinclude:GCE2d_Root.jxx /dn43/OCCT/tmp/results_31.05.2011/occt/release-sources-20110531/drv/GCE2d/GCE2d_Root.jxx
+M GCE2d:privinclude:GCE2d_Root.ixx /dn43/OCCT/tmp/results_31.05.2011/occt/release-sources-20110531/drv/GCE2d/GCE2d_Root.ixx
+M GCE2d:pubinclude:GCE2d_MakeLine.hxx /dn43/OCCT/tmp/results_31.05.2011/occt/release-sources-20110531/inc/GCE2d_MakeLine.hxx
+M GCE2d:privinclude:GCE2d_MakeLine.jxx /dn43/OCCT/tmp/results_31.05.2011/occt/release-sources-20110531/drv/GCE2d/GCE2d_MakeLine.jxx
+M GCE2d:privinclude:GCE2d_MakeLine.ixx /dn43/OCCT/tmp/results_31.05.2011/occt/release-sources-20110531/drv/GCE2d/GCE2d_MakeLine.ixx
+M GCE2d:pubinclude:GCE2d_MakeCircle.hxx /dn43/OCCT/tmp/results_31.05.2011/occt/release-sources-20110531/inc/GCE2d_MakeCircle.hxx
+M GCE2d:privinclude:GCE2d_MakeCircle.jxx /dn43/OCCT/tmp/results_31.05.2011/occt/release-sources-20110531/drv/GCE2d/GCE2d_MakeCircle.jxx
+M GCE2d:privinclude:GCE2d_MakeCircle.ixx /dn43/OCCT/tmp/results_31.05.2011/occt/release-sources-20110531/drv/GCE2d/GCE2d_MakeCircle.ixx
+M GCE2d:pubinclude:GCE2d_MakeHyperbola.hxx /dn43/OCCT/tmp/results_31.05.2011/occt/release-sources-20110531/inc/GCE2d_MakeHyperbola.hxx
+M GCE2d:privinclude:GCE2d_MakeHyperbola.jxx /dn43/OCCT/tmp/results_31.05.2011/occt/release-sources-20110531/drv/GCE2d/GCE2d_MakeHyperbola.jxx
+M GCE2d:privinclude:GCE2d_MakeHyperbola.ixx /dn43/OCCT/tmp/results_31.05.2011/occt/release-sources-20110531/drv/GCE2d/GCE2d_MakeHyperbola.ixx
+M GCE2d:pubinclude:GCE2d_MakeEllipse.hxx /dn43/OCCT/tmp/results_31.05.2011/occt/release-sources-20110531/inc/GCE2d_MakeEllipse.hxx
+M GCE2d:privinclude:GCE2d_MakeEllipse.jxx /dn43/OCCT/tmp/results_31.05.2011/occt/release-sources-20110531/drv/GCE2d/GCE2d_MakeEllipse.jxx
+M GCE2d:privinclude:GCE2d_MakeEllipse.ixx /dn43/OCCT/tmp/results_31.05.2011/occt/release-sources-20110531/drv/GCE2d/GCE2d_MakeEllipse.ixx
+M GCE2d:pubinclude:GCE2d_MakeParabola.hxx /dn43/OCCT/tmp/results_31.05.2011/occt/release-sources-20110531/inc/GCE2d_MakeParabola.hxx
+M GCE2d:privinclude:GCE2d_MakeParabola.jxx /dn43/OCCT/tmp/results_31.05.2011/occt/release-sources-20110531/drv/GCE2d/GCE2d_MakeParabola.jxx
+M GCE2d:privinclude:GCE2d_MakeParabola.ixx /dn43/OCCT/tmp/results_31.05.2011/occt/release-sources-20110531/drv/GCE2d/GCE2d_MakeParabola.ixx
+M GCE2d:pubinclude:GCE2d_MakeSegment.hxx /dn43/OCCT/tmp/results_31.05.2011/occt/release-sources-20110531/inc/GCE2d_MakeSegment.hxx
+M GCE2d:privinclude:GCE2d_MakeSegment.jxx /dn43/OCCT/tmp/results_31.05.2011/occt/release-sources-20110531/drv/GCE2d/GCE2d_MakeSegment.jxx
+M GCE2d:privinclude:GCE2d_MakeSegment.ixx /dn43/OCCT/tmp/results_31.05.2011/occt/release-sources-20110531/drv/GCE2d/GCE2d_MakeSegment.ixx
+M GCE2d:pubinclude:GCE2d_MakeArcOfCircle.hxx /dn43/OCCT/tmp/results_31.05.2011/occt/release-sources-20110531/inc/GCE2d_MakeArcOfCircle.hxx
+M GCE2d:privinclude:GCE2d_MakeArcOfCircle.jxx /dn43/OCCT/tmp/results_31.05.2011/occt/release-sources-20110531/drv/GCE2d/GCE2d_MakeArcOfCircle.jxx
+M GCE2d:privinclude:GCE2d_MakeArcOfCircle.ixx /dn43/OCCT/tmp/results_31.05.2011/occt/release-sources-20110531/drv/GCE2d/GCE2d_MakeArcOfCircle.ixx
+M GCE2d:pubinclude:GCE2d_MakeArcOfEllipse.hxx /dn43/OCCT/tmp/results_31.05.2011/occt/release-sources-20110531/inc/GCE2d_MakeArcOfEllipse.hxx
+M GCE2d:privinclude:GCE2d_MakeArcOfEllipse.jxx /dn43/OCCT/tmp/results_31.05.2011/occt/release-sources-20110531/drv/GCE2d/GCE2d_MakeArcOfEllipse.jxx
+M GCE2d:privinclude:GCE2d_MakeArcOfEllipse.ixx /dn43/OCCT/tmp/results_31.05.2011/occt/release-sources-20110531/drv/GCE2d/GCE2d_MakeArcOfEllipse.ixx
+M GCE2d:pubinclude:GCE2d_MakeArcOfParabola.hxx /dn43/OCCT/tmp/results_31.05.2011/occt/release-sources-20110531/inc/GCE2d_MakeArcOfParabola.hxx
+M GCE2d:privinclude:GCE2d_MakeArcOfParabola.jxx /dn43/OCCT/tmp/results_31.05.2011/occt/release-sources-20110531/drv/GCE2d/GCE2d_MakeArcOfParabola.jxx
+M GCE2d:privinclude:GCE2d_MakeArcOfParabola.ixx /dn43/OCCT/tmp/results_31.05.2011/occt/release-sources-20110531/drv/GCE2d/GCE2d_MakeArcOfParabola.ixx
+M GCE2d:pubinclude:GCE2d_MakeArcOfHyperbola.hxx /dn43/OCCT/tmp/results_31.05.2011/occt/release-sources-20110531/inc/GCE2d_MakeArcOfHyperbola.hxx
+M GCE2d:privinclude:GCE2d_MakeArcOfHyperbola.jxx /dn43/OCCT/tmp/results_31.05.2011/occt/release-sources-20110531/drv/GCE2d/GCE2d_MakeArcOfHyperbola.jxx
+M GCE2d:privinclude:GCE2d_MakeArcOfHyperbola.ixx /dn43/OCCT/tmp/results_31.05.2011/occt/release-sources-20110531/drv/GCE2d/GCE2d_MakeArcOfHyperbola.ixx
+M GCE2d:pubinclude:GCE2d_MakeTranslation.hxx /dn43/OCCT/tmp/results_31.05.2011/occt/release-sources-20110531/inc/GCE2d_MakeTranslation.hxx
+M GCE2d:privinclude:GCE2d_MakeTranslation.jxx /dn43/OCCT/tmp/results_31.05.2011/occt/release-sources-20110531/drv/GCE2d/GCE2d_MakeTranslation.jxx
+M GCE2d:privinclude:GCE2d_MakeTranslation.ixx /dn43/OCCT/tmp/results_31.05.2011/occt/release-sources-20110531/drv/GCE2d/GCE2d_MakeTranslation.ixx
+M GCE2d:pubinclude:GCE2d_MakeMirror.hxx /dn43/OCCT/tmp/results_31.05.2011/occt/release-sources-20110531/inc/GCE2d_MakeMirror.hxx
+M GCE2d:privinclude:GCE2d_MakeMirror.jxx /dn43/OCCT/tmp/results_31.05.2011/occt/release-sources-20110531/drv/GCE2d/GCE2d_MakeMirror.jxx
+M GCE2d:privinclude:GCE2d_MakeMirror.ixx /dn43/OCCT/tmp/results_31.05.2011/occt/release-sources-20110531/drv/GCE2d/GCE2d_MakeMirror.ixx
+M GCE2d:pubinclude:GCE2d_MakeRotation.hxx /dn43/OCCT/tmp/results_31.05.2011/occt/release-sources-20110531/inc/GCE2d_MakeRotation.hxx
+M GCE2d:privinclude:GCE2d_MakeRotation.jxx /dn43/OCCT/tmp/results_31.05.2011/occt/release-sources-20110531/drv/GCE2d/GCE2d_MakeRotation.jxx
+M GCE2d:privinclude:GCE2d_MakeRotation.ixx /dn43/OCCT/tmp/results_31.05.2011/occt/release-sources-20110531/drv/GCE2d/GCE2d_MakeRotation.ixx
+M GCE2d:pubinclude:GCE2d_MakeScale.hxx /dn43/OCCT/tmp/results_31.05.2011/occt/release-sources-20110531/inc/GCE2d_MakeScale.hxx
+M GCE2d:privinclude:GCE2d_MakeScale.jxx /dn43/OCCT/tmp/results_31.05.2011/occt/release-sources-20110531/drv/GCE2d/GCE2d_MakeScale.jxx
+M GCE2d:privinclude:GCE2d_MakeScale.ixx /dn43/OCCT/tmp/results_31.05.2011/occt/release-sources-20110531/drv/GCE2d/GCE2d_MakeScale.ixx
+M GCE2d:dbadmfile:GCE2d_xcpp_header.In /dn43/OCCT/tmp/results_31.05.2011/occt/release-sources-20110531/drv/GCE2d/.adm/GCE2d_xcpp_header.In
+M GCE2d:dbadmfile:GCE2d_xcpp_header.Out /dn43/OCCT/tmp/results_31.05.2011/occt/release-sources-20110531/drv/GCE2d/.adm/GCE2d_xcpp_header.Out
+M GCE2d:dbadmfile:GCE2d_xcpp_header.Dep /dn43/OCCT/tmp/results_31.05.2011/occt/release-sources-20110531/drv/GCE2d/.adm/GCE2d_xcpp_header.Dep
