+M ShapeCustom:pubinclude:ShapeCustom.hxx /dn43/OCCT/tmp/results_30.09.2011/occt/release-sources-20110930/inc/ShapeCustom.hxx
+M ShapeCustom:privinclude:ShapeCustom.jxx /dn43/OCCT/tmp/results_30.09.2011/occt/release-sources-20110930/drv/ShapeCustom/ShapeCustom.jxx
+M ShapeCustom:privinclude:ShapeCustom.ixx /dn43/OCCT/tmp/results_30.09.2011/occt/release-sources-20110930/drv/ShapeCustom/ShapeCustom.ixx
+M ShapeCustom:pubinclude:ShapeCustom_Surface.hxx /dn43/OCCT/tmp/results_30.09.2011/occt/release-sources-20110930/inc/ShapeCustom_Surface.hxx
+M ShapeCustom:privinclude:ShapeCustom_Surface.jxx /dn43/OCCT/tmp/results_30.09.2011/occt/release-sources-20110930/drv/ShapeCustom/ShapeCustom_Surface.jxx
+M ShapeCustom:privinclude:ShapeCustom_Surface.ixx /dn43/OCCT/tmp/results_30.09.2011/occt/release-sources-20110930/drv/ShapeCustom/ShapeCustom_Surface.ixx
+M ShapeCustom:pubinclude:ShapeCustom_Curve.hxx /dn43/OCCT/tmp/results_30.09.2011/occt/release-sources-20110930/inc/ShapeCustom_Curve.hxx
+M ShapeCustom:privinclude:ShapeCustom_Curve.jxx /dn43/OCCT/tmp/results_30.09.2011/occt/release-sources-20110930/drv/ShapeCustom/ShapeCustom_Curve.jxx
+M ShapeCustom:privinclude:ShapeCustom_Curve.ixx /dn43/OCCT/tmp/results_30.09.2011/occt/release-sources-20110930/drv/ShapeCustom/ShapeCustom_Curve.ixx
+M ShapeCustom:pubinclude:ShapeCustom_Curve2d.hxx /dn43/OCCT/tmp/results_30.09.2011/occt/release-sources-20110930/inc/ShapeCustom_Curve2d.hxx
+M ShapeCustom:privinclude:ShapeCustom_Curve2d.jxx /dn43/OCCT/tmp/results_30.09.2011/occt/release-sources-20110930/drv/ShapeCustom/ShapeCustom_Curve2d.jxx
+M ShapeCustom:privinclude:ShapeCustom_Curve2d.ixx /dn43/OCCT/tmp/results_30.09.2011/occt/release-sources-20110930/drv/ShapeCustom/ShapeCustom_Curve2d.ixx
+M ShapeCustom:pubinclude:Handle_ShapeCustom_RestrictionParameters.hxx /dn43/OCCT/tmp/results_30.09.2011/occt/release-sources-20110930/inc/Handle_ShapeCustom_RestrictionParameters.hxx
+M ShapeCustom:pubinclude:ShapeCustom_RestrictionParameters.hxx /dn43/OCCT/tmp/results_30.09.2011/occt/release-sources-20110930/inc/ShapeCustom_RestrictionParameters.hxx
+M ShapeCustom:privinclude:ShapeCustom_RestrictionParameters.jxx /dn43/OCCT/tmp/results_30.09.2011/occt/release-sources-20110930/drv/ShapeCustom/ShapeCustom_RestrictionParameters.jxx
+M ShapeCustom:privinclude:ShapeCustom_RestrictionParameters.ixx /dn43/OCCT/tmp/results_30.09.2011/occt/release-sources-20110930/drv/ShapeCustom/ShapeCustom_RestrictionParameters.ixx
+M ShapeCustom:pubinclude:Handle_ShapeCustom_DirectModification.hxx /dn43/OCCT/tmp/results_30.09.2011/occt/release-sources-20110930/inc/Handle_ShapeCustom_DirectModification.hxx
+M ShapeCustom:pubinclude:ShapeCustom_DirectModification.hxx /dn43/OCCT/tmp/results_30.09.2011/occt/release-sources-20110930/inc/ShapeCustom_DirectModification.hxx
+M ShapeCustom:privinclude:ShapeCustom_DirectModification.jxx /dn43/OCCT/tmp/results_30.09.2011/occt/release-sources-20110930/drv/ShapeCustom/ShapeCustom_DirectModification.jxx
+M ShapeCustom:privinclude:ShapeCustom_DirectModification.ixx /dn43/OCCT/tmp/results_30.09.2011/occt/release-sources-20110930/drv/ShapeCustom/ShapeCustom_DirectModification.ixx
+M ShapeCustom:pubinclude:Handle_ShapeCustom_TrsfModification.hxx /dn43/OCCT/tmp/results_30.09.2011/occt/release-sources-20110930/inc/Handle_ShapeCustom_TrsfModification.hxx
+M ShapeCustom:pubinclude:ShapeCustom_TrsfModification.hxx /dn43/OCCT/tmp/results_30.09.2011/occt/release-sources-20110930/inc/ShapeCustom_TrsfModification.hxx
+M ShapeCustom:privinclude:ShapeCustom_TrsfModification.jxx /dn43/OCCT/tmp/results_30.09.2011/occt/release-sources-20110930/drv/ShapeCustom/ShapeCustom_TrsfModification.jxx
+M ShapeCustom:privinclude:ShapeCustom_TrsfModification.ixx /dn43/OCCT/tmp/results_30.09.2011/occt/release-sources-20110930/drv/ShapeCustom/ShapeCustom_TrsfModification.ixx
+M ShapeCustom:pubinclude:Handle_ShapeCustom_BSplineRestriction.hxx /dn43/OCCT/tmp/results_30.09.2011/occt/release-sources-20110930/inc/Handle_ShapeCustom_BSplineRestriction.hxx
+M ShapeCustom:pubinclude:ShapeCustom_BSplineRestriction.hxx /dn43/OCCT/tmp/results_30.09.2011/occt/release-sources-20110930/inc/ShapeCustom_BSplineRestriction.hxx
+M ShapeCustom:privinclude:ShapeCustom_BSplineRestriction.jxx /dn43/OCCT/tmp/results_30.09.2011/occt/release-sources-20110930/drv/ShapeCustom/ShapeCustom_BSplineRestriction.jxx
+M ShapeCustom:privinclude:ShapeCustom_BSplineRestriction.ixx /dn43/OCCT/tmp/results_30.09.2011/occt/release-sources-20110930/drv/ShapeCustom/ShapeCustom_BSplineRestriction.ixx
+M ShapeCustom:pubinclude:Handle_ShapeCustom_ConvertToRevolution.hxx /dn43/OCCT/tmp/results_30.09.2011/occt/release-sources-20110930/inc/Handle_ShapeCustom_ConvertToRevolution.hxx
+M ShapeCustom:pubinclude:ShapeCustom_ConvertToRevolution.hxx /dn43/OCCT/tmp/results_30.09.2011/occt/release-sources-20110930/inc/ShapeCustom_ConvertToRevolution.hxx
+M ShapeCustom:privinclude:ShapeCustom_ConvertToRevolution.jxx /dn43/OCCT/tmp/results_30.09.2011/occt/release-sources-20110930/drv/ShapeCustom/ShapeCustom_ConvertToRevolution.jxx
+M ShapeCustom:privinclude:ShapeCustom_ConvertToRevolution.ixx /dn43/OCCT/tmp/results_30.09.2011/occt/release-sources-20110930/drv/ShapeCustom/ShapeCustom_ConvertToRevolution.ixx
+M ShapeCustom:pubinclude:Handle_ShapeCustom_SweptToElementary.hxx /dn43/OCCT/tmp/results_30.09.2011/occt/release-sources-20110930/inc/Handle_ShapeCustom_SweptToElementary.hxx
+M ShapeCustom:pubinclude:ShapeCustom_SweptToElementary.hxx /dn43/OCCT/tmp/results_30.09.2011/occt/release-sources-20110930/inc/ShapeCustom_SweptToElementary.hxx
+M ShapeCustom:privinclude:ShapeCustom_SweptToElementary.jxx /dn43/OCCT/tmp/results_30.09.2011/occt/release-sources-20110930/drv/ShapeCustom/ShapeCustom_SweptToElementary.jxx
+M ShapeCustom:privinclude:ShapeCustom_SweptToElementary.ixx /dn43/OCCT/tmp/results_30.09.2011/occt/release-sources-20110930/drv/ShapeCustom/ShapeCustom_SweptToElementary.ixx
+M ShapeCustom:pubinclude:Handle_ShapeCustom_ConvertToBSpline.hxx /dn43/OCCT/tmp/results_30.09.2011/occt/release-sources-20110930/inc/Handle_ShapeCustom_ConvertToBSpline.hxx
+M ShapeCustom:pubinclude:ShapeCustom_ConvertToBSpline.hxx /dn43/OCCT/tmp/results_30.09.2011/occt/release-sources-20110930/inc/ShapeCustom_ConvertToBSpline.hxx
+M ShapeCustom:privinclude:ShapeCustom_ConvertToBSpline.jxx /dn43/OCCT/tmp/results_30.09.2011/occt/release-sources-20110930/drv/ShapeCustom/ShapeCustom_ConvertToBSpline.jxx
+M ShapeCustom:privinclude:ShapeCustom_ConvertToBSpline.ixx /dn43/OCCT/tmp/results_30.09.2011/occt/release-sources-20110930/drv/ShapeCustom/ShapeCustom_ConvertToBSpline.ixx
+M ShapeCustom:dbadmfile:ShapeCustom_xcpp_header.In /dn43/OCCT/tmp/results_30.09.2011/occt/release-sources-20110930/drv/ShapeCustom/.adm/ShapeCustom_xcpp_header.In
+M ShapeCustom:dbadmfile:ShapeCustom_xcpp_header.Out /dn43/OCCT/tmp/results_30.09.2011/occt/release-sources-20110930/drv/ShapeCustom/.adm/ShapeCustom_xcpp_header.Out
+M ShapeCustom:dbadmfile:ShapeCustom_xcpp_header.Dep /dn43/OCCT/tmp/results_30.09.2011/occt/release-sources-20110930/drv/ShapeCustom/.adm/ShapeCustom_xcpp_header.Dep
