+M FairCurve:pubinclude:FairCurve_Batten.hxx /dn43/OCCT/tmp/results_31.05.2011/occt/release-sources-20110531/inc/FairCurve_Batten.hxx
+M FairCurve:privinclude:FairCurve_Batten.jxx /dn43/OCCT/tmp/results_31.05.2011/occt/release-sources-20110531/drv/FairCurve/FairCurve_Batten.jxx
+M FairCurve:privinclude:FairCurve_Batten.ixx /dn43/OCCT/tmp/results_31.05.2011/occt/release-sources-20110531/drv/FairCurve/FairCurve_Batten.ixx
+M FairCurve:pubinclude:FairCurve_MinimalVariation.hxx /dn43/OCCT/tmp/results_31.05.2011/occt/release-sources-20110531/inc/FairCurve_MinimalVariation.hxx
+M FairCurve:privinclude:FairCurve_MinimalVariation.jxx /dn43/OCCT/tmp/results_31.05.2011/occt/release-sources-20110531/drv/FairCurve/FairCurve_MinimalVariation.jxx
+M FairCurve:privinclude:FairCurve_MinimalVariation.ixx /dn43/OCCT/tmp/results_31.05.2011/occt/release-sources-20110531/drv/FairCurve/FairCurve_MinimalVariation.ixx
+M FairCurve:pubinclude:FairCurve_BattenLaw.hxx /dn43/OCCT/tmp/results_31.05.2011/occt/release-sources-20110531/inc/FairCurve_BattenLaw.hxx
+M FairCurve:privinclude:FairCurve_BattenLaw.jxx /dn43/OCCT/tmp/results_31.05.2011/occt/release-sources-20110531/drv/FairCurve/FairCurve_BattenLaw.jxx
+M FairCurve:privinclude:FairCurve_BattenLaw.ixx /dn43/OCCT/tmp/results_31.05.2011/occt/release-sources-20110531/drv/FairCurve/FairCurve_BattenLaw.ixx
+M FairCurve:pubinclude:FairCurve_DistributionOfEnergy.hxx /dn43/OCCT/tmp/results_31.05.2011/occt/release-sources-20110531/inc/FairCurve_DistributionOfEnergy.hxx
+M FairCurve:privinclude:FairCurve_DistributionOfEnergy.jxx /dn43/OCCT/tmp/results_31.05.2011/occt/release-sources-20110531/drv/FairCurve/FairCurve_DistributionOfEnergy.jxx
+M FairCurve:privinclude:FairCurve_DistributionOfEnergy.ixx /dn43/OCCT/tmp/results_31.05.2011/occt/release-sources-20110531/drv/FairCurve/FairCurve_DistributionOfEnergy.ixx
+M FairCurve:pubinclude:FairCurve_DistributionOfSagging.hxx /dn43/OCCT/tmp/results_31.05.2011/occt/release-sources-20110531/inc/FairCurve_DistributionOfSagging.hxx
+M FairCurve:privinclude:FairCurve_DistributionOfSagging.jxx /dn43/OCCT/tmp/results_31.05.2011/occt/release-sources-20110531/drv/FairCurve/FairCurve_DistributionOfSagging.jxx
+M FairCurve:privinclude:FairCurve_DistributionOfSagging.ixx /dn43/OCCT/tmp/results_31.05.2011/occt/release-sources-20110531/drv/FairCurve/FairCurve_DistributionOfSagging.ixx
+M FairCurve:pubinclude:FairCurve_DistributionOfTension.hxx /dn43/OCCT/tmp/results_31.05.2011/occt/release-sources-20110531/inc/FairCurve_DistributionOfTension.hxx
+M FairCurve:privinclude:FairCurve_DistributionOfTension.jxx /dn43/OCCT/tmp/results_31.05.2011/occt/release-sources-20110531/drv/FairCurve/FairCurve_DistributionOfTension.jxx
+M FairCurve:privinclude:FairCurve_DistributionOfTension.ixx /dn43/OCCT/tmp/results_31.05.2011/occt/release-sources-20110531/drv/FairCurve/FairCurve_DistributionOfTension.ixx
+M FairCurve:pubinclude:FairCurve_DistributionOfJerk.hxx /dn43/OCCT/tmp/results_31.05.2011/occt/release-sources-20110531/inc/FairCurve_DistributionOfJerk.hxx
+M FairCurve:privinclude:FairCurve_DistributionOfJerk.jxx /dn43/OCCT/tmp/results_31.05.2011/occt/release-sources-20110531/drv/FairCurve/FairCurve_DistributionOfJerk.jxx
+M FairCurve:privinclude:FairCurve_DistributionOfJerk.ixx /dn43/OCCT/tmp/results_31.05.2011/occt/release-sources-20110531/drv/FairCurve/FairCurve_DistributionOfJerk.ixx
+M FairCurve:pubinclude:FairCurve_Energy.hxx /dn43/OCCT/tmp/results_31.05.2011/occt/release-sources-20110531/inc/FairCurve_Energy.hxx
+M FairCurve:privinclude:FairCurve_Energy.jxx /dn43/OCCT/tmp/results_31.05.2011/occt/release-sources-20110531/drv/FairCurve/FairCurve_Energy.jxx
+M FairCurve:privinclude:FairCurve_Energy.ixx /dn43/OCCT/tmp/results_31.05.2011/occt/release-sources-20110531/drv/FairCurve/FairCurve_Energy.ixx
+M FairCurve:pubinclude:FairCurve_EnergyOfBatten.hxx /dn43/OCCT/tmp/results_31.05.2011/occt/release-sources-20110531/inc/FairCurve_EnergyOfBatten.hxx
+M FairCurve:privinclude:FairCurve_EnergyOfBatten.jxx /dn43/OCCT/tmp/results_31.05.2011/occt/release-sources-20110531/drv/FairCurve/FairCurve_EnergyOfBatten.jxx
+M FairCurve:privinclude:FairCurve_EnergyOfBatten.ixx /dn43/OCCT/tmp/results_31.05.2011/occt/release-sources-20110531/drv/FairCurve/FairCurve_EnergyOfBatten.ixx
+M FairCurve:pubinclude:FairCurve_EnergyOfMVC.hxx /dn43/OCCT/tmp/results_31.05.2011/occt/release-sources-20110531/inc/FairCurve_EnergyOfMVC.hxx
+M FairCurve:privinclude:FairCurve_EnergyOfMVC.jxx /dn43/OCCT/tmp/results_31.05.2011/occt/release-sources-20110531/drv/FairCurve/FairCurve_EnergyOfMVC.jxx
+M FairCurve:privinclude:FairCurve_EnergyOfMVC.ixx /dn43/OCCT/tmp/results_31.05.2011/occt/release-sources-20110531/drv/FairCurve/FairCurve_EnergyOfMVC.ixx
+M FairCurve:pubinclude:FairCurve_Newton.hxx /dn43/OCCT/tmp/results_31.05.2011/occt/release-sources-20110531/inc/FairCurve_Newton.hxx
+M FairCurve:privinclude:FairCurve_Newton.jxx /dn43/OCCT/tmp/results_31.05.2011/occt/release-sources-20110531/drv/FairCurve/FairCurve_Newton.jxx
+M FairCurve:privinclude:FairCurve_Newton.ixx /dn43/OCCT/tmp/results_31.05.2011/occt/release-sources-20110531/drv/FairCurve/FairCurve_Newton.ixx
+M FairCurve:pubinclude:FairCurve_AnalysisCode.hxx /dn43/OCCT/tmp/results_31.05.2011/occt/release-sources-20110531/inc/FairCurve_AnalysisCode.hxx
+M FairCurve:dbadmfile:FairCurve_xcpp_header.In /dn43/OCCT/tmp/results_31.05.2011/occt/release-sources-20110531/drv/FairCurve/.adm/FairCurve_xcpp_header.In
+M FairCurve:dbadmfile:FairCurve_xcpp_header.Out /dn43/OCCT/tmp/results_31.05.2011/occt/release-sources-20110531/drv/FairCurve/.adm/FairCurve_xcpp_header.Out
+M FairCurve:dbadmfile:FairCurve_xcpp_header.Dep /dn43/OCCT/tmp/results_31.05.2011/occt/release-sources-20110531/drv/FairCurve/.adm/FairCurve_xcpp_header.Dep
