+M BooleanOperations:pubinclude:BooleanOperations_AncestorsAndSuccessors.hxx /dn43/OCCT/tmp/results_30.09.2011/occt/release-sources-20110930/inc/BooleanOperations_AncestorsAndSuccessors.hxx
+M BooleanOperations:privinclude:BooleanOperations_AncestorsAndSuccessors.jxx /dn43/OCCT/tmp/results_30.09.2011/occt/release-sources-20110930/drv/BooleanOperations/BooleanOperations_AncestorsAndSuccessors.jxx
+M BooleanOperations:privinclude:BooleanOperations_AncestorsAndSuccessors.ixx /dn43/OCCT/tmp/results_30.09.2011/occt/release-sources-20110930/drv/BooleanOperations/BooleanOperations_AncestorsAndSuccessors.ixx
+M BooleanOperations:pubinclude:BooleanOperations_ShapeAndInterferences.hxx /dn43/OCCT/tmp/results_30.09.2011/occt/release-sources-20110930/inc/BooleanOperations_ShapeAndInterferences.hxx
+M BooleanOperations:privinclude:BooleanOperations_ShapeAndInterferences.jxx /dn43/OCCT/tmp/results_30.09.2011/occt/release-sources-20110930/drv/BooleanOperations/BooleanOperations_ShapeAndInterferences.jxx
+M BooleanOperations:privinclude:BooleanOperations_ShapeAndInterferences.ixx /dn43/OCCT/tmp/results_30.09.2011/occt/release-sources-20110930/drv/BooleanOperations/BooleanOperations_ShapeAndInterferences.ixx
+M BooleanOperations:pubinclude:BooleanOperations_ShapesDataStructure.hxx /dn43/OCCT/tmp/results_30.09.2011/occt/release-sources-20110930/inc/BooleanOperations_ShapesDataStructure.hxx
+M BooleanOperations:privinclude:BooleanOperations_ShapesDataStructure.jxx /dn43/OCCT/tmp/results_30.09.2011/occt/release-sources-20110930/drv/BooleanOperations/BooleanOperations_ShapesDataStructure.jxx
+M BooleanOperations:privinclude:BooleanOperations_ShapesDataStructure.ixx /dn43/OCCT/tmp/results_30.09.2011/occt/release-sources-20110930/drv/BooleanOperations/BooleanOperations_ShapesDataStructure.ixx
+M BooleanOperations:pubinclude:BooleanOperations_Explorer.hxx /dn43/OCCT/tmp/results_30.09.2011/occt/release-sources-20110930/inc/BooleanOperations_Explorer.hxx
+M BooleanOperations:privinclude:BooleanOperations_Explorer.jxx /dn43/OCCT/tmp/results_30.09.2011/occt/release-sources-20110930/drv/BooleanOperations/BooleanOperations_Explorer.jxx
+M BooleanOperations:privinclude:BooleanOperations_Explorer.ixx /dn43/OCCT/tmp/results_30.09.2011/occt/release-sources-20110930/drv/BooleanOperations/BooleanOperations_Explorer.ixx
+M BooleanOperations:pubinclude:BooleanOperations_OnceExplorer.hxx /dn43/OCCT/tmp/results_30.09.2011/occt/release-sources-20110930/inc/BooleanOperations_OnceExplorer.hxx
+M BooleanOperations:privinclude:BooleanOperations_OnceExplorer.jxx /dn43/OCCT/tmp/results_30.09.2011/occt/release-sources-20110930/drv/BooleanOperations/BooleanOperations_OnceExplorer.jxx
+M BooleanOperations:privinclude:BooleanOperations_OnceExplorer.ixx /dn43/OCCT/tmp/results_30.09.2011/occt/release-sources-20110930/drv/BooleanOperations/BooleanOperations_OnceExplorer.ixx
+M BooleanOperations:pubinclude:BooleanOperations_AncestorsSeqAndSuccessorsSeq.hxx /dn43/OCCT/tmp/results_30.09.2011/occt/release-sources-20110930/inc/BooleanOperations_AncestorsSeqAndSuccessorsSeq.hxx
+M BooleanOperations:privinclude:BooleanOperations_AncestorsSeqAndSuccessorsSeq.jxx /dn43/OCCT/tmp/results_30.09.2011/occt/release-sources-20110930/drv/BooleanOperations/BooleanOperations_AncestorsSeqAndSuccessorsSeq.jxx
+M BooleanOperations:privinclude:BooleanOperations_AncestorsSeqAndSuccessorsSeq.ixx /dn43/OCCT/tmp/results_30.09.2011/occt/release-sources-20110930/drv/BooleanOperations/BooleanOperations_AncestorsSeqAndSuccessorsSeq.ixx
+M BooleanOperations:pubinclude:BooleanOperations_IndexedDataMapOfShapeAncestorsSuccessors.hxx /dn43/OCCT/tmp/results_30.09.2011/occt/release-sources-20110930/inc/BooleanOperations_IndexedDataMapOfShapeAncestorsSuccessors.hxx
+M BooleanOperations:derivated:BooleanOperations_IndexedDataMapOfShapeAncestorsSuccessors_0.cxx /dn43/OCCT/tmp/results_30.09.2011/occt/release-sources-20110930/drv/BooleanOperations/BooleanOperations_IndexedDataMapOfShapeAncestorsSuccessors_0.cxx
+M BooleanOperations:pubinclude:BooleanOperations_IndexedDataMapOfShapeInteger.hxx /dn43/OCCT/tmp/results_30.09.2011/occt/release-sources-20110930/inc/BooleanOperations_IndexedDataMapOfShapeInteger.hxx
+M BooleanOperations:derivated:BooleanOperations_IndexedDataMapOfShapeInteger_0.cxx /dn43/OCCT/tmp/results_30.09.2011/occt/release-sources-20110930/drv/BooleanOperations/BooleanOperations_IndexedDataMapOfShapeInteger_0.cxx
+M BooleanOperations:pubinclude:Handle_BooleanOperations_IndexedDataMapNodeOfIndexedDataMapOfShapeAncestorsSuccessors.hxx /dn43/OCCT/tmp/results_30.09.2011/occt/release-sources-20110930/inc/Handle_BooleanOperations_IndexedDataMapNodeOfIndexedDataMapOfShapeAncestorsSuccessors.hxx
+M BooleanOperations:pubinclude:BooleanOperations_IndexedDataMapNodeOfIndexedDataMapOfShapeAncestorsSuccessors.hxx /dn43/OCCT/tmp/results_30.09.2011/occt/release-sources-20110930/inc/BooleanOperations_IndexedDataMapNodeOfIndexedDataMapOfShapeAncestorsSuccessors.hxx
+M BooleanOperations:derivated:BooleanOperations_IndexedDataMapNodeOfIndexedDataMapOfShapeAncestorsSuccessors_0.cxx /dn43/OCCT/tmp/results_30.09.2011/occt/release-sources-20110930/drv/BooleanOperations/BooleanOperations_IndexedDataMapNodeOfIndexedDataMapOfShapeAncestorsSuccessors_0.cxx
+M BooleanOperations:pubinclude:Handle_BooleanOperations_IndexedDataMapNodeOfIndexedDataMapOfShapeInteger.hxx /dn43/OCCT/tmp/results_30.09.2011/occt/release-sources-20110930/inc/Handle_BooleanOperations_IndexedDataMapNodeOfIndexedDataMapOfShapeInteger.hxx
+M BooleanOperations:pubinclude:BooleanOperations_IndexedDataMapNodeOfIndexedDataMapOfShapeInteger.hxx /dn43/OCCT/tmp/results_30.09.2011/occt/release-sources-20110930/inc/BooleanOperations_IndexedDataMapNodeOfIndexedDataMapOfShapeInteger.hxx
+M BooleanOperations:derivated:BooleanOperations_IndexedDataMapNodeOfIndexedDataMapOfShapeInteger_0.cxx /dn43/OCCT/tmp/results_30.09.2011/occt/release-sources-20110930/drv/BooleanOperations/BooleanOperations_IndexedDataMapNodeOfIndexedDataMapOfShapeInteger_0.cxx
+M BooleanOperations:pubinclude:BooleanOperations_StateOfShape.hxx /dn43/OCCT/tmp/results_30.09.2011/occt/release-sources-20110930/inc/BooleanOperations_StateOfShape.hxx
+M BooleanOperations:pubinclude:BooleanOperations_KindOfInterference.hxx /dn43/OCCT/tmp/results_30.09.2011/occt/release-sources-20110930/inc/BooleanOperations_KindOfInterference.hxx
+M BooleanOperations:pubinclude:BooleanOperations_KindOfIntersection.hxx /dn43/OCCT/tmp/results_30.09.2011/occt/release-sources-20110930/inc/BooleanOperations_KindOfIntersection.hxx
+M BooleanOperations:pubinclude:BooleanOperations_PShapeAndInterferences.hxx /dn43/OCCT/tmp/results_30.09.2011/occt/release-sources-20110930/inc/BooleanOperations_PShapeAndInterferences.hxx
+M BooleanOperations:pubinclude:BooleanOperations_PShapesDataStructure.hxx /dn43/OCCT/tmp/results_30.09.2011/occt/release-sources-20110930/inc/BooleanOperations_PShapesDataStructure.hxx
+M BooleanOperations:dbadmfile:BooleanOperations_xcpp_header.In /dn43/OCCT/tmp/results_30.09.2011/occt/release-sources-20110930/drv/BooleanOperations/.adm/BooleanOperations_xcpp_header.In
+M BooleanOperations:dbadmfile:BooleanOperations_xcpp_header.Out /dn43/OCCT/tmp/results_30.09.2011/occt/release-sources-20110930/drv/BooleanOperations/.adm/BooleanOperations_xcpp_header.Out
+M BooleanOperations:dbadmfile:BooleanOperations_xcpp_header.Dep /dn43/OCCT/tmp/results_30.09.2011/occt/release-sources-20110930/drv/BooleanOperations/.adm/BooleanOperations_xcpp_header.Dep
