+M PPoly:pubinclude:PPoly_Triangle.hxx /dn43/OCCT/tmp/results_31.05.2011/occt/release-sources-20110531/inc/PPoly_Triangle.hxx
+M PPoly:privinclude:PPoly_Triangle.jxx /dn43/OCCT/tmp/results_31.05.2011/occt/release-sources-20110531/drv/PPoly/PPoly_Triangle.jxx
+M PPoly:privinclude:PPoly_Triangle.ixx /dn43/OCCT/tmp/results_31.05.2011/occt/release-sources-20110531/drv/PPoly/PPoly_Triangle.ixx
+M PPoly:pubinclude:Handle_PPoly_Triangulation.hxx /dn43/OCCT/tmp/results_31.05.2011/occt/release-sources-20110531/inc/Handle_PPoly_Triangulation.hxx
+M PPoly:pubinclude:PPoly_Triangulation.hxx /dn43/OCCT/tmp/results_31.05.2011/occt/release-sources-20110531/inc/PPoly_Triangulation.hxx
+M PPoly:privinclude:PPoly_Triangulation.jxx /dn43/OCCT/tmp/results_31.05.2011/occt/release-sources-20110531/drv/PPoly/PPoly_Triangulation.jxx
+M PPoly:privinclude:PPoly_Triangulation.ixx /dn43/OCCT/tmp/results_31.05.2011/occt/release-sources-20110531/drv/PPoly/PPoly_Triangulation.ixx
+M PPoly:pubinclude:Handle_PPoly_Polygon3D.hxx /dn43/OCCT/tmp/results_31.05.2011/occt/release-sources-20110531/inc/Handle_PPoly_Polygon3D.hxx
+M PPoly:pubinclude:PPoly_Polygon3D.hxx /dn43/OCCT/tmp/results_31.05.2011/occt/release-sources-20110531/inc/PPoly_Polygon3D.hxx
+M PPoly:privinclude:PPoly_Polygon3D.jxx /dn43/OCCT/tmp/results_31.05.2011/occt/release-sources-20110531/drv/PPoly/PPoly_Polygon3D.jxx
+M PPoly:privinclude:PPoly_Polygon3D.ixx /dn43/OCCT/tmp/results_31.05.2011/occt/release-sources-20110531/drv/PPoly/PPoly_Polygon3D.ixx
+M PPoly:pubinclude:Handle_PPoly_Polygon2D.hxx /dn43/OCCT/tmp/results_31.05.2011/occt/release-sources-20110531/inc/Handle_PPoly_Polygon2D.hxx
+M PPoly:pubinclude:PPoly_Polygon2D.hxx /dn43/OCCT/tmp/results_31.05.2011/occt/release-sources-20110531/inc/PPoly_Polygon2D.hxx
+M PPoly:privinclude:PPoly_Polygon2D.jxx /dn43/OCCT/tmp/results_31.05.2011/occt/release-sources-20110531/drv/PPoly/PPoly_Polygon2D.jxx
+M PPoly:privinclude:PPoly_Polygon2D.ixx /dn43/OCCT/tmp/results_31.05.2011/occt/release-sources-20110531/drv/PPoly/PPoly_Polygon2D.ixx
+M PPoly:pubinclude:Handle_PPoly_PolygonOnTriangulation.hxx /dn43/OCCT/tmp/results_31.05.2011/occt/release-sources-20110531/inc/Handle_PPoly_PolygonOnTriangulation.hxx
+M PPoly:pubinclude:PPoly_PolygonOnTriangulation.hxx /dn43/OCCT/tmp/results_31.05.2011/occt/release-sources-20110531/inc/PPoly_PolygonOnTriangulation.hxx
+M PPoly:privinclude:PPoly_PolygonOnTriangulation.jxx /dn43/OCCT/tmp/results_31.05.2011/occt/release-sources-20110531/drv/PPoly/PPoly_PolygonOnTriangulation.jxx
+M PPoly:privinclude:PPoly_PolygonOnTriangulation.ixx /dn43/OCCT/tmp/results_31.05.2011/occt/release-sources-20110531/drv/PPoly/PPoly_PolygonOnTriangulation.ixx
+M PPoly:pubinclude:Handle_PPoly_HArray1OfTriangle.hxx /dn43/OCCT/tmp/results_31.05.2011/occt/release-sources-20110531/inc/Handle_PPoly_HArray1OfTriangle.hxx
+M PPoly:pubinclude:PPoly_HArray1OfTriangle.hxx /dn43/OCCT/tmp/results_31.05.2011/occt/release-sources-20110531/inc/PPoly_HArray1OfTriangle.hxx
+M PPoly:derivated:PPoly_HArray1OfTriangle_0.cxx /dn43/OCCT/tmp/results_31.05.2011/occt/release-sources-20110531/drv/PPoly/PPoly_HArray1OfTriangle_0.cxx
+M PPoly:pubinclude:Handle_PPoly_VArrayNodeOfFieldOfHArray1OfTriangle.hxx /dn43/OCCT/tmp/results_31.05.2011/occt/release-sources-20110531/inc/Handle_PPoly_VArrayNodeOfFieldOfHArray1OfTriangle.hxx
+M PPoly:pubinclude:PPoly_VArrayNodeOfFieldOfHArray1OfTriangle.hxx /dn43/OCCT/tmp/results_31.05.2011/occt/release-sources-20110531/inc/PPoly_VArrayNodeOfFieldOfHArray1OfTriangle.hxx
+M PPoly:derivated:PPoly_VArrayNodeOfFieldOfHArray1OfTriangle_0.cxx /dn43/OCCT/tmp/results_31.05.2011/occt/release-sources-20110531/drv/PPoly/PPoly_VArrayNodeOfFieldOfHArray1OfTriangle_0.cxx
+M PPoly:pubinclude:PPoly_VArrayTNodeOfFieldOfHArray1OfTriangle.hxx /dn43/OCCT/tmp/results_31.05.2011/occt/release-sources-20110531/inc/PPoly_VArrayTNodeOfFieldOfHArray1OfTriangle.hxx
+M PPoly:derivated:PPoly_VArrayTNodeOfFieldOfHArray1OfTriangle_0.cxx /dn43/OCCT/tmp/results_31.05.2011/occt/release-sources-20110531/drv/PPoly/PPoly_VArrayTNodeOfFieldOfHArray1OfTriangle_0.cxx
+M PPoly:pubinclude:PPoly_FieldOfHArray1OfTriangle.hxx /dn43/OCCT/tmp/results_31.05.2011/occt/release-sources-20110531/inc/PPoly_FieldOfHArray1OfTriangle.hxx
+M PPoly:derivated:PPoly_FieldOfHArray1OfTriangle_0.cxx /dn43/OCCT/tmp/results_31.05.2011/occt/release-sources-20110531/drv/PPoly/PPoly_FieldOfHArray1OfTriangle_0.cxx
+M PPoly:dbadmfile:PPoly_xcpp_header.In /dn43/OCCT/tmp/results_31.05.2011/occt/release-sources-20110531/drv/PPoly/.adm/PPoly_xcpp_header.In
+M PPoly:dbadmfile:PPoly_xcpp_header.Out /dn43/OCCT/tmp/results_31.05.2011/occt/release-sources-20110531/drv/PPoly/.adm/PPoly_xcpp_header.Out
+M PPoly:dbadmfile:PPoly_xcpp_header.Dep /dn43/OCCT/tmp/results_31.05.2011/occt/release-sources-20110531/drv/PPoly/.adm/PPoly_xcpp_header.Dep
