+M Interface:pubinclude:Handle_Interface_InterfaceModel.hxx /dn43/OCCT/tmp/results_31.05.2011/occt/release-sources-20110531/inc/Handle_Interface_InterfaceModel.hxx
+M Interface:pubinclude:Interface_InterfaceModel.hxx /dn43/OCCT/tmp/results_31.05.2011/occt/release-sources-20110531/inc/Interface_InterfaceModel.hxx
+M Interface:privinclude:Interface_InterfaceModel.jxx /dn43/OCCT/tmp/results_31.05.2011/occt/release-sources-20110531/drv/Interface/Interface_InterfaceModel.jxx
+M Interface:privinclude:Interface_InterfaceModel.ixx /dn43/OCCT/tmp/results_31.05.2011/occt/release-sources-20110531/drv/Interface/Interface_InterfaceModel.ixx
+M Interface:pubinclude:Handle_Interface_UndefinedContent.hxx /dn43/OCCT/tmp/results_31.05.2011/occt/release-sources-20110531/inc/Handle_Interface_UndefinedContent.hxx
+M Interface:pubinclude:Interface_UndefinedContent.hxx /dn43/OCCT/tmp/results_31.05.2011/occt/release-sources-20110531/inc/Interface_UndefinedContent.hxx
+M Interface:privinclude:Interface_UndefinedContent.jxx /dn43/OCCT/tmp/results_31.05.2011/occt/release-sources-20110531/drv/Interface/Interface_UndefinedContent.jxx
+M Interface:privinclude:Interface_UndefinedContent.ixx /dn43/OCCT/tmp/results_31.05.2011/occt/release-sources-20110531/drv/Interface/Interface_UndefinedContent.ixx
+M Interface:pubinclude:Handle_Interface_ReportEntity.hxx /dn43/OCCT/tmp/results_31.05.2011/occt/release-sources-20110531/inc/Handle_Interface_ReportEntity.hxx
+M Interface:pubinclude:Interface_ReportEntity.hxx /dn43/OCCT/tmp/results_31.05.2011/occt/release-sources-20110531/inc/Interface_ReportEntity.hxx
+M Interface:privinclude:Interface_ReportEntity.jxx /dn43/OCCT/tmp/results_31.05.2011/occt/release-sources-20110531/drv/Interface/Interface_ReportEntity.jxx
+M Interface:privinclude:Interface_ReportEntity.ixx /dn43/OCCT/tmp/results_31.05.2011/occt/release-sources-20110531/drv/Interface/Interface_ReportEntity.ixx
+M Interface:pubinclude:Interface_EntityList.hxx /dn43/OCCT/tmp/results_31.05.2011/occt/release-sources-20110531/inc/Interface_EntityList.hxx
+M Interface:privinclude:Interface_EntityList.jxx /dn43/OCCT/tmp/results_31.05.2011/occt/release-sources-20110531/drv/Interface/Interface_EntityList.jxx
+M Interface:privinclude:Interface_EntityList.ixx /dn43/OCCT/tmp/results_31.05.2011/occt/release-sources-20110531/drv/Interface/Interface_EntityList.ixx
+M Interface:pubinclude:Handle_Interface_EntityCluster.hxx /dn43/OCCT/tmp/results_31.05.2011/occt/release-sources-20110531/inc/Handle_Interface_EntityCluster.hxx
+M Interface:pubinclude:Interface_EntityCluster.hxx /dn43/OCCT/tmp/results_31.05.2011/occt/release-sources-20110531/inc/Interface_EntityCluster.hxx
+M Interface:privinclude:Interface_EntityCluster.jxx /dn43/OCCT/tmp/results_31.05.2011/occt/release-sources-20110531/drv/Interface/Interface_EntityCluster.jxx
+M Interface:privinclude:Interface_EntityCluster.ixx /dn43/OCCT/tmp/results_31.05.2011/occt/release-sources-20110531/drv/Interface/Interface_EntityCluster.ixx
+M Interface:pubinclude:Handle_Interface_IntVal.hxx /dn43/OCCT/tmp/results_31.05.2011/occt/release-sources-20110531/inc/Handle_Interface_IntVal.hxx
+M Interface:pubinclude:Interface_IntVal.hxx /dn43/OCCT/tmp/results_31.05.2011/occt/release-sources-20110531/inc/Interface_IntVal.hxx
+M Interface:privinclude:Interface_IntVal.jxx /dn43/OCCT/tmp/results_31.05.2011/occt/release-sources-20110531/drv/Interface/Interface_IntVal.jxx
+M Interface:privinclude:Interface_IntVal.ixx /dn43/OCCT/tmp/results_31.05.2011/occt/release-sources-20110531/drv/Interface/Interface_IntVal.ixx
+M Interface:pubinclude:Interface_EntityIterator.hxx /dn43/OCCT/tmp/results_31.05.2011/occt/release-sources-20110531/inc/Interface_EntityIterator.hxx
+M Interface:privinclude:Interface_EntityIterator.jxx /dn43/OCCT/tmp/results_31.05.2011/occt/release-sources-20110531/drv/Interface/Interface_EntityIterator.jxx
+M Interface:privinclude:Interface_EntityIterator.ixx /dn43/OCCT/tmp/results_31.05.2011/occt/release-sources-20110531/drv/Interface/Interface_EntityIterator.ixx
+M Interface:pubinclude:Interface_Graph.hxx /dn43/OCCT/tmp/results_31.05.2011/occt/release-sources-20110531/inc/Interface_Graph.hxx
+M Interface:privinclude:Interface_Graph.jxx /dn43/OCCT/tmp/results_31.05.2011/occt/release-sources-20110531/drv/Interface/Interface_Graph.jxx
+M Interface:privinclude:Interface_Graph.ixx /dn43/OCCT/tmp/results_31.05.2011/occt/release-sources-20110531/drv/Interface/Interface_Graph.ixx
+M Interface:pubinclude:Interface_GraphContent.hxx /dn43/OCCT/tmp/results_31.05.2011/occt/release-sources-20110531/inc/Interface_GraphContent.hxx
+M Interface:privinclude:Interface_GraphContent.jxx /dn43/OCCT/tmp/results_31.05.2011/occt/release-sources-20110531/drv/Interface/Interface_GraphContent.jxx
+M Interface:privinclude:Interface_GraphContent.ixx /dn43/OCCT/tmp/results_31.05.2011/occt/release-sources-20110531/drv/Interface/Interface_GraphContent.ixx
+M Interface:pubinclude:Handle_Interface_HGraph.hxx /dn43/OCCT/tmp/results_31.05.2011/occt/release-sources-20110531/inc/Handle_Interface_HGraph.hxx
+M Interface:pubinclude:Interface_HGraph.hxx /dn43/OCCT/tmp/results_31.05.2011/occt/release-sources-20110531/inc/Interface_HGraph.hxx
+M Interface:privinclude:Interface_HGraph.jxx /dn43/OCCT/tmp/results_31.05.2011/occt/release-sources-20110531/drv/Interface/Interface_HGraph.jxx
+M Interface:privinclude:Interface_HGraph.ixx /dn43/OCCT/tmp/results_31.05.2011/occt/release-sources-20110531/drv/Interface/Interface_HGraph.ixx
+M Interface:pubinclude:Interface_IntList.hxx /dn43/OCCT/tmp/results_31.05.2011/occt/release-sources-20110531/inc/Interface_IntList.hxx
+M Interface:privinclude:Interface_IntList.jxx /dn43/OCCT/tmp/results_31.05.2011/occt/release-sources-20110531/drv/Interface/Interface_IntList.jxx
+M Interface:privinclude:Interface_IntList.ixx /dn43/OCCT/tmp/results_31.05.2011/occt/release-sources-20110531/drv/Interface/Interface_IntList.ixx
+M Interface:pubinclude:Interface_BitMap.hxx /dn43/OCCT/tmp/results_31.05.2011/occt/release-sources-20110531/inc/Interface_BitMap.hxx
+M Interface:privinclude:Interface_BitMap.jxx /dn43/OCCT/tmp/results_31.05.2011/occt/release-sources-20110531/drv/Interface/Interface_BitMap.jxx
+M Interface:privinclude:Interface_BitMap.ixx /dn43/OCCT/tmp/results_31.05.2011/occt/release-sources-20110531/drv/Interface/Interface_BitMap.ixx
+M Interface:pubinclude:Handle_Interface_Check.hxx /dn43/OCCT/tmp/results_31.05.2011/occt/release-sources-20110531/inc/Handle_Interface_Check.hxx
+M Interface:pubinclude:Interface_Check.hxx /dn43/OCCT/tmp/results_31.05.2011/occt/release-sources-20110531/inc/Interface_Check.hxx
+M Interface:privinclude:Interface_Check.jxx /dn43/OCCT/tmp/results_31.05.2011/occt/release-sources-20110531/drv/Interface/Interface_Check.jxx
+M Interface:privinclude:Interface_Check.ixx /dn43/OCCT/tmp/results_31.05.2011/occt/release-sources-20110531/drv/Interface/Interface_Check.ixx
+M Interface:pubinclude:Interface_CheckIterator.hxx /dn43/OCCT/tmp/results_31.05.2011/occt/release-sources-20110531/inc/Interface_CheckIterator.hxx
+M Interface:privinclude:Interface_CheckIterator.jxx /dn43/OCCT/tmp/results_31.05.2011/occt/release-sources-20110531/drv/Interface/Interface_CheckIterator.jxx
+M Interface:privinclude:Interface_CheckIterator.ixx /dn43/OCCT/tmp/results_31.05.2011/occt/release-sources-20110531/drv/Interface/Interface_CheckIterator.ixx
+M Interface:pubinclude:Handle_Interface_Protocol.hxx /dn43/OCCT/tmp/results_31.05.2011/occt/release-sources-20110531/inc/Handle_Interface_Protocol.hxx
+M Interface:pubinclude:Interface_Protocol.hxx /dn43/OCCT/tmp/results_31.05.2011/occt/release-sources-20110531/inc/Interface_Protocol.hxx
+M Interface:privinclude:Interface_Protocol.jxx /dn43/OCCT/tmp/results_31.05.2011/occt/release-sources-20110531/drv/Interface/Interface_Protocol.jxx
+M Interface:privinclude:Interface_Protocol.ixx /dn43/OCCT/tmp/results_31.05.2011/occt/release-sources-20110531/drv/Interface/Interface_Protocol.ixx
+M Interface:pubinclude:Handle_Interface_GeneralModule.hxx /dn43/OCCT/tmp/results_31.05.2011/occt/release-sources-20110531/inc/Handle_Interface_GeneralModule.hxx
+M Interface:pubinclude:Interface_GeneralModule.hxx /dn43/OCCT/tmp/results_31.05.2011/occt/release-sources-20110531/inc/Interface_GeneralModule.hxx
+M Interface:privinclude:Interface_GeneralModule.jxx /dn43/OCCT/tmp/results_31.05.2011/occt/release-sources-20110531/drv/Interface/Interface_GeneralModule.jxx
+M Interface:privinclude:Interface_GeneralModule.ixx /dn43/OCCT/tmp/results_31.05.2011/occt/release-sources-20110531/drv/Interface/Interface_GeneralModule.ixx
+M Interface:pubinclude:Interface_GeneralLib.hxx /dn43/OCCT/tmp/results_31.05.2011/occt/release-sources-20110531/inc/Interface_GeneralLib.hxx
+M Interface:derivated:Interface_GeneralLib_0.cxx /dn43/OCCT/tmp/results_31.05.2011/occt/release-sources-20110531/drv/Interface/Interface_GeneralLib_0.cxx
+M Interface:pubinclude:Handle_Interface_GTool.hxx /dn43/OCCT/tmp/results_31.05.2011/occt/release-sources-20110531/inc/Handle_Interface_GTool.hxx
+M Interface:pubinclude:Interface_GTool.hxx /dn43/OCCT/tmp/results_31.05.2011/occt/release-sources-20110531/inc/Interface_GTool.hxx
+M Interface:privinclude:Interface_GTool.jxx /dn43/OCCT/tmp/results_31.05.2011/occt/release-sources-20110531/drv/Interface/Interface_GTool.jxx
+M Interface:privinclude:Interface_GTool.ixx /dn43/OCCT/tmp/results_31.05.2011/occt/release-sources-20110531/drv/Interface/Interface_GTool.ixx
+M Interface:pubinclude:Interface_ShareTool.hxx /dn43/OCCT/tmp/results_31.05.2011/occt/release-sources-20110531/inc/Interface_ShareTool.hxx
+M Interface:privinclude:Interface_ShareTool.jxx /dn43/OCCT/tmp/results_31.05.2011/occt/release-sources-20110531/drv/Interface/Interface_ShareTool.jxx
+M Interface:privinclude:Interface_ShareTool.ixx /dn43/OCCT/tmp/results_31.05.2011/occt/release-sources-20110531/drv/Interface/Interface_ShareTool.ixx
+M Interface:pubinclude:Interface_ShareFlags.hxx /dn43/OCCT/tmp/results_31.05.2011/occt/release-sources-20110531/inc/Interface_ShareFlags.hxx
+M Interface:privinclude:Interface_ShareFlags.jxx /dn43/OCCT/tmp/results_31.05.2011/occt/release-sources-20110531/drv/Interface/Interface_ShareFlags.jxx
+M Interface:privinclude:Interface_ShareFlags.ixx /dn43/OCCT/tmp/results_31.05.2011/occt/release-sources-20110531/drv/Interface/Interface_ShareFlags.ixx
+M Interface:pubinclude:Interface_CheckTool.hxx /dn43/OCCT/tmp/results_31.05.2011/occt/release-sources-20110531/inc/Interface_CheckTool.hxx
+M Interface:privinclude:Interface_CheckTool.jxx /dn43/OCCT/tmp/results_31.05.2011/occt/release-sources-20110531/drv/Interface/Interface_CheckTool.jxx
+M Interface:privinclude:Interface_CheckTool.ixx /dn43/OCCT/tmp/results_31.05.2011/occt/release-sources-20110531/drv/Interface/Interface_CheckTool.ixx
+M Interface:pubinclude:Interface_CopyTool.hxx /dn43/OCCT/tmp/results_31.05.2011/occt/release-sources-20110531/inc/Interface_CopyTool.hxx
+M Interface:privinclude:Interface_CopyTool.jxx /dn43/OCCT/tmp/results_31.05.2011/occt/release-sources-20110531/drv/Interface/Interface_CopyTool.jxx
+M Interface:privinclude:Interface_CopyTool.ixx /dn43/OCCT/tmp/results_31.05.2011/occt/release-sources-20110531/drv/Interface/Interface_CopyTool.ixx
+M Interface:pubinclude:Handle_Interface_CopyControl.hxx /dn43/OCCT/tmp/results_31.05.2011/occt/release-sources-20110531/inc/Handle_Interface_CopyControl.hxx
+M Interface:pubinclude:Interface_CopyControl.hxx /dn43/OCCT/tmp/results_31.05.2011/occt/release-sources-20110531/inc/Interface_CopyControl.hxx
+M Interface:privinclude:Interface_CopyControl.jxx /dn43/OCCT/tmp/results_31.05.2011/occt/release-sources-20110531/drv/Interface/Interface_CopyControl.jxx
+M Interface:privinclude:Interface_CopyControl.ixx /dn43/OCCT/tmp/results_31.05.2011/occt/release-sources-20110531/drv/Interface/Interface_CopyControl.ixx
+M Interface:pubinclude:Handle_Interface_CopyMap.hxx /dn43/OCCT/tmp/results_31.05.2011/occt/release-sources-20110531/inc/Handle_Interface_CopyMap.hxx
+M Interface:pubinclude:Interface_CopyMap.hxx /dn43/OCCT/tmp/results_31.05.2011/occt/release-sources-20110531/inc/Interface_CopyMap.hxx
+M Interface:privinclude:Interface_CopyMap.jxx /dn43/OCCT/tmp/results_31.05.2011/occt/release-sources-20110531/drv/Interface/Interface_CopyMap.jxx
+M Interface:privinclude:Interface_CopyMap.ixx /dn43/OCCT/tmp/results_31.05.2011/occt/release-sources-20110531/drv/Interface/Interface_CopyMap.ixx
+M Interface:pubinclude:Interface_Category.hxx /dn43/OCCT/tmp/results_31.05.2011/occt/release-sources-20110531/inc/Interface_Category.hxx
+M Interface:privinclude:Interface_Category.jxx /dn43/OCCT/tmp/results_31.05.2011/occt/release-sources-20110531/drv/Interface/Interface_Category.jxx
+M Interface:privinclude:Interface_Category.ixx /dn43/OCCT/tmp/results_31.05.2011/occt/release-sources-20110531/drv/Interface/Interface_Category.ixx
+M Interface:pubinclude:Handle_Interface_SignType.hxx /dn43/OCCT/tmp/results_31.05.2011/occt/release-sources-20110531/inc/Handle_Interface_SignType.hxx
+M Interface:pubinclude:Interface_SignType.hxx /dn43/OCCT/tmp/results_31.05.2011/occt/release-sources-20110531/inc/Interface_SignType.hxx
+M Interface:privinclude:Interface_SignType.jxx /dn43/OCCT/tmp/results_31.05.2011/occt/release-sources-20110531/drv/Interface/Interface_SignType.jxx
+M Interface:privinclude:Interface_SignType.ixx /dn43/OCCT/tmp/results_31.05.2011/occt/release-sources-20110531/drv/Interface/Interface_SignType.ixx
+M Interface:pubinclude:Handle_Interface_SignLabel.hxx /dn43/OCCT/tmp/results_31.05.2011/occt/release-sources-20110531/inc/Handle_Interface_SignLabel.hxx
+M Interface:pubinclude:Interface_SignLabel.hxx /dn43/OCCT/tmp/results_31.05.2011/occt/release-sources-20110531/inc/Interface_SignLabel.hxx
+M Interface:privinclude:Interface_SignLabel.jxx /dn43/OCCT/tmp/results_31.05.2011/occt/release-sources-20110531/drv/Interface/Interface_SignLabel.jxx
+M Interface:privinclude:Interface_SignLabel.ixx /dn43/OCCT/tmp/results_31.05.2011/occt/release-sources-20110531/drv/Interface/Interface_SignLabel.ixx
+M Interface:pubinclude:Handle_Interface_TypedValue.hxx /dn43/OCCT/tmp/results_31.05.2011/occt/release-sources-20110531/inc/Handle_Interface_TypedValue.hxx
+M Interface:pubinclude:Interface_TypedValue.hxx /dn43/OCCT/tmp/results_31.05.2011/occt/release-sources-20110531/inc/Interface_TypedValue.hxx
+M Interface:privinclude:Interface_TypedValue.jxx /dn43/OCCT/tmp/results_31.05.2011/occt/release-sources-20110531/drv/Interface/Interface_TypedValue.jxx
+M Interface:privinclude:Interface_TypedValue.ixx /dn43/OCCT/tmp/results_31.05.2011/occt/release-sources-20110531/drv/Interface/Interface_TypedValue.ixx
+M Interface:pubinclude:Handle_Interface_Static.hxx /dn43/OCCT/tmp/results_31.05.2011/occt/release-sources-20110531/inc/Handle_Interface_Static.hxx
+M Interface:pubinclude:Interface_Static.hxx /dn43/OCCT/tmp/results_31.05.2011/occt/release-sources-20110531/inc/Interface_Static.hxx
+M Interface:privinclude:Interface_Static.jxx /dn43/OCCT/tmp/results_31.05.2011/occt/release-sources-20110531/drv/Interface/Interface_Static.jxx
+M Interface:privinclude:Interface_Static.ixx /dn43/OCCT/tmp/results_31.05.2011/occt/release-sources-20110531/drv/Interface/Interface_Static.ixx
+M Interface:pubinclude:Handle_Interface_ReaderModule.hxx /dn43/OCCT/tmp/results_31.05.2011/occt/release-sources-20110531/inc/Handle_Interface_ReaderModule.hxx
+M Interface:pubinclude:Interface_ReaderModule.hxx /dn43/OCCT/tmp/results_31.05.2011/occt/release-sources-20110531/inc/Interface_ReaderModule.hxx
+M Interface:privinclude:Interface_ReaderModule.jxx /dn43/OCCT/tmp/results_31.05.2011/occt/release-sources-20110531/drv/Interface/Interface_ReaderModule.jxx
+M Interface:privinclude:Interface_ReaderModule.ixx /dn43/OCCT/tmp/results_31.05.2011/occt/release-sources-20110531/drv/Interface/Interface_ReaderModule.ixx
+M Interface:pubinclude:Interface_ReaderLib.hxx /dn43/OCCT/tmp/results_31.05.2011/occt/release-sources-20110531/inc/Interface_ReaderLib.hxx
+M Interface:derivated:Interface_ReaderLib_0.cxx /dn43/OCCT/tmp/results_31.05.2011/occt/release-sources-20110531/drv/Interface/Interface_ReaderLib_0.cxx
+M Interface:pubinclude:Interface_FileParameter.hxx /dn43/OCCT/tmp/results_31.05.2011/occt/release-sources-20110531/inc/Interface_FileParameter.hxx
+M Interface:privinclude:Interface_FileParameter.jxx /dn43/OCCT/tmp/results_31.05.2011/occt/release-sources-20110531/drv/Interface/Interface_FileParameter.jxx
+M Interface:privinclude:Interface_FileParameter.ixx /dn43/OCCT/tmp/results_31.05.2011/occt/release-sources-20110531/drv/Interface/Interface_FileParameter.ixx
+M Interface:pubinclude:Handle_Interface_ParamSet.hxx /dn43/OCCT/tmp/results_31.05.2011/occt/release-sources-20110531/inc/Handle_Interface_ParamSet.hxx
+M Interface:pubinclude:Interface_ParamSet.hxx /dn43/OCCT/tmp/results_31.05.2011/occt/release-sources-20110531/inc/Interface_ParamSet.hxx
+M Interface:privinclude:Interface_ParamSet.jxx /dn43/OCCT/tmp/results_31.05.2011/occt/release-sources-20110531/drv/Interface/Interface_ParamSet.jxx
+M Interface:privinclude:Interface_ParamSet.ixx /dn43/OCCT/tmp/results_31.05.2011/occt/release-sources-20110531/drv/Interface/Interface_ParamSet.ixx
+M Interface:pubinclude:Handle_Interface_ParamList.hxx /dn43/OCCT/tmp/results_31.05.2011/occt/release-sources-20110531/inc/Handle_Interface_ParamList.hxx
+M Interface:pubinclude:Interface_ParamList.hxx /dn43/OCCT/tmp/results_31.05.2011/occt/release-sources-20110531/inc/Interface_ParamList.hxx
+M Interface:privinclude:Interface_ParamList.jxx /dn43/OCCT/tmp/results_31.05.2011/occt/release-sources-20110531/drv/Interface/Interface_ParamList.jxx
+M Interface:privinclude:Interface_ParamList.ixx /dn43/OCCT/tmp/results_31.05.2011/occt/release-sources-20110531/drv/Interface/Interface_ParamList.ixx
+M Interface:pubinclude:Handle_Interface_FileReaderData.hxx /dn43/OCCT/tmp/results_31.05.2011/occt/release-sources-20110531/inc/Handle_Interface_FileReaderData.hxx
+M Interface:pubinclude:Interface_FileReaderData.hxx /dn43/OCCT/tmp/results_31.05.2011/occt/release-sources-20110531/inc/Interface_FileReaderData.hxx
+M Interface:privinclude:Interface_FileReaderData.jxx /dn43/OCCT/tmp/results_31.05.2011/occt/release-sources-20110531/drv/Interface/Interface_FileReaderData.jxx
+M Interface:privinclude:Interface_FileReaderData.ixx /dn43/OCCT/tmp/results_31.05.2011/occt/release-sources-20110531/drv/Interface/Interface_FileReaderData.ixx
+M Interface:pubinclude:Interface_FileReaderTool.hxx /dn43/OCCT/tmp/results_31.05.2011/occt/release-sources-20110531/inc/Interface_FileReaderTool.hxx
+M Interface:privinclude:Interface_FileReaderTool.jxx /dn43/OCCT/tmp/results_31.05.2011/occt/release-sources-20110531/drv/Interface/Interface_FileReaderTool.jxx
+M Interface:privinclude:Interface_FileReaderTool.ixx /dn43/OCCT/tmp/results_31.05.2011/occt/release-sources-20110531/drv/Interface/Interface_FileReaderTool.ixx
+M Interface:pubinclude:Interface_LineBuffer.hxx /dn43/OCCT/tmp/results_31.05.2011/occt/release-sources-20110531/inc/Interface_LineBuffer.hxx
+M Interface:privinclude:Interface_LineBuffer.jxx /dn43/OCCT/tmp/results_31.05.2011/occt/release-sources-20110531/drv/Interface/Interface_LineBuffer.jxx
+M Interface:privinclude:Interface_LineBuffer.ixx /dn43/OCCT/tmp/results_31.05.2011/occt/release-sources-20110531/drv/Interface/Interface_LineBuffer.ixx
+M Interface:pubinclude:Interface_FloatWriter.hxx /dn43/OCCT/tmp/results_31.05.2011/occt/release-sources-20110531/inc/Interface_FloatWriter.hxx
+M Interface:privinclude:Interface_FloatWriter.jxx /dn43/OCCT/tmp/results_31.05.2011/occt/release-sources-20110531/drv/Interface/Interface_FloatWriter.jxx
+M Interface:privinclude:Interface_FloatWriter.ixx /dn43/OCCT/tmp/results_31.05.2011/occt/release-sources-20110531/drv/Interface/Interface_FloatWriter.ixx
+M Interface:pubinclude:Interface_MSG.hxx /dn43/OCCT/tmp/results_31.05.2011/occt/release-sources-20110531/inc/Interface_MSG.hxx
+M Interface:privinclude:Interface_MSG.jxx /dn43/OCCT/tmp/results_31.05.2011/occt/release-sources-20110531/drv/Interface/Interface_MSG.jxx
+M Interface:privinclude:Interface_MSG.ixx /dn43/OCCT/tmp/results_31.05.2011/occt/release-sources-20110531/drv/Interface/Interface_MSG.ixx
+M Interface:pubinclude:Interface_STAT.hxx /dn43/OCCT/tmp/results_31.05.2011/occt/release-sources-20110531/inc/Interface_STAT.hxx
+M Interface:privinclude:Interface_STAT.jxx /dn43/OCCT/tmp/results_31.05.2011/occt/release-sources-20110531/drv/Interface/Interface_STAT.jxx
+M Interface:privinclude:Interface_STAT.ixx /dn43/OCCT/tmp/results_31.05.2011/occt/release-sources-20110531/drv/Interface/Interface_STAT.ixx
+M Interface:pubinclude:Interface_SequenceOfCheck.hxx /dn43/OCCT/tmp/results_31.05.2011/occt/release-sources-20110531/inc/Interface_SequenceOfCheck.hxx
+M Interface:derivated:Interface_SequenceOfCheck_0.cxx /dn43/OCCT/tmp/results_31.05.2011/occt/release-sources-20110531/drv/Interface/Interface_SequenceOfCheck_0.cxx
+M Interface:pubinclude:Handle_Interface_HSequenceOfCheck.hxx /dn43/OCCT/tmp/results_31.05.2011/occt/release-sources-20110531/inc/Handle_Interface_HSequenceOfCheck.hxx
+M Interface:pubinclude:Interface_HSequenceOfCheck.hxx /dn43/OCCT/tmp/results_31.05.2011/occt/release-sources-20110531/inc/Interface_HSequenceOfCheck.hxx
+M Interface:derivated:Interface_HSequenceOfCheck_0.cxx /dn43/OCCT/tmp/results_31.05.2011/occt/release-sources-20110531/drv/Interface/Interface_HSequenceOfCheck_0.cxx
+M Interface:pubinclude:Interface_Array1OfFileParameter.hxx /dn43/OCCT/tmp/results_31.05.2011/occt/release-sources-20110531/inc/Interface_Array1OfFileParameter.hxx
+M Interface:derivated:Interface_Array1OfFileParameter_0.cxx /dn43/OCCT/tmp/results_31.05.2011/occt/release-sources-20110531/drv/Interface/Interface_Array1OfFileParameter_0.cxx
+M Interface:pubinclude:Interface_DataMapOfTransientInteger.hxx /dn43/OCCT/tmp/results_31.05.2011/occt/release-sources-20110531/inc/Interface_DataMapOfTransientInteger.hxx
+M Interface:derivated:Interface_DataMapOfTransientInteger_0.cxx /dn43/OCCT/tmp/results_31.05.2011/occt/release-sources-20110531/drv/Interface/Interface_DataMapOfTransientInteger_0.cxx
+M Interface:pubinclude:Interface_Array1OfHAsciiString.hxx /dn43/OCCT/tmp/results_31.05.2011/occt/release-sources-20110531/inc/Interface_Array1OfHAsciiString.hxx
+M Interface:derivated:Interface_Array1OfHAsciiString_0.cxx /dn43/OCCT/tmp/results_31.05.2011/occt/release-sources-20110531/drv/Interface/Interface_Array1OfHAsciiString_0.cxx
+M Interface:pubinclude:Handle_Interface_HArray1OfHAsciiString.hxx /dn43/OCCT/tmp/results_31.05.2011/occt/release-sources-20110531/inc/Handle_Interface_HArray1OfHAsciiString.hxx
+M Interface:pubinclude:Interface_HArray1OfHAsciiString.hxx /dn43/OCCT/tmp/results_31.05.2011/occt/release-sources-20110531/inc/Interface_HArray1OfHAsciiString.hxx
+M Interface:derivated:Interface_HArray1OfHAsciiString_0.cxx /dn43/OCCT/tmp/results_31.05.2011/occt/release-sources-20110531/drv/Interface/Interface_HArray1OfHAsciiString_0.cxx
+M Interface:pubinclude:Interface_MapAsciiStringHasher.hxx /dn43/OCCT/tmp/results_31.05.2011/occt/release-sources-20110531/inc/Interface_MapAsciiStringHasher.hxx
+M Interface:privinclude:Interface_MapAsciiStringHasher.jxx /dn43/OCCT/tmp/results_31.05.2011/occt/release-sources-20110531/drv/Interface/Interface_MapAsciiStringHasher.jxx
+M Interface:privinclude:Interface_MapAsciiStringHasher.ixx /dn43/OCCT/tmp/results_31.05.2011/occt/release-sources-20110531/drv/Interface/Interface_MapAsciiStringHasher.ixx
+M Interface:pubinclude:Interface_IndexedMapOfAsciiString.hxx /dn43/OCCT/tmp/results_31.05.2011/occt/release-sources-20110531/inc/Interface_IndexedMapOfAsciiString.hxx
+M Interface:derivated:Interface_IndexedMapOfAsciiString_0.cxx /dn43/OCCT/tmp/results_31.05.2011/occt/release-sources-20110531/drv/Interface/Interface_IndexedMapOfAsciiString_0.cxx
+M Interface:pubinclude:Handle_Interface_GlobalNodeOfGeneralLib.hxx /dn43/OCCT/tmp/results_31.05.2011/occt/release-sources-20110531/inc/Handle_Interface_GlobalNodeOfGeneralLib.hxx
+M Interface:pubinclude:Interface_GlobalNodeOfGeneralLib.hxx /dn43/OCCT/tmp/results_31.05.2011/occt/release-sources-20110531/inc/Interface_GlobalNodeOfGeneralLib.hxx
+M Interface:derivated:Interface_GlobalNodeOfGeneralLib_0.cxx /dn43/OCCT/tmp/results_31.05.2011/occt/release-sources-20110531/drv/Interface/Interface_GlobalNodeOfGeneralLib_0.cxx
+M Interface:pubinclude:Handle_Interface_NodeOfGeneralLib.hxx /dn43/OCCT/tmp/results_31.05.2011/occt/release-sources-20110531/inc/Handle_Interface_NodeOfGeneralLib.hxx
+M Interface:pubinclude:Interface_NodeOfGeneralLib.hxx /dn43/OCCT/tmp/results_31.05.2011/occt/release-sources-20110531/inc/Interface_NodeOfGeneralLib.hxx
+M Interface:derivated:Interface_NodeOfGeneralLib_0.cxx /dn43/OCCT/tmp/results_31.05.2011/occt/release-sources-20110531/drv/Interface/Interface_NodeOfGeneralLib_0.cxx
+M Interface:pubinclude:Handle_Interface_GlobalNodeOfReaderLib.hxx /dn43/OCCT/tmp/results_31.05.2011/occt/release-sources-20110531/inc/Handle_Interface_GlobalNodeOfReaderLib.hxx
+M Interface:pubinclude:Interface_GlobalNodeOfReaderLib.hxx /dn43/OCCT/tmp/results_31.05.2011/occt/release-sources-20110531/inc/Interface_GlobalNodeOfReaderLib.hxx
+M Interface:derivated:Interface_GlobalNodeOfReaderLib_0.cxx /dn43/OCCT/tmp/results_31.05.2011/occt/release-sources-20110531/drv/Interface/Interface_GlobalNodeOfReaderLib_0.cxx
+M Interface:pubinclude:Handle_Interface_NodeOfReaderLib.hxx /dn43/OCCT/tmp/results_31.05.2011/occt/release-sources-20110531/inc/Handle_Interface_NodeOfReaderLib.hxx
+M Interface:pubinclude:Interface_NodeOfReaderLib.hxx /dn43/OCCT/tmp/results_31.05.2011/occt/release-sources-20110531/inc/Interface_NodeOfReaderLib.hxx
+M Interface:derivated:Interface_NodeOfReaderLib_0.cxx /dn43/OCCT/tmp/results_31.05.2011/occt/release-sources-20110531/drv/Interface/Interface_NodeOfReaderLib_0.cxx
+M Interface:pubinclude:Handle_Interface_SequenceNodeOfSequenceOfCheck.hxx /dn43/OCCT/tmp/results_31.05.2011/occt/release-sources-20110531/inc/Handle_Interface_SequenceNodeOfSequenceOfCheck.hxx
+M Interface:pubinclude:Interface_SequenceNodeOfSequenceOfCheck.hxx /dn43/OCCT/tmp/results_31.05.2011/occt/release-sources-20110531/inc/Interface_SequenceNodeOfSequenceOfCheck.hxx
+M Interface:derivated:Interface_SequenceNodeOfSequenceOfCheck_0.cxx /dn43/OCCT/tmp/results_31.05.2011/occt/release-sources-20110531/drv/Interface/Interface_SequenceNodeOfSequenceOfCheck_0.cxx
+M Interface:pubinclude:Handle_Interface_DataMapNodeOfDataMapOfTransientInteger.hxx /dn43/OCCT/tmp/results_31.05.2011/occt/release-sources-20110531/inc/Handle_Interface_DataMapNodeOfDataMapOfTransientInteger.hxx
+M Interface:pubinclude:Interface_DataMapNodeOfDataMapOfTransientInteger.hxx /dn43/OCCT/tmp/results_31.05.2011/occt/release-sources-20110531/inc/Interface_DataMapNodeOfDataMapOfTransientInteger.hxx
+M Interface:derivated:Interface_DataMapNodeOfDataMapOfTransientInteger_0.cxx /dn43/OCCT/tmp/results_31.05.2011/occt/release-sources-20110531/drv/Interface/Interface_DataMapNodeOfDataMapOfTransientInteger_0.cxx
+M Interface:pubinclude:Interface_DataMapIteratorOfDataMapOfTransientInteger.hxx /dn43/OCCT/tmp/results_31.05.2011/occt/release-sources-20110531/inc/Interface_DataMapIteratorOfDataMapOfTransientInteger.hxx
+M Interface:derivated:Interface_DataMapIteratorOfDataMapOfTransientInteger_0.cxx /dn43/OCCT/tmp/results_31.05.2011/occt/release-sources-20110531/drv/Interface/Interface_DataMapIteratorOfDataMapOfTransientInteger_0.cxx
+M Interface:pubinclude:Handle_Interface_IndexedMapNodeOfIndexedMapOfAsciiString.hxx /dn43/OCCT/tmp/results_31.05.2011/occt/release-sources-20110531/inc/Handle_Interface_IndexedMapNodeOfIndexedMapOfAsciiString.hxx
+M Interface:pubinclude:Interface_IndexedMapNodeOfIndexedMapOfAsciiString.hxx /dn43/OCCT/tmp/results_31.05.2011/occt/release-sources-20110531/inc/Interface_IndexedMapNodeOfIndexedMapOfAsciiString.hxx
+M Interface:derivated:Interface_IndexedMapNodeOfIndexedMapOfAsciiString_0.cxx /dn43/OCCT/tmp/results_31.05.2011/occt/release-sources-20110531/drv/Interface/Interface_IndexedMapNodeOfIndexedMapOfAsciiString_0.cxx
+M Interface:pubinclude:Handle_Interface_InterfaceError.hxx /dn43/OCCT/tmp/results_31.05.2011/occt/release-sources-20110531/inc/Handle_Interface_InterfaceError.hxx
+M Interface:pubinclude:Interface_InterfaceError.hxx /dn43/OCCT/tmp/results_31.05.2011/occt/release-sources-20110531/inc/Interface_InterfaceError.hxx
+M Interface:derivated:Interface_InterfaceError_0.cxx /dn43/OCCT/tmp/results_31.05.2011/occt/release-sources-20110531/drv/Interface/Interface_InterfaceError_0.cxx
+M Interface:pubinclude:Handle_Interface_InterfaceMismatch.hxx /dn43/OCCT/tmp/results_31.05.2011/occt/release-sources-20110531/inc/Handle_Interface_InterfaceMismatch.hxx
+M Interface:pubinclude:Interface_InterfaceMismatch.hxx /dn43/OCCT/tmp/results_31.05.2011/occt/release-sources-20110531/inc/Interface_InterfaceMismatch.hxx
+M Interface:derivated:Interface_InterfaceMismatch_0.cxx /dn43/OCCT/tmp/results_31.05.2011/occt/release-sources-20110531/drv/Interface/Interface_InterfaceMismatch_0.cxx
+M Interface:pubinclude:Handle_Interface_CheckFailure.hxx /dn43/OCCT/tmp/results_31.05.2011/occt/release-sources-20110531/inc/Handle_Interface_CheckFailure.hxx
+M Interface:pubinclude:Interface_CheckFailure.hxx /dn43/OCCT/tmp/results_31.05.2011/occt/release-sources-20110531/inc/Interface_CheckFailure.hxx
+M Interface:derivated:Interface_CheckFailure_0.cxx /dn43/OCCT/tmp/results_31.05.2011/occt/release-sources-20110531/drv/Interface/Interface_CheckFailure_0.cxx
+M Interface:pubinclude:Interface_ParamType.hxx /dn43/OCCT/tmp/results_31.05.2011/occt/release-sources-20110531/inc/Interface_ParamType.hxx
+M Interface:pubinclude:Interface_DataState.hxx /dn43/OCCT/tmp/results_31.05.2011/occt/release-sources-20110531/inc/Interface_DataState.hxx
+M Interface:pubinclude:Interface_CheckStatus.hxx /dn43/OCCT/tmp/results_31.05.2011/occt/release-sources-20110531/inc/Interface_CheckStatus.hxx
+M Interface:dbadmfile:Interface_xcpp_header.In /dn43/OCCT/tmp/results_31.05.2011/occt/release-sources-20110531/drv/Interface/.adm/Interface_xcpp_header.In
+M Interface:dbadmfile:Interface_xcpp_header.Out /dn43/OCCT/tmp/results_31.05.2011/occt/release-sources-20110531/drv/Interface/.adm/Interface_xcpp_header.Out
+M Interface:dbadmfile:Interface_xcpp_header.Dep /dn43/OCCT/tmp/results_31.05.2011/occt/release-sources-20110531/drv/Interface/.adm/Interface_xcpp_header.Dep
