+M ShapeUpgrade:pubinclude:ShapeUpgrade.hxx /dn43/OCCT/tmp/results_31.05.2011/occt/release-sources-20110531/inc/ShapeUpgrade.hxx
+M ShapeUpgrade:privinclude:ShapeUpgrade.jxx /dn43/OCCT/tmp/results_31.05.2011/occt/release-sources-20110531/drv/ShapeUpgrade/ShapeUpgrade.jxx
+M ShapeUpgrade:privinclude:ShapeUpgrade.ixx /dn43/OCCT/tmp/results_31.05.2011/occt/release-sources-20110531/drv/ShapeUpgrade/ShapeUpgrade.ixx
+M ShapeUpgrade:pubinclude:Handle_ShapeUpgrade_Tool.hxx /dn43/OCCT/tmp/results_31.05.2011/occt/release-sources-20110531/inc/Handle_ShapeUpgrade_Tool.hxx
+M ShapeUpgrade:pubinclude:ShapeUpgrade_Tool.hxx /dn43/OCCT/tmp/results_31.05.2011/occt/release-sources-20110531/inc/ShapeUpgrade_Tool.hxx
+M ShapeUpgrade:privinclude:ShapeUpgrade_Tool.jxx /dn43/OCCT/tmp/results_31.05.2011/occt/release-sources-20110531/drv/ShapeUpgrade/ShapeUpgrade_Tool.jxx
+M ShapeUpgrade:privinclude:ShapeUpgrade_Tool.ixx /dn43/OCCT/tmp/results_31.05.2011/occt/release-sources-20110531/drv/ShapeUpgrade/ShapeUpgrade_Tool.ixx
+M ShapeUpgrade:pubinclude:Handle_ShapeUpgrade_EdgeDivide.hxx /dn43/OCCT/tmp/results_31.05.2011/occt/release-sources-20110531/inc/Handle_ShapeUpgrade_EdgeDivide.hxx
+M ShapeUpgrade:pubinclude:ShapeUpgrade_EdgeDivide.hxx /dn43/OCCT/tmp/results_31.05.2011/occt/release-sources-20110531/inc/ShapeUpgrade_EdgeDivide.hxx
+M ShapeUpgrade:privinclude:ShapeUpgrade_EdgeDivide.jxx /dn43/OCCT/tmp/results_31.05.2011/occt/release-sources-20110531/drv/ShapeUpgrade/ShapeUpgrade_EdgeDivide.jxx
+M ShapeUpgrade:privinclude:ShapeUpgrade_EdgeDivide.ixx /dn43/OCCT/tmp/results_31.05.2011/occt/release-sources-20110531/drv/ShapeUpgrade/ShapeUpgrade_EdgeDivide.ixx
+M ShapeUpgrade:pubinclude:Handle_ShapeUpgrade_ClosedEdgeDivide.hxx /dn43/OCCT/tmp/results_31.05.2011/occt/release-sources-20110531/inc/Handle_ShapeUpgrade_ClosedEdgeDivide.hxx
+M ShapeUpgrade:pubinclude:ShapeUpgrade_ClosedEdgeDivide.hxx /dn43/OCCT/tmp/results_31.05.2011/occt/release-sources-20110531/inc/ShapeUpgrade_ClosedEdgeDivide.hxx
+M ShapeUpgrade:privinclude:ShapeUpgrade_ClosedEdgeDivide.jxx /dn43/OCCT/tmp/results_31.05.2011/occt/release-sources-20110531/drv/ShapeUpgrade/ShapeUpgrade_ClosedEdgeDivide.jxx
+M ShapeUpgrade:privinclude:ShapeUpgrade_ClosedEdgeDivide.ixx /dn43/OCCT/tmp/results_31.05.2011/occt/release-sources-20110531/drv/ShapeUpgrade/ShapeUpgrade_ClosedEdgeDivide.ixx
+M ShapeUpgrade:pubinclude:Handle_ShapeUpgrade_WireDivide.hxx /dn43/OCCT/tmp/results_31.05.2011/occt/release-sources-20110531/inc/Handle_ShapeUpgrade_WireDivide.hxx
+M ShapeUpgrade:pubinclude:ShapeUpgrade_WireDivide.hxx /dn43/OCCT/tmp/results_31.05.2011/occt/release-sources-20110531/inc/ShapeUpgrade_WireDivide.hxx
+M ShapeUpgrade:privinclude:ShapeUpgrade_WireDivide.jxx /dn43/OCCT/tmp/results_31.05.2011/occt/release-sources-20110531/drv/ShapeUpgrade/ShapeUpgrade_WireDivide.jxx
+M ShapeUpgrade:privinclude:ShapeUpgrade_WireDivide.ixx /dn43/OCCT/tmp/results_31.05.2011/occt/release-sources-20110531/drv/ShapeUpgrade/ShapeUpgrade_WireDivide.ixx
+M ShapeUpgrade:pubinclude:Handle_ShapeUpgrade_FaceDivide.hxx /dn43/OCCT/tmp/results_31.05.2011/occt/release-sources-20110531/inc/Handle_ShapeUpgrade_FaceDivide.hxx
+M ShapeUpgrade:pubinclude:ShapeUpgrade_FaceDivide.hxx /dn43/OCCT/tmp/results_31.05.2011/occt/release-sources-20110531/inc/ShapeUpgrade_FaceDivide.hxx
+M ShapeUpgrade:privinclude:ShapeUpgrade_FaceDivide.jxx /dn43/OCCT/tmp/results_31.05.2011/occt/release-sources-20110531/drv/ShapeUpgrade/ShapeUpgrade_FaceDivide.jxx
+M ShapeUpgrade:privinclude:ShapeUpgrade_FaceDivide.ixx /dn43/OCCT/tmp/results_31.05.2011/occt/release-sources-20110531/drv/ShapeUpgrade/ShapeUpgrade_FaceDivide.ixx
+M ShapeUpgrade:pubinclude:Handle_ShapeUpgrade_ClosedFaceDivide.hxx /dn43/OCCT/tmp/results_31.05.2011/occt/release-sources-20110531/inc/Handle_ShapeUpgrade_ClosedFaceDivide.hxx
+M ShapeUpgrade:pubinclude:ShapeUpgrade_ClosedFaceDivide.hxx /dn43/OCCT/tmp/results_31.05.2011/occt/release-sources-20110531/inc/ShapeUpgrade_ClosedFaceDivide.hxx
+M ShapeUpgrade:privinclude:ShapeUpgrade_ClosedFaceDivide.jxx /dn43/OCCT/tmp/results_31.05.2011/occt/release-sources-20110531/drv/ShapeUpgrade/ShapeUpgrade_ClosedFaceDivide.jxx
+M ShapeUpgrade:privinclude:ShapeUpgrade_ClosedFaceDivide.ixx /dn43/OCCT/tmp/results_31.05.2011/occt/release-sources-20110531/drv/ShapeUpgrade/ShapeUpgrade_ClosedFaceDivide.ixx
+M ShapeUpgrade:pubinclude:Handle_ShapeUpgrade_FaceDivideArea.hxx /dn43/OCCT/tmp/results_31.05.2011/occt/release-sources-20110531/inc/Handle_ShapeUpgrade_FaceDivideArea.hxx
+M ShapeUpgrade:pubinclude:ShapeUpgrade_FaceDivideArea.hxx /dn43/OCCT/tmp/results_31.05.2011/occt/release-sources-20110531/inc/ShapeUpgrade_FaceDivideArea.hxx
+M ShapeUpgrade:privinclude:ShapeUpgrade_FaceDivideArea.jxx /dn43/OCCT/tmp/results_31.05.2011/occt/release-sources-20110531/drv/ShapeUpgrade/ShapeUpgrade_FaceDivideArea.jxx
+M ShapeUpgrade:privinclude:ShapeUpgrade_FaceDivideArea.ixx /dn43/OCCT/tmp/results_31.05.2011/occt/release-sources-20110531/drv/ShapeUpgrade/ShapeUpgrade_FaceDivideArea.ixx
+M ShapeUpgrade:pubinclude:ShapeUpgrade_ShapeDivide.hxx /dn43/OCCT/tmp/results_31.05.2011/occt/release-sources-20110531/inc/ShapeUpgrade_ShapeDivide.hxx
+M ShapeUpgrade:privinclude:ShapeUpgrade_ShapeDivide.jxx /dn43/OCCT/tmp/results_31.05.2011/occt/release-sources-20110531/drv/ShapeUpgrade/ShapeUpgrade_ShapeDivide.jxx
+M ShapeUpgrade:privinclude:ShapeUpgrade_ShapeDivide.ixx /dn43/OCCT/tmp/results_31.05.2011/occt/release-sources-20110531/drv/ShapeUpgrade/ShapeUpgrade_ShapeDivide.ixx
+M ShapeUpgrade:pubinclude:ShapeUpgrade_ShapeDivideArea.hxx /dn43/OCCT/tmp/results_31.05.2011/occt/release-sources-20110531/inc/ShapeUpgrade_ShapeDivideArea.hxx
+M ShapeUpgrade:privinclude:ShapeUpgrade_ShapeDivideArea.jxx /dn43/OCCT/tmp/results_31.05.2011/occt/release-sources-20110531/drv/ShapeUpgrade/ShapeUpgrade_ShapeDivideArea.jxx
+M ShapeUpgrade:privinclude:ShapeUpgrade_ShapeDivideArea.ixx /dn43/OCCT/tmp/results_31.05.2011/occt/release-sources-20110531/drv/ShapeUpgrade/ShapeUpgrade_ShapeDivideArea.ixx
+M ShapeUpgrade:pubinclude:ShapeUpgrade_ShapeDivideContinuity.hxx /dn43/OCCT/tmp/results_31.05.2011/occt/release-sources-20110531/inc/ShapeUpgrade_ShapeDivideContinuity.hxx
+M ShapeUpgrade:privinclude:ShapeUpgrade_ShapeDivideContinuity.jxx /dn43/OCCT/tmp/results_31.05.2011/occt/release-sources-20110531/drv/ShapeUpgrade/ShapeUpgrade_ShapeDivideContinuity.jxx
+M ShapeUpgrade:privinclude:ShapeUpgrade_ShapeDivideContinuity.ixx /dn43/OCCT/tmp/results_31.05.2011/occt/release-sources-20110531/drv/ShapeUpgrade/ShapeUpgrade_ShapeDivideContinuity.ixx
+M ShapeUpgrade:pubinclude:ShapeUpgrade_ShapeDivideAngle.hxx /dn43/OCCT/tmp/results_31.05.2011/occt/release-sources-20110531/inc/ShapeUpgrade_ShapeDivideAngle.hxx
+M ShapeUpgrade:privinclude:ShapeUpgrade_ShapeDivideAngle.jxx /dn43/OCCT/tmp/results_31.05.2011/occt/release-sources-20110531/drv/ShapeUpgrade/ShapeUpgrade_ShapeDivideAngle.jxx
+M ShapeUpgrade:privinclude:ShapeUpgrade_ShapeDivideAngle.ixx /dn43/OCCT/tmp/results_31.05.2011/occt/release-sources-20110531/drv/ShapeUpgrade/ShapeUpgrade_ShapeDivideAngle.ixx
+M ShapeUpgrade:pubinclude:ShapeUpgrade_ShapeConvertToBezier.hxx /dn43/OCCT/tmp/results_31.05.2011/occt/release-sources-20110531/inc/ShapeUpgrade_ShapeConvertToBezier.hxx
+M ShapeUpgrade:privinclude:ShapeUpgrade_ShapeConvertToBezier.jxx /dn43/OCCT/tmp/results_31.05.2011/occt/release-sources-20110531/drv/ShapeUpgrade/ShapeUpgrade_ShapeConvertToBezier.jxx
+M ShapeUpgrade:privinclude:ShapeUpgrade_ShapeConvertToBezier.ixx /dn43/OCCT/tmp/results_31.05.2011/occt/release-sources-20110531/drv/ShapeUpgrade/ShapeUpgrade_ShapeConvertToBezier.ixx
+M ShapeUpgrade:pubinclude:ShapeUpgrade_ShapeDivideClosed.hxx /dn43/OCCT/tmp/results_31.05.2011/occt/release-sources-20110531/inc/ShapeUpgrade_ShapeDivideClosed.hxx
+M ShapeUpgrade:privinclude:ShapeUpgrade_ShapeDivideClosed.jxx /dn43/OCCT/tmp/results_31.05.2011/occt/release-sources-20110531/drv/ShapeUpgrade/ShapeUpgrade_ShapeDivideClosed.jxx
+M ShapeUpgrade:privinclude:ShapeUpgrade_ShapeDivideClosed.ixx /dn43/OCCT/tmp/results_31.05.2011/occt/release-sources-20110531/drv/ShapeUpgrade/ShapeUpgrade_ShapeDivideClosed.ixx
+M ShapeUpgrade:pubinclude:ShapeUpgrade_ShapeDivideClosedEdges.hxx /dn43/OCCT/tmp/results_31.05.2011/occt/release-sources-20110531/inc/ShapeUpgrade_ShapeDivideClosedEdges.hxx
+M ShapeUpgrade:privinclude:ShapeUpgrade_ShapeDivideClosedEdges.jxx /dn43/OCCT/tmp/results_31.05.2011/occt/release-sources-20110531/drv/ShapeUpgrade/ShapeUpgrade_ShapeDivideClosedEdges.jxx
+M ShapeUpgrade:privinclude:ShapeUpgrade_ShapeDivideClosedEdges.ixx /dn43/OCCT/tmp/results_31.05.2011/occt/release-sources-20110531/drv/ShapeUpgrade/ShapeUpgrade_ShapeDivideClosedEdges.ixx
+M ShapeUpgrade:pubinclude:Handle_ShapeUpgrade_SplitCurve.hxx /dn43/OCCT/tmp/results_31.05.2011/occt/release-sources-20110531/inc/Handle_ShapeUpgrade_SplitCurve.hxx
+M ShapeUpgrade:pubinclude:ShapeUpgrade_SplitCurve.hxx /dn43/OCCT/tmp/results_31.05.2011/occt/release-sources-20110531/inc/ShapeUpgrade_SplitCurve.hxx
+M ShapeUpgrade:privinclude:ShapeUpgrade_SplitCurve.jxx /dn43/OCCT/tmp/results_31.05.2011/occt/release-sources-20110531/drv/ShapeUpgrade/ShapeUpgrade_SplitCurve.jxx
+M ShapeUpgrade:privinclude:ShapeUpgrade_SplitCurve.ixx /dn43/OCCT/tmp/results_31.05.2011/occt/release-sources-20110531/drv/ShapeUpgrade/ShapeUpgrade_SplitCurve.ixx
+M ShapeUpgrade:pubinclude:Handle_ShapeUpgrade_SplitCurve2d.hxx /dn43/OCCT/tmp/results_31.05.2011/occt/release-sources-20110531/inc/Handle_ShapeUpgrade_SplitCurve2d.hxx
+M ShapeUpgrade:pubinclude:ShapeUpgrade_SplitCurve2d.hxx /dn43/OCCT/tmp/results_31.05.2011/occt/release-sources-20110531/inc/ShapeUpgrade_SplitCurve2d.hxx
+M ShapeUpgrade:privinclude:ShapeUpgrade_SplitCurve2d.jxx /dn43/OCCT/tmp/results_31.05.2011/occt/release-sources-20110531/drv/ShapeUpgrade/ShapeUpgrade_SplitCurve2d.jxx
+M ShapeUpgrade:privinclude:ShapeUpgrade_SplitCurve2d.ixx /dn43/OCCT/tmp/results_31.05.2011/occt/release-sources-20110531/drv/ShapeUpgrade/ShapeUpgrade_SplitCurve2d.ixx
+M ShapeUpgrade:pubinclude:Handle_ShapeUpgrade_SplitCurve2dContinuity.hxx /dn43/OCCT/tmp/results_31.05.2011/occt/release-sources-20110531/inc/Handle_ShapeUpgrade_SplitCurve2dContinuity.hxx
+M ShapeUpgrade:pubinclude:ShapeUpgrade_SplitCurve2dContinuity.hxx /dn43/OCCT/tmp/results_31.05.2011/occt/release-sources-20110531/inc/ShapeUpgrade_SplitCurve2dContinuity.hxx
+M ShapeUpgrade:privinclude:ShapeUpgrade_SplitCurve2dContinuity.jxx /dn43/OCCT/tmp/results_31.05.2011/occt/release-sources-20110531/drv/ShapeUpgrade/ShapeUpgrade_SplitCurve2dContinuity.jxx
+M ShapeUpgrade:privinclude:ShapeUpgrade_SplitCurve2dContinuity.ixx /dn43/OCCT/tmp/results_31.05.2011/occt/release-sources-20110531/drv/ShapeUpgrade/ShapeUpgrade_SplitCurve2dContinuity.ixx
+M ShapeUpgrade:pubinclude:Handle_ShapeUpgrade_ConvertCurve2dToBezier.hxx /dn43/OCCT/tmp/results_31.05.2011/occt/release-sources-20110531/inc/Handle_ShapeUpgrade_ConvertCurve2dToBezier.hxx
+M ShapeUpgrade:pubinclude:ShapeUpgrade_ConvertCurve2dToBezier.hxx /dn43/OCCT/tmp/results_31.05.2011/occt/release-sources-20110531/inc/ShapeUpgrade_ConvertCurve2dToBezier.hxx
+M ShapeUpgrade:privinclude:ShapeUpgrade_ConvertCurve2dToBezier.jxx /dn43/OCCT/tmp/results_31.05.2011/occt/release-sources-20110531/drv/ShapeUpgrade/ShapeUpgrade_ConvertCurve2dToBezier.jxx
+M ShapeUpgrade:privinclude:ShapeUpgrade_ConvertCurve2dToBezier.ixx /dn43/OCCT/tmp/results_31.05.2011/occt/release-sources-20110531/drv/ShapeUpgrade/ShapeUpgrade_ConvertCurve2dToBezier.ixx
+M ShapeUpgrade:pubinclude:Handle_ShapeUpgrade_SplitCurve3d.hxx /dn43/OCCT/tmp/results_31.05.2011/occt/release-sources-20110531/inc/Handle_ShapeUpgrade_SplitCurve3d.hxx
+M ShapeUpgrade:pubinclude:ShapeUpgrade_SplitCurve3d.hxx /dn43/OCCT/tmp/results_31.05.2011/occt/release-sources-20110531/inc/ShapeUpgrade_SplitCurve3d.hxx
+M ShapeUpgrade:privinclude:ShapeUpgrade_SplitCurve3d.jxx /dn43/OCCT/tmp/results_31.05.2011/occt/release-sources-20110531/drv/ShapeUpgrade/ShapeUpgrade_SplitCurve3d.jxx
+M ShapeUpgrade:privinclude:ShapeUpgrade_SplitCurve3d.ixx /dn43/OCCT/tmp/results_31.05.2011/occt/release-sources-20110531/drv/ShapeUpgrade/ShapeUpgrade_SplitCurve3d.ixx
+M ShapeUpgrade:pubinclude:Handle_ShapeUpgrade_SplitCurve3dContinuity.hxx /dn43/OCCT/tmp/results_31.05.2011/occt/release-sources-20110531/inc/Handle_ShapeUpgrade_SplitCurve3dContinuity.hxx
+M ShapeUpgrade:pubinclude:ShapeUpgrade_SplitCurve3dContinuity.hxx /dn43/OCCT/tmp/results_31.05.2011/occt/release-sources-20110531/inc/ShapeUpgrade_SplitCurve3dContinuity.hxx
+M ShapeUpgrade:privinclude:ShapeUpgrade_SplitCurve3dContinuity.jxx /dn43/OCCT/tmp/results_31.05.2011/occt/release-sources-20110531/drv/ShapeUpgrade/ShapeUpgrade_SplitCurve3dContinuity.jxx
+M ShapeUpgrade:privinclude:ShapeUpgrade_SplitCurve3dContinuity.ixx /dn43/OCCT/tmp/results_31.05.2011/occt/release-sources-20110531/drv/ShapeUpgrade/ShapeUpgrade_SplitCurve3dContinuity.ixx
+M ShapeUpgrade:pubinclude:Handle_ShapeUpgrade_ConvertCurve3dToBezier.hxx /dn43/OCCT/tmp/results_31.05.2011/occt/release-sources-20110531/inc/Handle_ShapeUpgrade_ConvertCurve3dToBezier.hxx
+M ShapeUpgrade:pubinclude:ShapeUpgrade_ConvertCurve3dToBezier.hxx /dn43/OCCT/tmp/results_31.05.2011/occt/release-sources-20110531/inc/ShapeUpgrade_ConvertCurve3dToBezier.hxx
+M ShapeUpgrade:privinclude:ShapeUpgrade_ConvertCurve3dToBezier.jxx /dn43/OCCT/tmp/results_31.05.2011/occt/release-sources-20110531/drv/ShapeUpgrade/ShapeUpgrade_ConvertCurve3dToBezier.jxx
+M ShapeUpgrade:privinclude:ShapeUpgrade_ConvertCurve3dToBezier.ixx /dn43/OCCT/tmp/results_31.05.2011/occt/release-sources-20110531/drv/ShapeUpgrade/ShapeUpgrade_ConvertCurve3dToBezier.ixx
+M ShapeUpgrade:pubinclude:Handle_ShapeUpgrade_SplitSurface.hxx /dn43/OCCT/tmp/results_31.05.2011/occt/release-sources-20110531/inc/Handle_ShapeUpgrade_SplitSurface.hxx
+M ShapeUpgrade:pubinclude:ShapeUpgrade_SplitSurface.hxx /dn43/OCCT/tmp/results_31.05.2011/occt/release-sources-20110531/inc/ShapeUpgrade_SplitSurface.hxx
+M ShapeUpgrade:privinclude:ShapeUpgrade_SplitSurface.jxx /dn43/OCCT/tmp/results_31.05.2011/occt/release-sources-20110531/drv/ShapeUpgrade/ShapeUpgrade_SplitSurface.jxx
+M ShapeUpgrade:privinclude:ShapeUpgrade_SplitSurface.ixx /dn43/OCCT/tmp/results_31.05.2011/occt/release-sources-20110531/drv/ShapeUpgrade/ShapeUpgrade_SplitSurface.ixx
+M ShapeUpgrade:pubinclude:Handle_ShapeUpgrade_SplitSurfaceContinuity.hxx /dn43/OCCT/tmp/results_31.05.2011/occt/release-sources-20110531/inc/Handle_ShapeUpgrade_SplitSurfaceContinuity.hxx
+M ShapeUpgrade:pubinclude:ShapeUpgrade_SplitSurfaceContinuity.hxx /dn43/OCCT/tmp/results_31.05.2011/occt/release-sources-20110531/inc/ShapeUpgrade_SplitSurfaceContinuity.hxx
+M ShapeUpgrade:privinclude:ShapeUpgrade_SplitSurfaceContinuity.jxx /dn43/OCCT/tmp/results_31.05.2011/occt/release-sources-20110531/drv/ShapeUpgrade/ShapeUpgrade_SplitSurfaceContinuity.jxx
+M ShapeUpgrade:privinclude:ShapeUpgrade_SplitSurfaceContinuity.ixx /dn43/OCCT/tmp/results_31.05.2011/occt/release-sources-20110531/drv/ShapeUpgrade/ShapeUpgrade_SplitSurfaceContinuity.ixx
+M ShapeUpgrade:pubinclude:Handle_ShapeUpgrade_SplitSurfaceAngle.hxx /dn43/OCCT/tmp/results_31.05.2011/occt/release-sources-20110531/inc/Handle_ShapeUpgrade_SplitSurfaceAngle.hxx
+M ShapeUpgrade:pubinclude:ShapeUpgrade_SplitSurfaceAngle.hxx /dn43/OCCT/tmp/results_31.05.2011/occt/release-sources-20110531/inc/ShapeUpgrade_SplitSurfaceAngle.hxx
+M ShapeUpgrade:privinclude:ShapeUpgrade_SplitSurfaceAngle.jxx /dn43/OCCT/tmp/results_31.05.2011/occt/release-sources-20110531/drv/ShapeUpgrade/ShapeUpgrade_SplitSurfaceAngle.jxx
+M ShapeUpgrade:privinclude:ShapeUpgrade_SplitSurfaceAngle.ixx /dn43/OCCT/tmp/results_31.05.2011/occt/release-sources-20110531/drv/ShapeUpgrade/ShapeUpgrade_SplitSurfaceAngle.ixx
+M ShapeUpgrade:pubinclude:Handle_ShapeUpgrade_ConvertSurfaceToBezierBasis.hxx /dn43/OCCT/tmp/results_31.05.2011/occt/release-sources-20110531/inc/Handle_ShapeUpgrade_ConvertSurfaceToBezierBasis.hxx
+M ShapeUpgrade:pubinclude:ShapeUpgrade_ConvertSurfaceToBezierBasis.hxx /dn43/OCCT/tmp/results_31.05.2011/occt/release-sources-20110531/inc/ShapeUpgrade_ConvertSurfaceToBezierBasis.hxx
+M ShapeUpgrade:privinclude:ShapeUpgrade_ConvertSurfaceToBezierBasis.jxx /dn43/OCCT/tmp/results_31.05.2011/occt/release-sources-20110531/drv/ShapeUpgrade/ShapeUpgrade_ConvertSurfaceToBezierBasis.jxx
+M ShapeUpgrade:privinclude:ShapeUpgrade_ConvertSurfaceToBezierBasis.ixx /dn43/OCCT/tmp/results_31.05.2011/occt/release-sources-20110531/drv/ShapeUpgrade/ShapeUpgrade_ConvertSurfaceToBezierBasis.ixx
+M ShapeUpgrade:pubinclude:Handle_ShapeUpgrade_SplitSurfaceArea.hxx /dn43/OCCT/tmp/results_31.05.2011/occt/release-sources-20110531/inc/Handle_ShapeUpgrade_SplitSurfaceArea.hxx
+M ShapeUpgrade:pubinclude:ShapeUpgrade_SplitSurfaceArea.hxx /dn43/OCCT/tmp/results_31.05.2011/occt/release-sources-20110531/inc/ShapeUpgrade_SplitSurfaceArea.hxx
+M ShapeUpgrade:privinclude:ShapeUpgrade_SplitSurfaceArea.jxx /dn43/OCCT/tmp/results_31.05.2011/occt/release-sources-20110531/drv/ShapeUpgrade/ShapeUpgrade_SplitSurfaceArea.jxx
+M ShapeUpgrade:privinclude:ShapeUpgrade_SplitSurfaceArea.ixx /dn43/OCCT/tmp/results_31.05.2011/occt/release-sources-20110531/drv/ShapeUpgrade/ShapeUpgrade_SplitSurfaceArea.ixx
+M ShapeUpgrade:pubinclude:ShapeUpgrade_ShellSewing.hxx /dn43/OCCT/tmp/results_31.05.2011/occt/release-sources-20110531/inc/ShapeUpgrade_ShellSewing.hxx
+M ShapeUpgrade:privinclude:ShapeUpgrade_ShellSewing.jxx /dn43/OCCT/tmp/results_31.05.2011/occt/release-sources-20110531/drv/ShapeUpgrade/ShapeUpgrade_ShellSewing.jxx
+M ShapeUpgrade:privinclude:ShapeUpgrade_ShellSewing.ixx /dn43/OCCT/tmp/results_31.05.2011/occt/release-sources-20110531/drv/ShapeUpgrade/ShapeUpgrade_ShellSewing.ixx
+M ShapeUpgrade:pubinclude:Handle_ShapeUpgrade_FixSmallCurves.hxx /dn43/OCCT/tmp/results_31.05.2011/occt/release-sources-20110531/inc/Handle_ShapeUpgrade_FixSmallCurves.hxx
+M ShapeUpgrade:pubinclude:ShapeUpgrade_FixSmallCurves.hxx /dn43/OCCT/tmp/results_31.05.2011/occt/release-sources-20110531/inc/ShapeUpgrade_FixSmallCurves.hxx
+M ShapeUpgrade:privinclude:ShapeUpgrade_FixSmallCurves.jxx /dn43/OCCT/tmp/results_31.05.2011/occt/release-sources-20110531/drv/ShapeUpgrade/ShapeUpgrade_FixSmallCurves.jxx
+M ShapeUpgrade:privinclude:ShapeUpgrade_FixSmallCurves.ixx /dn43/OCCT/tmp/results_31.05.2011/occt/release-sources-20110531/drv/ShapeUpgrade/ShapeUpgrade_FixSmallCurves.ixx
+M ShapeUpgrade:pubinclude:Handle_ShapeUpgrade_FixSmallBezierCurves.hxx /dn43/OCCT/tmp/results_31.05.2011/occt/release-sources-20110531/inc/Handle_ShapeUpgrade_FixSmallBezierCurves.hxx
+M ShapeUpgrade:pubinclude:ShapeUpgrade_FixSmallBezierCurves.hxx /dn43/OCCT/tmp/results_31.05.2011/occt/release-sources-20110531/inc/ShapeUpgrade_FixSmallBezierCurves.hxx
+M ShapeUpgrade:privinclude:ShapeUpgrade_FixSmallBezierCurves.jxx /dn43/OCCT/tmp/results_31.05.2011/occt/release-sources-20110531/drv/ShapeUpgrade/ShapeUpgrade_FixSmallBezierCurves.jxx
+M ShapeUpgrade:privinclude:ShapeUpgrade_FixSmallBezierCurves.ixx /dn43/OCCT/tmp/results_31.05.2011/occt/release-sources-20110531/drv/ShapeUpgrade/ShapeUpgrade_FixSmallBezierCurves.ixx
+M ShapeUpgrade:pubinclude:Handle_ShapeUpgrade_RemoveLocations.hxx /dn43/OCCT/tmp/results_31.05.2011/occt/release-sources-20110531/inc/Handle_ShapeUpgrade_RemoveLocations.hxx
+M ShapeUpgrade:pubinclude:ShapeUpgrade_RemoveLocations.hxx /dn43/OCCT/tmp/results_31.05.2011/occt/release-sources-20110531/inc/ShapeUpgrade_RemoveLocations.hxx
+M ShapeUpgrade:privinclude:ShapeUpgrade_RemoveLocations.jxx /dn43/OCCT/tmp/results_31.05.2011/occt/release-sources-20110531/drv/ShapeUpgrade/ShapeUpgrade_RemoveLocations.jxx
+M ShapeUpgrade:privinclude:ShapeUpgrade_RemoveLocations.ixx /dn43/OCCT/tmp/results_31.05.2011/occt/release-sources-20110531/drv/ShapeUpgrade/ShapeUpgrade_RemoveLocations.ixx
+M ShapeUpgrade:pubinclude:Handle_ShapeUpgrade_RemoveInternalWires.hxx /dn43/OCCT/tmp/results_31.05.2011/occt/release-sources-20110531/inc/Handle_ShapeUpgrade_RemoveInternalWires.hxx
+M ShapeUpgrade:pubinclude:ShapeUpgrade_RemoveInternalWires.hxx /dn43/OCCT/tmp/results_31.05.2011/occt/release-sources-20110531/inc/ShapeUpgrade_RemoveInternalWires.hxx
+M ShapeUpgrade:privinclude:ShapeUpgrade_RemoveInternalWires.jxx /dn43/OCCT/tmp/results_31.05.2011/occt/release-sources-20110531/drv/ShapeUpgrade/ShapeUpgrade_RemoveInternalWires.jxx
+M ShapeUpgrade:privinclude:ShapeUpgrade_RemoveInternalWires.ixx /dn43/OCCT/tmp/results_31.05.2011/occt/release-sources-20110531/drv/ShapeUpgrade/ShapeUpgrade_RemoveInternalWires.ixx
+M ShapeUpgrade:dbadmfile:ShapeUpgrade_xcpp_header.In /dn43/OCCT/tmp/results_31.05.2011/occt/release-sources-20110531/drv/ShapeUpgrade/.adm/ShapeUpgrade_xcpp_header.In
+M ShapeUpgrade:dbadmfile:ShapeUpgrade_xcpp_header.Out /dn43/OCCT/tmp/results_31.05.2011/occt/release-sources-20110531/drv/ShapeUpgrade/.adm/ShapeUpgrade_xcpp_header.Out
+M ShapeUpgrade:dbadmfile:ShapeUpgrade_xcpp_header.Dep /dn43/OCCT/tmp/results_31.05.2011/occt/release-sources-20110531/drv/ShapeUpgrade/.adm/ShapeUpgrade_xcpp_header.Dep
