+M TColgp:pubinclude:TColgp_Array1OfCirc2d.hxx /dn43/OCCT/tmp/results_30.09.2011/occt/release-sources-20110930/inc/TColgp_Array1OfCirc2d.hxx
+M TColgp:derivated:TColgp_Array1OfCirc2d_0.cxx /dn43/OCCT/tmp/results_30.09.2011/occt/release-sources-20110930/drv/TColgp/TColgp_Array1OfCirc2d_0.cxx
+M TColgp:pubinclude:TColgp_Array1OfDir2d.hxx /dn43/OCCT/tmp/results_30.09.2011/occt/release-sources-20110930/inc/TColgp_Array1OfDir2d.hxx
+M TColgp:derivated:TColgp_Array1OfDir2d_0.cxx /dn43/OCCT/tmp/results_30.09.2011/occt/release-sources-20110930/drv/TColgp/TColgp_Array1OfDir2d_0.cxx
+M TColgp:pubinclude:TColgp_Array1OfLin2d.hxx /dn43/OCCT/tmp/results_30.09.2011/occt/release-sources-20110930/inc/TColgp_Array1OfLin2d.hxx
+M TColgp:derivated:TColgp_Array1OfLin2d_0.cxx /dn43/OCCT/tmp/results_30.09.2011/occt/release-sources-20110930/drv/TColgp/TColgp_Array1OfLin2d_0.cxx
+M TColgp:pubinclude:TColgp_Array1OfPnt2d.hxx /dn43/OCCT/tmp/results_30.09.2011/occt/release-sources-20110930/inc/TColgp_Array1OfPnt2d.hxx
+M TColgp:derivated:TColgp_Array1OfPnt2d_0.cxx /dn43/OCCT/tmp/results_30.09.2011/occt/release-sources-20110930/drv/TColgp/TColgp_Array1OfPnt2d_0.cxx
+M TColgp:pubinclude:TColgp_Array1OfVec2d.hxx /dn43/OCCT/tmp/results_30.09.2011/occt/release-sources-20110930/inc/TColgp_Array1OfVec2d.hxx
+M TColgp:derivated:TColgp_Array1OfVec2d_0.cxx /dn43/OCCT/tmp/results_30.09.2011/occt/release-sources-20110930/drv/TColgp/TColgp_Array1OfVec2d_0.cxx
+M TColgp:pubinclude:TColgp_Array1OfXY.hxx /dn43/OCCT/tmp/results_30.09.2011/occt/release-sources-20110930/inc/TColgp_Array1OfXY.hxx
+M TColgp:derivated:TColgp_Array1OfXY_0.cxx /dn43/OCCT/tmp/results_30.09.2011/occt/release-sources-20110930/drv/TColgp/TColgp_Array1OfXY_0.cxx
+M TColgp:pubinclude:TColgp_Array1OfDir.hxx /dn43/OCCT/tmp/results_30.09.2011/occt/release-sources-20110930/inc/TColgp_Array1OfDir.hxx
+M TColgp:derivated:TColgp_Array1OfDir_0.cxx /dn43/OCCT/tmp/results_30.09.2011/occt/release-sources-20110930/drv/TColgp/TColgp_Array1OfDir_0.cxx
+M TColgp:pubinclude:TColgp_Array1OfPnt.hxx /dn43/OCCT/tmp/results_30.09.2011/occt/release-sources-20110930/inc/TColgp_Array1OfPnt.hxx
+M TColgp:derivated:TColgp_Array1OfPnt_0.cxx /dn43/OCCT/tmp/results_30.09.2011/occt/release-sources-20110930/drv/TColgp/TColgp_Array1OfPnt_0.cxx
+M TColgp:pubinclude:TColgp_Array1OfVec.hxx /dn43/OCCT/tmp/results_30.09.2011/occt/release-sources-20110930/inc/TColgp_Array1OfVec.hxx
+M TColgp:derivated:TColgp_Array1OfVec_0.cxx /dn43/OCCT/tmp/results_30.09.2011/occt/release-sources-20110930/drv/TColgp/TColgp_Array1OfVec_0.cxx
+M TColgp:pubinclude:TColgp_Array1OfXYZ.hxx /dn43/OCCT/tmp/results_30.09.2011/occt/release-sources-20110930/inc/TColgp_Array1OfXYZ.hxx
+M TColgp:derivated:TColgp_Array1OfXYZ_0.cxx /dn43/OCCT/tmp/results_30.09.2011/occt/release-sources-20110930/drv/TColgp/TColgp_Array1OfXYZ_0.cxx
+M TColgp:pubinclude:TColgp_Array2OfCirc2d.hxx /dn43/OCCT/tmp/results_30.09.2011/occt/release-sources-20110930/inc/TColgp_Array2OfCirc2d.hxx
+M TColgp:derivated:TColgp_Array2OfCirc2d_0.cxx /dn43/OCCT/tmp/results_30.09.2011/occt/release-sources-20110930/drv/TColgp/TColgp_Array2OfCirc2d_0.cxx
+M TColgp:pubinclude:TColgp_Array2OfDir2d.hxx /dn43/OCCT/tmp/results_30.09.2011/occt/release-sources-20110930/inc/TColgp_Array2OfDir2d.hxx
+M TColgp:derivated:TColgp_Array2OfDir2d_0.cxx /dn43/OCCT/tmp/results_30.09.2011/occt/release-sources-20110930/drv/TColgp/TColgp_Array2OfDir2d_0.cxx
+M TColgp:pubinclude:TColgp_Array2OfLin2d.hxx /dn43/OCCT/tmp/results_30.09.2011/occt/release-sources-20110930/inc/TColgp_Array2OfLin2d.hxx
+M TColgp:derivated:TColgp_Array2OfLin2d_0.cxx /dn43/OCCT/tmp/results_30.09.2011/occt/release-sources-20110930/drv/TColgp/TColgp_Array2OfLin2d_0.cxx
+M TColgp:pubinclude:TColgp_Array2OfPnt2d.hxx /dn43/OCCT/tmp/results_30.09.2011/occt/release-sources-20110930/inc/TColgp_Array2OfPnt2d.hxx
+M TColgp:derivated:TColgp_Array2OfPnt2d_0.cxx /dn43/OCCT/tmp/results_30.09.2011/occt/release-sources-20110930/drv/TColgp/TColgp_Array2OfPnt2d_0.cxx
+M TColgp:pubinclude:TColgp_Array2OfVec2d.hxx /dn43/OCCT/tmp/results_30.09.2011/occt/release-sources-20110930/inc/TColgp_Array2OfVec2d.hxx
+M TColgp:derivated:TColgp_Array2OfVec2d_0.cxx /dn43/OCCT/tmp/results_30.09.2011/occt/release-sources-20110930/drv/TColgp/TColgp_Array2OfVec2d_0.cxx
+M TColgp:pubinclude:TColgp_Array2OfXY.hxx /dn43/OCCT/tmp/results_30.09.2011/occt/release-sources-20110930/inc/TColgp_Array2OfXY.hxx
+M TColgp:derivated:TColgp_Array2OfXY_0.cxx /dn43/OCCT/tmp/results_30.09.2011/occt/release-sources-20110930/drv/TColgp/TColgp_Array2OfXY_0.cxx
+M TColgp:pubinclude:TColgp_Array2OfDir.hxx /dn43/OCCT/tmp/results_30.09.2011/occt/release-sources-20110930/inc/TColgp_Array2OfDir.hxx
+M TColgp:derivated:TColgp_Array2OfDir_0.cxx /dn43/OCCT/tmp/results_30.09.2011/occt/release-sources-20110930/drv/TColgp/TColgp_Array2OfDir_0.cxx
+M TColgp:pubinclude:TColgp_Array2OfPnt.hxx /dn43/OCCT/tmp/results_30.09.2011/occt/release-sources-20110930/inc/TColgp_Array2OfPnt.hxx
+M TColgp:derivated:TColgp_Array2OfPnt_0.cxx /dn43/OCCT/tmp/results_30.09.2011/occt/release-sources-20110930/drv/TColgp/TColgp_Array2OfPnt_0.cxx
+M TColgp:pubinclude:TColgp_Array2OfVec.hxx /dn43/OCCT/tmp/results_30.09.2011/occt/release-sources-20110930/inc/TColgp_Array2OfVec.hxx
+M TColgp:derivated:TColgp_Array2OfVec_0.cxx /dn43/OCCT/tmp/results_30.09.2011/occt/release-sources-20110930/drv/TColgp/TColgp_Array2OfVec_0.cxx
+M TColgp:pubinclude:TColgp_Array2OfXYZ.hxx /dn43/OCCT/tmp/results_30.09.2011/occt/release-sources-20110930/inc/TColgp_Array2OfXYZ.hxx
+M TColgp:derivated:TColgp_Array2OfXYZ_0.cxx /dn43/OCCT/tmp/results_30.09.2011/occt/release-sources-20110930/drv/TColgp/TColgp_Array2OfXYZ_0.cxx
+M TColgp:pubinclude:Handle_TColgp_HArray1OfCirc2d.hxx /dn43/OCCT/tmp/results_30.09.2011/occt/release-sources-20110930/inc/Handle_TColgp_HArray1OfCirc2d.hxx
+M TColgp:pubinclude:TColgp_HArray1OfCirc2d.hxx /dn43/OCCT/tmp/results_30.09.2011/occt/release-sources-20110930/inc/TColgp_HArray1OfCirc2d.hxx
+M TColgp:derivated:TColgp_HArray1OfCirc2d_0.cxx /dn43/OCCT/tmp/results_30.09.2011/occt/release-sources-20110930/drv/TColgp/TColgp_HArray1OfCirc2d_0.cxx
+M TColgp:pubinclude:Handle_TColgp_HArray1OfDir2d.hxx /dn43/OCCT/tmp/results_30.09.2011/occt/release-sources-20110930/inc/Handle_TColgp_HArray1OfDir2d.hxx
+M TColgp:pubinclude:TColgp_HArray1OfDir2d.hxx /dn43/OCCT/tmp/results_30.09.2011/occt/release-sources-20110930/inc/TColgp_HArray1OfDir2d.hxx
+M TColgp:derivated:TColgp_HArray1OfDir2d_0.cxx /dn43/OCCT/tmp/results_30.09.2011/occt/release-sources-20110930/drv/TColgp/TColgp_HArray1OfDir2d_0.cxx
+M TColgp:pubinclude:Handle_TColgp_HArray1OfLin2d.hxx /dn43/OCCT/tmp/results_30.09.2011/occt/release-sources-20110930/inc/Handle_TColgp_HArray1OfLin2d.hxx
+M TColgp:pubinclude:TColgp_HArray1OfLin2d.hxx /dn43/OCCT/tmp/results_30.09.2011/occt/release-sources-20110930/inc/TColgp_HArray1OfLin2d.hxx
+M TColgp:derivated:TColgp_HArray1OfLin2d_0.cxx /dn43/OCCT/tmp/results_30.09.2011/occt/release-sources-20110930/drv/TColgp/TColgp_HArray1OfLin2d_0.cxx
+M TColgp:pubinclude:Handle_TColgp_HArray1OfPnt2d.hxx /dn43/OCCT/tmp/results_30.09.2011/occt/release-sources-20110930/inc/Handle_TColgp_HArray1OfPnt2d.hxx
+M TColgp:pubinclude:TColgp_HArray1OfPnt2d.hxx /dn43/OCCT/tmp/results_30.09.2011/occt/release-sources-20110930/inc/TColgp_HArray1OfPnt2d.hxx
+M TColgp:derivated:TColgp_HArray1OfPnt2d_0.cxx /dn43/OCCT/tmp/results_30.09.2011/occt/release-sources-20110930/drv/TColgp/TColgp_HArray1OfPnt2d_0.cxx
+M TColgp:pubinclude:Handle_TColgp_HArray1OfVec2d.hxx /dn43/OCCT/tmp/results_30.09.2011/occt/release-sources-20110930/inc/Handle_TColgp_HArray1OfVec2d.hxx
+M TColgp:pubinclude:TColgp_HArray1OfVec2d.hxx /dn43/OCCT/tmp/results_30.09.2011/occt/release-sources-20110930/inc/TColgp_HArray1OfVec2d.hxx
+M TColgp:derivated:TColgp_HArray1OfVec2d_0.cxx /dn43/OCCT/tmp/results_30.09.2011/occt/release-sources-20110930/drv/TColgp/TColgp_HArray1OfVec2d_0.cxx
+M TColgp:pubinclude:Handle_TColgp_HArray1OfXY.hxx /dn43/OCCT/tmp/results_30.09.2011/occt/release-sources-20110930/inc/Handle_TColgp_HArray1OfXY.hxx
+M TColgp:pubinclude:TColgp_HArray1OfXY.hxx /dn43/OCCT/tmp/results_30.09.2011/occt/release-sources-20110930/inc/TColgp_HArray1OfXY.hxx
+M TColgp:derivated:TColgp_HArray1OfXY_0.cxx /dn43/OCCT/tmp/results_30.09.2011/occt/release-sources-20110930/drv/TColgp/TColgp_HArray1OfXY_0.cxx
+M TColgp:pubinclude:Handle_TColgp_HArray1OfDir.hxx /dn43/OCCT/tmp/results_30.09.2011/occt/release-sources-20110930/inc/Handle_TColgp_HArray1OfDir.hxx
+M TColgp:pubinclude:TColgp_HArray1OfDir.hxx /dn43/OCCT/tmp/results_30.09.2011/occt/release-sources-20110930/inc/TColgp_HArray1OfDir.hxx
+M TColgp:derivated:TColgp_HArray1OfDir_0.cxx /dn43/OCCT/tmp/results_30.09.2011/occt/release-sources-20110930/drv/TColgp/TColgp_HArray1OfDir_0.cxx
+M TColgp:pubinclude:Handle_TColgp_HArray1OfPnt.hxx /dn43/OCCT/tmp/results_30.09.2011/occt/release-sources-20110930/inc/Handle_TColgp_HArray1OfPnt.hxx
+M TColgp:pubinclude:TColgp_HArray1OfPnt.hxx /dn43/OCCT/tmp/results_30.09.2011/occt/release-sources-20110930/inc/TColgp_HArray1OfPnt.hxx
+M TColgp:derivated:TColgp_HArray1OfPnt_0.cxx /dn43/OCCT/tmp/results_30.09.2011/occt/release-sources-20110930/drv/TColgp/TColgp_HArray1OfPnt_0.cxx
+M TColgp:pubinclude:Handle_TColgp_HArray1OfVec.hxx /dn43/OCCT/tmp/results_30.09.2011/occt/release-sources-20110930/inc/Handle_TColgp_HArray1OfVec.hxx
+M TColgp:pubinclude:TColgp_HArray1OfVec.hxx /dn43/OCCT/tmp/results_30.09.2011/occt/release-sources-20110930/inc/TColgp_HArray1OfVec.hxx
+M TColgp:derivated:TColgp_HArray1OfVec_0.cxx /dn43/OCCT/tmp/results_30.09.2011/occt/release-sources-20110930/drv/TColgp/TColgp_HArray1OfVec_0.cxx
+M TColgp:pubinclude:Handle_TColgp_HArray1OfXYZ.hxx /dn43/OCCT/tmp/results_30.09.2011/occt/release-sources-20110930/inc/Handle_TColgp_HArray1OfXYZ.hxx
+M TColgp:pubinclude:TColgp_HArray1OfXYZ.hxx /dn43/OCCT/tmp/results_30.09.2011/occt/release-sources-20110930/inc/TColgp_HArray1OfXYZ.hxx
+M TColgp:derivated:TColgp_HArray1OfXYZ_0.cxx /dn43/OCCT/tmp/results_30.09.2011/occt/release-sources-20110930/drv/TColgp/TColgp_HArray1OfXYZ_0.cxx
+M TColgp:pubinclude:Handle_TColgp_HArray2OfCirc2d.hxx /dn43/OCCT/tmp/results_30.09.2011/occt/release-sources-20110930/inc/Handle_TColgp_HArray2OfCirc2d.hxx
+M TColgp:pubinclude:TColgp_HArray2OfCirc2d.hxx /dn43/OCCT/tmp/results_30.09.2011/occt/release-sources-20110930/inc/TColgp_HArray2OfCirc2d.hxx
+M TColgp:derivated:TColgp_HArray2OfCirc2d_0.cxx /dn43/OCCT/tmp/results_30.09.2011/occt/release-sources-20110930/drv/TColgp/TColgp_HArray2OfCirc2d_0.cxx
+M TColgp:pubinclude:Handle_TColgp_HArray2OfDir2d.hxx /dn43/OCCT/tmp/results_30.09.2011/occt/release-sources-20110930/inc/Handle_TColgp_HArray2OfDir2d.hxx
+M TColgp:pubinclude:TColgp_HArray2OfDir2d.hxx /dn43/OCCT/tmp/results_30.09.2011/occt/release-sources-20110930/inc/TColgp_HArray2OfDir2d.hxx
+M TColgp:derivated:TColgp_HArray2OfDir2d_0.cxx /dn43/OCCT/tmp/results_30.09.2011/occt/release-sources-20110930/drv/TColgp/TColgp_HArray2OfDir2d_0.cxx
+M TColgp:pubinclude:Handle_TColgp_HArray2OfLin2d.hxx /dn43/OCCT/tmp/results_30.09.2011/occt/release-sources-20110930/inc/Handle_TColgp_HArray2OfLin2d.hxx
+M TColgp:pubinclude:TColgp_HArray2OfLin2d.hxx /dn43/OCCT/tmp/results_30.09.2011/occt/release-sources-20110930/inc/TColgp_HArray2OfLin2d.hxx
+M TColgp:derivated:TColgp_HArray2OfLin2d_0.cxx /dn43/OCCT/tmp/results_30.09.2011/occt/release-sources-20110930/drv/TColgp/TColgp_HArray2OfLin2d_0.cxx
+M TColgp:pubinclude:Handle_TColgp_HArray2OfPnt2d.hxx /dn43/OCCT/tmp/results_30.09.2011/occt/release-sources-20110930/inc/Handle_TColgp_HArray2OfPnt2d.hxx
+M TColgp:pubinclude:TColgp_HArray2OfPnt2d.hxx /dn43/OCCT/tmp/results_30.09.2011/occt/release-sources-20110930/inc/TColgp_HArray2OfPnt2d.hxx
+M TColgp:derivated:TColgp_HArray2OfPnt2d_0.cxx /dn43/OCCT/tmp/results_30.09.2011/occt/release-sources-20110930/drv/TColgp/TColgp_HArray2OfPnt2d_0.cxx
+M TColgp:pubinclude:Handle_TColgp_HArray2OfVec2d.hxx /dn43/OCCT/tmp/results_30.09.2011/occt/release-sources-20110930/inc/Handle_TColgp_HArray2OfVec2d.hxx
+M TColgp:pubinclude:TColgp_HArray2OfVec2d.hxx /dn43/OCCT/tmp/results_30.09.2011/occt/release-sources-20110930/inc/TColgp_HArray2OfVec2d.hxx
+M TColgp:derivated:TColgp_HArray2OfVec2d_0.cxx /dn43/OCCT/tmp/results_30.09.2011/occt/release-sources-20110930/drv/TColgp/TColgp_HArray2OfVec2d_0.cxx
+M TColgp:pubinclude:Handle_TColgp_HArray2OfXY.hxx /dn43/OCCT/tmp/results_30.09.2011/occt/release-sources-20110930/inc/Handle_TColgp_HArray2OfXY.hxx
+M TColgp:pubinclude:TColgp_HArray2OfXY.hxx /dn43/OCCT/tmp/results_30.09.2011/occt/release-sources-20110930/inc/TColgp_HArray2OfXY.hxx
+M TColgp:derivated:TColgp_HArray2OfXY_0.cxx /dn43/OCCT/tmp/results_30.09.2011/occt/release-sources-20110930/drv/TColgp/TColgp_HArray2OfXY_0.cxx
+M TColgp:pubinclude:Handle_TColgp_HArray2OfDir.hxx /dn43/OCCT/tmp/results_30.09.2011/occt/release-sources-20110930/inc/Handle_TColgp_HArray2OfDir.hxx
+M TColgp:pubinclude:TColgp_HArray2OfDir.hxx /dn43/OCCT/tmp/results_30.09.2011/occt/release-sources-20110930/inc/TColgp_HArray2OfDir.hxx
+M TColgp:derivated:TColgp_HArray2OfDir_0.cxx /dn43/OCCT/tmp/results_30.09.2011/occt/release-sources-20110930/drv/TColgp/TColgp_HArray2OfDir_0.cxx
+M TColgp:pubinclude:Handle_TColgp_HArray2OfPnt.hxx /dn43/OCCT/tmp/results_30.09.2011/occt/release-sources-20110930/inc/Handle_TColgp_HArray2OfPnt.hxx
+M TColgp:pubinclude:TColgp_HArray2OfPnt.hxx /dn43/OCCT/tmp/results_30.09.2011/occt/release-sources-20110930/inc/TColgp_HArray2OfPnt.hxx
+M TColgp:derivated:TColgp_HArray2OfPnt_0.cxx /dn43/OCCT/tmp/results_30.09.2011/occt/release-sources-20110930/drv/TColgp/TColgp_HArray2OfPnt_0.cxx
+M TColgp:pubinclude:Handle_TColgp_HArray2OfVec.hxx /dn43/OCCT/tmp/results_30.09.2011/occt/release-sources-20110930/inc/Handle_TColgp_HArray2OfVec.hxx
+M TColgp:pubinclude:TColgp_HArray2OfVec.hxx /dn43/OCCT/tmp/results_30.09.2011/occt/release-sources-20110930/inc/TColgp_HArray2OfVec.hxx
+M TColgp:derivated:TColgp_HArray2OfVec_0.cxx /dn43/OCCT/tmp/results_30.09.2011/occt/release-sources-20110930/drv/TColgp/TColgp_HArray2OfVec_0.cxx
+M TColgp:pubinclude:Handle_TColgp_HArray2OfXYZ.hxx /dn43/OCCT/tmp/results_30.09.2011/occt/release-sources-20110930/inc/Handle_TColgp_HArray2OfXYZ.hxx
+M TColgp:pubinclude:TColgp_HArray2OfXYZ.hxx /dn43/OCCT/tmp/results_30.09.2011/occt/release-sources-20110930/inc/TColgp_HArray2OfXYZ.hxx
+M TColgp:derivated:TColgp_HArray2OfXYZ_0.cxx /dn43/OCCT/tmp/results_30.09.2011/occt/release-sources-20110930/drv/TColgp/TColgp_HArray2OfXYZ_0.cxx
+M TColgp:pubinclude:TColgp_SequenceOfDir.hxx /dn43/OCCT/tmp/results_30.09.2011/occt/release-sources-20110930/inc/TColgp_SequenceOfDir.hxx
+M TColgp:derivated:TColgp_SequenceOfDir_0.cxx /dn43/OCCT/tmp/results_30.09.2011/occt/release-sources-20110930/drv/TColgp/TColgp_SequenceOfDir_0.cxx
+M TColgp:pubinclude:TColgp_SequenceOfPnt.hxx /dn43/OCCT/tmp/results_30.09.2011/occt/release-sources-20110930/inc/TColgp_SequenceOfPnt.hxx
+M TColgp:derivated:TColgp_SequenceOfPnt_0.cxx /dn43/OCCT/tmp/results_30.09.2011/occt/release-sources-20110930/drv/TColgp/TColgp_SequenceOfPnt_0.cxx
+M TColgp:pubinclude:TColgp_SequenceOfVec.hxx /dn43/OCCT/tmp/results_30.09.2011/occt/release-sources-20110930/inc/TColgp_SequenceOfVec.hxx
+M TColgp:derivated:TColgp_SequenceOfVec_0.cxx /dn43/OCCT/tmp/results_30.09.2011/occt/release-sources-20110930/drv/TColgp/TColgp_SequenceOfVec_0.cxx
+M TColgp:pubinclude:TColgp_SequenceOfXYZ.hxx /dn43/OCCT/tmp/results_30.09.2011/occt/release-sources-20110930/inc/TColgp_SequenceOfXYZ.hxx
+M TColgp:derivated:TColgp_SequenceOfXYZ_0.cxx /dn43/OCCT/tmp/results_30.09.2011/occt/release-sources-20110930/drv/TColgp/TColgp_SequenceOfXYZ_0.cxx
+M TColgp:pubinclude:Handle_TColgp_HSequenceOfDir.hxx /dn43/OCCT/tmp/results_30.09.2011/occt/release-sources-20110930/inc/Handle_TColgp_HSequenceOfDir.hxx
+M TColgp:pubinclude:TColgp_HSequenceOfDir.hxx /dn43/OCCT/tmp/results_30.09.2011/occt/release-sources-20110930/inc/TColgp_HSequenceOfDir.hxx
+M TColgp:derivated:TColgp_HSequenceOfDir_0.cxx /dn43/OCCT/tmp/results_30.09.2011/occt/release-sources-20110930/drv/TColgp/TColgp_HSequenceOfDir_0.cxx
+M TColgp:pubinclude:Handle_TColgp_HSequenceOfPnt.hxx /dn43/OCCT/tmp/results_30.09.2011/occt/release-sources-20110930/inc/Handle_TColgp_HSequenceOfPnt.hxx
+M TColgp:pubinclude:TColgp_HSequenceOfPnt.hxx /dn43/OCCT/tmp/results_30.09.2011/occt/release-sources-20110930/inc/TColgp_HSequenceOfPnt.hxx
+M TColgp:derivated:TColgp_HSequenceOfPnt_0.cxx /dn43/OCCT/tmp/results_30.09.2011/occt/release-sources-20110930/drv/TColgp/TColgp_HSequenceOfPnt_0.cxx
+M TColgp:pubinclude:Handle_TColgp_HSequenceOfVec.hxx /dn43/OCCT/tmp/results_30.09.2011/occt/release-sources-20110930/inc/Handle_TColgp_HSequenceOfVec.hxx
+M TColgp:pubinclude:TColgp_HSequenceOfVec.hxx /dn43/OCCT/tmp/results_30.09.2011/occt/release-sources-20110930/inc/TColgp_HSequenceOfVec.hxx
+M TColgp:derivated:TColgp_HSequenceOfVec_0.cxx /dn43/OCCT/tmp/results_30.09.2011/occt/release-sources-20110930/drv/TColgp/TColgp_HSequenceOfVec_0.cxx
+M TColgp:pubinclude:Handle_TColgp_HSequenceOfXYZ.hxx /dn43/OCCT/tmp/results_30.09.2011/occt/release-sources-20110930/inc/Handle_TColgp_HSequenceOfXYZ.hxx
+M TColgp:pubinclude:TColgp_HSequenceOfXYZ.hxx /dn43/OCCT/tmp/results_30.09.2011/occt/release-sources-20110930/inc/TColgp_HSequenceOfXYZ.hxx
+M TColgp:derivated:TColgp_HSequenceOfXYZ_0.cxx /dn43/OCCT/tmp/results_30.09.2011/occt/release-sources-20110930/drv/TColgp/TColgp_HSequenceOfXYZ_0.cxx
+M TColgp:pubinclude:TColgp_SequenceOfDir2d.hxx /dn43/OCCT/tmp/results_30.09.2011/occt/release-sources-20110930/inc/TColgp_SequenceOfDir2d.hxx
+M TColgp:derivated:TColgp_SequenceOfDir2d_0.cxx /dn43/OCCT/tmp/results_30.09.2011/occt/release-sources-20110930/drv/TColgp/TColgp_SequenceOfDir2d_0.cxx
+M TColgp:pubinclude:TColgp_SequenceOfPnt2d.hxx /dn43/OCCT/tmp/results_30.09.2011/occt/release-sources-20110930/inc/TColgp_SequenceOfPnt2d.hxx
+M TColgp:derivated:TColgp_SequenceOfPnt2d_0.cxx /dn43/OCCT/tmp/results_30.09.2011/occt/release-sources-20110930/drv/TColgp/TColgp_SequenceOfPnt2d_0.cxx
+M TColgp:pubinclude:TColgp_SequenceOfVec2d.hxx /dn43/OCCT/tmp/results_30.09.2011/occt/release-sources-20110930/inc/TColgp_SequenceOfVec2d.hxx
+M TColgp:derivated:TColgp_SequenceOfVec2d_0.cxx /dn43/OCCT/tmp/results_30.09.2011/occt/release-sources-20110930/drv/TColgp/TColgp_SequenceOfVec2d_0.cxx
+M TColgp:pubinclude:TColgp_SequenceOfXY.hxx /dn43/OCCT/tmp/results_30.09.2011/occt/release-sources-20110930/inc/TColgp_SequenceOfXY.hxx
+M TColgp:derivated:TColgp_SequenceOfXY_0.cxx /dn43/OCCT/tmp/results_30.09.2011/occt/release-sources-20110930/drv/TColgp/TColgp_SequenceOfXY_0.cxx
+M TColgp:pubinclude:TColgp_SequenceOfArray1OfPnt2d.hxx /dn43/OCCT/tmp/results_30.09.2011/occt/release-sources-20110930/inc/TColgp_SequenceOfArray1OfPnt2d.hxx
+M TColgp:derivated:TColgp_SequenceOfArray1OfPnt2d_0.cxx /dn43/OCCT/tmp/results_30.09.2011/occt/release-sources-20110930/drv/TColgp/TColgp_SequenceOfArray1OfPnt2d_0.cxx
+M TColgp:pubinclude:Handle_TColgp_HSequenceOfDir2d.hxx /dn43/OCCT/tmp/results_30.09.2011/occt/release-sources-20110930/inc/Handle_TColgp_HSequenceOfDir2d.hxx
+M TColgp:pubinclude:TColgp_HSequenceOfDir2d.hxx /dn43/OCCT/tmp/results_30.09.2011/occt/release-sources-20110930/inc/TColgp_HSequenceOfDir2d.hxx
+M TColgp:derivated:TColgp_HSequenceOfDir2d_0.cxx /dn43/OCCT/tmp/results_30.09.2011/occt/release-sources-20110930/drv/TColgp/TColgp_HSequenceOfDir2d_0.cxx
+M TColgp:pubinclude:Handle_TColgp_HSequenceOfPnt2d.hxx /dn43/OCCT/tmp/results_30.09.2011/occt/release-sources-20110930/inc/Handle_TColgp_HSequenceOfPnt2d.hxx
+M TColgp:pubinclude:TColgp_HSequenceOfPnt2d.hxx /dn43/OCCT/tmp/results_30.09.2011/occt/release-sources-20110930/inc/TColgp_HSequenceOfPnt2d.hxx
+M TColgp:derivated:TColgp_HSequenceOfPnt2d_0.cxx /dn43/OCCT/tmp/results_30.09.2011/occt/release-sources-20110930/drv/TColgp/TColgp_HSequenceOfPnt2d_0.cxx
+M TColgp:pubinclude:Handle_TColgp_HSequenceOfVec2d.hxx /dn43/OCCT/tmp/results_30.09.2011/occt/release-sources-20110930/inc/Handle_TColgp_HSequenceOfVec2d.hxx
+M TColgp:pubinclude:TColgp_HSequenceOfVec2d.hxx /dn43/OCCT/tmp/results_30.09.2011/occt/release-sources-20110930/inc/TColgp_HSequenceOfVec2d.hxx
+M TColgp:derivated:TColgp_HSequenceOfVec2d_0.cxx /dn43/OCCT/tmp/results_30.09.2011/occt/release-sources-20110930/drv/TColgp/TColgp_HSequenceOfVec2d_0.cxx
+M TColgp:pubinclude:Handle_TColgp_HSequenceOfXY.hxx /dn43/OCCT/tmp/results_30.09.2011/occt/release-sources-20110930/inc/Handle_TColgp_HSequenceOfXY.hxx
+M TColgp:pubinclude:TColgp_HSequenceOfXY.hxx /dn43/OCCT/tmp/results_30.09.2011/occt/release-sources-20110930/inc/TColgp_HSequenceOfXY.hxx
+M TColgp:derivated:TColgp_HSequenceOfXY_0.cxx /dn43/OCCT/tmp/results_30.09.2011/occt/release-sources-20110930/drv/TColgp/TColgp_HSequenceOfXY_0.cxx
+M TColgp:pubinclude:TColgp_DataMapOfIntegerCirc2d.hxx /dn43/OCCT/tmp/results_30.09.2011/occt/release-sources-20110930/inc/TColgp_DataMapOfIntegerCirc2d.hxx
+M TColgp:derivated:TColgp_DataMapOfIntegerCirc2d_0.cxx /dn43/OCCT/tmp/results_30.09.2011/occt/release-sources-20110930/drv/TColgp/TColgp_DataMapOfIntegerCirc2d_0.cxx
+M TColgp:pubinclude:Handle_TColgp_SequenceNodeOfSequenceOfDir.hxx /dn43/OCCT/tmp/results_30.09.2011/occt/release-sources-20110930/inc/Handle_TColgp_SequenceNodeOfSequenceOfDir.hxx
+M TColgp:pubinclude:TColgp_SequenceNodeOfSequenceOfDir.hxx /dn43/OCCT/tmp/results_30.09.2011/occt/release-sources-20110930/inc/TColgp_SequenceNodeOfSequenceOfDir.hxx
+M TColgp:derivated:TColgp_SequenceNodeOfSequenceOfDir_0.cxx /dn43/OCCT/tmp/results_30.09.2011/occt/release-sources-20110930/drv/TColgp/TColgp_SequenceNodeOfSequenceOfDir_0.cxx
+M TColgp:pubinclude:Handle_TColgp_SequenceNodeOfSequenceOfPnt.hxx /dn43/OCCT/tmp/results_30.09.2011/occt/release-sources-20110930/inc/Handle_TColgp_SequenceNodeOfSequenceOfPnt.hxx
+M TColgp:pubinclude:TColgp_SequenceNodeOfSequenceOfPnt.hxx /dn43/OCCT/tmp/results_30.09.2011/occt/release-sources-20110930/inc/TColgp_SequenceNodeOfSequenceOfPnt.hxx
+M TColgp:derivated:TColgp_SequenceNodeOfSequenceOfPnt_0.cxx /dn43/OCCT/tmp/results_30.09.2011/occt/release-sources-20110930/drv/TColgp/TColgp_SequenceNodeOfSequenceOfPnt_0.cxx
+M TColgp:pubinclude:Handle_TColgp_SequenceNodeOfSequenceOfVec.hxx /dn43/OCCT/tmp/results_30.09.2011/occt/release-sources-20110930/inc/Handle_TColgp_SequenceNodeOfSequenceOfVec.hxx
+M TColgp:pubinclude:TColgp_SequenceNodeOfSequenceOfVec.hxx /dn43/OCCT/tmp/results_30.09.2011/occt/release-sources-20110930/inc/TColgp_SequenceNodeOfSequenceOfVec.hxx
+M TColgp:derivated:TColgp_SequenceNodeOfSequenceOfVec_0.cxx /dn43/OCCT/tmp/results_30.09.2011/occt/release-sources-20110930/drv/TColgp/TColgp_SequenceNodeOfSequenceOfVec_0.cxx
+M TColgp:pubinclude:Handle_TColgp_SequenceNodeOfSequenceOfXYZ.hxx /dn43/OCCT/tmp/results_30.09.2011/occt/release-sources-20110930/inc/Handle_TColgp_SequenceNodeOfSequenceOfXYZ.hxx
+M TColgp:pubinclude:TColgp_SequenceNodeOfSequenceOfXYZ.hxx /dn43/OCCT/tmp/results_30.09.2011/occt/release-sources-20110930/inc/TColgp_SequenceNodeOfSequenceOfXYZ.hxx
+M TColgp:derivated:TColgp_SequenceNodeOfSequenceOfXYZ_0.cxx /dn43/OCCT/tmp/results_30.09.2011/occt/release-sources-20110930/drv/TColgp/TColgp_SequenceNodeOfSequenceOfXYZ_0.cxx
+M TColgp:pubinclude:Handle_TColgp_SequenceNodeOfSequenceOfDir2d.hxx /dn43/OCCT/tmp/results_30.09.2011/occt/release-sources-20110930/inc/Handle_TColgp_SequenceNodeOfSequenceOfDir2d.hxx
+M TColgp:pubinclude:TColgp_SequenceNodeOfSequenceOfDir2d.hxx /dn43/OCCT/tmp/results_30.09.2011/occt/release-sources-20110930/inc/TColgp_SequenceNodeOfSequenceOfDir2d.hxx
+M TColgp:derivated:TColgp_SequenceNodeOfSequenceOfDir2d_0.cxx /dn43/OCCT/tmp/results_30.09.2011/occt/release-sources-20110930/drv/TColgp/TColgp_SequenceNodeOfSequenceOfDir2d_0.cxx
+M TColgp:pubinclude:Handle_TColgp_SequenceNodeOfSequenceOfPnt2d.hxx /dn43/OCCT/tmp/results_30.09.2011/occt/release-sources-20110930/inc/Handle_TColgp_SequenceNodeOfSequenceOfPnt2d.hxx
+M TColgp:pubinclude:TColgp_SequenceNodeOfSequenceOfPnt2d.hxx /dn43/OCCT/tmp/results_30.09.2011/occt/release-sources-20110930/inc/TColgp_SequenceNodeOfSequenceOfPnt2d.hxx
+M TColgp:derivated:TColgp_SequenceNodeOfSequenceOfPnt2d_0.cxx /dn43/OCCT/tmp/results_30.09.2011/occt/release-sources-20110930/drv/TColgp/TColgp_SequenceNodeOfSequenceOfPnt2d_0.cxx
+M TColgp:pubinclude:Handle_TColgp_SequenceNodeOfSequenceOfVec2d.hxx /dn43/OCCT/tmp/results_30.09.2011/occt/release-sources-20110930/inc/Handle_TColgp_SequenceNodeOfSequenceOfVec2d.hxx
+M TColgp:pubinclude:TColgp_SequenceNodeOfSequenceOfVec2d.hxx /dn43/OCCT/tmp/results_30.09.2011/occt/release-sources-20110930/inc/TColgp_SequenceNodeOfSequenceOfVec2d.hxx
+M TColgp:derivated:TColgp_SequenceNodeOfSequenceOfVec2d_0.cxx /dn43/OCCT/tmp/results_30.09.2011/occt/release-sources-20110930/drv/TColgp/TColgp_SequenceNodeOfSequenceOfVec2d_0.cxx
+M TColgp:pubinclude:Handle_TColgp_SequenceNodeOfSequenceOfXY.hxx /dn43/OCCT/tmp/results_30.09.2011/occt/release-sources-20110930/inc/Handle_TColgp_SequenceNodeOfSequenceOfXY.hxx
+M TColgp:pubinclude:TColgp_SequenceNodeOfSequenceOfXY.hxx /dn43/OCCT/tmp/results_30.09.2011/occt/release-sources-20110930/inc/TColgp_SequenceNodeOfSequenceOfXY.hxx
+M TColgp:derivated:TColgp_SequenceNodeOfSequenceOfXY_0.cxx /dn43/OCCT/tmp/results_30.09.2011/occt/release-sources-20110930/drv/TColgp/TColgp_SequenceNodeOfSequenceOfXY_0.cxx
+M TColgp:pubinclude:Handle_TColgp_SequenceNodeOfSequenceOfArray1OfPnt2d.hxx /dn43/OCCT/tmp/results_30.09.2011/occt/release-sources-20110930/inc/Handle_TColgp_SequenceNodeOfSequenceOfArray1OfPnt2d.hxx
+M TColgp:pubinclude:TColgp_SequenceNodeOfSequenceOfArray1OfPnt2d.hxx /dn43/OCCT/tmp/results_30.09.2011/occt/release-sources-20110930/inc/TColgp_SequenceNodeOfSequenceOfArray1OfPnt2d.hxx
+M TColgp:derivated:TColgp_SequenceNodeOfSequenceOfArray1OfPnt2d_0.cxx /dn43/OCCT/tmp/results_30.09.2011/occt/release-sources-20110930/drv/TColgp/TColgp_SequenceNodeOfSequenceOfArray1OfPnt2d_0.cxx
+M TColgp:pubinclude:Handle_TColgp_DataMapNodeOfDataMapOfIntegerCirc2d.hxx /dn43/OCCT/tmp/results_30.09.2011/occt/release-sources-20110930/inc/Handle_TColgp_DataMapNodeOfDataMapOfIntegerCirc2d.hxx
+M TColgp:pubinclude:TColgp_DataMapNodeOfDataMapOfIntegerCirc2d.hxx /dn43/OCCT/tmp/results_30.09.2011/occt/release-sources-20110930/inc/TColgp_DataMapNodeOfDataMapOfIntegerCirc2d.hxx
+M TColgp:derivated:TColgp_DataMapNodeOfDataMapOfIntegerCirc2d_0.cxx /dn43/OCCT/tmp/results_30.09.2011/occt/release-sources-20110930/drv/TColgp/TColgp_DataMapNodeOfDataMapOfIntegerCirc2d_0.cxx
+M TColgp:pubinclude:TColgp_DataMapIteratorOfDataMapOfIntegerCirc2d.hxx /dn43/OCCT/tmp/results_30.09.2011/occt/release-sources-20110930/inc/TColgp_DataMapIteratorOfDataMapOfIntegerCirc2d.hxx
+M TColgp:derivated:TColgp_DataMapIteratorOfDataMapOfIntegerCirc2d_0.cxx /dn43/OCCT/tmp/results_30.09.2011/occt/release-sources-20110930/drv/TColgp/TColgp_DataMapIteratorOfDataMapOfIntegerCirc2d_0.cxx
+M TColgp:dbadmfile:TColgp_xcpp_header.In /dn43/OCCT/tmp/results_30.09.2011/occt/release-sources-20110930/drv/TColgp/.adm/TColgp_xcpp_header.In
+M TColgp:dbadmfile:TColgp_xcpp_header.Out /dn43/OCCT/tmp/results_30.09.2011/occt/release-sources-20110930/drv/TColgp/.adm/TColgp_xcpp_header.Out
+M TColgp:dbadmfile:TColgp_xcpp_header.Dep /dn43/OCCT/tmp/results_30.09.2011/occt/release-sources-20110930/drv/TColgp/.adm/TColgp_xcpp_header.Dep
