+M BRepMesh:pubinclude:BRepMesh.hxx /dn43/OCCT/tmp/results_31.05.2011/occt/release-sources-20110531/inc/BRepMesh.hxx
+M BRepMesh:privinclude:BRepMesh.jxx /dn43/OCCT/tmp/results_31.05.2011/occt/release-sources-20110531/drv/BRepMesh/BRepMesh.jxx
+M BRepMesh:privinclude:BRepMesh.ixx /dn43/OCCT/tmp/results_31.05.2011/occt/release-sources-20110531/drv/BRepMesh/BRepMesh.ixx
+M BRepMesh:pubinclude:BRepMesh_Vertex.hxx /dn43/OCCT/tmp/results_31.05.2011/occt/release-sources-20110531/inc/BRepMesh_Vertex.hxx
+M BRepMesh:privinclude:BRepMesh_Vertex.jxx /dn43/OCCT/tmp/results_31.05.2011/occt/release-sources-20110531/drv/BRepMesh/BRepMesh_Vertex.jxx
+M BRepMesh:privinclude:BRepMesh_Vertex.ixx /dn43/OCCT/tmp/results_31.05.2011/occt/release-sources-20110531/drv/BRepMesh/BRepMesh_Vertex.ixx
+M BRepMesh:pubinclude:BRepMesh_Edge.hxx /dn43/OCCT/tmp/results_31.05.2011/occt/release-sources-20110531/inc/BRepMesh_Edge.hxx
+M BRepMesh:privinclude:BRepMesh_Edge.jxx /dn43/OCCT/tmp/results_31.05.2011/occt/release-sources-20110531/drv/BRepMesh/BRepMesh_Edge.jxx
+M BRepMesh:privinclude:BRepMesh_Edge.ixx /dn43/OCCT/tmp/results_31.05.2011/occt/release-sources-20110531/drv/BRepMesh/BRepMesh_Edge.ixx
+M BRepMesh:pubinclude:BRepMesh_Triangle.hxx /dn43/OCCT/tmp/results_31.05.2011/occt/release-sources-20110531/inc/BRepMesh_Triangle.hxx
+M BRepMesh:privinclude:BRepMesh_Triangle.jxx /dn43/OCCT/tmp/results_31.05.2011/occt/release-sources-20110531/drv/BRepMesh/BRepMesh_Triangle.jxx
+M BRepMesh:privinclude:BRepMesh_Triangle.ixx /dn43/OCCT/tmp/results_31.05.2011/occt/release-sources-20110531/drv/BRepMesh/BRepMesh_Triangle.ixx
+M BRepMesh:pubinclude:BRepMesh_ShapeTool.hxx /dn43/OCCT/tmp/results_31.05.2011/occt/release-sources-20110531/inc/BRepMesh_ShapeTool.hxx
+M BRepMesh:privinclude:BRepMesh_ShapeTool.jxx /dn43/OCCT/tmp/results_31.05.2011/occt/release-sources-20110531/drv/BRepMesh/BRepMesh_ShapeTool.jxx
+M BRepMesh:privinclude:BRepMesh_ShapeTool.ixx /dn43/OCCT/tmp/results_31.05.2011/occt/release-sources-20110531/drv/BRepMesh/BRepMesh_ShapeTool.ixx
+M BRepMesh:pubinclude:BRepMesh_Circ.hxx /dn43/OCCT/tmp/results_31.05.2011/occt/release-sources-20110531/inc/BRepMesh_Circ.hxx
+M BRepMesh:privinclude:BRepMesh_Circ.jxx /dn43/OCCT/tmp/results_31.05.2011/occt/release-sources-20110531/drv/BRepMesh/BRepMesh_Circ.jxx
+M BRepMesh:privinclude:BRepMesh_Circ.ixx /dn43/OCCT/tmp/results_31.05.2011/occt/release-sources-20110531/drv/BRepMesh/BRepMesh_Circ.ixx
+M BRepMesh:pubinclude:BRepMesh_DiscretRoot.hxx /dn43/OCCT/tmp/results_31.05.2011/occt/release-sources-20110531/inc/BRepMesh_DiscretRoot.hxx
+M BRepMesh:privinclude:BRepMesh_DiscretRoot.jxx /dn43/OCCT/tmp/results_31.05.2011/occt/release-sources-20110531/drv/BRepMesh/BRepMesh_DiscretRoot.jxx
+M BRepMesh:privinclude:BRepMesh_DiscretRoot.ixx /dn43/OCCT/tmp/results_31.05.2011/occt/release-sources-20110531/drv/BRepMesh/BRepMesh_DiscretRoot.ixx
+M BRepMesh:pubinclude:BRepMesh_DiscretFactory.hxx /dn43/OCCT/tmp/results_31.05.2011/occt/release-sources-20110531/inc/BRepMesh_DiscretFactory.hxx
+M BRepMesh:privinclude:BRepMesh_DiscretFactory.jxx /dn43/OCCT/tmp/results_31.05.2011/occt/release-sources-20110531/drv/BRepMesh/BRepMesh_DiscretFactory.jxx
+M BRepMesh:privinclude:BRepMesh_DiscretFactory.ixx /dn43/OCCT/tmp/results_31.05.2011/occt/release-sources-20110531/drv/BRepMesh/BRepMesh_DiscretFactory.ixx
+M BRepMesh:pubinclude:BRepMesh_ComparatorOfVertexOfDelaun.hxx /dn43/OCCT/tmp/results_31.05.2011/occt/release-sources-20110531/inc/BRepMesh_ComparatorOfVertexOfDelaun.hxx
+M BRepMesh:privinclude:BRepMesh_ComparatorOfVertexOfDelaun.jxx /dn43/OCCT/tmp/results_31.05.2011/occt/release-sources-20110531/drv/BRepMesh/BRepMesh_ComparatorOfVertexOfDelaun.jxx
+M BRepMesh:privinclude:BRepMesh_ComparatorOfVertexOfDelaun.ixx /dn43/OCCT/tmp/results_31.05.2011/occt/release-sources-20110531/drv/BRepMesh/BRepMesh_ComparatorOfVertexOfDelaun.ixx
+M BRepMesh:pubinclude:BRepMesh_ComparatorOfIndexedVertexOfDelaun.hxx /dn43/OCCT/tmp/results_31.05.2011/occt/release-sources-20110531/inc/BRepMesh_ComparatorOfIndexedVertexOfDelaun.hxx
+M BRepMesh:privinclude:BRepMesh_ComparatorOfIndexedVertexOfDelaun.jxx /dn43/OCCT/tmp/results_31.05.2011/occt/release-sources-20110531/drv/BRepMesh/BRepMesh_ComparatorOfIndexedVertexOfDelaun.jxx
+M BRepMesh:privinclude:BRepMesh_ComparatorOfIndexedVertexOfDelaun.ixx /dn43/OCCT/tmp/results_31.05.2011/occt/release-sources-20110531/drv/BRepMesh/BRepMesh_ComparatorOfIndexedVertexOfDelaun.ixx
+M BRepMesh:pubinclude:BRepMesh_SelectorOfDataStructureOfDelaun.hxx /dn43/OCCT/tmp/results_31.05.2011/occt/release-sources-20110531/inc/BRepMesh_SelectorOfDataStructureOfDelaun.hxx
+M BRepMesh:privinclude:BRepMesh_SelectorOfDataStructureOfDelaun.jxx /dn43/OCCT/tmp/results_31.05.2011/occt/release-sources-20110531/drv/BRepMesh/BRepMesh_SelectorOfDataStructureOfDelaun.jxx
+M BRepMesh:privinclude:BRepMesh_SelectorOfDataStructureOfDelaun.ixx /dn43/OCCT/tmp/results_31.05.2011/occt/release-sources-20110531/drv/BRepMesh/BRepMesh_SelectorOfDataStructureOfDelaun.ixx
+M BRepMesh:pubinclude:BRepMesh_Delaun.hxx /dn43/OCCT/tmp/results_31.05.2011/occt/release-sources-20110531/inc/BRepMesh_Delaun.hxx
+M BRepMesh:privinclude:BRepMesh_Delaun.jxx /dn43/OCCT/tmp/results_31.05.2011/occt/release-sources-20110531/drv/BRepMesh/BRepMesh_Delaun.jxx
+M BRepMesh:privinclude:BRepMesh_Delaun.ixx /dn43/OCCT/tmp/results_31.05.2011/occt/release-sources-20110531/drv/BRepMesh/BRepMesh_Delaun.ixx
+M BRepMesh:pubinclude:Handle_BRepMesh_DataStructureOfDelaun.hxx /dn43/OCCT/tmp/results_31.05.2011/occt/release-sources-20110531/inc/Handle_BRepMesh_DataStructureOfDelaun.hxx
+M BRepMesh:pubinclude:BRepMesh_DataStructureOfDelaun.hxx /dn43/OCCT/tmp/results_31.05.2011/occt/release-sources-20110531/inc/BRepMesh_DataStructureOfDelaun.hxx
+M BRepMesh:privinclude:BRepMesh_DataStructureOfDelaun.jxx /dn43/OCCT/tmp/results_31.05.2011/occt/release-sources-20110531/drv/BRepMesh/BRepMesh_DataStructureOfDelaun.jxx
+M BRepMesh:privinclude:BRepMesh_DataStructureOfDelaun.ixx /dn43/OCCT/tmp/results_31.05.2011/occt/release-sources-20110531/drv/BRepMesh/BRepMesh_DataStructureOfDelaun.ixx
+M BRepMesh:pubinclude:BRepMesh_CircleTool.hxx /dn43/OCCT/tmp/results_31.05.2011/occt/release-sources-20110531/inc/BRepMesh_CircleTool.hxx
+M BRepMesh:privinclude:BRepMesh_CircleTool.jxx /dn43/OCCT/tmp/results_31.05.2011/occt/release-sources-20110531/drv/BRepMesh/BRepMesh_CircleTool.jxx
+M BRepMesh:privinclude:BRepMesh_CircleTool.ixx /dn43/OCCT/tmp/results_31.05.2011/occt/release-sources-20110531/drv/BRepMesh/BRepMesh_CircleTool.ixx
+M BRepMesh:pubinclude:BRepMesh_Array1OfVertexOfDelaun.hxx /dn43/OCCT/tmp/results_31.05.2011/occt/release-sources-20110531/inc/BRepMesh_Array1OfVertexOfDelaun.hxx
+M BRepMesh:derivated:BRepMesh_Array1OfVertexOfDelaun_0.cxx /dn43/OCCT/tmp/results_31.05.2011/occt/release-sources-20110531/drv/BRepMesh/BRepMesh_Array1OfVertexOfDelaun_0.cxx
+M BRepMesh:pubinclude:Handle_BRepMesh_HArray1OfVertexOfDelaun.hxx /dn43/OCCT/tmp/results_31.05.2011/occt/release-sources-20110531/inc/Handle_BRepMesh_HArray1OfVertexOfDelaun.hxx
+M BRepMesh:pubinclude:BRepMesh_HArray1OfVertexOfDelaun.hxx /dn43/OCCT/tmp/results_31.05.2011/occt/release-sources-20110531/inc/BRepMesh_HArray1OfVertexOfDelaun.hxx
+M BRepMesh:derivated:BRepMesh_HArray1OfVertexOfDelaun_0.cxx /dn43/OCCT/tmp/results_31.05.2011/occt/release-sources-20110531/drv/BRepMesh/BRepMesh_HArray1OfVertexOfDelaun_0.cxx
+M BRepMesh:pubinclude:BRepMesh_HeapSortVertexOfDelaun.hxx /dn43/OCCT/tmp/results_31.05.2011/occt/release-sources-20110531/inc/BRepMesh_HeapSortVertexOfDelaun.hxx
+M BRepMesh:derivated:BRepMesh_HeapSortVertexOfDelaun_0.cxx /dn43/OCCT/tmp/results_31.05.2011/occt/release-sources-20110531/drv/BRepMesh/BRepMesh_HeapSortVertexOfDelaun_0.cxx
+M BRepMesh:pubinclude:BRepMesh_HeapSortIndexedVertexOfDelaun.hxx /dn43/OCCT/tmp/results_31.05.2011/occt/release-sources-20110531/inc/BRepMesh_HeapSortIndexedVertexOfDelaun.hxx
+M BRepMesh:derivated:BRepMesh_HeapSortIndexedVertexOfDelaun_0.cxx /dn43/OCCT/tmp/results_31.05.2011/occt/release-sources-20110531/drv/BRepMesh/BRepMesh_HeapSortIndexedVertexOfDelaun_0.cxx
+M BRepMesh:pubinclude:BRepMesh_NodeHasherOfDataStructureOfDelaun.hxx /dn43/OCCT/tmp/results_31.05.2011/occt/release-sources-20110531/inc/BRepMesh_NodeHasherOfDataStructureOfDelaun.hxx
+M BRepMesh:derivated:BRepMesh_NodeHasherOfDataStructureOfDelaun_0.cxx /dn43/OCCT/tmp/results_31.05.2011/occt/release-sources-20110531/drv/BRepMesh/BRepMesh_NodeHasherOfDataStructureOfDelaun_0.cxx
+M BRepMesh:pubinclude:BRepMesh_LinkHasherOfDataStructureOfDelaun.hxx /dn43/OCCT/tmp/results_31.05.2011/occt/release-sources-20110531/inc/BRepMesh_LinkHasherOfDataStructureOfDelaun.hxx
+M BRepMesh:derivated:BRepMesh_LinkHasherOfDataStructureOfDelaun_0.cxx /dn43/OCCT/tmp/results_31.05.2011/occt/release-sources-20110531/drv/BRepMesh/BRepMesh_LinkHasherOfDataStructureOfDelaun_0.cxx
+M BRepMesh:pubinclude:BRepMesh_ElemHasherOfDataStructureOfDelaun.hxx /dn43/OCCT/tmp/results_31.05.2011/occt/release-sources-20110531/inc/BRepMesh_ElemHasherOfDataStructureOfDelaun.hxx
+M BRepMesh:derivated:BRepMesh_ElemHasherOfDataStructureOfDelaun_0.cxx /dn43/OCCT/tmp/results_31.05.2011/occt/release-sources-20110531/drv/BRepMesh/BRepMesh_ElemHasherOfDataStructureOfDelaun_0.cxx
+M BRepMesh:pubinclude:BRepMesh_IDMapOfNodeOfDataStructureOfDelaun.hxx /dn43/OCCT/tmp/results_31.05.2011/occt/release-sources-20110531/inc/BRepMesh_IDMapOfNodeOfDataStructureOfDelaun.hxx
+M BRepMesh:derivated:BRepMesh_IDMapOfNodeOfDataStructureOfDelaun_0.cxx /dn43/OCCT/tmp/results_31.05.2011/occt/release-sources-20110531/drv/BRepMesh/BRepMesh_IDMapOfNodeOfDataStructureOfDelaun_0.cxx
+M BRepMesh:pubinclude:BRepMesh_IDMapOfLinkOfDataStructureOfDelaun.hxx /dn43/OCCT/tmp/results_31.05.2011/occt/release-sources-20110531/inc/BRepMesh_IDMapOfLinkOfDataStructureOfDelaun.hxx
+M BRepMesh:derivated:BRepMesh_IDMapOfLinkOfDataStructureOfDelaun_0.cxx /dn43/OCCT/tmp/results_31.05.2011/occt/release-sources-20110531/drv/BRepMesh/BRepMesh_IDMapOfLinkOfDataStructureOfDelaun_0.cxx
+M BRepMesh:pubinclude:BRepMesh_IMapOfElementOfDataStructureOfDelaun.hxx /dn43/OCCT/tmp/results_31.05.2011/occt/release-sources-20110531/inc/BRepMesh_IMapOfElementOfDataStructureOfDelaun.hxx
+M BRepMesh:derivated:BRepMesh_IMapOfElementOfDataStructureOfDelaun_0.cxx /dn43/OCCT/tmp/results_31.05.2011/occt/release-sources-20110531/drv/BRepMesh/BRepMesh_IMapOfElementOfDataStructureOfDelaun_0.cxx
+M BRepMesh:pubinclude:BRepMesh_DataMapOfVertexInteger.hxx /dn43/OCCT/tmp/results_31.05.2011/occt/release-sources-20110531/inc/BRepMesh_DataMapOfVertexInteger.hxx
+M BRepMesh:derivated:BRepMesh_DataMapOfVertexInteger_0.cxx /dn43/OCCT/tmp/results_31.05.2011/occt/release-sources-20110531/drv/BRepMesh/BRepMesh_DataMapOfVertexInteger_0.cxx
+M BRepMesh:pubinclude:BRepMesh_ListOfVertex.hxx /dn43/OCCT/tmp/results_31.05.2011/occt/release-sources-20110531/inc/BRepMesh_ListOfVertex.hxx
+M BRepMesh:derivated:BRepMesh_ListOfVertex_0.cxx /dn43/OCCT/tmp/results_31.05.2011/occt/release-sources-20110531/drv/BRepMesh/BRepMesh_ListOfVertex_0.cxx
+M BRepMesh:pubinclude:BRepMesh_ListOfXY.hxx /dn43/OCCT/tmp/results_31.05.2011/occt/release-sources-20110531/inc/BRepMesh_ListOfXY.hxx
+M BRepMesh:derivated:BRepMesh_ListOfXY_0.cxx /dn43/OCCT/tmp/results_31.05.2011/occt/release-sources-20110531/drv/BRepMesh/BRepMesh_ListOfXY_0.cxx
+M BRepMesh:pubinclude:BRepMesh_DataMapOfIntegerListOfXY.hxx /dn43/OCCT/tmp/results_31.05.2011/occt/release-sources-20110531/inc/BRepMesh_DataMapOfIntegerListOfXY.hxx
+M BRepMesh:derivated:BRepMesh_DataMapOfIntegerListOfXY_0.cxx /dn43/OCCT/tmp/results_31.05.2011/occt/release-sources-20110531/drv/BRepMesh/BRepMesh_DataMapOfIntegerListOfXY_0.cxx
+M BRepMesh:pubinclude:BRepMesh_VertexHasher.hxx /dn43/OCCT/tmp/results_31.05.2011/occt/release-sources-20110531/inc/BRepMesh_VertexHasher.hxx
+M BRepMesh:derivated:BRepMesh_VertexHasher_0.cxx /dn43/OCCT/tmp/results_31.05.2011/occt/release-sources-20110531/drv/BRepMesh/BRepMesh_VertexHasher_0.cxx
+M BRepMesh:pubinclude:BRepMesh_IndexedMapOfVertex.hxx /dn43/OCCT/tmp/results_31.05.2011/occt/release-sources-20110531/inc/BRepMesh_IndexedMapOfVertex.hxx
+M BRepMesh:derivated:BRepMesh_IndexedMapOfVertex_0.cxx /dn43/OCCT/tmp/results_31.05.2011/occt/release-sources-20110531/drv/BRepMesh/BRepMesh_IndexedMapOfVertex_0.cxx
+M BRepMesh:pubinclude:BRepMesh_DataMapOfShapeReal.hxx /dn43/OCCT/tmp/results_31.05.2011/occt/release-sources-20110531/inc/BRepMesh_DataMapOfShapeReal.hxx
+M BRepMesh:derivated:BRepMesh_DataMapOfShapeReal_0.cxx /dn43/OCCT/tmp/results_31.05.2011/occt/release-sources-20110531/drv/BRepMesh/BRepMesh_DataMapOfShapeReal_0.cxx
+M BRepMesh:pubinclude:BRepMesh_BiPoint.hxx /dn43/OCCT/tmp/results_31.05.2011/occt/release-sources-20110531/inc/BRepMesh_BiPoint.hxx
+M BRepMesh:privinclude:BRepMesh_BiPoint.jxx /dn43/OCCT/tmp/results_31.05.2011/occt/release-sources-20110531/drv/BRepMesh/BRepMesh_BiPoint.jxx
+M BRepMesh:privinclude:BRepMesh_BiPoint.ixx /dn43/OCCT/tmp/results_31.05.2011/occt/release-sources-20110531/drv/BRepMesh/BRepMesh_BiPoint.ixx
+M BRepMesh:pubinclude:BRepMesh_Array1OfBiPoint.hxx /dn43/OCCT/tmp/results_31.05.2011/occt/release-sources-20110531/inc/BRepMesh_Array1OfBiPoint.hxx
+M BRepMesh:derivated:BRepMesh_Array1OfBiPoint_0.cxx /dn43/OCCT/tmp/results_31.05.2011/occt/release-sources-20110531/drv/BRepMesh/BRepMesh_Array1OfBiPoint_0.cxx
+M BRepMesh:pubinclude:Handle_BRepMesh_FastDiscretFace.hxx /dn43/OCCT/tmp/results_31.05.2011/occt/release-sources-20110531/inc/Handle_BRepMesh_FastDiscretFace.hxx
+M BRepMesh:pubinclude:BRepMesh_FastDiscretFace.hxx /dn43/OCCT/tmp/results_31.05.2011/occt/release-sources-20110531/inc/BRepMesh_FastDiscretFace.hxx
+M BRepMesh:privinclude:BRepMesh_FastDiscretFace.jxx /dn43/OCCT/tmp/results_31.05.2011/occt/release-sources-20110531/drv/BRepMesh/BRepMesh_FastDiscretFace.jxx
+M BRepMesh:privinclude:BRepMesh_FastDiscretFace.ixx /dn43/OCCT/tmp/results_31.05.2011/occt/release-sources-20110531/drv/BRepMesh/BRepMesh_FastDiscretFace.ixx
+M BRepMesh:pubinclude:Handle_BRepMesh_FastDiscret.hxx /dn43/OCCT/tmp/results_31.05.2011/occt/release-sources-20110531/inc/Handle_BRepMesh_FastDiscret.hxx
+M BRepMesh:pubinclude:BRepMesh_FastDiscret.hxx /dn43/OCCT/tmp/results_31.05.2011/occt/release-sources-20110531/inc/BRepMesh_FastDiscret.hxx
+M BRepMesh:privinclude:BRepMesh_FastDiscret.jxx /dn43/OCCT/tmp/results_31.05.2011/occt/release-sources-20110531/drv/BRepMesh/BRepMesh_FastDiscret.jxx
+M BRepMesh:privinclude:BRepMesh_FastDiscret.ixx /dn43/OCCT/tmp/results_31.05.2011/occt/release-sources-20110531/drv/BRepMesh/BRepMesh_FastDiscret.ixx
+M BRepMesh:pubinclude:Handle_BRepMesh_FaceAttribute.hxx /dn43/OCCT/tmp/results_31.05.2011/occt/release-sources-20110531/inc/Handle_BRepMesh_FaceAttribute.hxx
+M BRepMesh:pubinclude:BRepMesh_FaceAttribute.hxx /dn43/OCCT/tmp/results_31.05.2011/occt/release-sources-20110531/inc/BRepMesh_FaceAttribute.hxx
+M BRepMesh:privinclude:BRepMesh_FaceAttribute.jxx /dn43/OCCT/tmp/results_31.05.2011/occt/release-sources-20110531/drv/BRepMesh/BRepMesh_FaceAttribute.jxx
+M BRepMesh:privinclude:BRepMesh_FaceAttribute.ixx /dn43/OCCT/tmp/results_31.05.2011/occt/release-sources-20110531/drv/BRepMesh/BRepMesh_FaceAttribute.ixx
+M BRepMesh:pubinclude:BRepMesh_DataMapOfFaceAttribute.hxx /dn43/OCCT/tmp/results_31.05.2011/occt/release-sources-20110531/inc/BRepMesh_DataMapOfFaceAttribute.hxx
+M BRepMesh:derivated:BRepMesh_DataMapOfFaceAttribute_0.cxx /dn43/OCCT/tmp/results_31.05.2011/occt/release-sources-20110531/drv/BRepMesh/BRepMesh_DataMapOfFaceAttribute_0.cxx
+M BRepMesh:pubinclude:BRepMesh_Classifier.hxx /dn43/OCCT/tmp/results_31.05.2011/occt/release-sources-20110531/inc/BRepMesh_Classifier.hxx
+M BRepMesh:privinclude:BRepMesh_Classifier.jxx /dn43/OCCT/tmp/results_31.05.2011/occt/release-sources-20110531/drv/BRepMesh/BRepMesh_Classifier.jxx
+M BRepMesh:privinclude:BRepMesh_Classifier.ixx /dn43/OCCT/tmp/results_31.05.2011/occt/release-sources-20110531/drv/BRepMesh/BRepMesh_Classifier.ixx
+M BRepMesh:pubinclude:BRepMesh_IncrementalMesh.hxx /dn43/OCCT/tmp/results_31.05.2011/occt/release-sources-20110531/inc/BRepMesh_IncrementalMesh.hxx
+M BRepMesh:privinclude:BRepMesh_IncrementalMesh.jxx /dn43/OCCT/tmp/results_31.05.2011/occt/release-sources-20110531/drv/BRepMesh/BRepMesh_IncrementalMesh.jxx
+M BRepMesh:privinclude:BRepMesh_IncrementalMesh.ixx /dn43/OCCT/tmp/results_31.05.2011/occt/release-sources-20110531/drv/BRepMesh/BRepMesh_IncrementalMesh.ixx
+M BRepMesh:pubinclude:BRepMesh_GeomTool.hxx /dn43/OCCT/tmp/results_31.05.2011/occt/release-sources-20110531/inc/BRepMesh_GeomTool.hxx
+M BRepMesh:privinclude:BRepMesh_GeomTool.jxx /dn43/OCCT/tmp/results_31.05.2011/occt/release-sources-20110531/drv/BRepMesh/BRepMesh_GeomTool.jxx
+M BRepMesh:privinclude:BRepMesh_GeomTool.ixx /dn43/OCCT/tmp/results_31.05.2011/occt/release-sources-20110531/drv/BRepMesh/BRepMesh_GeomTool.ixx
+M BRepMesh:pubinclude:BRepMesh_DataMapOfIntegerPnt.hxx /dn43/OCCT/tmp/results_31.05.2011/occt/release-sources-20110531/inc/BRepMesh_DataMapOfIntegerPnt.hxx
+M BRepMesh:derivated:BRepMesh_DataMapOfIntegerPnt_0.cxx /dn43/OCCT/tmp/results_31.05.2011/occt/release-sources-20110531/drv/BRepMesh/BRepMesh_DataMapOfIntegerPnt_0.cxx
+M BRepMesh:pubinclude:BRepMesh_PairOfPolygon.hxx /dn43/OCCT/tmp/results_31.05.2011/occt/release-sources-20110531/inc/BRepMesh_PairOfPolygon.hxx
+M BRepMesh:privinclude:BRepMesh_PairOfPolygon.jxx /dn43/OCCT/tmp/results_31.05.2011/occt/release-sources-20110531/drv/BRepMesh/BRepMesh_PairOfPolygon.jxx
+M BRepMesh:privinclude:BRepMesh_PairOfPolygon.ixx /dn43/OCCT/tmp/results_31.05.2011/occt/release-sources-20110531/drv/BRepMesh/BRepMesh_PairOfPolygon.ixx
+M BRepMesh:pubinclude:BRepMesh_DataMapOfShapePairOfPolygon.hxx /dn43/OCCT/tmp/results_31.05.2011/occt/release-sources-20110531/inc/BRepMesh_DataMapOfShapePairOfPolygon.hxx
+M BRepMesh:derivated:BRepMesh_DataMapOfShapePairOfPolygon_0.cxx /dn43/OCCT/tmp/results_31.05.2011/occt/release-sources-20110531/drv/BRepMesh/BRepMesh_DataMapOfShapePairOfPolygon_0.cxx
+M BRepMesh:pubinclude:Handle_BRepMesh_IndexedDataMapNodeOfIDMapOfNodeOfDataStructureOfDelaun.hxx /dn43/OCCT/tmp/results_31.05.2011/occt/release-sources-20110531/inc/Handle_BRepMesh_IndexedDataMapNodeOfIDMapOfNodeOfDataStructureOfDelaun.hxx
+M BRepMesh:pubinclude:BRepMesh_IndexedDataMapNodeOfIDMapOfNodeOfDataStructureOfDelaun.hxx /dn43/OCCT/tmp/results_31.05.2011/occt/release-sources-20110531/inc/BRepMesh_IndexedDataMapNodeOfIDMapOfNodeOfDataStructureOfDelaun.hxx
+M BRepMesh:derivated:BRepMesh_IndexedDataMapNodeOfIDMapOfNodeOfDataStructureOfDelaun_0.cxx /dn43/OCCT/tmp/results_31.05.2011/occt/release-sources-20110531/drv/BRepMesh/BRepMesh_IndexedDataMapNodeOfIDMapOfNodeOfDataStructureOfDelaun_0.cxx
+M BRepMesh:pubinclude:Handle_BRepMesh_IndexedDataMapNodeOfIDMapOfLinkOfDataStructureOfDelaun.hxx /dn43/OCCT/tmp/results_31.05.2011/occt/release-sources-20110531/inc/Handle_BRepMesh_IndexedDataMapNodeOfIDMapOfLinkOfDataStructureOfDelaun.hxx
+M BRepMesh:pubinclude:BRepMesh_IndexedDataMapNodeOfIDMapOfLinkOfDataStructureOfDelaun.hxx /dn43/OCCT/tmp/results_31.05.2011/occt/release-sources-20110531/inc/BRepMesh_IndexedDataMapNodeOfIDMapOfLinkOfDataStructureOfDelaun.hxx
+M BRepMesh:derivated:BRepMesh_IndexedDataMapNodeOfIDMapOfLinkOfDataStructureOfDelaun_0.cxx /dn43/OCCT/tmp/results_31.05.2011/occt/release-sources-20110531/drv/BRepMesh/BRepMesh_IndexedDataMapNodeOfIDMapOfLinkOfDataStructureOfDelaun_0.cxx
+M BRepMesh:pubinclude:Handle_BRepMesh_IndexedMapNodeOfIMapOfElementOfDataStructureOfDelaun.hxx /dn43/OCCT/tmp/results_31.05.2011/occt/release-sources-20110531/inc/Handle_BRepMesh_IndexedMapNodeOfIMapOfElementOfDataStructureOfDelaun.hxx
+M BRepMesh:pubinclude:BRepMesh_IndexedMapNodeOfIMapOfElementOfDataStructureOfDelaun.hxx /dn43/OCCT/tmp/results_31.05.2011/occt/release-sources-20110531/inc/BRepMesh_IndexedMapNodeOfIMapOfElementOfDataStructureOfDelaun.hxx
+M BRepMesh:derivated:BRepMesh_IndexedMapNodeOfIMapOfElementOfDataStructureOfDelaun_0.cxx /dn43/OCCT/tmp/results_31.05.2011/occt/release-sources-20110531/drv/BRepMesh/BRepMesh_IndexedMapNodeOfIMapOfElementOfDataStructureOfDelaun_0.cxx
+M BRepMesh:pubinclude:Handle_BRepMesh_DataMapNodeOfDataMapOfVertexInteger.hxx /dn43/OCCT/tmp/results_31.05.2011/occt/release-sources-20110531/inc/Handle_BRepMesh_DataMapNodeOfDataMapOfVertexInteger.hxx
+M BRepMesh:pubinclude:BRepMesh_DataMapNodeOfDataMapOfVertexInteger.hxx /dn43/OCCT/tmp/results_31.05.2011/occt/release-sources-20110531/inc/BRepMesh_DataMapNodeOfDataMapOfVertexInteger.hxx
+M BRepMesh:derivated:BRepMesh_DataMapNodeOfDataMapOfVertexInteger_0.cxx /dn43/OCCT/tmp/results_31.05.2011/occt/release-sources-20110531/drv/BRepMesh/BRepMesh_DataMapNodeOfDataMapOfVertexInteger_0.cxx
+M BRepMesh:pubinclude:BRepMesh_DataMapIteratorOfDataMapOfVertexInteger.hxx /dn43/OCCT/tmp/results_31.05.2011/occt/release-sources-20110531/inc/BRepMesh_DataMapIteratorOfDataMapOfVertexInteger.hxx
+M BRepMesh:derivated:BRepMesh_DataMapIteratorOfDataMapOfVertexInteger_0.cxx /dn43/OCCT/tmp/results_31.05.2011/occt/release-sources-20110531/drv/BRepMesh/BRepMesh_DataMapIteratorOfDataMapOfVertexInteger_0.cxx
+M BRepMesh:pubinclude:Handle_BRepMesh_ListNodeOfListOfVertex.hxx /dn43/OCCT/tmp/results_31.05.2011/occt/release-sources-20110531/inc/Handle_BRepMesh_ListNodeOfListOfVertex.hxx
+M BRepMesh:pubinclude:BRepMesh_ListNodeOfListOfVertex.hxx /dn43/OCCT/tmp/results_31.05.2011/occt/release-sources-20110531/inc/BRepMesh_ListNodeOfListOfVertex.hxx
+M BRepMesh:derivated:BRepMesh_ListNodeOfListOfVertex_0.cxx /dn43/OCCT/tmp/results_31.05.2011/occt/release-sources-20110531/drv/BRepMesh/BRepMesh_ListNodeOfListOfVertex_0.cxx
+M BRepMesh:pubinclude:BRepMesh_ListIteratorOfListOfVertex.hxx /dn43/OCCT/tmp/results_31.05.2011/occt/release-sources-20110531/inc/BRepMesh_ListIteratorOfListOfVertex.hxx
+M BRepMesh:derivated:BRepMesh_ListIteratorOfListOfVertex_0.cxx /dn43/OCCT/tmp/results_31.05.2011/occt/release-sources-20110531/drv/BRepMesh/BRepMesh_ListIteratorOfListOfVertex_0.cxx
+M BRepMesh:pubinclude:Handle_BRepMesh_ListNodeOfListOfXY.hxx /dn43/OCCT/tmp/results_31.05.2011/occt/release-sources-20110531/inc/Handle_BRepMesh_ListNodeOfListOfXY.hxx
+M BRepMesh:pubinclude:BRepMesh_ListNodeOfListOfXY.hxx /dn43/OCCT/tmp/results_31.05.2011/occt/release-sources-20110531/inc/BRepMesh_ListNodeOfListOfXY.hxx
+M BRepMesh:derivated:BRepMesh_ListNodeOfListOfXY_0.cxx /dn43/OCCT/tmp/results_31.05.2011/occt/release-sources-20110531/drv/BRepMesh/BRepMesh_ListNodeOfListOfXY_0.cxx
+M BRepMesh:pubinclude:BRepMesh_ListIteratorOfListOfXY.hxx /dn43/OCCT/tmp/results_31.05.2011/occt/release-sources-20110531/inc/BRepMesh_ListIteratorOfListOfXY.hxx
+M BRepMesh:derivated:BRepMesh_ListIteratorOfListOfXY_0.cxx /dn43/OCCT/tmp/results_31.05.2011/occt/release-sources-20110531/drv/BRepMesh/BRepMesh_ListIteratorOfListOfXY_0.cxx
+M BRepMesh:pubinclude:Handle_BRepMesh_DataMapNodeOfDataMapOfIntegerListOfXY.hxx /dn43/OCCT/tmp/results_31.05.2011/occt/release-sources-20110531/inc/Handle_BRepMesh_DataMapNodeOfDataMapOfIntegerListOfXY.hxx
+M BRepMesh:pubinclude:BRepMesh_DataMapNodeOfDataMapOfIntegerListOfXY.hxx /dn43/OCCT/tmp/results_31.05.2011/occt/release-sources-20110531/inc/BRepMesh_DataMapNodeOfDataMapOfIntegerListOfXY.hxx
+M BRepMesh:derivated:BRepMesh_DataMapNodeOfDataMapOfIntegerListOfXY_0.cxx /dn43/OCCT/tmp/results_31.05.2011/occt/release-sources-20110531/drv/BRepMesh/BRepMesh_DataMapNodeOfDataMapOfIntegerListOfXY_0.cxx
+M BRepMesh:pubinclude:BRepMesh_DataMapIteratorOfDataMapOfIntegerListOfXY.hxx /dn43/OCCT/tmp/results_31.05.2011/occt/release-sources-20110531/inc/BRepMesh_DataMapIteratorOfDataMapOfIntegerListOfXY.hxx
+M BRepMesh:derivated:BRepMesh_DataMapIteratorOfDataMapOfIntegerListOfXY_0.cxx /dn43/OCCT/tmp/results_31.05.2011/occt/release-sources-20110531/drv/BRepMesh/BRepMesh_DataMapIteratorOfDataMapOfIntegerListOfXY_0.cxx
+M BRepMesh:pubinclude:Handle_BRepMesh_IndexedMapNodeOfIndexedMapOfVertex.hxx /dn43/OCCT/tmp/results_31.05.2011/occt/release-sources-20110531/inc/Handle_BRepMesh_IndexedMapNodeOfIndexedMapOfVertex.hxx
+M BRepMesh:pubinclude:BRepMesh_IndexedMapNodeOfIndexedMapOfVertex.hxx /dn43/OCCT/tmp/results_31.05.2011/occt/release-sources-20110531/inc/BRepMesh_IndexedMapNodeOfIndexedMapOfVertex.hxx
+M BRepMesh:derivated:BRepMesh_IndexedMapNodeOfIndexedMapOfVertex_0.cxx /dn43/OCCT/tmp/results_31.05.2011/occt/release-sources-20110531/drv/BRepMesh/BRepMesh_IndexedMapNodeOfIndexedMapOfVertex_0.cxx
+M BRepMesh:pubinclude:Handle_BRepMesh_DataMapNodeOfDataMapOfShapeReal.hxx /dn43/OCCT/tmp/results_31.05.2011/occt/release-sources-20110531/inc/Handle_BRepMesh_DataMapNodeOfDataMapOfShapeReal.hxx
+M BRepMesh:pubinclude:BRepMesh_DataMapNodeOfDataMapOfShapeReal.hxx /dn43/OCCT/tmp/results_31.05.2011/occt/release-sources-20110531/inc/BRepMesh_DataMapNodeOfDataMapOfShapeReal.hxx
+M BRepMesh:derivated:BRepMesh_DataMapNodeOfDataMapOfShapeReal_0.cxx /dn43/OCCT/tmp/results_31.05.2011/occt/release-sources-20110531/drv/BRepMesh/BRepMesh_DataMapNodeOfDataMapOfShapeReal_0.cxx
+M BRepMesh:pubinclude:BRepMesh_DataMapIteratorOfDataMapOfShapeReal.hxx /dn43/OCCT/tmp/results_31.05.2011/occt/release-sources-20110531/inc/BRepMesh_DataMapIteratorOfDataMapOfShapeReal.hxx
+M BRepMesh:derivated:BRepMesh_DataMapIteratorOfDataMapOfShapeReal_0.cxx /dn43/OCCT/tmp/results_31.05.2011/occt/release-sources-20110531/drv/BRepMesh/BRepMesh_DataMapIteratorOfDataMapOfShapeReal_0.cxx
+M BRepMesh:pubinclude:Handle_BRepMesh_DataMapNodeOfDataMapOfFaceAttribute.hxx /dn43/OCCT/tmp/results_31.05.2011/occt/release-sources-20110531/inc/Handle_BRepMesh_DataMapNodeOfDataMapOfFaceAttribute.hxx
+M BRepMesh:pubinclude:BRepMesh_DataMapNodeOfDataMapOfFaceAttribute.hxx /dn43/OCCT/tmp/results_31.05.2011/occt/release-sources-20110531/inc/BRepMesh_DataMapNodeOfDataMapOfFaceAttribute.hxx
+M BRepMesh:derivated:BRepMesh_DataMapNodeOfDataMapOfFaceAttribute_0.cxx /dn43/OCCT/tmp/results_31.05.2011/occt/release-sources-20110531/drv/BRepMesh/BRepMesh_DataMapNodeOfDataMapOfFaceAttribute_0.cxx
+M BRepMesh:pubinclude:BRepMesh_DataMapIteratorOfDataMapOfFaceAttribute.hxx /dn43/OCCT/tmp/results_31.05.2011/occt/release-sources-20110531/inc/BRepMesh_DataMapIteratorOfDataMapOfFaceAttribute.hxx
+M BRepMesh:derivated:BRepMesh_DataMapIteratorOfDataMapOfFaceAttribute_0.cxx /dn43/OCCT/tmp/results_31.05.2011/occt/release-sources-20110531/drv/BRepMesh/BRepMesh_DataMapIteratorOfDataMapOfFaceAttribute_0.cxx
+M BRepMesh:pubinclude:Handle_BRepMesh_DataMapNodeOfDataMapOfIntegerPnt.hxx /dn43/OCCT/tmp/results_31.05.2011/occt/release-sources-20110531/inc/Handle_BRepMesh_DataMapNodeOfDataMapOfIntegerPnt.hxx
+M BRepMesh:pubinclude:BRepMesh_DataMapNodeOfDataMapOfIntegerPnt.hxx /dn43/OCCT/tmp/results_31.05.2011/occt/release-sources-20110531/inc/BRepMesh_DataMapNodeOfDataMapOfIntegerPnt.hxx
+M BRepMesh:derivated:BRepMesh_DataMapNodeOfDataMapOfIntegerPnt_0.cxx /dn43/OCCT/tmp/results_31.05.2011/occt/release-sources-20110531/drv/BRepMesh/BRepMesh_DataMapNodeOfDataMapOfIntegerPnt_0.cxx
+M BRepMesh:pubinclude:BRepMesh_DataMapIteratorOfDataMapOfIntegerPnt.hxx /dn43/OCCT/tmp/results_31.05.2011/occt/release-sources-20110531/inc/BRepMesh_DataMapIteratorOfDataMapOfIntegerPnt.hxx
+M BRepMesh:derivated:BRepMesh_DataMapIteratorOfDataMapOfIntegerPnt_0.cxx /dn43/OCCT/tmp/results_31.05.2011/occt/release-sources-20110531/drv/BRepMesh/BRepMesh_DataMapIteratorOfDataMapOfIntegerPnt_0.cxx
+M BRepMesh:pubinclude:Handle_BRepMesh_DataMapNodeOfDataMapOfShapePairOfPolygon.hxx /dn43/OCCT/tmp/results_31.05.2011/occt/release-sources-20110531/inc/Handle_BRepMesh_DataMapNodeOfDataMapOfShapePairOfPolygon.hxx
+M BRepMesh:pubinclude:BRepMesh_DataMapNodeOfDataMapOfShapePairOfPolygon.hxx /dn43/OCCT/tmp/results_31.05.2011/occt/release-sources-20110531/inc/BRepMesh_DataMapNodeOfDataMapOfShapePairOfPolygon.hxx
+M BRepMesh:derivated:BRepMesh_DataMapNodeOfDataMapOfShapePairOfPolygon_0.cxx /dn43/OCCT/tmp/results_31.05.2011/occt/release-sources-20110531/drv/BRepMesh/BRepMesh_DataMapNodeOfDataMapOfShapePairOfPolygon_0.cxx
+M BRepMesh:pubinclude:BRepMesh_DataMapIteratorOfDataMapOfShapePairOfPolygon.hxx /dn43/OCCT/tmp/results_31.05.2011/occt/release-sources-20110531/inc/BRepMesh_DataMapIteratorOfDataMapOfShapePairOfPolygon.hxx
+M BRepMesh:derivated:BRepMesh_DataMapIteratorOfDataMapOfShapePairOfPolygon_0.cxx /dn43/OCCT/tmp/results_31.05.2011/occt/release-sources-20110531/drv/BRepMesh/BRepMesh_DataMapIteratorOfDataMapOfShapePairOfPolygon_0.cxx
+M BRepMesh:pubinclude:BRepMesh_DegreeOfFreedom.hxx /dn43/OCCT/tmp/results_31.05.2011/occt/release-sources-20110531/inc/BRepMesh_DegreeOfFreedom.hxx
+M BRepMesh:pubinclude:BRepMesh_FactoryError.hxx /dn43/OCCT/tmp/results_31.05.2011/occt/release-sources-20110531/inc/BRepMesh_FactoryError.hxx
+M BRepMesh:pubinclude:BRepMesh_PDiscretRoot.hxx /dn43/OCCT/tmp/results_31.05.2011/occt/release-sources-20110531/inc/BRepMesh_PDiscretRoot.hxx
+M BRepMesh:dbadmfile:BRepMesh_xcpp_header.In /dn43/OCCT/tmp/results_31.05.2011/occt/release-sources-20110531/drv/BRepMesh/.adm/BRepMesh_xcpp_header.In
+M BRepMesh:dbadmfile:BRepMesh_xcpp_header.Out /dn43/OCCT/tmp/results_31.05.2011/occt/release-sources-20110531/drv/BRepMesh/.adm/BRepMesh_xcpp_header.Out
+M BRepMesh:dbadmfile:BRepMesh_xcpp_header.Dep /dn43/OCCT/tmp/results_31.05.2011/occt/release-sources-20110531/drv/BRepMesh/.adm/BRepMesh_xcpp_header.Dep
