+M RWStepDimTol:pubinclude:RWStepDimTol_RWAngularityTolerance.hxx /dn43/OCCT/tmp/results_31.05.2011/occt/release-sources-20110531/inc/RWStepDimTol_RWAngularityTolerance.hxx
+M RWStepDimTol:privinclude:RWStepDimTol_RWAngularityTolerance.jxx /dn43/OCCT/tmp/results_31.05.2011/occt/release-sources-20110531/drv/RWStepDimTol/RWStepDimTol_RWAngularityTolerance.jxx
+M RWStepDimTol:privinclude:RWStepDimTol_RWAngularityTolerance.ixx /dn43/OCCT/tmp/results_31.05.2011/occt/release-sources-20110531/drv/RWStepDimTol/RWStepDimTol_RWAngularityTolerance.ixx
+M RWStepDimTol:pubinclude:RWStepDimTol_RWCircularRunoutTolerance.hxx /dn43/OCCT/tmp/results_31.05.2011/occt/release-sources-20110531/inc/RWStepDimTol_RWCircularRunoutTolerance.hxx
+M RWStepDimTol:privinclude:RWStepDimTol_RWCircularRunoutTolerance.jxx /dn43/OCCT/tmp/results_31.05.2011/occt/release-sources-20110531/drv/RWStepDimTol/RWStepDimTol_RWCircularRunoutTolerance.jxx
+M RWStepDimTol:privinclude:RWStepDimTol_RWCircularRunoutTolerance.ixx /dn43/OCCT/tmp/results_31.05.2011/occt/release-sources-20110531/drv/RWStepDimTol/RWStepDimTol_RWCircularRunoutTolerance.ixx
+M RWStepDimTol:pubinclude:RWStepDimTol_RWConcentricityTolerance.hxx /dn43/OCCT/tmp/results_31.05.2011/occt/release-sources-20110531/inc/RWStepDimTol_RWConcentricityTolerance.hxx
+M RWStepDimTol:privinclude:RWStepDimTol_RWConcentricityTolerance.jxx /dn43/OCCT/tmp/results_31.05.2011/occt/release-sources-20110531/drv/RWStepDimTol/RWStepDimTol_RWConcentricityTolerance.jxx
+M RWStepDimTol:privinclude:RWStepDimTol_RWConcentricityTolerance.ixx /dn43/OCCT/tmp/results_31.05.2011/occt/release-sources-20110531/drv/RWStepDimTol/RWStepDimTol_RWConcentricityTolerance.ixx
+M RWStepDimTol:pubinclude:RWStepDimTol_RWCylindricityTolerance.hxx /dn43/OCCT/tmp/results_31.05.2011/occt/release-sources-20110531/inc/RWStepDimTol_RWCylindricityTolerance.hxx
+M RWStepDimTol:privinclude:RWStepDimTol_RWCylindricityTolerance.jxx /dn43/OCCT/tmp/results_31.05.2011/occt/release-sources-20110531/drv/RWStepDimTol/RWStepDimTol_RWCylindricityTolerance.jxx
+M RWStepDimTol:privinclude:RWStepDimTol_RWCylindricityTolerance.ixx /dn43/OCCT/tmp/results_31.05.2011/occt/release-sources-20110531/drv/RWStepDimTol/RWStepDimTol_RWCylindricityTolerance.ixx
+M RWStepDimTol:pubinclude:RWStepDimTol_RWCoaxialityTolerance.hxx /dn43/OCCT/tmp/results_31.05.2011/occt/release-sources-20110531/inc/RWStepDimTol_RWCoaxialityTolerance.hxx
+M RWStepDimTol:privinclude:RWStepDimTol_RWCoaxialityTolerance.jxx /dn43/OCCT/tmp/results_31.05.2011/occt/release-sources-20110531/drv/RWStepDimTol/RWStepDimTol_RWCoaxialityTolerance.jxx
+M RWStepDimTol:privinclude:RWStepDimTol_RWCoaxialityTolerance.ixx /dn43/OCCT/tmp/results_31.05.2011/occt/release-sources-20110531/drv/RWStepDimTol/RWStepDimTol_RWCoaxialityTolerance.ixx
+M RWStepDimTol:pubinclude:RWStepDimTol_RWFlatnessTolerance.hxx /dn43/OCCT/tmp/results_31.05.2011/occt/release-sources-20110531/inc/RWStepDimTol_RWFlatnessTolerance.hxx
+M RWStepDimTol:privinclude:RWStepDimTol_RWFlatnessTolerance.jxx /dn43/OCCT/tmp/results_31.05.2011/occt/release-sources-20110531/drv/RWStepDimTol/RWStepDimTol_RWFlatnessTolerance.jxx
+M RWStepDimTol:privinclude:RWStepDimTol_RWFlatnessTolerance.ixx /dn43/OCCT/tmp/results_31.05.2011/occt/release-sources-20110531/drv/RWStepDimTol/RWStepDimTol_RWFlatnessTolerance.ixx
+M RWStepDimTol:pubinclude:RWStepDimTol_RWLineProfileTolerance.hxx /dn43/OCCT/tmp/results_31.05.2011/occt/release-sources-20110531/inc/RWStepDimTol_RWLineProfileTolerance.hxx
+M RWStepDimTol:privinclude:RWStepDimTol_RWLineProfileTolerance.jxx /dn43/OCCT/tmp/results_31.05.2011/occt/release-sources-20110531/drv/RWStepDimTol/RWStepDimTol_RWLineProfileTolerance.jxx
+M RWStepDimTol:privinclude:RWStepDimTol_RWLineProfileTolerance.ixx /dn43/OCCT/tmp/results_31.05.2011/occt/release-sources-20110531/drv/RWStepDimTol/RWStepDimTol_RWLineProfileTolerance.ixx
+M RWStepDimTol:pubinclude:RWStepDimTol_RWParallelismTolerance.hxx /dn43/OCCT/tmp/results_31.05.2011/occt/release-sources-20110531/inc/RWStepDimTol_RWParallelismTolerance.hxx
+M RWStepDimTol:privinclude:RWStepDimTol_RWParallelismTolerance.jxx /dn43/OCCT/tmp/results_31.05.2011/occt/release-sources-20110531/drv/RWStepDimTol/RWStepDimTol_RWParallelismTolerance.jxx
+M RWStepDimTol:privinclude:RWStepDimTol_RWParallelismTolerance.ixx /dn43/OCCT/tmp/results_31.05.2011/occt/release-sources-20110531/drv/RWStepDimTol/RWStepDimTol_RWParallelismTolerance.ixx
+M RWStepDimTol:pubinclude:RWStepDimTol_RWPerpendicularityTolerance.hxx /dn43/OCCT/tmp/results_31.05.2011/occt/release-sources-20110531/inc/RWStepDimTol_RWPerpendicularityTolerance.hxx
+M RWStepDimTol:privinclude:RWStepDimTol_RWPerpendicularityTolerance.jxx /dn43/OCCT/tmp/results_31.05.2011/occt/release-sources-20110531/drv/RWStepDimTol/RWStepDimTol_RWPerpendicularityTolerance.jxx
+M RWStepDimTol:privinclude:RWStepDimTol_RWPerpendicularityTolerance.ixx /dn43/OCCT/tmp/results_31.05.2011/occt/release-sources-20110531/drv/RWStepDimTol/RWStepDimTol_RWPerpendicularityTolerance.ixx
+M RWStepDimTol:pubinclude:RWStepDimTol_RWPositionTolerance.hxx /dn43/OCCT/tmp/results_31.05.2011/occt/release-sources-20110531/inc/RWStepDimTol_RWPositionTolerance.hxx
+M RWStepDimTol:privinclude:RWStepDimTol_RWPositionTolerance.jxx /dn43/OCCT/tmp/results_31.05.2011/occt/release-sources-20110531/drv/RWStepDimTol/RWStepDimTol_RWPositionTolerance.jxx
+M RWStepDimTol:privinclude:RWStepDimTol_RWPositionTolerance.ixx /dn43/OCCT/tmp/results_31.05.2011/occt/release-sources-20110531/drv/RWStepDimTol/RWStepDimTol_RWPositionTolerance.ixx
+M RWStepDimTol:pubinclude:RWStepDimTol_RWRoundnessTolerance.hxx /dn43/OCCT/tmp/results_31.05.2011/occt/release-sources-20110531/inc/RWStepDimTol_RWRoundnessTolerance.hxx
+M RWStepDimTol:privinclude:RWStepDimTol_RWRoundnessTolerance.jxx /dn43/OCCT/tmp/results_31.05.2011/occt/release-sources-20110531/drv/RWStepDimTol/RWStepDimTol_RWRoundnessTolerance.jxx
+M RWStepDimTol:privinclude:RWStepDimTol_RWRoundnessTolerance.ixx /dn43/OCCT/tmp/results_31.05.2011/occt/release-sources-20110531/drv/RWStepDimTol/RWStepDimTol_RWRoundnessTolerance.ixx
+M RWStepDimTol:pubinclude:RWStepDimTol_RWStraightnessTolerance.hxx /dn43/OCCT/tmp/results_31.05.2011/occt/release-sources-20110531/inc/RWStepDimTol_RWStraightnessTolerance.hxx
+M RWStepDimTol:privinclude:RWStepDimTol_RWStraightnessTolerance.jxx /dn43/OCCT/tmp/results_31.05.2011/occt/release-sources-20110531/drv/RWStepDimTol/RWStepDimTol_RWStraightnessTolerance.jxx
+M RWStepDimTol:privinclude:RWStepDimTol_RWStraightnessTolerance.ixx /dn43/OCCT/tmp/results_31.05.2011/occt/release-sources-20110531/drv/RWStepDimTol/RWStepDimTol_RWStraightnessTolerance.ixx
+M RWStepDimTol:pubinclude:RWStepDimTol_RWSurfaceProfileTolerance.hxx /dn43/OCCT/tmp/results_31.05.2011/occt/release-sources-20110531/inc/RWStepDimTol_RWSurfaceProfileTolerance.hxx
+M RWStepDimTol:privinclude:RWStepDimTol_RWSurfaceProfileTolerance.jxx /dn43/OCCT/tmp/results_31.05.2011/occt/release-sources-20110531/drv/RWStepDimTol/RWStepDimTol_RWSurfaceProfileTolerance.jxx
+M RWStepDimTol:privinclude:RWStepDimTol_RWSurfaceProfileTolerance.ixx /dn43/OCCT/tmp/results_31.05.2011/occt/release-sources-20110531/drv/RWStepDimTol/RWStepDimTol_RWSurfaceProfileTolerance.ixx
+M RWStepDimTol:pubinclude:RWStepDimTol_RWSymmetryTolerance.hxx /dn43/OCCT/tmp/results_31.05.2011/occt/release-sources-20110531/inc/RWStepDimTol_RWSymmetryTolerance.hxx
+M RWStepDimTol:privinclude:RWStepDimTol_RWSymmetryTolerance.jxx /dn43/OCCT/tmp/results_31.05.2011/occt/release-sources-20110531/drv/RWStepDimTol/RWStepDimTol_RWSymmetryTolerance.jxx
+M RWStepDimTol:privinclude:RWStepDimTol_RWSymmetryTolerance.ixx /dn43/OCCT/tmp/results_31.05.2011/occt/release-sources-20110531/drv/RWStepDimTol/RWStepDimTol_RWSymmetryTolerance.ixx
+M RWStepDimTol:pubinclude:RWStepDimTol_RWTotalRunoutTolerance.hxx /dn43/OCCT/tmp/results_31.05.2011/occt/release-sources-20110531/inc/RWStepDimTol_RWTotalRunoutTolerance.hxx
+M RWStepDimTol:privinclude:RWStepDimTol_RWTotalRunoutTolerance.jxx /dn43/OCCT/tmp/results_31.05.2011/occt/release-sources-20110531/drv/RWStepDimTol/RWStepDimTol_RWTotalRunoutTolerance.jxx
+M RWStepDimTol:privinclude:RWStepDimTol_RWTotalRunoutTolerance.ixx /dn43/OCCT/tmp/results_31.05.2011/occt/release-sources-20110531/drv/RWStepDimTol/RWStepDimTol_RWTotalRunoutTolerance.ixx
+M RWStepDimTol:pubinclude:RWStepDimTol_RWGeometricTolerance.hxx /dn43/OCCT/tmp/results_31.05.2011/occt/release-sources-20110531/inc/RWStepDimTol_RWGeometricTolerance.hxx
+M RWStepDimTol:privinclude:RWStepDimTol_RWGeometricTolerance.jxx /dn43/OCCT/tmp/results_31.05.2011/occt/release-sources-20110531/drv/RWStepDimTol/RWStepDimTol_RWGeometricTolerance.jxx
+M RWStepDimTol:privinclude:RWStepDimTol_RWGeometricTolerance.ixx /dn43/OCCT/tmp/results_31.05.2011/occt/release-sources-20110531/drv/RWStepDimTol/RWStepDimTol_RWGeometricTolerance.ixx
+M RWStepDimTol:pubinclude:RWStepDimTol_RWGeometricToleranceRelationship.hxx /dn43/OCCT/tmp/results_31.05.2011/occt/release-sources-20110531/inc/RWStepDimTol_RWGeometricToleranceRelationship.hxx
+M RWStepDimTol:privinclude:RWStepDimTol_RWGeometricToleranceRelationship.jxx /dn43/OCCT/tmp/results_31.05.2011/occt/release-sources-20110531/drv/RWStepDimTol/RWStepDimTol_RWGeometricToleranceRelationship.jxx
+M RWStepDimTol:privinclude:RWStepDimTol_RWGeometricToleranceRelationship.ixx /dn43/OCCT/tmp/results_31.05.2011/occt/release-sources-20110531/drv/RWStepDimTol/RWStepDimTol_RWGeometricToleranceRelationship.ixx
+M RWStepDimTol:pubinclude:RWStepDimTol_RWGeometricToleranceWithDatumReference.hxx /dn43/OCCT/tmp/results_31.05.2011/occt/release-sources-20110531/inc/RWStepDimTol_RWGeometricToleranceWithDatumReference.hxx
+M RWStepDimTol:privinclude:RWStepDimTol_RWGeometricToleranceWithDatumReference.jxx /dn43/OCCT/tmp/results_31.05.2011/occt/release-sources-20110531/drv/RWStepDimTol/RWStepDimTol_RWGeometricToleranceWithDatumReference.jxx
+M RWStepDimTol:privinclude:RWStepDimTol_RWGeometricToleranceWithDatumReference.ixx /dn43/OCCT/tmp/results_31.05.2011/occt/release-sources-20110531/drv/RWStepDimTol/RWStepDimTol_RWGeometricToleranceWithDatumReference.ixx
+M RWStepDimTol:pubinclude:RWStepDimTol_RWModifiedGeometricTolerance.hxx /dn43/OCCT/tmp/results_31.05.2011/occt/release-sources-20110531/inc/RWStepDimTol_RWModifiedGeometricTolerance.hxx
+M RWStepDimTol:privinclude:RWStepDimTol_RWModifiedGeometricTolerance.jxx /dn43/OCCT/tmp/results_31.05.2011/occt/release-sources-20110531/drv/RWStepDimTol/RWStepDimTol_RWModifiedGeometricTolerance.jxx
+M RWStepDimTol:privinclude:RWStepDimTol_RWModifiedGeometricTolerance.ixx /dn43/OCCT/tmp/results_31.05.2011/occt/release-sources-20110531/drv/RWStepDimTol/RWStepDimTol_RWModifiedGeometricTolerance.ixx
+M RWStepDimTol:pubinclude:RWStepDimTol_RWDatum.hxx /dn43/OCCT/tmp/results_31.05.2011/occt/release-sources-20110531/inc/RWStepDimTol_RWDatum.hxx
+M RWStepDimTol:privinclude:RWStepDimTol_RWDatum.jxx /dn43/OCCT/tmp/results_31.05.2011/occt/release-sources-20110531/drv/RWStepDimTol/RWStepDimTol_RWDatum.jxx
+M RWStepDimTol:privinclude:RWStepDimTol_RWDatum.ixx /dn43/OCCT/tmp/results_31.05.2011/occt/release-sources-20110531/drv/RWStepDimTol/RWStepDimTol_RWDatum.ixx
+M RWStepDimTol:pubinclude:RWStepDimTol_RWDatumFeature.hxx /dn43/OCCT/tmp/results_31.05.2011/occt/release-sources-20110531/inc/RWStepDimTol_RWDatumFeature.hxx
+M RWStepDimTol:privinclude:RWStepDimTol_RWDatumFeature.jxx /dn43/OCCT/tmp/results_31.05.2011/occt/release-sources-20110531/drv/RWStepDimTol/RWStepDimTol_RWDatumFeature.jxx
+M RWStepDimTol:privinclude:RWStepDimTol_RWDatumFeature.ixx /dn43/OCCT/tmp/results_31.05.2011/occt/release-sources-20110531/drv/RWStepDimTol/RWStepDimTol_RWDatumFeature.ixx
+M RWStepDimTol:pubinclude:RWStepDimTol_RWDatumReference.hxx /dn43/OCCT/tmp/results_31.05.2011/occt/release-sources-20110531/inc/RWStepDimTol_RWDatumReference.hxx
+M RWStepDimTol:privinclude:RWStepDimTol_RWDatumReference.jxx /dn43/OCCT/tmp/results_31.05.2011/occt/release-sources-20110531/drv/RWStepDimTol/RWStepDimTol_RWDatumReference.jxx
+M RWStepDimTol:privinclude:RWStepDimTol_RWDatumReference.ixx /dn43/OCCT/tmp/results_31.05.2011/occt/release-sources-20110531/drv/RWStepDimTol/RWStepDimTol_RWDatumReference.ixx
+M RWStepDimTol:pubinclude:RWStepDimTol_RWCommonDatum.hxx /dn43/OCCT/tmp/results_31.05.2011/occt/release-sources-20110531/inc/RWStepDimTol_RWCommonDatum.hxx
+M RWStepDimTol:privinclude:RWStepDimTol_RWCommonDatum.jxx /dn43/OCCT/tmp/results_31.05.2011/occt/release-sources-20110531/drv/RWStepDimTol/RWStepDimTol_RWCommonDatum.jxx
+M RWStepDimTol:privinclude:RWStepDimTol_RWCommonDatum.ixx /dn43/OCCT/tmp/results_31.05.2011/occt/release-sources-20110531/drv/RWStepDimTol/RWStepDimTol_RWCommonDatum.ixx
+M RWStepDimTol:pubinclude:RWStepDimTol_RWDatumTarget.hxx /dn43/OCCT/tmp/results_31.05.2011/occt/release-sources-20110531/inc/RWStepDimTol_RWDatumTarget.hxx
+M RWStepDimTol:privinclude:RWStepDimTol_RWDatumTarget.jxx /dn43/OCCT/tmp/results_31.05.2011/occt/release-sources-20110531/drv/RWStepDimTol/RWStepDimTol_RWDatumTarget.jxx
+M RWStepDimTol:privinclude:RWStepDimTol_RWDatumTarget.ixx /dn43/OCCT/tmp/results_31.05.2011/occt/release-sources-20110531/drv/RWStepDimTol/RWStepDimTol_RWDatumTarget.ixx
+M RWStepDimTol:pubinclude:RWStepDimTol_RWPlacedDatumTargetFeature.hxx /dn43/OCCT/tmp/results_31.05.2011/occt/release-sources-20110531/inc/RWStepDimTol_RWPlacedDatumTargetFeature.hxx
+M RWStepDimTol:privinclude:RWStepDimTol_RWPlacedDatumTargetFeature.jxx /dn43/OCCT/tmp/results_31.05.2011/occt/release-sources-20110531/drv/RWStepDimTol/RWStepDimTol_RWPlacedDatumTargetFeature.jxx
+M RWStepDimTol:privinclude:RWStepDimTol_RWPlacedDatumTargetFeature.ixx /dn43/OCCT/tmp/results_31.05.2011/occt/release-sources-20110531/drv/RWStepDimTol/RWStepDimTol_RWPlacedDatumTargetFeature.ixx
+M RWStepDimTol:pubinclude:RWStepDimTol_RWGeoTolAndGeoTolWthDatRefAndModGeoTolAndPosTol.hxx /dn43/OCCT/tmp/results_31.05.2011/occt/release-sources-20110531/inc/RWStepDimTol_RWGeoTolAndGeoTolWthDatRefAndModGeoTolAndPosTol.hxx
+M RWStepDimTol:privinclude:RWStepDimTol_RWGeoTolAndGeoTolWthDatRefAndModGeoTolAndPosTol.jxx /dn43/OCCT/tmp/results_31.05.2011/occt/release-sources-20110531/drv/RWStepDimTol/RWStepDimTol_RWGeoTolAndGeoTolWthDatRefAndModGeoTolAndPosTol.jxx
+M RWStepDimTol:privinclude:RWStepDimTol_RWGeoTolAndGeoTolWthDatRefAndModGeoTolAndPosTol.ixx /dn43/OCCT/tmp/results_31.05.2011/occt/release-sources-20110531/drv/RWStepDimTol/RWStepDimTol_RWGeoTolAndGeoTolWthDatRefAndModGeoTolAndPosTol.ixx
+M RWStepDimTol:dbadmfile:RWStepDimTol_xcpp_header.In /dn43/OCCT/tmp/results_31.05.2011/occt/release-sources-20110531/drv/RWStepDimTol/.adm/RWStepDimTol_xcpp_header.In
+M RWStepDimTol:dbadmfile:RWStepDimTol_xcpp_header.Out /dn43/OCCT/tmp/results_31.05.2011/occt/release-sources-20110531/drv/RWStepDimTol/.adm/RWStepDimTol_xcpp_header.Out
+M RWStepDimTol:dbadmfile:RWStepDimTol_xcpp_header.Dep /dn43/OCCT/tmp/results_31.05.2011/occt/release-sources-20110531/drv/RWStepDimTol/.adm/RWStepDimTol_xcpp_header.Dep
