+M Storage:pubinclude:Storage.hxx /dn43/OCCT/tmp/results_31.05.2011/occt/release-sources-20110531/inc/Storage.hxx
+M Storage:privinclude:Storage.jxx /dn43/OCCT/tmp/results_31.05.2011/occt/release-sources-20110531/drv/Storage/Storage.jxx
+M Storage:privinclude:Storage.ixx /dn43/OCCT/tmp/results_31.05.2011/occt/release-sources-20110531/drv/Storage/Storage.ixx
+M Storage:pubinclude:Storage_BaseDriver.hxx /dn43/OCCT/tmp/results_31.05.2011/occt/release-sources-20110531/inc/Storage_BaseDriver.hxx
+M Storage:privinclude:Storage_BaseDriver.jxx /dn43/OCCT/tmp/results_31.05.2011/occt/release-sources-20110531/drv/Storage/Storage_BaseDriver.jxx
+M Storage:privinclude:Storage_BaseDriver.ixx /dn43/OCCT/tmp/results_31.05.2011/occt/release-sources-20110531/drv/Storage/Storage_BaseDriver.ixx
+M Storage:pubinclude:Handle_Storage_CallBack.hxx /dn43/OCCT/tmp/results_31.05.2011/occt/release-sources-20110531/inc/Handle_Storage_CallBack.hxx
+M Storage:pubinclude:Storage_CallBack.hxx /dn43/OCCT/tmp/results_31.05.2011/occt/release-sources-20110531/inc/Storage_CallBack.hxx
+M Storage:privinclude:Storage_CallBack.jxx /dn43/OCCT/tmp/results_31.05.2011/occt/release-sources-20110531/drv/Storage/Storage_CallBack.jxx
+M Storage:privinclude:Storage_CallBack.ixx /dn43/OCCT/tmp/results_31.05.2011/occt/release-sources-20110531/drv/Storage/Storage_CallBack.ixx
+M Storage:pubinclude:Handle_Storage_DefaultCallBack.hxx /dn43/OCCT/tmp/results_31.05.2011/occt/release-sources-20110531/inc/Handle_Storage_DefaultCallBack.hxx
+M Storage:pubinclude:Storage_DefaultCallBack.hxx /dn43/OCCT/tmp/results_31.05.2011/occt/release-sources-20110531/inc/Storage_DefaultCallBack.hxx
+M Storage:privinclude:Storage_DefaultCallBack.jxx /dn43/OCCT/tmp/results_31.05.2011/occt/release-sources-20110531/drv/Storage/Storage_DefaultCallBack.jxx
+M Storage:privinclude:Storage_DefaultCallBack.ixx /dn43/OCCT/tmp/results_31.05.2011/occt/release-sources-20110531/drv/Storage/Storage_DefaultCallBack.ixx
+M Storage:pubinclude:Handle_Storage_HeaderData.hxx /dn43/OCCT/tmp/results_31.05.2011/occt/release-sources-20110531/inc/Handle_Storage_HeaderData.hxx
+M Storage:pubinclude:Storage_HeaderData.hxx /dn43/OCCT/tmp/results_31.05.2011/occt/release-sources-20110531/inc/Storage_HeaderData.hxx
+M Storage:privinclude:Storage_HeaderData.jxx /dn43/OCCT/tmp/results_31.05.2011/occt/release-sources-20110531/drv/Storage/Storage_HeaderData.jxx
+M Storage:privinclude:Storage_HeaderData.ixx /dn43/OCCT/tmp/results_31.05.2011/occt/release-sources-20110531/drv/Storage/Storage_HeaderData.ixx
+M Storage:pubinclude:Handle_Storage_Data.hxx /dn43/OCCT/tmp/results_31.05.2011/occt/release-sources-20110531/inc/Handle_Storage_Data.hxx
+M Storage:pubinclude:Storage_Data.hxx /dn43/OCCT/tmp/results_31.05.2011/occt/release-sources-20110531/inc/Storage_Data.hxx
+M Storage:privinclude:Storage_Data.jxx /dn43/OCCT/tmp/results_31.05.2011/occt/release-sources-20110531/drv/Storage/Storage_Data.jxx
+M Storage:privinclude:Storage_Data.ixx /dn43/OCCT/tmp/results_31.05.2011/occt/release-sources-20110531/drv/Storage/Storage_Data.ixx
+M Storage:pubinclude:Handle_Storage_TypeData.hxx /dn43/OCCT/tmp/results_31.05.2011/occt/release-sources-20110531/inc/Handle_Storage_TypeData.hxx
+M Storage:pubinclude:Storage_TypeData.hxx /dn43/OCCT/tmp/results_31.05.2011/occt/release-sources-20110531/inc/Storage_TypeData.hxx
+M Storage:privinclude:Storage_TypeData.jxx /dn43/OCCT/tmp/results_31.05.2011/occt/release-sources-20110531/drv/Storage/Storage_TypeData.jxx
+M Storage:privinclude:Storage_TypeData.ixx /dn43/OCCT/tmp/results_31.05.2011/occt/release-sources-20110531/drv/Storage/Storage_TypeData.ixx
+M Storage:pubinclude:Handle_Storage_RootData.hxx /dn43/OCCT/tmp/results_31.05.2011/occt/release-sources-20110531/inc/Handle_Storage_RootData.hxx
+M Storage:pubinclude:Storage_RootData.hxx /dn43/OCCT/tmp/results_31.05.2011/occt/release-sources-20110531/inc/Storage_RootData.hxx
+M Storage:privinclude:Storage_RootData.jxx /dn43/OCCT/tmp/results_31.05.2011/occt/release-sources-20110531/drv/Storage/Storage_RootData.jxx
+M Storage:privinclude:Storage_RootData.ixx /dn43/OCCT/tmp/results_31.05.2011/occt/release-sources-20110531/drv/Storage/Storage_RootData.ixx
+M Storage:pubinclude:Handle_Storage_Root.hxx /dn43/OCCT/tmp/results_31.05.2011/occt/release-sources-20110531/inc/Handle_Storage_Root.hxx
+M Storage:pubinclude:Storage_Root.hxx /dn43/OCCT/tmp/results_31.05.2011/occt/release-sources-20110531/inc/Storage_Root.hxx
+M Storage:privinclude:Storage_Root.jxx /dn43/OCCT/tmp/results_31.05.2011/occt/release-sources-20110531/drv/Storage/Storage_Root.jxx
+M Storage:privinclude:Storage_Root.ixx /dn43/OCCT/tmp/results_31.05.2011/occt/release-sources-20110531/drv/Storage/Storage_Root.ixx
+M Storage:pubinclude:Handle_Storage_Schema.hxx /dn43/OCCT/tmp/results_31.05.2011/occt/release-sources-20110531/inc/Handle_Storage_Schema.hxx
+M Storage:pubinclude:Storage_Schema.hxx /dn43/OCCT/tmp/results_31.05.2011/occt/release-sources-20110531/inc/Storage_Schema.hxx
+M Storage:privinclude:Storage_Schema.jxx /dn43/OCCT/tmp/results_31.05.2011/occt/release-sources-20110531/drv/Storage/Storage_Schema.jxx
+M Storage:privinclude:Storage_Schema.ixx /dn43/OCCT/tmp/results_31.05.2011/occt/release-sources-20110531/drv/Storage/Storage_Schema.ixx
+M Storage:pubinclude:Storage_SeqOfRoot.hxx /dn43/OCCT/tmp/results_31.05.2011/occt/release-sources-20110531/inc/Storage_SeqOfRoot.hxx
+M Storage:derivated:Storage_SeqOfRoot_0.cxx /dn43/OCCT/tmp/results_31.05.2011/occt/release-sources-20110531/drv/Storage/Storage_SeqOfRoot_0.cxx
+M Storage:pubinclude:Handle_Storage_HSeqOfRoot.hxx /dn43/OCCT/tmp/results_31.05.2011/occt/release-sources-20110531/inc/Handle_Storage_HSeqOfRoot.hxx
+M Storage:pubinclude:Storage_HSeqOfRoot.hxx /dn43/OCCT/tmp/results_31.05.2011/occt/release-sources-20110531/inc/Storage_HSeqOfRoot.hxx
+M Storage:derivated:Storage_HSeqOfRoot_0.cxx /dn43/OCCT/tmp/results_31.05.2011/occt/release-sources-20110531/drv/Storage/Storage_HSeqOfRoot_0.cxx
+M Storage:pubinclude:Handle_Storage_InternalData.hxx /dn43/OCCT/tmp/results_31.05.2011/occt/release-sources-20110531/inc/Handle_Storage_InternalData.hxx
+M Storage:pubinclude:Storage_InternalData.hxx /dn43/OCCT/tmp/results_31.05.2011/occt/release-sources-20110531/inc/Storage_InternalData.hxx
+M Storage:privinclude:Storage_InternalData.jxx /dn43/OCCT/tmp/results_31.05.2011/occt/release-sources-20110531/drv/Storage/Storage_InternalData.jxx
+M Storage:privinclude:Storage_InternalData.ixx /dn43/OCCT/tmp/results_31.05.2011/occt/release-sources-20110531/drv/Storage/Storage_InternalData.ixx
+M Storage:pubinclude:Storage_stCONSTclCOM.hxx /dn43/OCCT/tmp/results_31.05.2011/occt/release-sources-20110531/inc/Storage_stCONSTclCOM.hxx
+M Storage:privinclude:Storage_stCONSTclCOM.jxx /dn43/OCCT/tmp/results_31.05.2011/occt/release-sources-20110531/drv/Storage/Storage_stCONSTclCOM.jxx
+M Storage:privinclude:Storage_stCONSTclCOM.ixx /dn43/OCCT/tmp/results_31.05.2011/occt/release-sources-20110531/drv/Storage/Storage_stCONSTclCOM.ixx
+M Storage:pubinclude:Handle_Storage_TypedCallBack.hxx /dn43/OCCT/tmp/results_31.05.2011/occt/release-sources-20110531/inc/Handle_Storage_TypedCallBack.hxx
+M Storage:pubinclude:Storage_TypedCallBack.hxx /dn43/OCCT/tmp/results_31.05.2011/occt/release-sources-20110531/inc/Storage_TypedCallBack.hxx
+M Storage:privinclude:Storage_TypedCallBack.jxx /dn43/OCCT/tmp/results_31.05.2011/occt/release-sources-20110531/drv/Storage/Storage_TypedCallBack.jxx
+M Storage:privinclude:Storage_TypedCallBack.ixx /dn43/OCCT/tmp/results_31.05.2011/occt/release-sources-20110531/drv/Storage/Storage_TypedCallBack.ixx
+M Storage:pubinclude:Storage_SeqOfPersistent.hxx /dn43/OCCT/tmp/results_31.05.2011/occt/release-sources-20110531/inc/Storage_SeqOfPersistent.hxx
+M Storage:derivated:Storage_SeqOfPersistent_0.cxx /dn43/OCCT/tmp/results_31.05.2011/occt/release-sources-20110531/drv/Storage/Storage_SeqOfPersistent_0.cxx
+M Storage:pubinclude:Handle_Storage_HSeqOfPersistent.hxx /dn43/OCCT/tmp/results_31.05.2011/occt/release-sources-20110531/inc/Handle_Storage_HSeqOfPersistent.hxx
+M Storage:pubinclude:Storage_HSeqOfPersistent.hxx /dn43/OCCT/tmp/results_31.05.2011/occt/release-sources-20110531/inc/Storage_HSeqOfPersistent.hxx
+M Storage:derivated:Storage_HSeqOfPersistent_0.cxx /dn43/OCCT/tmp/results_31.05.2011/occt/release-sources-20110531/drv/Storage/Storage_HSeqOfPersistent_0.cxx
+M Storage:pubinclude:Storage_MapPSDHasher.hxx /dn43/OCCT/tmp/results_31.05.2011/occt/release-sources-20110531/inc/Storage_MapPSDHasher.hxx
+M Storage:derivated:Storage_MapPSDHasher_0.cxx /dn43/OCCT/tmp/results_31.05.2011/occt/release-sources-20110531/drv/Storage/Storage_MapPSDHasher_0.cxx
+M Storage:pubinclude:Storage_PType.hxx /dn43/OCCT/tmp/results_31.05.2011/occt/release-sources-20110531/inc/Storage_PType.hxx
+M Storage:derivated:Storage_PType_0.cxx /dn43/OCCT/tmp/results_31.05.2011/occt/release-sources-20110531/drv/Storage/Storage_PType_0.cxx
+M Storage:pubinclude:Storage_MapOfPers.hxx /dn43/OCCT/tmp/results_31.05.2011/occt/release-sources-20110531/inc/Storage_MapOfPers.hxx
+M Storage:derivated:Storage_MapOfPers_0.cxx /dn43/OCCT/tmp/results_31.05.2011/occt/release-sources-20110531/drv/Storage/Storage_MapOfPers_0.cxx
+M Storage:pubinclude:Storage_MapOfCallBack.hxx /dn43/OCCT/tmp/results_31.05.2011/occt/release-sources-20110531/inc/Storage_MapOfCallBack.hxx
+M Storage:derivated:Storage_MapOfCallBack_0.cxx /dn43/OCCT/tmp/results_31.05.2011/occt/release-sources-20110531/drv/Storage/Storage_MapOfCallBack_0.cxx
+M Storage:pubinclude:Storage_ArrayOfCallBack.hxx /dn43/OCCT/tmp/results_31.05.2011/occt/release-sources-20110531/inc/Storage_ArrayOfCallBack.hxx
+M Storage:derivated:Storage_ArrayOfCallBack_0.cxx /dn43/OCCT/tmp/results_31.05.2011/occt/release-sources-20110531/drv/Storage/Storage_ArrayOfCallBack_0.cxx
+M Storage:pubinclude:Handle_Storage_HArrayOfCallBack.hxx /dn43/OCCT/tmp/results_31.05.2011/occt/release-sources-20110531/inc/Handle_Storage_HArrayOfCallBack.hxx
+M Storage:pubinclude:Storage_HArrayOfCallBack.hxx /dn43/OCCT/tmp/results_31.05.2011/occt/release-sources-20110531/inc/Storage_HArrayOfCallBack.hxx
+M Storage:derivated:Storage_HArrayOfCallBack_0.cxx /dn43/OCCT/tmp/results_31.05.2011/occt/release-sources-20110531/drv/Storage/Storage_HArrayOfCallBack_0.cxx
+M Storage:pubinclude:Storage_ArrayOfSchema.hxx /dn43/OCCT/tmp/results_31.05.2011/occt/release-sources-20110531/inc/Storage_ArrayOfSchema.hxx
+M Storage:derivated:Storage_ArrayOfSchema_0.cxx /dn43/OCCT/tmp/results_31.05.2011/occt/release-sources-20110531/drv/Storage/Storage_ArrayOfSchema_0.cxx
+M Storage:pubinclude:Handle_Storage_HArrayOfSchema.hxx /dn43/OCCT/tmp/results_31.05.2011/occt/release-sources-20110531/inc/Handle_Storage_HArrayOfSchema.hxx
+M Storage:pubinclude:Storage_HArrayOfSchema.hxx /dn43/OCCT/tmp/results_31.05.2011/occt/release-sources-20110531/inc/Storage_HArrayOfSchema.hxx
+M Storage:derivated:Storage_HArrayOfSchema_0.cxx /dn43/OCCT/tmp/results_31.05.2011/occt/release-sources-20110531/drv/Storage/Storage_HArrayOfSchema_0.cxx
+M Storage:pubinclude:Storage_SeqOfCallBack.hxx /dn43/OCCT/tmp/results_31.05.2011/occt/release-sources-20110531/inc/Storage_SeqOfCallBack.hxx
+M Storage:derivated:Storage_SeqOfCallBack_0.cxx /dn43/OCCT/tmp/results_31.05.2011/occt/release-sources-20110531/drv/Storage/Storage_SeqOfCallBack_0.cxx
+M Storage:pubinclude:Handle_Storage_HSeqOfCallBack.hxx /dn43/OCCT/tmp/results_31.05.2011/occt/release-sources-20110531/inc/Handle_Storage_HSeqOfCallBack.hxx
+M Storage:pubinclude:Storage_HSeqOfCallBack.hxx /dn43/OCCT/tmp/results_31.05.2011/occt/release-sources-20110531/inc/Storage_HSeqOfCallBack.hxx
+M Storage:derivated:Storage_HSeqOfCallBack_0.cxx /dn43/OCCT/tmp/results_31.05.2011/occt/release-sources-20110531/drv/Storage/Storage_HSeqOfCallBack_0.cxx
+M Storage:pubinclude:Storage_PArray.hxx /dn43/OCCT/tmp/results_31.05.2011/occt/release-sources-20110531/inc/Storage_PArray.hxx
+M Storage:derivated:Storage_PArray_0.cxx /dn43/OCCT/tmp/results_31.05.2011/occt/release-sources-20110531/drv/Storage/Storage_PArray_0.cxx
+M Storage:pubinclude:Handle_Storage_HPArray.hxx /dn43/OCCT/tmp/results_31.05.2011/occt/release-sources-20110531/inc/Handle_Storage_HPArray.hxx
+M Storage:pubinclude:Storage_HPArray.hxx /dn43/OCCT/tmp/results_31.05.2011/occt/release-sources-20110531/inc/Storage_HPArray.hxx
+M Storage:derivated:Storage_HPArray_0.cxx /dn43/OCCT/tmp/results_31.05.2011/occt/release-sources-20110531/drv/Storage/Storage_HPArray_0.cxx
+M Storage:pubinclude:Handle_Storage_SequenceNodeOfSeqOfRoot.hxx /dn43/OCCT/tmp/results_31.05.2011/occt/release-sources-20110531/inc/Handle_Storage_SequenceNodeOfSeqOfRoot.hxx
+M Storage:pubinclude:Storage_SequenceNodeOfSeqOfRoot.hxx /dn43/OCCT/tmp/results_31.05.2011/occt/release-sources-20110531/inc/Storage_SequenceNodeOfSeqOfRoot.hxx
+M Storage:derivated:Storage_SequenceNodeOfSeqOfRoot_0.cxx /dn43/OCCT/tmp/results_31.05.2011/occt/release-sources-20110531/drv/Storage/Storage_SequenceNodeOfSeqOfRoot_0.cxx
+M Storage:pubinclude:Handle_Storage_SequenceNodeOfSeqOfPersistent.hxx /dn43/OCCT/tmp/results_31.05.2011/occt/release-sources-20110531/inc/Handle_Storage_SequenceNodeOfSeqOfPersistent.hxx
+M Storage:pubinclude:Storage_SequenceNodeOfSeqOfPersistent.hxx /dn43/OCCT/tmp/results_31.05.2011/occt/release-sources-20110531/inc/Storage_SequenceNodeOfSeqOfPersistent.hxx
+M Storage:derivated:Storage_SequenceNodeOfSeqOfPersistent_0.cxx /dn43/OCCT/tmp/results_31.05.2011/occt/release-sources-20110531/drv/Storage/Storage_SequenceNodeOfSeqOfPersistent_0.cxx
+M Storage:pubinclude:Handle_Storage_IndexedDataMapNodeOfPType.hxx /dn43/OCCT/tmp/results_31.05.2011/occt/release-sources-20110531/inc/Handle_Storage_IndexedDataMapNodeOfPType.hxx
+M Storage:pubinclude:Storage_IndexedDataMapNodeOfPType.hxx /dn43/OCCT/tmp/results_31.05.2011/occt/release-sources-20110531/inc/Storage_IndexedDataMapNodeOfPType.hxx
+M Storage:derivated:Storage_IndexedDataMapNodeOfPType_0.cxx /dn43/OCCT/tmp/results_31.05.2011/occt/release-sources-20110531/drv/Storage/Storage_IndexedDataMapNodeOfPType_0.cxx
+M Storage:pubinclude:Handle_Storage_DataMapNodeOfMapOfPers.hxx /dn43/OCCT/tmp/results_31.05.2011/occt/release-sources-20110531/inc/Handle_Storage_DataMapNodeOfMapOfPers.hxx
+M Storage:pubinclude:Storage_DataMapNodeOfMapOfPers.hxx /dn43/OCCT/tmp/results_31.05.2011/occt/release-sources-20110531/inc/Storage_DataMapNodeOfMapOfPers.hxx
+M Storage:derivated:Storage_DataMapNodeOfMapOfPers_0.cxx /dn43/OCCT/tmp/results_31.05.2011/occt/release-sources-20110531/drv/Storage/Storage_DataMapNodeOfMapOfPers_0.cxx
+M Storage:pubinclude:Storage_DataMapIteratorOfMapOfPers.hxx /dn43/OCCT/tmp/results_31.05.2011/occt/release-sources-20110531/inc/Storage_DataMapIteratorOfMapOfPers.hxx
+M Storage:derivated:Storage_DataMapIteratorOfMapOfPers_0.cxx /dn43/OCCT/tmp/results_31.05.2011/occt/release-sources-20110531/drv/Storage/Storage_DataMapIteratorOfMapOfPers_0.cxx
+M Storage:pubinclude:Handle_Storage_DataMapNodeOfMapOfCallBack.hxx /dn43/OCCT/tmp/results_31.05.2011/occt/release-sources-20110531/inc/Handle_Storage_DataMapNodeOfMapOfCallBack.hxx
+M Storage:pubinclude:Storage_DataMapNodeOfMapOfCallBack.hxx /dn43/OCCT/tmp/results_31.05.2011/occt/release-sources-20110531/inc/Storage_DataMapNodeOfMapOfCallBack.hxx
+M Storage:derivated:Storage_DataMapNodeOfMapOfCallBack_0.cxx /dn43/OCCT/tmp/results_31.05.2011/occt/release-sources-20110531/drv/Storage/Storage_DataMapNodeOfMapOfCallBack_0.cxx
+M Storage:pubinclude:Storage_DataMapIteratorOfMapOfCallBack.hxx /dn43/OCCT/tmp/results_31.05.2011/occt/release-sources-20110531/inc/Storage_DataMapIteratorOfMapOfCallBack.hxx
+M Storage:derivated:Storage_DataMapIteratorOfMapOfCallBack_0.cxx /dn43/OCCT/tmp/results_31.05.2011/occt/release-sources-20110531/drv/Storage/Storage_DataMapIteratorOfMapOfCallBack_0.cxx
+M Storage:pubinclude:Handle_Storage_SequenceNodeOfSeqOfCallBack.hxx /dn43/OCCT/tmp/results_31.05.2011/occt/release-sources-20110531/inc/Handle_Storage_SequenceNodeOfSeqOfCallBack.hxx
+M Storage:pubinclude:Storage_SequenceNodeOfSeqOfCallBack.hxx /dn43/OCCT/tmp/results_31.05.2011/occt/release-sources-20110531/inc/Storage_SequenceNodeOfSeqOfCallBack.hxx
+M Storage:derivated:Storage_SequenceNodeOfSeqOfCallBack_0.cxx /dn43/OCCT/tmp/results_31.05.2011/occt/release-sources-20110531/drv/Storage/Storage_SequenceNodeOfSeqOfCallBack_0.cxx
+M Storage:pubinclude:Handle_Storage_StreamModeError.hxx /dn43/OCCT/tmp/results_31.05.2011/occt/release-sources-20110531/inc/Handle_Storage_StreamModeError.hxx
+M Storage:pubinclude:Storage_StreamModeError.hxx /dn43/OCCT/tmp/results_31.05.2011/occt/release-sources-20110531/inc/Storage_StreamModeError.hxx
+M Storage:derivated:Storage_StreamModeError_0.cxx /dn43/OCCT/tmp/results_31.05.2011/occt/release-sources-20110531/drv/Storage/Storage_StreamModeError_0.cxx
+M Storage:pubinclude:Handle_Storage_StreamFormatError.hxx /dn43/OCCT/tmp/results_31.05.2011/occt/release-sources-20110531/inc/Handle_Storage_StreamFormatError.hxx
+M Storage:pubinclude:Storage_StreamFormatError.hxx /dn43/OCCT/tmp/results_31.05.2011/occt/release-sources-20110531/inc/Storage_StreamFormatError.hxx
+M Storage:derivated:Storage_StreamFormatError_0.cxx /dn43/OCCT/tmp/results_31.05.2011/occt/release-sources-20110531/drv/Storage/Storage_StreamFormatError_0.cxx
+M Storage:pubinclude:Handle_Storage_StreamWriteError.hxx /dn43/OCCT/tmp/results_31.05.2011/occt/release-sources-20110531/inc/Handle_Storage_StreamWriteError.hxx
+M Storage:pubinclude:Storage_StreamWriteError.hxx /dn43/OCCT/tmp/results_31.05.2011/occt/release-sources-20110531/inc/Storage_StreamWriteError.hxx
+M Storage:derivated:Storage_StreamWriteError_0.cxx /dn43/OCCT/tmp/results_31.05.2011/occt/release-sources-20110531/drv/Storage/Storage_StreamWriteError_0.cxx
+M Storage:pubinclude:Handle_Storage_StreamReadError.hxx /dn43/OCCT/tmp/results_31.05.2011/occt/release-sources-20110531/inc/Handle_Storage_StreamReadError.hxx
+M Storage:pubinclude:Storage_StreamReadError.hxx /dn43/OCCT/tmp/results_31.05.2011/occt/release-sources-20110531/inc/Storage_StreamReadError.hxx
+M Storage:derivated:Storage_StreamReadError_0.cxx /dn43/OCCT/tmp/results_31.05.2011/occt/release-sources-20110531/drv/Storage/Storage_StreamReadError_0.cxx
+M Storage:pubinclude:Handle_Storage_StreamUnknownTypeError.hxx /dn43/OCCT/tmp/results_31.05.2011/occt/release-sources-20110531/inc/Handle_Storage_StreamUnknownTypeError.hxx
+M Storage:pubinclude:Storage_StreamUnknownTypeError.hxx /dn43/OCCT/tmp/results_31.05.2011/occt/release-sources-20110531/inc/Storage_StreamUnknownTypeError.hxx
+M Storage:derivated:Storage_StreamUnknownTypeError_0.cxx /dn43/OCCT/tmp/results_31.05.2011/occt/release-sources-20110531/drv/Storage/Storage_StreamUnknownTypeError_0.cxx
+M Storage:pubinclude:Handle_Storage_StreamTypeMismatchError.hxx /dn43/OCCT/tmp/results_31.05.2011/occt/release-sources-20110531/inc/Handle_Storage_StreamTypeMismatchError.hxx
+M Storage:pubinclude:Storage_StreamTypeMismatchError.hxx /dn43/OCCT/tmp/results_31.05.2011/occt/release-sources-20110531/inc/Storage_StreamTypeMismatchError.hxx
+M Storage:derivated:Storage_StreamTypeMismatchError_0.cxx /dn43/OCCT/tmp/results_31.05.2011/occt/release-sources-20110531/drv/Storage/Storage_StreamTypeMismatchError_0.cxx
+M Storage:pubinclude:Handle_Storage_StreamExtCharParityError.hxx /dn43/OCCT/tmp/results_31.05.2011/occt/release-sources-20110531/inc/Handle_Storage_StreamExtCharParityError.hxx
+M Storage:pubinclude:Storage_StreamExtCharParityError.hxx /dn43/OCCT/tmp/results_31.05.2011/occt/release-sources-20110531/inc/Storage_StreamExtCharParityError.hxx
+M Storage:derivated:Storage_StreamExtCharParityError_0.cxx /dn43/OCCT/tmp/results_31.05.2011/occt/release-sources-20110531/drv/Storage/Storage_StreamExtCharParityError_0.cxx
+M Storage:pubinclude:Storage_Error.hxx /dn43/OCCT/tmp/results_31.05.2011/occt/release-sources-20110531/inc/Storage_Error.hxx
+M Storage:pubinclude:Storage_OpenMode.hxx /dn43/OCCT/tmp/results_31.05.2011/occt/release-sources-20110531/inc/Storage_OpenMode.hxx
+M Storage:pubinclude:Storage_SolveMode.hxx /dn43/OCCT/tmp/results_31.05.2011/occt/release-sources-20110531/inc/Storage_SolveMode.hxx
+M Storage:dbadmfile:Storage_xcpp_header.In /dn43/OCCT/tmp/results_31.05.2011/occt/release-sources-20110531/drv/Storage/.adm/Storage_xcpp_header.In
+M Storage:dbadmfile:Storage_xcpp_header.Out /dn43/OCCT/tmp/results_31.05.2011/occt/release-sources-20110531/drv/Storage/.adm/Storage_xcpp_header.Out
+M Storage:dbadmfile:Storage_xcpp_header.Dep /dn43/OCCT/tmp/results_31.05.2011/occt/release-sources-20110531/drv/Storage/.adm/Storage_xcpp_header.Dep
