+M TopLoc:pubinclude:Handle_TopLoc_Datum3D.hxx /dn43/OCCT/tmp/results_31.05.2011/occt/release-sources-20110531/inc/Handle_TopLoc_Datum3D.hxx
+M TopLoc:pubinclude:TopLoc_Datum3D.hxx /dn43/OCCT/tmp/results_31.05.2011/occt/release-sources-20110531/inc/TopLoc_Datum3D.hxx
+M TopLoc:privinclude:TopLoc_Datum3D.jxx /dn43/OCCT/tmp/results_31.05.2011/occt/release-sources-20110531/drv/TopLoc/TopLoc_Datum3D.jxx
+M TopLoc:privinclude:TopLoc_Datum3D.ixx /dn43/OCCT/tmp/results_31.05.2011/occt/release-sources-20110531/drv/TopLoc/TopLoc_Datum3D.ixx
+M TopLoc:pubinclude:TopLoc_ItemLocation.hxx /dn43/OCCT/tmp/results_31.05.2011/occt/release-sources-20110531/inc/TopLoc_ItemLocation.hxx
+M TopLoc:privinclude:TopLoc_ItemLocation.jxx /dn43/OCCT/tmp/results_31.05.2011/occt/release-sources-20110531/drv/TopLoc/TopLoc_ItemLocation.jxx
+M TopLoc:privinclude:TopLoc_ItemLocation.ixx /dn43/OCCT/tmp/results_31.05.2011/occt/release-sources-20110531/drv/TopLoc/TopLoc_ItemLocation.ixx
+M TopLoc:pubinclude:TopLoc_SListOfItemLocation.hxx /dn43/OCCT/tmp/results_31.05.2011/occt/release-sources-20110531/inc/TopLoc_SListOfItemLocation.hxx
+M TopLoc:derivated:TopLoc_SListOfItemLocation_0.cxx /dn43/OCCT/tmp/results_31.05.2011/occt/release-sources-20110531/drv/TopLoc/TopLoc_SListOfItemLocation_0.cxx
+M TopLoc:pubinclude:TopLoc_Location.hxx /dn43/OCCT/tmp/results_31.05.2011/occt/release-sources-20110531/inc/TopLoc_Location.hxx
+M TopLoc:privinclude:TopLoc_Location.jxx /dn43/OCCT/tmp/results_31.05.2011/occt/release-sources-20110531/drv/TopLoc/TopLoc_Location.jxx
+M TopLoc:privinclude:TopLoc_Location.ixx /dn43/OCCT/tmp/results_31.05.2011/occt/release-sources-20110531/drv/TopLoc/TopLoc_Location.ixx
+M TopLoc:pubinclude:TopLoc_MapLocationHasher.hxx /dn43/OCCT/tmp/results_31.05.2011/occt/release-sources-20110531/inc/TopLoc_MapLocationHasher.hxx
+M TopLoc:derivated:TopLoc_MapLocationHasher_0.cxx /dn43/OCCT/tmp/results_31.05.2011/occt/release-sources-20110531/drv/TopLoc/TopLoc_MapLocationHasher_0.cxx
+M TopLoc:pubinclude:TopLoc_MapOfLocation.hxx /dn43/OCCT/tmp/results_31.05.2011/occt/release-sources-20110531/inc/TopLoc_MapOfLocation.hxx
+M TopLoc:derivated:TopLoc_MapOfLocation_0.cxx /dn43/OCCT/tmp/results_31.05.2011/occt/release-sources-20110531/drv/TopLoc/TopLoc_MapOfLocation_0.cxx
+M TopLoc:pubinclude:TopLoc_IndexedMapOfLocation.hxx /dn43/OCCT/tmp/results_31.05.2011/occt/release-sources-20110531/inc/TopLoc_IndexedMapOfLocation.hxx
+M TopLoc:derivated:TopLoc_IndexedMapOfLocation_0.cxx /dn43/OCCT/tmp/results_31.05.2011/occt/release-sources-20110531/drv/TopLoc/TopLoc_IndexedMapOfLocation_0.cxx
+M TopLoc:pubinclude:Handle_TopLoc_SListNodeOfSListOfItemLocation.hxx /dn43/OCCT/tmp/results_31.05.2011/occt/release-sources-20110531/inc/Handle_TopLoc_SListNodeOfSListOfItemLocation.hxx
+M TopLoc:pubinclude:TopLoc_SListNodeOfSListOfItemLocation.hxx /dn43/OCCT/tmp/results_31.05.2011/occt/release-sources-20110531/inc/TopLoc_SListNodeOfSListOfItemLocation.hxx
+M TopLoc:derivated:TopLoc_SListNodeOfSListOfItemLocation_0.cxx /dn43/OCCT/tmp/results_31.05.2011/occt/release-sources-20110531/drv/TopLoc/TopLoc_SListNodeOfSListOfItemLocation_0.cxx
+M TopLoc:pubinclude:Handle_TopLoc_StdMapNodeOfMapOfLocation.hxx /dn43/OCCT/tmp/results_31.05.2011/occt/release-sources-20110531/inc/Handle_TopLoc_StdMapNodeOfMapOfLocation.hxx
+M TopLoc:pubinclude:TopLoc_StdMapNodeOfMapOfLocation.hxx /dn43/OCCT/tmp/results_31.05.2011/occt/release-sources-20110531/inc/TopLoc_StdMapNodeOfMapOfLocation.hxx
+M TopLoc:derivated:TopLoc_StdMapNodeOfMapOfLocation_0.cxx /dn43/OCCT/tmp/results_31.05.2011/occt/release-sources-20110531/drv/TopLoc/TopLoc_StdMapNodeOfMapOfLocation_0.cxx
+M TopLoc:pubinclude:TopLoc_MapIteratorOfMapOfLocation.hxx /dn43/OCCT/tmp/results_31.05.2011/occt/release-sources-20110531/inc/TopLoc_MapIteratorOfMapOfLocation.hxx
+M TopLoc:derivated:TopLoc_MapIteratorOfMapOfLocation_0.cxx /dn43/OCCT/tmp/results_31.05.2011/occt/release-sources-20110531/drv/TopLoc/TopLoc_MapIteratorOfMapOfLocation_0.cxx
+M TopLoc:pubinclude:Handle_TopLoc_IndexedMapNodeOfIndexedMapOfLocation.hxx /dn43/OCCT/tmp/results_31.05.2011/occt/release-sources-20110531/inc/Handle_TopLoc_IndexedMapNodeOfIndexedMapOfLocation.hxx
+M TopLoc:pubinclude:TopLoc_IndexedMapNodeOfIndexedMapOfLocation.hxx /dn43/OCCT/tmp/results_31.05.2011/occt/release-sources-20110531/inc/TopLoc_IndexedMapNodeOfIndexedMapOfLocation.hxx
+M TopLoc:derivated:TopLoc_IndexedMapNodeOfIndexedMapOfLocation_0.cxx /dn43/OCCT/tmp/results_31.05.2011/occt/release-sources-20110531/drv/TopLoc/TopLoc_IndexedMapNodeOfIndexedMapOfLocation_0.cxx
+M TopLoc:pubinclude:TopLoc_TrsfPtr.hxx /dn43/OCCT/tmp/results_31.05.2011/occt/release-sources-20110531/inc/TopLoc_TrsfPtr.hxx
+M TopLoc:dbadmfile:TopLoc_xcpp_header.In /dn43/OCCT/tmp/results_31.05.2011/occt/release-sources-20110531/drv/TopLoc/.adm/TopLoc_xcpp_header.In
+M TopLoc:dbadmfile:TopLoc_xcpp_header.Out /dn43/OCCT/tmp/results_31.05.2011/occt/release-sources-20110531/drv/TopLoc/.adm/TopLoc_xcpp_header.Out
+M TopLoc:dbadmfile:TopLoc_xcpp_header.Dep /dn43/OCCT/tmp/results_31.05.2011/occt/release-sources-20110531/drv/TopLoc/.adm/TopLoc_xcpp_header.Dep
