+M gp:pubinclude:gp.hxx /dn43/OCCT/tmp/results_31.05.2011/occt/release-sources-20110531/inc/gp.hxx
+M gp:privinclude:gp.jxx /dn43/OCCT/tmp/results_31.05.2011/occt/release-sources-20110531/drv/gp/gp.jxx
+M gp:privinclude:gp.ixx /dn43/OCCT/tmp/results_31.05.2011/occt/release-sources-20110531/drv/gp/gp.ixx
+M gp:pubinclude:gp_XYZ.hxx /dn43/OCCT/tmp/results_31.05.2011/occt/release-sources-20110531/inc/gp_XYZ.hxx
+M gp:privinclude:gp_XYZ.jxx /dn43/OCCT/tmp/results_31.05.2011/occt/release-sources-20110531/drv/gp/gp_XYZ.jxx
+M gp:privinclude:gp_XYZ.ixx /dn43/OCCT/tmp/results_31.05.2011/occt/release-sources-20110531/drv/gp/gp_XYZ.ixx
+M gp:pubinclude:gp_Mat.hxx /dn43/OCCT/tmp/results_31.05.2011/occt/release-sources-20110531/inc/gp_Mat.hxx
+M gp:privinclude:gp_Mat.jxx /dn43/OCCT/tmp/results_31.05.2011/occt/release-sources-20110531/drv/gp/gp_Mat.jxx
+M gp:privinclude:gp_Mat.ixx /dn43/OCCT/tmp/results_31.05.2011/occt/release-sources-20110531/drv/gp/gp_Mat.ixx
+M gp:pubinclude:gp_Quaternion.hxx /dn43/OCCT/tmp/results_31.05.2011/occt/release-sources-20110531/inc/gp_Quaternion.hxx
+M gp:privinclude:gp_Quaternion.jxx /dn43/OCCT/tmp/results_31.05.2011/occt/release-sources-20110531/drv/gp/gp_Quaternion.jxx
+M gp:privinclude:gp_Quaternion.ixx /dn43/OCCT/tmp/results_31.05.2011/occt/release-sources-20110531/drv/gp/gp_Quaternion.ixx
+M gp:pubinclude:gp_Trsf.hxx /dn43/OCCT/tmp/results_31.05.2011/occt/release-sources-20110531/inc/gp_Trsf.hxx
+M gp:privinclude:gp_Trsf.jxx /dn43/OCCT/tmp/results_31.05.2011/occt/release-sources-20110531/drv/gp/gp_Trsf.jxx
+M gp:privinclude:gp_Trsf.ixx /dn43/OCCT/tmp/results_31.05.2011/occt/release-sources-20110531/drv/gp/gp_Trsf.ixx
+M gp:pubinclude:gp_GTrsf.hxx /dn43/OCCT/tmp/results_31.05.2011/occt/release-sources-20110531/inc/gp_GTrsf.hxx
+M gp:privinclude:gp_GTrsf.jxx /dn43/OCCT/tmp/results_31.05.2011/occt/release-sources-20110531/drv/gp/gp_GTrsf.jxx
+M gp:privinclude:gp_GTrsf.ixx /dn43/OCCT/tmp/results_31.05.2011/occt/release-sources-20110531/drv/gp/gp_GTrsf.ixx
+M gp:pubinclude:gp_Pnt.hxx /dn43/OCCT/tmp/results_31.05.2011/occt/release-sources-20110531/inc/gp_Pnt.hxx
+M gp:privinclude:gp_Pnt.jxx /dn43/OCCT/tmp/results_31.05.2011/occt/release-sources-20110531/drv/gp/gp_Pnt.jxx
+M gp:privinclude:gp_Pnt.ixx /dn43/OCCT/tmp/results_31.05.2011/occt/release-sources-20110531/drv/gp/gp_Pnt.ixx
+M gp:pubinclude:gp_Vec.hxx /dn43/OCCT/tmp/results_31.05.2011/occt/release-sources-20110531/inc/gp_Vec.hxx
+M gp:privinclude:gp_Vec.jxx /dn43/OCCT/tmp/results_31.05.2011/occt/release-sources-20110531/drv/gp/gp_Vec.jxx
+M gp:privinclude:gp_Vec.ixx /dn43/OCCT/tmp/results_31.05.2011/occt/release-sources-20110531/drv/gp/gp_Vec.ixx
+M gp:pubinclude:gp_Dir.hxx /dn43/OCCT/tmp/results_31.05.2011/occt/release-sources-20110531/inc/gp_Dir.hxx
+M gp:privinclude:gp_Dir.jxx /dn43/OCCT/tmp/results_31.05.2011/occt/release-sources-20110531/drv/gp/gp_Dir.jxx
+M gp:privinclude:gp_Dir.ixx /dn43/OCCT/tmp/results_31.05.2011/occt/release-sources-20110531/drv/gp/gp_Dir.ixx
+M gp:pubinclude:gp_Ax1.hxx /dn43/OCCT/tmp/results_31.05.2011/occt/release-sources-20110531/inc/gp_Ax1.hxx
+M gp:privinclude:gp_Ax1.jxx /dn43/OCCT/tmp/results_31.05.2011/occt/release-sources-20110531/drv/gp/gp_Ax1.jxx
+M gp:privinclude:gp_Ax1.ixx /dn43/OCCT/tmp/results_31.05.2011/occt/release-sources-20110531/drv/gp/gp_Ax1.ixx
+M gp:pubinclude:gp_Ax2.hxx /dn43/OCCT/tmp/results_31.05.2011/occt/release-sources-20110531/inc/gp_Ax2.hxx
+M gp:privinclude:gp_Ax2.jxx /dn43/OCCT/tmp/results_31.05.2011/occt/release-sources-20110531/drv/gp/gp_Ax2.jxx
+M gp:privinclude:gp_Ax2.ixx /dn43/OCCT/tmp/results_31.05.2011/occt/release-sources-20110531/drv/gp/gp_Ax2.ixx
+M gp:pubinclude:gp_Ax3.hxx /dn43/OCCT/tmp/results_31.05.2011/occt/release-sources-20110531/inc/gp_Ax3.hxx
+M gp:privinclude:gp_Ax3.jxx /dn43/OCCT/tmp/results_31.05.2011/occt/release-sources-20110531/drv/gp/gp_Ax3.jxx
+M gp:privinclude:gp_Ax3.ixx /dn43/OCCT/tmp/results_31.05.2011/occt/release-sources-20110531/drv/gp/gp_Ax3.ixx
+M gp:pubinclude:gp_Lin.hxx /dn43/OCCT/tmp/results_31.05.2011/occt/release-sources-20110531/inc/gp_Lin.hxx
+M gp:privinclude:gp_Lin.jxx /dn43/OCCT/tmp/results_31.05.2011/occt/release-sources-20110531/drv/gp/gp_Lin.jxx
+M gp:privinclude:gp_Lin.ixx /dn43/OCCT/tmp/results_31.05.2011/occt/release-sources-20110531/drv/gp/gp_Lin.ixx
+M gp:pubinclude:gp_Circ.hxx /dn43/OCCT/tmp/results_31.05.2011/occt/release-sources-20110531/inc/gp_Circ.hxx
+M gp:privinclude:gp_Circ.jxx /dn43/OCCT/tmp/results_31.05.2011/occt/release-sources-20110531/drv/gp/gp_Circ.jxx
+M gp:privinclude:gp_Circ.ixx /dn43/OCCT/tmp/results_31.05.2011/occt/release-sources-20110531/drv/gp/gp_Circ.ixx
+M gp:pubinclude:gp_Elips.hxx /dn43/OCCT/tmp/results_31.05.2011/occt/release-sources-20110531/inc/gp_Elips.hxx
+M gp:privinclude:gp_Elips.jxx /dn43/OCCT/tmp/results_31.05.2011/occt/release-sources-20110531/drv/gp/gp_Elips.jxx
+M gp:privinclude:gp_Elips.ixx /dn43/OCCT/tmp/results_31.05.2011/occt/release-sources-20110531/drv/gp/gp_Elips.ixx
+M gp:pubinclude:gp_Hypr.hxx /dn43/OCCT/tmp/results_31.05.2011/occt/release-sources-20110531/inc/gp_Hypr.hxx
+M gp:privinclude:gp_Hypr.jxx /dn43/OCCT/tmp/results_31.05.2011/occt/release-sources-20110531/drv/gp/gp_Hypr.jxx
+M gp:privinclude:gp_Hypr.ixx /dn43/OCCT/tmp/results_31.05.2011/occt/release-sources-20110531/drv/gp/gp_Hypr.ixx
+M gp:pubinclude:gp_Parab.hxx /dn43/OCCT/tmp/results_31.05.2011/occt/release-sources-20110531/inc/gp_Parab.hxx
+M gp:privinclude:gp_Parab.jxx /dn43/OCCT/tmp/results_31.05.2011/occt/release-sources-20110531/drv/gp/gp_Parab.jxx
+M gp:privinclude:gp_Parab.ixx /dn43/OCCT/tmp/results_31.05.2011/occt/release-sources-20110531/drv/gp/gp_Parab.ixx
+M gp:pubinclude:gp_Pln.hxx /dn43/OCCT/tmp/results_31.05.2011/occt/release-sources-20110531/inc/gp_Pln.hxx
+M gp:privinclude:gp_Pln.jxx /dn43/OCCT/tmp/results_31.05.2011/occt/release-sources-20110531/drv/gp/gp_Pln.jxx
+M gp:privinclude:gp_Pln.ixx /dn43/OCCT/tmp/results_31.05.2011/occt/release-sources-20110531/drv/gp/gp_Pln.ixx
+M gp:pubinclude:gp_Cylinder.hxx /dn43/OCCT/tmp/results_31.05.2011/occt/release-sources-20110531/inc/gp_Cylinder.hxx
+M gp:privinclude:gp_Cylinder.jxx /dn43/OCCT/tmp/results_31.05.2011/occt/release-sources-20110531/drv/gp/gp_Cylinder.jxx
+M gp:privinclude:gp_Cylinder.ixx /dn43/OCCT/tmp/results_31.05.2011/occt/release-sources-20110531/drv/gp/gp_Cylinder.ixx
+M gp:pubinclude:gp_Sphere.hxx /dn43/OCCT/tmp/results_31.05.2011/occt/release-sources-20110531/inc/gp_Sphere.hxx
+M gp:privinclude:gp_Sphere.jxx /dn43/OCCT/tmp/results_31.05.2011/occt/release-sources-20110531/drv/gp/gp_Sphere.jxx
+M gp:privinclude:gp_Sphere.ixx /dn43/OCCT/tmp/results_31.05.2011/occt/release-sources-20110531/drv/gp/gp_Sphere.ixx
+M gp:pubinclude:gp_Torus.hxx /dn43/OCCT/tmp/results_31.05.2011/occt/release-sources-20110531/inc/gp_Torus.hxx
+M gp:privinclude:gp_Torus.jxx /dn43/OCCT/tmp/results_31.05.2011/occt/release-sources-20110531/drv/gp/gp_Torus.jxx
+M gp:privinclude:gp_Torus.ixx /dn43/OCCT/tmp/results_31.05.2011/occt/release-sources-20110531/drv/gp/gp_Torus.ixx
+M gp:pubinclude:gp_Cone.hxx /dn43/OCCT/tmp/results_31.05.2011/occt/release-sources-20110531/inc/gp_Cone.hxx
+M gp:privinclude:gp_Cone.jxx /dn43/OCCT/tmp/results_31.05.2011/occt/release-sources-20110531/drv/gp/gp_Cone.jxx
+M gp:privinclude:gp_Cone.ixx /dn43/OCCT/tmp/results_31.05.2011/occt/release-sources-20110531/drv/gp/gp_Cone.ixx
+M gp:pubinclude:gp_XY.hxx /dn43/OCCT/tmp/results_31.05.2011/occt/release-sources-20110531/inc/gp_XY.hxx
+M gp:privinclude:gp_XY.jxx /dn43/OCCT/tmp/results_31.05.2011/occt/release-sources-20110531/drv/gp/gp_XY.jxx
+M gp:privinclude:gp_XY.ixx /dn43/OCCT/tmp/results_31.05.2011/occt/release-sources-20110531/drv/gp/gp_XY.ixx
+M gp:pubinclude:gp_Mat2d.hxx /dn43/OCCT/tmp/results_31.05.2011/occt/release-sources-20110531/inc/gp_Mat2d.hxx
+M gp:privinclude:gp_Mat2d.jxx /dn43/OCCT/tmp/results_31.05.2011/occt/release-sources-20110531/drv/gp/gp_Mat2d.jxx
+M gp:privinclude:gp_Mat2d.ixx /dn43/OCCT/tmp/results_31.05.2011/occt/release-sources-20110531/drv/gp/gp_Mat2d.ixx
+M gp:pubinclude:gp_Trsf2d.hxx /dn43/OCCT/tmp/results_31.05.2011/occt/release-sources-20110531/inc/gp_Trsf2d.hxx
+M gp:privinclude:gp_Trsf2d.jxx /dn43/OCCT/tmp/results_31.05.2011/occt/release-sources-20110531/drv/gp/gp_Trsf2d.jxx
+M gp:privinclude:gp_Trsf2d.ixx /dn43/OCCT/tmp/results_31.05.2011/occt/release-sources-20110531/drv/gp/gp_Trsf2d.ixx
+M gp:pubinclude:gp_GTrsf2d.hxx /dn43/OCCT/tmp/results_31.05.2011/occt/release-sources-20110531/inc/gp_GTrsf2d.hxx
+M gp:privinclude:gp_GTrsf2d.jxx /dn43/OCCT/tmp/results_31.05.2011/occt/release-sources-20110531/drv/gp/gp_GTrsf2d.jxx
+M gp:privinclude:gp_GTrsf2d.ixx /dn43/OCCT/tmp/results_31.05.2011/occt/release-sources-20110531/drv/gp/gp_GTrsf2d.ixx
+M gp:pubinclude:gp_Pnt2d.hxx /dn43/OCCT/tmp/results_31.05.2011/occt/release-sources-20110531/inc/gp_Pnt2d.hxx
+M gp:privinclude:gp_Pnt2d.jxx /dn43/OCCT/tmp/results_31.05.2011/occt/release-sources-20110531/drv/gp/gp_Pnt2d.jxx
+M gp:privinclude:gp_Pnt2d.ixx /dn43/OCCT/tmp/results_31.05.2011/occt/release-sources-20110531/drv/gp/gp_Pnt2d.ixx
+M gp:pubinclude:gp_Vec2d.hxx /dn43/OCCT/tmp/results_31.05.2011/occt/release-sources-20110531/inc/gp_Vec2d.hxx
+M gp:privinclude:gp_Vec2d.jxx /dn43/OCCT/tmp/results_31.05.2011/occt/release-sources-20110531/drv/gp/gp_Vec2d.jxx
+M gp:privinclude:gp_Vec2d.ixx /dn43/OCCT/tmp/results_31.05.2011/occt/release-sources-20110531/drv/gp/gp_Vec2d.ixx
+M gp:pubinclude:gp_Dir2d.hxx /dn43/OCCT/tmp/results_31.05.2011/occt/release-sources-20110531/inc/gp_Dir2d.hxx
+M gp:privinclude:gp_Dir2d.jxx /dn43/OCCT/tmp/results_31.05.2011/occt/release-sources-20110531/drv/gp/gp_Dir2d.jxx
+M gp:privinclude:gp_Dir2d.ixx /dn43/OCCT/tmp/results_31.05.2011/occt/release-sources-20110531/drv/gp/gp_Dir2d.ixx
+M gp:pubinclude:gp_Ax2d.hxx /dn43/OCCT/tmp/results_31.05.2011/occt/release-sources-20110531/inc/gp_Ax2d.hxx
+M gp:privinclude:gp_Ax2d.jxx /dn43/OCCT/tmp/results_31.05.2011/occt/release-sources-20110531/drv/gp/gp_Ax2d.jxx
+M gp:privinclude:gp_Ax2d.ixx /dn43/OCCT/tmp/results_31.05.2011/occt/release-sources-20110531/drv/gp/gp_Ax2d.ixx
+M gp:pubinclude:gp_Ax22d.hxx /dn43/OCCT/tmp/results_31.05.2011/occt/release-sources-20110531/inc/gp_Ax22d.hxx
+M gp:privinclude:gp_Ax22d.jxx /dn43/OCCT/tmp/results_31.05.2011/occt/release-sources-20110531/drv/gp/gp_Ax22d.jxx
+M gp:privinclude:gp_Ax22d.ixx /dn43/OCCT/tmp/results_31.05.2011/occt/release-sources-20110531/drv/gp/gp_Ax22d.ixx
+M gp:pubinclude:gp_Lin2d.hxx /dn43/OCCT/tmp/results_31.05.2011/occt/release-sources-20110531/inc/gp_Lin2d.hxx
+M gp:privinclude:gp_Lin2d.jxx /dn43/OCCT/tmp/results_31.05.2011/occt/release-sources-20110531/drv/gp/gp_Lin2d.jxx
+M gp:privinclude:gp_Lin2d.ixx /dn43/OCCT/tmp/results_31.05.2011/occt/release-sources-20110531/drv/gp/gp_Lin2d.ixx
+M gp:pubinclude:gp_Circ2d.hxx /dn43/OCCT/tmp/results_31.05.2011/occt/release-sources-20110531/inc/gp_Circ2d.hxx
+M gp:privinclude:gp_Circ2d.jxx /dn43/OCCT/tmp/results_31.05.2011/occt/release-sources-20110531/drv/gp/gp_Circ2d.jxx
+M gp:privinclude:gp_Circ2d.ixx /dn43/OCCT/tmp/results_31.05.2011/occt/release-sources-20110531/drv/gp/gp_Circ2d.ixx
+M gp:pubinclude:gp_Elips2d.hxx /dn43/OCCT/tmp/results_31.05.2011/occt/release-sources-20110531/inc/gp_Elips2d.hxx
+M gp:privinclude:gp_Elips2d.jxx /dn43/OCCT/tmp/results_31.05.2011/occt/release-sources-20110531/drv/gp/gp_Elips2d.jxx
+M gp:privinclude:gp_Elips2d.ixx /dn43/OCCT/tmp/results_31.05.2011/occt/release-sources-20110531/drv/gp/gp_Elips2d.ixx
+M gp:pubinclude:gp_Hypr2d.hxx /dn43/OCCT/tmp/results_31.05.2011/occt/release-sources-20110531/inc/gp_Hypr2d.hxx
+M gp:privinclude:gp_Hypr2d.jxx /dn43/OCCT/tmp/results_31.05.2011/occt/release-sources-20110531/drv/gp/gp_Hypr2d.jxx
+M gp:privinclude:gp_Hypr2d.ixx /dn43/OCCT/tmp/results_31.05.2011/occt/release-sources-20110531/drv/gp/gp_Hypr2d.ixx
+M gp:pubinclude:gp_Parab2d.hxx /dn43/OCCT/tmp/results_31.05.2011/occt/release-sources-20110531/inc/gp_Parab2d.hxx
+M gp:privinclude:gp_Parab2d.jxx /dn43/OCCT/tmp/results_31.05.2011/occt/release-sources-20110531/drv/gp/gp_Parab2d.jxx
+M gp:privinclude:gp_Parab2d.ixx /dn43/OCCT/tmp/results_31.05.2011/occt/release-sources-20110531/drv/gp/gp_Parab2d.ixx
+M gp:pubinclude:Handle_gp_VectorWithNullMagnitude.hxx /dn43/OCCT/tmp/results_31.05.2011/occt/release-sources-20110531/inc/Handle_gp_VectorWithNullMagnitude.hxx
+M gp:pubinclude:gp_VectorWithNullMagnitude.hxx /dn43/OCCT/tmp/results_31.05.2011/occt/release-sources-20110531/inc/gp_VectorWithNullMagnitude.hxx
+M gp:derivated:gp_VectorWithNullMagnitude_0.cxx /dn43/OCCT/tmp/results_31.05.2011/occt/release-sources-20110531/drv/gp/gp_VectorWithNullMagnitude_0.cxx
+M gp:pubinclude:gp_TrsfForm.hxx /dn43/OCCT/tmp/results_31.05.2011/occt/release-sources-20110531/inc/gp_TrsfForm.hxx
+M gp:pubinclude:gp_EulerSequence.hxx /dn43/OCCT/tmp/results_31.05.2011/occt/release-sources-20110531/inc/gp_EulerSequence.hxx
+M gp:dbadmfile:gp_xcpp_header.In /dn43/OCCT/tmp/results_31.05.2011/occt/release-sources-20110531/drv/gp/.adm/gp_xcpp_header.In
+M gp:dbadmfile:gp_xcpp_header.Out /dn43/OCCT/tmp/results_31.05.2011/occt/release-sources-20110531/drv/gp/.adm/gp_xcpp_header.Out
+M gp:dbadmfile:gp_xcpp_header.Dep /dn43/OCCT/tmp/results_31.05.2011/occt/release-sources-20110531/drv/gp/.adm/gp_xcpp_header.Dep
