+M CDF:pubinclude:CDF.hxx /dn43/OCCT/tmp/results_28.02.2011/occt/release-sources-20110228/inc/CDF.hxx
+M CDF:privinclude:CDF.jxx /dn43/OCCT/tmp/results_28.02.2011/occt/release-sources-20110228/drv/CDF/CDF.jxx
+M CDF:privinclude:CDF.ixx /dn43/OCCT/tmp/results_28.02.2011/occt/release-sources-20110228/drv/CDF/CDF.ixx
+M CDF:pubinclude:Handle_CDF_Directory.hxx /dn43/OCCT/tmp/results_28.02.2011/occt/release-sources-20110228/inc/Handle_CDF_Directory.hxx
+M CDF:pubinclude:CDF_Directory.hxx /dn43/OCCT/tmp/results_28.02.2011/occt/release-sources-20110228/inc/CDF_Directory.hxx
+M CDF:privinclude:CDF_Directory.jxx /dn43/OCCT/tmp/results_28.02.2011/occt/release-sources-20110228/drv/CDF/CDF_Directory.jxx
+M CDF:privinclude:CDF_Directory.ixx /dn43/OCCT/tmp/results_28.02.2011/occt/release-sources-20110228/drv/CDF/CDF_Directory.ixx
+M CDF:pubinclude:CDF_DirectoryIterator.hxx /dn43/OCCT/tmp/results_28.02.2011/occt/release-sources-20110228/inc/CDF_DirectoryIterator.hxx
+M CDF:privinclude:CDF_DirectoryIterator.jxx /dn43/OCCT/tmp/results_28.02.2011/occt/release-sources-20110228/drv/CDF/CDF_DirectoryIterator.jxx
+M CDF:privinclude:CDF_DirectoryIterator.ixx /dn43/OCCT/tmp/results_28.02.2011/occt/release-sources-20110228/drv/CDF/CDF_DirectoryIterator.ixx
+M CDF:pubinclude:Handle_CDF_Session.hxx /dn43/OCCT/tmp/results_28.02.2011/occt/release-sources-20110228/inc/Handle_CDF_Session.hxx
+M CDF:pubinclude:CDF_Session.hxx /dn43/OCCT/tmp/results_28.02.2011/occt/release-sources-20110228/inc/CDF_Session.hxx
+M CDF:privinclude:CDF_Session.jxx /dn43/OCCT/tmp/results_28.02.2011/occt/release-sources-20110228/drv/CDF/CDF_Session.jxx
+M CDF:privinclude:CDF_Session.ixx /dn43/OCCT/tmp/results_28.02.2011/occt/release-sources-20110228/drv/CDF/CDF_Session.ixx
+M CDF:pubinclude:Handle_CDF_Application.hxx /dn43/OCCT/tmp/results_28.02.2011/occt/release-sources-20110228/inc/Handle_CDF_Application.hxx
+M CDF:pubinclude:CDF_Application.hxx /dn43/OCCT/tmp/results_28.02.2011/occt/release-sources-20110228/inc/CDF_Application.hxx
+M CDF:privinclude:CDF_Application.jxx /dn43/OCCT/tmp/results_28.02.2011/occt/release-sources-20110228/drv/CDF/CDF_Application.jxx
+M CDF:privinclude:CDF_Application.ixx /dn43/OCCT/tmp/results_28.02.2011/occt/release-sources-20110228/drv/CDF/CDF_Application.ixx
+M CDF:pubinclude:Handle_CDF_StoreList.hxx /dn43/OCCT/tmp/results_28.02.2011/occt/release-sources-20110228/inc/Handle_CDF_StoreList.hxx
+M CDF:pubinclude:CDF_StoreList.hxx /dn43/OCCT/tmp/results_28.02.2011/occt/release-sources-20110228/inc/CDF_StoreList.hxx
+M CDF:privinclude:CDF_StoreList.jxx /dn43/OCCT/tmp/results_28.02.2011/occt/release-sources-20110228/drv/CDF/CDF_StoreList.jxx
+M CDF:privinclude:CDF_StoreList.ixx /dn43/OCCT/tmp/results_28.02.2011/occt/release-sources-20110228/drv/CDF/CDF_StoreList.ixx
+M CDF:pubinclude:CDF_Store.hxx /dn43/OCCT/tmp/results_28.02.2011/occt/release-sources-20110228/inc/CDF_Store.hxx
+M CDF:privinclude:CDF_Store.jxx /dn43/OCCT/tmp/results_28.02.2011/occt/release-sources-20110228/drv/CDF/CDF_Store.jxx
+M CDF:privinclude:CDF_Store.ixx /dn43/OCCT/tmp/results_28.02.2011/occt/release-sources-20110228/drv/CDF/CDF_Store.ixx
+M CDF:pubinclude:Handle_CDF_MetaDataDriver.hxx /dn43/OCCT/tmp/results_28.02.2011/occt/release-sources-20110228/inc/Handle_CDF_MetaDataDriver.hxx
+M CDF:pubinclude:CDF_MetaDataDriver.hxx /dn43/OCCT/tmp/results_28.02.2011/occt/release-sources-20110228/inc/CDF_MetaDataDriver.hxx
+M CDF:privinclude:CDF_MetaDataDriver.jxx /dn43/OCCT/tmp/results_28.02.2011/occt/release-sources-20110228/drv/CDF/CDF_MetaDataDriver.jxx
+M CDF:privinclude:CDF_MetaDataDriver.ixx /dn43/OCCT/tmp/results_28.02.2011/occt/release-sources-20110228/drv/CDF/CDF_MetaDataDriver.ixx
+M CDF:pubinclude:Handle_CDF_MetaDataDriverFactory.hxx /dn43/OCCT/tmp/results_28.02.2011/occt/release-sources-20110228/inc/Handle_CDF_MetaDataDriverFactory.hxx
+M CDF:pubinclude:CDF_MetaDataDriverFactory.hxx /dn43/OCCT/tmp/results_28.02.2011/occt/release-sources-20110228/inc/CDF_MetaDataDriverFactory.hxx
+M CDF:privinclude:CDF_MetaDataDriverFactory.jxx /dn43/OCCT/tmp/results_28.02.2011/occt/release-sources-20110228/drv/CDF/CDF_MetaDataDriverFactory.jxx
+M CDF:privinclude:CDF_MetaDataDriverFactory.ixx /dn43/OCCT/tmp/results_28.02.2011/occt/release-sources-20110228/drv/CDF/CDF_MetaDataDriverFactory.ixx
+M CDF:pubinclude:CDF_Timer.hxx /dn43/OCCT/tmp/results_28.02.2011/occt/release-sources-20110228/inc/CDF_Timer.hxx
+M CDF:privinclude:CDF_Timer.jxx /dn43/OCCT/tmp/results_28.02.2011/occt/release-sources-20110228/drv/CDF/CDF_Timer.jxx
+M CDF:privinclude:CDF_Timer.ixx /dn43/OCCT/tmp/results_28.02.2011/occt/release-sources-20110228/drv/CDF/CDF_Timer.ixx
+M CDF:pubinclude:Handle_CDF_MetaDataDriverError.hxx /dn43/OCCT/tmp/results_28.02.2011/occt/release-sources-20110228/inc/Handle_CDF_MetaDataDriverError.hxx
+M CDF:pubinclude:CDF_MetaDataDriverError.hxx /dn43/OCCT/tmp/results_28.02.2011/occt/release-sources-20110228/inc/CDF_MetaDataDriverError.hxx
+M CDF:derivated:CDF_MetaDataDriverError_0.cxx /dn43/OCCT/tmp/results_28.02.2011/occt/release-sources-20110228/drv/CDF/CDF_MetaDataDriverError_0.cxx
+M CDF:pubinclude:CDF_TypeOfActivation.hxx /dn43/OCCT/tmp/results_28.02.2011/occt/release-sources-20110228/inc/CDF_TypeOfActivation.hxx
+M CDF:pubinclude:CDF_StoreStatus.hxx /dn43/OCCT/tmp/results_28.02.2011/occt/release-sources-20110228/inc/CDF_StoreStatus.hxx
+M CDF:pubinclude:CDF_TryStoreStatus.hxx /dn43/OCCT/tmp/results_28.02.2011/occt/release-sources-20110228/inc/CDF_TryStoreStatus.hxx
+M CDF:pubinclude:CDF_RetrievableStatus.hxx /dn43/OCCT/tmp/results_28.02.2011/occt/release-sources-20110228/inc/CDF_RetrievableStatus.hxx
+M CDF:pubinclude:CDF_SubComponentStatus.hxx /dn43/OCCT/tmp/results_28.02.2011/occt/release-sources-20110228/inc/CDF_SubComponentStatus.hxx
+M CDF:pubinclude:CDF_StoreSetNameStatus.hxx /dn43/OCCT/tmp/results_28.02.2011/occt/release-sources-20110228/inc/CDF_StoreSetNameStatus.hxx
+M CDF:dbadmfile:CDF_xcpp_header.In /dn43/OCCT/tmp/results_28.02.2011/occt/release-sources-20110228/drv/CDF/.adm/CDF_xcpp_header.In
+M CDF:dbadmfile:CDF_xcpp_header.Out /dn43/OCCT/tmp/results_28.02.2011/occt/release-sources-20110228/drv/CDF/.adm/CDF_xcpp_header.Out
+M CDF:dbadmfile:CDF_xcpp_header.Dep /dn43/OCCT/tmp/results_28.02.2011/occt/release-sources-20110228/drv/CDF/.adm/CDF_xcpp_header.Dep
