+M IntStart:pubinclude:IntStart_SearchOnBoundaries_1.gxx /dn43/OCCT/tmp/results_28.02.2011/occt/release-sources-20110228/inc/IntStart_SearchOnBoundaries_1.gxx
+M IntStart:pubinclude:IntStart_SearchOnBoundaries_2.gxx /dn43/OCCT/tmp/results_28.02.2011/occt/release-sources-20110228/inc/IntStart_SearchOnBoundaries_2.gxx
+M IntStart:pubinclude:IntStart_ArcTool.gxx /dn43/OCCT/tmp/results_28.02.2011/occt/release-sources-20110228/inc/IntStart_ArcTool.gxx
+M IntStart:pubinclude:IntStart_SOBTool.gxx /dn43/OCCT/tmp/results_28.02.2011/occt/release-sources-20110228/inc/IntStart_SOBTool.gxx
+M IntStart:pubinclude:IntStart_TopolTool.gxx /dn43/OCCT/tmp/results_28.02.2011/occt/release-sources-20110228/inc/IntStart_TopolTool.gxx
+M IntStart:pubinclude:IntStart_SOBFunction.gxx /dn43/OCCT/tmp/results_28.02.2011/occt/release-sources-20110228/inc/IntStart_SOBFunction.gxx
+M IntStart:pubinclude:IntStart_Segment.gxx /dn43/OCCT/tmp/results_28.02.2011/occt/release-sources-20110228/inc/IntStart_Segment.gxx
+M IntStart:pubinclude:IntStart_Segment.lxx /dn43/OCCT/tmp/results_28.02.2011/occt/release-sources-20110228/inc/IntStart_Segment.lxx
+M IntStart:pubinclude:IntStart_PathPoint.gxx /dn43/OCCT/tmp/results_28.02.2011/occt/release-sources-20110228/inc/IntStart_PathPoint.gxx
+M IntStart:pubinclude:IntStart_PathPoint.lxx /dn43/OCCT/tmp/results_28.02.2011/occt/release-sources-20110228/inc/IntStart_PathPoint.lxx
+M IntStart:pubinclude:IntStart_SearchOnBoundaries.gxx /dn43/OCCT/tmp/results_28.02.2011/occt/release-sources-20110228/inc/IntStart_SearchOnBoundaries.gxx
+M IntStart:pubinclude:IntStart_SearchOnBoundaries.lxx /dn43/OCCT/tmp/results_28.02.2011/occt/release-sources-20110228/inc/IntStart_SearchOnBoundaries.lxx
+M IntStart:pubinclude:IntStart_PSurfaceTool.gxx /dn43/OCCT/tmp/results_28.02.2011/occt/release-sources-20110228/inc/IntStart_PSurfaceTool.gxx
+M IntStart:pubinclude:IntStart_SITool.gxx /dn43/OCCT/tmp/results_28.02.2011/occt/release-sources-20110228/inc/IntStart_SITool.gxx
+M IntStart:pubinclude:IntStart_SIFunction.gxx /dn43/OCCT/tmp/results_28.02.2011/occt/release-sources-20110228/inc/IntStart_SIFunction.gxx
+M IntStart:pubinclude:IntStart_SearchInside.gxx /dn43/OCCT/tmp/results_28.02.2011/occt/release-sources-20110228/inc/IntStart_SearchInside.gxx
+M IntStart:pubinclude:IntStart_SearchInside.lxx /dn43/OCCT/tmp/results_28.02.2011/occt/release-sources-20110228/inc/IntStart_SearchInside.lxx
+M IntStart:dbadmfile:IntStart_obj_inc.In /dn43/OCCT/tmp/results_28.02.2011/occt/release-sources-20110228/drv/IntStart/.adm/IntStart_obj_inc.In
+M IntStart:dbadmfile:IntStart_obj_inc.Out /dn43/OCCT/tmp/results_28.02.2011/occt/release-sources-20110228/drv/IntStart/.adm/IntStart_obj_inc.Out
+M IntStart:dbadmfile:IntStart_obj_inc.Dep /dn43/OCCT/tmp/results_28.02.2011/occt/release-sources-20110228/drv/IntStart/.adm/IntStart_obj_inc.Dep
