+M IGESDimen:pubinclude:IGESDimen.hxx /dn43/OCCT/tmp/results_30.09.2011/occt/release-sources-20110930/inc/IGESDimen.hxx
+M IGESDimen:privinclude:IGESDimen.jxx /dn43/OCCT/tmp/results_30.09.2011/occt/release-sources-20110930/drv/IGESDimen/IGESDimen.jxx
+M IGESDimen:privinclude:IGESDimen.ixx /dn43/OCCT/tmp/results_30.09.2011/occt/release-sources-20110930/drv/IGESDimen/IGESDimen.ixx
+M IGESDimen:pubinclude:Handle_IGESDimen_CenterLine.hxx /dn43/OCCT/tmp/results_30.09.2011/occt/release-sources-20110930/inc/Handle_IGESDimen_CenterLine.hxx
+M IGESDimen:pubinclude:IGESDimen_CenterLine.hxx /dn43/OCCT/tmp/results_30.09.2011/occt/release-sources-20110930/inc/IGESDimen_CenterLine.hxx
+M IGESDimen:privinclude:IGESDimen_CenterLine.jxx /dn43/OCCT/tmp/results_30.09.2011/occt/release-sources-20110930/drv/IGESDimen/IGESDimen_CenterLine.jxx
+M IGESDimen:privinclude:IGESDimen_CenterLine.ixx /dn43/OCCT/tmp/results_30.09.2011/occt/release-sources-20110930/drv/IGESDimen/IGESDimen_CenterLine.ixx
+M IGESDimen:pubinclude:Handle_IGESDimen_Section.hxx /dn43/OCCT/tmp/results_30.09.2011/occt/release-sources-20110930/inc/Handle_IGESDimen_Section.hxx
+M IGESDimen:pubinclude:IGESDimen_Section.hxx /dn43/OCCT/tmp/results_30.09.2011/occt/release-sources-20110930/inc/IGESDimen_Section.hxx
+M IGESDimen:privinclude:IGESDimen_Section.jxx /dn43/OCCT/tmp/results_30.09.2011/occt/release-sources-20110930/drv/IGESDimen/IGESDimen_Section.jxx
+M IGESDimen:privinclude:IGESDimen_Section.ixx /dn43/OCCT/tmp/results_30.09.2011/occt/release-sources-20110930/drv/IGESDimen/IGESDimen_Section.ixx
+M IGESDimen:pubinclude:Handle_IGESDimen_WitnessLine.hxx /dn43/OCCT/tmp/results_30.09.2011/occt/release-sources-20110930/inc/Handle_IGESDimen_WitnessLine.hxx
+M IGESDimen:pubinclude:IGESDimen_WitnessLine.hxx /dn43/OCCT/tmp/results_30.09.2011/occt/release-sources-20110930/inc/IGESDimen_WitnessLine.hxx
+M IGESDimen:privinclude:IGESDimen_WitnessLine.jxx /dn43/OCCT/tmp/results_30.09.2011/occt/release-sources-20110930/drv/IGESDimen/IGESDimen_WitnessLine.jxx
+M IGESDimen:privinclude:IGESDimen_WitnessLine.ixx /dn43/OCCT/tmp/results_30.09.2011/occt/release-sources-20110930/drv/IGESDimen/IGESDimen_WitnessLine.ixx
+M IGESDimen:pubinclude:Handle_IGESDimen_AngularDimension.hxx /dn43/OCCT/tmp/results_30.09.2011/occt/release-sources-20110930/inc/Handle_IGESDimen_AngularDimension.hxx
+M IGESDimen:pubinclude:IGESDimen_AngularDimension.hxx /dn43/OCCT/tmp/results_30.09.2011/occt/release-sources-20110930/inc/IGESDimen_AngularDimension.hxx
+M IGESDimen:privinclude:IGESDimen_AngularDimension.jxx /dn43/OCCT/tmp/results_30.09.2011/occt/release-sources-20110930/drv/IGESDimen/IGESDimen_AngularDimension.jxx
+M IGESDimen:privinclude:IGESDimen_AngularDimension.ixx /dn43/OCCT/tmp/results_30.09.2011/occt/release-sources-20110930/drv/IGESDimen/IGESDimen_AngularDimension.ixx
+M IGESDimen:pubinclude:Handle_IGESDimen_CurveDimension.hxx /dn43/OCCT/tmp/results_30.09.2011/occt/release-sources-20110930/inc/Handle_IGESDimen_CurveDimension.hxx
+M IGESDimen:pubinclude:IGESDimen_CurveDimension.hxx /dn43/OCCT/tmp/results_30.09.2011/occt/release-sources-20110930/inc/IGESDimen_CurveDimension.hxx
+M IGESDimen:privinclude:IGESDimen_CurveDimension.jxx /dn43/OCCT/tmp/results_30.09.2011/occt/release-sources-20110930/drv/IGESDimen/IGESDimen_CurveDimension.jxx
+M IGESDimen:privinclude:IGESDimen_CurveDimension.ixx /dn43/OCCT/tmp/results_30.09.2011/occt/release-sources-20110930/drv/IGESDimen/IGESDimen_CurveDimension.ixx
+M IGESDimen:pubinclude:Handle_IGESDimen_DiameterDimension.hxx /dn43/OCCT/tmp/results_30.09.2011/occt/release-sources-20110930/inc/Handle_IGESDimen_DiameterDimension.hxx
+M IGESDimen:pubinclude:IGESDimen_DiameterDimension.hxx /dn43/OCCT/tmp/results_30.09.2011/occt/release-sources-20110930/inc/IGESDimen_DiameterDimension.hxx
+M IGESDimen:privinclude:IGESDimen_DiameterDimension.jxx /dn43/OCCT/tmp/results_30.09.2011/occt/release-sources-20110930/drv/IGESDimen/IGESDimen_DiameterDimension.jxx
+M IGESDimen:privinclude:IGESDimen_DiameterDimension.ixx /dn43/OCCT/tmp/results_30.09.2011/occt/release-sources-20110930/drv/IGESDimen/IGESDimen_DiameterDimension.ixx
+M IGESDimen:pubinclude:Handle_IGESDimen_FlagNote.hxx /dn43/OCCT/tmp/results_30.09.2011/occt/release-sources-20110930/inc/Handle_IGESDimen_FlagNote.hxx
+M IGESDimen:pubinclude:IGESDimen_FlagNote.hxx /dn43/OCCT/tmp/results_30.09.2011/occt/release-sources-20110930/inc/IGESDimen_FlagNote.hxx
+M IGESDimen:privinclude:IGESDimen_FlagNote.jxx /dn43/OCCT/tmp/results_30.09.2011/occt/release-sources-20110930/drv/IGESDimen/IGESDimen_FlagNote.jxx
+M IGESDimen:privinclude:IGESDimen_FlagNote.ixx /dn43/OCCT/tmp/results_30.09.2011/occt/release-sources-20110930/drv/IGESDimen/IGESDimen_FlagNote.ixx
+M IGESDimen:pubinclude:Handle_IGESDimen_GeneralLabel.hxx /dn43/OCCT/tmp/results_30.09.2011/occt/release-sources-20110930/inc/Handle_IGESDimen_GeneralLabel.hxx
+M IGESDimen:pubinclude:IGESDimen_GeneralLabel.hxx /dn43/OCCT/tmp/results_30.09.2011/occt/release-sources-20110930/inc/IGESDimen_GeneralLabel.hxx
+M IGESDimen:privinclude:IGESDimen_GeneralLabel.jxx /dn43/OCCT/tmp/results_30.09.2011/occt/release-sources-20110930/drv/IGESDimen/IGESDimen_GeneralLabel.jxx
+M IGESDimen:privinclude:IGESDimen_GeneralLabel.ixx /dn43/OCCT/tmp/results_30.09.2011/occt/release-sources-20110930/drv/IGESDimen/IGESDimen_GeneralLabel.ixx
+M IGESDimen:pubinclude:Handle_IGESDimen_GeneralNote.hxx /dn43/OCCT/tmp/results_30.09.2011/occt/release-sources-20110930/inc/Handle_IGESDimen_GeneralNote.hxx
+M IGESDimen:pubinclude:IGESDimen_GeneralNote.hxx /dn43/OCCT/tmp/results_30.09.2011/occt/release-sources-20110930/inc/IGESDimen_GeneralNote.hxx
+M IGESDimen:privinclude:IGESDimen_GeneralNote.jxx /dn43/OCCT/tmp/results_30.09.2011/occt/release-sources-20110930/drv/IGESDimen/IGESDimen_GeneralNote.jxx
+M IGESDimen:privinclude:IGESDimen_GeneralNote.ixx /dn43/OCCT/tmp/results_30.09.2011/occt/release-sources-20110930/drv/IGESDimen/IGESDimen_GeneralNote.ixx
+M IGESDimen:pubinclude:Handle_IGESDimen_NewGeneralNote.hxx /dn43/OCCT/tmp/results_30.09.2011/occt/release-sources-20110930/inc/Handle_IGESDimen_NewGeneralNote.hxx
+M IGESDimen:pubinclude:IGESDimen_NewGeneralNote.hxx /dn43/OCCT/tmp/results_30.09.2011/occt/release-sources-20110930/inc/IGESDimen_NewGeneralNote.hxx
+M IGESDimen:privinclude:IGESDimen_NewGeneralNote.jxx /dn43/OCCT/tmp/results_30.09.2011/occt/release-sources-20110930/drv/IGESDimen/IGESDimen_NewGeneralNote.jxx
+M IGESDimen:privinclude:IGESDimen_NewGeneralNote.ixx /dn43/OCCT/tmp/results_30.09.2011/occt/release-sources-20110930/drv/IGESDimen/IGESDimen_NewGeneralNote.ixx
+M IGESDimen:pubinclude:Handle_IGESDimen_LeaderArrow.hxx /dn43/OCCT/tmp/results_30.09.2011/occt/release-sources-20110930/inc/Handle_IGESDimen_LeaderArrow.hxx
+M IGESDimen:pubinclude:IGESDimen_LeaderArrow.hxx /dn43/OCCT/tmp/results_30.09.2011/occt/release-sources-20110930/inc/IGESDimen_LeaderArrow.hxx
+M IGESDimen:privinclude:IGESDimen_LeaderArrow.jxx /dn43/OCCT/tmp/results_30.09.2011/occt/release-sources-20110930/drv/IGESDimen/IGESDimen_LeaderArrow.jxx
+M IGESDimen:privinclude:IGESDimen_LeaderArrow.ixx /dn43/OCCT/tmp/results_30.09.2011/occt/release-sources-20110930/drv/IGESDimen/IGESDimen_LeaderArrow.ixx
+M IGESDimen:pubinclude:Handle_IGESDimen_LinearDimension.hxx /dn43/OCCT/tmp/results_30.09.2011/occt/release-sources-20110930/inc/Handle_IGESDimen_LinearDimension.hxx
+M IGESDimen:pubinclude:IGESDimen_LinearDimension.hxx /dn43/OCCT/tmp/results_30.09.2011/occt/release-sources-20110930/inc/IGESDimen_LinearDimension.hxx
+M IGESDimen:privinclude:IGESDimen_LinearDimension.jxx /dn43/OCCT/tmp/results_30.09.2011/occt/release-sources-20110930/drv/IGESDimen/IGESDimen_LinearDimension.jxx
+M IGESDimen:privinclude:IGESDimen_LinearDimension.ixx /dn43/OCCT/tmp/results_30.09.2011/occt/release-sources-20110930/drv/IGESDimen/IGESDimen_LinearDimension.ixx
+M IGESDimen:pubinclude:Handle_IGESDimen_OrdinateDimension.hxx /dn43/OCCT/tmp/results_30.09.2011/occt/release-sources-20110930/inc/Handle_IGESDimen_OrdinateDimension.hxx
+M IGESDimen:pubinclude:IGESDimen_OrdinateDimension.hxx /dn43/OCCT/tmp/results_30.09.2011/occt/release-sources-20110930/inc/IGESDimen_OrdinateDimension.hxx
+M IGESDimen:privinclude:IGESDimen_OrdinateDimension.jxx /dn43/OCCT/tmp/results_30.09.2011/occt/release-sources-20110930/drv/IGESDimen/IGESDimen_OrdinateDimension.jxx
+M IGESDimen:privinclude:IGESDimen_OrdinateDimension.ixx /dn43/OCCT/tmp/results_30.09.2011/occt/release-sources-20110930/drv/IGESDimen/IGESDimen_OrdinateDimension.ixx
+M IGESDimen:pubinclude:Handle_IGESDimen_PointDimension.hxx /dn43/OCCT/tmp/results_30.09.2011/occt/release-sources-20110930/inc/Handle_IGESDimen_PointDimension.hxx
+M IGESDimen:pubinclude:IGESDimen_PointDimension.hxx /dn43/OCCT/tmp/results_30.09.2011/occt/release-sources-20110930/inc/IGESDimen_PointDimension.hxx
+M IGESDimen:privinclude:IGESDimen_PointDimension.jxx /dn43/OCCT/tmp/results_30.09.2011/occt/release-sources-20110930/drv/IGESDimen/IGESDimen_PointDimension.jxx
+M IGESDimen:privinclude:IGESDimen_PointDimension.ixx /dn43/OCCT/tmp/results_30.09.2011/occt/release-sources-20110930/drv/IGESDimen/IGESDimen_PointDimension.ixx
+M IGESDimen:pubinclude:Handle_IGESDimen_RadiusDimension.hxx /dn43/OCCT/tmp/results_30.09.2011/occt/release-sources-20110930/inc/Handle_IGESDimen_RadiusDimension.hxx
+M IGESDimen:pubinclude:IGESDimen_RadiusDimension.hxx /dn43/OCCT/tmp/results_30.09.2011/occt/release-sources-20110930/inc/IGESDimen_RadiusDimension.hxx
+M IGESDimen:privinclude:IGESDimen_RadiusDimension.jxx /dn43/OCCT/tmp/results_30.09.2011/occt/release-sources-20110930/drv/IGESDimen/IGESDimen_RadiusDimension.jxx
+M IGESDimen:privinclude:IGESDimen_RadiusDimension.ixx /dn43/OCCT/tmp/results_30.09.2011/occt/release-sources-20110930/drv/IGESDimen/IGESDimen_RadiusDimension.ixx
+M IGESDimen:pubinclude:Handle_IGESDimen_GeneralSymbol.hxx /dn43/OCCT/tmp/results_30.09.2011/occt/release-sources-20110930/inc/Handle_IGESDimen_GeneralSymbol.hxx
+M IGESDimen:pubinclude:IGESDimen_GeneralSymbol.hxx /dn43/OCCT/tmp/results_30.09.2011/occt/release-sources-20110930/inc/IGESDimen_GeneralSymbol.hxx
+M IGESDimen:privinclude:IGESDimen_GeneralSymbol.jxx /dn43/OCCT/tmp/results_30.09.2011/occt/release-sources-20110930/drv/IGESDimen/IGESDimen_GeneralSymbol.jxx
+M IGESDimen:privinclude:IGESDimen_GeneralSymbol.ixx /dn43/OCCT/tmp/results_30.09.2011/occt/release-sources-20110930/drv/IGESDimen/IGESDimen_GeneralSymbol.ixx
+M IGESDimen:pubinclude:Handle_IGESDimen_SectionedArea.hxx /dn43/OCCT/tmp/results_30.09.2011/occt/release-sources-20110930/inc/Handle_IGESDimen_SectionedArea.hxx
+M IGESDimen:pubinclude:IGESDimen_SectionedArea.hxx /dn43/OCCT/tmp/results_30.09.2011/occt/release-sources-20110930/inc/IGESDimen_SectionedArea.hxx
+M IGESDimen:privinclude:IGESDimen_SectionedArea.jxx /dn43/OCCT/tmp/results_30.09.2011/occt/release-sources-20110930/drv/IGESDimen/IGESDimen_SectionedArea.jxx
+M IGESDimen:privinclude:IGESDimen_SectionedArea.ixx /dn43/OCCT/tmp/results_30.09.2011/occt/release-sources-20110930/drv/IGESDimen/IGESDimen_SectionedArea.ixx
+M IGESDimen:pubinclude:Handle_IGESDimen_DimensionedGeometry.hxx /dn43/OCCT/tmp/results_30.09.2011/occt/release-sources-20110930/inc/Handle_IGESDimen_DimensionedGeometry.hxx
+M IGESDimen:pubinclude:IGESDimen_DimensionedGeometry.hxx /dn43/OCCT/tmp/results_30.09.2011/occt/release-sources-20110930/inc/IGESDimen_DimensionedGeometry.hxx
+M IGESDimen:privinclude:IGESDimen_DimensionedGeometry.jxx /dn43/OCCT/tmp/results_30.09.2011/occt/release-sources-20110930/drv/IGESDimen/IGESDimen_DimensionedGeometry.jxx
+M IGESDimen:privinclude:IGESDimen_DimensionedGeometry.ixx /dn43/OCCT/tmp/results_30.09.2011/occt/release-sources-20110930/drv/IGESDimen/IGESDimen_DimensionedGeometry.ixx
+M IGESDimen:pubinclude:Handle_IGESDimen_NewDimensionedGeometry.hxx /dn43/OCCT/tmp/results_30.09.2011/occt/release-sources-20110930/inc/Handle_IGESDimen_NewDimensionedGeometry.hxx
+M IGESDimen:pubinclude:IGESDimen_NewDimensionedGeometry.hxx /dn43/OCCT/tmp/results_30.09.2011/occt/release-sources-20110930/inc/IGESDimen_NewDimensionedGeometry.hxx
+M IGESDimen:privinclude:IGESDimen_NewDimensionedGeometry.jxx /dn43/OCCT/tmp/results_30.09.2011/occt/release-sources-20110930/drv/IGESDimen/IGESDimen_NewDimensionedGeometry.jxx
+M IGESDimen:privinclude:IGESDimen_NewDimensionedGeometry.ixx /dn43/OCCT/tmp/results_30.09.2011/occt/release-sources-20110930/drv/IGESDimen/IGESDimen_NewDimensionedGeometry.ixx
+M IGESDimen:pubinclude:Handle_IGESDimen_DimensionUnits.hxx /dn43/OCCT/tmp/results_30.09.2011/occt/release-sources-20110930/inc/Handle_IGESDimen_DimensionUnits.hxx
+M IGESDimen:pubinclude:IGESDimen_DimensionUnits.hxx /dn43/OCCT/tmp/results_30.09.2011/occt/release-sources-20110930/inc/IGESDimen_DimensionUnits.hxx
+M IGESDimen:privinclude:IGESDimen_DimensionUnits.jxx /dn43/OCCT/tmp/results_30.09.2011/occt/release-sources-20110930/drv/IGESDimen/IGESDimen_DimensionUnits.jxx
+M IGESDimen:privinclude:IGESDimen_DimensionUnits.ixx /dn43/OCCT/tmp/results_30.09.2011/occt/release-sources-20110930/drv/IGESDimen/IGESDimen_DimensionUnits.ixx
+M IGESDimen:pubinclude:Handle_IGESDimen_DimensionTolerance.hxx /dn43/OCCT/tmp/results_30.09.2011/occt/release-sources-20110930/inc/Handle_IGESDimen_DimensionTolerance.hxx
+M IGESDimen:pubinclude:IGESDimen_DimensionTolerance.hxx /dn43/OCCT/tmp/results_30.09.2011/occt/release-sources-20110930/inc/IGESDimen_DimensionTolerance.hxx
+M IGESDimen:privinclude:IGESDimen_DimensionTolerance.jxx /dn43/OCCT/tmp/results_30.09.2011/occt/release-sources-20110930/drv/IGESDimen/IGESDimen_DimensionTolerance.jxx
+M IGESDimen:privinclude:IGESDimen_DimensionTolerance.ixx /dn43/OCCT/tmp/results_30.09.2011/occt/release-sources-20110930/drv/IGESDimen/IGESDimen_DimensionTolerance.ixx
+M IGESDimen:pubinclude:Handle_IGESDimen_DimensionDisplayData.hxx /dn43/OCCT/tmp/results_30.09.2011/occt/release-sources-20110930/inc/Handle_IGESDimen_DimensionDisplayData.hxx
+M IGESDimen:pubinclude:IGESDimen_DimensionDisplayData.hxx /dn43/OCCT/tmp/results_30.09.2011/occt/release-sources-20110930/inc/IGESDimen_DimensionDisplayData.hxx
+M IGESDimen:privinclude:IGESDimen_DimensionDisplayData.jxx /dn43/OCCT/tmp/results_30.09.2011/occt/release-sources-20110930/drv/IGESDimen/IGESDimen_DimensionDisplayData.jxx
+M IGESDimen:privinclude:IGESDimen_DimensionDisplayData.ixx /dn43/OCCT/tmp/results_30.09.2011/occt/release-sources-20110930/drv/IGESDimen/IGESDimen_DimensionDisplayData.ixx
+M IGESDimen:pubinclude:Handle_IGESDimen_BasicDimension.hxx /dn43/OCCT/tmp/results_30.09.2011/occt/release-sources-20110930/inc/Handle_IGESDimen_BasicDimension.hxx
+M IGESDimen:pubinclude:IGESDimen_BasicDimension.hxx /dn43/OCCT/tmp/results_30.09.2011/occt/release-sources-20110930/inc/IGESDimen_BasicDimension.hxx
+M IGESDimen:privinclude:IGESDimen_BasicDimension.jxx /dn43/OCCT/tmp/results_30.09.2011/occt/release-sources-20110930/drv/IGESDimen/IGESDimen_BasicDimension.jxx
+M IGESDimen:privinclude:IGESDimen_BasicDimension.ixx /dn43/OCCT/tmp/results_30.09.2011/occt/release-sources-20110930/drv/IGESDimen/IGESDimen_BasicDimension.ixx
+M IGESDimen:pubinclude:IGESDimen_ToolCenterLine.hxx /dn43/OCCT/tmp/results_30.09.2011/occt/release-sources-20110930/inc/IGESDimen_ToolCenterLine.hxx
+M IGESDimen:privinclude:IGESDimen_ToolCenterLine.jxx /dn43/OCCT/tmp/results_30.09.2011/occt/release-sources-20110930/drv/IGESDimen/IGESDimen_ToolCenterLine.jxx
+M IGESDimen:privinclude:IGESDimen_ToolCenterLine.ixx /dn43/OCCT/tmp/results_30.09.2011/occt/release-sources-20110930/drv/IGESDimen/IGESDimen_ToolCenterLine.ixx
+M IGESDimen:pubinclude:IGESDimen_ToolSection.hxx /dn43/OCCT/tmp/results_30.09.2011/occt/release-sources-20110930/inc/IGESDimen_ToolSection.hxx
+M IGESDimen:privinclude:IGESDimen_ToolSection.jxx /dn43/OCCT/tmp/results_30.09.2011/occt/release-sources-20110930/drv/IGESDimen/IGESDimen_ToolSection.jxx
+M IGESDimen:privinclude:IGESDimen_ToolSection.ixx /dn43/OCCT/tmp/results_30.09.2011/occt/release-sources-20110930/drv/IGESDimen/IGESDimen_ToolSection.ixx
+M IGESDimen:pubinclude:IGESDimen_ToolWitnessLine.hxx /dn43/OCCT/tmp/results_30.09.2011/occt/release-sources-20110930/inc/IGESDimen_ToolWitnessLine.hxx
+M IGESDimen:privinclude:IGESDimen_ToolWitnessLine.jxx /dn43/OCCT/tmp/results_30.09.2011/occt/release-sources-20110930/drv/IGESDimen/IGESDimen_ToolWitnessLine.jxx
+M IGESDimen:privinclude:IGESDimen_ToolWitnessLine.ixx /dn43/OCCT/tmp/results_30.09.2011/occt/release-sources-20110930/drv/IGESDimen/IGESDimen_ToolWitnessLine.ixx
+M IGESDimen:pubinclude:IGESDimen_ToolAngularDimension.hxx /dn43/OCCT/tmp/results_30.09.2011/occt/release-sources-20110930/inc/IGESDimen_ToolAngularDimension.hxx
+M IGESDimen:privinclude:IGESDimen_ToolAngularDimension.jxx /dn43/OCCT/tmp/results_30.09.2011/occt/release-sources-20110930/drv/IGESDimen/IGESDimen_ToolAngularDimension.jxx
+M IGESDimen:privinclude:IGESDimen_ToolAngularDimension.ixx /dn43/OCCT/tmp/results_30.09.2011/occt/release-sources-20110930/drv/IGESDimen/IGESDimen_ToolAngularDimension.ixx
+M IGESDimen:pubinclude:IGESDimen_ToolCurveDimension.hxx /dn43/OCCT/tmp/results_30.09.2011/occt/release-sources-20110930/inc/IGESDimen_ToolCurveDimension.hxx
+M IGESDimen:privinclude:IGESDimen_ToolCurveDimension.jxx /dn43/OCCT/tmp/results_30.09.2011/occt/release-sources-20110930/drv/IGESDimen/IGESDimen_ToolCurveDimension.jxx
+M IGESDimen:privinclude:IGESDimen_ToolCurveDimension.ixx /dn43/OCCT/tmp/results_30.09.2011/occt/release-sources-20110930/drv/IGESDimen/IGESDimen_ToolCurveDimension.ixx
+M IGESDimen:pubinclude:IGESDimen_ToolDiameterDimension.hxx /dn43/OCCT/tmp/results_30.09.2011/occt/release-sources-20110930/inc/IGESDimen_ToolDiameterDimension.hxx
+M IGESDimen:privinclude:IGESDimen_ToolDiameterDimension.jxx /dn43/OCCT/tmp/results_30.09.2011/occt/release-sources-20110930/drv/IGESDimen/IGESDimen_ToolDiameterDimension.jxx
+M IGESDimen:privinclude:IGESDimen_ToolDiameterDimension.ixx /dn43/OCCT/tmp/results_30.09.2011/occt/release-sources-20110930/drv/IGESDimen/IGESDimen_ToolDiameterDimension.ixx
+M IGESDimen:pubinclude:IGESDimen_ToolFlagNote.hxx /dn43/OCCT/tmp/results_30.09.2011/occt/release-sources-20110930/inc/IGESDimen_ToolFlagNote.hxx
+M IGESDimen:privinclude:IGESDimen_ToolFlagNote.jxx /dn43/OCCT/tmp/results_30.09.2011/occt/release-sources-20110930/drv/IGESDimen/IGESDimen_ToolFlagNote.jxx
+M IGESDimen:privinclude:IGESDimen_ToolFlagNote.ixx /dn43/OCCT/tmp/results_30.09.2011/occt/release-sources-20110930/drv/IGESDimen/IGESDimen_ToolFlagNote.ixx
+M IGESDimen:pubinclude:IGESDimen_ToolGeneralLabel.hxx /dn43/OCCT/tmp/results_30.09.2011/occt/release-sources-20110930/inc/IGESDimen_ToolGeneralLabel.hxx
+M IGESDimen:privinclude:IGESDimen_ToolGeneralLabel.jxx /dn43/OCCT/tmp/results_30.09.2011/occt/release-sources-20110930/drv/IGESDimen/IGESDimen_ToolGeneralLabel.jxx
+M IGESDimen:privinclude:IGESDimen_ToolGeneralLabel.ixx /dn43/OCCT/tmp/results_30.09.2011/occt/release-sources-20110930/drv/IGESDimen/IGESDimen_ToolGeneralLabel.ixx
+M IGESDimen:pubinclude:IGESDimen_ToolGeneralNote.hxx /dn43/OCCT/tmp/results_30.09.2011/occt/release-sources-20110930/inc/IGESDimen_ToolGeneralNote.hxx
+M IGESDimen:privinclude:IGESDimen_ToolGeneralNote.jxx /dn43/OCCT/tmp/results_30.09.2011/occt/release-sources-20110930/drv/IGESDimen/IGESDimen_ToolGeneralNote.jxx
+M IGESDimen:privinclude:IGESDimen_ToolGeneralNote.ixx /dn43/OCCT/tmp/results_30.09.2011/occt/release-sources-20110930/drv/IGESDimen/IGESDimen_ToolGeneralNote.ixx
+M IGESDimen:pubinclude:IGESDimen_ToolNewGeneralNote.hxx /dn43/OCCT/tmp/results_30.09.2011/occt/release-sources-20110930/inc/IGESDimen_ToolNewGeneralNote.hxx
+M IGESDimen:privinclude:IGESDimen_ToolNewGeneralNote.jxx /dn43/OCCT/tmp/results_30.09.2011/occt/release-sources-20110930/drv/IGESDimen/IGESDimen_ToolNewGeneralNote.jxx
+M IGESDimen:privinclude:IGESDimen_ToolNewGeneralNote.ixx /dn43/OCCT/tmp/results_30.09.2011/occt/release-sources-20110930/drv/IGESDimen/IGESDimen_ToolNewGeneralNote.ixx
+M IGESDimen:pubinclude:IGESDimen_ToolLeaderArrow.hxx /dn43/OCCT/tmp/results_30.09.2011/occt/release-sources-20110930/inc/IGESDimen_ToolLeaderArrow.hxx
+M IGESDimen:privinclude:IGESDimen_ToolLeaderArrow.jxx /dn43/OCCT/tmp/results_30.09.2011/occt/release-sources-20110930/drv/IGESDimen/IGESDimen_ToolLeaderArrow.jxx
+M IGESDimen:privinclude:IGESDimen_ToolLeaderArrow.ixx /dn43/OCCT/tmp/results_30.09.2011/occt/release-sources-20110930/drv/IGESDimen/IGESDimen_ToolLeaderArrow.ixx
+M IGESDimen:pubinclude:IGESDimen_ToolLinearDimension.hxx /dn43/OCCT/tmp/results_30.09.2011/occt/release-sources-20110930/inc/IGESDimen_ToolLinearDimension.hxx
+M IGESDimen:privinclude:IGESDimen_ToolLinearDimension.jxx /dn43/OCCT/tmp/results_30.09.2011/occt/release-sources-20110930/drv/IGESDimen/IGESDimen_ToolLinearDimension.jxx
+M IGESDimen:privinclude:IGESDimen_ToolLinearDimension.ixx /dn43/OCCT/tmp/results_30.09.2011/occt/release-sources-20110930/drv/IGESDimen/IGESDimen_ToolLinearDimension.ixx
+M IGESDimen:pubinclude:IGESDimen_ToolOrdinateDimension.hxx /dn43/OCCT/tmp/results_30.09.2011/occt/release-sources-20110930/inc/IGESDimen_ToolOrdinateDimension.hxx
+M IGESDimen:privinclude:IGESDimen_ToolOrdinateDimension.jxx /dn43/OCCT/tmp/results_30.09.2011/occt/release-sources-20110930/drv/IGESDimen/IGESDimen_ToolOrdinateDimension.jxx
+M IGESDimen:privinclude:IGESDimen_ToolOrdinateDimension.ixx /dn43/OCCT/tmp/results_30.09.2011/occt/release-sources-20110930/drv/IGESDimen/IGESDimen_ToolOrdinateDimension.ixx
+M IGESDimen:pubinclude:IGESDimen_ToolPointDimension.hxx /dn43/OCCT/tmp/results_30.09.2011/occt/release-sources-20110930/inc/IGESDimen_ToolPointDimension.hxx
+M IGESDimen:privinclude:IGESDimen_ToolPointDimension.jxx /dn43/OCCT/tmp/results_30.09.2011/occt/release-sources-20110930/drv/IGESDimen/IGESDimen_ToolPointDimension.jxx
+M IGESDimen:privinclude:IGESDimen_ToolPointDimension.ixx /dn43/OCCT/tmp/results_30.09.2011/occt/release-sources-20110930/drv/IGESDimen/IGESDimen_ToolPointDimension.ixx
+M IGESDimen:pubinclude:IGESDimen_ToolRadiusDimension.hxx /dn43/OCCT/tmp/results_30.09.2011/occt/release-sources-20110930/inc/IGESDimen_ToolRadiusDimension.hxx
+M IGESDimen:privinclude:IGESDimen_ToolRadiusDimension.jxx /dn43/OCCT/tmp/results_30.09.2011/occt/release-sources-20110930/drv/IGESDimen/IGESDimen_ToolRadiusDimension.jxx
+M IGESDimen:privinclude:IGESDimen_ToolRadiusDimension.ixx /dn43/OCCT/tmp/results_30.09.2011/occt/release-sources-20110930/drv/IGESDimen/IGESDimen_ToolRadiusDimension.ixx
+M IGESDimen:pubinclude:IGESDimen_ToolGeneralSymbol.hxx /dn43/OCCT/tmp/results_30.09.2011/occt/release-sources-20110930/inc/IGESDimen_ToolGeneralSymbol.hxx
+M IGESDimen:privinclude:IGESDimen_ToolGeneralSymbol.jxx /dn43/OCCT/tmp/results_30.09.2011/occt/release-sources-20110930/drv/IGESDimen/IGESDimen_ToolGeneralSymbol.jxx
+M IGESDimen:privinclude:IGESDimen_ToolGeneralSymbol.ixx /dn43/OCCT/tmp/results_30.09.2011/occt/release-sources-20110930/drv/IGESDimen/IGESDimen_ToolGeneralSymbol.ixx
+M IGESDimen:pubinclude:IGESDimen_ToolSectionedArea.hxx /dn43/OCCT/tmp/results_30.09.2011/occt/release-sources-20110930/inc/IGESDimen_ToolSectionedArea.hxx
+M IGESDimen:privinclude:IGESDimen_ToolSectionedArea.jxx /dn43/OCCT/tmp/results_30.09.2011/occt/release-sources-20110930/drv/IGESDimen/IGESDimen_ToolSectionedArea.jxx
+M IGESDimen:privinclude:IGESDimen_ToolSectionedArea.ixx /dn43/OCCT/tmp/results_30.09.2011/occt/release-sources-20110930/drv/IGESDimen/IGESDimen_ToolSectionedArea.ixx
+M IGESDimen:pubinclude:IGESDimen_ToolDimensionedGeometry.hxx /dn43/OCCT/tmp/results_30.09.2011/occt/release-sources-20110930/inc/IGESDimen_ToolDimensionedGeometry.hxx
+M IGESDimen:privinclude:IGESDimen_ToolDimensionedGeometry.jxx /dn43/OCCT/tmp/results_30.09.2011/occt/release-sources-20110930/drv/IGESDimen/IGESDimen_ToolDimensionedGeometry.jxx
+M IGESDimen:privinclude:IGESDimen_ToolDimensionedGeometry.ixx /dn43/OCCT/tmp/results_30.09.2011/occt/release-sources-20110930/drv/IGESDimen/IGESDimen_ToolDimensionedGeometry.ixx
+M IGESDimen:pubinclude:IGESDimen_ToolNewDimensionedGeometry.hxx /dn43/OCCT/tmp/results_30.09.2011/occt/release-sources-20110930/inc/IGESDimen_ToolNewDimensionedGeometry.hxx
+M IGESDimen:privinclude:IGESDimen_ToolNewDimensionedGeometry.jxx /dn43/OCCT/tmp/results_30.09.2011/occt/release-sources-20110930/drv/IGESDimen/IGESDimen_ToolNewDimensionedGeometry.jxx
+M IGESDimen:privinclude:IGESDimen_ToolNewDimensionedGeometry.ixx /dn43/OCCT/tmp/results_30.09.2011/occt/release-sources-20110930/drv/IGESDimen/IGESDimen_ToolNewDimensionedGeometry.ixx
+M IGESDimen:pubinclude:IGESDimen_ToolDimensionUnits.hxx /dn43/OCCT/tmp/results_30.09.2011/occt/release-sources-20110930/inc/IGESDimen_ToolDimensionUnits.hxx
+M IGESDimen:privinclude:IGESDimen_ToolDimensionUnits.jxx /dn43/OCCT/tmp/results_30.09.2011/occt/release-sources-20110930/drv/IGESDimen/IGESDimen_ToolDimensionUnits.jxx
+M IGESDimen:privinclude:IGESDimen_ToolDimensionUnits.ixx /dn43/OCCT/tmp/results_30.09.2011/occt/release-sources-20110930/drv/IGESDimen/IGESDimen_ToolDimensionUnits.ixx
+M IGESDimen:pubinclude:IGESDimen_ToolDimensionTolerance.hxx /dn43/OCCT/tmp/results_30.09.2011/occt/release-sources-20110930/inc/IGESDimen_ToolDimensionTolerance.hxx
+M IGESDimen:privinclude:IGESDimen_ToolDimensionTolerance.jxx /dn43/OCCT/tmp/results_30.09.2011/occt/release-sources-20110930/drv/IGESDimen/IGESDimen_ToolDimensionTolerance.jxx
+M IGESDimen:privinclude:IGESDimen_ToolDimensionTolerance.ixx /dn43/OCCT/tmp/results_30.09.2011/occt/release-sources-20110930/drv/IGESDimen/IGESDimen_ToolDimensionTolerance.ixx
+M IGESDimen:pubinclude:IGESDimen_ToolDimensionDisplayData.hxx /dn43/OCCT/tmp/results_30.09.2011/occt/release-sources-20110930/inc/IGESDimen_ToolDimensionDisplayData.hxx
+M IGESDimen:privinclude:IGESDimen_ToolDimensionDisplayData.jxx /dn43/OCCT/tmp/results_30.09.2011/occt/release-sources-20110930/drv/IGESDimen/IGESDimen_ToolDimensionDisplayData.jxx
+M IGESDimen:privinclude:IGESDimen_ToolDimensionDisplayData.ixx /dn43/OCCT/tmp/results_30.09.2011/occt/release-sources-20110930/drv/IGESDimen/IGESDimen_ToolDimensionDisplayData.ixx
+M IGESDimen:pubinclude:IGESDimen_ToolBasicDimension.hxx /dn43/OCCT/tmp/results_30.09.2011/occt/release-sources-20110930/inc/IGESDimen_ToolBasicDimension.hxx
+M IGESDimen:privinclude:IGESDimen_ToolBasicDimension.jxx /dn43/OCCT/tmp/results_30.09.2011/occt/release-sources-20110930/drv/IGESDimen/IGESDimen_ToolBasicDimension.jxx
+M IGESDimen:privinclude:IGESDimen_ToolBasicDimension.ixx /dn43/OCCT/tmp/results_30.09.2011/occt/release-sources-20110930/drv/IGESDimen/IGESDimen_ToolBasicDimension.ixx
+M IGESDimen:pubinclude:Handle_IGESDimen_Protocol.hxx /dn43/OCCT/tmp/results_30.09.2011/occt/release-sources-20110930/inc/Handle_IGESDimen_Protocol.hxx
+M IGESDimen:pubinclude:IGESDimen_Protocol.hxx /dn43/OCCT/tmp/results_30.09.2011/occt/release-sources-20110930/inc/IGESDimen_Protocol.hxx
+M IGESDimen:privinclude:IGESDimen_Protocol.jxx /dn43/OCCT/tmp/results_30.09.2011/occt/release-sources-20110930/drv/IGESDimen/IGESDimen_Protocol.jxx
+M IGESDimen:privinclude:IGESDimen_Protocol.ixx /dn43/OCCT/tmp/results_30.09.2011/occt/release-sources-20110930/drv/IGESDimen/IGESDimen_Protocol.ixx
+M IGESDimen:pubinclude:Handle_IGESDimen_ReadWriteModule.hxx /dn43/OCCT/tmp/results_30.09.2011/occt/release-sources-20110930/inc/Handle_IGESDimen_ReadWriteModule.hxx
+M IGESDimen:pubinclude:IGESDimen_ReadWriteModule.hxx /dn43/OCCT/tmp/results_30.09.2011/occt/release-sources-20110930/inc/IGESDimen_ReadWriteModule.hxx
+M IGESDimen:privinclude:IGESDimen_ReadWriteModule.jxx /dn43/OCCT/tmp/results_30.09.2011/occt/release-sources-20110930/drv/IGESDimen/IGESDimen_ReadWriteModule.jxx
+M IGESDimen:privinclude:IGESDimen_ReadWriteModule.ixx /dn43/OCCT/tmp/results_30.09.2011/occt/release-sources-20110930/drv/IGESDimen/IGESDimen_ReadWriteModule.ixx
+M IGESDimen:pubinclude:Handle_IGESDimen_GeneralModule.hxx /dn43/OCCT/tmp/results_30.09.2011/occt/release-sources-20110930/inc/Handle_IGESDimen_GeneralModule.hxx
+M IGESDimen:pubinclude:IGESDimen_GeneralModule.hxx /dn43/OCCT/tmp/results_30.09.2011/occt/release-sources-20110930/inc/IGESDimen_GeneralModule.hxx
+M IGESDimen:privinclude:IGESDimen_GeneralModule.jxx /dn43/OCCT/tmp/results_30.09.2011/occt/release-sources-20110930/drv/IGESDimen/IGESDimen_GeneralModule.jxx
+M IGESDimen:privinclude:IGESDimen_GeneralModule.ixx /dn43/OCCT/tmp/results_30.09.2011/occt/release-sources-20110930/drv/IGESDimen/IGESDimen_GeneralModule.ixx
+M IGESDimen:pubinclude:Handle_IGESDimen_SpecificModule.hxx /dn43/OCCT/tmp/results_30.09.2011/occt/release-sources-20110930/inc/Handle_IGESDimen_SpecificModule.hxx
+M IGESDimen:pubinclude:IGESDimen_SpecificModule.hxx /dn43/OCCT/tmp/results_30.09.2011/occt/release-sources-20110930/inc/IGESDimen_SpecificModule.hxx
+M IGESDimen:privinclude:IGESDimen_SpecificModule.jxx /dn43/OCCT/tmp/results_30.09.2011/occt/release-sources-20110930/drv/IGESDimen/IGESDimen_SpecificModule.jxx
+M IGESDimen:privinclude:IGESDimen_SpecificModule.ixx /dn43/OCCT/tmp/results_30.09.2011/occt/release-sources-20110930/drv/IGESDimen/IGESDimen_SpecificModule.ixx
+M IGESDimen:pubinclude:IGESDimen_Array1OfLeaderArrow.hxx /dn43/OCCT/tmp/results_30.09.2011/occt/release-sources-20110930/inc/IGESDimen_Array1OfLeaderArrow.hxx
+M IGESDimen:derivated:IGESDimen_Array1OfLeaderArrow_0.cxx /dn43/OCCT/tmp/results_30.09.2011/occt/release-sources-20110930/drv/IGESDimen/IGESDimen_Array1OfLeaderArrow_0.cxx
+M IGESDimen:pubinclude:IGESDimen_Array1OfGeneralNote.hxx /dn43/OCCT/tmp/results_30.09.2011/occt/release-sources-20110930/inc/IGESDimen_Array1OfGeneralNote.hxx
+M IGESDimen:derivated:IGESDimen_Array1OfGeneralNote_0.cxx /dn43/OCCT/tmp/results_30.09.2011/occt/release-sources-20110930/drv/IGESDimen/IGESDimen_Array1OfGeneralNote_0.cxx
+M IGESDimen:pubinclude:Handle_IGESDimen_HArray1OfLeaderArrow.hxx /dn43/OCCT/tmp/results_30.09.2011/occt/release-sources-20110930/inc/Handle_IGESDimen_HArray1OfLeaderArrow.hxx
+M IGESDimen:pubinclude:IGESDimen_HArray1OfLeaderArrow.hxx /dn43/OCCT/tmp/results_30.09.2011/occt/release-sources-20110930/inc/IGESDimen_HArray1OfLeaderArrow.hxx
+M IGESDimen:derivated:IGESDimen_HArray1OfLeaderArrow_0.cxx /dn43/OCCT/tmp/results_30.09.2011/occt/release-sources-20110930/drv/IGESDimen/IGESDimen_HArray1OfLeaderArrow_0.cxx
+M IGESDimen:pubinclude:Handle_IGESDimen_HArray1OfGeneralNote.hxx /dn43/OCCT/tmp/results_30.09.2011/occt/release-sources-20110930/inc/Handle_IGESDimen_HArray1OfGeneralNote.hxx
+M IGESDimen:pubinclude:IGESDimen_HArray1OfGeneralNote.hxx /dn43/OCCT/tmp/results_30.09.2011/occt/release-sources-20110930/inc/IGESDimen_HArray1OfGeneralNote.hxx
+M IGESDimen:derivated:IGESDimen_HArray1OfGeneralNote_0.cxx /dn43/OCCT/tmp/results_30.09.2011/occt/release-sources-20110930/drv/IGESDimen/IGESDimen_HArray1OfGeneralNote_0.cxx
+M IGESDimen:dbadmfile:IGESDimen_xcpp_header.In /dn43/OCCT/tmp/results_30.09.2011/occt/release-sources-20110930/drv/IGESDimen/.adm/IGESDimen_xcpp_header.In
+M IGESDimen:dbadmfile:IGESDimen_xcpp_header.Out /dn43/OCCT/tmp/results_30.09.2011/occt/release-sources-20110930/drv/IGESDimen/.adm/IGESDimen_xcpp_header.Out
+M IGESDimen:dbadmfile:IGESDimen_xcpp_header.Dep /dn43/OCCT/tmp/results_30.09.2011/occt/release-sources-20110930/drv/IGESDimen/.adm/IGESDimen_xcpp_header.Dep
