+M TopOpeBRepTool:pubinclude:TopOpeBRepTool.hxx /dn43/OCCT/tmp/results_30.09.2011/occt/release-sources-20110930/inc/TopOpeBRepTool.hxx
+M TopOpeBRepTool:privinclude:TopOpeBRepTool.jxx /dn43/OCCT/tmp/results_30.09.2011/occt/release-sources-20110930/drv/TopOpeBRepTool/TopOpeBRepTool.jxx
+M TopOpeBRepTool:privinclude:TopOpeBRepTool.ixx /dn43/OCCT/tmp/results_30.09.2011/occt/release-sources-20110930/drv/TopOpeBRepTool/TopOpeBRepTool.ixx
+M TopOpeBRepTool:pubinclude:TopOpeBRepTool_GeomTool.hxx /dn43/OCCT/tmp/results_30.09.2011/occt/release-sources-20110930/inc/TopOpeBRepTool_GeomTool.hxx
+M TopOpeBRepTool:privinclude:TopOpeBRepTool_GeomTool.jxx /dn43/OCCT/tmp/results_30.09.2011/occt/release-sources-20110930/drv/TopOpeBRepTool/TopOpeBRepTool_GeomTool.jxx
+M TopOpeBRepTool:privinclude:TopOpeBRepTool_GeomTool.ixx /dn43/OCCT/tmp/results_30.09.2011/occt/release-sources-20110930/drv/TopOpeBRepTool/TopOpeBRepTool_GeomTool.ixx
+M TopOpeBRepTool:pubinclude:TopOpeBRepTool_AncestorsTool.hxx /dn43/OCCT/tmp/results_30.09.2011/occt/release-sources-20110930/inc/TopOpeBRepTool_AncestorsTool.hxx
+M TopOpeBRepTool:privinclude:TopOpeBRepTool_AncestorsTool.jxx /dn43/OCCT/tmp/results_30.09.2011/occt/release-sources-20110930/drv/TopOpeBRepTool/TopOpeBRepTool_AncestorsTool.jxx
+M TopOpeBRepTool:privinclude:TopOpeBRepTool_AncestorsTool.ixx /dn43/OCCT/tmp/results_30.09.2011/occt/release-sources-20110930/drv/TopOpeBRepTool/TopOpeBRepTool_AncestorsTool.ixx
+M TopOpeBRepTool:pubinclude:TopOpeBRepTool_C2DF.hxx /dn43/OCCT/tmp/results_30.09.2011/occt/release-sources-20110930/inc/TopOpeBRepTool_C2DF.hxx
+M TopOpeBRepTool:privinclude:TopOpeBRepTool_C2DF.jxx /dn43/OCCT/tmp/results_30.09.2011/occt/release-sources-20110930/drv/TopOpeBRepTool/TopOpeBRepTool_C2DF.jxx
+M TopOpeBRepTool:privinclude:TopOpeBRepTool_C2DF.ixx /dn43/OCCT/tmp/results_30.09.2011/occt/release-sources-20110930/drv/TopOpeBRepTool/TopOpeBRepTool_C2DF.ixx
+M TopOpeBRepTool:pubinclude:TopOpeBRepTool_ListOfC2DF.hxx /dn43/OCCT/tmp/results_30.09.2011/occt/release-sources-20110930/inc/TopOpeBRepTool_ListOfC2DF.hxx
+M TopOpeBRepTool:derivated:TopOpeBRepTool_ListOfC2DF_0.cxx /dn43/OCCT/tmp/results_30.09.2011/occt/release-sources-20110930/drv/TopOpeBRepTool/TopOpeBRepTool_ListOfC2DF_0.cxx
+M TopOpeBRepTool:pubinclude:TopOpeBRepTool_DataMapOfOrientedShapeC2DF.hxx /dn43/OCCT/tmp/results_30.09.2011/occt/release-sources-20110930/inc/TopOpeBRepTool_DataMapOfOrientedShapeC2DF.hxx
+M TopOpeBRepTool:derivated:TopOpeBRepTool_DataMapOfOrientedShapeC2DF_0.cxx /dn43/OCCT/tmp/results_30.09.2011/occt/release-sources-20110930/drv/TopOpeBRepTool/TopOpeBRepTool_DataMapOfOrientedShapeC2DF_0.cxx
+M TopOpeBRepTool:pubinclude:TopOpeBRepTool_DataMapOfShapeListOfC2DF.hxx /dn43/OCCT/tmp/results_30.09.2011/occt/release-sources-20110930/inc/TopOpeBRepTool_DataMapOfShapeListOfC2DF.hxx
+M TopOpeBRepTool:derivated:TopOpeBRepTool_DataMapOfShapeListOfC2DF_0.cxx /dn43/OCCT/tmp/results_30.09.2011/occt/release-sources-20110930/drv/TopOpeBRepTool/TopOpeBRepTool_DataMapOfShapeListOfC2DF_0.cxx
+M TopOpeBRepTool:pubinclude:TopOpeBRepTool_IndexedDataMapOfSolidClassifier.hxx /dn43/OCCT/tmp/results_30.09.2011/occt/release-sources-20110930/inc/TopOpeBRepTool_IndexedDataMapOfSolidClassifier.hxx
+M TopOpeBRepTool:derivated:TopOpeBRepTool_IndexedDataMapOfSolidClassifier_0.cxx /dn43/OCCT/tmp/results_30.09.2011/occt/release-sources-20110930/drv/TopOpeBRepTool/TopOpeBRepTool_IndexedDataMapOfSolidClassifier_0.cxx
+M TopOpeBRepTool:pubinclude:TopOpeBRepTool_SolidClassifier.hxx /dn43/OCCT/tmp/results_30.09.2011/occt/release-sources-20110930/inc/TopOpeBRepTool_SolidClassifier.hxx
+M TopOpeBRepTool:privinclude:TopOpeBRepTool_SolidClassifier.jxx /dn43/OCCT/tmp/results_30.09.2011/occt/release-sources-20110930/drv/TopOpeBRepTool/TopOpeBRepTool_SolidClassifier.jxx
+M TopOpeBRepTool:privinclude:TopOpeBRepTool_SolidClassifier.ixx /dn43/OCCT/tmp/results_30.09.2011/occt/release-sources-20110930/drv/TopOpeBRepTool/TopOpeBRepTool_SolidClassifier.ixx
+M TopOpeBRepTool:pubinclude:TopOpeBRepTool_CurveTool.hxx /dn43/OCCT/tmp/results_30.09.2011/occt/release-sources-20110930/inc/TopOpeBRepTool_CurveTool.hxx
+M TopOpeBRepTool:privinclude:TopOpeBRepTool_CurveTool.jxx /dn43/OCCT/tmp/results_30.09.2011/occt/release-sources-20110930/drv/TopOpeBRepTool/TopOpeBRepTool_CurveTool.jxx
+M TopOpeBRepTool:privinclude:TopOpeBRepTool_CurveTool.ixx /dn43/OCCT/tmp/results_30.09.2011/occt/release-sources-20110930/drv/TopOpeBRepTool/TopOpeBRepTool_CurveTool.ixx
+M TopOpeBRepTool:pubinclude:TopOpeBRepTool_IndexedDataMapOfShapeBox2d.hxx /dn43/OCCT/tmp/results_30.09.2011/occt/release-sources-20110930/inc/TopOpeBRepTool_IndexedDataMapOfShapeBox2d.hxx
+M TopOpeBRepTool:derivated:TopOpeBRepTool_IndexedDataMapOfShapeBox2d_0.cxx /dn43/OCCT/tmp/results_30.09.2011/occt/release-sources-20110930/drv/TopOpeBRepTool/TopOpeBRepTool_IndexedDataMapOfShapeBox2d_0.cxx
+M TopOpeBRepTool:pubinclude:TopOpeBRepTool_IndexedDataMapOfShapeBox.hxx /dn43/OCCT/tmp/results_30.09.2011/occt/release-sources-20110930/inc/TopOpeBRepTool_IndexedDataMapOfShapeBox.hxx
+M TopOpeBRepTool:derivated:TopOpeBRepTool_IndexedDataMapOfShapeBox_0.cxx /dn43/OCCT/tmp/results_30.09.2011/occt/release-sources-20110930/drv/TopOpeBRepTool/TopOpeBRepTool_IndexedDataMapOfShapeBox_0.cxx
+M TopOpeBRepTool:pubinclude:Handle_TopOpeBRepTool_HBoxTool.hxx /dn43/OCCT/tmp/results_30.09.2011/occt/release-sources-20110930/inc/Handle_TopOpeBRepTool_HBoxTool.hxx
+M TopOpeBRepTool:pubinclude:TopOpeBRepTool_HBoxTool.hxx /dn43/OCCT/tmp/results_30.09.2011/occt/release-sources-20110930/inc/TopOpeBRepTool_HBoxTool.hxx
+M TopOpeBRepTool:privinclude:TopOpeBRepTool_HBoxTool.jxx /dn43/OCCT/tmp/results_30.09.2011/occt/release-sources-20110930/drv/TopOpeBRepTool/TopOpeBRepTool_HBoxTool.jxx
+M TopOpeBRepTool:privinclude:TopOpeBRepTool_HBoxTool.ixx /dn43/OCCT/tmp/results_30.09.2011/occt/release-sources-20110930/drv/TopOpeBRepTool/TopOpeBRepTool_HBoxTool.ixx
+M TopOpeBRepTool:pubinclude:TopOpeBRepTool_BoxSort.hxx /dn43/OCCT/tmp/results_30.09.2011/occt/release-sources-20110930/inc/TopOpeBRepTool_BoxSort.hxx
+M TopOpeBRepTool:privinclude:TopOpeBRepTool_BoxSort.jxx /dn43/OCCT/tmp/results_30.09.2011/occt/release-sources-20110930/drv/TopOpeBRepTool/TopOpeBRepTool_BoxSort.jxx
+M TopOpeBRepTool:privinclude:TopOpeBRepTool_BoxSort.ixx /dn43/OCCT/tmp/results_30.09.2011/occt/release-sources-20110930/drv/TopOpeBRepTool/TopOpeBRepTool_BoxSort.ixx
+M TopOpeBRepTool:pubinclude:TopOpeBRepTool_ShapeExplorer.hxx /dn43/OCCT/tmp/results_30.09.2011/occt/release-sources-20110930/inc/TopOpeBRepTool_ShapeExplorer.hxx
+M TopOpeBRepTool:privinclude:TopOpeBRepTool_ShapeExplorer.jxx /dn43/OCCT/tmp/results_30.09.2011/occt/release-sources-20110930/drv/TopOpeBRepTool/TopOpeBRepTool_ShapeExplorer.jxx
+M TopOpeBRepTool:privinclude:TopOpeBRepTool_ShapeExplorer.ixx /dn43/OCCT/tmp/results_30.09.2011/occt/release-sources-20110930/drv/TopOpeBRepTool/TopOpeBRepTool_ShapeExplorer.ixx
+M TopOpeBRepTool:pubinclude:TopOpeBRepTool_ShapeTool.hxx /dn43/OCCT/tmp/results_30.09.2011/occt/release-sources-20110930/inc/TopOpeBRepTool_ShapeTool.hxx
+M TopOpeBRepTool:privinclude:TopOpeBRepTool_ShapeTool.jxx /dn43/OCCT/tmp/results_30.09.2011/occt/release-sources-20110930/drv/TopOpeBRepTool/TopOpeBRepTool_ShapeTool.jxx
+M TopOpeBRepTool:privinclude:TopOpeBRepTool_ShapeTool.ixx /dn43/OCCT/tmp/results_30.09.2011/occt/release-sources-20110930/drv/TopOpeBRepTool/TopOpeBRepTool_ShapeTool.ixx
+M TopOpeBRepTool:pubinclude:TopOpeBRepTool_ShapeClassifier.hxx /dn43/OCCT/tmp/results_30.09.2011/occt/release-sources-20110930/inc/TopOpeBRepTool_ShapeClassifier.hxx
+M TopOpeBRepTool:privinclude:TopOpeBRepTool_ShapeClassifier.jxx /dn43/OCCT/tmp/results_30.09.2011/occt/release-sources-20110930/drv/TopOpeBRepTool/TopOpeBRepTool_ShapeClassifier.jxx
+M TopOpeBRepTool:privinclude:TopOpeBRepTool_ShapeClassifier.ixx /dn43/OCCT/tmp/results_30.09.2011/occt/release-sources-20110930/drv/TopOpeBRepTool/TopOpeBRepTool_ShapeClassifier.ixx
+M TopOpeBRepTool:pubinclude:TopOpeBRepTool_connexity.hxx /dn43/OCCT/tmp/results_30.09.2011/occt/release-sources-20110930/inc/TopOpeBRepTool_connexity.hxx
+M TopOpeBRepTool:privinclude:TopOpeBRepTool_connexity.jxx /dn43/OCCT/tmp/results_30.09.2011/occt/release-sources-20110930/drv/TopOpeBRepTool/TopOpeBRepTool_connexity.jxx
+M TopOpeBRepTool:privinclude:TopOpeBRepTool_connexity.ixx /dn43/OCCT/tmp/results_30.09.2011/occt/release-sources-20110930/drv/TopOpeBRepTool/TopOpeBRepTool_connexity.ixx
+M TopOpeBRepTool:pubinclude:TopOpeBRepTool_IndexedDataMapOfShapeconnexity.hxx /dn43/OCCT/tmp/results_30.09.2011/occt/release-sources-20110930/inc/TopOpeBRepTool_IndexedDataMapOfShapeconnexity.hxx
+M TopOpeBRepTool:derivated:TopOpeBRepTool_IndexedDataMapOfShapeconnexity_0.cxx /dn43/OCCT/tmp/results_30.09.2011/occt/release-sources-20110930/drv/TopOpeBRepTool/TopOpeBRepTool_IndexedDataMapOfShapeconnexity_0.cxx
+M TopOpeBRepTool:pubinclude:TopOpeBRepTool_face.hxx /dn43/OCCT/tmp/results_30.09.2011/occt/release-sources-20110930/inc/TopOpeBRepTool_face.hxx
+M TopOpeBRepTool:privinclude:TopOpeBRepTool_face.jxx /dn43/OCCT/tmp/results_30.09.2011/occt/release-sources-20110930/drv/TopOpeBRepTool/TopOpeBRepTool_face.jxx
+M TopOpeBRepTool:privinclude:TopOpeBRepTool_face.ixx /dn43/OCCT/tmp/results_30.09.2011/occt/release-sources-20110930/drv/TopOpeBRepTool/TopOpeBRepTool_face.ixx
+M TopOpeBRepTool:pubinclude:TopOpeBRepTool_DataMapOfShapeface.hxx /dn43/OCCT/tmp/results_30.09.2011/occt/release-sources-20110930/inc/TopOpeBRepTool_DataMapOfShapeface.hxx
+M TopOpeBRepTool:derivated:TopOpeBRepTool_DataMapOfShapeface_0.cxx /dn43/OCCT/tmp/results_30.09.2011/occt/release-sources-20110930/drv/TopOpeBRepTool/TopOpeBRepTool_DataMapOfShapeface_0.cxx
+M TopOpeBRepTool:pubinclude:TopOpeBRepTool_CLASSI.hxx /dn43/OCCT/tmp/results_30.09.2011/occt/release-sources-20110930/inc/TopOpeBRepTool_CLASSI.hxx
+M TopOpeBRepTool:privinclude:TopOpeBRepTool_CLASSI.jxx /dn43/OCCT/tmp/results_30.09.2011/occt/release-sources-20110930/drv/TopOpeBRepTool/TopOpeBRepTool_CLASSI.jxx
+M TopOpeBRepTool:privinclude:TopOpeBRepTool_CLASSI.ixx /dn43/OCCT/tmp/results_30.09.2011/occt/release-sources-20110930/drv/TopOpeBRepTool/TopOpeBRepTool_CLASSI.ixx
+M TopOpeBRepTool:pubinclude:TopOpeBRepTool_TOOL.hxx /dn43/OCCT/tmp/results_30.09.2011/occt/release-sources-20110930/inc/TopOpeBRepTool_TOOL.hxx
+M TopOpeBRepTool:privinclude:TopOpeBRepTool_TOOL.jxx /dn43/OCCT/tmp/results_30.09.2011/occt/release-sources-20110930/drv/TopOpeBRepTool/TopOpeBRepTool_TOOL.jxx
+M TopOpeBRepTool:privinclude:TopOpeBRepTool_TOOL.ixx /dn43/OCCT/tmp/results_30.09.2011/occt/release-sources-20110930/drv/TopOpeBRepTool/TopOpeBRepTool_TOOL.ixx
+M TopOpeBRepTool:pubinclude:TopOpeBRepTool_CORRISO.hxx /dn43/OCCT/tmp/results_30.09.2011/occt/release-sources-20110930/inc/TopOpeBRepTool_CORRISO.hxx
+M TopOpeBRepTool:privinclude:TopOpeBRepTool_CORRISO.jxx /dn43/OCCT/tmp/results_30.09.2011/occt/release-sources-20110930/drv/TopOpeBRepTool/TopOpeBRepTool_CORRISO.jxx
+M TopOpeBRepTool:privinclude:TopOpeBRepTool_CORRISO.ixx /dn43/OCCT/tmp/results_30.09.2011/occt/release-sources-20110930/drv/TopOpeBRepTool/TopOpeBRepTool_CORRISO.ixx
+M TopOpeBRepTool:pubinclude:TopOpeBRepTool_REGUW.hxx /dn43/OCCT/tmp/results_30.09.2011/occt/release-sources-20110930/inc/TopOpeBRepTool_REGUW.hxx
+M TopOpeBRepTool:privinclude:TopOpeBRepTool_REGUW.jxx /dn43/OCCT/tmp/results_30.09.2011/occt/release-sources-20110930/drv/TopOpeBRepTool/TopOpeBRepTool_REGUW.jxx
+M TopOpeBRepTool:privinclude:TopOpeBRepTool_REGUW.ixx /dn43/OCCT/tmp/results_30.09.2011/occt/release-sources-20110930/drv/TopOpeBRepTool/TopOpeBRepTool_REGUW.ixx
+M TopOpeBRepTool:pubinclude:TopOpeBRepTool_REGUS.hxx /dn43/OCCT/tmp/results_30.09.2011/occt/release-sources-20110930/inc/TopOpeBRepTool_REGUS.hxx
+M TopOpeBRepTool:privinclude:TopOpeBRepTool_REGUS.jxx /dn43/OCCT/tmp/results_30.09.2011/occt/release-sources-20110930/drv/TopOpeBRepTool/TopOpeBRepTool_REGUS.jxx
+M TopOpeBRepTool:privinclude:TopOpeBRepTool_REGUS.ixx /dn43/OCCT/tmp/results_30.09.2011/occt/release-sources-20110930/drv/TopOpeBRepTool/TopOpeBRepTool_REGUS.ixx
+M TopOpeBRepTool:pubinclude:TopOpeBRepTool_makeTransition.hxx /dn43/OCCT/tmp/results_30.09.2011/occt/release-sources-20110930/inc/TopOpeBRepTool_makeTransition.hxx
+M TopOpeBRepTool:privinclude:TopOpeBRepTool_makeTransition.jxx /dn43/OCCT/tmp/results_30.09.2011/occt/release-sources-20110930/drv/TopOpeBRepTool/TopOpeBRepTool_makeTransition.jxx
+M TopOpeBRepTool:privinclude:TopOpeBRepTool_makeTransition.ixx /dn43/OCCT/tmp/results_30.09.2011/occt/release-sources-20110930/drv/TopOpeBRepTool/TopOpeBRepTool_makeTransition.ixx
+M TopOpeBRepTool:pubinclude:TopOpeBRepTool_mkTondgE.hxx /dn43/OCCT/tmp/results_30.09.2011/occt/release-sources-20110930/inc/TopOpeBRepTool_mkTondgE.hxx
+M TopOpeBRepTool:privinclude:TopOpeBRepTool_mkTondgE.jxx /dn43/OCCT/tmp/results_30.09.2011/occt/release-sources-20110930/drv/TopOpeBRepTool/TopOpeBRepTool_mkTondgE.jxx
+M TopOpeBRepTool:privinclude:TopOpeBRepTool_mkTondgE.ixx /dn43/OCCT/tmp/results_30.09.2011/occt/release-sources-20110930/drv/TopOpeBRepTool/TopOpeBRepTool_mkTondgE.ixx
+M TopOpeBRepTool:pubinclude:TopOpeBRepTool_PurgeInternalEdges.hxx /dn43/OCCT/tmp/results_30.09.2011/occt/release-sources-20110930/inc/TopOpeBRepTool_PurgeInternalEdges.hxx
+M TopOpeBRepTool:privinclude:TopOpeBRepTool_PurgeInternalEdges.jxx /dn43/OCCT/tmp/results_30.09.2011/occt/release-sources-20110930/drv/TopOpeBRepTool/TopOpeBRepTool_PurgeInternalEdges.jxx
+M TopOpeBRepTool:privinclude:TopOpeBRepTool_PurgeInternalEdges.ixx /dn43/OCCT/tmp/results_30.09.2011/occt/release-sources-20110930/drv/TopOpeBRepTool/TopOpeBRepTool_PurgeInternalEdges.ixx
+M TopOpeBRepTool:pubinclude:TopOpeBRepTool_FuseEdges.hxx /dn43/OCCT/tmp/results_30.09.2011/occt/release-sources-20110930/inc/TopOpeBRepTool_FuseEdges.hxx
+M TopOpeBRepTool:privinclude:TopOpeBRepTool_FuseEdges.jxx /dn43/OCCT/tmp/results_30.09.2011/occt/release-sources-20110930/drv/TopOpeBRepTool/TopOpeBRepTool_FuseEdges.jxx
+M TopOpeBRepTool:privinclude:TopOpeBRepTool_FuseEdges.ixx /dn43/OCCT/tmp/results_30.09.2011/occt/release-sources-20110930/drv/TopOpeBRepTool/TopOpeBRepTool_FuseEdges.ixx
+M TopOpeBRepTool:pubinclude:Handle_TopOpeBRepTool_ListNodeOfListOfC2DF.hxx /dn43/OCCT/tmp/results_30.09.2011/occt/release-sources-20110930/inc/Handle_TopOpeBRepTool_ListNodeOfListOfC2DF.hxx
+M TopOpeBRepTool:pubinclude:TopOpeBRepTool_ListNodeOfListOfC2DF.hxx /dn43/OCCT/tmp/results_30.09.2011/occt/release-sources-20110930/inc/TopOpeBRepTool_ListNodeOfListOfC2DF.hxx
+M TopOpeBRepTool:derivated:TopOpeBRepTool_ListNodeOfListOfC2DF_0.cxx /dn43/OCCT/tmp/results_30.09.2011/occt/release-sources-20110930/drv/TopOpeBRepTool/TopOpeBRepTool_ListNodeOfListOfC2DF_0.cxx
+M TopOpeBRepTool:pubinclude:TopOpeBRepTool_ListIteratorOfListOfC2DF.hxx /dn43/OCCT/tmp/results_30.09.2011/occt/release-sources-20110930/inc/TopOpeBRepTool_ListIteratorOfListOfC2DF.hxx
+M TopOpeBRepTool:derivated:TopOpeBRepTool_ListIteratorOfListOfC2DF_0.cxx /dn43/OCCT/tmp/results_30.09.2011/occt/release-sources-20110930/drv/TopOpeBRepTool/TopOpeBRepTool_ListIteratorOfListOfC2DF_0.cxx
+M TopOpeBRepTool:pubinclude:Handle_TopOpeBRepTool_DataMapNodeOfDataMapOfOrientedShapeC2DF.hxx /dn43/OCCT/tmp/results_30.09.2011/occt/release-sources-20110930/inc/Handle_TopOpeBRepTool_DataMapNodeOfDataMapOfOrientedShapeC2DF.hxx
+M TopOpeBRepTool:pubinclude:TopOpeBRepTool_DataMapNodeOfDataMapOfOrientedShapeC2DF.hxx /dn43/OCCT/tmp/results_30.09.2011/occt/release-sources-20110930/inc/TopOpeBRepTool_DataMapNodeOfDataMapOfOrientedShapeC2DF.hxx
+M TopOpeBRepTool:derivated:TopOpeBRepTool_DataMapNodeOfDataMapOfOrientedShapeC2DF_0.cxx /dn43/OCCT/tmp/results_30.09.2011/occt/release-sources-20110930/drv/TopOpeBRepTool/TopOpeBRepTool_DataMapNodeOfDataMapOfOrientedShapeC2DF_0.cxx
+M TopOpeBRepTool:pubinclude:TopOpeBRepTool_DataMapIteratorOfDataMapOfOrientedShapeC2DF.hxx /dn43/OCCT/tmp/results_30.09.2011/occt/release-sources-20110930/inc/TopOpeBRepTool_DataMapIteratorOfDataMapOfOrientedShapeC2DF.hxx
+M TopOpeBRepTool:derivated:TopOpeBRepTool_DataMapIteratorOfDataMapOfOrientedShapeC2DF_0.cxx /dn43/OCCT/tmp/results_30.09.2011/occt/release-sources-20110930/drv/TopOpeBRepTool/TopOpeBRepTool_DataMapIteratorOfDataMapOfOrientedShapeC2DF_0.cxx
+M TopOpeBRepTool:pubinclude:Handle_TopOpeBRepTool_DataMapNodeOfDataMapOfShapeListOfC2DF.hxx /dn43/OCCT/tmp/results_30.09.2011/occt/release-sources-20110930/inc/Handle_TopOpeBRepTool_DataMapNodeOfDataMapOfShapeListOfC2DF.hxx
+M TopOpeBRepTool:pubinclude:TopOpeBRepTool_DataMapNodeOfDataMapOfShapeListOfC2DF.hxx /dn43/OCCT/tmp/results_30.09.2011/occt/release-sources-20110930/inc/TopOpeBRepTool_DataMapNodeOfDataMapOfShapeListOfC2DF.hxx
+M TopOpeBRepTool:derivated:TopOpeBRepTool_DataMapNodeOfDataMapOfShapeListOfC2DF_0.cxx /dn43/OCCT/tmp/results_30.09.2011/occt/release-sources-20110930/drv/TopOpeBRepTool/TopOpeBRepTool_DataMapNodeOfDataMapOfShapeListOfC2DF_0.cxx
+M TopOpeBRepTool:pubinclude:TopOpeBRepTool_DataMapIteratorOfDataMapOfShapeListOfC2DF.hxx /dn43/OCCT/tmp/results_30.09.2011/occt/release-sources-20110930/inc/TopOpeBRepTool_DataMapIteratorOfDataMapOfShapeListOfC2DF.hxx
+M TopOpeBRepTool:derivated:TopOpeBRepTool_DataMapIteratorOfDataMapOfShapeListOfC2DF_0.cxx /dn43/OCCT/tmp/results_30.09.2011/occt/release-sources-20110930/drv/TopOpeBRepTool/TopOpeBRepTool_DataMapIteratorOfDataMapOfShapeListOfC2DF_0.cxx
+M TopOpeBRepTool:pubinclude:Handle_TopOpeBRepTool_IndexedDataMapNodeOfIndexedDataMapOfSolidClassifier.hxx /dn43/OCCT/tmp/results_30.09.2011/occt/release-sources-20110930/inc/Handle_TopOpeBRepTool_IndexedDataMapNodeOfIndexedDataMapOfSolidClassifier.hxx
+M TopOpeBRepTool:pubinclude:TopOpeBRepTool_IndexedDataMapNodeOfIndexedDataMapOfSolidClassifier.hxx /dn43/OCCT/tmp/results_30.09.2011/occt/release-sources-20110930/inc/TopOpeBRepTool_IndexedDataMapNodeOfIndexedDataMapOfSolidClassifier.hxx
+M TopOpeBRepTool:derivated:TopOpeBRepTool_IndexedDataMapNodeOfIndexedDataMapOfSolidClassifier_0.cxx /dn43/OCCT/tmp/results_30.09.2011/occt/release-sources-20110930/drv/TopOpeBRepTool/TopOpeBRepTool_IndexedDataMapNodeOfIndexedDataMapOfSolidClassifier_0.cxx
+M TopOpeBRepTool:pubinclude:Handle_TopOpeBRepTool_IndexedDataMapNodeOfIndexedDataMapOfShapeBox2d.hxx /dn43/OCCT/tmp/results_30.09.2011/occt/release-sources-20110930/inc/Handle_TopOpeBRepTool_IndexedDataMapNodeOfIndexedDataMapOfShapeBox2d.hxx
+M TopOpeBRepTool:pubinclude:TopOpeBRepTool_IndexedDataMapNodeOfIndexedDataMapOfShapeBox2d.hxx /dn43/OCCT/tmp/results_30.09.2011/occt/release-sources-20110930/inc/TopOpeBRepTool_IndexedDataMapNodeOfIndexedDataMapOfShapeBox2d.hxx
+M TopOpeBRepTool:derivated:TopOpeBRepTool_IndexedDataMapNodeOfIndexedDataMapOfShapeBox2d_0.cxx /dn43/OCCT/tmp/results_30.09.2011/occt/release-sources-20110930/drv/TopOpeBRepTool/TopOpeBRepTool_IndexedDataMapNodeOfIndexedDataMapOfShapeBox2d_0.cxx
+M TopOpeBRepTool:pubinclude:Handle_TopOpeBRepTool_IndexedDataMapNodeOfIndexedDataMapOfShapeBox.hxx /dn43/OCCT/tmp/results_30.09.2011/occt/release-sources-20110930/inc/Handle_TopOpeBRepTool_IndexedDataMapNodeOfIndexedDataMapOfShapeBox.hxx
+M TopOpeBRepTool:pubinclude:TopOpeBRepTool_IndexedDataMapNodeOfIndexedDataMapOfShapeBox.hxx /dn43/OCCT/tmp/results_30.09.2011/occt/release-sources-20110930/inc/TopOpeBRepTool_IndexedDataMapNodeOfIndexedDataMapOfShapeBox.hxx
+M TopOpeBRepTool:derivated:TopOpeBRepTool_IndexedDataMapNodeOfIndexedDataMapOfShapeBox_0.cxx /dn43/OCCT/tmp/results_30.09.2011/occt/release-sources-20110930/drv/TopOpeBRepTool/TopOpeBRepTool_IndexedDataMapNodeOfIndexedDataMapOfShapeBox_0.cxx
+M TopOpeBRepTool:pubinclude:Handle_TopOpeBRepTool_IndexedDataMapNodeOfIndexedDataMapOfShapeconnexity.hxx /dn43/OCCT/tmp/results_30.09.2011/occt/release-sources-20110930/inc/Handle_TopOpeBRepTool_IndexedDataMapNodeOfIndexedDataMapOfShapeconnexity.hxx
+M TopOpeBRepTool:pubinclude:TopOpeBRepTool_IndexedDataMapNodeOfIndexedDataMapOfShapeconnexity.hxx /dn43/OCCT/tmp/results_30.09.2011/occt/release-sources-20110930/inc/TopOpeBRepTool_IndexedDataMapNodeOfIndexedDataMapOfShapeconnexity.hxx
+M TopOpeBRepTool:derivated:TopOpeBRepTool_IndexedDataMapNodeOfIndexedDataMapOfShapeconnexity_0.cxx /dn43/OCCT/tmp/results_30.09.2011/occt/release-sources-20110930/drv/TopOpeBRepTool/TopOpeBRepTool_IndexedDataMapNodeOfIndexedDataMapOfShapeconnexity_0.cxx
+M TopOpeBRepTool:pubinclude:Handle_TopOpeBRepTool_DataMapNodeOfDataMapOfShapeface.hxx /dn43/OCCT/tmp/results_30.09.2011/occt/release-sources-20110930/inc/Handle_TopOpeBRepTool_DataMapNodeOfDataMapOfShapeface.hxx
+M TopOpeBRepTool:pubinclude:TopOpeBRepTool_DataMapNodeOfDataMapOfShapeface.hxx /dn43/OCCT/tmp/results_30.09.2011/occt/release-sources-20110930/inc/TopOpeBRepTool_DataMapNodeOfDataMapOfShapeface.hxx
+M TopOpeBRepTool:derivated:TopOpeBRepTool_DataMapNodeOfDataMapOfShapeface_0.cxx /dn43/OCCT/tmp/results_30.09.2011/occt/release-sources-20110930/drv/TopOpeBRepTool/TopOpeBRepTool_DataMapNodeOfDataMapOfShapeface_0.cxx
+M TopOpeBRepTool:pubinclude:TopOpeBRepTool_DataMapIteratorOfDataMapOfShapeface.hxx /dn43/OCCT/tmp/results_30.09.2011/occt/release-sources-20110930/inc/TopOpeBRepTool_DataMapIteratorOfDataMapOfShapeface.hxx
+M TopOpeBRepTool:derivated:TopOpeBRepTool_DataMapIteratorOfDataMapOfShapeface_0.cxx /dn43/OCCT/tmp/results_30.09.2011/occt/release-sources-20110930/drv/TopOpeBRepTool/TopOpeBRepTool_DataMapIteratorOfDataMapOfShapeface_0.cxx
+M TopOpeBRepTool:pubinclude:TopOpeBRepTool_OutCurveType.hxx /dn43/OCCT/tmp/results_30.09.2011/occt/release-sources-20110930/inc/TopOpeBRepTool_OutCurveType.hxx
+M TopOpeBRepTool:pubinclude:TopOpeBRepTool_PSoClassif.hxx /dn43/OCCT/tmp/results_30.09.2011/occt/release-sources-20110930/inc/TopOpeBRepTool_PSoClassif.hxx
+M TopOpeBRepTool:pubinclude:TopOpeBRepTool_Plos.hxx /dn43/OCCT/tmp/results_30.09.2011/occt/release-sources-20110930/inc/TopOpeBRepTool_Plos.hxx
+M TopOpeBRepTool:pubinclude:TopOpeBRepTool_PShapeClassifier.hxx /dn43/OCCT/tmp/results_30.09.2011/occt/release-sources-20110930/inc/TopOpeBRepTool_PShapeClassifier.hxx
+M TopOpeBRepTool:dbadmfile:TopOpeBRepTool_xcpp_header.In /dn43/OCCT/tmp/results_30.09.2011/occt/release-sources-20110930/drv/TopOpeBRepTool/.adm/TopOpeBRepTool_xcpp_header.In
+M TopOpeBRepTool:dbadmfile:TopOpeBRepTool_xcpp_header.Out /dn43/OCCT/tmp/results_30.09.2011/occt/release-sources-20110930/drv/TopOpeBRepTool/.adm/TopOpeBRepTool_xcpp_header.Out
+M TopOpeBRepTool:dbadmfile:TopOpeBRepTool_xcpp_header.Dep /dn43/OCCT/tmp/results_30.09.2011/occt/release-sources-20110930/drv/TopOpeBRepTool/.adm/TopOpeBRepTool_xcpp_header.Dep
