+M IGESSelect:pubinclude:IGESSelect.hxx /dn43/OCCT/tmp/results_31.05.2011/occt/release-sources-20110531/inc/IGESSelect.hxx
+M IGESSelect:privinclude:IGESSelect.jxx /dn43/OCCT/tmp/results_31.05.2011/occt/release-sources-20110531/drv/IGESSelect/IGESSelect.jxx
+M IGESSelect:privinclude:IGESSelect.ixx /dn43/OCCT/tmp/results_31.05.2011/occt/release-sources-20110531/drv/IGESSelect/IGESSelect.ixx
+M IGESSelect:pubinclude:Handle_IGESSelect_EditHeader.hxx /dn43/OCCT/tmp/results_31.05.2011/occt/release-sources-20110531/inc/Handle_IGESSelect_EditHeader.hxx
+M IGESSelect:pubinclude:IGESSelect_EditHeader.hxx /dn43/OCCT/tmp/results_31.05.2011/occt/release-sources-20110531/inc/IGESSelect_EditHeader.hxx
+M IGESSelect:privinclude:IGESSelect_EditHeader.jxx /dn43/OCCT/tmp/results_31.05.2011/occt/release-sources-20110531/drv/IGESSelect/IGESSelect_EditHeader.jxx
+M IGESSelect:privinclude:IGESSelect_EditHeader.ixx /dn43/OCCT/tmp/results_31.05.2011/occt/release-sources-20110531/drv/IGESSelect/IGESSelect_EditHeader.ixx
+M IGESSelect:pubinclude:Handle_IGESSelect_EditDirPart.hxx /dn43/OCCT/tmp/results_31.05.2011/occt/release-sources-20110531/inc/Handle_IGESSelect_EditDirPart.hxx
+M IGESSelect:pubinclude:IGESSelect_EditDirPart.hxx /dn43/OCCT/tmp/results_31.05.2011/occt/release-sources-20110531/inc/IGESSelect_EditDirPart.hxx
+M IGESSelect:privinclude:IGESSelect_EditDirPart.jxx /dn43/OCCT/tmp/results_31.05.2011/occt/release-sources-20110531/drv/IGESSelect/IGESSelect_EditDirPart.jxx
+M IGESSelect:privinclude:IGESSelect_EditDirPart.ixx /dn43/OCCT/tmp/results_31.05.2011/occt/release-sources-20110531/drv/IGESSelect/IGESSelect_EditDirPart.ixx
+M IGESSelect:pubinclude:Handle_IGESSelect_IGESTypeForm.hxx /dn43/OCCT/tmp/results_31.05.2011/occt/release-sources-20110531/inc/Handle_IGESSelect_IGESTypeForm.hxx
+M IGESSelect:pubinclude:IGESSelect_IGESTypeForm.hxx /dn43/OCCT/tmp/results_31.05.2011/occt/release-sources-20110531/inc/IGESSelect_IGESTypeForm.hxx
+M IGESSelect:privinclude:IGESSelect_IGESTypeForm.jxx /dn43/OCCT/tmp/results_31.05.2011/occt/release-sources-20110531/drv/IGESSelect/IGESSelect_IGESTypeForm.jxx
+M IGESSelect:privinclude:IGESSelect_IGESTypeForm.ixx /dn43/OCCT/tmp/results_31.05.2011/occt/release-sources-20110531/drv/IGESSelect/IGESSelect_IGESTypeForm.ixx
+M IGESSelect:pubinclude:Handle_IGESSelect_IGESName.hxx /dn43/OCCT/tmp/results_31.05.2011/occt/release-sources-20110531/inc/Handle_IGESSelect_IGESName.hxx
+M IGESSelect:pubinclude:IGESSelect_IGESName.hxx /dn43/OCCT/tmp/results_31.05.2011/occt/release-sources-20110531/inc/IGESSelect_IGESName.hxx
+M IGESSelect:privinclude:IGESSelect_IGESName.jxx /dn43/OCCT/tmp/results_31.05.2011/occt/release-sources-20110531/drv/IGESSelect/IGESSelect_IGESName.jxx
+M IGESSelect:privinclude:IGESSelect_IGESName.ixx /dn43/OCCT/tmp/results_31.05.2011/occt/release-sources-20110531/drv/IGESSelect/IGESSelect_IGESName.ixx
+M IGESSelect:pubinclude:Handle_IGESSelect_SignStatus.hxx /dn43/OCCT/tmp/results_31.05.2011/occt/release-sources-20110531/inc/Handle_IGESSelect_SignStatus.hxx
+M IGESSelect:pubinclude:IGESSelect_SignStatus.hxx /dn43/OCCT/tmp/results_31.05.2011/occt/release-sources-20110531/inc/IGESSelect_SignStatus.hxx
+M IGESSelect:privinclude:IGESSelect_SignStatus.jxx /dn43/OCCT/tmp/results_31.05.2011/occt/release-sources-20110531/drv/IGESSelect/IGESSelect_SignStatus.jxx
+M IGESSelect:privinclude:IGESSelect_SignStatus.ixx /dn43/OCCT/tmp/results_31.05.2011/occt/release-sources-20110531/drv/IGESSelect/IGESSelect_SignStatus.ixx
+M IGESSelect:pubinclude:Handle_IGESSelect_SignLevelNumber.hxx /dn43/OCCT/tmp/results_31.05.2011/occt/release-sources-20110531/inc/Handle_IGESSelect_SignLevelNumber.hxx
+M IGESSelect:pubinclude:IGESSelect_SignLevelNumber.hxx /dn43/OCCT/tmp/results_31.05.2011/occt/release-sources-20110531/inc/IGESSelect_SignLevelNumber.hxx
+M IGESSelect:privinclude:IGESSelect_SignLevelNumber.jxx /dn43/OCCT/tmp/results_31.05.2011/occt/release-sources-20110531/drv/IGESSelect/IGESSelect_SignLevelNumber.jxx
+M IGESSelect:privinclude:IGESSelect_SignLevelNumber.ixx /dn43/OCCT/tmp/results_31.05.2011/occt/release-sources-20110531/drv/IGESSelect/IGESSelect_SignLevelNumber.ixx
+M IGESSelect:pubinclude:Handle_IGESSelect_SignColor.hxx /dn43/OCCT/tmp/results_31.05.2011/occt/release-sources-20110531/inc/Handle_IGESSelect_SignColor.hxx
+M IGESSelect:pubinclude:IGESSelect_SignColor.hxx /dn43/OCCT/tmp/results_31.05.2011/occt/release-sources-20110531/inc/IGESSelect_SignColor.hxx
+M IGESSelect:privinclude:IGESSelect_SignColor.jxx /dn43/OCCT/tmp/results_31.05.2011/occt/release-sources-20110531/drv/IGESSelect/IGESSelect_SignColor.jxx
+M IGESSelect:privinclude:IGESSelect_SignColor.ixx /dn43/OCCT/tmp/results_31.05.2011/occt/release-sources-20110531/drv/IGESSelect/IGESSelect_SignColor.ixx
+M IGESSelect:pubinclude:Handle_IGESSelect_CounterOfLevelNumber.hxx /dn43/OCCT/tmp/results_31.05.2011/occt/release-sources-20110531/inc/Handle_IGESSelect_CounterOfLevelNumber.hxx
+M IGESSelect:pubinclude:IGESSelect_CounterOfLevelNumber.hxx /dn43/OCCT/tmp/results_31.05.2011/occt/release-sources-20110531/inc/IGESSelect_CounterOfLevelNumber.hxx
+M IGESSelect:privinclude:IGESSelect_CounterOfLevelNumber.jxx /dn43/OCCT/tmp/results_31.05.2011/occt/release-sources-20110531/drv/IGESSelect/IGESSelect_CounterOfLevelNumber.jxx
+M IGESSelect:privinclude:IGESSelect_CounterOfLevelNumber.ixx /dn43/OCCT/tmp/results_31.05.2011/occt/release-sources-20110531/drv/IGESSelect/IGESSelect_CounterOfLevelNumber.ixx
+M IGESSelect:pubinclude:Handle_IGESSelect_ViewSorter.hxx /dn43/OCCT/tmp/results_31.05.2011/occt/release-sources-20110531/inc/Handle_IGESSelect_ViewSorter.hxx
+M IGESSelect:pubinclude:IGESSelect_ViewSorter.hxx /dn43/OCCT/tmp/results_31.05.2011/occt/release-sources-20110531/inc/IGESSelect_ViewSorter.hxx
+M IGESSelect:privinclude:IGESSelect_ViewSorter.jxx /dn43/OCCT/tmp/results_31.05.2011/occt/release-sources-20110531/drv/IGESSelect/IGESSelect_ViewSorter.jxx
+M IGESSelect:privinclude:IGESSelect_ViewSorter.ixx /dn43/OCCT/tmp/results_31.05.2011/occt/release-sources-20110531/drv/IGESSelect/IGESSelect_ViewSorter.ixx
+M IGESSelect:pubinclude:Handle_IGESSelect_DispPerSingleView.hxx /dn43/OCCT/tmp/results_31.05.2011/occt/release-sources-20110531/inc/Handle_IGESSelect_DispPerSingleView.hxx
+M IGESSelect:pubinclude:IGESSelect_DispPerSingleView.hxx /dn43/OCCT/tmp/results_31.05.2011/occt/release-sources-20110531/inc/IGESSelect_DispPerSingleView.hxx
+M IGESSelect:privinclude:IGESSelect_DispPerSingleView.jxx /dn43/OCCT/tmp/results_31.05.2011/occt/release-sources-20110531/drv/IGESSelect/IGESSelect_DispPerSingleView.jxx
+M IGESSelect:privinclude:IGESSelect_DispPerSingleView.ixx /dn43/OCCT/tmp/results_31.05.2011/occt/release-sources-20110531/drv/IGESSelect/IGESSelect_DispPerSingleView.ixx
+M IGESSelect:pubinclude:Handle_IGESSelect_DispPerDrawing.hxx /dn43/OCCT/tmp/results_31.05.2011/occt/release-sources-20110531/inc/Handle_IGESSelect_DispPerDrawing.hxx
+M IGESSelect:pubinclude:IGESSelect_DispPerDrawing.hxx /dn43/OCCT/tmp/results_31.05.2011/occt/release-sources-20110531/inc/IGESSelect_DispPerDrawing.hxx
+M IGESSelect:privinclude:IGESSelect_DispPerDrawing.jxx /dn43/OCCT/tmp/results_31.05.2011/occt/release-sources-20110531/drv/IGESSelect/IGESSelect_DispPerDrawing.jxx
+M IGESSelect:privinclude:IGESSelect_DispPerDrawing.ixx /dn43/OCCT/tmp/results_31.05.2011/occt/release-sources-20110531/drv/IGESSelect/IGESSelect_DispPerDrawing.ixx
+M IGESSelect:pubinclude:Handle_IGESSelect_SelectVisibleStatus.hxx /dn43/OCCT/tmp/results_31.05.2011/occt/release-sources-20110531/inc/Handle_IGESSelect_SelectVisibleStatus.hxx
+M IGESSelect:pubinclude:IGESSelect_SelectVisibleStatus.hxx /dn43/OCCT/tmp/results_31.05.2011/occt/release-sources-20110531/inc/IGESSelect_SelectVisibleStatus.hxx
+M IGESSelect:privinclude:IGESSelect_SelectVisibleStatus.jxx /dn43/OCCT/tmp/results_31.05.2011/occt/release-sources-20110531/drv/IGESSelect/IGESSelect_SelectVisibleStatus.jxx
+M IGESSelect:privinclude:IGESSelect_SelectVisibleStatus.ixx /dn43/OCCT/tmp/results_31.05.2011/occt/release-sources-20110531/drv/IGESSelect/IGESSelect_SelectVisibleStatus.ixx
+M IGESSelect:pubinclude:Handle_IGESSelect_SelectSubordinate.hxx /dn43/OCCT/tmp/results_31.05.2011/occt/release-sources-20110531/inc/Handle_IGESSelect_SelectSubordinate.hxx
+M IGESSelect:pubinclude:IGESSelect_SelectSubordinate.hxx /dn43/OCCT/tmp/results_31.05.2011/occt/release-sources-20110531/inc/IGESSelect_SelectSubordinate.hxx
+M IGESSelect:privinclude:IGESSelect_SelectSubordinate.jxx /dn43/OCCT/tmp/results_31.05.2011/occt/release-sources-20110531/drv/IGESSelect/IGESSelect_SelectSubordinate.jxx
+M IGESSelect:privinclude:IGESSelect_SelectSubordinate.ixx /dn43/OCCT/tmp/results_31.05.2011/occt/release-sources-20110531/drv/IGESSelect/IGESSelect_SelectSubordinate.ixx
+M IGESSelect:pubinclude:Handle_IGESSelect_SelectLevelNumber.hxx /dn43/OCCT/tmp/results_31.05.2011/occt/release-sources-20110531/inc/Handle_IGESSelect_SelectLevelNumber.hxx
+M IGESSelect:pubinclude:IGESSelect_SelectLevelNumber.hxx /dn43/OCCT/tmp/results_31.05.2011/occt/release-sources-20110531/inc/IGESSelect_SelectLevelNumber.hxx
+M IGESSelect:privinclude:IGESSelect_SelectLevelNumber.jxx /dn43/OCCT/tmp/results_31.05.2011/occt/release-sources-20110531/drv/IGESSelect/IGESSelect_SelectLevelNumber.jxx
+M IGESSelect:privinclude:IGESSelect_SelectLevelNumber.ixx /dn43/OCCT/tmp/results_31.05.2011/occt/release-sources-20110531/drv/IGESSelect/IGESSelect_SelectLevelNumber.ixx
+M IGESSelect:pubinclude:Handle_IGESSelect_SelectName.hxx /dn43/OCCT/tmp/results_31.05.2011/occt/release-sources-20110531/inc/Handle_IGESSelect_SelectName.hxx
+M IGESSelect:pubinclude:IGESSelect_SelectName.hxx /dn43/OCCT/tmp/results_31.05.2011/occt/release-sources-20110531/inc/IGESSelect_SelectName.hxx
+M IGESSelect:privinclude:IGESSelect_SelectName.jxx /dn43/OCCT/tmp/results_31.05.2011/occt/release-sources-20110531/drv/IGESSelect/IGESSelect_SelectName.jxx
+M IGESSelect:privinclude:IGESSelect_SelectName.ixx /dn43/OCCT/tmp/results_31.05.2011/occt/release-sources-20110531/drv/IGESSelect/IGESSelect_SelectName.ixx
+M IGESSelect:pubinclude:Handle_IGESSelect_SelectFromSingleView.hxx /dn43/OCCT/tmp/results_31.05.2011/occt/release-sources-20110531/inc/Handle_IGESSelect_SelectFromSingleView.hxx
+M IGESSelect:pubinclude:IGESSelect_SelectFromSingleView.hxx /dn43/OCCT/tmp/results_31.05.2011/occt/release-sources-20110531/inc/IGESSelect_SelectFromSingleView.hxx
+M IGESSelect:privinclude:IGESSelect_SelectFromSingleView.jxx /dn43/OCCT/tmp/results_31.05.2011/occt/release-sources-20110531/drv/IGESSelect/IGESSelect_SelectFromSingleView.jxx
+M IGESSelect:privinclude:IGESSelect_SelectFromSingleView.ixx /dn43/OCCT/tmp/results_31.05.2011/occt/release-sources-20110531/drv/IGESSelect/IGESSelect_SelectFromSingleView.ixx
+M IGESSelect:pubinclude:Handle_IGESSelect_SelectFromDrawing.hxx /dn43/OCCT/tmp/results_31.05.2011/occt/release-sources-20110531/inc/Handle_IGESSelect_SelectFromDrawing.hxx
+M IGESSelect:pubinclude:IGESSelect_SelectFromDrawing.hxx /dn43/OCCT/tmp/results_31.05.2011/occt/release-sources-20110531/inc/IGESSelect_SelectFromDrawing.hxx
+M IGESSelect:privinclude:IGESSelect_SelectFromDrawing.jxx /dn43/OCCT/tmp/results_31.05.2011/occt/release-sources-20110531/drv/IGESSelect/IGESSelect_SelectFromDrawing.jxx
+M IGESSelect:privinclude:IGESSelect_SelectFromDrawing.ixx /dn43/OCCT/tmp/results_31.05.2011/occt/release-sources-20110531/drv/IGESSelect/IGESSelect_SelectFromDrawing.ixx
+M IGESSelect:pubinclude:Handle_IGESSelect_SelectSingleViewFrom.hxx /dn43/OCCT/tmp/results_31.05.2011/occt/release-sources-20110531/inc/Handle_IGESSelect_SelectSingleViewFrom.hxx
+M IGESSelect:pubinclude:IGESSelect_SelectSingleViewFrom.hxx /dn43/OCCT/tmp/results_31.05.2011/occt/release-sources-20110531/inc/IGESSelect_SelectSingleViewFrom.hxx
+M IGESSelect:privinclude:IGESSelect_SelectSingleViewFrom.jxx /dn43/OCCT/tmp/results_31.05.2011/occt/release-sources-20110531/drv/IGESSelect/IGESSelect_SelectSingleViewFrom.jxx
+M IGESSelect:privinclude:IGESSelect_SelectSingleViewFrom.ixx /dn43/OCCT/tmp/results_31.05.2011/occt/release-sources-20110531/drv/IGESSelect/IGESSelect_SelectSingleViewFrom.ixx
+M IGESSelect:pubinclude:Handle_IGESSelect_SelectDrawingFrom.hxx /dn43/OCCT/tmp/results_31.05.2011/occt/release-sources-20110531/inc/Handle_IGESSelect_SelectDrawingFrom.hxx
+M IGESSelect:pubinclude:IGESSelect_SelectDrawingFrom.hxx /dn43/OCCT/tmp/results_31.05.2011/occt/release-sources-20110531/inc/IGESSelect_SelectDrawingFrom.hxx
+M IGESSelect:privinclude:IGESSelect_SelectDrawingFrom.jxx /dn43/OCCT/tmp/results_31.05.2011/occt/release-sources-20110531/drv/IGESSelect/IGESSelect_SelectDrawingFrom.jxx
+M IGESSelect:privinclude:IGESSelect_SelectDrawingFrom.ixx /dn43/OCCT/tmp/results_31.05.2011/occt/release-sources-20110531/drv/IGESSelect/IGESSelect_SelectDrawingFrom.ixx
+M IGESSelect:pubinclude:Handle_IGESSelect_SelectBypassGroup.hxx /dn43/OCCT/tmp/results_31.05.2011/occt/release-sources-20110531/inc/Handle_IGESSelect_SelectBypassGroup.hxx
+M IGESSelect:pubinclude:IGESSelect_SelectBypassGroup.hxx /dn43/OCCT/tmp/results_31.05.2011/occt/release-sources-20110531/inc/IGESSelect_SelectBypassGroup.hxx
+M IGESSelect:privinclude:IGESSelect_SelectBypassGroup.jxx /dn43/OCCT/tmp/results_31.05.2011/occt/release-sources-20110531/drv/IGESSelect/IGESSelect_SelectBypassGroup.jxx
+M IGESSelect:privinclude:IGESSelect_SelectBypassGroup.ixx /dn43/OCCT/tmp/results_31.05.2011/occt/release-sources-20110531/drv/IGESSelect/IGESSelect_SelectBypassGroup.ixx
+M IGESSelect:pubinclude:Handle_IGESSelect_SelectBypassSubfigure.hxx /dn43/OCCT/tmp/results_31.05.2011/occt/release-sources-20110531/inc/Handle_IGESSelect_SelectBypassSubfigure.hxx
+M IGESSelect:pubinclude:IGESSelect_SelectBypassSubfigure.hxx /dn43/OCCT/tmp/results_31.05.2011/occt/release-sources-20110531/inc/IGESSelect_SelectBypassSubfigure.hxx
+M IGESSelect:privinclude:IGESSelect_SelectBypassSubfigure.jxx /dn43/OCCT/tmp/results_31.05.2011/occt/release-sources-20110531/drv/IGESSelect/IGESSelect_SelectBypassSubfigure.jxx
+M IGESSelect:privinclude:IGESSelect_SelectBypassSubfigure.ixx /dn43/OCCT/tmp/results_31.05.2011/occt/release-sources-20110531/drv/IGESSelect/IGESSelect_SelectBypassSubfigure.ixx
+M IGESSelect:pubinclude:Handle_IGESSelect_SelectBasicGeom.hxx /dn43/OCCT/tmp/results_31.05.2011/occt/release-sources-20110531/inc/Handle_IGESSelect_SelectBasicGeom.hxx
+M IGESSelect:pubinclude:IGESSelect_SelectBasicGeom.hxx /dn43/OCCT/tmp/results_31.05.2011/occt/release-sources-20110531/inc/IGESSelect_SelectBasicGeom.hxx
+M IGESSelect:privinclude:IGESSelect_SelectBasicGeom.jxx /dn43/OCCT/tmp/results_31.05.2011/occt/release-sources-20110531/drv/IGESSelect/IGESSelect_SelectBasicGeom.jxx
+M IGESSelect:privinclude:IGESSelect_SelectBasicGeom.ixx /dn43/OCCT/tmp/results_31.05.2011/occt/release-sources-20110531/drv/IGESSelect/IGESSelect_SelectBasicGeom.ixx
+M IGESSelect:pubinclude:Handle_IGESSelect_SelectFaces.hxx /dn43/OCCT/tmp/results_31.05.2011/occt/release-sources-20110531/inc/Handle_IGESSelect_SelectFaces.hxx
+M IGESSelect:pubinclude:IGESSelect_SelectFaces.hxx /dn43/OCCT/tmp/results_31.05.2011/occt/release-sources-20110531/inc/IGESSelect_SelectFaces.hxx
+M IGESSelect:privinclude:IGESSelect_SelectFaces.jxx /dn43/OCCT/tmp/results_31.05.2011/occt/release-sources-20110531/drv/IGESSelect/IGESSelect_SelectFaces.jxx
+M IGESSelect:privinclude:IGESSelect_SelectFaces.ixx /dn43/OCCT/tmp/results_31.05.2011/occt/release-sources-20110531/drv/IGESSelect/IGESSelect_SelectFaces.ixx
+M IGESSelect:pubinclude:Handle_IGESSelect_SelectPCurves.hxx /dn43/OCCT/tmp/results_31.05.2011/occt/release-sources-20110531/inc/Handle_IGESSelect_SelectPCurves.hxx
+M IGESSelect:pubinclude:IGESSelect_SelectPCurves.hxx /dn43/OCCT/tmp/results_31.05.2011/occt/release-sources-20110531/inc/IGESSelect_SelectPCurves.hxx
+M IGESSelect:privinclude:IGESSelect_SelectPCurves.jxx /dn43/OCCT/tmp/results_31.05.2011/occt/release-sources-20110531/drv/IGESSelect/IGESSelect_SelectPCurves.jxx
+M IGESSelect:privinclude:IGESSelect_SelectPCurves.ixx /dn43/OCCT/tmp/results_31.05.2011/occt/release-sources-20110531/drv/IGESSelect/IGESSelect_SelectPCurves.ixx
+M IGESSelect:pubinclude:Handle_IGESSelect_ModelModifier.hxx /dn43/OCCT/tmp/results_31.05.2011/occt/release-sources-20110531/inc/Handle_IGESSelect_ModelModifier.hxx
+M IGESSelect:pubinclude:IGESSelect_ModelModifier.hxx /dn43/OCCT/tmp/results_31.05.2011/occt/release-sources-20110531/inc/IGESSelect_ModelModifier.hxx
+M IGESSelect:derivated:IGESSelect_ModelModifier_0.cxx /dn43/OCCT/tmp/results_31.05.2011/occt/release-sources-20110531/drv/IGESSelect/IGESSelect_ModelModifier_0.cxx
+M IGESSelect:pubinclude:Handle_IGESSelect_FileModifier.hxx /dn43/OCCT/tmp/results_31.05.2011/occt/release-sources-20110531/inc/Handle_IGESSelect_FileModifier.hxx
+M IGESSelect:pubinclude:IGESSelect_FileModifier.hxx /dn43/OCCT/tmp/results_31.05.2011/occt/release-sources-20110531/inc/IGESSelect_FileModifier.hxx
+M IGESSelect:derivated:IGESSelect_FileModifier_0.cxx /dn43/OCCT/tmp/results_31.05.2011/occt/release-sources-20110531/drv/IGESSelect/IGESSelect_FileModifier_0.cxx
+M IGESSelect:pubinclude:Handle_IGESSelect_FloatFormat.hxx /dn43/OCCT/tmp/results_31.05.2011/occt/release-sources-20110531/inc/Handle_IGESSelect_FloatFormat.hxx
+M IGESSelect:pubinclude:IGESSelect_FloatFormat.hxx /dn43/OCCT/tmp/results_31.05.2011/occt/release-sources-20110531/inc/IGESSelect_FloatFormat.hxx
+M IGESSelect:privinclude:IGESSelect_FloatFormat.jxx /dn43/OCCT/tmp/results_31.05.2011/occt/release-sources-20110531/drv/IGESSelect/IGESSelect_FloatFormat.jxx
+M IGESSelect:privinclude:IGESSelect_FloatFormat.ixx /dn43/OCCT/tmp/results_31.05.2011/occt/release-sources-20110531/drv/IGESSelect/IGESSelect_FloatFormat.ixx
+M IGESSelect:pubinclude:Handle_IGESSelect_AddFileComment.hxx /dn43/OCCT/tmp/results_31.05.2011/occt/release-sources-20110531/inc/Handle_IGESSelect_AddFileComment.hxx
+M IGESSelect:pubinclude:IGESSelect_AddFileComment.hxx /dn43/OCCT/tmp/results_31.05.2011/occt/release-sources-20110531/inc/IGESSelect_AddFileComment.hxx
+M IGESSelect:privinclude:IGESSelect_AddFileComment.jxx /dn43/OCCT/tmp/results_31.05.2011/occt/release-sources-20110531/drv/IGESSelect/IGESSelect_AddFileComment.jxx
+M IGESSelect:privinclude:IGESSelect_AddFileComment.ixx /dn43/OCCT/tmp/results_31.05.2011/occt/release-sources-20110531/drv/IGESSelect/IGESSelect_AddFileComment.ixx
+M IGESSelect:pubinclude:Handle_IGESSelect_UpdateFileName.hxx /dn43/OCCT/tmp/results_31.05.2011/occt/release-sources-20110531/inc/Handle_IGESSelect_UpdateFileName.hxx
+M IGESSelect:pubinclude:IGESSelect_UpdateFileName.hxx /dn43/OCCT/tmp/results_31.05.2011/occt/release-sources-20110531/inc/IGESSelect_UpdateFileName.hxx
+M IGESSelect:privinclude:IGESSelect_UpdateFileName.jxx /dn43/OCCT/tmp/results_31.05.2011/occt/release-sources-20110531/drv/IGESSelect/IGESSelect_UpdateFileName.jxx
+M IGESSelect:privinclude:IGESSelect_UpdateFileName.ixx /dn43/OCCT/tmp/results_31.05.2011/occt/release-sources-20110531/drv/IGESSelect/IGESSelect_UpdateFileName.ixx
+M IGESSelect:pubinclude:Handle_IGESSelect_UpdateCreationDate.hxx /dn43/OCCT/tmp/results_31.05.2011/occt/release-sources-20110531/inc/Handle_IGESSelect_UpdateCreationDate.hxx
+M IGESSelect:pubinclude:IGESSelect_UpdateCreationDate.hxx /dn43/OCCT/tmp/results_31.05.2011/occt/release-sources-20110531/inc/IGESSelect_UpdateCreationDate.hxx
+M IGESSelect:privinclude:IGESSelect_UpdateCreationDate.jxx /dn43/OCCT/tmp/results_31.05.2011/occt/release-sources-20110531/drv/IGESSelect/IGESSelect_UpdateCreationDate.jxx
+M IGESSelect:privinclude:IGESSelect_UpdateCreationDate.ixx /dn43/OCCT/tmp/results_31.05.2011/occt/release-sources-20110531/drv/IGESSelect/IGESSelect_UpdateCreationDate.ixx
+M IGESSelect:pubinclude:Handle_IGESSelect_UpdateLastChange.hxx /dn43/OCCT/tmp/results_31.05.2011/occt/release-sources-20110531/inc/Handle_IGESSelect_UpdateLastChange.hxx
+M IGESSelect:pubinclude:IGESSelect_UpdateLastChange.hxx /dn43/OCCT/tmp/results_31.05.2011/occt/release-sources-20110531/inc/IGESSelect_UpdateLastChange.hxx
+M IGESSelect:privinclude:IGESSelect_UpdateLastChange.jxx /dn43/OCCT/tmp/results_31.05.2011/occt/release-sources-20110531/drv/IGESSelect/IGESSelect_UpdateLastChange.jxx
+M IGESSelect:privinclude:IGESSelect_UpdateLastChange.ixx /dn43/OCCT/tmp/results_31.05.2011/occt/release-sources-20110531/drv/IGESSelect/IGESSelect_UpdateLastChange.ixx
+M IGESSelect:pubinclude:Handle_IGESSelect_SetVersion5.hxx /dn43/OCCT/tmp/results_31.05.2011/occt/release-sources-20110531/inc/Handle_IGESSelect_SetVersion5.hxx
+M IGESSelect:pubinclude:IGESSelect_SetVersion5.hxx /dn43/OCCT/tmp/results_31.05.2011/occt/release-sources-20110531/inc/IGESSelect_SetVersion5.hxx
+M IGESSelect:privinclude:IGESSelect_SetVersion5.jxx /dn43/OCCT/tmp/results_31.05.2011/occt/release-sources-20110531/drv/IGESSelect/IGESSelect_SetVersion5.jxx
+M IGESSelect:privinclude:IGESSelect_SetVersion5.ixx /dn43/OCCT/tmp/results_31.05.2011/occt/release-sources-20110531/drv/IGESSelect/IGESSelect_SetVersion5.ixx
+M IGESSelect:pubinclude:Handle_IGESSelect_SetGlobalParameter.hxx /dn43/OCCT/tmp/results_31.05.2011/occt/release-sources-20110531/inc/Handle_IGESSelect_SetGlobalParameter.hxx
+M IGESSelect:pubinclude:IGESSelect_SetGlobalParameter.hxx /dn43/OCCT/tmp/results_31.05.2011/occt/release-sources-20110531/inc/IGESSelect_SetGlobalParameter.hxx
+M IGESSelect:privinclude:IGESSelect_SetGlobalParameter.jxx /dn43/OCCT/tmp/results_31.05.2011/occt/release-sources-20110531/drv/IGESSelect/IGESSelect_SetGlobalParameter.jxx
+M IGESSelect:privinclude:IGESSelect_SetGlobalParameter.ixx /dn43/OCCT/tmp/results_31.05.2011/occt/release-sources-20110531/drv/IGESSelect/IGESSelect_SetGlobalParameter.ixx
+M IGESSelect:pubinclude:Handle_IGESSelect_AutoCorrect.hxx /dn43/OCCT/tmp/results_31.05.2011/occt/release-sources-20110531/inc/Handle_IGESSelect_AutoCorrect.hxx
+M IGESSelect:pubinclude:IGESSelect_AutoCorrect.hxx /dn43/OCCT/tmp/results_31.05.2011/occt/release-sources-20110531/inc/IGESSelect_AutoCorrect.hxx
+M IGESSelect:privinclude:IGESSelect_AutoCorrect.jxx /dn43/OCCT/tmp/results_31.05.2011/occt/release-sources-20110531/drv/IGESSelect/IGESSelect_AutoCorrect.jxx
+M IGESSelect:privinclude:IGESSelect_AutoCorrect.ixx /dn43/OCCT/tmp/results_31.05.2011/occt/release-sources-20110531/drv/IGESSelect/IGESSelect_AutoCorrect.ixx
+M IGESSelect:pubinclude:Handle_IGESSelect_ComputeStatus.hxx /dn43/OCCT/tmp/results_31.05.2011/occt/release-sources-20110531/inc/Handle_IGESSelect_ComputeStatus.hxx
+M IGESSelect:pubinclude:IGESSelect_ComputeStatus.hxx /dn43/OCCT/tmp/results_31.05.2011/occt/release-sources-20110531/inc/IGESSelect_ComputeStatus.hxx
+M IGESSelect:privinclude:IGESSelect_ComputeStatus.jxx /dn43/OCCT/tmp/results_31.05.2011/occt/release-sources-20110531/drv/IGESSelect/IGESSelect_ComputeStatus.jxx
+M IGESSelect:privinclude:IGESSelect_ComputeStatus.ixx /dn43/OCCT/tmp/results_31.05.2011/occt/release-sources-20110531/drv/IGESSelect/IGESSelect_ComputeStatus.ixx
+M IGESSelect:pubinclude:Handle_IGESSelect_RebuildDrawings.hxx /dn43/OCCT/tmp/results_31.05.2011/occt/release-sources-20110531/inc/Handle_IGESSelect_RebuildDrawings.hxx
+M IGESSelect:pubinclude:IGESSelect_RebuildDrawings.hxx /dn43/OCCT/tmp/results_31.05.2011/occt/release-sources-20110531/inc/IGESSelect_RebuildDrawings.hxx
+M IGESSelect:privinclude:IGESSelect_RebuildDrawings.jxx /dn43/OCCT/tmp/results_31.05.2011/occt/release-sources-20110531/drv/IGESSelect/IGESSelect_RebuildDrawings.jxx
+M IGESSelect:privinclude:IGESSelect_RebuildDrawings.ixx /dn43/OCCT/tmp/results_31.05.2011/occt/release-sources-20110531/drv/IGESSelect/IGESSelect_RebuildDrawings.ixx
+M IGESSelect:pubinclude:Handle_IGESSelect_RebuildGroups.hxx /dn43/OCCT/tmp/results_31.05.2011/occt/release-sources-20110531/inc/Handle_IGESSelect_RebuildGroups.hxx
+M IGESSelect:pubinclude:IGESSelect_RebuildGroups.hxx /dn43/OCCT/tmp/results_31.05.2011/occt/release-sources-20110531/inc/IGESSelect_RebuildGroups.hxx
+M IGESSelect:privinclude:IGESSelect_RebuildGroups.jxx /dn43/OCCT/tmp/results_31.05.2011/occt/release-sources-20110531/drv/IGESSelect/IGESSelect_RebuildGroups.jxx
+M IGESSelect:privinclude:IGESSelect_RebuildGroups.ixx /dn43/OCCT/tmp/results_31.05.2011/occt/release-sources-20110531/drv/IGESSelect/IGESSelect_RebuildGroups.ixx
+M IGESSelect:pubinclude:Handle_IGESSelect_AddGroup.hxx /dn43/OCCT/tmp/results_31.05.2011/occt/release-sources-20110531/inc/Handle_IGESSelect_AddGroup.hxx
+M IGESSelect:pubinclude:IGESSelect_AddGroup.hxx /dn43/OCCT/tmp/results_31.05.2011/occt/release-sources-20110531/inc/IGESSelect_AddGroup.hxx
+M IGESSelect:privinclude:IGESSelect_AddGroup.jxx /dn43/OCCT/tmp/results_31.05.2011/occt/release-sources-20110531/drv/IGESSelect/IGESSelect_AddGroup.jxx
+M IGESSelect:privinclude:IGESSelect_AddGroup.ixx /dn43/OCCT/tmp/results_31.05.2011/occt/release-sources-20110531/drv/IGESSelect/IGESSelect_AddGroup.ixx
+M IGESSelect:pubinclude:Handle_IGESSelect_ChangeLevelNumber.hxx /dn43/OCCT/tmp/results_31.05.2011/occt/release-sources-20110531/inc/Handle_IGESSelect_ChangeLevelNumber.hxx
+M IGESSelect:pubinclude:IGESSelect_ChangeLevelNumber.hxx /dn43/OCCT/tmp/results_31.05.2011/occt/release-sources-20110531/inc/IGESSelect_ChangeLevelNumber.hxx
+M IGESSelect:privinclude:IGESSelect_ChangeLevelNumber.jxx /dn43/OCCT/tmp/results_31.05.2011/occt/release-sources-20110531/drv/IGESSelect/IGESSelect_ChangeLevelNumber.jxx
+M IGESSelect:privinclude:IGESSelect_ChangeLevelNumber.ixx /dn43/OCCT/tmp/results_31.05.2011/occt/release-sources-20110531/drv/IGESSelect/IGESSelect_ChangeLevelNumber.ixx
+M IGESSelect:pubinclude:Handle_IGESSelect_ChangeLevelList.hxx /dn43/OCCT/tmp/results_31.05.2011/occt/release-sources-20110531/inc/Handle_IGESSelect_ChangeLevelList.hxx
+M IGESSelect:pubinclude:IGESSelect_ChangeLevelList.hxx /dn43/OCCT/tmp/results_31.05.2011/occt/release-sources-20110531/inc/IGESSelect_ChangeLevelList.hxx
+M IGESSelect:privinclude:IGESSelect_ChangeLevelList.jxx /dn43/OCCT/tmp/results_31.05.2011/occt/release-sources-20110531/drv/IGESSelect/IGESSelect_ChangeLevelList.jxx
+M IGESSelect:privinclude:IGESSelect_ChangeLevelList.ixx /dn43/OCCT/tmp/results_31.05.2011/occt/release-sources-20110531/drv/IGESSelect/IGESSelect_ChangeLevelList.ixx
+M IGESSelect:pubinclude:Handle_IGESSelect_SplineToBSpline.hxx /dn43/OCCT/tmp/results_31.05.2011/occt/release-sources-20110531/inc/Handle_IGESSelect_SplineToBSpline.hxx
+M IGESSelect:pubinclude:IGESSelect_SplineToBSpline.hxx /dn43/OCCT/tmp/results_31.05.2011/occt/release-sources-20110531/inc/IGESSelect_SplineToBSpline.hxx
+M IGESSelect:privinclude:IGESSelect_SplineToBSpline.jxx /dn43/OCCT/tmp/results_31.05.2011/occt/release-sources-20110531/drv/IGESSelect/IGESSelect_SplineToBSpline.jxx
+M IGESSelect:privinclude:IGESSelect_SplineToBSpline.ixx /dn43/OCCT/tmp/results_31.05.2011/occt/release-sources-20110531/drv/IGESSelect/IGESSelect_SplineToBSpline.ixx
+M IGESSelect:pubinclude:Handle_IGESSelect_RemoveCurves.hxx /dn43/OCCT/tmp/results_31.05.2011/occt/release-sources-20110531/inc/Handle_IGESSelect_RemoveCurves.hxx
+M IGESSelect:pubinclude:IGESSelect_RemoveCurves.hxx /dn43/OCCT/tmp/results_31.05.2011/occt/release-sources-20110531/inc/IGESSelect_RemoveCurves.hxx
+M IGESSelect:privinclude:IGESSelect_RemoveCurves.jxx /dn43/OCCT/tmp/results_31.05.2011/occt/release-sources-20110531/drv/IGESSelect/IGESSelect_RemoveCurves.jxx
+M IGESSelect:privinclude:IGESSelect_RemoveCurves.ixx /dn43/OCCT/tmp/results_31.05.2011/occt/release-sources-20110531/drv/IGESSelect/IGESSelect_RemoveCurves.ixx
+M IGESSelect:pubinclude:Handle_IGESSelect_SetLabel.hxx /dn43/OCCT/tmp/results_31.05.2011/occt/release-sources-20110531/inc/Handle_IGESSelect_SetLabel.hxx
+M IGESSelect:pubinclude:IGESSelect_SetLabel.hxx /dn43/OCCT/tmp/results_31.05.2011/occt/release-sources-20110531/inc/IGESSelect_SetLabel.hxx
+M IGESSelect:privinclude:IGESSelect_SetLabel.jxx /dn43/OCCT/tmp/results_31.05.2011/occt/release-sources-20110531/drv/IGESSelect/IGESSelect_SetLabel.jxx
+M IGESSelect:privinclude:IGESSelect_SetLabel.ixx /dn43/OCCT/tmp/results_31.05.2011/occt/release-sources-20110531/drv/IGESSelect/IGESSelect_SetLabel.ixx
+M IGESSelect:pubinclude:Handle_IGESSelect_WorkLibrary.hxx /dn43/OCCT/tmp/results_31.05.2011/occt/release-sources-20110531/inc/Handle_IGESSelect_WorkLibrary.hxx
+M IGESSelect:pubinclude:IGESSelect_WorkLibrary.hxx /dn43/OCCT/tmp/results_31.05.2011/occt/release-sources-20110531/inc/IGESSelect_WorkLibrary.hxx
+M IGESSelect:privinclude:IGESSelect_WorkLibrary.jxx /dn43/OCCT/tmp/results_31.05.2011/occt/release-sources-20110531/drv/IGESSelect/IGESSelect_WorkLibrary.jxx
+M IGESSelect:privinclude:IGESSelect_WorkLibrary.ixx /dn43/OCCT/tmp/results_31.05.2011/occt/release-sources-20110531/drv/IGESSelect/IGESSelect_WorkLibrary.ixx
+M IGESSelect:pubinclude:Handle_IGESSelect_Activator.hxx /dn43/OCCT/tmp/results_31.05.2011/occt/release-sources-20110531/inc/Handle_IGESSelect_Activator.hxx
+M IGESSelect:pubinclude:IGESSelect_Activator.hxx /dn43/OCCT/tmp/results_31.05.2011/occt/release-sources-20110531/inc/IGESSelect_Activator.hxx
+M IGESSelect:privinclude:IGESSelect_Activator.jxx /dn43/OCCT/tmp/results_31.05.2011/occt/release-sources-20110531/drv/IGESSelect/IGESSelect_Activator.jxx
+M IGESSelect:privinclude:IGESSelect_Activator.ixx /dn43/OCCT/tmp/results_31.05.2011/occt/release-sources-20110531/drv/IGESSelect/IGESSelect_Activator.ixx
+M IGESSelect:pubinclude:Handle_IGESSelect_Dumper.hxx /dn43/OCCT/tmp/results_31.05.2011/occt/release-sources-20110531/inc/Handle_IGESSelect_Dumper.hxx
+M IGESSelect:pubinclude:IGESSelect_Dumper.hxx /dn43/OCCT/tmp/results_31.05.2011/occt/release-sources-20110531/inc/IGESSelect_Dumper.hxx
+M IGESSelect:privinclude:IGESSelect_Dumper.jxx /dn43/OCCT/tmp/results_31.05.2011/occt/release-sources-20110531/drv/IGESSelect/IGESSelect_Dumper.jxx
+M IGESSelect:privinclude:IGESSelect_Dumper.ixx /dn43/OCCT/tmp/results_31.05.2011/occt/release-sources-20110531/drv/IGESSelect/IGESSelect_Dumper.ixx
+M IGESSelect:dbadmfile:IGESSelect_xcpp_header.In /dn43/OCCT/tmp/results_31.05.2011/occt/release-sources-20110531/drv/IGESSelect/.adm/IGESSelect_xcpp_header.In
+M IGESSelect:dbadmfile:IGESSelect_xcpp_header.Out /dn43/OCCT/tmp/results_31.05.2011/occt/release-sources-20110531/drv/IGESSelect/.adm/IGESSelect_xcpp_header.Out
+M IGESSelect:dbadmfile:IGESSelect_xcpp_header.Dep /dn43/OCCT/tmp/results_31.05.2011/occt/release-sources-20110531/drv/IGESSelect/.adm/IGESSelect_xcpp_header.Dep
