+M IntRes2d:pubinclude:IntRes2d_IntersectionPoint.hxx /dn43/OCCT/tmp/results_28.02.2011/occt/release-sources-20110228/inc/IntRes2d_IntersectionPoint.hxx
+M IntRes2d:privinclude:IntRes2d_IntersectionPoint.jxx /dn43/OCCT/tmp/results_28.02.2011/occt/release-sources-20110228/drv/IntRes2d/IntRes2d_IntersectionPoint.jxx
+M IntRes2d:privinclude:IntRes2d_IntersectionPoint.ixx /dn43/OCCT/tmp/results_28.02.2011/occt/release-sources-20110228/drv/IntRes2d/IntRes2d_IntersectionPoint.ixx
+M IntRes2d:pubinclude:IntRes2d_IntersectionSegment.hxx /dn43/OCCT/tmp/results_28.02.2011/occt/release-sources-20110228/inc/IntRes2d_IntersectionSegment.hxx
+M IntRes2d:privinclude:IntRes2d_IntersectionSegment.jxx /dn43/OCCT/tmp/results_28.02.2011/occt/release-sources-20110228/drv/IntRes2d/IntRes2d_IntersectionSegment.jxx
+M IntRes2d:privinclude:IntRes2d_IntersectionSegment.ixx /dn43/OCCT/tmp/results_28.02.2011/occt/release-sources-20110228/drv/IntRes2d/IntRes2d_IntersectionSegment.ixx
+M IntRes2d:pubinclude:IntRes2d_Transition.hxx /dn43/OCCT/tmp/results_28.02.2011/occt/release-sources-20110228/inc/IntRes2d_Transition.hxx
+M IntRes2d:privinclude:IntRes2d_Transition.jxx /dn43/OCCT/tmp/results_28.02.2011/occt/release-sources-20110228/drv/IntRes2d/IntRes2d_Transition.jxx
+M IntRes2d:privinclude:IntRes2d_Transition.ixx /dn43/OCCT/tmp/results_28.02.2011/occt/release-sources-20110228/drv/IntRes2d/IntRes2d_Transition.ixx
+M IntRes2d:pubinclude:IntRes2d_Domain.hxx /dn43/OCCT/tmp/results_28.02.2011/occt/release-sources-20110228/inc/IntRes2d_Domain.hxx
+M IntRes2d:privinclude:IntRes2d_Domain.jxx /dn43/OCCT/tmp/results_28.02.2011/occt/release-sources-20110228/drv/IntRes2d/IntRes2d_Domain.jxx
+M IntRes2d:privinclude:IntRes2d_Domain.ixx /dn43/OCCT/tmp/results_28.02.2011/occt/release-sources-20110228/drv/IntRes2d/IntRes2d_Domain.ixx
+M IntRes2d:pubinclude:IntRes2d_Intersection.hxx /dn43/OCCT/tmp/results_28.02.2011/occt/release-sources-20110228/inc/IntRes2d_Intersection.hxx
+M IntRes2d:privinclude:IntRes2d_Intersection.jxx /dn43/OCCT/tmp/results_28.02.2011/occt/release-sources-20110228/drv/IntRes2d/IntRes2d_Intersection.jxx
+M IntRes2d:privinclude:IntRes2d_Intersection.ixx /dn43/OCCT/tmp/results_28.02.2011/occt/release-sources-20110228/drv/IntRes2d/IntRes2d_Intersection.ixx
+M IntRes2d:pubinclude:IntRes2d_SequenceOfIntersectionPoint.hxx /dn43/OCCT/tmp/results_28.02.2011/occt/release-sources-20110228/inc/IntRes2d_SequenceOfIntersectionPoint.hxx
+M IntRes2d:derivated:IntRes2d_SequenceOfIntersectionPoint_0.cxx /dn43/OCCT/tmp/results_28.02.2011/occt/release-sources-20110228/drv/IntRes2d/IntRes2d_SequenceOfIntersectionPoint_0.cxx
+M IntRes2d:pubinclude:IntRes2d_SequenceOfIntersectionSegment.hxx /dn43/OCCT/tmp/results_28.02.2011/occt/release-sources-20110228/inc/IntRes2d_SequenceOfIntersectionSegment.hxx
+M IntRes2d:derivated:IntRes2d_SequenceOfIntersectionSegment_0.cxx /dn43/OCCT/tmp/results_28.02.2011/occt/release-sources-20110228/drv/IntRes2d/IntRes2d_SequenceOfIntersectionSegment_0.cxx
+M IntRes2d:pubinclude:Handle_IntRes2d_SequenceNodeOfSequenceOfIntersectionPoint.hxx /dn43/OCCT/tmp/results_28.02.2011/occt/release-sources-20110228/inc/Handle_IntRes2d_SequenceNodeOfSequenceOfIntersectionPoint.hxx
+M IntRes2d:pubinclude:IntRes2d_SequenceNodeOfSequenceOfIntersectionPoint.hxx /dn43/OCCT/tmp/results_28.02.2011/occt/release-sources-20110228/inc/IntRes2d_SequenceNodeOfSequenceOfIntersectionPoint.hxx
+M IntRes2d:derivated:IntRes2d_SequenceNodeOfSequenceOfIntersectionPoint_0.cxx /dn43/OCCT/tmp/results_28.02.2011/occt/release-sources-20110228/drv/IntRes2d/IntRes2d_SequenceNodeOfSequenceOfIntersectionPoint_0.cxx
+M IntRes2d:pubinclude:Handle_IntRes2d_SequenceNodeOfSequenceOfIntersectionSegment.hxx /dn43/OCCT/tmp/results_28.02.2011/occt/release-sources-20110228/inc/Handle_IntRes2d_SequenceNodeOfSequenceOfIntersectionSegment.hxx
+M IntRes2d:pubinclude:IntRes2d_SequenceNodeOfSequenceOfIntersectionSegment.hxx /dn43/OCCT/tmp/results_28.02.2011/occt/release-sources-20110228/inc/IntRes2d_SequenceNodeOfSequenceOfIntersectionSegment.hxx
+M IntRes2d:derivated:IntRes2d_SequenceNodeOfSequenceOfIntersectionSegment_0.cxx /dn43/OCCT/tmp/results_28.02.2011/occt/release-sources-20110228/drv/IntRes2d/IntRes2d_SequenceNodeOfSequenceOfIntersectionSegment_0.cxx
+M IntRes2d:pubinclude:IntRes2d_Position.hxx /dn43/OCCT/tmp/results_28.02.2011/occt/release-sources-20110228/inc/IntRes2d_Position.hxx
+M IntRes2d:pubinclude:IntRes2d_TypeTrans.hxx /dn43/OCCT/tmp/results_28.02.2011/occt/release-sources-20110228/inc/IntRes2d_TypeTrans.hxx
+M IntRes2d:pubinclude:IntRes2d_Situation.hxx /dn43/OCCT/tmp/results_28.02.2011/occt/release-sources-20110228/inc/IntRes2d_Situation.hxx
+M IntRes2d:dbadmfile:IntRes2d_xcpp_header.In /dn43/OCCT/tmp/results_28.02.2011/occt/release-sources-20110228/drv/IntRes2d/.adm/IntRes2d_xcpp_header.In
+M IntRes2d:dbadmfile:IntRes2d_xcpp_header.Out /dn43/OCCT/tmp/results_28.02.2011/occt/release-sources-20110228/drv/IntRes2d/.adm/IntRes2d_xcpp_header.Out
+M IntRes2d:dbadmfile:IntRes2d_xcpp_header.Dep /dn43/OCCT/tmp/results_28.02.2011/occt/release-sources-20110228/drv/IntRes2d/.adm/IntRes2d_xcpp_header.Dep
