+M BRepFeat:pubinclude:BRepFeat.hxx /dn43/OCCT/tmp/results_31.05.2011/occt/release-sources-20110531/inc/BRepFeat.hxx
+M BRepFeat:privinclude:BRepFeat.jxx /dn43/OCCT/tmp/results_31.05.2011/occt/release-sources-20110531/drv/BRepFeat/BRepFeat.jxx
+M BRepFeat:privinclude:BRepFeat.ixx /dn43/OCCT/tmp/results_31.05.2011/occt/release-sources-20110531/drv/BRepFeat/BRepFeat.ixx
+M BRepFeat:pubinclude:BRepFeat_Builder.hxx /dn43/OCCT/tmp/results_31.05.2011/occt/release-sources-20110531/inc/BRepFeat_Builder.hxx
+M BRepFeat:privinclude:BRepFeat_Builder.jxx /dn43/OCCT/tmp/results_31.05.2011/occt/release-sources-20110531/drv/BRepFeat/BRepFeat_Builder.jxx
+M BRepFeat:privinclude:BRepFeat_Builder.ixx /dn43/OCCT/tmp/results_31.05.2011/occt/release-sources-20110531/drv/BRepFeat/BRepFeat_Builder.ixx
+M BRepFeat:pubinclude:BRepFeat_LocalOperation.hxx /dn43/OCCT/tmp/results_31.05.2011/occt/release-sources-20110531/inc/BRepFeat_LocalOperation.hxx
+M BRepFeat:privinclude:BRepFeat_LocalOperation.jxx /dn43/OCCT/tmp/results_31.05.2011/occt/release-sources-20110531/drv/BRepFeat/BRepFeat_LocalOperation.jxx
+M BRepFeat:privinclude:BRepFeat_LocalOperation.ixx /dn43/OCCT/tmp/results_31.05.2011/occt/release-sources-20110531/drv/BRepFeat/BRepFeat_LocalOperation.ixx
+M BRepFeat:pubinclude:BRepFeat_MakeCylindricalHole.hxx /dn43/OCCT/tmp/results_31.05.2011/occt/release-sources-20110531/inc/BRepFeat_MakeCylindricalHole.hxx
+M BRepFeat:privinclude:BRepFeat_MakeCylindricalHole.jxx /dn43/OCCT/tmp/results_31.05.2011/occt/release-sources-20110531/drv/BRepFeat/BRepFeat_MakeCylindricalHole.jxx
+M BRepFeat:privinclude:BRepFeat_MakeCylindricalHole.ixx /dn43/OCCT/tmp/results_31.05.2011/occt/release-sources-20110531/drv/BRepFeat/BRepFeat_MakeCylindricalHole.ixx
+M BRepFeat:pubinclude:BRepFeat_SplitShape.hxx /dn43/OCCT/tmp/results_31.05.2011/occt/release-sources-20110531/inc/BRepFeat_SplitShape.hxx
+M BRepFeat:privinclude:BRepFeat_SplitShape.jxx /dn43/OCCT/tmp/results_31.05.2011/occt/release-sources-20110531/drv/BRepFeat/BRepFeat_SplitShape.jxx
+M BRepFeat:privinclude:BRepFeat_SplitShape.ixx /dn43/OCCT/tmp/results_31.05.2011/occt/release-sources-20110531/drv/BRepFeat/BRepFeat_SplitShape.ixx
+M BRepFeat:pubinclude:BRepFeat_Form.hxx /dn43/OCCT/tmp/results_31.05.2011/occt/release-sources-20110531/inc/BRepFeat_Form.hxx
+M BRepFeat:privinclude:BRepFeat_Form.jxx /dn43/OCCT/tmp/results_31.05.2011/occt/release-sources-20110531/drv/BRepFeat/BRepFeat_Form.jxx
+M BRepFeat:privinclude:BRepFeat_Form.ixx /dn43/OCCT/tmp/results_31.05.2011/occt/release-sources-20110531/drv/BRepFeat/BRepFeat_Form.ixx
+M BRepFeat:pubinclude:BRepFeat_RibSlot.hxx /dn43/OCCT/tmp/results_31.05.2011/occt/release-sources-20110531/inc/BRepFeat_RibSlot.hxx
+M BRepFeat:privinclude:BRepFeat_RibSlot.jxx /dn43/OCCT/tmp/results_31.05.2011/occt/release-sources-20110531/drv/BRepFeat/BRepFeat_RibSlot.jxx
+M BRepFeat:privinclude:BRepFeat_RibSlot.ixx /dn43/OCCT/tmp/results_31.05.2011/occt/release-sources-20110531/drv/BRepFeat/BRepFeat_RibSlot.ixx
+M BRepFeat:pubinclude:BRepFeat_MakePrism.hxx /dn43/OCCT/tmp/results_31.05.2011/occt/release-sources-20110531/inc/BRepFeat_MakePrism.hxx
+M BRepFeat:privinclude:BRepFeat_MakePrism.jxx /dn43/OCCT/tmp/results_31.05.2011/occt/release-sources-20110531/drv/BRepFeat/BRepFeat_MakePrism.jxx
+M BRepFeat:privinclude:BRepFeat_MakePrism.ixx /dn43/OCCT/tmp/results_31.05.2011/occt/release-sources-20110531/drv/BRepFeat/BRepFeat_MakePrism.ixx
+M BRepFeat:pubinclude:BRepFeat_MakeRevol.hxx /dn43/OCCT/tmp/results_31.05.2011/occt/release-sources-20110531/inc/BRepFeat_MakeRevol.hxx
+M BRepFeat:privinclude:BRepFeat_MakeRevol.jxx /dn43/OCCT/tmp/results_31.05.2011/occt/release-sources-20110531/drv/BRepFeat/BRepFeat_MakeRevol.jxx
+M BRepFeat:privinclude:BRepFeat_MakeRevol.ixx /dn43/OCCT/tmp/results_31.05.2011/occt/release-sources-20110531/drv/BRepFeat/BRepFeat_MakeRevol.ixx
+M BRepFeat:pubinclude:BRepFeat_MakePipe.hxx /dn43/OCCT/tmp/results_31.05.2011/occt/release-sources-20110531/inc/BRepFeat_MakePipe.hxx
+M BRepFeat:privinclude:BRepFeat_MakePipe.jxx /dn43/OCCT/tmp/results_31.05.2011/occt/release-sources-20110531/drv/BRepFeat/BRepFeat_MakePipe.jxx
+M BRepFeat:privinclude:BRepFeat_MakePipe.ixx /dn43/OCCT/tmp/results_31.05.2011/occt/release-sources-20110531/drv/BRepFeat/BRepFeat_MakePipe.ixx
+M BRepFeat:pubinclude:BRepFeat_Gluer.hxx /dn43/OCCT/tmp/results_31.05.2011/occt/release-sources-20110531/inc/BRepFeat_Gluer.hxx
+M BRepFeat:privinclude:BRepFeat_Gluer.jxx /dn43/OCCT/tmp/results_31.05.2011/occt/release-sources-20110531/drv/BRepFeat/BRepFeat_Gluer.jxx
+M BRepFeat:privinclude:BRepFeat_Gluer.ixx /dn43/OCCT/tmp/results_31.05.2011/occt/release-sources-20110531/drv/BRepFeat/BRepFeat_Gluer.ixx
+M BRepFeat:pubinclude:BRepFeat_MakeDPrism.hxx /dn43/OCCT/tmp/results_31.05.2011/occt/release-sources-20110531/inc/BRepFeat_MakeDPrism.hxx
+M BRepFeat:privinclude:BRepFeat_MakeDPrism.jxx /dn43/OCCT/tmp/results_31.05.2011/occt/release-sources-20110531/drv/BRepFeat/BRepFeat_MakeDPrism.jxx
+M BRepFeat:privinclude:BRepFeat_MakeDPrism.ixx /dn43/OCCT/tmp/results_31.05.2011/occt/release-sources-20110531/drv/BRepFeat/BRepFeat_MakeDPrism.ixx
+M BRepFeat:pubinclude:BRepFeat_MakeLinearForm.hxx /dn43/OCCT/tmp/results_31.05.2011/occt/release-sources-20110531/inc/BRepFeat_MakeLinearForm.hxx
+M BRepFeat:privinclude:BRepFeat_MakeLinearForm.jxx /dn43/OCCT/tmp/results_31.05.2011/occt/release-sources-20110531/drv/BRepFeat/BRepFeat_MakeLinearForm.jxx
+M BRepFeat:privinclude:BRepFeat_MakeLinearForm.ixx /dn43/OCCT/tmp/results_31.05.2011/occt/release-sources-20110531/drv/BRepFeat/BRepFeat_MakeLinearForm.ixx
+M BRepFeat:pubinclude:BRepFeat_MakeRevolutionForm.hxx /dn43/OCCT/tmp/results_31.05.2011/occt/release-sources-20110531/inc/BRepFeat_MakeRevolutionForm.hxx
+M BRepFeat:privinclude:BRepFeat_MakeRevolutionForm.jxx /dn43/OCCT/tmp/results_31.05.2011/occt/release-sources-20110531/drv/BRepFeat/BRepFeat_MakeRevolutionForm.jxx
+M BRepFeat:privinclude:BRepFeat_MakeRevolutionForm.ixx /dn43/OCCT/tmp/results_31.05.2011/occt/release-sources-20110531/drv/BRepFeat/BRepFeat_MakeRevolutionForm.ixx
+M BRepFeat:pubinclude:BRepFeat_StatusError.hxx /dn43/OCCT/tmp/results_31.05.2011/occt/release-sources-20110531/inc/BRepFeat_StatusError.hxx
+M BRepFeat:pubinclude:BRepFeat_Status.hxx /dn43/OCCT/tmp/results_31.05.2011/occt/release-sources-20110531/inc/BRepFeat_Status.hxx
+M BRepFeat:pubinclude:BRepFeat_PerfSelection.hxx /dn43/OCCT/tmp/results_31.05.2011/occt/release-sources-20110531/inc/BRepFeat_PerfSelection.hxx
+M BRepFeat:dbadmfile:BRepFeat_xcpp_header.In /dn43/OCCT/tmp/results_31.05.2011/occt/release-sources-20110531/drv/BRepFeat/.adm/BRepFeat_xcpp_header.In
+M BRepFeat:dbadmfile:BRepFeat_xcpp_header.Out /dn43/OCCT/tmp/results_31.05.2011/occt/release-sources-20110531/drv/BRepFeat/.adm/BRepFeat_xcpp_header.Out
+M BRepFeat:dbadmfile:BRepFeat_xcpp_header.Dep /dn43/OCCT/tmp/results_31.05.2011/occt/release-sources-20110531/drv/BRepFeat/.adm/BRepFeat_xcpp_header.Dep
