+M LProp:pubinclude:LProp_CurAndInf.hxx /dn43/OCCT/tmp/results_28.02.2011/occt/release-sources-20110228/inc/LProp_CurAndInf.hxx
+M LProp:privinclude:LProp_CurAndInf.jxx /dn43/OCCT/tmp/results_28.02.2011/occt/release-sources-20110228/drv/LProp/LProp_CurAndInf.jxx
+M LProp:privinclude:LProp_CurAndInf.ixx /dn43/OCCT/tmp/results_28.02.2011/occt/release-sources-20110228/drv/LProp/LProp_CurAndInf.ixx
+M LProp:pubinclude:LProp_AnalyticCurInf.hxx /dn43/OCCT/tmp/results_28.02.2011/occt/release-sources-20110228/inc/LProp_AnalyticCurInf.hxx
+M LProp:privinclude:LProp_AnalyticCurInf.jxx /dn43/OCCT/tmp/results_28.02.2011/occt/release-sources-20110228/drv/LProp/LProp_AnalyticCurInf.jxx
+M LProp:privinclude:LProp_AnalyticCurInf.ixx /dn43/OCCT/tmp/results_28.02.2011/occt/release-sources-20110228/drv/LProp/LProp_AnalyticCurInf.ixx
+M LProp:pubinclude:LProp_SequenceOfCIType.hxx /dn43/OCCT/tmp/results_28.02.2011/occt/release-sources-20110228/inc/LProp_SequenceOfCIType.hxx
+M LProp:derivated:LProp_SequenceOfCIType_0.cxx /dn43/OCCT/tmp/results_28.02.2011/occt/release-sources-20110228/drv/LProp/LProp_SequenceOfCIType_0.cxx
+M LProp:pubinclude:Handle_LProp_SequenceNodeOfSequenceOfCIType.hxx /dn43/OCCT/tmp/results_28.02.2011/occt/release-sources-20110228/inc/Handle_LProp_SequenceNodeOfSequenceOfCIType.hxx
+M LProp:pubinclude:LProp_SequenceNodeOfSequenceOfCIType.hxx /dn43/OCCT/tmp/results_28.02.2011/occt/release-sources-20110228/inc/LProp_SequenceNodeOfSequenceOfCIType.hxx
+M LProp:derivated:LProp_SequenceNodeOfSequenceOfCIType_0.cxx /dn43/OCCT/tmp/results_28.02.2011/occt/release-sources-20110228/drv/LProp/LProp_SequenceNodeOfSequenceOfCIType_0.cxx
+M LProp:pubinclude:Handle_LProp_BadContinuity.hxx /dn43/OCCT/tmp/results_28.02.2011/occt/release-sources-20110228/inc/Handle_LProp_BadContinuity.hxx
+M LProp:pubinclude:LProp_BadContinuity.hxx /dn43/OCCT/tmp/results_28.02.2011/occt/release-sources-20110228/inc/LProp_BadContinuity.hxx
+M LProp:derivated:LProp_BadContinuity_0.cxx /dn43/OCCT/tmp/results_28.02.2011/occt/release-sources-20110228/drv/LProp/LProp_BadContinuity_0.cxx
+M LProp:pubinclude:Handle_LProp_NotDefined.hxx /dn43/OCCT/tmp/results_28.02.2011/occt/release-sources-20110228/inc/Handle_LProp_NotDefined.hxx
+M LProp:pubinclude:LProp_NotDefined.hxx /dn43/OCCT/tmp/results_28.02.2011/occt/release-sources-20110228/inc/LProp_NotDefined.hxx
+M LProp:derivated:LProp_NotDefined_0.cxx /dn43/OCCT/tmp/results_28.02.2011/occt/release-sources-20110228/drv/LProp/LProp_NotDefined_0.cxx
+M LProp:pubinclude:LProp_Status.hxx /dn43/OCCT/tmp/results_28.02.2011/occt/release-sources-20110228/inc/LProp_Status.hxx
+M LProp:pubinclude:LProp_CIType.hxx /dn43/OCCT/tmp/results_28.02.2011/occt/release-sources-20110228/inc/LProp_CIType.hxx
+M LProp:dbadmfile:LProp_xcpp_header.In /dn43/OCCT/tmp/results_28.02.2011/occt/release-sources-20110228/drv/LProp/.adm/LProp_xcpp_header.In
+M LProp:dbadmfile:LProp_xcpp_header.Out /dn43/OCCT/tmp/results_28.02.2011/occt/release-sources-20110228/drv/LProp/.adm/LProp_xcpp_header.Out
+M LProp:dbadmfile:LProp_xcpp_header.Dep /dn43/OCCT/tmp/results_28.02.2011/occt/release-sources-20110228/drv/LProp/.adm/LProp_xcpp_header.Dep
