+M Voxel:pubinclude:Voxel_DS.hxx /dn43/OCCT/tmp/results_31.05.2011/occt/release-sources-20110531/inc/Voxel_DS.hxx
+M Voxel:privinclude:Voxel_DS.jxx /dn43/OCCT/tmp/results_31.05.2011/occt/release-sources-20110531/drv/Voxel/Voxel_DS.jxx
+M Voxel:privinclude:Voxel_DS.ixx /dn43/OCCT/tmp/results_31.05.2011/occt/release-sources-20110531/drv/Voxel/Voxel_DS.ixx
+M Voxel:pubinclude:Voxel_BoolDS.hxx /dn43/OCCT/tmp/results_31.05.2011/occt/release-sources-20110531/inc/Voxel_BoolDS.hxx
+M Voxel:privinclude:Voxel_BoolDS.jxx /dn43/OCCT/tmp/results_31.05.2011/occt/release-sources-20110531/drv/Voxel/Voxel_BoolDS.jxx
+M Voxel:privinclude:Voxel_BoolDS.ixx /dn43/OCCT/tmp/results_31.05.2011/occt/release-sources-20110531/drv/Voxel/Voxel_BoolDS.ixx
+M Voxel:pubinclude:Voxel_OctBoolDS.hxx /dn43/OCCT/tmp/results_31.05.2011/occt/release-sources-20110531/inc/Voxel_OctBoolDS.hxx
+M Voxel:privinclude:Voxel_OctBoolDS.jxx /dn43/OCCT/tmp/results_31.05.2011/occt/release-sources-20110531/drv/Voxel/Voxel_OctBoolDS.jxx
+M Voxel:privinclude:Voxel_OctBoolDS.ixx /dn43/OCCT/tmp/results_31.05.2011/occt/release-sources-20110531/drv/Voxel/Voxel_OctBoolDS.ixx
+M Voxel:pubinclude:Voxel_ROctBoolDS.hxx /dn43/OCCT/tmp/results_31.05.2011/occt/release-sources-20110531/inc/Voxel_ROctBoolDS.hxx
+M Voxel:privinclude:Voxel_ROctBoolDS.jxx /dn43/OCCT/tmp/results_31.05.2011/occt/release-sources-20110531/drv/Voxel/Voxel_ROctBoolDS.jxx
+M Voxel:privinclude:Voxel_ROctBoolDS.ixx /dn43/OCCT/tmp/results_31.05.2011/occt/release-sources-20110531/drv/Voxel/Voxel_ROctBoolDS.ixx
+M Voxel:pubinclude:Voxel_SplitData.hxx /dn43/OCCT/tmp/results_31.05.2011/occt/release-sources-20110531/inc/Voxel_SplitData.hxx
+M Voxel:privinclude:Voxel_SplitData.jxx /dn43/OCCT/tmp/results_31.05.2011/occt/release-sources-20110531/drv/Voxel/Voxel_SplitData.jxx
+M Voxel:privinclude:Voxel_SplitData.ixx /dn43/OCCT/tmp/results_31.05.2011/occt/release-sources-20110531/drv/Voxel/Voxel_SplitData.ixx
+M Voxel:pubinclude:Voxel_ColorDS.hxx /dn43/OCCT/tmp/results_31.05.2011/occt/release-sources-20110531/inc/Voxel_ColorDS.hxx
+M Voxel:privinclude:Voxel_ColorDS.jxx /dn43/OCCT/tmp/results_31.05.2011/occt/release-sources-20110531/drv/Voxel/Voxel_ColorDS.jxx
+M Voxel:privinclude:Voxel_ColorDS.ixx /dn43/OCCT/tmp/results_31.05.2011/occt/release-sources-20110531/drv/Voxel/Voxel_ColorDS.ixx
+M Voxel:pubinclude:Voxel_FloatDS.hxx /dn43/OCCT/tmp/results_31.05.2011/occt/release-sources-20110531/inc/Voxel_FloatDS.hxx
+M Voxel:privinclude:Voxel_FloatDS.jxx /dn43/OCCT/tmp/results_31.05.2011/occt/release-sources-20110531/drv/Voxel/Voxel_FloatDS.jxx
+M Voxel:privinclude:Voxel_FloatDS.ixx /dn43/OCCT/tmp/results_31.05.2011/occt/release-sources-20110531/drv/Voxel/Voxel_FloatDS.ixx
+M Voxel:pubinclude:Voxel_FastConverter.hxx /dn43/OCCT/tmp/results_31.05.2011/occt/release-sources-20110531/inc/Voxel_FastConverter.hxx
+M Voxel:privinclude:Voxel_FastConverter.jxx /dn43/OCCT/tmp/results_31.05.2011/occt/release-sources-20110531/drv/Voxel/Voxel_FastConverter.jxx
+M Voxel:privinclude:Voxel_FastConverter.ixx /dn43/OCCT/tmp/results_31.05.2011/occt/release-sources-20110531/drv/Voxel/Voxel_FastConverter.ixx
+M Voxel:pubinclude:Handle_Voxel_Prs.hxx /dn43/OCCT/tmp/results_31.05.2011/occt/release-sources-20110531/inc/Handle_Voxel_Prs.hxx
+M Voxel:pubinclude:Voxel_Prs.hxx /dn43/OCCT/tmp/results_31.05.2011/occt/release-sources-20110531/inc/Voxel_Prs.hxx
+M Voxel:privinclude:Voxel_Prs.jxx /dn43/OCCT/tmp/results_31.05.2011/occt/release-sources-20110531/drv/Voxel/Voxel_Prs.jxx
+M Voxel:privinclude:Voxel_Prs.ixx /dn43/OCCT/tmp/results_31.05.2011/occt/release-sources-20110531/drv/Voxel/Voxel_Prs.ixx
+M Voxel:pubinclude:Voxel_BooleanOperation.hxx /dn43/OCCT/tmp/results_31.05.2011/occt/release-sources-20110531/inc/Voxel_BooleanOperation.hxx
+M Voxel:privinclude:Voxel_BooleanOperation.jxx /dn43/OCCT/tmp/results_31.05.2011/occt/release-sources-20110531/drv/Voxel/Voxel_BooleanOperation.jxx
+M Voxel:privinclude:Voxel_BooleanOperation.ixx /dn43/OCCT/tmp/results_31.05.2011/occt/release-sources-20110531/drv/Voxel/Voxel_BooleanOperation.ixx
+M Voxel:pubinclude:Voxel_CollisionDetection.hxx /dn43/OCCT/tmp/results_31.05.2011/occt/release-sources-20110531/inc/Voxel_CollisionDetection.hxx
+M Voxel:privinclude:Voxel_CollisionDetection.jxx /dn43/OCCT/tmp/results_31.05.2011/occt/release-sources-20110531/drv/Voxel/Voxel_CollisionDetection.jxx
+M Voxel:privinclude:Voxel_CollisionDetection.ixx /dn43/OCCT/tmp/results_31.05.2011/occt/release-sources-20110531/drv/Voxel/Voxel_CollisionDetection.ixx
+M Voxel:pubinclude:Voxel_Selector.hxx /dn43/OCCT/tmp/results_31.05.2011/occt/release-sources-20110531/inc/Voxel_Selector.hxx
+M Voxel:privinclude:Voxel_Selector.jxx /dn43/OCCT/tmp/results_31.05.2011/occt/release-sources-20110531/drv/Voxel/Voxel_Selector.jxx
+M Voxel:privinclude:Voxel_Selector.ixx /dn43/OCCT/tmp/results_31.05.2011/occt/release-sources-20110531/drv/Voxel/Voxel_Selector.ixx
+M Voxel:pubinclude:Voxel_Writer.hxx /dn43/OCCT/tmp/results_31.05.2011/occt/release-sources-20110531/inc/Voxel_Writer.hxx
+M Voxel:privinclude:Voxel_Writer.jxx /dn43/OCCT/tmp/results_31.05.2011/occt/release-sources-20110531/drv/Voxel/Voxel_Writer.jxx
+M Voxel:privinclude:Voxel_Writer.ixx /dn43/OCCT/tmp/results_31.05.2011/occt/release-sources-20110531/drv/Voxel/Voxel_Writer.ixx
+M Voxel:pubinclude:Voxel_Reader.hxx /dn43/OCCT/tmp/results_31.05.2011/occt/release-sources-20110531/inc/Voxel_Reader.hxx
+M Voxel:privinclude:Voxel_Reader.jxx /dn43/OCCT/tmp/results_31.05.2011/occt/release-sources-20110531/drv/Voxel/Voxel_Reader.jxx
+M Voxel:privinclude:Voxel_Reader.ixx /dn43/OCCT/tmp/results_31.05.2011/occt/release-sources-20110531/drv/Voxel/Voxel_Reader.ixx
+M Voxel:pubinclude:Voxel_VoxelDisplayMode.hxx /dn43/OCCT/tmp/results_31.05.2011/occt/release-sources-20110531/inc/Voxel_VoxelDisplayMode.hxx
+M Voxel:pubinclude:Voxel_VoxelFileFormat.hxx /dn43/OCCT/tmp/results_31.05.2011/occt/release-sources-20110531/inc/Voxel_VoxelFileFormat.hxx
+M Voxel:dbadmfile:Voxel_xcpp_header.In /dn43/OCCT/tmp/results_31.05.2011/occt/release-sources-20110531/drv/Voxel/.adm/Voxel_xcpp_header.In
+M Voxel:dbadmfile:Voxel_xcpp_header.Out /dn43/OCCT/tmp/results_31.05.2011/occt/release-sources-20110531/drv/Voxel/.adm/Voxel_xcpp_header.Out
+M Voxel:dbadmfile:Voxel_xcpp_header.Dep /dn43/OCCT/tmp/results_31.05.2011/occt/release-sources-20110531/drv/Voxel/.adm/Voxel_xcpp_header.Dep
