+M AdvApprox:pubinclude:AdvApprox_ApproxAFunction.hxx /dn43/OCCT/tmp/results_28.02.2011/occt/release-sources-20110228/inc/AdvApprox_ApproxAFunction.hxx
+M AdvApprox:privinclude:AdvApprox_ApproxAFunction.jxx /dn43/OCCT/tmp/results_28.02.2011/occt/release-sources-20110228/drv/AdvApprox/AdvApprox_ApproxAFunction.jxx
+M AdvApprox:privinclude:AdvApprox_ApproxAFunction.ixx /dn43/OCCT/tmp/results_28.02.2011/occt/release-sources-20110228/drv/AdvApprox/AdvApprox_ApproxAFunction.ixx
+M AdvApprox:pubinclude:AdvApprox_SimpleApprox.hxx /dn43/OCCT/tmp/results_28.02.2011/occt/release-sources-20110228/inc/AdvApprox_SimpleApprox.hxx
+M AdvApprox:privinclude:AdvApprox_SimpleApprox.jxx /dn43/OCCT/tmp/results_28.02.2011/occt/release-sources-20110228/drv/AdvApprox/AdvApprox_SimpleApprox.jxx
+M AdvApprox:privinclude:AdvApprox_SimpleApprox.ixx /dn43/OCCT/tmp/results_28.02.2011/occt/release-sources-20110228/drv/AdvApprox/AdvApprox_SimpleApprox.ixx
+M AdvApprox:pubinclude:AdvApprox_Cutting.hxx /dn43/OCCT/tmp/results_28.02.2011/occt/release-sources-20110228/inc/AdvApprox_Cutting.hxx
+M AdvApprox:privinclude:AdvApprox_Cutting.jxx /dn43/OCCT/tmp/results_28.02.2011/occt/release-sources-20110228/drv/AdvApprox/AdvApprox_Cutting.jxx
+M AdvApprox:privinclude:AdvApprox_Cutting.ixx /dn43/OCCT/tmp/results_28.02.2011/occt/release-sources-20110228/drv/AdvApprox/AdvApprox_Cutting.ixx
+M AdvApprox:pubinclude:AdvApprox_DichoCutting.hxx /dn43/OCCT/tmp/results_28.02.2011/occt/release-sources-20110228/inc/AdvApprox_DichoCutting.hxx
+M AdvApprox:privinclude:AdvApprox_DichoCutting.jxx /dn43/OCCT/tmp/results_28.02.2011/occt/release-sources-20110228/drv/AdvApprox/AdvApprox_DichoCutting.jxx
+M AdvApprox:privinclude:AdvApprox_DichoCutting.ixx /dn43/OCCT/tmp/results_28.02.2011/occt/release-sources-20110228/drv/AdvApprox/AdvApprox_DichoCutting.ixx
+M AdvApprox:pubinclude:AdvApprox_PrefCutting.hxx /dn43/OCCT/tmp/results_28.02.2011/occt/release-sources-20110228/inc/AdvApprox_PrefCutting.hxx
+M AdvApprox:privinclude:AdvApprox_PrefCutting.jxx /dn43/OCCT/tmp/results_28.02.2011/occt/release-sources-20110228/drv/AdvApprox/AdvApprox_PrefCutting.jxx
+M AdvApprox:privinclude:AdvApprox_PrefCutting.ixx /dn43/OCCT/tmp/results_28.02.2011/occt/release-sources-20110228/drv/AdvApprox/AdvApprox_PrefCutting.ixx
+M AdvApprox:pubinclude:AdvApprox_PrefAndRec.hxx /dn43/OCCT/tmp/results_28.02.2011/occt/release-sources-20110228/inc/AdvApprox_PrefAndRec.hxx
+M AdvApprox:privinclude:AdvApprox_PrefAndRec.jxx /dn43/OCCT/tmp/results_28.02.2011/occt/release-sources-20110228/drv/AdvApprox/AdvApprox_PrefAndRec.jxx
+M AdvApprox:privinclude:AdvApprox_PrefAndRec.ixx /dn43/OCCT/tmp/results_28.02.2011/occt/release-sources-20110228/drv/AdvApprox/AdvApprox_PrefAndRec.ixx
+M AdvApprox:dbadmfile:AdvApprox_xcpp_header.In /dn43/OCCT/tmp/results_28.02.2011/occt/release-sources-20110228/drv/AdvApprox/.adm/AdvApprox_xcpp_header.In
+M AdvApprox:dbadmfile:AdvApprox_xcpp_header.Out /dn43/OCCT/tmp/results_28.02.2011/occt/release-sources-20110228/drv/AdvApprox/.adm/AdvApprox_xcpp_header.Out
+M AdvApprox:dbadmfile:AdvApprox_xcpp_header.Dep /dn43/OCCT/tmp/results_28.02.2011/occt/release-sources-20110228/drv/AdvApprox/.adm/AdvApprox_xcpp_header.Dep
