+M ShapeConstruct:pubinclude:ShapeConstruct.hxx /dn43/OCCT/tmp/results_31.05.2011/occt/release-sources-20110531/inc/ShapeConstruct.hxx
+M ShapeConstruct:privinclude:ShapeConstruct.jxx /dn43/OCCT/tmp/results_31.05.2011/occt/release-sources-20110531/drv/ShapeConstruct/ShapeConstruct.jxx
+M ShapeConstruct:privinclude:ShapeConstruct.ixx /dn43/OCCT/tmp/results_31.05.2011/occt/release-sources-20110531/drv/ShapeConstruct/ShapeConstruct.ixx
+M ShapeConstruct:pubinclude:ShapeConstruct_Curve.hxx /dn43/OCCT/tmp/results_31.05.2011/occt/release-sources-20110531/inc/ShapeConstruct_Curve.hxx
+M ShapeConstruct:privinclude:ShapeConstruct_Curve.jxx /dn43/OCCT/tmp/results_31.05.2011/occt/release-sources-20110531/drv/ShapeConstruct/ShapeConstruct_Curve.jxx
+M ShapeConstruct:privinclude:ShapeConstruct_Curve.ixx /dn43/OCCT/tmp/results_31.05.2011/occt/release-sources-20110531/drv/ShapeConstruct/ShapeConstruct_Curve.ixx
+M ShapeConstruct:pubinclude:Handle_ShapeConstruct_ProjectCurveOnSurface.hxx /dn43/OCCT/tmp/results_31.05.2011/occt/release-sources-20110531/inc/Handle_ShapeConstruct_ProjectCurveOnSurface.hxx
+M ShapeConstruct:pubinclude:ShapeConstruct_ProjectCurveOnSurface.hxx /dn43/OCCT/tmp/results_31.05.2011/occt/release-sources-20110531/inc/ShapeConstruct_ProjectCurveOnSurface.hxx
+M ShapeConstruct:privinclude:ShapeConstruct_ProjectCurveOnSurface.jxx /dn43/OCCT/tmp/results_31.05.2011/occt/release-sources-20110531/drv/ShapeConstruct/ShapeConstruct_ProjectCurveOnSurface.jxx
+M ShapeConstruct:privinclude:ShapeConstruct_ProjectCurveOnSurface.ixx /dn43/OCCT/tmp/results_31.05.2011/occt/release-sources-20110531/drv/ShapeConstruct/ShapeConstruct_ProjectCurveOnSurface.ixx
+M ShapeConstruct:pubinclude:ShapeConstruct_CompBezierCurvesToBSplineCurve.hxx /dn43/OCCT/tmp/results_31.05.2011/occt/release-sources-20110531/inc/ShapeConstruct_CompBezierCurvesToBSplineCurve.hxx
+M ShapeConstruct:privinclude:ShapeConstruct_CompBezierCurvesToBSplineCurve.jxx /dn43/OCCT/tmp/results_31.05.2011/occt/release-sources-20110531/drv/ShapeConstruct/ShapeConstruct_CompBezierCurvesToBSplineCurve.jxx
+M ShapeConstruct:privinclude:ShapeConstruct_CompBezierCurvesToBSplineCurve.ixx /dn43/OCCT/tmp/results_31.05.2011/occt/release-sources-20110531/drv/ShapeConstruct/ShapeConstruct_CompBezierCurvesToBSplineCurve.ixx
+M ShapeConstruct:pubinclude:ShapeConstruct_CompBezierCurves2dToBSplineCurve2d.hxx /dn43/OCCT/tmp/results_31.05.2011/occt/release-sources-20110531/inc/ShapeConstruct_CompBezierCurves2dToBSplineCurve2d.hxx
+M ShapeConstruct:privinclude:ShapeConstruct_CompBezierCurves2dToBSplineCurve2d.jxx /dn43/OCCT/tmp/results_31.05.2011/occt/release-sources-20110531/drv/ShapeConstruct/ShapeConstruct_CompBezierCurves2dToBSplineCurve2d.jxx
+M ShapeConstruct:privinclude:ShapeConstruct_CompBezierCurves2dToBSplineCurve2d.ixx /dn43/OCCT/tmp/results_31.05.2011/occt/release-sources-20110531/drv/ShapeConstruct/ShapeConstruct_CompBezierCurves2dToBSplineCurve2d.ixx
+M ShapeConstruct:pubinclude:ShapeConstruct_MakeTriangulation.hxx /dn43/OCCT/tmp/results_31.05.2011/occt/release-sources-20110531/inc/ShapeConstruct_MakeTriangulation.hxx
+M ShapeConstruct:privinclude:ShapeConstruct_MakeTriangulation.jxx /dn43/OCCT/tmp/results_31.05.2011/occt/release-sources-20110531/drv/ShapeConstruct/ShapeConstruct_MakeTriangulation.jxx
+M ShapeConstruct:privinclude:ShapeConstruct_MakeTriangulation.ixx /dn43/OCCT/tmp/results_31.05.2011/occt/release-sources-20110531/drv/ShapeConstruct/ShapeConstruct_MakeTriangulation.ixx
+M ShapeConstruct:dbadmfile:ShapeConstruct_xcpp_header.In /dn43/OCCT/tmp/results_31.05.2011/occt/release-sources-20110531/drv/ShapeConstruct/.adm/ShapeConstruct_xcpp_header.In
+M ShapeConstruct:dbadmfile:ShapeConstruct_xcpp_header.Out /dn43/OCCT/tmp/results_31.05.2011/occt/release-sources-20110531/drv/ShapeConstruct/.adm/ShapeConstruct_xcpp_header.Out
+M ShapeConstruct:dbadmfile:ShapeConstruct_xcpp_header.Dep /dn43/OCCT/tmp/results_31.05.2011/occt/release-sources-20110531/drv/ShapeConstruct/.adm/ShapeConstruct_xcpp_header.Dep
