+M BRepClass3d:pubinclude:BRepClass3d_Intersector3d.hxx /dn43/OCCT/tmp/results_28.02.2011/occt/release-sources-20110228/inc/BRepClass3d_Intersector3d.hxx
+M BRepClass3d:privinclude:BRepClass3d_Intersector3d.jxx /dn43/OCCT/tmp/results_28.02.2011/occt/release-sources-20110228/drv/BRepClass3d/BRepClass3d_Intersector3d.jxx
+M BRepClass3d:privinclude:BRepClass3d_Intersector3d.ixx /dn43/OCCT/tmp/results_28.02.2011/occt/release-sources-20110228/drv/BRepClass3d/BRepClass3d_Intersector3d.ixx
+M BRepClass3d:pubinclude:BRepClass3d_MapOfInter.hxx /dn43/OCCT/tmp/results_28.02.2011/occt/release-sources-20110228/inc/BRepClass3d_MapOfInter.hxx
+M BRepClass3d:derivated:BRepClass3d_MapOfInter_0.cxx /dn43/OCCT/tmp/results_28.02.2011/occt/release-sources-20110228/drv/BRepClass3d/BRepClass3d_MapOfInter_0.cxx
+M BRepClass3d:pubinclude:BRepClass3d_SolidExplorer.hxx /dn43/OCCT/tmp/results_28.02.2011/occt/release-sources-20110228/inc/BRepClass3d_SolidExplorer.hxx
+M BRepClass3d:privinclude:BRepClass3d_SolidExplorer.jxx /dn43/OCCT/tmp/results_28.02.2011/occt/release-sources-20110228/drv/BRepClass3d/BRepClass3d_SolidExplorer.jxx
+M BRepClass3d:privinclude:BRepClass3d_SolidExplorer.ixx /dn43/OCCT/tmp/results_28.02.2011/occt/release-sources-20110228/drv/BRepClass3d/BRepClass3d_SolidExplorer.ixx
+M BRepClass3d:pubinclude:BRepClass3d_SolidPassiveClassifier.hxx /dn43/OCCT/tmp/results_28.02.2011/occt/release-sources-20110228/inc/BRepClass3d_SolidPassiveClassifier.hxx
+M BRepClass3d:derivated:BRepClass3d_SolidPassiveClassifier_0.cxx /dn43/OCCT/tmp/results_28.02.2011/occt/release-sources-20110228/drv/BRepClass3d/BRepClass3d_SolidPassiveClassifier_0.cxx
+M BRepClass3d:pubinclude:BRepClass3d_SClassifier.hxx /dn43/OCCT/tmp/results_28.02.2011/occt/release-sources-20110228/inc/BRepClass3d_SClassifier.hxx
+M BRepClass3d:privinclude:BRepClass3d_SClassifier.jxx /dn43/OCCT/tmp/results_28.02.2011/occt/release-sources-20110228/drv/BRepClass3d/BRepClass3d_SClassifier.jxx
+M BRepClass3d:privinclude:BRepClass3d_SClassifier.ixx /dn43/OCCT/tmp/results_28.02.2011/occt/release-sources-20110228/drv/BRepClass3d/BRepClass3d_SClassifier.ixx
+M BRepClass3d:pubinclude:BRepClass3d_SolidClassifier.hxx /dn43/OCCT/tmp/results_28.02.2011/occt/release-sources-20110228/inc/BRepClass3d_SolidClassifier.hxx
+M BRepClass3d:privinclude:BRepClass3d_SolidClassifier.jxx /dn43/OCCT/tmp/results_28.02.2011/occt/release-sources-20110228/drv/BRepClass3d/BRepClass3d_SolidClassifier.jxx
+M BRepClass3d:privinclude:BRepClass3d_SolidClassifier.ixx /dn43/OCCT/tmp/results_28.02.2011/occt/release-sources-20110228/drv/BRepClass3d/BRepClass3d_SolidClassifier.ixx
+M BRepClass3d:pubinclude:Handle_BRepClass3d_DataMapNodeOfMapOfInter.hxx /dn43/OCCT/tmp/results_28.02.2011/occt/release-sources-20110228/inc/Handle_BRepClass3d_DataMapNodeOfMapOfInter.hxx
+M BRepClass3d:pubinclude:BRepClass3d_DataMapNodeOfMapOfInter.hxx /dn43/OCCT/tmp/results_28.02.2011/occt/release-sources-20110228/inc/BRepClass3d_DataMapNodeOfMapOfInter.hxx
+M BRepClass3d:derivated:BRepClass3d_DataMapNodeOfMapOfInter_0.cxx /dn43/OCCT/tmp/results_28.02.2011/occt/release-sources-20110228/drv/BRepClass3d/BRepClass3d_DataMapNodeOfMapOfInter_0.cxx
+M BRepClass3d:pubinclude:BRepClass3d_DataMapIteratorOfMapOfInter.hxx /dn43/OCCT/tmp/results_28.02.2011/occt/release-sources-20110228/inc/BRepClass3d_DataMapIteratorOfMapOfInter.hxx
+M BRepClass3d:derivated:BRepClass3d_DataMapIteratorOfMapOfInter_0.cxx /dn43/OCCT/tmp/results_28.02.2011/occt/release-sources-20110228/drv/BRepClass3d/BRepClass3d_DataMapIteratorOfMapOfInter_0.cxx
+M BRepClass3d:dbadmfile:BRepClass3d_xcpp_header.In /dn43/OCCT/tmp/results_28.02.2011/occt/release-sources-20110228/drv/BRepClass3d/.adm/BRepClass3d_xcpp_header.In
+M BRepClass3d:dbadmfile:BRepClass3d_xcpp_header.Out /dn43/OCCT/tmp/results_28.02.2011/occt/release-sources-20110228/drv/BRepClass3d/.adm/BRepClass3d_xcpp_header.Out
+M BRepClass3d:dbadmfile:BRepClass3d_xcpp_header.Dep /dn43/OCCT/tmp/results_28.02.2011/occt/release-sources-20110228/drv/BRepClass3d/.adm/BRepClass3d_xcpp_header.Dep
