+M TPrsStd:pubinclude:Handle_TPrsStd_AISViewer.hxx /dn43/OCCT/tmp/results_28.02.2011/occt/release-sources-20110228/inc/Handle_TPrsStd_AISViewer.hxx
+M TPrsStd:pubinclude:TPrsStd_AISViewer.hxx /dn43/OCCT/tmp/results_28.02.2011/occt/release-sources-20110228/inc/TPrsStd_AISViewer.hxx
+M TPrsStd:privinclude:TPrsStd_AISViewer.jxx /dn43/OCCT/tmp/results_28.02.2011/occt/release-sources-20110228/drv/TPrsStd/TPrsStd_AISViewer.jxx
+M TPrsStd:privinclude:TPrsStd_AISViewer.ixx /dn43/OCCT/tmp/results_28.02.2011/occt/release-sources-20110228/drv/TPrsStd/TPrsStd_AISViewer.ixx
+M TPrsStd:pubinclude:Handle_TPrsStd_AISPresentation.hxx /dn43/OCCT/tmp/results_28.02.2011/occt/release-sources-20110228/inc/Handle_TPrsStd_AISPresentation.hxx
+M TPrsStd:pubinclude:TPrsStd_AISPresentation.hxx /dn43/OCCT/tmp/results_28.02.2011/occt/release-sources-20110228/inc/TPrsStd_AISPresentation.hxx
+M TPrsStd:privinclude:TPrsStd_AISPresentation.jxx /dn43/OCCT/tmp/results_28.02.2011/occt/release-sources-20110228/drv/TPrsStd/TPrsStd_AISPresentation.jxx
+M TPrsStd:privinclude:TPrsStd_AISPresentation.ixx /dn43/OCCT/tmp/results_28.02.2011/occt/release-sources-20110228/drv/TPrsStd/TPrsStd_AISPresentation.ixx
+M TPrsStd:pubinclude:Handle_TPrsStd_Driver.hxx /dn43/OCCT/tmp/results_28.02.2011/occt/release-sources-20110228/inc/Handle_TPrsStd_Driver.hxx
+M TPrsStd:pubinclude:TPrsStd_Driver.hxx /dn43/OCCT/tmp/results_28.02.2011/occt/release-sources-20110228/inc/TPrsStd_Driver.hxx
+M TPrsStd:privinclude:TPrsStd_Driver.jxx /dn43/OCCT/tmp/results_28.02.2011/occt/release-sources-20110228/drv/TPrsStd/TPrsStd_Driver.jxx
+M TPrsStd:privinclude:TPrsStd_Driver.ixx /dn43/OCCT/tmp/results_28.02.2011/occt/release-sources-20110228/drv/TPrsStd/TPrsStd_Driver.ixx
+M TPrsStd:pubinclude:Handle_TPrsStd_PointDriver.hxx /dn43/OCCT/tmp/results_28.02.2011/occt/release-sources-20110228/inc/Handle_TPrsStd_PointDriver.hxx
+M TPrsStd:pubinclude:TPrsStd_PointDriver.hxx /dn43/OCCT/tmp/results_28.02.2011/occt/release-sources-20110228/inc/TPrsStd_PointDriver.hxx
+M TPrsStd:privinclude:TPrsStd_PointDriver.jxx /dn43/OCCT/tmp/results_28.02.2011/occt/release-sources-20110228/drv/TPrsStd/TPrsStd_PointDriver.jxx
+M TPrsStd:privinclude:TPrsStd_PointDriver.ixx /dn43/OCCT/tmp/results_28.02.2011/occt/release-sources-20110228/drv/TPrsStd/TPrsStd_PointDriver.ixx
+M TPrsStd:pubinclude:Handle_TPrsStd_AxisDriver.hxx /dn43/OCCT/tmp/results_28.02.2011/occt/release-sources-20110228/inc/Handle_TPrsStd_AxisDriver.hxx
+M TPrsStd:pubinclude:TPrsStd_AxisDriver.hxx /dn43/OCCT/tmp/results_28.02.2011/occt/release-sources-20110228/inc/TPrsStd_AxisDriver.hxx
+M TPrsStd:privinclude:TPrsStd_AxisDriver.jxx /dn43/OCCT/tmp/results_28.02.2011/occt/release-sources-20110228/drv/TPrsStd/TPrsStd_AxisDriver.jxx
+M TPrsStd:privinclude:TPrsStd_AxisDriver.ixx /dn43/OCCT/tmp/results_28.02.2011/occt/release-sources-20110228/drv/TPrsStd/TPrsStd_AxisDriver.ixx
+M TPrsStd:pubinclude:Handle_TPrsStd_PlaneDriver.hxx /dn43/OCCT/tmp/results_28.02.2011/occt/release-sources-20110228/inc/Handle_TPrsStd_PlaneDriver.hxx
+M TPrsStd:pubinclude:TPrsStd_PlaneDriver.hxx /dn43/OCCT/tmp/results_28.02.2011/occt/release-sources-20110228/inc/TPrsStd_PlaneDriver.hxx
+M TPrsStd:privinclude:TPrsStd_PlaneDriver.jxx /dn43/OCCT/tmp/results_28.02.2011/occt/release-sources-20110228/drv/TPrsStd/TPrsStd_PlaneDriver.jxx
+M TPrsStd:privinclude:TPrsStd_PlaneDriver.ixx /dn43/OCCT/tmp/results_28.02.2011/occt/release-sources-20110228/drv/TPrsStd/TPrsStd_PlaneDriver.ixx
+M TPrsStd:pubinclude:Handle_TPrsStd_GeometryDriver.hxx /dn43/OCCT/tmp/results_28.02.2011/occt/release-sources-20110228/inc/Handle_TPrsStd_GeometryDriver.hxx
+M TPrsStd:pubinclude:TPrsStd_GeometryDriver.hxx /dn43/OCCT/tmp/results_28.02.2011/occt/release-sources-20110228/inc/TPrsStd_GeometryDriver.hxx
+M TPrsStd:privinclude:TPrsStd_GeometryDriver.jxx /dn43/OCCT/tmp/results_28.02.2011/occt/release-sources-20110228/drv/TPrsStd/TPrsStd_GeometryDriver.jxx
+M TPrsStd:privinclude:TPrsStd_GeometryDriver.ixx /dn43/OCCT/tmp/results_28.02.2011/occt/release-sources-20110228/drv/TPrsStd/TPrsStd_GeometryDriver.ixx
+M TPrsStd:pubinclude:Handle_TPrsStd_ConstraintDriver.hxx /dn43/OCCT/tmp/results_28.02.2011/occt/release-sources-20110228/inc/Handle_TPrsStd_ConstraintDriver.hxx
+M TPrsStd:pubinclude:TPrsStd_ConstraintDriver.hxx /dn43/OCCT/tmp/results_28.02.2011/occt/release-sources-20110228/inc/TPrsStd_ConstraintDriver.hxx
+M TPrsStd:privinclude:TPrsStd_ConstraintDriver.jxx /dn43/OCCT/tmp/results_28.02.2011/occt/release-sources-20110228/drv/TPrsStd/TPrsStd_ConstraintDriver.jxx
+M TPrsStd:privinclude:TPrsStd_ConstraintDriver.ixx /dn43/OCCT/tmp/results_28.02.2011/occt/release-sources-20110228/drv/TPrsStd/TPrsStd_ConstraintDriver.ixx
+M TPrsStd:pubinclude:Handle_TPrsStd_NamedShapeDriver.hxx /dn43/OCCT/tmp/results_28.02.2011/occt/release-sources-20110228/inc/Handle_TPrsStd_NamedShapeDriver.hxx
+M TPrsStd:pubinclude:TPrsStd_NamedShapeDriver.hxx /dn43/OCCT/tmp/results_28.02.2011/occt/release-sources-20110228/inc/TPrsStd_NamedShapeDriver.hxx
+M TPrsStd:privinclude:TPrsStd_NamedShapeDriver.jxx /dn43/OCCT/tmp/results_28.02.2011/occt/release-sources-20110228/drv/TPrsStd/TPrsStd_NamedShapeDriver.jxx
+M TPrsStd:privinclude:TPrsStd_NamedShapeDriver.ixx /dn43/OCCT/tmp/results_28.02.2011/occt/release-sources-20110228/drv/TPrsStd/TPrsStd_NamedShapeDriver.ixx
+M TPrsStd:pubinclude:Handle_TPrsStd_DriverTable.hxx /dn43/OCCT/tmp/results_28.02.2011/occt/release-sources-20110228/inc/Handle_TPrsStd_DriverTable.hxx
+M TPrsStd:pubinclude:TPrsStd_DriverTable.hxx /dn43/OCCT/tmp/results_28.02.2011/occt/release-sources-20110228/inc/TPrsStd_DriverTable.hxx
+M TPrsStd:privinclude:TPrsStd_DriverTable.jxx /dn43/OCCT/tmp/results_28.02.2011/occt/release-sources-20110228/drv/TPrsStd/TPrsStd_DriverTable.jxx
+M TPrsStd:privinclude:TPrsStd_DriverTable.ixx /dn43/OCCT/tmp/results_28.02.2011/occt/release-sources-20110228/drv/TPrsStd/TPrsStd_DriverTable.ixx
+M TPrsStd:pubinclude:TPrsStd_ConstraintTools.hxx /dn43/OCCT/tmp/results_28.02.2011/occt/release-sources-20110228/inc/TPrsStd_ConstraintTools.hxx
+M TPrsStd:privinclude:TPrsStd_ConstraintTools.jxx /dn43/OCCT/tmp/results_28.02.2011/occt/release-sources-20110228/drv/TPrsStd/TPrsStd_ConstraintTools.jxx
+M TPrsStd:privinclude:TPrsStd_ConstraintTools.ixx /dn43/OCCT/tmp/results_28.02.2011/occt/release-sources-20110228/drv/TPrsStd/TPrsStd_ConstraintTools.ixx
+M TPrsStd:pubinclude:TPrsStd_DataMapOfGUIDDriver.hxx /dn43/OCCT/tmp/results_28.02.2011/occt/release-sources-20110228/inc/TPrsStd_DataMapOfGUIDDriver.hxx
+M TPrsStd:derivated:TPrsStd_DataMapOfGUIDDriver_0.cxx /dn43/OCCT/tmp/results_28.02.2011/occt/release-sources-20110228/drv/TPrsStd/TPrsStd_DataMapOfGUIDDriver_0.cxx
+M TPrsStd:pubinclude:Handle_TPrsStd_DataMapNodeOfDataMapOfGUIDDriver.hxx /dn43/OCCT/tmp/results_28.02.2011/occt/release-sources-20110228/inc/Handle_TPrsStd_DataMapNodeOfDataMapOfGUIDDriver.hxx
+M TPrsStd:pubinclude:TPrsStd_DataMapNodeOfDataMapOfGUIDDriver.hxx /dn43/OCCT/tmp/results_28.02.2011/occt/release-sources-20110228/inc/TPrsStd_DataMapNodeOfDataMapOfGUIDDriver.hxx
+M TPrsStd:derivated:TPrsStd_DataMapNodeOfDataMapOfGUIDDriver_0.cxx /dn43/OCCT/tmp/results_28.02.2011/occt/release-sources-20110228/drv/TPrsStd/TPrsStd_DataMapNodeOfDataMapOfGUIDDriver_0.cxx
+M TPrsStd:pubinclude:TPrsStd_DataMapIteratorOfDataMapOfGUIDDriver.hxx /dn43/OCCT/tmp/results_28.02.2011/occt/release-sources-20110228/inc/TPrsStd_DataMapIteratorOfDataMapOfGUIDDriver.hxx
+M TPrsStd:derivated:TPrsStd_DataMapIteratorOfDataMapOfGUIDDriver_0.cxx /dn43/OCCT/tmp/results_28.02.2011/occt/release-sources-20110228/drv/TPrsStd/TPrsStd_DataMapIteratorOfDataMapOfGUIDDriver_0.cxx
+M TPrsStd:dbadmfile:TPrsStd_xcpp_header.In /dn43/OCCT/tmp/results_28.02.2011/occt/release-sources-20110228/drv/TPrsStd/.adm/TPrsStd_xcpp_header.In
+M TPrsStd:dbadmfile:TPrsStd_xcpp_header.Out /dn43/OCCT/tmp/results_28.02.2011/occt/release-sources-20110228/drv/TPrsStd/.adm/TPrsStd_xcpp_header.Out
+M TPrsStd:dbadmfile:TPrsStd_xcpp_header.Dep /dn43/OCCT/tmp/results_28.02.2011/occt/release-sources-20110228/drv/TPrsStd/.adm/TPrsStd_xcpp_header.Dep
