+M Xw:pubinclude:Xw.hxx /dn43/OCCT/tmp/results_30.09.2011/occt/release-sources-20110930/inc/Xw.hxx
+M Xw:privinclude:Xw.jxx /dn43/OCCT/tmp/results_30.09.2011/occt/release-sources-20110930/drv/Xw/Xw.jxx
+M Xw:privinclude:Xw.ixx /dn43/OCCT/tmp/results_30.09.2011/occt/release-sources-20110930/drv/Xw/Xw.ixx
+M Xw:pubinclude:Handle_Xw_Driver.hxx /dn43/OCCT/tmp/results_30.09.2011/occt/release-sources-20110930/inc/Handle_Xw_Driver.hxx
+M Xw:pubinclude:Xw_Driver.hxx /dn43/OCCT/tmp/results_30.09.2011/occt/release-sources-20110930/inc/Xw_Driver.hxx
+M Xw:privinclude:Xw_Driver.jxx /dn43/OCCT/tmp/results_30.09.2011/occt/release-sources-20110930/drv/Xw/Xw_Driver.jxx
+M Xw:privinclude:Xw_Driver.ixx /dn43/OCCT/tmp/results_30.09.2011/occt/release-sources-20110930/drv/Xw/Xw_Driver.ixx
+M Xw:pubinclude:Handle_Xw_Window.hxx /dn43/OCCT/tmp/results_30.09.2011/occt/release-sources-20110930/inc/Handle_Xw_Window.hxx
+M Xw:pubinclude:Xw_Window.hxx /dn43/OCCT/tmp/results_30.09.2011/occt/release-sources-20110930/inc/Xw_Window.hxx
+M Xw:privinclude:Xw_Window.jxx /dn43/OCCT/tmp/results_30.09.2011/occt/release-sources-20110930/drv/Xw/Xw_Window.jxx
+M Xw:privinclude:Xw_Window.ixx /dn43/OCCT/tmp/results_30.09.2011/occt/release-sources-20110930/drv/Xw/Xw_Window.ixx
+M Xw:pubinclude:Handle_Xw_PixMap.hxx /dn43/OCCT/tmp/results_30.09.2011/occt/release-sources-20110930/inc/Handle_Xw_PixMap.hxx
+M Xw:pubinclude:Xw_PixMap.hxx /dn43/OCCT/tmp/results_30.09.2011/occt/release-sources-20110930/inc/Xw_PixMap.hxx
+M Xw:privinclude:Xw_PixMap.jxx /dn43/OCCT/tmp/results_30.09.2011/occt/release-sources-20110930/drv/Xw/Xw_PixMap.jxx
+M Xw:privinclude:Xw_PixMap.ixx /dn43/OCCT/tmp/results_30.09.2011/occt/release-sources-20110930/drv/Xw/Xw_PixMap.ixx
+M Xw:pubinclude:Handle_Xw_ColorMap.hxx /dn43/OCCT/tmp/results_30.09.2011/occt/release-sources-20110930/inc/Handle_Xw_ColorMap.hxx
+M Xw:pubinclude:Xw_ColorMap.hxx /dn43/OCCT/tmp/results_30.09.2011/occt/release-sources-20110930/inc/Xw_ColorMap.hxx
+M Xw:privinclude:Xw_ColorMap.jxx /dn43/OCCT/tmp/results_30.09.2011/occt/release-sources-20110930/drv/Xw/Xw_ColorMap.jxx
+M Xw:privinclude:Xw_ColorMap.ixx /dn43/OCCT/tmp/results_30.09.2011/occt/release-sources-20110930/drv/Xw/Xw_ColorMap.ixx
+M Xw:pubinclude:Handle_Xw_TypeMap.hxx /dn43/OCCT/tmp/results_30.09.2011/occt/release-sources-20110930/inc/Handle_Xw_TypeMap.hxx
+M Xw:pubinclude:Xw_TypeMap.hxx /dn43/OCCT/tmp/results_30.09.2011/occt/release-sources-20110930/inc/Xw_TypeMap.hxx
+M Xw:privinclude:Xw_TypeMap.jxx /dn43/OCCT/tmp/results_30.09.2011/occt/release-sources-20110930/drv/Xw/Xw_TypeMap.jxx
+M Xw:privinclude:Xw_TypeMap.ixx /dn43/OCCT/tmp/results_30.09.2011/occt/release-sources-20110930/drv/Xw/Xw_TypeMap.ixx
+M Xw:pubinclude:Handle_Xw_WidthMap.hxx /dn43/OCCT/tmp/results_30.09.2011/occt/release-sources-20110930/inc/Handle_Xw_WidthMap.hxx
+M Xw:pubinclude:Xw_WidthMap.hxx /dn43/OCCT/tmp/results_30.09.2011/occt/release-sources-20110930/inc/Xw_WidthMap.hxx
+M Xw:privinclude:Xw_WidthMap.jxx /dn43/OCCT/tmp/results_30.09.2011/occt/release-sources-20110930/drv/Xw/Xw_WidthMap.jxx
+M Xw:privinclude:Xw_WidthMap.ixx /dn43/OCCT/tmp/results_30.09.2011/occt/release-sources-20110930/drv/Xw/Xw_WidthMap.ixx
+M Xw:pubinclude:Handle_Xw_FontMap.hxx /dn43/OCCT/tmp/results_30.09.2011/occt/release-sources-20110930/inc/Handle_Xw_FontMap.hxx
+M Xw:pubinclude:Xw_FontMap.hxx /dn43/OCCT/tmp/results_30.09.2011/occt/release-sources-20110930/inc/Xw_FontMap.hxx
+M Xw:privinclude:Xw_FontMap.jxx /dn43/OCCT/tmp/results_30.09.2011/occt/release-sources-20110930/drv/Xw/Xw_FontMap.jxx
+M Xw:privinclude:Xw_FontMap.ixx /dn43/OCCT/tmp/results_30.09.2011/occt/release-sources-20110930/drv/Xw/Xw_FontMap.ixx
+M Xw:pubinclude:Handle_Xw_MarkMap.hxx /dn43/OCCT/tmp/results_30.09.2011/occt/release-sources-20110930/inc/Handle_Xw_MarkMap.hxx
+M Xw:pubinclude:Xw_MarkMap.hxx /dn43/OCCT/tmp/results_30.09.2011/occt/release-sources-20110930/inc/Xw_MarkMap.hxx
+M Xw:privinclude:Xw_MarkMap.jxx /dn43/OCCT/tmp/results_30.09.2011/occt/release-sources-20110930/drv/Xw/Xw_MarkMap.jxx
+M Xw:privinclude:Xw_MarkMap.ixx /dn43/OCCT/tmp/results_30.09.2011/occt/release-sources-20110930/drv/Xw/Xw_MarkMap.ixx
+M Xw:pubinclude:Handle_Xw_GraphicDevice.hxx /dn43/OCCT/tmp/results_30.09.2011/occt/release-sources-20110930/inc/Handle_Xw_GraphicDevice.hxx
+M Xw:pubinclude:Xw_GraphicDevice.hxx /dn43/OCCT/tmp/results_30.09.2011/occt/release-sources-20110930/inc/Xw_GraphicDevice.hxx
+M Xw:privinclude:Xw_GraphicDevice.jxx /dn43/OCCT/tmp/results_30.09.2011/occt/release-sources-20110930/drv/Xw/Xw_GraphicDevice.jxx
+M Xw:privinclude:Xw_GraphicDevice.ixx /dn43/OCCT/tmp/results_30.09.2011/occt/release-sources-20110930/drv/Xw/Xw_GraphicDevice.ixx
+M Xw:pubinclude:Handle_Xw_IconBox.hxx /dn43/OCCT/tmp/results_30.09.2011/occt/release-sources-20110930/inc/Handle_Xw_IconBox.hxx
+M Xw:pubinclude:Xw_IconBox.hxx /dn43/OCCT/tmp/results_30.09.2011/occt/release-sources-20110930/inc/Xw_IconBox.hxx
+M Xw:privinclude:Xw_IconBox.jxx /dn43/OCCT/tmp/results_30.09.2011/occt/release-sources-20110930/drv/Xw/Xw_IconBox.jxx
+M Xw:privinclude:Xw_IconBox.ixx /dn43/OCCT/tmp/results_30.09.2011/occt/release-sources-20110930/drv/Xw/Xw_IconBox.ixx
+M Xw:pubinclude:Handle_Xw_TextManager.hxx /dn43/OCCT/tmp/results_30.09.2011/occt/release-sources-20110930/inc/Handle_Xw_TextManager.hxx
+M Xw:pubinclude:Xw_TextManager.hxx /dn43/OCCT/tmp/results_30.09.2011/occt/release-sources-20110930/inc/Xw_TextManager.hxx
+M Xw:privinclude:Xw_TextManager.jxx /dn43/OCCT/tmp/results_30.09.2011/occt/release-sources-20110930/drv/Xw/Xw_TextManager.jxx
+M Xw:privinclude:Xw_TextManager.ixx /dn43/OCCT/tmp/results_30.09.2011/occt/release-sources-20110930/drv/Xw/Xw_TextManager.ixx
+M Xw:pubinclude:Xw_ListOfMFTFonts.hxx /dn43/OCCT/tmp/results_30.09.2011/occt/release-sources-20110930/inc/Xw_ListOfMFTFonts.hxx
+M Xw:derivated:Xw_ListOfMFTFonts_0.cxx /dn43/OCCT/tmp/results_30.09.2011/occt/release-sources-20110930/drv/Xw/Xw_ListOfMFTFonts_0.cxx
+M Xw:pubinclude:Handle_Xw_HListOfMFTFonts.hxx /dn43/OCCT/tmp/results_30.09.2011/occt/release-sources-20110930/inc/Handle_Xw_HListOfMFTFonts.hxx
+M Xw:pubinclude:Xw_HListOfMFTFonts.hxx /dn43/OCCT/tmp/results_30.09.2011/occt/release-sources-20110930/inc/Xw_HListOfMFTFonts.hxx
+M Xw:derivated:Xw_HListOfMFTFonts_0.cxx /dn43/OCCT/tmp/results_30.09.2011/occt/release-sources-20110930/drv/Xw/Xw_HListOfMFTFonts_0.cxx
+M Xw:pubinclude:Xw_WindowQuality.hxx /dn43/OCCT/tmp/results_30.09.2011/occt/release-sources-20110930/inc/Xw_WindowQuality.hxx
+M Xw:pubinclude:Xw_TypeOfVisual.hxx /dn43/OCCT/tmp/results_30.09.2011/occt/release-sources-20110930/inc/Xw_TypeOfVisual.hxx
+M Xw:pubinclude:Xw_TypeOfMapping.hxx /dn43/OCCT/tmp/results_30.09.2011/occt/release-sources-20110930/inc/Xw_TypeOfMapping.hxx
+M Xw:dbadmfile:Xw_xcpp_header.In /dn43/OCCT/tmp/results_30.09.2011/occt/release-sources-20110930/drv/Xw/.adm/Xw_xcpp_header.In
+M Xw:dbadmfile:Xw_xcpp_header.Out /dn43/OCCT/tmp/results_30.09.2011/occt/release-sources-20110930/drv/Xw/.adm/Xw_xcpp_header.Out
+M Xw:dbadmfile:Xw_xcpp_header.Dep /dn43/OCCT/tmp/results_30.09.2011/occt/release-sources-20110930/drv/Xw/.adm/Xw_xcpp_header.Dep
