+M MDF:pubinclude:MDF.hxx /dn43/OCCT/tmp/results_31.05.2011/occt/release-sources-20110531/inc/MDF.hxx
+M MDF:privinclude:MDF.jxx /dn43/OCCT/tmp/results_31.05.2011/occt/release-sources-20110531/drv/MDF/MDF.jxx
+M MDF:privinclude:MDF.ixx /dn43/OCCT/tmp/results_31.05.2011/occt/release-sources-20110531/drv/MDF/MDF.ixx
+M MDF:pubinclude:Handle_MDF_ASDriver.hxx /dn43/OCCT/tmp/results_31.05.2011/occt/release-sources-20110531/inc/Handle_MDF_ASDriver.hxx
+M MDF:pubinclude:MDF_ASDriver.hxx /dn43/OCCT/tmp/results_31.05.2011/occt/release-sources-20110531/inc/MDF_ASDriver.hxx
+M MDF:privinclude:MDF_ASDriver.jxx /dn43/OCCT/tmp/results_31.05.2011/occt/release-sources-20110531/drv/MDF/MDF_ASDriver.jxx
+M MDF:privinclude:MDF_ASDriver.ixx /dn43/OCCT/tmp/results_31.05.2011/occt/release-sources-20110531/drv/MDF/MDF_ASDriver.ixx
+M MDF:pubinclude:Handle_MDF_ARDriver.hxx /dn43/OCCT/tmp/results_31.05.2011/occt/release-sources-20110531/inc/Handle_MDF_ARDriver.hxx
+M MDF:pubinclude:MDF_ARDriver.hxx /dn43/OCCT/tmp/results_31.05.2011/occt/release-sources-20110531/inc/MDF_ARDriver.hxx
+M MDF:privinclude:MDF_ARDriver.jxx /dn43/OCCT/tmp/results_31.05.2011/occt/release-sources-20110531/drv/MDF/MDF_ARDriver.jxx
+M MDF:privinclude:MDF_ARDriver.ixx /dn43/OCCT/tmp/results_31.05.2011/occt/release-sources-20110531/drv/MDF/MDF_ARDriver.ixx
+M MDF:pubinclude:MDF_Tool.hxx /dn43/OCCT/tmp/results_31.05.2011/occt/release-sources-20110531/inc/MDF_Tool.hxx
+M MDF:privinclude:MDF_Tool.jxx /dn43/OCCT/tmp/results_31.05.2011/occt/release-sources-20110531/drv/MDF/MDF_Tool.jxx
+M MDF:privinclude:MDF_Tool.ixx /dn43/OCCT/tmp/results_31.05.2011/occt/release-sources-20110531/drv/MDF/MDF_Tool.ixx
+M MDF:pubinclude:Handle_MDF_TagSourceStorageDriver.hxx /dn43/OCCT/tmp/results_31.05.2011/occt/release-sources-20110531/inc/Handle_MDF_TagSourceStorageDriver.hxx
+M MDF:pubinclude:MDF_TagSourceStorageDriver.hxx /dn43/OCCT/tmp/results_31.05.2011/occt/release-sources-20110531/inc/MDF_TagSourceStorageDriver.hxx
+M MDF:privinclude:MDF_TagSourceStorageDriver.jxx /dn43/OCCT/tmp/results_31.05.2011/occt/release-sources-20110531/drv/MDF/MDF_TagSourceStorageDriver.jxx
+M MDF:privinclude:MDF_TagSourceStorageDriver.ixx /dn43/OCCT/tmp/results_31.05.2011/occt/release-sources-20110531/drv/MDF/MDF_TagSourceStorageDriver.ixx
+M MDF:pubinclude:Handle_MDF_TagSourceRetrievalDriver.hxx /dn43/OCCT/tmp/results_31.05.2011/occt/release-sources-20110531/inc/Handle_MDF_TagSourceRetrievalDriver.hxx
+M MDF:pubinclude:MDF_TagSourceRetrievalDriver.hxx /dn43/OCCT/tmp/results_31.05.2011/occt/release-sources-20110531/inc/MDF_TagSourceRetrievalDriver.hxx
+M MDF:privinclude:MDF_TagSourceRetrievalDriver.jxx /dn43/OCCT/tmp/results_31.05.2011/occt/release-sources-20110531/drv/MDF/MDF_TagSourceRetrievalDriver.jxx
+M MDF:privinclude:MDF_TagSourceRetrievalDriver.ixx /dn43/OCCT/tmp/results_31.05.2011/occt/release-sources-20110531/drv/MDF/MDF_TagSourceRetrievalDriver.ixx
+M MDF:pubinclude:Handle_MDF_ReferenceStorageDriver.hxx /dn43/OCCT/tmp/results_31.05.2011/occt/release-sources-20110531/inc/Handle_MDF_ReferenceStorageDriver.hxx
+M MDF:pubinclude:MDF_ReferenceStorageDriver.hxx /dn43/OCCT/tmp/results_31.05.2011/occt/release-sources-20110531/inc/MDF_ReferenceStorageDriver.hxx
+M MDF:privinclude:MDF_ReferenceStorageDriver.jxx /dn43/OCCT/tmp/results_31.05.2011/occt/release-sources-20110531/drv/MDF/MDF_ReferenceStorageDriver.jxx
+M MDF:privinclude:MDF_ReferenceStorageDriver.ixx /dn43/OCCT/tmp/results_31.05.2011/occt/release-sources-20110531/drv/MDF/MDF_ReferenceStorageDriver.ixx
+M MDF:pubinclude:Handle_MDF_ReferenceRetrievalDriver.hxx /dn43/OCCT/tmp/results_31.05.2011/occt/release-sources-20110531/inc/Handle_MDF_ReferenceRetrievalDriver.hxx
+M MDF:pubinclude:MDF_ReferenceRetrievalDriver.hxx /dn43/OCCT/tmp/results_31.05.2011/occt/release-sources-20110531/inc/MDF_ReferenceRetrievalDriver.hxx
+M MDF:privinclude:MDF_ReferenceRetrievalDriver.jxx /dn43/OCCT/tmp/results_31.05.2011/occt/release-sources-20110531/drv/MDF/MDF_ReferenceRetrievalDriver.jxx
+M MDF:privinclude:MDF_ReferenceRetrievalDriver.ixx /dn43/OCCT/tmp/results_31.05.2011/occt/release-sources-20110531/drv/MDF/MDF_ReferenceRetrievalDriver.ixx
+M MDF:pubinclude:MDF_ASDriverSequence.hxx /dn43/OCCT/tmp/results_31.05.2011/occt/release-sources-20110531/inc/MDF_ASDriverSequence.hxx
+M MDF:derivated:MDF_ASDriverSequence_0.cxx /dn43/OCCT/tmp/results_31.05.2011/occt/release-sources-20110531/drv/MDF/MDF_ASDriverSequence_0.cxx
+M MDF:pubinclude:Handle_MDF_ASDriverHSequence.hxx /dn43/OCCT/tmp/results_31.05.2011/occt/release-sources-20110531/inc/Handle_MDF_ASDriverHSequence.hxx
+M MDF:pubinclude:MDF_ASDriverHSequence.hxx /dn43/OCCT/tmp/results_31.05.2011/occt/release-sources-20110531/inc/MDF_ASDriverHSequence.hxx
+M MDF:derivated:MDF_ASDriverHSequence_0.cxx /dn43/OCCT/tmp/results_31.05.2011/occt/release-sources-20110531/drv/MDF/MDF_ASDriverHSequence_0.cxx
+M MDF:pubinclude:MDF_ARDriverSequence.hxx /dn43/OCCT/tmp/results_31.05.2011/occt/release-sources-20110531/inc/MDF_ARDriverSequence.hxx
+M MDF:derivated:MDF_ARDriverSequence_0.cxx /dn43/OCCT/tmp/results_31.05.2011/occt/release-sources-20110531/drv/MDF/MDF_ARDriverSequence_0.cxx
+M MDF:pubinclude:Handle_MDF_ARDriverHSequence.hxx /dn43/OCCT/tmp/results_31.05.2011/occt/release-sources-20110531/inc/Handle_MDF_ARDriverHSequence.hxx
+M MDF:pubinclude:MDF_ARDriverHSequence.hxx /dn43/OCCT/tmp/results_31.05.2011/occt/release-sources-20110531/inc/MDF_ARDriverHSequence.hxx
+M MDF:derivated:MDF_ARDriverHSequence_0.cxx /dn43/OCCT/tmp/results_31.05.2011/occt/release-sources-20110531/drv/MDF/MDF_ARDriverHSequence_0.cxx
+M MDF:pubinclude:Handle_MDF_SRelocationTable.hxx /dn43/OCCT/tmp/results_31.05.2011/occt/release-sources-20110531/inc/Handle_MDF_SRelocationTable.hxx
+M MDF:pubinclude:MDF_SRelocationTable.hxx /dn43/OCCT/tmp/results_31.05.2011/occt/release-sources-20110531/inc/MDF_SRelocationTable.hxx
+M MDF:derivated:MDF_SRelocationTable_0.cxx /dn43/OCCT/tmp/results_31.05.2011/occt/release-sources-20110531/drv/MDF/MDF_SRelocationTable_0.cxx
+M MDF:pubinclude:Handle_MDF_RRelocationTable.hxx /dn43/OCCT/tmp/results_31.05.2011/occt/release-sources-20110531/inc/Handle_MDF_RRelocationTable.hxx
+M MDF:pubinclude:MDF_RRelocationTable.hxx /dn43/OCCT/tmp/results_31.05.2011/occt/release-sources-20110531/inc/MDF_RRelocationTable.hxx
+M MDF:derivated:MDF_RRelocationTable_0.cxx /dn43/OCCT/tmp/results_31.05.2011/occt/release-sources-20110531/drv/MDF/MDF_RRelocationTable_0.cxx
+M MDF:pubinclude:MDF_TypeASDriverMap.hxx /dn43/OCCT/tmp/results_31.05.2011/occt/release-sources-20110531/inc/MDF_TypeASDriverMap.hxx
+M MDF:derivated:MDF_TypeASDriverMap_0.cxx /dn43/OCCT/tmp/results_31.05.2011/occt/release-sources-20110531/drv/MDF/MDF_TypeASDriverMap_0.cxx
+M MDF:pubinclude:MDF_TypeARDriverMap.hxx /dn43/OCCT/tmp/results_31.05.2011/occt/release-sources-20110531/inc/MDF_TypeARDriverMap.hxx
+M MDF:derivated:MDF_TypeARDriverMap_0.cxx /dn43/OCCT/tmp/results_31.05.2011/occt/release-sources-20110531/drv/MDF/MDF_TypeARDriverMap_0.cxx
+M MDF:pubinclude:Handle_MDF_ASDriverTable.hxx /dn43/OCCT/tmp/results_31.05.2011/occt/release-sources-20110531/inc/Handle_MDF_ASDriverTable.hxx
+M MDF:pubinclude:MDF_ASDriverTable.hxx /dn43/OCCT/tmp/results_31.05.2011/occt/release-sources-20110531/inc/MDF_ASDriverTable.hxx
+M MDF:derivated:MDF_ASDriverTable_0.cxx /dn43/OCCT/tmp/results_31.05.2011/occt/release-sources-20110531/drv/MDF/MDF_ASDriverTable_0.cxx
+M MDF:pubinclude:Handle_MDF_ARDriverTable.hxx /dn43/OCCT/tmp/results_31.05.2011/occt/release-sources-20110531/inc/Handle_MDF_ARDriverTable.hxx
+M MDF:pubinclude:MDF_ARDriverTable.hxx /dn43/OCCT/tmp/results_31.05.2011/occt/release-sources-20110531/inc/MDF_ARDriverTable.hxx
+M MDF:derivated:MDF_ARDriverTable_0.cxx /dn43/OCCT/tmp/results_31.05.2011/occt/release-sources-20110531/drv/MDF/MDF_ARDriverTable_0.cxx
+M MDF:pubinclude:Handle_MDF_SequenceNodeOfASDriverSequence.hxx /dn43/OCCT/tmp/results_31.05.2011/occt/release-sources-20110531/inc/Handle_MDF_SequenceNodeOfASDriverSequence.hxx
+M MDF:pubinclude:MDF_SequenceNodeOfASDriverSequence.hxx /dn43/OCCT/tmp/results_31.05.2011/occt/release-sources-20110531/inc/MDF_SequenceNodeOfASDriverSequence.hxx
+M MDF:derivated:MDF_SequenceNodeOfASDriverSequence_0.cxx /dn43/OCCT/tmp/results_31.05.2011/occt/release-sources-20110531/drv/MDF/MDF_SequenceNodeOfASDriverSequence_0.cxx
+M MDF:pubinclude:Handle_MDF_SequenceNodeOfARDriverSequence.hxx /dn43/OCCT/tmp/results_31.05.2011/occt/release-sources-20110531/inc/Handle_MDF_SequenceNodeOfARDriverSequence.hxx
+M MDF:pubinclude:MDF_SequenceNodeOfARDriverSequence.hxx /dn43/OCCT/tmp/results_31.05.2011/occt/release-sources-20110531/inc/MDF_SequenceNodeOfARDriverSequence.hxx
+M MDF:derivated:MDF_SequenceNodeOfARDriverSequence_0.cxx /dn43/OCCT/tmp/results_31.05.2011/occt/release-sources-20110531/drv/MDF/MDF_SequenceNodeOfARDriverSequence_0.cxx
+M MDF:pubinclude:Handle_MDF_DataMapNodeOfTypeASDriverMap.hxx /dn43/OCCT/tmp/results_31.05.2011/occt/release-sources-20110531/inc/Handle_MDF_DataMapNodeOfTypeASDriverMap.hxx
+M MDF:pubinclude:MDF_DataMapNodeOfTypeASDriverMap.hxx /dn43/OCCT/tmp/results_31.05.2011/occt/release-sources-20110531/inc/MDF_DataMapNodeOfTypeASDriverMap.hxx
+M MDF:derivated:MDF_DataMapNodeOfTypeASDriverMap_0.cxx /dn43/OCCT/tmp/results_31.05.2011/occt/release-sources-20110531/drv/MDF/MDF_DataMapNodeOfTypeASDriverMap_0.cxx
+M MDF:pubinclude:MDF_DataMapIteratorOfTypeASDriverMap.hxx /dn43/OCCT/tmp/results_31.05.2011/occt/release-sources-20110531/inc/MDF_DataMapIteratorOfTypeASDriverMap.hxx
+M MDF:derivated:MDF_DataMapIteratorOfTypeASDriverMap_0.cxx /dn43/OCCT/tmp/results_31.05.2011/occt/release-sources-20110531/drv/MDF/MDF_DataMapIteratorOfTypeASDriverMap_0.cxx
+M MDF:pubinclude:Handle_MDF_DataMapNodeOfTypeARDriverMap.hxx /dn43/OCCT/tmp/results_31.05.2011/occt/release-sources-20110531/inc/Handle_MDF_DataMapNodeOfTypeARDriverMap.hxx
+M MDF:pubinclude:MDF_DataMapNodeOfTypeARDriverMap.hxx /dn43/OCCT/tmp/results_31.05.2011/occt/release-sources-20110531/inc/MDF_DataMapNodeOfTypeARDriverMap.hxx
+M MDF:derivated:MDF_DataMapNodeOfTypeARDriverMap_0.cxx /dn43/OCCT/tmp/results_31.05.2011/occt/release-sources-20110531/drv/MDF/MDF_DataMapNodeOfTypeARDriverMap_0.cxx
+M MDF:pubinclude:MDF_DataMapIteratorOfTypeARDriverMap.hxx /dn43/OCCT/tmp/results_31.05.2011/occt/release-sources-20110531/inc/MDF_DataMapIteratorOfTypeARDriverMap.hxx
+M MDF:derivated:MDF_DataMapIteratorOfTypeARDriverMap_0.cxx /dn43/OCCT/tmp/results_31.05.2011/occt/release-sources-20110531/drv/MDF/MDF_DataMapIteratorOfTypeARDriverMap_0.cxx
+M MDF:pubinclude:Handle_MDF_ListNodeOfDriverListOfASDriverTable.hxx /dn43/OCCT/tmp/results_31.05.2011/occt/release-sources-20110531/inc/Handle_MDF_ListNodeOfDriverListOfASDriverTable.hxx
+M MDF:pubinclude:MDF_ListNodeOfDriverListOfASDriverTable.hxx /dn43/OCCT/tmp/results_31.05.2011/occt/release-sources-20110531/inc/MDF_ListNodeOfDriverListOfASDriverTable.hxx
+M MDF:derivated:MDF_ListNodeOfDriverListOfASDriverTable_0.cxx /dn43/OCCT/tmp/results_31.05.2011/occt/release-sources-20110531/drv/MDF/MDF_ListNodeOfDriverListOfASDriverTable_0.cxx
+M MDF:pubinclude:MDF_ListIteratorOfDriverListOfASDriverTable.hxx /dn43/OCCT/tmp/results_31.05.2011/occt/release-sources-20110531/inc/MDF_ListIteratorOfDriverListOfASDriverTable.hxx
+M MDF:derivated:MDF_ListIteratorOfDriverListOfASDriverTable_0.cxx /dn43/OCCT/tmp/results_31.05.2011/occt/release-sources-20110531/drv/MDF/MDF_ListIteratorOfDriverListOfASDriverTable_0.cxx
+M MDF:pubinclude:MDF_DriverListOfASDriverTable.hxx /dn43/OCCT/tmp/results_31.05.2011/occt/release-sources-20110531/inc/MDF_DriverListOfASDriverTable.hxx
+M MDF:derivated:MDF_DriverListOfASDriverTable_0.cxx /dn43/OCCT/tmp/results_31.05.2011/occt/release-sources-20110531/drv/MDF/MDF_DriverListOfASDriverTable_0.cxx
+M MDF:pubinclude:Handle_MDF_DataMapNodeOfTypeDriverListMapOfASDriverTable.hxx /dn43/OCCT/tmp/results_31.05.2011/occt/release-sources-20110531/inc/Handle_MDF_DataMapNodeOfTypeDriverListMapOfASDriverTable.hxx
+M MDF:pubinclude:MDF_DataMapNodeOfTypeDriverListMapOfASDriverTable.hxx /dn43/OCCT/tmp/results_31.05.2011/occt/release-sources-20110531/inc/MDF_DataMapNodeOfTypeDriverListMapOfASDriverTable.hxx
+M MDF:derivated:MDF_DataMapNodeOfTypeDriverListMapOfASDriverTable_0.cxx /dn43/OCCT/tmp/results_31.05.2011/occt/release-sources-20110531/drv/MDF/MDF_DataMapNodeOfTypeDriverListMapOfASDriverTable_0.cxx
+M MDF:pubinclude:MDF_DataMapIteratorOfTypeDriverListMapOfASDriverTable.hxx /dn43/OCCT/tmp/results_31.05.2011/occt/release-sources-20110531/inc/MDF_DataMapIteratorOfTypeDriverListMapOfASDriverTable.hxx
+M MDF:derivated:MDF_DataMapIteratorOfTypeDriverListMapOfASDriverTable_0.cxx /dn43/OCCT/tmp/results_31.05.2011/occt/release-sources-20110531/drv/MDF/MDF_DataMapIteratorOfTypeDriverListMapOfASDriverTable_0.cxx
+M MDF:pubinclude:MDF_TypeDriverListMapOfASDriverTable.hxx /dn43/OCCT/tmp/results_31.05.2011/occt/release-sources-20110531/inc/MDF_TypeDriverListMapOfASDriverTable.hxx
+M MDF:derivated:MDF_TypeDriverListMapOfASDriverTable_0.cxx /dn43/OCCT/tmp/results_31.05.2011/occt/release-sources-20110531/drv/MDF/MDF_TypeDriverListMapOfASDriverTable_0.cxx
+M MDF:pubinclude:Handle_MDF_ListNodeOfDriverListOfARDriverTable.hxx /dn43/OCCT/tmp/results_31.05.2011/occt/release-sources-20110531/inc/Handle_MDF_ListNodeOfDriverListOfARDriverTable.hxx
+M MDF:pubinclude:MDF_ListNodeOfDriverListOfARDriverTable.hxx /dn43/OCCT/tmp/results_31.05.2011/occt/release-sources-20110531/inc/MDF_ListNodeOfDriverListOfARDriverTable.hxx
+M MDF:derivated:MDF_ListNodeOfDriverListOfARDriverTable_0.cxx /dn43/OCCT/tmp/results_31.05.2011/occt/release-sources-20110531/drv/MDF/MDF_ListNodeOfDriverListOfARDriverTable_0.cxx
+M MDF:pubinclude:MDF_ListIteratorOfDriverListOfARDriverTable.hxx /dn43/OCCT/tmp/results_31.05.2011/occt/release-sources-20110531/inc/MDF_ListIteratorOfDriverListOfARDriverTable.hxx
+M MDF:derivated:MDF_ListIteratorOfDriverListOfARDriverTable_0.cxx /dn43/OCCT/tmp/results_31.05.2011/occt/release-sources-20110531/drv/MDF/MDF_ListIteratorOfDriverListOfARDriverTable_0.cxx
+M MDF:pubinclude:MDF_DriverListOfARDriverTable.hxx /dn43/OCCT/tmp/results_31.05.2011/occt/release-sources-20110531/inc/MDF_DriverListOfARDriverTable.hxx
+M MDF:derivated:MDF_DriverListOfARDriverTable_0.cxx /dn43/OCCT/tmp/results_31.05.2011/occt/release-sources-20110531/drv/MDF/MDF_DriverListOfARDriverTable_0.cxx
+M MDF:pubinclude:Handle_MDF_DataMapNodeOfTypeDriverListMapOfARDriverTable.hxx /dn43/OCCT/tmp/results_31.05.2011/occt/release-sources-20110531/inc/Handle_MDF_DataMapNodeOfTypeDriverListMapOfARDriverTable.hxx
+M MDF:pubinclude:MDF_DataMapNodeOfTypeDriverListMapOfARDriverTable.hxx /dn43/OCCT/tmp/results_31.05.2011/occt/release-sources-20110531/inc/MDF_DataMapNodeOfTypeDriverListMapOfARDriverTable.hxx
+M MDF:derivated:MDF_DataMapNodeOfTypeDriverListMapOfARDriverTable_0.cxx /dn43/OCCT/tmp/results_31.05.2011/occt/release-sources-20110531/drv/MDF/MDF_DataMapNodeOfTypeDriverListMapOfARDriverTable_0.cxx
+M MDF:pubinclude:MDF_DataMapIteratorOfTypeDriverListMapOfARDriverTable.hxx /dn43/OCCT/tmp/results_31.05.2011/occt/release-sources-20110531/inc/MDF_DataMapIteratorOfTypeDriverListMapOfARDriverTable.hxx
+M MDF:derivated:MDF_DataMapIteratorOfTypeDriverListMapOfARDriverTable_0.cxx /dn43/OCCT/tmp/results_31.05.2011/occt/release-sources-20110531/drv/MDF/MDF_DataMapIteratorOfTypeDriverListMapOfARDriverTable_0.cxx
+M MDF:pubinclude:MDF_TypeDriverListMapOfARDriverTable.hxx /dn43/OCCT/tmp/results_31.05.2011/occt/release-sources-20110531/inc/MDF_TypeDriverListMapOfARDriverTable.hxx
+M MDF:derivated:MDF_TypeDriverListMapOfARDriverTable_0.cxx /dn43/OCCT/tmp/results_31.05.2011/occt/release-sources-20110531/drv/MDF/MDF_TypeDriverListMapOfARDriverTable_0.cxx
+M MDF:dbadmfile:MDF_xcpp_header.In /dn43/OCCT/tmp/results_31.05.2011/occt/release-sources-20110531/drv/MDF/.adm/MDF_xcpp_header.In
+M MDF:dbadmfile:MDF_xcpp_header.Out /dn43/OCCT/tmp/results_31.05.2011/occt/release-sources-20110531/drv/MDF/.adm/MDF_xcpp_header.Out
+M MDF:dbadmfile:MDF_xcpp_header.Dep /dn43/OCCT/tmp/results_31.05.2011/occt/release-sources-20110531/drv/MDF/.adm/MDF_xcpp_header.Dep
