+M MDocStd:pubinclude:MDocStd.hxx /dn43/OCCT/tmp/results_31.05.2011/occt/release-sources-20110531/inc/MDocStd.hxx
+M MDocStd:privinclude:MDocStd.jxx /dn43/OCCT/tmp/results_31.05.2011/occt/release-sources-20110531/drv/MDocStd/MDocStd.jxx
+M MDocStd:privinclude:MDocStd.ixx /dn43/OCCT/tmp/results_31.05.2011/occt/release-sources-20110531/drv/MDocStd/MDocStd.ixx
+M MDocStd:pubinclude:Handle_MDocStd_DocumentStorageDriver.hxx /dn43/OCCT/tmp/results_31.05.2011/occt/release-sources-20110531/inc/Handle_MDocStd_DocumentStorageDriver.hxx
+M MDocStd:pubinclude:MDocStd_DocumentStorageDriver.hxx /dn43/OCCT/tmp/results_31.05.2011/occt/release-sources-20110531/inc/MDocStd_DocumentStorageDriver.hxx
+M MDocStd:privinclude:MDocStd_DocumentStorageDriver.jxx /dn43/OCCT/tmp/results_31.05.2011/occt/release-sources-20110531/drv/MDocStd/MDocStd_DocumentStorageDriver.jxx
+M MDocStd:privinclude:MDocStd_DocumentStorageDriver.ixx /dn43/OCCT/tmp/results_31.05.2011/occt/release-sources-20110531/drv/MDocStd/MDocStd_DocumentStorageDriver.ixx
+M MDocStd:pubinclude:Handle_MDocStd_DocumentRetrievalDriver.hxx /dn43/OCCT/tmp/results_31.05.2011/occt/release-sources-20110531/inc/Handle_MDocStd_DocumentRetrievalDriver.hxx
+M MDocStd:pubinclude:MDocStd_DocumentRetrievalDriver.hxx /dn43/OCCT/tmp/results_31.05.2011/occt/release-sources-20110531/inc/MDocStd_DocumentRetrievalDriver.hxx
+M MDocStd:privinclude:MDocStd_DocumentRetrievalDriver.jxx /dn43/OCCT/tmp/results_31.05.2011/occt/release-sources-20110531/drv/MDocStd/MDocStd_DocumentRetrievalDriver.jxx
+M MDocStd:privinclude:MDocStd_DocumentRetrievalDriver.ixx /dn43/OCCT/tmp/results_31.05.2011/occt/release-sources-20110531/drv/MDocStd/MDocStd_DocumentRetrievalDriver.ixx
+M MDocStd:pubinclude:Handle_MDocStd_XLinkStorageDriver.hxx /dn43/OCCT/tmp/results_31.05.2011/occt/release-sources-20110531/inc/Handle_MDocStd_XLinkStorageDriver.hxx
+M MDocStd:pubinclude:MDocStd_XLinkStorageDriver.hxx /dn43/OCCT/tmp/results_31.05.2011/occt/release-sources-20110531/inc/MDocStd_XLinkStorageDriver.hxx
+M MDocStd:privinclude:MDocStd_XLinkStorageDriver.jxx /dn43/OCCT/tmp/results_31.05.2011/occt/release-sources-20110531/drv/MDocStd/MDocStd_XLinkStorageDriver.jxx
+M MDocStd:privinclude:MDocStd_XLinkStorageDriver.ixx /dn43/OCCT/tmp/results_31.05.2011/occt/release-sources-20110531/drv/MDocStd/MDocStd_XLinkStorageDriver.ixx
+M MDocStd:pubinclude:Handle_MDocStd_XLinkRetrievalDriver.hxx /dn43/OCCT/tmp/results_31.05.2011/occt/release-sources-20110531/inc/Handle_MDocStd_XLinkRetrievalDriver.hxx
+M MDocStd:pubinclude:MDocStd_XLinkRetrievalDriver.hxx /dn43/OCCT/tmp/results_31.05.2011/occt/release-sources-20110531/inc/MDocStd_XLinkRetrievalDriver.hxx
+M MDocStd:privinclude:MDocStd_XLinkRetrievalDriver.jxx /dn43/OCCT/tmp/results_31.05.2011/occt/release-sources-20110531/drv/MDocStd/MDocStd_XLinkRetrievalDriver.jxx
+M MDocStd:privinclude:MDocStd_XLinkRetrievalDriver.ixx /dn43/OCCT/tmp/results_31.05.2011/occt/release-sources-20110531/drv/MDocStd/MDocStd_XLinkRetrievalDriver.ixx
+M MDocStd:dbadmfile:MDocStd_xcpp_header.In /dn43/OCCT/tmp/results_31.05.2011/occt/release-sources-20110531/drv/MDocStd/.adm/MDocStd_xcpp_header.In
+M MDocStd:dbadmfile:MDocStd_xcpp_header.Out /dn43/OCCT/tmp/results_31.05.2011/occt/release-sources-20110531/drv/MDocStd/.adm/MDocStd_xcpp_header.Out
+M MDocStd:dbadmfile:MDocStd_xcpp_header.Dep /dn43/OCCT/tmp/results_31.05.2011/occt/release-sources-20110531/drv/MDocStd/.adm/MDocStd_xcpp_header.Dep
