+M BRepClass:pubinclude:BRepClass_Edge.hxx /dn43/OCCT/tmp/results_28.02.2011/occt/release-sources-20110228/inc/BRepClass_Edge.hxx
+M BRepClass:privinclude:BRepClass_Edge.jxx /dn43/OCCT/tmp/results_28.02.2011/occt/release-sources-20110228/drv/BRepClass/BRepClass_Edge.jxx
+M BRepClass:privinclude:BRepClass_Edge.ixx /dn43/OCCT/tmp/results_28.02.2011/occt/release-sources-20110228/drv/BRepClass/BRepClass_Edge.ixx
+M BRepClass:pubinclude:BRepClass_Intersector.hxx /dn43/OCCT/tmp/results_28.02.2011/occt/release-sources-20110228/inc/BRepClass_Intersector.hxx
+M BRepClass:privinclude:BRepClass_Intersector.jxx /dn43/OCCT/tmp/results_28.02.2011/occt/release-sources-20110228/drv/BRepClass/BRepClass_Intersector.jxx
+M BRepClass:privinclude:BRepClass_Intersector.ixx /dn43/OCCT/tmp/results_28.02.2011/occt/release-sources-20110228/drv/BRepClass/BRepClass_Intersector.ixx
+M BRepClass:pubinclude:BRepClass_FacePassiveClassifier.hxx /dn43/OCCT/tmp/results_28.02.2011/occt/release-sources-20110228/inc/BRepClass_FacePassiveClassifier.hxx
+M BRepClass:derivated:BRepClass_FacePassiveClassifier_0.cxx /dn43/OCCT/tmp/results_28.02.2011/occt/release-sources-20110228/drv/BRepClass/BRepClass_FacePassiveClassifier_0.cxx
+M BRepClass:pubinclude:BRepClass_FaceExplorer.hxx /dn43/OCCT/tmp/results_28.02.2011/occt/release-sources-20110228/inc/BRepClass_FaceExplorer.hxx
+M BRepClass:privinclude:BRepClass_FaceExplorer.jxx /dn43/OCCT/tmp/results_28.02.2011/occt/release-sources-20110228/drv/BRepClass/BRepClass_FaceExplorer.jxx
+M BRepClass:privinclude:BRepClass_FaceExplorer.ixx /dn43/OCCT/tmp/results_28.02.2011/occt/release-sources-20110228/drv/BRepClass/BRepClass_FaceExplorer.ixx
+M BRepClass:pubinclude:BRepClass_FClassifier.hxx /dn43/OCCT/tmp/results_28.02.2011/occt/release-sources-20110228/inc/BRepClass_FClassifier.hxx
+M BRepClass:derivated:BRepClass_FClassifier_0.cxx /dn43/OCCT/tmp/results_28.02.2011/occt/release-sources-20110228/drv/BRepClass/BRepClass_FClassifier_0.cxx
+M BRepClass:pubinclude:BRepClass_FaceClassifier.hxx /dn43/OCCT/tmp/results_28.02.2011/occt/release-sources-20110228/inc/BRepClass_FaceClassifier.hxx
+M BRepClass:privinclude:BRepClass_FaceClassifier.jxx /dn43/OCCT/tmp/results_28.02.2011/occt/release-sources-20110228/drv/BRepClass/BRepClass_FaceClassifier.jxx
+M BRepClass:privinclude:BRepClass_FaceClassifier.ixx /dn43/OCCT/tmp/results_28.02.2011/occt/release-sources-20110228/drv/BRepClass/BRepClass_FaceClassifier.ixx
+M BRepClass:pubinclude:BRepClass_FClass2dOfFClassifier.hxx /dn43/OCCT/tmp/results_28.02.2011/occt/release-sources-20110228/inc/BRepClass_FClass2dOfFClassifier.hxx
+M BRepClass:derivated:BRepClass_FClass2dOfFClassifier_0.cxx /dn43/OCCT/tmp/results_28.02.2011/occt/release-sources-20110228/drv/BRepClass/BRepClass_FClass2dOfFClassifier_0.cxx
+M BRepClass:dbadmfile:BRepClass_xcpp_header.In /dn43/OCCT/tmp/results_28.02.2011/occt/release-sources-20110228/drv/BRepClass/.adm/BRepClass_xcpp_header.In
+M BRepClass:dbadmfile:BRepClass_xcpp_header.Out /dn43/OCCT/tmp/results_28.02.2011/occt/release-sources-20110228/drv/BRepClass/.adm/BRepClass_xcpp_header.Out
+M BRepClass:dbadmfile:BRepClass_xcpp_header.Dep /dn43/OCCT/tmp/results_28.02.2011/occt/release-sources-20110228/drv/BRepClass/.adm/BRepClass_xcpp_header.Dep
