+M PCollection:pubinclude:PCollection_PrivCompareOfInteger.hxx /dn43/OCCT/tmp/results_28.02.2011/occt/release-sources-20110228/inc/PCollection_PrivCompareOfInteger.hxx
+M PCollection:derivated:PCollection_PrivCompareOfInteger_0.cxx /dn43/OCCT/tmp/results_28.02.2011/occt/release-sources-20110228/drv/PCollection/PCollection_PrivCompareOfInteger_0.cxx
+M PCollection:pubinclude:PCollection_PrivCompareOfReal.hxx /dn43/OCCT/tmp/results_28.02.2011/occt/release-sources-20110228/inc/PCollection_PrivCompareOfReal.hxx
+M PCollection:derivated:PCollection_PrivCompareOfReal_0.cxx /dn43/OCCT/tmp/results_28.02.2011/occt/release-sources-20110228/drv/PCollection/PCollection_PrivCompareOfReal_0.cxx
+M PCollection:pubinclude:PCollection_CompareOfInteger.hxx /dn43/OCCT/tmp/results_28.02.2011/occt/release-sources-20110228/inc/PCollection_CompareOfInteger.hxx
+M PCollection:privinclude:PCollection_CompareOfInteger.jxx /dn43/OCCT/tmp/results_28.02.2011/occt/release-sources-20110228/drv/PCollection/PCollection_CompareOfInteger.jxx
+M PCollection:privinclude:PCollection_CompareOfInteger.ixx /dn43/OCCT/tmp/results_28.02.2011/occt/release-sources-20110228/drv/PCollection/PCollection_CompareOfInteger.ixx
+M PCollection:pubinclude:PCollection_CompareOfReal.hxx /dn43/OCCT/tmp/results_28.02.2011/occt/release-sources-20110228/inc/PCollection_CompareOfReal.hxx
+M PCollection:privinclude:PCollection_CompareOfReal.jxx /dn43/OCCT/tmp/results_28.02.2011/occt/release-sources-20110228/drv/PCollection/PCollection_CompareOfReal.jxx
+M PCollection:privinclude:PCollection_CompareOfReal.ixx /dn43/OCCT/tmp/results_28.02.2011/occt/release-sources-20110228/drv/PCollection/PCollection_CompareOfReal.ixx
+M PCollection:pubinclude:Handle_PCollection_HAsciiString.hxx /dn43/OCCT/tmp/results_28.02.2011/occt/release-sources-20110228/inc/Handle_PCollection_HAsciiString.hxx
+M PCollection:pubinclude:PCollection_HAsciiString.hxx /dn43/OCCT/tmp/results_28.02.2011/occt/release-sources-20110228/inc/PCollection_HAsciiString.hxx
+M PCollection:privinclude:PCollection_HAsciiString.jxx /dn43/OCCT/tmp/results_28.02.2011/occt/release-sources-20110228/drv/PCollection/PCollection_HAsciiString.jxx
+M PCollection:privinclude:PCollection_HAsciiString.ixx /dn43/OCCT/tmp/results_28.02.2011/occt/release-sources-20110228/drv/PCollection/PCollection_HAsciiString.ixx
+M PCollection:pubinclude:Handle_PCollection_HExtendedString.hxx /dn43/OCCT/tmp/results_28.02.2011/occt/release-sources-20110228/inc/Handle_PCollection_HExtendedString.hxx
+M PCollection:pubinclude:PCollection_HExtendedString.hxx /dn43/OCCT/tmp/results_28.02.2011/occt/release-sources-20110228/inc/PCollection_HExtendedString.hxx
+M PCollection:privinclude:PCollection_HExtendedString.jxx /dn43/OCCT/tmp/results_28.02.2011/occt/release-sources-20110228/drv/PCollection/PCollection_HExtendedString.jxx
+M PCollection:privinclude:PCollection_HExtendedString.ixx /dn43/OCCT/tmp/results_28.02.2011/occt/release-sources-20110228/drv/PCollection/PCollection_HExtendedString.ixx
+M PCollection:pubinclude:Handle_PCollection_IsNotRoot.hxx /dn43/OCCT/tmp/results_28.02.2011/occt/release-sources-20110228/inc/Handle_PCollection_IsNotRoot.hxx
+M PCollection:pubinclude:PCollection_IsNotRoot.hxx /dn43/OCCT/tmp/results_28.02.2011/occt/release-sources-20110228/inc/PCollection_IsNotRoot.hxx
+M PCollection:derivated:PCollection_IsNotRoot_0.cxx /dn43/OCCT/tmp/results_28.02.2011/occt/release-sources-20110228/drv/PCollection/PCollection_IsNotRoot_0.cxx
+M PCollection:pubinclude:Handle_PCollection_IsNullTree.hxx /dn43/OCCT/tmp/results_28.02.2011/occt/release-sources-20110228/inc/Handle_PCollection_IsNullTree.hxx
+M PCollection:pubinclude:PCollection_IsNullTree.hxx /dn43/OCCT/tmp/results_28.02.2011/occt/release-sources-20110228/inc/PCollection_IsNullTree.hxx
+M PCollection:derivated:PCollection_IsNullTree_0.cxx /dn43/OCCT/tmp/results_28.02.2011/occt/release-sources-20110228/drv/PCollection/PCollection_IsNullTree_0.cxx
+M PCollection:pubinclude:Handle_PCollection_IsContained.hxx /dn43/OCCT/tmp/results_28.02.2011/occt/release-sources-20110228/inc/Handle_PCollection_IsContained.hxx
+M PCollection:pubinclude:PCollection_IsContained.hxx /dn43/OCCT/tmp/results_28.02.2011/occt/release-sources-20110228/inc/PCollection_IsContained.hxx
+M PCollection:derivated:PCollection_IsContained_0.cxx /dn43/OCCT/tmp/results_28.02.2011/occt/release-sources-20110228/drv/PCollection/PCollection_IsContained_0.cxx
+M PCollection:pubinclude:PCollection_AccessMode.hxx /dn43/OCCT/tmp/results_28.02.2011/occt/release-sources-20110228/inc/PCollection_AccessMode.hxx
+M PCollection:pubinclude:PCollection_Side.hxx /dn43/OCCT/tmp/results_28.02.2011/occt/release-sources-20110228/inc/PCollection_Side.hxx
+M PCollection:dbadmfile:PCollection_xcpp_header.In /dn43/OCCT/tmp/results_28.02.2011/occt/release-sources-20110228/drv/PCollection/.adm/PCollection_xcpp_header.In
+M PCollection:dbadmfile:PCollection_xcpp_header.Out /dn43/OCCT/tmp/results_28.02.2011/occt/release-sources-20110228/drv/PCollection/.adm/PCollection_xcpp_header.Out
+M PCollection:dbadmfile:PCollection_xcpp_header.Dep /dn43/OCCT/tmp/results_28.02.2011/occt/release-sources-20110228/drv/PCollection/.adm/PCollection_xcpp_header.Dep
