+M AlienImage:pubinclude:AlienImage.hxx /dn43/OCCT/tmp/results_28.02.2011/occt/release-sources-20110228/inc/AlienImage.hxx
+M AlienImage:privinclude:AlienImage.jxx /dn43/OCCT/tmp/results_28.02.2011/occt/release-sources-20110228/drv/AlienImage/AlienImage.jxx
+M AlienImage:privinclude:AlienImage.ixx /dn43/OCCT/tmp/results_28.02.2011/occt/release-sources-20110228/drv/AlienImage/AlienImage.ixx
+M AlienImage:pubinclude:Handle_AlienImage_AlienImage.hxx /dn43/OCCT/tmp/results_28.02.2011/occt/release-sources-20110228/inc/Handle_AlienImage_AlienImage.hxx
+M AlienImage:pubinclude:AlienImage_AlienImage.hxx /dn43/OCCT/tmp/results_28.02.2011/occt/release-sources-20110228/inc/AlienImage_AlienImage.hxx
+M AlienImage:privinclude:AlienImage_AlienImage.jxx /dn43/OCCT/tmp/results_28.02.2011/occt/release-sources-20110228/drv/AlienImage/AlienImage_AlienImage.jxx
+M AlienImage:privinclude:AlienImage_AlienImage.ixx /dn43/OCCT/tmp/results_28.02.2011/occt/release-sources-20110228/drv/AlienImage/AlienImage_AlienImage.ixx
+M AlienImage:pubinclude:Handle_AlienImage_AlienImageData.hxx /dn43/OCCT/tmp/results_28.02.2011/occt/release-sources-20110228/inc/Handle_AlienImage_AlienImageData.hxx
+M AlienImage:pubinclude:AlienImage_AlienImageData.hxx /dn43/OCCT/tmp/results_28.02.2011/occt/release-sources-20110228/inc/AlienImage_AlienImageData.hxx
+M AlienImage:privinclude:AlienImage_AlienImageData.jxx /dn43/OCCT/tmp/results_28.02.2011/occt/release-sources-20110228/drv/AlienImage/AlienImage_AlienImageData.jxx
+M AlienImage:privinclude:AlienImage_AlienImageData.ixx /dn43/OCCT/tmp/results_28.02.2011/occt/release-sources-20110228/drv/AlienImage/AlienImage_AlienImageData.ixx
+M AlienImage:pubinclude:Handle_AlienImage_AlienUserImage.hxx /dn43/OCCT/tmp/results_28.02.2011/occt/release-sources-20110228/inc/Handle_AlienImage_AlienUserImage.hxx
+M AlienImage:pubinclude:AlienImage_AlienUserImage.hxx /dn43/OCCT/tmp/results_28.02.2011/occt/release-sources-20110228/inc/AlienImage_AlienUserImage.hxx
+M AlienImage:privinclude:AlienImage_AlienUserImage.jxx /dn43/OCCT/tmp/results_28.02.2011/occt/release-sources-20110228/drv/AlienImage/AlienImage_AlienUserImage.jxx
+M AlienImage:privinclude:AlienImage_AlienUserImage.ixx /dn43/OCCT/tmp/results_28.02.2011/occt/release-sources-20110228/drv/AlienImage/AlienImage_AlienUserImage.ixx
+M AlienImage:pubinclude:Handle_AlienImage_SunRFAlienData.hxx /dn43/OCCT/tmp/results_28.02.2011/occt/release-sources-20110228/inc/Handle_AlienImage_SunRFAlienData.hxx
+M AlienImage:pubinclude:AlienImage_SunRFAlienData.hxx /dn43/OCCT/tmp/results_28.02.2011/occt/release-sources-20110228/inc/AlienImage_SunRFAlienData.hxx
+M AlienImage:privinclude:AlienImage_SunRFAlienData.jxx /dn43/OCCT/tmp/results_28.02.2011/occt/release-sources-20110228/drv/AlienImage/AlienImage_SunRFAlienData.jxx
+M AlienImage:privinclude:AlienImage_SunRFAlienData.ixx /dn43/OCCT/tmp/results_28.02.2011/occt/release-sources-20110228/drv/AlienImage/AlienImage_SunRFAlienData.ixx
+M AlienImage:pubinclude:Handle_AlienImage_SunRFAlienImage.hxx /dn43/OCCT/tmp/results_28.02.2011/occt/release-sources-20110228/inc/Handle_AlienImage_SunRFAlienImage.hxx
+M AlienImage:pubinclude:AlienImage_SunRFAlienImage.hxx /dn43/OCCT/tmp/results_28.02.2011/occt/release-sources-20110228/inc/AlienImage_SunRFAlienImage.hxx
+M AlienImage:privinclude:AlienImage_SunRFAlienImage.jxx /dn43/OCCT/tmp/results_28.02.2011/occt/release-sources-20110228/drv/AlienImage/AlienImage_SunRFAlienImage.jxx
+M AlienImage:privinclude:AlienImage_SunRFAlienImage.ixx /dn43/OCCT/tmp/results_28.02.2011/occt/release-sources-20110228/drv/AlienImage/AlienImage_SunRFAlienImage.ixx
+M AlienImage:pubinclude:Handle_AlienImage_EuclidAlienData.hxx /dn43/OCCT/tmp/results_28.02.2011/occt/release-sources-20110228/inc/Handle_AlienImage_EuclidAlienData.hxx
+M AlienImage:pubinclude:AlienImage_EuclidAlienData.hxx /dn43/OCCT/tmp/results_28.02.2011/occt/release-sources-20110228/inc/AlienImage_EuclidAlienData.hxx
+M AlienImage:privinclude:AlienImage_EuclidAlienData.jxx /dn43/OCCT/tmp/results_28.02.2011/occt/release-sources-20110228/drv/AlienImage/AlienImage_EuclidAlienData.jxx
+M AlienImage:privinclude:AlienImage_EuclidAlienData.ixx /dn43/OCCT/tmp/results_28.02.2011/occt/release-sources-20110228/drv/AlienImage/AlienImage_EuclidAlienData.ixx
+M AlienImage:pubinclude:Handle_AlienImage_EuclidAlienImage.hxx /dn43/OCCT/tmp/results_28.02.2011/occt/release-sources-20110228/inc/Handle_AlienImage_EuclidAlienImage.hxx
+M AlienImage:pubinclude:AlienImage_EuclidAlienImage.hxx /dn43/OCCT/tmp/results_28.02.2011/occt/release-sources-20110228/inc/AlienImage_EuclidAlienImage.hxx
+M AlienImage:privinclude:AlienImage_EuclidAlienImage.jxx /dn43/OCCT/tmp/results_28.02.2011/occt/release-sources-20110228/drv/AlienImage/AlienImage_EuclidAlienImage.jxx
+M AlienImage:privinclude:AlienImage_EuclidAlienImage.ixx /dn43/OCCT/tmp/results_28.02.2011/occt/release-sources-20110228/drv/AlienImage/AlienImage_EuclidAlienImage.ixx
+M AlienImage:pubinclude:Handle_AlienImage_SGIRGBAlienData.hxx /dn43/OCCT/tmp/results_28.02.2011/occt/release-sources-20110228/inc/Handle_AlienImage_SGIRGBAlienData.hxx
+M AlienImage:pubinclude:AlienImage_SGIRGBAlienData.hxx /dn43/OCCT/tmp/results_28.02.2011/occt/release-sources-20110228/inc/AlienImage_SGIRGBAlienData.hxx
+M AlienImage:privinclude:AlienImage_SGIRGBAlienData.jxx /dn43/OCCT/tmp/results_28.02.2011/occt/release-sources-20110228/drv/AlienImage/AlienImage_SGIRGBAlienData.jxx
+M AlienImage:privinclude:AlienImage_SGIRGBAlienData.ixx /dn43/OCCT/tmp/results_28.02.2011/occt/release-sources-20110228/drv/AlienImage/AlienImage_SGIRGBAlienData.ixx
+M AlienImage:pubinclude:Handle_AlienImage_SGIRGBAlienImage.hxx /dn43/OCCT/tmp/results_28.02.2011/occt/release-sources-20110228/inc/Handle_AlienImage_SGIRGBAlienImage.hxx
+M AlienImage:pubinclude:AlienImage_SGIRGBAlienImage.hxx /dn43/OCCT/tmp/results_28.02.2011/occt/release-sources-20110228/inc/AlienImage_SGIRGBAlienImage.hxx
+M AlienImage:privinclude:AlienImage_SGIRGBAlienImage.jxx /dn43/OCCT/tmp/results_28.02.2011/occt/release-sources-20110228/drv/AlienImage/AlienImage_SGIRGBAlienImage.jxx
+M AlienImage:privinclude:AlienImage_SGIRGBAlienImage.ixx /dn43/OCCT/tmp/results_28.02.2011/occt/release-sources-20110228/drv/AlienImage/AlienImage_SGIRGBAlienImage.ixx
+M AlienImage:pubinclude:Handle_AlienImage_X11XWDAlienData.hxx /dn43/OCCT/tmp/results_28.02.2011/occt/release-sources-20110228/inc/Handle_AlienImage_X11XWDAlienData.hxx
+M AlienImage:pubinclude:AlienImage_X11XWDAlienData.hxx /dn43/OCCT/tmp/results_28.02.2011/occt/release-sources-20110228/inc/AlienImage_X11XWDAlienData.hxx
+M AlienImage:privinclude:AlienImage_X11XWDAlienData.jxx /dn43/OCCT/tmp/results_28.02.2011/occt/release-sources-20110228/drv/AlienImage/AlienImage_X11XWDAlienData.jxx
+M AlienImage:privinclude:AlienImage_X11XWDAlienData.ixx /dn43/OCCT/tmp/results_28.02.2011/occt/release-sources-20110228/drv/AlienImage/AlienImage_X11XWDAlienData.ixx
+M AlienImage:pubinclude:Handle_AlienImage_XAlienImage.hxx /dn43/OCCT/tmp/results_28.02.2011/occt/release-sources-20110228/inc/Handle_AlienImage_XAlienImage.hxx
+M AlienImage:pubinclude:AlienImage_XAlienImage.hxx /dn43/OCCT/tmp/results_28.02.2011/occt/release-sources-20110228/inc/AlienImage_XAlienImage.hxx
+M AlienImage:privinclude:AlienImage_XAlienImage.jxx /dn43/OCCT/tmp/results_28.02.2011/occt/release-sources-20110228/drv/AlienImage/AlienImage_XAlienImage.jxx
+M AlienImage:privinclude:AlienImage_XAlienImage.ixx /dn43/OCCT/tmp/results_28.02.2011/occt/release-sources-20110228/drv/AlienImage/AlienImage_XAlienImage.ixx
+M AlienImage:pubinclude:Handle_AlienImage_AidaAlienData.hxx /dn43/OCCT/tmp/results_28.02.2011/occt/release-sources-20110228/inc/Handle_AlienImage_AidaAlienData.hxx
+M AlienImage:pubinclude:AlienImage_AidaAlienData.hxx /dn43/OCCT/tmp/results_28.02.2011/occt/release-sources-20110228/inc/AlienImage_AidaAlienData.hxx
+M AlienImage:privinclude:AlienImage_AidaAlienData.jxx /dn43/OCCT/tmp/results_28.02.2011/occt/release-sources-20110228/drv/AlienImage/AlienImage_AidaAlienData.jxx
+M AlienImage:privinclude:AlienImage_AidaAlienData.ixx /dn43/OCCT/tmp/results_28.02.2011/occt/release-sources-20110228/drv/AlienImage/AlienImage_AidaAlienData.ixx
+M AlienImage:pubinclude:Handle_AlienImage_AidaAlienImage.hxx /dn43/OCCT/tmp/results_28.02.2011/occt/release-sources-20110228/inc/Handle_AlienImage_AidaAlienImage.hxx
+M AlienImage:pubinclude:AlienImage_AidaAlienImage.hxx /dn43/OCCT/tmp/results_28.02.2011/occt/release-sources-20110228/inc/AlienImage_AidaAlienImage.hxx
+M AlienImage:privinclude:AlienImage_AidaAlienImage.jxx /dn43/OCCT/tmp/results_28.02.2011/occt/release-sources-20110228/drv/AlienImage/AlienImage_AidaAlienImage.jxx
+M AlienImage:privinclude:AlienImage_AidaAlienImage.ixx /dn43/OCCT/tmp/results_28.02.2011/occt/release-sources-20110228/drv/AlienImage/AlienImage_AidaAlienImage.ixx
+M AlienImage:pubinclude:AlienImage_MemoryOperations.hxx /dn43/OCCT/tmp/results_28.02.2011/occt/release-sources-20110228/inc/AlienImage_MemoryOperations.hxx
+M AlienImage:privinclude:AlienImage_MemoryOperations.jxx /dn43/OCCT/tmp/results_28.02.2011/occt/release-sources-20110228/drv/AlienImage/AlienImage_MemoryOperations.jxx
+M AlienImage:privinclude:AlienImage_MemoryOperations.ixx /dn43/OCCT/tmp/results_28.02.2011/occt/release-sources-20110228/drv/AlienImage/AlienImage_MemoryOperations.ixx
+M AlienImage:pubinclude:Handle_AlienImage_BMPAlienData.hxx /dn43/OCCT/tmp/results_28.02.2011/occt/release-sources-20110228/inc/Handle_AlienImage_BMPAlienData.hxx
+M AlienImage:pubinclude:AlienImage_BMPAlienData.hxx /dn43/OCCT/tmp/results_28.02.2011/occt/release-sources-20110228/inc/AlienImage_BMPAlienData.hxx
+M AlienImage:privinclude:AlienImage_BMPAlienData.jxx /dn43/OCCT/tmp/results_28.02.2011/occt/release-sources-20110228/drv/AlienImage/AlienImage_BMPAlienData.jxx
+M AlienImage:privinclude:AlienImage_BMPAlienData.ixx /dn43/OCCT/tmp/results_28.02.2011/occt/release-sources-20110228/drv/AlienImage/AlienImage_BMPAlienData.ixx
+M AlienImage:pubinclude:Handle_AlienImage_GIFAlienData.hxx /dn43/OCCT/tmp/results_28.02.2011/occt/release-sources-20110228/inc/Handle_AlienImage_GIFAlienData.hxx
+M AlienImage:pubinclude:AlienImage_GIFAlienData.hxx /dn43/OCCT/tmp/results_28.02.2011/occt/release-sources-20110228/inc/AlienImage_GIFAlienData.hxx
+M AlienImage:privinclude:AlienImage_GIFAlienData.jxx /dn43/OCCT/tmp/results_28.02.2011/occt/release-sources-20110228/drv/AlienImage/AlienImage_GIFAlienData.jxx
+M AlienImage:privinclude:AlienImage_GIFAlienData.ixx /dn43/OCCT/tmp/results_28.02.2011/occt/release-sources-20110228/drv/AlienImage/AlienImage_GIFAlienData.ixx
+M AlienImage:pubinclude:Handle_AlienImage_BMPAlienImage.hxx /dn43/OCCT/tmp/results_28.02.2011/occt/release-sources-20110228/inc/Handle_AlienImage_BMPAlienImage.hxx
+M AlienImage:pubinclude:AlienImage_BMPAlienImage.hxx /dn43/OCCT/tmp/results_28.02.2011/occt/release-sources-20110228/inc/AlienImage_BMPAlienImage.hxx
+M AlienImage:privinclude:AlienImage_BMPAlienImage.jxx /dn43/OCCT/tmp/results_28.02.2011/occt/release-sources-20110228/drv/AlienImage/AlienImage_BMPAlienImage.jxx
+M AlienImage:privinclude:AlienImage_BMPAlienImage.ixx /dn43/OCCT/tmp/results_28.02.2011/occt/release-sources-20110228/drv/AlienImage/AlienImage_BMPAlienImage.ixx
+M AlienImage:pubinclude:Handle_AlienImage_GIFAlienImage.hxx /dn43/OCCT/tmp/results_28.02.2011/occt/release-sources-20110228/inc/Handle_AlienImage_GIFAlienImage.hxx
+M AlienImage:pubinclude:AlienImage_GIFAlienImage.hxx /dn43/OCCT/tmp/results_28.02.2011/occt/release-sources-20110228/inc/AlienImage_GIFAlienImage.hxx
+M AlienImage:privinclude:AlienImage_GIFAlienImage.jxx /dn43/OCCT/tmp/results_28.02.2011/occt/release-sources-20110228/drv/AlienImage/AlienImage_GIFAlienImage.jxx
+M AlienImage:privinclude:AlienImage_GIFAlienImage.ixx /dn43/OCCT/tmp/results_28.02.2011/occt/release-sources-20110228/drv/AlienImage/AlienImage_GIFAlienImage.ixx
+M AlienImage:pubinclude:AlienImage_SUNRFFormat.hxx /dn43/OCCT/tmp/results_28.02.2011/occt/release-sources-20110228/inc/AlienImage_SUNRFFormat.hxx
+M AlienImage:dbadmfile:AlienImage_xcpp_header.In /dn43/OCCT/tmp/results_28.02.2011/occt/release-sources-20110228/drv/AlienImage/.adm/AlienImage_xcpp_header.In
+M AlienImage:dbadmfile:AlienImage_xcpp_header.Out /dn43/OCCT/tmp/results_28.02.2011/occt/release-sources-20110228/drv/AlienImage/.adm/AlienImage_xcpp_header.Out
+M AlienImage:dbadmfile:AlienImage_xcpp_header.Dep /dn43/OCCT/tmp/results_28.02.2011/occt/release-sources-20110228/drv/AlienImage/.adm/AlienImage_xcpp_header.Dep
