+M BRepCheck:pubinclude:BRepCheck.hxx /dn43/OCCT/tmp/results_30.09.2011/occt/release-sources-20110930/inc/BRepCheck.hxx
+M BRepCheck:privinclude:BRepCheck.jxx /dn43/OCCT/tmp/results_30.09.2011/occt/release-sources-20110930/drv/BRepCheck/BRepCheck.jxx
+M BRepCheck:privinclude:BRepCheck.ixx /dn43/OCCT/tmp/results_30.09.2011/occt/release-sources-20110930/drv/BRepCheck/BRepCheck.ixx
+M BRepCheck:pubinclude:Handle_BRepCheck_Result.hxx /dn43/OCCT/tmp/results_30.09.2011/occt/release-sources-20110930/inc/Handle_BRepCheck_Result.hxx
+M BRepCheck:pubinclude:BRepCheck_Result.hxx /dn43/OCCT/tmp/results_30.09.2011/occt/release-sources-20110930/inc/BRepCheck_Result.hxx
+M BRepCheck:privinclude:BRepCheck_Result.jxx /dn43/OCCT/tmp/results_30.09.2011/occt/release-sources-20110930/drv/BRepCheck/BRepCheck_Result.jxx
+M BRepCheck:privinclude:BRepCheck_Result.ixx /dn43/OCCT/tmp/results_30.09.2011/occt/release-sources-20110930/drv/BRepCheck/BRepCheck_Result.ixx
+M BRepCheck:pubinclude:Handle_BRepCheck_Vertex.hxx /dn43/OCCT/tmp/results_30.09.2011/occt/release-sources-20110930/inc/Handle_BRepCheck_Vertex.hxx
+M BRepCheck:pubinclude:BRepCheck_Vertex.hxx /dn43/OCCT/tmp/results_30.09.2011/occt/release-sources-20110930/inc/BRepCheck_Vertex.hxx
+M BRepCheck:privinclude:BRepCheck_Vertex.jxx /dn43/OCCT/tmp/results_30.09.2011/occt/release-sources-20110930/drv/BRepCheck/BRepCheck_Vertex.jxx
+M BRepCheck:privinclude:BRepCheck_Vertex.ixx /dn43/OCCT/tmp/results_30.09.2011/occt/release-sources-20110930/drv/BRepCheck/BRepCheck_Vertex.ixx
+M BRepCheck:pubinclude:Handle_BRepCheck_Edge.hxx /dn43/OCCT/tmp/results_30.09.2011/occt/release-sources-20110930/inc/Handle_BRepCheck_Edge.hxx
+M BRepCheck:pubinclude:BRepCheck_Edge.hxx /dn43/OCCT/tmp/results_30.09.2011/occt/release-sources-20110930/inc/BRepCheck_Edge.hxx
+M BRepCheck:privinclude:BRepCheck_Edge.jxx /dn43/OCCT/tmp/results_30.09.2011/occt/release-sources-20110930/drv/BRepCheck/BRepCheck_Edge.jxx
+M BRepCheck:privinclude:BRepCheck_Edge.ixx /dn43/OCCT/tmp/results_30.09.2011/occt/release-sources-20110930/drv/BRepCheck/BRepCheck_Edge.ixx
+M BRepCheck:pubinclude:Handle_BRepCheck_Wire.hxx /dn43/OCCT/tmp/results_30.09.2011/occt/release-sources-20110930/inc/Handle_BRepCheck_Wire.hxx
+M BRepCheck:pubinclude:BRepCheck_Wire.hxx /dn43/OCCT/tmp/results_30.09.2011/occt/release-sources-20110930/inc/BRepCheck_Wire.hxx
+M BRepCheck:privinclude:BRepCheck_Wire.jxx /dn43/OCCT/tmp/results_30.09.2011/occt/release-sources-20110930/drv/BRepCheck/BRepCheck_Wire.jxx
+M BRepCheck:privinclude:BRepCheck_Wire.ixx /dn43/OCCT/tmp/results_30.09.2011/occt/release-sources-20110930/drv/BRepCheck/BRepCheck_Wire.ixx
+M BRepCheck:pubinclude:Handle_BRepCheck_Face.hxx /dn43/OCCT/tmp/results_30.09.2011/occt/release-sources-20110930/inc/Handle_BRepCheck_Face.hxx
+M BRepCheck:pubinclude:BRepCheck_Face.hxx /dn43/OCCT/tmp/results_30.09.2011/occt/release-sources-20110930/inc/BRepCheck_Face.hxx
+M BRepCheck:privinclude:BRepCheck_Face.jxx /dn43/OCCT/tmp/results_30.09.2011/occt/release-sources-20110930/drv/BRepCheck/BRepCheck_Face.jxx
+M BRepCheck:privinclude:BRepCheck_Face.ixx /dn43/OCCT/tmp/results_30.09.2011/occt/release-sources-20110930/drv/BRepCheck/BRepCheck_Face.ixx
+M BRepCheck:pubinclude:Handle_BRepCheck_Shell.hxx /dn43/OCCT/tmp/results_30.09.2011/occt/release-sources-20110930/inc/Handle_BRepCheck_Shell.hxx
+M BRepCheck:pubinclude:BRepCheck_Shell.hxx /dn43/OCCT/tmp/results_30.09.2011/occt/release-sources-20110930/inc/BRepCheck_Shell.hxx
+M BRepCheck:privinclude:BRepCheck_Shell.jxx /dn43/OCCT/tmp/results_30.09.2011/occt/release-sources-20110930/drv/BRepCheck/BRepCheck_Shell.jxx
+M BRepCheck:privinclude:BRepCheck_Shell.ixx /dn43/OCCT/tmp/results_30.09.2011/occt/release-sources-20110930/drv/BRepCheck/BRepCheck_Shell.ixx
+M BRepCheck:pubinclude:BRepCheck_Analyzer.hxx /dn43/OCCT/tmp/results_30.09.2011/occt/release-sources-20110930/inc/BRepCheck_Analyzer.hxx
+M BRepCheck:privinclude:BRepCheck_Analyzer.jxx /dn43/OCCT/tmp/results_30.09.2011/occt/release-sources-20110930/drv/BRepCheck/BRepCheck_Analyzer.jxx
+M BRepCheck:privinclude:BRepCheck_Analyzer.ixx /dn43/OCCT/tmp/results_30.09.2011/occt/release-sources-20110930/drv/BRepCheck/BRepCheck_Analyzer.ixx
+M BRepCheck:pubinclude:BRepCheck_ListOfStatus.hxx /dn43/OCCT/tmp/results_30.09.2011/occt/release-sources-20110930/inc/BRepCheck_ListOfStatus.hxx
+M BRepCheck:derivated:BRepCheck_ListOfStatus_0.cxx /dn43/OCCT/tmp/results_30.09.2011/occt/release-sources-20110930/drv/BRepCheck/BRepCheck_ListOfStatus_0.cxx
+M BRepCheck:pubinclude:BRepCheck_DataMapOfShapeListOfStatus.hxx /dn43/OCCT/tmp/results_30.09.2011/occt/release-sources-20110930/inc/BRepCheck_DataMapOfShapeListOfStatus.hxx
+M BRepCheck:derivated:BRepCheck_DataMapOfShapeListOfStatus_0.cxx /dn43/OCCT/tmp/results_30.09.2011/occt/release-sources-20110930/drv/BRepCheck/BRepCheck_DataMapOfShapeListOfStatus_0.cxx
+M BRepCheck:pubinclude:BRepCheck_DataMapOfShapeResult.hxx /dn43/OCCT/tmp/results_30.09.2011/occt/release-sources-20110930/inc/BRepCheck_DataMapOfShapeResult.hxx
+M BRepCheck:derivated:BRepCheck_DataMapOfShapeResult_0.cxx /dn43/OCCT/tmp/results_30.09.2011/occt/release-sources-20110930/drv/BRepCheck/BRepCheck_DataMapOfShapeResult_0.cxx
+M BRepCheck:pubinclude:Handle_BRepCheck_ListNodeOfListOfStatus.hxx /dn43/OCCT/tmp/results_30.09.2011/occt/release-sources-20110930/inc/Handle_BRepCheck_ListNodeOfListOfStatus.hxx
+M BRepCheck:pubinclude:BRepCheck_ListNodeOfListOfStatus.hxx /dn43/OCCT/tmp/results_30.09.2011/occt/release-sources-20110930/inc/BRepCheck_ListNodeOfListOfStatus.hxx
+M BRepCheck:derivated:BRepCheck_ListNodeOfListOfStatus_0.cxx /dn43/OCCT/tmp/results_30.09.2011/occt/release-sources-20110930/drv/BRepCheck/BRepCheck_ListNodeOfListOfStatus_0.cxx
+M BRepCheck:pubinclude:BRepCheck_ListIteratorOfListOfStatus.hxx /dn43/OCCT/tmp/results_30.09.2011/occt/release-sources-20110930/inc/BRepCheck_ListIteratorOfListOfStatus.hxx
+M BRepCheck:derivated:BRepCheck_ListIteratorOfListOfStatus_0.cxx /dn43/OCCT/tmp/results_30.09.2011/occt/release-sources-20110930/drv/BRepCheck/BRepCheck_ListIteratorOfListOfStatus_0.cxx
+M BRepCheck:pubinclude:Handle_BRepCheck_DataMapNodeOfDataMapOfShapeListOfStatus.hxx /dn43/OCCT/tmp/results_30.09.2011/occt/release-sources-20110930/inc/Handle_BRepCheck_DataMapNodeOfDataMapOfShapeListOfStatus.hxx
+M BRepCheck:pubinclude:BRepCheck_DataMapNodeOfDataMapOfShapeListOfStatus.hxx /dn43/OCCT/tmp/results_30.09.2011/occt/release-sources-20110930/inc/BRepCheck_DataMapNodeOfDataMapOfShapeListOfStatus.hxx
+M BRepCheck:derivated:BRepCheck_DataMapNodeOfDataMapOfShapeListOfStatus_0.cxx /dn43/OCCT/tmp/results_30.09.2011/occt/release-sources-20110930/drv/BRepCheck/BRepCheck_DataMapNodeOfDataMapOfShapeListOfStatus_0.cxx
+M BRepCheck:pubinclude:BRepCheck_DataMapIteratorOfDataMapOfShapeListOfStatus.hxx /dn43/OCCT/tmp/results_30.09.2011/occt/release-sources-20110930/inc/BRepCheck_DataMapIteratorOfDataMapOfShapeListOfStatus.hxx
+M BRepCheck:derivated:BRepCheck_DataMapIteratorOfDataMapOfShapeListOfStatus_0.cxx /dn43/OCCT/tmp/results_30.09.2011/occt/release-sources-20110930/drv/BRepCheck/BRepCheck_DataMapIteratorOfDataMapOfShapeListOfStatus_0.cxx
+M BRepCheck:pubinclude:Handle_BRepCheck_DataMapNodeOfDataMapOfShapeResult.hxx /dn43/OCCT/tmp/results_30.09.2011/occt/release-sources-20110930/inc/Handle_BRepCheck_DataMapNodeOfDataMapOfShapeResult.hxx
+M BRepCheck:pubinclude:BRepCheck_DataMapNodeOfDataMapOfShapeResult.hxx /dn43/OCCT/tmp/results_30.09.2011/occt/release-sources-20110930/inc/BRepCheck_DataMapNodeOfDataMapOfShapeResult.hxx
+M BRepCheck:derivated:BRepCheck_DataMapNodeOfDataMapOfShapeResult_0.cxx /dn43/OCCT/tmp/results_30.09.2011/occt/release-sources-20110930/drv/BRepCheck/BRepCheck_DataMapNodeOfDataMapOfShapeResult_0.cxx
+M BRepCheck:pubinclude:BRepCheck_DataMapIteratorOfDataMapOfShapeResult.hxx /dn43/OCCT/tmp/results_30.09.2011/occt/release-sources-20110930/inc/BRepCheck_DataMapIteratorOfDataMapOfShapeResult.hxx
+M BRepCheck:derivated:BRepCheck_DataMapIteratorOfDataMapOfShapeResult_0.cxx /dn43/OCCT/tmp/results_30.09.2011/occt/release-sources-20110930/drv/BRepCheck/BRepCheck_DataMapIteratorOfDataMapOfShapeResult_0.cxx
+M BRepCheck:pubinclude:BRepCheck_Status.hxx /dn43/OCCT/tmp/results_30.09.2011/occt/release-sources-20110930/inc/BRepCheck_Status.hxx
+M BRepCheck:dbadmfile:BRepCheck_xcpp_header.In /dn43/OCCT/tmp/results_30.09.2011/occt/release-sources-20110930/drv/BRepCheck/.adm/BRepCheck_xcpp_header.In
+M BRepCheck:dbadmfile:BRepCheck_xcpp_header.Out /dn43/OCCT/tmp/results_30.09.2011/occt/release-sources-20110930/drv/BRepCheck/.adm/BRepCheck_xcpp_header.Out
+M BRepCheck:dbadmfile:BRepCheck_xcpp_header.Dep /dn43/OCCT/tmp/results_30.09.2011/occt/release-sources-20110930/drv/BRepCheck/.adm/BRepCheck_xcpp_header.Dep
