+M IntAna:pubinclude:IntAna_QuadQuadGeo.hxx /dn43/OCCT/tmp/results_31.05.2011/occt/release-sources-20110531/inc/IntAna_QuadQuadGeo.hxx
+M IntAna:privinclude:IntAna_QuadQuadGeo.jxx /dn43/OCCT/tmp/results_31.05.2011/occt/release-sources-20110531/drv/IntAna/IntAna_QuadQuadGeo.jxx
+M IntAna:privinclude:IntAna_QuadQuadGeo.ixx /dn43/OCCT/tmp/results_31.05.2011/occt/release-sources-20110531/drv/IntAna/IntAna_QuadQuadGeo.ixx
+M IntAna:pubinclude:IntAna_IntQuadQuad.hxx /dn43/OCCT/tmp/results_31.05.2011/occt/release-sources-20110531/inc/IntAna_IntQuadQuad.hxx
+M IntAna:privinclude:IntAna_IntQuadQuad.jxx /dn43/OCCT/tmp/results_31.05.2011/occt/release-sources-20110531/drv/IntAna/IntAna_IntQuadQuad.jxx
+M IntAna:privinclude:IntAna_IntQuadQuad.ixx /dn43/OCCT/tmp/results_31.05.2011/occt/release-sources-20110531/drv/IntAna/IntAna_IntQuadQuad.ixx
+M IntAna:pubinclude:IntAna_Int3Pln.hxx /dn43/OCCT/tmp/results_31.05.2011/occt/release-sources-20110531/inc/IntAna_Int3Pln.hxx
+M IntAna:privinclude:IntAna_Int3Pln.jxx /dn43/OCCT/tmp/results_31.05.2011/occt/release-sources-20110531/drv/IntAna/IntAna_Int3Pln.jxx
+M IntAna:privinclude:IntAna_Int3Pln.ixx /dn43/OCCT/tmp/results_31.05.2011/occt/release-sources-20110531/drv/IntAna/IntAna_Int3Pln.ixx
+M IntAna:pubinclude:IntAna_IntLinTorus.hxx /dn43/OCCT/tmp/results_31.05.2011/occt/release-sources-20110531/inc/IntAna_IntLinTorus.hxx
+M IntAna:privinclude:IntAna_IntLinTorus.jxx /dn43/OCCT/tmp/results_31.05.2011/occt/release-sources-20110531/drv/IntAna/IntAna_IntLinTorus.jxx
+M IntAna:privinclude:IntAna_IntLinTorus.ixx /dn43/OCCT/tmp/results_31.05.2011/occt/release-sources-20110531/drv/IntAna/IntAna_IntLinTorus.ixx
+M IntAna:pubinclude:IntAna_IntConicQuad.hxx /dn43/OCCT/tmp/results_31.05.2011/occt/release-sources-20110531/inc/IntAna_IntConicQuad.hxx
+M IntAna:privinclude:IntAna_IntConicQuad.jxx /dn43/OCCT/tmp/results_31.05.2011/occt/release-sources-20110531/drv/IntAna/IntAna_IntConicQuad.jxx
+M IntAna:privinclude:IntAna_IntConicQuad.ixx /dn43/OCCT/tmp/results_31.05.2011/occt/release-sources-20110531/drv/IntAna/IntAna_IntConicQuad.ixx
+M IntAna:pubinclude:IntAna_Curve.hxx /dn43/OCCT/tmp/results_31.05.2011/occt/release-sources-20110531/inc/IntAna_Curve.hxx
+M IntAna:privinclude:IntAna_Curve.jxx /dn43/OCCT/tmp/results_31.05.2011/occt/release-sources-20110531/drv/IntAna/IntAna_Curve.jxx
+M IntAna:privinclude:IntAna_Curve.ixx /dn43/OCCT/tmp/results_31.05.2011/occt/release-sources-20110531/drv/IntAna/IntAna_Curve.ixx
+M IntAna:pubinclude:IntAna_Quadric.hxx /dn43/OCCT/tmp/results_31.05.2011/occt/release-sources-20110531/inc/IntAna_Quadric.hxx
+M IntAna:privinclude:IntAna_Quadric.jxx /dn43/OCCT/tmp/results_31.05.2011/occt/release-sources-20110531/drv/IntAna/IntAna_Quadric.jxx
+M IntAna:privinclude:IntAna_Quadric.ixx /dn43/OCCT/tmp/results_31.05.2011/occt/release-sources-20110531/drv/IntAna/IntAna_Quadric.ixx
+M IntAna:pubinclude:IntAna_ListOfCurve.hxx /dn43/OCCT/tmp/results_31.05.2011/occt/release-sources-20110531/inc/IntAna_ListOfCurve.hxx
+M IntAna:derivated:IntAna_ListOfCurve_0.cxx /dn43/OCCT/tmp/results_31.05.2011/occt/release-sources-20110531/drv/IntAna/IntAna_ListOfCurve_0.cxx
+M IntAna:pubinclude:Handle_IntAna_ListNodeOfListOfCurve.hxx /dn43/OCCT/tmp/results_31.05.2011/occt/release-sources-20110531/inc/Handle_IntAna_ListNodeOfListOfCurve.hxx
+M IntAna:pubinclude:IntAna_ListNodeOfListOfCurve.hxx /dn43/OCCT/tmp/results_31.05.2011/occt/release-sources-20110531/inc/IntAna_ListNodeOfListOfCurve.hxx
+M IntAna:derivated:IntAna_ListNodeOfListOfCurve_0.cxx /dn43/OCCT/tmp/results_31.05.2011/occt/release-sources-20110531/drv/IntAna/IntAna_ListNodeOfListOfCurve_0.cxx
+M IntAna:pubinclude:IntAna_ListIteratorOfListOfCurve.hxx /dn43/OCCT/tmp/results_31.05.2011/occt/release-sources-20110531/inc/IntAna_ListIteratorOfListOfCurve.hxx
+M IntAna:derivated:IntAna_ListIteratorOfListOfCurve_0.cxx /dn43/OCCT/tmp/results_31.05.2011/occt/release-sources-20110531/drv/IntAna/IntAna_ListIteratorOfListOfCurve_0.cxx
+M IntAna:pubinclude:IntAna_ResultType.hxx /dn43/OCCT/tmp/results_31.05.2011/occt/release-sources-20110531/inc/IntAna_ResultType.hxx
+M IntAna:dbadmfile:IntAna_xcpp_header.In /dn43/OCCT/tmp/results_31.05.2011/occt/release-sources-20110531/drv/IntAna/.adm/IntAna_xcpp_header.In
+M IntAna:dbadmfile:IntAna_xcpp_header.Out /dn43/OCCT/tmp/results_31.05.2011/occt/release-sources-20110531/drv/IntAna/.adm/IntAna_xcpp_header.Out
+M IntAna:dbadmfile:IntAna_xcpp_header.Dep /dn43/OCCT/tmp/results_31.05.2011/occt/release-sources-20110531/drv/IntAna/.adm/IntAna_xcpp_header.Dep
