+M V2d:pubinclude:V2d.hxx /dn43/OCCT/tmp/results_31.05.2011/occt/release-sources-20110531/inc/V2d.hxx
+M V2d:privinclude:V2d.jxx /dn43/OCCT/tmp/results_31.05.2011/occt/release-sources-20110531/drv/V2d/V2d.jxx
+M V2d:privinclude:V2d.ixx /dn43/OCCT/tmp/results_31.05.2011/occt/release-sources-20110531/drv/V2d/V2d.ixx
+M V2d:pubinclude:Handle_V2d_Viewer.hxx /dn43/OCCT/tmp/results_31.05.2011/occt/release-sources-20110531/inc/Handle_V2d_Viewer.hxx
+M V2d:pubinclude:V2d_Viewer.hxx /dn43/OCCT/tmp/results_31.05.2011/occt/release-sources-20110531/inc/V2d_Viewer.hxx
+M V2d:privinclude:V2d_Viewer.jxx /dn43/OCCT/tmp/results_31.05.2011/occt/release-sources-20110531/drv/V2d/V2d_Viewer.jxx
+M V2d:privinclude:V2d_Viewer.ixx /dn43/OCCT/tmp/results_31.05.2011/occt/release-sources-20110531/drv/V2d/V2d_Viewer.ixx
+M V2d:pubinclude:Handle_V2d_View.hxx /dn43/OCCT/tmp/results_31.05.2011/occt/release-sources-20110531/inc/Handle_V2d_View.hxx
+M V2d:pubinclude:V2d_View.hxx /dn43/OCCT/tmp/results_31.05.2011/occt/release-sources-20110531/inc/V2d_View.hxx
+M V2d:privinclude:V2d_View.jxx /dn43/OCCT/tmp/results_31.05.2011/occt/release-sources-20110531/drv/V2d/V2d_View.jxx
+M V2d:privinclude:V2d_View.ixx /dn43/OCCT/tmp/results_31.05.2011/occt/release-sources-20110531/drv/V2d/V2d_View.ixx
+M V2d:pubinclude:V2d_DefaultMap.hxx /dn43/OCCT/tmp/results_31.05.2011/occt/release-sources-20110531/inc/V2d_DefaultMap.hxx
+M V2d:privinclude:V2d_DefaultMap.jxx /dn43/OCCT/tmp/results_31.05.2011/occt/release-sources-20110531/drv/V2d/V2d_DefaultMap.jxx
+M V2d:privinclude:V2d_DefaultMap.ixx /dn43/OCCT/tmp/results_31.05.2011/occt/release-sources-20110531/drv/V2d/V2d_DefaultMap.ixx
+M V2d:pubinclude:Handle_V2d_BackgroundGraphicObject.hxx /dn43/OCCT/tmp/results_31.05.2011/occt/release-sources-20110531/inc/Handle_V2d_BackgroundGraphicObject.hxx
+M V2d:pubinclude:V2d_BackgroundGraphicObject.hxx /dn43/OCCT/tmp/results_31.05.2011/occt/release-sources-20110531/inc/V2d_BackgroundGraphicObject.hxx
+M V2d:privinclude:V2d_BackgroundGraphicObject.jxx /dn43/OCCT/tmp/results_31.05.2011/occt/release-sources-20110531/drv/V2d/V2d_BackgroundGraphicObject.jxx
+M V2d:privinclude:V2d_BackgroundGraphicObject.ixx /dn43/OCCT/tmp/results_31.05.2011/occt/release-sources-20110531/drv/V2d/V2d_BackgroundGraphicObject.ixx
+M V2d:pubinclude:Handle_V2d_RectangularGrid.hxx /dn43/OCCT/tmp/results_31.05.2011/occt/release-sources-20110531/inc/Handle_V2d_RectangularGrid.hxx
+M V2d:pubinclude:V2d_RectangularGrid.hxx /dn43/OCCT/tmp/results_31.05.2011/occt/release-sources-20110531/inc/V2d_RectangularGrid.hxx
+M V2d:privinclude:V2d_RectangularGrid.jxx /dn43/OCCT/tmp/results_31.05.2011/occt/release-sources-20110531/drv/V2d/V2d_RectangularGrid.jxx
+M V2d:privinclude:V2d_RectangularGrid.ixx /dn43/OCCT/tmp/results_31.05.2011/occt/release-sources-20110531/drv/V2d/V2d_RectangularGrid.ixx
+M V2d:pubinclude:Handle_V2d_CircularGrid.hxx /dn43/OCCT/tmp/results_31.05.2011/occt/release-sources-20110531/inc/Handle_V2d_CircularGrid.hxx
+M V2d:pubinclude:V2d_CircularGrid.hxx /dn43/OCCT/tmp/results_31.05.2011/occt/release-sources-20110531/inc/V2d_CircularGrid.hxx
+M V2d:privinclude:V2d_CircularGrid.jxx /dn43/OCCT/tmp/results_31.05.2011/occt/release-sources-20110531/drv/V2d/V2d_CircularGrid.jxx
+M V2d:privinclude:V2d_CircularGrid.ixx /dn43/OCCT/tmp/results_31.05.2011/occt/release-sources-20110531/drv/V2d/V2d_CircularGrid.ixx
+M V2d:pubinclude:Handle_V2d_CircularGraphicGrid.hxx /dn43/OCCT/tmp/results_31.05.2011/occt/release-sources-20110531/inc/Handle_V2d_CircularGraphicGrid.hxx
+M V2d:pubinclude:V2d_CircularGraphicGrid.hxx /dn43/OCCT/tmp/results_31.05.2011/occt/release-sources-20110531/inc/V2d_CircularGraphicGrid.hxx
+M V2d:privinclude:V2d_CircularGraphicGrid.jxx /dn43/OCCT/tmp/results_31.05.2011/occt/release-sources-20110531/drv/V2d/V2d_CircularGraphicGrid.jxx
+M V2d:privinclude:V2d_CircularGraphicGrid.ixx /dn43/OCCT/tmp/results_31.05.2011/occt/release-sources-20110531/drv/V2d/V2d_CircularGraphicGrid.ixx
+M V2d:pubinclude:Handle_V2d_RectangularGraphicGrid.hxx /dn43/OCCT/tmp/results_31.05.2011/occt/release-sources-20110531/inc/Handle_V2d_RectangularGraphicGrid.hxx
+M V2d:pubinclude:V2d_RectangularGraphicGrid.hxx /dn43/OCCT/tmp/results_31.05.2011/occt/release-sources-20110531/inc/V2d_RectangularGraphicGrid.hxx
+M V2d:privinclude:V2d_RectangularGraphicGrid.jxx /dn43/OCCT/tmp/results_31.05.2011/occt/release-sources-20110531/drv/V2d/V2d_RectangularGraphicGrid.jxx
+M V2d:privinclude:V2d_RectangularGraphicGrid.ixx /dn43/OCCT/tmp/results_31.05.2011/occt/release-sources-20110531/drv/V2d/V2d_RectangularGraphicGrid.ixx
+M V2d:pubinclude:V2d_TypeOfWindowResizingEffect.hxx /dn43/OCCT/tmp/results_31.05.2011/occt/release-sources-20110531/inc/V2d_TypeOfWindowResizingEffect.hxx
+M V2d:pubinclude:V2d_ViewerPointer.hxx /dn43/OCCT/tmp/results_31.05.2011/occt/release-sources-20110531/inc/V2d_ViewerPointer.hxx
+M V2d:dbadmfile:V2d_xcpp_header.In /dn43/OCCT/tmp/results_31.05.2011/occt/release-sources-20110531/drv/V2d/.adm/V2d_xcpp_header.In
+M V2d:dbadmfile:V2d_xcpp_header.Out /dn43/OCCT/tmp/results_31.05.2011/occt/release-sources-20110531/drv/V2d/.adm/V2d_xcpp_header.Out
+M V2d:dbadmfile:V2d_xcpp_header.Dep /dn43/OCCT/tmp/results_31.05.2011/occt/release-sources-20110531/drv/V2d/.adm/V2d_xcpp_header.Dep
