+M AdvApp2Var:pubinclude:AdvApp2Var_ApproxAFunc2Var.hxx /dn43/OCCT/tmp/results_28.02.2011/occt/release-sources-20110228/inc/AdvApp2Var_ApproxAFunc2Var.hxx
+M AdvApp2Var:privinclude:AdvApp2Var_ApproxAFunc2Var.jxx /dn43/OCCT/tmp/results_28.02.2011/occt/release-sources-20110228/drv/AdvApp2Var/AdvApp2Var_ApproxAFunc2Var.jxx
+M AdvApp2Var:privinclude:AdvApp2Var_ApproxAFunc2Var.ixx /dn43/OCCT/tmp/results_28.02.2011/occt/release-sources-20110228/drv/AdvApp2Var/AdvApp2Var_ApproxAFunc2Var.ixx
+M AdvApp2Var:pubinclude:AdvApp2Var_Criterion.hxx /dn43/OCCT/tmp/results_28.02.2011/occt/release-sources-20110228/inc/AdvApp2Var_Criterion.hxx
+M AdvApp2Var:privinclude:AdvApp2Var_Criterion.jxx /dn43/OCCT/tmp/results_28.02.2011/occt/release-sources-20110228/drv/AdvApp2Var/AdvApp2Var_Criterion.jxx
+M AdvApp2Var:privinclude:AdvApp2Var_Criterion.ixx /dn43/OCCT/tmp/results_28.02.2011/occt/release-sources-20110228/drv/AdvApp2Var/AdvApp2Var_Criterion.ixx
+M AdvApp2Var:pubinclude:AdvApp2Var_Context.hxx /dn43/OCCT/tmp/results_28.02.2011/occt/release-sources-20110228/inc/AdvApp2Var_Context.hxx
+M AdvApp2Var:privinclude:AdvApp2Var_Context.jxx /dn43/OCCT/tmp/results_28.02.2011/occt/release-sources-20110228/drv/AdvApp2Var/AdvApp2Var_Context.jxx
+M AdvApp2Var:privinclude:AdvApp2Var_Context.ixx /dn43/OCCT/tmp/results_28.02.2011/occt/release-sources-20110228/drv/AdvApp2Var/AdvApp2Var_Context.ixx
+M AdvApp2Var:pubinclude:AdvApp2Var_Node.hxx /dn43/OCCT/tmp/results_28.02.2011/occt/release-sources-20110228/inc/AdvApp2Var_Node.hxx
+M AdvApp2Var:privinclude:AdvApp2Var_Node.jxx /dn43/OCCT/tmp/results_28.02.2011/occt/release-sources-20110228/drv/AdvApp2Var/AdvApp2Var_Node.jxx
+M AdvApp2Var:privinclude:AdvApp2Var_Node.ixx /dn43/OCCT/tmp/results_28.02.2011/occt/release-sources-20110228/drv/AdvApp2Var/AdvApp2Var_Node.ixx
+M AdvApp2Var:pubinclude:AdvApp2Var_Iso.hxx /dn43/OCCT/tmp/results_28.02.2011/occt/release-sources-20110228/inc/AdvApp2Var_Iso.hxx
+M AdvApp2Var:privinclude:AdvApp2Var_Iso.jxx /dn43/OCCT/tmp/results_28.02.2011/occt/release-sources-20110228/drv/AdvApp2Var/AdvApp2Var_Iso.jxx
+M AdvApp2Var:privinclude:AdvApp2Var_Iso.ixx /dn43/OCCT/tmp/results_28.02.2011/occt/release-sources-20110228/drv/AdvApp2Var/AdvApp2Var_Iso.ixx
+M AdvApp2Var:pubinclude:AdvApp2Var_Patch.hxx /dn43/OCCT/tmp/results_28.02.2011/occt/release-sources-20110228/inc/AdvApp2Var_Patch.hxx
+M AdvApp2Var:privinclude:AdvApp2Var_Patch.jxx /dn43/OCCT/tmp/results_28.02.2011/occt/release-sources-20110228/drv/AdvApp2Var/AdvApp2Var_Patch.jxx
+M AdvApp2Var:privinclude:AdvApp2Var_Patch.ixx /dn43/OCCT/tmp/results_28.02.2011/occt/release-sources-20110228/drv/AdvApp2Var/AdvApp2Var_Patch.ixx
+M AdvApp2Var:pubinclude:AdvApp2Var_Strip.hxx /dn43/OCCT/tmp/results_28.02.2011/occt/release-sources-20110228/inc/AdvApp2Var_Strip.hxx
+M AdvApp2Var:derivated:AdvApp2Var_Strip_0.cxx /dn43/OCCT/tmp/results_28.02.2011/occt/release-sources-20110228/drv/AdvApp2Var/AdvApp2Var_Strip_0.cxx
+M AdvApp2Var:pubinclude:AdvApp2Var_SequenceOfNode.hxx /dn43/OCCT/tmp/results_28.02.2011/occt/release-sources-20110228/inc/AdvApp2Var_SequenceOfNode.hxx
+M AdvApp2Var:derivated:AdvApp2Var_SequenceOfNode_0.cxx /dn43/OCCT/tmp/results_28.02.2011/occt/release-sources-20110228/drv/AdvApp2Var/AdvApp2Var_SequenceOfNode_0.cxx
+M AdvApp2Var:pubinclude:AdvApp2Var_SequenceOfPatch.hxx /dn43/OCCT/tmp/results_28.02.2011/occt/release-sources-20110228/inc/AdvApp2Var_SequenceOfPatch.hxx
+M AdvApp2Var:derivated:AdvApp2Var_SequenceOfPatch_0.cxx /dn43/OCCT/tmp/results_28.02.2011/occt/release-sources-20110228/drv/AdvApp2Var/AdvApp2Var_SequenceOfPatch_0.cxx
+M AdvApp2Var:pubinclude:AdvApp2Var_SequenceOfStrip.hxx /dn43/OCCT/tmp/results_28.02.2011/occt/release-sources-20110228/inc/AdvApp2Var_SequenceOfStrip.hxx
+M AdvApp2Var:derivated:AdvApp2Var_SequenceOfStrip_0.cxx /dn43/OCCT/tmp/results_28.02.2011/occt/release-sources-20110228/drv/AdvApp2Var/AdvApp2Var_SequenceOfStrip_0.cxx
+M AdvApp2Var:pubinclude:AdvApp2Var_Network.hxx /dn43/OCCT/tmp/results_28.02.2011/occt/release-sources-20110228/inc/AdvApp2Var_Network.hxx
+M AdvApp2Var:privinclude:AdvApp2Var_Network.jxx /dn43/OCCT/tmp/results_28.02.2011/occt/release-sources-20110228/drv/AdvApp2Var/AdvApp2Var_Network.jxx
+M AdvApp2Var:privinclude:AdvApp2Var_Network.ixx /dn43/OCCT/tmp/results_28.02.2011/occt/release-sources-20110228/drv/AdvApp2Var/AdvApp2Var_Network.ixx
+M AdvApp2Var:pubinclude:AdvApp2Var_Framework.hxx /dn43/OCCT/tmp/results_28.02.2011/occt/release-sources-20110228/inc/AdvApp2Var_Framework.hxx
+M AdvApp2Var:privinclude:AdvApp2Var_Framework.jxx /dn43/OCCT/tmp/results_28.02.2011/occt/release-sources-20110228/drv/AdvApp2Var/AdvApp2Var_Framework.jxx
+M AdvApp2Var:privinclude:AdvApp2Var_Framework.ixx /dn43/OCCT/tmp/results_28.02.2011/occt/release-sources-20110228/drv/AdvApp2Var/AdvApp2Var_Framework.ixx
+M AdvApp2Var:pubinclude:Handle_AdvApp2Var_SequenceNodeOfStrip.hxx /dn43/OCCT/tmp/results_28.02.2011/occt/release-sources-20110228/inc/Handle_AdvApp2Var_SequenceNodeOfStrip.hxx
+M AdvApp2Var:pubinclude:AdvApp2Var_SequenceNodeOfStrip.hxx /dn43/OCCT/tmp/results_28.02.2011/occt/release-sources-20110228/inc/AdvApp2Var_SequenceNodeOfStrip.hxx
+M AdvApp2Var:derivated:AdvApp2Var_SequenceNodeOfStrip_0.cxx /dn43/OCCT/tmp/results_28.02.2011/occt/release-sources-20110228/drv/AdvApp2Var/AdvApp2Var_SequenceNodeOfStrip_0.cxx
+M AdvApp2Var:pubinclude:Handle_AdvApp2Var_SequenceNodeOfSequenceOfNode.hxx /dn43/OCCT/tmp/results_28.02.2011/occt/release-sources-20110228/inc/Handle_AdvApp2Var_SequenceNodeOfSequenceOfNode.hxx
+M AdvApp2Var:pubinclude:AdvApp2Var_SequenceNodeOfSequenceOfNode.hxx /dn43/OCCT/tmp/results_28.02.2011/occt/release-sources-20110228/inc/AdvApp2Var_SequenceNodeOfSequenceOfNode.hxx
+M AdvApp2Var:derivated:AdvApp2Var_SequenceNodeOfSequenceOfNode_0.cxx /dn43/OCCT/tmp/results_28.02.2011/occt/release-sources-20110228/drv/AdvApp2Var/AdvApp2Var_SequenceNodeOfSequenceOfNode_0.cxx
+M AdvApp2Var:pubinclude:Handle_AdvApp2Var_SequenceNodeOfSequenceOfPatch.hxx /dn43/OCCT/tmp/results_28.02.2011/occt/release-sources-20110228/inc/Handle_AdvApp2Var_SequenceNodeOfSequenceOfPatch.hxx
+M AdvApp2Var:pubinclude:AdvApp2Var_SequenceNodeOfSequenceOfPatch.hxx /dn43/OCCT/tmp/results_28.02.2011/occt/release-sources-20110228/inc/AdvApp2Var_SequenceNodeOfSequenceOfPatch.hxx
+M AdvApp2Var:derivated:AdvApp2Var_SequenceNodeOfSequenceOfPatch_0.cxx /dn43/OCCT/tmp/results_28.02.2011/occt/release-sources-20110228/drv/AdvApp2Var/AdvApp2Var_SequenceNodeOfSequenceOfPatch_0.cxx
+M AdvApp2Var:pubinclude:Handle_AdvApp2Var_SequenceNodeOfSequenceOfStrip.hxx /dn43/OCCT/tmp/results_28.02.2011/occt/release-sources-20110228/inc/Handle_AdvApp2Var_SequenceNodeOfSequenceOfStrip.hxx
+M AdvApp2Var:pubinclude:AdvApp2Var_SequenceNodeOfSequenceOfStrip.hxx /dn43/OCCT/tmp/results_28.02.2011/occt/release-sources-20110228/inc/AdvApp2Var_SequenceNodeOfSequenceOfStrip.hxx
+M AdvApp2Var:derivated:AdvApp2Var_SequenceNodeOfSequenceOfStrip_0.cxx /dn43/OCCT/tmp/results_28.02.2011/occt/release-sources-20110228/drv/AdvApp2Var/AdvApp2Var_SequenceNodeOfSequenceOfStrip_0.cxx
+M AdvApp2Var:pubinclude:AdvApp2Var_CriterionType.hxx /dn43/OCCT/tmp/results_28.02.2011/occt/release-sources-20110228/inc/AdvApp2Var_CriterionType.hxx
+M AdvApp2Var:pubinclude:AdvApp2Var_CriterionRepartition.hxx /dn43/OCCT/tmp/results_28.02.2011/occt/release-sources-20110228/inc/AdvApp2Var_CriterionRepartition.hxx
+M AdvApp2Var:dbadmfile:AdvApp2Var_xcpp_header.In /dn43/OCCT/tmp/results_28.02.2011/occt/release-sources-20110228/drv/AdvApp2Var/.adm/AdvApp2Var_xcpp_header.In
+M AdvApp2Var:dbadmfile:AdvApp2Var_xcpp_header.Out /dn43/OCCT/tmp/results_28.02.2011/occt/release-sources-20110228/drv/AdvApp2Var/.adm/AdvApp2Var_xcpp_header.Out
+M AdvApp2Var:dbadmfile:AdvApp2Var_xcpp_header.Dep /dn43/OCCT/tmp/results_28.02.2011/occt/release-sources-20110228/drv/AdvApp2Var/.adm/AdvApp2Var_xcpp_header.Dep
