+M MDataStd:pubinclude:MDataStd.hxx /dn43/OCCT/tmp/results_28.02.2011/occt/release-sources-20110228/inc/MDataStd.hxx
+M MDataStd:privinclude:MDataStd.jxx /dn43/OCCT/tmp/results_28.02.2011/occt/release-sources-20110228/drv/MDataStd/MDataStd.jxx
+M MDataStd:privinclude:MDataStd.ixx /dn43/OCCT/tmp/results_28.02.2011/occt/release-sources-20110228/drv/MDataStd/MDataStd.ixx
+M MDataStd:pubinclude:Handle_MDataStd_DirectoryStorageDriver.hxx /dn43/OCCT/tmp/results_28.02.2011/occt/release-sources-20110228/inc/Handle_MDataStd_DirectoryStorageDriver.hxx
+M MDataStd:pubinclude:MDataStd_DirectoryStorageDriver.hxx /dn43/OCCT/tmp/results_28.02.2011/occt/release-sources-20110228/inc/MDataStd_DirectoryStorageDriver.hxx
+M MDataStd:privinclude:MDataStd_DirectoryStorageDriver.jxx /dn43/OCCT/tmp/results_28.02.2011/occt/release-sources-20110228/drv/MDataStd/MDataStd_DirectoryStorageDriver.jxx
+M MDataStd:privinclude:MDataStd_DirectoryStorageDriver.ixx /dn43/OCCT/tmp/results_28.02.2011/occt/release-sources-20110228/drv/MDataStd/MDataStd_DirectoryStorageDriver.ixx
+M MDataStd:pubinclude:Handle_MDataStd_UAttributeStorageDriver.hxx /dn43/OCCT/tmp/results_28.02.2011/occt/release-sources-20110228/inc/Handle_MDataStd_UAttributeStorageDriver.hxx
+M MDataStd:pubinclude:MDataStd_UAttributeStorageDriver.hxx /dn43/OCCT/tmp/results_28.02.2011/occt/release-sources-20110228/inc/MDataStd_UAttributeStorageDriver.hxx
+M MDataStd:privinclude:MDataStd_UAttributeStorageDriver.jxx /dn43/OCCT/tmp/results_28.02.2011/occt/release-sources-20110228/drv/MDataStd/MDataStd_UAttributeStorageDriver.jxx
+M MDataStd:privinclude:MDataStd_UAttributeStorageDriver.ixx /dn43/OCCT/tmp/results_28.02.2011/occt/release-sources-20110228/drv/MDataStd/MDataStd_UAttributeStorageDriver.ixx
+M MDataStd:pubinclude:Handle_MDataStd_NameStorageDriver.hxx /dn43/OCCT/tmp/results_28.02.2011/occt/release-sources-20110228/inc/Handle_MDataStd_NameStorageDriver.hxx
+M MDataStd:pubinclude:MDataStd_NameStorageDriver.hxx /dn43/OCCT/tmp/results_28.02.2011/occt/release-sources-20110228/inc/MDataStd_NameStorageDriver.hxx
+M MDataStd:privinclude:MDataStd_NameStorageDriver.jxx /dn43/OCCT/tmp/results_28.02.2011/occt/release-sources-20110228/drv/MDataStd/MDataStd_NameStorageDriver.jxx
+M MDataStd:privinclude:MDataStd_NameStorageDriver.ixx /dn43/OCCT/tmp/results_28.02.2011/occt/release-sources-20110228/drv/MDataStd/MDataStd_NameStorageDriver.ixx
+M MDataStd:pubinclude:Handle_MDataStd_CommentStorageDriver.hxx /dn43/OCCT/tmp/results_28.02.2011/occt/release-sources-20110228/inc/Handle_MDataStd_CommentStorageDriver.hxx
+M MDataStd:pubinclude:MDataStd_CommentStorageDriver.hxx /dn43/OCCT/tmp/results_28.02.2011/occt/release-sources-20110228/inc/MDataStd_CommentStorageDriver.hxx
+M MDataStd:privinclude:MDataStd_CommentStorageDriver.jxx /dn43/OCCT/tmp/results_28.02.2011/occt/release-sources-20110228/drv/MDataStd/MDataStd_CommentStorageDriver.jxx
+M MDataStd:privinclude:MDataStd_CommentStorageDriver.ixx /dn43/OCCT/tmp/results_28.02.2011/occt/release-sources-20110228/drv/MDataStd/MDataStd_CommentStorageDriver.ixx
+M MDataStd:pubinclude:Handle_MDataStd_IntegerStorageDriver.hxx /dn43/OCCT/tmp/results_28.02.2011/occt/release-sources-20110228/inc/Handle_MDataStd_IntegerStorageDriver.hxx
+M MDataStd:pubinclude:MDataStd_IntegerStorageDriver.hxx /dn43/OCCT/tmp/results_28.02.2011/occt/release-sources-20110228/inc/MDataStd_IntegerStorageDriver.hxx
+M MDataStd:privinclude:MDataStd_IntegerStorageDriver.jxx /dn43/OCCT/tmp/results_28.02.2011/occt/release-sources-20110228/drv/MDataStd/MDataStd_IntegerStorageDriver.jxx
+M MDataStd:privinclude:MDataStd_IntegerStorageDriver.ixx /dn43/OCCT/tmp/results_28.02.2011/occt/release-sources-20110228/drv/MDataStd/MDataStd_IntegerStorageDriver.ixx
+M MDataStd:pubinclude:Handle_MDataStd_IntegerArrayStorageDriver.hxx /dn43/OCCT/tmp/results_28.02.2011/occt/release-sources-20110228/inc/Handle_MDataStd_IntegerArrayStorageDriver.hxx
+M MDataStd:pubinclude:MDataStd_IntegerArrayStorageDriver.hxx /dn43/OCCT/tmp/results_28.02.2011/occt/release-sources-20110228/inc/MDataStd_IntegerArrayStorageDriver.hxx
+M MDataStd:privinclude:MDataStd_IntegerArrayStorageDriver.jxx /dn43/OCCT/tmp/results_28.02.2011/occt/release-sources-20110228/drv/MDataStd/MDataStd_IntegerArrayStorageDriver.jxx
+M MDataStd:privinclude:MDataStd_IntegerArrayStorageDriver.ixx /dn43/OCCT/tmp/results_28.02.2011/occt/release-sources-20110228/drv/MDataStd/MDataStd_IntegerArrayStorageDriver.ixx
+M MDataStd:pubinclude:Handle_MDataStd_RealStorageDriver.hxx /dn43/OCCT/tmp/results_28.02.2011/occt/release-sources-20110228/inc/Handle_MDataStd_RealStorageDriver.hxx
+M MDataStd:pubinclude:MDataStd_RealStorageDriver.hxx /dn43/OCCT/tmp/results_28.02.2011/occt/release-sources-20110228/inc/MDataStd_RealStorageDriver.hxx
+M MDataStd:privinclude:MDataStd_RealStorageDriver.jxx /dn43/OCCT/tmp/results_28.02.2011/occt/release-sources-20110228/drv/MDataStd/MDataStd_RealStorageDriver.jxx
+M MDataStd:privinclude:MDataStd_RealStorageDriver.ixx /dn43/OCCT/tmp/results_28.02.2011/occt/release-sources-20110228/drv/MDataStd/MDataStd_RealStorageDriver.ixx
+M MDataStd:pubinclude:Handle_MDataStd_RealArrayStorageDriver.hxx /dn43/OCCT/tmp/results_28.02.2011/occt/release-sources-20110228/inc/Handle_MDataStd_RealArrayStorageDriver.hxx
+M MDataStd:pubinclude:MDataStd_RealArrayStorageDriver.hxx /dn43/OCCT/tmp/results_28.02.2011/occt/release-sources-20110228/inc/MDataStd_RealArrayStorageDriver.hxx
+M MDataStd:privinclude:MDataStd_RealArrayStorageDriver.jxx /dn43/OCCT/tmp/results_28.02.2011/occt/release-sources-20110228/drv/MDataStd/MDataStd_RealArrayStorageDriver.jxx
+M MDataStd:privinclude:MDataStd_RealArrayStorageDriver.ixx /dn43/OCCT/tmp/results_28.02.2011/occt/release-sources-20110228/drv/MDataStd/MDataStd_RealArrayStorageDriver.ixx
+M MDataStd:pubinclude:Handle_MDataStd_ExtStringArrayStorageDriver.hxx /dn43/OCCT/tmp/results_28.02.2011/occt/release-sources-20110228/inc/Handle_MDataStd_ExtStringArrayStorageDriver.hxx
+M MDataStd:pubinclude:MDataStd_ExtStringArrayStorageDriver.hxx /dn43/OCCT/tmp/results_28.02.2011/occt/release-sources-20110228/inc/MDataStd_ExtStringArrayStorageDriver.hxx
+M MDataStd:privinclude:MDataStd_ExtStringArrayStorageDriver.jxx /dn43/OCCT/tmp/results_28.02.2011/occt/release-sources-20110228/drv/MDataStd/MDataStd_ExtStringArrayStorageDriver.jxx
+M MDataStd:privinclude:MDataStd_ExtStringArrayStorageDriver.ixx /dn43/OCCT/tmp/results_28.02.2011/occt/release-sources-20110228/drv/MDataStd/MDataStd_ExtStringArrayStorageDriver.ixx
+M MDataStd:pubinclude:Handle_MDataStd_VariableStorageDriver.hxx /dn43/OCCT/tmp/results_28.02.2011/occt/release-sources-20110228/inc/Handle_MDataStd_VariableStorageDriver.hxx
+M MDataStd:pubinclude:MDataStd_VariableStorageDriver.hxx /dn43/OCCT/tmp/results_28.02.2011/occt/release-sources-20110228/inc/MDataStd_VariableStorageDriver.hxx
+M MDataStd:privinclude:MDataStd_VariableStorageDriver.jxx /dn43/OCCT/tmp/results_28.02.2011/occt/release-sources-20110228/drv/MDataStd/MDataStd_VariableStorageDriver.jxx
+M MDataStd:privinclude:MDataStd_VariableStorageDriver.ixx /dn43/OCCT/tmp/results_28.02.2011/occt/release-sources-20110228/drv/MDataStd/MDataStd_VariableStorageDriver.ixx
+M MDataStd:pubinclude:Handle_MDataStd_ExpressionStorageDriver.hxx /dn43/OCCT/tmp/results_28.02.2011/occt/release-sources-20110228/inc/Handle_MDataStd_ExpressionStorageDriver.hxx
+M MDataStd:pubinclude:MDataStd_ExpressionStorageDriver.hxx /dn43/OCCT/tmp/results_28.02.2011/occt/release-sources-20110228/inc/MDataStd_ExpressionStorageDriver.hxx
+M MDataStd:privinclude:MDataStd_ExpressionStorageDriver.jxx /dn43/OCCT/tmp/results_28.02.2011/occt/release-sources-20110228/drv/MDataStd/MDataStd_ExpressionStorageDriver.jxx
+M MDataStd:privinclude:MDataStd_ExpressionStorageDriver.ixx /dn43/OCCT/tmp/results_28.02.2011/occt/release-sources-20110228/drv/MDataStd/MDataStd_ExpressionStorageDriver.ixx
+M MDataStd:pubinclude:Handle_MDataStd_RelationStorageDriver.hxx /dn43/OCCT/tmp/results_28.02.2011/occt/release-sources-20110228/inc/Handle_MDataStd_RelationStorageDriver.hxx
+M MDataStd:pubinclude:MDataStd_RelationStorageDriver.hxx /dn43/OCCT/tmp/results_28.02.2011/occt/release-sources-20110228/inc/MDataStd_RelationStorageDriver.hxx
+M MDataStd:privinclude:MDataStd_RelationStorageDriver.jxx /dn43/OCCT/tmp/results_28.02.2011/occt/release-sources-20110228/drv/MDataStd/MDataStd_RelationStorageDriver.jxx
+M MDataStd:privinclude:MDataStd_RelationStorageDriver.ixx /dn43/OCCT/tmp/results_28.02.2011/occt/release-sources-20110228/drv/MDataStd/MDataStd_RelationStorageDriver.ixx
+M MDataStd:pubinclude:Handle_MDataStd_NoteBookStorageDriver.hxx /dn43/OCCT/tmp/results_28.02.2011/occt/release-sources-20110228/inc/Handle_MDataStd_NoteBookStorageDriver.hxx
+M MDataStd:pubinclude:MDataStd_NoteBookStorageDriver.hxx /dn43/OCCT/tmp/results_28.02.2011/occt/release-sources-20110228/inc/MDataStd_NoteBookStorageDriver.hxx
+M MDataStd:privinclude:MDataStd_NoteBookStorageDriver.jxx /dn43/OCCT/tmp/results_28.02.2011/occt/release-sources-20110228/drv/MDataStd/MDataStd_NoteBookStorageDriver.jxx
+M MDataStd:privinclude:MDataStd_NoteBookStorageDriver.ixx /dn43/OCCT/tmp/results_28.02.2011/occt/release-sources-20110228/drv/MDataStd/MDataStd_NoteBookStorageDriver.ixx
+M MDataStd:pubinclude:Handle_MDataStd_TreeNodeStorageDriver.hxx /dn43/OCCT/tmp/results_28.02.2011/occt/release-sources-20110228/inc/Handle_MDataStd_TreeNodeStorageDriver.hxx
+M MDataStd:pubinclude:MDataStd_TreeNodeStorageDriver.hxx /dn43/OCCT/tmp/results_28.02.2011/occt/release-sources-20110228/inc/MDataStd_TreeNodeStorageDriver.hxx
+M MDataStd:privinclude:MDataStd_TreeNodeStorageDriver.jxx /dn43/OCCT/tmp/results_28.02.2011/occt/release-sources-20110228/drv/MDataStd/MDataStd_TreeNodeStorageDriver.jxx
+M MDataStd:privinclude:MDataStd_TreeNodeStorageDriver.ixx /dn43/OCCT/tmp/results_28.02.2011/occt/release-sources-20110228/drv/MDataStd/MDataStd_TreeNodeStorageDriver.ixx
+M MDataStd:pubinclude:Handle_MDataStd_TickStorageDriver.hxx /dn43/OCCT/tmp/results_28.02.2011/occt/release-sources-20110228/inc/Handle_MDataStd_TickStorageDriver.hxx
+M MDataStd:pubinclude:MDataStd_TickStorageDriver.hxx /dn43/OCCT/tmp/results_28.02.2011/occt/release-sources-20110228/inc/MDataStd_TickStorageDriver.hxx
+M MDataStd:privinclude:MDataStd_TickStorageDriver.jxx /dn43/OCCT/tmp/results_28.02.2011/occt/release-sources-20110228/drv/MDataStd/MDataStd_TickStorageDriver.jxx
+M MDataStd:privinclude:MDataStd_TickStorageDriver.ixx /dn43/OCCT/tmp/results_28.02.2011/occt/release-sources-20110228/drv/MDataStd/MDataStd_TickStorageDriver.ixx
+M MDataStd:pubinclude:Handle_MDataStd_IntegerListStorageDriver.hxx /dn43/OCCT/tmp/results_28.02.2011/occt/release-sources-20110228/inc/Handle_MDataStd_IntegerListStorageDriver.hxx
+M MDataStd:pubinclude:MDataStd_IntegerListStorageDriver.hxx /dn43/OCCT/tmp/results_28.02.2011/occt/release-sources-20110228/inc/MDataStd_IntegerListStorageDriver.hxx
+M MDataStd:privinclude:MDataStd_IntegerListStorageDriver.jxx /dn43/OCCT/tmp/results_28.02.2011/occt/release-sources-20110228/drv/MDataStd/MDataStd_IntegerListStorageDriver.jxx
+M MDataStd:privinclude:MDataStd_IntegerListStorageDriver.ixx /dn43/OCCT/tmp/results_28.02.2011/occt/release-sources-20110228/drv/MDataStd/MDataStd_IntegerListStorageDriver.ixx
+M MDataStd:pubinclude:Handle_MDataStd_RealListStorageDriver.hxx /dn43/OCCT/tmp/results_28.02.2011/occt/release-sources-20110228/inc/Handle_MDataStd_RealListStorageDriver.hxx
+M MDataStd:pubinclude:MDataStd_RealListStorageDriver.hxx /dn43/OCCT/tmp/results_28.02.2011/occt/release-sources-20110228/inc/MDataStd_RealListStorageDriver.hxx
+M MDataStd:privinclude:MDataStd_RealListStorageDriver.jxx /dn43/OCCT/tmp/results_28.02.2011/occt/release-sources-20110228/drv/MDataStd/MDataStd_RealListStorageDriver.jxx
+M MDataStd:privinclude:MDataStd_RealListStorageDriver.ixx /dn43/OCCT/tmp/results_28.02.2011/occt/release-sources-20110228/drv/MDataStd/MDataStd_RealListStorageDriver.ixx
+M MDataStd:pubinclude:Handle_MDataStd_ExtStringListStorageDriver.hxx /dn43/OCCT/tmp/results_28.02.2011/occt/release-sources-20110228/inc/Handle_MDataStd_ExtStringListStorageDriver.hxx
+M MDataStd:pubinclude:MDataStd_ExtStringListStorageDriver.hxx /dn43/OCCT/tmp/results_28.02.2011/occt/release-sources-20110228/inc/MDataStd_ExtStringListStorageDriver.hxx
+M MDataStd:privinclude:MDataStd_ExtStringListStorageDriver.jxx /dn43/OCCT/tmp/results_28.02.2011/occt/release-sources-20110228/drv/MDataStd/MDataStd_ExtStringListStorageDriver.jxx
+M MDataStd:privinclude:MDataStd_ExtStringListStorageDriver.ixx /dn43/OCCT/tmp/results_28.02.2011/occt/release-sources-20110228/drv/MDataStd/MDataStd_ExtStringListStorageDriver.ixx
+M MDataStd:pubinclude:Handle_MDataStd_BooleanListStorageDriver.hxx /dn43/OCCT/tmp/results_28.02.2011/occt/release-sources-20110228/inc/Handle_MDataStd_BooleanListStorageDriver.hxx
+M MDataStd:pubinclude:MDataStd_BooleanListStorageDriver.hxx /dn43/OCCT/tmp/results_28.02.2011/occt/release-sources-20110228/inc/MDataStd_BooleanListStorageDriver.hxx
+M MDataStd:privinclude:MDataStd_BooleanListStorageDriver.jxx /dn43/OCCT/tmp/results_28.02.2011/occt/release-sources-20110228/drv/MDataStd/MDataStd_BooleanListStorageDriver.jxx
+M MDataStd:privinclude:MDataStd_BooleanListStorageDriver.ixx /dn43/OCCT/tmp/results_28.02.2011/occt/release-sources-20110228/drv/MDataStd/MDataStd_BooleanListStorageDriver.ixx
+M MDataStd:pubinclude:Handle_MDataStd_ReferenceListStorageDriver.hxx /dn43/OCCT/tmp/results_28.02.2011/occt/release-sources-20110228/inc/Handle_MDataStd_ReferenceListStorageDriver.hxx
+M MDataStd:pubinclude:MDataStd_ReferenceListStorageDriver.hxx /dn43/OCCT/tmp/results_28.02.2011/occt/release-sources-20110228/inc/MDataStd_ReferenceListStorageDriver.hxx
+M MDataStd:privinclude:MDataStd_ReferenceListStorageDriver.jxx /dn43/OCCT/tmp/results_28.02.2011/occt/release-sources-20110228/drv/MDataStd/MDataStd_ReferenceListStorageDriver.jxx
+M MDataStd:privinclude:MDataStd_ReferenceListStorageDriver.ixx /dn43/OCCT/tmp/results_28.02.2011/occt/release-sources-20110228/drv/MDataStd/MDataStd_ReferenceListStorageDriver.ixx
+M MDataStd:pubinclude:Handle_MDataStd_BooleanArrayStorageDriver.hxx /dn43/OCCT/tmp/results_28.02.2011/occt/release-sources-20110228/inc/Handle_MDataStd_BooleanArrayStorageDriver.hxx
+M MDataStd:pubinclude:MDataStd_BooleanArrayStorageDriver.hxx /dn43/OCCT/tmp/results_28.02.2011/occt/release-sources-20110228/inc/MDataStd_BooleanArrayStorageDriver.hxx
+M MDataStd:privinclude:MDataStd_BooleanArrayStorageDriver.jxx /dn43/OCCT/tmp/results_28.02.2011/occt/release-sources-20110228/drv/MDataStd/MDataStd_BooleanArrayStorageDriver.jxx
+M MDataStd:privinclude:MDataStd_BooleanArrayStorageDriver.ixx /dn43/OCCT/tmp/results_28.02.2011/occt/release-sources-20110228/drv/MDataStd/MDataStd_BooleanArrayStorageDriver.ixx
+M MDataStd:pubinclude:Handle_MDataStd_ReferenceArrayStorageDriver.hxx /dn43/OCCT/tmp/results_28.02.2011/occt/release-sources-20110228/inc/Handle_MDataStd_ReferenceArrayStorageDriver.hxx
+M MDataStd:pubinclude:MDataStd_ReferenceArrayStorageDriver.hxx /dn43/OCCT/tmp/results_28.02.2011/occt/release-sources-20110228/inc/MDataStd_ReferenceArrayStorageDriver.hxx
+M MDataStd:privinclude:MDataStd_ReferenceArrayStorageDriver.jxx /dn43/OCCT/tmp/results_28.02.2011/occt/release-sources-20110228/drv/MDataStd/MDataStd_ReferenceArrayStorageDriver.jxx
+M MDataStd:privinclude:MDataStd_ReferenceArrayStorageDriver.ixx /dn43/OCCT/tmp/results_28.02.2011/occt/release-sources-20110228/drv/MDataStd/MDataStd_ReferenceArrayStorageDriver.ixx
+M MDataStd:pubinclude:Handle_MDataStd_ByteArrayStorageDriver.hxx /dn43/OCCT/tmp/results_28.02.2011/occt/release-sources-20110228/inc/Handle_MDataStd_ByteArrayStorageDriver.hxx
+M MDataStd:pubinclude:MDataStd_ByteArrayStorageDriver.hxx /dn43/OCCT/tmp/results_28.02.2011/occt/release-sources-20110228/inc/MDataStd_ByteArrayStorageDriver.hxx
+M MDataStd:privinclude:MDataStd_ByteArrayStorageDriver.jxx /dn43/OCCT/tmp/results_28.02.2011/occt/release-sources-20110228/drv/MDataStd/MDataStd_ByteArrayStorageDriver.jxx
+M MDataStd:privinclude:MDataStd_ByteArrayStorageDriver.ixx /dn43/OCCT/tmp/results_28.02.2011/occt/release-sources-20110228/drv/MDataStd/MDataStd_ByteArrayStorageDriver.ixx
+M MDataStd:pubinclude:Handle_MDataStd_NamedDataStorageDriver.hxx /dn43/OCCT/tmp/results_28.02.2011/occt/release-sources-20110228/inc/Handle_MDataStd_NamedDataStorageDriver.hxx
+M MDataStd:pubinclude:MDataStd_NamedDataStorageDriver.hxx /dn43/OCCT/tmp/results_28.02.2011/occt/release-sources-20110228/inc/MDataStd_NamedDataStorageDriver.hxx
+M MDataStd:privinclude:MDataStd_NamedDataStorageDriver.jxx /dn43/OCCT/tmp/results_28.02.2011/occt/release-sources-20110228/drv/MDataStd/MDataStd_NamedDataStorageDriver.jxx
+M MDataStd:privinclude:MDataStd_NamedDataStorageDriver.ixx /dn43/OCCT/tmp/results_28.02.2011/occt/release-sources-20110228/drv/MDataStd/MDataStd_NamedDataStorageDriver.ixx
+M MDataStd:pubinclude:Handle_MDataStd_AsciiStringStorageDriver.hxx /dn43/OCCT/tmp/results_28.02.2011/occt/release-sources-20110228/inc/Handle_MDataStd_AsciiStringStorageDriver.hxx
+M MDataStd:pubinclude:MDataStd_AsciiStringStorageDriver.hxx /dn43/OCCT/tmp/results_28.02.2011/occt/release-sources-20110228/inc/MDataStd_AsciiStringStorageDriver.hxx
+M MDataStd:privinclude:MDataStd_AsciiStringStorageDriver.jxx /dn43/OCCT/tmp/results_28.02.2011/occt/release-sources-20110228/drv/MDataStd/MDataStd_AsciiStringStorageDriver.jxx
+M MDataStd:privinclude:MDataStd_AsciiStringStorageDriver.ixx /dn43/OCCT/tmp/results_28.02.2011/occt/release-sources-20110228/drv/MDataStd/MDataStd_AsciiStringStorageDriver.ixx
+M MDataStd:pubinclude:Handle_MDataStd_IntPackedMapStorageDriver.hxx /dn43/OCCT/tmp/results_28.02.2011/occt/release-sources-20110228/inc/Handle_MDataStd_IntPackedMapStorageDriver.hxx
+M MDataStd:pubinclude:MDataStd_IntPackedMapStorageDriver.hxx /dn43/OCCT/tmp/results_28.02.2011/occt/release-sources-20110228/inc/MDataStd_IntPackedMapStorageDriver.hxx
+M MDataStd:privinclude:MDataStd_IntPackedMapStorageDriver.jxx /dn43/OCCT/tmp/results_28.02.2011/occt/release-sources-20110228/drv/MDataStd/MDataStd_IntPackedMapStorageDriver.jxx
+M MDataStd:privinclude:MDataStd_IntPackedMapStorageDriver.ixx /dn43/OCCT/tmp/results_28.02.2011/occt/release-sources-20110228/drv/MDataStd/MDataStd_IntPackedMapStorageDriver.ixx
+M MDataStd:pubinclude:Handle_MDataStd_DirectoryRetrievalDriver.hxx /dn43/OCCT/tmp/results_28.02.2011/occt/release-sources-20110228/inc/Handle_MDataStd_DirectoryRetrievalDriver.hxx
+M MDataStd:pubinclude:MDataStd_DirectoryRetrievalDriver.hxx /dn43/OCCT/tmp/results_28.02.2011/occt/release-sources-20110228/inc/MDataStd_DirectoryRetrievalDriver.hxx
+M MDataStd:privinclude:MDataStd_DirectoryRetrievalDriver.jxx /dn43/OCCT/tmp/results_28.02.2011/occt/release-sources-20110228/drv/MDataStd/MDataStd_DirectoryRetrievalDriver.jxx
+M MDataStd:privinclude:MDataStd_DirectoryRetrievalDriver.ixx /dn43/OCCT/tmp/results_28.02.2011/occt/release-sources-20110228/drv/MDataStd/MDataStd_DirectoryRetrievalDriver.ixx
+M MDataStd:pubinclude:Handle_MDataStd_UAttributeRetrievalDriver.hxx /dn43/OCCT/tmp/results_28.02.2011/occt/release-sources-20110228/inc/Handle_MDataStd_UAttributeRetrievalDriver.hxx
+M MDataStd:pubinclude:MDataStd_UAttributeRetrievalDriver.hxx /dn43/OCCT/tmp/results_28.02.2011/occt/release-sources-20110228/inc/MDataStd_UAttributeRetrievalDriver.hxx
+M MDataStd:privinclude:MDataStd_UAttributeRetrievalDriver.jxx /dn43/OCCT/tmp/results_28.02.2011/occt/release-sources-20110228/drv/MDataStd/MDataStd_UAttributeRetrievalDriver.jxx
+M MDataStd:privinclude:MDataStd_UAttributeRetrievalDriver.ixx /dn43/OCCT/tmp/results_28.02.2011/occt/release-sources-20110228/drv/MDataStd/MDataStd_UAttributeRetrievalDriver.ixx
+M MDataStd:pubinclude:Handle_MDataStd_NameRetrievalDriver.hxx /dn43/OCCT/tmp/results_28.02.2011/occt/release-sources-20110228/inc/Handle_MDataStd_NameRetrievalDriver.hxx
+M MDataStd:pubinclude:MDataStd_NameRetrievalDriver.hxx /dn43/OCCT/tmp/results_28.02.2011/occt/release-sources-20110228/inc/MDataStd_NameRetrievalDriver.hxx
+M MDataStd:privinclude:MDataStd_NameRetrievalDriver.jxx /dn43/OCCT/tmp/results_28.02.2011/occt/release-sources-20110228/drv/MDataStd/MDataStd_NameRetrievalDriver.jxx
+M MDataStd:privinclude:MDataStd_NameRetrievalDriver.ixx /dn43/OCCT/tmp/results_28.02.2011/occt/release-sources-20110228/drv/MDataStd/MDataStd_NameRetrievalDriver.ixx
+M MDataStd:pubinclude:Handle_MDataStd_CommentRetrievalDriver.hxx /dn43/OCCT/tmp/results_28.02.2011/occt/release-sources-20110228/inc/Handle_MDataStd_CommentRetrievalDriver.hxx
+M MDataStd:pubinclude:MDataStd_CommentRetrievalDriver.hxx /dn43/OCCT/tmp/results_28.02.2011/occt/release-sources-20110228/inc/MDataStd_CommentRetrievalDriver.hxx
+M MDataStd:privinclude:MDataStd_CommentRetrievalDriver.jxx /dn43/OCCT/tmp/results_28.02.2011/occt/release-sources-20110228/drv/MDataStd/MDataStd_CommentRetrievalDriver.jxx
+M MDataStd:privinclude:MDataStd_CommentRetrievalDriver.ixx /dn43/OCCT/tmp/results_28.02.2011/occt/release-sources-20110228/drv/MDataStd/MDataStd_CommentRetrievalDriver.ixx
+M MDataStd:pubinclude:Handle_MDataStd_IntegerRetrievalDriver.hxx /dn43/OCCT/tmp/results_28.02.2011/occt/release-sources-20110228/inc/Handle_MDataStd_IntegerRetrievalDriver.hxx
+M MDataStd:pubinclude:MDataStd_IntegerRetrievalDriver.hxx /dn43/OCCT/tmp/results_28.02.2011/occt/release-sources-20110228/inc/MDataStd_IntegerRetrievalDriver.hxx
+M MDataStd:privinclude:MDataStd_IntegerRetrievalDriver.jxx /dn43/OCCT/tmp/results_28.02.2011/occt/release-sources-20110228/drv/MDataStd/MDataStd_IntegerRetrievalDriver.jxx
+M MDataStd:privinclude:MDataStd_IntegerRetrievalDriver.ixx /dn43/OCCT/tmp/results_28.02.2011/occt/release-sources-20110228/drv/MDataStd/MDataStd_IntegerRetrievalDriver.ixx
+M MDataStd:pubinclude:Handle_MDataStd_IntegerArrayRetrievalDriver.hxx /dn43/OCCT/tmp/results_28.02.2011/occt/release-sources-20110228/inc/Handle_MDataStd_IntegerArrayRetrievalDriver.hxx
+M MDataStd:pubinclude:MDataStd_IntegerArrayRetrievalDriver.hxx /dn43/OCCT/tmp/results_28.02.2011/occt/release-sources-20110228/inc/MDataStd_IntegerArrayRetrievalDriver.hxx
+M MDataStd:privinclude:MDataStd_IntegerArrayRetrievalDriver.jxx /dn43/OCCT/tmp/results_28.02.2011/occt/release-sources-20110228/drv/MDataStd/MDataStd_IntegerArrayRetrievalDriver.jxx
+M MDataStd:privinclude:MDataStd_IntegerArrayRetrievalDriver.ixx /dn43/OCCT/tmp/results_28.02.2011/occt/release-sources-20110228/drv/MDataStd/MDataStd_IntegerArrayRetrievalDriver.ixx
+M MDataStd:pubinclude:Handle_MDataStd_IntegerArrayRetrievalDriver_1.hxx /dn43/OCCT/tmp/results_28.02.2011/occt/release-sources-20110228/inc/Handle_MDataStd_IntegerArrayRetrievalDriver_1.hxx
+M MDataStd:pubinclude:MDataStd_IntegerArrayRetrievalDriver_1.hxx /dn43/OCCT/tmp/results_28.02.2011/occt/release-sources-20110228/inc/MDataStd_IntegerArrayRetrievalDriver_1.hxx
+M MDataStd:privinclude:MDataStd_IntegerArrayRetrievalDriver_1.jxx /dn43/OCCT/tmp/results_28.02.2011/occt/release-sources-20110228/drv/MDataStd/MDataStd_IntegerArrayRetrievalDriver_1.jxx
+M MDataStd:privinclude:MDataStd_IntegerArrayRetrievalDriver_1.ixx /dn43/OCCT/tmp/results_28.02.2011/occt/release-sources-20110228/drv/MDataStd/MDataStd_IntegerArrayRetrievalDriver_1.ixx
+M MDataStd:pubinclude:Handle_MDataStd_RealRetrievalDriver.hxx /dn43/OCCT/tmp/results_28.02.2011/occt/release-sources-20110228/inc/Handle_MDataStd_RealRetrievalDriver.hxx
+M MDataStd:pubinclude:MDataStd_RealRetrievalDriver.hxx /dn43/OCCT/tmp/results_28.02.2011/occt/release-sources-20110228/inc/MDataStd_RealRetrievalDriver.hxx
+M MDataStd:privinclude:MDataStd_RealRetrievalDriver.jxx /dn43/OCCT/tmp/results_28.02.2011/occt/release-sources-20110228/drv/MDataStd/MDataStd_RealRetrievalDriver.jxx
+M MDataStd:privinclude:MDataStd_RealRetrievalDriver.ixx /dn43/OCCT/tmp/results_28.02.2011/occt/release-sources-20110228/drv/MDataStd/MDataStd_RealRetrievalDriver.ixx
+M MDataStd:pubinclude:Handle_MDataStd_RealArrayRetrievalDriver.hxx /dn43/OCCT/tmp/results_28.02.2011/occt/release-sources-20110228/inc/Handle_MDataStd_RealArrayRetrievalDriver.hxx
+M MDataStd:pubinclude:MDataStd_RealArrayRetrievalDriver.hxx /dn43/OCCT/tmp/results_28.02.2011/occt/release-sources-20110228/inc/MDataStd_RealArrayRetrievalDriver.hxx
+M MDataStd:privinclude:MDataStd_RealArrayRetrievalDriver.jxx /dn43/OCCT/tmp/results_28.02.2011/occt/release-sources-20110228/drv/MDataStd/MDataStd_RealArrayRetrievalDriver.jxx
+M MDataStd:privinclude:MDataStd_RealArrayRetrievalDriver.ixx /dn43/OCCT/tmp/results_28.02.2011/occt/release-sources-20110228/drv/MDataStd/MDataStd_RealArrayRetrievalDriver.ixx
+M MDataStd:pubinclude:Handle_MDataStd_RealArrayRetrievalDriver_1.hxx /dn43/OCCT/tmp/results_28.02.2011/occt/release-sources-20110228/inc/Handle_MDataStd_RealArrayRetrievalDriver_1.hxx
+M MDataStd:pubinclude:MDataStd_RealArrayRetrievalDriver_1.hxx /dn43/OCCT/tmp/results_28.02.2011/occt/release-sources-20110228/inc/MDataStd_RealArrayRetrievalDriver_1.hxx
+M MDataStd:privinclude:MDataStd_RealArrayRetrievalDriver_1.jxx /dn43/OCCT/tmp/results_28.02.2011/occt/release-sources-20110228/drv/MDataStd/MDataStd_RealArrayRetrievalDriver_1.jxx
+M MDataStd:privinclude:MDataStd_RealArrayRetrievalDriver_1.ixx /dn43/OCCT/tmp/results_28.02.2011/occt/release-sources-20110228/drv/MDataStd/MDataStd_RealArrayRetrievalDriver_1.ixx
+M MDataStd:pubinclude:Handle_MDataStd_ExtStringArrayRetrievalDriver.hxx /dn43/OCCT/tmp/results_28.02.2011/occt/release-sources-20110228/inc/Handle_MDataStd_ExtStringArrayRetrievalDriver.hxx
+M MDataStd:pubinclude:MDataStd_ExtStringArrayRetrievalDriver.hxx /dn43/OCCT/tmp/results_28.02.2011/occt/release-sources-20110228/inc/MDataStd_ExtStringArrayRetrievalDriver.hxx
+M MDataStd:privinclude:MDataStd_ExtStringArrayRetrievalDriver.jxx /dn43/OCCT/tmp/results_28.02.2011/occt/release-sources-20110228/drv/MDataStd/MDataStd_ExtStringArrayRetrievalDriver.jxx
+M MDataStd:privinclude:MDataStd_ExtStringArrayRetrievalDriver.ixx /dn43/OCCT/tmp/results_28.02.2011/occt/release-sources-20110228/drv/MDataStd/MDataStd_ExtStringArrayRetrievalDriver.ixx
+M MDataStd:pubinclude:Handle_MDataStd_ExtStringArrayRetrievalDriver_1.hxx /dn43/OCCT/tmp/results_28.02.2011/occt/release-sources-20110228/inc/Handle_MDataStd_ExtStringArrayRetrievalDriver_1.hxx
+M MDataStd:pubinclude:MDataStd_ExtStringArrayRetrievalDriver_1.hxx /dn43/OCCT/tmp/results_28.02.2011/occt/release-sources-20110228/inc/MDataStd_ExtStringArrayRetrievalDriver_1.hxx
+M MDataStd:privinclude:MDataStd_ExtStringArrayRetrievalDriver_1.jxx /dn43/OCCT/tmp/results_28.02.2011/occt/release-sources-20110228/drv/MDataStd/MDataStd_ExtStringArrayRetrievalDriver_1.jxx
+M MDataStd:privinclude:MDataStd_ExtStringArrayRetrievalDriver_1.ixx /dn43/OCCT/tmp/results_28.02.2011/occt/release-sources-20110228/drv/MDataStd/MDataStd_ExtStringArrayRetrievalDriver_1.ixx
+M MDataStd:pubinclude:Handle_MDataStd_VariableRetrievalDriver.hxx /dn43/OCCT/tmp/results_28.02.2011/occt/release-sources-20110228/inc/Handle_MDataStd_VariableRetrievalDriver.hxx
+M MDataStd:pubinclude:MDataStd_VariableRetrievalDriver.hxx /dn43/OCCT/tmp/results_28.02.2011/occt/release-sources-20110228/inc/MDataStd_VariableRetrievalDriver.hxx
+M MDataStd:privinclude:MDataStd_VariableRetrievalDriver.jxx /dn43/OCCT/tmp/results_28.02.2011/occt/release-sources-20110228/drv/MDataStd/MDataStd_VariableRetrievalDriver.jxx
+M MDataStd:privinclude:MDataStd_VariableRetrievalDriver.ixx /dn43/OCCT/tmp/results_28.02.2011/occt/release-sources-20110228/drv/MDataStd/MDataStd_VariableRetrievalDriver.ixx
+M MDataStd:pubinclude:Handle_MDataStd_ExpressionRetrievalDriver.hxx /dn43/OCCT/tmp/results_28.02.2011/occt/release-sources-20110228/inc/Handle_MDataStd_ExpressionRetrievalDriver.hxx
+M MDataStd:pubinclude:MDataStd_ExpressionRetrievalDriver.hxx /dn43/OCCT/tmp/results_28.02.2011/occt/release-sources-20110228/inc/MDataStd_ExpressionRetrievalDriver.hxx
+M MDataStd:privinclude:MDataStd_ExpressionRetrievalDriver.jxx /dn43/OCCT/tmp/results_28.02.2011/occt/release-sources-20110228/drv/MDataStd/MDataStd_ExpressionRetrievalDriver.jxx
+M MDataStd:privinclude:MDataStd_ExpressionRetrievalDriver.ixx /dn43/OCCT/tmp/results_28.02.2011/occt/release-sources-20110228/drv/MDataStd/MDataStd_ExpressionRetrievalDriver.ixx
+M MDataStd:pubinclude:Handle_MDataStd_RelationRetrievalDriver.hxx /dn43/OCCT/tmp/results_28.02.2011/occt/release-sources-20110228/inc/Handle_MDataStd_RelationRetrievalDriver.hxx
+M MDataStd:pubinclude:MDataStd_RelationRetrievalDriver.hxx /dn43/OCCT/tmp/results_28.02.2011/occt/release-sources-20110228/inc/MDataStd_RelationRetrievalDriver.hxx
+M MDataStd:privinclude:MDataStd_RelationRetrievalDriver.jxx /dn43/OCCT/tmp/results_28.02.2011/occt/release-sources-20110228/drv/MDataStd/MDataStd_RelationRetrievalDriver.jxx
+M MDataStd:privinclude:MDataStd_RelationRetrievalDriver.ixx /dn43/OCCT/tmp/results_28.02.2011/occt/release-sources-20110228/drv/MDataStd/MDataStd_RelationRetrievalDriver.ixx
+M MDataStd:pubinclude:Handle_MDataStd_NoteBookRetrievalDriver.hxx /dn43/OCCT/tmp/results_28.02.2011/occt/release-sources-20110228/inc/Handle_MDataStd_NoteBookRetrievalDriver.hxx
+M MDataStd:pubinclude:MDataStd_NoteBookRetrievalDriver.hxx /dn43/OCCT/tmp/results_28.02.2011/occt/release-sources-20110228/inc/MDataStd_NoteBookRetrievalDriver.hxx
+M MDataStd:privinclude:MDataStd_NoteBookRetrievalDriver.jxx /dn43/OCCT/tmp/results_28.02.2011/occt/release-sources-20110228/drv/MDataStd/MDataStd_NoteBookRetrievalDriver.jxx
+M MDataStd:privinclude:MDataStd_NoteBookRetrievalDriver.ixx /dn43/OCCT/tmp/results_28.02.2011/occt/release-sources-20110228/drv/MDataStd/MDataStd_NoteBookRetrievalDriver.ixx
+M MDataStd:pubinclude:Handle_MDataStd_TreeNodeRetrievalDriver.hxx /dn43/OCCT/tmp/results_28.02.2011/occt/release-sources-20110228/inc/Handle_MDataStd_TreeNodeRetrievalDriver.hxx
+M MDataStd:pubinclude:MDataStd_TreeNodeRetrievalDriver.hxx /dn43/OCCT/tmp/results_28.02.2011/occt/release-sources-20110228/inc/MDataStd_TreeNodeRetrievalDriver.hxx
+M MDataStd:privinclude:MDataStd_TreeNodeRetrievalDriver.jxx /dn43/OCCT/tmp/results_28.02.2011/occt/release-sources-20110228/drv/MDataStd/MDataStd_TreeNodeRetrievalDriver.jxx
+M MDataStd:privinclude:MDataStd_TreeNodeRetrievalDriver.ixx /dn43/OCCT/tmp/results_28.02.2011/occt/release-sources-20110228/drv/MDataStd/MDataStd_TreeNodeRetrievalDriver.ixx
+M MDataStd:pubinclude:Handle_MDataStd_TickRetrievalDriver.hxx /dn43/OCCT/tmp/results_28.02.2011/occt/release-sources-20110228/inc/Handle_MDataStd_TickRetrievalDriver.hxx
+M MDataStd:pubinclude:MDataStd_TickRetrievalDriver.hxx /dn43/OCCT/tmp/results_28.02.2011/occt/release-sources-20110228/inc/MDataStd_TickRetrievalDriver.hxx
+M MDataStd:privinclude:MDataStd_TickRetrievalDriver.jxx /dn43/OCCT/tmp/results_28.02.2011/occt/release-sources-20110228/drv/MDataStd/MDataStd_TickRetrievalDriver.jxx
+M MDataStd:privinclude:MDataStd_TickRetrievalDriver.ixx /dn43/OCCT/tmp/results_28.02.2011/occt/release-sources-20110228/drv/MDataStd/MDataStd_TickRetrievalDriver.ixx
+M MDataStd:pubinclude:Handle_MDataStd_IntegerListRetrievalDriver.hxx /dn43/OCCT/tmp/results_28.02.2011/occt/release-sources-20110228/inc/Handle_MDataStd_IntegerListRetrievalDriver.hxx
+M MDataStd:pubinclude:MDataStd_IntegerListRetrievalDriver.hxx /dn43/OCCT/tmp/results_28.02.2011/occt/release-sources-20110228/inc/MDataStd_IntegerListRetrievalDriver.hxx
+M MDataStd:privinclude:MDataStd_IntegerListRetrievalDriver.jxx /dn43/OCCT/tmp/results_28.02.2011/occt/release-sources-20110228/drv/MDataStd/MDataStd_IntegerListRetrievalDriver.jxx
+M MDataStd:privinclude:MDataStd_IntegerListRetrievalDriver.ixx /dn43/OCCT/tmp/results_28.02.2011/occt/release-sources-20110228/drv/MDataStd/MDataStd_IntegerListRetrievalDriver.ixx
+M MDataStd:pubinclude:Handle_MDataStd_RealListRetrievalDriver.hxx /dn43/OCCT/tmp/results_28.02.2011/occt/release-sources-20110228/inc/Handle_MDataStd_RealListRetrievalDriver.hxx
+M MDataStd:pubinclude:MDataStd_RealListRetrievalDriver.hxx /dn43/OCCT/tmp/results_28.02.2011/occt/release-sources-20110228/inc/MDataStd_RealListRetrievalDriver.hxx
+M MDataStd:privinclude:MDataStd_RealListRetrievalDriver.jxx /dn43/OCCT/tmp/results_28.02.2011/occt/release-sources-20110228/drv/MDataStd/MDataStd_RealListRetrievalDriver.jxx
+M MDataStd:privinclude:MDataStd_RealListRetrievalDriver.ixx /dn43/OCCT/tmp/results_28.02.2011/occt/release-sources-20110228/drv/MDataStd/MDataStd_RealListRetrievalDriver.ixx
+M MDataStd:pubinclude:Handle_MDataStd_ExtStringListRetrievalDriver.hxx /dn43/OCCT/tmp/results_28.02.2011/occt/release-sources-20110228/inc/Handle_MDataStd_ExtStringListRetrievalDriver.hxx
+M MDataStd:pubinclude:MDataStd_ExtStringListRetrievalDriver.hxx /dn43/OCCT/tmp/results_28.02.2011/occt/release-sources-20110228/inc/MDataStd_ExtStringListRetrievalDriver.hxx
+M MDataStd:privinclude:MDataStd_ExtStringListRetrievalDriver.jxx /dn43/OCCT/tmp/results_28.02.2011/occt/release-sources-20110228/drv/MDataStd/MDataStd_ExtStringListRetrievalDriver.jxx
+M MDataStd:privinclude:MDataStd_ExtStringListRetrievalDriver.ixx /dn43/OCCT/tmp/results_28.02.2011/occt/release-sources-20110228/drv/MDataStd/MDataStd_ExtStringListRetrievalDriver.ixx
+M MDataStd:pubinclude:Handle_MDataStd_BooleanListRetrievalDriver.hxx /dn43/OCCT/tmp/results_28.02.2011/occt/release-sources-20110228/inc/Handle_MDataStd_BooleanListRetrievalDriver.hxx
+M MDataStd:pubinclude:MDataStd_BooleanListRetrievalDriver.hxx /dn43/OCCT/tmp/results_28.02.2011/occt/release-sources-20110228/inc/MDataStd_BooleanListRetrievalDriver.hxx
+M MDataStd:privinclude:MDataStd_BooleanListRetrievalDriver.jxx /dn43/OCCT/tmp/results_28.02.2011/occt/release-sources-20110228/drv/MDataStd/MDataStd_BooleanListRetrievalDriver.jxx
+M MDataStd:privinclude:MDataStd_BooleanListRetrievalDriver.ixx /dn43/OCCT/tmp/results_28.02.2011/occt/release-sources-20110228/drv/MDataStd/MDataStd_BooleanListRetrievalDriver.ixx
+M MDataStd:pubinclude:Handle_MDataStd_ReferenceListRetrievalDriver.hxx /dn43/OCCT/tmp/results_28.02.2011/occt/release-sources-20110228/inc/Handle_MDataStd_ReferenceListRetrievalDriver.hxx
+M MDataStd:pubinclude:MDataStd_ReferenceListRetrievalDriver.hxx /dn43/OCCT/tmp/results_28.02.2011/occt/release-sources-20110228/inc/MDataStd_ReferenceListRetrievalDriver.hxx
+M MDataStd:privinclude:MDataStd_ReferenceListRetrievalDriver.jxx /dn43/OCCT/tmp/results_28.02.2011/occt/release-sources-20110228/drv/MDataStd/MDataStd_ReferenceListRetrievalDriver.jxx
+M MDataStd:privinclude:MDataStd_ReferenceListRetrievalDriver.ixx /dn43/OCCT/tmp/results_28.02.2011/occt/release-sources-20110228/drv/MDataStd/MDataStd_ReferenceListRetrievalDriver.ixx
+M MDataStd:pubinclude:Handle_MDataStd_BooleanArrayRetrievalDriver.hxx /dn43/OCCT/tmp/results_28.02.2011/occt/release-sources-20110228/inc/Handle_MDataStd_BooleanArrayRetrievalDriver.hxx
+M MDataStd:pubinclude:MDataStd_BooleanArrayRetrievalDriver.hxx /dn43/OCCT/tmp/results_28.02.2011/occt/release-sources-20110228/inc/MDataStd_BooleanArrayRetrievalDriver.hxx
+M MDataStd:privinclude:MDataStd_BooleanArrayRetrievalDriver.jxx /dn43/OCCT/tmp/results_28.02.2011/occt/release-sources-20110228/drv/MDataStd/MDataStd_BooleanArrayRetrievalDriver.jxx
+M MDataStd:privinclude:MDataStd_BooleanArrayRetrievalDriver.ixx /dn43/OCCT/tmp/results_28.02.2011/occt/release-sources-20110228/drv/MDataStd/MDataStd_BooleanArrayRetrievalDriver.ixx
+M MDataStd:pubinclude:Handle_MDataStd_ReferenceArrayRetrievalDriver.hxx /dn43/OCCT/tmp/results_28.02.2011/occt/release-sources-20110228/inc/Handle_MDataStd_ReferenceArrayRetrievalDriver.hxx
+M MDataStd:pubinclude:MDataStd_ReferenceArrayRetrievalDriver.hxx /dn43/OCCT/tmp/results_28.02.2011/occt/release-sources-20110228/inc/MDataStd_ReferenceArrayRetrievalDriver.hxx
+M MDataStd:privinclude:MDataStd_ReferenceArrayRetrievalDriver.jxx /dn43/OCCT/tmp/results_28.02.2011/occt/release-sources-20110228/drv/MDataStd/MDataStd_ReferenceArrayRetrievalDriver.jxx
+M MDataStd:privinclude:MDataStd_ReferenceArrayRetrievalDriver.ixx /dn43/OCCT/tmp/results_28.02.2011/occt/release-sources-20110228/drv/MDataStd/MDataStd_ReferenceArrayRetrievalDriver.ixx
+M MDataStd:pubinclude:Handle_MDataStd_ByteArrayRetrievalDriver.hxx /dn43/OCCT/tmp/results_28.02.2011/occt/release-sources-20110228/inc/Handle_MDataStd_ByteArrayRetrievalDriver.hxx
+M MDataStd:pubinclude:MDataStd_ByteArrayRetrievalDriver.hxx /dn43/OCCT/tmp/results_28.02.2011/occt/release-sources-20110228/inc/MDataStd_ByteArrayRetrievalDriver.hxx
+M MDataStd:privinclude:MDataStd_ByteArrayRetrievalDriver.jxx /dn43/OCCT/tmp/results_28.02.2011/occt/release-sources-20110228/drv/MDataStd/MDataStd_ByteArrayRetrievalDriver.jxx
+M MDataStd:privinclude:MDataStd_ByteArrayRetrievalDriver.ixx /dn43/OCCT/tmp/results_28.02.2011/occt/release-sources-20110228/drv/MDataStd/MDataStd_ByteArrayRetrievalDriver.ixx
+M MDataStd:pubinclude:Handle_MDataStd_ByteArrayRetrievalDriver_1.hxx /dn43/OCCT/tmp/results_28.02.2011/occt/release-sources-20110228/inc/Handle_MDataStd_ByteArrayRetrievalDriver_1.hxx
+M MDataStd:pubinclude:MDataStd_ByteArrayRetrievalDriver_1.hxx /dn43/OCCT/tmp/results_28.02.2011/occt/release-sources-20110228/inc/MDataStd_ByteArrayRetrievalDriver_1.hxx
+M MDataStd:privinclude:MDataStd_ByteArrayRetrievalDriver_1.jxx /dn43/OCCT/tmp/results_28.02.2011/occt/release-sources-20110228/drv/MDataStd/MDataStd_ByteArrayRetrievalDriver_1.jxx
+M MDataStd:privinclude:MDataStd_ByteArrayRetrievalDriver_1.ixx /dn43/OCCT/tmp/results_28.02.2011/occt/release-sources-20110228/drv/MDataStd/MDataStd_ByteArrayRetrievalDriver_1.ixx
+M MDataStd:pubinclude:Handle_MDataStd_NamedDataRetrievalDriver.hxx /dn43/OCCT/tmp/results_28.02.2011/occt/release-sources-20110228/inc/Handle_MDataStd_NamedDataRetrievalDriver.hxx
+M MDataStd:pubinclude:MDataStd_NamedDataRetrievalDriver.hxx /dn43/OCCT/tmp/results_28.02.2011/occt/release-sources-20110228/inc/MDataStd_NamedDataRetrievalDriver.hxx
+M MDataStd:privinclude:MDataStd_NamedDataRetrievalDriver.jxx /dn43/OCCT/tmp/results_28.02.2011/occt/release-sources-20110228/drv/MDataStd/MDataStd_NamedDataRetrievalDriver.jxx
+M MDataStd:privinclude:MDataStd_NamedDataRetrievalDriver.ixx /dn43/OCCT/tmp/results_28.02.2011/occt/release-sources-20110228/drv/MDataStd/MDataStd_NamedDataRetrievalDriver.ixx
+M MDataStd:pubinclude:Handle_MDataStd_AsciiStringRetrievalDriver.hxx /dn43/OCCT/tmp/results_28.02.2011/occt/release-sources-20110228/inc/Handle_MDataStd_AsciiStringRetrievalDriver.hxx
+M MDataStd:pubinclude:MDataStd_AsciiStringRetrievalDriver.hxx /dn43/OCCT/tmp/results_28.02.2011/occt/release-sources-20110228/inc/MDataStd_AsciiStringRetrievalDriver.hxx
+M MDataStd:privinclude:MDataStd_AsciiStringRetrievalDriver.jxx /dn43/OCCT/tmp/results_28.02.2011/occt/release-sources-20110228/drv/MDataStd/MDataStd_AsciiStringRetrievalDriver.jxx
+M MDataStd:privinclude:MDataStd_AsciiStringRetrievalDriver.ixx /dn43/OCCT/tmp/results_28.02.2011/occt/release-sources-20110228/drv/MDataStd/MDataStd_AsciiStringRetrievalDriver.ixx
+M MDataStd:pubinclude:Handle_MDataStd_IntPackedMapRetrievalDriver.hxx /dn43/OCCT/tmp/results_28.02.2011/occt/release-sources-20110228/inc/Handle_MDataStd_IntPackedMapRetrievalDriver.hxx
+M MDataStd:pubinclude:MDataStd_IntPackedMapRetrievalDriver.hxx /dn43/OCCT/tmp/results_28.02.2011/occt/release-sources-20110228/inc/MDataStd_IntPackedMapRetrievalDriver.hxx
+M MDataStd:privinclude:MDataStd_IntPackedMapRetrievalDriver.jxx /dn43/OCCT/tmp/results_28.02.2011/occt/release-sources-20110228/drv/MDataStd/MDataStd_IntPackedMapRetrievalDriver.jxx
+M MDataStd:privinclude:MDataStd_IntPackedMapRetrievalDriver.ixx /dn43/OCCT/tmp/results_28.02.2011/occt/release-sources-20110228/drv/MDataStd/MDataStd_IntPackedMapRetrievalDriver.ixx
+M MDataStd:pubinclude:Handle_MDataStd_IntPackedMapRetrievalDriver_1.hxx /dn43/OCCT/tmp/results_28.02.2011/occt/release-sources-20110228/inc/Handle_MDataStd_IntPackedMapRetrievalDriver_1.hxx
+M MDataStd:pubinclude:MDataStd_IntPackedMapRetrievalDriver_1.hxx /dn43/OCCT/tmp/results_28.02.2011/occt/release-sources-20110228/inc/MDataStd_IntPackedMapRetrievalDriver_1.hxx
+M MDataStd:privinclude:MDataStd_IntPackedMapRetrievalDriver_1.jxx /dn43/OCCT/tmp/results_28.02.2011/occt/release-sources-20110228/drv/MDataStd/MDataStd_IntPackedMapRetrievalDriver_1.jxx
+M MDataStd:privinclude:MDataStd_IntPackedMapRetrievalDriver_1.ixx /dn43/OCCT/tmp/results_28.02.2011/occt/release-sources-20110228/drv/MDataStd/MDataStd_IntPackedMapRetrievalDriver_1.ixx
+M MDataStd:dbadmfile:MDataStd_xcpp_header.In /dn43/OCCT/tmp/results_28.02.2011/occt/release-sources-20110228/drv/MDataStd/.adm/MDataStd_xcpp_header.In
+M MDataStd:dbadmfile:MDataStd_xcpp_header.Out /dn43/OCCT/tmp/results_28.02.2011/occt/release-sources-20110228/drv/MDataStd/.adm/MDataStd_xcpp_header.Out
+M MDataStd:dbadmfile:MDataStd_xcpp_header.Dep /dn43/OCCT/tmp/results_28.02.2011/occt/release-sources-20110228/drv/MDataStd/.adm/MDataStd_xcpp_header.Dep
