+M DrawDim:pubinclude:DrawDim.hxx /dn43/OCCT/tmp/results_28.02.2011/occt/release-sources-20110228/inc/DrawDim.hxx
+M DrawDim:privinclude:DrawDim.jxx /dn43/OCCT/tmp/results_28.02.2011/occt/release-sources-20110228/drv/DrawDim/DrawDim.jxx
+M DrawDim:privinclude:DrawDim.ixx /dn43/OCCT/tmp/results_28.02.2011/occt/release-sources-20110228/drv/DrawDim/DrawDim.ixx
+M DrawDim:pubinclude:Handle_DrawDim_Dimension.hxx /dn43/OCCT/tmp/results_28.02.2011/occt/release-sources-20110228/inc/Handle_DrawDim_Dimension.hxx
+M DrawDim:pubinclude:DrawDim_Dimension.hxx /dn43/OCCT/tmp/results_28.02.2011/occt/release-sources-20110228/inc/DrawDim_Dimension.hxx
+M DrawDim:privinclude:DrawDim_Dimension.jxx /dn43/OCCT/tmp/results_28.02.2011/occt/release-sources-20110228/drv/DrawDim/DrawDim_Dimension.jxx
+M DrawDim:privinclude:DrawDim_Dimension.ixx /dn43/OCCT/tmp/results_28.02.2011/occt/release-sources-20110228/drv/DrawDim/DrawDim_Dimension.ixx
+M DrawDim:pubinclude:Handle_DrawDim_Angle.hxx /dn43/OCCT/tmp/results_28.02.2011/occt/release-sources-20110228/inc/Handle_DrawDim_Angle.hxx
+M DrawDim:pubinclude:DrawDim_Angle.hxx /dn43/OCCT/tmp/results_28.02.2011/occt/release-sources-20110228/inc/DrawDim_Angle.hxx
+M DrawDim:privinclude:DrawDim_Angle.jxx /dn43/OCCT/tmp/results_28.02.2011/occt/release-sources-20110228/drv/DrawDim/DrawDim_Angle.jxx
+M DrawDim:privinclude:DrawDim_Angle.ixx /dn43/OCCT/tmp/results_28.02.2011/occt/release-sources-20110228/drv/DrawDim/DrawDim_Angle.ixx
+M DrawDim:pubinclude:Handle_DrawDim_Distance.hxx /dn43/OCCT/tmp/results_28.02.2011/occt/release-sources-20110228/inc/Handle_DrawDim_Distance.hxx
+M DrawDim:pubinclude:DrawDim_Distance.hxx /dn43/OCCT/tmp/results_28.02.2011/occt/release-sources-20110228/inc/DrawDim_Distance.hxx
+M DrawDim:privinclude:DrawDim_Distance.jxx /dn43/OCCT/tmp/results_28.02.2011/occt/release-sources-20110228/drv/DrawDim/DrawDim_Distance.jxx
+M DrawDim:privinclude:DrawDim_Distance.ixx /dn43/OCCT/tmp/results_28.02.2011/occt/release-sources-20110228/drv/DrawDim/DrawDim_Distance.ixx
+M DrawDim:pubinclude:Handle_DrawDim_Radius.hxx /dn43/OCCT/tmp/results_28.02.2011/occt/release-sources-20110228/inc/Handle_DrawDim_Radius.hxx
+M DrawDim:pubinclude:DrawDim_Radius.hxx /dn43/OCCT/tmp/results_28.02.2011/occt/release-sources-20110228/inc/DrawDim_Radius.hxx
+M DrawDim:privinclude:DrawDim_Radius.jxx /dn43/OCCT/tmp/results_28.02.2011/occt/release-sources-20110228/drv/DrawDim/DrawDim_Radius.jxx
+M DrawDim:privinclude:DrawDim_Radius.ixx /dn43/OCCT/tmp/results_28.02.2011/occt/release-sources-20110228/drv/DrawDim/DrawDim_Radius.ixx
+M DrawDim:pubinclude:Handle_DrawDim_PlanarDimension.hxx /dn43/OCCT/tmp/results_28.02.2011/occt/release-sources-20110228/inc/Handle_DrawDim_PlanarDimension.hxx
+M DrawDim:pubinclude:DrawDim_PlanarDimension.hxx /dn43/OCCT/tmp/results_28.02.2011/occt/release-sources-20110228/inc/DrawDim_PlanarDimension.hxx
+M DrawDim:privinclude:DrawDim_PlanarDimension.jxx /dn43/OCCT/tmp/results_28.02.2011/occt/release-sources-20110228/drv/DrawDim/DrawDim_PlanarDimension.jxx
+M DrawDim:privinclude:DrawDim_PlanarDimension.ixx /dn43/OCCT/tmp/results_28.02.2011/occt/release-sources-20110228/drv/DrawDim/DrawDim_PlanarDimension.ixx
+M DrawDim:pubinclude:Handle_DrawDim_PlanarAngle.hxx /dn43/OCCT/tmp/results_28.02.2011/occt/release-sources-20110228/inc/Handle_DrawDim_PlanarAngle.hxx
+M DrawDim:pubinclude:DrawDim_PlanarAngle.hxx /dn43/OCCT/tmp/results_28.02.2011/occt/release-sources-20110228/inc/DrawDim_PlanarAngle.hxx
+M DrawDim:privinclude:DrawDim_PlanarAngle.jxx /dn43/OCCT/tmp/results_28.02.2011/occt/release-sources-20110228/drv/DrawDim/DrawDim_PlanarAngle.jxx
+M DrawDim:privinclude:DrawDim_PlanarAngle.ixx /dn43/OCCT/tmp/results_28.02.2011/occt/release-sources-20110228/drv/DrawDim/DrawDim_PlanarAngle.ixx
+M DrawDim:pubinclude:Handle_DrawDim_PlanarDistance.hxx /dn43/OCCT/tmp/results_28.02.2011/occt/release-sources-20110228/inc/Handle_DrawDim_PlanarDistance.hxx
+M DrawDim:pubinclude:DrawDim_PlanarDistance.hxx /dn43/OCCT/tmp/results_28.02.2011/occt/release-sources-20110228/inc/DrawDim_PlanarDistance.hxx
+M DrawDim:privinclude:DrawDim_PlanarDistance.jxx /dn43/OCCT/tmp/results_28.02.2011/occt/release-sources-20110228/drv/DrawDim/DrawDim_PlanarDistance.jxx
+M DrawDim:privinclude:DrawDim_PlanarDistance.ixx /dn43/OCCT/tmp/results_28.02.2011/occt/release-sources-20110228/drv/DrawDim/DrawDim_PlanarDistance.ixx
+M DrawDim:pubinclude:Handle_DrawDim_PlanarRadius.hxx /dn43/OCCT/tmp/results_28.02.2011/occt/release-sources-20110228/inc/Handle_DrawDim_PlanarRadius.hxx
+M DrawDim:pubinclude:DrawDim_PlanarRadius.hxx /dn43/OCCT/tmp/results_28.02.2011/occt/release-sources-20110228/inc/DrawDim_PlanarRadius.hxx
+M DrawDim:privinclude:DrawDim_PlanarRadius.jxx /dn43/OCCT/tmp/results_28.02.2011/occt/release-sources-20110228/drv/DrawDim/DrawDim_PlanarRadius.jxx
+M DrawDim:privinclude:DrawDim_PlanarRadius.ixx /dn43/OCCT/tmp/results_28.02.2011/occt/release-sources-20110228/drv/DrawDim/DrawDim_PlanarRadius.ixx
+M DrawDim:pubinclude:Handle_DrawDim_PlanarDiameter.hxx /dn43/OCCT/tmp/results_28.02.2011/occt/release-sources-20110228/inc/Handle_DrawDim_PlanarDiameter.hxx
+M DrawDim:pubinclude:DrawDim_PlanarDiameter.hxx /dn43/OCCT/tmp/results_28.02.2011/occt/release-sources-20110228/inc/DrawDim_PlanarDiameter.hxx
+M DrawDim:privinclude:DrawDim_PlanarDiameter.jxx /dn43/OCCT/tmp/results_28.02.2011/occt/release-sources-20110228/drv/DrawDim/DrawDim_PlanarDiameter.jxx
+M DrawDim:privinclude:DrawDim_PlanarDiameter.ixx /dn43/OCCT/tmp/results_28.02.2011/occt/release-sources-20110228/drv/DrawDim/DrawDim_PlanarDiameter.ixx
+M DrawDim:dbadmfile:DrawDim_xcpp_header.In /dn43/OCCT/tmp/results_28.02.2011/occt/release-sources-20110228/drv/DrawDim/.adm/DrawDim_xcpp_header.In
+M DrawDim:dbadmfile:DrawDim_xcpp_header.Out /dn43/OCCT/tmp/results_28.02.2011/occt/release-sources-20110228/drv/DrawDim/.adm/DrawDim_xcpp_header.Out
+M DrawDim:dbadmfile:DrawDim_xcpp_header.Dep /dn43/OCCT/tmp/results_28.02.2011/occt/release-sources-20110228/drv/DrawDim/.adm/DrawDim_xcpp_header.Dep
