+M TopoDSToStep:pubinclude:TopoDSToStep.hxx /dn43/OCCT/tmp/results_31.05.2011/occt/release-sources-20110531/inc/TopoDSToStep.hxx
+M TopoDSToStep:privinclude:TopoDSToStep.jxx /dn43/OCCT/tmp/results_31.05.2011/occt/release-sources-20110531/drv/TopoDSToStep/TopoDSToStep.jxx
+M TopoDSToStep:privinclude:TopoDSToStep.ixx /dn43/OCCT/tmp/results_31.05.2011/occt/release-sources-20110531/drv/TopoDSToStep/TopoDSToStep.ixx
+M TopoDSToStep:pubinclude:TopoDSToStep_Root.hxx /dn43/OCCT/tmp/results_31.05.2011/occt/release-sources-20110531/inc/TopoDSToStep_Root.hxx
+M TopoDSToStep:privinclude:TopoDSToStep_Root.jxx /dn43/OCCT/tmp/results_31.05.2011/occt/release-sources-20110531/drv/TopoDSToStep/TopoDSToStep_Root.jxx
+M TopoDSToStep:privinclude:TopoDSToStep_Root.ixx /dn43/OCCT/tmp/results_31.05.2011/occt/release-sources-20110531/drv/TopoDSToStep/TopoDSToStep_Root.ixx
+M TopoDSToStep:pubinclude:TopoDSToStep_MakeManifoldSolidBrep.hxx /dn43/OCCT/tmp/results_31.05.2011/occt/release-sources-20110531/inc/TopoDSToStep_MakeManifoldSolidBrep.hxx
+M TopoDSToStep:privinclude:TopoDSToStep_MakeManifoldSolidBrep.jxx /dn43/OCCT/tmp/results_31.05.2011/occt/release-sources-20110531/drv/TopoDSToStep/TopoDSToStep_MakeManifoldSolidBrep.jxx
+M TopoDSToStep:privinclude:TopoDSToStep_MakeManifoldSolidBrep.ixx /dn43/OCCT/tmp/results_31.05.2011/occt/release-sources-20110531/drv/TopoDSToStep/TopoDSToStep_MakeManifoldSolidBrep.ixx
+M TopoDSToStep:pubinclude:TopoDSToStep_MakeBrepWithVoids.hxx /dn43/OCCT/tmp/results_31.05.2011/occt/release-sources-20110531/inc/TopoDSToStep_MakeBrepWithVoids.hxx
+M TopoDSToStep:privinclude:TopoDSToStep_MakeBrepWithVoids.jxx /dn43/OCCT/tmp/results_31.05.2011/occt/release-sources-20110531/drv/TopoDSToStep/TopoDSToStep_MakeBrepWithVoids.jxx
+M TopoDSToStep:privinclude:TopoDSToStep_MakeBrepWithVoids.ixx /dn43/OCCT/tmp/results_31.05.2011/occt/release-sources-20110531/drv/TopoDSToStep/TopoDSToStep_MakeBrepWithVoids.ixx
+M TopoDSToStep:pubinclude:TopoDSToStep_MakeFacetedBrep.hxx /dn43/OCCT/tmp/results_31.05.2011/occt/release-sources-20110531/inc/TopoDSToStep_MakeFacetedBrep.hxx
+M TopoDSToStep:privinclude:TopoDSToStep_MakeFacetedBrep.jxx /dn43/OCCT/tmp/results_31.05.2011/occt/release-sources-20110531/drv/TopoDSToStep/TopoDSToStep_MakeFacetedBrep.jxx
+M TopoDSToStep:privinclude:TopoDSToStep_MakeFacetedBrep.ixx /dn43/OCCT/tmp/results_31.05.2011/occt/release-sources-20110531/drv/TopoDSToStep/TopoDSToStep_MakeFacetedBrep.ixx
+M TopoDSToStep:pubinclude:TopoDSToStep_MakeFacetedBrepAndBrepWithVoids.hxx /dn43/OCCT/tmp/results_31.05.2011/occt/release-sources-20110531/inc/TopoDSToStep_MakeFacetedBrepAndBrepWithVoids.hxx
+M TopoDSToStep:privinclude:TopoDSToStep_MakeFacetedBrepAndBrepWithVoids.jxx /dn43/OCCT/tmp/results_31.05.2011/occt/release-sources-20110531/drv/TopoDSToStep/TopoDSToStep_MakeFacetedBrepAndBrepWithVoids.jxx
+M TopoDSToStep:privinclude:TopoDSToStep_MakeFacetedBrepAndBrepWithVoids.ixx /dn43/OCCT/tmp/results_31.05.2011/occt/release-sources-20110531/drv/TopoDSToStep/TopoDSToStep_MakeFacetedBrepAndBrepWithVoids.ixx
+M TopoDSToStep:pubinclude:TopoDSToStep_MakeShellBasedSurfaceModel.hxx /dn43/OCCT/tmp/results_31.05.2011/occt/release-sources-20110531/inc/TopoDSToStep_MakeShellBasedSurfaceModel.hxx
+M TopoDSToStep:privinclude:TopoDSToStep_MakeShellBasedSurfaceModel.jxx /dn43/OCCT/tmp/results_31.05.2011/occt/release-sources-20110531/drv/TopoDSToStep/TopoDSToStep_MakeShellBasedSurfaceModel.jxx
+M TopoDSToStep:privinclude:TopoDSToStep_MakeShellBasedSurfaceModel.ixx /dn43/OCCT/tmp/results_31.05.2011/occt/release-sources-20110531/drv/TopoDSToStep/TopoDSToStep_MakeShellBasedSurfaceModel.ixx
+M TopoDSToStep:pubinclude:TopoDSToStep_MakeGeometricCurveSet.hxx /dn43/OCCT/tmp/results_31.05.2011/occt/release-sources-20110531/inc/TopoDSToStep_MakeGeometricCurveSet.hxx
+M TopoDSToStep:privinclude:TopoDSToStep_MakeGeometricCurveSet.jxx /dn43/OCCT/tmp/results_31.05.2011/occt/release-sources-20110531/drv/TopoDSToStep/TopoDSToStep_MakeGeometricCurveSet.jxx
+M TopoDSToStep:privinclude:TopoDSToStep_MakeGeometricCurveSet.ixx /dn43/OCCT/tmp/results_31.05.2011/occt/release-sources-20110531/drv/TopoDSToStep/TopoDSToStep_MakeGeometricCurveSet.ixx
+M TopoDSToStep:pubinclude:TopoDSToStep_Builder.hxx /dn43/OCCT/tmp/results_31.05.2011/occt/release-sources-20110531/inc/TopoDSToStep_Builder.hxx
+M TopoDSToStep:privinclude:TopoDSToStep_Builder.jxx /dn43/OCCT/tmp/results_31.05.2011/occt/release-sources-20110531/drv/TopoDSToStep/TopoDSToStep_Builder.jxx
+M TopoDSToStep:privinclude:TopoDSToStep_Builder.ixx /dn43/OCCT/tmp/results_31.05.2011/occt/release-sources-20110531/drv/TopoDSToStep/TopoDSToStep_Builder.ixx
+M TopoDSToStep:pubinclude:TopoDSToStep_WireframeBuilder.hxx /dn43/OCCT/tmp/results_31.05.2011/occt/release-sources-20110531/inc/TopoDSToStep_WireframeBuilder.hxx
+M TopoDSToStep:privinclude:TopoDSToStep_WireframeBuilder.jxx /dn43/OCCT/tmp/results_31.05.2011/occt/release-sources-20110531/drv/TopoDSToStep/TopoDSToStep_WireframeBuilder.jxx
+M TopoDSToStep:privinclude:TopoDSToStep_WireframeBuilder.ixx /dn43/OCCT/tmp/results_31.05.2011/occt/release-sources-20110531/drv/TopoDSToStep/TopoDSToStep_WireframeBuilder.ixx
+M TopoDSToStep:pubinclude:TopoDSToStep_Tool.hxx /dn43/OCCT/tmp/results_31.05.2011/occt/release-sources-20110531/inc/TopoDSToStep_Tool.hxx
+M TopoDSToStep:privinclude:TopoDSToStep_Tool.jxx /dn43/OCCT/tmp/results_31.05.2011/occt/release-sources-20110531/drv/TopoDSToStep/TopoDSToStep_Tool.jxx
+M TopoDSToStep:privinclude:TopoDSToStep_Tool.ixx /dn43/OCCT/tmp/results_31.05.2011/occt/release-sources-20110531/drv/TopoDSToStep/TopoDSToStep_Tool.ixx
+M TopoDSToStep:pubinclude:TopoDSToStep_FacetedTool.hxx /dn43/OCCT/tmp/results_31.05.2011/occt/release-sources-20110531/inc/TopoDSToStep_FacetedTool.hxx
+M TopoDSToStep:privinclude:TopoDSToStep_FacetedTool.jxx /dn43/OCCT/tmp/results_31.05.2011/occt/release-sources-20110531/drv/TopoDSToStep/TopoDSToStep_FacetedTool.jxx
+M TopoDSToStep:privinclude:TopoDSToStep_FacetedTool.ixx /dn43/OCCT/tmp/results_31.05.2011/occt/release-sources-20110531/drv/TopoDSToStep/TopoDSToStep_FacetedTool.ixx
+M TopoDSToStep:pubinclude:TopoDSToStep_MakeStepFace.hxx /dn43/OCCT/tmp/results_31.05.2011/occt/release-sources-20110531/inc/TopoDSToStep_MakeStepFace.hxx
+M TopoDSToStep:privinclude:TopoDSToStep_MakeStepFace.jxx /dn43/OCCT/tmp/results_31.05.2011/occt/release-sources-20110531/drv/TopoDSToStep/TopoDSToStep_MakeStepFace.jxx
+M TopoDSToStep:privinclude:TopoDSToStep_MakeStepFace.ixx /dn43/OCCT/tmp/results_31.05.2011/occt/release-sources-20110531/drv/TopoDSToStep/TopoDSToStep_MakeStepFace.ixx
+M TopoDSToStep:pubinclude:TopoDSToStep_MakeStepWire.hxx /dn43/OCCT/tmp/results_31.05.2011/occt/release-sources-20110531/inc/TopoDSToStep_MakeStepWire.hxx
+M TopoDSToStep:privinclude:TopoDSToStep_MakeStepWire.jxx /dn43/OCCT/tmp/results_31.05.2011/occt/release-sources-20110531/drv/TopoDSToStep/TopoDSToStep_MakeStepWire.jxx
+M TopoDSToStep:privinclude:TopoDSToStep_MakeStepWire.ixx /dn43/OCCT/tmp/results_31.05.2011/occt/release-sources-20110531/drv/TopoDSToStep/TopoDSToStep_MakeStepWire.ixx
+M TopoDSToStep:pubinclude:TopoDSToStep_MakeStepEdge.hxx /dn43/OCCT/tmp/results_31.05.2011/occt/release-sources-20110531/inc/TopoDSToStep_MakeStepEdge.hxx
+M TopoDSToStep:privinclude:TopoDSToStep_MakeStepEdge.jxx /dn43/OCCT/tmp/results_31.05.2011/occt/release-sources-20110531/drv/TopoDSToStep/TopoDSToStep_MakeStepEdge.jxx
+M TopoDSToStep:privinclude:TopoDSToStep_MakeStepEdge.ixx /dn43/OCCT/tmp/results_31.05.2011/occt/release-sources-20110531/drv/TopoDSToStep/TopoDSToStep_MakeStepEdge.ixx
+M TopoDSToStep:pubinclude:TopoDSToStep_MakeStepVertex.hxx /dn43/OCCT/tmp/results_31.05.2011/occt/release-sources-20110531/inc/TopoDSToStep_MakeStepVertex.hxx
+M TopoDSToStep:privinclude:TopoDSToStep_MakeStepVertex.jxx /dn43/OCCT/tmp/results_31.05.2011/occt/release-sources-20110531/drv/TopoDSToStep/TopoDSToStep_MakeStepVertex.jxx
+M TopoDSToStep:privinclude:TopoDSToStep_MakeStepVertex.ixx /dn43/OCCT/tmp/results_31.05.2011/occt/release-sources-20110531/drv/TopoDSToStep/TopoDSToStep_MakeStepVertex.ixx
+M TopoDSToStep:pubinclude:TopoDSToStep_BuilderError.hxx /dn43/OCCT/tmp/results_31.05.2011/occt/release-sources-20110531/inc/TopoDSToStep_BuilderError.hxx
+M TopoDSToStep:pubinclude:TopoDSToStep_MakeFaceError.hxx /dn43/OCCT/tmp/results_31.05.2011/occt/release-sources-20110531/inc/TopoDSToStep_MakeFaceError.hxx
+M TopoDSToStep:pubinclude:TopoDSToStep_MakeWireError.hxx /dn43/OCCT/tmp/results_31.05.2011/occt/release-sources-20110531/inc/TopoDSToStep_MakeWireError.hxx
+M TopoDSToStep:pubinclude:TopoDSToStep_MakeEdgeError.hxx /dn43/OCCT/tmp/results_31.05.2011/occt/release-sources-20110531/inc/TopoDSToStep_MakeEdgeError.hxx
+M TopoDSToStep:pubinclude:TopoDSToStep_MakeVertexError.hxx /dn43/OCCT/tmp/results_31.05.2011/occt/release-sources-20110531/inc/TopoDSToStep_MakeVertexError.hxx
+M TopoDSToStep:pubinclude:TopoDSToStep_FacetedError.hxx /dn43/OCCT/tmp/results_31.05.2011/occt/release-sources-20110531/inc/TopoDSToStep_FacetedError.hxx
+M TopoDSToStep:dbadmfile:TopoDSToStep_xcpp_header.In /dn43/OCCT/tmp/results_31.05.2011/occt/release-sources-20110531/drv/TopoDSToStep/.adm/TopoDSToStep_xcpp_header.In
+M TopoDSToStep:dbadmfile:TopoDSToStep_xcpp_header.Out /dn43/OCCT/tmp/results_31.05.2011/occt/release-sources-20110531/drv/TopoDSToStep/.adm/TopoDSToStep_xcpp_header.Out
+M TopoDSToStep:dbadmfile:TopoDSToStep_xcpp_header.Dep /dn43/OCCT/tmp/results_31.05.2011/occt/release-sources-20110531/drv/TopoDSToStep/.adm/TopoDSToStep_xcpp_header.Dep
