+M Adaptor3d:pubinclude:Adaptor3d_Curve.hxx /dn43/OCCT/tmp/results_31.05.2011/occt/release-sources-20110531/inc/Adaptor3d_Curve.hxx
+M Adaptor3d:privinclude:Adaptor3d_Curve.jxx /dn43/OCCT/tmp/results_31.05.2011/occt/release-sources-20110531/drv/Adaptor3d/Adaptor3d_Curve.jxx
+M Adaptor3d:privinclude:Adaptor3d_Curve.ixx /dn43/OCCT/tmp/results_31.05.2011/occt/release-sources-20110531/drv/Adaptor3d/Adaptor3d_Curve.ixx
+M Adaptor3d:pubinclude:Handle_Adaptor3d_HCurve.hxx /dn43/OCCT/tmp/results_31.05.2011/occt/release-sources-20110531/inc/Handle_Adaptor3d_HCurve.hxx
+M Adaptor3d:pubinclude:Adaptor3d_HCurve.hxx /dn43/OCCT/tmp/results_31.05.2011/occt/release-sources-20110531/inc/Adaptor3d_HCurve.hxx
+M Adaptor3d:privinclude:Adaptor3d_HCurve.jxx /dn43/OCCT/tmp/results_31.05.2011/occt/release-sources-20110531/drv/Adaptor3d/Adaptor3d_HCurve.jxx
+M Adaptor3d:privinclude:Adaptor3d_HCurve.ixx /dn43/OCCT/tmp/results_31.05.2011/occt/release-sources-20110531/drv/Adaptor3d/Adaptor3d_HCurve.ixx
+M Adaptor3d:pubinclude:Adaptor3d_Surface.hxx /dn43/OCCT/tmp/results_31.05.2011/occt/release-sources-20110531/inc/Adaptor3d_Surface.hxx
+M Adaptor3d:privinclude:Adaptor3d_Surface.jxx /dn43/OCCT/tmp/results_31.05.2011/occt/release-sources-20110531/drv/Adaptor3d/Adaptor3d_Surface.jxx
+M Adaptor3d:privinclude:Adaptor3d_Surface.ixx /dn43/OCCT/tmp/results_31.05.2011/occt/release-sources-20110531/drv/Adaptor3d/Adaptor3d_Surface.ixx
+M Adaptor3d:pubinclude:Handle_Adaptor3d_HSurface.hxx /dn43/OCCT/tmp/results_31.05.2011/occt/release-sources-20110531/inc/Handle_Adaptor3d_HSurface.hxx
+M Adaptor3d:pubinclude:Adaptor3d_HSurface.hxx /dn43/OCCT/tmp/results_31.05.2011/occt/release-sources-20110531/inc/Adaptor3d_HSurface.hxx
+M Adaptor3d:privinclude:Adaptor3d_HSurface.jxx /dn43/OCCT/tmp/results_31.05.2011/occt/release-sources-20110531/drv/Adaptor3d/Adaptor3d_HSurface.jxx
+M Adaptor3d:privinclude:Adaptor3d_HSurface.ixx /dn43/OCCT/tmp/results_31.05.2011/occt/release-sources-20110531/drv/Adaptor3d/Adaptor3d_HSurface.ixx
+M Adaptor3d:pubinclude:Handle_Adaptor3d_HVertex.hxx /dn43/OCCT/tmp/results_31.05.2011/occt/release-sources-20110531/inc/Handle_Adaptor3d_HVertex.hxx
+M Adaptor3d:pubinclude:Adaptor3d_HVertex.hxx /dn43/OCCT/tmp/results_31.05.2011/occt/release-sources-20110531/inc/Adaptor3d_HVertex.hxx
+M Adaptor3d:privinclude:Adaptor3d_HVertex.jxx /dn43/OCCT/tmp/results_31.05.2011/occt/release-sources-20110531/drv/Adaptor3d/Adaptor3d_HVertex.jxx
+M Adaptor3d:privinclude:Adaptor3d_HVertex.ixx /dn43/OCCT/tmp/results_31.05.2011/occt/release-sources-20110531/drv/Adaptor3d/Adaptor3d_HVertex.ixx
+M Adaptor3d:pubinclude:Adaptor3d_HSurfaceTool.hxx /dn43/OCCT/tmp/results_31.05.2011/occt/release-sources-20110531/inc/Adaptor3d_HSurfaceTool.hxx
+M Adaptor3d:privinclude:Adaptor3d_HSurfaceTool.jxx /dn43/OCCT/tmp/results_31.05.2011/occt/release-sources-20110531/drv/Adaptor3d/Adaptor3d_HSurfaceTool.jxx
+M Adaptor3d:privinclude:Adaptor3d_HSurfaceTool.ixx /dn43/OCCT/tmp/results_31.05.2011/occt/release-sources-20110531/drv/Adaptor3d/Adaptor3d_HSurfaceTool.ixx
+M Adaptor3d:pubinclude:Handle_Adaptor3d_TopolTool.hxx /dn43/OCCT/tmp/results_31.05.2011/occt/release-sources-20110531/inc/Handle_Adaptor3d_TopolTool.hxx
+M Adaptor3d:pubinclude:Adaptor3d_TopolTool.hxx /dn43/OCCT/tmp/results_31.05.2011/occt/release-sources-20110531/inc/Adaptor3d_TopolTool.hxx
+M Adaptor3d:privinclude:Adaptor3d_TopolTool.jxx /dn43/OCCT/tmp/results_31.05.2011/occt/release-sources-20110531/drv/Adaptor3d/Adaptor3d_TopolTool.jxx
+M Adaptor3d:privinclude:Adaptor3d_TopolTool.ixx /dn43/OCCT/tmp/results_31.05.2011/occt/release-sources-20110531/drv/Adaptor3d/Adaptor3d_TopolTool.ixx
+M Adaptor3d:pubinclude:Adaptor3d_IsoCurve.hxx /dn43/OCCT/tmp/results_31.05.2011/occt/release-sources-20110531/inc/Adaptor3d_IsoCurve.hxx
+M Adaptor3d:privinclude:Adaptor3d_IsoCurve.jxx /dn43/OCCT/tmp/results_31.05.2011/occt/release-sources-20110531/drv/Adaptor3d/Adaptor3d_IsoCurve.jxx
+M Adaptor3d:privinclude:Adaptor3d_IsoCurve.ixx /dn43/OCCT/tmp/results_31.05.2011/occt/release-sources-20110531/drv/Adaptor3d/Adaptor3d_IsoCurve.ixx
+M Adaptor3d:pubinclude:Handle_Adaptor3d_HIsoCurve.hxx /dn43/OCCT/tmp/results_31.05.2011/occt/release-sources-20110531/inc/Handle_Adaptor3d_HIsoCurve.hxx
+M Adaptor3d:pubinclude:Adaptor3d_HIsoCurve.hxx /dn43/OCCT/tmp/results_31.05.2011/occt/release-sources-20110531/inc/Adaptor3d_HIsoCurve.hxx
+M Adaptor3d:derivated:Adaptor3d_HIsoCurve_0.cxx /dn43/OCCT/tmp/results_31.05.2011/occt/release-sources-20110531/drv/Adaptor3d/Adaptor3d_HIsoCurve_0.cxx
+M Adaptor3d:pubinclude:Adaptor3d_CurveOnSurface.hxx /dn43/OCCT/tmp/results_31.05.2011/occt/release-sources-20110531/inc/Adaptor3d_CurveOnSurface.hxx
+M Adaptor3d:privinclude:Adaptor3d_CurveOnSurface.jxx /dn43/OCCT/tmp/results_31.05.2011/occt/release-sources-20110531/drv/Adaptor3d/Adaptor3d_CurveOnSurface.jxx
+M Adaptor3d:privinclude:Adaptor3d_CurveOnSurface.ixx /dn43/OCCT/tmp/results_31.05.2011/occt/release-sources-20110531/drv/Adaptor3d/Adaptor3d_CurveOnSurface.ixx
+M Adaptor3d:pubinclude:Handle_Adaptor3d_HCurveOnSurface.hxx /dn43/OCCT/tmp/results_31.05.2011/occt/release-sources-20110531/inc/Handle_Adaptor3d_HCurveOnSurface.hxx
+M Adaptor3d:pubinclude:Adaptor3d_HCurveOnSurface.hxx /dn43/OCCT/tmp/results_31.05.2011/occt/release-sources-20110531/inc/Adaptor3d_HCurveOnSurface.hxx
+M Adaptor3d:derivated:Adaptor3d_HCurveOnSurface_0.cxx /dn43/OCCT/tmp/results_31.05.2011/occt/release-sources-20110531/drv/Adaptor3d/Adaptor3d_HCurveOnSurface_0.cxx
+M Adaptor3d:pubinclude:Adaptor3d_OffsetCurve.hxx /dn43/OCCT/tmp/results_31.05.2011/occt/release-sources-20110531/inc/Adaptor3d_OffsetCurve.hxx
+M Adaptor3d:privinclude:Adaptor3d_OffsetCurve.jxx /dn43/OCCT/tmp/results_31.05.2011/occt/release-sources-20110531/drv/Adaptor3d/Adaptor3d_OffsetCurve.jxx
+M Adaptor3d:privinclude:Adaptor3d_OffsetCurve.ixx /dn43/OCCT/tmp/results_31.05.2011/occt/release-sources-20110531/drv/Adaptor3d/Adaptor3d_OffsetCurve.ixx
+M Adaptor3d:pubinclude:Handle_Adaptor3d_HOffsetCurve.hxx /dn43/OCCT/tmp/results_31.05.2011/occt/release-sources-20110531/inc/Handle_Adaptor3d_HOffsetCurve.hxx
+M Adaptor3d:pubinclude:Adaptor3d_HOffsetCurve.hxx /dn43/OCCT/tmp/results_31.05.2011/occt/release-sources-20110531/inc/Adaptor3d_HOffsetCurve.hxx
+M Adaptor3d:derivated:Adaptor3d_HOffsetCurve_0.cxx /dn43/OCCT/tmp/results_31.05.2011/occt/release-sources-20110531/drv/Adaptor3d/Adaptor3d_HOffsetCurve_0.cxx
+M Adaptor3d:pubinclude:Adaptor3d_SurfaceOfRevolution.hxx /dn43/OCCT/tmp/results_31.05.2011/occt/release-sources-20110531/inc/Adaptor3d_SurfaceOfRevolution.hxx
+M Adaptor3d:privinclude:Adaptor3d_SurfaceOfRevolution.jxx /dn43/OCCT/tmp/results_31.05.2011/occt/release-sources-20110531/drv/Adaptor3d/Adaptor3d_SurfaceOfRevolution.jxx
+M Adaptor3d:privinclude:Adaptor3d_SurfaceOfRevolution.ixx /dn43/OCCT/tmp/results_31.05.2011/occt/release-sources-20110531/drv/Adaptor3d/Adaptor3d_SurfaceOfRevolution.ixx
+M Adaptor3d:pubinclude:Handle_Adaptor3d_HSurfaceOfRevolution.hxx /dn43/OCCT/tmp/results_31.05.2011/occt/release-sources-20110531/inc/Handle_Adaptor3d_HSurfaceOfRevolution.hxx
+M Adaptor3d:pubinclude:Adaptor3d_HSurfaceOfRevolution.hxx /dn43/OCCT/tmp/results_31.05.2011/occt/release-sources-20110531/inc/Adaptor3d_HSurfaceOfRevolution.hxx
+M Adaptor3d:derivated:Adaptor3d_HSurfaceOfRevolution_0.cxx /dn43/OCCT/tmp/results_31.05.2011/occt/release-sources-20110531/drv/Adaptor3d/Adaptor3d_HSurfaceOfRevolution_0.cxx
+M Adaptor3d:pubinclude:Adaptor3d_SurfaceOfLinearExtrusion.hxx /dn43/OCCT/tmp/results_31.05.2011/occt/release-sources-20110531/inc/Adaptor3d_SurfaceOfLinearExtrusion.hxx
+M Adaptor3d:privinclude:Adaptor3d_SurfaceOfLinearExtrusion.jxx /dn43/OCCT/tmp/results_31.05.2011/occt/release-sources-20110531/drv/Adaptor3d/Adaptor3d_SurfaceOfLinearExtrusion.jxx
+M Adaptor3d:privinclude:Adaptor3d_SurfaceOfLinearExtrusion.ixx /dn43/OCCT/tmp/results_31.05.2011/occt/release-sources-20110531/drv/Adaptor3d/Adaptor3d_SurfaceOfLinearExtrusion.ixx
+M Adaptor3d:pubinclude:Handle_Adaptor3d_HSurfaceOfLinearExtrusion.hxx /dn43/OCCT/tmp/results_31.05.2011/occt/release-sources-20110531/inc/Handle_Adaptor3d_HSurfaceOfLinearExtrusion.hxx
+M Adaptor3d:pubinclude:Adaptor3d_HSurfaceOfLinearExtrusion.hxx /dn43/OCCT/tmp/results_31.05.2011/occt/release-sources-20110531/inc/Adaptor3d_HSurfaceOfLinearExtrusion.hxx
+M Adaptor3d:derivated:Adaptor3d_HSurfaceOfLinearExtrusion_0.cxx /dn43/OCCT/tmp/results_31.05.2011/occt/release-sources-20110531/drv/Adaptor3d/Adaptor3d_HSurfaceOfLinearExtrusion_0.cxx
+M Adaptor3d:pubinclude:Adaptor3d_InterFunc.hxx /dn43/OCCT/tmp/results_31.05.2011/occt/release-sources-20110531/inc/Adaptor3d_InterFunc.hxx
+M Adaptor3d:privinclude:Adaptor3d_InterFunc.jxx /dn43/OCCT/tmp/results_31.05.2011/occt/release-sources-20110531/drv/Adaptor3d/Adaptor3d_InterFunc.jxx
+M Adaptor3d:privinclude:Adaptor3d_InterFunc.ixx /dn43/OCCT/tmp/results_31.05.2011/occt/release-sources-20110531/drv/Adaptor3d/Adaptor3d_InterFunc.ixx
+M Adaptor3d:pubinclude:Adaptor3d_CurvePtr.hxx /dn43/OCCT/tmp/results_31.05.2011/occt/release-sources-20110531/inc/Adaptor3d_CurvePtr.hxx
+M Adaptor3d:pubinclude:Adaptor3d_SurfacePtr.hxx /dn43/OCCT/tmp/results_31.05.2011/occt/release-sources-20110531/inc/Adaptor3d_SurfacePtr.hxx
+M Adaptor3d:pubinclude:Adaptor3d_CurveOnSurfacePtr.hxx /dn43/OCCT/tmp/results_31.05.2011/occt/release-sources-20110531/inc/Adaptor3d_CurveOnSurfacePtr.hxx
+M Adaptor3d:dbadmfile:Adaptor3d_xcpp_header.In /dn43/OCCT/tmp/results_31.05.2011/occt/release-sources-20110531/drv/Adaptor3d/.adm/Adaptor3d_xcpp_header.In
+M Adaptor3d:dbadmfile:Adaptor3d_xcpp_header.Out /dn43/OCCT/tmp/results_31.05.2011/occt/release-sources-20110531/drv/Adaptor3d/.adm/Adaptor3d_xcpp_header.Out
+M Adaptor3d:dbadmfile:Adaptor3d_xcpp_header.Dep /dn43/OCCT/tmp/results_31.05.2011/occt/release-sources-20110531/drv/Adaptor3d/.adm/Adaptor3d_xcpp_header.Dep
