+M StdSelect:pubinclude:StdSelect.hxx /dn43/OCCT/tmp/results_30.09.2011/occt/release-sources-20110930/inc/StdSelect.hxx
+M StdSelect:privinclude:StdSelect.jxx /dn43/OCCT/tmp/results_30.09.2011/occt/release-sources-20110930/drv/StdSelect/StdSelect.jxx
+M StdSelect:privinclude:StdSelect.ixx /dn43/OCCT/tmp/results_30.09.2011/occt/release-sources-20110930/drv/StdSelect/StdSelect.ixx
+M StdSelect:pubinclude:Handle_StdSelect_ViewerSelector3d.hxx /dn43/OCCT/tmp/results_30.09.2011/occt/release-sources-20110930/inc/Handle_StdSelect_ViewerSelector3d.hxx
+M StdSelect:pubinclude:StdSelect_ViewerSelector3d.hxx /dn43/OCCT/tmp/results_30.09.2011/occt/release-sources-20110930/inc/StdSelect_ViewerSelector3d.hxx
+M StdSelect:privinclude:StdSelect_ViewerSelector3d.jxx /dn43/OCCT/tmp/results_30.09.2011/occt/release-sources-20110930/drv/StdSelect/StdSelect_ViewerSelector3d.jxx
+M StdSelect:privinclude:StdSelect_ViewerSelector3d.ixx /dn43/OCCT/tmp/results_30.09.2011/occt/release-sources-20110930/drv/StdSelect/StdSelect_ViewerSelector3d.ixx
+M StdSelect:pubinclude:Handle_StdSelect_ViewerSelector2d.hxx /dn43/OCCT/tmp/results_30.09.2011/occt/release-sources-20110930/inc/Handle_StdSelect_ViewerSelector2d.hxx
+M StdSelect:pubinclude:StdSelect_ViewerSelector2d.hxx /dn43/OCCT/tmp/results_30.09.2011/occt/release-sources-20110930/inc/StdSelect_ViewerSelector2d.hxx
+M StdSelect:privinclude:StdSelect_ViewerSelector2d.jxx /dn43/OCCT/tmp/results_30.09.2011/occt/release-sources-20110930/drv/StdSelect/StdSelect_ViewerSelector2d.jxx
+M StdSelect:privinclude:StdSelect_ViewerSelector2d.ixx /dn43/OCCT/tmp/results_30.09.2011/occt/release-sources-20110930/drv/StdSelect/StdSelect_ViewerSelector2d.ixx
+M StdSelect:pubinclude:StdSelect_BRepSelectionTool.hxx /dn43/OCCT/tmp/results_30.09.2011/occt/release-sources-20110930/inc/StdSelect_BRepSelectionTool.hxx
+M StdSelect:privinclude:StdSelect_BRepSelectionTool.jxx /dn43/OCCT/tmp/results_30.09.2011/occt/release-sources-20110930/drv/StdSelect/StdSelect_BRepSelectionTool.jxx
+M StdSelect:privinclude:StdSelect_BRepSelectionTool.ixx /dn43/OCCT/tmp/results_30.09.2011/occt/release-sources-20110930/drv/StdSelect/StdSelect_BRepSelectionTool.ixx
+M StdSelect:pubinclude:Handle_StdSelect_BRepOwner.hxx /dn43/OCCT/tmp/results_30.09.2011/occt/release-sources-20110930/inc/Handle_StdSelect_BRepOwner.hxx
+M StdSelect:pubinclude:StdSelect_BRepOwner.hxx /dn43/OCCT/tmp/results_30.09.2011/occt/release-sources-20110930/inc/StdSelect_BRepOwner.hxx
+M StdSelect:privinclude:StdSelect_BRepOwner.jxx /dn43/OCCT/tmp/results_30.09.2011/occt/release-sources-20110930/drv/StdSelect/StdSelect_BRepOwner.jxx
+M StdSelect:privinclude:StdSelect_BRepOwner.ixx /dn43/OCCT/tmp/results_30.09.2011/occt/release-sources-20110930/drv/StdSelect/StdSelect_BRepOwner.ixx
+M StdSelect:pubinclude:StdSelect_BRepHilighter.hxx /dn43/OCCT/tmp/results_30.09.2011/occt/release-sources-20110930/inc/StdSelect_BRepHilighter.hxx
+M StdSelect:privinclude:StdSelect_BRepHilighter.jxx /dn43/OCCT/tmp/results_30.09.2011/occt/release-sources-20110930/drv/StdSelect/StdSelect_BRepHilighter.jxx
+M StdSelect:privinclude:StdSelect_BRepHilighter.ixx /dn43/OCCT/tmp/results_30.09.2011/occt/release-sources-20110930/drv/StdSelect/StdSelect_BRepHilighter.ixx
+M StdSelect:pubinclude:Handle_StdSelect_SensitiveText2d.hxx /dn43/OCCT/tmp/results_30.09.2011/occt/release-sources-20110930/inc/Handle_StdSelect_SensitiveText2d.hxx
+M StdSelect:pubinclude:StdSelect_SensitiveText2d.hxx /dn43/OCCT/tmp/results_30.09.2011/occt/release-sources-20110930/inc/StdSelect_SensitiveText2d.hxx
+M StdSelect:privinclude:StdSelect_SensitiveText2d.jxx /dn43/OCCT/tmp/results_30.09.2011/occt/release-sources-20110930/drv/StdSelect/StdSelect_SensitiveText2d.jxx
+M StdSelect:privinclude:StdSelect_SensitiveText2d.ixx /dn43/OCCT/tmp/results_30.09.2011/occt/release-sources-20110930/drv/StdSelect/StdSelect_SensitiveText2d.ixx
+M StdSelect:pubinclude:Handle_StdSelect_TextProjector2d.hxx /dn43/OCCT/tmp/results_30.09.2011/occt/release-sources-20110930/inc/Handle_StdSelect_TextProjector2d.hxx
+M StdSelect:pubinclude:StdSelect_TextProjector2d.hxx /dn43/OCCT/tmp/results_30.09.2011/occt/release-sources-20110930/inc/StdSelect_TextProjector2d.hxx
+M StdSelect:privinclude:StdSelect_TextProjector2d.jxx /dn43/OCCT/tmp/results_30.09.2011/occt/release-sources-20110930/drv/StdSelect/StdSelect_TextProjector2d.jxx
+M StdSelect:privinclude:StdSelect_TextProjector2d.ixx /dn43/OCCT/tmp/results_30.09.2011/occt/release-sources-20110930/drv/StdSelect/StdSelect_TextProjector2d.ixx
+M StdSelect:pubinclude:Handle_StdSelect_EdgeFilter.hxx /dn43/OCCT/tmp/results_30.09.2011/occt/release-sources-20110930/inc/Handle_StdSelect_EdgeFilter.hxx
+M StdSelect:pubinclude:StdSelect_EdgeFilter.hxx /dn43/OCCT/tmp/results_30.09.2011/occt/release-sources-20110930/inc/StdSelect_EdgeFilter.hxx
+M StdSelect:privinclude:StdSelect_EdgeFilter.jxx /dn43/OCCT/tmp/results_30.09.2011/occt/release-sources-20110930/drv/StdSelect/StdSelect_EdgeFilter.jxx
+M StdSelect:privinclude:StdSelect_EdgeFilter.ixx /dn43/OCCT/tmp/results_30.09.2011/occt/release-sources-20110930/drv/StdSelect/StdSelect_EdgeFilter.ixx
+M StdSelect:pubinclude:Handle_StdSelect_FaceFilter.hxx /dn43/OCCT/tmp/results_30.09.2011/occt/release-sources-20110930/inc/Handle_StdSelect_FaceFilter.hxx
+M StdSelect:pubinclude:StdSelect_FaceFilter.hxx /dn43/OCCT/tmp/results_30.09.2011/occt/release-sources-20110930/inc/StdSelect_FaceFilter.hxx
+M StdSelect:privinclude:StdSelect_FaceFilter.jxx /dn43/OCCT/tmp/results_30.09.2011/occt/release-sources-20110930/drv/StdSelect/StdSelect_FaceFilter.jxx
+M StdSelect:privinclude:StdSelect_FaceFilter.ixx /dn43/OCCT/tmp/results_30.09.2011/occt/release-sources-20110930/drv/StdSelect/StdSelect_FaceFilter.ixx
+M StdSelect:pubinclude:Handle_StdSelect_ShapeTypeFilter.hxx /dn43/OCCT/tmp/results_30.09.2011/occt/release-sources-20110930/inc/Handle_StdSelect_ShapeTypeFilter.hxx
+M StdSelect:pubinclude:StdSelect_ShapeTypeFilter.hxx /dn43/OCCT/tmp/results_30.09.2011/occt/release-sources-20110930/inc/StdSelect_ShapeTypeFilter.hxx
+M StdSelect:privinclude:StdSelect_ShapeTypeFilter.jxx /dn43/OCCT/tmp/results_30.09.2011/occt/release-sources-20110930/drv/StdSelect/StdSelect_ShapeTypeFilter.jxx
+M StdSelect:privinclude:StdSelect_ShapeTypeFilter.ixx /dn43/OCCT/tmp/results_30.09.2011/occt/release-sources-20110930/drv/StdSelect/StdSelect_ShapeTypeFilter.ixx
+M StdSelect:pubinclude:Handle_StdSelect_Prs.hxx /dn43/OCCT/tmp/results_30.09.2011/occt/release-sources-20110930/inc/Handle_StdSelect_Prs.hxx
+M StdSelect:pubinclude:StdSelect_Prs.hxx /dn43/OCCT/tmp/results_30.09.2011/occt/release-sources-20110930/inc/StdSelect_Prs.hxx
+M StdSelect:privinclude:StdSelect_Prs.jxx /dn43/OCCT/tmp/results_30.09.2011/occt/release-sources-20110930/drv/StdSelect/StdSelect_Prs.jxx
+M StdSelect:privinclude:StdSelect_Prs.ixx /dn43/OCCT/tmp/results_30.09.2011/occt/release-sources-20110930/drv/StdSelect/StdSelect_Prs.ixx
+M StdSelect:pubinclude:Handle_StdSelect_Shape.hxx /dn43/OCCT/tmp/results_30.09.2011/occt/release-sources-20110930/inc/Handle_StdSelect_Shape.hxx
+M StdSelect:pubinclude:StdSelect_Shape.hxx /dn43/OCCT/tmp/results_30.09.2011/occt/release-sources-20110930/inc/StdSelect_Shape.hxx
+M StdSelect:privinclude:StdSelect_Shape.jxx /dn43/OCCT/tmp/results_30.09.2011/occt/release-sources-20110930/drv/StdSelect/StdSelect_Shape.jxx
+M StdSelect:privinclude:StdSelect_Shape.ixx /dn43/OCCT/tmp/results_30.09.2011/occt/release-sources-20110930/drv/StdSelect/StdSelect_Shape.ixx
+M StdSelect:pubinclude:StdSelect_IndexedDataMapOfOwnerPrs.hxx /dn43/OCCT/tmp/results_30.09.2011/occt/release-sources-20110930/inc/StdSelect_IndexedDataMapOfOwnerPrs.hxx
+M StdSelect:derivated:StdSelect_IndexedDataMapOfOwnerPrs_0.cxx /dn43/OCCT/tmp/results_30.09.2011/occt/release-sources-20110930/drv/StdSelect/StdSelect_IndexedDataMapOfOwnerPrs_0.cxx
+M StdSelect:pubinclude:Handle_StdSelect_IndexedDataMapNodeOfIndexedDataMapOfOwnerPrs.hxx /dn43/OCCT/tmp/results_30.09.2011/occt/release-sources-20110930/inc/Handle_StdSelect_IndexedDataMapNodeOfIndexedDataMapOfOwnerPrs.hxx
+M StdSelect:pubinclude:StdSelect_IndexedDataMapNodeOfIndexedDataMapOfOwnerPrs.hxx /dn43/OCCT/tmp/results_30.09.2011/occt/release-sources-20110930/inc/StdSelect_IndexedDataMapNodeOfIndexedDataMapOfOwnerPrs.hxx
+M StdSelect:derivated:StdSelect_IndexedDataMapNodeOfIndexedDataMapOfOwnerPrs_0.cxx /dn43/OCCT/tmp/results_30.09.2011/occt/release-sources-20110930/drv/StdSelect/StdSelect_IndexedDataMapNodeOfIndexedDataMapOfOwnerPrs_0.cxx
+M StdSelect:pubinclude:StdSelect_TypeOfResult.hxx /dn43/OCCT/tmp/results_30.09.2011/occt/release-sources-20110930/inc/StdSelect_TypeOfResult.hxx
+M StdSelect:pubinclude:StdSelect_DisplayMode.hxx /dn43/OCCT/tmp/results_30.09.2011/occt/release-sources-20110930/inc/StdSelect_DisplayMode.hxx
+M StdSelect:pubinclude:StdSelect_TypeOfFace.hxx /dn43/OCCT/tmp/results_30.09.2011/occt/release-sources-20110930/inc/StdSelect_TypeOfFace.hxx
+M StdSelect:pubinclude:StdSelect_TypeOfEdge.hxx /dn43/OCCT/tmp/results_30.09.2011/occt/release-sources-20110930/inc/StdSelect_TypeOfEdge.hxx
+M StdSelect:dbadmfile:StdSelect_xcpp_header.In /dn43/OCCT/tmp/results_30.09.2011/occt/release-sources-20110930/drv/StdSelect/.adm/StdSelect_xcpp_header.In
+M StdSelect:dbadmfile:StdSelect_xcpp_header.Out /dn43/OCCT/tmp/results_30.09.2011/occt/release-sources-20110930/drv/StdSelect/.adm/StdSelect_xcpp_header.Out
+M StdSelect:dbadmfile:StdSelect_xcpp_header.Dep /dn43/OCCT/tmp/results_30.09.2011/occt/release-sources-20110930/drv/StdSelect/.adm/StdSelect_xcpp_header.Dep
