+M Vrml:pubinclude:Vrml.hxx /dn43/OCCT/tmp/results_31.05.2011/occt/release-sources-20110531/inc/Vrml.hxx
+M Vrml:privinclude:Vrml.jxx /dn43/OCCT/tmp/results_31.05.2011/occt/release-sources-20110531/drv/Vrml/Vrml.jxx
+M Vrml:privinclude:Vrml.ixx /dn43/OCCT/tmp/results_31.05.2011/occt/release-sources-20110531/drv/Vrml/Vrml.ixx
+M Vrml:pubinclude:Handle_Vrml_SFImage.hxx /dn43/OCCT/tmp/results_31.05.2011/occt/release-sources-20110531/inc/Handle_Vrml_SFImage.hxx
+M Vrml:pubinclude:Vrml_SFImage.hxx /dn43/OCCT/tmp/results_31.05.2011/occt/release-sources-20110531/inc/Vrml_SFImage.hxx
+M Vrml:privinclude:Vrml_SFImage.jxx /dn43/OCCT/tmp/results_31.05.2011/occt/release-sources-20110531/drv/Vrml/Vrml_SFImage.jxx
+M Vrml:privinclude:Vrml_SFImage.ixx /dn43/OCCT/tmp/results_31.05.2011/occt/release-sources-20110531/drv/Vrml/Vrml_SFImage.ixx
+M Vrml:pubinclude:Vrml_SFRotation.hxx /dn43/OCCT/tmp/results_31.05.2011/occt/release-sources-20110531/inc/Vrml_SFRotation.hxx
+M Vrml:privinclude:Vrml_SFRotation.jxx /dn43/OCCT/tmp/results_31.05.2011/occt/release-sources-20110531/drv/Vrml/Vrml_SFRotation.jxx
+M Vrml:privinclude:Vrml_SFRotation.ixx /dn43/OCCT/tmp/results_31.05.2011/occt/release-sources-20110531/drv/Vrml/Vrml_SFRotation.ixx
+M Vrml:pubinclude:Handle_Vrml_AsciiText.hxx /dn43/OCCT/tmp/results_31.05.2011/occt/release-sources-20110531/inc/Handle_Vrml_AsciiText.hxx
+M Vrml:pubinclude:Vrml_AsciiText.hxx /dn43/OCCT/tmp/results_31.05.2011/occt/release-sources-20110531/inc/Vrml_AsciiText.hxx
+M Vrml:privinclude:Vrml_AsciiText.jxx /dn43/OCCT/tmp/results_31.05.2011/occt/release-sources-20110531/drv/Vrml/Vrml_AsciiText.jxx
+M Vrml:privinclude:Vrml_AsciiText.ixx /dn43/OCCT/tmp/results_31.05.2011/occt/release-sources-20110531/drv/Vrml/Vrml_AsciiText.ixx
+M Vrml:pubinclude:Vrml_Cone.hxx /dn43/OCCT/tmp/results_31.05.2011/occt/release-sources-20110531/inc/Vrml_Cone.hxx
+M Vrml:privinclude:Vrml_Cone.jxx /dn43/OCCT/tmp/results_31.05.2011/occt/release-sources-20110531/drv/Vrml/Vrml_Cone.jxx
+M Vrml:privinclude:Vrml_Cone.ixx /dn43/OCCT/tmp/results_31.05.2011/occt/release-sources-20110531/drv/Vrml/Vrml_Cone.ixx
+M Vrml:pubinclude:Vrml_Cube.hxx /dn43/OCCT/tmp/results_31.05.2011/occt/release-sources-20110531/inc/Vrml_Cube.hxx
+M Vrml:privinclude:Vrml_Cube.jxx /dn43/OCCT/tmp/results_31.05.2011/occt/release-sources-20110531/drv/Vrml/Vrml_Cube.jxx
+M Vrml:privinclude:Vrml_Cube.ixx /dn43/OCCT/tmp/results_31.05.2011/occt/release-sources-20110531/drv/Vrml/Vrml_Cube.ixx
+M Vrml:pubinclude:Vrml_Cylinder.hxx /dn43/OCCT/tmp/results_31.05.2011/occt/release-sources-20110531/inc/Vrml_Cylinder.hxx
+M Vrml:privinclude:Vrml_Cylinder.jxx /dn43/OCCT/tmp/results_31.05.2011/occt/release-sources-20110531/drv/Vrml/Vrml_Cylinder.jxx
+M Vrml:privinclude:Vrml_Cylinder.ixx /dn43/OCCT/tmp/results_31.05.2011/occt/release-sources-20110531/drv/Vrml/Vrml_Cylinder.ixx
+M Vrml:pubinclude:Handle_Vrml_IndexedFaceSet.hxx /dn43/OCCT/tmp/results_31.05.2011/occt/release-sources-20110531/inc/Handle_Vrml_IndexedFaceSet.hxx
+M Vrml:pubinclude:Vrml_IndexedFaceSet.hxx /dn43/OCCT/tmp/results_31.05.2011/occt/release-sources-20110531/inc/Vrml_IndexedFaceSet.hxx
+M Vrml:privinclude:Vrml_IndexedFaceSet.jxx /dn43/OCCT/tmp/results_31.05.2011/occt/release-sources-20110531/drv/Vrml/Vrml_IndexedFaceSet.jxx
+M Vrml:privinclude:Vrml_IndexedFaceSet.ixx /dn43/OCCT/tmp/results_31.05.2011/occt/release-sources-20110531/drv/Vrml/Vrml_IndexedFaceSet.ixx
+M Vrml:pubinclude:Handle_Vrml_IndexedLineSet.hxx /dn43/OCCT/tmp/results_31.05.2011/occt/release-sources-20110531/inc/Handle_Vrml_IndexedLineSet.hxx
+M Vrml:pubinclude:Vrml_IndexedLineSet.hxx /dn43/OCCT/tmp/results_31.05.2011/occt/release-sources-20110531/inc/Vrml_IndexedLineSet.hxx
+M Vrml:privinclude:Vrml_IndexedLineSet.jxx /dn43/OCCT/tmp/results_31.05.2011/occt/release-sources-20110531/drv/Vrml/Vrml_IndexedLineSet.jxx
+M Vrml:privinclude:Vrml_IndexedLineSet.ixx /dn43/OCCT/tmp/results_31.05.2011/occt/release-sources-20110531/drv/Vrml/Vrml_IndexedLineSet.ixx
+M Vrml:pubinclude:Vrml_PointSet.hxx /dn43/OCCT/tmp/results_31.05.2011/occt/release-sources-20110531/inc/Vrml_PointSet.hxx
+M Vrml:privinclude:Vrml_PointSet.jxx /dn43/OCCT/tmp/results_31.05.2011/occt/release-sources-20110531/drv/Vrml/Vrml_PointSet.jxx
+M Vrml:privinclude:Vrml_PointSet.ixx /dn43/OCCT/tmp/results_31.05.2011/occt/release-sources-20110531/drv/Vrml/Vrml_PointSet.ixx
+M Vrml:pubinclude:Vrml_Sphere.hxx /dn43/OCCT/tmp/results_31.05.2011/occt/release-sources-20110531/inc/Vrml_Sphere.hxx
+M Vrml:privinclude:Vrml_Sphere.jxx /dn43/OCCT/tmp/results_31.05.2011/occt/release-sources-20110531/drv/Vrml/Vrml_Sphere.jxx
+M Vrml:privinclude:Vrml_Sphere.ixx /dn43/OCCT/tmp/results_31.05.2011/occt/release-sources-20110531/drv/Vrml/Vrml_Sphere.ixx
+M Vrml:pubinclude:Handle_Vrml_Coordinate3.hxx /dn43/OCCT/tmp/results_31.05.2011/occt/release-sources-20110531/inc/Handle_Vrml_Coordinate3.hxx
+M Vrml:pubinclude:Vrml_Coordinate3.hxx /dn43/OCCT/tmp/results_31.05.2011/occt/release-sources-20110531/inc/Vrml_Coordinate3.hxx
+M Vrml:privinclude:Vrml_Coordinate3.jxx /dn43/OCCT/tmp/results_31.05.2011/occt/release-sources-20110531/drv/Vrml/Vrml_Coordinate3.jxx
+M Vrml:privinclude:Vrml_Coordinate3.ixx /dn43/OCCT/tmp/results_31.05.2011/occt/release-sources-20110531/drv/Vrml/Vrml_Coordinate3.ixx
+M Vrml:pubinclude:Vrml_FontStyle.hxx /dn43/OCCT/tmp/results_31.05.2011/occt/release-sources-20110531/inc/Vrml_FontStyle.hxx
+M Vrml:privinclude:Vrml_FontStyle.jxx /dn43/OCCT/tmp/results_31.05.2011/occt/release-sources-20110531/drv/Vrml/Vrml_FontStyle.jxx
+M Vrml:privinclude:Vrml_FontStyle.ixx /dn43/OCCT/tmp/results_31.05.2011/occt/release-sources-20110531/drv/Vrml/Vrml_FontStyle.ixx
+M Vrml:pubinclude:Vrml_Info.hxx /dn43/OCCT/tmp/results_31.05.2011/occt/release-sources-20110531/inc/Vrml_Info.hxx
+M Vrml:privinclude:Vrml_Info.jxx /dn43/OCCT/tmp/results_31.05.2011/occt/release-sources-20110531/drv/Vrml/Vrml_Info.jxx
+M Vrml:privinclude:Vrml_Info.ixx /dn43/OCCT/tmp/results_31.05.2011/occt/release-sources-20110531/drv/Vrml/Vrml_Info.ixx
+M Vrml:pubinclude:Handle_Vrml_LOD.hxx /dn43/OCCT/tmp/results_31.05.2011/occt/release-sources-20110531/inc/Handle_Vrml_LOD.hxx
+M Vrml:pubinclude:Vrml_LOD.hxx /dn43/OCCT/tmp/results_31.05.2011/occt/release-sources-20110531/inc/Vrml_LOD.hxx
+M Vrml:privinclude:Vrml_LOD.jxx /dn43/OCCT/tmp/results_31.05.2011/occt/release-sources-20110531/drv/Vrml/Vrml_LOD.jxx
+M Vrml:privinclude:Vrml_LOD.ixx /dn43/OCCT/tmp/results_31.05.2011/occt/release-sources-20110531/drv/Vrml/Vrml_LOD.ixx
+M Vrml:pubinclude:Handle_Vrml_Material.hxx /dn43/OCCT/tmp/results_31.05.2011/occt/release-sources-20110531/inc/Handle_Vrml_Material.hxx
+M Vrml:pubinclude:Vrml_Material.hxx /dn43/OCCT/tmp/results_31.05.2011/occt/release-sources-20110531/inc/Vrml_Material.hxx
+M Vrml:privinclude:Vrml_Material.jxx /dn43/OCCT/tmp/results_31.05.2011/occt/release-sources-20110531/drv/Vrml/Vrml_Material.jxx
+M Vrml:privinclude:Vrml_Material.ixx /dn43/OCCT/tmp/results_31.05.2011/occt/release-sources-20110531/drv/Vrml/Vrml_Material.ixx
+M Vrml:pubinclude:Vrml_MaterialBinding.hxx /dn43/OCCT/tmp/results_31.05.2011/occt/release-sources-20110531/inc/Vrml_MaterialBinding.hxx
+M Vrml:privinclude:Vrml_MaterialBinding.jxx /dn43/OCCT/tmp/results_31.05.2011/occt/release-sources-20110531/drv/Vrml/Vrml_MaterialBinding.jxx
+M Vrml:privinclude:Vrml_MaterialBinding.ixx /dn43/OCCT/tmp/results_31.05.2011/occt/release-sources-20110531/drv/Vrml/Vrml_MaterialBinding.ixx
+M Vrml:pubinclude:Handle_Vrml_Normal.hxx /dn43/OCCT/tmp/results_31.05.2011/occt/release-sources-20110531/inc/Handle_Vrml_Normal.hxx
+M Vrml:pubinclude:Vrml_Normal.hxx /dn43/OCCT/tmp/results_31.05.2011/occt/release-sources-20110531/inc/Vrml_Normal.hxx
+M Vrml:privinclude:Vrml_Normal.jxx /dn43/OCCT/tmp/results_31.05.2011/occt/release-sources-20110531/drv/Vrml/Vrml_Normal.jxx
+M Vrml:privinclude:Vrml_Normal.ixx /dn43/OCCT/tmp/results_31.05.2011/occt/release-sources-20110531/drv/Vrml/Vrml_Normal.ixx
+M Vrml:pubinclude:Vrml_NormalBinding.hxx /dn43/OCCT/tmp/results_31.05.2011/occt/release-sources-20110531/inc/Vrml_NormalBinding.hxx
+M Vrml:privinclude:Vrml_NormalBinding.jxx /dn43/OCCT/tmp/results_31.05.2011/occt/release-sources-20110531/drv/Vrml/Vrml_NormalBinding.jxx
+M Vrml:privinclude:Vrml_NormalBinding.ixx /dn43/OCCT/tmp/results_31.05.2011/occt/release-sources-20110531/drv/Vrml/Vrml_NormalBinding.ixx
+M Vrml:pubinclude:Vrml_Texture2.hxx /dn43/OCCT/tmp/results_31.05.2011/occt/release-sources-20110531/inc/Vrml_Texture2.hxx
+M Vrml:privinclude:Vrml_Texture2.jxx /dn43/OCCT/tmp/results_31.05.2011/occt/release-sources-20110531/drv/Vrml/Vrml_Texture2.jxx
+M Vrml:privinclude:Vrml_Texture2.ixx /dn43/OCCT/tmp/results_31.05.2011/occt/release-sources-20110531/drv/Vrml/Vrml_Texture2.ixx
+M Vrml:pubinclude:Vrml_Texture2Transform.hxx /dn43/OCCT/tmp/results_31.05.2011/occt/release-sources-20110531/inc/Vrml_Texture2Transform.hxx
+M Vrml:privinclude:Vrml_Texture2Transform.jxx /dn43/OCCT/tmp/results_31.05.2011/occt/release-sources-20110531/drv/Vrml/Vrml_Texture2Transform.jxx
+M Vrml:privinclude:Vrml_Texture2Transform.ixx /dn43/OCCT/tmp/results_31.05.2011/occt/release-sources-20110531/drv/Vrml/Vrml_Texture2Transform.ixx
+M Vrml:pubinclude:Handle_Vrml_TextureCoordinate2.hxx /dn43/OCCT/tmp/results_31.05.2011/occt/release-sources-20110531/inc/Handle_Vrml_TextureCoordinate2.hxx
+M Vrml:pubinclude:Vrml_TextureCoordinate2.hxx /dn43/OCCT/tmp/results_31.05.2011/occt/release-sources-20110531/inc/Vrml_TextureCoordinate2.hxx
+M Vrml:privinclude:Vrml_TextureCoordinate2.jxx /dn43/OCCT/tmp/results_31.05.2011/occt/release-sources-20110531/drv/Vrml/Vrml_TextureCoordinate2.jxx
+M Vrml:privinclude:Vrml_TextureCoordinate2.ixx /dn43/OCCT/tmp/results_31.05.2011/occt/release-sources-20110531/drv/Vrml/Vrml_TextureCoordinate2.ixx
+M Vrml:pubinclude:Vrml_ShapeHints.hxx /dn43/OCCT/tmp/results_31.05.2011/occt/release-sources-20110531/inc/Vrml_ShapeHints.hxx
+M Vrml:privinclude:Vrml_ShapeHints.jxx /dn43/OCCT/tmp/results_31.05.2011/occt/release-sources-20110531/drv/Vrml/Vrml_ShapeHints.jxx
+M Vrml:privinclude:Vrml_ShapeHints.ixx /dn43/OCCT/tmp/results_31.05.2011/occt/release-sources-20110531/drv/Vrml/Vrml_ShapeHints.ixx
+M Vrml:pubinclude:Vrml_MatrixTransform.hxx /dn43/OCCT/tmp/results_31.05.2011/occt/release-sources-20110531/inc/Vrml_MatrixTransform.hxx
+M Vrml:privinclude:Vrml_MatrixTransform.jxx /dn43/OCCT/tmp/results_31.05.2011/occt/release-sources-20110531/drv/Vrml/Vrml_MatrixTransform.jxx
+M Vrml:privinclude:Vrml_MatrixTransform.ixx /dn43/OCCT/tmp/results_31.05.2011/occt/release-sources-20110531/drv/Vrml/Vrml_MatrixTransform.ixx
+M Vrml:pubinclude:Vrml_Rotation.hxx /dn43/OCCT/tmp/results_31.05.2011/occt/release-sources-20110531/inc/Vrml_Rotation.hxx
+M Vrml:privinclude:Vrml_Rotation.jxx /dn43/OCCT/tmp/results_31.05.2011/occt/release-sources-20110531/drv/Vrml/Vrml_Rotation.jxx
+M Vrml:privinclude:Vrml_Rotation.ixx /dn43/OCCT/tmp/results_31.05.2011/occt/release-sources-20110531/drv/Vrml/Vrml_Rotation.ixx
+M Vrml:pubinclude:Vrml_Scale.hxx /dn43/OCCT/tmp/results_31.05.2011/occt/release-sources-20110531/inc/Vrml_Scale.hxx
+M Vrml:privinclude:Vrml_Scale.jxx /dn43/OCCT/tmp/results_31.05.2011/occt/release-sources-20110531/drv/Vrml/Vrml_Scale.jxx
+M Vrml:privinclude:Vrml_Scale.ixx /dn43/OCCT/tmp/results_31.05.2011/occt/release-sources-20110531/drv/Vrml/Vrml_Scale.ixx
+M Vrml:pubinclude:Vrml_Transform.hxx /dn43/OCCT/tmp/results_31.05.2011/occt/release-sources-20110531/inc/Vrml_Transform.hxx
+M Vrml:privinclude:Vrml_Transform.jxx /dn43/OCCT/tmp/results_31.05.2011/occt/release-sources-20110531/drv/Vrml/Vrml_Transform.jxx
+M Vrml:privinclude:Vrml_Transform.ixx /dn43/OCCT/tmp/results_31.05.2011/occt/release-sources-20110531/drv/Vrml/Vrml_Transform.ixx
+M Vrml:pubinclude:Vrml_Translation.hxx /dn43/OCCT/tmp/results_31.05.2011/occt/release-sources-20110531/inc/Vrml_Translation.hxx
+M Vrml:privinclude:Vrml_Translation.jxx /dn43/OCCT/tmp/results_31.05.2011/occt/release-sources-20110531/drv/Vrml/Vrml_Translation.jxx
+M Vrml:privinclude:Vrml_Translation.ixx /dn43/OCCT/tmp/results_31.05.2011/occt/release-sources-20110531/drv/Vrml/Vrml_Translation.ixx
+M Vrml:pubinclude:Vrml_OrthographicCamera.hxx /dn43/OCCT/tmp/results_31.05.2011/occt/release-sources-20110531/inc/Vrml_OrthographicCamera.hxx
+M Vrml:privinclude:Vrml_OrthographicCamera.jxx /dn43/OCCT/tmp/results_31.05.2011/occt/release-sources-20110531/drv/Vrml/Vrml_OrthographicCamera.jxx
+M Vrml:privinclude:Vrml_OrthographicCamera.ixx /dn43/OCCT/tmp/results_31.05.2011/occt/release-sources-20110531/drv/Vrml/Vrml_OrthographicCamera.ixx
+M Vrml:pubinclude:Vrml_PerspectiveCamera.hxx /dn43/OCCT/tmp/results_31.05.2011/occt/release-sources-20110531/inc/Vrml_PerspectiveCamera.hxx
+M Vrml:privinclude:Vrml_PerspectiveCamera.jxx /dn43/OCCT/tmp/results_31.05.2011/occt/release-sources-20110531/drv/Vrml/Vrml_PerspectiveCamera.jxx
+M Vrml:privinclude:Vrml_PerspectiveCamera.ixx /dn43/OCCT/tmp/results_31.05.2011/occt/release-sources-20110531/drv/Vrml/Vrml_PerspectiveCamera.ixx
+M Vrml:pubinclude:Vrml_DirectionalLight.hxx /dn43/OCCT/tmp/results_31.05.2011/occt/release-sources-20110531/inc/Vrml_DirectionalLight.hxx
+M Vrml:privinclude:Vrml_DirectionalLight.jxx /dn43/OCCT/tmp/results_31.05.2011/occt/release-sources-20110531/drv/Vrml/Vrml_DirectionalLight.jxx
+M Vrml:privinclude:Vrml_DirectionalLight.ixx /dn43/OCCT/tmp/results_31.05.2011/occt/release-sources-20110531/drv/Vrml/Vrml_DirectionalLight.ixx
+M Vrml:pubinclude:Vrml_PointLight.hxx /dn43/OCCT/tmp/results_31.05.2011/occt/release-sources-20110531/inc/Vrml_PointLight.hxx
+M Vrml:privinclude:Vrml_PointLight.jxx /dn43/OCCT/tmp/results_31.05.2011/occt/release-sources-20110531/drv/Vrml/Vrml_PointLight.jxx
+M Vrml:privinclude:Vrml_PointLight.ixx /dn43/OCCT/tmp/results_31.05.2011/occt/release-sources-20110531/drv/Vrml/Vrml_PointLight.ixx
+M Vrml:pubinclude:Vrml_SpotLight.hxx /dn43/OCCT/tmp/results_31.05.2011/occt/release-sources-20110531/inc/Vrml_SpotLight.hxx
+M Vrml:privinclude:Vrml_SpotLight.jxx /dn43/OCCT/tmp/results_31.05.2011/occt/release-sources-20110531/drv/Vrml/Vrml_SpotLight.jxx
+M Vrml:privinclude:Vrml_SpotLight.ixx /dn43/OCCT/tmp/results_31.05.2011/occt/release-sources-20110531/drv/Vrml/Vrml_SpotLight.ixx
+M Vrml:pubinclude:Vrml_Group.hxx /dn43/OCCT/tmp/results_31.05.2011/occt/release-sources-20110531/inc/Vrml_Group.hxx
+M Vrml:privinclude:Vrml_Group.jxx /dn43/OCCT/tmp/results_31.05.2011/occt/release-sources-20110531/drv/Vrml/Vrml_Group.jxx
+M Vrml:privinclude:Vrml_Group.ixx /dn43/OCCT/tmp/results_31.05.2011/occt/release-sources-20110531/drv/Vrml/Vrml_Group.ixx
+M Vrml:pubinclude:Vrml_Separator.hxx /dn43/OCCT/tmp/results_31.05.2011/occt/release-sources-20110531/inc/Vrml_Separator.hxx
+M Vrml:privinclude:Vrml_Separator.jxx /dn43/OCCT/tmp/results_31.05.2011/occt/release-sources-20110531/drv/Vrml/Vrml_Separator.jxx
+M Vrml:privinclude:Vrml_Separator.ixx /dn43/OCCT/tmp/results_31.05.2011/occt/release-sources-20110531/drv/Vrml/Vrml_Separator.ixx
+M Vrml:pubinclude:Vrml_Switch.hxx /dn43/OCCT/tmp/results_31.05.2011/occt/release-sources-20110531/inc/Vrml_Switch.hxx
+M Vrml:privinclude:Vrml_Switch.jxx /dn43/OCCT/tmp/results_31.05.2011/occt/release-sources-20110531/drv/Vrml/Vrml_Switch.jxx
+M Vrml:privinclude:Vrml_Switch.ixx /dn43/OCCT/tmp/results_31.05.2011/occt/release-sources-20110531/drv/Vrml/Vrml_Switch.ixx
+M Vrml:pubinclude:Vrml_TransformSeparator.hxx /dn43/OCCT/tmp/results_31.05.2011/occt/release-sources-20110531/inc/Vrml_TransformSeparator.hxx
+M Vrml:privinclude:Vrml_TransformSeparator.jxx /dn43/OCCT/tmp/results_31.05.2011/occt/release-sources-20110531/drv/Vrml/Vrml_TransformSeparator.jxx
+M Vrml:privinclude:Vrml_TransformSeparator.ixx /dn43/OCCT/tmp/results_31.05.2011/occt/release-sources-20110531/drv/Vrml/Vrml_TransformSeparator.ixx
+M Vrml:pubinclude:Vrml_WWWAnchor.hxx /dn43/OCCT/tmp/results_31.05.2011/occt/release-sources-20110531/inc/Vrml_WWWAnchor.hxx
+M Vrml:privinclude:Vrml_WWWAnchor.jxx /dn43/OCCT/tmp/results_31.05.2011/occt/release-sources-20110531/drv/Vrml/Vrml_WWWAnchor.jxx
+M Vrml:privinclude:Vrml_WWWAnchor.ixx /dn43/OCCT/tmp/results_31.05.2011/occt/release-sources-20110531/drv/Vrml/Vrml_WWWAnchor.ixx
+M Vrml:pubinclude:Vrml_WWWInline.hxx /dn43/OCCT/tmp/results_31.05.2011/occt/release-sources-20110531/inc/Vrml_WWWInline.hxx
+M Vrml:privinclude:Vrml_WWWInline.jxx /dn43/OCCT/tmp/results_31.05.2011/occt/release-sources-20110531/drv/Vrml/Vrml_WWWInline.jxx
+M Vrml:privinclude:Vrml_WWWInline.ixx /dn43/OCCT/tmp/results_31.05.2011/occt/release-sources-20110531/drv/Vrml/Vrml_WWWInline.ixx
+M Vrml:pubinclude:Vrml_Instancing.hxx /dn43/OCCT/tmp/results_31.05.2011/occt/release-sources-20110531/inc/Vrml_Instancing.hxx
+M Vrml:privinclude:Vrml_Instancing.jxx /dn43/OCCT/tmp/results_31.05.2011/occt/release-sources-20110531/drv/Vrml/Vrml_Instancing.jxx
+M Vrml:privinclude:Vrml_Instancing.ixx /dn43/OCCT/tmp/results_31.05.2011/occt/release-sources-20110531/drv/Vrml/Vrml_Instancing.ixx
+M Vrml:pubinclude:Vrml_SFImageNumber.hxx /dn43/OCCT/tmp/results_31.05.2011/occt/release-sources-20110531/inc/Vrml_SFImageNumber.hxx
+M Vrml:pubinclude:Vrml_ConeParts.hxx /dn43/OCCT/tmp/results_31.05.2011/occt/release-sources-20110531/inc/Vrml_ConeParts.hxx
+M Vrml:pubinclude:Vrml_AsciiTextJustification.hxx /dn43/OCCT/tmp/results_31.05.2011/occt/release-sources-20110531/inc/Vrml_AsciiTextJustification.hxx
+M Vrml:pubinclude:Vrml_CylinderParts.hxx /dn43/OCCT/tmp/results_31.05.2011/occt/release-sources-20110531/inc/Vrml_CylinderParts.hxx
+M Vrml:pubinclude:Vrml_FontStyleFamily.hxx /dn43/OCCT/tmp/results_31.05.2011/occt/release-sources-20110531/inc/Vrml_FontStyleFamily.hxx
+M Vrml:pubinclude:Vrml_FontStyleStyle.hxx /dn43/OCCT/tmp/results_31.05.2011/occt/release-sources-20110531/inc/Vrml_FontStyleStyle.hxx
+M Vrml:pubinclude:Vrml_MaterialBindingAndNormalBinding.hxx /dn43/OCCT/tmp/results_31.05.2011/occt/release-sources-20110531/inc/Vrml_MaterialBindingAndNormalBinding.hxx
+M Vrml:pubinclude:Vrml_Texture2Wrap.hxx /dn43/OCCT/tmp/results_31.05.2011/occt/release-sources-20110531/inc/Vrml_Texture2Wrap.hxx
+M Vrml:pubinclude:Vrml_VertexOrdering.hxx /dn43/OCCT/tmp/results_31.05.2011/occt/release-sources-20110531/inc/Vrml_VertexOrdering.hxx
+M Vrml:pubinclude:Vrml_ShapeType.hxx /dn43/OCCT/tmp/results_31.05.2011/occt/release-sources-20110531/inc/Vrml_ShapeType.hxx
+M Vrml:pubinclude:Vrml_FaceType.hxx /dn43/OCCT/tmp/results_31.05.2011/occt/release-sources-20110531/inc/Vrml_FaceType.hxx
+M Vrml:pubinclude:Vrml_SeparatorRenderCulling.hxx /dn43/OCCT/tmp/results_31.05.2011/occt/release-sources-20110531/inc/Vrml_SeparatorRenderCulling.hxx
+M Vrml:pubinclude:Vrml_WWWAnchorMap.hxx /dn43/OCCT/tmp/results_31.05.2011/occt/release-sources-20110531/inc/Vrml_WWWAnchorMap.hxx
+M Vrml:dbadmfile:Vrml_xcpp_header.In /dn43/OCCT/tmp/results_31.05.2011/occt/release-sources-20110531/drv/Vrml/.adm/Vrml_xcpp_header.In
+M Vrml:dbadmfile:Vrml_xcpp_header.Out /dn43/OCCT/tmp/results_31.05.2011/occt/release-sources-20110531/drv/Vrml/.adm/Vrml_xcpp_header.Out
+M Vrml:dbadmfile:Vrml_xcpp_header.Dep /dn43/OCCT/tmp/results_31.05.2011/occt/release-sources-20110531/drv/Vrml/.adm/Vrml_xcpp_header.Dep
