+M PrsMgr:pubinclude:Handle_PrsMgr_PresentationManager.hxx /dn43/OCCT/tmp/results_31.05.2011/occt/release-sources-20110531/inc/Handle_PrsMgr_PresentationManager.hxx
+M PrsMgr:pubinclude:PrsMgr_PresentationManager.hxx /dn43/OCCT/tmp/results_31.05.2011/occt/release-sources-20110531/inc/PrsMgr_PresentationManager.hxx
+M PrsMgr:privinclude:PrsMgr_PresentationManager.jxx /dn43/OCCT/tmp/results_31.05.2011/occt/release-sources-20110531/drv/PrsMgr/PrsMgr_PresentationManager.jxx
+M PrsMgr:privinclude:PrsMgr_PresentationManager.ixx /dn43/OCCT/tmp/results_31.05.2011/occt/release-sources-20110531/drv/PrsMgr/PrsMgr_PresentationManager.ixx
+M PrsMgr:pubinclude:Handle_PrsMgr_Presentation.hxx /dn43/OCCT/tmp/results_31.05.2011/occt/release-sources-20110531/inc/Handle_PrsMgr_Presentation.hxx
+M PrsMgr:pubinclude:PrsMgr_Presentation.hxx /dn43/OCCT/tmp/results_31.05.2011/occt/release-sources-20110531/inc/PrsMgr_Presentation.hxx
+M PrsMgr:privinclude:PrsMgr_Presentation.jxx /dn43/OCCT/tmp/results_31.05.2011/occt/release-sources-20110531/drv/PrsMgr/PrsMgr_Presentation.jxx
+M PrsMgr:privinclude:PrsMgr_Presentation.ixx /dn43/OCCT/tmp/results_31.05.2011/occt/release-sources-20110531/drv/PrsMgr/PrsMgr_Presentation.ixx
+M PrsMgr:pubinclude:Handle_PrsMgr_PresentableObject.hxx /dn43/OCCT/tmp/results_31.05.2011/occt/release-sources-20110531/inc/Handle_PrsMgr_PresentableObject.hxx
+M PrsMgr:pubinclude:PrsMgr_PresentableObject.hxx /dn43/OCCT/tmp/results_31.05.2011/occt/release-sources-20110531/inc/PrsMgr_PresentableObject.hxx
+M PrsMgr:privinclude:PrsMgr_PresentableObject.jxx /dn43/OCCT/tmp/results_31.05.2011/occt/release-sources-20110531/drv/PrsMgr/PrsMgr_PresentableObject.jxx
+M PrsMgr:privinclude:PrsMgr_PresentableObject.ixx /dn43/OCCT/tmp/results_31.05.2011/occt/release-sources-20110531/drv/PrsMgr/PrsMgr_PresentableObject.ixx
+M PrsMgr:pubinclude:Handle_PrsMgr_PresentationManager2d.hxx /dn43/OCCT/tmp/results_31.05.2011/occt/release-sources-20110531/inc/Handle_PrsMgr_PresentationManager2d.hxx
+M PrsMgr:pubinclude:PrsMgr_PresentationManager2d.hxx /dn43/OCCT/tmp/results_31.05.2011/occt/release-sources-20110531/inc/PrsMgr_PresentationManager2d.hxx
+M PrsMgr:privinclude:PrsMgr_PresentationManager2d.jxx /dn43/OCCT/tmp/results_31.05.2011/occt/release-sources-20110531/drv/PrsMgr/PrsMgr_PresentationManager2d.jxx
+M PrsMgr:privinclude:PrsMgr_PresentationManager2d.ixx /dn43/OCCT/tmp/results_31.05.2011/occt/release-sources-20110531/drv/PrsMgr/PrsMgr_PresentationManager2d.ixx
+M PrsMgr:pubinclude:Handle_PrsMgr_PresentationManager3d.hxx /dn43/OCCT/tmp/results_31.05.2011/occt/release-sources-20110531/inc/Handle_PrsMgr_PresentationManager3d.hxx
+M PrsMgr:pubinclude:PrsMgr_PresentationManager3d.hxx /dn43/OCCT/tmp/results_31.05.2011/occt/release-sources-20110531/inc/PrsMgr_PresentationManager3d.hxx
+M PrsMgr:privinclude:PrsMgr_PresentationManager3d.jxx /dn43/OCCT/tmp/results_31.05.2011/occt/release-sources-20110531/drv/PrsMgr/PrsMgr_PresentationManager3d.jxx
+M PrsMgr:privinclude:PrsMgr_PresentationManager3d.ixx /dn43/OCCT/tmp/results_31.05.2011/occt/release-sources-20110531/drv/PrsMgr/PrsMgr_PresentationManager3d.ixx
+M PrsMgr:pubinclude:Handle_PrsMgr_Prs.hxx /dn43/OCCT/tmp/results_31.05.2011/occt/release-sources-20110531/inc/Handle_PrsMgr_Prs.hxx
+M PrsMgr:pubinclude:PrsMgr_Prs.hxx /dn43/OCCT/tmp/results_31.05.2011/occt/release-sources-20110531/inc/PrsMgr_Prs.hxx
+M PrsMgr:privinclude:PrsMgr_Prs.jxx /dn43/OCCT/tmp/results_31.05.2011/occt/release-sources-20110531/drv/PrsMgr/PrsMgr_Prs.jxx
+M PrsMgr:privinclude:PrsMgr_Prs.ixx /dn43/OCCT/tmp/results_31.05.2011/occt/release-sources-20110531/drv/PrsMgr/PrsMgr_Prs.ixx
+M PrsMgr:pubinclude:Handle_PrsMgr_Presentation2d.hxx /dn43/OCCT/tmp/results_31.05.2011/occt/release-sources-20110531/inc/Handle_PrsMgr_Presentation2d.hxx
+M PrsMgr:pubinclude:PrsMgr_Presentation2d.hxx /dn43/OCCT/tmp/results_31.05.2011/occt/release-sources-20110531/inc/PrsMgr_Presentation2d.hxx
+M PrsMgr:privinclude:PrsMgr_Presentation2d.jxx /dn43/OCCT/tmp/results_31.05.2011/occt/release-sources-20110531/drv/PrsMgr/PrsMgr_Presentation2d.jxx
+M PrsMgr:privinclude:PrsMgr_Presentation2d.ixx /dn43/OCCT/tmp/results_31.05.2011/occt/release-sources-20110531/drv/PrsMgr/PrsMgr_Presentation2d.ixx
+M PrsMgr:pubinclude:Handle_PrsMgr_Presentation3d.hxx /dn43/OCCT/tmp/results_31.05.2011/occt/release-sources-20110531/inc/Handle_PrsMgr_Presentation3d.hxx
+M PrsMgr:pubinclude:PrsMgr_Presentation3d.hxx /dn43/OCCT/tmp/results_31.05.2011/occt/release-sources-20110531/inc/PrsMgr_Presentation3d.hxx
+M PrsMgr:privinclude:PrsMgr_Presentation3d.jxx /dn43/OCCT/tmp/results_31.05.2011/occt/release-sources-20110531/drv/PrsMgr/PrsMgr_Presentation3d.jxx
+M PrsMgr:privinclude:PrsMgr_Presentation3d.ixx /dn43/OCCT/tmp/results_31.05.2011/occt/release-sources-20110531/drv/PrsMgr/PrsMgr_Presentation3d.ixx
+M PrsMgr:pubinclude:PrsMgr_ModedPresentation.hxx /dn43/OCCT/tmp/results_31.05.2011/occt/release-sources-20110531/inc/PrsMgr_ModedPresentation.hxx
+M PrsMgr:privinclude:PrsMgr_ModedPresentation.jxx /dn43/OCCT/tmp/results_31.05.2011/occt/release-sources-20110531/drv/PrsMgr/PrsMgr_ModedPresentation.jxx
+M PrsMgr:privinclude:PrsMgr_ModedPresentation.ixx /dn43/OCCT/tmp/results_31.05.2011/occt/release-sources-20110531/drv/PrsMgr/PrsMgr_ModedPresentation.ixx
+M PrsMgr:pubinclude:PrsMgr_Presentations.hxx /dn43/OCCT/tmp/results_31.05.2011/occt/release-sources-20110531/inc/PrsMgr_Presentations.hxx
+M PrsMgr:derivated:PrsMgr_Presentations_0.cxx /dn43/OCCT/tmp/results_31.05.2011/occt/release-sources-20110531/drv/PrsMgr/PrsMgr_Presentations_0.cxx
+M PrsMgr:pubinclude:Handle_PrsMgr_SequenceNodeOfPresentations.hxx /dn43/OCCT/tmp/results_31.05.2011/occt/release-sources-20110531/inc/Handle_PrsMgr_SequenceNodeOfPresentations.hxx
+M PrsMgr:pubinclude:PrsMgr_SequenceNodeOfPresentations.hxx /dn43/OCCT/tmp/results_31.05.2011/occt/release-sources-20110531/inc/PrsMgr_SequenceNodeOfPresentations.hxx
+M PrsMgr:derivated:PrsMgr_SequenceNodeOfPresentations_0.cxx /dn43/OCCT/tmp/results_31.05.2011/occt/release-sources-20110531/drv/PrsMgr/PrsMgr_SequenceNodeOfPresentations_0.cxx
+M PrsMgr:pubinclude:PrsMgr_KindOfPrs.hxx /dn43/OCCT/tmp/results_31.05.2011/occt/release-sources-20110531/inc/PrsMgr_KindOfPrs.hxx
+M PrsMgr:pubinclude:PrsMgr_TypeOfPresentation3d.hxx /dn43/OCCT/tmp/results_31.05.2011/occt/release-sources-20110531/inc/PrsMgr_TypeOfPresentation3d.hxx
+M PrsMgr:pubinclude:PrsMgr_Presentation3dPointer.hxx /dn43/OCCT/tmp/results_31.05.2011/occt/release-sources-20110531/inc/PrsMgr_Presentation3dPointer.hxx
+M PrsMgr:pubinclude:PrsMgr_PresentableObjectPointer.hxx /dn43/OCCT/tmp/results_31.05.2011/occt/release-sources-20110531/inc/PrsMgr_PresentableObjectPointer.hxx
+M PrsMgr:dbadmfile:PrsMgr_xcpp_header.In /dn43/OCCT/tmp/results_31.05.2011/occt/release-sources-20110531/drv/PrsMgr/.adm/PrsMgr_xcpp_header.In
+M PrsMgr:dbadmfile:PrsMgr_xcpp_header.Out /dn43/OCCT/tmp/results_31.05.2011/occt/release-sources-20110531/drv/PrsMgr/.adm/PrsMgr_xcpp_header.Out
+M PrsMgr:dbadmfile:PrsMgr_xcpp_header.Dep /dn43/OCCT/tmp/results_31.05.2011/occt/release-sources-20110531/drv/PrsMgr/.adm/PrsMgr_xcpp_header.Dep
