+M GProp:pubinclude:GProp.hxx /dn43/OCCT/tmp/results_31.05.2011/occt/release-sources-20110531/inc/GProp.hxx
+M GProp:privinclude:GProp.jxx /dn43/OCCT/tmp/results_31.05.2011/occt/release-sources-20110531/drv/GProp/GProp.jxx
+M GProp:privinclude:GProp.ixx /dn43/OCCT/tmp/results_31.05.2011/occt/release-sources-20110531/drv/GProp/GProp.ixx
+M GProp:pubinclude:GProp_GProps.hxx /dn43/OCCT/tmp/results_31.05.2011/occt/release-sources-20110531/inc/GProp_GProps.hxx
+M GProp:privinclude:GProp_GProps.jxx /dn43/OCCT/tmp/results_31.05.2011/occt/release-sources-20110531/drv/GProp/GProp_GProps.jxx
+M GProp:privinclude:GProp_GProps.ixx /dn43/OCCT/tmp/results_31.05.2011/occt/release-sources-20110531/drv/GProp/GProp_GProps.ixx
+M GProp:pubinclude:GProp_PGProps.hxx /dn43/OCCT/tmp/results_31.05.2011/occt/release-sources-20110531/inc/GProp_PGProps.hxx
+M GProp:privinclude:GProp_PGProps.jxx /dn43/OCCT/tmp/results_31.05.2011/occt/release-sources-20110531/drv/GProp/GProp_PGProps.jxx
+M GProp:privinclude:GProp_PGProps.ixx /dn43/OCCT/tmp/results_31.05.2011/occt/release-sources-20110531/drv/GProp/GProp_PGProps.ixx
+M GProp:pubinclude:GProp_CelGProps.hxx /dn43/OCCT/tmp/results_31.05.2011/occt/release-sources-20110531/inc/GProp_CelGProps.hxx
+M GProp:privinclude:GProp_CelGProps.jxx /dn43/OCCT/tmp/results_31.05.2011/occt/release-sources-20110531/drv/GProp/GProp_CelGProps.jxx
+M GProp:privinclude:GProp_CelGProps.ixx /dn43/OCCT/tmp/results_31.05.2011/occt/release-sources-20110531/drv/GProp/GProp_CelGProps.ixx
+M GProp:pubinclude:GProp_SelGProps.hxx /dn43/OCCT/tmp/results_31.05.2011/occt/release-sources-20110531/inc/GProp_SelGProps.hxx
+M GProp:privinclude:GProp_SelGProps.jxx /dn43/OCCT/tmp/results_31.05.2011/occt/release-sources-20110531/drv/GProp/GProp_SelGProps.jxx
+M GProp:privinclude:GProp_SelGProps.ixx /dn43/OCCT/tmp/results_31.05.2011/occt/release-sources-20110531/drv/GProp/GProp_SelGProps.ixx
+M GProp:pubinclude:GProp_VelGProps.hxx /dn43/OCCT/tmp/results_31.05.2011/occt/release-sources-20110531/inc/GProp_VelGProps.hxx
+M GProp:privinclude:GProp_VelGProps.jxx /dn43/OCCT/tmp/results_31.05.2011/occt/release-sources-20110531/drv/GProp/GProp_VelGProps.jxx
+M GProp:privinclude:GProp_VelGProps.ixx /dn43/OCCT/tmp/results_31.05.2011/occt/release-sources-20110531/drv/GProp/GProp_VelGProps.ixx
+M GProp:pubinclude:GProp_PrincipalProps.hxx /dn43/OCCT/tmp/results_31.05.2011/occt/release-sources-20110531/inc/GProp_PrincipalProps.hxx
+M GProp:privinclude:GProp_PrincipalProps.jxx /dn43/OCCT/tmp/results_31.05.2011/occt/release-sources-20110531/drv/GProp/GProp_PrincipalProps.jxx
+M GProp:privinclude:GProp_PrincipalProps.ixx /dn43/OCCT/tmp/results_31.05.2011/occt/release-sources-20110531/drv/GProp/GProp_PrincipalProps.ixx
+M GProp:pubinclude:GProp_PEquation.hxx /dn43/OCCT/tmp/results_31.05.2011/occt/release-sources-20110531/inc/GProp_PEquation.hxx
+M GProp:privinclude:GProp_PEquation.jxx /dn43/OCCT/tmp/results_31.05.2011/occt/release-sources-20110531/drv/GProp/GProp_PEquation.jxx
+M GProp:privinclude:GProp_PEquation.ixx /dn43/OCCT/tmp/results_31.05.2011/occt/release-sources-20110531/drv/GProp/GProp_PEquation.ixx
+M GProp:pubinclude:Handle_GProp_UndefinedAxis.hxx /dn43/OCCT/tmp/results_31.05.2011/occt/release-sources-20110531/inc/Handle_GProp_UndefinedAxis.hxx
+M GProp:pubinclude:GProp_UndefinedAxis.hxx /dn43/OCCT/tmp/results_31.05.2011/occt/release-sources-20110531/inc/GProp_UndefinedAxis.hxx
+M GProp:derivated:GProp_UndefinedAxis_0.cxx /dn43/OCCT/tmp/results_31.05.2011/occt/release-sources-20110531/drv/GProp/GProp_UndefinedAxis_0.cxx
+M GProp:pubinclude:GProp_EquaType.hxx /dn43/OCCT/tmp/results_31.05.2011/occt/release-sources-20110531/inc/GProp_EquaType.hxx
+M GProp:pubinclude:GProp_ValueType.hxx /dn43/OCCT/tmp/results_31.05.2011/occt/release-sources-20110531/inc/GProp_ValueType.hxx
+M GProp:dbadmfile:GProp_xcpp_header.In /dn43/OCCT/tmp/results_31.05.2011/occt/release-sources-20110531/drv/GProp/.adm/GProp_xcpp_header.In
+M GProp:dbadmfile:GProp_xcpp_header.Out /dn43/OCCT/tmp/results_31.05.2011/occt/release-sources-20110531/drv/GProp/.adm/GProp_xcpp_header.Out
+M GProp:dbadmfile:GProp_xcpp_header.Dep /dn43/OCCT/tmp/results_31.05.2011/occt/release-sources-20110531/drv/GProp/.adm/GProp_xcpp_header.Dep
