+M AppDef:pubinclude:AppDef_MultiPointConstraint.hxx /dn43/OCCT/tmp/results_28.02.2011/occt/release-sources-20110228/inc/AppDef_MultiPointConstraint.hxx
+M AppDef:privinclude:AppDef_MultiPointConstraint.jxx /dn43/OCCT/tmp/results_28.02.2011/occt/release-sources-20110228/drv/AppDef/AppDef_MultiPointConstraint.jxx
+M AppDef:privinclude:AppDef_MultiPointConstraint.ixx /dn43/OCCT/tmp/results_28.02.2011/occt/release-sources-20110228/drv/AppDef/AppDef_MultiPointConstraint.ixx
+M AppDef:pubinclude:AppDef_MultiLine.hxx /dn43/OCCT/tmp/results_28.02.2011/occt/release-sources-20110228/inc/AppDef_MultiLine.hxx
+M AppDef:privinclude:AppDef_MultiLine.jxx /dn43/OCCT/tmp/results_28.02.2011/occt/release-sources-20110228/drv/AppDef/AppDef_MultiLine.jxx
+M AppDef:privinclude:AppDef_MultiLine.ixx /dn43/OCCT/tmp/results_28.02.2011/occt/release-sources-20110228/drv/AppDef/AppDef_MultiLine.ixx
+M AppDef:pubinclude:AppDef_MyLineTool.hxx /dn43/OCCT/tmp/results_28.02.2011/occt/release-sources-20110228/inc/AppDef_MyLineTool.hxx
+M AppDef:privinclude:AppDef_MyLineTool.jxx /dn43/OCCT/tmp/results_28.02.2011/occt/release-sources-20110228/drv/AppDef/AppDef_MyLineTool.jxx
+M AppDef:privinclude:AppDef_MyLineTool.ixx /dn43/OCCT/tmp/results_28.02.2011/occt/release-sources-20110228/drv/AppDef/AppDef_MyLineTool.ixx
+M AppDef:pubinclude:AppDef_TheLeastSquares.hxx /dn43/OCCT/tmp/results_28.02.2011/occt/release-sources-20110228/inc/AppDef_TheLeastSquares.hxx
+M AppDef:derivated:AppDef_TheLeastSquares_0.cxx /dn43/OCCT/tmp/results_28.02.2011/occt/release-sources-20110228/drv/AppDef/AppDef_TheLeastSquares_0.cxx
+M AppDef:pubinclude:AppDef_TheVariational.hxx /dn43/OCCT/tmp/results_28.02.2011/occt/release-sources-20110228/inc/AppDef_TheVariational.hxx
+M AppDef:derivated:AppDef_TheVariational_0.cxx /dn43/OCCT/tmp/results_28.02.2011/occt/release-sources-20110228/drv/AppDef/AppDef_TheVariational_0.cxx
+M AppDef:pubinclude:AppDef_TheResol.hxx /dn43/OCCT/tmp/results_28.02.2011/occt/release-sources-20110228/inc/AppDef_TheResol.hxx
+M AppDef:derivated:AppDef_TheResol_0.cxx /dn43/OCCT/tmp/results_28.02.2011/occt/release-sources-20110228/drv/AppDef/AppDef_TheResol_0.cxx
+M AppDef:pubinclude:AppDef_TheFunction.hxx /dn43/OCCT/tmp/results_28.02.2011/occt/release-sources-20110228/inc/AppDef_TheFunction.hxx
+M AppDef:derivated:AppDef_TheFunction_0.cxx /dn43/OCCT/tmp/results_28.02.2011/occt/release-sources-20110228/drv/AppDef/AppDef_TheFunction_0.cxx
+M AppDef:pubinclude:AppDef_TheGradient.hxx /dn43/OCCT/tmp/results_28.02.2011/occt/release-sources-20110228/inc/AppDef_TheGradient.hxx
+M AppDef:derivated:AppDef_TheGradient_0.cxx /dn43/OCCT/tmp/results_28.02.2011/occt/release-sources-20110228/drv/AppDef/AppDef_TheGradient_0.cxx
+M AppDef:pubinclude:AppDef_Compute.hxx /dn43/OCCT/tmp/results_28.02.2011/occt/release-sources-20110228/inc/AppDef_Compute.hxx
+M AppDef:derivated:AppDef_Compute_0.cxx /dn43/OCCT/tmp/results_28.02.2011/occt/release-sources-20110228/drv/AppDef/AppDef_Compute_0.cxx
+M AppDef:pubinclude:AppDef_BSplineCompute.hxx /dn43/OCCT/tmp/results_28.02.2011/occt/release-sources-20110228/inc/AppDef_BSplineCompute.hxx
+M AppDef:derivated:AppDef_BSplineCompute_0.cxx /dn43/OCCT/tmp/results_28.02.2011/occt/release-sources-20110228/drv/AppDef/AppDef_BSplineCompute_0.cxx
+M AppDef:pubinclude:AppDef_Array1OfMultiPointConstraint.hxx /dn43/OCCT/tmp/results_28.02.2011/occt/release-sources-20110228/inc/AppDef_Array1OfMultiPointConstraint.hxx
+M AppDef:derivated:AppDef_Array1OfMultiPointConstraint_0.cxx /dn43/OCCT/tmp/results_28.02.2011/occt/release-sources-20110228/drv/AppDef/AppDef_Array1OfMultiPointConstraint_0.cxx
+M AppDef:pubinclude:Handle_AppDef_HArray1OfMultiPointConstraint.hxx /dn43/OCCT/tmp/results_28.02.2011/occt/release-sources-20110228/inc/Handle_AppDef_HArray1OfMultiPointConstraint.hxx
+M AppDef:pubinclude:AppDef_HArray1OfMultiPointConstraint.hxx /dn43/OCCT/tmp/results_28.02.2011/occt/release-sources-20110228/inc/AppDef_HArray1OfMultiPointConstraint.hxx
+M AppDef:derivated:AppDef_HArray1OfMultiPointConstraint_0.cxx /dn43/OCCT/tmp/results_28.02.2011/occt/release-sources-20110228/drv/AppDef/AppDef_HArray1OfMultiPointConstraint_0.cxx
+M AppDef:pubinclude:Handle_AppDef_MyCriterionOfTheVariational.hxx /dn43/OCCT/tmp/results_28.02.2011/occt/release-sources-20110228/inc/Handle_AppDef_MyCriterionOfTheVariational.hxx
+M AppDef:pubinclude:AppDef_MyCriterionOfTheVariational.hxx /dn43/OCCT/tmp/results_28.02.2011/occt/release-sources-20110228/inc/AppDef_MyCriterionOfTheVariational.hxx
+M AppDef:derivated:AppDef_MyCriterionOfTheVariational_0.cxx /dn43/OCCT/tmp/results_28.02.2011/occt/release-sources-20110228/drv/AppDef/AppDef_MyCriterionOfTheVariational_0.cxx
+M AppDef:pubinclude:AppDef_ParLeastSquareOfTheGradient.hxx /dn43/OCCT/tmp/results_28.02.2011/occt/release-sources-20110228/inc/AppDef_ParLeastSquareOfTheGradient.hxx
+M AppDef:derivated:AppDef_ParLeastSquareOfTheGradient_0.cxx /dn43/OCCT/tmp/results_28.02.2011/occt/release-sources-20110228/drv/AppDef/AppDef_ParLeastSquareOfTheGradient_0.cxx
+M AppDef:pubinclude:AppDef_ResConstraintOfTheGradient.hxx /dn43/OCCT/tmp/results_28.02.2011/occt/release-sources-20110228/inc/AppDef_ResConstraintOfTheGradient.hxx
+M AppDef:derivated:AppDef_ResConstraintOfTheGradient_0.cxx /dn43/OCCT/tmp/results_28.02.2011/occt/release-sources-20110228/drv/AppDef/AppDef_ResConstraintOfTheGradient_0.cxx
+M AppDef:pubinclude:AppDef_ParFunctionOfTheGradient.hxx /dn43/OCCT/tmp/results_28.02.2011/occt/release-sources-20110228/inc/AppDef_ParFunctionOfTheGradient.hxx
+M AppDef:derivated:AppDef_ParFunctionOfTheGradient_0.cxx /dn43/OCCT/tmp/results_28.02.2011/occt/release-sources-20110228/drv/AppDef/AppDef_ParFunctionOfTheGradient_0.cxx
+M AppDef:pubinclude:AppDef_Gradient_BFGSOfTheGradient.hxx /dn43/OCCT/tmp/results_28.02.2011/occt/release-sources-20110228/inc/AppDef_Gradient_BFGSOfTheGradient.hxx
+M AppDef:derivated:AppDef_Gradient_BFGSOfTheGradient_0.cxx /dn43/OCCT/tmp/results_28.02.2011/occt/release-sources-20110228/drv/AppDef/AppDef_Gradient_BFGSOfTheGradient_0.cxx
+M AppDef:pubinclude:AppDef_ParLeastSquareOfMyGradientOfCompute.hxx /dn43/OCCT/tmp/results_28.02.2011/occt/release-sources-20110228/inc/AppDef_ParLeastSquareOfMyGradientOfCompute.hxx
+M AppDef:derivated:AppDef_ParLeastSquareOfMyGradientOfCompute_0.cxx /dn43/OCCT/tmp/results_28.02.2011/occt/release-sources-20110228/drv/AppDef/AppDef_ParLeastSquareOfMyGradientOfCompute_0.cxx
+M AppDef:pubinclude:AppDef_ResConstraintOfMyGradientOfCompute.hxx /dn43/OCCT/tmp/results_28.02.2011/occt/release-sources-20110228/inc/AppDef_ResConstraintOfMyGradientOfCompute.hxx
+M AppDef:derivated:AppDef_ResConstraintOfMyGradientOfCompute_0.cxx /dn43/OCCT/tmp/results_28.02.2011/occt/release-sources-20110228/drv/AppDef/AppDef_ResConstraintOfMyGradientOfCompute_0.cxx
+M AppDef:pubinclude:AppDef_ParFunctionOfMyGradientOfCompute.hxx /dn43/OCCT/tmp/results_28.02.2011/occt/release-sources-20110228/inc/AppDef_ParFunctionOfMyGradientOfCompute.hxx
+M AppDef:derivated:AppDef_ParFunctionOfMyGradientOfCompute_0.cxx /dn43/OCCT/tmp/results_28.02.2011/occt/release-sources-20110228/drv/AppDef/AppDef_ParFunctionOfMyGradientOfCompute_0.cxx
+M AppDef:pubinclude:AppDef_Gradient_BFGSOfMyGradientOfCompute.hxx /dn43/OCCT/tmp/results_28.02.2011/occt/release-sources-20110228/inc/AppDef_Gradient_BFGSOfMyGradientOfCompute.hxx
+M AppDef:derivated:AppDef_Gradient_BFGSOfMyGradientOfCompute_0.cxx /dn43/OCCT/tmp/results_28.02.2011/occt/release-sources-20110228/drv/AppDef/AppDef_Gradient_BFGSOfMyGradientOfCompute_0.cxx
+M AppDef:pubinclude:AppDef_MyGradientOfCompute.hxx /dn43/OCCT/tmp/results_28.02.2011/occt/release-sources-20110228/inc/AppDef_MyGradientOfCompute.hxx
+M AppDef:derivated:AppDef_MyGradientOfCompute_0.cxx /dn43/OCCT/tmp/results_28.02.2011/occt/release-sources-20110228/drv/AppDef/AppDef_MyGradientOfCompute_0.cxx
+M AppDef:pubinclude:AppDef_BSpParLeastSquareOfMyBSplGradientOfBSplineCompute.hxx /dn43/OCCT/tmp/results_28.02.2011/occt/release-sources-20110228/inc/AppDef_BSpParLeastSquareOfMyBSplGradientOfBSplineCompute.hxx
+M AppDef:derivated:AppDef_BSpParLeastSquareOfMyBSplGradientOfBSplineCompute_0.cxx /dn43/OCCT/tmp/results_28.02.2011/occt/release-sources-20110228/drv/AppDef/AppDef_BSpParLeastSquareOfMyBSplGradientOfBSplineCompute_0.cxx
+M AppDef:pubinclude:AppDef_BSpParFunctionOfMyBSplGradientOfBSplineCompute.hxx /dn43/OCCT/tmp/results_28.02.2011/occt/release-sources-20110228/inc/AppDef_BSpParFunctionOfMyBSplGradientOfBSplineCompute.hxx
+M AppDef:derivated:AppDef_BSpParFunctionOfMyBSplGradientOfBSplineCompute_0.cxx /dn43/OCCT/tmp/results_28.02.2011/occt/release-sources-20110228/drv/AppDef/AppDef_BSpParFunctionOfMyBSplGradientOfBSplineCompute_0.cxx
+M AppDef:pubinclude:AppDef_BSpGradient_BFGSOfMyBSplGradientOfBSplineCompute.hxx /dn43/OCCT/tmp/results_28.02.2011/occt/release-sources-20110228/inc/AppDef_BSpGradient_BFGSOfMyBSplGradientOfBSplineCompute.hxx
+M AppDef:derivated:AppDef_BSpGradient_BFGSOfMyBSplGradientOfBSplineCompute_0.cxx /dn43/OCCT/tmp/results_28.02.2011/occt/release-sources-20110228/drv/AppDef/AppDef_BSpGradient_BFGSOfMyBSplGradientOfBSplineCompute_0.cxx
+M AppDef:pubinclude:AppDef_MyBSplGradientOfBSplineCompute.hxx /dn43/OCCT/tmp/results_28.02.2011/occt/release-sources-20110228/inc/AppDef_MyBSplGradientOfBSplineCompute.hxx
+M AppDef:derivated:AppDef_MyBSplGradientOfBSplineCompute_0.cxx /dn43/OCCT/tmp/results_28.02.2011/occt/release-sources-20110228/drv/AppDef/AppDef_MyBSplGradientOfBSplineCompute_0.cxx
+M AppDef:pubinclude:AppDef_ParLeastSquareOfMyGradientbisOfBSplineCompute.hxx /dn43/OCCT/tmp/results_28.02.2011/occt/release-sources-20110228/inc/AppDef_ParLeastSquareOfMyGradientbisOfBSplineCompute.hxx
+M AppDef:derivated:AppDef_ParLeastSquareOfMyGradientbisOfBSplineCompute_0.cxx /dn43/OCCT/tmp/results_28.02.2011/occt/release-sources-20110228/drv/AppDef/AppDef_ParLeastSquareOfMyGradientbisOfBSplineCompute_0.cxx
+M AppDef:pubinclude:AppDef_ResConstraintOfMyGradientbisOfBSplineCompute.hxx /dn43/OCCT/tmp/results_28.02.2011/occt/release-sources-20110228/inc/AppDef_ResConstraintOfMyGradientbisOfBSplineCompute.hxx
+M AppDef:derivated:AppDef_ResConstraintOfMyGradientbisOfBSplineCompute_0.cxx /dn43/OCCT/tmp/results_28.02.2011/occt/release-sources-20110228/drv/AppDef/AppDef_ResConstraintOfMyGradientbisOfBSplineCompute_0.cxx
+M AppDef:pubinclude:AppDef_ParFunctionOfMyGradientbisOfBSplineCompute.hxx /dn43/OCCT/tmp/results_28.02.2011/occt/release-sources-20110228/inc/AppDef_ParFunctionOfMyGradientbisOfBSplineCompute.hxx
+M AppDef:derivated:AppDef_ParFunctionOfMyGradientbisOfBSplineCompute_0.cxx /dn43/OCCT/tmp/results_28.02.2011/occt/release-sources-20110228/drv/AppDef/AppDef_ParFunctionOfMyGradientbisOfBSplineCompute_0.cxx
+M AppDef:pubinclude:AppDef_Gradient_BFGSOfMyGradientbisOfBSplineCompute.hxx /dn43/OCCT/tmp/results_28.02.2011/occt/release-sources-20110228/inc/AppDef_Gradient_BFGSOfMyGradientbisOfBSplineCompute.hxx
+M AppDef:derivated:AppDef_Gradient_BFGSOfMyGradientbisOfBSplineCompute_0.cxx /dn43/OCCT/tmp/results_28.02.2011/occt/release-sources-20110228/drv/AppDef/AppDef_Gradient_BFGSOfMyGradientbisOfBSplineCompute_0.cxx
+M AppDef:pubinclude:AppDef_MyGradientbisOfBSplineCompute.hxx /dn43/OCCT/tmp/results_28.02.2011/occt/release-sources-20110228/inc/AppDef_MyGradientbisOfBSplineCompute.hxx
+M AppDef:derivated:AppDef_MyGradientbisOfBSplineCompute_0.cxx /dn43/OCCT/tmp/results_28.02.2011/occt/release-sources-20110228/drv/AppDef/AppDef_MyGradientbisOfBSplineCompute_0.cxx
+M AppDef:dbadmfile:AppDef_xcpp_header.In /dn43/OCCT/tmp/results_28.02.2011/occt/release-sources-20110228/drv/AppDef/.adm/AppDef_xcpp_header.In
+M AppDef:dbadmfile:AppDef_xcpp_header.Out /dn43/OCCT/tmp/results_28.02.2011/occt/release-sources-20110228/drv/AppDef/.adm/AppDef_xcpp_header.Out
+M AppDef:dbadmfile:AppDef_xcpp_header.Dep /dn43/OCCT/tmp/results_28.02.2011/occt/release-sources-20110228/drv/AppDef/.adm/AppDef_xcpp_header.Dep
