+M V3d:pubinclude:V3d.hxx /dn43/OCCT/tmp/results_31.05.2011/occt/release-sources-20110531/inc/V3d.hxx
+M V3d:privinclude:V3d.jxx /dn43/OCCT/tmp/results_31.05.2011/occt/release-sources-20110531/drv/V3d/V3d.jxx
+M V3d:privinclude:V3d.ixx /dn43/OCCT/tmp/results_31.05.2011/occt/release-sources-20110531/drv/V3d/V3d.ixx
+M V3d:pubinclude:Handle_V3d_Viewer.hxx /dn43/OCCT/tmp/results_31.05.2011/occt/release-sources-20110531/inc/Handle_V3d_Viewer.hxx
+M V3d:pubinclude:V3d_Viewer.hxx /dn43/OCCT/tmp/results_31.05.2011/occt/release-sources-20110531/inc/V3d_Viewer.hxx
+M V3d:privinclude:V3d_Viewer.jxx /dn43/OCCT/tmp/results_31.05.2011/occt/release-sources-20110531/drv/V3d/V3d_Viewer.jxx
+M V3d:privinclude:V3d_Viewer.ixx /dn43/OCCT/tmp/results_31.05.2011/occt/release-sources-20110531/drv/V3d/V3d_Viewer.ixx
+M V3d:pubinclude:Handle_V3d_View.hxx /dn43/OCCT/tmp/results_31.05.2011/occt/release-sources-20110531/inc/Handle_V3d_View.hxx
+M V3d:pubinclude:V3d_View.hxx /dn43/OCCT/tmp/results_31.05.2011/occt/release-sources-20110531/inc/V3d_View.hxx
+M V3d:privinclude:V3d_View.jxx /dn43/OCCT/tmp/results_31.05.2011/occt/release-sources-20110531/drv/V3d/V3d_View.jxx
+M V3d:privinclude:V3d_View.ixx /dn43/OCCT/tmp/results_31.05.2011/occt/release-sources-20110531/drv/V3d/V3d_View.ixx
+M V3d:pubinclude:Handle_V3d_OrthographicView.hxx /dn43/OCCT/tmp/results_31.05.2011/occt/release-sources-20110531/inc/Handle_V3d_OrthographicView.hxx
+M V3d:pubinclude:V3d_OrthographicView.hxx /dn43/OCCT/tmp/results_31.05.2011/occt/release-sources-20110531/inc/V3d_OrthographicView.hxx
+M V3d:privinclude:V3d_OrthographicView.jxx /dn43/OCCT/tmp/results_31.05.2011/occt/release-sources-20110531/drv/V3d/V3d_OrthographicView.jxx
+M V3d:privinclude:V3d_OrthographicView.ixx /dn43/OCCT/tmp/results_31.05.2011/occt/release-sources-20110531/drv/V3d/V3d_OrthographicView.ixx
+M V3d:pubinclude:Handle_V3d_PerspectiveView.hxx /dn43/OCCT/tmp/results_31.05.2011/occt/release-sources-20110531/inc/Handle_V3d_PerspectiveView.hxx
+M V3d:pubinclude:V3d_PerspectiveView.hxx /dn43/OCCT/tmp/results_31.05.2011/occt/release-sources-20110531/inc/V3d_PerspectiveView.hxx
+M V3d:privinclude:V3d_PerspectiveView.jxx /dn43/OCCT/tmp/results_31.05.2011/occt/release-sources-20110531/drv/V3d/V3d_PerspectiveView.jxx
+M V3d:privinclude:V3d_PerspectiveView.ixx /dn43/OCCT/tmp/results_31.05.2011/occt/release-sources-20110531/drv/V3d/V3d_PerspectiveView.ixx
+M V3d:pubinclude:Handle_V3d_LayerMgr.hxx /dn43/OCCT/tmp/results_31.05.2011/occt/release-sources-20110531/inc/Handle_V3d_LayerMgr.hxx
+M V3d:pubinclude:V3d_LayerMgr.hxx /dn43/OCCT/tmp/results_31.05.2011/occt/release-sources-20110531/inc/V3d_LayerMgr.hxx
+M V3d:privinclude:V3d_LayerMgr.jxx /dn43/OCCT/tmp/results_31.05.2011/occt/release-sources-20110531/drv/V3d/V3d_LayerMgr.jxx
+M V3d:privinclude:V3d_LayerMgr.ixx /dn43/OCCT/tmp/results_31.05.2011/occt/release-sources-20110531/drv/V3d/V3d_LayerMgr.ixx
+M V3d:pubinclude:Handle_V3d_Light.hxx /dn43/OCCT/tmp/results_31.05.2011/occt/release-sources-20110531/inc/Handle_V3d_Light.hxx
+M V3d:pubinclude:V3d_Light.hxx /dn43/OCCT/tmp/results_31.05.2011/occt/release-sources-20110531/inc/V3d_Light.hxx
+M V3d:privinclude:V3d_Light.jxx /dn43/OCCT/tmp/results_31.05.2011/occt/release-sources-20110531/drv/V3d/V3d_Light.jxx
+M V3d:privinclude:V3d_Light.ixx /dn43/OCCT/tmp/results_31.05.2011/occt/release-sources-20110531/drv/V3d/V3d_Light.ixx
+M V3d:pubinclude:Handle_V3d_AmbientLight.hxx /dn43/OCCT/tmp/results_31.05.2011/occt/release-sources-20110531/inc/Handle_V3d_AmbientLight.hxx
+M V3d:pubinclude:V3d_AmbientLight.hxx /dn43/OCCT/tmp/results_31.05.2011/occt/release-sources-20110531/inc/V3d_AmbientLight.hxx
+M V3d:privinclude:V3d_AmbientLight.jxx /dn43/OCCT/tmp/results_31.05.2011/occt/release-sources-20110531/drv/V3d/V3d_AmbientLight.jxx
+M V3d:privinclude:V3d_AmbientLight.ixx /dn43/OCCT/tmp/results_31.05.2011/occt/release-sources-20110531/drv/V3d/V3d_AmbientLight.ixx
+M V3d:pubinclude:Handle_V3d_PositionLight.hxx /dn43/OCCT/tmp/results_31.05.2011/occt/release-sources-20110531/inc/Handle_V3d_PositionLight.hxx
+M V3d:pubinclude:V3d_PositionLight.hxx /dn43/OCCT/tmp/results_31.05.2011/occt/release-sources-20110531/inc/V3d_PositionLight.hxx
+M V3d:privinclude:V3d_PositionLight.jxx /dn43/OCCT/tmp/results_31.05.2011/occt/release-sources-20110531/drv/V3d/V3d_PositionLight.jxx
+M V3d:privinclude:V3d_PositionLight.ixx /dn43/OCCT/tmp/results_31.05.2011/occt/release-sources-20110531/drv/V3d/V3d_PositionLight.ixx
+M V3d:pubinclude:Handle_V3d_PositionalLight.hxx /dn43/OCCT/tmp/results_31.05.2011/occt/release-sources-20110531/inc/Handle_V3d_PositionalLight.hxx
+M V3d:pubinclude:V3d_PositionalLight.hxx /dn43/OCCT/tmp/results_31.05.2011/occt/release-sources-20110531/inc/V3d_PositionalLight.hxx
+M V3d:privinclude:V3d_PositionalLight.jxx /dn43/OCCT/tmp/results_31.05.2011/occt/release-sources-20110531/drv/V3d/V3d_PositionalLight.jxx
+M V3d:privinclude:V3d_PositionalLight.ixx /dn43/OCCT/tmp/results_31.05.2011/occt/release-sources-20110531/drv/V3d/V3d_PositionalLight.ixx
+M V3d:pubinclude:Handle_V3d_DirectionalLight.hxx /dn43/OCCT/tmp/results_31.05.2011/occt/release-sources-20110531/inc/Handle_V3d_DirectionalLight.hxx
+M V3d:pubinclude:V3d_DirectionalLight.hxx /dn43/OCCT/tmp/results_31.05.2011/occt/release-sources-20110531/inc/V3d_DirectionalLight.hxx
+M V3d:privinclude:V3d_DirectionalLight.jxx /dn43/OCCT/tmp/results_31.05.2011/occt/release-sources-20110531/drv/V3d/V3d_DirectionalLight.jxx
+M V3d:privinclude:V3d_DirectionalLight.ixx /dn43/OCCT/tmp/results_31.05.2011/occt/release-sources-20110531/drv/V3d/V3d_DirectionalLight.ixx
+M V3d:pubinclude:Handle_V3d_SpotLight.hxx /dn43/OCCT/tmp/results_31.05.2011/occt/release-sources-20110531/inc/Handle_V3d_SpotLight.hxx
+M V3d:pubinclude:V3d_SpotLight.hxx /dn43/OCCT/tmp/results_31.05.2011/occt/release-sources-20110531/inc/V3d_SpotLight.hxx
+M V3d:privinclude:V3d_SpotLight.jxx /dn43/OCCT/tmp/results_31.05.2011/occt/release-sources-20110531/drv/V3d/V3d_SpotLight.jxx
+M V3d:privinclude:V3d_SpotLight.ixx /dn43/OCCT/tmp/results_31.05.2011/occt/release-sources-20110531/drv/V3d/V3d_SpotLight.ixx
+M V3d:pubinclude:Handle_V3d_Camera.hxx /dn43/OCCT/tmp/results_31.05.2011/occt/release-sources-20110531/inc/Handle_V3d_Camera.hxx
+M V3d:pubinclude:V3d_Camera.hxx /dn43/OCCT/tmp/results_31.05.2011/occt/release-sources-20110531/inc/V3d_Camera.hxx
+M V3d:privinclude:V3d_Camera.jxx /dn43/OCCT/tmp/results_31.05.2011/occt/release-sources-20110531/drv/V3d/V3d_Camera.jxx
+M V3d:privinclude:V3d_Camera.ixx /dn43/OCCT/tmp/results_31.05.2011/occt/release-sources-20110531/drv/V3d/V3d_Camera.ixx
+M V3d:pubinclude:Handle_V3d_Plane.hxx /dn43/OCCT/tmp/results_31.05.2011/occt/release-sources-20110531/inc/Handle_V3d_Plane.hxx
+M V3d:pubinclude:V3d_Plane.hxx /dn43/OCCT/tmp/results_31.05.2011/occt/release-sources-20110531/inc/V3d_Plane.hxx
+M V3d:privinclude:V3d_Plane.jxx /dn43/OCCT/tmp/results_31.05.2011/occt/release-sources-20110531/drv/V3d/V3d_Plane.jxx
+M V3d:privinclude:V3d_Plane.ixx /dn43/OCCT/tmp/results_31.05.2011/occt/release-sources-20110531/drv/V3d/V3d_Plane.ixx
+M V3d:pubinclude:V3d_ListOfTransient.hxx /dn43/OCCT/tmp/results_31.05.2011/occt/release-sources-20110531/inc/V3d_ListOfTransient.hxx
+M V3d:privinclude:V3d_ListOfTransient.jxx /dn43/OCCT/tmp/results_31.05.2011/occt/release-sources-20110531/drv/V3d/V3d_ListOfTransient.jxx
+M V3d:privinclude:V3d_ListOfTransient.ixx /dn43/OCCT/tmp/results_31.05.2011/occt/release-sources-20110531/drv/V3d/V3d_ListOfTransient.ixx
+M V3d:pubinclude:Handle_V3d_RectangularGrid.hxx /dn43/OCCT/tmp/results_31.05.2011/occt/release-sources-20110531/inc/Handle_V3d_RectangularGrid.hxx
+M V3d:pubinclude:V3d_RectangularGrid.hxx /dn43/OCCT/tmp/results_31.05.2011/occt/release-sources-20110531/inc/V3d_RectangularGrid.hxx
+M V3d:privinclude:V3d_RectangularGrid.jxx /dn43/OCCT/tmp/results_31.05.2011/occt/release-sources-20110531/drv/V3d/V3d_RectangularGrid.jxx
+M V3d:privinclude:V3d_RectangularGrid.ixx /dn43/OCCT/tmp/results_31.05.2011/occt/release-sources-20110531/drv/V3d/V3d_RectangularGrid.ixx
+M V3d:pubinclude:Handle_V3d_CircularGrid.hxx /dn43/OCCT/tmp/results_31.05.2011/occt/release-sources-20110531/inc/Handle_V3d_CircularGrid.hxx
+M V3d:pubinclude:V3d_CircularGrid.hxx /dn43/OCCT/tmp/results_31.05.2011/occt/release-sources-20110531/inc/V3d_CircularGrid.hxx
+M V3d:privinclude:V3d_CircularGrid.jxx /dn43/OCCT/tmp/results_31.05.2011/occt/release-sources-20110531/drv/V3d/V3d_CircularGrid.jxx
+M V3d:privinclude:V3d_CircularGrid.ixx /dn43/OCCT/tmp/results_31.05.2011/occt/release-sources-20110531/drv/V3d/V3d_CircularGrid.ixx
+M V3d:pubinclude:Handle_V3d_ColorScale.hxx /dn43/OCCT/tmp/results_31.05.2011/occt/release-sources-20110531/inc/Handle_V3d_ColorScale.hxx
+M V3d:pubinclude:V3d_ColorScale.hxx /dn43/OCCT/tmp/results_31.05.2011/occt/release-sources-20110531/inc/V3d_ColorScale.hxx
+M V3d:privinclude:V3d_ColorScale.jxx /dn43/OCCT/tmp/results_31.05.2011/occt/release-sources-20110531/drv/V3d/V3d_ColorScale.jxx
+M V3d:privinclude:V3d_ColorScale.ixx /dn43/OCCT/tmp/results_31.05.2011/occt/release-sources-20110531/drv/V3d/V3d_ColorScale.ixx
+M V3d:pubinclude:Handle_V3d_ColorScaleLayerItem.hxx /dn43/OCCT/tmp/results_31.05.2011/occt/release-sources-20110531/inc/Handle_V3d_ColorScaleLayerItem.hxx
+M V3d:pubinclude:V3d_ColorScaleLayerItem.hxx /dn43/OCCT/tmp/results_31.05.2011/occt/release-sources-20110531/inc/V3d_ColorScaleLayerItem.hxx
+M V3d:privinclude:V3d_ColorScaleLayerItem.jxx /dn43/OCCT/tmp/results_31.05.2011/occt/release-sources-20110531/drv/V3d/V3d_ColorScaleLayerItem.jxx
+M V3d:privinclude:V3d_ColorScaleLayerItem.ixx /dn43/OCCT/tmp/results_31.05.2011/occt/release-sources-20110531/drv/V3d/V3d_ColorScaleLayerItem.ixx
+M V3d:pubinclude:Handle_V3d_UnMapped.hxx /dn43/OCCT/tmp/results_31.05.2011/occt/release-sources-20110531/inc/Handle_V3d_UnMapped.hxx
+M V3d:pubinclude:V3d_UnMapped.hxx /dn43/OCCT/tmp/results_31.05.2011/occt/release-sources-20110531/inc/V3d_UnMapped.hxx
+M V3d:derivated:V3d_UnMapped_0.cxx /dn43/OCCT/tmp/results_31.05.2011/occt/release-sources-20110531/drv/V3d/V3d_UnMapped_0.cxx
+M V3d:pubinclude:V3d_TypeOfView.hxx /dn43/OCCT/tmp/results_31.05.2011/occt/release-sources-20110531/inc/V3d_TypeOfView.hxx
+M V3d:pubinclude:V3d_TypeOfShadingModel.hxx /dn43/OCCT/tmp/results_31.05.2011/occt/release-sources-20110531/inc/V3d_TypeOfShadingModel.hxx
+M V3d:pubinclude:V3d_TypeOfSurfaceDetail.hxx /dn43/OCCT/tmp/results_31.05.2011/occt/release-sources-20110531/inc/V3d_TypeOfSurfaceDetail.hxx
+M V3d:pubinclude:V3d_TypeOfVisualization.hxx /dn43/OCCT/tmp/results_31.05.2011/occt/release-sources-20110531/inc/V3d_TypeOfVisualization.hxx
+M V3d:pubinclude:V3d_TypeOfZclipping.hxx /dn43/OCCT/tmp/results_31.05.2011/occt/release-sources-20110531/inc/V3d_TypeOfZclipping.hxx
+M V3d:pubinclude:V3d_TypeOfLight.hxx /dn43/OCCT/tmp/results_31.05.2011/occt/release-sources-20110531/inc/V3d_TypeOfLight.hxx
+M V3d:pubinclude:V3d_TypeOfUpdate.hxx /dn43/OCCT/tmp/results_31.05.2011/occt/release-sources-20110531/inc/V3d_TypeOfUpdate.hxx
+M V3d:pubinclude:V3d_TypeOfAxe.hxx /dn43/OCCT/tmp/results_31.05.2011/occt/release-sources-20110531/inc/V3d_TypeOfAxe.hxx
+M V3d:pubinclude:V3d_TypeOfOrientation.hxx /dn43/OCCT/tmp/results_31.05.2011/occt/release-sources-20110531/inc/V3d_TypeOfOrientation.hxx
+M V3d:pubinclude:V3d_TypeOfRepresentation.hxx /dn43/OCCT/tmp/results_31.05.2011/occt/release-sources-20110531/inc/V3d_TypeOfRepresentation.hxx
+M V3d:pubinclude:V3d_TypeOfPickLight.hxx /dn43/OCCT/tmp/results_31.05.2011/occt/release-sources-20110531/inc/V3d_TypeOfPickLight.hxx
+M V3d:pubinclude:V3d_TypeOfPickCamera.hxx /dn43/OCCT/tmp/results_31.05.2011/occt/release-sources-20110531/inc/V3d_TypeOfPickCamera.hxx
+M V3d:pubinclude:V3d_TypeOfProjectionModel.hxx /dn43/OCCT/tmp/results_31.05.2011/occt/release-sources-20110531/inc/V3d_TypeOfProjectionModel.hxx
+M V3d:pubinclude:V3d_TypeOfBackfacingModel.hxx /dn43/OCCT/tmp/results_31.05.2011/occt/release-sources-20110531/inc/V3d_TypeOfBackfacingModel.hxx
+M V3d:pubinclude:V3d_Coordinate.hxx /dn43/OCCT/tmp/results_31.05.2011/occt/release-sources-20110531/inc/V3d_Coordinate.hxx
+M V3d:pubinclude:V3d_Parameter.hxx /dn43/OCCT/tmp/results_31.05.2011/occt/release-sources-20110531/inc/V3d_Parameter.hxx
+M V3d:pubinclude:V3d_ViewerPointer.hxx /dn43/OCCT/tmp/results_31.05.2011/occt/release-sources-20110531/inc/V3d_ViewerPointer.hxx
+M V3d:pubinclude:V3d_ViewPointer.hxx /dn43/OCCT/tmp/results_31.05.2011/occt/release-sources-20110531/inc/V3d_ViewPointer.hxx
+M V3d:pubinclude:V3d_LayerMgrPointer.hxx /dn43/OCCT/tmp/results_31.05.2011/occt/release-sources-20110531/inc/V3d_LayerMgrPointer.hxx
+M V3d:dbadmfile:V3d_xcpp_header.In /dn43/OCCT/tmp/results_31.05.2011/occt/release-sources-20110531/drv/V3d/.adm/V3d_xcpp_header.In
+M V3d:dbadmfile:V3d_xcpp_header.Out /dn43/OCCT/tmp/results_31.05.2011/occt/release-sources-20110531/drv/V3d/.adm/V3d_xcpp_header.Out
+M V3d:dbadmfile:V3d_xcpp_header.Dep /dn43/OCCT/tmp/results_31.05.2011/occt/release-sources-20110531/drv/V3d/.adm/V3d_xcpp_header.Dep
