+M Bisector:pubinclude:Bisector.hxx /dn43/OCCT/tmp/results_30.09.2011/occt/release-sources-20110930/inc/Bisector.hxx
+M Bisector:privinclude:Bisector.jxx /dn43/OCCT/tmp/results_30.09.2011/occt/release-sources-20110930/drv/Bisector/Bisector.jxx
+M Bisector:privinclude:Bisector.ixx /dn43/OCCT/tmp/results_30.09.2011/occt/release-sources-20110930/drv/Bisector/Bisector.ixx
+M Bisector:pubinclude:Handle_Bisector_Curve.hxx /dn43/OCCT/tmp/results_30.09.2011/occt/release-sources-20110930/inc/Handle_Bisector_Curve.hxx
+M Bisector:pubinclude:Bisector_Curve.hxx /dn43/OCCT/tmp/results_30.09.2011/occt/release-sources-20110930/inc/Bisector_Curve.hxx
+M Bisector:privinclude:Bisector_Curve.jxx /dn43/OCCT/tmp/results_30.09.2011/occt/release-sources-20110930/drv/Bisector/Bisector_Curve.jxx
+M Bisector:privinclude:Bisector_Curve.ixx /dn43/OCCT/tmp/results_30.09.2011/occt/release-sources-20110930/drv/Bisector/Bisector_Curve.ixx
+M Bisector:pubinclude:Handle_Bisector_BisecAna.hxx /dn43/OCCT/tmp/results_30.09.2011/occt/release-sources-20110930/inc/Handle_Bisector_BisecAna.hxx
+M Bisector:pubinclude:Bisector_BisecAna.hxx /dn43/OCCT/tmp/results_30.09.2011/occt/release-sources-20110930/inc/Bisector_BisecAna.hxx
+M Bisector:privinclude:Bisector_BisecAna.jxx /dn43/OCCT/tmp/results_30.09.2011/occt/release-sources-20110930/drv/Bisector/Bisector_BisecAna.jxx
+M Bisector:privinclude:Bisector_BisecAna.ixx /dn43/OCCT/tmp/results_30.09.2011/occt/release-sources-20110930/drv/Bisector/Bisector_BisecAna.ixx
+M Bisector:pubinclude:Handle_Bisector_BisecPC.hxx /dn43/OCCT/tmp/results_30.09.2011/occt/release-sources-20110930/inc/Handle_Bisector_BisecPC.hxx
+M Bisector:pubinclude:Bisector_BisecPC.hxx /dn43/OCCT/tmp/results_30.09.2011/occt/release-sources-20110930/inc/Bisector_BisecPC.hxx
+M Bisector:privinclude:Bisector_BisecPC.jxx /dn43/OCCT/tmp/results_30.09.2011/occt/release-sources-20110930/drv/Bisector/Bisector_BisecPC.jxx
+M Bisector:privinclude:Bisector_BisecPC.ixx /dn43/OCCT/tmp/results_30.09.2011/occt/release-sources-20110930/drv/Bisector/Bisector_BisecPC.ixx
+M Bisector:pubinclude:Handle_Bisector_BisecCC.hxx /dn43/OCCT/tmp/results_30.09.2011/occt/release-sources-20110930/inc/Handle_Bisector_BisecCC.hxx
+M Bisector:pubinclude:Bisector_BisecCC.hxx /dn43/OCCT/tmp/results_30.09.2011/occt/release-sources-20110930/inc/Bisector_BisecCC.hxx
+M Bisector:privinclude:Bisector_BisecCC.jxx /dn43/OCCT/tmp/results_30.09.2011/occt/release-sources-20110930/drv/Bisector/Bisector_BisecCC.jxx
+M Bisector:privinclude:Bisector_BisecCC.ixx /dn43/OCCT/tmp/results_30.09.2011/occt/release-sources-20110930/drv/Bisector/Bisector_BisecCC.ixx
+M Bisector:pubinclude:Bisector_Bisec.hxx /dn43/OCCT/tmp/results_30.09.2011/occt/release-sources-20110930/inc/Bisector_Bisec.hxx
+M Bisector:privinclude:Bisector_Bisec.jxx /dn43/OCCT/tmp/results_30.09.2011/occt/release-sources-20110930/drv/Bisector/Bisector_Bisec.jxx
+M Bisector:privinclude:Bisector_Bisec.ixx /dn43/OCCT/tmp/results_30.09.2011/occt/release-sources-20110930/drv/Bisector/Bisector_Bisec.ixx
+M Bisector:pubinclude:Bisector_Inter.hxx /dn43/OCCT/tmp/results_30.09.2011/occt/release-sources-20110930/inc/Bisector_Inter.hxx
+M Bisector:privinclude:Bisector_Inter.jxx /dn43/OCCT/tmp/results_30.09.2011/occt/release-sources-20110930/drv/Bisector/Bisector_Inter.jxx
+M Bisector:privinclude:Bisector_Inter.ixx /dn43/OCCT/tmp/results_30.09.2011/occt/release-sources-20110930/drv/Bisector/Bisector_Inter.ixx
+M Bisector:pubinclude:Bisector_PointOnBis.hxx /dn43/OCCT/tmp/results_30.09.2011/occt/release-sources-20110930/inc/Bisector_PointOnBis.hxx
+M Bisector:privinclude:Bisector_PointOnBis.jxx /dn43/OCCT/tmp/results_30.09.2011/occt/release-sources-20110930/drv/Bisector/Bisector_PointOnBis.jxx
+M Bisector:privinclude:Bisector_PointOnBis.ixx /dn43/OCCT/tmp/results_30.09.2011/occt/release-sources-20110930/drv/Bisector/Bisector_PointOnBis.ixx
+M Bisector:pubinclude:Bisector_PolyBis.hxx /dn43/OCCT/tmp/results_30.09.2011/occt/release-sources-20110930/inc/Bisector_PolyBis.hxx
+M Bisector:privinclude:Bisector_PolyBis.jxx /dn43/OCCT/tmp/results_30.09.2011/occt/release-sources-20110930/drv/Bisector/Bisector_PolyBis.jxx
+M Bisector:privinclude:Bisector_PolyBis.ixx /dn43/OCCT/tmp/results_30.09.2011/occt/release-sources-20110930/drv/Bisector/Bisector_PolyBis.ixx
+M Bisector:pubinclude:Bisector_FunctionH.hxx /dn43/OCCT/tmp/results_30.09.2011/occt/release-sources-20110930/inc/Bisector_FunctionH.hxx
+M Bisector:privinclude:Bisector_FunctionH.jxx /dn43/OCCT/tmp/results_30.09.2011/occt/release-sources-20110930/drv/Bisector/Bisector_FunctionH.jxx
+M Bisector:privinclude:Bisector_FunctionH.ixx /dn43/OCCT/tmp/results_30.09.2011/occt/release-sources-20110930/drv/Bisector/Bisector_FunctionH.ixx
+M Bisector:pubinclude:Bisector_FunctionInter.hxx /dn43/OCCT/tmp/results_30.09.2011/occt/release-sources-20110930/inc/Bisector_FunctionInter.hxx
+M Bisector:privinclude:Bisector_FunctionInter.jxx /dn43/OCCT/tmp/results_30.09.2011/occt/release-sources-20110930/drv/Bisector/Bisector_FunctionInter.jxx
+M Bisector:privinclude:Bisector_FunctionInter.ixx /dn43/OCCT/tmp/results_30.09.2011/occt/release-sources-20110930/drv/Bisector/Bisector_FunctionInter.ixx
+M Bisector:dbadmfile:Bisector_xcpp_header.In /dn43/OCCT/tmp/results_30.09.2011/occt/release-sources-20110930/drv/Bisector/.adm/Bisector_xcpp_header.In
+M Bisector:dbadmfile:Bisector_xcpp_header.Out /dn43/OCCT/tmp/results_30.09.2011/occt/release-sources-20110930/drv/Bisector/.adm/Bisector_xcpp_header.Out
+M Bisector:dbadmfile:Bisector_xcpp_header.Dep /dn43/OCCT/tmp/results_30.09.2011/occt/release-sources-20110930/drv/Bisector/.adm/Bisector_xcpp_header.Dep
