+M Geom2dGcc:pubinclude:Geom2dGcc.hxx /dn43/OCCT/tmp/results_31.05.2011/occt/release-sources-20110531/inc/Geom2dGcc.hxx
+M Geom2dGcc:privinclude:Geom2dGcc.jxx /dn43/OCCT/tmp/results_31.05.2011/occt/release-sources-20110531/drv/Geom2dGcc/Geom2dGcc.jxx
+M Geom2dGcc:privinclude:Geom2dGcc.ixx /dn43/OCCT/tmp/results_31.05.2011/occt/release-sources-20110531/drv/Geom2dGcc/Geom2dGcc.ixx
+M Geom2dGcc:pubinclude:Geom2dGcc_CurveTool.hxx /dn43/OCCT/tmp/results_31.05.2011/occt/release-sources-20110531/inc/Geom2dGcc_CurveTool.hxx
+M Geom2dGcc:privinclude:Geom2dGcc_CurveTool.jxx /dn43/OCCT/tmp/results_31.05.2011/occt/release-sources-20110531/drv/Geom2dGcc/Geom2dGcc_CurveTool.jxx
+M Geom2dGcc:privinclude:Geom2dGcc_CurveTool.ixx /dn43/OCCT/tmp/results_31.05.2011/occt/release-sources-20110531/drv/Geom2dGcc/Geom2dGcc_CurveTool.ixx
+M Geom2dGcc:pubinclude:Geom2dGcc_QualifiedCurve.hxx /dn43/OCCT/tmp/results_31.05.2011/occt/release-sources-20110531/inc/Geom2dGcc_QualifiedCurve.hxx
+M Geom2dGcc:privinclude:Geom2dGcc_QualifiedCurve.jxx /dn43/OCCT/tmp/results_31.05.2011/occt/release-sources-20110531/drv/Geom2dGcc/Geom2dGcc_QualifiedCurve.jxx
+M Geom2dGcc:privinclude:Geom2dGcc_QualifiedCurve.ixx /dn43/OCCT/tmp/results_31.05.2011/occt/release-sources-20110531/drv/Geom2dGcc/Geom2dGcc_QualifiedCurve.ixx
+M Geom2dGcc:pubinclude:Geom2dGcc_Circ2d3Tan.hxx /dn43/OCCT/tmp/results_31.05.2011/occt/release-sources-20110531/inc/Geom2dGcc_Circ2d3Tan.hxx
+M Geom2dGcc:privinclude:Geom2dGcc_Circ2d3Tan.jxx /dn43/OCCT/tmp/results_31.05.2011/occt/release-sources-20110531/drv/Geom2dGcc/Geom2dGcc_Circ2d3Tan.jxx
+M Geom2dGcc:privinclude:Geom2dGcc_Circ2d3Tan.ixx /dn43/OCCT/tmp/results_31.05.2011/occt/release-sources-20110531/drv/Geom2dGcc/Geom2dGcc_Circ2d3Tan.ixx
+M Geom2dGcc:pubinclude:Geom2dGcc_Circ2d2TanRad.hxx /dn43/OCCT/tmp/results_31.05.2011/occt/release-sources-20110531/inc/Geom2dGcc_Circ2d2TanRad.hxx
+M Geom2dGcc:privinclude:Geom2dGcc_Circ2d2TanRad.jxx /dn43/OCCT/tmp/results_31.05.2011/occt/release-sources-20110531/drv/Geom2dGcc/Geom2dGcc_Circ2d2TanRad.jxx
+M Geom2dGcc:privinclude:Geom2dGcc_Circ2d2TanRad.ixx /dn43/OCCT/tmp/results_31.05.2011/occt/release-sources-20110531/drv/Geom2dGcc/Geom2dGcc_Circ2d2TanRad.ixx
+M Geom2dGcc:pubinclude:Geom2dGcc_Circ2d2TanOn.hxx /dn43/OCCT/tmp/results_31.05.2011/occt/release-sources-20110531/inc/Geom2dGcc_Circ2d2TanOn.hxx
+M Geom2dGcc:privinclude:Geom2dGcc_Circ2d2TanOn.jxx /dn43/OCCT/tmp/results_31.05.2011/occt/release-sources-20110531/drv/Geom2dGcc/Geom2dGcc_Circ2d2TanOn.jxx
+M Geom2dGcc:privinclude:Geom2dGcc_Circ2d2TanOn.ixx /dn43/OCCT/tmp/results_31.05.2011/occt/release-sources-20110531/drv/Geom2dGcc/Geom2dGcc_Circ2d2TanOn.ixx
+M Geom2dGcc:pubinclude:Geom2dGcc_Circ2dTanOnRad.hxx /dn43/OCCT/tmp/results_31.05.2011/occt/release-sources-20110531/inc/Geom2dGcc_Circ2dTanOnRad.hxx
+M Geom2dGcc:privinclude:Geom2dGcc_Circ2dTanOnRad.jxx /dn43/OCCT/tmp/results_31.05.2011/occt/release-sources-20110531/drv/Geom2dGcc/Geom2dGcc_Circ2dTanOnRad.jxx
+M Geom2dGcc:privinclude:Geom2dGcc_Circ2dTanOnRad.ixx /dn43/OCCT/tmp/results_31.05.2011/occt/release-sources-20110531/drv/Geom2dGcc/Geom2dGcc_Circ2dTanOnRad.ixx
+M Geom2dGcc:pubinclude:Geom2dGcc_Circ2dTanCen.hxx /dn43/OCCT/tmp/results_31.05.2011/occt/release-sources-20110531/inc/Geom2dGcc_Circ2dTanCen.hxx
+M Geom2dGcc:privinclude:Geom2dGcc_Circ2dTanCen.jxx /dn43/OCCT/tmp/results_31.05.2011/occt/release-sources-20110531/drv/Geom2dGcc/Geom2dGcc_Circ2dTanCen.jxx
+M Geom2dGcc:privinclude:Geom2dGcc_Circ2dTanCen.ixx /dn43/OCCT/tmp/results_31.05.2011/occt/release-sources-20110531/drv/Geom2dGcc/Geom2dGcc_Circ2dTanCen.ixx
+M Geom2dGcc:pubinclude:Geom2dGcc_Lin2d2Tan.hxx /dn43/OCCT/tmp/results_31.05.2011/occt/release-sources-20110531/inc/Geom2dGcc_Lin2d2Tan.hxx
+M Geom2dGcc:privinclude:Geom2dGcc_Lin2d2Tan.jxx /dn43/OCCT/tmp/results_31.05.2011/occt/release-sources-20110531/drv/Geom2dGcc/Geom2dGcc_Lin2d2Tan.jxx
+M Geom2dGcc:privinclude:Geom2dGcc_Lin2d2Tan.ixx /dn43/OCCT/tmp/results_31.05.2011/occt/release-sources-20110531/drv/Geom2dGcc/Geom2dGcc_Lin2d2Tan.ixx
+M Geom2dGcc:pubinclude:Geom2dGcc_Lin2dTanObl.hxx /dn43/OCCT/tmp/results_31.05.2011/occt/release-sources-20110531/inc/Geom2dGcc_Lin2dTanObl.hxx
+M Geom2dGcc:privinclude:Geom2dGcc_Lin2dTanObl.jxx /dn43/OCCT/tmp/results_31.05.2011/occt/release-sources-20110531/drv/Geom2dGcc/Geom2dGcc_Lin2dTanObl.jxx
+M Geom2dGcc:privinclude:Geom2dGcc_Lin2dTanObl.ixx /dn43/OCCT/tmp/results_31.05.2011/occt/release-sources-20110531/drv/Geom2dGcc/Geom2dGcc_Lin2dTanObl.ixx
+M Geom2dGcc:pubinclude:Geom2dGcc_MyQCurve.hxx /dn43/OCCT/tmp/results_31.05.2011/occt/release-sources-20110531/inc/Geom2dGcc_MyQCurve.hxx
+M Geom2dGcc:derivated:Geom2dGcc_MyQCurve_0.cxx /dn43/OCCT/tmp/results_31.05.2011/occt/release-sources-20110531/drv/Geom2dGcc/Geom2dGcc_MyQCurve_0.cxx
+M Geom2dGcc:pubinclude:Geom2dGcc_MyCurveTool.hxx /dn43/OCCT/tmp/results_31.05.2011/occt/release-sources-20110531/inc/Geom2dGcc_MyCurveTool.hxx
+M Geom2dGcc:derivated:Geom2dGcc_MyCurveTool_0.cxx /dn43/OCCT/tmp/results_31.05.2011/occt/release-sources-20110531/drv/Geom2dGcc/Geom2dGcc_MyCurveTool_0.cxx
+M Geom2dGcc:pubinclude:Geom2dGcc_MyCirc2d2TanOn.hxx /dn43/OCCT/tmp/results_31.05.2011/occt/release-sources-20110531/inc/Geom2dGcc_MyCirc2d2TanOn.hxx
+M Geom2dGcc:derivated:Geom2dGcc_MyCirc2d2TanOn_0.cxx /dn43/OCCT/tmp/results_31.05.2011/occt/release-sources-20110531/drv/Geom2dGcc/Geom2dGcc_MyCirc2d2TanOn_0.cxx
+M Geom2dGcc:pubinclude:Geom2dGcc_MyCirc2d2TanRad.hxx /dn43/OCCT/tmp/results_31.05.2011/occt/release-sources-20110531/inc/Geom2dGcc_MyCirc2d2TanRad.hxx
+M Geom2dGcc:derivated:Geom2dGcc_MyCirc2d2TanRad_0.cxx /dn43/OCCT/tmp/results_31.05.2011/occt/release-sources-20110531/drv/Geom2dGcc/Geom2dGcc_MyCirc2d2TanRad_0.cxx
+M Geom2dGcc:pubinclude:Geom2dGcc_MyCirc2dTanOnRad.hxx /dn43/OCCT/tmp/results_31.05.2011/occt/release-sources-20110531/inc/Geom2dGcc_MyCirc2dTanOnRad.hxx
+M Geom2dGcc:derivated:Geom2dGcc_MyCirc2dTanOnRad_0.cxx /dn43/OCCT/tmp/results_31.05.2011/occt/release-sources-20110531/drv/Geom2dGcc/Geom2dGcc_MyCirc2dTanOnRad_0.cxx
+M Geom2dGcc:pubinclude:Geom2dGcc_MyC2d3Tan.hxx /dn43/OCCT/tmp/results_31.05.2011/occt/release-sources-20110531/inc/Geom2dGcc_MyC2d3Tan.hxx
+M Geom2dGcc:derivated:Geom2dGcc_MyC2d3Tan_0.cxx /dn43/OCCT/tmp/results_31.05.2011/occt/release-sources-20110531/drv/Geom2dGcc/Geom2dGcc_MyC2d3Tan_0.cxx
+M Geom2dGcc:pubinclude:Geom2dGcc_MyCirc2dTanCen.hxx /dn43/OCCT/tmp/results_31.05.2011/occt/release-sources-20110531/inc/Geom2dGcc_MyCirc2dTanCen.hxx
+M Geom2dGcc:derivated:Geom2dGcc_MyCirc2dTanCen_0.cxx /dn43/OCCT/tmp/results_31.05.2011/occt/release-sources-20110531/drv/Geom2dGcc/Geom2dGcc_MyCirc2dTanCen_0.cxx
+M Geom2dGcc:pubinclude:Geom2dGcc_MyC2d2TanOn.hxx /dn43/OCCT/tmp/results_31.05.2011/occt/release-sources-20110531/inc/Geom2dGcc_MyC2d2TanOn.hxx
+M Geom2dGcc:derivated:Geom2dGcc_MyC2d2TanOn_0.cxx /dn43/OCCT/tmp/results_31.05.2011/occt/release-sources-20110531/drv/Geom2dGcc/Geom2dGcc_MyC2d2TanOn_0.cxx
+M Geom2dGcc:pubinclude:Geom2dGcc_MyL2dTanObl.hxx /dn43/OCCT/tmp/results_31.05.2011/occt/release-sources-20110531/inc/Geom2dGcc_MyL2dTanObl.hxx
+M Geom2dGcc:derivated:Geom2dGcc_MyL2dTanObl_0.cxx /dn43/OCCT/tmp/results_31.05.2011/occt/release-sources-20110531/drv/Geom2dGcc/Geom2dGcc_MyL2dTanObl_0.cxx
+M Geom2dGcc:pubinclude:Geom2dGcc_MyL2d2Tan.hxx /dn43/OCCT/tmp/results_31.05.2011/occt/release-sources-20110531/inc/Geom2dGcc_MyL2d2Tan.hxx
+M Geom2dGcc:derivated:Geom2dGcc_MyL2d2Tan_0.cxx /dn43/OCCT/tmp/results_31.05.2011/occt/release-sources-20110531/drv/Geom2dGcc/Geom2dGcc_MyL2d2Tan_0.cxx
+M Geom2dGcc:pubinclude:Geom2dGcc_FuncTCuCuCuOfMyC2d3Tan.hxx /dn43/OCCT/tmp/results_31.05.2011/occt/release-sources-20110531/inc/Geom2dGcc_FuncTCuCuCuOfMyC2d3Tan.hxx
+M Geom2dGcc:derivated:Geom2dGcc_FuncTCuCuCuOfMyC2d3Tan_0.cxx /dn43/OCCT/tmp/results_31.05.2011/occt/release-sources-20110531/drv/Geom2dGcc/Geom2dGcc_FuncTCuCuCuOfMyC2d3Tan_0.cxx
+M Geom2dGcc:pubinclude:Geom2dGcc_FuncTCuCuOnCuOfMyC2d2TanOn.hxx /dn43/OCCT/tmp/results_31.05.2011/occt/release-sources-20110531/inc/Geom2dGcc_FuncTCuCuOnCuOfMyC2d2TanOn.hxx
+M Geom2dGcc:derivated:Geom2dGcc_FuncTCuCuOnCuOfMyC2d2TanOn_0.cxx /dn43/OCCT/tmp/results_31.05.2011/occt/release-sources-20110531/drv/Geom2dGcc/Geom2dGcc_FuncTCuCuOnCuOfMyC2d2TanOn_0.cxx
+M Geom2dGcc:pubinclude:Geom2dGcc_FuncTOblOfMyL2dTanObl.hxx /dn43/OCCT/tmp/results_31.05.2011/occt/release-sources-20110531/inc/Geom2dGcc_FuncTOblOfMyL2dTanObl.hxx
+M Geom2dGcc:derivated:Geom2dGcc_FuncTOblOfMyL2dTanObl_0.cxx /dn43/OCCT/tmp/results_31.05.2011/occt/release-sources-20110531/drv/Geom2dGcc/Geom2dGcc_FuncTOblOfMyL2dTanObl_0.cxx
+M Geom2dGcc:pubinclude:Geom2dGcc_FuncTCuCuOfMyL2d2Tan.hxx /dn43/OCCT/tmp/results_31.05.2011/occt/release-sources-20110531/inc/Geom2dGcc_FuncTCuCuOfMyL2d2Tan.hxx
+M Geom2dGcc:derivated:Geom2dGcc_FuncTCuCuOfMyL2d2Tan_0.cxx /dn43/OCCT/tmp/results_31.05.2011/occt/release-sources-20110531/drv/Geom2dGcc/Geom2dGcc_FuncTCuCuOfMyL2d2Tan_0.cxx
+M Geom2dGcc:pubinclude:Geom2dGcc_FuncTCuPtOfMyL2d2Tan.hxx /dn43/OCCT/tmp/results_31.05.2011/occt/release-sources-20110531/inc/Geom2dGcc_FuncTCuPtOfMyL2d2Tan.hxx
+M Geom2dGcc:derivated:Geom2dGcc_FuncTCuPtOfMyL2d2Tan_0.cxx /dn43/OCCT/tmp/results_31.05.2011/occt/release-sources-20110531/drv/Geom2dGcc/Geom2dGcc_FuncTCuPtOfMyL2d2Tan_0.cxx
+M Geom2dGcc:pubinclude:Geom2dGcc_FuncTCirCuOfMyL2d2Tan.hxx /dn43/OCCT/tmp/results_31.05.2011/occt/release-sources-20110531/inc/Geom2dGcc_FuncTCirCuOfMyL2d2Tan.hxx
+M Geom2dGcc:derivated:Geom2dGcc_FuncTCirCuOfMyL2d2Tan_0.cxx /dn43/OCCT/tmp/results_31.05.2011/occt/release-sources-20110531/drv/Geom2dGcc/Geom2dGcc_FuncTCirCuOfMyL2d2Tan_0.cxx
+M Geom2dGcc:dbadmfile:Geom2dGcc_xcpp_header.In /dn43/OCCT/tmp/results_31.05.2011/occt/release-sources-20110531/drv/Geom2dGcc/.adm/Geom2dGcc_xcpp_header.In
+M Geom2dGcc:dbadmfile:Geom2dGcc_xcpp_header.Out /dn43/OCCT/tmp/results_31.05.2011/occt/release-sources-20110531/drv/Geom2dGcc/.adm/Geom2dGcc_xcpp_header.Out
+M Geom2dGcc:dbadmfile:Geom2dGcc_xcpp_header.Dep /dn43/OCCT/tmp/results_31.05.2011/occt/release-sources-20110531/drv/Geom2dGcc/.adm/Geom2dGcc_xcpp_header.Dep
