+M XmlMDataXtd:pubinclude:XmlMDataXtd.hxx /dn43/OCCT/tmp/results_28.02.2011/occt/release-sources-20110228/inc/XmlMDataXtd.hxx
+M XmlMDataXtd:privinclude:XmlMDataXtd.jxx /dn43/OCCT/tmp/results_28.02.2011/occt/release-sources-20110228/drv/XmlMDataXtd/XmlMDataXtd.jxx
+M XmlMDataXtd:privinclude:XmlMDataXtd.ixx /dn43/OCCT/tmp/results_28.02.2011/occt/release-sources-20110228/drv/XmlMDataXtd/XmlMDataXtd.ixx
+M XmlMDataXtd:pubinclude:Handle_XmlMDataXtd_AxisDriver.hxx /dn43/OCCT/tmp/results_28.02.2011/occt/release-sources-20110228/inc/Handle_XmlMDataXtd_AxisDriver.hxx
+M XmlMDataXtd:pubinclude:XmlMDataXtd_AxisDriver.hxx /dn43/OCCT/tmp/results_28.02.2011/occt/release-sources-20110228/inc/XmlMDataXtd_AxisDriver.hxx
+M XmlMDataXtd:privinclude:XmlMDataXtd_AxisDriver.jxx /dn43/OCCT/tmp/results_28.02.2011/occt/release-sources-20110228/drv/XmlMDataXtd/XmlMDataXtd_AxisDriver.jxx
+M XmlMDataXtd:privinclude:XmlMDataXtd_AxisDriver.ixx /dn43/OCCT/tmp/results_28.02.2011/occt/release-sources-20110228/drv/XmlMDataXtd/XmlMDataXtd_AxisDriver.ixx
+M XmlMDataXtd:pubinclude:Handle_XmlMDataXtd_ShapeDriver.hxx /dn43/OCCT/tmp/results_28.02.2011/occt/release-sources-20110228/inc/Handle_XmlMDataXtd_ShapeDriver.hxx
+M XmlMDataXtd:pubinclude:XmlMDataXtd_ShapeDriver.hxx /dn43/OCCT/tmp/results_28.02.2011/occt/release-sources-20110228/inc/XmlMDataXtd_ShapeDriver.hxx
+M XmlMDataXtd:privinclude:XmlMDataXtd_ShapeDriver.jxx /dn43/OCCT/tmp/results_28.02.2011/occt/release-sources-20110228/drv/XmlMDataXtd/XmlMDataXtd_ShapeDriver.jxx
+M XmlMDataXtd:privinclude:XmlMDataXtd_ShapeDriver.ixx /dn43/OCCT/tmp/results_28.02.2011/occt/release-sources-20110228/drv/XmlMDataXtd/XmlMDataXtd_ShapeDriver.ixx
+M XmlMDataXtd:pubinclude:Handle_XmlMDataXtd_PointDriver.hxx /dn43/OCCT/tmp/results_28.02.2011/occt/release-sources-20110228/inc/Handle_XmlMDataXtd_PointDriver.hxx
+M XmlMDataXtd:pubinclude:XmlMDataXtd_PointDriver.hxx /dn43/OCCT/tmp/results_28.02.2011/occt/release-sources-20110228/inc/XmlMDataXtd_PointDriver.hxx
+M XmlMDataXtd:privinclude:XmlMDataXtd_PointDriver.jxx /dn43/OCCT/tmp/results_28.02.2011/occt/release-sources-20110228/drv/XmlMDataXtd/XmlMDataXtd_PointDriver.jxx
+M XmlMDataXtd:privinclude:XmlMDataXtd_PointDriver.ixx /dn43/OCCT/tmp/results_28.02.2011/occt/release-sources-20110228/drv/XmlMDataXtd/XmlMDataXtd_PointDriver.ixx
+M XmlMDataXtd:pubinclude:Handle_XmlMDataXtd_PlaneDriver.hxx /dn43/OCCT/tmp/results_28.02.2011/occt/release-sources-20110228/inc/Handle_XmlMDataXtd_PlaneDriver.hxx
+M XmlMDataXtd:pubinclude:XmlMDataXtd_PlaneDriver.hxx /dn43/OCCT/tmp/results_28.02.2011/occt/release-sources-20110228/inc/XmlMDataXtd_PlaneDriver.hxx
+M XmlMDataXtd:privinclude:XmlMDataXtd_PlaneDriver.jxx /dn43/OCCT/tmp/results_28.02.2011/occt/release-sources-20110228/drv/XmlMDataXtd/XmlMDataXtd_PlaneDriver.jxx
+M XmlMDataXtd:privinclude:XmlMDataXtd_PlaneDriver.ixx /dn43/OCCT/tmp/results_28.02.2011/occt/release-sources-20110228/drv/XmlMDataXtd/XmlMDataXtd_PlaneDriver.ixx
+M XmlMDataXtd:pubinclude:Handle_XmlMDataXtd_GeometryDriver.hxx /dn43/OCCT/tmp/results_28.02.2011/occt/release-sources-20110228/inc/Handle_XmlMDataXtd_GeometryDriver.hxx
+M XmlMDataXtd:pubinclude:XmlMDataXtd_GeometryDriver.hxx /dn43/OCCT/tmp/results_28.02.2011/occt/release-sources-20110228/inc/XmlMDataXtd_GeometryDriver.hxx
+M XmlMDataXtd:privinclude:XmlMDataXtd_GeometryDriver.jxx /dn43/OCCT/tmp/results_28.02.2011/occt/release-sources-20110228/drv/XmlMDataXtd/XmlMDataXtd_GeometryDriver.jxx
+M XmlMDataXtd:privinclude:XmlMDataXtd_GeometryDriver.ixx /dn43/OCCT/tmp/results_28.02.2011/occt/release-sources-20110228/drv/XmlMDataXtd/XmlMDataXtd_GeometryDriver.ixx
+M XmlMDataXtd:pubinclude:Handle_XmlMDataXtd_ConstraintDriver.hxx /dn43/OCCT/tmp/results_28.02.2011/occt/release-sources-20110228/inc/Handle_XmlMDataXtd_ConstraintDriver.hxx
+M XmlMDataXtd:pubinclude:XmlMDataXtd_ConstraintDriver.hxx /dn43/OCCT/tmp/results_28.02.2011/occt/release-sources-20110228/inc/XmlMDataXtd_ConstraintDriver.hxx
+M XmlMDataXtd:privinclude:XmlMDataXtd_ConstraintDriver.jxx /dn43/OCCT/tmp/results_28.02.2011/occt/release-sources-20110228/drv/XmlMDataXtd/XmlMDataXtd_ConstraintDriver.jxx
+M XmlMDataXtd:privinclude:XmlMDataXtd_ConstraintDriver.ixx /dn43/OCCT/tmp/results_28.02.2011/occt/release-sources-20110228/drv/XmlMDataXtd/XmlMDataXtd_ConstraintDriver.ixx
+M XmlMDataXtd:pubinclude:Handle_XmlMDataXtd_PlacementDriver.hxx /dn43/OCCT/tmp/results_28.02.2011/occt/release-sources-20110228/inc/Handle_XmlMDataXtd_PlacementDriver.hxx
+M XmlMDataXtd:pubinclude:XmlMDataXtd_PlacementDriver.hxx /dn43/OCCT/tmp/results_28.02.2011/occt/release-sources-20110228/inc/XmlMDataXtd_PlacementDriver.hxx
+M XmlMDataXtd:privinclude:XmlMDataXtd_PlacementDriver.jxx /dn43/OCCT/tmp/results_28.02.2011/occt/release-sources-20110228/drv/XmlMDataXtd/XmlMDataXtd_PlacementDriver.jxx
+M XmlMDataXtd:privinclude:XmlMDataXtd_PlacementDriver.ixx /dn43/OCCT/tmp/results_28.02.2011/occt/release-sources-20110228/drv/XmlMDataXtd/XmlMDataXtd_PlacementDriver.ixx
+M XmlMDataXtd:pubinclude:Handle_XmlMDataXtd_PatternStdDriver.hxx /dn43/OCCT/tmp/results_28.02.2011/occt/release-sources-20110228/inc/Handle_XmlMDataXtd_PatternStdDriver.hxx
+M XmlMDataXtd:pubinclude:XmlMDataXtd_PatternStdDriver.hxx /dn43/OCCT/tmp/results_28.02.2011/occt/release-sources-20110228/inc/XmlMDataXtd_PatternStdDriver.hxx
+M XmlMDataXtd:privinclude:XmlMDataXtd_PatternStdDriver.jxx /dn43/OCCT/tmp/results_28.02.2011/occt/release-sources-20110228/drv/XmlMDataXtd/XmlMDataXtd_PatternStdDriver.jxx
+M XmlMDataXtd:privinclude:XmlMDataXtd_PatternStdDriver.ixx /dn43/OCCT/tmp/results_28.02.2011/occt/release-sources-20110228/drv/XmlMDataXtd/XmlMDataXtd_PatternStdDriver.ixx
+M XmlMDataXtd:dbadmfile:XmlMDataXtd_xcpp_header.In /dn43/OCCT/tmp/results_28.02.2011/occt/release-sources-20110228/drv/XmlMDataXtd/.adm/XmlMDataXtd_xcpp_header.In
+M XmlMDataXtd:dbadmfile:XmlMDataXtd_xcpp_header.Out /dn43/OCCT/tmp/results_28.02.2011/occt/release-sources-20110228/drv/XmlMDataXtd/.adm/XmlMDataXtd_xcpp_header.Out
+M XmlMDataXtd:dbadmfile:XmlMDataXtd_xcpp_header.Dep /dn43/OCCT/tmp/results_28.02.2011/occt/release-sources-20110228/drv/XmlMDataXtd/.adm/XmlMDataXtd_xcpp_header.Dep
