+M StepAP203:pubinclude:StepAP203_ApprovedItem.hxx /dn43/OCCT/tmp/results_28.02.2011/occt/release-sources-20110228/inc/StepAP203_ApprovedItem.hxx
+M StepAP203:privinclude:StepAP203_ApprovedItem.jxx /dn43/OCCT/tmp/results_28.02.2011/occt/release-sources-20110228/drv/StepAP203/StepAP203_ApprovedItem.jxx
+M StepAP203:privinclude:StepAP203_ApprovedItem.ixx /dn43/OCCT/tmp/results_28.02.2011/occt/release-sources-20110228/drv/StepAP203/StepAP203_ApprovedItem.ixx
+M StepAP203:pubinclude:Handle_StepAP203_CcDesignApproval.hxx /dn43/OCCT/tmp/results_28.02.2011/occt/release-sources-20110228/inc/Handle_StepAP203_CcDesignApproval.hxx
+M StepAP203:pubinclude:StepAP203_CcDesignApproval.hxx /dn43/OCCT/tmp/results_28.02.2011/occt/release-sources-20110228/inc/StepAP203_CcDesignApproval.hxx
+M StepAP203:privinclude:StepAP203_CcDesignApproval.jxx /dn43/OCCT/tmp/results_28.02.2011/occt/release-sources-20110228/drv/StepAP203/StepAP203_CcDesignApproval.jxx
+M StepAP203:privinclude:StepAP203_CcDesignApproval.ixx /dn43/OCCT/tmp/results_28.02.2011/occt/release-sources-20110228/drv/StepAP203/StepAP203_CcDesignApproval.ixx
+M StepAP203:pubinclude:Handle_StepAP203_CcDesignCertification.hxx /dn43/OCCT/tmp/results_28.02.2011/occt/release-sources-20110228/inc/Handle_StepAP203_CcDesignCertification.hxx
+M StepAP203:pubinclude:StepAP203_CcDesignCertification.hxx /dn43/OCCT/tmp/results_28.02.2011/occt/release-sources-20110228/inc/StepAP203_CcDesignCertification.hxx
+M StepAP203:privinclude:StepAP203_CcDesignCertification.jxx /dn43/OCCT/tmp/results_28.02.2011/occt/release-sources-20110228/drv/StepAP203/StepAP203_CcDesignCertification.jxx
+M StepAP203:privinclude:StepAP203_CcDesignCertification.ixx /dn43/OCCT/tmp/results_28.02.2011/occt/release-sources-20110228/drv/StepAP203/StepAP203_CcDesignCertification.ixx
+M StepAP203:pubinclude:Handle_StepAP203_CcDesignContract.hxx /dn43/OCCT/tmp/results_28.02.2011/occt/release-sources-20110228/inc/Handle_StepAP203_CcDesignContract.hxx
+M StepAP203:pubinclude:StepAP203_CcDesignContract.hxx /dn43/OCCT/tmp/results_28.02.2011/occt/release-sources-20110228/inc/StepAP203_CcDesignContract.hxx
+M StepAP203:privinclude:StepAP203_CcDesignContract.jxx /dn43/OCCT/tmp/results_28.02.2011/occt/release-sources-20110228/drv/StepAP203/StepAP203_CcDesignContract.jxx
+M StepAP203:privinclude:StepAP203_CcDesignContract.ixx /dn43/OCCT/tmp/results_28.02.2011/occt/release-sources-20110228/drv/StepAP203/StepAP203_CcDesignContract.ixx
+M StepAP203:pubinclude:Handle_StepAP203_CcDesignDateAndTimeAssignment.hxx /dn43/OCCT/tmp/results_28.02.2011/occt/release-sources-20110228/inc/Handle_StepAP203_CcDesignDateAndTimeAssignment.hxx
+M StepAP203:pubinclude:StepAP203_CcDesignDateAndTimeAssignment.hxx /dn43/OCCT/tmp/results_28.02.2011/occt/release-sources-20110228/inc/StepAP203_CcDesignDateAndTimeAssignment.hxx
+M StepAP203:privinclude:StepAP203_CcDesignDateAndTimeAssignment.jxx /dn43/OCCT/tmp/results_28.02.2011/occt/release-sources-20110228/drv/StepAP203/StepAP203_CcDesignDateAndTimeAssignment.jxx
+M StepAP203:privinclude:StepAP203_CcDesignDateAndTimeAssignment.ixx /dn43/OCCT/tmp/results_28.02.2011/occt/release-sources-20110228/drv/StepAP203/StepAP203_CcDesignDateAndTimeAssignment.ixx
+M StepAP203:pubinclude:Handle_StepAP203_CcDesignPersonAndOrganizationAssignment.hxx /dn43/OCCT/tmp/results_28.02.2011/occt/release-sources-20110228/inc/Handle_StepAP203_CcDesignPersonAndOrganizationAssignment.hxx
+M StepAP203:pubinclude:StepAP203_CcDesignPersonAndOrganizationAssignment.hxx /dn43/OCCT/tmp/results_28.02.2011/occt/release-sources-20110228/inc/StepAP203_CcDesignPersonAndOrganizationAssignment.hxx
+M StepAP203:privinclude:StepAP203_CcDesignPersonAndOrganizationAssignment.jxx /dn43/OCCT/tmp/results_28.02.2011/occt/release-sources-20110228/drv/StepAP203/StepAP203_CcDesignPersonAndOrganizationAssignment.jxx
+M StepAP203:privinclude:StepAP203_CcDesignPersonAndOrganizationAssignment.ixx /dn43/OCCT/tmp/results_28.02.2011/occt/release-sources-20110228/drv/StepAP203/StepAP203_CcDesignPersonAndOrganizationAssignment.ixx
+M StepAP203:pubinclude:Handle_StepAP203_CcDesignSecurityClassification.hxx /dn43/OCCT/tmp/results_28.02.2011/occt/release-sources-20110228/inc/Handle_StepAP203_CcDesignSecurityClassification.hxx
+M StepAP203:pubinclude:StepAP203_CcDesignSecurityClassification.hxx /dn43/OCCT/tmp/results_28.02.2011/occt/release-sources-20110228/inc/StepAP203_CcDesignSecurityClassification.hxx
+M StepAP203:privinclude:StepAP203_CcDesignSecurityClassification.jxx /dn43/OCCT/tmp/results_28.02.2011/occt/release-sources-20110228/drv/StepAP203/StepAP203_CcDesignSecurityClassification.jxx
+M StepAP203:privinclude:StepAP203_CcDesignSecurityClassification.ixx /dn43/OCCT/tmp/results_28.02.2011/occt/release-sources-20110228/drv/StepAP203/StepAP203_CcDesignSecurityClassification.ixx
+M StepAP203:pubinclude:Handle_StepAP203_CcDesignSpecificationReference.hxx /dn43/OCCT/tmp/results_28.02.2011/occt/release-sources-20110228/inc/Handle_StepAP203_CcDesignSpecificationReference.hxx
+M StepAP203:pubinclude:StepAP203_CcDesignSpecificationReference.hxx /dn43/OCCT/tmp/results_28.02.2011/occt/release-sources-20110228/inc/StepAP203_CcDesignSpecificationReference.hxx
+M StepAP203:privinclude:StepAP203_CcDesignSpecificationReference.jxx /dn43/OCCT/tmp/results_28.02.2011/occt/release-sources-20110228/drv/StepAP203/StepAP203_CcDesignSpecificationReference.jxx
+M StepAP203:privinclude:StepAP203_CcDesignSpecificationReference.ixx /dn43/OCCT/tmp/results_28.02.2011/occt/release-sources-20110228/drv/StepAP203/StepAP203_CcDesignSpecificationReference.ixx
+M StepAP203:pubinclude:StepAP203_CertifiedItem.hxx /dn43/OCCT/tmp/results_28.02.2011/occt/release-sources-20110228/inc/StepAP203_CertifiedItem.hxx
+M StepAP203:privinclude:StepAP203_CertifiedItem.jxx /dn43/OCCT/tmp/results_28.02.2011/occt/release-sources-20110228/drv/StepAP203/StepAP203_CertifiedItem.jxx
+M StepAP203:privinclude:StepAP203_CertifiedItem.ixx /dn43/OCCT/tmp/results_28.02.2011/occt/release-sources-20110228/drv/StepAP203/StepAP203_CertifiedItem.ixx
+M StepAP203:pubinclude:Handle_StepAP203_Change.hxx /dn43/OCCT/tmp/results_28.02.2011/occt/release-sources-20110228/inc/Handle_StepAP203_Change.hxx
+M StepAP203:pubinclude:StepAP203_Change.hxx /dn43/OCCT/tmp/results_28.02.2011/occt/release-sources-20110228/inc/StepAP203_Change.hxx
+M StepAP203:privinclude:StepAP203_Change.jxx /dn43/OCCT/tmp/results_28.02.2011/occt/release-sources-20110228/drv/StepAP203/StepAP203_Change.jxx
+M StepAP203:privinclude:StepAP203_Change.ixx /dn43/OCCT/tmp/results_28.02.2011/occt/release-sources-20110228/drv/StepAP203/StepAP203_Change.ixx
+M StepAP203:pubinclude:Handle_StepAP203_ChangeRequest.hxx /dn43/OCCT/tmp/results_28.02.2011/occt/release-sources-20110228/inc/Handle_StepAP203_ChangeRequest.hxx
+M StepAP203:pubinclude:StepAP203_ChangeRequest.hxx /dn43/OCCT/tmp/results_28.02.2011/occt/release-sources-20110228/inc/StepAP203_ChangeRequest.hxx
+M StepAP203:privinclude:StepAP203_ChangeRequest.jxx /dn43/OCCT/tmp/results_28.02.2011/occt/release-sources-20110228/drv/StepAP203/StepAP203_ChangeRequest.jxx
+M StepAP203:privinclude:StepAP203_ChangeRequest.ixx /dn43/OCCT/tmp/results_28.02.2011/occt/release-sources-20110228/drv/StepAP203/StepAP203_ChangeRequest.ixx
+M StepAP203:pubinclude:StepAP203_ChangeRequestItem.hxx /dn43/OCCT/tmp/results_28.02.2011/occt/release-sources-20110228/inc/StepAP203_ChangeRequestItem.hxx
+M StepAP203:privinclude:StepAP203_ChangeRequestItem.jxx /dn43/OCCT/tmp/results_28.02.2011/occt/release-sources-20110228/drv/StepAP203/StepAP203_ChangeRequestItem.jxx
+M StepAP203:privinclude:StepAP203_ChangeRequestItem.ixx /dn43/OCCT/tmp/results_28.02.2011/occt/release-sources-20110228/drv/StepAP203/StepAP203_ChangeRequestItem.ixx
+M StepAP203:pubinclude:StepAP203_ClassifiedItem.hxx /dn43/OCCT/tmp/results_28.02.2011/occt/release-sources-20110228/inc/StepAP203_ClassifiedItem.hxx
+M StepAP203:privinclude:StepAP203_ClassifiedItem.jxx /dn43/OCCT/tmp/results_28.02.2011/occt/release-sources-20110228/drv/StepAP203/StepAP203_ClassifiedItem.jxx
+M StepAP203:privinclude:StepAP203_ClassifiedItem.ixx /dn43/OCCT/tmp/results_28.02.2011/occt/release-sources-20110228/drv/StepAP203/StepAP203_ClassifiedItem.ixx
+M StepAP203:pubinclude:StepAP203_ContractedItem.hxx /dn43/OCCT/tmp/results_28.02.2011/occt/release-sources-20110228/inc/StepAP203_ContractedItem.hxx
+M StepAP203:privinclude:StepAP203_ContractedItem.jxx /dn43/OCCT/tmp/results_28.02.2011/occt/release-sources-20110228/drv/StepAP203/StepAP203_ContractedItem.jxx
+M StepAP203:privinclude:StepAP203_ContractedItem.ixx /dn43/OCCT/tmp/results_28.02.2011/occt/release-sources-20110228/drv/StepAP203/StepAP203_ContractedItem.ixx
+M StepAP203:pubinclude:StepAP203_DateTimeItem.hxx /dn43/OCCT/tmp/results_28.02.2011/occt/release-sources-20110228/inc/StepAP203_DateTimeItem.hxx
+M StepAP203:privinclude:StepAP203_DateTimeItem.jxx /dn43/OCCT/tmp/results_28.02.2011/occt/release-sources-20110228/drv/StepAP203/StepAP203_DateTimeItem.jxx
+M StepAP203:privinclude:StepAP203_DateTimeItem.ixx /dn43/OCCT/tmp/results_28.02.2011/occt/release-sources-20110228/drv/StepAP203/StepAP203_DateTimeItem.ixx
+M StepAP203:pubinclude:StepAP203_PersonOrganizationItem.hxx /dn43/OCCT/tmp/results_28.02.2011/occt/release-sources-20110228/inc/StepAP203_PersonOrganizationItem.hxx
+M StepAP203:privinclude:StepAP203_PersonOrganizationItem.jxx /dn43/OCCT/tmp/results_28.02.2011/occt/release-sources-20110228/drv/StepAP203/StepAP203_PersonOrganizationItem.jxx
+M StepAP203:privinclude:StepAP203_PersonOrganizationItem.ixx /dn43/OCCT/tmp/results_28.02.2011/occt/release-sources-20110228/drv/StepAP203/StepAP203_PersonOrganizationItem.ixx
+M StepAP203:pubinclude:StepAP203_SpecifiedItem.hxx /dn43/OCCT/tmp/results_28.02.2011/occt/release-sources-20110228/inc/StepAP203_SpecifiedItem.hxx
+M StepAP203:privinclude:StepAP203_SpecifiedItem.jxx /dn43/OCCT/tmp/results_28.02.2011/occt/release-sources-20110228/drv/StepAP203/StepAP203_SpecifiedItem.jxx
+M StepAP203:privinclude:StepAP203_SpecifiedItem.ixx /dn43/OCCT/tmp/results_28.02.2011/occt/release-sources-20110228/drv/StepAP203/StepAP203_SpecifiedItem.ixx
+M StepAP203:pubinclude:Handle_StepAP203_StartRequest.hxx /dn43/OCCT/tmp/results_28.02.2011/occt/release-sources-20110228/inc/Handle_StepAP203_StartRequest.hxx
+M StepAP203:pubinclude:StepAP203_StartRequest.hxx /dn43/OCCT/tmp/results_28.02.2011/occt/release-sources-20110228/inc/StepAP203_StartRequest.hxx
+M StepAP203:privinclude:StepAP203_StartRequest.jxx /dn43/OCCT/tmp/results_28.02.2011/occt/release-sources-20110228/drv/StepAP203/StepAP203_StartRequest.jxx
+M StepAP203:privinclude:StepAP203_StartRequest.ixx /dn43/OCCT/tmp/results_28.02.2011/occt/release-sources-20110228/drv/StepAP203/StepAP203_StartRequest.ixx
+M StepAP203:pubinclude:StepAP203_StartRequestItem.hxx /dn43/OCCT/tmp/results_28.02.2011/occt/release-sources-20110228/inc/StepAP203_StartRequestItem.hxx
+M StepAP203:privinclude:StepAP203_StartRequestItem.jxx /dn43/OCCT/tmp/results_28.02.2011/occt/release-sources-20110228/drv/StepAP203/StepAP203_StartRequestItem.jxx
+M StepAP203:privinclude:StepAP203_StartRequestItem.ixx /dn43/OCCT/tmp/results_28.02.2011/occt/release-sources-20110228/drv/StepAP203/StepAP203_StartRequestItem.ixx
+M StepAP203:pubinclude:Handle_StepAP203_StartWork.hxx /dn43/OCCT/tmp/results_28.02.2011/occt/release-sources-20110228/inc/Handle_StepAP203_StartWork.hxx
+M StepAP203:pubinclude:StepAP203_StartWork.hxx /dn43/OCCT/tmp/results_28.02.2011/occt/release-sources-20110228/inc/StepAP203_StartWork.hxx
+M StepAP203:privinclude:StepAP203_StartWork.jxx /dn43/OCCT/tmp/results_28.02.2011/occt/release-sources-20110228/drv/StepAP203/StepAP203_StartWork.jxx
+M StepAP203:privinclude:StepAP203_StartWork.ixx /dn43/OCCT/tmp/results_28.02.2011/occt/release-sources-20110228/drv/StepAP203/StepAP203_StartWork.ixx
+M StepAP203:pubinclude:StepAP203_WorkItem.hxx /dn43/OCCT/tmp/results_28.02.2011/occt/release-sources-20110228/inc/StepAP203_WorkItem.hxx
+M StepAP203:privinclude:StepAP203_WorkItem.jxx /dn43/OCCT/tmp/results_28.02.2011/occt/release-sources-20110228/drv/StepAP203/StepAP203_WorkItem.jxx
+M StepAP203:privinclude:StepAP203_WorkItem.ixx /dn43/OCCT/tmp/results_28.02.2011/occt/release-sources-20110228/drv/StepAP203/StepAP203_WorkItem.ixx
+M StepAP203:pubinclude:StepAP203_Array1OfApprovedItem.hxx /dn43/OCCT/tmp/results_28.02.2011/occt/release-sources-20110228/inc/StepAP203_Array1OfApprovedItem.hxx
+M StepAP203:derivated:StepAP203_Array1OfApprovedItem_0.cxx /dn43/OCCT/tmp/results_28.02.2011/occt/release-sources-20110228/drv/StepAP203/StepAP203_Array1OfApprovedItem_0.cxx
+M StepAP203:pubinclude:Handle_StepAP203_HArray1OfApprovedItem.hxx /dn43/OCCT/tmp/results_28.02.2011/occt/release-sources-20110228/inc/Handle_StepAP203_HArray1OfApprovedItem.hxx
+M StepAP203:pubinclude:StepAP203_HArray1OfApprovedItem.hxx /dn43/OCCT/tmp/results_28.02.2011/occt/release-sources-20110228/inc/StepAP203_HArray1OfApprovedItem.hxx
+M StepAP203:derivated:StepAP203_HArray1OfApprovedItem_0.cxx /dn43/OCCT/tmp/results_28.02.2011/occt/release-sources-20110228/drv/StepAP203/StepAP203_HArray1OfApprovedItem_0.cxx
+M StepAP203:pubinclude:StepAP203_Array1OfCertifiedItem.hxx /dn43/OCCT/tmp/results_28.02.2011/occt/release-sources-20110228/inc/StepAP203_Array1OfCertifiedItem.hxx
+M StepAP203:derivated:StepAP203_Array1OfCertifiedItem_0.cxx /dn43/OCCT/tmp/results_28.02.2011/occt/release-sources-20110228/drv/StepAP203/StepAP203_Array1OfCertifiedItem_0.cxx
+M StepAP203:pubinclude:Handle_StepAP203_HArray1OfCertifiedItem.hxx /dn43/OCCT/tmp/results_28.02.2011/occt/release-sources-20110228/inc/Handle_StepAP203_HArray1OfCertifiedItem.hxx
+M StepAP203:pubinclude:StepAP203_HArray1OfCertifiedItem.hxx /dn43/OCCT/tmp/results_28.02.2011/occt/release-sources-20110228/inc/StepAP203_HArray1OfCertifiedItem.hxx
+M StepAP203:derivated:StepAP203_HArray1OfCertifiedItem_0.cxx /dn43/OCCT/tmp/results_28.02.2011/occt/release-sources-20110228/drv/StepAP203/StepAP203_HArray1OfCertifiedItem_0.cxx
+M StepAP203:pubinclude:StepAP203_Array1OfClassifiedItem.hxx /dn43/OCCT/tmp/results_28.02.2011/occt/release-sources-20110228/inc/StepAP203_Array1OfClassifiedItem.hxx
+M StepAP203:derivated:StepAP203_Array1OfClassifiedItem_0.cxx /dn43/OCCT/tmp/results_28.02.2011/occt/release-sources-20110228/drv/StepAP203/StepAP203_Array1OfClassifiedItem_0.cxx
+M StepAP203:pubinclude:Handle_StepAP203_HArray1OfClassifiedItem.hxx /dn43/OCCT/tmp/results_28.02.2011/occt/release-sources-20110228/inc/Handle_StepAP203_HArray1OfClassifiedItem.hxx
+M StepAP203:pubinclude:StepAP203_HArray1OfClassifiedItem.hxx /dn43/OCCT/tmp/results_28.02.2011/occt/release-sources-20110228/inc/StepAP203_HArray1OfClassifiedItem.hxx
+M StepAP203:derivated:StepAP203_HArray1OfClassifiedItem_0.cxx /dn43/OCCT/tmp/results_28.02.2011/occt/release-sources-20110228/drv/StepAP203/StepAP203_HArray1OfClassifiedItem_0.cxx
+M StepAP203:pubinclude:StepAP203_Array1OfContractedItem.hxx /dn43/OCCT/tmp/results_28.02.2011/occt/release-sources-20110228/inc/StepAP203_Array1OfContractedItem.hxx
+M StepAP203:derivated:StepAP203_Array1OfContractedItem_0.cxx /dn43/OCCT/tmp/results_28.02.2011/occt/release-sources-20110228/drv/StepAP203/StepAP203_Array1OfContractedItem_0.cxx
+M StepAP203:pubinclude:Handle_StepAP203_HArray1OfContractedItem.hxx /dn43/OCCT/tmp/results_28.02.2011/occt/release-sources-20110228/inc/Handle_StepAP203_HArray1OfContractedItem.hxx
+M StepAP203:pubinclude:StepAP203_HArray1OfContractedItem.hxx /dn43/OCCT/tmp/results_28.02.2011/occt/release-sources-20110228/inc/StepAP203_HArray1OfContractedItem.hxx
+M StepAP203:derivated:StepAP203_HArray1OfContractedItem_0.cxx /dn43/OCCT/tmp/results_28.02.2011/occt/release-sources-20110228/drv/StepAP203/StepAP203_HArray1OfContractedItem_0.cxx
+M StepAP203:pubinclude:StepAP203_Array1OfDateTimeItem.hxx /dn43/OCCT/tmp/results_28.02.2011/occt/release-sources-20110228/inc/StepAP203_Array1OfDateTimeItem.hxx
+M StepAP203:derivated:StepAP203_Array1OfDateTimeItem_0.cxx /dn43/OCCT/tmp/results_28.02.2011/occt/release-sources-20110228/drv/StepAP203/StepAP203_Array1OfDateTimeItem_0.cxx
+M StepAP203:pubinclude:Handle_StepAP203_HArray1OfDateTimeItem.hxx /dn43/OCCT/tmp/results_28.02.2011/occt/release-sources-20110228/inc/Handle_StepAP203_HArray1OfDateTimeItem.hxx
+M StepAP203:pubinclude:StepAP203_HArray1OfDateTimeItem.hxx /dn43/OCCT/tmp/results_28.02.2011/occt/release-sources-20110228/inc/StepAP203_HArray1OfDateTimeItem.hxx
+M StepAP203:derivated:StepAP203_HArray1OfDateTimeItem_0.cxx /dn43/OCCT/tmp/results_28.02.2011/occt/release-sources-20110228/drv/StepAP203/StepAP203_HArray1OfDateTimeItem_0.cxx
+M StepAP203:pubinclude:StepAP203_Array1OfPersonOrganizationItem.hxx /dn43/OCCT/tmp/results_28.02.2011/occt/release-sources-20110228/inc/StepAP203_Array1OfPersonOrganizationItem.hxx
+M StepAP203:derivated:StepAP203_Array1OfPersonOrganizationItem_0.cxx /dn43/OCCT/tmp/results_28.02.2011/occt/release-sources-20110228/drv/StepAP203/StepAP203_Array1OfPersonOrganizationItem_0.cxx
+M StepAP203:pubinclude:Handle_StepAP203_HArray1OfPersonOrganizationItem.hxx /dn43/OCCT/tmp/results_28.02.2011/occt/release-sources-20110228/inc/Handle_StepAP203_HArray1OfPersonOrganizationItem.hxx
+M StepAP203:pubinclude:StepAP203_HArray1OfPersonOrganizationItem.hxx /dn43/OCCT/tmp/results_28.02.2011/occt/release-sources-20110228/inc/StepAP203_HArray1OfPersonOrganizationItem.hxx
+M StepAP203:derivated:StepAP203_HArray1OfPersonOrganizationItem_0.cxx /dn43/OCCT/tmp/results_28.02.2011/occt/release-sources-20110228/drv/StepAP203/StepAP203_HArray1OfPersonOrganizationItem_0.cxx
+M StepAP203:pubinclude:StepAP203_Array1OfSpecifiedItem.hxx /dn43/OCCT/tmp/results_28.02.2011/occt/release-sources-20110228/inc/StepAP203_Array1OfSpecifiedItem.hxx
+M StepAP203:derivated:StepAP203_Array1OfSpecifiedItem_0.cxx /dn43/OCCT/tmp/results_28.02.2011/occt/release-sources-20110228/drv/StepAP203/StepAP203_Array1OfSpecifiedItem_0.cxx
+M StepAP203:pubinclude:Handle_StepAP203_HArray1OfSpecifiedItem.hxx /dn43/OCCT/tmp/results_28.02.2011/occt/release-sources-20110228/inc/Handle_StepAP203_HArray1OfSpecifiedItem.hxx
+M StepAP203:pubinclude:StepAP203_HArray1OfSpecifiedItem.hxx /dn43/OCCT/tmp/results_28.02.2011/occt/release-sources-20110228/inc/StepAP203_HArray1OfSpecifiedItem.hxx
+M StepAP203:derivated:StepAP203_HArray1OfSpecifiedItem_0.cxx /dn43/OCCT/tmp/results_28.02.2011/occt/release-sources-20110228/drv/StepAP203/StepAP203_HArray1OfSpecifiedItem_0.cxx
+M StepAP203:pubinclude:StepAP203_Array1OfWorkItem.hxx /dn43/OCCT/tmp/results_28.02.2011/occt/release-sources-20110228/inc/StepAP203_Array1OfWorkItem.hxx
+M StepAP203:derivated:StepAP203_Array1OfWorkItem_0.cxx /dn43/OCCT/tmp/results_28.02.2011/occt/release-sources-20110228/drv/StepAP203/StepAP203_Array1OfWorkItem_0.cxx
+M StepAP203:pubinclude:Handle_StepAP203_HArray1OfWorkItem.hxx /dn43/OCCT/tmp/results_28.02.2011/occt/release-sources-20110228/inc/Handle_StepAP203_HArray1OfWorkItem.hxx
+M StepAP203:pubinclude:StepAP203_HArray1OfWorkItem.hxx /dn43/OCCT/tmp/results_28.02.2011/occt/release-sources-20110228/inc/StepAP203_HArray1OfWorkItem.hxx
+M StepAP203:derivated:StepAP203_HArray1OfWorkItem_0.cxx /dn43/OCCT/tmp/results_28.02.2011/occt/release-sources-20110228/drv/StepAP203/StepAP203_HArray1OfWorkItem_0.cxx
+M StepAP203:pubinclude:StepAP203_Array1OfChangeRequestItem.hxx /dn43/OCCT/tmp/results_28.02.2011/occt/release-sources-20110228/inc/StepAP203_Array1OfChangeRequestItem.hxx
+M StepAP203:derivated:StepAP203_Array1OfChangeRequestItem_0.cxx /dn43/OCCT/tmp/results_28.02.2011/occt/release-sources-20110228/drv/StepAP203/StepAP203_Array1OfChangeRequestItem_0.cxx
+M StepAP203:pubinclude:Handle_StepAP203_HArray1OfChangeRequestItem.hxx /dn43/OCCT/tmp/results_28.02.2011/occt/release-sources-20110228/inc/Handle_StepAP203_HArray1OfChangeRequestItem.hxx
+M StepAP203:pubinclude:StepAP203_HArray1OfChangeRequestItem.hxx /dn43/OCCT/tmp/results_28.02.2011/occt/release-sources-20110228/inc/StepAP203_HArray1OfChangeRequestItem.hxx
+M StepAP203:derivated:StepAP203_HArray1OfChangeRequestItem_0.cxx /dn43/OCCT/tmp/results_28.02.2011/occt/release-sources-20110228/drv/StepAP203/StepAP203_HArray1OfChangeRequestItem_0.cxx
+M StepAP203:pubinclude:StepAP203_Array1OfStartRequestItem.hxx /dn43/OCCT/tmp/results_28.02.2011/occt/release-sources-20110228/inc/StepAP203_Array1OfStartRequestItem.hxx
+M StepAP203:derivated:StepAP203_Array1OfStartRequestItem_0.cxx /dn43/OCCT/tmp/results_28.02.2011/occt/release-sources-20110228/drv/StepAP203/StepAP203_Array1OfStartRequestItem_0.cxx
+M StepAP203:pubinclude:Handle_StepAP203_HArray1OfStartRequestItem.hxx /dn43/OCCT/tmp/results_28.02.2011/occt/release-sources-20110228/inc/Handle_StepAP203_HArray1OfStartRequestItem.hxx
+M StepAP203:pubinclude:StepAP203_HArray1OfStartRequestItem.hxx /dn43/OCCT/tmp/results_28.02.2011/occt/release-sources-20110228/inc/StepAP203_HArray1OfStartRequestItem.hxx
+M StepAP203:derivated:StepAP203_HArray1OfStartRequestItem_0.cxx /dn43/OCCT/tmp/results_28.02.2011/occt/release-sources-20110228/drv/StepAP203/StepAP203_HArray1OfStartRequestItem_0.cxx
+M StepAP203:dbadmfile:StepAP203_xcpp_header.In /dn43/OCCT/tmp/results_28.02.2011/occt/release-sources-20110228/drv/StepAP203/.adm/StepAP203_xcpp_header.In
+M StepAP203:dbadmfile:StepAP203_xcpp_header.Out /dn43/OCCT/tmp/results_28.02.2011/occt/release-sources-20110228/drv/StepAP203/.adm/StepAP203_xcpp_header.Out
+M StepAP203:dbadmfile:StepAP203_xcpp_header.Dep /dn43/OCCT/tmp/results_28.02.2011/occt/release-sources-20110228/drv/StepAP203/.adm/StepAP203_xcpp_header.Dep
