+M NCollection:pubinclude:NCollection_TypeDef.hxx /dn43/OCCT/tmp/results_31.05.2011/occt/release-sources-20110531/inc/NCollection_TypeDef.hxx
+M NCollection:pubinclude:NCollection_BaseAllocator.hxx /dn43/OCCT/tmp/results_31.05.2011/occt/release-sources-20110531/inc/NCollection_BaseAllocator.hxx
+M NCollection:pubinclude:NCollection_IncAllocator.hxx /dn43/OCCT/tmp/results_31.05.2011/occt/release-sources-20110531/inc/NCollection_IncAllocator.hxx
+M NCollection:pubinclude:NCollection_HeapAllocator.hxx /dn43/OCCT/tmp/results_31.05.2011/occt/release-sources-20110531/inc/NCollection_HeapAllocator.hxx
+M NCollection:pubinclude:NCollection_ListNode.hxx /dn43/OCCT/tmp/results_31.05.2011/occt/release-sources-20110531/inc/NCollection_ListNode.hxx
+M NCollection:pubinclude:NCollection_BaseList.hxx /dn43/OCCT/tmp/results_31.05.2011/occt/release-sources-20110531/inc/NCollection_BaseList.hxx
+M NCollection:pubinclude:NCollection_BaseSequence.hxx /dn43/OCCT/tmp/results_31.05.2011/occt/release-sources-20110531/inc/NCollection_BaseSequence.hxx
+M NCollection:pubinclude:NCollection_BaseMap.hxx /dn43/OCCT/tmp/results_31.05.2011/occt/release-sources-20110531/inc/NCollection_BaseMap.hxx
+M NCollection:pubinclude:NCollection_BaseCollection.hxx /dn43/OCCT/tmp/results_31.05.2011/occt/release-sources-20110531/inc/NCollection_BaseCollection.hxx
+M NCollection:pubinclude:NCollection_TListNode.hxx /dn43/OCCT/tmp/results_31.05.2011/occt/release-sources-20110531/inc/NCollection_TListNode.hxx
+M NCollection:pubinclude:NCollection_TListIterator.hxx /dn43/OCCT/tmp/results_31.05.2011/occt/release-sources-20110531/inc/NCollection_TListIterator.hxx
+M NCollection:pubinclude:NCollection_Sequence.hxx /dn43/OCCT/tmp/results_31.05.2011/occt/release-sources-20110531/inc/NCollection_Sequence.hxx
+M NCollection:pubinclude:NCollection_HSequence.hxx /dn43/OCCT/tmp/results_31.05.2011/occt/release-sources-20110531/inc/NCollection_HSequence.hxx
+M NCollection:pubinclude:NCollection_Array1.hxx /dn43/OCCT/tmp/results_31.05.2011/occt/release-sources-20110531/inc/NCollection_Array1.hxx
+M NCollection:pubinclude:NCollection_HArray1.hxx /dn43/OCCT/tmp/results_31.05.2011/occt/release-sources-20110531/inc/NCollection_HArray1.hxx
+M NCollection:pubinclude:NCollection_Array2.hxx /dn43/OCCT/tmp/results_31.05.2011/occt/release-sources-20110531/inc/NCollection_Array2.hxx
+M NCollection:pubinclude:NCollection_HArray2.hxx /dn43/OCCT/tmp/results_31.05.2011/occt/release-sources-20110531/inc/NCollection_HArray2.hxx
+M NCollection:pubinclude:NCollection_Queue.hxx /dn43/OCCT/tmp/results_31.05.2011/occt/release-sources-20110531/inc/NCollection_Queue.hxx
+M NCollection:pubinclude:NCollection_Stack.hxx /dn43/OCCT/tmp/results_31.05.2011/occt/release-sources-20110531/inc/NCollection_Stack.hxx
+M NCollection:pubinclude:NCollection_List.hxx /dn43/OCCT/tmp/results_31.05.2011/occt/release-sources-20110531/inc/NCollection_List.hxx
+M NCollection:pubinclude:NCollection_SList.hxx /dn43/OCCT/tmp/results_31.05.2011/occt/release-sources-20110531/inc/NCollection_SList.hxx
+M NCollection:pubinclude:NCollection_Set.hxx /dn43/OCCT/tmp/results_31.05.2011/occt/release-sources-20110531/inc/NCollection_Set.hxx
+M NCollection:pubinclude:NCollection_HSet.hxx /dn43/OCCT/tmp/results_31.05.2011/occt/release-sources-20110531/inc/NCollection_HSet.hxx
+M NCollection:pubinclude:NCollection_Map.hxx /dn43/OCCT/tmp/results_31.05.2011/occt/release-sources-20110531/inc/NCollection_Map.hxx
+M NCollection:pubinclude:NCollection_DataMap.hxx /dn43/OCCT/tmp/results_31.05.2011/occt/release-sources-20110531/inc/NCollection_DataMap.hxx
+M NCollection:pubinclude:NCollection_DoubleMap.hxx /dn43/OCCT/tmp/results_31.05.2011/occt/release-sources-20110531/inc/NCollection_DoubleMap.hxx
+M NCollection:pubinclude:NCollection_IndexedMap.hxx /dn43/OCCT/tmp/results_31.05.2011/occt/release-sources-20110531/inc/NCollection_IndexedMap.hxx
+M NCollection:pubinclude:NCollection_IndexedDataMap.hxx /dn43/OCCT/tmp/results_31.05.2011/occt/release-sources-20110531/inc/NCollection_IndexedDataMap.hxx
+M NCollection:pubinclude:NCollection_DefineBaseCollection.hxx /dn43/OCCT/tmp/results_31.05.2011/occt/release-sources-20110531/inc/NCollection_DefineBaseCollection.hxx
+M NCollection:pubinclude:NCollection_DefineTListIterator.hxx /dn43/OCCT/tmp/results_31.05.2011/occt/release-sources-20110531/inc/NCollection_DefineTListIterator.hxx
+M NCollection:pubinclude:NCollection_DefineTListNode.hxx /dn43/OCCT/tmp/results_31.05.2011/occt/release-sources-20110531/inc/NCollection_DefineTListNode.hxx
+M NCollection:pubinclude:NCollection_DefineArray1.hxx /dn43/OCCT/tmp/results_31.05.2011/occt/release-sources-20110531/inc/NCollection_DefineArray1.hxx
+M NCollection:pubinclude:NCollection_DefineHArray1.hxx /dn43/OCCT/tmp/results_31.05.2011/occt/release-sources-20110531/inc/NCollection_DefineHArray1.hxx
+M NCollection:pubinclude:NCollection_DefineArray2.hxx /dn43/OCCT/tmp/results_31.05.2011/occt/release-sources-20110531/inc/NCollection_DefineArray2.hxx
+M NCollection:pubinclude:NCollection_DefineHArray2.hxx /dn43/OCCT/tmp/results_31.05.2011/occt/release-sources-20110531/inc/NCollection_DefineHArray2.hxx
+M NCollection:pubinclude:NCollection_DefineList.hxx /dn43/OCCT/tmp/results_31.05.2011/occt/release-sources-20110531/inc/NCollection_DefineList.hxx
+M NCollection:pubinclude:NCollection_DefineMap.hxx /dn43/OCCT/tmp/results_31.05.2011/occt/release-sources-20110531/inc/NCollection_DefineMap.hxx
+M NCollection:pubinclude:NCollection_DefineDataMap.hxx /dn43/OCCT/tmp/results_31.05.2011/occt/release-sources-20110531/inc/NCollection_DefineDataMap.hxx
+M NCollection:pubinclude:NCollection_DefineDoubleMap.hxx /dn43/OCCT/tmp/results_31.05.2011/occt/release-sources-20110531/inc/NCollection_DefineDoubleMap.hxx
+M NCollection:pubinclude:NCollection_DefineIndexedMap.hxx /dn43/OCCT/tmp/results_31.05.2011/occt/release-sources-20110531/inc/NCollection_DefineIndexedMap.hxx
+M NCollection:pubinclude:NCollection_DefineIndexedDataMap.hxx /dn43/OCCT/tmp/results_31.05.2011/occt/release-sources-20110531/inc/NCollection_DefineIndexedDataMap.hxx
+M NCollection:pubinclude:NCollection_DefineQueue.hxx /dn43/OCCT/tmp/results_31.05.2011/occt/release-sources-20110531/inc/NCollection_DefineQueue.hxx
+M NCollection:pubinclude:NCollection_DefineSList.hxx /dn43/OCCT/tmp/results_31.05.2011/occt/release-sources-20110531/inc/NCollection_DefineSList.hxx
+M NCollection:pubinclude:NCollection_DefineSequence.hxx /dn43/OCCT/tmp/results_31.05.2011/occt/release-sources-20110531/inc/NCollection_DefineSequence.hxx
+M NCollection:pubinclude:NCollection_DefineHSequence.hxx /dn43/OCCT/tmp/results_31.05.2011/occt/release-sources-20110531/inc/NCollection_DefineHSequence.hxx
+M NCollection:pubinclude:NCollection_DefineSet.hxx /dn43/OCCT/tmp/results_31.05.2011/occt/release-sources-20110531/inc/NCollection_DefineSet.hxx
+M NCollection:pubinclude:NCollection_DefineHSet.hxx /dn43/OCCT/tmp/results_31.05.2011/occt/release-sources-20110531/inc/NCollection_DefineHSet.hxx
+M NCollection:pubinclude:NCollection_DefineStack.hxx /dn43/OCCT/tmp/results_31.05.2011/occt/release-sources-20110531/inc/NCollection_DefineStack.hxx
+M NCollection:pubinclude:NCollection_BaseVector.hxx /dn43/OCCT/tmp/results_31.05.2011/occt/release-sources-20110531/inc/NCollection_BaseVector.hxx
+M NCollection:pubinclude:NCollection_Vector.hxx /dn43/OCCT/tmp/results_31.05.2011/occt/release-sources-20110531/inc/NCollection_Vector.hxx
+M NCollection:pubinclude:NCollection_DefineVector.hxx /dn43/OCCT/tmp/results_31.05.2011/occt/release-sources-20110531/inc/NCollection_DefineVector.hxx
+M NCollection:pubinclude:NCollection_StdBase.hxx /dn43/OCCT/tmp/results_31.05.2011/occt/release-sources-20110531/inc/NCollection_StdBase.hxx
+M NCollection:pubinclude:NCollection_EBTree.hxx /dn43/OCCT/tmp/results_31.05.2011/occt/release-sources-20110531/inc/NCollection_EBTree.hxx
+M NCollection:pubinclude:NCollection_UBTree.hxx /dn43/OCCT/tmp/results_31.05.2011/occt/release-sources-20110531/inc/NCollection_UBTree.hxx
+M NCollection:pubinclude:NCollection_UBTreeFiller.hxx /dn43/OCCT/tmp/results_31.05.2011/occt/release-sources-20110531/inc/NCollection_UBTreeFiller.hxx
+M NCollection:pubinclude:NCollection_SparseArray.hxx /dn43/OCCT/tmp/results_31.05.2011/occt/release-sources-20110531/inc/NCollection_SparseArray.hxx
+M NCollection:pubinclude:NCollection_SparseArrayBase.hxx /dn43/OCCT/tmp/results_31.05.2011/occt/release-sources-20110531/inc/NCollection_SparseArrayBase.hxx
+M NCollection:pubinclude:NCollection_CellFilter.hxx /dn43/OCCT/tmp/results_31.05.2011/occt/release-sources-20110531/inc/NCollection_CellFilter.hxx
+M NCollection:pubinclude:NCollection_Handle.hxx /dn43/OCCT/tmp/results_31.05.2011/occt/release-sources-20110531/inc/NCollection_Handle.hxx
+M NCollection:pubinclude:NCollection_Comparator.hxx /dn43/OCCT/tmp/results_31.05.2011/occt/release-sources-20110531/inc/NCollection_Comparator.hxx
+M NCollection:pubinclude:NCollection_QuickSort.hxx /dn43/OCCT/tmp/results_31.05.2011/occt/release-sources-20110531/inc/NCollection_QuickSort.hxx
+M NCollection:dbadmfile:NCollection_obj_inc.In /dn43/OCCT/tmp/results_31.05.2011/occt/release-sources-20110531/drv/NCollection/.adm/NCollection_obj_inc.In
+M NCollection:dbadmfile:NCollection_obj_inc.Out /dn43/OCCT/tmp/results_31.05.2011/occt/release-sources-20110531/drv/NCollection/.adm/NCollection_obj_inc.Out
+M NCollection:dbadmfile:NCollection_obj_inc.Dep /dn43/OCCT/tmp/results_31.05.2011/occt/release-sources-20110531/drv/NCollection/.adm/NCollection_obj_inc.Dep
