+M DBRep:pubinclude:DBRep.hxx /dn43/OCCT/tmp/results_28.02.2011/occt/release-sources-20110228/inc/DBRep.hxx
+M DBRep:privinclude:DBRep.jxx /dn43/OCCT/tmp/results_28.02.2011/occt/release-sources-20110228/drv/DBRep/DBRep.jxx
+M DBRep:privinclude:DBRep.ixx /dn43/OCCT/tmp/results_28.02.2011/occt/release-sources-20110228/drv/DBRep/DBRep.ixx
+M DBRep:pubinclude:Handle_DBRep_Edge.hxx /dn43/OCCT/tmp/results_28.02.2011/occt/release-sources-20110228/inc/Handle_DBRep_Edge.hxx
+M DBRep:pubinclude:DBRep_Edge.hxx /dn43/OCCT/tmp/results_28.02.2011/occt/release-sources-20110228/inc/DBRep_Edge.hxx
+M DBRep:privinclude:DBRep_Edge.jxx /dn43/OCCT/tmp/results_28.02.2011/occt/release-sources-20110228/drv/DBRep/DBRep_Edge.jxx
+M DBRep:privinclude:DBRep_Edge.ixx /dn43/OCCT/tmp/results_28.02.2011/occt/release-sources-20110228/drv/DBRep/DBRep_Edge.ixx
+M DBRep:pubinclude:DBRep_ListOfEdge.hxx /dn43/OCCT/tmp/results_28.02.2011/occt/release-sources-20110228/inc/DBRep_ListOfEdge.hxx
+M DBRep:derivated:DBRep_ListOfEdge_0.cxx /dn43/OCCT/tmp/results_28.02.2011/occt/release-sources-20110228/drv/DBRep/DBRep_ListOfEdge_0.cxx
+M DBRep:pubinclude:Handle_DBRep_Face.hxx /dn43/OCCT/tmp/results_28.02.2011/occt/release-sources-20110228/inc/Handle_DBRep_Face.hxx
+M DBRep:pubinclude:DBRep_Face.hxx /dn43/OCCT/tmp/results_28.02.2011/occt/release-sources-20110228/inc/DBRep_Face.hxx
+M DBRep:privinclude:DBRep_Face.jxx /dn43/OCCT/tmp/results_28.02.2011/occt/release-sources-20110228/drv/DBRep/DBRep_Face.jxx
+M DBRep:privinclude:DBRep_Face.ixx /dn43/OCCT/tmp/results_28.02.2011/occt/release-sources-20110228/drv/DBRep/DBRep_Face.ixx
+M DBRep:pubinclude:DBRep_ListOfFace.hxx /dn43/OCCT/tmp/results_28.02.2011/occt/release-sources-20110228/inc/DBRep_ListOfFace.hxx
+M DBRep:derivated:DBRep_ListOfFace_0.cxx /dn43/OCCT/tmp/results_28.02.2011/occt/release-sources-20110228/drv/DBRep/DBRep_ListOfFace_0.cxx
+M DBRep:pubinclude:DBRep_HideData.hxx /dn43/OCCT/tmp/results_28.02.2011/occt/release-sources-20110228/inc/DBRep_HideData.hxx
+M DBRep:privinclude:DBRep_HideData.jxx /dn43/OCCT/tmp/results_28.02.2011/occt/release-sources-20110228/drv/DBRep/DBRep_HideData.jxx
+M DBRep:privinclude:DBRep_HideData.ixx /dn43/OCCT/tmp/results_28.02.2011/occt/release-sources-20110228/drv/DBRep/DBRep_HideData.ixx
+M DBRep:pubinclude:DBRep_ListOfHideData.hxx /dn43/OCCT/tmp/results_28.02.2011/occt/release-sources-20110228/inc/DBRep_ListOfHideData.hxx
+M DBRep:derivated:DBRep_ListOfHideData_0.cxx /dn43/OCCT/tmp/results_28.02.2011/occt/release-sources-20110228/drv/DBRep/DBRep_ListOfHideData_0.cxx
+M DBRep:pubinclude:Handle_DBRep_DrawableShape.hxx /dn43/OCCT/tmp/results_28.02.2011/occt/release-sources-20110228/inc/Handle_DBRep_DrawableShape.hxx
+M DBRep:pubinclude:DBRep_DrawableShape.hxx /dn43/OCCT/tmp/results_28.02.2011/occt/release-sources-20110228/inc/DBRep_DrawableShape.hxx
+M DBRep:privinclude:DBRep_DrawableShape.jxx /dn43/OCCT/tmp/results_28.02.2011/occt/release-sources-20110228/drv/DBRep/DBRep_DrawableShape.jxx
+M DBRep:privinclude:DBRep_DrawableShape.ixx /dn43/OCCT/tmp/results_28.02.2011/occt/release-sources-20110228/drv/DBRep/DBRep_DrawableShape.ixx
+M DBRep:pubinclude:DBRep_IsoBuilder.hxx /dn43/OCCT/tmp/results_28.02.2011/occt/release-sources-20110228/inc/DBRep_IsoBuilder.hxx
+M DBRep:privinclude:DBRep_IsoBuilder.jxx /dn43/OCCT/tmp/results_28.02.2011/occt/release-sources-20110228/drv/DBRep/DBRep_IsoBuilder.jxx
+M DBRep:privinclude:DBRep_IsoBuilder.ixx /dn43/OCCT/tmp/results_28.02.2011/occt/release-sources-20110228/drv/DBRep/DBRep_IsoBuilder.ixx
+M DBRep:pubinclude:Handle_DBRep_ListNodeOfListOfEdge.hxx /dn43/OCCT/tmp/results_28.02.2011/occt/release-sources-20110228/inc/Handle_DBRep_ListNodeOfListOfEdge.hxx
+M DBRep:pubinclude:DBRep_ListNodeOfListOfEdge.hxx /dn43/OCCT/tmp/results_28.02.2011/occt/release-sources-20110228/inc/DBRep_ListNodeOfListOfEdge.hxx
+M DBRep:derivated:DBRep_ListNodeOfListOfEdge_0.cxx /dn43/OCCT/tmp/results_28.02.2011/occt/release-sources-20110228/drv/DBRep/DBRep_ListNodeOfListOfEdge_0.cxx
+M DBRep:pubinclude:DBRep_ListIteratorOfListOfEdge.hxx /dn43/OCCT/tmp/results_28.02.2011/occt/release-sources-20110228/inc/DBRep_ListIteratorOfListOfEdge.hxx
+M DBRep:derivated:DBRep_ListIteratorOfListOfEdge_0.cxx /dn43/OCCT/tmp/results_28.02.2011/occt/release-sources-20110228/drv/DBRep/DBRep_ListIteratorOfListOfEdge_0.cxx
+M DBRep:pubinclude:Handle_DBRep_ListNodeOfListOfFace.hxx /dn43/OCCT/tmp/results_28.02.2011/occt/release-sources-20110228/inc/Handle_DBRep_ListNodeOfListOfFace.hxx
+M DBRep:pubinclude:DBRep_ListNodeOfListOfFace.hxx /dn43/OCCT/tmp/results_28.02.2011/occt/release-sources-20110228/inc/DBRep_ListNodeOfListOfFace.hxx
+M DBRep:derivated:DBRep_ListNodeOfListOfFace_0.cxx /dn43/OCCT/tmp/results_28.02.2011/occt/release-sources-20110228/drv/DBRep/DBRep_ListNodeOfListOfFace_0.cxx
+M DBRep:pubinclude:DBRep_ListIteratorOfListOfFace.hxx /dn43/OCCT/tmp/results_28.02.2011/occt/release-sources-20110228/inc/DBRep_ListIteratorOfListOfFace.hxx
+M DBRep:derivated:DBRep_ListIteratorOfListOfFace_0.cxx /dn43/OCCT/tmp/results_28.02.2011/occt/release-sources-20110228/drv/DBRep/DBRep_ListIteratorOfListOfFace_0.cxx
+M DBRep:pubinclude:Handle_DBRep_ListNodeOfListOfHideData.hxx /dn43/OCCT/tmp/results_28.02.2011/occt/release-sources-20110228/inc/Handle_DBRep_ListNodeOfListOfHideData.hxx
+M DBRep:pubinclude:DBRep_ListNodeOfListOfHideData.hxx /dn43/OCCT/tmp/results_28.02.2011/occt/release-sources-20110228/inc/DBRep_ListNodeOfListOfHideData.hxx
+M DBRep:derivated:DBRep_ListNodeOfListOfHideData_0.cxx /dn43/OCCT/tmp/results_28.02.2011/occt/release-sources-20110228/drv/DBRep/DBRep_ListNodeOfListOfHideData_0.cxx
+M DBRep:pubinclude:DBRep_ListIteratorOfListOfHideData.hxx /dn43/OCCT/tmp/results_28.02.2011/occt/release-sources-20110228/inc/DBRep_ListIteratorOfListOfHideData.hxx
+M DBRep:derivated:DBRep_ListIteratorOfListOfHideData_0.cxx /dn43/OCCT/tmp/results_28.02.2011/occt/release-sources-20110228/drv/DBRep/DBRep_ListIteratorOfListOfHideData_0.cxx
+M DBRep:dbadmfile:DBRep_xcpp_header.In /dn43/OCCT/tmp/results_28.02.2011/occt/release-sources-20110228/drv/DBRep/.adm/DBRep_xcpp_header.In
+M DBRep:dbadmfile:DBRep_xcpp_header.Out /dn43/OCCT/tmp/results_28.02.2011/occt/release-sources-20110228/drv/DBRep/.adm/DBRep_xcpp_header.Out
+M DBRep:dbadmfile:DBRep_xcpp_header.Dep /dn43/OCCT/tmp/results_28.02.2011/occt/release-sources-20110228/drv/DBRep/.adm/DBRep_xcpp_header.Dep
