+M StdPrs:pubinclude:StdPrs_ToolPoint.hxx /dn43/OCCT/tmp/results_30.09.2011/occt/release-sources-20110930/inc/StdPrs_ToolPoint.hxx
+M StdPrs:privinclude:StdPrs_ToolPoint.jxx /dn43/OCCT/tmp/results_30.09.2011/occt/release-sources-20110930/drv/StdPrs/StdPrs_ToolPoint.jxx
+M StdPrs:privinclude:StdPrs_ToolPoint.ixx /dn43/OCCT/tmp/results_30.09.2011/occt/release-sources-20110930/drv/StdPrs/StdPrs_ToolPoint.ixx
+M StdPrs:pubinclude:StdPrs_ToolVertex.hxx /dn43/OCCT/tmp/results_30.09.2011/occt/release-sources-20110930/inc/StdPrs_ToolVertex.hxx
+M StdPrs:privinclude:StdPrs_ToolVertex.jxx /dn43/OCCT/tmp/results_30.09.2011/occt/release-sources-20110930/drv/StdPrs/StdPrs_ToolVertex.jxx
+M StdPrs:privinclude:StdPrs_ToolVertex.ixx /dn43/OCCT/tmp/results_30.09.2011/occt/release-sources-20110930/drv/StdPrs/StdPrs_ToolVertex.ixx
+M StdPrs:pubinclude:StdPrs_ToolRFace.hxx /dn43/OCCT/tmp/results_30.09.2011/occt/release-sources-20110930/inc/StdPrs_ToolRFace.hxx
+M StdPrs:privinclude:StdPrs_ToolRFace.jxx /dn43/OCCT/tmp/results_30.09.2011/occt/release-sources-20110930/drv/StdPrs/StdPrs_ToolRFace.jxx
+M StdPrs:privinclude:StdPrs_ToolRFace.ixx /dn43/OCCT/tmp/results_30.09.2011/occt/release-sources-20110930/drv/StdPrs/StdPrs_ToolRFace.ixx
+M StdPrs:pubinclude:StdPrs_HLRToolShape.hxx /dn43/OCCT/tmp/results_30.09.2011/occt/release-sources-20110930/inc/StdPrs_HLRToolShape.hxx
+M StdPrs:privinclude:StdPrs_HLRToolShape.jxx /dn43/OCCT/tmp/results_30.09.2011/occt/release-sources-20110930/drv/StdPrs/StdPrs_HLRToolShape.jxx
+M StdPrs:privinclude:StdPrs_HLRToolShape.ixx /dn43/OCCT/tmp/results_30.09.2011/occt/release-sources-20110930/drv/StdPrs/StdPrs_HLRToolShape.ixx
+M StdPrs:pubinclude:StdPrs_ToolShadedShape.hxx /dn43/OCCT/tmp/results_30.09.2011/occt/release-sources-20110930/inc/StdPrs_ToolShadedShape.hxx
+M StdPrs:privinclude:StdPrs_ToolShadedShape.jxx /dn43/OCCT/tmp/results_30.09.2011/occt/release-sources-20110930/drv/StdPrs/StdPrs_ToolShadedShape.jxx
+M StdPrs:privinclude:StdPrs_ToolShadedShape.ixx /dn43/OCCT/tmp/results_30.09.2011/occt/release-sources-20110930/drv/StdPrs/StdPrs_ToolShadedShape.ixx
+M StdPrs:pubinclude:StdPrs_Point.hxx /dn43/OCCT/tmp/results_30.09.2011/occt/release-sources-20110930/inc/StdPrs_Point.hxx
+M StdPrs:derivated:StdPrs_Point_0.cxx /dn43/OCCT/tmp/results_30.09.2011/occt/release-sources-20110930/drv/StdPrs/StdPrs_Point_0.cxx
+M StdPrs:pubinclude:StdPrs_Vertex.hxx /dn43/OCCT/tmp/results_30.09.2011/occt/release-sources-20110930/inc/StdPrs_Vertex.hxx
+M StdPrs:derivated:StdPrs_Vertex_0.cxx /dn43/OCCT/tmp/results_30.09.2011/occt/release-sources-20110930/drv/StdPrs/StdPrs_Vertex_0.cxx
+M StdPrs:pubinclude:StdPrs_PoleCurve.hxx /dn43/OCCT/tmp/results_30.09.2011/occt/release-sources-20110930/inc/StdPrs_PoleCurve.hxx
+M StdPrs:privinclude:StdPrs_PoleCurve.jxx /dn43/OCCT/tmp/results_30.09.2011/occt/release-sources-20110930/drv/StdPrs/StdPrs_PoleCurve.jxx
+M StdPrs:privinclude:StdPrs_PoleCurve.ixx /dn43/OCCT/tmp/results_30.09.2011/occt/release-sources-20110930/drv/StdPrs/StdPrs_PoleCurve.ixx
+M StdPrs:pubinclude:StdPrs_Plane.hxx /dn43/OCCT/tmp/results_30.09.2011/occt/release-sources-20110930/inc/StdPrs_Plane.hxx
+M StdPrs:privinclude:StdPrs_Plane.jxx /dn43/OCCT/tmp/results_30.09.2011/occt/release-sources-20110930/drv/StdPrs/StdPrs_Plane.jxx
+M StdPrs:privinclude:StdPrs_Plane.ixx /dn43/OCCT/tmp/results_30.09.2011/occt/release-sources-20110930/drv/StdPrs/StdPrs_Plane.ixx
+M StdPrs:pubinclude:StdPrs_WFPoleSurface.hxx /dn43/OCCT/tmp/results_30.09.2011/occt/release-sources-20110930/inc/StdPrs_WFPoleSurface.hxx
+M StdPrs:privinclude:StdPrs_WFPoleSurface.jxx /dn43/OCCT/tmp/results_30.09.2011/occt/release-sources-20110930/drv/StdPrs/StdPrs_WFPoleSurface.jxx
+M StdPrs:privinclude:StdPrs_WFPoleSurface.ixx /dn43/OCCT/tmp/results_30.09.2011/occt/release-sources-20110930/drv/StdPrs/StdPrs_WFPoleSurface.ixx
+M StdPrs:pubinclude:StdPrs_DeflectionCurve.hxx /dn43/OCCT/tmp/results_30.09.2011/occt/release-sources-20110930/inc/StdPrs_DeflectionCurve.hxx
+M StdPrs:privinclude:StdPrs_DeflectionCurve.jxx /dn43/OCCT/tmp/results_30.09.2011/occt/release-sources-20110930/drv/StdPrs/StdPrs_DeflectionCurve.jxx
+M StdPrs:privinclude:StdPrs_DeflectionCurve.ixx /dn43/OCCT/tmp/results_30.09.2011/occt/release-sources-20110930/drv/StdPrs/StdPrs_DeflectionCurve.ixx
+M StdPrs:pubinclude:StdPrs_WFDeflectionSurface.hxx /dn43/OCCT/tmp/results_30.09.2011/occt/release-sources-20110930/inc/StdPrs_WFDeflectionSurface.hxx
+M StdPrs:privinclude:StdPrs_WFDeflectionSurface.jxx /dn43/OCCT/tmp/results_30.09.2011/occt/release-sources-20110930/drv/StdPrs/StdPrs_WFDeflectionSurface.jxx
+M StdPrs:privinclude:StdPrs_WFDeflectionSurface.ixx /dn43/OCCT/tmp/results_30.09.2011/occt/release-sources-20110930/drv/StdPrs/StdPrs_WFDeflectionSurface.ixx
+M StdPrs:pubinclude:StdPrs_ShadedSurface.hxx /dn43/OCCT/tmp/results_30.09.2011/occt/release-sources-20110930/inc/StdPrs_ShadedSurface.hxx
+M StdPrs:privinclude:StdPrs_ShadedSurface.jxx /dn43/OCCT/tmp/results_30.09.2011/occt/release-sources-20110930/drv/StdPrs/StdPrs_ShadedSurface.jxx
+M StdPrs:privinclude:StdPrs_ShadedSurface.ixx /dn43/OCCT/tmp/results_30.09.2011/occt/release-sources-20110930/drv/StdPrs/StdPrs_ShadedSurface.ixx
+M StdPrs:pubinclude:StdPrs_ShadedPoleSurface.hxx /dn43/OCCT/tmp/results_30.09.2011/occt/release-sources-20110930/inc/StdPrs_ShadedPoleSurface.hxx
+M StdPrs:privinclude:StdPrs_ShadedPoleSurface.jxx /dn43/OCCT/tmp/results_30.09.2011/occt/release-sources-20110930/drv/StdPrs/StdPrs_ShadedPoleSurface.jxx
+M StdPrs:privinclude:StdPrs_ShadedPoleSurface.ixx /dn43/OCCT/tmp/results_30.09.2011/occt/release-sources-20110930/drv/StdPrs/StdPrs_ShadedPoleSurface.ixx
+M StdPrs:pubinclude:StdPrs_WFDeflectionRestrictedFace.hxx /dn43/OCCT/tmp/results_30.09.2011/occt/release-sources-20110930/inc/StdPrs_WFDeflectionRestrictedFace.hxx
+M StdPrs:privinclude:StdPrs_WFDeflectionRestrictedFace.jxx /dn43/OCCT/tmp/results_30.09.2011/occt/release-sources-20110930/drv/StdPrs/StdPrs_WFDeflectionRestrictedFace.jxx
+M StdPrs:privinclude:StdPrs_WFDeflectionRestrictedFace.ixx /dn43/OCCT/tmp/results_30.09.2011/occt/release-sources-20110930/drv/StdPrs/StdPrs_WFDeflectionRestrictedFace.ixx
+M StdPrs:pubinclude:StdPrs_WFDeflectionShape.hxx /dn43/OCCT/tmp/results_30.09.2011/occt/release-sources-20110930/inc/StdPrs_WFDeflectionShape.hxx
+M StdPrs:derivated:StdPrs_WFDeflectionShape_0.cxx /dn43/OCCT/tmp/results_30.09.2011/occt/release-sources-20110930/drv/StdPrs/StdPrs_WFDeflectionShape_0.cxx
+M StdPrs:pubinclude:StdPrs_Curve.hxx /dn43/OCCT/tmp/results_30.09.2011/occt/release-sources-20110930/inc/StdPrs_Curve.hxx
+M StdPrs:privinclude:StdPrs_Curve.jxx /dn43/OCCT/tmp/results_30.09.2011/occt/release-sources-20110930/drv/StdPrs/StdPrs_Curve.jxx
+M StdPrs:privinclude:StdPrs_Curve.ixx /dn43/OCCT/tmp/results_30.09.2011/occt/release-sources-20110930/drv/StdPrs/StdPrs_Curve.ixx
+M StdPrs:pubinclude:StdPrs_WFSurface.hxx /dn43/OCCT/tmp/results_30.09.2011/occt/release-sources-20110930/inc/StdPrs_WFSurface.hxx
+M StdPrs:privinclude:StdPrs_WFSurface.jxx /dn43/OCCT/tmp/results_30.09.2011/occt/release-sources-20110930/drv/StdPrs/StdPrs_WFSurface.jxx
+M StdPrs:privinclude:StdPrs_WFSurface.ixx /dn43/OCCT/tmp/results_30.09.2011/occt/release-sources-20110930/drv/StdPrs/StdPrs_WFSurface.ixx
+M StdPrs:pubinclude:StdPrs_WFRestrictedFace.hxx /dn43/OCCT/tmp/results_30.09.2011/occt/release-sources-20110930/inc/StdPrs_WFRestrictedFace.hxx
+M StdPrs:derivated:StdPrs_WFRestrictedFace_0.cxx /dn43/OCCT/tmp/results_30.09.2011/occt/release-sources-20110930/drv/StdPrs/StdPrs_WFRestrictedFace_0.cxx
+M StdPrs:pubinclude:StdPrs_WFShape.hxx /dn43/OCCT/tmp/results_30.09.2011/occt/release-sources-20110930/inc/StdPrs_WFShape.hxx
+M StdPrs:derivated:StdPrs_WFShape_0.cxx /dn43/OCCT/tmp/results_30.09.2011/occt/release-sources-20110930/drv/StdPrs/StdPrs_WFShape_0.cxx
+M StdPrs:pubinclude:StdPrs_ShadedShape.hxx /dn43/OCCT/tmp/results_30.09.2011/occt/release-sources-20110930/inc/StdPrs_ShadedShape.hxx
+M StdPrs:derivated:StdPrs_ShadedShape_0.cxx /dn43/OCCT/tmp/results_30.09.2011/occt/release-sources-20110930/drv/StdPrs/StdPrs_ShadedShape_0.cxx
+M StdPrs:pubinclude:StdPrs_HLRShape.hxx /dn43/OCCT/tmp/results_30.09.2011/occt/release-sources-20110930/inc/StdPrs_HLRShape.hxx
+M StdPrs:derivated:StdPrs_HLRShape_0.cxx /dn43/OCCT/tmp/results_30.09.2011/occt/release-sources-20110930/drv/StdPrs/StdPrs_HLRShape_0.cxx
+M StdPrs:pubinclude:StdPrs_HLRPolyShape.hxx /dn43/OCCT/tmp/results_30.09.2011/occt/release-sources-20110930/inc/StdPrs_HLRPolyShape.hxx
+M StdPrs:privinclude:StdPrs_HLRPolyShape.jxx /dn43/OCCT/tmp/results_30.09.2011/occt/release-sources-20110930/drv/StdPrs/StdPrs_HLRPolyShape.jxx
+M StdPrs:privinclude:StdPrs_HLRPolyShape.ixx /dn43/OCCT/tmp/results_30.09.2011/occt/release-sources-20110930/drv/StdPrs/StdPrs_HLRPolyShape.ixx
+M StdPrs:dbadmfile:StdPrs_xcpp_header.In /dn43/OCCT/tmp/results_30.09.2011/occt/release-sources-20110930/drv/StdPrs/.adm/StdPrs_xcpp_header.In
+M StdPrs:dbadmfile:StdPrs_xcpp_header.Out /dn43/OCCT/tmp/results_30.09.2011/occt/release-sources-20110930/drv/StdPrs/.adm/StdPrs_xcpp_header.Out
+M StdPrs:dbadmfile:StdPrs_xcpp_header.Dep /dn43/OCCT/tmp/results_30.09.2011/occt/release-sources-20110930/drv/StdPrs/.adm/StdPrs_xcpp_header.Dep
