+M Transfer:pubinclude:Transfer_DataInfo.hxx /dn43/OCCT/tmp/results_28.02.2011/occt/release-sources-20110228/inc/Transfer_DataInfo.hxx
+M Transfer:privinclude:Transfer_DataInfo.jxx /dn43/OCCT/tmp/results_28.02.2011/occt/release-sources-20110228/drv/Transfer/Transfer_DataInfo.jxx
+M Transfer:privinclude:Transfer_DataInfo.ixx /dn43/OCCT/tmp/results_28.02.2011/occt/release-sources-20110228/drv/Transfer/Transfer_DataInfo.ixx
+M Transfer:pubinclude:Handle_Transfer_Finder.hxx /dn43/OCCT/tmp/results_28.02.2011/occt/release-sources-20110228/inc/Handle_Transfer_Finder.hxx
+M Transfer:pubinclude:Transfer_Finder.hxx /dn43/OCCT/tmp/results_28.02.2011/occt/release-sources-20110228/inc/Transfer_Finder.hxx
+M Transfer:privinclude:Transfer_Finder.jxx /dn43/OCCT/tmp/results_28.02.2011/occt/release-sources-20110228/drv/Transfer/Transfer_Finder.jxx
+M Transfer:privinclude:Transfer_Finder.ixx /dn43/OCCT/tmp/results_28.02.2011/occt/release-sources-20110228/drv/Transfer/Transfer_Finder.ixx
+M Transfer:pubinclude:Handle_Transfer_TransientMapper.hxx /dn43/OCCT/tmp/results_28.02.2011/occt/release-sources-20110228/inc/Handle_Transfer_TransientMapper.hxx
+M Transfer:pubinclude:Transfer_TransientMapper.hxx /dn43/OCCT/tmp/results_28.02.2011/occt/release-sources-20110228/inc/Transfer_TransientMapper.hxx
+M Transfer:derivated:Transfer_TransientMapper_0.cxx /dn43/OCCT/tmp/results_28.02.2011/occt/release-sources-20110228/drv/Transfer/Transfer_TransientMapper_0.cxx
+M Transfer:pubinclude:Transfer_FindHasher.hxx /dn43/OCCT/tmp/results_28.02.2011/occt/release-sources-20110228/inc/Transfer_FindHasher.hxx
+M Transfer:privinclude:Transfer_FindHasher.jxx /dn43/OCCT/tmp/results_28.02.2011/occt/release-sources-20110228/drv/Transfer/Transfer_FindHasher.jxx
+M Transfer:privinclude:Transfer_FindHasher.ixx /dn43/OCCT/tmp/results_28.02.2011/occt/release-sources-20110228/drv/Transfer/Transfer_FindHasher.ixx
+M Transfer:pubinclude:Handle_Transfer_Binder.hxx /dn43/OCCT/tmp/results_28.02.2011/occt/release-sources-20110228/inc/Handle_Transfer_Binder.hxx
+M Transfer:pubinclude:Transfer_Binder.hxx /dn43/OCCT/tmp/results_28.02.2011/occt/release-sources-20110228/inc/Transfer_Binder.hxx
+M Transfer:privinclude:Transfer_Binder.jxx /dn43/OCCT/tmp/results_28.02.2011/occt/release-sources-20110228/drv/Transfer/Transfer_Binder.jxx
+M Transfer:privinclude:Transfer_Binder.ixx /dn43/OCCT/tmp/results_28.02.2011/occt/release-sources-20110228/drv/Transfer/Transfer_Binder.ixx
+M Transfer:pubinclude:Handle_Transfer_VoidBinder.hxx /dn43/OCCT/tmp/results_28.02.2011/occt/release-sources-20110228/inc/Handle_Transfer_VoidBinder.hxx
+M Transfer:pubinclude:Transfer_VoidBinder.hxx /dn43/OCCT/tmp/results_28.02.2011/occt/release-sources-20110228/inc/Transfer_VoidBinder.hxx
+M Transfer:privinclude:Transfer_VoidBinder.jxx /dn43/OCCT/tmp/results_28.02.2011/occt/release-sources-20110228/drv/Transfer/Transfer_VoidBinder.jxx
+M Transfer:privinclude:Transfer_VoidBinder.ixx /dn43/OCCT/tmp/results_28.02.2011/occt/release-sources-20110228/drv/Transfer/Transfer_VoidBinder.ixx
+M Transfer:pubinclude:Handle_Transfer_SimpleBinderOfTransient.hxx /dn43/OCCT/tmp/results_28.02.2011/occt/release-sources-20110228/inc/Handle_Transfer_SimpleBinderOfTransient.hxx
+M Transfer:pubinclude:Transfer_SimpleBinderOfTransient.hxx /dn43/OCCT/tmp/results_28.02.2011/occt/release-sources-20110228/inc/Transfer_SimpleBinderOfTransient.hxx
+M Transfer:privinclude:Transfer_SimpleBinderOfTransient.jxx /dn43/OCCT/tmp/results_28.02.2011/occt/release-sources-20110228/drv/Transfer/Transfer_SimpleBinderOfTransient.jxx
+M Transfer:privinclude:Transfer_SimpleBinderOfTransient.ixx /dn43/OCCT/tmp/results_28.02.2011/occt/release-sources-20110228/drv/Transfer/Transfer_SimpleBinderOfTransient.ixx
+M Transfer:pubinclude:Handle_Transfer_BinderOfTransientInteger.hxx /dn43/OCCT/tmp/results_28.02.2011/occt/release-sources-20110228/inc/Handle_Transfer_BinderOfTransientInteger.hxx
+M Transfer:pubinclude:Transfer_BinderOfTransientInteger.hxx /dn43/OCCT/tmp/results_28.02.2011/occt/release-sources-20110228/inc/Transfer_BinderOfTransientInteger.hxx
+M Transfer:privinclude:Transfer_BinderOfTransientInteger.jxx /dn43/OCCT/tmp/results_28.02.2011/occt/release-sources-20110228/drv/Transfer/Transfer_BinderOfTransientInteger.jxx
+M Transfer:privinclude:Transfer_BinderOfTransientInteger.ixx /dn43/OCCT/tmp/results_28.02.2011/occt/release-sources-20110228/drv/Transfer/Transfer_BinderOfTransientInteger.ixx
+M Transfer:pubinclude:Handle_Transfer_TransientListBinder.hxx /dn43/OCCT/tmp/results_28.02.2011/occt/release-sources-20110228/inc/Handle_Transfer_TransientListBinder.hxx
+M Transfer:pubinclude:Transfer_TransientListBinder.hxx /dn43/OCCT/tmp/results_28.02.2011/occt/release-sources-20110228/inc/Transfer_TransientListBinder.hxx
+M Transfer:privinclude:Transfer_TransientListBinder.jxx /dn43/OCCT/tmp/results_28.02.2011/occt/release-sources-20110228/drv/Transfer/Transfer_TransientListBinder.jxx
+M Transfer:privinclude:Transfer_TransientListBinder.ixx /dn43/OCCT/tmp/results_28.02.2011/occt/release-sources-20110228/drv/Transfer/Transfer_TransientListBinder.ixx
+M Transfer:pubinclude:Handle_Transfer_MultipleBinder.hxx /dn43/OCCT/tmp/results_28.02.2011/occt/release-sources-20110228/inc/Handle_Transfer_MultipleBinder.hxx
+M Transfer:pubinclude:Transfer_MultipleBinder.hxx /dn43/OCCT/tmp/results_28.02.2011/occt/release-sources-20110228/inc/Transfer_MultipleBinder.hxx
+M Transfer:privinclude:Transfer_MultipleBinder.jxx /dn43/OCCT/tmp/results_28.02.2011/occt/release-sources-20110228/drv/Transfer/Transfer_MultipleBinder.jxx
+M Transfer:privinclude:Transfer_MultipleBinder.ixx /dn43/OCCT/tmp/results_28.02.2011/occt/release-sources-20110228/drv/Transfer/Transfer_MultipleBinder.ixx
+M Transfer:pubinclude:Handle_Transfer_ResultFromTransient.hxx /dn43/OCCT/tmp/results_28.02.2011/occt/release-sources-20110228/inc/Handle_Transfer_ResultFromTransient.hxx
+M Transfer:pubinclude:Transfer_ResultFromTransient.hxx /dn43/OCCT/tmp/results_28.02.2011/occt/release-sources-20110228/inc/Transfer_ResultFromTransient.hxx
+M Transfer:privinclude:Transfer_ResultFromTransient.jxx /dn43/OCCT/tmp/results_28.02.2011/occt/release-sources-20110228/drv/Transfer/Transfer_ResultFromTransient.jxx
+M Transfer:privinclude:Transfer_ResultFromTransient.ixx /dn43/OCCT/tmp/results_28.02.2011/occt/release-sources-20110228/drv/Transfer/Transfer_ResultFromTransient.ixx
+M Transfer:pubinclude:Handle_Transfer_ResultFromModel.hxx /dn43/OCCT/tmp/results_28.02.2011/occt/release-sources-20110228/inc/Handle_Transfer_ResultFromModel.hxx
+M Transfer:pubinclude:Transfer_ResultFromModel.hxx /dn43/OCCT/tmp/results_28.02.2011/occt/release-sources-20110228/inc/Transfer_ResultFromModel.hxx
+M Transfer:privinclude:Transfer_ResultFromModel.jxx /dn43/OCCT/tmp/results_28.02.2011/occt/release-sources-20110228/drv/Transfer/Transfer_ResultFromModel.jxx
+M Transfer:privinclude:Transfer_ResultFromModel.ixx /dn43/OCCT/tmp/results_28.02.2011/occt/release-sources-20110228/drv/Transfer/Transfer_ResultFromModel.ixx
+M Transfer:pubinclude:Transfer_TransferIterator.hxx /dn43/OCCT/tmp/results_28.02.2011/occt/release-sources-20110228/inc/Transfer_TransferIterator.hxx
+M Transfer:privinclude:Transfer_TransferIterator.jxx /dn43/OCCT/tmp/results_28.02.2011/occt/release-sources-20110228/drv/Transfer/Transfer_TransferIterator.jxx
+M Transfer:privinclude:Transfer_TransferIterator.ixx /dn43/OCCT/tmp/results_28.02.2011/occt/release-sources-20110228/drv/Transfer/Transfer_TransferIterator.ixx
+M Transfer:pubinclude:Handle_Transfer_ProcessForTransient.hxx /dn43/OCCT/tmp/results_28.02.2011/occt/release-sources-20110228/inc/Handle_Transfer_ProcessForTransient.hxx
+M Transfer:pubinclude:Transfer_ProcessForTransient.hxx /dn43/OCCT/tmp/results_28.02.2011/occt/release-sources-20110228/inc/Transfer_ProcessForTransient.hxx
+M Transfer:derivated:Transfer_ProcessForTransient_0.cxx /dn43/OCCT/tmp/results_28.02.2011/occt/release-sources-20110228/drv/Transfer/Transfer_ProcessForTransient_0.cxx
+M Transfer:pubinclude:Handle_Transfer_TransientProcess.hxx /dn43/OCCT/tmp/results_28.02.2011/occt/release-sources-20110228/inc/Handle_Transfer_TransientProcess.hxx
+M Transfer:pubinclude:Transfer_TransientProcess.hxx /dn43/OCCT/tmp/results_28.02.2011/occt/release-sources-20110228/inc/Transfer_TransientProcess.hxx
+M Transfer:privinclude:Transfer_TransientProcess.jxx /dn43/OCCT/tmp/results_28.02.2011/occt/release-sources-20110228/drv/Transfer/Transfer_TransientProcess.jxx
+M Transfer:privinclude:Transfer_TransientProcess.ixx /dn43/OCCT/tmp/results_28.02.2011/occt/release-sources-20110228/drv/Transfer/Transfer_TransientProcess.ixx
+M Transfer:pubinclude:Handle_Transfer_ActorOfTransientProcess.hxx /dn43/OCCT/tmp/results_28.02.2011/occt/release-sources-20110228/inc/Handle_Transfer_ActorOfTransientProcess.hxx
+M Transfer:pubinclude:Transfer_ActorOfTransientProcess.hxx /dn43/OCCT/tmp/results_28.02.2011/occt/release-sources-20110228/inc/Transfer_ActorOfTransientProcess.hxx
+M Transfer:privinclude:Transfer_ActorOfTransientProcess.jxx /dn43/OCCT/tmp/results_28.02.2011/occt/release-sources-20110228/drv/Transfer/Transfer_ActorOfTransientProcess.jxx
+M Transfer:privinclude:Transfer_ActorOfTransientProcess.ixx /dn43/OCCT/tmp/results_28.02.2011/occt/release-sources-20110228/drv/Transfer/Transfer_ActorOfTransientProcess.ixx
+M Transfer:pubinclude:Transfer_SequenceOfFinder.hxx /dn43/OCCT/tmp/results_28.02.2011/occt/release-sources-20110228/inc/Transfer_SequenceOfFinder.hxx
+M Transfer:derivated:Transfer_SequenceOfFinder_0.cxx /dn43/OCCT/tmp/results_28.02.2011/occt/release-sources-20110228/drv/Transfer/Transfer_SequenceOfFinder_0.cxx
+M Transfer:pubinclude:Handle_Transfer_HSequenceOfFinder.hxx /dn43/OCCT/tmp/results_28.02.2011/occt/release-sources-20110228/inc/Handle_Transfer_HSequenceOfFinder.hxx
+M Transfer:pubinclude:Transfer_HSequenceOfFinder.hxx /dn43/OCCT/tmp/results_28.02.2011/occt/release-sources-20110228/inc/Transfer_HSequenceOfFinder.hxx
+M Transfer:derivated:Transfer_HSequenceOfFinder_0.cxx /dn43/OCCT/tmp/results_28.02.2011/occt/release-sources-20110228/drv/Transfer/Transfer_HSequenceOfFinder_0.cxx
+M Transfer:pubinclude:Handle_Transfer_ProcessForFinder.hxx /dn43/OCCT/tmp/results_28.02.2011/occt/release-sources-20110228/inc/Handle_Transfer_ProcessForFinder.hxx
+M Transfer:pubinclude:Transfer_ProcessForFinder.hxx /dn43/OCCT/tmp/results_28.02.2011/occt/release-sources-20110228/inc/Transfer_ProcessForFinder.hxx
+M Transfer:derivated:Transfer_ProcessForFinder_0.cxx /dn43/OCCT/tmp/results_28.02.2011/occt/release-sources-20110228/drv/Transfer/Transfer_ProcessForFinder_0.cxx
+M Transfer:pubinclude:Handle_Transfer_FinderProcess.hxx /dn43/OCCT/tmp/results_28.02.2011/occt/release-sources-20110228/inc/Handle_Transfer_FinderProcess.hxx
+M Transfer:pubinclude:Transfer_FinderProcess.hxx /dn43/OCCT/tmp/results_28.02.2011/occt/release-sources-20110228/inc/Transfer_FinderProcess.hxx
+M Transfer:privinclude:Transfer_FinderProcess.jxx /dn43/OCCT/tmp/results_28.02.2011/occt/release-sources-20110228/drv/Transfer/Transfer_FinderProcess.jxx
+M Transfer:privinclude:Transfer_FinderProcess.ixx /dn43/OCCT/tmp/results_28.02.2011/occt/release-sources-20110228/drv/Transfer/Transfer_FinderProcess.ixx
+M Transfer:pubinclude:Handle_Transfer_ActorOfFinderProcess.hxx /dn43/OCCT/tmp/results_28.02.2011/occt/release-sources-20110228/inc/Handle_Transfer_ActorOfFinderProcess.hxx
+M Transfer:pubinclude:Transfer_ActorOfFinderProcess.hxx /dn43/OCCT/tmp/results_28.02.2011/occt/release-sources-20110228/inc/Transfer_ActorOfFinderProcess.hxx
+M Transfer:privinclude:Transfer_ActorOfFinderProcess.jxx /dn43/OCCT/tmp/results_28.02.2011/occt/release-sources-20110228/drv/Transfer/Transfer_ActorOfFinderProcess.jxx
+M Transfer:privinclude:Transfer_ActorOfFinderProcess.ixx /dn43/OCCT/tmp/results_28.02.2011/occt/release-sources-20110228/drv/Transfer/Transfer_ActorOfFinderProcess.ixx
+M Transfer:pubinclude:Transfer_TransferOutput.hxx /dn43/OCCT/tmp/results_28.02.2011/occt/release-sources-20110228/inc/Transfer_TransferOutput.hxx
+M Transfer:privinclude:Transfer_TransferOutput.jxx /dn43/OCCT/tmp/results_28.02.2011/occt/release-sources-20110228/drv/Transfer/Transfer_TransferOutput.jxx
+M Transfer:privinclude:Transfer_TransferOutput.ixx /dn43/OCCT/tmp/results_28.02.2011/occt/release-sources-20110228/drv/Transfer/Transfer_TransferOutput.ixx
+M Transfer:pubinclude:Transfer_TransferInput.hxx /dn43/OCCT/tmp/results_28.02.2011/occt/release-sources-20110228/inc/Transfer_TransferInput.hxx
+M Transfer:privinclude:Transfer_TransferInput.jxx /dn43/OCCT/tmp/results_28.02.2011/occt/release-sources-20110228/drv/Transfer/Transfer_TransferInput.jxx
+M Transfer:privinclude:Transfer_TransferInput.ixx /dn43/OCCT/tmp/results_28.02.2011/occt/release-sources-20110228/drv/Transfer/Transfer_TransferInput.ixx
+M Transfer:pubinclude:Handle_Transfer_DispatchControl.hxx /dn43/OCCT/tmp/results_28.02.2011/occt/release-sources-20110228/inc/Handle_Transfer_DispatchControl.hxx
+M Transfer:pubinclude:Transfer_DispatchControl.hxx /dn43/OCCT/tmp/results_28.02.2011/occt/release-sources-20110228/inc/Transfer_DispatchControl.hxx
+M Transfer:privinclude:Transfer_DispatchControl.jxx /dn43/OCCT/tmp/results_28.02.2011/occt/release-sources-20110228/drv/Transfer/Transfer_DispatchControl.jxx
+M Transfer:privinclude:Transfer_DispatchControl.ixx /dn43/OCCT/tmp/results_28.02.2011/occt/release-sources-20110228/drv/Transfer/Transfer_DispatchControl.ixx
+M Transfer:pubinclude:Transfer_TransferDispatch.hxx /dn43/OCCT/tmp/results_28.02.2011/occt/release-sources-20110228/inc/Transfer_TransferDispatch.hxx
+M Transfer:privinclude:Transfer_TransferDispatch.jxx /dn43/OCCT/tmp/results_28.02.2011/occt/release-sources-20110228/drv/Transfer/Transfer_TransferDispatch.jxx
+M Transfer:privinclude:Transfer_TransferDispatch.ixx /dn43/OCCT/tmp/results_28.02.2011/occt/release-sources-20110228/drv/Transfer/Transfer_TransferDispatch.ixx
+M Transfer:pubinclude:Handle_Transfer_ActorDispatch.hxx /dn43/OCCT/tmp/results_28.02.2011/occt/release-sources-20110228/inc/Handle_Transfer_ActorDispatch.hxx
+M Transfer:pubinclude:Transfer_ActorDispatch.hxx /dn43/OCCT/tmp/results_28.02.2011/occt/release-sources-20110228/inc/Transfer_ActorDispatch.hxx
+M Transfer:privinclude:Transfer_ActorDispatch.jxx /dn43/OCCT/tmp/results_28.02.2011/occt/release-sources-20110228/drv/Transfer/Transfer_ActorDispatch.jxx
+M Transfer:privinclude:Transfer_ActorDispatch.ixx /dn43/OCCT/tmp/results_28.02.2011/occt/release-sources-20110228/drv/Transfer/Transfer_ActorDispatch.ixx
+M Transfer:pubinclude:Handle_Transfer_MapContainer.hxx /dn43/OCCT/tmp/results_28.02.2011/occt/release-sources-20110228/inc/Handle_Transfer_MapContainer.hxx
+M Transfer:pubinclude:Transfer_MapContainer.hxx /dn43/OCCT/tmp/results_28.02.2011/occt/release-sources-20110228/inc/Transfer_MapContainer.hxx
+M Transfer:privinclude:Transfer_MapContainer.jxx /dn43/OCCT/tmp/results_28.02.2011/occt/release-sources-20110228/drv/Transfer/Transfer_MapContainer.jxx
+M Transfer:privinclude:Transfer_MapContainer.ixx /dn43/OCCT/tmp/results_28.02.2011/occt/release-sources-20110228/drv/Transfer/Transfer_MapContainer.ixx
+M Transfer:pubinclude:Transfer_SequenceOfBinder.hxx /dn43/OCCT/tmp/results_28.02.2011/occt/release-sources-20110228/inc/Transfer_SequenceOfBinder.hxx
+M Transfer:derivated:Transfer_SequenceOfBinder_0.cxx /dn43/OCCT/tmp/results_28.02.2011/occt/release-sources-20110228/drv/Transfer/Transfer_SequenceOfBinder_0.cxx
+M Transfer:pubinclude:Handle_Transfer_HSequenceOfBinder.hxx /dn43/OCCT/tmp/results_28.02.2011/occt/release-sources-20110228/inc/Handle_Transfer_HSequenceOfBinder.hxx
+M Transfer:pubinclude:Transfer_HSequenceOfBinder.hxx /dn43/OCCT/tmp/results_28.02.2011/occt/release-sources-20110228/inc/Transfer_HSequenceOfBinder.hxx
+M Transfer:derivated:Transfer_HSequenceOfBinder_0.cxx /dn43/OCCT/tmp/results_28.02.2011/occt/release-sources-20110228/drv/Transfer/Transfer_HSequenceOfBinder_0.cxx
+M Transfer:pubinclude:Handle_Transfer_IndexedDataMapNodeOfTransferMapOfProcessForTransient.hxx /dn43/OCCT/tmp/results_28.02.2011/occt/release-sources-20110228/inc/Handle_Transfer_IndexedDataMapNodeOfTransferMapOfProcessForTransient.hxx
+M Transfer:pubinclude:Transfer_IndexedDataMapNodeOfTransferMapOfProcessForTransient.hxx /dn43/OCCT/tmp/results_28.02.2011/occt/release-sources-20110228/inc/Transfer_IndexedDataMapNodeOfTransferMapOfProcessForTransient.hxx
+M Transfer:derivated:Transfer_IndexedDataMapNodeOfTransferMapOfProcessForTransient_0.cxx /dn43/OCCT/tmp/results_28.02.2011/occt/release-sources-20110228/drv/Transfer/Transfer_IndexedDataMapNodeOfTransferMapOfProcessForTransient_0.cxx
+M Transfer:pubinclude:Transfer_TransferMapOfProcessForTransient.hxx /dn43/OCCT/tmp/results_28.02.2011/occt/release-sources-20110228/inc/Transfer_TransferMapOfProcessForTransient.hxx
+M Transfer:derivated:Transfer_TransferMapOfProcessForTransient_0.cxx /dn43/OCCT/tmp/results_28.02.2011/occt/release-sources-20110228/drv/Transfer/Transfer_TransferMapOfProcessForTransient_0.cxx
+M Transfer:pubinclude:Transfer_IteratorOfProcessForTransient.hxx /dn43/OCCT/tmp/results_28.02.2011/occt/release-sources-20110228/inc/Transfer_IteratorOfProcessForTransient.hxx
+M Transfer:derivated:Transfer_IteratorOfProcessForTransient_0.cxx /dn43/OCCT/tmp/results_28.02.2011/occt/release-sources-20110228/drv/Transfer/Transfer_IteratorOfProcessForTransient_0.cxx
+M Transfer:pubinclude:Handle_Transfer_ActorOfProcessForTransient.hxx /dn43/OCCT/tmp/results_28.02.2011/occt/release-sources-20110228/inc/Handle_Transfer_ActorOfProcessForTransient.hxx
+M Transfer:pubinclude:Transfer_ActorOfProcessForTransient.hxx /dn43/OCCT/tmp/results_28.02.2011/occt/release-sources-20110228/inc/Transfer_ActorOfProcessForTransient.hxx
+M Transfer:derivated:Transfer_ActorOfProcessForTransient_0.cxx /dn43/OCCT/tmp/results_28.02.2011/occt/release-sources-20110228/drv/Transfer/Transfer_ActorOfProcessForTransient_0.cxx
+M Transfer:pubinclude:Handle_Transfer_SequenceNodeOfSequenceOfFinder.hxx /dn43/OCCT/tmp/results_28.02.2011/occt/release-sources-20110228/inc/Handle_Transfer_SequenceNodeOfSequenceOfFinder.hxx
+M Transfer:pubinclude:Transfer_SequenceNodeOfSequenceOfFinder.hxx /dn43/OCCT/tmp/results_28.02.2011/occt/release-sources-20110228/inc/Transfer_SequenceNodeOfSequenceOfFinder.hxx
+M Transfer:derivated:Transfer_SequenceNodeOfSequenceOfFinder_0.cxx /dn43/OCCT/tmp/results_28.02.2011/occt/release-sources-20110228/drv/Transfer/Transfer_SequenceNodeOfSequenceOfFinder_0.cxx
+M Transfer:pubinclude:Handle_Transfer_IndexedDataMapNodeOfTransferMapOfProcessForFinder.hxx /dn43/OCCT/tmp/results_28.02.2011/occt/release-sources-20110228/inc/Handle_Transfer_IndexedDataMapNodeOfTransferMapOfProcessForFinder.hxx
+M Transfer:pubinclude:Transfer_IndexedDataMapNodeOfTransferMapOfProcessForFinder.hxx /dn43/OCCT/tmp/results_28.02.2011/occt/release-sources-20110228/inc/Transfer_IndexedDataMapNodeOfTransferMapOfProcessForFinder.hxx
+M Transfer:derivated:Transfer_IndexedDataMapNodeOfTransferMapOfProcessForFinder_0.cxx /dn43/OCCT/tmp/results_28.02.2011/occt/release-sources-20110228/drv/Transfer/Transfer_IndexedDataMapNodeOfTransferMapOfProcessForFinder_0.cxx
+M Transfer:pubinclude:Transfer_TransferMapOfProcessForFinder.hxx /dn43/OCCT/tmp/results_28.02.2011/occt/release-sources-20110228/inc/Transfer_TransferMapOfProcessForFinder.hxx
+M Transfer:derivated:Transfer_TransferMapOfProcessForFinder_0.cxx /dn43/OCCT/tmp/results_28.02.2011/occt/release-sources-20110228/drv/Transfer/Transfer_TransferMapOfProcessForFinder_0.cxx
+M Transfer:pubinclude:Transfer_IteratorOfProcessForFinder.hxx /dn43/OCCT/tmp/results_28.02.2011/occt/release-sources-20110228/inc/Transfer_IteratorOfProcessForFinder.hxx
+M Transfer:derivated:Transfer_IteratorOfProcessForFinder_0.cxx /dn43/OCCT/tmp/results_28.02.2011/occt/release-sources-20110228/drv/Transfer/Transfer_IteratorOfProcessForFinder_0.cxx
+M Transfer:pubinclude:Handle_Transfer_ActorOfProcessForFinder.hxx /dn43/OCCT/tmp/results_28.02.2011/occt/release-sources-20110228/inc/Handle_Transfer_ActorOfProcessForFinder.hxx
+M Transfer:pubinclude:Transfer_ActorOfProcessForFinder.hxx /dn43/OCCT/tmp/results_28.02.2011/occt/release-sources-20110228/inc/Transfer_ActorOfProcessForFinder.hxx
+M Transfer:derivated:Transfer_ActorOfProcessForFinder_0.cxx /dn43/OCCT/tmp/results_28.02.2011/occt/release-sources-20110228/drv/Transfer/Transfer_ActorOfProcessForFinder_0.cxx
+M Transfer:pubinclude:Handle_Transfer_SequenceNodeOfSequenceOfBinder.hxx /dn43/OCCT/tmp/results_28.02.2011/occt/release-sources-20110228/inc/Handle_Transfer_SequenceNodeOfSequenceOfBinder.hxx
+M Transfer:pubinclude:Transfer_SequenceNodeOfSequenceOfBinder.hxx /dn43/OCCT/tmp/results_28.02.2011/occt/release-sources-20110228/inc/Transfer_SequenceNodeOfSequenceOfBinder.hxx
+M Transfer:derivated:Transfer_SequenceNodeOfSequenceOfBinder_0.cxx /dn43/OCCT/tmp/results_28.02.2011/occt/release-sources-20110228/drv/Transfer/Transfer_SequenceNodeOfSequenceOfBinder_0.cxx
+M Transfer:pubinclude:Handle_Transfer_TransferFailure.hxx /dn43/OCCT/tmp/results_28.02.2011/occt/release-sources-20110228/inc/Handle_Transfer_TransferFailure.hxx
+M Transfer:pubinclude:Transfer_TransferFailure.hxx /dn43/OCCT/tmp/results_28.02.2011/occt/release-sources-20110228/inc/Transfer_TransferFailure.hxx
+M Transfer:derivated:Transfer_TransferFailure_0.cxx /dn43/OCCT/tmp/results_28.02.2011/occt/release-sources-20110228/drv/Transfer/Transfer_TransferFailure_0.cxx
+M Transfer:pubinclude:Handle_Transfer_TransferDeadLoop.hxx /dn43/OCCT/tmp/results_28.02.2011/occt/release-sources-20110228/inc/Handle_Transfer_TransferDeadLoop.hxx
+M Transfer:pubinclude:Transfer_TransferDeadLoop.hxx /dn43/OCCT/tmp/results_28.02.2011/occt/release-sources-20110228/inc/Transfer_TransferDeadLoop.hxx
+M Transfer:derivated:Transfer_TransferDeadLoop_0.cxx /dn43/OCCT/tmp/results_28.02.2011/occt/release-sources-20110228/drv/Transfer/Transfer_TransferDeadLoop_0.cxx
+M Transfer:pubinclude:Transfer_StatusResult.hxx /dn43/OCCT/tmp/results_28.02.2011/occt/release-sources-20110228/inc/Transfer_StatusResult.hxx
+M Transfer:pubinclude:Transfer_StatusExec.hxx /dn43/OCCT/tmp/results_28.02.2011/occt/release-sources-20110228/inc/Transfer_StatusExec.hxx
+M Transfer:pubinclude:Transfer_UndefMode.hxx /dn43/OCCT/tmp/results_28.02.2011/occt/release-sources-20110228/inc/Transfer_UndefMode.hxx
+M Transfer:dbadmfile:Transfer_xcpp_header.In /dn43/OCCT/tmp/results_28.02.2011/occt/release-sources-20110228/drv/Transfer/.adm/Transfer_xcpp_header.In
+M Transfer:dbadmfile:Transfer_xcpp_header.Out /dn43/OCCT/tmp/results_28.02.2011/occt/release-sources-20110228/drv/Transfer/.adm/Transfer_xcpp_header.Out
+M Transfer:dbadmfile:Transfer_xcpp_header.Dep /dn43/OCCT/tmp/results_28.02.2011/occt/release-sources-20110228/drv/Transfer/.adm/Transfer_xcpp_header.Dep
