+M PTColStd:pubinclude:PTColStd_MapPersistentHasher.hxx /dn43/OCCT/tmp/results_28.02.2011/occt/release-sources-20110228/inc/PTColStd_MapPersistentHasher.hxx
+M PTColStd:derivated:PTColStd_MapPersistentHasher_0.cxx /dn43/OCCT/tmp/results_28.02.2011/occt/release-sources-20110228/drv/PTColStd/PTColStd_MapPersistentHasher_0.cxx
+M PTColStd:pubinclude:PTColStd_DoubleMapOfTransientPersistent.hxx /dn43/OCCT/tmp/results_28.02.2011/occt/release-sources-20110228/inc/PTColStd_DoubleMapOfTransientPersistent.hxx
+M PTColStd:derivated:PTColStd_DoubleMapOfTransientPersistent_0.cxx /dn43/OCCT/tmp/results_28.02.2011/occt/release-sources-20110228/drv/PTColStd/PTColStd_DoubleMapOfTransientPersistent_0.cxx
+M PTColStd:pubinclude:PTColStd_TransientPersistentMap.hxx /dn43/OCCT/tmp/results_28.02.2011/occt/release-sources-20110228/inc/PTColStd_TransientPersistentMap.hxx
+M PTColStd:derivated:PTColStd_TransientPersistentMap_0.cxx /dn43/OCCT/tmp/results_28.02.2011/occt/release-sources-20110228/drv/PTColStd/PTColStd_TransientPersistentMap_0.cxx
+M PTColStd:pubinclude:PTColStd_PersistentTransientMap.hxx /dn43/OCCT/tmp/results_28.02.2011/occt/release-sources-20110228/inc/PTColStd_PersistentTransientMap.hxx
+M PTColStd:derivated:PTColStd_PersistentTransientMap_0.cxx /dn43/OCCT/tmp/results_28.02.2011/occt/release-sources-20110228/drv/PTColStd/PTColStd_PersistentTransientMap_0.cxx
+M PTColStd:pubinclude:Handle_PTColStd_DoubleMapNodeOfDoubleMapOfTransientPersistent.hxx /dn43/OCCT/tmp/results_28.02.2011/occt/release-sources-20110228/inc/Handle_PTColStd_DoubleMapNodeOfDoubleMapOfTransientPersistent.hxx
+M PTColStd:pubinclude:PTColStd_DoubleMapNodeOfDoubleMapOfTransientPersistent.hxx /dn43/OCCT/tmp/results_28.02.2011/occt/release-sources-20110228/inc/PTColStd_DoubleMapNodeOfDoubleMapOfTransientPersistent.hxx
+M PTColStd:derivated:PTColStd_DoubleMapNodeOfDoubleMapOfTransientPersistent_0.cxx /dn43/OCCT/tmp/results_28.02.2011/occt/release-sources-20110228/drv/PTColStd/PTColStd_DoubleMapNodeOfDoubleMapOfTransientPersistent_0.cxx
+M PTColStd:pubinclude:PTColStd_DoubleMapIteratorOfDoubleMapOfTransientPersistent.hxx /dn43/OCCT/tmp/results_28.02.2011/occt/release-sources-20110228/inc/PTColStd_DoubleMapIteratorOfDoubleMapOfTransientPersistent.hxx
+M PTColStd:derivated:PTColStd_DoubleMapIteratorOfDoubleMapOfTransientPersistent_0.cxx /dn43/OCCT/tmp/results_28.02.2011/occt/release-sources-20110228/drv/PTColStd/PTColStd_DoubleMapIteratorOfDoubleMapOfTransientPersistent_0.cxx
+M PTColStd:pubinclude:Handle_PTColStd_DataMapNodeOfTransientPersistentMap.hxx /dn43/OCCT/tmp/results_28.02.2011/occt/release-sources-20110228/inc/Handle_PTColStd_DataMapNodeOfTransientPersistentMap.hxx
+M PTColStd:pubinclude:PTColStd_DataMapNodeOfTransientPersistentMap.hxx /dn43/OCCT/tmp/results_28.02.2011/occt/release-sources-20110228/inc/PTColStd_DataMapNodeOfTransientPersistentMap.hxx
+M PTColStd:derivated:PTColStd_DataMapNodeOfTransientPersistentMap_0.cxx /dn43/OCCT/tmp/results_28.02.2011/occt/release-sources-20110228/drv/PTColStd/PTColStd_DataMapNodeOfTransientPersistentMap_0.cxx
+M PTColStd:pubinclude:PTColStd_DataMapIteratorOfTransientPersistentMap.hxx /dn43/OCCT/tmp/results_28.02.2011/occt/release-sources-20110228/inc/PTColStd_DataMapIteratorOfTransientPersistentMap.hxx
+M PTColStd:derivated:PTColStd_DataMapIteratorOfTransientPersistentMap_0.cxx /dn43/OCCT/tmp/results_28.02.2011/occt/release-sources-20110228/drv/PTColStd/PTColStd_DataMapIteratorOfTransientPersistentMap_0.cxx
+M PTColStd:pubinclude:Handle_PTColStd_DataMapNodeOfPersistentTransientMap.hxx /dn43/OCCT/tmp/results_28.02.2011/occt/release-sources-20110228/inc/Handle_PTColStd_DataMapNodeOfPersistentTransientMap.hxx
+M PTColStd:pubinclude:PTColStd_DataMapNodeOfPersistentTransientMap.hxx /dn43/OCCT/tmp/results_28.02.2011/occt/release-sources-20110228/inc/PTColStd_DataMapNodeOfPersistentTransientMap.hxx
+M PTColStd:derivated:PTColStd_DataMapNodeOfPersistentTransientMap_0.cxx /dn43/OCCT/tmp/results_28.02.2011/occt/release-sources-20110228/drv/PTColStd/PTColStd_DataMapNodeOfPersistentTransientMap_0.cxx
+M PTColStd:pubinclude:PTColStd_DataMapIteratorOfPersistentTransientMap.hxx /dn43/OCCT/tmp/results_28.02.2011/occt/release-sources-20110228/inc/PTColStd_DataMapIteratorOfPersistentTransientMap.hxx
+M PTColStd:derivated:PTColStd_DataMapIteratorOfPersistentTransientMap_0.cxx /dn43/OCCT/tmp/results_28.02.2011/occt/release-sources-20110228/drv/PTColStd/PTColStd_DataMapIteratorOfPersistentTransientMap_0.cxx
+M PTColStd:dbadmfile:PTColStd_xcpp_header.In /dn43/OCCT/tmp/results_28.02.2011/occt/release-sources-20110228/drv/PTColStd/.adm/PTColStd_xcpp_header.In
+M PTColStd:dbadmfile:PTColStd_xcpp_header.Out /dn43/OCCT/tmp/results_28.02.2011/occt/release-sources-20110228/drv/PTColStd/.adm/PTColStd_xcpp_header.Out
+M PTColStd:dbadmfile:PTColStd_xcpp_header.Dep /dn43/OCCT/tmp/results_28.02.2011/occt/release-sources-20110228/drv/PTColStd/.adm/PTColStd_xcpp_header.Dep
