+M PShort:pubinclude:Handle_PShort_HSequenceOfShortReal.hxx /dn43/OCCT/tmp/results_30.09.2011/occt/release-sources-20110930/inc/Handle_PShort_HSequenceOfShortReal.hxx
+M PShort:pubinclude:PShort_HSequenceOfShortReal.hxx /dn43/OCCT/tmp/results_30.09.2011/occt/release-sources-20110930/inc/PShort_HSequenceOfShortReal.hxx
+M PShort:derivated:PShort_HSequenceOfShortReal_0.cxx /dn43/OCCT/tmp/results_30.09.2011/occt/release-sources-20110930/drv/PShort/PShort_HSequenceOfShortReal_0.cxx
+M PShort:pubinclude:Handle_PShort_HArray1OfShortReal.hxx /dn43/OCCT/tmp/results_30.09.2011/occt/release-sources-20110930/inc/Handle_PShort_HArray1OfShortReal.hxx
+M PShort:pubinclude:PShort_HArray1OfShortReal.hxx /dn43/OCCT/tmp/results_30.09.2011/occt/release-sources-20110930/inc/PShort_HArray1OfShortReal.hxx
+M PShort:derivated:PShort_HArray1OfShortReal_0.cxx /dn43/OCCT/tmp/results_30.09.2011/occt/release-sources-20110930/drv/PShort/PShort_HArray1OfShortReal_0.cxx
+M PShort:pubinclude:Handle_PShort_HArray2OfShortReal.hxx /dn43/OCCT/tmp/results_30.09.2011/occt/release-sources-20110930/inc/Handle_PShort_HArray2OfShortReal.hxx
+M PShort:pubinclude:PShort_HArray2OfShortReal.hxx /dn43/OCCT/tmp/results_30.09.2011/occt/release-sources-20110930/inc/PShort_HArray2OfShortReal.hxx
+M PShort:derivated:PShort_HArray2OfShortReal_0.cxx /dn43/OCCT/tmp/results_30.09.2011/occt/release-sources-20110930/drv/PShort/PShort_HArray2OfShortReal_0.cxx
+M PShort:pubinclude:Handle_PShort_SeqNodeOfHSequenceOfShortReal.hxx /dn43/OCCT/tmp/results_30.09.2011/occt/release-sources-20110930/inc/Handle_PShort_SeqNodeOfHSequenceOfShortReal.hxx
+M PShort:pubinclude:PShort_SeqNodeOfHSequenceOfShortReal.hxx /dn43/OCCT/tmp/results_30.09.2011/occt/release-sources-20110930/inc/PShort_SeqNodeOfHSequenceOfShortReal.hxx
+M PShort:derivated:PShort_SeqNodeOfHSequenceOfShortReal_0.cxx /dn43/OCCT/tmp/results_30.09.2011/occt/release-sources-20110930/drv/PShort/PShort_SeqNodeOfHSequenceOfShortReal_0.cxx
+M PShort:pubinclude:PShort_SeqExplorerOfHSequenceOfShortReal.hxx /dn43/OCCT/tmp/results_30.09.2011/occt/release-sources-20110930/inc/PShort_SeqExplorerOfHSequenceOfShortReal.hxx
+M PShort:derivated:PShort_SeqExplorerOfHSequenceOfShortReal_0.cxx /dn43/OCCT/tmp/results_30.09.2011/occt/release-sources-20110930/drv/PShort/PShort_SeqExplorerOfHSequenceOfShortReal_0.cxx
+M PShort:pubinclude:Handle_PShort_VArrayNodeOfFieldOfHArray1OfShortReal.hxx /dn43/OCCT/tmp/results_30.09.2011/occt/release-sources-20110930/inc/Handle_PShort_VArrayNodeOfFieldOfHArray1OfShortReal.hxx
+M PShort:pubinclude:PShort_VArrayNodeOfFieldOfHArray1OfShortReal.hxx /dn43/OCCT/tmp/results_30.09.2011/occt/release-sources-20110930/inc/PShort_VArrayNodeOfFieldOfHArray1OfShortReal.hxx
+M PShort:derivated:PShort_VArrayNodeOfFieldOfHArray1OfShortReal_0.cxx /dn43/OCCT/tmp/results_30.09.2011/occt/release-sources-20110930/drv/PShort/PShort_VArrayNodeOfFieldOfHArray1OfShortReal_0.cxx
+M PShort:pubinclude:PShort_VArrayTNodeOfFieldOfHArray1OfShortReal.hxx /dn43/OCCT/tmp/results_30.09.2011/occt/release-sources-20110930/inc/PShort_VArrayTNodeOfFieldOfHArray1OfShortReal.hxx
+M PShort:derivated:PShort_VArrayTNodeOfFieldOfHArray1OfShortReal_0.cxx /dn43/OCCT/tmp/results_30.09.2011/occt/release-sources-20110930/drv/PShort/PShort_VArrayTNodeOfFieldOfHArray1OfShortReal_0.cxx
+M PShort:pubinclude:PShort_FieldOfHArray1OfShortReal.hxx /dn43/OCCT/tmp/results_30.09.2011/occt/release-sources-20110930/inc/PShort_FieldOfHArray1OfShortReal.hxx
+M PShort:derivated:PShort_FieldOfHArray1OfShortReal_0.cxx /dn43/OCCT/tmp/results_30.09.2011/occt/release-sources-20110930/drv/PShort/PShort_FieldOfHArray1OfShortReal_0.cxx
+M PShort:pubinclude:Handle_PShort_VArrayNodeOfFieldOfHArray2OfShortReal.hxx /dn43/OCCT/tmp/results_30.09.2011/occt/release-sources-20110930/inc/Handle_PShort_VArrayNodeOfFieldOfHArray2OfShortReal.hxx
+M PShort:pubinclude:PShort_VArrayNodeOfFieldOfHArray2OfShortReal.hxx /dn43/OCCT/tmp/results_30.09.2011/occt/release-sources-20110930/inc/PShort_VArrayNodeOfFieldOfHArray2OfShortReal.hxx
+M PShort:derivated:PShort_VArrayNodeOfFieldOfHArray2OfShortReal_0.cxx /dn43/OCCT/tmp/results_30.09.2011/occt/release-sources-20110930/drv/PShort/PShort_VArrayNodeOfFieldOfHArray2OfShortReal_0.cxx
+M PShort:pubinclude:PShort_VArrayTNodeOfFieldOfHArray2OfShortReal.hxx /dn43/OCCT/tmp/results_30.09.2011/occt/release-sources-20110930/inc/PShort_VArrayTNodeOfFieldOfHArray2OfShortReal.hxx
+M PShort:derivated:PShort_VArrayTNodeOfFieldOfHArray2OfShortReal_0.cxx /dn43/OCCT/tmp/results_30.09.2011/occt/release-sources-20110930/drv/PShort/PShort_VArrayTNodeOfFieldOfHArray2OfShortReal_0.cxx
+M PShort:pubinclude:PShort_FieldOfHArray2OfShortReal.hxx /dn43/OCCT/tmp/results_30.09.2011/occt/release-sources-20110930/inc/PShort_FieldOfHArray2OfShortReal.hxx
+M PShort:derivated:PShort_FieldOfHArray2OfShortReal_0.cxx /dn43/OCCT/tmp/results_30.09.2011/occt/release-sources-20110930/drv/PShort/PShort_FieldOfHArray2OfShortReal_0.cxx
+M PShort:dbadmfile:PShort_xcpp_header.In /dn43/OCCT/tmp/results_30.09.2011/occt/release-sources-20110930/drv/PShort/.adm/PShort_xcpp_header.In
+M PShort:dbadmfile:PShort_xcpp_header.Out /dn43/OCCT/tmp/results_30.09.2011/occt/release-sources-20110930/drv/PShort/.adm/PShort_xcpp_header.Out
+M PShort:dbadmfile:PShort_xcpp_header.Dep /dn43/OCCT/tmp/results_30.09.2011/occt/release-sources-20110930/drv/PShort/.adm/PShort_xcpp_header.Dep
