+M Geom2d:pubinclude:Handle_Geom2d_Transformation.hxx /dn43/OCCT/tmp/results_31.05.2011/occt/release-sources-20110531/inc/Handle_Geom2d_Transformation.hxx
+M Geom2d:pubinclude:Geom2d_Transformation.hxx /dn43/OCCT/tmp/results_31.05.2011/occt/release-sources-20110531/inc/Geom2d_Transformation.hxx
+M Geom2d:privinclude:Geom2d_Transformation.jxx /dn43/OCCT/tmp/results_31.05.2011/occt/release-sources-20110531/drv/Geom2d/Geom2d_Transformation.jxx
+M Geom2d:privinclude:Geom2d_Transformation.ixx /dn43/OCCT/tmp/results_31.05.2011/occt/release-sources-20110531/drv/Geom2d/Geom2d_Transformation.ixx
+M Geom2d:pubinclude:Handle_Geom2d_Geometry.hxx /dn43/OCCT/tmp/results_31.05.2011/occt/release-sources-20110531/inc/Handle_Geom2d_Geometry.hxx
+M Geom2d:pubinclude:Geom2d_Geometry.hxx /dn43/OCCT/tmp/results_31.05.2011/occt/release-sources-20110531/inc/Geom2d_Geometry.hxx
+M Geom2d:privinclude:Geom2d_Geometry.jxx /dn43/OCCT/tmp/results_31.05.2011/occt/release-sources-20110531/drv/Geom2d/Geom2d_Geometry.jxx
+M Geom2d:privinclude:Geom2d_Geometry.ixx /dn43/OCCT/tmp/results_31.05.2011/occt/release-sources-20110531/drv/Geom2d/Geom2d_Geometry.ixx
+M Geom2d:pubinclude:Handle_Geom2d_Point.hxx /dn43/OCCT/tmp/results_31.05.2011/occt/release-sources-20110531/inc/Handle_Geom2d_Point.hxx
+M Geom2d:pubinclude:Geom2d_Point.hxx /dn43/OCCT/tmp/results_31.05.2011/occt/release-sources-20110531/inc/Geom2d_Point.hxx
+M Geom2d:privinclude:Geom2d_Point.jxx /dn43/OCCT/tmp/results_31.05.2011/occt/release-sources-20110531/drv/Geom2d/Geom2d_Point.jxx
+M Geom2d:privinclude:Geom2d_Point.ixx /dn43/OCCT/tmp/results_31.05.2011/occt/release-sources-20110531/drv/Geom2d/Geom2d_Point.ixx
+M Geom2d:pubinclude:Handle_Geom2d_CartesianPoint.hxx /dn43/OCCT/tmp/results_31.05.2011/occt/release-sources-20110531/inc/Handle_Geom2d_CartesianPoint.hxx
+M Geom2d:pubinclude:Geom2d_CartesianPoint.hxx /dn43/OCCT/tmp/results_31.05.2011/occt/release-sources-20110531/inc/Geom2d_CartesianPoint.hxx
+M Geom2d:privinclude:Geom2d_CartesianPoint.jxx /dn43/OCCT/tmp/results_31.05.2011/occt/release-sources-20110531/drv/Geom2d/Geom2d_CartesianPoint.jxx
+M Geom2d:privinclude:Geom2d_CartesianPoint.ixx /dn43/OCCT/tmp/results_31.05.2011/occt/release-sources-20110531/drv/Geom2d/Geom2d_CartesianPoint.ixx
+M Geom2d:pubinclude:Handle_Geom2d_Vector.hxx /dn43/OCCT/tmp/results_31.05.2011/occt/release-sources-20110531/inc/Handle_Geom2d_Vector.hxx
+M Geom2d:pubinclude:Geom2d_Vector.hxx /dn43/OCCT/tmp/results_31.05.2011/occt/release-sources-20110531/inc/Geom2d_Vector.hxx
+M Geom2d:privinclude:Geom2d_Vector.jxx /dn43/OCCT/tmp/results_31.05.2011/occt/release-sources-20110531/drv/Geom2d/Geom2d_Vector.jxx
+M Geom2d:privinclude:Geom2d_Vector.ixx /dn43/OCCT/tmp/results_31.05.2011/occt/release-sources-20110531/drv/Geom2d/Geom2d_Vector.ixx
+M Geom2d:pubinclude:Handle_Geom2d_Direction.hxx /dn43/OCCT/tmp/results_31.05.2011/occt/release-sources-20110531/inc/Handle_Geom2d_Direction.hxx
+M Geom2d:pubinclude:Geom2d_Direction.hxx /dn43/OCCT/tmp/results_31.05.2011/occt/release-sources-20110531/inc/Geom2d_Direction.hxx
+M Geom2d:privinclude:Geom2d_Direction.jxx /dn43/OCCT/tmp/results_31.05.2011/occt/release-sources-20110531/drv/Geom2d/Geom2d_Direction.jxx
+M Geom2d:privinclude:Geom2d_Direction.ixx /dn43/OCCT/tmp/results_31.05.2011/occt/release-sources-20110531/drv/Geom2d/Geom2d_Direction.ixx
+M Geom2d:pubinclude:Handle_Geom2d_VectorWithMagnitude.hxx /dn43/OCCT/tmp/results_31.05.2011/occt/release-sources-20110531/inc/Handle_Geom2d_VectorWithMagnitude.hxx
+M Geom2d:pubinclude:Geom2d_VectorWithMagnitude.hxx /dn43/OCCT/tmp/results_31.05.2011/occt/release-sources-20110531/inc/Geom2d_VectorWithMagnitude.hxx
+M Geom2d:privinclude:Geom2d_VectorWithMagnitude.jxx /dn43/OCCT/tmp/results_31.05.2011/occt/release-sources-20110531/drv/Geom2d/Geom2d_VectorWithMagnitude.jxx
+M Geom2d:privinclude:Geom2d_VectorWithMagnitude.ixx /dn43/OCCT/tmp/results_31.05.2011/occt/release-sources-20110531/drv/Geom2d/Geom2d_VectorWithMagnitude.ixx
+M Geom2d:pubinclude:Handle_Geom2d_AxisPlacement.hxx /dn43/OCCT/tmp/results_31.05.2011/occt/release-sources-20110531/inc/Handle_Geom2d_AxisPlacement.hxx
+M Geom2d:pubinclude:Geom2d_AxisPlacement.hxx /dn43/OCCT/tmp/results_31.05.2011/occt/release-sources-20110531/inc/Geom2d_AxisPlacement.hxx
+M Geom2d:privinclude:Geom2d_AxisPlacement.jxx /dn43/OCCT/tmp/results_31.05.2011/occt/release-sources-20110531/drv/Geom2d/Geom2d_AxisPlacement.jxx
+M Geom2d:privinclude:Geom2d_AxisPlacement.ixx /dn43/OCCT/tmp/results_31.05.2011/occt/release-sources-20110531/drv/Geom2d/Geom2d_AxisPlacement.ixx
+M Geom2d:pubinclude:Handle_Geom2d_Curve.hxx /dn43/OCCT/tmp/results_31.05.2011/occt/release-sources-20110531/inc/Handle_Geom2d_Curve.hxx
+M Geom2d:pubinclude:Geom2d_Curve.hxx /dn43/OCCT/tmp/results_31.05.2011/occt/release-sources-20110531/inc/Geom2d_Curve.hxx
+M Geom2d:privinclude:Geom2d_Curve.jxx /dn43/OCCT/tmp/results_31.05.2011/occt/release-sources-20110531/drv/Geom2d/Geom2d_Curve.jxx
+M Geom2d:privinclude:Geom2d_Curve.ixx /dn43/OCCT/tmp/results_31.05.2011/occt/release-sources-20110531/drv/Geom2d/Geom2d_Curve.ixx
+M Geom2d:pubinclude:Handle_Geom2d_Line.hxx /dn43/OCCT/tmp/results_31.05.2011/occt/release-sources-20110531/inc/Handle_Geom2d_Line.hxx
+M Geom2d:pubinclude:Geom2d_Line.hxx /dn43/OCCT/tmp/results_31.05.2011/occt/release-sources-20110531/inc/Geom2d_Line.hxx
+M Geom2d:privinclude:Geom2d_Line.jxx /dn43/OCCT/tmp/results_31.05.2011/occt/release-sources-20110531/drv/Geom2d/Geom2d_Line.jxx
+M Geom2d:privinclude:Geom2d_Line.ixx /dn43/OCCT/tmp/results_31.05.2011/occt/release-sources-20110531/drv/Geom2d/Geom2d_Line.ixx
+M Geom2d:pubinclude:Handle_Geom2d_Conic.hxx /dn43/OCCT/tmp/results_31.05.2011/occt/release-sources-20110531/inc/Handle_Geom2d_Conic.hxx
+M Geom2d:pubinclude:Geom2d_Conic.hxx /dn43/OCCT/tmp/results_31.05.2011/occt/release-sources-20110531/inc/Geom2d_Conic.hxx
+M Geom2d:privinclude:Geom2d_Conic.jxx /dn43/OCCT/tmp/results_31.05.2011/occt/release-sources-20110531/drv/Geom2d/Geom2d_Conic.jxx
+M Geom2d:privinclude:Geom2d_Conic.ixx /dn43/OCCT/tmp/results_31.05.2011/occt/release-sources-20110531/drv/Geom2d/Geom2d_Conic.ixx
+M Geom2d:pubinclude:Handle_Geom2d_Circle.hxx /dn43/OCCT/tmp/results_31.05.2011/occt/release-sources-20110531/inc/Handle_Geom2d_Circle.hxx
+M Geom2d:pubinclude:Geom2d_Circle.hxx /dn43/OCCT/tmp/results_31.05.2011/occt/release-sources-20110531/inc/Geom2d_Circle.hxx
+M Geom2d:privinclude:Geom2d_Circle.jxx /dn43/OCCT/tmp/results_31.05.2011/occt/release-sources-20110531/drv/Geom2d/Geom2d_Circle.jxx
+M Geom2d:privinclude:Geom2d_Circle.ixx /dn43/OCCT/tmp/results_31.05.2011/occt/release-sources-20110531/drv/Geom2d/Geom2d_Circle.ixx
+M Geom2d:pubinclude:Handle_Geom2d_Ellipse.hxx /dn43/OCCT/tmp/results_31.05.2011/occt/release-sources-20110531/inc/Handle_Geom2d_Ellipse.hxx
+M Geom2d:pubinclude:Geom2d_Ellipse.hxx /dn43/OCCT/tmp/results_31.05.2011/occt/release-sources-20110531/inc/Geom2d_Ellipse.hxx
+M Geom2d:privinclude:Geom2d_Ellipse.jxx /dn43/OCCT/tmp/results_31.05.2011/occt/release-sources-20110531/drv/Geom2d/Geom2d_Ellipse.jxx
+M Geom2d:privinclude:Geom2d_Ellipse.ixx /dn43/OCCT/tmp/results_31.05.2011/occt/release-sources-20110531/drv/Geom2d/Geom2d_Ellipse.ixx
+M Geom2d:pubinclude:Handle_Geom2d_Hyperbola.hxx /dn43/OCCT/tmp/results_31.05.2011/occt/release-sources-20110531/inc/Handle_Geom2d_Hyperbola.hxx
+M Geom2d:pubinclude:Geom2d_Hyperbola.hxx /dn43/OCCT/tmp/results_31.05.2011/occt/release-sources-20110531/inc/Geom2d_Hyperbola.hxx
+M Geom2d:privinclude:Geom2d_Hyperbola.jxx /dn43/OCCT/tmp/results_31.05.2011/occt/release-sources-20110531/drv/Geom2d/Geom2d_Hyperbola.jxx
+M Geom2d:privinclude:Geom2d_Hyperbola.ixx /dn43/OCCT/tmp/results_31.05.2011/occt/release-sources-20110531/drv/Geom2d/Geom2d_Hyperbola.ixx
+M Geom2d:pubinclude:Handle_Geom2d_Parabola.hxx /dn43/OCCT/tmp/results_31.05.2011/occt/release-sources-20110531/inc/Handle_Geom2d_Parabola.hxx
+M Geom2d:pubinclude:Geom2d_Parabola.hxx /dn43/OCCT/tmp/results_31.05.2011/occt/release-sources-20110531/inc/Geom2d_Parabola.hxx
+M Geom2d:privinclude:Geom2d_Parabola.jxx /dn43/OCCT/tmp/results_31.05.2011/occt/release-sources-20110531/drv/Geom2d/Geom2d_Parabola.jxx
+M Geom2d:privinclude:Geom2d_Parabola.ixx /dn43/OCCT/tmp/results_31.05.2011/occt/release-sources-20110531/drv/Geom2d/Geom2d_Parabola.ixx
+M Geom2d:pubinclude:Handle_Geom2d_BoundedCurve.hxx /dn43/OCCT/tmp/results_31.05.2011/occt/release-sources-20110531/inc/Handle_Geom2d_BoundedCurve.hxx
+M Geom2d:pubinclude:Geom2d_BoundedCurve.hxx /dn43/OCCT/tmp/results_31.05.2011/occt/release-sources-20110531/inc/Geom2d_BoundedCurve.hxx
+M Geom2d:privinclude:Geom2d_BoundedCurve.jxx /dn43/OCCT/tmp/results_31.05.2011/occt/release-sources-20110531/drv/Geom2d/Geom2d_BoundedCurve.jxx
+M Geom2d:privinclude:Geom2d_BoundedCurve.ixx /dn43/OCCT/tmp/results_31.05.2011/occt/release-sources-20110531/drv/Geom2d/Geom2d_BoundedCurve.ixx
+M Geom2d:pubinclude:Handle_Geom2d_BezierCurve.hxx /dn43/OCCT/tmp/results_31.05.2011/occt/release-sources-20110531/inc/Handle_Geom2d_BezierCurve.hxx
+M Geom2d:pubinclude:Geom2d_BezierCurve.hxx /dn43/OCCT/tmp/results_31.05.2011/occt/release-sources-20110531/inc/Geom2d_BezierCurve.hxx
+M Geom2d:privinclude:Geom2d_BezierCurve.jxx /dn43/OCCT/tmp/results_31.05.2011/occt/release-sources-20110531/drv/Geom2d/Geom2d_BezierCurve.jxx
+M Geom2d:privinclude:Geom2d_BezierCurve.ixx /dn43/OCCT/tmp/results_31.05.2011/occt/release-sources-20110531/drv/Geom2d/Geom2d_BezierCurve.ixx
+M Geom2d:pubinclude:Handle_Geom2d_BSplineCurve.hxx /dn43/OCCT/tmp/results_31.05.2011/occt/release-sources-20110531/inc/Handle_Geom2d_BSplineCurve.hxx
+M Geom2d:pubinclude:Geom2d_BSplineCurve.hxx /dn43/OCCT/tmp/results_31.05.2011/occt/release-sources-20110531/inc/Geom2d_BSplineCurve.hxx
+M Geom2d:privinclude:Geom2d_BSplineCurve.jxx /dn43/OCCT/tmp/results_31.05.2011/occt/release-sources-20110531/drv/Geom2d/Geom2d_BSplineCurve.jxx
+M Geom2d:privinclude:Geom2d_BSplineCurve.ixx /dn43/OCCT/tmp/results_31.05.2011/occt/release-sources-20110531/drv/Geom2d/Geom2d_BSplineCurve.ixx
+M Geom2d:pubinclude:Handle_Geom2d_TrimmedCurve.hxx /dn43/OCCT/tmp/results_31.05.2011/occt/release-sources-20110531/inc/Handle_Geom2d_TrimmedCurve.hxx
+M Geom2d:pubinclude:Geom2d_TrimmedCurve.hxx /dn43/OCCT/tmp/results_31.05.2011/occt/release-sources-20110531/inc/Geom2d_TrimmedCurve.hxx
+M Geom2d:privinclude:Geom2d_TrimmedCurve.jxx /dn43/OCCT/tmp/results_31.05.2011/occt/release-sources-20110531/drv/Geom2d/Geom2d_TrimmedCurve.jxx
+M Geom2d:privinclude:Geom2d_TrimmedCurve.ixx /dn43/OCCT/tmp/results_31.05.2011/occt/release-sources-20110531/drv/Geom2d/Geom2d_TrimmedCurve.ixx
+M Geom2d:pubinclude:Handle_Geom2d_OffsetCurve.hxx /dn43/OCCT/tmp/results_31.05.2011/occt/release-sources-20110531/inc/Handle_Geom2d_OffsetCurve.hxx
+M Geom2d:pubinclude:Geom2d_OffsetCurve.hxx /dn43/OCCT/tmp/results_31.05.2011/occt/release-sources-20110531/inc/Geom2d_OffsetCurve.hxx
+M Geom2d:privinclude:Geom2d_OffsetCurve.jxx /dn43/OCCT/tmp/results_31.05.2011/occt/release-sources-20110531/drv/Geom2d/Geom2d_OffsetCurve.jxx
+M Geom2d:privinclude:Geom2d_OffsetCurve.ixx /dn43/OCCT/tmp/results_31.05.2011/occt/release-sources-20110531/drv/Geom2d/Geom2d_OffsetCurve.ixx
+M Geom2d:pubinclude:Handle_Geom2d_UndefinedDerivative.hxx /dn43/OCCT/tmp/results_31.05.2011/occt/release-sources-20110531/inc/Handle_Geom2d_UndefinedDerivative.hxx
+M Geom2d:pubinclude:Geom2d_UndefinedDerivative.hxx /dn43/OCCT/tmp/results_31.05.2011/occt/release-sources-20110531/inc/Geom2d_UndefinedDerivative.hxx
+M Geom2d:derivated:Geom2d_UndefinedDerivative_0.cxx /dn43/OCCT/tmp/results_31.05.2011/occt/release-sources-20110531/drv/Geom2d/Geom2d_UndefinedDerivative_0.cxx
+M Geom2d:pubinclude:Handle_Geom2d_UndefinedValue.hxx /dn43/OCCT/tmp/results_31.05.2011/occt/release-sources-20110531/inc/Handle_Geom2d_UndefinedValue.hxx
+M Geom2d:pubinclude:Geom2d_UndefinedValue.hxx /dn43/OCCT/tmp/results_31.05.2011/occt/release-sources-20110531/inc/Geom2d_UndefinedValue.hxx
+M Geom2d:derivated:Geom2d_UndefinedValue_0.cxx /dn43/OCCT/tmp/results_31.05.2011/occt/release-sources-20110531/drv/Geom2d/Geom2d_UndefinedValue_0.cxx
+M Geom2d:dbadmfile:Geom2d_xcpp_header.In /dn43/OCCT/tmp/results_31.05.2011/occt/release-sources-20110531/drv/Geom2d/.adm/Geom2d_xcpp_header.In
+M Geom2d:dbadmfile:Geom2d_xcpp_header.Out /dn43/OCCT/tmp/results_31.05.2011/occt/release-sources-20110531/drv/Geom2d/.adm/Geom2d_xcpp_header.Out
+M Geom2d:dbadmfile:Geom2d_xcpp_header.Dep /dn43/OCCT/tmp/results_31.05.2011/occt/release-sources-20110531/drv/Geom2d/.adm/Geom2d_xcpp_header.Dep
