+M Convert:pubinclude:Convert_ConicToBSplineCurve.hxx /dn43/OCCT/tmp/results_31.05.2011/occt/release-sources-20110531/inc/Convert_ConicToBSplineCurve.hxx
+M Convert:privinclude:Convert_ConicToBSplineCurve.jxx /dn43/OCCT/tmp/results_31.05.2011/occt/release-sources-20110531/drv/Convert/Convert_ConicToBSplineCurve.jxx
+M Convert:privinclude:Convert_ConicToBSplineCurve.ixx /dn43/OCCT/tmp/results_31.05.2011/occt/release-sources-20110531/drv/Convert/Convert_ConicToBSplineCurve.ixx
+M Convert:pubinclude:Convert_CircleToBSplineCurve.hxx /dn43/OCCT/tmp/results_31.05.2011/occt/release-sources-20110531/inc/Convert_CircleToBSplineCurve.hxx
+M Convert:privinclude:Convert_CircleToBSplineCurve.jxx /dn43/OCCT/tmp/results_31.05.2011/occt/release-sources-20110531/drv/Convert/Convert_CircleToBSplineCurve.jxx
+M Convert:privinclude:Convert_CircleToBSplineCurve.ixx /dn43/OCCT/tmp/results_31.05.2011/occt/release-sources-20110531/drv/Convert/Convert_CircleToBSplineCurve.ixx
+M Convert:pubinclude:Convert_EllipseToBSplineCurve.hxx /dn43/OCCT/tmp/results_31.05.2011/occt/release-sources-20110531/inc/Convert_EllipseToBSplineCurve.hxx
+M Convert:privinclude:Convert_EllipseToBSplineCurve.jxx /dn43/OCCT/tmp/results_31.05.2011/occt/release-sources-20110531/drv/Convert/Convert_EllipseToBSplineCurve.jxx
+M Convert:privinclude:Convert_EllipseToBSplineCurve.ixx /dn43/OCCT/tmp/results_31.05.2011/occt/release-sources-20110531/drv/Convert/Convert_EllipseToBSplineCurve.ixx
+M Convert:pubinclude:Convert_HyperbolaToBSplineCurve.hxx /dn43/OCCT/tmp/results_31.05.2011/occt/release-sources-20110531/inc/Convert_HyperbolaToBSplineCurve.hxx
+M Convert:privinclude:Convert_HyperbolaToBSplineCurve.jxx /dn43/OCCT/tmp/results_31.05.2011/occt/release-sources-20110531/drv/Convert/Convert_HyperbolaToBSplineCurve.jxx
+M Convert:privinclude:Convert_HyperbolaToBSplineCurve.ixx /dn43/OCCT/tmp/results_31.05.2011/occt/release-sources-20110531/drv/Convert/Convert_HyperbolaToBSplineCurve.ixx
+M Convert:pubinclude:Convert_ParabolaToBSplineCurve.hxx /dn43/OCCT/tmp/results_31.05.2011/occt/release-sources-20110531/inc/Convert_ParabolaToBSplineCurve.hxx
+M Convert:privinclude:Convert_ParabolaToBSplineCurve.jxx /dn43/OCCT/tmp/results_31.05.2011/occt/release-sources-20110531/drv/Convert/Convert_ParabolaToBSplineCurve.jxx
+M Convert:privinclude:Convert_ParabolaToBSplineCurve.ixx /dn43/OCCT/tmp/results_31.05.2011/occt/release-sources-20110531/drv/Convert/Convert_ParabolaToBSplineCurve.ixx
+M Convert:pubinclude:Convert_ElementarySurfaceToBSplineSurface.hxx /dn43/OCCT/tmp/results_31.05.2011/occt/release-sources-20110531/inc/Convert_ElementarySurfaceToBSplineSurface.hxx
+M Convert:privinclude:Convert_ElementarySurfaceToBSplineSurface.jxx /dn43/OCCT/tmp/results_31.05.2011/occt/release-sources-20110531/drv/Convert/Convert_ElementarySurfaceToBSplineSurface.jxx
+M Convert:privinclude:Convert_ElementarySurfaceToBSplineSurface.ixx /dn43/OCCT/tmp/results_31.05.2011/occt/release-sources-20110531/drv/Convert/Convert_ElementarySurfaceToBSplineSurface.ixx
+M Convert:pubinclude:Convert_CylinderToBSplineSurface.hxx /dn43/OCCT/tmp/results_31.05.2011/occt/release-sources-20110531/inc/Convert_CylinderToBSplineSurface.hxx
+M Convert:privinclude:Convert_CylinderToBSplineSurface.jxx /dn43/OCCT/tmp/results_31.05.2011/occt/release-sources-20110531/drv/Convert/Convert_CylinderToBSplineSurface.jxx
+M Convert:privinclude:Convert_CylinderToBSplineSurface.ixx /dn43/OCCT/tmp/results_31.05.2011/occt/release-sources-20110531/drv/Convert/Convert_CylinderToBSplineSurface.ixx
+M Convert:pubinclude:Convert_ConeToBSplineSurface.hxx /dn43/OCCT/tmp/results_31.05.2011/occt/release-sources-20110531/inc/Convert_ConeToBSplineSurface.hxx
+M Convert:privinclude:Convert_ConeToBSplineSurface.jxx /dn43/OCCT/tmp/results_31.05.2011/occt/release-sources-20110531/drv/Convert/Convert_ConeToBSplineSurface.jxx
+M Convert:privinclude:Convert_ConeToBSplineSurface.ixx /dn43/OCCT/tmp/results_31.05.2011/occt/release-sources-20110531/drv/Convert/Convert_ConeToBSplineSurface.ixx
+M Convert:pubinclude:Convert_TorusToBSplineSurface.hxx /dn43/OCCT/tmp/results_31.05.2011/occt/release-sources-20110531/inc/Convert_TorusToBSplineSurface.hxx
+M Convert:privinclude:Convert_TorusToBSplineSurface.jxx /dn43/OCCT/tmp/results_31.05.2011/occt/release-sources-20110531/drv/Convert/Convert_TorusToBSplineSurface.jxx
+M Convert:privinclude:Convert_TorusToBSplineSurface.ixx /dn43/OCCT/tmp/results_31.05.2011/occt/release-sources-20110531/drv/Convert/Convert_TorusToBSplineSurface.ixx
+M Convert:pubinclude:Convert_SphereToBSplineSurface.hxx /dn43/OCCT/tmp/results_31.05.2011/occt/release-sources-20110531/inc/Convert_SphereToBSplineSurface.hxx
+M Convert:privinclude:Convert_SphereToBSplineSurface.jxx /dn43/OCCT/tmp/results_31.05.2011/occt/release-sources-20110531/drv/Convert/Convert_SphereToBSplineSurface.jxx
+M Convert:privinclude:Convert_SphereToBSplineSurface.ixx /dn43/OCCT/tmp/results_31.05.2011/occt/release-sources-20110531/drv/Convert/Convert_SphereToBSplineSurface.ixx
+M Convert:pubinclude:Convert_SequenceOfArray1OfPoles.hxx /dn43/OCCT/tmp/results_31.05.2011/occt/release-sources-20110531/inc/Convert_SequenceOfArray1OfPoles.hxx
+M Convert:derivated:Convert_SequenceOfArray1OfPoles_0.cxx /dn43/OCCT/tmp/results_31.05.2011/occt/release-sources-20110531/drv/Convert/Convert_SequenceOfArray1OfPoles_0.cxx
+M Convert:pubinclude:Convert_CompBezierCurvesToBSplineCurve.hxx /dn43/OCCT/tmp/results_31.05.2011/occt/release-sources-20110531/inc/Convert_CompBezierCurvesToBSplineCurve.hxx
+M Convert:privinclude:Convert_CompBezierCurvesToBSplineCurve.jxx /dn43/OCCT/tmp/results_31.05.2011/occt/release-sources-20110531/drv/Convert/Convert_CompBezierCurvesToBSplineCurve.jxx
+M Convert:privinclude:Convert_CompBezierCurvesToBSplineCurve.ixx /dn43/OCCT/tmp/results_31.05.2011/occt/release-sources-20110531/drv/Convert/Convert_CompBezierCurvesToBSplineCurve.ixx
+M Convert:pubinclude:Convert_CompBezierCurves2dToBSplineCurve2d.hxx /dn43/OCCT/tmp/results_31.05.2011/occt/release-sources-20110531/inc/Convert_CompBezierCurves2dToBSplineCurve2d.hxx
+M Convert:privinclude:Convert_CompBezierCurves2dToBSplineCurve2d.jxx /dn43/OCCT/tmp/results_31.05.2011/occt/release-sources-20110531/drv/Convert/Convert_CompBezierCurves2dToBSplineCurve2d.jxx
+M Convert:privinclude:Convert_CompBezierCurves2dToBSplineCurve2d.ixx /dn43/OCCT/tmp/results_31.05.2011/occt/release-sources-20110531/drv/Convert/Convert_CompBezierCurves2dToBSplineCurve2d.ixx
+M Convert:pubinclude:Convert_CompPolynomialToPoles.hxx /dn43/OCCT/tmp/results_31.05.2011/occt/release-sources-20110531/inc/Convert_CompPolynomialToPoles.hxx
+M Convert:privinclude:Convert_CompPolynomialToPoles.jxx /dn43/OCCT/tmp/results_31.05.2011/occt/release-sources-20110531/drv/Convert/Convert_CompPolynomialToPoles.jxx
+M Convert:privinclude:Convert_CompPolynomialToPoles.ixx /dn43/OCCT/tmp/results_31.05.2011/occt/release-sources-20110531/drv/Convert/Convert_CompPolynomialToPoles.ixx
+M Convert:pubinclude:Convert_GridPolynomialToPoles.hxx /dn43/OCCT/tmp/results_31.05.2011/occt/release-sources-20110531/inc/Convert_GridPolynomialToPoles.hxx
+M Convert:privinclude:Convert_GridPolynomialToPoles.jxx /dn43/OCCT/tmp/results_31.05.2011/occt/release-sources-20110531/drv/Convert/Convert_GridPolynomialToPoles.jxx
+M Convert:privinclude:Convert_GridPolynomialToPoles.ixx /dn43/OCCT/tmp/results_31.05.2011/occt/release-sources-20110531/drv/Convert/Convert_GridPolynomialToPoles.ixx
+M Convert:pubinclude:Handle_Convert_SequenceNodeOfSequenceOfArray1OfPoles.hxx /dn43/OCCT/tmp/results_31.05.2011/occt/release-sources-20110531/inc/Handle_Convert_SequenceNodeOfSequenceOfArray1OfPoles.hxx
+M Convert:pubinclude:Convert_SequenceNodeOfSequenceOfArray1OfPoles.hxx /dn43/OCCT/tmp/results_31.05.2011/occt/release-sources-20110531/inc/Convert_SequenceNodeOfSequenceOfArray1OfPoles.hxx
+M Convert:derivated:Convert_SequenceNodeOfSequenceOfArray1OfPoles_0.cxx /dn43/OCCT/tmp/results_31.05.2011/occt/release-sources-20110531/drv/Convert/Convert_SequenceNodeOfSequenceOfArray1OfPoles_0.cxx
+M Convert:pubinclude:Convert_ParameterisationType.hxx /dn43/OCCT/tmp/results_31.05.2011/occt/release-sources-20110531/inc/Convert_ParameterisationType.hxx
+M Convert:pubinclude:Convert_SequenceOfArray1OfPoles2d.hxx /dn43/OCCT/tmp/results_31.05.2011/occt/release-sources-20110531/inc/Convert_SequenceOfArray1OfPoles2d.hxx
+M Convert:dbadmfile:Convert_xcpp_header.In /dn43/OCCT/tmp/results_31.05.2011/occt/release-sources-20110531/drv/Convert/.adm/Convert_xcpp_header.In
+M Convert:dbadmfile:Convert_xcpp_header.Out /dn43/OCCT/tmp/results_31.05.2011/occt/release-sources-20110531/drv/Convert/.adm/Convert_xcpp_header.Out
+M Convert:dbadmfile:Convert_xcpp_header.Dep /dn43/OCCT/tmp/results_31.05.2011/occt/release-sources-20110531/drv/Convert/.adm/Convert_xcpp_header.Dep
