+M XDEDRAW:pubinclude:XDEDRAW.hxx /dn43/OCCT/tmp/results_31.05.2011/occt/release-sources-20110531/inc/XDEDRAW.hxx
+M XDEDRAW:privinclude:XDEDRAW.jxx /dn43/OCCT/tmp/results_31.05.2011/occt/release-sources-20110531/drv/XDEDRAW/XDEDRAW.jxx
+M XDEDRAW:privinclude:XDEDRAW.ixx /dn43/OCCT/tmp/results_31.05.2011/occt/release-sources-20110531/drv/XDEDRAW/XDEDRAW.ixx
+M XDEDRAW:pubinclude:XDEDRAW_Shapes.hxx /dn43/OCCT/tmp/results_31.05.2011/occt/release-sources-20110531/inc/XDEDRAW_Shapes.hxx
+M XDEDRAW:privinclude:XDEDRAW_Shapes.jxx /dn43/OCCT/tmp/results_31.05.2011/occt/release-sources-20110531/drv/XDEDRAW/XDEDRAW_Shapes.jxx
+M XDEDRAW:privinclude:XDEDRAW_Shapes.ixx /dn43/OCCT/tmp/results_31.05.2011/occt/release-sources-20110531/drv/XDEDRAW/XDEDRAW_Shapes.ixx
+M XDEDRAW:pubinclude:XDEDRAW_Colors.hxx /dn43/OCCT/tmp/results_31.05.2011/occt/release-sources-20110531/inc/XDEDRAW_Colors.hxx
+M XDEDRAW:privinclude:XDEDRAW_Colors.jxx /dn43/OCCT/tmp/results_31.05.2011/occt/release-sources-20110531/drv/XDEDRAW/XDEDRAW_Colors.jxx
+M XDEDRAW:privinclude:XDEDRAW_Colors.ixx /dn43/OCCT/tmp/results_31.05.2011/occt/release-sources-20110531/drv/XDEDRAW/XDEDRAW_Colors.ixx
+M XDEDRAW:pubinclude:XDEDRAW_Layers.hxx /dn43/OCCT/tmp/results_31.05.2011/occt/release-sources-20110531/inc/XDEDRAW_Layers.hxx
+M XDEDRAW:privinclude:XDEDRAW_Layers.jxx /dn43/OCCT/tmp/results_31.05.2011/occt/release-sources-20110531/drv/XDEDRAW/XDEDRAW_Layers.jxx
+M XDEDRAW:privinclude:XDEDRAW_Layers.ixx /dn43/OCCT/tmp/results_31.05.2011/occt/release-sources-20110531/drv/XDEDRAW/XDEDRAW_Layers.ixx
+M XDEDRAW:pubinclude:XDEDRAW_Props.hxx /dn43/OCCT/tmp/results_31.05.2011/occt/release-sources-20110531/inc/XDEDRAW_Props.hxx
+M XDEDRAW:privinclude:XDEDRAW_Props.jxx /dn43/OCCT/tmp/results_31.05.2011/occt/release-sources-20110531/drv/XDEDRAW/XDEDRAW_Props.jxx
+M XDEDRAW:privinclude:XDEDRAW_Props.ixx /dn43/OCCT/tmp/results_31.05.2011/occt/release-sources-20110531/drv/XDEDRAW/XDEDRAW_Props.ixx
+M XDEDRAW:pubinclude:XDEDRAW_Common.hxx /dn43/OCCT/tmp/results_31.05.2011/occt/release-sources-20110531/inc/XDEDRAW_Common.hxx
+M XDEDRAW:privinclude:XDEDRAW_Common.jxx /dn43/OCCT/tmp/results_31.05.2011/occt/release-sources-20110531/drv/XDEDRAW/XDEDRAW_Common.jxx
+M XDEDRAW:privinclude:XDEDRAW_Common.ixx /dn43/OCCT/tmp/results_31.05.2011/occt/release-sources-20110531/drv/XDEDRAW/XDEDRAW_Common.ixx
+M XDEDRAW:dbadmfile:XDEDRAW_xcpp_header.In /dn43/OCCT/tmp/results_31.05.2011/occt/release-sources-20110531/drv/XDEDRAW/.adm/XDEDRAW_xcpp_header.In
+M XDEDRAW:dbadmfile:XDEDRAW_xcpp_header.Out /dn43/OCCT/tmp/results_31.05.2011/occt/release-sources-20110531/drv/XDEDRAW/.adm/XDEDRAW_xcpp_header.Out
+M XDEDRAW:dbadmfile:XDEDRAW_xcpp_header.Dep /dn43/OCCT/tmp/results_31.05.2011/occt/release-sources-20110531/drv/XDEDRAW/.adm/XDEDRAW_xcpp_header.Dep
