+M DDF:pubinclude:DDF.hxx /dn43/OCCT/tmp/results_31.05.2011/occt/release-sources-20110531/inc/DDF.hxx
+M DDF:privinclude:DDF.jxx /dn43/OCCT/tmp/results_31.05.2011/occt/release-sources-20110531/drv/DDF/DDF.jxx
+M DDF:privinclude:DDF.ixx /dn43/OCCT/tmp/results_31.05.2011/occt/release-sources-20110531/drv/DDF/DDF.ixx
+M DDF:pubinclude:Handle_DDF_Data.hxx /dn43/OCCT/tmp/results_31.05.2011/occt/release-sources-20110531/inc/Handle_DDF_Data.hxx
+M DDF:pubinclude:DDF_Data.hxx /dn43/OCCT/tmp/results_31.05.2011/occt/release-sources-20110531/inc/DDF_Data.hxx
+M DDF:privinclude:DDF_Data.jxx /dn43/OCCT/tmp/results_31.05.2011/occt/release-sources-20110531/drv/DDF/DDF_Data.jxx
+M DDF:privinclude:DDF_Data.ixx /dn43/OCCT/tmp/results_31.05.2011/occt/release-sources-20110531/drv/DDF/DDF_Data.ixx
+M DDF:pubinclude:Handle_DDF_Browser.hxx /dn43/OCCT/tmp/results_31.05.2011/occt/release-sources-20110531/inc/Handle_DDF_Browser.hxx
+M DDF:pubinclude:DDF_Browser.hxx /dn43/OCCT/tmp/results_31.05.2011/occt/release-sources-20110531/inc/DDF_Browser.hxx
+M DDF:privinclude:DDF_Browser.jxx /dn43/OCCT/tmp/results_31.05.2011/occt/release-sources-20110531/drv/DDF/DDF_Browser.jxx
+M DDF:privinclude:DDF_Browser.ixx /dn43/OCCT/tmp/results_31.05.2011/occt/release-sources-20110531/drv/DDF/DDF_Browser.ixx
+M DDF:pubinclude:Handle_DDF_Transaction.hxx /dn43/OCCT/tmp/results_31.05.2011/occt/release-sources-20110531/inc/Handle_DDF_Transaction.hxx
+M DDF:pubinclude:DDF_Transaction.hxx /dn43/OCCT/tmp/results_31.05.2011/occt/release-sources-20110531/inc/DDF_Transaction.hxx
+M DDF:privinclude:DDF_Transaction.jxx /dn43/OCCT/tmp/results_31.05.2011/occt/release-sources-20110531/drv/DDF/DDF_Transaction.jxx
+M DDF:privinclude:DDF_Transaction.ixx /dn43/OCCT/tmp/results_31.05.2011/occt/release-sources-20110531/drv/DDF/DDF_Transaction.ixx
+M DDF:pubinclude:DDF_TransactionStack.hxx /dn43/OCCT/tmp/results_31.05.2011/occt/release-sources-20110531/inc/DDF_TransactionStack.hxx
+M DDF:derivated:DDF_TransactionStack_0.cxx /dn43/OCCT/tmp/results_31.05.2011/occt/release-sources-20110531/drv/DDF/DDF_TransactionStack_0.cxx
+M DDF:pubinclude:Handle_DDF_StackNodeOfTransactionStack.hxx /dn43/OCCT/tmp/results_31.05.2011/occt/release-sources-20110531/inc/Handle_DDF_StackNodeOfTransactionStack.hxx
+M DDF:pubinclude:DDF_StackNodeOfTransactionStack.hxx /dn43/OCCT/tmp/results_31.05.2011/occt/release-sources-20110531/inc/DDF_StackNodeOfTransactionStack.hxx
+M DDF:derivated:DDF_StackNodeOfTransactionStack_0.cxx /dn43/OCCT/tmp/results_31.05.2011/occt/release-sources-20110531/drv/DDF/DDF_StackNodeOfTransactionStack_0.cxx
+M DDF:pubinclude:DDF_StackIteratorOfTransactionStack.hxx /dn43/OCCT/tmp/results_31.05.2011/occt/release-sources-20110531/inc/DDF_StackIteratorOfTransactionStack.hxx
+M DDF:derivated:DDF_StackIteratorOfTransactionStack_0.cxx /dn43/OCCT/tmp/results_31.05.2011/occt/release-sources-20110531/drv/DDF/DDF_StackIteratorOfTransactionStack_0.cxx
+M DDF:dbadmfile:DDF_xcpp_header.In /dn43/OCCT/tmp/results_31.05.2011/occt/release-sources-20110531/drv/DDF/.adm/DDF_xcpp_header.In
+M DDF:dbadmfile:DDF_xcpp_header.Out /dn43/OCCT/tmp/results_31.05.2011/occt/release-sources-20110531/drv/DDF/.adm/DDF_xcpp_header.Out
+M DDF:dbadmfile:DDF_xcpp_header.Dep /dn43/OCCT/tmp/results_31.05.2011/occt/release-sources-20110531/drv/DDF/.adm/DDF_xcpp_header.Dep
