+M STEPControl:pubinclude:Handle_STEPControl_Controller.hxx /dn43/OCCT/tmp/results_28.02.2011/occt/release-sources-20110228/inc/Handle_STEPControl_Controller.hxx
+M STEPControl:pubinclude:STEPControl_Controller.hxx /dn43/OCCT/tmp/results_28.02.2011/occt/release-sources-20110228/inc/STEPControl_Controller.hxx
+M STEPControl:privinclude:STEPControl_Controller.jxx /dn43/OCCT/tmp/results_28.02.2011/occt/release-sources-20110228/drv/STEPControl/STEPControl_Controller.jxx
+M STEPControl:privinclude:STEPControl_Controller.ixx /dn43/OCCT/tmp/results_28.02.2011/occt/release-sources-20110228/drv/STEPControl/STEPControl_Controller.ixx
+M STEPControl:pubinclude:STEPControl_Reader.hxx /dn43/OCCT/tmp/results_28.02.2011/occt/release-sources-20110228/inc/STEPControl_Reader.hxx
+M STEPControl:privinclude:STEPControl_Reader.jxx /dn43/OCCT/tmp/results_28.02.2011/occt/release-sources-20110228/drv/STEPControl/STEPControl_Reader.jxx
+M STEPControl:privinclude:STEPControl_Reader.ixx /dn43/OCCT/tmp/results_28.02.2011/occt/release-sources-20110228/drv/STEPControl/STEPControl_Reader.ixx
+M STEPControl:pubinclude:STEPControl_Writer.hxx /dn43/OCCT/tmp/results_28.02.2011/occt/release-sources-20110228/inc/STEPControl_Writer.hxx
+M STEPControl:privinclude:STEPControl_Writer.jxx /dn43/OCCT/tmp/results_28.02.2011/occt/release-sources-20110228/drv/STEPControl/STEPControl_Writer.jxx
+M STEPControl:privinclude:STEPControl_Writer.ixx /dn43/OCCT/tmp/results_28.02.2011/occt/release-sources-20110228/drv/STEPControl/STEPControl_Writer.ixx
+M STEPControl:pubinclude:Handle_STEPControl_ActorRead.hxx /dn43/OCCT/tmp/results_28.02.2011/occt/release-sources-20110228/inc/Handle_STEPControl_ActorRead.hxx
+M STEPControl:pubinclude:STEPControl_ActorRead.hxx /dn43/OCCT/tmp/results_28.02.2011/occt/release-sources-20110228/inc/STEPControl_ActorRead.hxx
+M STEPControl:privinclude:STEPControl_ActorRead.jxx /dn43/OCCT/tmp/results_28.02.2011/occt/release-sources-20110228/drv/STEPControl/STEPControl_ActorRead.jxx
+M STEPControl:privinclude:STEPControl_ActorRead.ixx /dn43/OCCT/tmp/results_28.02.2011/occt/release-sources-20110228/drv/STEPControl/STEPControl_ActorRead.ixx
+M STEPControl:pubinclude:Handle_STEPControl_ActorWrite.hxx /dn43/OCCT/tmp/results_28.02.2011/occt/release-sources-20110228/inc/Handle_STEPControl_ActorWrite.hxx
+M STEPControl:pubinclude:STEPControl_ActorWrite.hxx /dn43/OCCT/tmp/results_28.02.2011/occt/release-sources-20110228/inc/STEPControl_ActorWrite.hxx
+M STEPControl:privinclude:STEPControl_ActorWrite.jxx /dn43/OCCT/tmp/results_28.02.2011/occt/release-sources-20110228/drv/STEPControl/STEPControl_ActorWrite.jxx
+M STEPControl:privinclude:STEPControl_ActorWrite.ixx /dn43/OCCT/tmp/results_28.02.2011/occt/release-sources-20110228/drv/STEPControl/STEPControl_ActorWrite.ixx
+M STEPControl:pubinclude:STEPControl_StepModelType.hxx /dn43/OCCT/tmp/results_28.02.2011/occt/release-sources-20110228/inc/STEPControl_StepModelType.hxx
+M STEPControl:dbadmfile:STEPControl_xcpp_header.In /dn43/OCCT/tmp/results_28.02.2011/occt/release-sources-20110228/drv/STEPControl/.adm/STEPControl_xcpp_header.In
+M STEPControl:dbadmfile:STEPControl_xcpp_header.Out /dn43/OCCT/tmp/results_28.02.2011/occt/release-sources-20110228/drv/STEPControl/.adm/STEPControl_xcpp_header.Out
+M STEPControl:dbadmfile:STEPControl_xcpp_header.Dep /dn43/OCCT/tmp/results_28.02.2011/occt/release-sources-20110228/drv/STEPControl/.adm/STEPControl_xcpp_header.Dep
