+M BinTools:pubinclude:BinTools.hxx /dn43/OCCT/tmp/results_31.05.2011/occt/release-sources-20110531/inc/BinTools.hxx
+M BinTools:privinclude:BinTools.jxx /dn43/OCCT/tmp/results_31.05.2011/occt/release-sources-20110531/drv/BinTools/BinTools.jxx
+M BinTools:privinclude:BinTools.ixx /dn43/OCCT/tmp/results_31.05.2011/occt/release-sources-20110531/drv/BinTools/BinTools.ixx
+M BinTools:pubinclude:BinTools_ShapeSet.hxx /dn43/OCCT/tmp/results_31.05.2011/occt/release-sources-20110531/inc/BinTools_ShapeSet.hxx
+M BinTools:privinclude:BinTools_ShapeSet.jxx /dn43/OCCT/tmp/results_31.05.2011/occt/release-sources-20110531/drv/BinTools/BinTools_ShapeSet.jxx
+M BinTools:privinclude:BinTools_ShapeSet.ixx /dn43/OCCT/tmp/results_31.05.2011/occt/release-sources-20110531/drv/BinTools/BinTools_ShapeSet.ixx
+M BinTools:pubinclude:BinTools_Curve2dSet.hxx /dn43/OCCT/tmp/results_31.05.2011/occt/release-sources-20110531/inc/BinTools_Curve2dSet.hxx
+M BinTools:privinclude:BinTools_Curve2dSet.jxx /dn43/OCCT/tmp/results_31.05.2011/occt/release-sources-20110531/drv/BinTools/BinTools_Curve2dSet.jxx
+M BinTools:privinclude:BinTools_Curve2dSet.ixx /dn43/OCCT/tmp/results_31.05.2011/occt/release-sources-20110531/drv/BinTools/BinTools_Curve2dSet.ixx
+M BinTools:pubinclude:BinTools_CurveSet.hxx /dn43/OCCT/tmp/results_31.05.2011/occt/release-sources-20110531/inc/BinTools_CurveSet.hxx
+M BinTools:privinclude:BinTools_CurveSet.jxx /dn43/OCCT/tmp/results_31.05.2011/occt/release-sources-20110531/drv/BinTools/BinTools_CurveSet.jxx
+M BinTools:privinclude:BinTools_CurveSet.ixx /dn43/OCCT/tmp/results_31.05.2011/occt/release-sources-20110531/drv/BinTools/BinTools_CurveSet.ixx
+M BinTools:pubinclude:BinTools_SurfaceSet.hxx /dn43/OCCT/tmp/results_31.05.2011/occt/release-sources-20110531/inc/BinTools_SurfaceSet.hxx
+M BinTools:privinclude:BinTools_SurfaceSet.jxx /dn43/OCCT/tmp/results_31.05.2011/occt/release-sources-20110531/drv/BinTools/BinTools_SurfaceSet.jxx
+M BinTools:privinclude:BinTools_SurfaceSet.ixx /dn43/OCCT/tmp/results_31.05.2011/occt/release-sources-20110531/drv/BinTools/BinTools_SurfaceSet.ixx
+M BinTools:pubinclude:BinTools_LocationSet.hxx /dn43/OCCT/tmp/results_31.05.2011/occt/release-sources-20110531/inc/BinTools_LocationSet.hxx
+M BinTools:privinclude:BinTools_LocationSet.jxx /dn43/OCCT/tmp/results_31.05.2011/occt/release-sources-20110531/drv/BinTools/BinTools_LocationSet.jxx
+M BinTools:privinclude:BinTools_LocationSet.ixx /dn43/OCCT/tmp/results_31.05.2011/occt/release-sources-20110531/drv/BinTools/BinTools_LocationSet.ixx
+M BinTools:pubinclude:BinTools_LocationSetPtr.hxx /dn43/OCCT/tmp/results_31.05.2011/occt/release-sources-20110531/inc/BinTools_LocationSetPtr.hxx
+M BinTools:dbadmfile:BinTools_xcpp_header.In /dn43/OCCT/tmp/results_31.05.2011/occt/release-sources-20110531/drv/BinTools/.adm/BinTools_xcpp_header.In
+M BinTools:dbadmfile:BinTools_xcpp_header.Out /dn43/OCCT/tmp/results_31.05.2011/occt/release-sources-20110531/drv/BinTools/.adm/BinTools_xcpp_header.Out
+M BinTools:dbadmfile:BinTools_xcpp_header.Dep /dn43/OCCT/tmp/results_31.05.2011/occt/release-sources-20110531/drv/BinTools/.adm/BinTools_xcpp_header.Dep
