+M IntPolyh:pubinclude:IntPolyh_Intersection.hxx /dn43/OCCT/tmp/results_30.09.2011/occt/release-sources-20110930/inc/IntPolyh_Intersection.hxx
+M IntPolyh:privinclude:IntPolyh_Intersection.jxx /dn43/OCCT/tmp/results_30.09.2011/occt/release-sources-20110930/drv/IntPolyh/IntPolyh_Intersection.jxx
+M IntPolyh:privinclude:IntPolyh_Intersection.ixx /dn43/OCCT/tmp/results_30.09.2011/occt/release-sources-20110930/drv/IntPolyh/IntPolyh_Intersection.ixx
+M IntPolyh:pubinclude:IntPolyh_Couple.hxx /dn43/OCCT/tmp/results_30.09.2011/occt/release-sources-20110930/inc/IntPolyh_Couple.hxx
+M IntPolyh:privinclude:IntPolyh_Couple.jxx /dn43/OCCT/tmp/results_30.09.2011/occt/release-sources-20110930/drv/IntPolyh/IntPolyh_Couple.jxx
+M IntPolyh:privinclude:IntPolyh_Couple.ixx /dn43/OCCT/tmp/results_30.09.2011/occt/release-sources-20110930/drv/IntPolyh/IntPolyh_Couple.ixx
+M IntPolyh:pubinclude:IntPolyh_ArrayOfCouples.hxx /dn43/OCCT/tmp/results_30.09.2011/occt/release-sources-20110930/inc/IntPolyh_ArrayOfCouples.hxx
+M IntPolyh:privinclude:IntPolyh_ArrayOfCouples.jxx /dn43/OCCT/tmp/results_30.09.2011/occt/release-sources-20110930/drv/IntPolyh/IntPolyh_ArrayOfCouples.jxx
+M IntPolyh:privinclude:IntPolyh_ArrayOfCouples.ixx /dn43/OCCT/tmp/results_30.09.2011/occt/release-sources-20110930/drv/IntPolyh/IntPolyh_ArrayOfCouples.ixx
+M IntPolyh:pubinclude:IntPolyh_Point.hxx /dn43/OCCT/tmp/results_30.09.2011/occt/release-sources-20110930/inc/IntPolyh_Point.hxx
+M IntPolyh:privinclude:IntPolyh_Point.jxx /dn43/OCCT/tmp/results_30.09.2011/occt/release-sources-20110930/drv/IntPolyh/IntPolyh_Point.jxx
+M IntPolyh:privinclude:IntPolyh_Point.ixx /dn43/OCCT/tmp/results_30.09.2011/occt/release-sources-20110930/drv/IntPolyh/IntPolyh_Point.ixx
+M IntPolyh:pubinclude:IntPolyh_ArrayOfPoints.hxx /dn43/OCCT/tmp/results_30.09.2011/occt/release-sources-20110930/inc/IntPolyh_ArrayOfPoints.hxx
+M IntPolyh:privinclude:IntPolyh_ArrayOfPoints.jxx /dn43/OCCT/tmp/results_30.09.2011/occt/release-sources-20110930/drv/IntPolyh/IntPolyh_ArrayOfPoints.jxx
+M IntPolyh:privinclude:IntPolyh_ArrayOfPoints.ixx /dn43/OCCT/tmp/results_30.09.2011/occt/release-sources-20110930/drv/IntPolyh/IntPolyh_ArrayOfPoints.ixx
+M IntPolyh:pubinclude:IntPolyh_StartPoint.hxx /dn43/OCCT/tmp/results_30.09.2011/occt/release-sources-20110930/inc/IntPolyh_StartPoint.hxx
+M IntPolyh:privinclude:IntPolyh_StartPoint.jxx /dn43/OCCT/tmp/results_30.09.2011/occt/release-sources-20110930/drv/IntPolyh/IntPolyh_StartPoint.jxx
+M IntPolyh:privinclude:IntPolyh_StartPoint.ixx /dn43/OCCT/tmp/results_30.09.2011/occt/release-sources-20110930/drv/IntPolyh/IntPolyh_StartPoint.ixx
+M IntPolyh:pubinclude:IntPolyh_ArrayOfStartPoints.hxx /dn43/OCCT/tmp/results_30.09.2011/occt/release-sources-20110930/inc/IntPolyh_ArrayOfStartPoints.hxx
+M IntPolyh:privinclude:IntPolyh_ArrayOfStartPoints.jxx /dn43/OCCT/tmp/results_30.09.2011/occt/release-sources-20110930/drv/IntPolyh/IntPolyh_ArrayOfStartPoints.jxx
+M IntPolyh:privinclude:IntPolyh_ArrayOfStartPoints.ixx /dn43/OCCT/tmp/results_30.09.2011/occt/release-sources-20110930/drv/IntPolyh/IntPolyh_ArrayOfStartPoints.ixx
+M IntPolyh:pubinclude:IntPolyh_SeqOfStartPoints.hxx /dn43/OCCT/tmp/results_30.09.2011/occt/release-sources-20110930/inc/IntPolyh_SeqOfStartPoints.hxx
+M IntPolyh:derivated:IntPolyh_SeqOfStartPoints_0.cxx /dn43/OCCT/tmp/results_30.09.2011/occt/release-sources-20110930/drv/IntPolyh/IntPolyh_SeqOfStartPoints_0.cxx
+M IntPolyh:pubinclude:IntPolyh_Edge.hxx /dn43/OCCT/tmp/results_30.09.2011/occt/release-sources-20110930/inc/IntPolyh_Edge.hxx
+M IntPolyh:privinclude:IntPolyh_Edge.jxx /dn43/OCCT/tmp/results_30.09.2011/occt/release-sources-20110930/drv/IntPolyh/IntPolyh_Edge.jxx
+M IntPolyh:privinclude:IntPolyh_Edge.ixx /dn43/OCCT/tmp/results_30.09.2011/occt/release-sources-20110930/drv/IntPolyh/IntPolyh_Edge.ixx
+M IntPolyh:pubinclude:IntPolyh_ArrayOfEdges.hxx /dn43/OCCT/tmp/results_30.09.2011/occt/release-sources-20110930/inc/IntPolyh_ArrayOfEdges.hxx
+M IntPolyh:privinclude:IntPolyh_ArrayOfEdges.jxx /dn43/OCCT/tmp/results_30.09.2011/occt/release-sources-20110930/drv/IntPolyh/IntPolyh_ArrayOfEdges.jxx
+M IntPolyh:privinclude:IntPolyh_ArrayOfEdges.ixx /dn43/OCCT/tmp/results_30.09.2011/occt/release-sources-20110930/drv/IntPolyh/IntPolyh_ArrayOfEdges.ixx
+M IntPolyh:pubinclude:IntPolyh_Triangle.hxx /dn43/OCCT/tmp/results_30.09.2011/occt/release-sources-20110930/inc/IntPolyh_Triangle.hxx
+M IntPolyh:privinclude:IntPolyh_Triangle.jxx /dn43/OCCT/tmp/results_30.09.2011/occt/release-sources-20110930/drv/IntPolyh/IntPolyh_Triangle.jxx
+M IntPolyh:privinclude:IntPolyh_Triangle.ixx /dn43/OCCT/tmp/results_30.09.2011/occt/release-sources-20110930/drv/IntPolyh/IntPolyh_Triangle.ixx
+M IntPolyh:pubinclude:IntPolyh_ArrayOfTriangles.hxx /dn43/OCCT/tmp/results_30.09.2011/occt/release-sources-20110930/inc/IntPolyh_ArrayOfTriangles.hxx
+M IntPolyh:privinclude:IntPolyh_ArrayOfTriangles.jxx /dn43/OCCT/tmp/results_30.09.2011/occt/release-sources-20110930/drv/IntPolyh/IntPolyh_ArrayOfTriangles.jxx
+M IntPolyh:privinclude:IntPolyh_ArrayOfTriangles.ixx /dn43/OCCT/tmp/results_30.09.2011/occt/release-sources-20110930/drv/IntPolyh/IntPolyh_ArrayOfTriangles.ixx
+M IntPolyh:pubinclude:IntPolyh_MaillageAffinage.hxx /dn43/OCCT/tmp/results_30.09.2011/occt/release-sources-20110930/inc/IntPolyh_MaillageAffinage.hxx
+M IntPolyh:privinclude:IntPolyh_MaillageAffinage.jxx /dn43/OCCT/tmp/results_30.09.2011/occt/release-sources-20110930/drv/IntPolyh/IntPolyh_MaillageAffinage.jxx
+M IntPolyh:privinclude:IntPolyh_MaillageAffinage.ixx /dn43/OCCT/tmp/results_30.09.2011/occt/release-sources-20110930/drv/IntPolyh/IntPolyh_MaillageAffinage.ixx
+M IntPolyh:pubinclude:IntPolyh_SectionLine.hxx /dn43/OCCT/tmp/results_30.09.2011/occt/release-sources-20110930/inc/IntPolyh_SectionLine.hxx
+M IntPolyh:privinclude:IntPolyh_SectionLine.jxx /dn43/OCCT/tmp/results_30.09.2011/occt/release-sources-20110930/drv/IntPolyh/IntPolyh_SectionLine.jxx
+M IntPolyh:privinclude:IntPolyh_SectionLine.ixx /dn43/OCCT/tmp/results_30.09.2011/occt/release-sources-20110930/drv/IntPolyh/IntPolyh_SectionLine.ixx
+M IntPolyh:pubinclude:IntPolyh_ArrayOfSectionLines.hxx /dn43/OCCT/tmp/results_30.09.2011/occt/release-sources-20110930/inc/IntPolyh_ArrayOfSectionLines.hxx
+M IntPolyh:privinclude:IntPolyh_ArrayOfSectionLines.jxx /dn43/OCCT/tmp/results_30.09.2011/occt/release-sources-20110930/drv/IntPolyh/IntPolyh_ArrayOfSectionLines.jxx
+M IntPolyh:privinclude:IntPolyh_ArrayOfSectionLines.ixx /dn43/OCCT/tmp/results_30.09.2011/occt/release-sources-20110930/drv/IntPolyh/IntPolyh_ArrayOfSectionLines.ixx
+M IntPolyh:pubinclude:IntPolyh_ArrayOfTangentZones.hxx /dn43/OCCT/tmp/results_30.09.2011/occt/release-sources-20110930/inc/IntPolyh_ArrayOfTangentZones.hxx
+M IntPolyh:privinclude:IntPolyh_ArrayOfTangentZones.jxx /dn43/OCCT/tmp/results_30.09.2011/occt/release-sources-20110930/drv/IntPolyh/IntPolyh_ArrayOfTangentZones.jxx
+M IntPolyh:privinclude:IntPolyh_ArrayOfTangentZones.ixx /dn43/OCCT/tmp/results_30.09.2011/occt/release-sources-20110930/drv/IntPolyh/IntPolyh_ArrayOfTangentZones.ixx
+M IntPolyh:pubinclude:Handle_IntPolyh_SequenceNodeOfSeqOfStartPoints.hxx /dn43/OCCT/tmp/results_30.09.2011/occt/release-sources-20110930/inc/Handle_IntPolyh_SequenceNodeOfSeqOfStartPoints.hxx
+M IntPolyh:pubinclude:IntPolyh_SequenceNodeOfSeqOfStartPoints.hxx /dn43/OCCT/tmp/results_30.09.2011/occt/release-sources-20110930/inc/IntPolyh_SequenceNodeOfSeqOfStartPoints.hxx
+M IntPolyh:derivated:IntPolyh_SequenceNodeOfSeqOfStartPoints_0.cxx /dn43/OCCT/tmp/results_30.09.2011/occt/release-sources-20110930/drv/IntPolyh/IntPolyh_SequenceNodeOfSeqOfStartPoints_0.cxx
+M IntPolyh:pubinclude:IntPolyh_PMaillageAffinage.hxx /dn43/OCCT/tmp/results_30.09.2011/occt/release-sources-20110930/inc/IntPolyh_PMaillageAffinage.hxx
+M IntPolyh:dbadmfile:IntPolyh_xcpp_header.In /dn43/OCCT/tmp/results_30.09.2011/occt/release-sources-20110930/drv/IntPolyh/.adm/IntPolyh_xcpp_header.In
+M IntPolyh:dbadmfile:IntPolyh_xcpp_header.Out /dn43/OCCT/tmp/results_30.09.2011/occt/release-sources-20110930/drv/IntPolyh/.adm/IntPolyh_xcpp_header.Out
+M IntPolyh:dbadmfile:IntPolyh_xcpp_header.Dep /dn43/OCCT/tmp/results_30.09.2011/occt/release-sources-20110930/drv/IntPolyh/.adm/IntPolyh_xcpp_header.Dep
