+M IntSurf:pubinclude:IntSurf.hxx /dn43/OCCT/tmp/results_31.05.2011/occt/release-sources-20110531/inc/IntSurf.hxx
+M IntSurf:privinclude:IntSurf.jxx /dn43/OCCT/tmp/results_31.05.2011/occt/release-sources-20110531/drv/IntSurf/IntSurf.jxx
+M IntSurf:privinclude:IntSurf.ixx /dn43/OCCT/tmp/results_31.05.2011/occt/release-sources-20110531/drv/IntSurf/IntSurf.ixx
+M IntSurf:pubinclude:IntSurf_PntOn2S.hxx /dn43/OCCT/tmp/results_31.05.2011/occt/release-sources-20110531/inc/IntSurf_PntOn2S.hxx
+M IntSurf:privinclude:IntSurf_PntOn2S.jxx /dn43/OCCT/tmp/results_31.05.2011/occt/release-sources-20110531/drv/IntSurf/IntSurf_PntOn2S.jxx
+M IntSurf:privinclude:IntSurf_PntOn2S.ixx /dn43/OCCT/tmp/results_31.05.2011/occt/release-sources-20110531/drv/IntSurf/IntSurf_PntOn2S.ixx
+M IntSurf:pubinclude:IntSurf_SequenceOfPntOn2S.hxx /dn43/OCCT/tmp/results_31.05.2011/occt/release-sources-20110531/inc/IntSurf_SequenceOfPntOn2S.hxx
+M IntSurf:derivated:IntSurf_SequenceOfPntOn2S_0.cxx /dn43/OCCT/tmp/results_31.05.2011/occt/release-sources-20110531/drv/IntSurf/IntSurf_SequenceOfPntOn2S_0.cxx
+M IntSurf:pubinclude:IntSurf_Couple.hxx /dn43/OCCT/tmp/results_31.05.2011/occt/release-sources-20110531/inc/IntSurf_Couple.hxx
+M IntSurf:privinclude:IntSurf_Couple.jxx /dn43/OCCT/tmp/results_31.05.2011/occt/release-sources-20110531/drv/IntSurf/IntSurf_Couple.jxx
+M IntSurf:privinclude:IntSurf_Couple.ixx /dn43/OCCT/tmp/results_31.05.2011/occt/release-sources-20110531/drv/IntSurf/IntSurf_Couple.ixx
+M IntSurf:pubinclude:IntSurf_SequenceOfCouple.hxx /dn43/OCCT/tmp/results_31.05.2011/occt/release-sources-20110531/inc/IntSurf_SequenceOfCouple.hxx
+M IntSurf:derivated:IntSurf_SequenceOfCouple_0.cxx /dn43/OCCT/tmp/results_31.05.2011/occt/release-sources-20110531/drv/IntSurf/IntSurf_SequenceOfCouple_0.cxx
+M IntSurf:pubinclude:Handle_IntSurf_LineOn2S.hxx /dn43/OCCT/tmp/results_31.05.2011/occt/release-sources-20110531/inc/Handle_IntSurf_LineOn2S.hxx
+M IntSurf:pubinclude:IntSurf_LineOn2S.hxx /dn43/OCCT/tmp/results_31.05.2011/occt/release-sources-20110531/inc/IntSurf_LineOn2S.hxx
+M IntSurf:privinclude:IntSurf_LineOn2S.jxx /dn43/OCCT/tmp/results_31.05.2011/occt/release-sources-20110531/drv/IntSurf/IntSurf_LineOn2S.jxx
+M IntSurf:privinclude:IntSurf_LineOn2S.ixx /dn43/OCCT/tmp/results_31.05.2011/occt/release-sources-20110531/drv/IntSurf/IntSurf_LineOn2S.ixx
+M IntSurf:pubinclude:IntSurf_Quadric.hxx /dn43/OCCT/tmp/results_31.05.2011/occt/release-sources-20110531/inc/IntSurf_Quadric.hxx
+M IntSurf:privinclude:IntSurf_Quadric.jxx /dn43/OCCT/tmp/results_31.05.2011/occt/release-sources-20110531/drv/IntSurf/IntSurf_Quadric.jxx
+M IntSurf:privinclude:IntSurf_Quadric.ixx /dn43/OCCT/tmp/results_31.05.2011/occt/release-sources-20110531/drv/IntSurf/IntSurf_Quadric.ixx
+M IntSurf:pubinclude:IntSurf_QuadricTool.hxx /dn43/OCCT/tmp/results_31.05.2011/occt/release-sources-20110531/inc/IntSurf_QuadricTool.hxx
+M IntSurf:privinclude:IntSurf_QuadricTool.jxx /dn43/OCCT/tmp/results_31.05.2011/occt/release-sources-20110531/drv/IntSurf/IntSurf_QuadricTool.jxx
+M IntSurf:privinclude:IntSurf_QuadricTool.ixx /dn43/OCCT/tmp/results_31.05.2011/occt/release-sources-20110531/drv/IntSurf/IntSurf_QuadricTool.ixx
+M IntSurf:pubinclude:IntSurf_PathPoint.hxx /dn43/OCCT/tmp/results_31.05.2011/occt/release-sources-20110531/inc/IntSurf_PathPoint.hxx
+M IntSurf:privinclude:IntSurf_PathPoint.jxx /dn43/OCCT/tmp/results_31.05.2011/occt/release-sources-20110531/drv/IntSurf/IntSurf_PathPoint.jxx
+M IntSurf:privinclude:IntSurf_PathPoint.ixx /dn43/OCCT/tmp/results_31.05.2011/occt/release-sources-20110531/drv/IntSurf/IntSurf_PathPoint.ixx
+M IntSurf:pubinclude:IntSurf_SequenceOfPathPoint.hxx /dn43/OCCT/tmp/results_31.05.2011/occt/release-sources-20110531/inc/IntSurf_SequenceOfPathPoint.hxx
+M IntSurf:derivated:IntSurf_SequenceOfPathPoint_0.cxx /dn43/OCCT/tmp/results_31.05.2011/occt/release-sources-20110531/drv/IntSurf/IntSurf_SequenceOfPathPoint_0.cxx
+M IntSurf:pubinclude:IntSurf_PathPointTool.hxx /dn43/OCCT/tmp/results_31.05.2011/occt/release-sources-20110531/inc/IntSurf_PathPointTool.hxx
+M IntSurf:privinclude:IntSurf_PathPointTool.jxx /dn43/OCCT/tmp/results_31.05.2011/occt/release-sources-20110531/drv/IntSurf/IntSurf_PathPointTool.jxx
+M IntSurf:privinclude:IntSurf_PathPointTool.ixx /dn43/OCCT/tmp/results_31.05.2011/occt/release-sources-20110531/drv/IntSurf/IntSurf_PathPointTool.ixx
+M IntSurf:pubinclude:IntSurf_InteriorPoint.hxx /dn43/OCCT/tmp/results_31.05.2011/occt/release-sources-20110531/inc/IntSurf_InteriorPoint.hxx
+M IntSurf:privinclude:IntSurf_InteriorPoint.jxx /dn43/OCCT/tmp/results_31.05.2011/occt/release-sources-20110531/drv/IntSurf/IntSurf_InteriorPoint.jxx
+M IntSurf:privinclude:IntSurf_InteriorPoint.ixx /dn43/OCCT/tmp/results_31.05.2011/occt/release-sources-20110531/drv/IntSurf/IntSurf_InteriorPoint.ixx
+M IntSurf:pubinclude:IntSurf_SequenceOfInteriorPoint.hxx /dn43/OCCT/tmp/results_31.05.2011/occt/release-sources-20110531/inc/IntSurf_SequenceOfInteriorPoint.hxx
+M IntSurf:derivated:IntSurf_SequenceOfInteriorPoint_0.cxx /dn43/OCCT/tmp/results_31.05.2011/occt/release-sources-20110531/drv/IntSurf/IntSurf_SequenceOfInteriorPoint_0.cxx
+M IntSurf:pubinclude:IntSurf_InteriorPointTool.hxx /dn43/OCCT/tmp/results_31.05.2011/occt/release-sources-20110531/inc/IntSurf_InteriorPointTool.hxx
+M IntSurf:privinclude:IntSurf_InteriorPointTool.jxx /dn43/OCCT/tmp/results_31.05.2011/occt/release-sources-20110531/drv/IntSurf/IntSurf_InteriorPointTool.jxx
+M IntSurf:privinclude:IntSurf_InteriorPointTool.ixx /dn43/OCCT/tmp/results_31.05.2011/occt/release-sources-20110531/drv/IntSurf/IntSurf_InteriorPointTool.ixx
+M IntSurf:pubinclude:IntSurf_Transition.hxx /dn43/OCCT/tmp/results_31.05.2011/occt/release-sources-20110531/inc/IntSurf_Transition.hxx
+M IntSurf:privinclude:IntSurf_Transition.jxx /dn43/OCCT/tmp/results_31.05.2011/occt/release-sources-20110531/drv/IntSurf/IntSurf_Transition.jxx
+M IntSurf:privinclude:IntSurf_Transition.ixx /dn43/OCCT/tmp/results_31.05.2011/occt/release-sources-20110531/drv/IntSurf/IntSurf_Transition.ixx
+M IntSurf:pubinclude:IntSurf_ListOfPntOn2S.hxx /dn43/OCCT/tmp/results_31.05.2011/occt/release-sources-20110531/inc/IntSurf_ListOfPntOn2S.hxx
+M IntSurf:derivated:IntSurf_ListOfPntOn2S_0.cxx /dn43/OCCT/tmp/results_31.05.2011/occt/release-sources-20110531/drv/IntSurf/IntSurf_ListOfPntOn2S_0.cxx
+M IntSurf:pubinclude:Handle_IntSurf_SequenceNodeOfSequenceOfPntOn2S.hxx /dn43/OCCT/tmp/results_31.05.2011/occt/release-sources-20110531/inc/Handle_IntSurf_SequenceNodeOfSequenceOfPntOn2S.hxx
+M IntSurf:pubinclude:IntSurf_SequenceNodeOfSequenceOfPntOn2S.hxx /dn43/OCCT/tmp/results_31.05.2011/occt/release-sources-20110531/inc/IntSurf_SequenceNodeOfSequenceOfPntOn2S.hxx
+M IntSurf:derivated:IntSurf_SequenceNodeOfSequenceOfPntOn2S_0.cxx /dn43/OCCT/tmp/results_31.05.2011/occt/release-sources-20110531/drv/IntSurf/IntSurf_SequenceNodeOfSequenceOfPntOn2S_0.cxx
+M IntSurf:pubinclude:Handle_IntSurf_SequenceNodeOfSequenceOfCouple.hxx /dn43/OCCT/tmp/results_31.05.2011/occt/release-sources-20110531/inc/Handle_IntSurf_SequenceNodeOfSequenceOfCouple.hxx
+M IntSurf:pubinclude:IntSurf_SequenceNodeOfSequenceOfCouple.hxx /dn43/OCCT/tmp/results_31.05.2011/occt/release-sources-20110531/inc/IntSurf_SequenceNodeOfSequenceOfCouple.hxx
+M IntSurf:derivated:IntSurf_SequenceNodeOfSequenceOfCouple_0.cxx /dn43/OCCT/tmp/results_31.05.2011/occt/release-sources-20110531/drv/IntSurf/IntSurf_SequenceNodeOfSequenceOfCouple_0.cxx
+M IntSurf:pubinclude:Handle_IntSurf_SequenceNodeOfSequenceOfPathPoint.hxx /dn43/OCCT/tmp/results_31.05.2011/occt/release-sources-20110531/inc/Handle_IntSurf_SequenceNodeOfSequenceOfPathPoint.hxx
+M IntSurf:pubinclude:IntSurf_SequenceNodeOfSequenceOfPathPoint.hxx /dn43/OCCT/tmp/results_31.05.2011/occt/release-sources-20110531/inc/IntSurf_SequenceNodeOfSequenceOfPathPoint.hxx
+M IntSurf:derivated:IntSurf_SequenceNodeOfSequenceOfPathPoint_0.cxx /dn43/OCCT/tmp/results_31.05.2011/occt/release-sources-20110531/drv/IntSurf/IntSurf_SequenceNodeOfSequenceOfPathPoint_0.cxx
+M IntSurf:pubinclude:Handle_IntSurf_SequenceNodeOfSequenceOfInteriorPoint.hxx /dn43/OCCT/tmp/results_31.05.2011/occt/release-sources-20110531/inc/Handle_IntSurf_SequenceNodeOfSequenceOfInteriorPoint.hxx
+M IntSurf:pubinclude:IntSurf_SequenceNodeOfSequenceOfInteriorPoint.hxx /dn43/OCCT/tmp/results_31.05.2011/occt/release-sources-20110531/inc/IntSurf_SequenceNodeOfSequenceOfInteriorPoint.hxx
+M IntSurf:derivated:IntSurf_SequenceNodeOfSequenceOfInteriorPoint_0.cxx /dn43/OCCT/tmp/results_31.05.2011/occt/release-sources-20110531/drv/IntSurf/IntSurf_SequenceNodeOfSequenceOfInteriorPoint_0.cxx
+M IntSurf:pubinclude:Handle_IntSurf_ListNodeOfListOfPntOn2S.hxx /dn43/OCCT/tmp/results_31.05.2011/occt/release-sources-20110531/inc/Handle_IntSurf_ListNodeOfListOfPntOn2S.hxx
+M IntSurf:pubinclude:IntSurf_ListNodeOfListOfPntOn2S.hxx /dn43/OCCT/tmp/results_31.05.2011/occt/release-sources-20110531/inc/IntSurf_ListNodeOfListOfPntOn2S.hxx
+M IntSurf:derivated:IntSurf_ListNodeOfListOfPntOn2S_0.cxx /dn43/OCCT/tmp/results_31.05.2011/occt/release-sources-20110531/drv/IntSurf/IntSurf_ListNodeOfListOfPntOn2S_0.cxx
+M IntSurf:pubinclude:IntSurf_ListIteratorOfListOfPntOn2S.hxx /dn43/OCCT/tmp/results_31.05.2011/occt/release-sources-20110531/inc/IntSurf_ListIteratorOfListOfPntOn2S.hxx
+M IntSurf:derivated:IntSurf_ListIteratorOfListOfPntOn2S_0.cxx /dn43/OCCT/tmp/results_31.05.2011/occt/release-sources-20110531/drv/IntSurf/IntSurf_ListIteratorOfListOfPntOn2S_0.cxx
+M IntSurf:pubinclude:IntSurf_TypeTrans.hxx /dn43/OCCT/tmp/results_31.05.2011/occt/release-sources-20110531/inc/IntSurf_TypeTrans.hxx
+M IntSurf:pubinclude:IntSurf_Situation.hxx /dn43/OCCT/tmp/results_31.05.2011/occt/release-sources-20110531/inc/IntSurf_Situation.hxx
+M IntSurf:dbadmfile:IntSurf_xcpp_header.In /dn43/OCCT/tmp/results_31.05.2011/occt/release-sources-20110531/drv/IntSurf/.adm/IntSurf_xcpp_header.In
+M IntSurf:dbadmfile:IntSurf_xcpp_header.Out /dn43/OCCT/tmp/results_31.05.2011/occt/release-sources-20110531/drv/IntSurf/.adm/IntSurf_xcpp_header.Out
+M IntSurf:dbadmfile:IntSurf_xcpp_header.Dep /dn43/OCCT/tmp/results_31.05.2011/occt/release-sources-20110531/drv/IntSurf/.adm/IntSurf_xcpp_header.Dep
