+M IntPatch:pubinclude:IntPatch_ALineToWLine.hxx /dn43/OCCT/tmp/results_28.02.2011/occt/release-sources-20110228/inc/IntPatch_ALineToWLine.hxx
+M IntPatch:privinclude:IntPatch_ALineToWLine.jxx /dn43/OCCT/tmp/results_28.02.2011/occt/release-sources-20110228/drv/IntPatch/IntPatch_ALineToWLine.jxx
+M IntPatch:privinclude:IntPatch_ALineToWLine.ixx /dn43/OCCT/tmp/results_28.02.2011/occt/release-sources-20110228/drv/IntPatch/IntPatch_ALineToWLine.ixx
+M IntPatch:pubinclude:IntPatch_Point.hxx /dn43/OCCT/tmp/results_28.02.2011/occt/release-sources-20110228/inc/IntPatch_Point.hxx
+M IntPatch:privinclude:IntPatch_Point.jxx /dn43/OCCT/tmp/results_28.02.2011/occt/release-sources-20110228/drv/IntPatch/IntPatch_Point.jxx
+M IntPatch:privinclude:IntPatch_Point.ixx /dn43/OCCT/tmp/results_28.02.2011/occt/release-sources-20110228/drv/IntPatch/IntPatch_Point.ixx
+M IntPatch:pubinclude:Handle_IntPatch_Line.hxx /dn43/OCCT/tmp/results_28.02.2011/occt/release-sources-20110228/inc/Handle_IntPatch_Line.hxx
+M IntPatch:pubinclude:IntPatch_Line.hxx /dn43/OCCT/tmp/results_28.02.2011/occt/release-sources-20110228/inc/IntPatch_Line.hxx
+M IntPatch:privinclude:IntPatch_Line.jxx /dn43/OCCT/tmp/results_28.02.2011/occt/release-sources-20110228/drv/IntPatch/IntPatch_Line.jxx
+M IntPatch:privinclude:IntPatch_Line.ixx /dn43/OCCT/tmp/results_28.02.2011/occt/release-sources-20110228/drv/IntPatch/IntPatch_Line.ixx
+M IntPatch:pubinclude:Handle_IntPatch_GLine.hxx /dn43/OCCT/tmp/results_28.02.2011/occt/release-sources-20110228/inc/Handle_IntPatch_GLine.hxx
+M IntPatch:pubinclude:IntPatch_GLine.hxx /dn43/OCCT/tmp/results_28.02.2011/occt/release-sources-20110228/inc/IntPatch_GLine.hxx
+M IntPatch:privinclude:IntPatch_GLine.jxx /dn43/OCCT/tmp/results_28.02.2011/occt/release-sources-20110228/drv/IntPatch/IntPatch_GLine.jxx
+M IntPatch:privinclude:IntPatch_GLine.ixx /dn43/OCCT/tmp/results_28.02.2011/occt/release-sources-20110228/drv/IntPatch/IntPatch_GLine.ixx
+M IntPatch:pubinclude:Handle_IntPatch_ALine.hxx /dn43/OCCT/tmp/results_28.02.2011/occt/release-sources-20110228/inc/Handle_IntPatch_ALine.hxx
+M IntPatch:pubinclude:IntPatch_ALine.hxx /dn43/OCCT/tmp/results_28.02.2011/occt/release-sources-20110228/inc/IntPatch_ALine.hxx
+M IntPatch:privinclude:IntPatch_ALine.jxx /dn43/OCCT/tmp/results_28.02.2011/occt/release-sources-20110228/drv/IntPatch/IntPatch_ALine.jxx
+M IntPatch:privinclude:IntPatch_ALine.ixx /dn43/OCCT/tmp/results_28.02.2011/occt/release-sources-20110228/drv/IntPatch/IntPatch_ALine.ixx
+M IntPatch:pubinclude:Handle_IntPatch_WLine.hxx /dn43/OCCT/tmp/results_28.02.2011/occt/release-sources-20110228/inc/Handle_IntPatch_WLine.hxx
+M IntPatch:pubinclude:IntPatch_WLine.hxx /dn43/OCCT/tmp/results_28.02.2011/occt/release-sources-20110228/inc/IntPatch_WLine.hxx
+M IntPatch:privinclude:IntPatch_WLine.jxx /dn43/OCCT/tmp/results_28.02.2011/occt/release-sources-20110228/drv/IntPatch/IntPatch_WLine.jxx
+M IntPatch:privinclude:IntPatch_WLine.ixx /dn43/OCCT/tmp/results_28.02.2011/occt/release-sources-20110228/drv/IntPatch/IntPatch_WLine.ixx
+M IntPatch:pubinclude:Handle_IntPatch_RLine.hxx /dn43/OCCT/tmp/results_28.02.2011/occt/release-sources-20110228/inc/Handle_IntPatch_RLine.hxx
+M IntPatch:pubinclude:IntPatch_RLine.hxx /dn43/OCCT/tmp/results_28.02.2011/occt/release-sources-20110228/inc/IntPatch_RLine.hxx
+M IntPatch:privinclude:IntPatch_RLine.jxx /dn43/OCCT/tmp/results_28.02.2011/occt/release-sources-20110228/drv/IntPatch/IntPatch_RLine.jxx
+M IntPatch:privinclude:IntPatch_RLine.ixx /dn43/OCCT/tmp/results_28.02.2011/occt/release-sources-20110228/drv/IntPatch/IntPatch_RLine.ixx
+M IntPatch:pubinclude:IntPatch_ArcFunction.hxx /dn43/OCCT/tmp/results_28.02.2011/occt/release-sources-20110228/inc/IntPatch_ArcFunction.hxx
+M IntPatch:privinclude:IntPatch_ArcFunction.jxx /dn43/OCCT/tmp/results_28.02.2011/occt/release-sources-20110228/drv/IntPatch/IntPatch_ArcFunction.jxx
+M IntPatch:privinclude:IntPatch_ArcFunction.ixx /dn43/OCCT/tmp/results_28.02.2011/occt/release-sources-20110228/drv/IntPatch/IntPatch_ArcFunction.ixx
+M IntPatch:pubinclude:IntPatch_ImpImpIntersection.hxx /dn43/OCCT/tmp/results_28.02.2011/occt/release-sources-20110228/inc/IntPatch_ImpImpIntersection.hxx
+M IntPatch:privinclude:IntPatch_ImpImpIntersection.jxx /dn43/OCCT/tmp/results_28.02.2011/occt/release-sources-20110228/drv/IntPatch/IntPatch_ImpImpIntersection.jxx
+M IntPatch:privinclude:IntPatch_ImpImpIntersection.ixx /dn43/OCCT/tmp/results_28.02.2011/occt/release-sources-20110228/drv/IntPatch/IntPatch_ImpImpIntersection.ixx
+M IntPatch:pubinclude:IntPatch_Polygo.hxx /dn43/OCCT/tmp/results_28.02.2011/occt/release-sources-20110228/inc/IntPatch_Polygo.hxx
+M IntPatch:privinclude:IntPatch_Polygo.jxx /dn43/OCCT/tmp/results_28.02.2011/occt/release-sources-20110228/drv/IntPatch/IntPatch_Polygo.jxx
+M IntPatch:privinclude:IntPatch_Polygo.ixx /dn43/OCCT/tmp/results_28.02.2011/occt/release-sources-20110228/drv/IntPatch/IntPatch_Polygo.ixx
+M IntPatch:pubinclude:IntPatch_PolyLine.hxx /dn43/OCCT/tmp/results_28.02.2011/occt/release-sources-20110228/inc/IntPatch_PolyLine.hxx
+M IntPatch:privinclude:IntPatch_PolyLine.jxx /dn43/OCCT/tmp/results_28.02.2011/occt/release-sources-20110228/drv/IntPatch/IntPatch_PolyLine.jxx
+M IntPatch:privinclude:IntPatch_PolyLine.ixx /dn43/OCCT/tmp/results_28.02.2011/occt/release-sources-20110228/drv/IntPatch/IntPatch_PolyLine.ixx
+M IntPatch:pubinclude:IntPatch_PolyArc.hxx /dn43/OCCT/tmp/results_28.02.2011/occt/release-sources-20110228/inc/IntPatch_PolyArc.hxx
+M IntPatch:privinclude:IntPatch_PolyArc.jxx /dn43/OCCT/tmp/results_28.02.2011/occt/release-sources-20110228/drv/IntPatch/IntPatch_PolyArc.jxx
+M IntPatch:privinclude:IntPatch_PolyArc.ixx /dn43/OCCT/tmp/results_28.02.2011/occt/release-sources-20110228/drv/IntPatch/IntPatch_PolyArc.ixx
+M IntPatch:pubinclude:IntPatch_PolygoTool.hxx /dn43/OCCT/tmp/results_28.02.2011/occt/release-sources-20110228/inc/IntPatch_PolygoTool.hxx
+M IntPatch:privinclude:IntPatch_PolygoTool.jxx /dn43/OCCT/tmp/results_28.02.2011/occt/release-sources-20110228/drv/IntPatch/IntPatch_PolygoTool.jxx
+M IntPatch:privinclude:IntPatch_PolygoTool.ixx /dn43/OCCT/tmp/results_28.02.2011/occt/release-sources-20110228/drv/IntPatch/IntPatch_PolygoTool.ixx
+M IntPatch:pubinclude:IntPatch_RstInt.hxx /dn43/OCCT/tmp/results_28.02.2011/occt/release-sources-20110228/inc/IntPatch_RstInt.hxx
+M IntPatch:privinclude:IntPatch_RstInt.jxx /dn43/OCCT/tmp/results_28.02.2011/occt/release-sources-20110228/drv/IntPatch/IntPatch_RstInt.jxx
+M IntPatch:privinclude:IntPatch_RstInt.ixx /dn43/OCCT/tmp/results_28.02.2011/occt/release-sources-20110228/drv/IntPatch/IntPatch_RstInt.ixx
+M IntPatch:pubinclude:IntPatch_ImpPrmIntersection.hxx /dn43/OCCT/tmp/results_28.02.2011/occt/release-sources-20110228/inc/IntPatch_ImpPrmIntersection.hxx
+M IntPatch:privinclude:IntPatch_ImpPrmIntersection.jxx /dn43/OCCT/tmp/results_28.02.2011/occt/release-sources-20110228/drv/IntPatch/IntPatch_ImpPrmIntersection.jxx
+M IntPatch:privinclude:IntPatch_ImpPrmIntersection.ixx /dn43/OCCT/tmp/results_28.02.2011/occt/release-sources-20110228/drv/IntPatch/IntPatch_ImpPrmIntersection.ixx
+M IntPatch:pubinclude:IntPatch_Polyhedron.hxx /dn43/OCCT/tmp/results_28.02.2011/occt/release-sources-20110228/inc/IntPatch_Polyhedron.hxx
+M IntPatch:privinclude:IntPatch_Polyhedron.jxx /dn43/OCCT/tmp/results_28.02.2011/occt/release-sources-20110228/drv/IntPatch/IntPatch_Polyhedron.jxx
+M IntPatch:privinclude:IntPatch_Polyhedron.ixx /dn43/OCCT/tmp/results_28.02.2011/occt/release-sources-20110228/drv/IntPatch/IntPatch_Polyhedron.ixx
+M IntPatch:pubinclude:IntPatch_PolyhedronTool.hxx /dn43/OCCT/tmp/results_28.02.2011/occt/release-sources-20110228/inc/IntPatch_PolyhedronTool.hxx
+M IntPatch:privinclude:IntPatch_PolyhedronTool.jxx /dn43/OCCT/tmp/results_28.02.2011/occt/release-sources-20110228/drv/IntPatch/IntPatch_PolyhedronTool.jxx
+M IntPatch:privinclude:IntPatch_PolyhedronTool.ixx /dn43/OCCT/tmp/results_28.02.2011/occt/release-sources-20110228/drv/IntPatch/IntPatch_PolyhedronTool.ixx
+M IntPatch:pubinclude:IntPatch_PrmPrmIntersection_T3Bits.hxx /dn43/OCCT/tmp/results_28.02.2011/occt/release-sources-20110228/inc/IntPatch_PrmPrmIntersection_T3Bits.hxx
+M IntPatch:privinclude:IntPatch_PrmPrmIntersection_T3Bits.jxx /dn43/OCCT/tmp/results_28.02.2011/occt/release-sources-20110228/drv/IntPatch/IntPatch_PrmPrmIntersection_T3Bits.jxx
+M IntPatch:privinclude:IntPatch_PrmPrmIntersection_T3Bits.ixx /dn43/OCCT/tmp/results_28.02.2011/occt/release-sources-20110228/drv/IntPatch/IntPatch_PrmPrmIntersection_T3Bits.ixx
+M IntPatch:pubinclude:IntPatch_PrmPrmIntersection.hxx /dn43/OCCT/tmp/results_28.02.2011/occt/release-sources-20110228/inc/IntPatch_PrmPrmIntersection.hxx
+M IntPatch:privinclude:IntPatch_PrmPrmIntersection.jxx /dn43/OCCT/tmp/results_28.02.2011/occt/release-sources-20110228/drv/IntPatch/IntPatch_PrmPrmIntersection.jxx
+M IntPatch:privinclude:IntPatch_PrmPrmIntersection.ixx /dn43/OCCT/tmp/results_28.02.2011/occt/release-sources-20110228/drv/IntPatch/IntPatch_PrmPrmIntersection.ixx
+M IntPatch:pubinclude:IntPatch_HInterTool.hxx /dn43/OCCT/tmp/results_28.02.2011/occt/release-sources-20110228/inc/IntPatch_HInterTool.hxx
+M IntPatch:privinclude:IntPatch_HInterTool.jxx /dn43/OCCT/tmp/results_28.02.2011/occt/release-sources-20110228/drv/IntPatch/IntPatch_HInterTool.jxx
+M IntPatch:privinclude:IntPatch_HInterTool.ixx /dn43/OCCT/tmp/results_28.02.2011/occt/release-sources-20110228/drv/IntPatch/IntPatch_HInterTool.ixx
+M IntPatch:pubinclude:IntPatch_HCurve2dTool.hxx /dn43/OCCT/tmp/results_28.02.2011/occt/release-sources-20110228/inc/IntPatch_HCurve2dTool.hxx
+M IntPatch:privinclude:IntPatch_HCurve2dTool.jxx /dn43/OCCT/tmp/results_28.02.2011/occt/release-sources-20110228/drv/IntPatch/IntPatch_HCurve2dTool.jxx
+M IntPatch:privinclude:IntPatch_HCurve2dTool.ixx /dn43/OCCT/tmp/results_28.02.2011/occt/release-sources-20110228/drv/IntPatch/IntPatch_HCurve2dTool.ixx
+M IntPatch:pubinclude:IntPatch_LineConstructor.hxx /dn43/OCCT/tmp/results_28.02.2011/occt/release-sources-20110228/inc/IntPatch_LineConstructor.hxx
+M IntPatch:privinclude:IntPatch_LineConstructor.jxx /dn43/OCCT/tmp/results_28.02.2011/occt/release-sources-20110228/drv/IntPatch/IntPatch_LineConstructor.jxx
+M IntPatch:privinclude:IntPatch_LineConstructor.ixx /dn43/OCCT/tmp/results_28.02.2011/occt/release-sources-20110228/drv/IntPatch/IntPatch_LineConstructor.ixx
+M IntPatch:pubinclude:IntPatch_Intersection.hxx /dn43/OCCT/tmp/results_28.02.2011/occt/release-sources-20110228/inc/IntPatch_Intersection.hxx
+M IntPatch:privinclude:IntPatch_Intersection.jxx /dn43/OCCT/tmp/results_28.02.2011/occt/release-sources-20110228/drv/IntPatch/IntPatch_Intersection.jxx
+M IntPatch:privinclude:IntPatch_Intersection.ixx /dn43/OCCT/tmp/results_28.02.2011/occt/release-sources-20110228/drv/IntPatch/IntPatch_Intersection.ixx
+M IntPatch:pubinclude:IntPatch_SequenceOfPoint.hxx /dn43/OCCT/tmp/results_28.02.2011/occt/release-sources-20110228/inc/IntPatch_SequenceOfPoint.hxx
+M IntPatch:derivated:IntPatch_SequenceOfPoint_0.cxx /dn43/OCCT/tmp/results_28.02.2011/occt/release-sources-20110228/drv/IntPatch/IntPatch_SequenceOfPoint_0.cxx
+M IntPatch:pubinclude:IntPatch_SequenceOfLine.hxx /dn43/OCCT/tmp/results_28.02.2011/occt/release-sources-20110228/inc/IntPatch_SequenceOfLine.hxx
+M IntPatch:derivated:IntPatch_SequenceOfLine_0.cxx /dn43/OCCT/tmp/results_28.02.2011/occt/release-sources-20110228/drv/IntPatch/IntPatch_SequenceOfLine_0.cxx
+M IntPatch:pubinclude:IntPatch_TheSurfFunction.hxx /dn43/OCCT/tmp/results_28.02.2011/occt/release-sources-20110228/inc/IntPatch_TheSurfFunction.hxx
+M IntPatch:derivated:IntPatch_TheSurfFunction_0.cxx /dn43/OCCT/tmp/results_28.02.2011/occt/release-sources-20110228/drv/IntPatch/IntPatch_TheSurfFunction_0.cxx
+M IntPatch:pubinclude:IntPatch_TheIWalking.hxx /dn43/OCCT/tmp/results_28.02.2011/occt/release-sources-20110228/inc/IntPatch_TheIWalking.hxx
+M IntPatch:derivated:IntPatch_TheIWalking_0.cxx /dn43/OCCT/tmp/results_28.02.2011/occt/release-sources-20110228/drv/IntPatch/IntPatch_TheIWalking_0.cxx
+M IntPatch:pubinclude:IntPatch_TheSearchInside.hxx /dn43/OCCT/tmp/results_28.02.2011/occt/release-sources-20110228/inc/IntPatch_TheSearchInside.hxx
+M IntPatch:derivated:IntPatch_TheSearchInside_0.cxx /dn43/OCCT/tmp/results_28.02.2011/occt/release-sources-20110228/drv/IntPatch/IntPatch_TheSearchInside_0.cxx
+M IntPatch:pubinclude:IntPatch_TheSOnBounds.hxx /dn43/OCCT/tmp/results_28.02.2011/occt/release-sources-20110228/inc/IntPatch_TheSOnBounds.hxx
+M IntPatch:derivated:IntPatch_TheSOnBounds_0.cxx /dn43/OCCT/tmp/results_28.02.2011/occt/release-sources-20110228/drv/IntPatch/IntPatch_TheSOnBounds_0.cxx
+M IntPatch:pubinclude:IntPatch_TheInterfPolyhedron.hxx /dn43/OCCT/tmp/results_28.02.2011/occt/release-sources-20110228/inc/IntPatch_TheInterfPolyhedron.hxx
+M IntPatch:derivated:IntPatch_TheInterfPolyhedron_0.cxx /dn43/OCCT/tmp/results_28.02.2011/occt/release-sources-20110228/drv/IntPatch/IntPatch_TheInterfPolyhedron_0.cxx
+M IntPatch:pubinclude:IntPatch_ThePWalkingInter.hxx /dn43/OCCT/tmp/results_28.02.2011/occt/release-sources-20110228/inc/IntPatch_ThePWalkingInter.hxx
+M IntPatch:derivated:IntPatch_ThePWalkingInter_0.cxx /dn43/OCCT/tmp/results_28.02.2011/occt/release-sources-20110228/drv/IntPatch/IntPatch_ThePWalkingInter_0.cxx
+M IntPatch:pubinclude:IntPatch_SearchPnt.hxx /dn43/OCCT/tmp/results_28.02.2011/occt/release-sources-20110228/inc/IntPatch_SearchPnt.hxx
+M IntPatch:derivated:IntPatch_SearchPnt_0.cxx /dn43/OCCT/tmp/results_28.02.2011/occt/release-sources-20110228/drv/IntPatch/IntPatch_SearchPnt_0.cxx
+M IntPatch:pubinclude:IntPatch_CSFunction.hxx /dn43/OCCT/tmp/results_28.02.2011/occt/release-sources-20110228/inc/IntPatch_CSFunction.hxx
+M IntPatch:derivated:IntPatch_CSFunction_0.cxx /dn43/OCCT/tmp/results_28.02.2011/occt/release-sources-20110228/drv/IntPatch/IntPatch_CSFunction_0.cxx
+M IntPatch:pubinclude:IntPatch_CurvIntSurf.hxx /dn43/OCCT/tmp/results_28.02.2011/occt/release-sources-20110228/inc/IntPatch_CurvIntSurf.hxx
+M IntPatch:derivated:IntPatch_CurvIntSurf_0.cxx /dn43/OCCT/tmp/results_28.02.2011/occt/release-sources-20110228/drv/IntPatch/IntPatch_CurvIntSurf_0.cxx
+M IntPatch:pubinclude:Handle_IntPatch_SequenceNodeOfSequenceOfPoint.hxx /dn43/OCCT/tmp/results_28.02.2011/occt/release-sources-20110228/inc/Handle_IntPatch_SequenceNodeOfSequenceOfPoint.hxx
+M IntPatch:pubinclude:IntPatch_SequenceNodeOfSequenceOfPoint.hxx /dn43/OCCT/tmp/results_28.02.2011/occt/release-sources-20110228/inc/IntPatch_SequenceNodeOfSequenceOfPoint.hxx
+M IntPatch:derivated:IntPatch_SequenceNodeOfSequenceOfPoint_0.cxx /dn43/OCCT/tmp/results_28.02.2011/occt/release-sources-20110228/drv/IntPatch/IntPatch_SequenceNodeOfSequenceOfPoint_0.cxx
+M IntPatch:pubinclude:Handle_IntPatch_SequenceNodeOfSequenceOfLine.hxx /dn43/OCCT/tmp/results_28.02.2011/occt/release-sources-20110228/inc/Handle_IntPatch_SequenceNodeOfSequenceOfLine.hxx
+M IntPatch:pubinclude:IntPatch_SequenceNodeOfSequenceOfLine.hxx /dn43/OCCT/tmp/results_28.02.2011/occt/release-sources-20110228/inc/IntPatch_SequenceNodeOfSequenceOfLine.hxx
+M IntPatch:derivated:IntPatch_SequenceNodeOfSequenceOfLine_0.cxx /dn43/OCCT/tmp/results_28.02.2011/occt/release-sources-20110228/drv/IntPatch/IntPatch_SequenceNodeOfSequenceOfLine_0.cxx
+M IntPatch:pubinclude:Handle_IntPatch_TheIWLineOfTheIWalking.hxx /dn43/OCCT/tmp/results_28.02.2011/occt/release-sources-20110228/inc/Handle_IntPatch_TheIWLineOfTheIWalking.hxx
+M IntPatch:pubinclude:IntPatch_TheIWLineOfTheIWalking.hxx /dn43/OCCT/tmp/results_28.02.2011/occt/release-sources-20110228/inc/IntPatch_TheIWLineOfTheIWalking.hxx
+M IntPatch:derivated:IntPatch_TheIWLineOfTheIWalking_0.cxx /dn43/OCCT/tmp/results_28.02.2011/occt/release-sources-20110228/drv/IntPatch/IntPatch_TheIWLineOfTheIWalking_0.cxx
+M IntPatch:pubinclude:Handle_IntPatch_SequenceNodeOfSequenceOfIWLineOfTheIWalking.hxx /dn43/OCCT/tmp/results_28.02.2011/occt/release-sources-20110228/inc/Handle_IntPatch_SequenceNodeOfSequenceOfIWLineOfTheIWalking.hxx
+M IntPatch:pubinclude:IntPatch_SequenceNodeOfSequenceOfIWLineOfTheIWalking.hxx /dn43/OCCT/tmp/results_28.02.2011/occt/release-sources-20110228/inc/IntPatch_SequenceNodeOfSequenceOfIWLineOfTheIWalking.hxx
+M IntPatch:derivated:IntPatch_SequenceNodeOfSequenceOfIWLineOfTheIWalking_0.cxx /dn43/OCCT/tmp/results_28.02.2011/occt/release-sources-20110228/drv/IntPatch/IntPatch_SequenceNodeOfSequenceOfIWLineOfTheIWalking_0.cxx
+M IntPatch:pubinclude:IntPatch_SequenceOfIWLineOfTheIWalking.hxx /dn43/OCCT/tmp/results_28.02.2011/occt/release-sources-20110228/inc/IntPatch_SequenceOfIWLineOfTheIWalking.hxx
+M IntPatch:derivated:IntPatch_SequenceOfIWLineOfTheIWalking_0.cxx /dn43/OCCT/tmp/results_28.02.2011/occt/release-sources-20110228/drv/IntPatch/IntPatch_SequenceOfIWLineOfTheIWalking_0.cxx
+M IntPatch:pubinclude:IntPatch_ThePathPointOfTheSOnBounds.hxx /dn43/OCCT/tmp/results_28.02.2011/occt/release-sources-20110228/inc/IntPatch_ThePathPointOfTheSOnBounds.hxx
+M IntPatch:derivated:IntPatch_ThePathPointOfTheSOnBounds_0.cxx /dn43/OCCT/tmp/results_28.02.2011/occt/release-sources-20110228/drv/IntPatch/IntPatch_ThePathPointOfTheSOnBounds_0.cxx
+M IntPatch:pubinclude:Handle_IntPatch_SequenceNodeOfSequenceOfPathPointOfTheSOnBounds.hxx /dn43/OCCT/tmp/results_28.02.2011/occt/release-sources-20110228/inc/Handle_IntPatch_SequenceNodeOfSequenceOfPathPointOfTheSOnBounds.hxx
+M IntPatch:pubinclude:IntPatch_SequenceNodeOfSequenceOfPathPointOfTheSOnBounds.hxx /dn43/OCCT/tmp/results_28.02.2011/occt/release-sources-20110228/inc/IntPatch_SequenceNodeOfSequenceOfPathPointOfTheSOnBounds.hxx
+M IntPatch:derivated:IntPatch_SequenceNodeOfSequenceOfPathPointOfTheSOnBounds_0.cxx /dn43/OCCT/tmp/results_28.02.2011/occt/release-sources-20110228/drv/IntPatch/IntPatch_SequenceNodeOfSequenceOfPathPointOfTheSOnBounds_0.cxx
+M IntPatch:pubinclude:IntPatch_SequenceOfPathPointOfTheSOnBounds.hxx /dn43/OCCT/tmp/results_28.02.2011/occt/release-sources-20110228/inc/IntPatch_SequenceOfPathPointOfTheSOnBounds.hxx
+M IntPatch:derivated:IntPatch_SequenceOfPathPointOfTheSOnBounds_0.cxx /dn43/OCCT/tmp/results_28.02.2011/occt/release-sources-20110228/drv/IntPatch/IntPatch_SequenceOfPathPointOfTheSOnBounds_0.cxx
+M IntPatch:pubinclude:IntPatch_TheSegmentOfTheSOnBounds.hxx /dn43/OCCT/tmp/results_28.02.2011/occt/release-sources-20110228/inc/IntPatch_TheSegmentOfTheSOnBounds.hxx
+M IntPatch:derivated:IntPatch_TheSegmentOfTheSOnBounds_0.cxx /dn43/OCCT/tmp/results_28.02.2011/occt/release-sources-20110228/drv/IntPatch/IntPatch_TheSegmentOfTheSOnBounds_0.cxx
+M IntPatch:pubinclude:Handle_IntPatch_SequenceNodeOfSequenceOfSegmentOfTheSOnBounds.hxx /dn43/OCCT/tmp/results_28.02.2011/occt/release-sources-20110228/inc/Handle_IntPatch_SequenceNodeOfSequenceOfSegmentOfTheSOnBounds.hxx
+M IntPatch:pubinclude:IntPatch_SequenceNodeOfSequenceOfSegmentOfTheSOnBounds.hxx /dn43/OCCT/tmp/results_28.02.2011/occt/release-sources-20110228/inc/IntPatch_SequenceNodeOfSequenceOfSegmentOfTheSOnBounds.hxx
+M IntPatch:derivated:IntPatch_SequenceNodeOfSequenceOfSegmentOfTheSOnBounds_0.cxx /dn43/OCCT/tmp/results_28.02.2011/occt/release-sources-20110228/drv/IntPatch/IntPatch_SequenceNodeOfSequenceOfSegmentOfTheSOnBounds_0.cxx
+M IntPatch:pubinclude:IntPatch_SequenceOfSegmentOfTheSOnBounds.hxx /dn43/OCCT/tmp/results_28.02.2011/occt/release-sources-20110228/inc/IntPatch_SequenceOfSegmentOfTheSOnBounds.hxx
+M IntPatch:derivated:IntPatch_SequenceOfSegmentOfTheSOnBounds_0.cxx /dn43/OCCT/tmp/results_28.02.2011/occt/release-sources-20110228/drv/IntPatch/IntPatch_SequenceOfSegmentOfTheSOnBounds_0.cxx
+M IntPatch:pubinclude:IntPatch_TheFunctionOfTheInt2SOfThePWalkingInter.hxx /dn43/OCCT/tmp/results_28.02.2011/occt/release-sources-20110228/inc/IntPatch_TheFunctionOfTheInt2SOfThePWalkingInter.hxx
+M IntPatch:derivated:IntPatch_TheFunctionOfTheInt2SOfThePWalkingInter_0.cxx /dn43/OCCT/tmp/results_28.02.2011/occt/release-sources-20110228/drv/IntPatch/IntPatch_TheFunctionOfTheInt2SOfThePWalkingInter_0.cxx
+M IntPatch:pubinclude:IntPatch_TheInt2SOfThePWalkingInter.hxx /dn43/OCCT/tmp/results_28.02.2011/occt/release-sources-20110228/inc/IntPatch_TheInt2SOfThePWalkingInter.hxx
+M IntPatch:derivated:IntPatch_TheInt2SOfThePWalkingInter_0.cxx /dn43/OCCT/tmp/results_28.02.2011/occt/release-sources-20110228/drv/IntPatch/IntPatch_TheInt2SOfThePWalkingInter_0.cxx
+M IntPatch:pubinclude:IntPatch_IType.hxx /dn43/OCCT/tmp/results_28.02.2011/occt/release-sources-20110228/inc/IntPatch_IType.hxx
+M IntPatch:dbadmfile:IntPatch_xcpp_header.In /dn43/OCCT/tmp/results_28.02.2011/occt/release-sources-20110228/drv/IntPatch/.adm/IntPatch_xcpp_header.In
+M IntPatch:dbadmfile:IntPatch_xcpp_header.Out /dn43/OCCT/tmp/results_28.02.2011/occt/release-sources-20110228/drv/IntPatch/.adm/IntPatch_xcpp_header.Out
+M IntPatch:dbadmfile:IntPatch_xcpp_header.Dep /dn43/OCCT/tmp/results_28.02.2011/occt/release-sources-20110228/drv/IntPatch/.adm/IntPatch_xcpp_header.Dep
