+M GeomConvert:pubinclude:GeomConvert.hxx /dn43/OCCT/tmp/results_28.02.2011/occt/release-sources-20110228/inc/GeomConvert.hxx
+M GeomConvert:privinclude:GeomConvert.jxx /dn43/OCCT/tmp/results_28.02.2011/occt/release-sources-20110228/drv/GeomConvert/GeomConvert.jxx
+M GeomConvert:privinclude:GeomConvert.ixx /dn43/OCCT/tmp/results_28.02.2011/occt/release-sources-20110228/drv/GeomConvert/GeomConvert.ixx
+M GeomConvert:pubinclude:GeomConvert_BSplineCurveKnotSplitting.hxx /dn43/OCCT/tmp/results_28.02.2011/occt/release-sources-20110228/inc/GeomConvert_BSplineCurveKnotSplitting.hxx
+M GeomConvert:privinclude:GeomConvert_BSplineCurveKnotSplitting.jxx /dn43/OCCT/tmp/results_28.02.2011/occt/release-sources-20110228/drv/GeomConvert/GeomConvert_BSplineCurveKnotSplitting.jxx
+M GeomConvert:privinclude:GeomConvert_BSplineCurveKnotSplitting.ixx /dn43/OCCT/tmp/results_28.02.2011/occt/release-sources-20110228/drv/GeomConvert/GeomConvert_BSplineCurveKnotSplitting.ixx
+M GeomConvert:pubinclude:GeomConvert_BSplineSurfaceKnotSplitting.hxx /dn43/OCCT/tmp/results_28.02.2011/occt/release-sources-20110228/inc/GeomConvert_BSplineSurfaceKnotSplitting.hxx
+M GeomConvert:privinclude:GeomConvert_BSplineSurfaceKnotSplitting.jxx /dn43/OCCT/tmp/results_28.02.2011/occt/release-sources-20110228/drv/GeomConvert/GeomConvert_BSplineSurfaceKnotSplitting.jxx
+M GeomConvert:privinclude:GeomConvert_BSplineSurfaceKnotSplitting.ixx /dn43/OCCT/tmp/results_28.02.2011/occt/release-sources-20110228/drv/GeomConvert/GeomConvert_BSplineSurfaceKnotSplitting.ixx
+M GeomConvert:pubinclude:GeomConvert_BSplineCurveToBezierCurve.hxx /dn43/OCCT/tmp/results_28.02.2011/occt/release-sources-20110228/inc/GeomConvert_BSplineCurveToBezierCurve.hxx
+M GeomConvert:privinclude:GeomConvert_BSplineCurveToBezierCurve.jxx /dn43/OCCT/tmp/results_28.02.2011/occt/release-sources-20110228/drv/GeomConvert/GeomConvert_BSplineCurveToBezierCurve.jxx
+M GeomConvert:privinclude:GeomConvert_BSplineCurveToBezierCurve.ixx /dn43/OCCT/tmp/results_28.02.2011/occt/release-sources-20110228/drv/GeomConvert/GeomConvert_BSplineCurveToBezierCurve.ixx
+M GeomConvert:pubinclude:GeomConvert_CompCurveToBSplineCurve.hxx /dn43/OCCT/tmp/results_28.02.2011/occt/release-sources-20110228/inc/GeomConvert_CompCurveToBSplineCurve.hxx
+M GeomConvert:privinclude:GeomConvert_CompCurveToBSplineCurve.jxx /dn43/OCCT/tmp/results_28.02.2011/occt/release-sources-20110228/drv/GeomConvert/GeomConvert_CompCurveToBSplineCurve.jxx
+M GeomConvert:privinclude:GeomConvert_CompCurveToBSplineCurve.ixx /dn43/OCCT/tmp/results_28.02.2011/occt/release-sources-20110228/drv/GeomConvert/GeomConvert_CompCurveToBSplineCurve.ixx
+M GeomConvert:pubinclude:GeomConvert_BSplineSurfaceToBezierSurface.hxx /dn43/OCCT/tmp/results_28.02.2011/occt/release-sources-20110228/inc/GeomConvert_BSplineSurfaceToBezierSurface.hxx
+M GeomConvert:privinclude:GeomConvert_BSplineSurfaceToBezierSurface.jxx /dn43/OCCT/tmp/results_28.02.2011/occt/release-sources-20110228/drv/GeomConvert/GeomConvert_BSplineSurfaceToBezierSurface.jxx
+M GeomConvert:privinclude:GeomConvert_BSplineSurfaceToBezierSurface.ixx /dn43/OCCT/tmp/results_28.02.2011/occt/release-sources-20110228/drv/GeomConvert/GeomConvert_BSplineSurfaceToBezierSurface.ixx
+M GeomConvert:pubinclude:GeomConvert_CompBezierSurfacesToBSplineSurface.hxx /dn43/OCCT/tmp/results_28.02.2011/occt/release-sources-20110228/inc/GeomConvert_CompBezierSurfacesToBSplineSurface.hxx
+M GeomConvert:privinclude:GeomConvert_CompBezierSurfacesToBSplineSurface.jxx /dn43/OCCT/tmp/results_28.02.2011/occt/release-sources-20110228/drv/GeomConvert/GeomConvert_CompBezierSurfacesToBSplineSurface.jxx
+M GeomConvert:privinclude:GeomConvert_CompBezierSurfacesToBSplineSurface.ixx /dn43/OCCT/tmp/results_28.02.2011/occt/release-sources-20110228/drv/GeomConvert/GeomConvert_CompBezierSurfacesToBSplineSurface.ixx
+M GeomConvert:pubinclude:GeomConvert_ApproxSurface.hxx /dn43/OCCT/tmp/results_28.02.2011/occt/release-sources-20110228/inc/GeomConvert_ApproxSurface.hxx
+M GeomConvert:privinclude:GeomConvert_ApproxSurface.jxx /dn43/OCCT/tmp/results_28.02.2011/occt/release-sources-20110228/drv/GeomConvert/GeomConvert_ApproxSurface.jxx
+M GeomConvert:privinclude:GeomConvert_ApproxSurface.ixx /dn43/OCCT/tmp/results_28.02.2011/occt/release-sources-20110228/drv/GeomConvert/GeomConvert_ApproxSurface.ixx
+M GeomConvert:pubinclude:GeomConvert_ApproxCurve.hxx /dn43/OCCT/tmp/results_28.02.2011/occt/release-sources-20110228/inc/GeomConvert_ApproxCurve.hxx
+M GeomConvert:privinclude:GeomConvert_ApproxCurve.jxx /dn43/OCCT/tmp/results_28.02.2011/occt/release-sources-20110228/drv/GeomConvert/GeomConvert_ApproxCurve.jxx
+M GeomConvert:privinclude:GeomConvert_ApproxCurve.ixx /dn43/OCCT/tmp/results_28.02.2011/occt/release-sources-20110228/drv/GeomConvert/GeomConvert_ApproxCurve.ixx
+M GeomConvert:dbadmfile:GeomConvert_xcpp_header.In /dn43/OCCT/tmp/results_28.02.2011/occt/release-sources-20110228/drv/GeomConvert/.adm/GeomConvert_xcpp_header.In
+M GeomConvert:dbadmfile:GeomConvert_xcpp_header.Out /dn43/OCCT/tmp/results_28.02.2011/occt/release-sources-20110228/drv/GeomConvert/.adm/GeomConvert_xcpp_header.Out
+M GeomConvert:dbadmfile:GeomConvert_xcpp_header.Dep /dn43/OCCT/tmp/results_28.02.2011/occt/release-sources-20110228/drv/GeomConvert/.adm/GeomConvert_xcpp_header.Dep
