+M PDataStd:pubinclude:Handle_PDataStd_Name.hxx /dn43/OCCT/tmp/results_30.09.2011/occt/release-sources-20110930/inc/Handle_PDataStd_Name.hxx
+M PDataStd:pubinclude:PDataStd_Name.hxx /dn43/OCCT/tmp/results_30.09.2011/occt/release-sources-20110930/inc/PDataStd_Name.hxx
+M PDataStd:privinclude:PDataStd_Name.jxx /dn43/OCCT/tmp/results_30.09.2011/occt/release-sources-20110930/drv/PDataStd/PDataStd_Name.jxx
+M PDataStd:privinclude:PDataStd_Name.ixx /dn43/OCCT/tmp/results_30.09.2011/occt/release-sources-20110930/drv/PDataStd/PDataStd_Name.ixx
+M PDataStd:pubinclude:Handle_PDataStd_Comment.hxx /dn43/OCCT/tmp/results_30.09.2011/occt/release-sources-20110930/inc/Handle_PDataStd_Comment.hxx
+M PDataStd:pubinclude:PDataStd_Comment.hxx /dn43/OCCT/tmp/results_30.09.2011/occt/release-sources-20110930/inc/PDataStd_Comment.hxx
+M PDataStd:privinclude:PDataStd_Comment.jxx /dn43/OCCT/tmp/results_30.09.2011/occt/release-sources-20110930/drv/PDataStd/PDataStd_Comment.jxx
+M PDataStd:privinclude:PDataStd_Comment.ixx /dn43/OCCT/tmp/results_30.09.2011/occt/release-sources-20110930/drv/PDataStd/PDataStd_Comment.ixx
+M PDataStd:pubinclude:Handle_PDataStd_Integer.hxx /dn43/OCCT/tmp/results_30.09.2011/occt/release-sources-20110930/inc/Handle_PDataStd_Integer.hxx
+M PDataStd:pubinclude:PDataStd_Integer.hxx /dn43/OCCT/tmp/results_30.09.2011/occt/release-sources-20110930/inc/PDataStd_Integer.hxx
+M PDataStd:privinclude:PDataStd_Integer.jxx /dn43/OCCT/tmp/results_30.09.2011/occt/release-sources-20110930/drv/PDataStd/PDataStd_Integer.jxx
+M PDataStd:privinclude:PDataStd_Integer.ixx /dn43/OCCT/tmp/results_30.09.2011/occt/release-sources-20110930/drv/PDataStd/PDataStd_Integer.ixx
+M PDataStd:pubinclude:Handle_PDataStd_IntegerArray.hxx /dn43/OCCT/tmp/results_30.09.2011/occt/release-sources-20110930/inc/Handle_PDataStd_IntegerArray.hxx
+M PDataStd:pubinclude:PDataStd_IntegerArray.hxx /dn43/OCCT/tmp/results_30.09.2011/occt/release-sources-20110930/inc/PDataStd_IntegerArray.hxx
+M PDataStd:privinclude:PDataStd_IntegerArray.jxx /dn43/OCCT/tmp/results_30.09.2011/occt/release-sources-20110930/drv/PDataStd/PDataStd_IntegerArray.jxx
+M PDataStd:privinclude:PDataStd_IntegerArray.ixx /dn43/OCCT/tmp/results_30.09.2011/occt/release-sources-20110930/drv/PDataStd/PDataStd_IntegerArray.ixx
+M PDataStd:pubinclude:Handle_PDataStd_IntegerArray_1.hxx /dn43/OCCT/tmp/results_30.09.2011/occt/release-sources-20110930/inc/Handle_PDataStd_IntegerArray_1.hxx
+M PDataStd:pubinclude:PDataStd_IntegerArray_1.hxx /dn43/OCCT/tmp/results_30.09.2011/occt/release-sources-20110930/inc/PDataStd_IntegerArray_1.hxx
+M PDataStd:privinclude:PDataStd_IntegerArray_1.jxx /dn43/OCCT/tmp/results_30.09.2011/occt/release-sources-20110930/drv/PDataStd/PDataStd_IntegerArray_1.jxx
+M PDataStd:privinclude:PDataStd_IntegerArray_1.ixx /dn43/OCCT/tmp/results_30.09.2011/occt/release-sources-20110930/drv/PDataStd/PDataStd_IntegerArray_1.ixx
+M PDataStd:pubinclude:Handle_PDataStd_Real.hxx /dn43/OCCT/tmp/results_30.09.2011/occt/release-sources-20110930/inc/Handle_PDataStd_Real.hxx
+M PDataStd:pubinclude:PDataStd_Real.hxx /dn43/OCCT/tmp/results_30.09.2011/occt/release-sources-20110930/inc/PDataStd_Real.hxx
+M PDataStd:privinclude:PDataStd_Real.jxx /dn43/OCCT/tmp/results_30.09.2011/occt/release-sources-20110930/drv/PDataStd/PDataStd_Real.jxx
+M PDataStd:privinclude:PDataStd_Real.ixx /dn43/OCCT/tmp/results_30.09.2011/occt/release-sources-20110930/drv/PDataStd/PDataStd_Real.ixx
+M PDataStd:pubinclude:Handle_PDataStd_RealArray.hxx /dn43/OCCT/tmp/results_30.09.2011/occt/release-sources-20110930/inc/Handle_PDataStd_RealArray.hxx
+M PDataStd:pubinclude:PDataStd_RealArray.hxx /dn43/OCCT/tmp/results_30.09.2011/occt/release-sources-20110930/inc/PDataStd_RealArray.hxx
+M PDataStd:privinclude:PDataStd_RealArray.jxx /dn43/OCCT/tmp/results_30.09.2011/occt/release-sources-20110930/drv/PDataStd/PDataStd_RealArray.jxx
+M PDataStd:privinclude:PDataStd_RealArray.ixx /dn43/OCCT/tmp/results_30.09.2011/occt/release-sources-20110930/drv/PDataStd/PDataStd_RealArray.ixx
+M PDataStd:pubinclude:Handle_PDataStd_RealArray_1.hxx /dn43/OCCT/tmp/results_30.09.2011/occt/release-sources-20110930/inc/Handle_PDataStd_RealArray_1.hxx
+M PDataStd:pubinclude:PDataStd_RealArray_1.hxx /dn43/OCCT/tmp/results_30.09.2011/occt/release-sources-20110930/inc/PDataStd_RealArray_1.hxx
+M PDataStd:privinclude:PDataStd_RealArray_1.jxx /dn43/OCCT/tmp/results_30.09.2011/occt/release-sources-20110930/drv/PDataStd/PDataStd_RealArray_1.jxx
+M PDataStd:privinclude:PDataStd_RealArray_1.ixx /dn43/OCCT/tmp/results_30.09.2011/occt/release-sources-20110930/drv/PDataStd/PDataStd_RealArray_1.ixx
+M PDataStd:pubinclude:Handle_PDataStd_ExtStringArray.hxx /dn43/OCCT/tmp/results_30.09.2011/occt/release-sources-20110930/inc/Handle_PDataStd_ExtStringArray.hxx
+M PDataStd:pubinclude:PDataStd_ExtStringArray.hxx /dn43/OCCT/tmp/results_30.09.2011/occt/release-sources-20110930/inc/PDataStd_ExtStringArray.hxx
+M PDataStd:privinclude:PDataStd_ExtStringArray.jxx /dn43/OCCT/tmp/results_30.09.2011/occt/release-sources-20110930/drv/PDataStd/PDataStd_ExtStringArray.jxx
+M PDataStd:privinclude:PDataStd_ExtStringArray.ixx /dn43/OCCT/tmp/results_30.09.2011/occt/release-sources-20110930/drv/PDataStd/PDataStd_ExtStringArray.ixx
+M PDataStd:pubinclude:Handle_PDataStd_ExtStringArray_1.hxx /dn43/OCCT/tmp/results_30.09.2011/occt/release-sources-20110930/inc/Handle_PDataStd_ExtStringArray_1.hxx
+M PDataStd:pubinclude:PDataStd_ExtStringArray_1.hxx /dn43/OCCT/tmp/results_30.09.2011/occt/release-sources-20110930/inc/PDataStd_ExtStringArray_1.hxx
+M PDataStd:privinclude:PDataStd_ExtStringArray_1.jxx /dn43/OCCT/tmp/results_30.09.2011/occt/release-sources-20110930/drv/PDataStd/PDataStd_ExtStringArray_1.jxx
+M PDataStd:privinclude:PDataStd_ExtStringArray_1.ixx /dn43/OCCT/tmp/results_30.09.2011/occt/release-sources-20110930/drv/PDataStd/PDataStd_ExtStringArray_1.ixx
+M PDataStd:pubinclude:Handle_PDataStd_TreeNode.hxx /dn43/OCCT/tmp/results_30.09.2011/occt/release-sources-20110930/inc/Handle_PDataStd_TreeNode.hxx
+M PDataStd:pubinclude:PDataStd_TreeNode.hxx /dn43/OCCT/tmp/results_30.09.2011/occt/release-sources-20110930/inc/PDataStd_TreeNode.hxx
+M PDataStd:privinclude:PDataStd_TreeNode.jxx /dn43/OCCT/tmp/results_30.09.2011/occt/release-sources-20110930/drv/PDataStd/PDataStd_TreeNode.jxx
+M PDataStd:privinclude:PDataStd_TreeNode.ixx /dn43/OCCT/tmp/results_30.09.2011/occt/release-sources-20110930/drv/PDataStd/PDataStd_TreeNode.ixx
+M PDataStd:pubinclude:Handle_PDataStd_Expression.hxx /dn43/OCCT/tmp/results_30.09.2011/occt/release-sources-20110930/inc/Handle_PDataStd_Expression.hxx
+M PDataStd:pubinclude:PDataStd_Expression.hxx /dn43/OCCT/tmp/results_30.09.2011/occt/release-sources-20110930/inc/PDataStd_Expression.hxx
+M PDataStd:privinclude:PDataStd_Expression.jxx /dn43/OCCT/tmp/results_30.09.2011/occt/release-sources-20110930/drv/PDataStd/PDataStd_Expression.jxx
+M PDataStd:privinclude:PDataStd_Expression.ixx /dn43/OCCT/tmp/results_30.09.2011/occt/release-sources-20110930/drv/PDataStd/PDataStd_Expression.ixx
+M PDataStd:pubinclude:Handle_PDataStd_Relation.hxx /dn43/OCCT/tmp/results_30.09.2011/occt/release-sources-20110930/inc/Handle_PDataStd_Relation.hxx
+M PDataStd:pubinclude:PDataStd_Relation.hxx /dn43/OCCT/tmp/results_30.09.2011/occt/release-sources-20110930/inc/PDataStd_Relation.hxx
+M PDataStd:privinclude:PDataStd_Relation.jxx /dn43/OCCT/tmp/results_30.09.2011/occt/release-sources-20110930/drv/PDataStd/PDataStd_Relation.jxx
+M PDataStd:privinclude:PDataStd_Relation.ixx /dn43/OCCT/tmp/results_30.09.2011/occt/release-sources-20110930/drv/PDataStd/PDataStd_Relation.ixx
+M PDataStd:pubinclude:Handle_PDataStd_Variable.hxx /dn43/OCCT/tmp/results_30.09.2011/occt/release-sources-20110930/inc/Handle_PDataStd_Variable.hxx
+M PDataStd:pubinclude:PDataStd_Variable.hxx /dn43/OCCT/tmp/results_30.09.2011/occt/release-sources-20110930/inc/PDataStd_Variable.hxx
+M PDataStd:privinclude:PDataStd_Variable.jxx /dn43/OCCT/tmp/results_30.09.2011/occt/release-sources-20110930/drv/PDataStd/PDataStd_Variable.jxx
+M PDataStd:privinclude:PDataStd_Variable.ixx /dn43/OCCT/tmp/results_30.09.2011/occt/release-sources-20110930/drv/PDataStd/PDataStd_Variable.ixx
+M PDataStd:pubinclude:Handle_PDataStd_NoteBook.hxx /dn43/OCCT/tmp/results_30.09.2011/occt/release-sources-20110930/inc/Handle_PDataStd_NoteBook.hxx
+M PDataStd:pubinclude:PDataStd_NoteBook.hxx /dn43/OCCT/tmp/results_30.09.2011/occt/release-sources-20110930/inc/PDataStd_NoteBook.hxx
+M PDataStd:privinclude:PDataStd_NoteBook.jxx /dn43/OCCT/tmp/results_30.09.2011/occt/release-sources-20110930/drv/PDataStd/PDataStd_NoteBook.jxx
+M PDataStd:privinclude:PDataStd_NoteBook.ixx /dn43/OCCT/tmp/results_30.09.2011/occt/release-sources-20110930/drv/PDataStd/PDataStd_NoteBook.ixx
+M PDataStd:pubinclude:Handle_PDataStd_UAttribute.hxx /dn43/OCCT/tmp/results_30.09.2011/occt/release-sources-20110930/inc/Handle_PDataStd_UAttribute.hxx
+M PDataStd:pubinclude:PDataStd_UAttribute.hxx /dn43/OCCT/tmp/results_30.09.2011/occt/release-sources-20110930/inc/PDataStd_UAttribute.hxx
+M PDataStd:privinclude:PDataStd_UAttribute.jxx /dn43/OCCT/tmp/results_30.09.2011/occt/release-sources-20110930/drv/PDataStd/PDataStd_UAttribute.jxx
+M PDataStd:privinclude:PDataStd_UAttribute.ixx /dn43/OCCT/tmp/results_30.09.2011/occt/release-sources-20110930/drv/PDataStd/PDataStd_UAttribute.ixx
+M PDataStd:pubinclude:Handle_PDataStd_Directory.hxx /dn43/OCCT/tmp/results_30.09.2011/occt/release-sources-20110930/inc/Handle_PDataStd_Directory.hxx
+M PDataStd:pubinclude:PDataStd_Directory.hxx /dn43/OCCT/tmp/results_30.09.2011/occt/release-sources-20110930/inc/PDataStd_Directory.hxx
+M PDataStd:privinclude:PDataStd_Directory.jxx /dn43/OCCT/tmp/results_30.09.2011/occt/release-sources-20110930/drv/PDataStd/PDataStd_Directory.jxx
+M PDataStd:privinclude:PDataStd_Directory.ixx /dn43/OCCT/tmp/results_30.09.2011/occt/release-sources-20110930/drv/PDataStd/PDataStd_Directory.ixx
+M PDataStd:pubinclude:Handle_PDataStd_Tick.hxx /dn43/OCCT/tmp/results_30.09.2011/occt/release-sources-20110930/inc/Handle_PDataStd_Tick.hxx
+M PDataStd:pubinclude:PDataStd_Tick.hxx /dn43/OCCT/tmp/results_30.09.2011/occt/release-sources-20110930/inc/PDataStd_Tick.hxx
+M PDataStd:privinclude:PDataStd_Tick.jxx /dn43/OCCT/tmp/results_30.09.2011/occt/release-sources-20110930/drv/PDataStd/PDataStd_Tick.jxx
+M PDataStd:privinclude:PDataStd_Tick.ixx /dn43/OCCT/tmp/results_30.09.2011/occt/release-sources-20110930/drv/PDataStd/PDataStd_Tick.ixx
+M PDataStd:pubinclude:Handle_PDataStd_IntegerList.hxx /dn43/OCCT/tmp/results_30.09.2011/occt/release-sources-20110930/inc/Handle_PDataStd_IntegerList.hxx
+M PDataStd:pubinclude:PDataStd_IntegerList.hxx /dn43/OCCT/tmp/results_30.09.2011/occt/release-sources-20110930/inc/PDataStd_IntegerList.hxx
+M PDataStd:privinclude:PDataStd_IntegerList.jxx /dn43/OCCT/tmp/results_30.09.2011/occt/release-sources-20110930/drv/PDataStd/PDataStd_IntegerList.jxx
+M PDataStd:privinclude:PDataStd_IntegerList.ixx /dn43/OCCT/tmp/results_30.09.2011/occt/release-sources-20110930/drv/PDataStd/PDataStd_IntegerList.ixx
+M PDataStd:pubinclude:Handle_PDataStd_RealList.hxx /dn43/OCCT/tmp/results_30.09.2011/occt/release-sources-20110930/inc/Handle_PDataStd_RealList.hxx
+M PDataStd:pubinclude:PDataStd_RealList.hxx /dn43/OCCT/tmp/results_30.09.2011/occt/release-sources-20110930/inc/PDataStd_RealList.hxx
+M PDataStd:privinclude:PDataStd_RealList.jxx /dn43/OCCT/tmp/results_30.09.2011/occt/release-sources-20110930/drv/PDataStd/PDataStd_RealList.jxx
+M PDataStd:privinclude:PDataStd_RealList.ixx /dn43/OCCT/tmp/results_30.09.2011/occt/release-sources-20110930/drv/PDataStd/PDataStd_RealList.ixx
+M PDataStd:pubinclude:Handle_PDataStd_ExtStringList.hxx /dn43/OCCT/tmp/results_30.09.2011/occt/release-sources-20110930/inc/Handle_PDataStd_ExtStringList.hxx
+M PDataStd:pubinclude:PDataStd_ExtStringList.hxx /dn43/OCCT/tmp/results_30.09.2011/occt/release-sources-20110930/inc/PDataStd_ExtStringList.hxx
+M PDataStd:privinclude:PDataStd_ExtStringList.jxx /dn43/OCCT/tmp/results_30.09.2011/occt/release-sources-20110930/drv/PDataStd/PDataStd_ExtStringList.jxx
+M PDataStd:privinclude:PDataStd_ExtStringList.ixx /dn43/OCCT/tmp/results_30.09.2011/occt/release-sources-20110930/drv/PDataStd/PDataStd_ExtStringList.ixx
+M PDataStd:pubinclude:Handle_PDataStd_BooleanList.hxx /dn43/OCCT/tmp/results_30.09.2011/occt/release-sources-20110930/inc/Handle_PDataStd_BooleanList.hxx
+M PDataStd:pubinclude:PDataStd_BooleanList.hxx /dn43/OCCT/tmp/results_30.09.2011/occt/release-sources-20110930/inc/PDataStd_BooleanList.hxx
+M PDataStd:privinclude:PDataStd_BooleanList.jxx /dn43/OCCT/tmp/results_30.09.2011/occt/release-sources-20110930/drv/PDataStd/PDataStd_BooleanList.jxx
+M PDataStd:privinclude:PDataStd_BooleanList.ixx /dn43/OCCT/tmp/results_30.09.2011/occt/release-sources-20110930/drv/PDataStd/PDataStd_BooleanList.ixx
+M PDataStd:pubinclude:Handle_PDataStd_ReferenceList.hxx /dn43/OCCT/tmp/results_30.09.2011/occt/release-sources-20110930/inc/Handle_PDataStd_ReferenceList.hxx
+M PDataStd:pubinclude:PDataStd_ReferenceList.hxx /dn43/OCCT/tmp/results_30.09.2011/occt/release-sources-20110930/inc/PDataStd_ReferenceList.hxx
+M PDataStd:privinclude:PDataStd_ReferenceList.jxx /dn43/OCCT/tmp/results_30.09.2011/occt/release-sources-20110930/drv/PDataStd/PDataStd_ReferenceList.jxx
+M PDataStd:privinclude:PDataStd_ReferenceList.ixx /dn43/OCCT/tmp/results_30.09.2011/occt/release-sources-20110930/drv/PDataStd/PDataStd_ReferenceList.ixx
+M PDataStd:pubinclude:Handle_PDataStd_BooleanArray.hxx /dn43/OCCT/tmp/results_30.09.2011/occt/release-sources-20110930/inc/Handle_PDataStd_BooleanArray.hxx
+M PDataStd:pubinclude:PDataStd_BooleanArray.hxx /dn43/OCCT/tmp/results_30.09.2011/occt/release-sources-20110930/inc/PDataStd_BooleanArray.hxx
+M PDataStd:privinclude:PDataStd_BooleanArray.jxx /dn43/OCCT/tmp/results_30.09.2011/occt/release-sources-20110930/drv/PDataStd/PDataStd_BooleanArray.jxx
+M PDataStd:privinclude:PDataStd_BooleanArray.ixx /dn43/OCCT/tmp/results_30.09.2011/occt/release-sources-20110930/drv/PDataStd/PDataStd_BooleanArray.ixx
+M PDataStd:pubinclude:Handle_PDataStd_ReferenceArray.hxx /dn43/OCCT/tmp/results_30.09.2011/occt/release-sources-20110930/inc/Handle_PDataStd_ReferenceArray.hxx
+M PDataStd:pubinclude:PDataStd_ReferenceArray.hxx /dn43/OCCT/tmp/results_30.09.2011/occt/release-sources-20110930/inc/PDataStd_ReferenceArray.hxx
+M PDataStd:privinclude:PDataStd_ReferenceArray.jxx /dn43/OCCT/tmp/results_30.09.2011/occt/release-sources-20110930/drv/PDataStd/PDataStd_ReferenceArray.jxx
+M PDataStd:privinclude:PDataStd_ReferenceArray.ixx /dn43/OCCT/tmp/results_30.09.2011/occt/release-sources-20110930/drv/PDataStd/PDataStd_ReferenceArray.ixx
+M PDataStd:pubinclude:Handle_PDataStd_ByteArray.hxx /dn43/OCCT/tmp/results_30.09.2011/occt/release-sources-20110930/inc/Handle_PDataStd_ByteArray.hxx
+M PDataStd:pubinclude:PDataStd_ByteArray.hxx /dn43/OCCT/tmp/results_30.09.2011/occt/release-sources-20110930/inc/PDataStd_ByteArray.hxx
+M PDataStd:privinclude:PDataStd_ByteArray.jxx /dn43/OCCT/tmp/results_30.09.2011/occt/release-sources-20110930/drv/PDataStd/PDataStd_ByteArray.jxx
+M PDataStd:privinclude:PDataStd_ByteArray.ixx /dn43/OCCT/tmp/results_30.09.2011/occt/release-sources-20110930/drv/PDataStd/PDataStd_ByteArray.ixx
+M PDataStd:pubinclude:Handle_PDataStd_ByteArray_1.hxx /dn43/OCCT/tmp/results_30.09.2011/occt/release-sources-20110930/inc/Handle_PDataStd_ByteArray_1.hxx
+M PDataStd:pubinclude:PDataStd_ByteArray_1.hxx /dn43/OCCT/tmp/results_30.09.2011/occt/release-sources-20110930/inc/PDataStd_ByteArray_1.hxx
+M PDataStd:privinclude:PDataStd_ByteArray_1.jxx /dn43/OCCT/tmp/results_30.09.2011/occt/release-sources-20110930/drv/PDataStd/PDataStd_ByteArray_1.jxx
+M PDataStd:privinclude:PDataStd_ByteArray_1.ixx /dn43/OCCT/tmp/results_30.09.2011/occt/release-sources-20110930/drv/PDataStd/PDataStd_ByteArray_1.ixx
+M PDataStd:pubinclude:Handle_PDataStd_NamedData.hxx /dn43/OCCT/tmp/results_30.09.2011/occt/release-sources-20110930/inc/Handle_PDataStd_NamedData.hxx
+M PDataStd:pubinclude:PDataStd_NamedData.hxx /dn43/OCCT/tmp/results_30.09.2011/occt/release-sources-20110930/inc/PDataStd_NamedData.hxx
+M PDataStd:privinclude:PDataStd_NamedData.jxx /dn43/OCCT/tmp/results_30.09.2011/occt/release-sources-20110930/drv/PDataStd/PDataStd_NamedData.jxx
+M PDataStd:privinclude:PDataStd_NamedData.ixx /dn43/OCCT/tmp/results_30.09.2011/occt/release-sources-20110930/drv/PDataStd/PDataStd_NamedData.ixx
+M PDataStd:pubinclude:Handle_PDataStd_AsciiString.hxx /dn43/OCCT/tmp/results_30.09.2011/occt/release-sources-20110930/inc/Handle_PDataStd_AsciiString.hxx
+M PDataStd:pubinclude:PDataStd_AsciiString.hxx /dn43/OCCT/tmp/results_30.09.2011/occt/release-sources-20110930/inc/PDataStd_AsciiString.hxx
+M PDataStd:privinclude:PDataStd_AsciiString.jxx /dn43/OCCT/tmp/results_30.09.2011/occt/release-sources-20110930/drv/PDataStd/PDataStd_AsciiString.jxx
+M PDataStd:privinclude:PDataStd_AsciiString.ixx /dn43/OCCT/tmp/results_30.09.2011/occt/release-sources-20110930/drv/PDataStd/PDataStd_AsciiString.ixx
+M PDataStd:pubinclude:Handle_PDataStd_IntPackedMap.hxx /dn43/OCCT/tmp/results_30.09.2011/occt/release-sources-20110930/inc/Handle_PDataStd_IntPackedMap.hxx
+M PDataStd:pubinclude:PDataStd_IntPackedMap.hxx /dn43/OCCT/tmp/results_30.09.2011/occt/release-sources-20110930/inc/PDataStd_IntPackedMap.hxx
+M PDataStd:privinclude:PDataStd_IntPackedMap.jxx /dn43/OCCT/tmp/results_30.09.2011/occt/release-sources-20110930/drv/PDataStd/PDataStd_IntPackedMap.jxx
+M PDataStd:privinclude:PDataStd_IntPackedMap.ixx /dn43/OCCT/tmp/results_30.09.2011/occt/release-sources-20110930/drv/PDataStd/PDataStd_IntPackedMap.ixx
+M PDataStd:pubinclude:Handle_PDataStd_IntPackedMap_1.hxx /dn43/OCCT/tmp/results_30.09.2011/occt/release-sources-20110930/inc/Handle_PDataStd_IntPackedMap_1.hxx
+M PDataStd:pubinclude:PDataStd_IntPackedMap_1.hxx /dn43/OCCT/tmp/results_30.09.2011/occt/release-sources-20110930/inc/PDataStd_IntPackedMap_1.hxx
+M PDataStd:privinclude:PDataStd_IntPackedMap_1.jxx /dn43/OCCT/tmp/results_30.09.2011/occt/release-sources-20110930/drv/PDataStd/PDataStd_IntPackedMap_1.jxx
+M PDataStd:privinclude:PDataStd_IntPackedMap_1.ixx /dn43/OCCT/tmp/results_30.09.2011/occt/release-sources-20110930/drv/PDataStd/PDataStd_IntPackedMap_1.ixx
+M PDataStd:pubinclude:Handle_PDataStd_HArray1OfHAsciiString.hxx /dn43/OCCT/tmp/results_30.09.2011/occt/release-sources-20110930/inc/Handle_PDataStd_HArray1OfHAsciiString.hxx
+M PDataStd:pubinclude:PDataStd_HArray1OfHAsciiString.hxx /dn43/OCCT/tmp/results_30.09.2011/occt/release-sources-20110930/inc/PDataStd_HArray1OfHAsciiString.hxx
+M PDataStd:derivated:PDataStd_HArray1OfHAsciiString_0.cxx /dn43/OCCT/tmp/results_30.09.2011/occt/release-sources-20110930/drv/PDataStd/PDataStd_HArray1OfHAsciiString_0.cxx
+M PDataStd:pubinclude:Handle_PDataStd_HArray1OfHArray1OfInteger.hxx /dn43/OCCT/tmp/results_30.09.2011/occt/release-sources-20110930/inc/Handle_PDataStd_HArray1OfHArray1OfInteger.hxx
+M PDataStd:pubinclude:PDataStd_HArray1OfHArray1OfInteger.hxx /dn43/OCCT/tmp/results_30.09.2011/occt/release-sources-20110930/inc/PDataStd_HArray1OfHArray1OfInteger.hxx
+M PDataStd:derivated:PDataStd_HArray1OfHArray1OfInteger_0.cxx /dn43/OCCT/tmp/results_30.09.2011/occt/release-sources-20110930/drv/PDataStd/PDataStd_HArray1OfHArray1OfInteger_0.cxx
+M PDataStd:pubinclude:Handle_PDataStd_HArray1OfHArray1OfReal.hxx /dn43/OCCT/tmp/results_30.09.2011/occt/release-sources-20110930/inc/Handle_PDataStd_HArray1OfHArray1OfReal.hxx
+M PDataStd:pubinclude:PDataStd_HArray1OfHArray1OfReal.hxx /dn43/OCCT/tmp/results_30.09.2011/occt/release-sources-20110930/inc/PDataStd_HArray1OfHArray1OfReal.hxx
+M PDataStd:derivated:PDataStd_HArray1OfHArray1OfReal_0.cxx /dn43/OCCT/tmp/results_30.09.2011/occt/release-sources-20110930/drv/PDataStd/PDataStd_HArray1OfHArray1OfReal_0.cxx
+M PDataStd:pubinclude:Handle_PDataStd_HArray1OfByte.hxx /dn43/OCCT/tmp/results_30.09.2011/occt/release-sources-20110930/inc/Handle_PDataStd_HArray1OfByte.hxx
+M PDataStd:pubinclude:PDataStd_HArray1OfByte.hxx /dn43/OCCT/tmp/results_30.09.2011/occt/release-sources-20110930/inc/PDataStd_HArray1OfByte.hxx
+M PDataStd:derivated:PDataStd_HArray1OfByte_0.cxx /dn43/OCCT/tmp/results_30.09.2011/occt/release-sources-20110930/drv/PDataStd/PDataStd_HArray1OfByte_0.cxx
+M PDataStd:pubinclude:Handle_PDataStd_VArrayNodeOfFieldOfHArray1OfHAsciiString.hxx /dn43/OCCT/tmp/results_30.09.2011/occt/release-sources-20110930/inc/Handle_PDataStd_VArrayNodeOfFieldOfHArray1OfHAsciiString.hxx
+M PDataStd:pubinclude:PDataStd_VArrayNodeOfFieldOfHArray1OfHAsciiString.hxx /dn43/OCCT/tmp/results_30.09.2011/occt/release-sources-20110930/inc/PDataStd_VArrayNodeOfFieldOfHArray1OfHAsciiString.hxx
+M PDataStd:derivated:PDataStd_VArrayNodeOfFieldOfHArray1OfHAsciiString_0.cxx /dn43/OCCT/tmp/results_30.09.2011/occt/release-sources-20110930/drv/PDataStd/PDataStd_VArrayNodeOfFieldOfHArray1OfHAsciiString_0.cxx
+M PDataStd:pubinclude:PDataStd_VArrayTNodeOfFieldOfHArray1OfHAsciiString.hxx /dn43/OCCT/tmp/results_30.09.2011/occt/release-sources-20110930/inc/PDataStd_VArrayTNodeOfFieldOfHArray1OfHAsciiString.hxx
+M PDataStd:derivated:PDataStd_VArrayTNodeOfFieldOfHArray1OfHAsciiString_0.cxx /dn43/OCCT/tmp/results_30.09.2011/occt/release-sources-20110930/drv/PDataStd/PDataStd_VArrayTNodeOfFieldOfHArray1OfHAsciiString_0.cxx
+M PDataStd:pubinclude:PDataStd_FieldOfHArray1OfHAsciiString.hxx /dn43/OCCT/tmp/results_30.09.2011/occt/release-sources-20110930/inc/PDataStd_FieldOfHArray1OfHAsciiString.hxx
+M PDataStd:derivated:PDataStd_FieldOfHArray1OfHAsciiString_0.cxx /dn43/OCCT/tmp/results_30.09.2011/occt/release-sources-20110930/drv/PDataStd/PDataStd_FieldOfHArray1OfHAsciiString_0.cxx
+M PDataStd:pubinclude:Handle_PDataStd_VArrayNodeOfFieldOfHArray1OfHArray1OfInteger.hxx /dn43/OCCT/tmp/results_30.09.2011/occt/release-sources-20110930/inc/Handle_PDataStd_VArrayNodeOfFieldOfHArray1OfHArray1OfInteger.hxx
+M PDataStd:pubinclude:PDataStd_VArrayNodeOfFieldOfHArray1OfHArray1OfInteger.hxx /dn43/OCCT/tmp/results_30.09.2011/occt/release-sources-20110930/inc/PDataStd_VArrayNodeOfFieldOfHArray1OfHArray1OfInteger.hxx
+M PDataStd:derivated:PDataStd_VArrayNodeOfFieldOfHArray1OfHArray1OfInteger_0.cxx /dn43/OCCT/tmp/results_30.09.2011/occt/release-sources-20110930/drv/PDataStd/PDataStd_VArrayNodeOfFieldOfHArray1OfHArray1OfInteger_0.cxx
+M PDataStd:pubinclude:PDataStd_VArrayTNodeOfFieldOfHArray1OfHArray1OfInteger.hxx /dn43/OCCT/tmp/results_30.09.2011/occt/release-sources-20110930/inc/PDataStd_VArrayTNodeOfFieldOfHArray1OfHArray1OfInteger.hxx
+M PDataStd:derivated:PDataStd_VArrayTNodeOfFieldOfHArray1OfHArray1OfInteger_0.cxx /dn43/OCCT/tmp/results_30.09.2011/occt/release-sources-20110930/drv/PDataStd/PDataStd_VArrayTNodeOfFieldOfHArray1OfHArray1OfInteger_0.cxx
+M PDataStd:pubinclude:PDataStd_FieldOfHArray1OfHArray1OfInteger.hxx /dn43/OCCT/tmp/results_30.09.2011/occt/release-sources-20110930/inc/PDataStd_FieldOfHArray1OfHArray1OfInteger.hxx
+M PDataStd:derivated:PDataStd_FieldOfHArray1OfHArray1OfInteger_0.cxx /dn43/OCCT/tmp/results_30.09.2011/occt/release-sources-20110930/drv/PDataStd/PDataStd_FieldOfHArray1OfHArray1OfInteger_0.cxx
+M PDataStd:pubinclude:Handle_PDataStd_VArrayNodeOfFieldOfHArray1OfHArray1OfReal.hxx /dn43/OCCT/tmp/results_30.09.2011/occt/release-sources-20110930/inc/Handle_PDataStd_VArrayNodeOfFieldOfHArray1OfHArray1OfReal.hxx
+M PDataStd:pubinclude:PDataStd_VArrayNodeOfFieldOfHArray1OfHArray1OfReal.hxx /dn43/OCCT/tmp/results_30.09.2011/occt/release-sources-20110930/inc/PDataStd_VArrayNodeOfFieldOfHArray1OfHArray1OfReal.hxx
+M PDataStd:derivated:PDataStd_VArrayNodeOfFieldOfHArray1OfHArray1OfReal_0.cxx /dn43/OCCT/tmp/results_30.09.2011/occt/release-sources-20110930/drv/PDataStd/PDataStd_VArrayNodeOfFieldOfHArray1OfHArray1OfReal_0.cxx
+M PDataStd:pubinclude:PDataStd_VArrayTNodeOfFieldOfHArray1OfHArray1OfReal.hxx /dn43/OCCT/tmp/results_30.09.2011/occt/release-sources-20110930/inc/PDataStd_VArrayTNodeOfFieldOfHArray1OfHArray1OfReal.hxx
+M PDataStd:derivated:PDataStd_VArrayTNodeOfFieldOfHArray1OfHArray1OfReal_0.cxx /dn43/OCCT/tmp/results_30.09.2011/occt/release-sources-20110930/drv/PDataStd/PDataStd_VArrayTNodeOfFieldOfHArray1OfHArray1OfReal_0.cxx
+M PDataStd:pubinclude:PDataStd_FieldOfHArray1OfHArray1OfReal.hxx /dn43/OCCT/tmp/results_30.09.2011/occt/release-sources-20110930/inc/PDataStd_FieldOfHArray1OfHArray1OfReal.hxx
+M PDataStd:derivated:PDataStd_FieldOfHArray1OfHArray1OfReal_0.cxx /dn43/OCCT/tmp/results_30.09.2011/occt/release-sources-20110930/drv/PDataStd/PDataStd_FieldOfHArray1OfHArray1OfReal_0.cxx
+M PDataStd:pubinclude:Handle_PDataStd_VArrayNodeOfFieldOfHArray1OfByte.hxx /dn43/OCCT/tmp/results_30.09.2011/occt/release-sources-20110930/inc/Handle_PDataStd_VArrayNodeOfFieldOfHArray1OfByte.hxx
+M PDataStd:pubinclude:PDataStd_VArrayNodeOfFieldOfHArray1OfByte.hxx /dn43/OCCT/tmp/results_30.09.2011/occt/release-sources-20110930/inc/PDataStd_VArrayNodeOfFieldOfHArray1OfByte.hxx
+M PDataStd:derivated:PDataStd_VArrayNodeOfFieldOfHArray1OfByte_0.cxx /dn43/OCCT/tmp/results_30.09.2011/occt/release-sources-20110930/drv/PDataStd/PDataStd_VArrayNodeOfFieldOfHArray1OfByte_0.cxx
+M PDataStd:pubinclude:PDataStd_VArrayTNodeOfFieldOfHArray1OfByte.hxx /dn43/OCCT/tmp/results_30.09.2011/occt/release-sources-20110930/inc/PDataStd_VArrayTNodeOfFieldOfHArray1OfByte.hxx
+M PDataStd:derivated:PDataStd_VArrayTNodeOfFieldOfHArray1OfByte_0.cxx /dn43/OCCT/tmp/results_30.09.2011/occt/release-sources-20110930/drv/PDataStd/PDataStd_VArrayTNodeOfFieldOfHArray1OfByte_0.cxx
+M PDataStd:pubinclude:PDataStd_FieldOfHArray1OfByte.hxx /dn43/OCCT/tmp/results_30.09.2011/occt/release-sources-20110930/inc/PDataStd_FieldOfHArray1OfByte.hxx
+M PDataStd:derivated:PDataStd_FieldOfHArray1OfByte_0.cxx /dn43/OCCT/tmp/results_30.09.2011/occt/release-sources-20110930/drv/PDataStd/PDataStd_FieldOfHArray1OfByte_0.cxx
+M PDataStd:dbadmfile:PDataStd_xcpp_header.In /dn43/OCCT/tmp/results_30.09.2011/occt/release-sources-20110930/drv/PDataStd/.adm/PDataStd_xcpp_header.In
+M PDataStd:dbadmfile:PDataStd_xcpp_header.Out /dn43/OCCT/tmp/results_30.09.2011/occt/release-sources-20110930/drv/PDataStd/.adm/PDataStd_xcpp_header.Out
+M PDataStd:dbadmfile:PDataStd_xcpp_header.Dep /dn43/OCCT/tmp/results_30.09.2011/occt/release-sources-20110930/drv/PDataStd/.adm/PDataStd_xcpp_header.Dep
