+M BRepMAT2d:pubinclude:BRepMAT2d_Explorer.hxx /dn43/OCCT/tmp/results_30.09.2011/occt/release-sources-20110930/inc/BRepMAT2d_Explorer.hxx
+M BRepMAT2d:privinclude:BRepMAT2d_Explorer.jxx /dn43/OCCT/tmp/results_30.09.2011/occt/release-sources-20110930/drv/BRepMAT2d/BRepMAT2d_Explorer.jxx
+M BRepMAT2d:privinclude:BRepMAT2d_Explorer.ixx /dn43/OCCT/tmp/results_30.09.2011/occt/release-sources-20110930/drv/BRepMAT2d/BRepMAT2d_Explorer.ixx
+M BRepMAT2d:pubinclude:BRepMAT2d_BisectingLocus.hxx /dn43/OCCT/tmp/results_30.09.2011/occt/release-sources-20110930/inc/BRepMAT2d_BisectingLocus.hxx
+M BRepMAT2d:derivated:BRepMAT2d_BisectingLocus_0.cxx /dn43/OCCT/tmp/results_30.09.2011/occt/release-sources-20110930/drv/BRepMAT2d/BRepMAT2d_BisectingLocus_0.cxx
+M BRepMAT2d:pubinclude:BRepMAT2d_LinkTopoBilo.hxx /dn43/OCCT/tmp/results_30.09.2011/occt/release-sources-20110930/inc/BRepMAT2d_LinkTopoBilo.hxx
+M BRepMAT2d:privinclude:BRepMAT2d_LinkTopoBilo.jxx /dn43/OCCT/tmp/results_30.09.2011/occt/release-sources-20110930/drv/BRepMAT2d/BRepMAT2d_LinkTopoBilo.jxx
+M BRepMAT2d:privinclude:BRepMAT2d_LinkTopoBilo.ixx /dn43/OCCT/tmp/results_30.09.2011/occt/release-sources-20110930/drv/BRepMAT2d/BRepMAT2d_LinkTopoBilo.ixx
+M BRepMAT2d:pubinclude:BRepMAT2d_SequenceOfBasicElt.hxx /dn43/OCCT/tmp/results_30.09.2011/occt/release-sources-20110930/inc/BRepMAT2d_SequenceOfBasicElt.hxx
+M BRepMAT2d:derivated:BRepMAT2d_SequenceOfBasicElt_0.cxx /dn43/OCCT/tmp/results_30.09.2011/occt/release-sources-20110930/drv/BRepMAT2d/BRepMAT2d_SequenceOfBasicElt_0.cxx
+M BRepMAT2d:pubinclude:BRepMAT2d_DataMapOfShapeSequenceOfBasicElt.hxx /dn43/OCCT/tmp/results_30.09.2011/occt/release-sources-20110930/inc/BRepMAT2d_DataMapOfShapeSequenceOfBasicElt.hxx
+M BRepMAT2d:derivated:BRepMAT2d_DataMapOfShapeSequenceOfBasicElt_0.cxx /dn43/OCCT/tmp/results_30.09.2011/occt/release-sources-20110930/drv/BRepMAT2d/BRepMAT2d_DataMapOfShapeSequenceOfBasicElt_0.cxx
+M BRepMAT2d:pubinclude:BRepMAT2d_DataMapOfBasicEltShape.hxx /dn43/OCCT/tmp/results_30.09.2011/occt/release-sources-20110930/inc/BRepMAT2d_DataMapOfBasicEltShape.hxx
+M BRepMAT2d:derivated:BRepMAT2d_DataMapOfBasicEltShape_0.cxx /dn43/OCCT/tmp/results_30.09.2011/occt/release-sources-20110930/drv/BRepMAT2d/BRepMAT2d_DataMapOfBasicEltShape_0.cxx
+M BRepMAT2d:pubinclude:Handle_BRepMAT2d_SequenceNodeOfSequenceOfBasicElt.hxx /dn43/OCCT/tmp/results_30.09.2011/occt/release-sources-20110930/inc/Handle_BRepMAT2d_SequenceNodeOfSequenceOfBasicElt.hxx
+M BRepMAT2d:pubinclude:BRepMAT2d_SequenceNodeOfSequenceOfBasicElt.hxx /dn43/OCCT/tmp/results_30.09.2011/occt/release-sources-20110930/inc/BRepMAT2d_SequenceNodeOfSequenceOfBasicElt.hxx
+M BRepMAT2d:derivated:BRepMAT2d_SequenceNodeOfSequenceOfBasicElt_0.cxx /dn43/OCCT/tmp/results_30.09.2011/occt/release-sources-20110930/drv/BRepMAT2d/BRepMAT2d_SequenceNodeOfSequenceOfBasicElt_0.cxx
+M BRepMAT2d:pubinclude:Handle_BRepMAT2d_DataMapNodeOfDataMapOfShapeSequenceOfBasicElt.hxx /dn43/OCCT/tmp/results_30.09.2011/occt/release-sources-20110930/inc/Handle_BRepMAT2d_DataMapNodeOfDataMapOfShapeSequenceOfBasicElt.hxx
+M BRepMAT2d:pubinclude:BRepMAT2d_DataMapNodeOfDataMapOfShapeSequenceOfBasicElt.hxx /dn43/OCCT/tmp/results_30.09.2011/occt/release-sources-20110930/inc/BRepMAT2d_DataMapNodeOfDataMapOfShapeSequenceOfBasicElt.hxx
+M BRepMAT2d:derivated:BRepMAT2d_DataMapNodeOfDataMapOfShapeSequenceOfBasicElt_0.cxx /dn43/OCCT/tmp/results_30.09.2011/occt/release-sources-20110930/drv/BRepMAT2d/BRepMAT2d_DataMapNodeOfDataMapOfShapeSequenceOfBasicElt_0.cxx
+M BRepMAT2d:pubinclude:BRepMAT2d_DataMapIteratorOfDataMapOfShapeSequenceOfBasicElt.hxx /dn43/OCCT/tmp/results_30.09.2011/occt/release-sources-20110930/inc/BRepMAT2d_DataMapIteratorOfDataMapOfShapeSequenceOfBasicElt.hxx
+M BRepMAT2d:derivated:BRepMAT2d_DataMapIteratorOfDataMapOfShapeSequenceOfBasicElt_0.cxx /dn43/OCCT/tmp/results_30.09.2011/occt/release-sources-20110930/drv/BRepMAT2d/BRepMAT2d_DataMapIteratorOfDataMapOfShapeSequenceOfBasicElt_0.cxx
+M BRepMAT2d:pubinclude:Handle_BRepMAT2d_DataMapNodeOfDataMapOfBasicEltShape.hxx /dn43/OCCT/tmp/results_30.09.2011/occt/release-sources-20110930/inc/Handle_BRepMAT2d_DataMapNodeOfDataMapOfBasicEltShape.hxx
+M BRepMAT2d:pubinclude:BRepMAT2d_DataMapNodeOfDataMapOfBasicEltShape.hxx /dn43/OCCT/tmp/results_30.09.2011/occt/release-sources-20110930/inc/BRepMAT2d_DataMapNodeOfDataMapOfBasicEltShape.hxx
+M BRepMAT2d:derivated:BRepMAT2d_DataMapNodeOfDataMapOfBasicEltShape_0.cxx /dn43/OCCT/tmp/results_30.09.2011/occt/release-sources-20110930/drv/BRepMAT2d/BRepMAT2d_DataMapNodeOfDataMapOfBasicEltShape_0.cxx
+M BRepMAT2d:pubinclude:BRepMAT2d_DataMapIteratorOfDataMapOfBasicEltShape.hxx /dn43/OCCT/tmp/results_30.09.2011/occt/release-sources-20110930/inc/BRepMAT2d_DataMapIteratorOfDataMapOfBasicEltShape.hxx
+M BRepMAT2d:derivated:BRepMAT2d_DataMapIteratorOfDataMapOfBasicEltShape_0.cxx /dn43/OCCT/tmp/results_30.09.2011/occt/release-sources-20110930/drv/BRepMAT2d/BRepMAT2d_DataMapIteratorOfDataMapOfBasicEltShape_0.cxx
+M BRepMAT2d:dbadmfile:BRepMAT2d_xcpp_header.In /dn43/OCCT/tmp/results_30.09.2011/occt/release-sources-20110930/drv/BRepMAT2d/.adm/BRepMAT2d_xcpp_header.In
+M BRepMAT2d:dbadmfile:BRepMAT2d_xcpp_header.Out /dn43/OCCT/tmp/results_30.09.2011/occt/release-sources-20110930/drv/BRepMAT2d/.adm/BRepMAT2d_xcpp_header.Out
+M BRepMAT2d:dbadmfile:BRepMAT2d_xcpp_header.Dep /dn43/OCCT/tmp/results_30.09.2011/occt/release-sources-20110930/drv/BRepMAT2d/.adm/BRepMAT2d_xcpp_header.Dep
