+M MDataXtd:pubinclude:MDataXtd.hxx /dn43/OCCT/tmp/results_31.05.2011/occt/release-sources-20110531/inc/MDataXtd.hxx
+M MDataXtd:privinclude:MDataXtd.jxx /dn43/OCCT/tmp/results_31.05.2011/occt/release-sources-20110531/drv/MDataXtd/MDataXtd.jxx
+M MDataXtd:privinclude:MDataXtd.ixx /dn43/OCCT/tmp/results_31.05.2011/occt/release-sources-20110531/drv/MDataXtd/MDataXtd.ixx
+M MDataXtd:pubinclude:Handle_MDataXtd_ShapeStorageDriver.hxx /dn43/OCCT/tmp/results_31.05.2011/occt/release-sources-20110531/inc/Handle_MDataXtd_ShapeStorageDriver.hxx
+M MDataXtd:pubinclude:MDataXtd_ShapeStorageDriver.hxx /dn43/OCCT/tmp/results_31.05.2011/occt/release-sources-20110531/inc/MDataXtd_ShapeStorageDriver.hxx
+M MDataXtd:privinclude:MDataXtd_ShapeStorageDriver.jxx /dn43/OCCT/tmp/results_31.05.2011/occt/release-sources-20110531/drv/MDataXtd/MDataXtd_ShapeStorageDriver.jxx
+M MDataXtd:privinclude:MDataXtd_ShapeStorageDriver.ixx /dn43/OCCT/tmp/results_31.05.2011/occt/release-sources-20110531/drv/MDataXtd/MDataXtd_ShapeStorageDriver.ixx
+M MDataXtd:pubinclude:Handle_MDataXtd_PointStorageDriver.hxx /dn43/OCCT/tmp/results_31.05.2011/occt/release-sources-20110531/inc/Handle_MDataXtd_PointStorageDriver.hxx
+M MDataXtd:pubinclude:MDataXtd_PointStorageDriver.hxx /dn43/OCCT/tmp/results_31.05.2011/occt/release-sources-20110531/inc/MDataXtd_PointStorageDriver.hxx
+M MDataXtd:privinclude:MDataXtd_PointStorageDriver.jxx /dn43/OCCT/tmp/results_31.05.2011/occt/release-sources-20110531/drv/MDataXtd/MDataXtd_PointStorageDriver.jxx
+M MDataXtd:privinclude:MDataXtd_PointStorageDriver.ixx /dn43/OCCT/tmp/results_31.05.2011/occt/release-sources-20110531/drv/MDataXtd/MDataXtd_PointStorageDriver.ixx
+M MDataXtd:pubinclude:Handle_MDataXtd_AxisStorageDriver.hxx /dn43/OCCT/tmp/results_31.05.2011/occt/release-sources-20110531/inc/Handle_MDataXtd_AxisStorageDriver.hxx
+M MDataXtd:pubinclude:MDataXtd_AxisStorageDriver.hxx /dn43/OCCT/tmp/results_31.05.2011/occt/release-sources-20110531/inc/MDataXtd_AxisStorageDriver.hxx
+M MDataXtd:privinclude:MDataXtd_AxisStorageDriver.jxx /dn43/OCCT/tmp/results_31.05.2011/occt/release-sources-20110531/drv/MDataXtd/MDataXtd_AxisStorageDriver.jxx
+M MDataXtd:privinclude:MDataXtd_AxisStorageDriver.ixx /dn43/OCCT/tmp/results_31.05.2011/occt/release-sources-20110531/drv/MDataXtd/MDataXtd_AxisStorageDriver.ixx
+M MDataXtd:pubinclude:Handle_MDataXtd_PlaneStorageDriver.hxx /dn43/OCCT/tmp/results_31.05.2011/occt/release-sources-20110531/inc/Handle_MDataXtd_PlaneStorageDriver.hxx
+M MDataXtd:pubinclude:MDataXtd_PlaneStorageDriver.hxx /dn43/OCCT/tmp/results_31.05.2011/occt/release-sources-20110531/inc/MDataXtd_PlaneStorageDriver.hxx
+M MDataXtd:privinclude:MDataXtd_PlaneStorageDriver.jxx /dn43/OCCT/tmp/results_31.05.2011/occt/release-sources-20110531/drv/MDataXtd/MDataXtd_PlaneStorageDriver.jxx
+M MDataXtd:privinclude:MDataXtd_PlaneStorageDriver.ixx /dn43/OCCT/tmp/results_31.05.2011/occt/release-sources-20110531/drv/MDataXtd/MDataXtd_PlaneStorageDriver.ixx
+M MDataXtd:pubinclude:Handle_MDataXtd_GeometryStorageDriver.hxx /dn43/OCCT/tmp/results_31.05.2011/occt/release-sources-20110531/inc/Handle_MDataXtd_GeometryStorageDriver.hxx
+M MDataXtd:pubinclude:MDataXtd_GeometryStorageDriver.hxx /dn43/OCCT/tmp/results_31.05.2011/occt/release-sources-20110531/inc/MDataXtd_GeometryStorageDriver.hxx
+M MDataXtd:privinclude:MDataXtd_GeometryStorageDriver.jxx /dn43/OCCT/tmp/results_31.05.2011/occt/release-sources-20110531/drv/MDataXtd/MDataXtd_GeometryStorageDriver.jxx
+M MDataXtd:privinclude:MDataXtd_GeometryStorageDriver.ixx /dn43/OCCT/tmp/results_31.05.2011/occt/release-sources-20110531/drv/MDataXtd/MDataXtd_GeometryStorageDriver.ixx
+M MDataXtd:pubinclude:Handle_MDataXtd_ConstraintStorageDriver.hxx /dn43/OCCT/tmp/results_31.05.2011/occt/release-sources-20110531/inc/Handle_MDataXtd_ConstraintStorageDriver.hxx
+M MDataXtd:pubinclude:MDataXtd_ConstraintStorageDriver.hxx /dn43/OCCT/tmp/results_31.05.2011/occt/release-sources-20110531/inc/MDataXtd_ConstraintStorageDriver.hxx
+M MDataXtd:privinclude:MDataXtd_ConstraintStorageDriver.jxx /dn43/OCCT/tmp/results_31.05.2011/occt/release-sources-20110531/drv/MDataXtd/MDataXtd_ConstraintStorageDriver.jxx
+M MDataXtd:privinclude:MDataXtd_ConstraintStorageDriver.ixx /dn43/OCCT/tmp/results_31.05.2011/occt/release-sources-20110531/drv/MDataXtd/MDataXtd_ConstraintStorageDriver.ixx
+M MDataXtd:pubinclude:Handle_MDataXtd_PlacementStorageDriver.hxx /dn43/OCCT/tmp/results_31.05.2011/occt/release-sources-20110531/inc/Handle_MDataXtd_PlacementStorageDriver.hxx
+M MDataXtd:pubinclude:MDataXtd_PlacementStorageDriver.hxx /dn43/OCCT/tmp/results_31.05.2011/occt/release-sources-20110531/inc/MDataXtd_PlacementStorageDriver.hxx
+M MDataXtd:privinclude:MDataXtd_PlacementStorageDriver.jxx /dn43/OCCT/tmp/results_31.05.2011/occt/release-sources-20110531/drv/MDataXtd/MDataXtd_PlacementStorageDriver.jxx
+M MDataXtd:privinclude:MDataXtd_PlacementStorageDriver.ixx /dn43/OCCT/tmp/results_31.05.2011/occt/release-sources-20110531/drv/MDataXtd/MDataXtd_PlacementStorageDriver.ixx
+M MDataXtd:pubinclude:Handle_MDataXtd_PatternStdStorageDriver.hxx /dn43/OCCT/tmp/results_31.05.2011/occt/release-sources-20110531/inc/Handle_MDataXtd_PatternStdStorageDriver.hxx
+M MDataXtd:pubinclude:MDataXtd_PatternStdStorageDriver.hxx /dn43/OCCT/tmp/results_31.05.2011/occt/release-sources-20110531/inc/MDataXtd_PatternStdStorageDriver.hxx
+M MDataXtd:privinclude:MDataXtd_PatternStdStorageDriver.jxx /dn43/OCCT/tmp/results_31.05.2011/occt/release-sources-20110531/drv/MDataXtd/MDataXtd_PatternStdStorageDriver.jxx
+M MDataXtd:privinclude:MDataXtd_PatternStdStorageDriver.ixx /dn43/OCCT/tmp/results_31.05.2011/occt/release-sources-20110531/drv/MDataXtd/MDataXtd_PatternStdStorageDriver.ixx
+M MDataXtd:pubinclude:Handle_MDataXtd_ShapeRetrievalDriver.hxx /dn43/OCCT/tmp/results_31.05.2011/occt/release-sources-20110531/inc/Handle_MDataXtd_ShapeRetrievalDriver.hxx
+M MDataXtd:pubinclude:MDataXtd_ShapeRetrievalDriver.hxx /dn43/OCCT/tmp/results_31.05.2011/occt/release-sources-20110531/inc/MDataXtd_ShapeRetrievalDriver.hxx
+M MDataXtd:privinclude:MDataXtd_ShapeRetrievalDriver.jxx /dn43/OCCT/tmp/results_31.05.2011/occt/release-sources-20110531/drv/MDataXtd/MDataXtd_ShapeRetrievalDriver.jxx
+M MDataXtd:privinclude:MDataXtd_ShapeRetrievalDriver.ixx /dn43/OCCT/tmp/results_31.05.2011/occt/release-sources-20110531/drv/MDataXtd/MDataXtd_ShapeRetrievalDriver.ixx
+M MDataXtd:pubinclude:Handle_MDataXtd_PointRetrievalDriver.hxx /dn43/OCCT/tmp/results_31.05.2011/occt/release-sources-20110531/inc/Handle_MDataXtd_PointRetrievalDriver.hxx
+M MDataXtd:pubinclude:MDataXtd_PointRetrievalDriver.hxx /dn43/OCCT/tmp/results_31.05.2011/occt/release-sources-20110531/inc/MDataXtd_PointRetrievalDriver.hxx
+M MDataXtd:privinclude:MDataXtd_PointRetrievalDriver.jxx /dn43/OCCT/tmp/results_31.05.2011/occt/release-sources-20110531/drv/MDataXtd/MDataXtd_PointRetrievalDriver.jxx
+M MDataXtd:privinclude:MDataXtd_PointRetrievalDriver.ixx /dn43/OCCT/tmp/results_31.05.2011/occt/release-sources-20110531/drv/MDataXtd/MDataXtd_PointRetrievalDriver.ixx
+M MDataXtd:pubinclude:Handle_MDataXtd_AxisRetrievalDriver.hxx /dn43/OCCT/tmp/results_31.05.2011/occt/release-sources-20110531/inc/Handle_MDataXtd_AxisRetrievalDriver.hxx
+M MDataXtd:pubinclude:MDataXtd_AxisRetrievalDriver.hxx /dn43/OCCT/tmp/results_31.05.2011/occt/release-sources-20110531/inc/MDataXtd_AxisRetrievalDriver.hxx
+M MDataXtd:privinclude:MDataXtd_AxisRetrievalDriver.jxx /dn43/OCCT/tmp/results_31.05.2011/occt/release-sources-20110531/drv/MDataXtd/MDataXtd_AxisRetrievalDriver.jxx
+M MDataXtd:privinclude:MDataXtd_AxisRetrievalDriver.ixx /dn43/OCCT/tmp/results_31.05.2011/occt/release-sources-20110531/drv/MDataXtd/MDataXtd_AxisRetrievalDriver.ixx
+M MDataXtd:pubinclude:Handle_MDataXtd_PlaneRetrievalDriver.hxx /dn43/OCCT/tmp/results_31.05.2011/occt/release-sources-20110531/inc/Handle_MDataXtd_PlaneRetrievalDriver.hxx
+M MDataXtd:pubinclude:MDataXtd_PlaneRetrievalDriver.hxx /dn43/OCCT/tmp/results_31.05.2011/occt/release-sources-20110531/inc/MDataXtd_PlaneRetrievalDriver.hxx
+M MDataXtd:privinclude:MDataXtd_PlaneRetrievalDriver.jxx /dn43/OCCT/tmp/results_31.05.2011/occt/release-sources-20110531/drv/MDataXtd/MDataXtd_PlaneRetrievalDriver.jxx
+M MDataXtd:privinclude:MDataXtd_PlaneRetrievalDriver.ixx /dn43/OCCT/tmp/results_31.05.2011/occt/release-sources-20110531/drv/MDataXtd/MDataXtd_PlaneRetrievalDriver.ixx
+M MDataXtd:pubinclude:Handle_MDataXtd_GeometryRetrievalDriver.hxx /dn43/OCCT/tmp/results_31.05.2011/occt/release-sources-20110531/inc/Handle_MDataXtd_GeometryRetrievalDriver.hxx
+M MDataXtd:pubinclude:MDataXtd_GeometryRetrievalDriver.hxx /dn43/OCCT/tmp/results_31.05.2011/occt/release-sources-20110531/inc/MDataXtd_GeometryRetrievalDriver.hxx
+M MDataXtd:privinclude:MDataXtd_GeometryRetrievalDriver.jxx /dn43/OCCT/tmp/results_31.05.2011/occt/release-sources-20110531/drv/MDataXtd/MDataXtd_GeometryRetrievalDriver.jxx
+M MDataXtd:privinclude:MDataXtd_GeometryRetrievalDriver.ixx /dn43/OCCT/tmp/results_31.05.2011/occt/release-sources-20110531/drv/MDataXtd/MDataXtd_GeometryRetrievalDriver.ixx
+M MDataXtd:pubinclude:Handle_MDataXtd_ConstraintRetrievalDriver.hxx /dn43/OCCT/tmp/results_31.05.2011/occt/release-sources-20110531/inc/Handle_MDataXtd_ConstraintRetrievalDriver.hxx
+M MDataXtd:pubinclude:MDataXtd_ConstraintRetrievalDriver.hxx /dn43/OCCT/tmp/results_31.05.2011/occt/release-sources-20110531/inc/MDataXtd_ConstraintRetrievalDriver.hxx
+M MDataXtd:privinclude:MDataXtd_ConstraintRetrievalDriver.jxx /dn43/OCCT/tmp/results_31.05.2011/occt/release-sources-20110531/drv/MDataXtd/MDataXtd_ConstraintRetrievalDriver.jxx
+M MDataXtd:privinclude:MDataXtd_ConstraintRetrievalDriver.ixx /dn43/OCCT/tmp/results_31.05.2011/occt/release-sources-20110531/drv/MDataXtd/MDataXtd_ConstraintRetrievalDriver.ixx
+M MDataXtd:pubinclude:Handle_MDataXtd_PlacementRetrievalDriver.hxx /dn43/OCCT/tmp/results_31.05.2011/occt/release-sources-20110531/inc/Handle_MDataXtd_PlacementRetrievalDriver.hxx
+M MDataXtd:pubinclude:MDataXtd_PlacementRetrievalDriver.hxx /dn43/OCCT/tmp/results_31.05.2011/occt/release-sources-20110531/inc/MDataXtd_PlacementRetrievalDriver.hxx
+M MDataXtd:privinclude:MDataXtd_PlacementRetrievalDriver.jxx /dn43/OCCT/tmp/results_31.05.2011/occt/release-sources-20110531/drv/MDataXtd/MDataXtd_PlacementRetrievalDriver.jxx
+M MDataXtd:privinclude:MDataXtd_PlacementRetrievalDriver.ixx /dn43/OCCT/tmp/results_31.05.2011/occt/release-sources-20110531/drv/MDataXtd/MDataXtd_PlacementRetrievalDriver.ixx
+M MDataXtd:pubinclude:Handle_MDataXtd_PatternStdRetrievalDriver.hxx /dn43/OCCT/tmp/results_31.05.2011/occt/release-sources-20110531/inc/Handle_MDataXtd_PatternStdRetrievalDriver.hxx
+M MDataXtd:pubinclude:MDataXtd_PatternStdRetrievalDriver.hxx /dn43/OCCT/tmp/results_31.05.2011/occt/release-sources-20110531/inc/MDataXtd_PatternStdRetrievalDriver.hxx
+M MDataXtd:privinclude:MDataXtd_PatternStdRetrievalDriver.jxx /dn43/OCCT/tmp/results_31.05.2011/occt/release-sources-20110531/drv/MDataXtd/MDataXtd_PatternStdRetrievalDriver.jxx
+M MDataXtd:privinclude:MDataXtd_PatternStdRetrievalDriver.ixx /dn43/OCCT/tmp/results_31.05.2011/occt/release-sources-20110531/drv/MDataXtd/MDataXtd_PatternStdRetrievalDriver.ixx
+M MDataXtd:dbadmfile:MDataXtd_xcpp_header.In /dn43/OCCT/tmp/results_31.05.2011/occt/release-sources-20110531/drv/MDataXtd/.adm/MDataXtd_xcpp_header.In
+M MDataXtd:dbadmfile:MDataXtd_xcpp_header.Out /dn43/OCCT/tmp/results_31.05.2011/occt/release-sources-20110531/drv/MDataXtd/.adm/MDataXtd_xcpp_header.Out
+M MDataXtd:dbadmfile:MDataXtd_xcpp_header.Dep /dn43/OCCT/tmp/results_31.05.2011/occt/release-sources-20110531/drv/MDataXtd/.adm/MDataXtd_xcpp_header.Dep
