+M BRepLib:pubinclude:BRepLib.hxx /dn43/OCCT/tmp/results_31.05.2011/occt/release-sources-20110531/inc/BRepLib.hxx
+M BRepLib:privinclude:BRepLib.jxx /dn43/OCCT/tmp/results_31.05.2011/occt/release-sources-20110531/drv/BRepLib/BRepLib.jxx
+M BRepLib:privinclude:BRepLib.ixx /dn43/OCCT/tmp/results_31.05.2011/occt/release-sources-20110531/drv/BRepLib/BRepLib.ixx
+M BRepLib:pubinclude:BRepLib_Command.hxx /dn43/OCCT/tmp/results_31.05.2011/occt/release-sources-20110531/inc/BRepLib_Command.hxx
+M BRepLib:privinclude:BRepLib_Command.jxx /dn43/OCCT/tmp/results_31.05.2011/occt/release-sources-20110531/drv/BRepLib/BRepLib_Command.jxx
+M BRepLib:privinclude:BRepLib_Command.ixx /dn43/OCCT/tmp/results_31.05.2011/occt/release-sources-20110531/drv/BRepLib/BRepLib_Command.ixx
+M BRepLib:pubinclude:BRepLib_MakeShape.hxx /dn43/OCCT/tmp/results_31.05.2011/occt/release-sources-20110531/inc/BRepLib_MakeShape.hxx
+M BRepLib:privinclude:BRepLib_MakeShape.jxx /dn43/OCCT/tmp/results_31.05.2011/occt/release-sources-20110531/drv/BRepLib/BRepLib_MakeShape.jxx
+M BRepLib:privinclude:BRepLib_MakeShape.ixx /dn43/OCCT/tmp/results_31.05.2011/occt/release-sources-20110531/drv/BRepLib/BRepLib_MakeShape.ixx
+M BRepLib:pubinclude:BRepLib_MakeVertex.hxx /dn43/OCCT/tmp/results_31.05.2011/occt/release-sources-20110531/inc/BRepLib_MakeVertex.hxx
+M BRepLib:privinclude:BRepLib_MakeVertex.jxx /dn43/OCCT/tmp/results_31.05.2011/occt/release-sources-20110531/drv/BRepLib/BRepLib_MakeVertex.jxx
+M BRepLib:privinclude:BRepLib_MakeVertex.ixx /dn43/OCCT/tmp/results_31.05.2011/occt/release-sources-20110531/drv/BRepLib/BRepLib_MakeVertex.ixx
+M BRepLib:pubinclude:BRepLib_MakeEdge.hxx /dn43/OCCT/tmp/results_31.05.2011/occt/release-sources-20110531/inc/BRepLib_MakeEdge.hxx
+M BRepLib:privinclude:BRepLib_MakeEdge.jxx /dn43/OCCT/tmp/results_31.05.2011/occt/release-sources-20110531/drv/BRepLib/BRepLib_MakeEdge.jxx
+M BRepLib:privinclude:BRepLib_MakeEdge.ixx /dn43/OCCT/tmp/results_31.05.2011/occt/release-sources-20110531/drv/BRepLib/BRepLib_MakeEdge.ixx
+M BRepLib:pubinclude:BRepLib_MakeEdge2d.hxx /dn43/OCCT/tmp/results_31.05.2011/occt/release-sources-20110531/inc/BRepLib_MakeEdge2d.hxx
+M BRepLib:privinclude:BRepLib_MakeEdge2d.jxx /dn43/OCCT/tmp/results_31.05.2011/occt/release-sources-20110531/drv/BRepLib/BRepLib_MakeEdge2d.jxx
+M BRepLib:privinclude:BRepLib_MakeEdge2d.ixx /dn43/OCCT/tmp/results_31.05.2011/occt/release-sources-20110531/drv/BRepLib/BRepLib_MakeEdge2d.ixx
+M BRepLib:pubinclude:BRepLib_MakePolygon.hxx /dn43/OCCT/tmp/results_31.05.2011/occt/release-sources-20110531/inc/BRepLib_MakePolygon.hxx
+M BRepLib:privinclude:BRepLib_MakePolygon.jxx /dn43/OCCT/tmp/results_31.05.2011/occt/release-sources-20110531/drv/BRepLib/BRepLib_MakePolygon.jxx
+M BRepLib:privinclude:BRepLib_MakePolygon.ixx /dn43/OCCT/tmp/results_31.05.2011/occt/release-sources-20110531/drv/BRepLib/BRepLib_MakePolygon.ixx
+M BRepLib:pubinclude:BRepLib_MakeFace.hxx /dn43/OCCT/tmp/results_31.05.2011/occt/release-sources-20110531/inc/BRepLib_MakeFace.hxx
+M BRepLib:privinclude:BRepLib_MakeFace.jxx /dn43/OCCT/tmp/results_31.05.2011/occt/release-sources-20110531/drv/BRepLib/BRepLib_MakeFace.jxx
+M BRepLib:privinclude:BRepLib_MakeFace.ixx /dn43/OCCT/tmp/results_31.05.2011/occt/release-sources-20110531/drv/BRepLib/BRepLib_MakeFace.ixx
+M BRepLib:pubinclude:BRepLib_MakeWire.hxx /dn43/OCCT/tmp/results_31.05.2011/occt/release-sources-20110531/inc/BRepLib_MakeWire.hxx
+M BRepLib:privinclude:BRepLib_MakeWire.jxx /dn43/OCCT/tmp/results_31.05.2011/occt/release-sources-20110531/drv/BRepLib/BRepLib_MakeWire.jxx
+M BRepLib:privinclude:BRepLib_MakeWire.ixx /dn43/OCCT/tmp/results_31.05.2011/occt/release-sources-20110531/drv/BRepLib/BRepLib_MakeWire.ixx
+M BRepLib:pubinclude:BRepLib_MakeShell.hxx /dn43/OCCT/tmp/results_31.05.2011/occt/release-sources-20110531/inc/BRepLib_MakeShell.hxx
+M BRepLib:privinclude:BRepLib_MakeShell.jxx /dn43/OCCT/tmp/results_31.05.2011/occt/release-sources-20110531/drv/BRepLib/BRepLib_MakeShell.jxx
+M BRepLib:privinclude:BRepLib_MakeShell.ixx /dn43/OCCT/tmp/results_31.05.2011/occt/release-sources-20110531/drv/BRepLib/BRepLib_MakeShell.ixx
+M BRepLib:pubinclude:BRepLib_MakeSolid.hxx /dn43/OCCT/tmp/results_31.05.2011/occt/release-sources-20110531/inc/BRepLib_MakeSolid.hxx
+M BRepLib:privinclude:BRepLib_MakeSolid.jxx /dn43/OCCT/tmp/results_31.05.2011/occt/release-sources-20110531/drv/BRepLib/BRepLib_MakeSolid.jxx
+M BRepLib:privinclude:BRepLib_MakeSolid.ixx /dn43/OCCT/tmp/results_31.05.2011/occt/release-sources-20110531/drv/BRepLib/BRepLib_MakeSolid.ixx
+M BRepLib:pubinclude:BRepLib_FindSurface.hxx /dn43/OCCT/tmp/results_31.05.2011/occt/release-sources-20110531/inc/BRepLib_FindSurface.hxx
+M BRepLib:privinclude:BRepLib_FindSurface.jxx /dn43/OCCT/tmp/results_31.05.2011/occt/release-sources-20110531/drv/BRepLib/BRepLib_FindSurface.jxx
+M BRepLib:privinclude:BRepLib_FindSurface.ixx /dn43/OCCT/tmp/results_31.05.2011/occt/release-sources-20110531/drv/BRepLib/BRepLib_FindSurface.ixx
+M BRepLib:pubinclude:BRepLib_FuseEdges.hxx /dn43/OCCT/tmp/results_31.05.2011/occt/release-sources-20110531/inc/BRepLib_FuseEdges.hxx
+M BRepLib:privinclude:BRepLib_FuseEdges.jxx /dn43/OCCT/tmp/results_31.05.2011/occt/release-sources-20110531/drv/BRepLib/BRepLib_FuseEdges.jxx
+M BRepLib:privinclude:BRepLib_FuseEdges.ixx /dn43/OCCT/tmp/results_31.05.2011/occt/release-sources-20110531/drv/BRepLib/BRepLib_FuseEdges.ixx
+M BRepLib:pubinclude:BRepLib_EdgeError.hxx /dn43/OCCT/tmp/results_31.05.2011/occt/release-sources-20110531/inc/BRepLib_EdgeError.hxx
+M BRepLib:pubinclude:BRepLib_WireError.hxx /dn43/OCCT/tmp/results_31.05.2011/occt/release-sources-20110531/inc/BRepLib_WireError.hxx
+M BRepLib:pubinclude:BRepLib_FaceError.hxx /dn43/OCCT/tmp/results_31.05.2011/occt/release-sources-20110531/inc/BRepLib_FaceError.hxx
+M BRepLib:pubinclude:BRepLib_ShellError.hxx /dn43/OCCT/tmp/results_31.05.2011/occt/release-sources-20110531/inc/BRepLib_ShellError.hxx
+M BRepLib:pubinclude:BRepLib_ShapeModification.hxx /dn43/OCCT/tmp/results_31.05.2011/occt/release-sources-20110531/inc/BRepLib_ShapeModification.hxx
+M BRepLib:dbadmfile:BRepLib_xcpp_header.In /dn43/OCCT/tmp/results_31.05.2011/occt/release-sources-20110531/drv/BRepLib/.adm/BRepLib_xcpp_header.In
+M BRepLib:dbadmfile:BRepLib_xcpp_header.Out /dn43/OCCT/tmp/results_31.05.2011/occt/release-sources-20110531/drv/BRepLib/.adm/BRepLib_xcpp_header.Out
+M BRepLib:dbadmfile:BRepLib_xcpp_header.Dep /dn43/OCCT/tmp/results_31.05.2011/occt/release-sources-20110531/drv/BRepLib/.adm/BRepLib_xcpp_header.Dep
