+M HLRBRep:pubinclude:HLRBRep_CurveTool.lxx /dn43/OCCT/tmp/results_28.02.2011/occt/release-sources-20110228/inc/HLRBRep_CurveTool.lxx
+M HLRBRep:pubinclude:HLRBRep_BCurveTool.lxx /dn43/OCCT/tmp/results_28.02.2011/occt/release-sources-20110228/inc/HLRBRep_BCurveTool.lxx
+M HLRBRep:pubinclude:HLRBRep_Curve.lxx /dn43/OCCT/tmp/results_28.02.2011/occt/release-sources-20110228/inc/HLRBRep_Curve.lxx
+M HLRBRep:pubinclude:HLRBRep_SurfaceTool.lxx /dn43/OCCT/tmp/results_28.02.2011/occt/release-sources-20110228/inc/HLRBRep_SurfaceTool.lxx
+M HLRBRep:pubinclude:HLRBRep_BSurfaceTool.lxx /dn43/OCCT/tmp/results_28.02.2011/occt/release-sources-20110228/inc/HLRBRep_BSurfaceTool.lxx
+M HLRBRep:pubinclude:HLRBRep_Surface.lxx /dn43/OCCT/tmp/results_28.02.2011/occt/release-sources-20110228/inc/HLRBRep_Surface.lxx
+M HLRBRep:pubinclude:HLRBRep_CLPropsATool.lxx /dn43/OCCT/tmp/results_28.02.2011/occt/release-sources-20110228/inc/HLRBRep_CLPropsATool.lxx
+M HLRBRep:pubinclude:HLRBRep_SLPropsATool.lxx /dn43/OCCT/tmp/results_28.02.2011/occt/release-sources-20110228/inc/HLRBRep_SLPropsATool.lxx
+M HLRBRep:pubinclude:HLRBRep_LineTool.lxx /dn43/OCCT/tmp/results_28.02.2011/occt/release-sources-20110228/inc/HLRBRep_LineTool.lxx
+M HLRBRep:pubinclude:HLRBRep_EdgeData.lxx /dn43/OCCT/tmp/results_28.02.2011/occt/release-sources-20110228/inc/HLRBRep_EdgeData.lxx
+M HLRBRep:pubinclude:HLRBRep_FaceData.lxx /dn43/OCCT/tmp/results_28.02.2011/occt/release-sources-20110228/inc/HLRBRep_FaceData.lxx
+M HLRBRep:pubinclude:HLRBRep_FaceIterator.lxx /dn43/OCCT/tmp/results_28.02.2011/occt/release-sources-20110228/inc/HLRBRep_FaceIterator.lxx
+M HLRBRep:pubinclude:HLRBRep_Data.lxx /dn43/OCCT/tmp/results_28.02.2011/occt/release-sources-20110228/inc/HLRBRep_Data.lxx
+M HLRBRep:pubinclude:HLRBRep_HLRToShape.lxx /dn43/OCCT/tmp/results_28.02.2011/occt/release-sources-20110228/inc/HLRBRep_HLRToShape.lxx
+M HLRBRep:pubinclude:HLRBRep_ShapeBounds.lxx /dn43/OCCT/tmp/results_28.02.2011/occt/release-sources-20110228/inc/HLRBRep_ShapeBounds.lxx
+M HLRBRep:pubinclude:HLRBRep_EdgeInterferenceTool.lxx /dn43/OCCT/tmp/results_28.02.2011/occt/release-sources-20110228/inc/HLRBRep_EdgeInterferenceTool.lxx
+M HLRBRep:pubinclude:HLRBRep_PolyAlgo.lxx /dn43/OCCT/tmp/results_28.02.2011/occt/release-sources-20110228/inc/HLRBRep_PolyAlgo.lxx
+M HLRBRep:pubinclude:HLRBRep_BiPoint.lxx /dn43/OCCT/tmp/results_28.02.2011/occt/release-sources-20110228/inc/HLRBRep_BiPoint.lxx
+M HLRBRep:pubinclude:HLRBRep_BiPnt2D.lxx /dn43/OCCT/tmp/results_28.02.2011/occt/release-sources-20110228/inc/HLRBRep_BiPnt2D.lxx
+M HLRBRep:pubinclude:HLRBRep_PolyHLRToShape.lxx /dn43/OCCT/tmp/results_28.02.2011/occt/release-sources-20110228/inc/HLRBRep_PolyHLRToShape.lxx
+M HLRBRep:dbadmfile:HLRBRep_obj_inc.In /dn43/OCCT/tmp/results_28.02.2011/occt/release-sources-20110228/drv/HLRBRep/.adm/HLRBRep_obj_inc.In
+M HLRBRep:dbadmfile:HLRBRep_obj_inc.Out /dn43/OCCT/tmp/results_28.02.2011/occt/release-sources-20110228/drv/HLRBRep/.adm/HLRBRep_obj_inc.Out
+M HLRBRep:dbadmfile:HLRBRep_obj_inc.Dep /dn43/OCCT/tmp/results_28.02.2011/occt/release-sources-20110228/drv/HLRBRep/.adm/HLRBRep_obj_inc.Dep
