+M TopOpeBRepBuild:pubinclude:Handle_TopOpeBRepBuild_Loop.hxx /dn43/OCCT/tmp/results_30.09.2011/occt/release-sources-20110930/inc/Handle_TopOpeBRepBuild_Loop.hxx
+M TopOpeBRepBuild:pubinclude:TopOpeBRepBuild_Loop.hxx /dn43/OCCT/tmp/results_30.09.2011/occt/release-sources-20110930/inc/TopOpeBRepBuild_Loop.hxx
+M TopOpeBRepBuild:privinclude:TopOpeBRepBuild_Loop.jxx /dn43/OCCT/tmp/results_30.09.2011/occt/release-sources-20110930/drv/TopOpeBRepBuild/TopOpeBRepBuild_Loop.jxx
+M TopOpeBRepBuild:privinclude:TopOpeBRepBuild_Loop.ixx /dn43/OCCT/tmp/results_30.09.2011/occt/release-sources-20110930/drv/TopOpeBRepBuild/TopOpeBRepBuild_Loop.ixx
+M TopOpeBRepBuild:pubinclude:TopOpeBRepBuild_ListOfLoop.hxx /dn43/OCCT/tmp/results_30.09.2011/occt/release-sources-20110930/inc/TopOpeBRepBuild_ListOfLoop.hxx
+M TopOpeBRepBuild:derivated:TopOpeBRepBuild_ListOfLoop_0.cxx /dn43/OCCT/tmp/results_30.09.2011/occt/release-sources-20110930/drv/TopOpeBRepBuild/TopOpeBRepBuild_ListOfLoop_0.cxx
+M TopOpeBRepBuild:pubinclude:TopOpeBRepBuild_LoopSet.hxx /dn43/OCCT/tmp/results_30.09.2011/occt/release-sources-20110930/inc/TopOpeBRepBuild_LoopSet.hxx
+M TopOpeBRepBuild:privinclude:TopOpeBRepBuild_LoopSet.jxx /dn43/OCCT/tmp/results_30.09.2011/occt/release-sources-20110930/drv/TopOpeBRepBuild/TopOpeBRepBuild_LoopSet.jxx
+M TopOpeBRepBuild:privinclude:TopOpeBRepBuild_LoopSet.ixx /dn43/OCCT/tmp/results_30.09.2011/occt/release-sources-20110930/drv/TopOpeBRepBuild/TopOpeBRepBuild_LoopSet.ixx
+M TopOpeBRepBuild:pubinclude:TopOpeBRepBuild_LoopClassifier.hxx /dn43/OCCT/tmp/results_30.09.2011/occt/release-sources-20110930/inc/TopOpeBRepBuild_LoopClassifier.hxx
+M TopOpeBRepBuild:privinclude:TopOpeBRepBuild_LoopClassifier.jxx /dn43/OCCT/tmp/results_30.09.2011/occt/release-sources-20110930/drv/TopOpeBRepBuild/TopOpeBRepBuild_LoopClassifier.jxx
+M TopOpeBRepBuild:privinclude:TopOpeBRepBuild_LoopClassifier.ixx /dn43/OCCT/tmp/results_30.09.2011/occt/release-sources-20110930/drv/TopOpeBRepBuild/TopOpeBRepBuild_LoopClassifier.ixx
+M TopOpeBRepBuild:pubinclude:TopOpeBRepBuild_ListOfListOfLoop.hxx /dn43/OCCT/tmp/results_30.09.2011/occt/release-sources-20110930/inc/TopOpeBRepBuild_ListOfListOfLoop.hxx
+M TopOpeBRepBuild:derivated:TopOpeBRepBuild_ListOfListOfLoop_0.cxx /dn43/OCCT/tmp/results_30.09.2011/occt/release-sources-20110930/drv/TopOpeBRepBuild/TopOpeBRepBuild_ListOfListOfLoop_0.cxx
+M TopOpeBRepBuild:pubinclude:TopOpeBRepBuild_AreaBuilder.hxx /dn43/OCCT/tmp/results_30.09.2011/occt/release-sources-20110930/inc/TopOpeBRepBuild_AreaBuilder.hxx
+M TopOpeBRepBuild:privinclude:TopOpeBRepBuild_AreaBuilder.jxx /dn43/OCCT/tmp/results_30.09.2011/occt/release-sources-20110930/drv/TopOpeBRepBuild/TopOpeBRepBuild_AreaBuilder.jxx
+M TopOpeBRepBuild:privinclude:TopOpeBRepBuild_AreaBuilder.ixx /dn43/OCCT/tmp/results_30.09.2011/occt/release-sources-20110930/drv/TopOpeBRepBuild/TopOpeBRepBuild_AreaBuilder.ixx
+M TopOpeBRepBuild:pubinclude:Handle_TopOpeBRepBuild_Pave.hxx /dn43/OCCT/tmp/results_30.09.2011/occt/release-sources-20110930/inc/Handle_TopOpeBRepBuild_Pave.hxx
+M TopOpeBRepBuild:pubinclude:TopOpeBRepBuild_Pave.hxx /dn43/OCCT/tmp/results_30.09.2011/occt/release-sources-20110930/inc/TopOpeBRepBuild_Pave.hxx
+M TopOpeBRepBuild:privinclude:TopOpeBRepBuild_Pave.jxx /dn43/OCCT/tmp/results_30.09.2011/occt/release-sources-20110930/drv/TopOpeBRepBuild/TopOpeBRepBuild_Pave.jxx
+M TopOpeBRepBuild:privinclude:TopOpeBRepBuild_Pave.ixx /dn43/OCCT/tmp/results_30.09.2011/occt/release-sources-20110930/drv/TopOpeBRepBuild/TopOpeBRepBuild_Pave.ixx
+M TopOpeBRepBuild:pubinclude:TopOpeBRepBuild_ListOfPave.hxx /dn43/OCCT/tmp/results_30.09.2011/occt/release-sources-20110930/inc/TopOpeBRepBuild_ListOfPave.hxx
+M TopOpeBRepBuild:derivated:TopOpeBRepBuild_ListOfPave_0.cxx /dn43/OCCT/tmp/results_30.09.2011/occt/release-sources-20110930/drv/TopOpeBRepBuild/TopOpeBRepBuild_ListOfPave_0.cxx
+M TopOpeBRepBuild:pubinclude:TopOpeBRepBuild_PaveSet.hxx /dn43/OCCT/tmp/results_30.09.2011/occt/release-sources-20110930/inc/TopOpeBRepBuild_PaveSet.hxx
+M TopOpeBRepBuild:privinclude:TopOpeBRepBuild_PaveSet.jxx /dn43/OCCT/tmp/results_30.09.2011/occt/release-sources-20110930/drv/TopOpeBRepBuild/TopOpeBRepBuild_PaveSet.jxx
+M TopOpeBRepBuild:privinclude:TopOpeBRepBuild_PaveSet.ixx /dn43/OCCT/tmp/results_30.09.2011/occt/release-sources-20110930/drv/TopOpeBRepBuild/TopOpeBRepBuild_PaveSet.ixx
+M TopOpeBRepBuild:pubinclude:TopOpeBRepBuild_PaveClassifier.hxx /dn43/OCCT/tmp/results_30.09.2011/occt/release-sources-20110930/inc/TopOpeBRepBuild_PaveClassifier.hxx
+M TopOpeBRepBuild:privinclude:TopOpeBRepBuild_PaveClassifier.jxx /dn43/OCCT/tmp/results_30.09.2011/occt/release-sources-20110930/drv/TopOpeBRepBuild/TopOpeBRepBuild_PaveClassifier.jxx
+M TopOpeBRepBuild:privinclude:TopOpeBRepBuild_PaveClassifier.ixx /dn43/OCCT/tmp/results_30.09.2011/occt/release-sources-20110930/drv/TopOpeBRepBuild/TopOpeBRepBuild_PaveClassifier.ixx
+M TopOpeBRepBuild:pubinclude:TopOpeBRepBuild_Area1dBuilder.hxx /dn43/OCCT/tmp/results_30.09.2011/occt/release-sources-20110930/inc/TopOpeBRepBuild_Area1dBuilder.hxx
+M TopOpeBRepBuild:privinclude:TopOpeBRepBuild_Area1dBuilder.jxx /dn43/OCCT/tmp/results_30.09.2011/occt/release-sources-20110930/drv/TopOpeBRepBuild/TopOpeBRepBuild_Area1dBuilder.jxx
+M TopOpeBRepBuild:privinclude:TopOpeBRepBuild_Area1dBuilder.ixx /dn43/OCCT/tmp/results_30.09.2011/occt/release-sources-20110930/drv/TopOpeBRepBuild/TopOpeBRepBuild_Area1dBuilder.ixx
+M TopOpeBRepBuild:pubinclude:TopOpeBRepBuild_EdgeBuilder.hxx /dn43/OCCT/tmp/results_30.09.2011/occt/release-sources-20110930/inc/TopOpeBRepBuild_EdgeBuilder.hxx
+M TopOpeBRepBuild:privinclude:TopOpeBRepBuild_EdgeBuilder.jxx /dn43/OCCT/tmp/results_30.09.2011/occt/release-sources-20110930/drv/TopOpeBRepBuild/TopOpeBRepBuild_EdgeBuilder.jxx
+M TopOpeBRepBuild:privinclude:TopOpeBRepBuild_EdgeBuilder.ixx /dn43/OCCT/tmp/results_30.09.2011/occt/release-sources-20110930/drv/TopOpeBRepBuild/TopOpeBRepBuild_EdgeBuilder.ixx
+M TopOpeBRepBuild:pubinclude:TopOpeBRepBuild_Tools.hxx /dn43/OCCT/tmp/results_30.09.2011/occt/release-sources-20110930/inc/TopOpeBRepBuild_Tools.hxx
+M TopOpeBRepBuild:privinclude:TopOpeBRepBuild_Tools.jxx /dn43/OCCT/tmp/results_30.09.2011/occt/release-sources-20110930/drv/TopOpeBRepBuild/TopOpeBRepBuild_Tools.jxx
+M TopOpeBRepBuild:privinclude:TopOpeBRepBuild_Tools.ixx /dn43/OCCT/tmp/results_30.09.2011/occt/release-sources-20110930/drv/TopOpeBRepBuild/TopOpeBRepBuild_Tools.ixx
+M TopOpeBRepBuild:pubinclude:TopOpeBRepBuild_ShapeSet.hxx /dn43/OCCT/tmp/results_30.09.2011/occt/release-sources-20110930/inc/TopOpeBRepBuild_ShapeSet.hxx
+M TopOpeBRepBuild:privinclude:TopOpeBRepBuild_ShapeSet.jxx /dn43/OCCT/tmp/results_30.09.2011/occt/release-sources-20110930/drv/TopOpeBRepBuild/TopOpeBRepBuild_ShapeSet.jxx
+M TopOpeBRepBuild:privinclude:TopOpeBRepBuild_ShapeSet.ixx /dn43/OCCT/tmp/results_30.09.2011/occt/release-sources-20110930/drv/TopOpeBRepBuild/TopOpeBRepBuild_ShapeSet.ixx
+M TopOpeBRepBuild:pubinclude:TopOpeBRepBuild_WireEdgeSet.hxx /dn43/OCCT/tmp/results_30.09.2011/occt/release-sources-20110930/inc/TopOpeBRepBuild_WireEdgeSet.hxx
+M TopOpeBRepBuild:privinclude:TopOpeBRepBuild_WireEdgeSet.jxx /dn43/OCCT/tmp/results_30.09.2011/occt/release-sources-20110930/drv/TopOpeBRepBuild/TopOpeBRepBuild_WireEdgeSet.jxx
+M TopOpeBRepBuild:privinclude:TopOpeBRepBuild_WireEdgeSet.ixx /dn43/OCCT/tmp/results_30.09.2011/occt/release-sources-20110930/drv/TopOpeBRepBuild/TopOpeBRepBuild_WireEdgeSet.ixx
+M TopOpeBRepBuild:pubinclude:TopOpeBRepBuild_ShellFaceSet.hxx /dn43/OCCT/tmp/results_30.09.2011/occt/release-sources-20110930/inc/TopOpeBRepBuild_ShellFaceSet.hxx
+M TopOpeBRepBuild:privinclude:TopOpeBRepBuild_ShellFaceSet.jxx /dn43/OCCT/tmp/results_30.09.2011/occt/release-sources-20110930/drv/TopOpeBRepBuild/TopOpeBRepBuild_ShellFaceSet.jxx
+M TopOpeBRepBuild:privinclude:TopOpeBRepBuild_ShellFaceSet.ixx /dn43/OCCT/tmp/results_30.09.2011/occt/release-sources-20110930/drv/TopOpeBRepBuild/TopOpeBRepBuild_ShellFaceSet.ixx
+M TopOpeBRepBuild:pubinclude:TopOpeBRepBuild_BlockIterator.hxx /dn43/OCCT/tmp/results_30.09.2011/occt/release-sources-20110930/inc/TopOpeBRepBuild_BlockIterator.hxx
+M TopOpeBRepBuild:privinclude:TopOpeBRepBuild_BlockIterator.jxx /dn43/OCCT/tmp/results_30.09.2011/occt/release-sources-20110930/drv/TopOpeBRepBuild/TopOpeBRepBuild_BlockIterator.jxx
+M TopOpeBRepBuild:privinclude:TopOpeBRepBuild_BlockIterator.ixx /dn43/OCCT/tmp/results_30.09.2011/occt/release-sources-20110930/drv/TopOpeBRepBuild/TopOpeBRepBuild_BlockIterator.ixx
+M TopOpeBRepBuild:pubinclude:TopOpeBRepBuild_BlockBuilder.hxx /dn43/OCCT/tmp/results_30.09.2011/occt/release-sources-20110930/inc/TopOpeBRepBuild_BlockBuilder.hxx
+M TopOpeBRepBuild:privinclude:TopOpeBRepBuild_BlockBuilder.jxx /dn43/OCCT/tmp/results_30.09.2011/occt/release-sources-20110930/drv/TopOpeBRepBuild/TopOpeBRepBuild_BlockBuilder.jxx
+M TopOpeBRepBuild:privinclude:TopOpeBRepBuild_BlockBuilder.ixx /dn43/OCCT/tmp/results_30.09.2011/occt/release-sources-20110930/drv/TopOpeBRepBuild/TopOpeBRepBuild_BlockBuilder.ixx
+M TopOpeBRepBuild:pubinclude:TopOpeBRepBuild_CompositeClassifier.hxx /dn43/OCCT/tmp/results_30.09.2011/occt/release-sources-20110930/inc/TopOpeBRepBuild_CompositeClassifier.hxx
+M TopOpeBRepBuild:privinclude:TopOpeBRepBuild_CompositeClassifier.jxx /dn43/OCCT/tmp/results_30.09.2011/occt/release-sources-20110930/drv/TopOpeBRepBuild/TopOpeBRepBuild_CompositeClassifier.jxx
+M TopOpeBRepBuild:privinclude:TopOpeBRepBuild_CompositeClassifier.ixx /dn43/OCCT/tmp/results_30.09.2011/occt/release-sources-20110930/drv/TopOpeBRepBuild/TopOpeBRepBuild_CompositeClassifier.ixx
+M TopOpeBRepBuild:pubinclude:TopOpeBRepBuild_WireEdgeClassifier.hxx /dn43/OCCT/tmp/results_30.09.2011/occt/release-sources-20110930/inc/TopOpeBRepBuild_WireEdgeClassifier.hxx
+M TopOpeBRepBuild:privinclude:TopOpeBRepBuild_WireEdgeClassifier.jxx /dn43/OCCT/tmp/results_30.09.2011/occt/release-sources-20110930/drv/TopOpeBRepBuild/TopOpeBRepBuild_WireEdgeClassifier.jxx
+M TopOpeBRepBuild:privinclude:TopOpeBRepBuild_WireEdgeClassifier.ixx /dn43/OCCT/tmp/results_30.09.2011/occt/release-sources-20110930/drv/TopOpeBRepBuild/TopOpeBRepBuild_WireEdgeClassifier.ixx
+M TopOpeBRepBuild:pubinclude:TopOpeBRepBuild_ShellFaceClassifier.hxx /dn43/OCCT/tmp/results_30.09.2011/occt/release-sources-20110930/inc/TopOpeBRepBuild_ShellFaceClassifier.hxx
+M TopOpeBRepBuild:privinclude:TopOpeBRepBuild_ShellFaceClassifier.jxx /dn43/OCCT/tmp/results_30.09.2011/occt/release-sources-20110930/drv/TopOpeBRepBuild/TopOpeBRepBuild_ShellFaceClassifier.jxx
+M TopOpeBRepBuild:privinclude:TopOpeBRepBuild_ShellFaceClassifier.ixx /dn43/OCCT/tmp/results_30.09.2011/occt/release-sources-20110930/drv/TopOpeBRepBuild/TopOpeBRepBuild_ShellFaceClassifier.ixx
+M TopOpeBRepBuild:pubinclude:TopOpeBRepBuild_Area2dBuilder.hxx /dn43/OCCT/tmp/results_30.09.2011/occt/release-sources-20110930/inc/TopOpeBRepBuild_Area2dBuilder.hxx
+M TopOpeBRepBuild:privinclude:TopOpeBRepBuild_Area2dBuilder.jxx /dn43/OCCT/tmp/results_30.09.2011/occt/release-sources-20110930/drv/TopOpeBRepBuild/TopOpeBRepBuild_Area2dBuilder.jxx
+M TopOpeBRepBuild:privinclude:TopOpeBRepBuild_Area2dBuilder.ixx /dn43/OCCT/tmp/results_30.09.2011/occt/release-sources-20110930/drv/TopOpeBRepBuild/TopOpeBRepBuild_Area2dBuilder.ixx
+M TopOpeBRepBuild:pubinclude:TopOpeBRepBuild_FaceAreaBuilder.hxx /dn43/OCCT/tmp/results_30.09.2011/occt/release-sources-20110930/inc/TopOpeBRepBuild_FaceAreaBuilder.hxx
+M TopOpeBRepBuild:privinclude:TopOpeBRepBuild_FaceAreaBuilder.jxx /dn43/OCCT/tmp/results_30.09.2011/occt/release-sources-20110930/drv/TopOpeBRepBuild/TopOpeBRepBuild_FaceAreaBuilder.jxx
+M TopOpeBRepBuild:privinclude:TopOpeBRepBuild_FaceAreaBuilder.ixx /dn43/OCCT/tmp/results_30.09.2011/occt/release-sources-20110930/drv/TopOpeBRepBuild/TopOpeBRepBuild_FaceAreaBuilder.ixx
+M TopOpeBRepBuild:pubinclude:TopOpeBRepBuild_FaceBuilder.hxx /dn43/OCCT/tmp/results_30.09.2011/occt/release-sources-20110930/inc/TopOpeBRepBuild_FaceBuilder.hxx
+M TopOpeBRepBuild:privinclude:TopOpeBRepBuild_FaceBuilder.jxx /dn43/OCCT/tmp/results_30.09.2011/occt/release-sources-20110930/drv/TopOpeBRepBuild/TopOpeBRepBuild_FaceBuilder.jxx
+M TopOpeBRepBuild:privinclude:TopOpeBRepBuild_FaceBuilder.ixx /dn43/OCCT/tmp/results_30.09.2011/occt/release-sources-20110930/drv/TopOpeBRepBuild/TopOpeBRepBuild_FaceBuilder.ixx
+M TopOpeBRepBuild:pubinclude:TopOpeBRepBuild_Area3dBuilder.hxx /dn43/OCCT/tmp/results_30.09.2011/occt/release-sources-20110930/inc/TopOpeBRepBuild_Area3dBuilder.hxx
+M TopOpeBRepBuild:privinclude:TopOpeBRepBuild_Area3dBuilder.jxx /dn43/OCCT/tmp/results_30.09.2011/occt/release-sources-20110930/drv/TopOpeBRepBuild/TopOpeBRepBuild_Area3dBuilder.jxx
+M TopOpeBRepBuild:privinclude:TopOpeBRepBuild_Area3dBuilder.ixx /dn43/OCCT/tmp/results_30.09.2011/occt/release-sources-20110930/drv/TopOpeBRepBuild/TopOpeBRepBuild_Area3dBuilder.ixx
+M TopOpeBRepBuild:pubinclude:TopOpeBRepBuild_SolidAreaBuilder.hxx /dn43/OCCT/tmp/results_30.09.2011/occt/release-sources-20110930/inc/TopOpeBRepBuild_SolidAreaBuilder.hxx
+M TopOpeBRepBuild:privinclude:TopOpeBRepBuild_SolidAreaBuilder.jxx /dn43/OCCT/tmp/results_30.09.2011/occt/release-sources-20110930/drv/TopOpeBRepBuild/TopOpeBRepBuild_SolidAreaBuilder.jxx
+M TopOpeBRepBuild:privinclude:TopOpeBRepBuild_SolidAreaBuilder.ixx /dn43/OCCT/tmp/results_30.09.2011/occt/release-sources-20110930/drv/TopOpeBRepBuild/TopOpeBRepBuild_SolidAreaBuilder.ixx
+M TopOpeBRepBuild:pubinclude:TopOpeBRepBuild_SolidBuilder.hxx /dn43/OCCT/tmp/results_30.09.2011/occt/release-sources-20110930/inc/TopOpeBRepBuild_SolidBuilder.hxx
+M TopOpeBRepBuild:privinclude:TopOpeBRepBuild_SolidBuilder.jxx /dn43/OCCT/tmp/results_30.09.2011/occt/release-sources-20110930/drv/TopOpeBRepBuild/TopOpeBRepBuild_SolidBuilder.jxx
+M TopOpeBRepBuild:privinclude:TopOpeBRepBuild_SolidBuilder.ixx /dn43/OCCT/tmp/results_30.09.2011/occt/release-sources-20110930/drv/TopOpeBRepBuild/TopOpeBRepBuild_SolidBuilder.ixx
+M TopOpeBRepBuild:pubinclude:TopOpeBRepBuild_ShapeListOfShape.hxx /dn43/OCCT/tmp/results_30.09.2011/occt/release-sources-20110930/inc/TopOpeBRepBuild_ShapeListOfShape.hxx
+M TopOpeBRepBuild:privinclude:TopOpeBRepBuild_ShapeListOfShape.jxx /dn43/OCCT/tmp/results_30.09.2011/occt/release-sources-20110930/drv/TopOpeBRepBuild/TopOpeBRepBuild_ShapeListOfShape.jxx
+M TopOpeBRepBuild:privinclude:TopOpeBRepBuild_ShapeListOfShape.ixx /dn43/OCCT/tmp/results_30.09.2011/occt/release-sources-20110930/drv/TopOpeBRepBuild/TopOpeBRepBuild_ShapeListOfShape.ixx
+M TopOpeBRepBuild:pubinclude:TopOpeBRepBuild_ListOfShapeListOfShape.hxx /dn43/OCCT/tmp/results_30.09.2011/occt/release-sources-20110930/inc/TopOpeBRepBuild_ListOfShapeListOfShape.hxx
+M TopOpeBRepBuild:derivated:TopOpeBRepBuild_ListOfShapeListOfShape_0.cxx /dn43/OCCT/tmp/results_30.09.2011/occt/release-sources-20110930/drv/TopOpeBRepBuild/TopOpeBRepBuild_ListOfShapeListOfShape_0.cxx
+M TopOpeBRepBuild:pubinclude:TopOpeBRepBuild_DataMapOfShapeListOfShapeListOfShape.hxx /dn43/OCCT/tmp/results_30.09.2011/occt/release-sources-20110930/inc/TopOpeBRepBuild_DataMapOfShapeListOfShapeListOfShape.hxx
+M TopOpeBRepBuild:derivated:TopOpeBRepBuild_DataMapOfShapeListOfShapeListOfShape_0.cxx /dn43/OCCT/tmp/results_30.09.2011/occt/release-sources-20110930/drv/TopOpeBRepBuild/TopOpeBRepBuild_DataMapOfShapeListOfShapeListOfShape_0.cxx
+M TopOpeBRepBuild:pubinclude:TopOpeBRepBuild_GTopo.hxx /dn43/OCCT/tmp/results_30.09.2011/occt/release-sources-20110930/inc/TopOpeBRepBuild_GTopo.hxx
+M TopOpeBRepBuild:privinclude:TopOpeBRepBuild_GTopo.jxx /dn43/OCCT/tmp/results_30.09.2011/occt/release-sources-20110930/drv/TopOpeBRepBuild/TopOpeBRepBuild_GTopo.jxx
+M TopOpeBRepBuild:privinclude:TopOpeBRepBuild_GTopo.ixx /dn43/OCCT/tmp/results_30.09.2011/occt/release-sources-20110930/drv/TopOpeBRepBuild/TopOpeBRepBuild_GTopo.ixx
+M TopOpeBRepBuild:pubinclude:TopOpeBRepBuild_GIter.hxx /dn43/OCCT/tmp/results_30.09.2011/occt/release-sources-20110930/inc/TopOpeBRepBuild_GIter.hxx
+M TopOpeBRepBuild:privinclude:TopOpeBRepBuild_GIter.jxx /dn43/OCCT/tmp/results_30.09.2011/occt/release-sources-20110930/drv/TopOpeBRepBuild/TopOpeBRepBuild_GIter.jxx
+M TopOpeBRepBuild:privinclude:TopOpeBRepBuild_GIter.ixx /dn43/OCCT/tmp/results_30.09.2011/occt/release-sources-20110930/drv/TopOpeBRepBuild/TopOpeBRepBuild_GIter.ixx
+M TopOpeBRepBuild:pubinclude:TopOpeBRepBuild_GTool.hxx /dn43/OCCT/tmp/results_30.09.2011/occt/release-sources-20110930/inc/TopOpeBRepBuild_GTool.hxx
+M TopOpeBRepBuild:privinclude:TopOpeBRepBuild_GTool.jxx /dn43/OCCT/tmp/results_30.09.2011/occt/release-sources-20110930/drv/TopOpeBRepBuild/TopOpeBRepBuild_GTool.jxx
+M TopOpeBRepBuild:privinclude:TopOpeBRepBuild_GTool.ixx /dn43/OCCT/tmp/results_30.09.2011/occt/release-sources-20110930/drv/TopOpeBRepBuild/TopOpeBRepBuild_GTool.ixx
+M TopOpeBRepBuild:pubinclude:TopOpeBRepBuild_Builder.hxx /dn43/OCCT/tmp/results_30.09.2011/occt/release-sources-20110930/inc/TopOpeBRepBuild_Builder.hxx
+M TopOpeBRepBuild:privinclude:TopOpeBRepBuild_Builder.jxx /dn43/OCCT/tmp/results_30.09.2011/occt/release-sources-20110930/drv/TopOpeBRepBuild/TopOpeBRepBuild_Builder.jxx
+M TopOpeBRepBuild:privinclude:TopOpeBRepBuild_Builder.ixx /dn43/OCCT/tmp/results_30.09.2011/occt/release-sources-20110930/drv/TopOpeBRepBuild/TopOpeBRepBuild_Builder.ixx
+M TopOpeBRepBuild:pubinclude:TopOpeBRepBuild_Builder1.hxx /dn43/OCCT/tmp/results_30.09.2011/occt/release-sources-20110930/inc/TopOpeBRepBuild_Builder1.hxx
+M TopOpeBRepBuild:privinclude:TopOpeBRepBuild_Builder1.jxx /dn43/OCCT/tmp/results_30.09.2011/occt/release-sources-20110930/drv/TopOpeBRepBuild/TopOpeBRepBuild_Builder1.jxx
+M TopOpeBRepBuild:privinclude:TopOpeBRepBuild_Builder1.ixx /dn43/OCCT/tmp/results_30.09.2011/occt/release-sources-20110930/drv/TopOpeBRepBuild/TopOpeBRepBuild_Builder1.ixx
+M TopOpeBRepBuild:pubinclude:TopOpeBRepBuild_BuilderON.hxx /dn43/OCCT/tmp/results_30.09.2011/occt/release-sources-20110930/inc/TopOpeBRepBuild_BuilderON.hxx
+M TopOpeBRepBuild:privinclude:TopOpeBRepBuild_BuilderON.jxx /dn43/OCCT/tmp/results_30.09.2011/occt/release-sources-20110930/drv/TopOpeBRepBuild/TopOpeBRepBuild_BuilderON.jxx
+M TopOpeBRepBuild:privinclude:TopOpeBRepBuild_BuilderON.ixx /dn43/OCCT/tmp/results_30.09.2011/occt/release-sources-20110930/drv/TopOpeBRepBuild/TopOpeBRepBuild_BuilderON.ixx
+M TopOpeBRepBuild:pubinclude:Handle_TopOpeBRepBuild_HBuilder.hxx /dn43/OCCT/tmp/results_30.09.2011/occt/release-sources-20110930/inc/Handle_TopOpeBRepBuild_HBuilder.hxx
+M TopOpeBRepBuild:pubinclude:TopOpeBRepBuild_HBuilder.hxx /dn43/OCCT/tmp/results_30.09.2011/occt/release-sources-20110930/inc/TopOpeBRepBuild_HBuilder.hxx
+M TopOpeBRepBuild:privinclude:TopOpeBRepBuild_HBuilder.jxx /dn43/OCCT/tmp/results_30.09.2011/occt/release-sources-20110930/drv/TopOpeBRepBuild/TopOpeBRepBuild_HBuilder.jxx
+M TopOpeBRepBuild:privinclude:TopOpeBRepBuild_HBuilder.ixx /dn43/OCCT/tmp/results_30.09.2011/occt/release-sources-20110930/drv/TopOpeBRepBuild/TopOpeBRepBuild_HBuilder.ixx
+M TopOpeBRepBuild:pubinclude:TopOpeBRepBuild_WireToFace.hxx /dn43/OCCT/tmp/results_30.09.2011/occt/release-sources-20110930/inc/TopOpeBRepBuild_WireToFace.hxx
+M TopOpeBRepBuild:privinclude:TopOpeBRepBuild_WireToFace.jxx /dn43/OCCT/tmp/results_30.09.2011/occt/release-sources-20110930/drv/TopOpeBRepBuild/TopOpeBRepBuild_WireToFace.jxx
+M TopOpeBRepBuild:privinclude:TopOpeBRepBuild_WireToFace.ixx /dn43/OCCT/tmp/results_30.09.2011/occt/release-sources-20110930/drv/TopOpeBRepBuild/TopOpeBRepBuild_WireToFace.ixx
+M TopOpeBRepBuild:pubinclude:TopOpeBRepBuild_ShellToSolid.hxx /dn43/OCCT/tmp/results_30.09.2011/occt/release-sources-20110930/inc/TopOpeBRepBuild_ShellToSolid.hxx
+M TopOpeBRepBuild:privinclude:TopOpeBRepBuild_ShellToSolid.jxx /dn43/OCCT/tmp/results_30.09.2011/occt/release-sources-20110930/drv/TopOpeBRepBuild/TopOpeBRepBuild_ShellToSolid.jxx
+M TopOpeBRepBuild:privinclude:TopOpeBRepBuild_ShellToSolid.ixx /dn43/OCCT/tmp/results_30.09.2011/occt/release-sources-20110930/drv/TopOpeBRepBuild/TopOpeBRepBuild_ShellToSolid.ixx
+M TopOpeBRepBuild:pubinclude:TopOpeBRepBuild_FuseFace.hxx /dn43/OCCT/tmp/results_30.09.2011/occt/release-sources-20110930/inc/TopOpeBRepBuild_FuseFace.hxx
+M TopOpeBRepBuild:privinclude:TopOpeBRepBuild_FuseFace.jxx /dn43/OCCT/tmp/results_30.09.2011/occt/release-sources-20110930/drv/TopOpeBRepBuild/TopOpeBRepBuild_FuseFace.jxx
+M TopOpeBRepBuild:privinclude:TopOpeBRepBuild_FuseFace.ixx /dn43/OCCT/tmp/results_30.09.2011/occt/release-sources-20110930/drv/TopOpeBRepBuild/TopOpeBRepBuild_FuseFace.ixx
+M TopOpeBRepBuild:pubinclude:TopOpeBRepBuild_CorrectFace2d.hxx /dn43/OCCT/tmp/results_30.09.2011/occt/release-sources-20110930/inc/TopOpeBRepBuild_CorrectFace2d.hxx
+M TopOpeBRepBuild:privinclude:TopOpeBRepBuild_CorrectFace2d.jxx /dn43/OCCT/tmp/results_30.09.2011/occt/release-sources-20110930/drv/TopOpeBRepBuild/TopOpeBRepBuild_CorrectFace2d.jxx
+M TopOpeBRepBuild:privinclude:TopOpeBRepBuild_CorrectFace2d.ixx /dn43/OCCT/tmp/results_30.09.2011/occt/release-sources-20110930/drv/TopOpeBRepBuild/TopOpeBRepBuild_CorrectFace2d.ixx
+M TopOpeBRepBuild:pubinclude:TopOpeBRepBuild_VertexInfo.hxx /dn43/OCCT/tmp/results_30.09.2011/occt/release-sources-20110930/inc/TopOpeBRepBuild_VertexInfo.hxx
+M TopOpeBRepBuild:privinclude:TopOpeBRepBuild_VertexInfo.jxx /dn43/OCCT/tmp/results_30.09.2011/occt/release-sources-20110930/drv/TopOpeBRepBuild/TopOpeBRepBuild_VertexInfo.jxx
+M TopOpeBRepBuild:privinclude:TopOpeBRepBuild_VertexInfo.ixx /dn43/OCCT/tmp/results_30.09.2011/occt/release-sources-20110930/drv/TopOpeBRepBuild/TopOpeBRepBuild_VertexInfo.ixx
+M TopOpeBRepBuild:pubinclude:TopOpeBRepBuild_Tools2d.hxx /dn43/OCCT/tmp/results_30.09.2011/occt/release-sources-20110930/inc/TopOpeBRepBuild_Tools2d.hxx
+M TopOpeBRepBuild:privinclude:TopOpeBRepBuild_Tools2d.jxx /dn43/OCCT/tmp/results_30.09.2011/occt/release-sources-20110930/drv/TopOpeBRepBuild/TopOpeBRepBuild_Tools2d.jxx
+M TopOpeBRepBuild:privinclude:TopOpeBRepBuild_Tools2d.ixx /dn43/OCCT/tmp/results_30.09.2011/occt/release-sources-20110930/drv/TopOpeBRepBuild/TopOpeBRepBuild_Tools2d.ixx
+M TopOpeBRepBuild:pubinclude:TopOpeBRepBuild_IndexedDataMapOfShapeVertexInfo.hxx /dn43/OCCT/tmp/results_30.09.2011/occt/release-sources-20110930/inc/TopOpeBRepBuild_IndexedDataMapOfShapeVertexInfo.hxx
+M TopOpeBRepBuild:derivated:TopOpeBRepBuild_IndexedDataMapOfShapeVertexInfo_0.cxx /dn43/OCCT/tmp/results_30.09.2011/occt/release-sources-20110930/drv/TopOpeBRepBuild/TopOpeBRepBuild_IndexedDataMapOfShapeVertexInfo_0.cxx
+M TopOpeBRepBuild:pubinclude:Handle_TopOpeBRepBuild_ListNodeOfListOfLoop.hxx /dn43/OCCT/tmp/results_30.09.2011/occt/release-sources-20110930/inc/Handle_TopOpeBRepBuild_ListNodeOfListOfLoop.hxx
+M TopOpeBRepBuild:pubinclude:TopOpeBRepBuild_ListNodeOfListOfLoop.hxx /dn43/OCCT/tmp/results_30.09.2011/occt/release-sources-20110930/inc/TopOpeBRepBuild_ListNodeOfListOfLoop.hxx
+M TopOpeBRepBuild:derivated:TopOpeBRepBuild_ListNodeOfListOfLoop_0.cxx /dn43/OCCT/tmp/results_30.09.2011/occt/release-sources-20110930/drv/TopOpeBRepBuild/TopOpeBRepBuild_ListNodeOfListOfLoop_0.cxx
+M TopOpeBRepBuild:pubinclude:TopOpeBRepBuild_ListIteratorOfListOfLoop.hxx /dn43/OCCT/tmp/results_30.09.2011/occt/release-sources-20110930/inc/TopOpeBRepBuild_ListIteratorOfListOfLoop.hxx
+M TopOpeBRepBuild:derivated:TopOpeBRepBuild_ListIteratorOfListOfLoop_0.cxx /dn43/OCCT/tmp/results_30.09.2011/occt/release-sources-20110930/drv/TopOpeBRepBuild/TopOpeBRepBuild_ListIteratorOfListOfLoop_0.cxx
+M TopOpeBRepBuild:pubinclude:Handle_TopOpeBRepBuild_ListNodeOfListOfListOfLoop.hxx /dn43/OCCT/tmp/results_30.09.2011/occt/release-sources-20110930/inc/Handle_TopOpeBRepBuild_ListNodeOfListOfListOfLoop.hxx
+M TopOpeBRepBuild:pubinclude:TopOpeBRepBuild_ListNodeOfListOfListOfLoop.hxx /dn43/OCCT/tmp/results_30.09.2011/occt/release-sources-20110930/inc/TopOpeBRepBuild_ListNodeOfListOfListOfLoop.hxx
+M TopOpeBRepBuild:derivated:TopOpeBRepBuild_ListNodeOfListOfListOfLoop_0.cxx /dn43/OCCT/tmp/results_30.09.2011/occt/release-sources-20110930/drv/TopOpeBRepBuild/TopOpeBRepBuild_ListNodeOfListOfListOfLoop_0.cxx
+M TopOpeBRepBuild:pubinclude:TopOpeBRepBuild_ListIteratorOfListOfListOfLoop.hxx /dn43/OCCT/tmp/results_30.09.2011/occt/release-sources-20110930/inc/TopOpeBRepBuild_ListIteratorOfListOfListOfLoop.hxx
+M TopOpeBRepBuild:derivated:TopOpeBRepBuild_ListIteratorOfListOfListOfLoop_0.cxx /dn43/OCCT/tmp/results_30.09.2011/occt/release-sources-20110930/drv/TopOpeBRepBuild/TopOpeBRepBuild_ListIteratorOfListOfListOfLoop_0.cxx
+M TopOpeBRepBuild:pubinclude:Handle_TopOpeBRepBuild_ListNodeOfListOfPave.hxx /dn43/OCCT/tmp/results_30.09.2011/occt/release-sources-20110930/inc/Handle_TopOpeBRepBuild_ListNodeOfListOfPave.hxx
+M TopOpeBRepBuild:pubinclude:TopOpeBRepBuild_ListNodeOfListOfPave.hxx /dn43/OCCT/tmp/results_30.09.2011/occt/release-sources-20110930/inc/TopOpeBRepBuild_ListNodeOfListOfPave.hxx
+M TopOpeBRepBuild:derivated:TopOpeBRepBuild_ListNodeOfListOfPave_0.cxx /dn43/OCCT/tmp/results_30.09.2011/occt/release-sources-20110930/drv/TopOpeBRepBuild/TopOpeBRepBuild_ListNodeOfListOfPave_0.cxx
+M TopOpeBRepBuild:pubinclude:TopOpeBRepBuild_ListIteratorOfListOfPave.hxx /dn43/OCCT/tmp/results_30.09.2011/occt/release-sources-20110930/inc/TopOpeBRepBuild_ListIteratorOfListOfPave.hxx
+M TopOpeBRepBuild:derivated:TopOpeBRepBuild_ListIteratorOfListOfPave_0.cxx /dn43/OCCT/tmp/results_30.09.2011/occt/release-sources-20110930/drv/TopOpeBRepBuild/TopOpeBRepBuild_ListIteratorOfListOfPave_0.cxx
+M TopOpeBRepBuild:pubinclude:Handle_TopOpeBRepBuild_ListNodeOfListOfShapeListOfShape.hxx /dn43/OCCT/tmp/results_30.09.2011/occt/release-sources-20110930/inc/Handle_TopOpeBRepBuild_ListNodeOfListOfShapeListOfShape.hxx
+M TopOpeBRepBuild:pubinclude:TopOpeBRepBuild_ListNodeOfListOfShapeListOfShape.hxx /dn43/OCCT/tmp/results_30.09.2011/occt/release-sources-20110930/inc/TopOpeBRepBuild_ListNodeOfListOfShapeListOfShape.hxx
+M TopOpeBRepBuild:derivated:TopOpeBRepBuild_ListNodeOfListOfShapeListOfShape_0.cxx /dn43/OCCT/tmp/results_30.09.2011/occt/release-sources-20110930/drv/TopOpeBRepBuild/TopOpeBRepBuild_ListNodeOfListOfShapeListOfShape_0.cxx
+M TopOpeBRepBuild:pubinclude:TopOpeBRepBuild_ListIteratorOfListOfShapeListOfShape.hxx /dn43/OCCT/tmp/results_30.09.2011/occt/release-sources-20110930/inc/TopOpeBRepBuild_ListIteratorOfListOfShapeListOfShape.hxx
+M TopOpeBRepBuild:derivated:TopOpeBRepBuild_ListIteratorOfListOfShapeListOfShape_0.cxx /dn43/OCCT/tmp/results_30.09.2011/occt/release-sources-20110930/drv/TopOpeBRepBuild/TopOpeBRepBuild_ListIteratorOfListOfShapeListOfShape_0.cxx
+M TopOpeBRepBuild:pubinclude:Handle_TopOpeBRepBuild_DataMapNodeOfDataMapOfShapeListOfShapeListOfShape.hxx /dn43/OCCT/tmp/results_30.09.2011/occt/release-sources-20110930/inc/Handle_TopOpeBRepBuild_DataMapNodeOfDataMapOfShapeListOfShapeListOfShape.hxx
+M TopOpeBRepBuild:pubinclude:TopOpeBRepBuild_DataMapNodeOfDataMapOfShapeListOfShapeListOfShape.hxx /dn43/OCCT/tmp/results_30.09.2011/occt/release-sources-20110930/inc/TopOpeBRepBuild_DataMapNodeOfDataMapOfShapeListOfShapeListOfShape.hxx
+M TopOpeBRepBuild:derivated:TopOpeBRepBuild_DataMapNodeOfDataMapOfShapeListOfShapeListOfShape_0.cxx /dn43/OCCT/tmp/results_30.09.2011/occt/release-sources-20110930/drv/TopOpeBRepBuild/TopOpeBRepBuild_DataMapNodeOfDataMapOfShapeListOfShapeListOfShape_0.cxx
+M TopOpeBRepBuild:pubinclude:TopOpeBRepBuild_DataMapIteratorOfDataMapOfShapeListOfShapeListOfShape.hxx /dn43/OCCT/tmp/results_30.09.2011/occt/release-sources-20110930/inc/TopOpeBRepBuild_DataMapIteratorOfDataMapOfShapeListOfShapeListOfShape.hxx
+M TopOpeBRepBuild:derivated:TopOpeBRepBuild_DataMapIteratorOfDataMapOfShapeListOfShapeListOfShape_0.cxx /dn43/OCCT/tmp/results_30.09.2011/occt/release-sources-20110930/drv/TopOpeBRepBuild/TopOpeBRepBuild_DataMapIteratorOfDataMapOfShapeListOfShapeListOfShape_0.cxx
+M TopOpeBRepBuild:pubinclude:Handle_TopOpeBRepBuild_IndexedDataMapNodeOfIndexedDataMapOfShapeVertexInfo.hxx /dn43/OCCT/tmp/results_30.09.2011/occt/release-sources-20110930/inc/Handle_TopOpeBRepBuild_IndexedDataMapNodeOfIndexedDataMapOfShapeVertexInfo.hxx
+M TopOpeBRepBuild:pubinclude:TopOpeBRepBuild_IndexedDataMapNodeOfIndexedDataMapOfShapeVertexInfo.hxx /dn43/OCCT/tmp/results_30.09.2011/occt/release-sources-20110930/inc/TopOpeBRepBuild_IndexedDataMapNodeOfIndexedDataMapOfShapeVertexInfo.hxx
+M TopOpeBRepBuild:derivated:TopOpeBRepBuild_IndexedDataMapNodeOfIndexedDataMapOfShapeVertexInfo_0.cxx /dn43/OCCT/tmp/results_30.09.2011/occt/release-sources-20110930/drv/TopOpeBRepBuild/TopOpeBRepBuild_IndexedDataMapNodeOfIndexedDataMapOfShapeVertexInfo_0.cxx
+M TopOpeBRepBuild:pubinclude:TopOpeBRepBuild_LoopEnum.hxx /dn43/OCCT/tmp/results_30.09.2011/occt/release-sources-20110930/inc/TopOpeBRepBuild_LoopEnum.hxx
+M TopOpeBRepBuild:pubinclude:TopOpeBRepBuild_PWireEdgeSet.hxx /dn43/OCCT/tmp/results_30.09.2011/occt/release-sources-20110930/inc/TopOpeBRepBuild_PWireEdgeSet.hxx
+M TopOpeBRepBuild:pubinclude:TopOpeBRepBuild_PGTopo.hxx /dn43/OCCT/tmp/results_30.09.2011/occt/release-sources-20110930/inc/TopOpeBRepBuild_PGTopo.hxx
+M TopOpeBRepBuild:pubinclude:TopOpeBRepBuild_PBuilder.hxx /dn43/OCCT/tmp/results_30.09.2011/occt/release-sources-20110930/inc/TopOpeBRepBuild_PBuilder.hxx
+M TopOpeBRepBuild:dbadmfile:TopOpeBRepBuild_xcpp_header.In /dn43/OCCT/tmp/results_30.09.2011/occt/release-sources-20110930/drv/TopOpeBRepBuild/.adm/TopOpeBRepBuild_xcpp_header.In
+M TopOpeBRepBuild:dbadmfile:TopOpeBRepBuild_xcpp_header.Out /dn43/OCCT/tmp/results_30.09.2011/occt/release-sources-20110930/drv/TopOpeBRepBuild/.adm/TopOpeBRepBuild_xcpp_header.Out
+M TopOpeBRepBuild:dbadmfile:TopOpeBRepBuild_xcpp_header.Dep /dn43/OCCT/tmp/results_30.09.2011/occt/release-sources-20110930/drv/TopOpeBRepBuild/.adm/TopOpeBRepBuild_xcpp_header.Dep
