+M StepFEA:pubinclude:Handle_StepFEA_AlignedCurve3dElementCoordinateSystem.hxx /dn43/OCCT/tmp/results_30.09.2011/occt/release-sources-20110930/inc/Handle_StepFEA_AlignedCurve3dElementCoordinateSystem.hxx
+M StepFEA:pubinclude:StepFEA_AlignedCurve3dElementCoordinateSystem.hxx /dn43/OCCT/tmp/results_30.09.2011/occt/release-sources-20110930/inc/StepFEA_AlignedCurve3dElementCoordinateSystem.hxx
+M StepFEA:privinclude:StepFEA_AlignedCurve3dElementCoordinateSystem.jxx /dn43/OCCT/tmp/results_30.09.2011/occt/release-sources-20110930/drv/StepFEA/StepFEA_AlignedCurve3dElementCoordinateSystem.jxx
+M StepFEA:privinclude:StepFEA_AlignedCurve3dElementCoordinateSystem.ixx /dn43/OCCT/tmp/results_30.09.2011/occt/release-sources-20110930/drv/StepFEA/StepFEA_AlignedCurve3dElementCoordinateSystem.ixx
+M StepFEA:pubinclude:Handle_StepFEA_ArbitraryVolume3dElementCoordinateSystem.hxx /dn43/OCCT/tmp/results_30.09.2011/occt/release-sources-20110930/inc/Handle_StepFEA_ArbitraryVolume3dElementCoordinateSystem.hxx
+M StepFEA:pubinclude:StepFEA_ArbitraryVolume3dElementCoordinateSystem.hxx /dn43/OCCT/tmp/results_30.09.2011/occt/release-sources-20110930/inc/StepFEA_ArbitraryVolume3dElementCoordinateSystem.hxx
+M StepFEA:privinclude:StepFEA_ArbitraryVolume3dElementCoordinateSystem.jxx /dn43/OCCT/tmp/results_30.09.2011/occt/release-sources-20110930/drv/StepFEA/StepFEA_ArbitraryVolume3dElementCoordinateSystem.jxx
+M StepFEA:privinclude:StepFEA_ArbitraryVolume3dElementCoordinateSystem.ixx /dn43/OCCT/tmp/results_30.09.2011/occt/release-sources-20110930/drv/StepFEA/StepFEA_ArbitraryVolume3dElementCoordinateSystem.ixx
+M StepFEA:pubinclude:Handle_StepFEA_Curve3dElementProperty.hxx /dn43/OCCT/tmp/results_30.09.2011/occt/release-sources-20110930/inc/Handle_StepFEA_Curve3dElementProperty.hxx
+M StepFEA:pubinclude:StepFEA_Curve3dElementProperty.hxx /dn43/OCCT/tmp/results_30.09.2011/occt/release-sources-20110930/inc/StepFEA_Curve3dElementProperty.hxx
+M StepFEA:privinclude:StepFEA_Curve3dElementProperty.jxx /dn43/OCCT/tmp/results_30.09.2011/occt/release-sources-20110930/drv/StepFEA/StepFEA_Curve3dElementProperty.jxx
+M StepFEA:privinclude:StepFEA_Curve3dElementProperty.ixx /dn43/OCCT/tmp/results_30.09.2011/occt/release-sources-20110930/drv/StepFEA/StepFEA_Curve3dElementProperty.ixx
+M StepFEA:pubinclude:Handle_StepFEA_Curve3dElementRepresentation.hxx /dn43/OCCT/tmp/results_30.09.2011/occt/release-sources-20110930/inc/Handle_StepFEA_Curve3dElementRepresentation.hxx
+M StepFEA:pubinclude:StepFEA_Curve3dElementRepresentation.hxx /dn43/OCCT/tmp/results_30.09.2011/occt/release-sources-20110930/inc/StepFEA_Curve3dElementRepresentation.hxx
+M StepFEA:privinclude:StepFEA_Curve3dElementRepresentation.jxx /dn43/OCCT/tmp/results_30.09.2011/occt/release-sources-20110930/drv/StepFEA/StepFEA_Curve3dElementRepresentation.jxx
+M StepFEA:privinclude:StepFEA_Curve3dElementRepresentation.ixx /dn43/OCCT/tmp/results_30.09.2011/occt/release-sources-20110930/drv/StepFEA/StepFEA_Curve3dElementRepresentation.ixx
+M StepFEA:pubinclude:StepFEA_CurveElementEndCoordinateSystem.hxx /dn43/OCCT/tmp/results_30.09.2011/occt/release-sources-20110930/inc/StepFEA_CurveElementEndCoordinateSystem.hxx
+M StepFEA:privinclude:StepFEA_CurveElementEndCoordinateSystem.jxx /dn43/OCCT/tmp/results_30.09.2011/occt/release-sources-20110930/drv/StepFEA/StepFEA_CurveElementEndCoordinateSystem.jxx
+M StepFEA:privinclude:StepFEA_CurveElementEndCoordinateSystem.ixx /dn43/OCCT/tmp/results_30.09.2011/occt/release-sources-20110930/drv/StepFEA/StepFEA_CurveElementEndCoordinateSystem.ixx
+M StepFEA:pubinclude:Handle_StepFEA_CurveElementEndOffset.hxx /dn43/OCCT/tmp/results_30.09.2011/occt/release-sources-20110930/inc/Handle_StepFEA_CurveElementEndOffset.hxx
+M StepFEA:pubinclude:StepFEA_CurveElementEndOffset.hxx /dn43/OCCT/tmp/results_30.09.2011/occt/release-sources-20110930/inc/StepFEA_CurveElementEndOffset.hxx
+M StepFEA:privinclude:StepFEA_CurveElementEndOffset.jxx /dn43/OCCT/tmp/results_30.09.2011/occt/release-sources-20110930/drv/StepFEA/StepFEA_CurveElementEndOffset.jxx
+M StepFEA:privinclude:StepFEA_CurveElementEndOffset.ixx /dn43/OCCT/tmp/results_30.09.2011/occt/release-sources-20110930/drv/StepFEA/StepFEA_CurveElementEndOffset.ixx
+M StepFEA:pubinclude:Handle_StepFEA_CurveElementEndRelease.hxx /dn43/OCCT/tmp/results_30.09.2011/occt/release-sources-20110930/inc/Handle_StepFEA_CurveElementEndRelease.hxx
+M StepFEA:pubinclude:StepFEA_CurveElementEndRelease.hxx /dn43/OCCT/tmp/results_30.09.2011/occt/release-sources-20110930/inc/StepFEA_CurveElementEndRelease.hxx
+M StepFEA:privinclude:StepFEA_CurveElementEndRelease.jxx /dn43/OCCT/tmp/results_30.09.2011/occt/release-sources-20110930/drv/StepFEA/StepFEA_CurveElementEndRelease.jxx
+M StepFEA:privinclude:StepFEA_CurveElementEndRelease.ixx /dn43/OCCT/tmp/results_30.09.2011/occt/release-sources-20110930/drv/StepFEA/StepFEA_CurveElementEndRelease.ixx
+M StepFEA:pubinclude:Handle_StepFEA_CurveElementInterval.hxx /dn43/OCCT/tmp/results_30.09.2011/occt/release-sources-20110930/inc/Handle_StepFEA_CurveElementInterval.hxx
+M StepFEA:pubinclude:StepFEA_CurveElementInterval.hxx /dn43/OCCT/tmp/results_30.09.2011/occt/release-sources-20110930/inc/StepFEA_CurveElementInterval.hxx
+M StepFEA:privinclude:StepFEA_CurveElementInterval.jxx /dn43/OCCT/tmp/results_30.09.2011/occt/release-sources-20110930/drv/StepFEA/StepFEA_CurveElementInterval.jxx
+M StepFEA:privinclude:StepFEA_CurveElementInterval.ixx /dn43/OCCT/tmp/results_30.09.2011/occt/release-sources-20110930/drv/StepFEA/StepFEA_CurveElementInterval.ixx
+M StepFEA:pubinclude:Handle_StepFEA_CurveElementIntervalConstant.hxx /dn43/OCCT/tmp/results_30.09.2011/occt/release-sources-20110930/inc/Handle_StepFEA_CurveElementIntervalConstant.hxx
+M StepFEA:pubinclude:StepFEA_CurveElementIntervalConstant.hxx /dn43/OCCT/tmp/results_30.09.2011/occt/release-sources-20110930/inc/StepFEA_CurveElementIntervalConstant.hxx
+M StepFEA:privinclude:StepFEA_CurveElementIntervalConstant.jxx /dn43/OCCT/tmp/results_30.09.2011/occt/release-sources-20110930/drv/StepFEA/StepFEA_CurveElementIntervalConstant.jxx
+M StepFEA:privinclude:StepFEA_CurveElementIntervalConstant.ixx /dn43/OCCT/tmp/results_30.09.2011/occt/release-sources-20110930/drv/StepFEA/StepFEA_CurveElementIntervalConstant.ixx
+M StepFEA:pubinclude:Handle_StepFEA_CurveElementIntervalLinearlyVarying.hxx /dn43/OCCT/tmp/results_30.09.2011/occt/release-sources-20110930/inc/Handle_StepFEA_CurveElementIntervalLinearlyVarying.hxx
+M StepFEA:pubinclude:StepFEA_CurveElementIntervalLinearlyVarying.hxx /dn43/OCCT/tmp/results_30.09.2011/occt/release-sources-20110930/inc/StepFEA_CurveElementIntervalLinearlyVarying.hxx
+M StepFEA:privinclude:StepFEA_CurveElementIntervalLinearlyVarying.jxx /dn43/OCCT/tmp/results_30.09.2011/occt/release-sources-20110930/drv/StepFEA/StepFEA_CurveElementIntervalLinearlyVarying.jxx
+M StepFEA:privinclude:StepFEA_CurveElementIntervalLinearlyVarying.ixx /dn43/OCCT/tmp/results_30.09.2011/occt/release-sources-20110930/drv/StepFEA/StepFEA_CurveElementIntervalLinearlyVarying.ixx
+M StepFEA:pubinclude:Handle_StepFEA_CurveElementLocation.hxx /dn43/OCCT/tmp/results_30.09.2011/occt/release-sources-20110930/inc/Handle_StepFEA_CurveElementLocation.hxx
+M StepFEA:pubinclude:StepFEA_CurveElementLocation.hxx /dn43/OCCT/tmp/results_30.09.2011/occt/release-sources-20110930/inc/StepFEA_CurveElementLocation.hxx
+M StepFEA:privinclude:StepFEA_CurveElementLocation.jxx /dn43/OCCT/tmp/results_30.09.2011/occt/release-sources-20110930/drv/StepFEA/StepFEA_CurveElementLocation.jxx
+M StepFEA:privinclude:StepFEA_CurveElementLocation.ixx /dn43/OCCT/tmp/results_30.09.2011/occt/release-sources-20110930/drv/StepFEA/StepFEA_CurveElementLocation.ixx
+M StepFEA:pubinclude:Handle_StepFEA_DummyNode.hxx /dn43/OCCT/tmp/results_30.09.2011/occt/release-sources-20110930/inc/Handle_StepFEA_DummyNode.hxx
+M StepFEA:pubinclude:StepFEA_DummyNode.hxx /dn43/OCCT/tmp/results_30.09.2011/occt/release-sources-20110930/inc/StepFEA_DummyNode.hxx
+M StepFEA:privinclude:StepFEA_DummyNode.jxx /dn43/OCCT/tmp/results_30.09.2011/occt/release-sources-20110930/drv/StepFEA/StepFEA_DummyNode.jxx
+M StepFEA:privinclude:StepFEA_DummyNode.ixx /dn43/OCCT/tmp/results_30.09.2011/occt/release-sources-20110930/drv/StepFEA/StepFEA_DummyNode.ixx
+M StepFEA:pubinclude:Handle_StepFEA_ElementGeometricRelationship.hxx /dn43/OCCT/tmp/results_30.09.2011/occt/release-sources-20110930/inc/Handle_StepFEA_ElementGeometricRelationship.hxx
+M StepFEA:pubinclude:StepFEA_ElementGeometricRelationship.hxx /dn43/OCCT/tmp/results_30.09.2011/occt/release-sources-20110930/inc/StepFEA_ElementGeometricRelationship.hxx
+M StepFEA:privinclude:StepFEA_ElementGeometricRelationship.jxx /dn43/OCCT/tmp/results_30.09.2011/occt/release-sources-20110930/drv/StepFEA/StepFEA_ElementGeometricRelationship.jxx
+M StepFEA:privinclude:StepFEA_ElementGeometricRelationship.ixx /dn43/OCCT/tmp/results_30.09.2011/occt/release-sources-20110930/drv/StepFEA/StepFEA_ElementGeometricRelationship.ixx
+M StepFEA:pubinclude:Handle_StepFEA_ElementGroup.hxx /dn43/OCCT/tmp/results_30.09.2011/occt/release-sources-20110930/inc/Handle_StepFEA_ElementGroup.hxx
+M StepFEA:pubinclude:StepFEA_ElementGroup.hxx /dn43/OCCT/tmp/results_30.09.2011/occt/release-sources-20110930/inc/StepFEA_ElementGroup.hxx
+M StepFEA:privinclude:StepFEA_ElementGroup.jxx /dn43/OCCT/tmp/results_30.09.2011/occt/release-sources-20110930/drv/StepFEA/StepFEA_ElementGroup.jxx
+M StepFEA:privinclude:StepFEA_ElementGroup.ixx /dn43/OCCT/tmp/results_30.09.2011/occt/release-sources-20110930/drv/StepFEA/StepFEA_ElementGroup.ixx
+M StepFEA:pubinclude:Handle_StepFEA_ElementRepresentation.hxx /dn43/OCCT/tmp/results_30.09.2011/occt/release-sources-20110930/inc/Handle_StepFEA_ElementRepresentation.hxx
+M StepFEA:pubinclude:StepFEA_ElementRepresentation.hxx /dn43/OCCT/tmp/results_30.09.2011/occt/release-sources-20110930/inc/StepFEA_ElementRepresentation.hxx
+M StepFEA:privinclude:StepFEA_ElementRepresentation.jxx /dn43/OCCT/tmp/results_30.09.2011/occt/release-sources-20110930/drv/StepFEA/StepFEA_ElementRepresentation.jxx
+M StepFEA:privinclude:StepFEA_ElementRepresentation.ixx /dn43/OCCT/tmp/results_30.09.2011/occt/release-sources-20110930/drv/StepFEA/StepFEA_ElementRepresentation.ixx
+M StepFEA:pubinclude:Handle_StepFEA_FeaAreaDensity.hxx /dn43/OCCT/tmp/results_30.09.2011/occt/release-sources-20110930/inc/Handle_StepFEA_FeaAreaDensity.hxx
+M StepFEA:pubinclude:StepFEA_FeaAreaDensity.hxx /dn43/OCCT/tmp/results_30.09.2011/occt/release-sources-20110930/inc/StepFEA_FeaAreaDensity.hxx
+M StepFEA:privinclude:StepFEA_FeaAreaDensity.jxx /dn43/OCCT/tmp/results_30.09.2011/occt/release-sources-20110930/drv/StepFEA/StepFEA_FeaAreaDensity.jxx
+M StepFEA:privinclude:StepFEA_FeaAreaDensity.ixx /dn43/OCCT/tmp/results_30.09.2011/occt/release-sources-20110930/drv/StepFEA/StepFEA_FeaAreaDensity.ixx
+M StepFEA:pubinclude:Handle_StepFEA_FeaAxis2Placement3d.hxx /dn43/OCCT/tmp/results_30.09.2011/occt/release-sources-20110930/inc/Handle_StepFEA_FeaAxis2Placement3d.hxx
+M StepFEA:pubinclude:StepFEA_FeaAxis2Placement3d.hxx /dn43/OCCT/tmp/results_30.09.2011/occt/release-sources-20110930/inc/StepFEA_FeaAxis2Placement3d.hxx
+M StepFEA:privinclude:StepFEA_FeaAxis2Placement3d.jxx /dn43/OCCT/tmp/results_30.09.2011/occt/release-sources-20110930/drv/StepFEA/StepFEA_FeaAxis2Placement3d.jxx
+M StepFEA:privinclude:StepFEA_FeaAxis2Placement3d.ixx /dn43/OCCT/tmp/results_30.09.2011/occt/release-sources-20110930/drv/StepFEA/StepFEA_FeaAxis2Placement3d.ixx
+M StepFEA:pubinclude:Handle_StepFEA_FeaGroup.hxx /dn43/OCCT/tmp/results_30.09.2011/occt/release-sources-20110930/inc/Handle_StepFEA_FeaGroup.hxx
+M StepFEA:pubinclude:StepFEA_FeaGroup.hxx /dn43/OCCT/tmp/results_30.09.2011/occt/release-sources-20110930/inc/StepFEA_FeaGroup.hxx
+M StepFEA:privinclude:StepFEA_FeaGroup.jxx /dn43/OCCT/tmp/results_30.09.2011/occt/release-sources-20110930/drv/StepFEA/StepFEA_FeaGroup.jxx
+M StepFEA:privinclude:StepFEA_FeaGroup.ixx /dn43/OCCT/tmp/results_30.09.2011/occt/release-sources-20110930/drv/StepFEA/StepFEA_FeaGroup.ixx
+M StepFEA:pubinclude:Handle_StepFEA_FeaLinearElasticity.hxx /dn43/OCCT/tmp/results_30.09.2011/occt/release-sources-20110930/inc/Handle_StepFEA_FeaLinearElasticity.hxx
+M StepFEA:pubinclude:StepFEA_FeaLinearElasticity.hxx /dn43/OCCT/tmp/results_30.09.2011/occt/release-sources-20110930/inc/StepFEA_FeaLinearElasticity.hxx
+M StepFEA:privinclude:StepFEA_FeaLinearElasticity.jxx /dn43/OCCT/tmp/results_30.09.2011/occt/release-sources-20110930/drv/StepFEA/StepFEA_FeaLinearElasticity.jxx
+M StepFEA:privinclude:StepFEA_FeaLinearElasticity.ixx /dn43/OCCT/tmp/results_30.09.2011/occt/release-sources-20110930/drv/StepFEA/StepFEA_FeaLinearElasticity.ixx
+M StepFEA:pubinclude:Handle_StepFEA_FeaMassDensity.hxx /dn43/OCCT/tmp/results_30.09.2011/occt/release-sources-20110930/inc/Handle_StepFEA_FeaMassDensity.hxx
+M StepFEA:pubinclude:StepFEA_FeaMassDensity.hxx /dn43/OCCT/tmp/results_30.09.2011/occt/release-sources-20110930/inc/StepFEA_FeaMassDensity.hxx
+M StepFEA:privinclude:StepFEA_FeaMassDensity.jxx /dn43/OCCT/tmp/results_30.09.2011/occt/release-sources-20110930/drv/StepFEA/StepFEA_FeaMassDensity.jxx
+M StepFEA:privinclude:StepFEA_FeaMassDensity.ixx /dn43/OCCT/tmp/results_30.09.2011/occt/release-sources-20110930/drv/StepFEA/StepFEA_FeaMassDensity.ixx
+M StepFEA:pubinclude:Handle_StepFEA_FeaMaterialPropertyRepresentation.hxx /dn43/OCCT/tmp/results_30.09.2011/occt/release-sources-20110930/inc/Handle_StepFEA_FeaMaterialPropertyRepresentation.hxx
+M StepFEA:pubinclude:StepFEA_FeaMaterialPropertyRepresentation.hxx /dn43/OCCT/tmp/results_30.09.2011/occt/release-sources-20110930/inc/StepFEA_FeaMaterialPropertyRepresentation.hxx
+M StepFEA:privinclude:StepFEA_FeaMaterialPropertyRepresentation.jxx /dn43/OCCT/tmp/results_30.09.2011/occt/release-sources-20110930/drv/StepFEA/StepFEA_FeaMaterialPropertyRepresentation.jxx
+M StepFEA:privinclude:StepFEA_FeaMaterialPropertyRepresentation.ixx /dn43/OCCT/tmp/results_30.09.2011/occt/release-sources-20110930/drv/StepFEA/StepFEA_FeaMaterialPropertyRepresentation.ixx
+M StepFEA:pubinclude:Handle_StepFEA_FeaMaterialPropertyRepresentationItem.hxx /dn43/OCCT/tmp/results_30.09.2011/occt/release-sources-20110930/inc/Handle_StepFEA_FeaMaterialPropertyRepresentationItem.hxx
+M StepFEA:pubinclude:StepFEA_FeaMaterialPropertyRepresentationItem.hxx /dn43/OCCT/tmp/results_30.09.2011/occt/release-sources-20110930/inc/StepFEA_FeaMaterialPropertyRepresentationItem.hxx
+M StepFEA:privinclude:StepFEA_FeaMaterialPropertyRepresentationItem.jxx /dn43/OCCT/tmp/results_30.09.2011/occt/release-sources-20110930/drv/StepFEA/StepFEA_FeaMaterialPropertyRepresentationItem.jxx
+M StepFEA:privinclude:StepFEA_FeaMaterialPropertyRepresentationItem.ixx /dn43/OCCT/tmp/results_30.09.2011/occt/release-sources-20110930/drv/StepFEA/StepFEA_FeaMaterialPropertyRepresentationItem.ixx
+M StepFEA:pubinclude:Handle_StepFEA_FeaModel.hxx /dn43/OCCT/tmp/results_30.09.2011/occt/release-sources-20110930/inc/Handle_StepFEA_FeaModel.hxx
+M StepFEA:pubinclude:StepFEA_FeaModel.hxx /dn43/OCCT/tmp/results_30.09.2011/occt/release-sources-20110930/inc/StepFEA_FeaModel.hxx
+M StepFEA:privinclude:StepFEA_FeaModel.jxx /dn43/OCCT/tmp/results_30.09.2011/occt/release-sources-20110930/drv/StepFEA/StepFEA_FeaModel.jxx
+M StepFEA:privinclude:StepFEA_FeaModel.ixx /dn43/OCCT/tmp/results_30.09.2011/occt/release-sources-20110930/drv/StepFEA/StepFEA_FeaModel.ixx
+M StepFEA:pubinclude:Handle_StepFEA_FeaModel3d.hxx /dn43/OCCT/tmp/results_30.09.2011/occt/release-sources-20110930/inc/Handle_StepFEA_FeaModel3d.hxx
+M StepFEA:pubinclude:StepFEA_FeaModel3d.hxx /dn43/OCCT/tmp/results_30.09.2011/occt/release-sources-20110930/inc/StepFEA_FeaModel3d.hxx
+M StepFEA:privinclude:StepFEA_FeaModel3d.jxx /dn43/OCCT/tmp/results_30.09.2011/occt/release-sources-20110930/drv/StepFEA/StepFEA_FeaModel3d.jxx
+M StepFEA:privinclude:StepFEA_FeaModel3d.ixx /dn43/OCCT/tmp/results_30.09.2011/occt/release-sources-20110930/drv/StepFEA/StepFEA_FeaModel3d.ixx
+M StepFEA:pubinclude:Handle_StepFEA_FeaMoistureAbsorption.hxx /dn43/OCCT/tmp/results_30.09.2011/occt/release-sources-20110930/inc/Handle_StepFEA_FeaMoistureAbsorption.hxx
+M StepFEA:pubinclude:StepFEA_FeaMoistureAbsorption.hxx /dn43/OCCT/tmp/results_30.09.2011/occt/release-sources-20110930/inc/StepFEA_FeaMoistureAbsorption.hxx
+M StepFEA:privinclude:StepFEA_FeaMoistureAbsorption.jxx /dn43/OCCT/tmp/results_30.09.2011/occt/release-sources-20110930/drv/StepFEA/StepFEA_FeaMoistureAbsorption.jxx
+M StepFEA:privinclude:StepFEA_FeaMoistureAbsorption.ixx /dn43/OCCT/tmp/results_30.09.2011/occt/release-sources-20110930/drv/StepFEA/StepFEA_FeaMoistureAbsorption.ixx
+M StepFEA:pubinclude:Handle_StepFEA_FeaParametricPoint.hxx /dn43/OCCT/tmp/results_30.09.2011/occt/release-sources-20110930/inc/Handle_StepFEA_FeaParametricPoint.hxx
+M StepFEA:pubinclude:StepFEA_FeaParametricPoint.hxx /dn43/OCCT/tmp/results_30.09.2011/occt/release-sources-20110930/inc/StepFEA_FeaParametricPoint.hxx
+M StepFEA:privinclude:StepFEA_FeaParametricPoint.jxx /dn43/OCCT/tmp/results_30.09.2011/occt/release-sources-20110930/drv/StepFEA/StepFEA_FeaParametricPoint.jxx
+M StepFEA:privinclude:StepFEA_FeaParametricPoint.ixx /dn43/OCCT/tmp/results_30.09.2011/occt/release-sources-20110930/drv/StepFEA/StepFEA_FeaParametricPoint.ixx
+M StepFEA:pubinclude:Handle_StepFEA_FeaRepresentationItem.hxx /dn43/OCCT/tmp/results_30.09.2011/occt/release-sources-20110930/inc/Handle_StepFEA_FeaRepresentationItem.hxx
+M StepFEA:pubinclude:StepFEA_FeaRepresentationItem.hxx /dn43/OCCT/tmp/results_30.09.2011/occt/release-sources-20110930/inc/StepFEA_FeaRepresentationItem.hxx
+M StepFEA:privinclude:StepFEA_FeaRepresentationItem.jxx /dn43/OCCT/tmp/results_30.09.2011/occt/release-sources-20110930/drv/StepFEA/StepFEA_FeaRepresentationItem.jxx
+M StepFEA:privinclude:StepFEA_FeaRepresentationItem.ixx /dn43/OCCT/tmp/results_30.09.2011/occt/release-sources-20110930/drv/StepFEA/StepFEA_FeaRepresentationItem.ixx
+M StepFEA:pubinclude:Handle_StepFEA_FeaSecantCoefficientOfLinearThermalExpansion.hxx /dn43/OCCT/tmp/results_30.09.2011/occt/release-sources-20110930/inc/Handle_StepFEA_FeaSecantCoefficientOfLinearThermalExpansion.hxx
+M StepFEA:pubinclude:StepFEA_FeaSecantCoefficientOfLinearThermalExpansion.hxx /dn43/OCCT/tmp/results_30.09.2011/occt/release-sources-20110930/inc/StepFEA_FeaSecantCoefficientOfLinearThermalExpansion.hxx
+M StepFEA:privinclude:StepFEA_FeaSecantCoefficientOfLinearThermalExpansion.jxx /dn43/OCCT/tmp/results_30.09.2011/occt/release-sources-20110930/drv/StepFEA/StepFEA_FeaSecantCoefficientOfLinearThermalExpansion.jxx
+M StepFEA:privinclude:StepFEA_FeaSecantCoefficientOfLinearThermalExpansion.ixx /dn43/OCCT/tmp/results_30.09.2011/occt/release-sources-20110930/drv/StepFEA/StepFEA_FeaSecantCoefficientOfLinearThermalExpansion.ixx
+M StepFEA:pubinclude:Handle_StepFEA_FeaShellBendingStiffness.hxx /dn43/OCCT/tmp/results_30.09.2011/occt/release-sources-20110930/inc/Handle_StepFEA_FeaShellBendingStiffness.hxx
+M StepFEA:pubinclude:StepFEA_FeaShellBendingStiffness.hxx /dn43/OCCT/tmp/results_30.09.2011/occt/release-sources-20110930/inc/StepFEA_FeaShellBendingStiffness.hxx
+M StepFEA:privinclude:StepFEA_FeaShellBendingStiffness.jxx /dn43/OCCT/tmp/results_30.09.2011/occt/release-sources-20110930/drv/StepFEA/StepFEA_FeaShellBendingStiffness.jxx
+M StepFEA:privinclude:StepFEA_FeaShellBendingStiffness.ixx /dn43/OCCT/tmp/results_30.09.2011/occt/release-sources-20110930/drv/StepFEA/StepFEA_FeaShellBendingStiffness.ixx
+M StepFEA:pubinclude:Handle_StepFEA_FeaShellMembraneBendingCouplingStiffness.hxx /dn43/OCCT/tmp/results_30.09.2011/occt/release-sources-20110930/inc/Handle_StepFEA_FeaShellMembraneBendingCouplingStiffness.hxx
+M StepFEA:pubinclude:StepFEA_FeaShellMembraneBendingCouplingStiffness.hxx /dn43/OCCT/tmp/results_30.09.2011/occt/release-sources-20110930/inc/StepFEA_FeaShellMembraneBendingCouplingStiffness.hxx
+M StepFEA:privinclude:StepFEA_FeaShellMembraneBendingCouplingStiffness.jxx /dn43/OCCT/tmp/results_30.09.2011/occt/release-sources-20110930/drv/StepFEA/StepFEA_FeaShellMembraneBendingCouplingStiffness.jxx
+M StepFEA:privinclude:StepFEA_FeaShellMembraneBendingCouplingStiffness.ixx /dn43/OCCT/tmp/results_30.09.2011/occt/release-sources-20110930/drv/StepFEA/StepFEA_FeaShellMembraneBendingCouplingStiffness.ixx
+M StepFEA:pubinclude:Handle_StepFEA_FeaShellMembraneStiffness.hxx /dn43/OCCT/tmp/results_30.09.2011/occt/release-sources-20110930/inc/Handle_StepFEA_FeaShellMembraneStiffness.hxx
+M StepFEA:pubinclude:StepFEA_FeaShellMembraneStiffness.hxx /dn43/OCCT/tmp/results_30.09.2011/occt/release-sources-20110930/inc/StepFEA_FeaShellMembraneStiffness.hxx
+M StepFEA:privinclude:StepFEA_FeaShellMembraneStiffness.jxx /dn43/OCCT/tmp/results_30.09.2011/occt/release-sources-20110930/drv/StepFEA/StepFEA_FeaShellMembraneStiffness.jxx
+M StepFEA:privinclude:StepFEA_FeaShellMembraneStiffness.ixx /dn43/OCCT/tmp/results_30.09.2011/occt/release-sources-20110930/drv/StepFEA/StepFEA_FeaShellMembraneStiffness.ixx
+M StepFEA:pubinclude:Handle_StepFEA_FeaShellShearStiffness.hxx /dn43/OCCT/tmp/results_30.09.2011/occt/release-sources-20110930/inc/Handle_StepFEA_FeaShellShearStiffness.hxx
+M StepFEA:pubinclude:StepFEA_FeaShellShearStiffness.hxx /dn43/OCCT/tmp/results_30.09.2011/occt/release-sources-20110930/inc/StepFEA_FeaShellShearStiffness.hxx
+M StepFEA:privinclude:StepFEA_FeaShellShearStiffness.jxx /dn43/OCCT/tmp/results_30.09.2011/occt/release-sources-20110930/drv/StepFEA/StepFEA_FeaShellShearStiffness.jxx
+M StepFEA:privinclude:StepFEA_FeaShellShearStiffness.ixx /dn43/OCCT/tmp/results_30.09.2011/occt/release-sources-20110930/drv/StepFEA/StepFEA_FeaShellShearStiffness.ixx
+M StepFEA:pubinclude:Handle_StepFEA_FeaTangentialCoefficientOfLinearThermalExpansion.hxx /dn43/OCCT/tmp/results_30.09.2011/occt/release-sources-20110930/inc/Handle_StepFEA_FeaTangentialCoefficientOfLinearThermalExpansion.hxx
+M StepFEA:pubinclude:StepFEA_FeaTangentialCoefficientOfLinearThermalExpansion.hxx /dn43/OCCT/tmp/results_30.09.2011/occt/release-sources-20110930/inc/StepFEA_FeaTangentialCoefficientOfLinearThermalExpansion.hxx
+M StepFEA:privinclude:StepFEA_FeaTangentialCoefficientOfLinearThermalExpansion.jxx /dn43/OCCT/tmp/results_30.09.2011/occt/release-sources-20110930/drv/StepFEA/StepFEA_FeaTangentialCoefficientOfLinearThermalExpansion.jxx
+M StepFEA:privinclude:StepFEA_FeaTangentialCoefficientOfLinearThermalExpansion.ixx /dn43/OCCT/tmp/results_30.09.2011/occt/release-sources-20110930/drv/StepFEA/StepFEA_FeaTangentialCoefficientOfLinearThermalExpansion.ixx
+M StepFEA:pubinclude:Handle_StepFEA_GeometricNode.hxx /dn43/OCCT/tmp/results_30.09.2011/occt/release-sources-20110930/inc/Handle_StepFEA_GeometricNode.hxx
+M StepFEA:pubinclude:StepFEA_GeometricNode.hxx /dn43/OCCT/tmp/results_30.09.2011/occt/release-sources-20110930/inc/StepFEA_GeometricNode.hxx
+M StepFEA:privinclude:StepFEA_GeometricNode.jxx /dn43/OCCT/tmp/results_30.09.2011/occt/release-sources-20110930/drv/StepFEA/StepFEA_GeometricNode.jxx
+M StepFEA:privinclude:StepFEA_GeometricNode.ixx /dn43/OCCT/tmp/results_30.09.2011/occt/release-sources-20110930/drv/StepFEA/StepFEA_GeometricNode.ixx
+M StepFEA:pubinclude:Handle_StepFEA_Node.hxx /dn43/OCCT/tmp/results_30.09.2011/occt/release-sources-20110930/inc/Handle_StepFEA_Node.hxx
+M StepFEA:pubinclude:StepFEA_Node.hxx /dn43/OCCT/tmp/results_30.09.2011/occt/release-sources-20110930/inc/StepFEA_Node.hxx
+M StepFEA:privinclude:StepFEA_Node.jxx /dn43/OCCT/tmp/results_30.09.2011/occt/release-sources-20110930/drv/StepFEA/StepFEA_Node.jxx
+M StepFEA:privinclude:StepFEA_Node.ixx /dn43/OCCT/tmp/results_30.09.2011/occt/release-sources-20110930/drv/StepFEA/StepFEA_Node.ixx
+M StepFEA:pubinclude:Handle_StepFEA_NodeGroup.hxx /dn43/OCCT/tmp/results_30.09.2011/occt/release-sources-20110930/inc/Handle_StepFEA_NodeGroup.hxx
+M StepFEA:pubinclude:StepFEA_NodeGroup.hxx /dn43/OCCT/tmp/results_30.09.2011/occt/release-sources-20110930/inc/StepFEA_NodeGroup.hxx
+M StepFEA:privinclude:StepFEA_NodeGroup.jxx /dn43/OCCT/tmp/results_30.09.2011/occt/release-sources-20110930/drv/StepFEA/StepFEA_NodeGroup.jxx
+M StepFEA:privinclude:StepFEA_NodeGroup.ixx /dn43/OCCT/tmp/results_30.09.2011/occt/release-sources-20110930/drv/StepFEA/StepFEA_NodeGroup.ixx
+M StepFEA:pubinclude:Handle_StepFEA_NodeRepresentation.hxx /dn43/OCCT/tmp/results_30.09.2011/occt/release-sources-20110930/inc/Handle_StepFEA_NodeRepresentation.hxx
+M StepFEA:pubinclude:StepFEA_NodeRepresentation.hxx /dn43/OCCT/tmp/results_30.09.2011/occt/release-sources-20110930/inc/StepFEA_NodeRepresentation.hxx
+M StepFEA:privinclude:StepFEA_NodeRepresentation.jxx /dn43/OCCT/tmp/results_30.09.2011/occt/release-sources-20110930/drv/StepFEA/StepFEA_NodeRepresentation.jxx
+M StepFEA:privinclude:StepFEA_NodeRepresentation.ixx /dn43/OCCT/tmp/results_30.09.2011/occt/release-sources-20110930/drv/StepFEA/StepFEA_NodeRepresentation.ixx
+M StepFEA:pubinclude:Handle_StepFEA_NodeSet.hxx /dn43/OCCT/tmp/results_30.09.2011/occt/release-sources-20110930/inc/Handle_StepFEA_NodeSet.hxx
+M StepFEA:pubinclude:StepFEA_NodeSet.hxx /dn43/OCCT/tmp/results_30.09.2011/occt/release-sources-20110930/inc/StepFEA_NodeSet.hxx
+M StepFEA:privinclude:StepFEA_NodeSet.jxx /dn43/OCCT/tmp/results_30.09.2011/occt/release-sources-20110930/drv/StepFEA/StepFEA_NodeSet.jxx
+M StepFEA:privinclude:StepFEA_NodeSet.ixx /dn43/OCCT/tmp/results_30.09.2011/occt/release-sources-20110930/drv/StepFEA/StepFEA_NodeSet.ixx
+M StepFEA:pubinclude:Handle_StepFEA_NodeWithSolutionCoordinateSystem.hxx /dn43/OCCT/tmp/results_30.09.2011/occt/release-sources-20110930/inc/Handle_StepFEA_NodeWithSolutionCoordinateSystem.hxx
+M StepFEA:pubinclude:StepFEA_NodeWithSolutionCoordinateSystem.hxx /dn43/OCCT/tmp/results_30.09.2011/occt/release-sources-20110930/inc/StepFEA_NodeWithSolutionCoordinateSystem.hxx
+M StepFEA:privinclude:StepFEA_NodeWithSolutionCoordinateSystem.jxx /dn43/OCCT/tmp/results_30.09.2011/occt/release-sources-20110930/drv/StepFEA/StepFEA_NodeWithSolutionCoordinateSystem.jxx
+M StepFEA:privinclude:StepFEA_NodeWithSolutionCoordinateSystem.ixx /dn43/OCCT/tmp/results_30.09.2011/occt/release-sources-20110930/drv/StepFEA/StepFEA_NodeWithSolutionCoordinateSystem.ixx
+M StepFEA:pubinclude:Handle_StepFEA_NodeWithVector.hxx /dn43/OCCT/tmp/results_30.09.2011/occt/release-sources-20110930/inc/Handle_StepFEA_NodeWithVector.hxx
+M StepFEA:pubinclude:StepFEA_NodeWithVector.hxx /dn43/OCCT/tmp/results_30.09.2011/occt/release-sources-20110930/inc/StepFEA_NodeWithVector.hxx
+M StepFEA:privinclude:StepFEA_NodeWithVector.jxx /dn43/OCCT/tmp/results_30.09.2011/occt/release-sources-20110930/drv/StepFEA/StepFEA_NodeWithVector.jxx
+M StepFEA:privinclude:StepFEA_NodeWithVector.ixx /dn43/OCCT/tmp/results_30.09.2011/occt/release-sources-20110930/drv/StepFEA/StepFEA_NodeWithVector.ixx
+M StepFEA:pubinclude:Handle_StepFEA_ParametricCurve3dElementCoordinateDirection.hxx /dn43/OCCT/tmp/results_30.09.2011/occt/release-sources-20110930/inc/Handle_StepFEA_ParametricCurve3dElementCoordinateDirection.hxx
+M StepFEA:pubinclude:StepFEA_ParametricCurve3dElementCoordinateDirection.hxx /dn43/OCCT/tmp/results_30.09.2011/occt/release-sources-20110930/inc/StepFEA_ParametricCurve3dElementCoordinateDirection.hxx
+M StepFEA:privinclude:StepFEA_ParametricCurve3dElementCoordinateDirection.jxx /dn43/OCCT/tmp/results_30.09.2011/occt/release-sources-20110930/drv/StepFEA/StepFEA_ParametricCurve3dElementCoordinateDirection.jxx
+M StepFEA:privinclude:StepFEA_ParametricCurve3dElementCoordinateDirection.ixx /dn43/OCCT/tmp/results_30.09.2011/occt/release-sources-20110930/drv/StepFEA/StepFEA_ParametricCurve3dElementCoordinateDirection.ixx
+M StepFEA:pubinclude:Handle_StepFEA_ParametricCurve3dElementCoordinateSystem.hxx /dn43/OCCT/tmp/results_30.09.2011/occt/release-sources-20110930/inc/Handle_StepFEA_ParametricCurve3dElementCoordinateSystem.hxx
+M StepFEA:pubinclude:StepFEA_ParametricCurve3dElementCoordinateSystem.hxx /dn43/OCCT/tmp/results_30.09.2011/occt/release-sources-20110930/inc/StepFEA_ParametricCurve3dElementCoordinateSystem.hxx
+M StepFEA:privinclude:StepFEA_ParametricCurve3dElementCoordinateSystem.jxx /dn43/OCCT/tmp/results_30.09.2011/occt/release-sources-20110930/drv/StepFEA/StepFEA_ParametricCurve3dElementCoordinateSystem.jxx
+M StepFEA:privinclude:StepFEA_ParametricCurve3dElementCoordinateSystem.ixx /dn43/OCCT/tmp/results_30.09.2011/occt/release-sources-20110930/drv/StepFEA/StepFEA_ParametricCurve3dElementCoordinateSystem.ixx
+M StepFEA:pubinclude:Handle_StepFEA_ParametricSurface3dElementCoordinateSystem.hxx /dn43/OCCT/tmp/results_30.09.2011/occt/release-sources-20110930/inc/Handle_StepFEA_ParametricSurface3dElementCoordinateSystem.hxx
+M StepFEA:pubinclude:StepFEA_ParametricSurface3dElementCoordinateSystem.hxx /dn43/OCCT/tmp/results_30.09.2011/occt/release-sources-20110930/inc/StepFEA_ParametricSurface3dElementCoordinateSystem.hxx
+M StepFEA:privinclude:StepFEA_ParametricSurface3dElementCoordinateSystem.jxx /dn43/OCCT/tmp/results_30.09.2011/occt/release-sources-20110930/drv/StepFEA/StepFEA_ParametricSurface3dElementCoordinateSystem.jxx
+M StepFEA:privinclude:StepFEA_ParametricSurface3dElementCoordinateSystem.ixx /dn43/OCCT/tmp/results_30.09.2011/occt/release-sources-20110930/drv/StepFEA/StepFEA_ParametricSurface3dElementCoordinateSystem.ixx
+M StepFEA:pubinclude:Handle_StepFEA_Surface3dElementRepresentation.hxx /dn43/OCCT/tmp/results_30.09.2011/occt/release-sources-20110930/inc/Handle_StepFEA_Surface3dElementRepresentation.hxx
+M StepFEA:pubinclude:StepFEA_Surface3dElementRepresentation.hxx /dn43/OCCT/tmp/results_30.09.2011/occt/release-sources-20110930/inc/StepFEA_Surface3dElementRepresentation.hxx
+M StepFEA:privinclude:StepFEA_Surface3dElementRepresentation.jxx /dn43/OCCT/tmp/results_30.09.2011/occt/release-sources-20110930/drv/StepFEA/StepFEA_Surface3dElementRepresentation.jxx
+M StepFEA:privinclude:StepFEA_Surface3dElementRepresentation.ixx /dn43/OCCT/tmp/results_30.09.2011/occt/release-sources-20110930/drv/StepFEA/StepFEA_Surface3dElementRepresentation.ixx
+M StepFEA:pubinclude:StepFEA_SymmetricTensor22d.hxx /dn43/OCCT/tmp/results_30.09.2011/occt/release-sources-20110930/inc/StepFEA_SymmetricTensor22d.hxx
+M StepFEA:privinclude:StepFEA_SymmetricTensor22d.jxx /dn43/OCCT/tmp/results_30.09.2011/occt/release-sources-20110930/drv/StepFEA/StepFEA_SymmetricTensor22d.jxx
+M StepFEA:privinclude:StepFEA_SymmetricTensor22d.ixx /dn43/OCCT/tmp/results_30.09.2011/occt/release-sources-20110930/drv/StepFEA/StepFEA_SymmetricTensor22d.ixx
+M StepFEA:pubinclude:StepFEA_SymmetricTensor23d.hxx /dn43/OCCT/tmp/results_30.09.2011/occt/release-sources-20110930/inc/StepFEA_SymmetricTensor23d.hxx
+M StepFEA:privinclude:StepFEA_SymmetricTensor23d.jxx /dn43/OCCT/tmp/results_30.09.2011/occt/release-sources-20110930/drv/StepFEA/StepFEA_SymmetricTensor23d.jxx
+M StepFEA:privinclude:StepFEA_SymmetricTensor23d.ixx /dn43/OCCT/tmp/results_30.09.2011/occt/release-sources-20110930/drv/StepFEA/StepFEA_SymmetricTensor23d.ixx
+M StepFEA:pubinclude:Handle_StepFEA_SymmetricTensor23dMember.hxx /dn43/OCCT/tmp/results_30.09.2011/occt/release-sources-20110930/inc/Handle_StepFEA_SymmetricTensor23dMember.hxx
+M StepFEA:pubinclude:StepFEA_SymmetricTensor23dMember.hxx /dn43/OCCT/tmp/results_30.09.2011/occt/release-sources-20110930/inc/StepFEA_SymmetricTensor23dMember.hxx
+M StepFEA:privinclude:StepFEA_SymmetricTensor23dMember.jxx /dn43/OCCT/tmp/results_30.09.2011/occt/release-sources-20110930/drv/StepFEA/StepFEA_SymmetricTensor23dMember.jxx
+M StepFEA:privinclude:StepFEA_SymmetricTensor23dMember.ixx /dn43/OCCT/tmp/results_30.09.2011/occt/release-sources-20110930/drv/StepFEA/StepFEA_SymmetricTensor23dMember.ixx
+M StepFEA:pubinclude:StepFEA_SymmetricTensor42d.hxx /dn43/OCCT/tmp/results_30.09.2011/occt/release-sources-20110930/inc/StepFEA_SymmetricTensor42d.hxx
+M StepFEA:privinclude:StepFEA_SymmetricTensor42d.jxx /dn43/OCCT/tmp/results_30.09.2011/occt/release-sources-20110930/drv/StepFEA/StepFEA_SymmetricTensor42d.jxx
+M StepFEA:privinclude:StepFEA_SymmetricTensor42d.ixx /dn43/OCCT/tmp/results_30.09.2011/occt/release-sources-20110930/drv/StepFEA/StepFEA_SymmetricTensor42d.ixx
+M StepFEA:pubinclude:StepFEA_SymmetricTensor43d.hxx /dn43/OCCT/tmp/results_30.09.2011/occt/release-sources-20110930/inc/StepFEA_SymmetricTensor43d.hxx
+M StepFEA:privinclude:StepFEA_SymmetricTensor43d.jxx /dn43/OCCT/tmp/results_30.09.2011/occt/release-sources-20110930/drv/StepFEA/StepFEA_SymmetricTensor43d.jxx
+M StepFEA:privinclude:StepFEA_SymmetricTensor43d.ixx /dn43/OCCT/tmp/results_30.09.2011/occt/release-sources-20110930/drv/StepFEA/StepFEA_SymmetricTensor43d.ixx
+M StepFEA:pubinclude:Handle_StepFEA_SymmetricTensor43dMember.hxx /dn43/OCCT/tmp/results_30.09.2011/occt/release-sources-20110930/inc/Handle_StepFEA_SymmetricTensor43dMember.hxx
+M StepFEA:pubinclude:StepFEA_SymmetricTensor43dMember.hxx /dn43/OCCT/tmp/results_30.09.2011/occt/release-sources-20110930/inc/StepFEA_SymmetricTensor43dMember.hxx
+M StepFEA:privinclude:StepFEA_SymmetricTensor43dMember.jxx /dn43/OCCT/tmp/results_30.09.2011/occt/release-sources-20110930/drv/StepFEA/StepFEA_SymmetricTensor43dMember.jxx
+M StepFEA:privinclude:StepFEA_SymmetricTensor43dMember.ixx /dn43/OCCT/tmp/results_30.09.2011/occt/release-sources-20110930/drv/StepFEA/StepFEA_SymmetricTensor43dMember.ixx
+M StepFEA:pubinclude:Handle_StepFEA_Volume3dElementRepresentation.hxx /dn43/OCCT/tmp/results_30.09.2011/occt/release-sources-20110930/inc/Handle_StepFEA_Volume3dElementRepresentation.hxx
+M StepFEA:pubinclude:StepFEA_Volume3dElementRepresentation.hxx /dn43/OCCT/tmp/results_30.09.2011/occt/release-sources-20110930/inc/StepFEA_Volume3dElementRepresentation.hxx
+M StepFEA:privinclude:StepFEA_Volume3dElementRepresentation.jxx /dn43/OCCT/tmp/results_30.09.2011/occt/release-sources-20110930/drv/StepFEA/StepFEA_Volume3dElementRepresentation.jxx
+M StepFEA:privinclude:StepFEA_Volume3dElementRepresentation.ixx /dn43/OCCT/tmp/results_30.09.2011/occt/release-sources-20110930/drv/StepFEA/StepFEA_Volume3dElementRepresentation.ixx
+M StepFEA:pubinclude:Handle_StepFEA_FeaModelDefinition.hxx /dn43/OCCT/tmp/results_30.09.2011/occt/release-sources-20110930/inc/Handle_StepFEA_FeaModelDefinition.hxx
+M StepFEA:pubinclude:StepFEA_FeaModelDefinition.hxx /dn43/OCCT/tmp/results_30.09.2011/occt/release-sources-20110930/inc/StepFEA_FeaModelDefinition.hxx
+M StepFEA:privinclude:StepFEA_FeaModelDefinition.jxx /dn43/OCCT/tmp/results_30.09.2011/occt/release-sources-20110930/drv/StepFEA/StepFEA_FeaModelDefinition.jxx
+M StepFEA:privinclude:StepFEA_FeaModelDefinition.ixx /dn43/OCCT/tmp/results_30.09.2011/occt/release-sources-20110930/drv/StepFEA/StepFEA_FeaModelDefinition.ixx
+M StepFEA:pubinclude:StepFEA_DegreeOfFreedom.hxx /dn43/OCCT/tmp/results_30.09.2011/occt/release-sources-20110930/inc/StepFEA_DegreeOfFreedom.hxx
+M StepFEA:privinclude:StepFEA_DegreeOfFreedom.jxx /dn43/OCCT/tmp/results_30.09.2011/occt/release-sources-20110930/drv/StepFEA/StepFEA_DegreeOfFreedom.jxx
+M StepFEA:privinclude:StepFEA_DegreeOfFreedom.ixx /dn43/OCCT/tmp/results_30.09.2011/occt/release-sources-20110930/drv/StepFEA/StepFEA_DegreeOfFreedom.ixx
+M StepFEA:pubinclude:Handle_StepFEA_DegreeOfFreedomMember.hxx /dn43/OCCT/tmp/results_30.09.2011/occt/release-sources-20110930/inc/Handle_StepFEA_DegreeOfFreedomMember.hxx
+M StepFEA:pubinclude:StepFEA_DegreeOfFreedomMember.hxx /dn43/OCCT/tmp/results_30.09.2011/occt/release-sources-20110930/inc/StepFEA_DegreeOfFreedomMember.hxx
+M StepFEA:privinclude:StepFEA_DegreeOfFreedomMember.jxx /dn43/OCCT/tmp/results_30.09.2011/occt/release-sources-20110930/drv/StepFEA/StepFEA_DegreeOfFreedomMember.jxx
+M StepFEA:privinclude:StepFEA_DegreeOfFreedomMember.ixx /dn43/OCCT/tmp/results_30.09.2011/occt/release-sources-20110930/drv/StepFEA/StepFEA_DegreeOfFreedomMember.ixx
+M StepFEA:pubinclude:Handle_StepFEA_FreedomsList.hxx /dn43/OCCT/tmp/results_30.09.2011/occt/release-sources-20110930/inc/Handle_StepFEA_FreedomsList.hxx
+M StepFEA:pubinclude:StepFEA_FreedomsList.hxx /dn43/OCCT/tmp/results_30.09.2011/occt/release-sources-20110930/inc/StepFEA_FreedomsList.hxx
+M StepFEA:privinclude:StepFEA_FreedomsList.jxx /dn43/OCCT/tmp/results_30.09.2011/occt/release-sources-20110930/drv/StepFEA/StepFEA_FreedomsList.jxx
+M StepFEA:privinclude:StepFEA_FreedomsList.ixx /dn43/OCCT/tmp/results_30.09.2011/occt/release-sources-20110930/drv/StepFEA/StepFEA_FreedomsList.ixx
+M StepFEA:pubinclude:Handle_StepFEA_FreedomAndCoefficient.hxx /dn43/OCCT/tmp/results_30.09.2011/occt/release-sources-20110930/inc/Handle_StepFEA_FreedomAndCoefficient.hxx
+M StepFEA:pubinclude:StepFEA_FreedomAndCoefficient.hxx /dn43/OCCT/tmp/results_30.09.2011/occt/release-sources-20110930/inc/StepFEA_FreedomAndCoefficient.hxx
+M StepFEA:privinclude:StepFEA_FreedomAndCoefficient.jxx /dn43/OCCT/tmp/results_30.09.2011/occt/release-sources-20110930/drv/StepFEA/StepFEA_FreedomAndCoefficient.jxx
+M StepFEA:privinclude:StepFEA_FreedomAndCoefficient.ixx /dn43/OCCT/tmp/results_30.09.2011/occt/release-sources-20110930/drv/StepFEA/StepFEA_FreedomAndCoefficient.ixx
+M StepFEA:pubinclude:Handle_StepFEA_NodeDefinition.hxx /dn43/OCCT/tmp/results_30.09.2011/occt/release-sources-20110930/inc/Handle_StepFEA_NodeDefinition.hxx
+M StepFEA:pubinclude:StepFEA_NodeDefinition.hxx /dn43/OCCT/tmp/results_30.09.2011/occt/release-sources-20110930/inc/StepFEA_NodeDefinition.hxx
+M StepFEA:privinclude:StepFEA_NodeDefinition.jxx /dn43/OCCT/tmp/results_30.09.2011/occt/release-sources-20110930/drv/StepFEA/StepFEA_NodeDefinition.jxx
+M StepFEA:privinclude:StepFEA_NodeDefinition.ixx /dn43/OCCT/tmp/results_30.09.2011/occt/release-sources-20110930/drv/StepFEA/StepFEA_NodeDefinition.ixx
+M StepFEA:pubinclude:Handle_StepFEA_AlignedSurface3dElementCoordinateSystem.hxx /dn43/OCCT/tmp/results_30.09.2011/occt/release-sources-20110930/inc/Handle_StepFEA_AlignedSurface3dElementCoordinateSystem.hxx
+M StepFEA:pubinclude:StepFEA_AlignedSurface3dElementCoordinateSystem.hxx /dn43/OCCT/tmp/results_30.09.2011/occt/release-sources-20110930/inc/StepFEA_AlignedSurface3dElementCoordinateSystem.hxx
+M StepFEA:privinclude:StepFEA_AlignedSurface3dElementCoordinateSystem.jxx /dn43/OCCT/tmp/results_30.09.2011/occt/release-sources-20110930/drv/StepFEA/StepFEA_AlignedSurface3dElementCoordinateSystem.jxx
+M StepFEA:privinclude:StepFEA_AlignedSurface3dElementCoordinateSystem.ixx /dn43/OCCT/tmp/results_30.09.2011/occt/release-sources-20110930/drv/StepFEA/StepFEA_AlignedSurface3dElementCoordinateSystem.ixx
+M StepFEA:pubinclude:Handle_StepFEA_ConstantSurface3dElementCoordinateSystem.hxx /dn43/OCCT/tmp/results_30.09.2011/occt/release-sources-20110930/inc/Handle_StepFEA_ConstantSurface3dElementCoordinateSystem.hxx
+M StepFEA:pubinclude:StepFEA_ConstantSurface3dElementCoordinateSystem.hxx /dn43/OCCT/tmp/results_30.09.2011/occt/release-sources-20110930/inc/StepFEA_ConstantSurface3dElementCoordinateSystem.hxx
+M StepFEA:privinclude:StepFEA_ConstantSurface3dElementCoordinateSystem.jxx /dn43/OCCT/tmp/results_30.09.2011/occt/release-sources-20110930/drv/StepFEA/StepFEA_ConstantSurface3dElementCoordinateSystem.jxx
+M StepFEA:privinclude:StepFEA_ConstantSurface3dElementCoordinateSystem.ixx /dn43/OCCT/tmp/results_30.09.2011/occt/release-sources-20110930/drv/StepFEA/StepFEA_ConstantSurface3dElementCoordinateSystem.ixx
+M StepFEA:pubinclude:Handle_StepFEA_FeaCurveSectionGeometricRelationship.hxx /dn43/OCCT/tmp/results_30.09.2011/occt/release-sources-20110930/inc/Handle_StepFEA_FeaCurveSectionGeometricRelationship.hxx
+M StepFEA:pubinclude:StepFEA_FeaCurveSectionGeometricRelationship.hxx /dn43/OCCT/tmp/results_30.09.2011/occt/release-sources-20110930/inc/StepFEA_FeaCurveSectionGeometricRelationship.hxx
+M StepFEA:privinclude:StepFEA_FeaCurveSectionGeometricRelationship.jxx /dn43/OCCT/tmp/results_30.09.2011/occt/release-sources-20110930/drv/StepFEA/StepFEA_FeaCurveSectionGeometricRelationship.jxx
+M StepFEA:privinclude:StepFEA_FeaCurveSectionGeometricRelationship.ixx /dn43/OCCT/tmp/results_30.09.2011/occt/release-sources-20110930/drv/StepFEA/StepFEA_FeaCurveSectionGeometricRelationship.ixx
+M StepFEA:pubinclude:Handle_StepFEA_FeaSurfaceSectionGeometricRelationship.hxx /dn43/OCCT/tmp/results_30.09.2011/occt/release-sources-20110930/inc/Handle_StepFEA_FeaSurfaceSectionGeometricRelationship.hxx
+M StepFEA:pubinclude:StepFEA_FeaSurfaceSectionGeometricRelationship.hxx /dn43/OCCT/tmp/results_30.09.2011/occt/release-sources-20110930/inc/StepFEA_FeaSurfaceSectionGeometricRelationship.hxx
+M StepFEA:privinclude:StepFEA_FeaSurfaceSectionGeometricRelationship.jxx /dn43/OCCT/tmp/results_30.09.2011/occt/release-sources-20110930/drv/StepFEA/StepFEA_FeaSurfaceSectionGeometricRelationship.jxx
+M StepFEA:privinclude:StepFEA_FeaSurfaceSectionGeometricRelationship.ixx /dn43/OCCT/tmp/results_30.09.2011/occt/release-sources-20110930/drv/StepFEA/StepFEA_FeaSurfaceSectionGeometricRelationship.ixx
+M StepFEA:pubinclude:StepFEA_ElementOrElementGroup.hxx /dn43/OCCT/tmp/results_30.09.2011/occt/release-sources-20110930/inc/StepFEA_ElementOrElementGroup.hxx
+M StepFEA:privinclude:StepFEA_ElementOrElementGroup.jxx /dn43/OCCT/tmp/results_30.09.2011/occt/release-sources-20110930/drv/StepFEA/StepFEA_ElementOrElementGroup.jxx
+M StepFEA:privinclude:StepFEA_ElementOrElementGroup.ixx /dn43/OCCT/tmp/results_30.09.2011/occt/release-sources-20110930/drv/StepFEA/StepFEA_ElementOrElementGroup.ixx
+M StepFEA:pubinclude:StepFEA_Array1OfNodeRepresentation.hxx /dn43/OCCT/tmp/results_30.09.2011/occt/release-sources-20110930/inc/StepFEA_Array1OfNodeRepresentation.hxx
+M StepFEA:derivated:StepFEA_Array1OfNodeRepresentation_0.cxx /dn43/OCCT/tmp/results_30.09.2011/occt/release-sources-20110930/drv/StepFEA/StepFEA_Array1OfNodeRepresentation_0.cxx
+M StepFEA:pubinclude:Handle_StepFEA_HArray1OfNodeRepresentation.hxx /dn43/OCCT/tmp/results_30.09.2011/occt/release-sources-20110930/inc/Handle_StepFEA_HArray1OfNodeRepresentation.hxx
+M StepFEA:pubinclude:StepFEA_HArray1OfNodeRepresentation.hxx /dn43/OCCT/tmp/results_30.09.2011/occt/release-sources-20110930/inc/StepFEA_HArray1OfNodeRepresentation.hxx
+M StepFEA:derivated:StepFEA_HArray1OfNodeRepresentation_0.cxx /dn43/OCCT/tmp/results_30.09.2011/occt/release-sources-20110930/drv/StepFEA/StepFEA_HArray1OfNodeRepresentation_0.cxx
+M StepFEA:pubinclude:StepFEA_Array1OfCurveElementInterval.hxx /dn43/OCCT/tmp/results_30.09.2011/occt/release-sources-20110930/inc/StepFEA_Array1OfCurveElementInterval.hxx
+M StepFEA:derivated:StepFEA_Array1OfCurveElementInterval_0.cxx /dn43/OCCT/tmp/results_30.09.2011/occt/release-sources-20110930/drv/StepFEA/StepFEA_Array1OfCurveElementInterval_0.cxx
+M StepFEA:pubinclude:Handle_StepFEA_HArray1OfCurveElementInterval.hxx /dn43/OCCT/tmp/results_30.09.2011/occt/release-sources-20110930/inc/Handle_StepFEA_HArray1OfCurveElementInterval.hxx
+M StepFEA:pubinclude:StepFEA_HArray1OfCurveElementInterval.hxx /dn43/OCCT/tmp/results_30.09.2011/occt/release-sources-20110930/inc/StepFEA_HArray1OfCurveElementInterval.hxx
+M StepFEA:derivated:StepFEA_HArray1OfCurveElementInterval_0.cxx /dn43/OCCT/tmp/results_30.09.2011/occt/release-sources-20110930/drv/StepFEA/StepFEA_HArray1OfCurveElementInterval_0.cxx
+M StepFEA:pubinclude:StepFEA_Array1OfCurveElementEndOffset.hxx /dn43/OCCT/tmp/results_30.09.2011/occt/release-sources-20110930/inc/StepFEA_Array1OfCurveElementEndOffset.hxx
+M StepFEA:derivated:StepFEA_Array1OfCurveElementEndOffset_0.cxx /dn43/OCCT/tmp/results_30.09.2011/occt/release-sources-20110930/drv/StepFEA/StepFEA_Array1OfCurveElementEndOffset_0.cxx
+M StepFEA:pubinclude:Handle_StepFEA_HArray1OfCurveElementEndOffset.hxx /dn43/OCCT/tmp/results_30.09.2011/occt/release-sources-20110930/inc/Handle_StepFEA_HArray1OfCurveElementEndOffset.hxx
+M StepFEA:pubinclude:StepFEA_HArray1OfCurveElementEndOffset.hxx /dn43/OCCT/tmp/results_30.09.2011/occt/release-sources-20110930/inc/StepFEA_HArray1OfCurveElementEndOffset.hxx
+M StepFEA:derivated:StepFEA_HArray1OfCurveElementEndOffset_0.cxx /dn43/OCCT/tmp/results_30.09.2011/occt/release-sources-20110930/drv/StepFEA/StepFEA_HArray1OfCurveElementEndOffset_0.cxx
+M StepFEA:pubinclude:StepFEA_Array1OfCurveElementEndRelease.hxx /dn43/OCCT/tmp/results_30.09.2011/occt/release-sources-20110930/inc/StepFEA_Array1OfCurveElementEndRelease.hxx
+M StepFEA:derivated:StepFEA_Array1OfCurveElementEndRelease_0.cxx /dn43/OCCT/tmp/results_30.09.2011/occt/release-sources-20110930/drv/StepFEA/StepFEA_Array1OfCurveElementEndRelease_0.cxx
+M StepFEA:pubinclude:Handle_StepFEA_HArray1OfCurveElementEndRelease.hxx /dn43/OCCT/tmp/results_30.09.2011/occt/release-sources-20110930/inc/Handle_StepFEA_HArray1OfCurveElementEndRelease.hxx
+M StepFEA:pubinclude:StepFEA_HArray1OfCurveElementEndRelease.hxx /dn43/OCCT/tmp/results_30.09.2011/occt/release-sources-20110930/inc/StepFEA_HArray1OfCurveElementEndRelease.hxx
+M StepFEA:derivated:StepFEA_HArray1OfCurveElementEndRelease_0.cxx /dn43/OCCT/tmp/results_30.09.2011/occt/release-sources-20110930/drv/StepFEA/StepFEA_HArray1OfCurveElementEndRelease_0.cxx
+M StepFEA:pubinclude:StepFEA_Array1OfElementRepresentation.hxx /dn43/OCCT/tmp/results_30.09.2011/occt/release-sources-20110930/inc/StepFEA_Array1OfElementRepresentation.hxx
+M StepFEA:derivated:StepFEA_Array1OfElementRepresentation_0.cxx /dn43/OCCT/tmp/results_30.09.2011/occt/release-sources-20110930/drv/StepFEA/StepFEA_Array1OfElementRepresentation_0.cxx
+M StepFEA:pubinclude:Handle_StepFEA_HArray1OfElementRepresentation.hxx /dn43/OCCT/tmp/results_30.09.2011/occt/release-sources-20110930/inc/Handle_StepFEA_HArray1OfElementRepresentation.hxx
+M StepFEA:pubinclude:StepFEA_HArray1OfElementRepresentation.hxx /dn43/OCCT/tmp/results_30.09.2011/occt/release-sources-20110930/inc/StepFEA_HArray1OfElementRepresentation.hxx
+M StepFEA:derivated:StepFEA_HArray1OfElementRepresentation_0.cxx /dn43/OCCT/tmp/results_30.09.2011/occt/release-sources-20110930/drv/StepFEA/StepFEA_HArray1OfElementRepresentation_0.cxx
+M StepFEA:pubinclude:StepFEA_Array1OfDegreeOfFreedom.hxx /dn43/OCCT/tmp/results_30.09.2011/occt/release-sources-20110930/inc/StepFEA_Array1OfDegreeOfFreedom.hxx
+M StepFEA:derivated:StepFEA_Array1OfDegreeOfFreedom_0.cxx /dn43/OCCT/tmp/results_30.09.2011/occt/release-sources-20110930/drv/StepFEA/StepFEA_Array1OfDegreeOfFreedom_0.cxx
+M StepFEA:pubinclude:Handle_StepFEA_HArray1OfDegreeOfFreedom.hxx /dn43/OCCT/tmp/results_30.09.2011/occt/release-sources-20110930/inc/Handle_StepFEA_HArray1OfDegreeOfFreedom.hxx
+M StepFEA:pubinclude:StepFEA_HArray1OfDegreeOfFreedom.hxx /dn43/OCCT/tmp/results_30.09.2011/occt/release-sources-20110930/inc/StepFEA_HArray1OfDegreeOfFreedom.hxx
+M StepFEA:derivated:StepFEA_HArray1OfDegreeOfFreedom_0.cxx /dn43/OCCT/tmp/results_30.09.2011/occt/release-sources-20110930/drv/StepFEA/StepFEA_HArray1OfDegreeOfFreedom_0.cxx
+M StepFEA:pubinclude:StepFEA_SequenceOfElementRepresentation.hxx /dn43/OCCT/tmp/results_30.09.2011/occt/release-sources-20110930/inc/StepFEA_SequenceOfElementRepresentation.hxx
+M StepFEA:derivated:StepFEA_SequenceOfElementRepresentation_0.cxx /dn43/OCCT/tmp/results_30.09.2011/occt/release-sources-20110930/drv/StepFEA/StepFEA_SequenceOfElementRepresentation_0.cxx
+M StepFEA:pubinclude:Handle_StepFEA_HSequenceOfElementRepresentation.hxx /dn43/OCCT/tmp/results_30.09.2011/occt/release-sources-20110930/inc/Handle_StepFEA_HSequenceOfElementRepresentation.hxx
+M StepFEA:pubinclude:StepFEA_HSequenceOfElementRepresentation.hxx /dn43/OCCT/tmp/results_30.09.2011/occt/release-sources-20110930/inc/StepFEA_HSequenceOfElementRepresentation.hxx
+M StepFEA:derivated:StepFEA_HSequenceOfElementRepresentation_0.cxx /dn43/OCCT/tmp/results_30.09.2011/occt/release-sources-20110930/drv/StepFEA/StepFEA_HSequenceOfElementRepresentation_0.cxx
+M StepFEA:pubinclude:StepFEA_SequenceOfElementGeometricRelationship.hxx /dn43/OCCT/tmp/results_30.09.2011/occt/release-sources-20110930/inc/StepFEA_SequenceOfElementGeometricRelationship.hxx
+M StepFEA:derivated:StepFEA_SequenceOfElementGeometricRelationship_0.cxx /dn43/OCCT/tmp/results_30.09.2011/occt/release-sources-20110930/drv/StepFEA/StepFEA_SequenceOfElementGeometricRelationship_0.cxx
+M StepFEA:pubinclude:Handle_StepFEA_HSequenceOfElementGeometricRelationship.hxx /dn43/OCCT/tmp/results_30.09.2011/occt/release-sources-20110930/inc/Handle_StepFEA_HSequenceOfElementGeometricRelationship.hxx
+M StepFEA:pubinclude:StepFEA_HSequenceOfElementGeometricRelationship.hxx /dn43/OCCT/tmp/results_30.09.2011/occt/release-sources-20110930/inc/StepFEA_HSequenceOfElementGeometricRelationship.hxx
+M StepFEA:derivated:StepFEA_HSequenceOfElementGeometricRelationship_0.cxx /dn43/OCCT/tmp/results_30.09.2011/occt/release-sources-20110930/drv/StepFEA/StepFEA_HSequenceOfElementGeometricRelationship_0.cxx
+M StepFEA:pubinclude:StepFEA_SequenceOfNodeRepresentation.hxx /dn43/OCCT/tmp/results_30.09.2011/occt/release-sources-20110930/inc/StepFEA_SequenceOfNodeRepresentation.hxx
+M StepFEA:derivated:StepFEA_SequenceOfNodeRepresentation_0.cxx /dn43/OCCT/tmp/results_30.09.2011/occt/release-sources-20110930/drv/StepFEA/StepFEA_SequenceOfNodeRepresentation_0.cxx
+M StepFEA:pubinclude:Handle_StepFEA_HSequenceOfNodeRepresentation.hxx /dn43/OCCT/tmp/results_30.09.2011/occt/release-sources-20110930/inc/Handle_StepFEA_HSequenceOfNodeRepresentation.hxx
+M StepFEA:pubinclude:StepFEA_HSequenceOfNodeRepresentation.hxx /dn43/OCCT/tmp/results_30.09.2011/occt/release-sources-20110930/inc/StepFEA_HSequenceOfNodeRepresentation.hxx
+M StepFEA:derivated:StepFEA_HSequenceOfNodeRepresentation_0.cxx /dn43/OCCT/tmp/results_30.09.2011/occt/release-sources-20110930/drv/StepFEA/StepFEA_HSequenceOfNodeRepresentation_0.cxx
+M StepFEA:pubinclude:StepFEA_SequenceOfCurve3dElementProperty.hxx /dn43/OCCT/tmp/results_30.09.2011/occt/release-sources-20110930/inc/StepFEA_SequenceOfCurve3dElementProperty.hxx
+M StepFEA:derivated:StepFEA_SequenceOfCurve3dElementProperty_0.cxx /dn43/OCCT/tmp/results_30.09.2011/occt/release-sources-20110930/drv/StepFEA/StepFEA_SequenceOfCurve3dElementProperty_0.cxx
+M StepFEA:pubinclude:Handle_StepFEA_HSequenceOfCurve3dElementProperty.hxx /dn43/OCCT/tmp/results_30.09.2011/occt/release-sources-20110930/inc/Handle_StepFEA_HSequenceOfCurve3dElementProperty.hxx
+M StepFEA:pubinclude:StepFEA_HSequenceOfCurve3dElementProperty.hxx /dn43/OCCT/tmp/results_30.09.2011/occt/release-sources-20110930/inc/StepFEA_HSequenceOfCurve3dElementProperty.hxx
+M StepFEA:derivated:StepFEA_HSequenceOfCurve3dElementProperty_0.cxx /dn43/OCCT/tmp/results_30.09.2011/occt/release-sources-20110930/drv/StepFEA/StepFEA_HSequenceOfCurve3dElementProperty_0.cxx
+M StepFEA:pubinclude:Handle_StepFEA_SequenceNodeOfSequenceOfElementRepresentation.hxx /dn43/OCCT/tmp/results_30.09.2011/occt/release-sources-20110930/inc/Handle_StepFEA_SequenceNodeOfSequenceOfElementRepresentation.hxx
+M StepFEA:pubinclude:StepFEA_SequenceNodeOfSequenceOfElementRepresentation.hxx /dn43/OCCT/tmp/results_30.09.2011/occt/release-sources-20110930/inc/StepFEA_SequenceNodeOfSequenceOfElementRepresentation.hxx
+M StepFEA:derivated:StepFEA_SequenceNodeOfSequenceOfElementRepresentation_0.cxx /dn43/OCCT/tmp/results_30.09.2011/occt/release-sources-20110930/drv/StepFEA/StepFEA_SequenceNodeOfSequenceOfElementRepresentation_0.cxx
+M StepFEA:pubinclude:Handle_StepFEA_SequenceNodeOfSequenceOfElementGeometricRelationship.hxx /dn43/OCCT/tmp/results_30.09.2011/occt/release-sources-20110930/inc/Handle_StepFEA_SequenceNodeOfSequenceOfElementGeometricRelationship.hxx
+M StepFEA:pubinclude:StepFEA_SequenceNodeOfSequenceOfElementGeometricRelationship.hxx /dn43/OCCT/tmp/results_30.09.2011/occt/release-sources-20110930/inc/StepFEA_SequenceNodeOfSequenceOfElementGeometricRelationship.hxx
+M StepFEA:derivated:StepFEA_SequenceNodeOfSequenceOfElementGeometricRelationship_0.cxx /dn43/OCCT/tmp/results_30.09.2011/occt/release-sources-20110930/drv/StepFEA/StepFEA_SequenceNodeOfSequenceOfElementGeometricRelationship_0.cxx
+M StepFEA:pubinclude:Handle_StepFEA_SequenceNodeOfSequenceOfNodeRepresentation.hxx /dn43/OCCT/tmp/results_30.09.2011/occt/release-sources-20110930/inc/Handle_StepFEA_SequenceNodeOfSequenceOfNodeRepresentation.hxx
+M StepFEA:pubinclude:StepFEA_SequenceNodeOfSequenceOfNodeRepresentation.hxx /dn43/OCCT/tmp/results_30.09.2011/occt/release-sources-20110930/inc/StepFEA_SequenceNodeOfSequenceOfNodeRepresentation.hxx
+M StepFEA:derivated:StepFEA_SequenceNodeOfSequenceOfNodeRepresentation_0.cxx /dn43/OCCT/tmp/results_30.09.2011/occt/release-sources-20110930/drv/StepFEA/StepFEA_SequenceNodeOfSequenceOfNodeRepresentation_0.cxx
+M StepFEA:pubinclude:Handle_StepFEA_SequenceNodeOfSequenceOfCurve3dElementProperty.hxx /dn43/OCCT/tmp/results_30.09.2011/occt/release-sources-20110930/inc/Handle_StepFEA_SequenceNodeOfSequenceOfCurve3dElementProperty.hxx
+M StepFEA:pubinclude:StepFEA_SequenceNodeOfSequenceOfCurve3dElementProperty.hxx /dn43/OCCT/tmp/results_30.09.2011/occt/release-sources-20110930/inc/StepFEA_SequenceNodeOfSequenceOfCurve3dElementProperty.hxx
+M StepFEA:derivated:StepFEA_SequenceNodeOfSequenceOfCurve3dElementProperty_0.cxx /dn43/OCCT/tmp/results_30.09.2011/occt/release-sources-20110930/drv/StepFEA/StepFEA_SequenceNodeOfSequenceOfCurve3dElementProperty_0.cxx
+M StepFEA:pubinclude:StepFEA_ElementVolume.hxx /dn43/OCCT/tmp/results_30.09.2011/occt/release-sources-20110930/inc/StepFEA_ElementVolume.hxx
+M StepFEA:pubinclude:StepFEA_CurveEdge.hxx /dn43/OCCT/tmp/results_30.09.2011/occt/release-sources-20110930/inc/StepFEA_CurveEdge.hxx
+M StepFEA:pubinclude:StepFEA_CoordinateSystemType.hxx /dn43/OCCT/tmp/results_30.09.2011/occt/release-sources-20110930/inc/StepFEA_CoordinateSystemType.hxx
+M StepFEA:pubinclude:StepFEA_EnumeratedDegreeOfFreedom.hxx /dn43/OCCT/tmp/results_30.09.2011/occt/release-sources-20110930/inc/StepFEA_EnumeratedDegreeOfFreedom.hxx
+M StepFEA:pubinclude:StepFEA_UnspecifiedValue.hxx /dn43/OCCT/tmp/results_30.09.2011/occt/release-sources-20110930/inc/StepFEA_UnspecifiedValue.hxx
+M StepFEA:dbadmfile:StepFEA_xcpp_header.In /dn43/OCCT/tmp/results_30.09.2011/occt/release-sources-20110930/drv/StepFEA/.adm/StepFEA_xcpp_header.In
+M StepFEA:dbadmfile:StepFEA_xcpp_header.Out /dn43/OCCT/tmp/results_30.09.2011/occt/release-sources-20110930/drv/StepFEA/.adm/StepFEA_xcpp_header.Out
+M StepFEA:dbadmfile:StepFEA_xcpp_header.Dep /dn43/OCCT/tmp/results_30.09.2011/occt/release-sources-20110930/drv/StepFEA/.adm/StepFEA_xcpp_header.Dep
