+M ShapeProcess:pubinclude:ShapeProcess.hxx /dn43/OCCT/tmp/results_31.05.2011/occt/release-sources-20110531/inc/ShapeProcess.hxx
+M ShapeProcess:privinclude:ShapeProcess.jxx /dn43/OCCT/tmp/results_31.05.2011/occt/release-sources-20110531/drv/ShapeProcess/ShapeProcess.jxx
+M ShapeProcess:privinclude:ShapeProcess.ixx /dn43/OCCT/tmp/results_31.05.2011/occt/release-sources-20110531/drv/ShapeProcess/ShapeProcess.ixx
+M ShapeProcess:pubinclude:Handle_ShapeProcess_Context.hxx /dn43/OCCT/tmp/results_31.05.2011/occt/release-sources-20110531/inc/Handle_ShapeProcess_Context.hxx
+M ShapeProcess:pubinclude:ShapeProcess_Context.hxx /dn43/OCCT/tmp/results_31.05.2011/occt/release-sources-20110531/inc/ShapeProcess_Context.hxx
+M ShapeProcess:privinclude:ShapeProcess_Context.jxx /dn43/OCCT/tmp/results_31.05.2011/occt/release-sources-20110531/drv/ShapeProcess/ShapeProcess_Context.jxx
+M ShapeProcess:privinclude:ShapeProcess_Context.ixx /dn43/OCCT/tmp/results_31.05.2011/occt/release-sources-20110531/drv/ShapeProcess/ShapeProcess_Context.ixx
+M ShapeProcess:pubinclude:Handle_ShapeProcess_ShapeContext.hxx /dn43/OCCT/tmp/results_31.05.2011/occt/release-sources-20110531/inc/Handle_ShapeProcess_ShapeContext.hxx
+M ShapeProcess:pubinclude:ShapeProcess_ShapeContext.hxx /dn43/OCCT/tmp/results_31.05.2011/occt/release-sources-20110531/inc/ShapeProcess_ShapeContext.hxx
+M ShapeProcess:privinclude:ShapeProcess_ShapeContext.jxx /dn43/OCCT/tmp/results_31.05.2011/occt/release-sources-20110531/drv/ShapeProcess/ShapeProcess_ShapeContext.jxx
+M ShapeProcess:privinclude:ShapeProcess_ShapeContext.ixx /dn43/OCCT/tmp/results_31.05.2011/occt/release-sources-20110531/drv/ShapeProcess/ShapeProcess_ShapeContext.ixx
+M ShapeProcess:pubinclude:Handle_ShapeProcess_Operator.hxx /dn43/OCCT/tmp/results_31.05.2011/occt/release-sources-20110531/inc/Handle_ShapeProcess_Operator.hxx
+M ShapeProcess:pubinclude:ShapeProcess_Operator.hxx /dn43/OCCT/tmp/results_31.05.2011/occt/release-sources-20110531/inc/ShapeProcess_Operator.hxx
+M ShapeProcess:privinclude:ShapeProcess_Operator.jxx /dn43/OCCT/tmp/results_31.05.2011/occt/release-sources-20110531/drv/ShapeProcess/ShapeProcess_Operator.jxx
+M ShapeProcess:privinclude:ShapeProcess_Operator.ixx /dn43/OCCT/tmp/results_31.05.2011/occt/release-sources-20110531/drv/ShapeProcess/ShapeProcess_Operator.ixx
+M ShapeProcess:pubinclude:Handle_ShapeProcess_UOperator.hxx /dn43/OCCT/tmp/results_31.05.2011/occt/release-sources-20110531/inc/Handle_ShapeProcess_UOperator.hxx
+M ShapeProcess:pubinclude:ShapeProcess_UOperator.hxx /dn43/OCCT/tmp/results_31.05.2011/occt/release-sources-20110531/inc/ShapeProcess_UOperator.hxx
+M ShapeProcess:privinclude:ShapeProcess_UOperator.jxx /dn43/OCCT/tmp/results_31.05.2011/occt/release-sources-20110531/drv/ShapeProcess/ShapeProcess_UOperator.jxx
+M ShapeProcess:privinclude:ShapeProcess_UOperator.ixx /dn43/OCCT/tmp/results_31.05.2011/occt/release-sources-20110531/drv/ShapeProcess/ShapeProcess_UOperator.ixx
+M ShapeProcess:pubinclude:ShapeProcess_OperLibrary.hxx /dn43/OCCT/tmp/results_31.05.2011/occt/release-sources-20110531/inc/ShapeProcess_OperLibrary.hxx
+M ShapeProcess:privinclude:ShapeProcess_OperLibrary.jxx /dn43/OCCT/tmp/results_31.05.2011/occt/release-sources-20110531/drv/ShapeProcess/ShapeProcess_OperLibrary.jxx
+M ShapeProcess:privinclude:ShapeProcess_OperLibrary.ixx /dn43/OCCT/tmp/results_31.05.2011/occt/release-sources-20110531/drv/ShapeProcess/ShapeProcess_OperLibrary.ixx
+M ShapeProcess:pubinclude:Handle_ShapeProcess_DictionaryOfOperator.hxx /dn43/OCCT/tmp/results_31.05.2011/occt/release-sources-20110531/inc/Handle_ShapeProcess_DictionaryOfOperator.hxx
+M ShapeProcess:pubinclude:ShapeProcess_DictionaryOfOperator.hxx /dn43/OCCT/tmp/results_31.05.2011/occt/release-sources-20110531/inc/ShapeProcess_DictionaryOfOperator.hxx
+M ShapeProcess:derivated:ShapeProcess_DictionaryOfOperator_0.cxx /dn43/OCCT/tmp/results_31.05.2011/occt/release-sources-20110531/drv/ShapeProcess/ShapeProcess_DictionaryOfOperator_0.cxx
+M ShapeProcess:pubinclude:ShapeProcess_IteratorOfDictionaryOfOperator.hxx /dn43/OCCT/tmp/results_31.05.2011/occt/release-sources-20110531/inc/ShapeProcess_IteratorOfDictionaryOfOperator.hxx
+M ShapeProcess:derivated:ShapeProcess_IteratorOfDictionaryOfOperator_0.cxx /dn43/OCCT/tmp/results_31.05.2011/occt/release-sources-20110531/drv/ShapeProcess/ShapeProcess_IteratorOfDictionaryOfOperator_0.cxx
+M ShapeProcess:pubinclude:Handle_ShapeProcess_StackItemOfDictionaryOfOperator.hxx /dn43/OCCT/tmp/results_31.05.2011/occt/release-sources-20110531/inc/Handle_ShapeProcess_StackItemOfDictionaryOfOperator.hxx
+M ShapeProcess:pubinclude:ShapeProcess_StackItemOfDictionaryOfOperator.hxx /dn43/OCCT/tmp/results_31.05.2011/occt/release-sources-20110531/inc/ShapeProcess_StackItemOfDictionaryOfOperator.hxx
+M ShapeProcess:derivated:ShapeProcess_StackItemOfDictionaryOfOperator_0.cxx /dn43/OCCT/tmp/results_31.05.2011/occt/release-sources-20110531/drv/ShapeProcess/ShapeProcess_StackItemOfDictionaryOfOperator_0.cxx
+M ShapeProcess:dbadmfile:ShapeProcess_xcpp_header.In /dn43/OCCT/tmp/results_31.05.2011/occt/release-sources-20110531/drv/ShapeProcess/.adm/ShapeProcess_xcpp_header.In
+M ShapeProcess:dbadmfile:ShapeProcess_xcpp_header.Out /dn43/OCCT/tmp/results_31.05.2011/occt/release-sources-20110531/drv/ShapeProcess/.adm/ShapeProcess_xcpp_header.Out
+M ShapeProcess:dbadmfile:ShapeProcess_xcpp_header.Dep /dn43/OCCT/tmp/results_31.05.2011/occt/release-sources-20110531/drv/ShapeProcess/.adm/ShapeProcess_xcpp_header.Dep
