+M Graphic3d:pubinclude:Graphic3d_CGroup.hxx /dn43/OCCT/tmp/results_31.05.2011/occt/release-sources-20110531/inc/Graphic3d_CGroup.hxx
+M Graphic3d:pubinclude:Graphic3d_CStructure.hxx /dn43/OCCT/tmp/results_31.05.2011/occt/release-sources-20110531/inc/Graphic3d_CStructure.hxx
+M Graphic3d:pubinclude:Graphic3d_CBitFields16.hxx /dn43/OCCT/tmp/results_31.05.2011/occt/release-sources-20110531/inc/Graphic3d_CBitFields16.hxx
+M Graphic3d:pubinclude:Graphic3d_CBitFields20.hxx /dn43/OCCT/tmp/results_31.05.2011/occt/release-sources-20110531/inc/Graphic3d_CBitFields20.hxx
+M Graphic3d:pubinclude:Graphic3d_CBitFields8.hxx /dn43/OCCT/tmp/results_31.05.2011/occt/release-sources-20110531/inc/Graphic3d_CBitFields8.hxx
+M Graphic3d:pubinclude:Graphic3d_CBitFields4.hxx /dn43/OCCT/tmp/results_31.05.2011/occt/release-sources-20110531/inc/Graphic3d_CBitFields4.hxx
+M Graphic3d:pubinclude:Graphic3d_CInitTexture.hxx /dn43/OCCT/tmp/results_31.05.2011/occt/release-sources-20110531/inc/Graphic3d_CInitTexture.hxx
+M Graphic3d:pubinclude:Graphic3d_CTexture.hxx /dn43/OCCT/tmp/results_31.05.2011/occt/release-sources-20110531/inc/Graphic3d_CTexture.hxx
+M Graphic3d:pubinclude:Graphic3d_CLight.hxx /dn43/OCCT/tmp/results_31.05.2011/occt/release-sources-20110531/inc/Graphic3d_CLight.hxx
+M Graphic3d:pubinclude:Graphic3d_CPick.hxx /dn43/OCCT/tmp/results_31.05.2011/occt/release-sources-20110531/inc/Graphic3d_CPick.hxx
+M Graphic3d:pubinclude:Graphic3d_CPlane.hxx /dn43/OCCT/tmp/results_31.05.2011/occt/release-sources-20110531/inc/Graphic3d_CPlane.hxx
+M Graphic3d:pubinclude:Graphic3d_CBounds.hxx /dn43/OCCT/tmp/results_31.05.2011/occt/release-sources-20110531/inc/Graphic3d_CBounds.hxx
+M Graphic3d:pubinclude:Graphic3d_CUserDraw.hxx /dn43/OCCT/tmp/results_31.05.2011/occt/release-sources-20110531/inc/Graphic3d_CUserDraw.hxx
+M Graphic3d:pubinclude:Graphic3d_CView.hxx /dn43/OCCT/tmp/results_31.05.2011/occt/release-sources-20110531/inc/Graphic3d_CView.hxx
+M Graphic3d:pubinclude:Graphic3d_CGraduatedTrihedron.hxx /dn43/OCCT/tmp/results_31.05.2011/occt/release-sources-20110531/inc/Graphic3d_CGraduatedTrihedron.hxx
+M Graphic3d:pubinclude:Graphic3d_PrimitiveArray.hxx /dn43/OCCT/tmp/results_31.05.2011/occt/release-sources-20110531/inc/Graphic3d_PrimitiveArray.hxx
+M Graphic3d:pubinclude:Graphic3d_TransModeFlags.hxx /dn43/OCCT/tmp/results_31.05.2011/occt/release-sources-20110531/inc/Graphic3d_TransModeFlags.hxx
+M Graphic3d:pubinclude:Graphic3d_CTransPersStruct.hxx /dn43/OCCT/tmp/results_31.05.2011/occt/release-sources-20110531/inc/Graphic3d_CTransPersStruct.hxx
+M Graphic3d:pubinclude:Graphic3d_NListOfHAsciiString.hxx /dn43/OCCT/tmp/results_31.05.2011/occt/release-sources-20110531/inc/Graphic3d_NListOfHAsciiString.hxx
+M Graphic3d:pubinclude:Graphic3d_NameOfFont.hxx /dn43/OCCT/tmp/results_31.05.2011/occt/release-sources-20110531/inc/Graphic3d_NameOfFont.hxx
+M Graphic3d:pubinclude:Graphic3d_PtrFrameBuffer.hxx /dn43/OCCT/tmp/results_31.05.2011/occt/release-sources-20110531/inc/Graphic3d_PtrFrameBuffer.hxx
+M Graphic3d:pubinclude:Graphic3d_ArrayOfPrimitives.lxx /dn43/OCCT/tmp/results_31.05.2011/occt/release-sources-20110531/inc/Graphic3d_ArrayOfPrimitives.lxx
+M Graphic3d:dbadmfile:Graphic3d_obj_inc.In /dn43/OCCT/tmp/results_31.05.2011/occt/release-sources-20110531/drv/Graphic3d/.adm/Graphic3d_obj_inc.In
+M Graphic3d:dbadmfile:Graphic3d_obj_inc.Out /dn43/OCCT/tmp/results_31.05.2011/occt/release-sources-20110531/drv/Graphic3d/.adm/Graphic3d_obj_inc.Out
+M Graphic3d:dbadmfile:Graphic3d_obj_inc.Dep /dn43/OCCT/tmp/results_31.05.2011/occt/release-sources-20110531/drv/Graphic3d/.adm/Graphic3d_obj_inc.Dep
