+M Graphic3d:pubinclude:Graphic3d_Strips.hxx /dn43/OCCT/tmp/results_30.09.2011/occt/release-sources-20110930/inc/Graphic3d_Strips.hxx
+M Graphic3d:privinclude:Graphic3d_Strips.jxx /dn43/OCCT/tmp/results_30.09.2011/occt/release-sources-20110930/drv/Graphic3d/Graphic3d_Strips.jxx
+M Graphic3d:privinclude:Graphic3d_Strips.ixx /dn43/OCCT/tmp/results_30.09.2011/occt/release-sources-20110930/drv/Graphic3d/Graphic3d_Strips.ixx
+M Graphic3d:pubinclude:Handle_Graphic3d_ArrayOfPrimitives.hxx /dn43/OCCT/tmp/results_30.09.2011/occt/release-sources-20110930/inc/Handle_Graphic3d_ArrayOfPrimitives.hxx
+M Graphic3d:pubinclude:Graphic3d_ArrayOfPrimitives.hxx /dn43/OCCT/tmp/results_30.09.2011/occt/release-sources-20110930/inc/Graphic3d_ArrayOfPrimitives.hxx
+M Graphic3d:privinclude:Graphic3d_ArrayOfPrimitives.jxx /dn43/OCCT/tmp/results_30.09.2011/occt/release-sources-20110930/drv/Graphic3d/Graphic3d_ArrayOfPrimitives.jxx
+M Graphic3d:privinclude:Graphic3d_ArrayOfPrimitives.ixx /dn43/OCCT/tmp/results_30.09.2011/occt/release-sources-20110930/drv/Graphic3d/Graphic3d_ArrayOfPrimitives.ixx
+M Graphic3d:pubinclude:Handle_Graphic3d_ArrayOfPoints.hxx /dn43/OCCT/tmp/results_30.09.2011/occt/release-sources-20110930/inc/Handle_Graphic3d_ArrayOfPoints.hxx
+M Graphic3d:pubinclude:Graphic3d_ArrayOfPoints.hxx /dn43/OCCT/tmp/results_30.09.2011/occt/release-sources-20110930/inc/Graphic3d_ArrayOfPoints.hxx
+M Graphic3d:privinclude:Graphic3d_ArrayOfPoints.jxx /dn43/OCCT/tmp/results_30.09.2011/occt/release-sources-20110930/drv/Graphic3d/Graphic3d_ArrayOfPoints.jxx
+M Graphic3d:privinclude:Graphic3d_ArrayOfPoints.ixx /dn43/OCCT/tmp/results_30.09.2011/occt/release-sources-20110930/drv/Graphic3d/Graphic3d_ArrayOfPoints.ixx
+M Graphic3d:pubinclude:Handle_Graphic3d_ArrayOfPolylines.hxx /dn43/OCCT/tmp/results_30.09.2011/occt/release-sources-20110930/inc/Handle_Graphic3d_ArrayOfPolylines.hxx
+M Graphic3d:pubinclude:Graphic3d_ArrayOfPolylines.hxx /dn43/OCCT/tmp/results_30.09.2011/occt/release-sources-20110930/inc/Graphic3d_ArrayOfPolylines.hxx
+M Graphic3d:privinclude:Graphic3d_ArrayOfPolylines.jxx /dn43/OCCT/tmp/results_30.09.2011/occt/release-sources-20110930/drv/Graphic3d/Graphic3d_ArrayOfPolylines.jxx
+M Graphic3d:privinclude:Graphic3d_ArrayOfPolylines.ixx /dn43/OCCT/tmp/results_30.09.2011/occt/release-sources-20110930/drv/Graphic3d/Graphic3d_ArrayOfPolylines.ixx
+M Graphic3d:pubinclude:Handle_Graphic3d_ArrayOfSegments.hxx /dn43/OCCT/tmp/results_30.09.2011/occt/release-sources-20110930/inc/Handle_Graphic3d_ArrayOfSegments.hxx
+M Graphic3d:pubinclude:Graphic3d_ArrayOfSegments.hxx /dn43/OCCT/tmp/results_30.09.2011/occt/release-sources-20110930/inc/Graphic3d_ArrayOfSegments.hxx
+M Graphic3d:privinclude:Graphic3d_ArrayOfSegments.jxx /dn43/OCCT/tmp/results_30.09.2011/occt/release-sources-20110930/drv/Graphic3d/Graphic3d_ArrayOfSegments.jxx
+M Graphic3d:privinclude:Graphic3d_ArrayOfSegments.ixx /dn43/OCCT/tmp/results_30.09.2011/occt/release-sources-20110930/drv/Graphic3d/Graphic3d_ArrayOfSegments.ixx
+M Graphic3d:pubinclude:Handle_Graphic3d_ArrayOfPolygons.hxx /dn43/OCCT/tmp/results_30.09.2011/occt/release-sources-20110930/inc/Handle_Graphic3d_ArrayOfPolygons.hxx
+M Graphic3d:pubinclude:Graphic3d_ArrayOfPolygons.hxx /dn43/OCCT/tmp/results_30.09.2011/occt/release-sources-20110930/inc/Graphic3d_ArrayOfPolygons.hxx
+M Graphic3d:privinclude:Graphic3d_ArrayOfPolygons.jxx /dn43/OCCT/tmp/results_30.09.2011/occt/release-sources-20110930/drv/Graphic3d/Graphic3d_ArrayOfPolygons.jxx
+M Graphic3d:privinclude:Graphic3d_ArrayOfPolygons.ixx /dn43/OCCT/tmp/results_30.09.2011/occt/release-sources-20110930/drv/Graphic3d/Graphic3d_ArrayOfPolygons.ixx
+M Graphic3d:pubinclude:Handle_Graphic3d_ArrayOfTriangles.hxx /dn43/OCCT/tmp/results_30.09.2011/occt/release-sources-20110930/inc/Handle_Graphic3d_ArrayOfTriangles.hxx
+M Graphic3d:pubinclude:Graphic3d_ArrayOfTriangles.hxx /dn43/OCCT/tmp/results_30.09.2011/occt/release-sources-20110930/inc/Graphic3d_ArrayOfTriangles.hxx
+M Graphic3d:privinclude:Graphic3d_ArrayOfTriangles.jxx /dn43/OCCT/tmp/results_30.09.2011/occt/release-sources-20110930/drv/Graphic3d/Graphic3d_ArrayOfTriangles.jxx
+M Graphic3d:privinclude:Graphic3d_ArrayOfTriangles.ixx /dn43/OCCT/tmp/results_30.09.2011/occt/release-sources-20110930/drv/Graphic3d/Graphic3d_ArrayOfTriangles.ixx
+M Graphic3d:pubinclude:Handle_Graphic3d_ArrayOfTriangleStrips.hxx /dn43/OCCT/tmp/results_30.09.2011/occt/release-sources-20110930/inc/Handle_Graphic3d_ArrayOfTriangleStrips.hxx
+M Graphic3d:pubinclude:Graphic3d_ArrayOfTriangleStrips.hxx /dn43/OCCT/tmp/results_30.09.2011/occt/release-sources-20110930/inc/Graphic3d_ArrayOfTriangleStrips.hxx
+M Graphic3d:privinclude:Graphic3d_ArrayOfTriangleStrips.jxx /dn43/OCCT/tmp/results_30.09.2011/occt/release-sources-20110930/drv/Graphic3d/Graphic3d_ArrayOfTriangleStrips.jxx
+M Graphic3d:privinclude:Graphic3d_ArrayOfTriangleStrips.ixx /dn43/OCCT/tmp/results_30.09.2011/occt/release-sources-20110930/drv/Graphic3d/Graphic3d_ArrayOfTriangleStrips.ixx
+M Graphic3d:pubinclude:Handle_Graphic3d_ArrayOfTriangleFans.hxx /dn43/OCCT/tmp/results_30.09.2011/occt/release-sources-20110930/inc/Handle_Graphic3d_ArrayOfTriangleFans.hxx
+M Graphic3d:pubinclude:Graphic3d_ArrayOfTriangleFans.hxx /dn43/OCCT/tmp/results_30.09.2011/occt/release-sources-20110930/inc/Graphic3d_ArrayOfTriangleFans.hxx
+M Graphic3d:privinclude:Graphic3d_ArrayOfTriangleFans.jxx /dn43/OCCT/tmp/results_30.09.2011/occt/release-sources-20110930/drv/Graphic3d/Graphic3d_ArrayOfTriangleFans.jxx
+M Graphic3d:privinclude:Graphic3d_ArrayOfTriangleFans.ixx /dn43/OCCT/tmp/results_30.09.2011/occt/release-sources-20110930/drv/Graphic3d/Graphic3d_ArrayOfTriangleFans.ixx
+M Graphic3d:pubinclude:Handle_Graphic3d_ArrayOfQuadrangles.hxx /dn43/OCCT/tmp/results_30.09.2011/occt/release-sources-20110930/inc/Handle_Graphic3d_ArrayOfQuadrangles.hxx
+M Graphic3d:pubinclude:Graphic3d_ArrayOfQuadrangles.hxx /dn43/OCCT/tmp/results_30.09.2011/occt/release-sources-20110930/inc/Graphic3d_ArrayOfQuadrangles.hxx
+M Graphic3d:privinclude:Graphic3d_ArrayOfQuadrangles.jxx /dn43/OCCT/tmp/results_30.09.2011/occt/release-sources-20110930/drv/Graphic3d/Graphic3d_ArrayOfQuadrangles.jxx
+M Graphic3d:privinclude:Graphic3d_ArrayOfQuadrangles.ixx /dn43/OCCT/tmp/results_30.09.2011/occt/release-sources-20110930/drv/Graphic3d/Graphic3d_ArrayOfQuadrangles.ixx
+M Graphic3d:pubinclude:Handle_Graphic3d_ArrayOfQuadrangleStrips.hxx /dn43/OCCT/tmp/results_30.09.2011/occt/release-sources-20110930/inc/Handle_Graphic3d_ArrayOfQuadrangleStrips.hxx
+M Graphic3d:pubinclude:Graphic3d_ArrayOfQuadrangleStrips.hxx /dn43/OCCT/tmp/results_30.09.2011/occt/release-sources-20110930/inc/Graphic3d_ArrayOfQuadrangleStrips.hxx
+M Graphic3d:privinclude:Graphic3d_ArrayOfQuadrangleStrips.jxx /dn43/OCCT/tmp/results_30.09.2011/occt/release-sources-20110930/drv/Graphic3d/Graphic3d_ArrayOfQuadrangleStrips.jxx
+M Graphic3d:privinclude:Graphic3d_ArrayOfQuadrangleStrips.ixx /dn43/OCCT/tmp/results_30.09.2011/occt/release-sources-20110930/drv/Graphic3d/Graphic3d_ArrayOfQuadrangleStrips.ixx
+M Graphic3d:pubinclude:Handle_Graphic3d_AspectLine3d.hxx /dn43/OCCT/tmp/results_30.09.2011/occt/release-sources-20110930/inc/Handle_Graphic3d_AspectLine3d.hxx
+M Graphic3d:pubinclude:Graphic3d_AspectLine3d.hxx /dn43/OCCT/tmp/results_30.09.2011/occt/release-sources-20110930/inc/Graphic3d_AspectLine3d.hxx
+M Graphic3d:privinclude:Graphic3d_AspectLine3d.jxx /dn43/OCCT/tmp/results_30.09.2011/occt/release-sources-20110930/drv/Graphic3d/Graphic3d_AspectLine3d.jxx
+M Graphic3d:privinclude:Graphic3d_AspectLine3d.ixx /dn43/OCCT/tmp/results_30.09.2011/occt/release-sources-20110930/drv/Graphic3d/Graphic3d_AspectLine3d.ixx
+M Graphic3d:pubinclude:Handle_Graphic3d_AspectFillArea3d.hxx /dn43/OCCT/tmp/results_30.09.2011/occt/release-sources-20110930/inc/Handle_Graphic3d_AspectFillArea3d.hxx
+M Graphic3d:pubinclude:Graphic3d_AspectFillArea3d.hxx /dn43/OCCT/tmp/results_30.09.2011/occt/release-sources-20110930/inc/Graphic3d_AspectFillArea3d.hxx
+M Graphic3d:privinclude:Graphic3d_AspectFillArea3d.jxx /dn43/OCCT/tmp/results_30.09.2011/occt/release-sources-20110930/drv/Graphic3d/Graphic3d_AspectFillArea3d.jxx
+M Graphic3d:privinclude:Graphic3d_AspectFillArea3d.ixx /dn43/OCCT/tmp/results_30.09.2011/occt/release-sources-20110930/drv/Graphic3d/Graphic3d_AspectFillArea3d.ixx
+M Graphic3d:pubinclude:Handle_Graphic3d_AspectMarker3d.hxx /dn43/OCCT/tmp/results_30.09.2011/occt/release-sources-20110930/inc/Handle_Graphic3d_AspectMarker3d.hxx
+M Graphic3d:pubinclude:Graphic3d_AspectMarker3d.hxx /dn43/OCCT/tmp/results_30.09.2011/occt/release-sources-20110930/inc/Graphic3d_AspectMarker3d.hxx
+M Graphic3d:privinclude:Graphic3d_AspectMarker3d.jxx /dn43/OCCT/tmp/results_30.09.2011/occt/release-sources-20110930/drv/Graphic3d/Graphic3d_AspectMarker3d.jxx
+M Graphic3d:privinclude:Graphic3d_AspectMarker3d.ixx /dn43/OCCT/tmp/results_30.09.2011/occt/release-sources-20110930/drv/Graphic3d/Graphic3d_AspectMarker3d.ixx
+M Graphic3d:pubinclude:Handle_Graphic3d_AspectText3d.hxx /dn43/OCCT/tmp/results_30.09.2011/occt/release-sources-20110930/inc/Handle_Graphic3d_AspectText3d.hxx
+M Graphic3d:pubinclude:Graphic3d_AspectText3d.hxx /dn43/OCCT/tmp/results_30.09.2011/occt/release-sources-20110930/inc/Graphic3d_AspectText3d.hxx
+M Graphic3d:privinclude:Graphic3d_AspectText3d.jxx /dn43/OCCT/tmp/results_30.09.2011/occt/release-sources-20110930/drv/Graphic3d/Graphic3d_AspectText3d.jxx
+M Graphic3d:privinclude:Graphic3d_AspectText3d.ixx /dn43/OCCT/tmp/results_30.09.2011/occt/release-sources-20110930/drv/Graphic3d/Graphic3d_AspectText3d.ixx
+M Graphic3d:pubinclude:Handle_Graphic3d_Group.hxx /dn43/OCCT/tmp/results_30.09.2011/occt/release-sources-20110930/inc/Handle_Graphic3d_Group.hxx
+M Graphic3d:pubinclude:Graphic3d_Group.hxx /dn43/OCCT/tmp/results_30.09.2011/occt/release-sources-20110930/inc/Graphic3d_Group.hxx
+M Graphic3d:privinclude:Graphic3d_Group.jxx /dn43/OCCT/tmp/results_30.09.2011/occt/release-sources-20110930/drv/Graphic3d/Graphic3d_Group.jxx
+M Graphic3d:privinclude:Graphic3d_Group.ixx /dn43/OCCT/tmp/results_30.09.2011/occt/release-sources-20110930/drv/Graphic3d/Graphic3d_Group.ixx
+M Graphic3d:pubinclude:Handle_Graphic3d_GraphicDevice.hxx /dn43/OCCT/tmp/results_30.09.2011/occt/release-sources-20110930/inc/Handle_Graphic3d_GraphicDevice.hxx
+M Graphic3d:pubinclude:Graphic3d_GraphicDevice.hxx /dn43/OCCT/tmp/results_30.09.2011/occt/release-sources-20110930/inc/Graphic3d_GraphicDevice.hxx
+M Graphic3d:privinclude:Graphic3d_GraphicDevice.jxx /dn43/OCCT/tmp/results_30.09.2011/occt/release-sources-20110930/drv/Graphic3d/Graphic3d_GraphicDevice.jxx
+M Graphic3d:privinclude:Graphic3d_GraphicDevice.ixx /dn43/OCCT/tmp/results_30.09.2011/occt/release-sources-20110930/drv/Graphic3d/Graphic3d_GraphicDevice.ixx
+M Graphic3d:pubinclude:Handle_Graphic3d_WNTGraphicDevice.hxx /dn43/OCCT/tmp/results_30.09.2011/occt/release-sources-20110930/inc/Handle_Graphic3d_WNTGraphicDevice.hxx
+M Graphic3d:pubinclude:Graphic3d_WNTGraphicDevice.hxx /dn43/OCCT/tmp/results_30.09.2011/occt/release-sources-20110930/inc/Graphic3d_WNTGraphicDevice.hxx
+M Graphic3d:privinclude:Graphic3d_WNTGraphicDevice.jxx /dn43/OCCT/tmp/results_30.09.2011/occt/release-sources-20110930/drv/Graphic3d/Graphic3d_WNTGraphicDevice.jxx
+M Graphic3d:privinclude:Graphic3d_WNTGraphicDevice.ixx /dn43/OCCT/tmp/results_30.09.2011/occt/release-sources-20110930/drv/Graphic3d/Graphic3d_WNTGraphicDevice.ixx
+M Graphic3d:pubinclude:Graphic3d_MaterialAspect.hxx /dn43/OCCT/tmp/results_30.09.2011/occt/release-sources-20110930/inc/Graphic3d_MaterialAspect.hxx
+M Graphic3d:privinclude:Graphic3d_MaterialAspect.jxx /dn43/OCCT/tmp/results_30.09.2011/occt/release-sources-20110930/drv/Graphic3d/Graphic3d_MaterialAspect.jxx
+M Graphic3d:privinclude:Graphic3d_MaterialAspect.ixx /dn43/OCCT/tmp/results_30.09.2011/occt/release-sources-20110930/drv/Graphic3d/Graphic3d_MaterialAspect.ixx
+M Graphic3d:pubinclude:Handle_Graphic3d_Structure.hxx /dn43/OCCT/tmp/results_30.09.2011/occt/release-sources-20110930/inc/Handle_Graphic3d_Structure.hxx
+M Graphic3d:pubinclude:Graphic3d_Structure.hxx /dn43/OCCT/tmp/results_30.09.2011/occt/release-sources-20110930/inc/Graphic3d_Structure.hxx
+M Graphic3d:privinclude:Graphic3d_Structure.jxx /dn43/OCCT/tmp/results_30.09.2011/occt/release-sources-20110930/drv/Graphic3d/Graphic3d_Structure.jxx
+M Graphic3d:privinclude:Graphic3d_Structure.ixx /dn43/OCCT/tmp/results_30.09.2011/occt/release-sources-20110930/drv/Graphic3d/Graphic3d_Structure.ixx
+M Graphic3d:pubinclude:Handle_Graphic3d_GraphicDriver.hxx /dn43/OCCT/tmp/results_30.09.2011/occt/release-sources-20110930/inc/Handle_Graphic3d_GraphicDriver.hxx
+M Graphic3d:pubinclude:Graphic3d_GraphicDriver.hxx /dn43/OCCT/tmp/results_30.09.2011/occt/release-sources-20110930/inc/Graphic3d_GraphicDriver.hxx
+M Graphic3d:privinclude:Graphic3d_GraphicDriver.jxx /dn43/OCCT/tmp/results_30.09.2011/occt/release-sources-20110930/drv/Graphic3d/Graphic3d_GraphicDriver.jxx
+M Graphic3d:privinclude:Graphic3d_GraphicDriver.ixx /dn43/OCCT/tmp/results_30.09.2011/occt/release-sources-20110930/drv/Graphic3d/Graphic3d_GraphicDriver.ixx
+M Graphic3d:pubinclude:Handle_Graphic3d_StructureManager.hxx /dn43/OCCT/tmp/results_30.09.2011/occt/release-sources-20110930/inc/Handle_Graphic3d_StructureManager.hxx
+M Graphic3d:pubinclude:Graphic3d_StructureManager.hxx /dn43/OCCT/tmp/results_30.09.2011/occt/release-sources-20110930/inc/Graphic3d_StructureManager.hxx
+M Graphic3d:privinclude:Graphic3d_StructureManager.jxx /dn43/OCCT/tmp/results_30.09.2011/occt/release-sources-20110930/drv/Graphic3d/Graphic3d_StructureManager.jxx
+M Graphic3d:privinclude:Graphic3d_StructureManager.ixx /dn43/OCCT/tmp/results_30.09.2011/occt/release-sources-20110930/drv/Graphic3d/Graphic3d_StructureManager.ixx
+M Graphic3d:pubinclude:Handle_Graphic3d_DataStructureManager.hxx /dn43/OCCT/tmp/results_30.09.2011/occt/release-sources-20110930/inc/Handle_Graphic3d_DataStructureManager.hxx
+M Graphic3d:pubinclude:Graphic3d_DataStructureManager.hxx /dn43/OCCT/tmp/results_30.09.2011/occt/release-sources-20110930/inc/Graphic3d_DataStructureManager.hxx
+M Graphic3d:privinclude:Graphic3d_DataStructureManager.jxx /dn43/OCCT/tmp/results_30.09.2011/occt/release-sources-20110930/drv/Graphic3d/Graphic3d_DataStructureManager.jxx
+M Graphic3d:privinclude:Graphic3d_DataStructureManager.ixx /dn43/OCCT/tmp/results_30.09.2011/occt/release-sources-20110930/drv/Graphic3d/Graphic3d_DataStructureManager.ixx
+M Graphic3d:pubinclude:Handle_Graphic3d_Plotter.hxx /dn43/OCCT/tmp/results_30.09.2011/occt/release-sources-20110930/inc/Handle_Graphic3d_Plotter.hxx
+M Graphic3d:pubinclude:Graphic3d_Plotter.hxx /dn43/OCCT/tmp/results_30.09.2011/occt/release-sources-20110930/inc/Graphic3d_Plotter.hxx
+M Graphic3d:privinclude:Graphic3d_Plotter.jxx /dn43/OCCT/tmp/results_30.09.2011/occt/release-sources-20110930/drv/Graphic3d/Graphic3d_Plotter.jxx
+M Graphic3d:privinclude:Graphic3d_Plotter.ixx /dn43/OCCT/tmp/results_30.09.2011/occt/release-sources-20110930/drv/Graphic3d/Graphic3d_Plotter.ixx
+M Graphic3d:pubinclude:Graphic3d_Vector.hxx /dn43/OCCT/tmp/results_30.09.2011/occt/release-sources-20110930/inc/Graphic3d_Vector.hxx
+M Graphic3d:privinclude:Graphic3d_Vector.jxx /dn43/OCCT/tmp/results_30.09.2011/occt/release-sources-20110930/drv/Graphic3d/Graphic3d_Vector.jxx
+M Graphic3d:privinclude:Graphic3d_Vector.ixx /dn43/OCCT/tmp/results_30.09.2011/occt/release-sources-20110930/drv/Graphic3d/Graphic3d_Vector.ixx
+M Graphic3d:pubinclude:Graphic3d_Vertex.hxx /dn43/OCCT/tmp/results_30.09.2011/occt/release-sources-20110930/inc/Graphic3d_Vertex.hxx
+M Graphic3d:privinclude:Graphic3d_Vertex.jxx /dn43/OCCT/tmp/results_30.09.2011/occt/release-sources-20110930/drv/Graphic3d/Graphic3d_Vertex.jxx
+M Graphic3d:privinclude:Graphic3d_Vertex.ixx /dn43/OCCT/tmp/results_30.09.2011/occt/release-sources-20110930/drv/Graphic3d/Graphic3d_Vertex.ixx
+M Graphic3d:pubinclude:Graphic3d_VertexN.hxx /dn43/OCCT/tmp/results_30.09.2011/occt/release-sources-20110930/inc/Graphic3d_VertexN.hxx
+M Graphic3d:privinclude:Graphic3d_VertexN.jxx /dn43/OCCT/tmp/results_30.09.2011/occt/release-sources-20110930/drv/Graphic3d/Graphic3d_VertexN.jxx
+M Graphic3d:privinclude:Graphic3d_VertexN.ixx /dn43/OCCT/tmp/results_30.09.2011/occt/release-sources-20110930/drv/Graphic3d/Graphic3d_VertexN.ixx
+M Graphic3d:pubinclude:Graphic3d_VertexNT.hxx /dn43/OCCT/tmp/results_30.09.2011/occt/release-sources-20110930/inc/Graphic3d_VertexNT.hxx
+M Graphic3d:privinclude:Graphic3d_VertexNT.jxx /dn43/OCCT/tmp/results_30.09.2011/occt/release-sources-20110930/drv/Graphic3d/Graphic3d_VertexNT.jxx
+M Graphic3d:privinclude:Graphic3d_VertexNT.ixx /dn43/OCCT/tmp/results_30.09.2011/occt/release-sources-20110930/drv/Graphic3d/Graphic3d_VertexNT.ixx
+M Graphic3d:pubinclude:Graphic3d_VertexC.hxx /dn43/OCCT/tmp/results_30.09.2011/occt/release-sources-20110930/inc/Graphic3d_VertexC.hxx
+M Graphic3d:privinclude:Graphic3d_VertexC.jxx /dn43/OCCT/tmp/results_30.09.2011/occt/release-sources-20110930/drv/Graphic3d/Graphic3d_VertexC.jxx
+M Graphic3d:privinclude:Graphic3d_VertexC.ixx /dn43/OCCT/tmp/results_30.09.2011/occt/release-sources-20110930/drv/Graphic3d/Graphic3d_VertexC.ixx
+M Graphic3d:pubinclude:Graphic3d_VertexNC.hxx /dn43/OCCT/tmp/results_30.09.2011/occt/release-sources-20110930/inc/Graphic3d_VertexNC.hxx
+M Graphic3d:privinclude:Graphic3d_VertexNC.jxx /dn43/OCCT/tmp/results_30.09.2011/occt/release-sources-20110930/drv/Graphic3d/Graphic3d_VertexNC.jxx
+M Graphic3d:privinclude:Graphic3d_VertexNC.ixx /dn43/OCCT/tmp/results_30.09.2011/occt/release-sources-20110930/drv/Graphic3d/Graphic3d_VertexNC.ixx
+M Graphic3d:pubinclude:Graphic3d_ListOfPArray.hxx /dn43/OCCT/tmp/results_30.09.2011/occt/release-sources-20110930/inc/Graphic3d_ListOfPArray.hxx
+M Graphic3d:derivated:Graphic3d_ListOfPArray_0.cxx /dn43/OCCT/tmp/results_30.09.2011/occt/release-sources-20110930/drv/Graphic3d/Graphic3d_ListOfPArray_0.cxx
+M Graphic3d:pubinclude:Graphic3d_SequenceOfAddress.hxx /dn43/OCCT/tmp/results_30.09.2011/occt/release-sources-20110930/inc/Graphic3d_SequenceOfAddress.hxx
+M Graphic3d:derivated:Graphic3d_SequenceOfAddress_0.cxx /dn43/OCCT/tmp/results_30.09.2011/occt/release-sources-20110930/drv/Graphic3d/Graphic3d_SequenceOfAddress_0.cxx
+M Graphic3d:pubinclude:Graphic3d_SetOfGroup.hxx /dn43/OCCT/tmp/results_30.09.2011/occt/release-sources-20110930/inc/Graphic3d_SetOfGroup.hxx
+M Graphic3d:derivated:Graphic3d_SetOfGroup_0.cxx /dn43/OCCT/tmp/results_30.09.2011/occt/release-sources-20110930/drv/Graphic3d/Graphic3d_SetOfGroup_0.cxx
+M Graphic3d:pubinclude:Handle_Graphic3d_HSetOfGroup.hxx /dn43/OCCT/tmp/results_30.09.2011/occt/release-sources-20110930/inc/Handle_Graphic3d_HSetOfGroup.hxx
+M Graphic3d:pubinclude:Graphic3d_HSetOfGroup.hxx /dn43/OCCT/tmp/results_30.09.2011/occt/release-sources-20110930/inc/Graphic3d_HSetOfGroup.hxx
+M Graphic3d:derivated:Graphic3d_HSetOfGroup_0.cxx /dn43/OCCT/tmp/results_30.09.2011/occt/release-sources-20110930/drv/Graphic3d/Graphic3d_HSetOfGroup_0.cxx
+M Graphic3d:pubinclude:Graphic3d_SequenceOfGroup.hxx /dn43/OCCT/tmp/results_30.09.2011/occt/release-sources-20110930/inc/Graphic3d_SequenceOfGroup.hxx
+M Graphic3d:derivated:Graphic3d_SequenceOfGroup_0.cxx /dn43/OCCT/tmp/results_30.09.2011/occt/release-sources-20110930/drv/Graphic3d/Graphic3d_SequenceOfGroup_0.cxx
+M Graphic3d:pubinclude:Handle_Graphic3d_HSequenceOfGroup.hxx /dn43/OCCT/tmp/results_30.09.2011/occt/release-sources-20110930/inc/Handle_Graphic3d_HSequenceOfGroup.hxx
+M Graphic3d:pubinclude:Graphic3d_HSequenceOfGroup.hxx /dn43/OCCT/tmp/results_30.09.2011/occt/release-sources-20110930/inc/Graphic3d_HSequenceOfGroup.hxx
+M Graphic3d:derivated:Graphic3d_HSequenceOfGroup_0.cxx /dn43/OCCT/tmp/results_30.09.2011/occt/release-sources-20110930/drv/Graphic3d/Graphic3d_HSequenceOfGroup_0.cxx
+M Graphic3d:pubinclude:Graphic3d_MapOfStructure.hxx /dn43/OCCT/tmp/results_30.09.2011/occt/release-sources-20110930/inc/Graphic3d_MapOfStructure.hxx
+M Graphic3d:derivated:Graphic3d_MapOfStructure_0.cxx /dn43/OCCT/tmp/results_30.09.2011/occt/release-sources-20110930/drv/Graphic3d/Graphic3d_MapOfStructure_0.cxx
+M Graphic3d:pubinclude:Graphic3d_SequenceOfStructure.hxx /dn43/OCCT/tmp/results_30.09.2011/occt/release-sources-20110930/inc/Graphic3d_SequenceOfStructure.hxx
+M Graphic3d:derivated:Graphic3d_SequenceOfStructure_0.cxx /dn43/OCCT/tmp/results_30.09.2011/occt/release-sources-20110930/drv/Graphic3d/Graphic3d_SequenceOfStructure_0.cxx
+M Graphic3d:pubinclude:Handle_Graphic3d_HSequenceOfStructure.hxx /dn43/OCCT/tmp/results_30.09.2011/occt/release-sources-20110930/inc/Handle_Graphic3d_HSequenceOfStructure.hxx
+M Graphic3d:pubinclude:Graphic3d_HSequenceOfStructure.hxx /dn43/OCCT/tmp/results_30.09.2011/occt/release-sources-20110930/inc/Graphic3d_HSequenceOfStructure.hxx
+M Graphic3d:derivated:Graphic3d_HSequenceOfStructure_0.cxx /dn43/OCCT/tmp/results_30.09.2011/occt/release-sources-20110930/drv/Graphic3d/Graphic3d_HSequenceOfStructure_0.cxx
+M Graphic3d:pubinclude:Graphic3d_Array1OfVector.hxx /dn43/OCCT/tmp/results_30.09.2011/occt/release-sources-20110930/inc/Graphic3d_Array1OfVector.hxx
+M Graphic3d:derivated:Graphic3d_Array1OfVector_0.cxx /dn43/OCCT/tmp/results_30.09.2011/occt/release-sources-20110930/drv/Graphic3d/Graphic3d_Array1OfVector_0.cxx
+M Graphic3d:pubinclude:Graphic3d_Array1OfVertex.hxx /dn43/OCCT/tmp/results_30.09.2011/occt/release-sources-20110930/inc/Graphic3d_Array1OfVertex.hxx
+M Graphic3d:derivated:Graphic3d_Array1OfVertex_0.cxx /dn43/OCCT/tmp/results_30.09.2011/occt/release-sources-20110930/drv/Graphic3d/Graphic3d_Array1OfVertex_0.cxx
+M Graphic3d:pubinclude:Graphic3d_Array2OfVertex.hxx /dn43/OCCT/tmp/results_30.09.2011/occt/release-sources-20110930/inc/Graphic3d_Array2OfVertex.hxx
+M Graphic3d:derivated:Graphic3d_Array2OfVertex_0.cxx /dn43/OCCT/tmp/results_30.09.2011/occt/release-sources-20110930/drv/Graphic3d/Graphic3d_Array2OfVertex_0.cxx
+M Graphic3d:pubinclude:Graphic3d_Array1OfVertexC.hxx /dn43/OCCT/tmp/results_30.09.2011/occt/release-sources-20110930/inc/Graphic3d_Array1OfVertexC.hxx
+M Graphic3d:derivated:Graphic3d_Array1OfVertexC_0.cxx /dn43/OCCT/tmp/results_30.09.2011/occt/release-sources-20110930/drv/Graphic3d/Graphic3d_Array1OfVertexC_0.cxx
+M Graphic3d:pubinclude:Graphic3d_Array2OfVertexC.hxx /dn43/OCCT/tmp/results_30.09.2011/occt/release-sources-20110930/inc/Graphic3d_Array2OfVertexC.hxx
+M Graphic3d:derivated:Graphic3d_Array2OfVertexC_0.cxx /dn43/OCCT/tmp/results_30.09.2011/occt/release-sources-20110930/drv/Graphic3d/Graphic3d_Array2OfVertexC_0.cxx
+M Graphic3d:pubinclude:Graphic3d_Array1OfVertexN.hxx /dn43/OCCT/tmp/results_30.09.2011/occt/release-sources-20110930/inc/Graphic3d_Array1OfVertexN.hxx
+M Graphic3d:derivated:Graphic3d_Array1OfVertexN_0.cxx /dn43/OCCT/tmp/results_30.09.2011/occt/release-sources-20110930/drv/Graphic3d/Graphic3d_Array1OfVertexN_0.cxx
+M Graphic3d:pubinclude:Graphic3d_Array2OfVertexN.hxx /dn43/OCCT/tmp/results_30.09.2011/occt/release-sources-20110930/inc/Graphic3d_Array2OfVertexN.hxx
+M Graphic3d:derivated:Graphic3d_Array2OfVertexN_0.cxx /dn43/OCCT/tmp/results_30.09.2011/occt/release-sources-20110930/drv/Graphic3d/Graphic3d_Array2OfVertexN_0.cxx
+M Graphic3d:pubinclude:Graphic3d_Array1OfVertexNT.hxx /dn43/OCCT/tmp/results_30.09.2011/occt/release-sources-20110930/inc/Graphic3d_Array1OfVertexNT.hxx
+M Graphic3d:derivated:Graphic3d_Array1OfVertexNT_0.cxx /dn43/OCCT/tmp/results_30.09.2011/occt/release-sources-20110930/drv/Graphic3d/Graphic3d_Array1OfVertexNT_0.cxx
+M Graphic3d:pubinclude:Graphic3d_Array2OfVertexNT.hxx /dn43/OCCT/tmp/results_30.09.2011/occt/release-sources-20110930/inc/Graphic3d_Array2OfVertexNT.hxx
+M Graphic3d:derivated:Graphic3d_Array2OfVertexNT_0.cxx /dn43/OCCT/tmp/results_30.09.2011/occt/release-sources-20110930/drv/Graphic3d/Graphic3d_Array2OfVertexNT_0.cxx
+M Graphic3d:pubinclude:Graphic3d_Array1OfVertexNC.hxx /dn43/OCCT/tmp/results_30.09.2011/occt/release-sources-20110930/inc/Graphic3d_Array1OfVertexNC.hxx
+M Graphic3d:derivated:Graphic3d_Array1OfVertexNC_0.cxx /dn43/OCCT/tmp/results_30.09.2011/occt/release-sources-20110930/drv/Graphic3d/Graphic3d_Array1OfVertexNC_0.cxx
+M Graphic3d:pubinclude:Graphic3d_Array2OfVertexNC.hxx /dn43/OCCT/tmp/results_30.09.2011/occt/release-sources-20110930/inc/Graphic3d_Array2OfVertexNC.hxx
+M Graphic3d:derivated:Graphic3d_Array2OfVertexNC_0.cxx /dn43/OCCT/tmp/results_30.09.2011/occt/release-sources-20110930/drv/Graphic3d/Graphic3d_Array2OfVertexNC_0.cxx
+M Graphic3d:pubinclude:Graphic3d_ListOfShortReal.hxx /dn43/OCCT/tmp/results_30.09.2011/occt/release-sources-20110930/inc/Graphic3d_ListOfShortReal.hxx
+M Graphic3d:derivated:Graphic3d_ListOfShortReal_0.cxx /dn43/OCCT/tmp/results_30.09.2011/occt/release-sources-20110930/drv/Graphic3d/Graphic3d_ListOfShortReal_0.cxx
+M Graphic3d:pubinclude:Handle_Graphic3d_TextureRoot.hxx /dn43/OCCT/tmp/results_30.09.2011/occt/release-sources-20110930/inc/Handle_Graphic3d_TextureRoot.hxx
+M Graphic3d:pubinclude:Graphic3d_TextureRoot.hxx /dn43/OCCT/tmp/results_30.09.2011/occt/release-sources-20110930/inc/Graphic3d_TextureRoot.hxx
+M Graphic3d:privinclude:Graphic3d_TextureRoot.jxx /dn43/OCCT/tmp/results_30.09.2011/occt/release-sources-20110930/drv/Graphic3d/Graphic3d_TextureRoot.jxx
+M Graphic3d:privinclude:Graphic3d_TextureRoot.ixx /dn43/OCCT/tmp/results_30.09.2011/occt/release-sources-20110930/drv/Graphic3d/Graphic3d_TextureRoot.ixx
+M Graphic3d:pubinclude:Handle_Graphic3d_TextureMap.hxx /dn43/OCCT/tmp/results_30.09.2011/occt/release-sources-20110930/inc/Handle_Graphic3d_TextureMap.hxx
+M Graphic3d:pubinclude:Graphic3d_TextureMap.hxx /dn43/OCCT/tmp/results_30.09.2011/occt/release-sources-20110930/inc/Graphic3d_TextureMap.hxx
+M Graphic3d:privinclude:Graphic3d_TextureMap.jxx /dn43/OCCT/tmp/results_30.09.2011/occt/release-sources-20110930/drv/Graphic3d/Graphic3d_TextureMap.jxx
+M Graphic3d:privinclude:Graphic3d_TextureMap.ixx /dn43/OCCT/tmp/results_30.09.2011/occt/release-sources-20110930/drv/Graphic3d/Graphic3d_TextureMap.ixx
+M Graphic3d:pubinclude:Handle_Graphic3d_Texture1D.hxx /dn43/OCCT/tmp/results_30.09.2011/occt/release-sources-20110930/inc/Handle_Graphic3d_Texture1D.hxx
+M Graphic3d:pubinclude:Graphic3d_Texture1D.hxx /dn43/OCCT/tmp/results_30.09.2011/occt/release-sources-20110930/inc/Graphic3d_Texture1D.hxx
+M Graphic3d:privinclude:Graphic3d_Texture1D.jxx /dn43/OCCT/tmp/results_30.09.2011/occt/release-sources-20110930/drv/Graphic3d/Graphic3d_Texture1D.jxx
+M Graphic3d:privinclude:Graphic3d_Texture1D.ixx /dn43/OCCT/tmp/results_30.09.2011/occt/release-sources-20110930/drv/Graphic3d/Graphic3d_Texture1D.ixx
+M Graphic3d:pubinclude:Handle_Graphic3d_Texture2D.hxx /dn43/OCCT/tmp/results_30.09.2011/occt/release-sources-20110930/inc/Handle_Graphic3d_Texture2D.hxx
+M Graphic3d:pubinclude:Graphic3d_Texture2D.hxx /dn43/OCCT/tmp/results_30.09.2011/occt/release-sources-20110930/inc/Graphic3d_Texture2D.hxx
+M Graphic3d:privinclude:Graphic3d_Texture2D.jxx /dn43/OCCT/tmp/results_30.09.2011/occt/release-sources-20110930/drv/Graphic3d/Graphic3d_Texture2D.jxx
+M Graphic3d:privinclude:Graphic3d_Texture2D.ixx /dn43/OCCT/tmp/results_30.09.2011/occt/release-sources-20110930/drv/Graphic3d/Graphic3d_Texture2D.ixx
+M Graphic3d:pubinclude:Handle_Graphic3d_TextureEnv.hxx /dn43/OCCT/tmp/results_30.09.2011/occt/release-sources-20110930/inc/Handle_Graphic3d_TextureEnv.hxx
+M Graphic3d:pubinclude:Graphic3d_TextureEnv.hxx /dn43/OCCT/tmp/results_30.09.2011/occt/release-sources-20110930/inc/Graphic3d_TextureEnv.hxx
+M Graphic3d:privinclude:Graphic3d_TextureEnv.jxx /dn43/OCCT/tmp/results_30.09.2011/occt/release-sources-20110930/drv/Graphic3d/Graphic3d_TextureEnv.jxx
+M Graphic3d:privinclude:Graphic3d_TextureEnv.ixx /dn43/OCCT/tmp/results_30.09.2011/occt/release-sources-20110930/drv/Graphic3d/Graphic3d_TextureEnv.ixx
+M Graphic3d:pubinclude:Handle_Graphic3d_Texture1Dmanual.hxx /dn43/OCCT/tmp/results_30.09.2011/occt/release-sources-20110930/inc/Handle_Graphic3d_Texture1Dmanual.hxx
+M Graphic3d:pubinclude:Graphic3d_Texture1Dmanual.hxx /dn43/OCCT/tmp/results_30.09.2011/occt/release-sources-20110930/inc/Graphic3d_Texture1Dmanual.hxx
+M Graphic3d:privinclude:Graphic3d_Texture1Dmanual.jxx /dn43/OCCT/tmp/results_30.09.2011/occt/release-sources-20110930/drv/Graphic3d/Graphic3d_Texture1Dmanual.jxx
+M Graphic3d:privinclude:Graphic3d_Texture1Dmanual.ixx /dn43/OCCT/tmp/results_30.09.2011/occt/release-sources-20110930/drv/Graphic3d/Graphic3d_Texture1Dmanual.ixx
+M Graphic3d:pubinclude:Handle_Graphic3d_Texture1Dsegment.hxx /dn43/OCCT/tmp/results_30.09.2011/occt/release-sources-20110930/inc/Handle_Graphic3d_Texture1Dsegment.hxx
+M Graphic3d:pubinclude:Graphic3d_Texture1Dsegment.hxx /dn43/OCCT/tmp/results_30.09.2011/occt/release-sources-20110930/inc/Graphic3d_Texture1Dsegment.hxx
+M Graphic3d:privinclude:Graphic3d_Texture1Dsegment.jxx /dn43/OCCT/tmp/results_30.09.2011/occt/release-sources-20110930/drv/Graphic3d/Graphic3d_Texture1Dsegment.jxx
+M Graphic3d:privinclude:Graphic3d_Texture1Dsegment.ixx /dn43/OCCT/tmp/results_30.09.2011/occt/release-sources-20110930/drv/Graphic3d/Graphic3d_Texture1Dsegment.ixx
+M Graphic3d:pubinclude:Handle_Graphic3d_Texture2Dmanual.hxx /dn43/OCCT/tmp/results_30.09.2011/occt/release-sources-20110930/inc/Handle_Graphic3d_Texture2Dmanual.hxx
+M Graphic3d:pubinclude:Graphic3d_Texture2Dmanual.hxx /dn43/OCCT/tmp/results_30.09.2011/occt/release-sources-20110930/inc/Graphic3d_Texture2Dmanual.hxx
+M Graphic3d:privinclude:Graphic3d_Texture2Dmanual.jxx /dn43/OCCT/tmp/results_30.09.2011/occt/release-sources-20110930/drv/Graphic3d/Graphic3d_Texture2Dmanual.jxx
+M Graphic3d:privinclude:Graphic3d_Texture2Dmanual.ixx /dn43/OCCT/tmp/results_30.09.2011/occt/release-sources-20110930/drv/Graphic3d/Graphic3d_Texture2Dmanual.ixx
+M Graphic3d:pubinclude:Handle_Graphic3d_Texture2Dplane.hxx /dn43/OCCT/tmp/results_30.09.2011/occt/release-sources-20110930/inc/Handle_Graphic3d_Texture2Dplane.hxx
+M Graphic3d:pubinclude:Graphic3d_Texture2Dplane.hxx /dn43/OCCT/tmp/results_30.09.2011/occt/release-sources-20110930/inc/Graphic3d_Texture2Dplane.hxx
+M Graphic3d:privinclude:Graphic3d_Texture2Dplane.jxx /dn43/OCCT/tmp/results_30.09.2011/occt/release-sources-20110930/drv/Graphic3d/Graphic3d_Texture2Dplane.jxx
+M Graphic3d:privinclude:Graphic3d_Texture2Dplane.ixx /dn43/OCCT/tmp/results_30.09.2011/occt/release-sources-20110930/drv/Graphic3d/Graphic3d_Texture2Dplane.ixx
+M Graphic3d:pubinclude:Handle_Graphic3d_ListNodeOfListOfPArray.hxx /dn43/OCCT/tmp/results_30.09.2011/occt/release-sources-20110930/inc/Handle_Graphic3d_ListNodeOfListOfPArray.hxx
+M Graphic3d:pubinclude:Graphic3d_ListNodeOfListOfPArray.hxx /dn43/OCCT/tmp/results_30.09.2011/occt/release-sources-20110930/inc/Graphic3d_ListNodeOfListOfPArray.hxx
+M Graphic3d:derivated:Graphic3d_ListNodeOfListOfPArray_0.cxx /dn43/OCCT/tmp/results_30.09.2011/occt/release-sources-20110930/drv/Graphic3d/Graphic3d_ListNodeOfListOfPArray_0.cxx
+M Graphic3d:pubinclude:Graphic3d_ListIteratorOfListOfPArray.hxx /dn43/OCCT/tmp/results_30.09.2011/occt/release-sources-20110930/inc/Graphic3d_ListIteratorOfListOfPArray.hxx
+M Graphic3d:derivated:Graphic3d_ListIteratorOfListOfPArray_0.cxx /dn43/OCCT/tmp/results_30.09.2011/occt/release-sources-20110930/drv/Graphic3d/Graphic3d_ListIteratorOfListOfPArray_0.cxx
+M Graphic3d:pubinclude:Handle_Graphic3d_SequenceNodeOfSequenceOfAddress.hxx /dn43/OCCT/tmp/results_30.09.2011/occt/release-sources-20110930/inc/Handle_Graphic3d_SequenceNodeOfSequenceOfAddress.hxx
+M Graphic3d:pubinclude:Graphic3d_SequenceNodeOfSequenceOfAddress.hxx /dn43/OCCT/tmp/results_30.09.2011/occt/release-sources-20110930/inc/Graphic3d_SequenceNodeOfSequenceOfAddress.hxx
+M Graphic3d:derivated:Graphic3d_SequenceNodeOfSequenceOfAddress_0.cxx /dn43/OCCT/tmp/results_30.09.2011/occt/release-sources-20110930/drv/Graphic3d/Graphic3d_SequenceNodeOfSequenceOfAddress_0.cxx
+M Graphic3d:pubinclude:Handle_Graphic3d_ListNodeOfSetListOfSetOfGroup.hxx /dn43/OCCT/tmp/results_30.09.2011/occt/release-sources-20110930/inc/Handle_Graphic3d_ListNodeOfSetListOfSetOfGroup.hxx
+M Graphic3d:pubinclude:Graphic3d_ListNodeOfSetListOfSetOfGroup.hxx /dn43/OCCT/tmp/results_30.09.2011/occt/release-sources-20110930/inc/Graphic3d_ListNodeOfSetListOfSetOfGroup.hxx
+M Graphic3d:derivated:Graphic3d_ListNodeOfSetListOfSetOfGroup_0.cxx /dn43/OCCT/tmp/results_30.09.2011/occt/release-sources-20110930/drv/Graphic3d/Graphic3d_ListNodeOfSetListOfSetOfGroup_0.cxx
+M Graphic3d:pubinclude:Graphic3d_ListIteratorOfSetListOfSetOfGroup.hxx /dn43/OCCT/tmp/results_30.09.2011/occt/release-sources-20110930/inc/Graphic3d_ListIteratorOfSetListOfSetOfGroup.hxx
+M Graphic3d:derivated:Graphic3d_ListIteratorOfSetListOfSetOfGroup_0.cxx /dn43/OCCT/tmp/results_30.09.2011/occt/release-sources-20110930/drv/Graphic3d/Graphic3d_ListIteratorOfSetListOfSetOfGroup_0.cxx
+M Graphic3d:pubinclude:Graphic3d_SetListOfSetOfGroup.hxx /dn43/OCCT/tmp/results_30.09.2011/occt/release-sources-20110930/inc/Graphic3d_SetListOfSetOfGroup.hxx
+M Graphic3d:derivated:Graphic3d_SetListOfSetOfGroup_0.cxx /dn43/OCCT/tmp/results_30.09.2011/occt/release-sources-20110930/drv/Graphic3d/Graphic3d_SetListOfSetOfGroup_0.cxx
+M Graphic3d:pubinclude:Graphic3d_SetIteratorOfSetOfGroup.hxx /dn43/OCCT/tmp/results_30.09.2011/occt/release-sources-20110930/inc/Graphic3d_SetIteratorOfSetOfGroup.hxx
+M Graphic3d:derivated:Graphic3d_SetIteratorOfSetOfGroup_0.cxx /dn43/OCCT/tmp/results_30.09.2011/occt/release-sources-20110930/drv/Graphic3d/Graphic3d_SetIteratorOfSetOfGroup_0.cxx
+M Graphic3d:pubinclude:Handle_Graphic3d_SequenceNodeOfSequenceOfGroup.hxx /dn43/OCCT/tmp/results_30.09.2011/occt/release-sources-20110930/inc/Handle_Graphic3d_SequenceNodeOfSequenceOfGroup.hxx
+M Graphic3d:pubinclude:Graphic3d_SequenceNodeOfSequenceOfGroup.hxx /dn43/OCCT/tmp/results_30.09.2011/occt/release-sources-20110930/inc/Graphic3d_SequenceNodeOfSequenceOfGroup.hxx
+M Graphic3d:derivated:Graphic3d_SequenceNodeOfSequenceOfGroup_0.cxx /dn43/OCCT/tmp/results_30.09.2011/occt/release-sources-20110930/drv/Graphic3d/Graphic3d_SequenceNodeOfSequenceOfGroup_0.cxx
+M Graphic3d:pubinclude:Handle_Graphic3d_StdMapNodeOfMapOfStructure.hxx /dn43/OCCT/tmp/results_30.09.2011/occt/release-sources-20110930/inc/Handle_Graphic3d_StdMapNodeOfMapOfStructure.hxx
+M Graphic3d:pubinclude:Graphic3d_StdMapNodeOfMapOfStructure.hxx /dn43/OCCT/tmp/results_30.09.2011/occt/release-sources-20110930/inc/Graphic3d_StdMapNodeOfMapOfStructure.hxx
+M Graphic3d:derivated:Graphic3d_StdMapNodeOfMapOfStructure_0.cxx /dn43/OCCT/tmp/results_30.09.2011/occt/release-sources-20110930/drv/Graphic3d/Graphic3d_StdMapNodeOfMapOfStructure_0.cxx
+M Graphic3d:pubinclude:Graphic3d_MapIteratorOfMapOfStructure.hxx /dn43/OCCT/tmp/results_30.09.2011/occt/release-sources-20110930/inc/Graphic3d_MapIteratorOfMapOfStructure.hxx
+M Graphic3d:derivated:Graphic3d_MapIteratorOfMapOfStructure_0.cxx /dn43/OCCT/tmp/results_30.09.2011/occt/release-sources-20110930/drv/Graphic3d/Graphic3d_MapIteratorOfMapOfStructure_0.cxx
+M Graphic3d:pubinclude:Handle_Graphic3d_SequenceNodeOfSequenceOfStructure.hxx /dn43/OCCT/tmp/results_30.09.2011/occt/release-sources-20110930/inc/Handle_Graphic3d_SequenceNodeOfSequenceOfStructure.hxx
+M Graphic3d:pubinclude:Graphic3d_SequenceNodeOfSequenceOfStructure.hxx /dn43/OCCT/tmp/results_30.09.2011/occt/release-sources-20110930/inc/Graphic3d_SequenceNodeOfSequenceOfStructure.hxx
+M Graphic3d:derivated:Graphic3d_SequenceNodeOfSequenceOfStructure_0.cxx /dn43/OCCT/tmp/results_30.09.2011/occt/release-sources-20110930/drv/Graphic3d/Graphic3d_SequenceNodeOfSequenceOfStructure_0.cxx
+M Graphic3d:pubinclude:Handle_Graphic3d_ListNodeOfListOfShortReal.hxx /dn43/OCCT/tmp/results_30.09.2011/occt/release-sources-20110930/inc/Handle_Graphic3d_ListNodeOfListOfShortReal.hxx
+M Graphic3d:pubinclude:Graphic3d_ListNodeOfListOfShortReal.hxx /dn43/OCCT/tmp/results_30.09.2011/occt/release-sources-20110930/inc/Graphic3d_ListNodeOfListOfShortReal.hxx
+M Graphic3d:derivated:Graphic3d_ListNodeOfListOfShortReal_0.cxx /dn43/OCCT/tmp/results_30.09.2011/occt/release-sources-20110930/drv/Graphic3d/Graphic3d_ListNodeOfListOfShortReal_0.cxx
+M Graphic3d:pubinclude:Graphic3d_ListIteratorOfListOfShortReal.hxx /dn43/OCCT/tmp/results_30.09.2011/occt/release-sources-20110930/inc/Graphic3d_ListIteratorOfListOfShortReal.hxx
+M Graphic3d:derivated:Graphic3d_ListIteratorOfListOfShortReal_0.cxx /dn43/OCCT/tmp/results_30.09.2011/occt/release-sources-20110930/drv/Graphic3d/Graphic3d_ListIteratorOfListOfShortReal_0.cxx
+M Graphic3d:pubinclude:Handle_Graphic3d_AspectTextDefinitionError.hxx /dn43/OCCT/tmp/results_30.09.2011/occt/release-sources-20110930/inc/Handle_Graphic3d_AspectTextDefinitionError.hxx
+M Graphic3d:pubinclude:Graphic3d_AspectTextDefinitionError.hxx /dn43/OCCT/tmp/results_30.09.2011/occt/release-sources-20110930/inc/Graphic3d_AspectTextDefinitionError.hxx
+M Graphic3d:derivated:Graphic3d_AspectTextDefinitionError_0.cxx /dn43/OCCT/tmp/results_30.09.2011/occt/release-sources-20110930/drv/Graphic3d/Graphic3d_AspectTextDefinitionError_0.cxx
+M Graphic3d:pubinclude:Handle_Graphic3d_CycleError.hxx /dn43/OCCT/tmp/results_30.09.2011/occt/release-sources-20110930/inc/Handle_Graphic3d_CycleError.hxx
+M Graphic3d:pubinclude:Graphic3d_CycleError.hxx /dn43/OCCT/tmp/results_30.09.2011/occt/release-sources-20110930/inc/Graphic3d_CycleError.hxx
+M Graphic3d:derivated:Graphic3d_CycleError_0.cxx /dn43/OCCT/tmp/results_30.09.2011/occt/release-sources-20110930/drv/Graphic3d/Graphic3d_CycleError_0.cxx
+M Graphic3d:pubinclude:Handle_Graphic3d_GroupDefinitionError.hxx /dn43/OCCT/tmp/results_30.09.2011/occt/release-sources-20110930/inc/Handle_Graphic3d_GroupDefinitionError.hxx
+M Graphic3d:pubinclude:Graphic3d_GroupDefinitionError.hxx /dn43/OCCT/tmp/results_30.09.2011/occt/release-sources-20110930/inc/Graphic3d_GroupDefinitionError.hxx
+M Graphic3d:derivated:Graphic3d_GroupDefinitionError_0.cxx /dn43/OCCT/tmp/results_30.09.2011/occt/release-sources-20110930/drv/Graphic3d/Graphic3d_GroupDefinitionError_0.cxx
+M Graphic3d:pubinclude:Handle_Graphic3d_InitialisationError.hxx /dn43/OCCT/tmp/results_30.09.2011/occt/release-sources-20110930/inc/Handle_Graphic3d_InitialisationError.hxx
+M Graphic3d:pubinclude:Graphic3d_InitialisationError.hxx /dn43/OCCT/tmp/results_30.09.2011/occt/release-sources-20110930/inc/Graphic3d_InitialisationError.hxx
+M Graphic3d:derivated:Graphic3d_InitialisationError_0.cxx /dn43/OCCT/tmp/results_30.09.2011/occt/release-sources-20110930/drv/Graphic3d/Graphic3d_InitialisationError_0.cxx
+M Graphic3d:pubinclude:Handle_Graphic3d_MaterialDefinitionError.hxx /dn43/OCCT/tmp/results_30.09.2011/occt/release-sources-20110930/inc/Handle_Graphic3d_MaterialDefinitionError.hxx
+M Graphic3d:pubinclude:Graphic3d_MaterialDefinitionError.hxx /dn43/OCCT/tmp/results_30.09.2011/occt/release-sources-20110930/inc/Graphic3d_MaterialDefinitionError.hxx
+M Graphic3d:derivated:Graphic3d_MaterialDefinitionError_0.cxx /dn43/OCCT/tmp/results_30.09.2011/occt/release-sources-20110930/drv/Graphic3d/Graphic3d_MaterialDefinitionError_0.cxx
+M Graphic3d:pubinclude:Handle_Graphic3d_PickIdDefinitionError.hxx /dn43/OCCT/tmp/results_30.09.2011/occt/release-sources-20110930/inc/Handle_Graphic3d_PickIdDefinitionError.hxx
+M Graphic3d:pubinclude:Graphic3d_PickIdDefinitionError.hxx /dn43/OCCT/tmp/results_30.09.2011/occt/release-sources-20110930/inc/Graphic3d_PickIdDefinitionError.hxx
+M Graphic3d:derivated:Graphic3d_PickIdDefinitionError_0.cxx /dn43/OCCT/tmp/results_30.09.2011/occt/release-sources-20110930/drv/Graphic3d/Graphic3d_PickIdDefinitionError_0.cxx
+M Graphic3d:pubinclude:Handle_Graphic3d_PlotterDefinitionError.hxx /dn43/OCCT/tmp/results_30.09.2011/occt/release-sources-20110930/inc/Handle_Graphic3d_PlotterDefinitionError.hxx
+M Graphic3d:pubinclude:Graphic3d_PlotterDefinitionError.hxx /dn43/OCCT/tmp/results_30.09.2011/occt/release-sources-20110930/inc/Graphic3d_PlotterDefinitionError.hxx
+M Graphic3d:derivated:Graphic3d_PlotterDefinitionError_0.cxx /dn43/OCCT/tmp/results_30.09.2011/occt/release-sources-20110930/drv/Graphic3d/Graphic3d_PlotterDefinitionError_0.cxx
+M Graphic3d:pubinclude:Handle_Graphic3d_PriorityDefinitionError.hxx /dn43/OCCT/tmp/results_30.09.2011/occt/release-sources-20110930/inc/Handle_Graphic3d_PriorityDefinitionError.hxx
+M Graphic3d:pubinclude:Graphic3d_PriorityDefinitionError.hxx /dn43/OCCT/tmp/results_30.09.2011/occt/release-sources-20110930/inc/Graphic3d_PriorityDefinitionError.hxx
+M Graphic3d:derivated:Graphic3d_PriorityDefinitionError_0.cxx /dn43/OCCT/tmp/results_30.09.2011/occt/release-sources-20110930/drv/Graphic3d/Graphic3d_PriorityDefinitionError_0.cxx
+M Graphic3d:pubinclude:Handle_Graphic3d_StructureDefinitionError.hxx /dn43/OCCT/tmp/results_30.09.2011/occt/release-sources-20110930/inc/Handle_Graphic3d_StructureDefinitionError.hxx
+M Graphic3d:pubinclude:Graphic3d_StructureDefinitionError.hxx /dn43/OCCT/tmp/results_30.09.2011/occt/release-sources-20110930/inc/Graphic3d_StructureDefinitionError.hxx
+M Graphic3d:derivated:Graphic3d_StructureDefinitionError_0.cxx /dn43/OCCT/tmp/results_30.09.2011/occt/release-sources-20110930/drv/Graphic3d/Graphic3d_StructureDefinitionError_0.cxx
+M Graphic3d:pubinclude:Handle_Graphic3d_TransformError.hxx /dn43/OCCT/tmp/results_30.09.2011/occt/release-sources-20110930/inc/Handle_Graphic3d_TransformError.hxx
+M Graphic3d:pubinclude:Graphic3d_TransformError.hxx /dn43/OCCT/tmp/results_30.09.2011/occt/release-sources-20110930/inc/Graphic3d_TransformError.hxx
+M Graphic3d:derivated:Graphic3d_TransformError_0.cxx /dn43/OCCT/tmp/results_30.09.2011/occt/release-sources-20110930/drv/Graphic3d/Graphic3d_TransformError_0.cxx
+M Graphic3d:pubinclude:Handle_Graphic3d_VectorError.hxx /dn43/OCCT/tmp/results_30.09.2011/occt/release-sources-20110930/inc/Handle_Graphic3d_VectorError.hxx
+M Graphic3d:pubinclude:Graphic3d_VectorError.hxx /dn43/OCCT/tmp/results_30.09.2011/occt/release-sources-20110930/inc/Graphic3d_VectorError.hxx
+M Graphic3d:derivated:Graphic3d_VectorError_0.cxx /dn43/OCCT/tmp/results_30.09.2011/occt/release-sources-20110930/drv/Graphic3d/Graphic3d_VectorError_0.cxx
+M Graphic3d:pubinclude:Graphic3d_NameOfMaterial.hxx /dn43/OCCT/tmp/results_30.09.2011/occt/release-sources-20110930/inc/Graphic3d_NameOfMaterial.hxx
+M Graphic3d:pubinclude:Graphic3d_TypeOfMaterial.hxx /dn43/OCCT/tmp/results_30.09.2011/occt/release-sources-20110930/inc/Graphic3d_TypeOfMaterial.hxx
+M Graphic3d:pubinclude:Graphic3d_NameOfTexture1D.hxx /dn43/OCCT/tmp/results_30.09.2011/occt/release-sources-20110930/inc/Graphic3d_NameOfTexture1D.hxx
+M Graphic3d:pubinclude:Graphic3d_NameOfTexture2D.hxx /dn43/OCCT/tmp/results_30.09.2011/occt/release-sources-20110930/inc/Graphic3d_NameOfTexture2D.hxx
+M Graphic3d:pubinclude:Graphic3d_NameOfTextureEnv.hxx /dn43/OCCT/tmp/results_30.09.2011/occt/release-sources-20110930/inc/Graphic3d_NameOfTextureEnv.hxx
+M Graphic3d:pubinclude:Graphic3d_TypeOfTexture.hxx /dn43/OCCT/tmp/results_30.09.2011/occt/release-sources-20110930/inc/Graphic3d_TypeOfTexture.hxx
+M Graphic3d:pubinclude:Graphic3d_TypeOfTextureMode.hxx /dn43/OCCT/tmp/results_30.09.2011/occt/release-sources-20110930/inc/Graphic3d_TypeOfTextureMode.hxx
+M Graphic3d:pubinclude:Graphic3d_NameOfTexturePlane.hxx /dn43/OCCT/tmp/results_30.09.2011/occt/release-sources-20110930/inc/Graphic3d_NameOfTexturePlane.hxx
+M Graphic3d:pubinclude:Graphic3d_TypeOfComposition.hxx /dn43/OCCT/tmp/results_30.09.2011/occt/release-sources-20110930/inc/Graphic3d_TypeOfComposition.hxx
+M Graphic3d:pubinclude:Graphic3d_TypeOfConnection.hxx /dn43/OCCT/tmp/results_30.09.2011/occt/release-sources-20110930/inc/Graphic3d_TypeOfConnection.hxx
+M Graphic3d:pubinclude:Graphic3d_TypeOfPolygon.hxx /dn43/OCCT/tmp/results_30.09.2011/occt/release-sources-20110930/inc/Graphic3d_TypeOfPolygon.hxx
+M Graphic3d:pubinclude:Graphic3d_TypeOfPrimitive.hxx /dn43/OCCT/tmp/results_30.09.2011/occt/release-sources-20110930/inc/Graphic3d_TypeOfPrimitive.hxx
+M Graphic3d:pubinclude:Graphic3d_TypeOfPrimitiveArray.hxx /dn43/OCCT/tmp/results_30.09.2011/occt/release-sources-20110930/inc/Graphic3d_TypeOfPrimitiveArray.hxx
+M Graphic3d:pubinclude:Graphic3d_TypeOfReflection.hxx /dn43/OCCT/tmp/results_30.09.2011/occt/release-sources-20110930/inc/Graphic3d_TypeOfReflection.hxx
+M Graphic3d:pubinclude:Graphic3d_TypeOfStructure.hxx /dn43/OCCT/tmp/results_30.09.2011/occt/release-sources-20110930/inc/Graphic3d_TypeOfStructure.hxx
+M Graphic3d:pubinclude:Graphic3d_TextPath.hxx /dn43/OCCT/tmp/results_30.09.2011/occt/release-sources-20110930/inc/Graphic3d_TextPath.hxx
+M Graphic3d:pubinclude:Graphic3d_HorizontalTextAlignment.hxx /dn43/OCCT/tmp/results_30.09.2011/occt/release-sources-20110930/inc/Graphic3d_HorizontalTextAlignment.hxx
+M Graphic3d:pubinclude:Graphic3d_VerticalTextAlignment.hxx /dn43/OCCT/tmp/results_30.09.2011/occt/release-sources-20110930/inc/Graphic3d_VerticalTextAlignment.hxx
+M Graphic3d:pubinclude:Graphic3d_GroupAspect.hxx /dn43/OCCT/tmp/results_30.09.2011/occt/release-sources-20110930/inc/Graphic3d_GroupAspect.hxx
+M Graphic3d:pubinclude:Graphic3d_ExportFormat.hxx /dn43/OCCT/tmp/results_30.09.2011/occt/release-sources-20110930/inc/Graphic3d_ExportFormat.hxx
+M Graphic3d:pubinclude:Graphic3d_SortType.hxx /dn43/OCCT/tmp/results_30.09.2011/occt/release-sources-20110930/inc/Graphic3d_SortType.hxx
+M Graphic3d:pubinclude:Graphic3d_StructPtr.hxx /dn43/OCCT/tmp/results_30.09.2011/occt/release-sources-20110930/inc/Graphic3d_StructPtr.hxx
+M Graphic3d:dbadmfile:Graphic3d_xcpp_header.In /dn43/OCCT/tmp/results_30.09.2011/occt/release-sources-20110930/drv/Graphic3d/.adm/Graphic3d_xcpp_header.In
+M Graphic3d:dbadmfile:Graphic3d_xcpp_header.Out /dn43/OCCT/tmp/results_30.09.2011/occt/release-sources-20110930/drv/Graphic3d/.adm/Graphic3d_xcpp_header.Out
+M Graphic3d:dbadmfile:Graphic3d_xcpp_header.Dep /dn43/OCCT/tmp/results_30.09.2011/occt/release-sources-20110930/drv/Graphic3d/.adm/Graphic3d_xcpp_header.Dep
