+M XmlMDataStd:pubinclude:XmlMDataStd.hxx /dn43/OCCT/tmp/results_30.09.2011/occt/release-sources-20110930/inc/XmlMDataStd.hxx
+M XmlMDataStd:privinclude:XmlMDataStd.jxx /dn43/OCCT/tmp/results_30.09.2011/occt/release-sources-20110930/drv/XmlMDataStd/XmlMDataStd.jxx
+M XmlMDataStd:privinclude:XmlMDataStd.ixx /dn43/OCCT/tmp/results_30.09.2011/occt/release-sources-20110930/drv/XmlMDataStd/XmlMDataStd.ixx
+M XmlMDataStd:pubinclude:Handle_XmlMDataStd_NameDriver.hxx /dn43/OCCT/tmp/results_30.09.2011/occt/release-sources-20110930/inc/Handle_XmlMDataStd_NameDriver.hxx
+M XmlMDataStd:pubinclude:XmlMDataStd_NameDriver.hxx /dn43/OCCT/tmp/results_30.09.2011/occt/release-sources-20110930/inc/XmlMDataStd_NameDriver.hxx
+M XmlMDataStd:privinclude:XmlMDataStd_NameDriver.jxx /dn43/OCCT/tmp/results_30.09.2011/occt/release-sources-20110930/drv/XmlMDataStd/XmlMDataStd_NameDriver.jxx
+M XmlMDataStd:privinclude:XmlMDataStd_NameDriver.ixx /dn43/OCCT/tmp/results_30.09.2011/occt/release-sources-20110930/drv/XmlMDataStd/XmlMDataStd_NameDriver.ixx
+M XmlMDataStd:pubinclude:Handle_XmlMDataStd_IntegerDriver.hxx /dn43/OCCT/tmp/results_30.09.2011/occt/release-sources-20110930/inc/Handle_XmlMDataStd_IntegerDriver.hxx
+M XmlMDataStd:pubinclude:XmlMDataStd_IntegerDriver.hxx /dn43/OCCT/tmp/results_30.09.2011/occt/release-sources-20110930/inc/XmlMDataStd_IntegerDriver.hxx
+M XmlMDataStd:privinclude:XmlMDataStd_IntegerDriver.jxx /dn43/OCCT/tmp/results_30.09.2011/occt/release-sources-20110930/drv/XmlMDataStd/XmlMDataStd_IntegerDriver.jxx
+M XmlMDataStd:privinclude:XmlMDataStd_IntegerDriver.ixx /dn43/OCCT/tmp/results_30.09.2011/occt/release-sources-20110930/drv/XmlMDataStd/XmlMDataStd_IntegerDriver.ixx
+M XmlMDataStd:pubinclude:Handle_XmlMDataStd_RealDriver.hxx /dn43/OCCT/tmp/results_30.09.2011/occt/release-sources-20110930/inc/Handle_XmlMDataStd_RealDriver.hxx
+M XmlMDataStd:pubinclude:XmlMDataStd_RealDriver.hxx /dn43/OCCT/tmp/results_30.09.2011/occt/release-sources-20110930/inc/XmlMDataStd_RealDriver.hxx
+M XmlMDataStd:privinclude:XmlMDataStd_RealDriver.jxx /dn43/OCCT/tmp/results_30.09.2011/occt/release-sources-20110930/drv/XmlMDataStd/XmlMDataStd_RealDriver.jxx
+M XmlMDataStd:privinclude:XmlMDataStd_RealDriver.ixx /dn43/OCCT/tmp/results_30.09.2011/occt/release-sources-20110930/drv/XmlMDataStd/XmlMDataStd_RealDriver.ixx
+M XmlMDataStd:pubinclude:Handle_XmlMDataStd_IntegerArrayDriver.hxx /dn43/OCCT/tmp/results_30.09.2011/occt/release-sources-20110930/inc/Handle_XmlMDataStd_IntegerArrayDriver.hxx
+M XmlMDataStd:pubinclude:XmlMDataStd_IntegerArrayDriver.hxx /dn43/OCCT/tmp/results_30.09.2011/occt/release-sources-20110930/inc/XmlMDataStd_IntegerArrayDriver.hxx
+M XmlMDataStd:privinclude:XmlMDataStd_IntegerArrayDriver.jxx /dn43/OCCT/tmp/results_30.09.2011/occt/release-sources-20110930/drv/XmlMDataStd/XmlMDataStd_IntegerArrayDriver.jxx
+M XmlMDataStd:privinclude:XmlMDataStd_IntegerArrayDriver.ixx /dn43/OCCT/tmp/results_30.09.2011/occt/release-sources-20110930/drv/XmlMDataStd/XmlMDataStd_IntegerArrayDriver.ixx
+M XmlMDataStd:pubinclude:Handle_XmlMDataStd_RealArrayDriver.hxx /dn43/OCCT/tmp/results_30.09.2011/occt/release-sources-20110930/inc/Handle_XmlMDataStd_RealArrayDriver.hxx
+M XmlMDataStd:pubinclude:XmlMDataStd_RealArrayDriver.hxx /dn43/OCCT/tmp/results_30.09.2011/occt/release-sources-20110930/inc/XmlMDataStd_RealArrayDriver.hxx
+M XmlMDataStd:privinclude:XmlMDataStd_RealArrayDriver.jxx /dn43/OCCT/tmp/results_30.09.2011/occt/release-sources-20110930/drv/XmlMDataStd/XmlMDataStd_RealArrayDriver.jxx
+M XmlMDataStd:privinclude:XmlMDataStd_RealArrayDriver.ixx /dn43/OCCT/tmp/results_30.09.2011/occt/release-sources-20110930/drv/XmlMDataStd/XmlMDataStd_RealArrayDriver.ixx
+M XmlMDataStd:pubinclude:Handle_XmlMDataStd_ExtStringArrayDriver.hxx /dn43/OCCT/tmp/results_30.09.2011/occt/release-sources-20110930/inc/Handle_XmlMDataStd_ExtStringArrayDriver.hxx
+M XmlMDataStd:pubinclude:XmlMDataStd_ExtStringArrayDriver.hxx /dn43/OCCT/tmp/results_30.09.2011/occt/release-sources-20110930/inc/XmlMDataStd_ExtStringArrayDriver.hxx
+M XmlMDataStd:privinclude:XmlMDataStd_ExtStringArrayDriver.jxx /dn43/OCCT/tmp/results_30.09.2011/occt/release-sources-20110930/drv/XmlMDataStd/XmlMDataStd_ExtStringArrayDriver.jxx
+M XmlMDataStd:privinclude:XmlMDataStd_ExtStringArrayDriver.ixx /dn43/OCCT/tmp/results_30.09.2011/occt/release-sources-20110930/drv/XmlMDataStd/XmlMDataStd_ExtStringArrayDriver.ixx
+M XmlMDataStd:pubinclude:Handle_XmlMDataStd_UAttributeDriver.hxx /dn43/OCCT/tmp/results_30.09.2011/occt/release-sources-20110930/inc/Handle_XmlMDataStd_UAttributeDriver.hxx
+M XmlMDataStd:pubinclude:XmlMDataStd_UAttributeDriver.hxx /dn43/OCCT/tmp/results_30.09.2011/occt/release-sources-20110930/inc/XmlMDataStd_UAttributeDriver.hxx
+M XmlMDataStd:privinclude:XmlMDataStd_UAttributeDriver.jxx /dn43/OCCT/tmp/results_30.09.2011/occt/release-sources-20110930/drv/XmlMDataStd/XmlMDataStd_UAttributeDriver.jxx
+M XmlMDataStd:privinclude:XmlMDataStd_UAttributeDriver.ixx /dn43/OCCT/tmp/results_30.09.2011/occt/release-sources-20110930/drv/XmlMDataStd/XmlMDataStd_UAttributeDriver.ixx
+M XmlMDataStd:pubinclude:Handle_XmlMDataStd_DirectoryDriver.hxx /dn43/OCCT/tmp/results_30.09.2011/occt/release-sources-20110930/inc/Handle_XmlMDataStd_DirectoryDriver.hxx
+M XmlMDataStd:pubinclude:XmlMDataStd_DirectoryDriver.hxx /dn43/OCCT/tmp/results_30.09.2011/occt/release-sources-20110930/inc/XmlMDataStd_DirectoryDriver.hxx
+M XmlMDataStd:privinclude:XmlMDataStd_DirectoryDriver.jxx /dn43/OCCT/tmp/results_30.09.2011/occt/release-sources-20110930/drv/XmlMDataStd/XmlMDataStd_DirectoryDriver.jxx
+M XmlMDataStd:privinclude:XmlMDataStd_DirectoryDriver.ixx /dn43/OCCT/tmp/results_30.09.2011/occt/release-sources-20110930/drv/XmlMDataStd/XmlMDataStd_DirectoryDriver.ixx
+M XmlMDataStd:pubinclude:Handle_XmlMDataStd_CommentDriver.hxx /dn43/OCCT/tmp/results_30.09.2011/occt/release-sources-20110930/inc/Handle_XmlMDataStd_CommentDriver.hxx
+M XmlMDataStd:pubinclude:XmlMDataStd_CommentDriver.hxx /dn43/OCCT/tmp/results_30.09.2011/occt/release-sources-20110930/inc/XmlMDataStd_CommentDriver.hxx
+M XmlMDataStd:privinclude:XmlMDataStd_CommentDriver.jxx /dn43/OCCT/tmp/results_30.09.2011/occt/release-sources-20110930/drv/XmlMDataStd/XmlMDataStd_CommentDriver.jxx
+M XmlMDataStd:privinclude:XmlMDataStd_CommentDriver.ixx /dn43/OCCT/tmp/results_30.09.2011/occt/release-sources-20110930/drv/XmlMDataStd/XmlMDataStd_CommentDriver.ixx
+M XmlMDataStd:pubinclude:Handle_XmlMDataStd_VariableDriver.hxx /dn43/OCCT/tmp/results_30.09.2011/occt/release-sources-20110930/inc/Handle_XmlMDataStd_VariableDriver.hxx
+M XmlMDataStd:pubinclude:XmlMDataStd_VariableDriver.hxx /dn43/OCCT/tmp/results_30.09.2011/occt/release-sources-20110930/inc/XmlMDataStd_VariableDriver.hxx
+M XmlMDataStd:privinclude:XmlMDataStd_VariableDriver.jxx /dn43/OCCT/tmp/results_30.09.2011/occt/release-sources-20110930/drv/XmlMDataStd/XmlMDataStd_VariableDriver.jxx
+M XmlMDataStd:privinclude:XmlMDataStd_VariableDriver.ixx /dn43/OCCT/tmp/results_30.09.2011/occt/release-sources-20110930/drv/XmlMDataStd/XmlMDataStd_VariableDriver.ixx
+M XmlMDataStd:pubinclude:Handle_XmlMDataStd_ExpressionDriver.hxx /dn43/OCCT/tmp/results_30.09.2011/occt/release-sources-20110930/inc/Handle_XmlMDataStd_ExpressionDriver.hxx
+M XmlMDataStd:pubinclude:XmlMDataStd_ExpressionDriver.hxx /dn43/OCCT/tmp/results_30.09.2011/occt/release-sources-20110930/inc/XmlMDataStd_ExpressionDriver.hxx
+M XmlMDataStd:privinclude:XmlMDataStd_ExpressionDriver.jxx /dn43/OCCT/tmp/results_30.09.2011/occt/release-sources-20110930/drv/XmlMDataStd/XmlMDataStd_ExpressionDriver.jxx
+M XmlMDataStd:privinclude:XmlMDataStd_ExpressionDriver.ixx /dn43/OCCT/tmp/results_30.09.2011/occt/release-sources-20110930/drv/XmlMDataStd/XmlMDataStd_ExpressionDriver.ixx
+M XmlMDataStd:pubinclude:Handle_XmlMDataStd_RelationDriver.hxx /dn43/OCCT/tmp/results_30.09.2011/occt/release-sources-20110930/inc/Handle_XmlMDataStd_RelationDriver.hxx
+M XmlMDataStd:pubinclude:XmlMDataStd_RelationDriver.hxx /dn43/OCCT/tmp/results_30.09.2011/occt/release-sources-20110930/inc/XmlMDataStd_RelationDriver.hxx
+M XmlMDataStd:privinclude:XmlMDataStd_RelationDriver.jxx /dn43/OCCT/tmp/results_30.09.2011/occt/release-sources-20110930/drv/XmlMDataStd/XmlMDataStd_RelationDriver.jxx
+M XmlMDataStd:privinclude:XmlMDataStd_RelationDriver.ixx /dn43/OCCT/tmp/results_30.09.2011/occt/release-sources-20110930/drv/XmlMDataStd/XmlMDataStd_RelationDriver.ixx
+M XmlMDataStd:pubinclude:Handle_XmlMDataStd_NoteBookDriver.hxx /dn43/OCCT/tmp/results_30.09.2011/occt/release-sources-20110930/inc/Handle_XmlMDataStd_NoteBookDriver.hxx
+M XmlMDataStd:pubinclude:XmlMDataStd_NoteBookDriver.hxx /dn43/OCCT/tmp/results_30.09.2011/occt/release-sources-20110930/inc/XmlMDataStd_NoteBookDriver.hxx
+M XmlMDataStd:privinclude:XmlMDataStd_NoteBookDriver.jxx /dn43/OCCT/tmp/results_30.09.2011/occt/release-sources-20110930/drv/XmlMDataStd/XmlMDataStd_NoteBookDriver.jxx
+M XmlMDataStd:privinclude:XmlMDataStd_NoteBookDriver.ixx /dn43/OCCT/tmp/results_30.09.2011/occt/release-sources-20110930/drv/XmlMDataStd/XmlMDataStd_NoteBookDriver.ixx
+M XmlMDataStd:pubinclude:Handle_XmlMDataStd_TreeNodeDriver.hxx /dn43/OCCT/tmp/results_30.09.2011/occt/release-sources-20110930/inc/Handle_XmlMDataStd_TreeNodeDriver.hxx
+M XmlMDataStd:pubinclude:XmlMDataStd_TreeNodeDriver.hxx /dn43/OCCT/tmp/results_30.09.2011/occt/release-sources-20110930/inc/XmlMDataStd_TreeNodeDriver.hxx
+M XmlMDataStd:privinclude:XmlMDataStd_TreeNodeDriver.jxx /dn43/OCCT/tmp/results_30.09.2011/occt/release-sources-20110930/drv/XmlMDataStd/XmlMDataStd_TreeNodeDriver.jxx
+M XmlMDataStd:privinclude:XmlMDataStd_TreeNodeDriver.ixx /dn43/OCCT/tmp/results_30.09.2011/occt/release-sources-20110930/drv/XmlMDataStd/XmlMDataStd_TreeNodeDriver.ixx
+M XmlMDataStd:pubinclude:Handle_XmlMDataStd_TickDriver.hxx /dn43/OCCT/tmp/results_30.09.2011/occt/release-sources-20110930/inc/Handle_XmlMDataStd_TickDriver.hxx
+M XmlMDataStd:pubinclude:XmlMDataStd_TickDriver.hxx /dn43/OCCT/tmp/results_30.09.2011/occt/release-sources-20110930/inc/XmlMDataStd_TickDriver.hxx
+M XmlMDataStd:privinclude:XmlMDataStd_TickDriver.jxx /dn43/OCCT/tmp/results_30.09.2011/occt/release-sources-20110930/drv/XmlMDataStd/XmlMDataStd_TickDriver.jxx
+M XmlMDataStd:privinclude:XmlMDataStd_TickDriver.ixx /dn43/OCCT/tmp/results_30.09.2011/occt/release-sources-20110930/drv/XmlMDataStd/XmlMDataStd_TickDriver.ixx
+M XmlMDataStd:pubinclude:Handle_XmlMDataStd_IntegerListDriver.hxx /dn43/OCCT/tmp/results_30.09.2011/occt/release-sources-20110930/inc/Handle_XmlMDataStd_IntegerListDriver.hxx
+M XmlMDataStd:pubinclude:XmlMDataStd_IntegerListDriver.hxx /dn43/OCCT/tmp/results_30.09.2011/occt/release-sources-20110930/inc/XmlMDataStd_IntegerListDriver.hxx
+M XmlMDataStd:privinclude:XmlMDataStd_IntegerListDriver.jxx /dn43/OCCT/tmp/results_30.09.2011/occt/release-sources-20110930/drv/XmlMDataStd/XmlMDataStd_IntegerListDriver.jxx
+M XmlMDataStd:privinclude:XmlMDataStd_IntegerListDriver.ixx /dn43/OCCT/tmp/results_30.09.2011/occt/release-sources-20110930/drv/XmlMDataStd/XmlMDataStd_IntegerListDriver.ixx
+M XmlMDataStd:pubinclude:Handle_XmlMDataStd_RealListDriver.hxx /dn43/OCCT/tmp/results_30.09.2011/occt/release-sources-20110930/inc/Handle_XmlMDataStd_RealListDriver.hxx
+M XmlMDataStd:pubinclude:XmlMDataStd_RealListDriver.hxx /dn43/OCCT/tmp/results_30.09.2011/occt/release-sources-20110930/inc/XmlMDataStd_RealListDriver.hxx
+M XmlMDataStd:privinclude:XmlMDataStd_RealListDriver.jxx /dn43/OCCT/tmp/results_30.09.2011/occt/release-sources-20110930/drv/XmlMDataStd/XmlMDataStd_RealListDriver.jxx
+M XmlMDataStd:privinclude:XmlMDataStd_RealListDriver.ixx /dn43/OCCT/tmp/results_30.09.2011/occt/release-sources-20110930/drv/XmlMDataStd/XmlMDataStd_RealListDriver.ixx
+M XmlMDataStd:pubinclude:Handle_XmlMDataStd_ExtStringListDriver.hxx /dn43/OCCT/tmp/results_30.09.2011/occt/release-sources-20110930/inc/Handle_XmlMDataStd_ExtStringListDriver.hxx
+M XmlMDataStd:pubinclude:XmlMDataStd_ExtStringListDriver.hxx /dn43/OCCT/tmp/results_30.09.2011/occt/release-sources-20110930/inc/XmlMDataStd_ExtStringListDriver.hxx
+M XmlMDataStd:privinclude:XmlMDataStd_ExtStringListDriver.jxx /dn43/OCCT/tmp/results_30.09.2011/occt/release-sources-20110930/drv/XmlMDataStd/XmlMDataStd_ExtStringListDriver.jxx
+M XmlMDataStd:privinclude:XmlMDataStd_ExtStringListDriver.ixx /dn43/OCCT/tmp/results_30.09.2011/occt/release-sources-20110930/drv/XmlMDataStd/XmlMDataStd_ExtStringListDriver.ixx
+M XmlMDataStd:pubinclude:Handle_XmlMDataStd_BooleanListDriver.hxx /dn43/OCCT/tmp/results_30.09.2011/occt/release-sources-20110930/inc/Handle_XmlMDataStd_BooleanListDriver.hxx
+M XmlMDataStd:pubinclude:XmlMDataStd_BooleanListDriver.hxx /dn43/OCCT/tmp/results_30.09.2011/occt/release-sources-20110930/inc/XmlMDataStd_BooleanListDriver.hxx
+M XmlMDataStd:privinclude:XmlMDataStd_BooleanListDriver.jxx /dn43/OCCT/tmp/results_30.09.2011/occt/release-sources-20110930/drv/XmlMDataStd/XmlMDataStd_BooleanListDriver.jxx
+M XmlMDataStd:privinclude:XmlMDataStd_BooleanListDriver.ixx /dn43/OCCT/tmp/results_30.09.2011/occt/release-sources-20110930/drv/XmlMDataStd/XmlMDataStd_BooleanListDriver.ixx
+M XmlMDataStd:pubinclude:Handle_XmlMDataStd_ReferenceListDriver.hxx /dn43/OCCT/tmp/results_30.09.2011/occt/release-sources-20110930/inc/Handle_XmlMDataStd_ReferenceListDriver.hxx
+M XmlMDataStd:pubinclude:XmlMDataStd_ReferenceListDriver.hxx /dn43/OCCT/tmp/results_30.09.2011/occt/release-sources-20110930/inc/XmlMDataStd_ReferenceListDriver.hxx
+M XmlMDataStd:privinclude:XmlMDataStd_ReferenceListDriver.jxx /dn43/OCCT/tmp/results_30.09.2011/occt/release-sources-20110930/drv/XmlMDataStd/XmlMDataStd_ReferenceListDriver.jxx
+M XmlMDataStd:privinclude:XmlMDataStd_ReferenceListDriver.ixx /dn43/OCCT/tmp/results_30.09.2011/occt/release-sources-20110930/drv/XmlMDataStd/XmlMDataStd_ReferenceListDriver.ixx
+M XmlMDataStd:pubinclude:Handle_XmlMDataStd_BooleanArrayDriver.hxx /dn43/OCCT/tmp/results_30.09.2011/occt/release-sources-20110930/inc/Handle_XmlMDataStd_BooleanArrayDriver.hxx
+M XmlMDataStd:pubinclude:XmlMDataStd_BooleanArrayDriver.hxx /dn43/OCCT/tmp/results_30.09.2011/occt/release-sources-20110930/inc/XmlMDataStd_BooleanArrayDriver.hxx
+M XmlMDataStd:privinclude:XmlMDataStd_BooleanArrayDriver.jxx /dn43/OCCT/tmp/results_30.09.2011/occt/release-sources-20110930/drv/XmlMDataStd/XmlMDataStd_BooleanArrayDriver.jxx
+M XmlMDataStd:privinclude:XmlMDataStd_BooleanArrayDriver.ixx /dn43/OCCT/tmp/results_30.09.2011/occt/release-sources-20110930/drv/XmlMDataStd/XmlMDataStd_BooleanArrayDriver.ixx
+M XmlMDataStd:pubinclude:Handle_XmlMDataStd_ReferenceArrayDriver.hxx /dn43/OCCT/tmp/results_30.09.2011/occt/release-sources-20110930/inc/Handle_XmlMDataStd_ReferenceArrayDriver.hxx
+M XmlMDataStd:pubinclude:XmlMDataStd_ReferenceArrayDriver.hxx /dn43/OCCT/tmp/results_30.09.2011/occt/release-sources-20110930/inc/XmlMDataStd_ReferenceArrayDriver.hxx
+M XmlMDataStd:privinclude:XmlMDataStd_ReferenceArrayDriver.jxx /dn43/OCCT/tmp/results_30.09.2011/occt/release-sources-20110930/drv/XmlMDataStd/XmlMDataStd_ReferenceArrayDriver.jxx
+M XmlMDataStd:privinclude:XmlMDataStd_ReferenceArrayDriver.ixx /dn43/OCCT/tmp/results_30.09.2011/occt/release-sources-20110930/drv/XmlMDataStd/XmlMDataStd_ReferenceArrayDriver.ixx
+M XmlMDataStd:pubinclude:Handle_XmlMDataStd_ByteArrayDriver.hxx /dn43/OCCT/tmp/results_30.09.2011/occt/release-sources-20110930/inc/Handle_XmlMDataStd_ByteArrayDriver.hxx
+M XmlMDataStd:pubinclude:XmlMDataStd_ByteArrayDriver.hxx /dn43/OCCT/tmp/results_30.09.2011/occt/release-sources-20110930/inc/XmlMDataStd_ByteArrayDriver.hxx
+M XmlMDataStd:privinclude:XmlMDataStd_ByteArrayDriver.jxx /dn43/OCCT/tmp/results_30.09.2011/occt/release-sources-20110930/drv/XmlMDataStd/XmlMDataStd_ByteArrayDriver.jxx
+M XmlMDataStd:privinclude:XmlMDataStd_ByteArrayDriver.ixx /dn43/OCCT/tmp/results_30.09.2011/occt/release-sources-20110930/drv/XmlMDataStd/XmlMDataStd_ByteArrayDriver.ixx
+M XmlMDataStd:pubinclude:Handle_XmlMDataStd_NamedDataDriver.hxx /dn43/OCCT/tmp/results_30.09.2011/occt/release-sources-20110930/inc/Handle_XmlMDataStd_NamedDataDriver.hxx
+M XmlMDataStd:pubinclude:XmlMDataStd_NamedDataDriver.hxx /dn43/OCCT/tmp/results_30.09.2011/occt/release-sources-20110930/inc/XmlMDataStd_NamedDataDriver.hxx
+M XmlMDataStd:privinclude:XmlMDataStd_NamedDataDriver.jxx /dn43/OCCT/tmp/results_30.09.2011/occt/release-sources-20110930/drv/XmlMDataStd/XmlMDataStd_NamedDataDriver.jxx
+M XmlMDataStd:privinclude:XmlMDataStd_NamedDataDriver.ixx /dn43/OCCT/tmp/results_30.09.2011/occt/release-sources-20110930/drv/XmlMDataStd/XmlMDataStd_NamedDataDriver.ixx
+M XmlMDataStd:pubinclude:Handle_XmlMDataStd_AsciiStringDriver.hxx /dn43/OCCT/tmp/results_30.09.2011/occt/release-sources-20110930/inc/Handle_XmlMDataStd_AsciiStringDriver.hxx
+M XmlMDataStd:pubinclude:XmlMDataStd_AsciiStringDriver.hxx /dn43/OCCT/tmp/results_30.09.2011/occt/release-sources-20110930/inc/XmlMDataStd_AsciiStringDriver.hxx
+M XmlMDataStd:privinclude:XmlMDataStd_AsciiStringDriver.jxx /dn43/OCCT/tmp/results_30.09.2011/occt/release-sources-20110930/drv/XmlMDataStd/XmlMDataStd_AsciiStringDriver.jxx
+M XmlMDataStd:privinclude:XmlMDataStd_AsciiStringDriver.ixx /dn43/OCCT/tmp/results_30.09.2011/occt/release-sources-20110930/drv/XmlMDataStd/XmlMDataStd_AsciiStringDriver.ixx
+M XmlMDataStd:pubinclude:Handle_XmlMDataStd_IntPackedMapDriver.hxx /dn43/OCCT/tmp/results_30.09.2011/occt/release-sources-20110930/inc/Handle_XmlMDataStd_IntPackedMapDriver.hxx
+M XmlMDataStd:pubinclude:XmlMDataStd_IntPackedMapDriver.hxx /dn43/OCCT/tmp/results_30.09.2011/occt/release-sources-20110930/inc/XmlMDataStd_IntPackedMapDriver.hxx
+M XmlMDataStd:privinclude:XmlMDataStd_IntPackedMapDriver.jxx /dn43/OCCT/tmp/results_30.09.2011/occt/release-sources-20110930/drv/XmlMDataStd/XmlMDataStd_IntPackedMapDriver.jxx
+M XmlMDataStd:privinclude:XmlMDataStd_IntPackedMapDriver.ixx /dn43/OCCT/tmp/results_30.09.2011/occt/release-sources-20110930/drv/XmlMDataStd/XmlMDataStd_IntPackedMapDriver.ixx
+M XmlMDataStd:dbadmfile:XmlMDataStd_xcpp_header.In /dn43/OCCT/tmp/results_30.09.2011/occt/release-sources-20110930/drv/XmlMDataStd/.adm/XmlMDataStd_xcpp_header.In
+M XmlMDataStd:dbadmfile:XmlMDataStd_xcpp_header.Out /dn43/OCCT/tmp/results_30.09.2011/occt/release-sources-20110930/drv/XmlMDataStd/.adm/XmlMDataStd_xcpp_header.Out
+M XmlMDataStd:dbadmfile:XmlMDataStd_xcpp_header.Dep /dn43/OCCT/tmp/results_30.09.2011/occt/release-sources-20110930/drv/XmlMDataStd/.adm/XmlMDataStd_xcpp_header.Dep
