+M XmlMDF:pubinclude:XmlMDF.hxx /dn43/OCCT/tmp/results_28.02.2011/occt/release-sources-20110228/inc/XmlMDF.hxx
+M XmlMDF:privinclude:XmlMDF.jxx /dn43/OCCT/tmp/results_28.02.2011/occt/release-sources-20110228/drv/XmlMDF/XmlMDF.jxx
+M XmlMDF:privinclude:XmlMDF.ixx /dn43/OCCT/tmp/results_28.02.2011/occt/release-sources-20110228/drv/XmlMDF/XmlMDF.ixx
+M XmlMDF:pubinclude:Handle_XmlMDF_ADriver.hxx /dn43/OCCT/tmp/results_28.02.2011/occt/release-sources-20110228/inc/Handle_XmlMDF_ADriver.hxx
+M XmlMDF:pubinclude:XmlMDF_ADriver.hxx /dn43/OCCT/tmp/results_28.02.2011/occt/release-sources-20110228/inc/XmlMDF_ADriver.hxx
+M XmlMDF:privinclude:XmlMDF_ADriver.jxx /dn43/OCCT/tmp/results_28.02.2011/occt/release-sources-20110228/drv/XmlMDF/XmlMDF_ADriver.jxx
+M XmlMDF:privinclude:XmlMDF_ADriver.ixx /dn43/OCCT/tmp/results_28.02.2011/occt/release-sources-20110228/drv/XmlMDF/XmlMDF_ADriver.ixx
+M XmlMDF:pubinclude:XmlMDF_MapOfDriver.hxx /dn43/OCCT/tmp/results_28.02.2011/occt/release-sources-20110228/inc/XmlMDF_MapOfDriver.hxx
+M XmlMDF:derivated:XmlMDF_MapOfDriver_0.cxx /dn43/OCCT/tmp/results_28.02.2011/occt/release-sources-20110228/drv/XmlMDF/XmlMDF_MapOfDriver_0.cxx
+M XmlMDF:pubinclude:Handle_XmlMDF_TagSourceDriver.hxx /dn43/OCCT/tmp/results_28.02.2011/occt/release-sources-20110228/inc/Handle_XmlMDF_TagSourceDriver.hxx
+M XmlMDF:pubinclude:XmlMDF_TagSourceDriver.hxx /dn43/OCCT/tmp/results_28.02.2011/occt/release-sources-20110228/inc/XmlMDF_TagSourceDriver.hxx
+M XmlMDF:privinclude:XmlMDF_TagSourceDriver.jxx /dn43/OCCT/tmp/results_28.02.2011/occt/release-sources-20110228/drv/XmlMDF/XmlMDF_TagSourceDriver.jxx
+M XmlMDF:privinclude:XmlMDF_TagSourceDriver.ixx /dn43/OCCT/tmp/results_28.02.2011/occt/release-sources-20110228/drv/XmlMDF/XmlMDF_TagSourceDriver.ixx
+M XmlMDF:pubinclude:Handle_XmlMDF_ReferenceDriver.hxx /dn43/OCCT/tmp/results_28.02.2011/occt/release-sources-20110228/inc/Handle_XmlMDF_ReferenceDriver.hxx
+M XmlMDF:pubinclude:XmlMDF_ReferenceDriver.hxx /dn43/OCCT/tmp/results_28.02.2011/occt/release-sources-20110228/inc/XmlMDF_ReferenceDriver.hxx
+M XmlMDF:privinclude:XmlMDF_ReferenceDriver.jxx /dn43/OCCT/tmp/results_28.02.2011/occt/release-sources-20110228/drv/XmlMDF/XmlMDF_ReferenceDriver.jxx
+M XmlMDF:privinclude:XmlMDF_ReferenceDriver.ixx /dn43/OCCT/tmp/results_28.02.2011/occt/release-sources-20110228/drv/XmlMDF/XmlMDF_ReferenceDriver.ixx
+M XmlMDF:pubinclude:XmlMDF_TypeADriverMap.hxx /dn43/OCCT/tmp/results_28.02.2011/occt/release-sources-20110228/inc/XmlMDF_TypeADriverMap.hxx
+M XmlMDF:derivated:XmlMDF_TypeADriverMap_0.cxx /dn43/OCCT/tmp/results_28.02.2011/occt/release-sources-20110228/drv/XmlMDF/XmlMDF_TypeADriverMap_0.cxx
+M XmlMDF:pubinclude:Handle_XmlMDF_ADriverTable.hxx /dn43/OCCT/tmp/results_28.02.2011/occt/release-sources-20110228/inc/Handle_XmlMDF_ADriverTable.hxx
+M XmlMDF:pubinclude:XmlMDF_ADriverTable.hxx /dn43/OCCT/tmp/results_28.02.2011/occt/release-sources-20110228/inc/XmlMDF_ADriverTable.hxx
+M XmlMDF:privinclude:XmlMDF_ADriverTable.jxx /dn43/OCCT/tmp/results_28.02.2011/occt/release-sources-20110228/drv/XmlMDF/XmlMDF_ADriverTable.jxx
+M XmlMDF:privinclude:XmlMDF_ADriverTable.ixx /dn43/OCCT/tmp/results_28.02.2011/occt/release-sources-20110228/drv/XmlMDF/XmlMDF_ADriverTable.ixx
+M XmlMDF:pubinclude:Handle_XmlMDF_DataMapNodeOfMapOfDriver.hxx /dn43/OCCT/tmp/results_28.02.2011/occt/release-sources-20110228/inc/Handle_XmlMDF_DataMapNodeOfMapOfDriver.hxx
+M XmlMDF:pubinclude:XmlMDF_DataMapNodeOfMapOfDriver.hxx /dn43/OCCT/tmp/results_28.02.2011/occt/release-sources-20110228/inc/XmlMDF_DataMapNodeOfMapOfDriver.hxx
+M XmlMDF:derivated:XmlMDF_DataMapNodeOfMapOfDriver_0.cxx /dn43/OCCT/tmp/results_28.02.2011/occt/release-sources-20110228/drv/XmlMDF/XmlMDF_DataMapNodeOfMapOfDriver_0.cxx
+M XmlMDF:pubinclude:XmlMDF_DataMapIteratorOfMapOfDriver.hxx /dn43/OCCT/tmp/results_28.02.2011/occt/release-sources-20110228/inc/XmlMDF_DataMapIteratorOfMapOfDriver.hxx
+M XmlMDF:derivated:XmlMDF_DataMapIteratorOfMapOfDriver_0.cxx /dn43/OCCT/tmp/results_28.02.2011/occt/release-sources-20110228/drv/XmlMDF/XmlMDF_DataMapIteratorOfMapOfDriver_0.cxx
+M XmlMDF:pubinclude:Handle_XmlMDF_DataMapNodeOfTypeADriverMap.hxx /dn43/OCCT/tmp/results_28.02.2011/occt/release-sources-20110228/inc/Handle_XmlMDF_DataMapNodeOfTypeADriverMap.hxx
+M XmlMDF:pubinclude:XmlMDF_DataMapNodeOfTypeADriverMap.hxx /dn43/OCCT/tmp/results_28.02.2011/occt/release-sources-20110228/inc/XmlMDF_DataMapNodeOfTypeADriverMap.hxx
+M XmlMDF:derivated:XmlMDF_DataMapNodeOfTypeADriverMap_0.cxx /dn43/OCCT/tmp/results_28.02.2011/occt/release-sources-20110228/drv/XmlMDF/XmlMDF_DataMapNodeOfTypeADriverMap_0.cxx
+M XmlMDF:pubinclude:XmlMDF_DataMapIteratorOfTypeADriverMap.hxx /dn43/OCCT/tmp/results_28.02.2011/occt/release-sources-20110228/inc/XmlMDF_DataMapIteratorOfTypeADriverMap.hxx
+M XmlMDF:derivated:XmlMDF_DataMapIteratorOfTypeADriverMap_0.cxx /dn43/OCCT/tmp/results_28.02.2011/occt/release-sources-20110228/drv/XmlMDF/XmlMDF_DataMapIteratorOfTypeADriverMap_0.cxx
+M XmlMDF:dbadmfile:XmlMDF_xcpp_header.In /dn43/OCCT/tmp/results_28.02.2011/occt/release-sources-20110228/drv/XmlMDF/.adm/XmlMDF_xcpp_header.In
+M XmlMDF:dbadmfile:XmlMDF_xcpp_header.Out /dn43/OCCT/tmp/results_28.02.2011/occt/release-sources-20110228/drv/XmlMDF/.adm/XmlMDF_xcpp_header.Out
+M XmlMDF:dbadmfile:XmlMDF_xcpp_header.Dep /dn43/OCCT/tmp/results_28.02.2011/occt/release-sources-20110228/drv/XmlMDF/.adm/XmlMDF_xcpp_header.Dep
