+M MAT:pubinclude:Handle_MAT_Graph.hxx /dn43/OCCT/tmp/results_28.02.2011/occt/release-sources-20110228/inc/Handle_MAT_Graph.hxx
+M MAT:pubinclude:MAT_Graph.hxx /dn43/OCCT/tmp/results_28.02.2011/occt/release-sources-20110228/inc/MAT_Graph.hxx
+M MAT:privinclude:MAT_Graph.jxx /dn43/OCCT/tmp/results_28.02.2011/occt/release-sources-20110228/drv/MAT/MAT_Graph.jxx
+M MAT:privinclude:MAT_Graph.ixx /dn43/OCCT/tmp/results_28.02.2011/occt/release-sources-20110228/drv/MAT/MAT_Graph.ixx
+M MAT:pubinclude:Handle_MAT_Arc.hxx /dn43/OCCT/tmp/results_28.02.2011/occt/release-sources-20110228/inc/Handle_MAT_Arc.hxx
+M MAT:pubinclude:MAT_Arc.hxx /dn43/OCCT/tmp/results_28.02.2011/occt/release-sources-20110228/inc/MAT_Arc.hxx
+M MAT:privinclude:MAT_Arc.jxx /dn43/OCCT/tmp/results_28.02.2011/occt/release-sources-20110228/drv/MAT/MAT_Arc.jxx
+M MAT:privinclude:MAT_Arc.ixx /dn43/OCCT/tmp/results_28.02.2011/occt/release-sources-20110228/drv/MAT/MAT_Arc.ixx
+M MAT:pubinclude:Handle_MAT_Node.hxx /dn43/OCCT/tmp/results_28.02.2011/occt/release-sources-20110228/inc/Handle_MAT_Node.hxx
+M MAT:pubinclude:MAT_Node.hxx /dn43/OCCT/tmp/results_28.02.2011/occt/release-sources-20110228/inc/MAT_Node.hxx
+M MAT:privinclude:MAT_Node.jxx /dn43/OCCT/tmp/results_28.02.2011/occt/release-sources-20110228/drv/MAT/MAT_Node.jxx
+M MAT:privinclude:MAT_Node.ixx /dn43/OCCT/tmp/results_28.02.2011/occt/release-sources-20110228/drv/MAT/MAT_Node.ixx
+M MAT:pubinclude:Handle_MAT_BasicElt.hxx /dn43/OCCT/tmp/results_28.02.2011/occt/release-sources-20110228/inc/Handle_MAT_BasicElt.hxx
+M MAT:pubinclude:MAT_BasicElt.hxx /dn43/OCCT/tmp/results_28.02.2011/occt/release-sources-20110228/inc/MAT_BasicElt.hxx
+M MAT:privinclude:MAT_BasicElt.jxx /dn43/OCCT/tmp/results_28.02.2011/occt/release-sources-20110228/drv/MAT/MAT_BasicElt.jxx
+M MAT:privinclude:MAT_BasicElt.ixx /dn43/OCCT/tmp/results_28.02.2011/occt/release-sources-20110228/drv/MAT/MAT_BasicElt.ixx
+M MAT:pubinclude:Handle_MAT_Zone.hxx /dn43/OCCT/tmp/results_28.02.2011/occt/release-sources-20110228/inc/Handle_MAT_Zone.hxx
+M MAT:pubinclude:MAT_Zone.hxx /dn43/OCCT/tmp/results_28.02.2011/occt/release-sources-20110228/inc/MAT_Zone.hxx
+M MAT:privinclude:MAT_Zone.jxx /dn43/OCCT/tmp/results_28.02.2011/occt/release-sources-20110228/drv/MAT/MAT_Zone.jxx
+M MAT:privinclude:MAT_Zone.ixx /dn43/OCCT/tmp/results_28.02.2011/occt/release-sources-20110228/drv/MAT/MAT_Zone.ixx
+M MAT:pubinclude:MAT_SequenceOfBasicElt.hxx /dn43/OCCT/tmp/results_28.02.2011/occt/release-sources-20110228/inc/MAT_SequenceOfBasicElt.hxx
+M MAT:derivated:MAT_SequenceOfBasicElt_0.cxx /dn43/OCCT/tmp/results_28.02.2011/occt/release-sources-20110228/drv/MAT/MAT_SequenceOfBasicElt_0.cxx
+M MAT:pubinclude:MAT_SequenceOfArc.hxx /dn43/OCCT/tmp/results_28.02.2011/occt/release-sources-20110228/inc/MAT_SequenceOfArc.hxx
+M MAT:derivated:MAT_SequenceOfArc_0.cxx /dn43/OCCT/tmp/results_28.02.2011/occt/release-sources-20110228/drv/MAT/MAT_SequenceOfArc_0.cxx
+M MAT:pubinclude:MAT_DataMapOfIntegerArc.hxx /dn43/OCCT/tmp/results_28.02.2011/occt/release-sources-20110228/inc/MAT_DataMapOfIntegerArc.hxx
+M MAT:derivated:MAT_DataMapOfIntegerArc_0.cxx /dn43/OCCT/tmp/results_28.02.2011/occt/release-sources-20110228/drv/MAT/MAT_DataMapOfIntegerArc_0.cxx
+M MAT:pubinclude:MAT_DataMapOfIntegerBasicElt.hxx /dn43/OCCT/tmp/results_28.02.2011/occt/release-sources-20110228/inc/MAT_DataMapOfIntegerBasicElt.hxx
+M MAT:derivated:MAT_DataMapOfIntegerBasicElt_0.cxx /dn43/OCCT/tmp/results_28.02.2011/occt/release-sources-20110228/drv/MAT/MAT_DataMapOfIntegerBasicElt_0.cxx
+M MAT:pubinclude:MAT_DataMapOfIntegerNode.hxx /dn43/OCCT/tmp/results_28.02.2011/occt/release-sources-20110228/inc/MAT_DataMapOfIntegerNode.hxx
+M MAT:derivated:MAT_DataMapOfIntegerNode_0.cxx /dn43/OCCT/tmp/results_28.02.2011/occt/release-sources-20110228/drv/MAT/MAT_DataMapOfIntegerNode_0.cxx
+M MAT:pubinclude:Handle_MAT_Bisector.hxx /dn43/OCCT/tmp/results_28.02.2011/occt/release-sources-20110228/inc/Handle_MAT_Bisector.hxx
+M MAT:pubinclude:MAT_Bisector.hxx /dn43/OCCT/tmp/results_28.02.2011/occt/release-sources-20110228/inc/MAT_Bisector.hxx
+M MAT:privinclude:MAT_Bisector.jxx /dn43/OCCT/tmp/results_28.02.2011/occt/release-sources-20110228/drv/MAT/MAT_Bisector.jxx
+M MAT:privinclude:MAT_Bisector.ixx /dn43/OCCT/tmp/results_28.02.2011/occt/release-sources-20110228/drv/MAT/MAT_Bisector.ixx
+M MAT:pubinclude:MAT_DataMapOfIntegerBisector.hxx /dn43/OCCT/tmp/results_28.02.2011/occt/release-sources-20110228/inc/MAT_DataMapOfIntegerBisector.hxx
+M MAT:derivated:MAT_DataMapOfIntegerBisector_0.cxx /dn43/OCCT/tmp/results_28.02.2011/occt/release-sources-20110228/drv/MAT/MAT_DataMapOfIntegerBisector_0.cxx
+M MAT:pubinclude:Handle_MAT_ListOfBisector.hxx /dn43/OCCT/tmp/results_28.02.2011/occt/release-sources-20110228/inc/Handle_MAT_ListOfBisector.hxx
+M MAT:pubinclude:MAT_ListOfBisector.hxx /dn43/OCCT/tmp/results_28.02.2011/occt/release-sources-20110228/inc/MAT_ListOfBisector.hxx
+M MAT:derivated:MAT_ListOfBisector_0.cxx /dn43/OCCT/tmp/results_28.02.2011/occt/release-sources-20110228/drv/MAT/MAT_ListOfBisector_0.cxx
+M MAT:pubinclude:Handle_MAT_Edge.hxx /dn43/OCCT/tmp/results_28.02.2011/occt/release-sources-20110228/inc/Handle_MAT_Edge.hxx
+M MAT:pubinclude:MAT_Edge.hxx /dn43/OCCT/tmp/results_28.02.2011/occt/release-sources-20110228/inc/MAT_Edge.hxx
+M MAT:privinclude:MAT_Edge.jxx /dn43/OCCT/tmp/results_28.02.2011/occt/release-sources-20110228/drv/MAT/MAT_Edge.jxx
+M MAT:privinclude:MAT_Edge.ixx /dn43/OCCT/tmp/results_28.02.2011/occt/release-sources-20110228/drv/MAT/MAT_Edge.ixx
+M MAT:pubinclude:Handle_MAT_ListOfEdge.hxx /dn43/OCCT/tmp/results_28.02.2011/occt/release-sources-20110228/inc/Handle_MAT_ListOfEdge.hxx
+M MAT:pubinclude:MAT_ListOfEdge.hxx /dn43/OCCT/tmp/results_28.02.2011/occt/release-sources-20110228/inc/MAT_ListOfEdge.hxx
+M MAT:derivated:MAT_ListOfEdge_0.cxx /dn43/OCCT/tmp/results_28.02.2011/occt/release-sources-20110228/drv/MAT/MAT_ListOfEdge_0.cxx
+M MAT:pubinclude:Handle_MAT_SequenceNodeOfSequenceOfBasicElt.hxx /dn43/OCCT/tmp/results_28.02.2011/occt/release-sources-20110228/inc/Handle_MAT_SequenceNodeOfSequenceOfBasicElt.hxx
+M MAT:pubinclude:MAT_SequenceNodeOfSequenceOfBasicElt.hxx /dn43/OCCT/tmp/results_28.02.2011/occt/release-sources-20110228/inc/MAT_SequenceNodeOfSequenceOfBasicElt.hxx
+M MAT:derivated:MAT_SequenceNodeOfSequenceOfBasicElt_0.cxx /dn43/OCCT/tmp/results_28.02.2011/occt/release-sources-20110228/drv/MAT/MAT_SequenceNodeOfSequenceOfBasicElt_0.cxx
+M MAT:pubinclude:Handle_MAT_SequenceNodeOfSequenceOfArc.hxx /dn43/OCCT/tmp/results_28.02.2011/occt/release-sources-20110228/inc/Handle_MAT_SequenceNodeOfSequenceOfArc.hxx
+M MAT:pubinclude:MAT_SequenceNodeOfSequenceOfArc.hxx /dn43/OCCT/tmp/results_28.02.2011/occt/release-sources-20110228/inc/MAT_SequenceNodeOfSequenceOfArc.hxx
+M MAT:derivated:MAT_SequenceNodeOfSequenceOfArc_0.cxx /dn43/OCCT/tmp/results_28.02.2011/occt/release-sources-20110228/drv/MAT/MAT_SequenceNodeOfSequenceOfArc_0.cxx
+M MAT:pubinclude:Handle_MAT_DataMapNodeOfDataMapOfIntegerArc.hxx /dn43/OCCT/tmp/results_28.02.2011/occt/release-sources-20110228/inc/Handle_MAT_DataMapNodeOfDataMapOfIntegerArc.hxx
+M MAT:pubinclude:MAT_DataMapNodeOfDataMapOfIntegerArc.hxx /dn43/OCCT/tmp/results_28.02.2011/occt/release-sources-20110228/inc/MAT_DataMapNodeOfDataMapOfIntegerArc.hxx
+M MAT:derivated:MAT_DataMapNodeOfDataMapOfIntegerArc_0.cxx /dn43/OCCT/tmp/results_28.02.2011/occt/release-sources-20110228/drv/MAT/MAT_DataMapNodeOfDataMapOfIntegerArc_0.cxx
+M MAT:pubinclude:MAT_DataMapIteratorOfDataMapOfIntegerArc.hxx /dn43/OCCT/tmp/results_28.02.2011/occt/release-sources-20110228/inc/MAT_DataMapIteratorOfDataMapOfIntegerArc.hxx
+M MAT:derivated:MAT_DataMapIteratorOfDataMapOfIntegerArc_0.cxx /dn43/OCCT/tmp/results_28.02.2011/occt/release-sources-20110228/drv/MAT/MAT_DataMapIteratorOfDataMapOfIntegerArc_0.cxx
+M MAT:pubinclude:Handle_MAT_DataMapNodeOfDataMapOfIntegerBasicElt.hxx /dn43/OCCT/tmp/results_28.02.2011/occt/release-sources-20110228/inc/Handle_MAT_DataMapNodeOfDataMapOfIntegerBasicElt.hxx
+M MAT:pubinclude:MAT_DataMapNodeOfDataMapOfIntegerBasicElt.hxx /dn43/OCCT/tmp/results_28.02.2011/occt/release-sources-20110228/inc/MAT_DataMapNodeOfDataMapOfIntegerBasicElt.hxx
+M MAT:derivated:MAT_DataMapNodeOfDataMapOfIntegerBasicElt_0.cxx /dn43/OCCT/tmp/results_28.02.2011/occt/release-sources-20110228/drv/MAT/MAT_DataMapNodeOfDataMapOfIntegerBasicElt_0.cxx
+M MAT:pubinclude:MAT_DataMapIteratorOfDataMapOfIntegerBasicElt.hxx /dn43/OCCT/tmp/results_28.02.2011/occt/release-sources-20110228/inc/MAT_DataMapIteratorOfDataMapOfIntegerBasicElt.hxx
+M MAT:derivated:MAT_DataMapIteratorOfDataMapOfIntegerBasicElt_0.cxx /dn43/OCCT/tmp/results_28.02.2011/occt/release-sources-20110228/drv/MAT/MAT_DataMapIteratorOfDataMapOfIntegerBasicElt_0.cxx
+M MAT:pubinclude:Handle_MAT_DataMapNodeOfDataMapOfIntegerNode.hxx /dn43/OCCT/tmp/results_28.02.2011/occt/release-sources-20110228/inc/Handle_MAT_DataMapNodeOfDataMapOfIntegerNode.hxx
+M MAT:pubinclude:MAT_DataMapNodeOfDataMapOfIntegerNode.hxx /dn43/OCCT/tmp/results_28.02.2011/occt/release-sources-20110228/inc/MAT_DataMapNodeOfDataMapOfIntegerNode.hxx
+M MAT:derivated:MAT_DataMapNodeOfDataMapOfIntegerNode_0.cxx /dn43/OCCT/tmp/results_28.02.2011/occt/release-sources-20110228/drv/MAT/MAT_DataMapNodeOfDataMapOfIntegerNode_0.cxx
+M MAT:pubinclude:MAT_DataMapIteratorOfDataMapOfIntegerNode.hxx /dn43/OCCT/tmp/results_28.02.2011/occt/release-sources-20110228/inc/MAT_DataMapIteratorOfDataMapOfIntegerNode.hxx
+M MAT:derivated:MAT_DataMapIteratorOfDataMapOfIntegerNode_0.cxx /dn43/OCCT/tmp/results_28.02.2011/occt/release-sources-20110228/drv/MAT/MAT_DataMapIteratorOfDataMapOfIntegerNode_0.cxx
+M MAT:pubinclude:Handle_MAT_DataMapNodeOfDataMapOfIntegerBisector.hxx /dn43/OCCT/tmp/results_28.02.2011/occt/release-sources-20110228/inc/Handle_MAT_DataMapNodeOfDataMapOfIntegerBisector.hxx
+M MAT:pubinclude:MAT_DataMapNodeOfDataMapOfIntegerBisector.hxx /dn43/OCCT/tmp/results_28.02.2011/occt/release-sources-20110228/inc/MAT_DataMapNodeOfDataMapOfIntegerBisector.hxx
+M MAT:derivated:MAT_DataMapNodeOfDataMapOfIntegerBisector_0.cxx /dn43/OCCT/tmp/results_28.02.2011/occt/release-sources-20110228/drv/MAT/MAT_DataMapNodeOfDataMapOfIntegerBisector_0.cxx
+M MAT:pubinclude:MAT_DataMapIteratorOfDataMapOfIntegerBisector.hxx /dn43/OCCT/tmp/results_28.02.2011/occt/release-sources-20110228/inc/MAT_DataMapIteratorOfDataMapOfIntegerBisector.hxx
+M MAT:derivated:MAT_DataMapIteratorOfDataMapOfIntegerBisector_0.cxx /dn43/OCCT/tmp/results_28.02.2011/occt/release-sources-20110228/drv/MAT/MAT_DataMapIteratorOfDataMapOfIntegerBisector_0.cxx
+M MAT:pubinclude:Handle_MAT_TListNodeOfListOfBisector.hxx /dn43/OCCT/tmp/results_28.02.2011/occt/release-sources-20110228/inc/Handle_MAT_TListNodeOfListOfBisector.hxx
+M MAT:pubinclude:MAT_TListNodeOfListOfBisector.hxx /dn43/OCCT/tmp/results_28.02.2011/occt/release-sources-20110228/inc/MAT_TListNodeOfListOfBisector.hxx
+M MAT:derivated:MAT_TListNodeOfListOfBisector_0.cxx /dn43/OCCT/tmp/results_28.02.2011/occt/release-sources-20110228/drv/MAT/MAT_TListNodeOfListOfBisector_0.cxx
+M MAT:pubinclude:Handle_MAT_TListNodeOfListOfEdge.hxx /dn43/OCCT/tmp/results_28.02.2011/occt/release-sources-20110228/inc/Handle_MAT_TListNodeOfListOfEdge.hxx
+M MAT:pubinclude:MAT_TListNodeOfListOfEdge.hxx /dn43/OCCT/tmp/results_28.02.2011/occt/release-sources-20110228/inc/MAT_TListNodeOfListOfEdge.hxx
+M MAT:derivated:MAT_TListNodeOfListOfEdge_0.cxx /dn43/OCCT/tmp/results_28.02.2011/occt/release-sources-20110228/drv/MAT/MAT_TListNodeOfListOfEdge_0.cxx
+M MAT:pubinclude:MAT_Side.hxx /dn43/OCCT/tmp/results_28.02.2011/occt/release-sources-20110228/inc/MAT_Side.hxx
+M MAT:dbadmfile:MAT_xcpp_header.In /dn43/OCCT/tmp/results_28.02.2011/occt/release-sources-20110228/drv/MAT/.adm/MAT_xcpp_header.In
+M MAT:dbadmfile:MAT_xcpp_header.Out /dn43/OCCT/tmp/results_28.02.2011/occt/release-sources-20110228/drv/MAT/.adm/MAT_xcpp_header.Out
+M MAT:dbadmfile:MAT_xcpp_header.Dep /dn43/OCCT/tmp/results_28.02.2011/occt/release-sources-20110228/drv/MAT/.adm/MAT_xcpp_header.Dep
