+M MNaming:pubinclude:MNaming.hxx /dn43/OCCT/tmp/results_31.05.2011/occt/release-sources-20110531/inc/MNaming.hxx
+M MNaming:privinclude:MNaming.jxx /dn43/OCCT/tmp/results_31.05.2011/occt/release-sources-20110531/drv/MNaming/MNaming.jxx
+M MNaming:privinclude:MNaming.ixx /dn43/OCCT/tmp/results_31.05.2011/occt/release-sources-20110531/drv/MNaming/MNaming.ixx
+M MNaming:pubinclude:Handle_MNaming_NamedShapeRetrievalDriver.hxx /dn43/OCCT/tmp/results_31.05.2011/occt/release-sources-20110531/inc/Handle_MNaming_NamedShapeRetrievalDriver.hxx
+M MNaming:pubinclude:MNaming_NamedShapeRetrievalDriver.hxx /dn43/OCCT/tmp/results_31.05.2011/occt/release-sources-20110531/inc/MNaming_NamedShapeRetrievalDriver.hxx
+M MNaming:privinclude:MNaming_NamedShapeRetrievalDriver.jxx /dn43/OCCT/tmp/results_31.05.2011/occt/release-sources-20110531/drv/MNaming/MNaming_NamedShapeRetrievalDriver.jxx
+M MNaming:privinclude:MNaming_NamedShapeRetrievalDriver.ixx /dn43/OCCT/tmp/results_31.05.2011/occt/release-sources-20110531/drv/MNaming/MNaming_NamedShapeRetrievalDriver.ixx
+M MNaming:pubinclude:Handle_MNaming_NamingRetrievalDriver.hxx /dn43/OCCT/tmp/results_31.05.2011/occt/release-sources-20110531/inc/Handle_MNaming_NamingRetrievalDriver.hxx
+M MNaming:pubinclude:MNaming_NamingRetrievalDriver.hxx /dn43/OCCT/tmp/results_31.05.2011/occt/release-sources-20110531/inc/MNaming_NamingRetrievalDriver.hxx
+M MNaming:privinclude:MNaming_NamingRetrievalDriver.jxx /dn43/OCCT/tmp/results_31.05.2011/occt/release-sources-20110531/drv/MNaming/MNaming_NamingRetrievalDriver.jxx
+M MNaming:privinclude:MNaming_NamingRetrievalDriver.ixx /dn43/OCCT/tmp/results_31.05.2011/occt/release-sources-20110531/drv/MNaming/MNaming_NamingRetrievalDriver.ixx
+M MNaming:pubinclude:Handle_MNaming_NamingRetrievalDriver_1.hxx /dn43/OCCT/tmp/results_31.05.2011/occt/release-sources-20110531/inc/Handle_MNaming_NamingRetrievalDriver_1.hxx
+M MNaming:pubinclude:MNaming_NamingRetrievalDriver_1.hxx /dn43/OCCT/tmp/results_31.05.2011/occt/release-sources-20110531/inc/MNaming_NamingRetrievalDriver_1.hxx
+M MNaming:privinclude:MNaming_NamingRetrievalDriver_1.jxx /dn43/OCCT/tmp/results_31.05.2011/occt/release-sources-20110531/drv/MNaming/MNaming_NamingRetrievalDriver_1.jxx
+M MNaming:privinclude:MNaming_NamingRetrievalDriver_1.ixx /dn43/OCCT/tmp/results_31.05.2011/occt/release-sources-20110531/drv/MNaming/MNaming_NamingRetrievalDriver_1.ixx
+M MNaming:pubinclude:Handle_MNaming_NamedShapeStorageDriver.hxx /dn43/OCCT/tmp/results_31.05.2011/occt/release-sources-20110531/inc/Handle_MNaming_NamedShapeStorageDriver.hxx
+M MNaming:pubinclude:MNaming_NamedShapeStorageDriver.hxx /dn43/OCCT/tmp/results_31.05.2011/occt/release-sources-20110531/inc/MNaming_NamedShapeStorageDriver.hxx
+M MNaming:privinclude:MNaming_NamedShapeStorageDriver.jxx /dn43/OCCT/tmp/results_31.05.2011/occt/release-sources-20110531/drv/MNaming/MNaming_NamedShapeStorageDriver.jxx
+M MNaming:privinclude:MNaming_NamedShapeStorageDriver.ixx /dn43/OCCT/tmp/results_31.05.2011/occt/release-sources-20110531/drv/MNaming/MNaming_NamedShapeStorageDriver.ixx
+M MNaming:pubinclude:Handle_MNaming_NamingStorageDriver.hxx /dn43/OCCT/tmp/results_31.05.2011/occt/release-sources-20110531/inc/Handle_MNaming_NamingStorageDriver.hxx
+M MNaming:pubinclude:MNaming_NamingStorageDriver.hxx /dn43/OCCT/tmp/results_31.05.2011/occt/release-sources-20110531/inc/MNaming_NamingStorageDriver.hxx
+M MNaming:privinclude:MNaming_NamingStorageDriver.jxx /dn43/OCCT/tmp/results_31.05.2011/occt/release-sources-20110531/drv/MNaming/MNaming_NamingStorageDriver.jxx
+M MNaming:privinclude:MNaming_NamingStorageDriver.ixx /dn43/OCCT/tmp/results_31.05.2011/occt/release-sources-20110531/drv/MNaming/MNaming_NamingStorageDriver.ixx
+M MNaming:dbadmfile:MNaming_xcpp_header.In /dn43/OCCT/tmp/results_31.05.2011/occt/release-sources-20110531/drv/MNaming/.adm/MNaming_xcpp_header.In
+M MNaming:dbadmfile:MNaming_xcpp_header.Out /dn43/OCCT/tmp/results_31.05.2011/occt/release-sources-20110531/drv/MNaming/.adm/MNaming_xcpp_header.Out
+M MNaming:dbadmfile:MNaming_xcpp_header.Dep /dn43/OCCT/tmp/results_31.05.2011/occt/release-sources-20110531/drv/MNaming/.adm/MNaming_xcpp_header.Dep
