+M TColGeom2d:pubinclude:TColGeom2d_Array1OfGeometry.hxx /dn43/OCCT/tmp/results_31.05.2011/occt/release-sources-20110531/inc/TColGeom2d_Array1OfGeometry.hxx
+M TColGeom2d:derivated:TColGeom2d_Array1OfGeometry_0.cxx /dn43/OCCT/tmp/results_31.05.2011/occt/release-sources-20110531/drv/TColGeom2d/TColGeom2d_Array1OfGeometry_0.cxx
+M TColGeom2d:pubinclude:TColGeom2d_Array1OfCurve.hxx /dn43/OCCT/tmp/results_31.05.2011/occt/release-sources-20110531/inc/TColGeom2d_Array1OfCurve.hxx
+M TColGeom2d:derivated:TColGeom2d_Array1OfCurve_0.cxx /dn43/OCCT/tmp/results_31.05.2011/occt/release-sources-20110531/drv/TColGeom2d/TColGeom2d_Array1OfCurve_0.cxx
+M TColGeom2d:pubinclude:TColGeom2d_Array1OfBoundedCurve.hxx /dn43/OCCT/tmp/results_31.05.2011/occt/release-sources-20110531/inc/TColGeom2d_Array1OfBoundedCurve.hxx
+M TColGeom2d:derivated:TColGeom2d_Array1OfBoundedCurve_0.cxx /dn43/OCCT/tmp/results_31.05.2011/occt/release-sources-20110531/drv/TColGeom2d/TColGeom2d_Array1OfBoundedCurve_0.cxx
+M TColGeom2d:pubinclude:TColGeom2d_Array1OfBezierCurve.hxx /dn43/OCCT/tmp/results_31.05.2011/occt/release-sources-20110531/inc/TColGeom2d_Array1OfBezierCurve.hxx
+M TColGeom2d:derivated:TColGeom2d_Array1OfBezierCurve_0.cxx /dn43/OCCT/tmp/results_31.05.2011/occt/release-sources-20110531/drv/TColGeom2d/TColGeom2d_Array1OfBezierCurve_0.cxx
+M TColGeom2d:pubinclude:TColGeom2d_Array1OfBSplineCurve.hxx /dn43/OCCT/tmp/results_31.05.2011/occt/release-sources-20110531/inc/TColGeom2d_Array1OfBSplineCurve.hxx
+M TColGeom2d:derivated:TColGeom2d_Array1OfBSplineCurve_0.cxx /dn43/OCCT/tmp/results_31.05.2011/occt/release-sources-20110531/drv/TColGeom2d/TColGeom2d_Array1OfBSplineCurve_0.cxx
+M TColGeom2d:pubinclude:Handle_TColGeom2d_HArray1OfGeometry.hxx /dn43/OCCT/tmp/results_31.05.2011/occt/release-sources-20110531/inc/Handle_TColGeom2d_HArray1OfGeometry.hxx
+M TColGeom2d:pubinclude:TColGeom2d_HArray1OfGeometry.hxx /dn43/OCCT/tmp/results_31.05.2011/occt/release-sources-20110531/inc/TColGeom2d_HArray1OfGeometry.hxx
+M TColGeom2d:derivated:TColGeom2d_HArray1OfGeometry_0.cxx /dn43/OCCT/tmp/results_31.05.2011/occt/release-sources-20110531/drv/TColGeom2d/TColGeom2d_HArray1OfGeometry_0.cxx
+M TColGeom2d:pubinclude:Handle_TColGeom2d_HArray1OfCurve.hxx /dn43/OCCT/tmp/results_31.05.2011/occt/release-sources-20110531/inc/Handle_TColGeom2d_HArray1OfCurve.hxx
+M TColGeom2d:pubinclude:TColGeom2d_HArray1OfCurve.hxx /dn43/OCCT/tmp/results_31.05.2011/occt/release-sources-20110531/inc/TColGeom2d_HArray1OfCurve.hxx
+M TColGeom2d:derivated:TColGeom2d_HArray1OfCurve_0.cxx /dn43/OCCT/tmp/results_31.05.2011/occt/release-sources-20110531/drv/TColGeom2d/TColGeom2d_HArray1OfCurve_0.cxx
+M TColGeom2d:pubinclude:Handle_TColGeom2d_HArray1OfBoundedCurve.hxx /dn43/OCCT/tmp/results_31.05.2011/occt/release-sources-20110531/inc/Handle_TColGeom2d_HArray1OfBoundedCurve.hxx
+M TColGeom2d:pubinclude:TColGeom2d_HArray1OfBoundedCurve.hxx /dn43/OCCT/tmp/results_31.05.2011/occt/release-sources-20110531/inc/TColGeom2d_HArray1OfBoundedCurve.hxx
+M TColGeom2d:derivated:TColGeom2d_HArray1OfBoundedCurve_0.cxx /dn43/OCCT/tmp/results_31.05.2011/occt/release-sources-20110531/drv/TColGeom2d/TColGeom2d_HArray1OfBoundedCurve_0.cxx
+M TColGeom2d:pubinclude:Handle_TColGeom2d_HArray1OfBezierCurve.hxx /dn43/OCCT/tmp/results_31.05.2011/occt/release-sources-20110531/inc/Handle_TColGeom2d_HArray1OfBezierCurve.hxx
+M TColGeom2d:pubinclude:TColGeom2d_HArray1OfBezierCurve.hxx /dn43/OCCT/tmp/results_31.05.2011/occt/release-sources-20110531/inc/TColGeom2d_HArray1OfBezierCurve.hxx
+M TColGeom2d:derivated:TColGeom2d_HArray1OfBezierCurve_0.cxx /dn43/OCCT/tmp/results_31.05.2011/occt/release-sources-20110531/drv/TColGeom2d/TColGeom2d_HArray1OfBezierCurve_0.cxx
+M TColGeom2d:pubinclude:Handle_TColGeom2d_HArray1OfBSplineCurve.hxx /dn43/OCCT/tmp/results_31.05.2011/occt/release-sources-20110531/inc/Handle_TColGeom2d_HArray1OfBSplineCurve.hxx
+M TColGeom2d:pubinclude:TColGeom2d_HArray1OfBSplineCurve.hxx /dn43/OCCT/tmp/results_31.05.2011/occt/release-sources-20110531/inc/TColGeom2d_HArray1OfBSplineCurve.hxx
+M TColGeom2d:derivated:TColGeom2d_HArray1OfBSplineCurve_0.cxx /dn43/OCCT/tmp/results_31.05.2011/occt/release-sources-20110531/drv/TColGeom2d/TColGeom2d_HArray1OfBSplineCurve_0.cxx
+M TColGeom2d:pubinclude:TColGeom2d_SequenceOfGeometry.hxx /dn43/OCCT/tmp/results_31.05.2011/occt/release-sources-20110531/inc/TColGeom2d_SequenceOfGeometry.hxx
+M TColGeom2d:derivated:TColGeom2d_SequenceOfGeometry_0.cxx /dn43/OCCT/tmp/results_31.05.2011/occt/release-sources-20110531/drv/TColGeom2d/TColGeom2d_SequenceOfGeometry_0.cxx
+M TColGeom2d:pubinclude:TColGeom2d_SequenceOfCurve.hxx /dn43/OCCT/tmp/results_31.05.2011/occt/release-sources-20110531/inc/TColGeom2d_SequenceOfCurve.hxx
+M TColGeom2d:derivated:TColGeom2d_SequenceOfCurve_0.cxx /dn43/OCCT/tmp/results_31.05.2011/occt/release-sources-20110531/drv/TColGeom2d/TColGeom2d_SequenceOfCurve_0.cxx
+M TColGeom2d:pubinclude:TColGeom2d_SequenceOfBoundedCurve.hxx /dn43/OCCT/tmp/results_31.05.2011/occt/release-sources-20110531/inc/TColGeom2d_SequenceOfBoundedCurve.hxx
+M TColGeom2d:derivated:TColGeom2d_SequenceOfBoundedCurve_0.cxx /dn43/OCCT/tmp/results_31.05.2011/occt/release-sources-20110531/drv/TColGeom2d/TColGeom2d_SequenceOfBoundedCurve_0.cxx
+M TColGeom2d:pubinclude:Handle_TColGeom2d_HSequenceOfGeometry.hxx /dn43/OCCT/tmp/results_31.05.2011/occt/release-sources-20110531/inc/Handle_TColGeom2d_HSequenceOfGeometry.hxx
+M TColGeom2d:pubinclude:TColGeom2d_HSequenceOfGeometry.hxx /dn43/OCCT/tmp/results_31.05.2011/occt/release-sources-20110531/inc/TColGeom2d_HSequenceOfGeometry.hxx
+M TColGeom2d:derivated:TColGeom2d_HSequenceOfGeometry_0.cxx /dn43/OCCT/tmp/results_31.05.2011/occt/release-sources-20110531/drv/TColGeom2d/TColGeom2d_HSequenceOfGeometry_0.cxx
+M TColGeom2d:pubinclude:Handle_TColGeom2d_HSequenceOfCurve.hxx /dn43/OCCT/tmp/results_31.05.2011/occt/release-sources-20110531/inc/Handle_TColGeom2d_HSequenceOfCurve.hxx
+M TColGeom2d:pubinclude:TColGeom2d_HSequenceOfCurve.hxx /dn43/OCCT/tmp/results_31.05.2011/occt/release-sources-20110531/inc/TColGeom2d_HSequenceOfCurve.hxx
+M TColGeom2d:derivated:TColGeom2d_HSequenceOfCurve_0.cxx /dn43/OCCT/tmp/results_31.05.2011/occt/release-sources-20110531/drv/TColGeom2d/TColGeom2d_HSequenceOfCurve_0.cxx
+M TColGeom2d:pubinclude:Handle_TColGeom2d_HSequenceOfBoundedCurve.hxx /dn43/OCCT/tmp/results_31.05.2011/occt/release-sources-20110531/inc/Handle_TColGeom2d_HSequenceOfBoundedCurve.hxx
+M TColGeom2d:pubinclude:TColGeom2d_HSequenceOfBoundedCurve.hxx /dn43/OCCT/tmp/results_31.05.2011/occt/release-sources-20110531/inc/TColGeom2d_HSequenceOfBoundedCurve.hxx
+M TColGeom2d:derivated:TColGeom2d_HSequenceOfBoundedCurve_0.cxx /dn43/OCCT/tmp/results_31.05.2011/occt/release-sources-20110531/drv/TColGeom2d/TColGeom2d_HSequenceOfBoundedCurve_0.cxx
+M TColGeom2d:pubinclude:Handle_TColGeom2d_SequenceNodeOfSequenceOfGeometry.hxx /dn43/OCCT/tmp/results_31.05.2011/occt/release-sources-20110531/inc/Handle_TColGeom2d_SequenceNodeOfSequenceOfGeometry.hxx
+M TColGeom2d:pubinclude:TColGeom2d_SequenceNodeOfSequenceOfGeometry.hxx /dn43/OCCT/tmp/results_31.05.2011/occt/release-sources-20110531/inc/TColGeom2d_SequenceNodeOfSequenceOfGeometry.hxx
+M TColGeom2d:derivated:TColGeom2d_SequenceNodeOfSequenceOfGeometry_0.cxx /dn43/OCCT/tmp/results_31.05.2011/occt/release-sources-20110531/drv/TColGeom2d/TColGeom2d_SequenceNodeOfSequenceOfGeometry_0.cxx
+M TColGeom2d:pubinclude:Handle_TColGeom2d_SequenceNodeOfSequenceOfCurve.hxx /dn43/OCCT/tmp/results_31.05.2011/occt/release-sources-20110531/inc/Handle_TColGeom2d_SequenceNodeOfSequenceOfCurve.hxx
+M TColGeom2d:pubinclude:TColGeom2d_SequenceNodeOfSequenceOfCurve.hxx /dn43/OCCT/tmp/results_31.05.2011/occt/release-sources-20110531/inc/TColGeom2d_SequenceNodeOfSequenceOfCurve.hxx
+M TColGeom2d:derivated:TColGeom2d_SequenceNodeOfSequenceOfCurve_0.cxx /dn43/OCCT/tmp/results_31.05.2011/occt/release-sources-20110531/drv/TColGeom2d/TColGeom2d_SequenceNodeOfSequenceOfCurve_0.cxx
+M TColGeom2d:pubinclude:Handle_TColGeom2d_SequenceNodeOfSequenceOfBoundedCurve.hxx /dn43/OCCT/tmp/results_31.05.2011/occt/release-sources-20110531/inc/Handle_TColGeom2d_SequenceNodeOfSequenceOfBoundedCurve.hxx
+M TColGeom2d:pubinclude:TColGeom2d_SequenceNodeOfSequenceOfBoundedCurve.hxx /dn43/OCCT/tmp/results_31.05.2011/occt/release-sources-20110531/inc/TColGeom2d_SequenceNodeOfSequenceOfBoundedCurve.hxx
+M TColGeom2d:derivated:TColGeom2d_SequenceNodeOfSequenceOfBoundedCurve_0.cxx /dn43/OCCT/tmp/results_31.05.2011/occt/release-sources-20110531/drv/TColGeom2d/TColGeom2d_SequenceNodeOfSequenceOfBoundedCurve_0.cxx
+M TColGeom2d:dbadmfile:TColGeom2d_xcpp_header.In /dn43/OCCT/tmp/results_31.05.2011/occt/release-sources-20110531/drv/TColGeom2d/.adm/TColGeom2d_xcpp_header.In
+M TColGeom2d:dbadmfile:TColGeom2d_xcpp_header.Out /dn43/OCCT/tmp/results_31.05.2011/occt/release-sources-20110531/drv/TColGeom2d/.adm/TColGeom2d_xcpp_header.Out
+M TColGeom2d:dbadmfile:TColGeom2d_xcpp_header.Dep /dn43/OCCT/tmp/results_31.05.2011/occt/release-sources-20110531/drv/TColGeom2d/.adm/TColGeom2d_xcpp_header.Dep
