+M VrmlData:pubinclude:VrmlData_Appearance.hxx /dn43/OCCT/tmp/results_28.02.2011/occt/release-sources-20110228/inc/VrmlData_Appearance.hxx
+M VrmlData:pubinclude:VrmlData_ArrayVec3d.hxx /dn43/OCCT/tmp/results_28.02.2011/occt/release-sources-20110228/inc/VrmlData_ArrayVec3d.hxx
+M VrmlData:pubinclude:VrmlData_Box.hxx /dn43/OCCT/tmp/results_28.02.2011/occt/release-sources-20110228/inc/VrmlData_Box.hxx
+M VrmlData:pubinclude:VrmlData_Color.hxx /dn43/OCCT/tmp/results_28.02.2011/occt/release-sources-20110228/inc/VrmlData_Color.hxx
+M VrmlData:pubinclude:VrmlData_Cone.hxx /dn43/OCCT/tmp/results_28.02.2011/occt/release-sources-20110228/inc/VrmlData_Cone.hxx
+M VrmlData:pubinclude:VrmlData_Coordinate.hxx /dn43/OCCT/tmp/results_28.02.2011/occt/release-sources-20110228/inc/VrmlData_Coordinate.hxx
+M VrmlData:pubinclude:VrmlData_Cylinder.hxx /dn43/OCCT/tmp/results_28.02.2011/occt/release-sources-20110228/inc/VrmlData_Cylinder.hxx
+M VrmlData:pubinclude:VrmlData_ErrorStatus.hxx /dn43/OCCT/tmp/results_28.02.2011/occt/release-sources-20110228/inc/VrmlData_ErrorStatus.hxx
+M VrmlData:pubinclude:VrmlData_Faceted.hxx /dn43/OCCT/tmp/results_28.02.2011/occt/release-sources-20110228/inc/VrmlData_Faceted.hxx
+M VrmlData:pubinclude:VrmlData_Geometry.hxx /dn43/OCCT/tmp/results_28.02.2011/occt/release-sources-20110228/inc/VrmlData_Geometry.hxx
+M VrmlData:pubinclude:VrmlData_Group.hxx /dn43/OCCT/tmp/results_28.02.2011/occt/release-sources-20110228/inc/VrmlData_Group.hxx
+M VrmlData:pubinclude:VrmlData_ImageTexture.hxx /dn43/OCCT/tmp/results_28.02.2011/occt/release-sources-20110228/inc/VrmlData_ImageTexture.hxx
+M VrmlData:pubinclude:VrmlData_InBuffer.hxx /dn43/OCCT/tmp/results_28.02.2011/occt/release-sources-20110228/inc/VrmlData_InBuffer.hxx
+M VrmlData:pubinclude:VrmlData_IndexedFaceSet.hxx /dn43/OCCT/tmp/results_28.02.2011/occt/release-sources-20110228/inc/VrmlData_IndexedFaceSet.hxx
+M VrmlData:pubinclude:VrmlData_ListOfNode.hxx /dn43/OCCT/tmp/results_28.02.2011/occt/release-sources-20110228/inc/VrmlData_ListOfNode.hxx
+M VrmlData:pubinclude:VrmlData_MapOfNode.hxx /dn43/OCCT/tmp/results_28.02.2011/occt/release-sources-20110228/inc/VrmlData_MapOfNode.hxx
+M VrmlData:pubinclude:VrmlData_WorldInfo.hxx /dn43/OCCT/tmp/results_28.02.2011/occt/release-sources-20110228/inc/VrmlData_WorldInfo.hxx
+M VrmlData:pubinclude:VrmlData_IndexedLineSet.hxx /dn43/OCCT/tmp/results_28.02.2011/occt/release-sources-20110228/inc/VrmlData_IndexedLineSet.hxx
+M VrmlData:pubinclude:VrmlData_Material.hxx /dn43/OCCT/tmp/results_28.02.2011/occt/release-sources-20110228/inc/VrmlData_Material.hxx
+M VrmlData:pubinclude:VrmlData_Node.hxx /dn43/OCCT/tmp/results_28.02.2011/occt/release-sources-20110228/inc/VrmlData_Node.hxx
+M VrmlData:pubinclude:VrmlData_Normal.hxx /dn43/OCCT/tmp/results_28.02.2011/occt/release-sources-20110228/inc/VrmlData_Normal.hxx
+M VrmlData:pubinclude:VrmlData_Scene.hxx /dn43/OCCT/tmp/results_28.02.2011/occt/release-sources-20110228/inc/VrmlData_Scene.hxx
+M VrmlData:pubinclude:VrmlData_ShapeNode.hxx /dn43/OCCT/tmp/results_28.02.2011/occt/release-sources-20110228/inc/VrmlData_ShapeNode.hxx
+M VrmlData:pubinclude:VrmlData_Sphere.hxx /dn43/OCCT/tmp/results_28.02.2011/occt/release-sources-20110228/inc/VrmlData_Sphere.hxx
+M VrmlData:pubinclude:VrmlData_Texture.hxx /dn43/OCCT/tmp/results_28.02.2011/occt/release-sources-20110228/inc/VrmlData_Texture.hxx
+M VrmlData:pubinclude:VrmlData_TextureCoordinate.hxx /dn43/OCCT/tmp/results_28.02.2011/occt/release-sources-20110228/inc/VrmlData_TextureCoordinate.hxx
+M VrmlData:pubinclude:VrmlData_TextureTransform.hxx /dn43/OCCT/tmp/results_28.02.2011/occt/release-sources-20110228/inc/VrmlData_TextureTransform.hxx
+M VrmlData:pubinclude:VrmlData_UnknownNode.hxx /dn43/OCCT/tmp/results_28.02.2011/occt/release-sources-20110228/inc/VrmlData_UnknownNode.hxx
+M VrmlData:pubinclude:VrmlData_ShapeConvert.hxx /dn43/OCCT/tmp/results_28.02.2011/occt/release-sources-20110228/inc/VrmlData_ShapeConvert.hxx
+M VrmlData:pubinclude:VrmlData_DataMapOfShapeAppearance.hxx /dn43/OCCT/tmp/results_28.02.2011/occt/release-sources-20110228/inc/VrmlData_DataMapOfShapeAppearance.hxx
+M VrmlData:dbadmfile:VrmlData_obj_inc.In /dn43/OCCT/tmp/results_28.02.2011/occt/release-sources-20110228/drv/VrmlData/.adm/VrmlData_obj_inc.In
+M VrmlData:dbadmfile:VrmlData_obj_inc.Out /dn43/OCCT/tmp/results_28.02.2011/occt/release-sources-20110228/drv/VrmlData/.adm/VrmlData_obj_inc.Out
+M VrmlData:dbadmfile:VrmlData_obj_inc.Dep /dn43/OCCT/tmp/results_28.02.2011/occt/release-sources-20110228/drv/VrmlData/.adm/VrmlData_obj_inc.Dep
