+M XCAFSchema:pubinclude:XCAFSchema.hxx /dn43/OCCT/tmp/results_30.09.2011/occt/release-sources-20110930/inc/XCAFSchema.hxx
+M XCAFSchema:derivated:XCAFSchema.cxx /dn43/OCCT/tmp/results_30.09.2011/occt/release-sources-20110930/drv/XCAFSchema/XCAFSchema.cxx
+M XCAFSchema:pubinclude:XCAFSchema_PXCAFDoc_Location.hxx /dn43/OCCT/tmp/results_30.09.2011/occt/release-sources-20110930/inc/XCAFSchema_PXCAFDoc_Location.hxx
+M XCAFSchema:privinclude:XCAFSchema_PXCAFDoc_Location.ixx /dn43/OCCT/tmp/results_30.09.2011/occt/release-sources-20110930/drv/XCAFSchema/XCAFSchema_PXCAFDoc_Location.ixx
+M XCAFSchema:derivated:XCAFSchema_PXCAFDoc_Location.cxx /dn43/OCCT/tmp/results_30.09.2011/occt/release-sources-20110930/drv/XCAFSchema/XCAFSchema_PXCAFDoc_Location.cxx
+M XCAFSchema:pubinclude:XCAFSchema_PXCAFDoc_Color.hxx /dn43/OCCT/tmp/results_30.09.2011/occt/release-sources-20110930/inc/XCAFSchema_PXCAFDoc_Color.hxx
+M XCAFSchema:privinclude:XCAFSchema_PXCAFDoc_Color.ixx /dn43/OCCT/tmp/results_30.09.2011/occt/release-sources-20110930/drv/XCAFSchema/XCAFSchema_PXCAFDoc_Color.ixx
+M XCAFSchema:derivated:XCAFSchema_PXCAFDoc_Color.cxx /dn43/OCCT/tmp/results_30.09.2011/occt/release-sources-20110930/drv/XCAFSchema/XCAFSchema_PXCAFDoc_Color.cxx
+M XCAFSchema:pubinclude:XCAFSchema_PXCAFDoc_Volume.hxx /dn43/OCCT/tmp/results_30.09.2011/occt/release-sources-20110930/inc/XCAFSchema_PXCAFDoc_Volume.hxx
+M XCAFSchema:privinclude:XCAFSchema_PXCAFDoc_Volume.ixx /dn43/OCCT/tmp/results_30.09.2011/occt/release-sources-20110930/drv/XCAFSchema/XCAFSchema_PXCAFDoc_Volume.ixx
+M XCAFSchema:derivated:XCAFSchema_PXCAFDoc_Volume.cxx /dn43/OCCT/tmp/results_30.09.2011/occt/release-sources-20110930/drv/XCAFSchema/XCAFSchema_PXCAFDoc_Volume.cxx
+M XCAFSchema:pubinclude:XCAFSchema_PXCAFDoc_Area.hxx /dn43/OCCT/tmp/results_30.09.2011/occt/release-sources-20110930/inc/XCAFSchema_PXCAFDoc_Area.hxx
+M XCAFSchema:privinclude:XCAFSchema_PXCAFDoc_Area.ixx /dn43/OCCT/tmp/results_30.09.2011/occt/release-sources-20110930/drv/XCAFSchema/XCAFSchema_PXCAFDoc_Area.ixx
+M XCAFSchema:derivated:XCAFSchema_PXCAFDoc_Area.cxx /dn43/OCCT/tmp/results_30.09.2011/occt/release-sources-20110930/drv/XCAFSchema/XCAFSchema_PXCAFDoc_Area.cxx
+M XCAFSchema:pubinclude:XCAFSchema_PXCAFDoc_Centroid.hxx /dn43/OCCT/tmp/results_30.09.2011/occt/release-sources-20110930/inc/XCAFSchema_PXCAFDoc_Centroid.hxx
+M XCAFSchema:privinclude:XCAFSchema_PXCAFDoc_Centroid.ixx /dn43/OCCT/tmp/results_30.09.2011/occt/release-sources-20110930/drv/XCAFSchema/XCAFSchema_PXCAFDoc_Centroid.ixx
+M XCAFSchema:derivated:XCAFSchema_PXCAFDoc_Centroid.cxx /dn43/OCCT/tmp/results_30.09.2011/occt/release-sources-20110930/drv/XCAFSchema/XCAFSchema_PXCAFDoc_Centroid.cxx
+M XCAFSchema:pubinclude:XCAFSchema_PXCAFDoc_ColorTool.hxx /dn43/OCCT/tmp/results_30.09.2011/occt/release-sources-20110930/inc/XCAFSchema_PXCAFDoc_ColorTool.hxx
+M XCAFSchema:privinclude:XCAFSchema_PXCAFDoc_ColorTool.ixx /dn43/OCCT/tmp/results_30.09.2011/occt/release-sources-20110930/drv/XCAFSchema/XCAFSchema_PXCAFDoc_ColorTool.ixx
+M XCAFSchema:derivated:XCAFSchema_PXCAFDoc_ColorTool.cxx /dn43/OCCT/tmp/results_30.09.2011/occt/release-sources-20110930/drv/XCAFSchema/XCAFSchema_PXCAFDoc_ColorTool.cxx
+M XCAFSchema:pubinclude:XCAFSchema_PXCAFDoc_ShapeTool.hxx /dn43/OCCT/tmp/results_30.09.2011/occt/release-sources-20110930/inc/XCAFSchema_PXCAFDoc_ShapeTool.hxx
+M XCAFSchema:privinclude:XCAFSchema_PXCAFDoc_ShapeTool.ixx /dn43/OCCT/tmp/results_30.09.2011/occt/release-sources-20110930/drv/XCAFSchema/XCAFSchema_PXCAFDoc_ShapeTool.ixx
+M XCAFSchema:derivated:XCAFSchema_PXCAFDoc_ShapeTool.cxx /dn43/OCCT/tmp/results_30.09.2011/occt/release-sources-20110930/drv/XCAFSchema/XCAFSchema_PXCAFDoc_ShapeTool.cxx
+M XCAFSchema:pubinclude:XCAFSchema_PXCAFDoc_DocumentTool.hxx /dn43/OCCT/tmp/results_30.09.2011/occt/release-sources-20110930/inc/XCAFSchema_PXCAFDoc_DocumentTool.hxx
+M XCAFSchema:privinclude:XCAFSchema_PXCAFDoc_DocumentTool.ixx /dn43/OCCT/tmp/results_30.09.2011/occt/release-sources-20110930/drv/XCAFSchema/XCAFSchema_PXCAFDoc_DocumentTool.ixx
+M XCAFSchema:derivated:XCAFSchema_PXCAFDoc_DocumentTool.cxx /dn43/OCCT/tmp/results_30.09.2011/occt/release-sources-20110930/drv/XCAFSchema/XCAFSchema_PXCAFDoc_DocumentTool.cxx
+M XCAFSchema:pubinclude:XCAFSchema_PXCAFDoc_LayerTool.hxx /dn43/OCCT/tmp/results_30.09.2011/occt/release-sources-20110930/inc/XCAFSchema_PXCAFDoc_LayerTool.hxx
+M XCAFSchema:privinclude:XCAFSchema_PXCAFDoc_LayerTool.ixx /dn43/OCCT/tmp/results_30.09.2011/occt/release-sources-20110930/drv/XCAFSchema/XCAFSchema_PXCAFDoc_LayerTool.ixx
+M XCAFSchema:derivated:XCAFSchema_PXCAFDoc_LayerTool.cxx /dn43/OCCT/tmp/results_30.09.2011/occt/release-sources-20110930/drv/XCAFSchema/XCAFSchema_PXCAFDoc_LayerTool.cxx
+M XCAFSchema:pubinclude:XCAFSchema_PXCAFDoc_GraphNode.hxx /dn43/OCCT/tmp/results_30.09.2011/occt/release-sources-20110930/inc/XCAFSchema_PXCAFDoc_GraphNode.hxx
+M XCAFSchema:privinclude:XCAFSchema_PXCAFDoc_GraphNode.ixx /dn43/OCCT/tmp/results_30.09.2011/occt/release-sources-20110930/drv/XCAFSchema/XCAFSchema_PXCAFDoc_GraphNode.ixx
+M XCAFSchema:derivated:XCAFSchema_PXCAFDoc_GraphNode.cxx /dn43/OCCT/tmp/results_30.09.2011/occt/release-sources-20110930/drv/XCAFSchema/XCAFSchema_PXCAFDoc_GraphNode.cxx
+M XCAFSchema:pubinclude:XCAFSchema_PXCAFDoc_GraphNodeSequence.hxx /dn43/OCCT/tmp/results_30.09.2011/occt/release-sources-20110930/inc/XCAFSchema_PXCAFDoc_GraphNodeSequence.hxx
+M XCAFSchema:privinclude:XCAFSchema_PXCAFDoc_GraphNodeSequence.ixx /dn43/OCCT/tmp/results_30.09.2011/occt/release-sources-20110930/drv/XCAFSchema/XCAFSchema_PXCAFDoc_GraphNodeSequence.ixx
+M XCAFSchema:derivated:XCAFSchema_PXCAFDoc_GraphNodeSequence.cxx /dn43/OCCT/tmp/results_30.09.2011/occt/release-sources-20110930/drv/XCAFSchema/XCAFSchema_PXCAFDoc_GraphNodeSequence.cxx
+M XCAFSchema:pubinclude:XCAFSchema_PXCAFDoc_SeqNodeOfGraphNodeSequence.hxx /dn43/OCCT/tmp/results_30.09.2011/occt/release-sources-20110930/inc/XCAFSchema_PXCAFDoc_SeqNodeOfGraphNodeSequence.hxx
+M XCAFSchema:privinclude:XCAFSchema_PXCAFDoc_SeqNodeOfGraphNodeSequence.ixx /dn43/OCCT/tmp/results_30.09.2011/occt/release-sources-20110930/drv/XCAFSchema/XCAFSchema_PXCAFDoc_SeqNodeOfGraphNodeSequence.ixx
+M XCAFSchema:derivated:XCAFSchema_PXCAFDoc_SeqNodeOfGraphNodeSequence.cxx /dn43/OCCT/tmp/results_30.09.2011/occt/release-sources-20110930/drv/XCAFSchema/XCAFSchema_PXCAFDoc_SeqNodeOfGraphNodeSequence.cxx
+M XCAFSchema:pubinclude:XCAFSchema_PXCAFDoc_Datum.hxx /dn43/OCCT/tmp/results_30.09.2011/occt/release-sources-20110930/inc/XCAFSchema_PXCAFDoc_Datum.hxx
+M XCAFSchema:privinclude:XCAFSchema_PXCAFDoc_Datum.ixx /dn43/OCCT/tmp/results_30.09.2011/occt/release-sources-20110930/drv/XCAFSchema/XCAFSchema_PXCAFDoc_Datum.ixx
+M XCAFSchema:derivated:XCAFSchema_PXCAFDoc_Datum.cxx /dn43/OCCT/tmp/results_30.09.2011/occt/release-sources-20110930/drv/XCAFSchema/XCAFSchema_PXCAFDoc_Datum.cxx
+M XCAFSchema:pubinclude:XCAFSchema_PXCAFDoc_DimTol.hxx /dn43/OCCT/tmp/results_30.09.2011/occt/release-sources-20110930/inc/XCAFSchema_PXCAFDoc_DimTol.hxx
+M XCAFSchema:privinclude:XCAFSchema_PXCAFDoc_DimTol.ixx /dn43/OCCT/tmp/results_30.09.2011/occt/release-sources-20110930/drv/XCAFSchema/XCAFSchema_PXCAFDoc_DimTol.ixx
+M XCAFSchema:derivated:XCAFSchema_PXCAFDoc_DimTol.cxx /dn43/OCCT/tmp/results_30.09.2011/occt/release-sources-20110930/drv/XCAFSchema/XCAFSchema_PXCAFDoc_DimTol.cxx
+M XCAFSchema:pubinclude:XCAFSchema_PXCAFDoc_DimTolTool.hxx /dn43/OCCT/tmp/results_30.09.2011/occt/release-sources-20110930/inc/XCAFSchema_PXCAFDoc_DimTolTool.hxx
+M XCAFSchema:privinclude:XCAFSchema_PXCAFDoc_DimTolTool.ixx /dn43/OCCT/tmp/results_30.09.2011/occt/release-sources-20110930/drv/XCAFSchema/XCAFSchema_PXCAFDoc_DimTolTool.ixx
+M XCAFSchema:derivated:XCAFSchema_PXCAFDoc_DimTolTool.cxx /dn43/OCCT/tmp/results_30.09.2011/occt/release-sources-20110930/drv/XCAFSchema/XCAFSchema_PXCAFDoc_DimTolTool.cxx
+M XCAFSchema:pubinclude:XCAFSchema_PXCAFDoc_Material.hxx /dn43/OCCT/tmp/results_30.09.2011/occt/release-sources-20110930/inc/XCAFSchema_PXCAFDoc_Material.hxx
+M XCAFSchema:privinclude:XCAFSchema_PXCAFDoc_Material.ixx /dn43/OCCT/tmp/results_30.09.2011/occt/release-sources-20110930/drv/XCAFSchema/XCAFSchema_PXCAFDoc_Material.ixx
+M XCAFSchema:derivated:XCAFSchema_PXCAFDoc_Material.cxx /dn43/OCCT/tmp/results_30.09.2011/occt/release-sources-20110930/drv/XCAFSchema/XCAFSchema_PXCAFDoc_Material.cxx
+M XCAFSchema:pubinclude:XCAFSchema_PXCAFDoc_MaterialTool.hxx /dn43/OCCT/tmp/results_30.09.2011/occt/release-sources-20110930/inc/XCAFSchema_PXCAFDoc_MaterialTool.hxx
+M XCAFSchema:privinclude:XCAFSchema_PXCAFDoc_MaterialTool.ixx /dn43/OCCT/tmp/results_30.09.2011/occt/release-sources-20110930/drv/XCAFSchema/XCAFSchema_PXCAFDoc_MaterialTool.ixx
+M XCAFSchema:derivated:XCAFSchema_PXCAFDoc_MaterialTool.cxx /dn43/OCCT/tmp/results_30.09.2011/occt/release-sources-20110930/drv/XCAFSchema/XCAFSchema_PXCAFDoc_MaterialTool.cxx
+M XCAFSchema:pubinclude:XCAFSchema_PDF_Attribute.hxx /dn43/OCCT/tmp/results_30.09.2011/occt/release-sources-20110930/inc/XCAFSchema_PDF_Attribute.hxx
+M XCAFSchema:privinclude:XCAFSchema_PDF_Attribute.ixx /dn43/OCCT/tmp/results_30.09.2011/occt/release-sources-20110930/drv/XCAFSchema/XCAFSchema_PDF_Attribute.ixx
+M XCAFSchema:derivated:XCAFSchema_PDF_Attribute.cxx /dn43/OCCT/tmp/results_30.09.2011/occt/release-sources-20110930/drv/XCAFSchema/XCAFSchema_PDF_Attribute.cxx
+M XCAFSchema:pubinclude:XCAFSchema_Standard_Persistent.hxx /dn43/OCCT/tmp/results_30.09.2011/occt/release-sources-20110930/inc/XCAFSchema_Standard_Persistent.hxx
+M XCAFSchema:privinclude:XCAFSchema_Standard_Persistent.ixx /dn43/OCCT/tmp/results_30.09.2011/occt/release-sources-20110930/drv/XCAFSchema/XCAFSchema_Standard_Persistent.ixx
+M XCAFSchema:derivated:XCAFSchema_Standard_Persistent.cxx /dn43/OCCT/tmp/results_30.09.2011/occt/release-sources-20110930/drv/XCAFSchema/XCAFSchema_Standard_Persistent.cxx
+M XCAFSchema:pubinclude:XCAFSchema_Standard_Storable.hxx /dn43/OCCT/tmp/results_30.09.2011/occt/release-sources-20110930/inc/XCAFSchema_Standard_Storable.hxx
+M XCAFSchema:privinclude:XCAFSchema_Standard_Storable.ixx /dn43/OCCT/tmp/results_30.09.2011/occt/release-sources-20110930/drv/XCAFSchema/XCAFSchema_Standard_Storable.ixx
+M XCAFSchema:derivated:XCAFSchema_Standard_Storable.cxx /dn43/OCCT/tmp/results_30.09.2011/occt/release-sources-20110930/drv/XCAFSchema/XCAFSchema_Standard_Storable.cxx
+M XCAFSchema:pubinclude:XCAFSchema_PTopLoc_Location.hxx /dn43/OCCT/tmp/results_30.09.2011/occt/release-sources-20110930/inc/XCAFSchema_PTopLoc_Location.hxx
+M XCAFSchema:privinclude:XCAFSchema_PTopLoc_Location.ixx /dn43/OCCT/tmp/results_30.09.2011/occt/release-sources-20110930/drv/XCAFSchema/XCAFSchema_PTopLoc_Location.ixx
+M XCAFSchema:derivated:XCAFSchema_PTopLoc_Location.cxx /dn43/OCCT/tmp/results_30.09.2011/occt/release-sources-20110930/drv/XCAFSchema/XCAFSchema_PTopLoc_Location.cxx
+M XCAFSchema:pubinclude:XCAFSchema_Quantity_Color.hxx /dn43/OCCT/tmp/results_30.09.2011/occt/release-sources-20110930/inc/XCAFSchema_Quantity_Color.hxx
+M XCAFSchema:privinclude:XCAFSchema_Quantity_Color.ixx /dn43/OCCT/tmp/results_30.09.2011/occt/release-sources-20110930/drv/XCAFSchema/XCAFSchema_Quantity_Color.ixx
+M XCAFSchema:derivated:XCAFSchema_Quantity_Color.cxx /dn43/OCCT/tmp/results_30.09.2011/occt/release-sources-20110930/drv/XCAFSchema/XCAFSchema_Quantity_Color.cxx
+M XCAFSchema:pubinclude:XCAFSchema_gp_Pnt.hxx /dn43/OCCT/tmp/results_30.09.2011/occt/release-sources-20110930/inc/XCAFSchema_gp_Pnt.hxx
+M XCAFSchema:privinclude:XCAFSchema_gp_Pnt.ixx /dn43/OCCT/tmp/results_30.09.2011/occt/release-sources-20110930/drv/XCAFSchema/XCAFSchema_gp_Pnt.ixx
+M XCAFSchema:derivated:XCAFSchema_gp_Pnt.cxx /dn43/OCCT/tmp/results_30.09.2011/occt/release-sources-20110930/drv/XCAFSchema/XCAFSchema_gp_Pnt.cxx
+M XCAFSchema:pubinclude:XCAFSchema_Standard_GUID.hxx /dn43/OCCT/tmp/results_30.09.2011/occt/release-sources-20110930/inc/XCAFSchema_Standard_GUID.hxx
+M XCAFSchema:privinclude:XCAFSchema_Standard_GUID.ixx /dn43/OCCT/tmp/results_30.09.2011/occt/release-sources-20110930/drv/XCAFSchema/XCAFSchema_Standard_GUID.ixx
+M XCAFSchema:derivated:XCAFSchema_Standard_GUID.cxx /dn43/OCCT/tmp/results_30.09.2011/occt/release-sources-20110930/drv/XCAFSchema/XCAFSchema_Standard_GUID.cxx
+M XCAFSchema:pubinclude:XCAFSchema_PMMgt_PManaged.hxx /dn43/OCCT/tmp/results_30.09.2011/occt/release-sources-20110930/inc/XCAFSchema_PMMgt_PManaged.hxx
+M XCAFSchema:privinclude:XCAFSchema_PMMgt_PManaged.ixx /dn43/OCCT/tmp/results_30.09.2011/occt/release-sources-20110930/drv/XCAFSchema/XCAFSchema_PMMgt_PManaged.ixx
+M XCAFSchema:derivated:XCAFSchema_PMMgt_PManaged.cxx /dn43/OCCT/tmp/results_30.09.2011/occt/release-sources-20110930/drv/XCAFSchema/XCAFSchema_PMMgt_PManaged.cxx
+M XCAFSchema:pubinclude:XCAFSchema_PCollection_HAsciiString.hxx /dn43/OCCT/tmp/results_30.09.2011/occt/release-sources-20110930/inc/XCAFSchema_PCollection_HAsciiString.hxx
+M XCAFSchema:privinclude:XCAFSchema_PCollection_HAsciiString.ixx /dn43/OCCT/tmp/results_30.09.2011/occt/release-sources-20110930/drv/XCAFSchema/XCAFSchema_PCollection_HAsciiString.ixx
+M XCAFSchema:derivated:XCAFSchema_PCollection_HAsciiString.cxx /dn43/OCCT/tmp/results_30.09.2011/occt/release-sources-20110930/drv/XCAFSchema/XCAFSchema_PCollection_HAsciiString.cxx
+M XCAFSchema:pubinclude:XCAFSchema_PColStd_HArray1OfReal.hxx /dn43/OCCT/tmp/results_30.09.2011/occt/release-sources-20110930/inc/XCAFSchema_PColStd_HArray1OfReal.hxx
+M XCAFSchema:privinclude:XCAFSchema_PColStd_HArray1OfReal.ixx /dn43/OCCT/tmp/results_30.09.2011/occt/release-sources-20110930/drv/XCAFSchema/XCAFSchema_PColStd_HArray1OfReal.ixx
+M XCAFSchema:derivated:XCAFSchema_PColStd_HArray1OfReal.cxx /dn43/OCCT/tmp/results_30.09.2011/occt/release-sources-20110930/drv/XCAFSchema/XCAFSchema_PColStd_HArray1OfReal.cxx
+M XCAFSchema:pubinclude:XCAFSchema_PTopLoc_Datum3D.hxx /dn43/OCCT/tmp/results_30.09.2011/occt/release-sources-20110930/inc/XCAFSchema_PTopLoc_Datum3D.hxx
+M XCAFSchema:privinclude:XCAFSchema_PTopLoc_Datum3D.ixx /dn43/OCCT/tmp/results_30.09.2011/occt/release-sources-20110930/drv/XCAFSchema/XCAFSchema_PTopLoc_Datum3D.ixx
+M XCAFSchema:derivated:XCAFSchema_PTopLoc_Datum3D.cxx /dn43/OCCT/tmp/results_30.09.2011/occt/release-sources-20110930/drv/XCAFSchema/XCAFSchema_PTopLoc_Datum3D.cxx
+M XCAFSchema:pubinclude:XCAFSchema_PTopLoc_ItemLocation.hxx /dn43/OCCT/tmp/results_30.09.2011/occt/release-sources-20110930/inc/XCAFSchema_PTopLoc_ItemLocation.hxx
+M XCAFSchema:privinclude:XCAFSchema_PTopLoc_ItemLocation.ixx /dn43/OCCT/tmp/results_30.09.2011/occt/release-sources-20110930/drv/XCAFSchema/XCAFSchema_PTopLoc_ItemLocation.ixx
+M XCAFSchema:derivated:XCAFSchema_PTopLoc_ItemLocation.cxx /dn43/OCCT/tmp/results_30.09.2011/occt/release-sources-20110930/drv/XCAFSchema/XCAFSchema_PTopLoc_ItemLocation.cxx
+M XCAFSchema:pubinclude:XCAFSchema_gp_Ax1.hxx /dn43/OCCT/tmp/results_30.09.2011/occt/release-sources-20110930/inc/XCAFSchema_gp_Ax1.hxx
+M XCAFSchema:privinclude:XCAFSchema_gp_Ax1.ixx /dn43/OCCT/tmp/results_30.09.2011/occt/release-sources-20110930/drv/XCAFSchema/XCAFSchema_gp_Ax1.ixx
+M XCAFSchema:derivated:XCAFSchema_gp_Ax1.cxx /dn43/OCCT/tmp/results_30.09.2011/occt/release-sources-20110930/drv/XCAFSchema/XCAFSchema_gp_Ax1.cxx
+M XCAFSchema:pubinclude:XCAFSchema_gp_Ax2.hxx /dn43/OCCT/tmp/results_30.09.2011/occt/release-sources-20110930/inc/XCAFSchema_gp_Ax2.hxx
+M XCAFSchema:privinclude:XCAFSchema_gp_Ax2.ixx /dn43/OCCT/tmp/results_30.09.2011/occt/release-sources-20110930/drv/XCAFSchema/XCAFSchema_gp_Ax2.ixx
+M XCAFSchema:derivated:XCAFSchema_gp_Ax2.cxx /dn43/OCCT/tmp/results_30.09.2011/occt/release-sources-20110930/drv/XCAFSchema/XCAFSchema_gp_Ax2.cxx
+M XCAFSchema:pubinclude:XCAFSchema_gp_Trsf.hxx /dn43/OCCT/tmp/results_30.09.2011/occt/release-sources-20110930/inc/XCAFSchema_gp_Trsf.hxx
+M XCAFSchema:privinclude:XCAFSchema_gp_Trsf.ixx /dn43/OCCT/tmp/results_30.09.2011/occt/release-sources-20110930/drv/XCAFSchema/XCAFSchema_gp_Trsf.ixx
+M XCAFSchema:derivated:XCAFSchema_gp_Trsf.cxx /dn43/OCCT/tmp/results_30.09.2011/occt/release-sources-20110930/drv/XCAFSchema/XCAFSchema_gp_Trsf.cxx
+M XCAFSchema:pubinclude:XCAFSchema_gp_Vec.hxx /dn43/OCCT/tmp/results_30.09.2011/occt/release-sources-20110930/inc/XCAFSchema_gp_Vec.hxx
+M XCAFSchema:privinclude:XCAFSchema_gp_Vec.ixx /dn43/OCCT/tmp/results_30.09.2011/occt/release-sources-20110930/drv/XCAFSchema/XCAFSchema_gp_Vec.ixx
+M XCAFSchema:derivated:XCAFSchema_gp_Vec.cxx /dn43/OCCT/tmp/results_30.09.2011/occt/release-sources-20110930/drv/XCAFSchema/XCAFSchema_gp_Vec.cxx
+M XCAFSchema:pubinclude:XCAFSchema_gp_XYZ.hxx /dn43/OCCT/tmp/results_30.09.2011/occt/release-sources-20110930/inc/XCAFSchema_gp_XYZ.hxx
+M XCAFSchema:privinclude:XCAFSchema_gp_XYZ.ixx /dn43/OCCT/tmp/results_30.09.2011/occt/release-sources-20110930/drv/XCAFSchema/XCAFSchema_gp_XYZ.ixx
+M XCAFSchema:derivated:XCAFSchema_gp_XYZ.cxx /dn43/OCCT/tmp/results_30.09.2011/occt/release-sources-20110930/drv/XCAFSchema/XCAFSchema_gp_XYZ.cxx
+M XCAFSchema:pubinclude:XCAFSchema_DBC_VArrayOfCharacter.hxx /dn43/OCCT/tmp/results_30.09.2011/occt/release-sources-20110930/inc/XCAFSchema_DBC_VArrayOfCharacter.hxx
+M XCAFSchema:privinclude:XCAFSchema_DBC_VArrayOfCharacter.ixx /dn43/OCCT/tmp/results_30.09.2011/occt/release-sources-20110930/drv/XCAFSchema/XCAFSchema_DBC_VArrayOfCharacter.ixx
+M XCAFSchema:derivated:XCAFSchema_DBC_VArrayOfCharacter.cxx /dn43/OCCT/tmp/results_30.09.2011/occt/release-sources-20110930/drv/XCAFSchema/XCAFSchema_DBC_VArrayOfCharacter.cxx
+M XCAFSchema:pubinclude:XCAFSchema_PCollection_HExtendedString.hxx /dn43/OCCT/tmp/results_30.09.2011/occt/release-sources-20110930/inc/XCAFSchema_PCollection_HExtendedString.hxx
+M XCAFSchema:privinclude:XCAFSchema_PCollection_HExtendedString.ixx /dn43/OCCT/tmp/results_30.09.2011/occt/release-sources-20110930/drv/XCAFSchema/XCAFSchema_PCollection_HExtendedString.ixx
+M XCAFSchema:derivated:XCAFSchema_PCollection_HExtendedString.cxx /dn43/OCCT/tmp/results_30.09.2011/occt/release-sources-20110930/drv/XCAFSchema/XCAFSchema_PCollection_HExtendedString.cxx
+M XCAFSchema:pubinclude:XCAFSchema_PColStd_FieldOfHArray1OfReal.hxx /dn43/OCCT/tmp/results_30.09.2011/occt/release-sources-20110930/inc/XCAFSchema_PColStd_FieldOfHArray1OfReal.hxx
+M XCAFSchema:privinclude:XCAFSchema_PColStd_FieldOfHArray1OfReal.ixx /dn43/OCCT/tmp/results_30.09.2011/occt/release-sources-20110930/drv/XCAFSchema/XCAFSchema_PColStd_FieldOfHArray1OfReal.ixx
+M XCAFSchema:derivated:XCAFSchema_PColStd_FieldOfHArray1OfReal.cxx /dn43/OCCT/tmp/results_30.09.2011/occt/release-sources-20110930/drv/XCAFSchema/XCAFSchema_PColStd_FieldOfHArray1OfReal.cxx
+M XCAFSchema:pubinclude:XCAFSchema_gp_Dir.hxx /dn43/OCCT/tmp/results_30.09.2011/occt/release-sources-20110930/inc/XCAFSchema_gp_Dir.hxx
+M XCAFSchema:privinclude:XCAFSchema_gp_Dir.ixx /dn43/OCCT/tmp/results_30.09.2011/occt/release-sources-20110930/drv/XCAFSchema/XCAFSchema_gp_Dir.ixx
+M XCAFSchema:derivated:XCAFSchema_gp_Dir.cxx /dn43/OCCT/tmp/results_30.09.2011/occt/release-sources-20110930/drv/XCAFSchema/XCAFSchema_gp_Dir.cxx
+M XCAFSchema:pubinclude:XCAFSchema_gp_Ax3.hxx /dn43/OCCT/tmp/results_30.09.2011/occt/release-sources-20110930/inc/XCAFSchema_gp_Ax3.hxx
+M XCAFSchema:privinclude:XCAFSchema_gp_Ax3.ixx /dn43/OCCT/tmp/results_30.09.2011/occt/release-sources-20110930/drv/XCAFSchema/XCAFSchema_gp_Ax3.ixx
+M XCAFSchema:derivated:XCAFSchema_gp_Ax3.cxx /dn43/OCCT/tmp/results_30.09.2011/occt/release-sources-20110930/drv/XCAFSchema/XCAFSchema_gp_Ax3.cxx
+M XCAFSchema:pubinclude:XCAFSchema_gp_Mat.hxx /dn43/OCCT/tmp/results_30.09.2011/occt/release-sources-20110930/inc/XCAFSchema_gp_Mat.hxx
+M XCAFSchema:privinclude:XCAFSchema_gp_Mat.ixx /dn43/OCCT/tmp/results_30.09.2011/occt/release-sources-20110930/drv/XCAFSchema/XCAFSchema_gp_Mat.ixx
+M XCAFSchema:derivated:XCAFSchema_gp_Mat.cxx /dn43/OCCT/tmp/results_30.09.2011/occt/release-sources-20110930/drv/XCAFSchema/XCAFSchema_gp_Mat.cxx
+M XCAFSchema:pubinclude:XCAFSchema_gp_Trsf2d.hxx /dn43/OCCT/tmp/results_30.09.2011/occt/release-sources-20110930/inc/XCAFSchema_gp_Trsf2d.hxx
+M XCAFSchema:privinclude:XCAFSchema_gp_Trsf2d.ixx /dn43/OCCT/tmp/results_30.09.2011/occt/release-sources-20110930/drv/XCAFSchema/XCAFSchema_gp_Trsf2d.ixx
+M XCAFSchema:derivated:XCAFSchema_gp_Trsf2d.cxx /dn43/OCCT/tmp/results_30.09.2011/occt/release-sources-20110930/drv/XCAFSchema/XCAFSchema_gp_Trsf2d.cxx
+M XCAFSchema:pubinclude:XCAFSchema_DBC_VArrayOfExtCharacter.hxx /dn43/OCCT/tmp/results_30.09.2011/occt/release-sources-20110930/inc/XCAFSchema_DBC_VArrayOfExtCharacter.hxx
+M XCAFSchema:privinclude:XCAFSchema_DBC_VArrayOfExtCharacter.ixx /dn43/OCCT/tmp/results_30.09.2011/occt/release-sources-20110930/drv/XCAFSchema/XCAFSchema_DBC_VArrayOfExtCharacter.ixx
+M XCAFSchema:derivated:XCAFSchema_DBC_VArrayOfExtCharacter.cxx /dn43/OCCT/tmp/results_30.09.2011/occt/release-sources-20110930/drv/XCAFSchema/XCAFSchema_DBC_VArrayOfExtCharacter.cxx
+M XCAFSchema:pubinclude:XCAFSchema_gp_Ax2d.hxx /dn43/OCCT/tmp/results_30.09.2011/occt/release-sources-20110930/inc/XCAFSchema_gp_Ax2d.hxx
+M XCAFSchema:privinclude:XCAFSchema_gp_Ax2d.ixx /dn43/OCCT/tmp/results_30.09.2011/occt/release-sources-20110930/drv/XCAFSchema/XCAFSchema_gp_Ax2d.ixx
+M XCAFSchema:derivated:XCAFSchema_gp_Ax2d.cxx /dn43/OCCT/tmp/results_30.09.2011/occt/release-sources-20110930/drv/XCAFSchema/XCAFSchema_gp_Ax2d.cxx
+M XCAFSchema:pubinclude:XCAFSchema_gp_Mat2d.hxx /dn43/OCCT/tmp/results_30.09.2011/occt/release-sources-20110930/inc/XCAFSchema_gp_Mat2d.hxx
+M XCAFSchema:privinclude:XCAFSchema_gp_Mat2d.ixx /dn43/OCCT/tmp/results_30.09.2011/occt/release-sources-20110930/drv/XCAFSchema/XCAFSchema_gp_Mat2d.ixx
+M XCAFSchema:derivated:XCAFSchema_gp_Mat2d.cxx /dn43/OCCT/tmp/results_30.09.2011/occt/release-sources-20110930/drv/XCAFSchema/XCAFSchema_gp_Mat2d.cxx
+M XCAFSchema:pubinclude:XCAFSchema_gp_Pnt2d.hxx /dn43/OCCT/tmp/results_30.09.2011/occt/release-sources-20110930/inc/XCAFSchema_gp_Pnt2d.hxx
+M XCAFSchema:privinclude:XCAFSchema_gp_Pnt2d.ixx /dn43/OCCT/tmp/results_30.09.2011/occt/release-sources-20110930/drv/XCAFSchema/XCAFSchema_gp_Pnt2d.ixx
+M XCAFSchema:derivated:XCAFSchema_gp_Pnt2d.cxx /dn43/OCCT/tmp/results_30.09.2011/occt/release-sources-20110930/drv/XCAFSchema/XCAFSchema_gp_Pnt2d.cxx
+M XCAFSchema:pubinclude:XCAFSchema_gp_Vec2d.hxx /dn43/OCCT/tmp/results_30.09.2011/occt/release-sources-20110930/inc/XCAFSchema_gp_Vec2d.hxx
+M XCAFSchema:privinclude:XCAFSchema_gp_Vec2d.ixx /dn43/OCCT/tmp/results_30.09.2011/occt/release-sources-20110930/drv/XCAFSchema/XCAFSchema_gp_Vec2d.ixx
+M XCAFSchema:derivated:XCAFSchema_gp_Vec2d.cxx /dn43/OCCT/tmp/results_30.09.2011/occt/release-sources-20110930/drv/XCAFSchema/XCAFSchema_gp_Vec2d.cxx
+M XCAFSchema:pubinclude:XCAFSchema_gp_XY.hxx /dn43/OCCT/tmp/results_30.09.2011/occt/release-sources-20110930/inc/XCAFSchema_gp_XY.hxx
+M XCAFSchema:privinclude:XCAFSchema_gp_XY.ixx /dn43/OCCT/tmp/results_30.09.2011/occt/release-sources-20110930/drv/XCAFSchema/XCAFSchema_gp_XY.ixx
+M XCAFSchema:derivated:XCAFSchema_gp_XY.cxx /dn43/OCCT/tmp/results_30.09.2011/occt/release-sources-20110930/drv/XCAFSchema/XCAFSchema_gp_XY.cxx
+M XCAFSchema:pubinclude:XCAFSchema_gp_Dir2d.hxx /dn43/OCCT/tmp/results_30.09.2011/occt/release-sources-20110930/inc/XCAFSchema_gp_Dir2d.hxx
+M XCAFSchema:privinclude:XCAFSchema_gp_Dir2d.ixx /dn43/OCCT/tmp/results_30.09.2011/occt/release-sources-20110930/drv/XCAFSchema/XCAFSchema_gp_Dir2d.ixx
+M XCAFSchema:derivated:XCAFSchema_gp_Dir2d.cxx /dn43/OCCT/tmp/results_30.09.2011/occt/release-sources-20110930/drv/XCAFSchema/XCAFSchema_gp_Dir2d.cxx
+M XCAFSchema:dbadmfile:XCAFSchema_xcpp_sch.In /dn43/OCCT/tmp/results_30.09.2011/occt/release-sources-20110930/drv/XCAFSchema/.adm/XCAFSchema_xcpp_sch.In
+M XCAFSchema:dbadmfile:XCAFSchema_xcpp_sch.Out /dn43/OCCT/tmp/results_30.09.2011/occt/release-sources-20110930/drv/XCAFSchema/.adm/XCAFSchema_xcpp_sch.Out
+M XCAFSchema:dbadmfile:XCAFSchema_xcpp_sch.Dep /dn43/OCCT/tmp/results_30.09.2011/occt/release-sources-20110930/drv/XCAFSchema/.adm/XCAFSchema_xcpp_sch.Dep
