+M XCAFDoc:pubinclude:XCAFDoc.hxx /dn43/OCCT/tmp/results_30.09.2011/occt/release-sources-20110930/inc/XCAFDoc.hxx
+M XCAFDoc:privinclude:XCAFDoc.jxx /dn43/OCCT/tmp/results_30.09.2011/occt/release-sources-20110930/drv/XCAFDoc/XCAFDoc.jxx
+M XCAFDoc:privinclude:XCAFDoc.ixx /dn43/OCCT/tmp/results_30.09.2011/occt/release-sources-20110930/drv/XCAFDoc/XCAFDoc.ixx
+M XCAFDoc:pubinclude:Handle_XCAFDoc_DocumentTool.hxx /dn43/OCCT/tmp/results_30.09.2011/occt/release-sources-20110930/inc/Handle_XCAFDoc_DocumentTool.hxx
+M XCAFDoc:pubinclude:XCAFDoc_DocumentTool.hxx /dn43/OCCT/tmp/results_30.09.2011/occt/release-sources-20110930/inc/XCAFDoc_DocumentTool.hxx
+M XCAFDoc:privinclude:XCAFDoc_DocumentTool.jxx /dn43/OCCT/tmp/results_30.09.2011/occt/release-sources-20110930/drv/XCAFDoc/XCAFDoc_DocumentTool.jxx
+M XCAFDoc:privinclude:XCAFDoc_DocumentTool.ixx /dn43/OCCT/tmp/results_30.09.2011/occt/release-sources-20110930/drv/XCAFDoc/XCAFDoc_DocumentTool.ixx
+M XCAFDoc:pubinclude:Handle_XCAFDoc_Location.hxx /dn43/OCCT/tmp/results_30.09.2011/occt/release-sources-20110930/inc/Handle_XCAFDoc_Location.hxx
+M XCAFDoc:pubinclude:XCAFDoc_Location.hxx /dn43/OCCT/tmp/results_30.09.2011/occt/release-sources-20110930/inc/XCAFDoc_Location.hxx
+M XCAFDoc:privinclude:XCAFDoc_Location.jxx /dn43/OCCT/tmp/results_30.09.2011/occt/release-sources-20110930/drv/XCAFDoc/XCAFDoc_Location.jxx
+M XCAFDoc:privinclude:XCAFDoc_Location.ixx /dn43/OCCT/tmp/results_30.09.2011/occt/release-sources-20110930/drv/XCAFDoc/XCAFDoc_Location.ixx
+M XCAFDoc:pubinclude:Handle_XCAFDoc_Color.hxx /dn43/OCCT/tmp/results_30.09.2011/occt/release-sources-20110930/inc/Handle_XCAFDoc_Color.hxx
+M XCAFDoc:pubinclude:XCAFDoc_Color.hxx /dn43/OCCT/tmp/results_30.09.2011/occt/release-sources-20110930/inc/XCAFDoc_Color.hxx
+M XCAFDoc:privinclude:XCAFDoc_Color.jxx /dn43/OCCT/tmp/results_30.09.2011/occt/release-sources-20110930/drv/XCAFDoc/XCAFDoc_Color.jxx
+M XCAFDoc:privinclude:XCAFDoc_Color.ixx /dn43/OCCT/tmp/results_30.09.2011/occt/release-sources-20110930/drv/XCAFDoc/XCAFDoc_Color.ixx
+M XCAFDoc:pubinclude:Handle_XCAFDoc_DimTol.hxx /dn43/OCCT/tmp/results_30.09.2011/occt/release-sources-20110930/inc/Handle_XCAFDoc_DimTol.hxx
+M XCAFDoc:pubinclude:XCAFDoc_DimTol.hxx /dn43/OCCT/tmp/results_30.09.2011/occt/release-sources-20110930/inc/XCAFDoc_DimTol.hxx
+M XCAFDoc:privinclude:XCAFDoc_DimTol.jxx /dn43/OCCT/tmp/results_30.09.2011/occt/release-sources-20110930/drv/XCAFDoc/XCAFDoc_DimTol.jxx
+M XCAFDoc:privinclude:XCAFDoc_DimTol.ixx /dn43/OCCT/tmp/results_30.09.2011/occt/release-sources-20110930/drv/XCAFDoc/XCAFDoc_DimTol.ixx
+M XCAFDoc:pubinclude:Handle_XCAFDoc_Datum.hxx /dn43/OCCT/tmp/results_30.09.2011/occt/release-sources-20110930/inc/Handle_XCAFDoc_Datum.hxx
+M XCAFDoc:pubinclude:XCAFDoc_Datum.hxx /dn43/OCCT/tmp/results_30.09.2011/occt/release-sources-20110930/inc/XCAFDoc_Datum.hxx
+M XCAFDoc:privinclude:XCAFDoc_Datum.jxx /dn43/OCCT/tmp/results_30.09.2011/occt/release-sources-20110930/drv/XCAFDoc/XCAFDoc_Datum.jxx
+M XCAFDoc:privinclude:XCAFDoc_Datum.ixx /dn43/OCCT/tmp/results_30.09.2011/occt/release-sources-20110930/drv/XCAFDoc/XCAFDoc_Datum.ixx
+M XCAFDoc:pubinclude:Handle_XCAFDoc_Material.hxx /dn43/OCCT/tmp/results_30.09.2011/occt/release-sources-20110930/inc/Handle_XCAFDoc_Material.hxx
+M XCAFDoc:pubinclude:XCAFDoc_Material.hxx /dn43/OCCT/tmp/results_30.09.2011/occt/release-sources-20110930/inc/XCAFDoc_Material.hxx
+M XCAFDoc:privinclude:XCAFDoc_Material.jxx /dn43/OCCT/tmp/results_30.09.2011/occt/release-sources-20110930/drv/XCAFDoc/XCAFDoc_Material.jxx
+M XCAFDoc:privinclude:XCAFDoc_Material.ixx /dn43/OCCT/tmp/results_30.09.2011/occt/release-sources-20110930/drv/XCAFDoc/XCAFDoc_Material.ixx
+M XCAFDoc:pubinclude:Handle_XCAFDoc_Volume.hxx /dn43/OCCT/tmp/results_30.09.2011/occt/release-sources-20110930/inc/Handle_XCAFDoc_Volume.hxx
+M XCAFDoc:pubinclude:XCAFDoc_Volume.hxx /dn43/OCCT/tmp/results_30.09.2011/occt/release-sources-20110930/inc/XCAFDoc_Volume.hxx
+M XCAFDoc:privinclude:XCAFDoc_Volume.jxx /dn43/OCCT/tmp/results_30.09.2011/occt/release-sources-20110930/drv/XCAFDoc/XCAFDoc_Volume.jxx
+M XCAFDoc:privinclude:XCAFDoc_Volume.ixx /dn43/OCCT/tmp/results_30.09.2011/occt/release-sources-20110930/drv/XCAFDoc/XCAFDoc_Volume.ixx
+M XCAFDoc:pubinclude:Handle_XCAFDoc_Area.hxx /dn43/OCCT/tmp/results_30.09.2011/occt/release-sources-20110930/inc/Handle_XCAFDoc_Area.hxx
+M XCAFDoc:pubinclude:XCAFDoc_Area.hxx /dn43/OCCT/tmp/results_30.09.2011/occt/release-sources-20110930/inc/XCAFDoc_Area.hxx
+M XCAFDoc:privinclude:XCAFDoc_Area.jxx /dn43/OCCT/tmp/results_30.09.2011/occt/release-sources-20110930/drv/XCAFDoc/XCAFDoc_Area.jxx
+M XCAFDoc:privinclude:XCAFDoc_Area.ixx /dn43/OCCT/tmp/results_30.09.2011/occt/release-sources-20110930/drv/XCAFDoc/XCAFDoc_Area.ixx
+M XCAFDoc:pubinclude:Handle_XCAFDoc_Centroid.hxx /dn43/OCCT/tmp/results_30.09.2011/occt/release-sources-20110930/inc/Handle_XCAFDoc_Centroid.hxx
+M XCAFDoc:pubinclude:XCAFDoc_Centroid.hxx /dn43/OCCT/tmp/results_30.09.2011/occt/release-sources-20110930/inc/XCAFDoc_Centroid.hxx
+M XCAFDoc:privinclude:XCAFDoc_Centroid.jxx /dn43/OCCT/tmp/results_30.09.2011/occt/release-sources-20110930/drv/XCAFDoc/XCAFDoc_Centroid.jxx
+M XCAFDoc:privinclude:XCAFDoc_Centroid.ixx /dn43/OCCT/tmp/results_30.09.2011/occt/release-sources-20110930/drv/XCAFDoc/XCAFDoc_Centroid.ixx
+M XCAFDoc:pubinclude:Handle_XCAFDoc_ShapeTool.hxx /dn43/OCCT/tmp/results_30.09.2011/occt/release-sources-20110930/inc/Handle_XCAFDoc_ShapeTool.hxx
+M XCAFDoc:pubinclude:XCAFDoc_ShapeTool.hxx /dn43/OCCT/tmp/results_30.09.2011/occt/release-sources-20110930/inc/XCAFDoc_ShapeTool.hxx
+M XCAFDoc:privinclude:XCAFDoc_ShapeTool.jxx /dn43/OCCT/tmp/results_30.09.2011/occt/release-sources-20110930/drv/XCAFDoc/XCAFDoc_ShapeTool.jxx
+M XCAFDoc:privinclude:XCAFDoc_ShapeTool.ixx /dn43/OCCT/tmp/results_30.09.2011/occt/release-sources-20110930/drv/XCAFDoc/XCAFDoc_ShapeTool.ixx
+M XCAFDoc:pubinclude:Handle_XCAFDoc_ShapeMapTool.hxx /dn43/OCCT/tmp/results_30.09.2011/occt/release-sources-20110930/inc/Handle_XCAFDoc_ShapeMapTool.hxx
+M XCAFDoc:pubinclude:XCAFDoc_ShapeMapTool.hxx /dn43/OCCT/tmp/results_30.09.2011/occt/release-sources-20110930/inc/XCAFDoc_ShapeMapTool.hxx
+M XCAFDoc:privinclude:XCAFDoc_ShapeMapTool.jxx /dn43/OCCT/tmp/results_30.09.2011/occt/release-sources-20110930/drv/XCAFDoc/XCAFDoc_ShapeMapTool.jxx
+M XCAFDoc:privinclude:XCAFDoc_ShapeMapTool.ixx /dn43/OCCT/tmp/results_30.09.2011/occt/release-sources-20110930/drv/XCAFDoc/XCAFDoc_ShapeMapTool.ixx
+M XCAFDoc:pubinclude:Handle_XCAFDoc_ColorTool.hxx /dn43/OCCT/tmp/results_30.09.2011/occt/release-sources-20110930/inc/Handle_XCAFDoc_ColorTool.hxx
+M XCAFDoc:pubinclude:XCAFDoc_ColorTool.hxx /dn43/OCCT/tmp/results_30.09.2011/occt/release-sources-20110930/inc/XCAFDoc_ColorTool.hxx
+M XCAFDoc:privinclude:XCAFDoc_ColorTool.jxx /dn43/OCCT/tmp/results_30.09.2011/occt/release-sources-20110930/drv/XCAFDoc/XCAFDoc_ColorTool.jxx
+M XCAFDoc:privinclude:XCAFDoc_ColorTool.ixx /dn43/OCCT/tmp/results_30.09.2011/occt/release-sources-20110930/drv/XCAFDoc/XCAFDoc_ColorTool.ixx
+M XCAFDoc:pubinclude:Handle_XCAFDoc_DimTolTool.hxx /dn43/OCCT/tmp/results_30.09.2011/occt/release-sources-20110930/inc/Handle_XCAFDoc_DimTolTool.hxx
+M XCAFDoc:pubinclude:XCAFDoc_DimTolTool.hxx /dn43/OCCT/tmp/results_30.09.2011/occt/release-sources-20110930/inc/XCAFDoc_DimTolTool.hxx
+M XCAFDoc:privinclude:XCAFDoc_DimTolTool.jxx /dn43/OCCT/tmp/results_30.09.2011/occt/release-sources-20110930/drv/XCAFDoc/XCAFDoc_DimTolTool.jxx
+M XCAFDoc:privinclude:XCAFDoc_DimTolTool.ixx /dn43/OCCT/tmp/results_30.09.2011/occt/release-sources-20110930/drv/XCAFDoc/XCAFDoc_DimTolTool.ixx
+M XCAFDoc:pubinclude:Handle_XCAFDoc_LayerTool.hxx /dn43/OCCT/tmp/results_30.09.2011/occt/release-sources-20110930/inc/Handle_XCAFDoc_LayerTool.hxx
+M XCAFDoc:pubinclude:XCAFDoc_LayerTool.hxx /dn43/OCCT/tmp/results_30.09.2011/occt/release-sources-20110930/inc/XCAFDoc_LayerTool.hxx
+M XCAFDoc:privinclude:XCAFDoc_LayerTool.jxx /dn43/OCCT/tmp/results_30.09.2011/occt/release-sources-20110930/drv/XCAFDoc/XCAFDoc_LayerTool.jxx
+M XCAFDoc:privinclude:XCAFDoc_LayerTool.ixx /dn43/OCCT/tmp/results_30.09.2011/occt/release-sources-20110930/drv/XCAFDoc/XCAFDoc_LayerTool.ixx
+M XCAFDoc:pubinclude:Handle_XCAFDoc_MaterialTool.hxx /dn43/OCCT/tmp/results_30.09.2011/occt/release-sources-20110930/inc/Handle_XCAFDoc_MaterialTool.hxx
+M XCAFDoc:pubinclude:XCAFDoc_MaterialTool.hxx /dn43/OCCT/tmp/results_30.09.2011/occt/release-sources-20110930/inc/XCAFDoc_MaterialTool.hxx
+M XCAFDoc:privinclude:XCAFDoc_MaterialTool.jxx /dn43/OCCT/tmp/results_30.09.2011/occt/release-sources-20110930/drv/XCAFDoc/XCAFDoc_MaterialTool.jxx
+M XCAFDoc:privinclude:XCAFDoc_MaterialTool.ixx /dn43/OCCT/tmp/results_30.09.2011/occt/release-sources-20110930/drv/XCAFDoc/XCAFDoc_MaterialTool.ixx
+M XCAFDoc:pubinclude:Handle_XCAFDoc_GraphNode.hxx /dn43/OCCT/tmp/results_30.09.2011/occt/release-sources-20110930/inc/Handle_XCAFDoc_GraphNode.hxx
+M XCAFDoc:pubinclude:XCAFDoc_GraphNode.hxx /dn43/OCCT/tmp/results_30.09.2011/occt/release-sources-20110930/inc/XCAFDoc_GraphNode.hxx
+M XCAFDoc:privinclude:XCAFDoc_GraphNode.jxx /dn43/OCCT/tmp/results_30.09.2011/occt/release-sources-20110930/drv/XCAFDoc/XCAFDoc_GraphNode.jxx
+M XCAFDoc:privinclude:XCAFDoc_GraphNode.ixx /dn43/OCCT/tmp/results_30.09.2011/occt/release-sources-20110930/drv/XCAFDoc/XCAFDoc_GraphNode.ixx
+M XCAFDoc:pubinclude:XCAFDoc_GraphNodeSequence.hxx /dn43/OCCT/tmp/results_30.09.2011/occt/release-sources-20110930/inc/XCAFDoc_GraphNodeSequence.hxx
+M XCAFDoc:derivated:XCAFDoc_GraphNodeSequence_0.cxx /dn43/OCCT/tmp/results_30.09.2011/occt/release-sources-20110930/drv/XCAFDoc/XCAFDoc_GraphNodeSequence_0.cxx
+M XCAFDoc:pubinclude:XCAFDoc_DataMapOfShapeLabel.hxx /dn43/OCCT/tmp/results_30.09.2011/occt/release-sources-20110930/inc/XCAFDoc_DataMapOfShapeLabel.hxx
+M XCAFDoc:derivated:XCAFDoc_DataMapOfShapeLabel_0.cxx /dn43/OCCT/tmp/results_30.09.2011/occt/release-sources-20110930/drv/XCAFDoc/XCAFDoc_DataMapOfShapeLabel_0.cxx
+M XCAFDoc:pubinclude:Handle_XCAFDoc_SequenceNodeOfGraphNodeSequence.hxx /dn43/OCCT/tmp/results_30.09.2011/occt/release-sources-20110930/inc/Handle_XCAFDoc_SequenceNodeOfGraphNodeSequence.hxx
+M XCAFDoc:pubinclude:XCAFDoc_SequenceNodeOfGraphNodeSequence.hxx /dn43/OCCT/tmp/results_30.09.2011/occt/release-sources-20110930/inc/XCAFDoc_SequenceNodeOfGraphNodeSequence.hxx
+M XCAFDoc:derivated:XCAFDoc_SequenceNodeOfGraphNodeSequence_0.cxx /dn43/OCCT/tmp/results_30.09.2011/occt/release-sources-20110930/drv/XCAFDoc/XCAFDoc_SequenceNodeOfGraphNodeSequence_0.cxx
+M XCAFDoc:pubinclude:Handle_XCAFDoc_DataMapNodeOfDataMapOfShapeLabel.hxx /dn43/OCCT/tmp/results_30.09.2011/occt/release-sources-20110930/inc/Handle_XCAFDoc_DataMapNodeOfDataMapOfShapeLabel.hxx
+M XCAFDoc:pubinclude:XCAFDoc_DataMapNodeOfDataMapOfShapeLabel.hxx /dn43/OCCT/tmp/results_30.09.2011/occt/release-sources-20110930/inc/XCAFDoc_DataMapNodeOfDataMapOfShapeLabel.hxx
+M XCAFDoc:derivated:XCAFDoc_DataMapNodeOfDataMapOfShapeLabel_0.cxx /dn43/OCCT/tmp/results_30.09.2011/occt/release-sources-20110930/drv/XCAFDoc/XCAFDoc_DataMapNodeOfDataMapOfShapeLabel_0.cxx
+M XCAFDoc:pubinclude:XCAFDoc_DataMapIteratorOfDataMapOfShapeLabel.hxx /dn43/OCCT/tmp/results_30.09.2011/occt/release-sources-20110930/inc/XCAFDoc_DataMapIteratorOfDataMapOfShapeLabel.hxx
+M XCAFDoc:derivated:XCAFDoc_DataMapIteratorOfDataMapOfShapeLabel_0.cxx /dn43/OCCT/tmp/results_30.09.2011/occt/release-sources-20110930/drv/XCAFDoc/XCAFDoc_DataMapIteratorOfDataMapOfShapeLabel_0.cxx
+M XCAFDoc:pubinclude:XCAFDoc_ColorType.hxx /dn43/OCCT/tmp/results_30.09.2011/occt/release-sources-20110930/inc/XCAFDoc_ColorType.hxx
+M XCAFDoc:dbadmfile:XCAFDoc_xcpp_header.In /dn43/OCCT/tmp/results_30.09.2011/occt/release-sources-20110930/drv/XCAFDoc/.adm/XCAFDoc_xcpp_header.In
+M XCAFDoc:dbadmfile:XCAFDoc_xcpp_header.Out /dn43/OCCT/tmp/results_30.09.2011/occt/release-sources-20110930/drv/XCAFDoc/.adm/XCAFDoc_xcpp_header.Out
+M XCAFDoc:dbadmfile:XCAFDoc_xcpp_header.Dep /dn43/OCCT/tmp/results_30.09.2011/occt/release-sources-20110930/drv/XCAFDoc/.adm/XCAFDoc_xcpp_header.Dep
