+M BRepOffsetAPI:pubinclude:BRepOffsetAPI_MakePipe.hxx /dn43/OCCT/tmp/results_28.02.2011/occt/release-sources-20110228/inc/BRepOffsetAPI_MakePipe.hxx
+M BRepOffsetAPI:privinclude:BRepOffsetAPI_MakePipe.jxx /dn43/OCCT/tmp/results_28.02.2011/occt/release-sources-20110228/drv/BRepOffsetAPI/BRepOffsetAPI_MakePipe.jxx
+M BRepOffsetAPI:privinclude:BRepOffsetAPI_MakePipe.ixx /dn43/OCCT/tmp/results_28.02.2011/occt/release-sources-20110228/drv/BRepOffsetAPI/BRepOffsetAPI_MakePipe.ixx
+M BRepOffsetAPI:pubinclude:BRepOffsetAPI_MakePipeShell.hxx /dn43/OCCT/tmp/results_28.02.2011/occt/release-sources-20110228/inc/BRepOffsetAPI_MakePipeShell.hxx
+M BRepOffsetAPI:privinclude:BRepOffsetAPI_MakePipeShell.jxx /dn43/OCCT/tmp/results_28.02.2011/occt/release-sources-20110228/drv/BRepOffsetAPI/BRepOffsetAPI_MakePipeShell.jxx
+M BRepOffsetAPI:privinclude:BRepOffsetAPI_MakePipeShell.ixx /dn43/OCCT/tmp/results_28.02.2011/occt/release-sources-20110228/drv/BRepOffsetAPI/BRepOffsetAPI_MakePipeShell.ixx
+M BRepOffsetAPI:pubinclude:BRepOffsetAPI_MakeDraft.hxx /dn43/OCCT/tmp/results_28.02.2011/occt/release-sources-20110228/inc/BRepOffsetAPI_MakeDraft.hxx
+M BRepOffsetAPI:privinclude:BRepOffsetAPI_MakeDraft.jxx /dn43/OCCT/tmp/results_28.02.2011/occt/release-sources-20110228/drv/BRepOffsetAPI/BRepOffsetAPI_MakeDraft.jxx
+M BRepOffsetAPI:privinclude:BRepOffsetAPI_MakeDraft.ixx /dn43/OCCT/tmp/results_28.02.2011/occt/release-sources-20110228/drv/BRepOffsetAPI/BRepOffsetAPI_MakeDraft.ixx
+M BRepOffsetAPI:pubinclude:BRepOffsetAPI_DraftAngle.hxx /dn43/OCCT/tmp/results_28.02.2011/occt/release-sources-20110228/inc/BRepOffsetAPI_DraftAngle.hxx
+M BRepOffsetAPI:privinclude:BRepOffsetAPI_DraftAngle.jxx /dn43/OCCT/tmp/results_28.02.2011/occt/release-sources-20110228/drv/BRepOffsetAPI/BRepOffsetAPI_DraftAngle.jxx
+M BRepOffsetAPI:privinclude:BRepOffsetAPI_DraftAngle.ixx /dn43/OCCT/tmp/results_28.02.2011/occt/release-sources-20110228/drv/BRepOffsetAPI/BRepOffsetAPI_DraftAngle.ixx
+M BRepOffsetAPI:pubinclude:BRepOffsetAPI_FindContigousEdges.hxx /dn43/OCCT/tmp/results_28.02.2011/occt/release-sources-20110228/inc/BRepOffsetAPI_FindContigousEdges.hxx
+M BRepOffsetAPI:privinclude:BRepOffsetAPI_FindContigousEdges.jxx /dn43/OCCT/tmp/results_28.02.2011/occt/release-sources-20110228/drv/BRepOffsetAPI/BRepOffsetAPI_FindContigousEdges.jxx
+M BRepOffsetAPI:privinclude:BRepOffsetAPI_FindContigousEdges.ixx /dn43/OCCT/tmp/results_28.02.2011/occt/release-sources-20110228/drv/BRepOffsetAPI/BRepOffsetAPI_FindContigousEdges.ixx
+M BRepOffsetAPI:pubinclude:BRepOffsetAPI_MakeOffset.hxx /dn43/OCCT/tmp/results_28.02.2011/occt/release-sources-20110228/inc/BRepOffsetAPI_MakeOffset.hxx
+M BRepOffsetAPI:privinclude:BRepOffsetAPI_MakeOffset.jxx /dn43/OCCT/tmp/results_28.02.2011/occt/release-sources-20110228/drv/BRepOffsetAPI/BRepOffsetAPI_MakeOffset.jxx
+M BRepOffsetAPI:privinclude:BRepOffsetAPI_MakeOffset.ixx /dn43/OCCT/tmp/results_28.02.2011/occt/release-sources-20110228/drv/BRepOffsetAPI/BRepOffsetAPI_MakeOffset.ixx
+M BRepOffsetAPI:pubinclude:BRepOffsetAPI_MakeOffsetShape.hxx /dn43/OCCT/tmp/results_28.02.2011/occt/release-sources-20110228/inc/BRepOffsetAPI_MakeOffsetShape.hxx
+M BRepOffsetAPI:privinclude:BRepOffsetAPI_MakeOffsetShape.jxx /dn43/OCCT/tmp/results_28.02.2011/occt/release-sources-20110228/drv/BRepOffsetAPI/BRepOffsetAPI_MakeOffsetShape.jxx
+M BRepOffsetAPI:privinclude:BRepOffsetAPI_MakeOffsetShape.ixx /dn43/OCCT/tmp/results_28.02.2011/occt/release-sources-20110228/drv/BRepOffsetAPI/BRepOffsetAPI_MakeOffsetShape.ixx
+M BRepOffsetAPI:pubinclude:BRepOffsetAPI_MakeThickSolid.hxx /dn43/OCCT/tmp/results_28.02.2011/occt/release-sources-20110228/inc/BRepOffsetAPI_MakeThickSolid.hxx
+M BRepOffsetAPI:privinclude:BRepOffsetAPI_MakeThickSolid.jxx /dn43/OCCT/tmp/results_28.02.2011/occt/release-sources-20110228/drv/BRepOffsetAPI/BRepOffsetAPI_MakeThickSolid.jxx
+M BRepOffsetAPI:privinclude:BRepOffsetAPI_MakeThickSolid.ixx /dn43/OCCT/tmp/results_28.02.2011/occt/release-sources-20110228/drv/BRepOffsetAPI/BRepOffsetAPI_MakeThickSolid.ixx
+M BRepOffsetAPI:pubinclude:BRepOffsetAPI_MakeEvolved.hxx /dn43/OCCT/tmp/results_28.02.2011/occt/release-sources-20110228/inc/BRepOffsetAPI_MakeEvolved.hxx
+M BRepOffsetAPI:privinclude:BRepOffsetAPI_MakeEvolved.jxx /dn43/OCCT/tmp/results_28.02.2011/occt/release-sources-20110228/drv/BRepOffsetAPI/BRepOffsetAPI_MakeEvolved.jxx
+M BRepOffsetAPI:privinclude:BRepOffsetAPI_MakeEvolved.ixx /dn43/OCCT/tmp/results_28.02.2011/occt/release-sources-20110228/drv/BRepOffsetAPI/BRepOffsetAPI_MakeEvolved.ixx
+M BRepOffsetAPI:pubinclude:BRepOffsetAPI_ThruSections.hxx /dn43/OCCT/tmp/results_28.02.2011/occt/release-sources-20110228/inc/BRepOffsetAPI_ThruSections.hxx
+M BRepOffsetAPI:privinclude:BRepOffsetAPI_ThruSections.jxx /dn43/OCCT/tmp/results_28.02.2011/occt/release-sources-20110228/drv/BRepOffsetAPI/BRepOffsetAPI_ThruSections.jxx
+M BRepOffsetAPI:privinclude:BRepOffsetAPI_ThruSections.ixx /dn43/OCCT/tmp/results_28.02.2011/occt/release-sources-20110228/drv/BRepOffsetAPI/BRepOffsetAPI_ThruSections.ixx
+M BRepOffsetAPI:pubinclude:BRepOffsetAPI_NormalProjection.hxx /dn43/OCCT/tmp/results_28.02.2011/occt/release-sources-20110228/inc/BRepOffsetAPI_NormalProjection.hxx
+M BRepOffsetAPI:privinclude:BRepOffsetAPI_NormalProjection.jxx /dn43/OCCT/tmp/results_28.02.2011/occt/release-sources-20110228/drv/BRepOffsetAPI/BRepOffsetAPI_NormalProjection.jxx
+M BRepOffsetAPI:privinclude:BRepOffsetAPI_NormalProjection.ixx /dn43/OCCT/tmp/results_28.02.2011/occt/release-sources-20110228/drv/BRepOffsetAPI/BRepOffsetAPI_NormalProjection.ixx
+M BRepOffsetAPI:pubinclude:BRepOffsetAPI_MakeFilling.hxx /dn43/OCCT/tmp/results_28.02.2011/occt/release-sources-20110228/inc/BRepOffsetAPI_MakeFilling.hxx
+M BRepOffsetAPI:privinclude:BRepOffsetAPI_MakeFilling.jxx /dn43/OCCT/tmp/results_28.02.2011/occt/release-sources-20110228/drv/BRepOffsetAPI/BRepOffsetAPI_MakeFilling.jxx
+M BRepOffsetAPI:privinclude:BRepOffsetAPI_MakeFilling.ixx /dn43/OCCT/tmp/results_28.02.2011/occt/release-sources-20110228/drv/BRepOffsetAPI/BRepOffsetAPI_MakeFilling.ixx
+M BRepOffsetAPI:pubinclude:BRepOffsetAPI_SequenceOfSequenceOfReal.hxx /dn43/OCCT/tmp/results_28.02.2011/occt/release-sources-20110228/inc/BRepOffsetAPI_SequenceOfSequenceOfReal.hxx
+M BRepOffsetAPI:derivated:BRepOffsetAPI_SequenceOfSequenceOfReal_0.cxx /dn43/OCCT/tmp/results_28.02.2011/occt/release-sources-20110228/drv/BRepOffsetAPI/BRepOffsetAPI_SequenceOfSequenceOfReal_0.cxx
+M BRepOffsetAPI:pubinclude:BRepOffsetAPI_SequenceOfSequenceOfShape.hxx /dn43/OCCT/tmp/results_28.02.2011/occt/release-sources-20110228/inc/BRepOffsetAPI_SequenceOfSequenceOfShape.hxx
+M BRepOffsetAPI:derivated:BRepOffsetAPI_SequenceOfSequenceOfShape_0.cxx /dn43/OCCT/tmp/results_28.02.2011/occt/release-sources-20110228/drv/BRepOffsetAPI/BRepOffsetAPI_SequenceOfSequenceOfShape_0.cxx
+M BRepOffsetAPI:pubinclude:Handle_BRepOffsetAPI_SequenceNodeOfSequenceOfSequenceOfReal.hxx /dn43/OCCT/tmp/results_28.02.2011/occt/release-sources-20110228/inc/Handle_BRepOffsetAPI_SequenceNodeOfSequenceOfSequenceOfReal.hxx
+M BRepOffsetAPI:pubinclude:BRepOffsetAPI_SequenceNodeOfSequenceOfSequenceOfReal.hxx /dn43/OCCT/tmp/results_28.02.2011/occt/release-sources-20110228/inc/BRepOffsetAPI_SequenceNodeOfSequenceOfSequenceOfReal.hxx
+M BRepOffsetAPI:derivated:BRepOffsetAPI_SequenceNodeOfSequenceOfSequenceOfReal_0.cxx /dn43/OCCT/tmp/results_28.02.2011/occt/release-sources-20110228/drv/BRepOffsetAPI/BRepOffsetAPI_SequenceNodeOfSequenceOfSequenceOfReal_0.cxx
+M BRepOffsetAPI:pubinclude:Handle_BRepOffsetAPI_SequenceNodeOfSequenceOfSequenceOfShape.hxx /dn43/OCCT/tmp/results_28.02.2011/occt/release-sources-20110228/inc/Handle_BRepOffsetAPI_SequenceNodeOfSequenceOfSequenceOfShape.hxx
+M BRepOffsetAPI:pubinclude:BRepOffsetAPI_SequenceNodeOfSequenceOfSequenceOfShape.hxx /dn43/OCCT/tmp/results_28.02.2011/occt/release-sources-20110228/inc/BRepOffsetAPI_SequenceNodeOfSequenceOfSequenceOfShape.hxx
+M BRepOffsetAPI:derivated:BRepOffsetAPI_SequenceNodeOfSequenceOfSequenceOfShape_0.cxx /dn43/OCCT/tmp/results_28.02.2011/occt/release-sources-20110228/drv/BRepOffsetAPI/BRepOffsetAPI_SequenceNodeOfSequenceOfSequenceOfShape_0.cxx
+M BRepOffsetAPI:pubinclude:BRepOffsetAPI_Sewing.hxx /dn43/OCCT/tmp/results_28.02.2011/occt/release-sources-20110228/inc/BRepOffsetAPI_Sewing.hxx
+M BRepOffsetAPI:dbadmfile:BRepOffsetAPI_xcpp_header.In /dn43/OCCT/tmp/results_28.02.2011/occt/release-sources-20110228/drv/BRepOffsetAPI/.adm/BRepOffsetAPI_xcpp_header.In
+M BRepOffsetAPI:dbadmfile:BRepOffsetAPI_xcpp_header.Out /dn43/OCCT/tmp/results_28.02.2011/occt/release-sources-20110228/drv/BRepOffsetAPI/.adm/BRepOffsetAPI_xcpp_header.Out
+M BRepOffsetAPI:dbadmfile:BRepOffsetAPI_xcpp_header.Dep /dn43/OCCT/tmp/results_28.02.2011/occt/release-sources-20110228/drv/BRepOffsetAPI/.adm/BRepOffsetAPI_xcpp_header.Dep
