+M Intf:pubinclude:Intf.hxx /dn43/OCCT/tmp/results_31.05.2011/occt/release-sources-20110531/inc/Intf.hxx
+M Intf:privinclude:Intf.jxx /dn43/OCCT/tmp/results_31.05.2011/occt/release-sources-20110531/drv/Intf/Intf.jxx
+M Intf:privinclude:Intf.ixx /dn43/OCCT/tmp/results_31.05.2011/occt/release-sources-20110531/drv/Intf/Intf.ixx
+M Intf:pubinclude:Intf_Array1OfLin.hxx /dn43/OCCT/tmp/results_31.05.2011/occt/release-sources-20110531/inc/Intf_Array1OfLin.hxx
+M Intf:derivated:Intf_Array1OfLin_0.cxx /dn43/OCCT/tmp/results_31.05.2011/occt/release-sources-20110531/drv/Intf/Intf_Array1OfLin_0.cxx
+M Intf:pubinclude:Intf_SectionPoint.hxx /dn43/OCCT/tmp/results_31.05.2011/occt/release-sources-20110531/inc/Intf_SectionPoint.hxx
+M Intf:privinclude:Intf_SectionPoint.jxx /dn43/OCCT/tmp/results_31.05.2011/occt/release-sources-20110531/drv/Intf/Intf_SectionPoint.jxx
+M Intf:privinclude:Intf_SectionPoint.ixx /dn43/OCCT/tmp/results_31.05.2011/occt/release-sources-20110531/drv/Intf/Intf_SectionPoint.ixx
+M Intf:pubinclude:Intf_SeqOfSectionPoint.hxx /dn43/OCCT/tmp/results_31.05.2011/occt/release-sources-20110531/inc/Intf_SeqOfSectionPoint.hxx
+M Intf:derivated:Intf_SeqOfSectionPoint_0.cxx /dn43/OCCT/tmp/results_31.05.2011/occt/release-sources-20110531/drv/Intf/Intf_SeqOfSectionPoint_0.cxx
+M Intf:pubinclude:Intf_SectionLine.hxx /dn43/OCCT/tmp/results_31.05.2011/occt/release-sources-20110531/inc/Intf_SectionLine.hxx
+M Intf:privinclude:Intf_SectionLine.jxx /dn43/OCCT/tmp/results_31.05.2011/occt/release-sources-20110531/drv/Intf/Intf_SectionLine.jxx
+M Intf:privinclude:Intf_SectionLine.ixx /dn43/OCCT/tmp/results_31.05.2011/occt/release-sources-20110531/drv/Intf/Intf_SectionLine.ixx
+M Intf:pubinclude:Intf_SeqOfSectionLine.hxx /dn43/OCCT/tmp/results_31.05.2011/occt/release-sources-20110531/inc/Intf_SeqOfSectionLine.hxx
+M Intf:derivated:Intf_SeqOfSectionLine_0.cxx /dn43/OCCT/tmp/results_31.05.2011/occt/release-sources-20110531/drv/Intf/Intf_SeqOfSectionLine_0.cxx
+M Intf:pubinclude:Intf_TangentZone.hxx /dn43/OCCT/tmp/results_31.05.2011/occt/release-sources-20110531/inc/Intf_TangentZone.hxx
+M Intf:privinclude:Intf_TangentZone.jxx /dn43/OCCT/tmp/results_31.05.2011/occt/release-sources-20110531/drv/Intf/Intf_TangentZone.jxx
+M Intf:privinclude:Intf_TangentZone.ixx /dn43/OCCT/tmp/results_31.05.2011/occt/release-sources-20110531/drv/Intf/Intf_TangentZone.ixx
+M Intf:pubinclude:Intf_SeqOfTangentZone.hxx /dn43/OCCT/tmp/results_31.05.2011/occt/release-sources-20110531/inc/Intf_SeqOfTangentZone.hxx
+M Intf:derivated:Intf_SeqOfTangentZone_0.cxx /dn43/OCCT/tmp/results_31.05.2011/occt/release-sources-20110531/drv/Intf/Intf_SeqOfTangentZone_0.cxx
+M Intf:pubinclude:Intf_Interference.hxx /dn43/OCCT/tmp/results_31.05.2011/occt/release-sources-20110531/inc/Intf_Interference.hxx
+M Intf:privinclude:Intf_Interference.jxx /dn43/OCCT/tmp/results_31.05.2011/occt/release-sources-20110531/drv/Intf/Intf_Interference.jxx
+M Intf:privinclude:Intf_Interference.ixx /dn43/OCCT/tmp/results_31.05.2011/occt/release-sources-20110531/drv/Intf/Intf_Interference.ixx
+M Intf:pubinclude:Intf_Tool.hxx /dn43/OCCT/tmp/results_31.05.2011/occt/release-sources-20110531/inc/Intf_Tool.hxx
+M Intf:privinclude:Intf_Tool.jxx /dn43/OCCT/tmp/results_31.05.2011/occt/release-sources-20110531/drv/Intf/Intf_Tool.jxx
+M Intf:privinclude:Intf_Tool.ixx /dn43/OCCT/tmp/results_31.05.2011/occt/release-sources-20110531/drv/Intf/Intf_Tool.ixx
+M Intf:pubinclude:Handle_Intf_SequenceNodeOfSeqOfSectionPoint.hxx /dn43/OCCT/tmp/results_31.05.2011/occt/release-sources-20110531/inc/Handle_Intf_SequenceNodeOfSeqOfSectionPoint.hxx
+M Intf:pubinclude:Intf_SequenceNodeOfSeqOfSectionPoint.hxx /dn43/OCCT/tmp/results_31.05.2011/occt/release-sources-20110531/inc/Intf_SequenceNodeOfSeqOfSectionPoint.hxx
+M Intf:derivated:Intf_SequenceNodeOfSeqOfSectionPoint_0.cxx /dn43/OCCT/tmp/results_31.05.2011/occt/release-sources-20110531/drv/Intf/Intf_SequenceNodeOfSeqOfSectionPoint_0.cxx
+M Intf:pubinclude:Handle_Intf_SequenceNodeOfSeqOfTangentZone.hxx /dn43/OCCT/tmp/results_31.05.2011/occt/release-sources-20110531/inc/Handle_Intf_SequenceNodeOfSeqOfTangentZone.hxx
+M Intf:pubinclude:Intf_SequenceNodeOfSeqOfTangentZone.hxx /dn43/OCCT/tmp/results_31.05.2011/occt/release-sources-20110531/inc/Intf_SequenceNodeOfSeqOfTangentZone.hxx
+M Intf:derivated:Intf_SequenceNodeOfSeqOfTangentZone_0.cxx /dn43/OCCT/tmp/results_31.05.2011/occt/release-sources-20110531/drv/Intf/Intf_SequenceNodeOfSeqOfTangentZone_0.cxx
+M Intf:pubinclude:Handle_Intf_SequenceNodeOfSeqOfSectionLine.hxx /dn43/OCCT/tmp/results_31.05.2011/occt/release-sources-20110531/inc/Handle_Intf_SequenceNodeOfSeqOfSectionLine.hxx
+M Intf:pubinclude:Intf_SequenceNodeOfSeqOfSectionLine.hxx /dn43/OCCT/tmp/results_31.05.2011/occt/release-sources-20110531/inc/Intf_SequenceNodeOfSeqOfSectionLine.hxx
+M Intf:derivated:Intf_SequenceNodeOfSeqOfSectionLine_0.cxx /dn43/OCCT/tmp/results_31.05.2011/occt/release-sources-20110531/drv/Intf/Intf_SequenceNodeOfSeqOfSectionLine_0.cxx
+M Intf:pubinclude:Intf_PIType.hxx /dn43/OCCT/tmp/results_31.05.2011/occt/release-sources-20110531/inc/Intf_PIType.hxx
+M Intf:dbadmfile:Intf_xcpp_header.In /dn43/OCCT/tmp/results_31.05.2011/occt/release-sources-20110531/drv/Intf/.adm/Intf_xcpp_header.In
+M Intf:dbadmfile:Intf_xcpp_header.Out /dn43/OCCT/tmp/results_31.05.2011/occt/release-sources-20110531/drv/Intf/.adm/Intf_xcpp_header.Out
+M Intf:dbadmfile:Intf_xcpp_header.Dep /dn43/OCCT/tmp/results_31.05.2011/occt/release-sources-20110531/drv/Intf/.adm/Intf_xcpp_header.Dep
