+M STEPSelections:pubinclude:Handle_STEPSelections_SelectFaces.hxx /dn43/OCCT/tmp/results_28.02.2011/occt/release-sources-20110228/inc/Handle_STEPSelections_SelectFaces.hxx
+M STEPSelections:pubinclude:STEPSelections_SelectFaces.hxx /dn43/OCCT/tmp/results_28.02.2011/occt/release-sources-20110228/inc/STEPSelections_SelectFaces.hxx
+M STEPSelections:privinclude:STEPSelections_SelectFaces.jxx /dn43/OCCT/tmp/results_28.02.2011/occt/release-sources-20110228/drv/STEPSelections/STEPSelections_SelectFaces.jxx
+M STEPSelections:privinclude:STEPSelections_SelectFaces.ixx /dn43/OCCT/tmp/results_28.02.2011/occt/release-sources-20110228/drv/STEPSelections/STEPSelections_SelectFaces.ixx
+M STEPSelections:pubinclude:Handle_STEPSelections_SelectDerived.hxx /dn43/OCCT/tmp/results_28.02.2011/occt/release-sources-20110228/inc/Handle_STEPSelections_SelectDerived.hxx
+M STEPSelections:pubinclude:STEPSelections_SelectDerived.hxx /dn43/OCCT/tmp/results_28.02.2011/occt/release-sources-20110228/inc/STEPSelections_SelectDerived.hxx
+M STEPSelections:privinclude:STEPSelections_SelectDerived.jxx /dn43/OCCT/tmp/results_28.02.2011/occt/release-sources-20110228/drv/STEPSelections/STEPSelections_SelectDerived.jxx
+M STEPSelections:privinclude:STEPSelections_SelectDerived.ixx /dn43/OCCT/tmp/results_28.02.2011/occt/release-sources-20110228/drv/STEPSelections/STEPSelections_SelectDerived.ixx
+M STEPSelections:pubinclude:Handle_STEPSelections_SelectGSCurves.hxx /dn43/OCCT/tmp/results_28.02.2011/occt/release-sources-20110228/inc/Handle_STEPSelections_SelectGSCurves.hxx
+M STEPSelections:pubinclude:STEPSelections_SelectGSCurves.hxx /dn43/OCCT/tmp/results_28.02.2011/occt/release-sources-20110228/inc/STEPSelections_SelectGSCurves.hxx
+M STEPSelections:privinclude:STEPSelections_SelectGSCurves.jxx /dn43/OCCT/tmp/results_28.02.2011/occt/release-sources-20110228/drv/STEPSelections/STEPSelections_SelectGSCurves.jxx
+M STEPSelections:privinclude:STEPSelections_SelectGSCurves.ixx /dn43/OCCT/tmp/results_28.02.2011/occt/release-sources-20110228/drv/STEPSelections/STEPSelections_SelectGSCurves.ixx
+M STEPSelections:pubinclude:Handle_STEPSelections_SelectAssembly.hxx /dn43/OCCT/tmp/results_28.02.2011/occt/release-sources-20110228/inc/Handle_STEPSelections_SelectAssembly.hxx
+M STEPSelections:pubinclude:STEPSelections_SelectAssembly.hxx /dn43/OCCT/tmp/results_28.02.2011/occt/release-sources-20110228/inc/STEPSelections_SelectAssembly.hxx
+M STEPSelections:privinclude:STEPSelections_SelectAssembly.jxx /dn43/OCCT/tmp/results_28.02.2011/occt/release-sources-20110228/drv/STEPSelections/STEPSelections_SelectAssembly.jxx
+M STEPSelections:privinclude:STEPSelections_SelectAssembly.ixx /dn43/OCCT/tmp/results_28.02.2011/occt/release-sources-20110228/drv/STEPSelections/STEPSelections_SelectAssembly.ixx
+M STEPSelections:pubinclude:Handle_STEPSelections_SelectInstances.hxx /dn43/OCCT/tmp/results_28.02.2011/occt/release-sources-20110228/inc/Handle_STEPSelections_SelectInstances.hxx
+M STEPSelections:pubinclude:STEPSelections_SelectInstances.hxx /dn43/OCCT/tmp/results_28.02.2011/occt/release-sources-20110228/inc/STEPSelections_SelectInstances.hxx
+M STEPSelections:privinclude:STEPSelections_SelectInstances.jxx /dn43/OCCT/tmp/results_28.02.2011/occt/release-sources-20110228/drv/STEPSelections/STEPSelections_SelectInstances.jxx
+M STEPSelections:privinclude:STEPSelections_SelectInstances.ixx /dn43/OCCT/tmp/results_28.02.2011/occt/release-sources-20110228/drv/STEPSelections/STEPSelections_SelectInstances.ixx
+M STEPSelections:pubinclude:Handle_STEPSelections_SelectForTransfer.hxx /dn43/OCCT/tmp/results_28.02.2011/occt/release-sources-20110228/inc/Handle_STEPSelections_SelectForTransfer.hxx
+M STEPSelections:pubinclude:STEPSelections_SelectForTransfer.hxx /dn43/OCCT/tmp/results_28.02.2011/occt/release-sources-20110228/inc/STEPSelections_SelectForTransfer.hxx
+M STEPSelections:privinclude:STEPSelections_SelectForTransfer.jxx /dn43/OCCT/tmp/results_28.02.2011/occt/release-sources-20110228/drv/STEPSelections/STEPSelections_SelectForTransfer.jxx
+M STEPSelections:privinclude:STEPSelections_SelectForTransfer.ixx /dn43/OCCT/tmp/results_28.02.2011/occt/release-sources-20110228/drv/STEPSelections/STEPSelections_SelectForTransfer.ixx
+M STEPSelections:pubinclude:STEPSelections_SequenceOfAssemblyLink.hxx /dn43/OCCT/tmp/results_28.02.2011/occt/release-sources-20110228/inc/STEPSelections_SequenceOfAssemblyLink.hxx
+M STEPSelections:derivated:STEPSelections_SequenceOfAssemblyLink_0.cxx /dn43/OCCT/tmp/results_28.02.2011/occt/release-sources-20110228/drv/STEPSelections/STEPSelections_SequenceOfAssemblyLink_0.cxx
+M STEPSelections:pubinclude:Handle_STEPSelections_HSequenceOfAssemblyLink.hxx /dn43/OCCT/tmp/results_28.02.2011/occt/release-sources-20110228/inc/Handle_STEPSelections_HSequenceOfAssemblyLink.hxx
+M STEPSelections:pubinclude:STEPSelections_HSequenceOfAssemblyLink.hxx /dn43/OCCT/tmp/results_28.02.2011/occt/release-sources-20110228/inc/STEPSelections_HSequenceOfAssemblyLink.hxx
+M STEPSelections:derivated:STEPSelections_HSequenceOfAssemblyLink_0.cxx /dn43/OCCT/tmp/results_28.02.2011/occt/release-sources-20110228/drv/STEPSelections/STEPSelections_HSequenceOfAssemblyLink_0.cxx
+M STEPSelections:pubinclude:STEPSelections_SequenceOfAssemblyComponent.hxx /dn43/OCCT/tmp/results_28.02.2011/occt/release-sources-20110228/inc/STEPSelections_SequenceOfAssemblyComponent.hxx
+M STEPSelections:derivated:STEPSelections_SequenceOfAssemblyComponent_0.cxx /dn43/OCCT/tmp/results_28.02.2011/occt/release-sources-20110228/drv/STEPSelections/STEPSelections_SequenceOfAssemblyComponent_0.cxx
+M STEPSelections:pubinclude:Handle_STEPSelections_AssemblyComponent.hxx /dn43/OCCT/tmp/results_28.02.2011/occt/release-sources-20110228/inc/Handle_STEPSelections_AssemblyComponent.hxx
+M STEPSelections:pubinclude:STEPSelections_AssemblyComponent.hxx /dn43/OCCT/tmp/results_28.02.2011/occt/release-sources-20110228/inc/STEPSelections_AssemblyComponent.hxx
+M STEPSelections:privinclude:STEPSelections_AssemblyComponent.jxx /dn43/OCCT/tmp/results_28.02.2011/occt/release-sources-20110228/drv/STEPSelections/STEPSelections_AssemblyComponent.jxx
+M STEPSelections:privinclude:STEPSelections_AssemblyComponent.ixx /dn43/OCCT/tmp/results_28.02.2011/occt/release-sources-20110228/drv/STEPSelections/STEPSelections_AssemblyComponent.ixx
+M STEPSelections:pubinclude:Handle_STEPSelections_AssemblyLink.hxx /dn43/OCCT/tmp/results_28.02.2011/occt/release-sources-20110228/inc/Handle_STEPSelections_AssemblyLink.hxx
+M STEPSelections:pubinclude:STEPSelections_AssemblyLink.hxx /dn43/OCCT/tmp/results_28.02.2011/occt/release-sources-20110228/inc/STEPSelections_AssemblyLink.hxx
+M STEPSelections:privinclude:STEPSelections_AssemblyLink.jxx /dn43/OCCT/tmp/results_28.02.2011/occt/release-sources-20110228/drv/STEPSelections/STEPSelections_AssemblyLink.jxx
+M STEPSelections:privinclude:STEPSelections_AssemblyLink.ixx /dn43/OCCT/tmp/results_28.02.2011/occt/release-sources-20110228/drv/STEPSelections/STEPSelections_AssemblyLink.ixx
+M STEPSelections:pubinclude:STEPSelections_AssemblyExplorer.hxx /dn43/OCCT/tmp/results_28.02.2011/occt/release-sources-20110228/inc/STEPSelections_AssemblyExplorer.hxx
+M STEPSelections:privinclude:STEPSelections_AssemblyExplorer.jxx /dn43/OCCT/tmp/results_28.02.2011/occt/release-sources-20110228/drv/STEPSelections/STEPSelections_AssemblyExplorer.jxx
+M STEPSelections:privinclude:STEPSelections_AssemblyExplorer.ixx /dn43/OCCT/tmp/results_28.02.2011/occt/release-sources-20110228/drv/STEPSelections/STEPSelections_AssemblyExplorer.ixx
+M STEPSelections:pubinclude:STEPSelections_Counter.hxx /dn43/OCCT/tmp/results_28.02.2011/occt/release-sources-20110228/inc/STEPSelections_Counter.hxx
+M STEPSelections:privinclude:STEPSelections_Counter.jxx /dn43/OCCT/tmp/results_28.02.2011/occt/release-sources-20110228/drv/STEPSelections/STEPSelections_Counter.jxx
+M STEPSelections:privinclude:STEPSelections_Counter.ixx /dn43/OCCT/tmp/results_28.02.2011/occt/release-sources-20110228/drv/STEPSelections/STEPSelections_Counter.ixx
+M STEPSelections:pubinclude:Handle_STEPSelections_SequenceNodeOfSequenceOfAssemblyLink.hxx /dn43/OCCT/tmp/results_28.02.2011/occt/release-sources-20110228/inc/Handle_STEPSelections_SequenceNodeOfSequenceOfAssemblyLink.hxx
+M STEPSelections:pubinclude:STEPSelections_SequenceNodeOfSequenceOfAssemblyLink.hxx /dn43/OCCT/tmp/results_28.02.2011/occt/release-sources-20110228/inc/STEPSelections_SequenceNodeOfSequenceOfAssemblyLink.hxx
+M STEPSelections:derivated:STEPSelections_SequenceNodeOfSequenceOfAssemblyLink_0.cxx /dn43/OCCT/tmp/results_28.02.2011/occt/release-sources-20110228/drv/STEPSelections/STEPSelections_SequenceNodeOfSequenceOfAssemblyLink_0.cxx
+M STEPSelections:pubinclude:Handle_STEPSelections_SequenceNodeOfSequenceOfAssemblyComponent.hxx /dn43/OCCT/tmp/results_28.02.2011/occt/release-sources-20110228/inc/Handle_STEPSelections_SequenceNodeOfSequenceOfAssemblyComponent.hxx
+M STEPSelections:pubinclude:STEPSelections_SequenceNodeOfSequenceOfAssemblyComponent.hxx /dn43/OCCT/tmp/results_28.02.2011/occt/release-sources-20110228/inc/STEPSelections_SequenceNodeOfSequenceOfAssemblyComponent.hxx
+M STEPSelections:derivated:STEPSelections_SequenceNodeOfSequenceOfAssemblyComponent_0.cxx /dn43/OCCT/tmp/results_28.02.2011/occt/release-sources-20110228/drv/STEPSelections/STEPSelections_SequenceNodeOfSequenceOfAssemblyComponent_0.cxx
+M STEPSelections:dbadmfile:STEPSelections_xcpp_header.In /dn43/OCCT/tmp/results_28.02.2011/occt/release-sources-20110228/drv/STEPSelections/.adm/STEPSelections_xcpp_header.In
+M STEPSelections:dbadmfile:STEPSelections_xcpp_header.Out /dn43/OCCT/tmp/results_28.02.2011/occt/release-sources-20110228/drv/STEPSelections/.adm/STEPSelections_xcpp_header.Out
+M STEPSelections:dbadmfile:STEPSelections_xcpp_header.Dep /dn43/OCCT/tmp/results_28.02.2011/occt/release-sources-20110228/drv/STEPSelections/.adm/STEPSelections_xcpp_header.Dep
