+M TCollection:pubinclude:TCollection.hxx /dn43/OCCT/tmp/results_31.05.2011/occt/release-sources-20110531/inc/TCollection.hxx
+M TCollection:privinclude:TCollection.jxx /dn43/OCCT/tmp/results_31.05.2011/occt/release-sources-20110531/drv/TCollection/TCollection.jxx
+M TCollection:privinclude:TCollection.ixx /dn43/OCCT/tmp/results_31.05.2011/occt/release-sources-20110531/drv/TCollection/TCollection.ixx
+M TCollection:pubinclude:TCollection_AsciiString.hxx /dn43/OCCT/tmp/results_31.05.2011/occt/release-sources-20110531/inc/TCollection_AsciiString.hxx
+M TCollection:privinclude:TCollection_AsciiString.jxx /dn43/OCCT/tmp/results_31.05.2011/occt/release-sources-20110531/drv/TCollection/TCollection_AsciiString.jxx
+M TCollection:privinclude:TCollection_AsciiString.ixx /dn43/OCCT/tmp/results_31.05.2011/occt/release-sources-20110531/drv/TCollection/TCollection_AsciiString.ixx
+M TCollection:pubinclude:TCollection_ExtendedString.hxx /dn43/OCCT/tmp/results_31.05.2011/occt/release-sources-20110531/inc/TCollection_ExtendedString.hxx
+M TCollection:privinclude:TCollection_ExtendedString.jxx /dn43/OCCT/tmp/results_31.05.2011/occt/release-sources-20110531/drv/TCollection/TCollection_ExtendedString.jxx
+M TCollection:privinclude:TCollection_ExtendedString.ixx /dn43/OCCT/tmp/results_31.05.2011/occt/release-sources-20110531/drv/TCollection/TCollection_ExtendedString.ixx
+M TCollection:pubinclude:Handle_TCollection_HAsciiString.hxx /dn43/OCCT/tmp/results_31.05.2011/occt/release-sources-20110531/inc/Handle_TCollection_HAsciiString.hxx
+M TCollection:pubinclude:TCollection_HAsciiString.hxx /dn43/OCCT/tmp/results_31.05.2011/occt/release-sources-20110531/inc/TCollection_HAsciiString.hxx
+M TCollection:privinclude:TCollection_HAsciiString.jxx /dn43/OCCT/tmp/results_31.05.2011/occt/release-sources-20110531/drv/TCollection/TCollection_HAsciiString.jxx
+M TCollection:privinclude:TCollection_HAsciiString.ixx /dn43/OCCT/tmp/results_31.05.2011/occt/release-sources-20110531/drv/TCollection/TCollection_HAsciiString.ixx
+M TCollection:pubinclude:Handle_TCollection_HExtendedString.hxx /dn43/OCCT/tmp/results_31.05.2011/occt/release-sources-20110531/inc/Handle_TCollection_HExtendedString.hxx
+M TCollection:pubinclude:TCollection_HExtendedString.hxx /dn43/OCCT/tmp/results_31.05.2011/occt/release-sources-20110531/inc/TCollection_HExtendedString.hxx
+M TCollection:privinclude:TCollection_HExtendedString.jxx /dn43/OCCT/tmp/results_31.05.2011/occt/release-sources-20110531/drv/TCollection/TCollection_HExtendedString.jxx
+M TCollection:privinclude:TCollection_HExtendedString.ixx /dn43/OCCT/tmp/results_31.05.2011/occt/release-sources-20110531/drv/TCollection/TCollection_HExtendedString.ixx
+M TCollection:pubinclude:TCollection_Array1Descriptor.hxx /dn43/OCCT/tmp/results_31.05.2011/occt/release-sources-20110531/inc/TCollection_Array1Descriptor.hxx
+M TCollection:privinclude:TCollection_Array1Descriptor.jxx /dn43/OCCT/tmp/results_31.05.2011/occt/release-sources-20110531/drv/TCollection/TCollection_Array1Descriptor.jxx
+M TCollection:privinclude:TCollection_Array1Descriptor.ixx /dn43/OCCT/tmp/results_31.05.2011/occt/release-sources-20110531/drv/TCollection/TCollection_Array1Descriptor.ixx
+M TCollection:pubinclude:TCollection_Array2Descriptor.hxx /dn43/OCCT/tmp/results_31.05.2011/occt/release-sources-20110531/inc/TCollection_Array2Descriptor.hxx
+M TCollection:privinclude:TCollection_Array2Descriptor.jxx /dn43/OCCT/tmp/results_31.05.2011/occt/release-sources-20110531/drv/TCollection/TCollection_Array2Descriptor.jxx
+M TCollection:privinclude:TCollection_Array2Descriptor.ixx /dn43/OCCT/tmp/results_31.05.2011/occt/release-sources-20110531/drv/TCollection/TCollection_Array2Descriptor.ixx
+M TCollection:pubinclude:TCollection_BaseSequence.hxx /dn43/OCCT/tmp/results_31.05.2011/occt/release-sources-20110531/inc/TCollection_BaseSequence.hxx
+M TCollection:privinclude:TCollection_BaseSequence.jxx /dn43/OCCT/tmp/results_31.05.2011/occt/release-sources-20110531/drv/TCollection/TCollection_BaseSequence.jxx
+M TCollection:privinclude:TCollection_BaseSequence.ixx /dn43/OCCT/tmp/results_31.05.2011/occt/release-sources-20110531/drv/TCollection/TCollection_BaseSequence.ixx
+M TCollection:pubinclude:Handle_TCollection_SeqNode.hxx /dn43/OCCT/tmp/results_31.05.2011/occt/release-sources-20110531/inc/Handle_TCollection_SeqNode.hxx
+M TCollection:pubinclude:TCollection_SeqNode.hxx /dn43/OCCT/tmp/results_31.05.2011/occt/release-sources-20110531/inc/TCollection_SeqNode.hxx
+M TCollection:privinclude:TCollection_SeqNode.jxx /dn43/OCCT/tmp/results_31.05.2011/occt/release-sources-20110531/drv/TCollection/TCollection_SeqNode.jxx
+M TCollection:privinclude:TCollection_SeqNode.ixx /dn43/OCCT/tmp/results_31.05.2011/occt/release-sources-20110531/drv/TCollection/TCollection_SeqNode.ixx
+M TCollection:pubinclude:TCollection_BasicMap.hxx /dn43/OCCT/tmp/results_31.05.2011/occt/release-sources-20110531/inc/TCollection_BasicMap.hxx
+M TCollection:privinclude:TCollection_BasicMap.jxx /dn43/OCCT/tmp/results_31.05.2011/occt/release-sources-20110531/drv/TCollection/TCollection_BasicMap.jxx
+M TCollection:privinclude:TCollection_BasicMap.ixx /dn43/OCCT/tmp/results_31.05.2011/occt/release-sources-20110531/drv/TCollection/TCollection_BasicMap.ixx
+M TCollection:pubinclude:Handle_TCollection_MapNode.hxx /dn43/OCCT/tmp/results_31.05.2011/occt/release-sources-20110531/inc/Handle_TCollection_MapNode.hxx
+M TCollection:pubinclude:TCollection_MapNode.hxx /dn43/OCCT/tmp/results_31.05.2011/occt/release-sources-20110531/inc/TCollection_MapNode.hxx
+M TCollection:privinclude:TCollection_MapNode.jxx /dn43/OCCT/tmp/results_31.05.2011/occt/release-sources-20110531/drv/TCollection/TCollection_MapNode.jxx
+M TCollection:privinclude:TCollection_MapNode.ixx /dn43/OCCT/tmp/results_31.05.2011/occt/release-sources-20110531/drv/TCollection/TCollection_MapNode.ixx
+M TCollection:pubinclude:TCollection_BasicMapIterator.hxx /dn43/OCCT/tmp/results_31.05.2011/occt/release-sources-20110531/inc/TCollection_BasicMapIterator.hxx
+M TCollection:privinclude:TCollection_BasicMapIterator.jxx /dn43/OCCT/tmp/results_31.05.2011/occt/release-sources-20110531/drv/TCollection/TCollection_BasicMapIterator.jxx
+M TCollection:privinclude:TCollection_BasicMapIterator.ixx /dn43/OCCT/tmp/results_31.05.2011/occt/release-sources-20110531/drv/TCollection/TCollection_BasicMapIterator.ixx
+M TCollection:pubinclude:TCollection_PrivCompareOfInteger.hxx /dn43/OCCT/tmp/results_31.05.2011/occt/release-sources-20110531/inc/TCollection_PrivCompareOfInteger.hxx
+M TCollection:derivated:TCollection_PrivCompareOfInteger_0.cxx /dn43/OCCT/tmp/results_31.05.2011/occt/release-sources-20110531/drv/TCollection/TCollection_PrivCompareOfInteger_0.cxx
+M TCollection:pubinclude:TCollection_PrivCompareOfReal.hxx /dn43/OCCT/tmp/results_31.05.2011/occt/release-sources-20110531/inc/TCollection_PrivCompareOfReal.hxx
+M TCollection:derivated:TCollection_PrivCompareOfReal_0.cxx /dn43/OCCT/tmp/results_31.05.2011/occt/release-sources-20110531/drv/TCollection/TCollection_PrivCompareOfReal_0.cxx
+M TCollection:pubinclude:TCollection_CompareOfInteger.hxx /dn43/OCCT/tmp/results_31.05.2011/occt/release-sources-20110531/inc/TCollection_CompareOfInteger.hxx
+M TCollection:privinclude:TCollection_CompareOfInteger.jxx /dn43/OCCT/tmp/results_31.05.2011/occt/release-sources-20110531/drv/TCollection/TCollection_CompareOfInteger.jxx
+M TCollection:privinclude:TCollection_CompareOfInteger.ixx /dn43/OCCT/tmp/results_31.05.2011/occt/release-sources-20110531/drv/TCollection/TCollection_CompareOfInteger.ixx
+M TCollection:pubinclude:TCollection_CompareOfReal.hxx /dn43/OCCT/tmp/results_31.05.2011/occt/release-sources-20110531/inc/TCollection_CompareOfReal.hxx
+M TCollection:privinclude:TCollection_CompareOfReal.jxx /dn43/OCCT/tmp/results_31.05.2011/occt/release-sources-20110531/drv/TCollection/TCollection_CompareOfReal.jxx
+M TCollection:privinclude:TCollection_CompareOfReal.ixx /dn43/OCCT/tmp/results_31.05.2011/occt/release-sources-20110531/drv/TCollection/TCollection_CompareOfReal.ixx
+M TCollection:pubinclude:Handle_TCollection_AVLBaseNode.hxx /dn43/OCCT/tmp/results_31.05.2011/occt/release-sources-20110531/inc/Handle_TCollection_AVLBaseNode.hxx
+M TCollection:pubinclude:TCollection_AVLBaseNode.hxx /dn43/OCCT/tmp/results_31.05.2011/occt/release-sources-20110531/inc/TCollection_AVLBaseNode.hxx
+M TCollection:privinclude:TCollection_AVLBaseNode.jxx /dn43/OCCT/tmp/results_31.05.2011/occt/release-sources-20110531/drv/TCollection/TCollection_AVLBaseNode.jxx
+M TCollection:privinclude:TCollection_AVLBaseNode.ixx /dn43/OCCT/tmp/results_31.05.2011/occt/release-sources-20110531/drv/TCollection/TCollection_AVLBaseNode.ixx
+M TCollection:pubinclude:TCollection_Side.hxx /dn43/OCCT/tmp/results_31.05.2011/occt/release-sources-20110531/inc/TCollection_Side.hxx
+M TCollection:pubinclude:TCollection_SeqNodePtr.hxx /dn43/OCCT/tmp/results_31.05.2011/occt/release-sources-20110531/inc/TCollection_SeqNodePtr.hxx
+M TCollection:pubinclude:TCollection_MapNodePtr.hxx /dn43/OCCT/tmp/results_31.05.2011/occt/release-sources-20110531/inc/TCollection_MapNodePtr.hxx
+M TCollection:pubinclude:TCollection_AVLBaseNodePtr.hxx /dn43/OCCT/tmp/results_31.05.2011/occt/release-sources-20110531/inc/TCollection_AVLBaseNodePtr.hxx
+M TCollection:dbadmfile:TCollection_xcpp_header.In /dn43/OCCT/tmp/results_31.05.2011/occt/release-sources-20110531/drv/TCollection/.adm/TCollection_xcpp_header.In
+M TCollection:dbadmfile:TCollection_xcpp_header.Out /dn43/OCCT/tmp/results_31.05.2011/occt/release-sources-20110531/drv/TCollection/.adm/TCollection_xcpp_header.Out
+M TCollection:dbadmfile:TCollection_xcpp_header.Dep /dn43/OCCT/tmp/results_31.05.2011/occt/release-sources-20110531/drv/TCollection/.adm/TCollection_xcpp_header.Dep
