+M SWDRAW:pubinclude:SWDRAW.hxx /dn43/OCCT/tmp/results_30.09.2011/occt/release-sources-20110930/inc/SWDRAW.hxx
+M SWDRAW:privinclude:SWDRAW.jxx /dn43/OCCT/tmp/results_30.09.2011/occt/release-sources-20110930/drv/SWDRAW/SWDRAW.jxx
+M SWDRAW:privinclude:SWDRAW.ixx /dn43/OCCT/tmp/results_30.09.2011/occt/release-sources-20110930/drv/SWDRAW/SWDRAW.ixx
+M SWDRAW:pubinclude:SWDRAW_ShapeTool.hxx /dn43/OCCT/tmp/results_30.09.2011/occt/release-sources-20110930/inc/SWDRAW_ShapeTool.hxx
+M SWDRAW:privinclude:SWDRAW_ShapeTool.jxx /dn43/OCCT/tmp/results_30.09.2011/occt/release-sources-20110930/drv/SWDRAW/SWDRAW_ShapeTool.jxx
+M SWDRAW:privinclude:SWDRAW_ShapeTool.ixx /dn43/OCCT/tmp/results_30.09.2011/occt/release-sources-20110930/drv/SWDRAW/SWDRAW_ShapeTool.ixx
+M SWDRAW:pubinclude:SWDRAW_ShapeAnalysis.hxx /dn43/OCCT/tmp/results_30.09.2011/occt/release-sources-20110930/inc/SWDRAW_ShapeAnalysis.hxx
+M SWDRAW:privinclude:SWDRAW_ShapeAnalysis.jxx /dn43/OCCT/tmp/results_30.09.2011/occt/release-sources-20110930/drv/SWDRAW/SWDRAW_ShapeAnalysis.jxx
+M SWDRAW:privinclude:SWDRAW_ShapeAnalysis.ixx /dn43/OCCT/tmp/results_30.09.2011/occt/release-sources-20110930/drv/SWDRAW/SWDRAW_ShapeAnalysis.ixx
+M SWDRAW:pubinclude:SWDRAW_ShapeBuild.hxx /dn43/OCCT/tmp/results_30.09.2011/occt/release-sources-20110930/inc/SWDRAW_ShapeBuild.hxx
+M SWDRAW:privinclude:SWDRAW_ShapeBuild.jxx /dn43/OCCT/tmp/results_30.09.2011/occt/release-sources-20110930/drv/SWDRAW/SWDRAW_ShapeBuild.jxx
+M SWDRAW:privinclude:SWDRAW_ShapeBuild.ixx /dn43/OCCT/tmp/results_30.09.2011/occt/release-sources-20110930/drv/SWDRAW/SWDRAW_ShapeBuild.ixx
+M SWDRAW:pubinclude:SWDRAW_ShapeConstruct.hxx /dn43/OCCT/tmp/results_30.09.2011/occt/release-sources-20110930/inc/SWDRAW_ShapeConstruct.hxx
+M SWDRAW:privinclude:SWDRAW_ShapeConstruct.jxx /dn43/OCCT/tmp/results_30.09.2011/occt/release-sources-20110930/drv/SWDRAW/SWDRAW_ShapeConstruct.jxx
+M SWDRAW:privinclude:SWDRAW_ShapeConstruct.ixx /dn43/OCCT/tmp/results_30.09.2011/occt/release-sources-20110930/drv/SWDRAW/SWDRAW_ShapeConstruct.ixx
+M SWDRAW:pubinclude:SWDRAW_ShapeCustom.hxx /dn43/OCCT/tmp/results_30.09.2011/occt/release-sources-20110930/inc/SWDRAW_ShapeCustom.hxx
+M SWDRAW:privinclude:SWDRAW_ShapeCustom.jxx /dn43/OCCT/tmp/results_30.09.2011/occt/release-sources-20110930/drv/SWDRAW/SWDRAW_ShapeCustom.jxx
+M SWDRAW:privinclude:SWDRAW_ShapeCustom.ixx /dn43/OCCT/tmp/results_30.09.2011/occt/release-sources-20110930/drv/SWDRAW/SWDRAW_ShapeCustom.ixx
+M SWDRAW:pubinclude:SWDRAW_ShapeExtend.hxx /dn43/OCCT/tmp/results_30.09.2011/occt/release-sources-20110930/inc/SWDRAW_ShapeExtend.hxx
+M SWDRAW:privinclude:SWDRAW_ShapeExtend.jxx /dn43/OCCT/tmp/results_30.09.2011/occt/release-sources-20110930/drv/SWDRAW/SWDRAW_ShapeExtend.jxx
+M SWDRAW:privinclude:SWDRAW_ShapeExtend.ixx /dn43/OCCT/tmp/results_30.09.2011/occt/release-sources-20110930/drv/SWDRAW/SWDRAW_ShapeExtend.ixx
+M SWDRAW:pubinclude:SWDRAW_ShapeFix.hxx /dn43/OCCT/tmp/results_30.09.2011/occt/release-sources-20110930/inc/SWDRAW_ShapeFix.hxx
+M SWDRAW:privinclude:SWDRAW_ShapeFix.jxx /dn43/OCCT/tmp/results_30.09.2011/occt/release-sources-20110930/drv/SWDRAW/SWDRAW_ShapeFix.jxx
+M SWDRAW:privinclude:SWDRAW_ShapeFix.ixx /dn43/OCCT/tmp/results_30.09.2011/occt/release-sources-20110930/drv/SWDRAW/SWDRAW_ShapeFix.ixx
+M SWDRAW:pubinclude:SWDRAW_ShapeUpgrade.hxx /dn43/OCCT/tmp/results_30.09.2011/occt/release-sources-20110930/inc/SWDRAW_ShapeUpgrade.hxx
+M SWDRAW:privinclude:SWDRAW_ShapeUpgrade.jxx /dn43/OCCT/tmp/results_30.09.2011/occt/release-sources-20110930/drv/SWDRAW/SWDRAW_ShapeUpgrade.jxx
+M SWDRAW:privinclude:SWDRAW_ShapeUpgrade.ixx /dn43/OCCT/tmp/results_30.09.2011/occt/release-sources-20110930/drv/SWDRAW/SWDRAW_ShapeUpgrade.ixx
+M SWDRAW:pubinclude:SWDRAW_ShapeProcess.hxx /dn43/OCCT/tmp/results_30.09.2011/occt/release-sources-20110930/inc/SWDRAW_ShapeProcess.hxx
+M SWDRAW:privinclude:SWDRAW_ShapeProcess.jxx /dn43/OCCT/tmp/results_30.09.2011/occt/release-sources-20110930/drv/SWDRAW/SWDRAW_ShapeProcess.jxx
+M SWDRAW:privinclude:SWDRAW_ShapeProcess.ixx /dn43/OCCT/tmp/results_30.09.2011/occt/release-sources-20110930/drv/SWDRAW/SWDRAW_ShapeProcess.ixx
+M SWDRAW:pubinclude:SWDRAW_ShapeProcessAPI.hxx /dn43/OCCT/tmp/results_30.09.2011/occt/release-sources-20110930/inc/SWDRAW_ShapeProcessAPI.hxx
+M SWDRAW:privinclude:SWDRAW_ShapeProcessAPI.jxx /dn43/OCCT/tmp/results_30.09.2011/occt/release-sources-20110930/drv/SWDRAW/SWDRAW_ShapeProcessAPI.jxx
+M SWDRAW:privinclude:SWDRAW_ShapeProcessAPI.ixx /dn43/OCCT/tmp/results_30.09.2011/occt/release-sources-20110930/drv/SWDRAW/SWDRAW_ShapeProcessAPI.ixx
+M SWDRAW:pubinclude:SWDRAW_ToVRML.hxx /dn43/OCCT/tmp/results_30.09.2011/occt/release-sources-20110930/inc/SWDRAW_ToVRML.hxx
+M SWDRAW:privinclude:SWDRAW_ToVRML.jxx /dn43/OCCT/tmp/results_30.09.2011/occt/release-sources-20110930/drv/SWDRAW/SWDRAW_ToVRML.jxx
+M SWDRAW:privinclude:SWDRAW_ToVRML.ixx /dn43/OCCT/tmp/results_30.09.2011/occt/release-sources-20110930/drv/SWDRAW/SWDRAW_ToVRML.ixx
+M SWDRAW:dbadmfile:SWDRAW_xcpp_header.In /dn43/OCCT/tmp/results_30.09.2011/occt/release-sources-20110930/drv/SWDRAW/.adm/SWDRAW_xcpp_header.In
+M SWDRAW:dbadmfile:SWDRAW_xcpp_header.Out /dn43/OCCT/tmp/results_30.09.2011/occt/release-sources-20110930/drv/SWDRAW/.adm/SWDRAW_xcpp_header.Out
+M SWDRAW:dbadmfile:SWDRAW_xcpp_header.Dep /dn43/OCCT/tmp/results_30.09.2011/occt/release-sources-20110930/drv/SWDRAW/.adm/SWDRAW_xcpp_header.Dep
