+M IGESGeom:pubinclude:IGESGeom.hxx /dn43/OCCT/tmp/results_30.09.2011/occt/release-sources-20110930/inc/IGESGeom.hxx
+M IGESGeom:privinclude:IGESGeom.jxx /dn43/OCCT/tmp/results_30.09.2011/occt/release-sources-20110930/drv/IGESGeom/IGESGeom.jxx
+M IGESGeom:privinclude:IGESGeom.ixx /dn43/OCCT/tmp/results_30.09.2011/occt/release-sources-20110930/drv/IGESGeom/IGESGeom.ixx
+M IGESGeom:pubinclude:Handle_IGESGeom_CircularArc.hxx /dn43/OCCT/tmp/results_30.09.2011/occt/release-sources-20110930/inc/Handle_IGESGeom_CircularArc.hxx
+M IGESGeom:pubinclude:IGESGeom_CircularArc.hxx /dn43/OCCT/tmp/results_30.09.2011/occt/release-sources-20110930/inc/IGESGeom_CircularArc.hxx
+M IGESGeom:privinclude:IGESGeom_CircularArc.jxx /dn43/OCCT/tmp/results_30.09.2011/occt/release-sources-20110930/drv/IGESGeom/IGESGeom_CircularArc.jxx
+M IGESGeom:privinclude:IGESGeom_CircularArc.ixx /dn43/OCCT/tmp/results_30.09.2011/occt/release-sources-20110930/drv/IGESGeom/IGESGeom_CircularArc.ixx
+M IGESGeom:pubinclude:Handle_IGESGeom_CompositeCurve.hxx /dn43/OCCT/tmp/results_30.09.2011/occt/release-sources-20110930/inc/Handle_IGESGeom_CompositeCurve.hxx
+M IGESGeom:pubinclude:IGESGeom_CompositeCurve.hxx /dn43/OCCT/tmp/results_30.09.2011/occt/release-sources-20110930/inc/IGESGeom_CompositeCurve.hxx
+M IGESGeom:privinclude:IGESGeom_CompositeCurve.jxx /dn43/OCCT/tmp/results_30.09.2011/occt/release-sources-20110930/drv/IGESGeom/IGESGeom_CompositeCurve.jxx
+M IGESGeom:privinclude:IGESGeom_CompositeCurve.ixx /dn43/OCCT/tmp/results_30.09.2011/occt/release-sources-20110930/drv/IGESGeom/IGESGeom_CompositeCurve.ixx
+M IGESGeom:pubinclude:Handle_IGESGeom_ConicArc.hxx /dn43/OCCT/tmp/results_30.09.2011/occt/release-sources-20110930/inc/Handle_IGESGeom_ConicArc.hxx
+M IGESGeom:pubinclude:IGESGeom_ConicArc.hxx /dn43/OCCT/tmp/results_30.09.2011/occt/release-sources-20110930/inc/IGESGeom_ConicArc.hxx
+M IGESGeom:privinclude:IGESGeom_ConicArc.jxx /dn43/OCCT/tmp/results_30.09.2011/occt/release-sources-20110930/drv/IGESGeom/IGESGeom_ConicArc.jxx
+M IGESGeom:privinclude:IGESGeom_ConicArc.ixx /dn43/OCCT/tmp/results_30.09.2011/occt/release-sources-20110930/drv/IGESGeom/IGESGeom_ConicArc.ixx
+M IGESGeom:pubinclude:Handle_IGESGeom_CopiousData.hxx /dn43/OCCT/tmp/results_30.09.2011/occt/release-sources-20110930/inc/Handle_IGESGeom_CopiousData.hxx
+M IGESGeom:pubinclude:IGESGeom_CopiousData.hxx /dn43/OCCT/tmp/results_30.09.2011/occt/release-sources-20110930/inc/IGESGeom_CopiousData.hxx
+M IGESGeom:privinclude:IGESGeom_CopiousData.jxx /dn43/OCCT/tmp/results_30.09.2011/occt/release-sources-20110930/drv/IGESGeom/IGESGeom_CopiousData.jxx
+M IGESGeom:privinclude:IGESGeom_CopiousData.ixx /dn43/OCCT/tmp/results_30.09.2011/occt/release-sources-20110930/drv/IGESGeom/IGESGeom_CopiousData.ixx
+M IGESGeom:pubinclude:Handle_IGESGeom_Plane.hxx /dn43/OCCT/tmp/results_30.09.2011/occt/release-sources-20110930/inc/Handle_IGESGeom_Plane.hxx
+M IGESGeom:pubinclude:IGESGeom_Plane.hxx /dn43/OCCT/tmp/results_30.09.2011/occt/release-sources-20110930/inc/IGESGeom_Plane.hxx
+M IGESGeom:privinclude:IGESGeom_Plane.jxx /dn43/OCCT/tmp/results_30.09.2011/occt/release-sources-20110930/drv/IGESGeom/IGESGeom_Plane.jxx
+M IGESGeom:privinclude:IGESGeom_Plane.ixx /dn43/OCCT/tmp/results_30.09.2011/occt/release-sources-20110930/drv/IGESGeom/IGESGeom_Plane.ixx
+M IGESGeom:pubinclude:Handle_IGESGeom_Line.hxx /dn43/OCCT/tmp/results_30.09.2011/occt/release-sources-20110930/inc/Handle_IGESGeom_Line.hxx
+M IGESGeom:pubinclude:IGESGeom_Line.hxx /dn43/OCCT/tmp/results_30.09.2011/occt/release-sources-20110930/inc/IGESGeom_Line.hxx
+M IGESGeom:privinclude:IGESGeom_Line.jxx /dn43/OCCT/tmp/results_30.09.2011/occt/release-sources-20110930/drv/IGESGeom/IGESGeom_Line.jxx
+M IGESGeom:privinclude:IGESGeom_Line.ixx /dn43/OCCT/tmp/results_30.09.2011/occt/release-sources-20110930/drv/IGESGeom/IGESGeom_Line.ixx
+M IGESGeom:pubinclude:Handle_IGESGeom_SplineCurve.hxx /dn43/OCCT/tmp/results_30.09.2011/occt/release-sources-20110930/inc/Handle_IGESGeom_SplineCurve.hxx
+M IGESGeom:pubinclude:IGESGeom_SplineCurve.hxx /dn43/OCCT/tmp/results_30.09.2011/occt/release-sources-20110930/inc/IGESGeom_SplineCurve.hxx
+M IGESGeom:privinclude:IGESGeom_SplineCurve.jxx /dn43/OCCT/tmp/results_30.09.2011/occt/release-sources-20110930/drv/IGESGeom/IGESGeom_SplineCurve.jxx
+M IGESGeom:privinclude:IGESGeom_SplineCurve.ixx /dn43/OCCT/tmp/results_30.09.2011/occt/release-sources-20110930/drv/IGESGeom/IGESGeom_SplineCurve.ixx
+M IGESGeom:pubinclude:Handle_IGESGeom_SplineSurface.hxx /dn43/OCCT/tmp/results_30.09.2011/occt/release-sources-20110930/inc/Handle_IGESGeom_SplineSurface.hxx
+M IGESGeom:pubinclude:IGESGeom_SplineSurface.hxx /dn43/OCCT/tmp/results_30.09.2011/occt/release-sources-20110930/inc/IGESGeom_SplineSurface.hxx
+M IGESGeom:privinclude:IGESGeom_SplineSurface.jxx /dn43/OCCT/tmp/results_30.09.2011/occt/release-sources-20110930/drv/IGESGeom/IGESGeom_SplineSurface.jxx
+M IGESGeom:privinclude:IGESGeom_SplineSurface.ixx /dn43/OCCT/tmp/results_30.09.2011/occt/release-sources-20110930/drv/IGESGeom/IGESGeom_SplineSurface.ixx
+M IGESGeom:pubinclude:Handle_IGESGeom_Point.hxx /dn43/OCCT/tmp/results_30.09.2011/occt/release-sources-20110930/inc/Handle_IGESGeom_Point.hxx
+M IGESGeom:pubinclude:IGESGeom_Point.hxx /dn43/OCCT/tmp/results_30.09.2011/occt/release-sources-20110930/inc/IGESGeom_Point.hxx
+M IGESGeom:privinclude:IGESGeom_Point.jxx /dn43/OCCT/tmp/results_30.09.2011/occt/release-sources-20110930/drv/IGESGeom/IGESGeom_Point.jxx
+M IGESGeom:privinclude:IGESGeom_Point.ixx /dn43/OCCT/tmp/results_30.09.2011/occt/release-sources-20110930/drv/IGESGeom/IGESGeom_Point.ixx
+M IGESGeom:pubinclude:Handle_IGESGeom_RuledSurface.hxx /dn43/OCCT/tmp/results_30.09.2011/occt/release-sources-20110930/inc/Handle_IGESGeom_RuledSurface.hxx
+M IGESGeom:pubinclude:IGESGeom_RuledSurface.hxx /dn43/OCCT/tmp/results_30.09.2011/occt/release-sources-20110930/inc/IGESGeom_RuledSurface.hxx
+M IGESGeom:privinclude:IGESGeom_RuledSurface.jxx /dn43/OCCT/tmp/results_30.09.2011/occt/release-sources-20110930/drv/IGESGeom/IGESGeom_RuledSurface.jxx
+M IGESGeom:privinclude:IGESGeom_RuledSurface.ixx /dn43/OCCT/tmp/results_30.09.2011/occt/release-sources-20110930/drv/IGESGeom/IGESGeom_RuledSurface.ixx
+M IGESGeom:pubinclude:Handle_IGESGeom_SurfaceOfRevolution.hxx /dn43/OCCT/tmp/results_30.09.2011/occt/release-sources-20110930/inc/Handle_IGESGeom_SurfaceOfRevolution.hxx
+M IGESGeom:pubinclude:IGESGeom_SurfaceOfRevolution.hxx /dn43/OCCT/tmp/results_30.09.2011/occt/release-sources-20110930/inc/IGESGeom_SurfaceOfRevolution.hxx
+M IGESGeom:privinclude:IGESGeom_SurfaceOfRevolution.jxx /dn43/OCCT/tmp/results_30.09.2011/occt/release-sources-20110930/drv/IGESGeom/IGESGeom_SurfaceOfRevolution.jxx
+M IGESGeom:privinclude:IGESGeom_SurfaceOfRevolution.ixx /dn43/OCCT/tmp/results_30.09.2011/occt/release-sources-20110930/drv/IGESGeom/IGESGeom_SurfaceOfRevolution.ixx
+M IGESGeom:pubinclude:Handle_IGESGeom_TabulatedCylinder.hxx /dn43/OCCT/tmp/results_30.09.2011/occt/release-sources-20110930/inc/Handle_IGESGeom_TabulatedCylinder.hxx
+M IGESGeom:pubinclude:IGESGeom_TabulatedCylinder.hxx /dn43/OCCT/tmp/results_30.09.2011/occt/release-sources-20110930/inc/IGESGeom_TabulatedCylinder.hxx
+M IGESGeom:privinclude:IGESGeom_TabulatedCylinder.jxx /dn43/OCCT/tmp/results_30.09.2011/occt/release-sources-20110930/drv/IGESGeom/IGESGeom_TabulatedCylinder.jxx
+M IGESGeom:privinclude:IGESGeom_TabulatedCylinder.ixx /dn43/OCCT/tmp/results_30.09.2011/occt/release-sources-20110930/drv/IGESGeom/IGESGeom_TabulatedCylinder.ixx
+M IGESGeom:pubinclude:Handle_IGESGeom_Direction.hxx /dn43/OCCT/tmp/results_30.09.2011/occt/release-sources-20110930/inc/Handle_IGESGeom_Direction.hxx
+M IGESGeom:pubinclude:IGESGeom_Direction.hxx /dn43/OCCT/tmp/results_30.09.2011/occt/release-sources-20110930/inc/IGESGeom_Direction.hxx
+M IGESGeom:privinclude:IGESGeom_Direction.jxx /dn43/OCCT/tmp/results_30.09.2011/occt/release-sources-20110930/drv/IGESGeom/IGESGeom_Direction.jxx
+M IGESGeom:privinclude:IGESGeom_Direction.ixx /dn43/OCCT/tmp/results_30.09.2011/occt/release-sources-20110930/drv/IGESGeom/IGESGeom_Direction.ixx
+M IGESGeom:pubinclude:Handle_IGESGeom_TransformationMatrix.hxx /dn43/OCCT/tmp/results_30.09.2011/occt/release-sources-20110930/inc/Handle_IGESGeom_TransformationMatrix.hxx
+M IGESGeom:pubinclude:IGESGeom_TransformationMatrix.hxx /dn43/OCCT/tmp/results_30.09.2011/occt/release-sources-20110930/inc/IGESGeom_TransformationMatrix.hxx
+M IGESGeom:privinclude:IGESGeom_TransformationMatrix.jxx /dn43/OCCT/tmp/results_30.09.2011/occt/release-sources-20110930/drv/IGESGeom/IGESGeom_TransformationMatrix.jxx
+M IGESGeom:privinclude:IGESGeom_TransformationMatrix.ixx /dn43/OCCT/tmp/results_30.09.2011/occt/release-sources-20110930/drv/IGESGeom/IGESGeom_TransformationMatrix.ixx
+M IGESGeom:pubinclude:Handle_IGESGeom_Flash.hxx /dn43/OCCT/tmp/results_30.09.2011/occt/release-sources-20110930/inc/Handle_IGESGeom_Flash.hxx
+M IGESGeom:pubinclude:IGESGeom_Flash.hxx /dn43/OCCT/tmp/results_30.09.2011/occt/release-sources-20110930/inc/IGESGeom_Flash.hxx
+M IGESGeom:privinclude:IGESGeom_Flash.jxx /dn43/OCCT/tmp/results_30.09.2011/occt/release-sources-20110930/drv/IGESGeom/IGESGeom_Flash.jxx
+M IGESGeom:privinclude:IGESGeom_Flash.ixx /dn43/OCCT/tmp/results_30.09.2011/occt/release-sources-20110930/drv/IGESGeom/IGESGeom_Flash.ixx
+M IGESGeom:pubinclude:Handle_IGESGeom_BSplineCurve.hxx /dn43/OCCT/tmp/results_30.09.2011/occt/release-sources-20110930/inc/Handle_IGESGeom_BSplineCurve.hxx
+M IGESGeom:pubinclude:IGESGeom_BSplineCurve.hxx /dn43/OCCT/tmp/results_30.09.2011/occt/release-sources-20110930/inc/IGESGeom_BSplineCurve.hxx
+M IGESGeom:privinclude:IGESGeom_BSplineCurve.jxx /dn43/OCCT/tmp/results_30.09.2011/occt/release-sources-20110930/drv/IGESGeom/IGESGeom_BSplineCurve.jxx
+M IGESGeom:privinclude:IGESGeom_BSplineCurve.ixx /dn43/OCCT/tmp/results_30.09.2011/occt/release-sources-20110930/drv/IGESGeom/IGESGeom_BSplineCurve.ixx
+M IGESGeom:pubinclude:Handle_IGESGeom_BSplineSurface.hxx /dn43/OCCT/tmp/results_30.09.2011/occt/release-sources-20110930/inc/Handle_IGESGeom_BSplineSurface.hxx
+M IGESGeom:pubinclude:IGESGeom_BSplineSurface.hxx /dn43/OCCT/tmp/results_30.09.2011/occt/release-sources-20110930/inc/IGESGeom_BSplineSurface.hxx
+M IGESGeom:privinclude:IGESGeom_BSplineSurface.jxx /dn43/OCCT/tmp/results_30.09.2011/occt/release-sources-20110930/drv/IGESGeom/IGESGeom_BSplineSurface.jxx
+M IGESGeom:privinclude:IGESGeom_BSplineSurface.ixx /dn43/OCCT/tmp/results_30.09.2011/occt/release-sources-20110930/drv/IGESGeom/IGESGeom_BSplineSurface.ixx
+M IGESGeom:pubinclude:Handle_IGESGeom_OffsetCurve.hxx /dn43/OCCT/tmp/results_30.09.2011/occt/release-sources-20110930/inc/Handle_IGESGeom_OffsetCurve.hxx
+M IGESGeom:pubinclude:IGESGeom_OffsetCurve.hxx /dn43/OCCT/tmp/results_30.09.2011/occt/release-sources-20110930/inc/IGESGeom_OffsetCurve.hxx
+M IGESGeom:privinclude:IGESGeom_OffsetCurve.jxx /dn43/OCCT/tmp/results_30.09.2011/occt/release-sources-20110930/drv/IGESGeom/IGESGeom_OffsetCurve.jxx
+M IGESGeom:privinclude:IGESGeom_OffsetCurve.ixx /dn43/OCCT/tmp/results_30.09.2011/occt/release-sources-20110930/drv/IGESGeom/IGESGeom_OffsetCurve.ixx
+M IGESGeom:pubinclude:Handle_IGESGeom_OffsetSurface.hxx /dn43/OCCT/tmp/results_30.09.2011/occt/release-sources-20110930/inc/Handle_IGESGeom_OffsetSurface.hxx
+M IGESGeom:pubinclude:IGESGeom_OffsetSurface.hxx /dn43/OCCT/tmp/results_30.09.2011/occt/release-sources-20110930/inc/IGESGeom_OffsetSurface.hxx
+M IGESGeom:privinclude:IGESGeom_OffsetSurface.jxx /dn43/OCCT/tmp/results_30.09.2011/occt/release-sources-20110930/drv/IGESGeom/IGESGeom_OffsetSurface.jxx
+M IGESGeom:privinclude:IGESGeom_OffsetSurface.ixx /dn43/OCCT/tmp/results_30.09.2011/occt/release-sources-20110930/drv/IGESGeom/IGESGeom_OffsetSurface.ixx
+M IGESGeom:pubinclude:Handle_IGESGeom_Boundary.hxx /dn43/OCCT/tmp/results_30.09.2011/occt/release-sources-20110930/inc/Handle_IGESGeom_Boundary.hxx
+M IGESGeom:pubinclude:IGESGeom_Boundary.hxx /dn43/OCCT/tmp/results_30.09.2011/occt/release-sources-20110930/inc/IGESGeom_Boundary.hxx
+M IGESGeom:privinclude:IGESGeom_Boundary.jxx /dn43/OCCT/tmp/results_30.09.2011/occt/release-sources-20110930/drv/IGESGeom/IGESGeom_Boundary.jxx
+M IGESGeom:privinclude:IGESGeom_Boundary.ixx /dn43/OCCT/tmp/results_30.09.2011/occt/release-sources-20110930/drv/IGESGeom/IGESGeom_Boundary.ixx
+M IGESGeom:pubinclude:Handle_IGESGeom_CurveOnSurface.hxx /dn43/OCCT/tmp/results_30.09.2011/occt/release-sources-20110930/inc/Handle_IGESGeom_CurveOnSurface.hxx
+M IGESGeom:pubinclude:IGESGeom_CurveOnSurface.hxx /dn43/OCCT/tmp/results_30.09.2011/occt/release-sources-20110930/inc/IGESGeom_CurveOnSurface.hxx
+M IGESGeom:privinclude:IGESGeom_CurveOnSurface.jxx /dn43/OCCT/tmp/results_30.09.2011/occt/release-sources-20110930/drv/IGESGeom/IGESGeom_CurveOnSurface.jxx
+M IGESGeom:privinclude:IGESGeom_CurveOnSurface.ixx /dn43/OCCT/tmp/results_30.09.2011/occt/release-sources-20110930/drv/IGESGeom/IGESGeom_CurveOnSurface.ixx
+M IGESGeom:pubinclude:Handle_IGESGeom_BoundedSurface.hxx /dn43/OCCT/tmp/results_30.09.2011/occt/release-sources-20110930/inc/Handle_IGESGeom_BoundedSurface.hxx
+M IGESGeom:pubinclude:IGESGeom_BoundedSurface.hxx /dn43/OCCT/tmp/results_30.09.2011/occt/release-sources-20110930/inc/IGESGeom_BoundedSurface.hxx
+M IGESGeom:privinclude:IGESGeom_BoundedSurface.jxx /dn43/OCCT/tmp/results_30.09.2011/occt/release-sources-20110930/drv/IGESGeom/IGESGeom_BoundedSurface.jxx
+M IGESGeom:privinclude:IGESGeom_BoundedSurface.ixx /dn43/OCCT/tmp/results_30.09.2011/occt/release-sources-20110930/drv/IGESGeom/IGESGeom_BoundedSurface.ixx
+M IGESGeom:pubinclude:Handle_IGESGeom_TrimmedSurface.hxx /dn43/OCCT/tmp/results_30.09.2011/occt/release-sources-20110930/inc/Handle_IGESGeom_TrimmedSurface.hxx
+M IGESGeom:pubinclude:IGESGeom_TrimmedSurface.hxx /dn43/OCCT/tmp/results_30.09.2011/occt/release-sources-20110930/inc/IGESGeom_TrimmedSurface.hxx
+M IGESGeom:privinclude:IGESGeom_TrimmedSurface.jxx /dn43/OCCT/tmp/results_30.09.2011/occt/release-sources-20110930/drv/IGESGeom/IGESGeom_TrimmedSurface.jxx
+M IGESGeom:privinclude:IGESGeom_TrimmedSurface.ixx /dn43/OCCT/tmp/results_30.09.2011/occt/release-sources-20110930/drv/IGESGeom/IGESGeom_TrimmedSurface.ixx
+M IGESGeom:pubinclude:IGESGeom_ToolCircularArc.hxx /dn43/OCCT/tmp/results_30.09.2011/occt/release-sources-20110930/inc/IGESGeom_ToolCircularArc.hxx
+M IGESGeom:privinclude:IGESGeom_ToolCircularArc.jxx /dn43/OCCT/tmp/results_30.09.2011/occt/release-sources-20110930/drv/IGESGeom/IGESGeom_ToolCircularArc.jxx
+M IGESGeom:privinclude:IGESGeom_ToolCircularArc.ixx /dn43/OCCT/tmp/results_30.09.2011/occt/release-sources-20110930/drv/IGESGeom/IGESGeom_ToolCircularArc.ixx
+M IGESGeom:pubinclude:IGESGeom_ToolCompositeCurve.hxx /dn43/OCCT/tmp/results_30.09.2011/occt/release-sources-20110930/inc/IGESGeom_ToolCompositeCurve.hxx
+M IGESGeom:privinclude:IGESGeom_ToolCompositeCurve.jxx /dn43/OCCT/tmp/results_30.09.2011/occt/release-sources-20110930/drv/IGESGeom/IGESGeom_ToolCompositeCurve.jxx
+M IGESGeom:privinclude:IGESGeom_ToolCompositeCurve.ixx /dn43/OCCT/tmp/results_30.09.2011/occt/release-sources-20110930/drv/IGESGeom/IGESGeom_ToolCompositeCurve.ixx
+M IGESGeom:pubinclude:IGESGeom_ToolConicArc.hxx /dn43/OCCT/tmp/results_30.09.2011/occt/release-sources-20110930/inc/IGESGeom_ToolConicArc.hxx
+M IGESGeom:privinclude:IGESGeom_ToolConicArc.jxx /dn43/OCCT/tmp/results_30.09.2011/occt/release-sources-20110930/drv/IGESGeom/IGESGeom_ToolConicArc.jxx
+M IGESGeom:privinclude:IGESGeom_ToolConicArc.ixx /dn43/OCCT/tmp/results_30.09.2011/occt/release-sources-20110930/drv/IGESGeom/IGESGeom_ToolConicArc.ixx
+M IGESGeom:pubinclude:IGESGeom_ToolCopiousData.hxx /dn43/OCCT/tmp/results_30.09.2011/occt/release-sources-20110930/inc/IGESGeom_ToolCopiousData.hxx
+M IGESGeom:privinclude:IGESGeom_ToolCopiousData.jxx /dn43/OCCT/tmp/results_30.09.2011/occt/release-sources-20110930/drv/IGESGeom/IGESGeom_ToolCopiousData.jxx
+M IGESGeom:privinclude:IGESGeom_ToolCopiousData.ixx /dn43/OCCT/tmp/results_30.09.2011/occt/release-sources-20110930/drv/IGESGeom/IGESGeom_ToolCopiousData.ixx
+M IGESGeom:pubinclude:IGESGeom_ToolPlane.hxx /dn43/OCCT/tmp/results_30.09.2011/occt/release-sources-20110930/inc/IGESGeom_ToolPlane.hxx
+M IGESGeom:privinclude:IGESGeom_ToolPlane.jxx /dn43/OCCT/tmp/results_30.09.2011/occt/release-sources-20110930/drv/IGESGeom/IGESGeom_ToolPlane.jxx
+M IGESGeom:privinclude:IGESGeom_ToolPlane.ixx /dn43/OCCT/tmp/results_30.09.2011/occt/release-sources-20110930/drv/IGESGeom/IGESGeom_ToolPlane.ixx
+M IGESGeom:pubinclude:IGESGeom_ToolLine.hxx /dn43/OCCT/tmp/results_30.09.2011/occt/release-sources-20110930/inc/IGESGeom_ToolLine.hxx
+M IGESGeom:privinclude:IGESGeom_ToolLine.jxx /dn43/OCCT/tmp/results_30.09.2011/occt/release-sources-20110930/drv/IGESGeom/IGESGeom_ToolLine.jxx
+M IGESGeom:privinclude:IGESGeom_ToolLine.ixx /dn43/OCCT/tmp/results_30.09.2011/occt/release-sources-20110930/drv/IGESGeom/IGESGeom_ToolLine.ixx
+M IGESGeom:pubinclude:IGESGeom_ToolSplineCurve.hxx /dn43/OCCT/tmp/results_30.09.2011/occt/release-sources-20110930/inc/IGESGeom_ToolSplineCurve.hxx
+M IGESGeom:privinclude:IGESGeom_ToolSplineCurve.jxx /dn43/OCCT/tmp/results_30.09.2011/occt/release-sources-20110930/drv/IGESGeom/IGESGeom_ToolSplineCurve.jxx
+M IGESGeom:privinclude:IGESGeom_ToolSplineCurve.ixx /dn43/OCCT/tmp/results_30.09.2011/occt/release-sources-20110930/drv/IGESGeom/IGESGeom_ToolSplineCurve.ixx
+M IGESGeom:pubinclude:IGESGeom_ToolSplineSurface.hxx /dn43/OCCT/tmp/results_30.09.2011/occt/release-sources-20110930/inc/IGESGeom_ToolSplineSurface.hxx
+M IGESGeom:privinclude:IGESGeom_ToolSplineSurface.jxx /dn43/OCCT/tmp/results_30.09.2011/occt/release-sources-20110930/drv/IGESGeom/IGESGeom_ToolSplineSurface.jxx
+M IGESGeom:privinclude:IGESGeom_ToolSplineSurface.ixx /dn43/OCCT/tmp/results_30.09.2011/occt/release-sources-20110930/drv/IGESGeom/IGESGeom_ToolSplineSurface.ixx
+M IGESGeom:pubinclude:IGESGeom_ToolPoint.hxx /dn43/OCCT/tmp/results_30.09.2011/occt/release-sources-20110930/inc/IGESGeom_ToolPoint.hxx
+M IGESGeom:privinclude:IGESGeom_ToolPoint.jxx /dn43/OCCT/tmp/results_30.09.2011/occt/release-sources-20110930/drv/IGESGeom/IGESGeom_ToolPoint.jxx
+M IGESGeom:privinclude:IGESGeom_ToolPoint.ixx /dn43/OCCT/tmp/results_30.09.2011/occt/release-sources-20110930/drv/IGESGeom/IGESGeom_ToolPoint.ixx
+M IGESGeom:pubinclude:IGESGeom_ToolRuledSurface.hxx /dn43/OCCT/tmp/results_30.09.2011/occt/release-sources-20110930/inc/IGESGeom_ToolRuledSurface.hxx
+M IGESGeom:privinclude:IGESGeom_ToolRuledSurface.jxx /dn43/OCCT/tmp/results_30.09.2011/occt/release-sources-20110930/drv/IGESGeom/IGESGeom_ToolRuledSurface.jxx
+M IGESGeom:privinclude:IGESGeom_ToolRuledSurface.ixx /dn43/OCCT/tmp/results_30.09.2011/occt/release-sources-20110930/drv/IGESGeom/IGESGeom_ToolRuledSurface.ixx
+M IGESGeom:pubinclude:IGESGeom_ToolSurfaceOfRevolution.hxx /dn43/OCCT/tmp/results_30.09.2011/occt/release-sources-20110930/inc/IGESGeom_ToolSurfaceOfRevolution.hxx
+M IGESGeom:privinclude:IGESGeom_ToolSurfaceOfRevolution.jxx /dn43/OCCT/tmp/results_30.09.2011/occt/release-sources-20110930/drv/IGESGeom/IGESGeom_ToolSurfaceOfRevolution.jxx
+M IGESGeom:privinclude:IGESGeom_ToolSurfaceOfRevolution.ixx /dn43/OCCT/tmp/results_30.09.2011/occt/release-sources-20110930/drv/IGESGeom/IGESGeom_ToolSurfaceOfRevolution.ixx
+M IGESGeom:pubinclude:IGESGeom_ToolTabulatedCylinder.hxx /dn43/OCCT/tmp/results_30.09.2011/occt/release-sources-20110930/inc/IGESGeom_ToolTabulatedCylinder.hxx
+M IGESGeom:privinclude:IGESGeom_ToolTabulatedCylinder.jxx /dn43/OCCT/tmp/results_30.09.2011/occt/release-sources-20110930/drv/IGESGeom/IGESGeom_ToolTabulatedCylinder.jxx
+M IGESGeom:privinclude:IGESGeom_ToolTabulatedCylinder.ixx /dn43/OCCT/tmp/results_30.09.2011/occt/release-sources-20110930/drv/IGESGeom/IGESGeom_ToolTabulatedCylinder.ixx
+M IGESGeom:pubinclude:IGESGeom_ToolDirection.hxx /dn43/OCCT/tmp/results_30.09.2011/occt/release-sources-20110930/inc/IGESGeom_ToolDirection.hxx
+M IGESGeom:privinclude:IGESGeom_ToolDirection.jxx /dn43/OCCT/tmp/results_30.09.2011/occt/release-sources-20110930/drv/IGESGeom/IGESGeom_ToolDirection.jxx
+M IGESGeom:privinclude:IGESGeom_ToolDirection.ixx /dn43/OCCT/tmp/results_30.09.2011/occt/release-sources-20110930/drv/IGESGeom/IGESGeom_ToolDirection.ixx
+M IGESGeom:pubinclude:IGESGeom_ToolTransformationMatrix.hxx /dn43/OCCT/tmp/results_30.09.2011/occt/release-sources-20110930/inc/IGESGeom_ToolTransformationMatrix.hxx
+M IGESGeom:privinclude:IGESGeom_ToolTransformationMatrix.jxx /dn43/OCCT/tmp/results_30.09.2011/occt/release-sources-20110930/drv/IGESGeom/IGESGeom_ToolTransformationMatrix.jxx
+M IGESGeom:privinclude:IGESGeom_ToolTransformationMatrix.ixx /dn43/OCCT/tmp/results_30.09.2011/occt/release-sources-20110930/drv/IGESGeom/IGESGeom_ToolTransformationMatrix.ixx
+M IGESGeom:pubinclude:IGESGeom_ToolFlash.hxx /dn43/OCCT/tmp/results_30.09.2011/occt/release-sources-20110930/inc/IGESGeom_ToolFlash.hxx
+M IGESGeom:privinclude:IGESGeom_ToolFlash.jxx /dn43/OCCT/tmp/results_30.09.2011/occt/release-sources-20110930/drv/IGESGeom/IGESGeom_ToolFlash.jxx
+M IGESGeom:privinclude:IGESGeom_ToolFlash.ixx /dn43/OCCT/tmp/results_30.09.2011/occt/release-sources-20110930/drv/IGESGeom/IGESGeom_ToolFlash.ixx
+M IGESGeom:pubinclude:IGESGeom_ToolBSplineCurve.hxx /dn43/OCCT/tmp/results_30.09.2011/occt/release-sources-20110930/inc/IGESGeom_ToolBSplineCurve.hxx
+M IGESGeom:privinclude:IGESGeom_ToolBSplineCurve.jxx /dn43/OCCT/tmp/results_30.09.2011/occt/release-sources-20110930/drv/IGESGeom/IGESGeom_ToolBSplineCurve.jxx
+M IGESGeom:privinclude:IGESGeom_ToolBSplineCurve.ixx /dn43/OCCT/tmp/results_30.09.2011/occt/release-sources-20110930/drv/IGESGeom/IGESGeom_ToolBSplineCurve.ixx
+M IGESGeom:pubinclude:IGESGeom_ToolBSplineSurface.hxx /dn43/OCCT/tmp/results_30.09.2011/occt/release-sources-20110930/inc/IGESGeom_ToolBSplineSurface.hxx
+M IGESGeom:privinclude:IGESGeom_ToolBSplineSurface.jxx /dn43/OCCT/tmp/results_30.09.2011/occt/release-sources-20110930/drv/IGESGeom/IGESGeom_ToolBSplineSurface.jxx
+M IGESGeom:privinclude:IGESGeom_ToolBSplineSurface.ixx /dn43/OCCT/tmp/results_30.09.2011/occt/release-sources-20110930/drv/IGESGeom/IGESGeom_ToolBSplineSurface.ixx
+M IGESGeom:pubinclude:IGESGeom_ToolOffsetCurve.hxx /dn43/OCCT/tmp/results_30.09.2011/occt/release-sources-20110930/inc/IGESGeom_ToolOffsetCurve.hxx
+M IGESGeom:privinclude:IGESGeom_ToolOffsetCurve.jxx /dn43/OCCT/tmp/results_30.09.2011/occt/release-sources-20110930/drv/IGESGeom/IGESGeom_ToolOffsetCurve.jxx
+M IGESGeom:privinclude:IGESGeom_ToolOffsetCurve.ixx /dn43/OCCT/tmp/results_30.09.2011/occt/release-sources-20110930/drv/IGESGeom/IGESGeom_ToolOffsetCurve.ixx
+M IGESGeom:pubinclude:IGESGeom_ToolOffsetSurface.hxx /dn43/OCCT/tmp/results_30.09.2011/occt/release-sources-20110930/inc/IGESGeom_ToolOffsetSurface.hxx
+M IGESGeom:privinclude:IGESGeom_ToolOffsetSurface.jxx /dn43/OCCT/tmp/results_30.09.2011/occt/release-sources-20110930/drv/IGESGeom/IGESGeom_ToolOffsetSurface.jxx
+M IGESGeom:privinclude:IGESGeom_ToolOffsetSurface.ixx /dn43/OCCT/tmp/results_30.09.2011/occt/release-sources-20110930/drv/IGESGeom/IGESGeom_ToolOffsetSurface.ixx
+M IGESGeom:pubinclude:IGESGeom_ToolBoundary.hxx /dn43/OCCT/tmp/results_30.09.2011/occt/release-sources-20110930/inc/IGESGeom_ToolBoundary.hxx
+M IGESGeom:privinclude:IGESGeom_ToolBoundary.jxx /dn43/OCCT/tmp/results_30.09.2011/occt/release-sources-20110930/drv/IGESGeom/IGESGeom_ToolBoundary.jxx
+M IGESGeom:privinclude:IGESGeom_ToolBoundary.ixx /dn43/OCCT/tmp/results_30.09.2011/occt/release-sources-20110930/drv/IGESGeom/IGESGeom_ToolBoundary.ixx
+M IGESGeom:pubinclude:IGESGeom_ToolCurveOnSurface.hxx /dn43/OCCT/tmp/results_30.09.2011/occt/release-sources-20110930/inc/IGESGeom_ToolCurveOnSurface.hxx
+M IGESGeom:privinclude:IGESGeom_ToolCurveOnSurface.jxx /dn43/OCCT/tmp/results_30.09.2011/occt/release-sources-20110930/drv/IGESGeom/IGESGeom_ToolCurveOnSurface.jxx
+M IGESGeom:privinclude:IGESGeom_ToolCurveOnSurface.ixx /dn43/OCCT/tmp/results_30.09.2011/occt/release-sources-20110930/drv/IGESGeom/IGESGeom_ToolCurveOnSurface.ixx
+M IGESGeom:pubinclude:IGESGeom_ToolBoundedSurface.hxx /dn43/OCCT/tmp/results_30.09.2011/occt/release-sources-20110930/inc/IGESGeom_ToolBoundedSurface.hxx
+M IGESGeom:privinclude:IGESGeom_ToolBoundedSurface.jxx /dn43/OCCT/tmp/results_30.09.2011/occt/release-sources-20110930/drv/IGESGeom/IGESGeom_ToolBoundedSurface.jxx
+M IGESGeom:privinclude:IGESGeom_ToolBoundedSurface.ixx /dn43/OCCT/tmp/results_30.09.2011/occt/release-sources-20110930/drv/IGESGeom/IGESGeom_ToolBoundedSurface.ixx
+M IGESGeom:pubinclude:IGESGeom_ToolTrimmedSurface.hxx /dn43/OCCT/tmp/results_30.09.2011/occt/release-sources-20110930/inc/IGESGeom_ToolTrimmedSurface.hxx
+M IGESGeom:privinclude:IGESGeom_ToolTrimmedSurface.jxx /dn43/OCCT/tmp/results_30.09.2011/occt/release-sources-20110930/drv/IGESGeom/IGESGeom_ToolTrimmedSurface.jxx
+M IGESGeom:privinclude:IGESGeom_ToolTrimmedSurface.ixx /dn43/OCCT/tmp/results_30.09.2011/occt/release-sources-20110930/drv/IGESGeom/IGESGeom_ToolTrimmedSurface.ixx
+M IGESGeom:pubinclude:Handle_IGESGeom_Protocol.hxx /dn43/OCCT/tmp/results_30.09.2011/occt/release-sources-20110930/inc/Handle_IGESGeom_Protocol.hxx
+M IGESGeom:pubinclude:IGESGeom_Protocol.hxx /dn43/OCCT/tmp/results_30.09.2011/occt/release-sources-20110930/inc/IGESGeom_Protocol.hxx
+M IGESGeom:privinclude:IGESGeom_Protocol.jxx /dn43/OCCT/tmp/results_30.09.2011/occt/release-sources-20110930/drv/IGESGeom/IGESGeom_Protocol.jxx
+M IGESGeom:privinclude:IGESGeom_Protocol.ixx /dn43/OCCT/tmp/results_30.09.2011/occt/release-sources-20110930/drv/IGESGeom/IGESGeom_Protocol.ixx
+M IGESGeom:pubinclude:Handle_IGESGeom_ReadWriteModule.hxx /dn43/OCCT/tmp/results_30.09.2011/occt/release-sources-20110930/inc/Handle_IGESGeom_ReadWriteModule.hxx
+M IGESGeom:pubinclude:IGESGeom_ReadWriteModule.hxx /dn43/OCCT/tmp/results_30.09.2011/occt/release-sources-20110930/inc/IGESGeom_ReadWriteModule.hxx
+M IGESGeom:privinclude:IGESGeom_ReadWriteModule.jxx /dn43/OCCT/tmp/results_30.09.2011/occt/release-sources-20110930/drv/IGESGeom/IGESGeom_ReadWriteModule.jxx
+M IGESGeom:privinclude:IGESGeom_ReadWriteModule.ixx /dn43/OCCT/tmp/results_30.09.2011/occt/release-sources-20110930/drv/IGESGeom/IGESGeom_ReadWriteModule.ixx
+M IGESGeom:pubinclude:Handle_IGESGeom_GeneralModule.hxx /dn43/OCCT/tmp/results_30.09.2011/occt/release-sources-20110930/inc/Handle_IGESGeom_GeneralModule.hxx
+M IGESGeom:pubinclude:IGESGeom_GeneralModule.hxx /dn43/OCCT/tmp/results_30.09.2011/occt/release-sources-20110930/inc/IGESGeom_GeneralModule.hxx
+M IGESGeom:privinclude:IGESGeom_GeneralModule.jxx /dn43/OCCT/tmp/results_30.09.2011/occt/release-sources-20110930/drv/IGESGeom/IGESGeom_GeneralModule.jxx
+M IGESGeom:privinclude:IGESGeom_GeneralModule.ixx /dn43/OCCT/tmp/results_30.09.2011/occt/release-sources-20110930/drv/IGESGeom/IGESGeom_GeneralModule.ixx
+M IGESGeom:pubinclude:Handle_IGESGeom_SpecificModule.hxx /dn43/OCCT/tmp/results_30.09.2011/occt/release-sources-20110930/inc/Handle_IGESGeom_SpecificModule.hxx
+M IGESGeom:pubinclude:IGESGeom_SpecificModule.hxx /dn43/OCCT/tmp/results_30.09.2011/occt/release-sources-20110930/inc/IGESGeom_SpecificModule.hxx
+M IGESGeom:privinclude:IGESGeom_SpecificModule.jxx /dn43/OCCT/tmp/results_30.09.2011/occt/release-sources-20110930/drv/IGESGeom/IGESGeom_SpecificModule.jxx
+M IGESGeom:privinclude:IGESGeom_SpecificModule.ixx /dn43/OCCT/tmp/results_30.09.2011/occt/release-sources-20110930/drv/IGESGeom/IGESGeom_SpecificModule.ixx
+M IGESGeom:pubinclude:IGESGeom_Array1OfBoundary.hxx /dn43/OCCT/tmp/results_30.09.2011/occt/release-sources-20110930/inc/IGESGeom_Array1OfBoundary.hxx
+M IGESGeom:derivated:IGESGeom_Array1OfBoundary_0.cxx /dn43/OCCT/tmp/results_30.09.2011/occt/release-sources-20110930/drv/IGESGeom/IGESGeom_Array1OfBoundary_0.cxx
+M IGESGeom:pubinclude:IGESGeom_Array1OfCurveOnSurface.hxx /dn43/OCCT/tmp/results_30.09.2011/occt/release-sources-20110930/inc/IGESGeom_Array1OfCurveOnSurface.hxx
+M IGESGeom:derivated:IGESGeom_Array1OfCurveOnSurface_0.cxx /dn43/OCCT/tmp/results_30.09.2011/occt/release-sources-20110930/drv/IGESGeom/IGESGeom_Array1OfCurveOnSurface_0.cxx
+M IGESGeom:pubinclude:IGESGeom_Array1OfTransformationMatrix.hxx /dn43/OCCT/tmp/results_30.09.2011/occt/release-sources-20110930/inc/IGESGeom_Array1OfTransformationMatrix.hxx
+M IGESGeom:derivated:IGESGeom_Array1OfTransformationMatrix_0.cxx /dn43/OCCT/tmp/results_30.09.2011/occt/release-sources-20110930/drv/IGESGeom/IGESGeom_Array1OfTransformationMatrix_0.cxx
+M IGESGeom:pubinclude:Handle_IGESGeom_HArray1OfBoundary.hxx /dn43/OCCT/tmp/results_30.09.2011/occt/release-sources-20110930/inc/Handle_IGESGeom_HArray1OfBoundary.hxx
+M IGESGeom:pubinclude:IGESGeom_HArray1OfBoundary.hxx /dn43/OCCT/tmp/results_30.09.2011/occt/release-sources-20110930/inc/IGESGeom_HArray1OfBoundary.hxx
+M IGESGeom:derivated:IGESGeom_HArray1OfBoundary_0.cxx /dn43/OCCT/tmp/results_30.09.2011/occt/release-sources-20110930/drv/IGESGeom/IGESGeom_HArray1OfBoundary_0.cxx
+M IGESGeom:pubinclude:Handle_IGESGeom_HArray1OfCurveOnSurface.hxx /dn43/OCCT/tmp/results_30.09.2011/occt/release-sources-20110930/inc/Handle_IGESGeom_HArray1OfCurveOnSurface.hxx
+M IGESGeom:pubinclude:IGESGeom_HArray1OfCurveOnSurface.hxx /dn43/OCCT/tmp/results_30.09.2011/occt/release-sources-20110930/inc/IGESGeom_HArray1OfCurveOnSurface.hxx
+M IGESGeom:derivated:IGESGeom_HArray1OfCurveOnSurface_0.cxx /dn43/OCCT/tmp/results_30.09.2011/occt/release-sources-20110930/drv/IGESGeom/IGESGeom_HArray1OfCurveOnSurface_0.cxx
+M IGESGeom:pubinclude:Handle_IGESGeom_HArray1OfTransformationMatrix.hxx /dn43/OCCT/tmp/results_30.09.2011/occt/release-sources-20110930/inc/Handle_IGESGeom_HArray1OfTransformationMatrix.hxx
+M IGESGeom:pubinclude:IGESGeom_HArray1OfTransformationMatrix.hxx /dn43/OCCT/tmp/results_30.09.2011/occt/release-sources-20110930/inc/IGESGeom_HArray1OfTransformationMatrix.hxx
+M IGESGeom:derivated:IGESGeom_HArray1OfTransformationMatrix_0.cxx /dn43/OCCT/tmp/results_30.09.2011/occt/release-sources-20110930/drv/IGESGeom/IGESGeom_HArray1OfTransformationMatrix_0.cxx
+M IGESGeom:dbadmfile:IGESGeom_xcpp_header.In /dn43/OCCT/tmp/results_30.09.2011/occt/release-sources-20110930/drv/IGESGeom/.adm/IGESGeom_xcpp_header.In
+M IGESGeom:dbadmfile:IGESGeom_xcpp_header.Out /dn43/OCCT/tmp/results_30.09.2011/occt/release-sources-20110930/drv/IGESGeom/.adm/IGESGeom_xcpp_header.Out
+M IGESGeom:dbadmfile:IGESGeom_xcpp_header.Dep /dn43/OCCT/tmp/results_30.09.2011/occt/release-sources-20110930/drv/IGESGeom/.adm/IGESGeom_xcpp_header.Dep
