+M ShapeExtend:pubinclude:ShapeExtend.hxx /dn43/OCCT/tmp/results_30.09.2011/occt/release-sources-20110930/inc/ShapeExtend.hxx
+M ShapeExtend:privinclude:ShapeExtend.jxx /dn43/OCCT/tmp/results_30.09.2011/occt/release-sources-20110930/drv/ShapeExtend/ShapeExtend.jxx
+M ShapeExtend:privinclude:ShapeExtend.ixx /dn43/OCCT/tmp/results_30.09.2011/occt/release-sources-20110930/drv/ShapeExtend/ShapeExtend.ixx
+M ShapeExtend:pubinclude:Handle_ShapeExtend_ComplexCurve.hxx /dn43/OCCT/tmp/results_30.09.2011/occt/release-sources-20110930/inc/Handle_ShapeExtend_ComplexCurve.hxx
+M ShapeExtend:pubinclude:ShapeExtend_ComplexCurve.hxx /dn43/OCCT/tmp/results_30.09.2011/occt/release-sources-20110930/inc/ShapeExtend_ComplexCurve.hxx
+M ShapeExtend:privinclude:ShapeExtend_ComplexCurve.jxx /dn43/OCCT/tmp/results_30.09.2011/occt/release-sources-20110930/drv/ShapeExtend/ShapeExtend_ComplexCurve.jxx
+M ShapeExtend:privinclude:ShapeExtend_ComplexCurve.ixx /dn43/OCCT/tmp/results_30.09.2011/occt/release-sources-20110930/drv/ShapeExtend/ShapeExtend_ComplexCurve.ixx
+M ShapeExtend:pubinclude:Handle_ShapeExtend_CompositeSurface.hxx /dn43/OCCT/tmp/results_30.09.2011/occt/release-sources-20110930/inc/Handle_ShapeExtend_CompositeSurface.hxx
+M ShapeExtend:pubinclude:ShapeExtend_CompositeSurface.hxx /dn43/OCCT/tmp/results_30.09.2011/occt/release-sources-20110930/inc/ShapeExtend_CompositeSurface.hxx
+M ShapeExtend:privinclude:ShapeExtend_CompositeSurface.jxx /dn43/OCCT/tmp/results_30.09.2011/occt/release-sources-20110930/drv/ShapeExtend/ShapeExtend_CompositeSurface.jxx
+M ShapeExtend:privinclude:ShapeExtend_CompositeSurface.ixx /dn43/OCCT/tmp/results_30.09.2011/occt/release-sources-20110930/drv/ShapeExtend/ShapeExtend_CompositeSurface.ixx
+M ShapeExtend:pubinclude:Handle_ShapeExtend_WireData.hxx /dn43/OCCT/tmp/results_30.09.2011/occt/release-sources-20110930/inc/Handle_ShapeExtend_WireData.hxx
+M ShapeExtend:pubinclude:ShapeExtend_WireData.hxx /dn43/OCCT/tmp/results_30.09.2011/occt/release-sources-20110930/inc/ShapeExtend_WireData.hxx
+M ShapeExtend:privinclude:ShapeExtend_WireData.jxx /dn43/OCCT/tmp/results_30.09.2011/occt/release-sources-20110930/drv/ShapeExtend/ShapeExtend_WireData.jxx
+M ShapeExtend:privinclude:ShapeExtend_WireData.ixx /dn43/OCCT/tmp/results_30.09.2011/occt/release-sources-20110930/drv/ShapeExtend/ShapeExtend_WireData.ixx
+M ShapeExtend:pubinclude:Handle_ShapeExtend_BasicMsgRegistrator.hxx /dn43/OCCT/tmp/results_30.09.2011/occt/release-sources-20110930/inc/Handle_ShapeExtend_BasicMsgRegistrator.hxx
+M ShapeExtend:pubinclude:ShapeExtend_BasicMsgRegistrator.hxx /dn43/OCCT/tmp/results_30.09.2011/occt/release-sources-20110930/inc/ShapeExtend_BasicMsgRegistrator.hxx
+M ShapeExtend:privinclude:ShapeExtend_BasicMsgRegistrator.jxx /dn43/OCCT/tmp/results_30.09.2011/occt/release-sources-20110930/drv/ShapeExtend/ShapeExtend_BasicMsgRegistrator.jxx
+M ShapeExtend:privinclude:ShapeExtend_BasicMsgRegistrator.ixx /dn43/OCCT/tmp/results_30.09.2011/occt/release-sources-20110930/drv/ShapeExtend/ShapeExtend_BasicMsgRegistrator.ixx
+M ShapeExtend:pubinclude:Handle_ShapeExtend_MsgRegistrator.hxx /dn43/OCCT/tmp/results_30.09.2011/occt/release-sources-20110930/inc/Handle_ShapeExtend_MsgRegistrator.hxx
+M ShapeExtend:pubinclude:ShapeExtend_MsgRegistrator.hxx /dn43/OCCT/tmp/results_30.09.2011/occt/release-sources-20110930/inc/ShapeExtend_MsgRegistrator.hxx
+M ShapeExtend:privinclude:ShapeExtend_MsgRegistrator.jxx /dn43/OCCT/tmp/results_30.09.2011/occt/release-sources-20110930/drv/ShapeExtend/ShapeExtend_MsgRegistrator.jxx
+M ShapeExtend:privinclude:ShapeExtend_MsgRegistrator.ixx /dn43/OCCT/tmp/results_30.09.2011/occt/release-sources-20110930/drv/ShapeExtend/ShapeExtend_MsgRegistrator.ixx
+M ShapeExtend:pubinclude:ShapeExtend_Explorer.hxx /dn43/OCCT/tmp/results_30.09.2011/occt/release-sources-20110930/inc/ShapeExtend_Explorer.hxx
+M ShapeExtend:privinclude:ShapeExtend_Explorer.jxx /dn43/OCCT/tmp/results_30.09.2011/occt/release-sources-20110930/drv/ShapeExtend/ShapeExtend_Explorer.jxx
+M ShapeExtend:privinclude:ShapeExtend_Explorer.ixx /dn43/OCCT/tmp/results_30.09.2011/occt/release-sources-20110930/drv/ShapeExtend/ShapeExtend_Explorer.ixx
+M ShapeExtend:pubinclude:ShapeExtend_DataMapOfShapeListOfMsg.hxx /dn43/OCCT/tmp/results_30.09.2011/occt/release-sources-20110930/inc/ShapeExtend_DataMapOfShapeListOfMsg.hxx
+M ShapeExtend:derivated:ShapeExtend_DataMapOfShapeListOfMsg_0.cxx /dn43/OCCT/tmp/results_30.09.2011/occt/release-sources-20110930/drv/ShapeExtend/ShapeExtend_DataMapOfShapeListOfMsg_0.cxx
+M ShapeExtend:pubinclude:ShapeExtend_DataMapOfTransientListOfMsg.hxx /dn43/OCCT/tmp/results_30.09.2011/occt/release-sources-20110930/inc/ShapeExtend_DataMapOfTransientListOfMsg.hxx
+M ShapeExtend:derivated:ShapeExtend_DataMapOfTransientListOfMsg_0.cxx /dn43/OCCT/tmp/results_30.09.2011/occt/release-sources-20110930/drv/ShapeExtend/ShapeExtend_DataMapOfTransientListOfMsg_0.cxx
+M ShapeExtend:pubinclude:Handle_ShapeExtend_DataMapNodeOfDataMapOfShapeListOfMsg.hxx /dn43/OCCT/tmp/results_30.09.2011/occt/release-sources-20110930/inc/Handle_ShapeExtend_DataMapNodeOfDataMapOfShapeListOfMsg.hxx
+M ShapeExtend:pubinclude:ShapeExtend_DataMapNodeOfDataMapOfShapeListOfMsg.hxx /dn43/OCCT/tmp/results_30.09.2011/occt/release-sources-20110930/inc/ShapeExtend_DataMapNodeOfDataMapOfShapeListOfMsg.hxx
+M ShapeExtend:derivated:ShapeExtend_DataMapNodeOfDataMapOfShapeListOfMsg_0.cxx /dn43/OCCT/tmp/results_30.09.2011/occt/release-sources-20110930/drv/ShapeExtend/ShapeExtend_DataMapNodeOfDataMapOfShapeListOfMsg_0.cxx
+M ShapeExtend:pubinclude:ShapeExtend_DataMapIteratorOfDataMapOfShapeListOfMsg.hxx /dn43/OCCT/tmp/results_30.09.2011/occt/release-sources-20110930/inc/ShapeExtend_DataMapIteratorOfDataMapOfShapeListOfMsg.hxx
+M ShapeExtend:derivated:ShapeExtend_DataMapIteratorOfDataMapOfShapeListOfMsg_0.cxx /dn43/OCCT/tmp/results_30.09.2011/occt/release-sources-20110930/drv/ShapeExtend/ShapeExtend_DataMapIteratorOfDataMapOfShapeListOfMsg_0.cxx
+M ShapeExtend:pubinclude:Handle_ShapeExtend_DataMapNodeOfDataMapOfTransientListOfMsg.hxx /dn43/OCCT/tmp/results_30.09.2011/occt/release-sources-20110930/inc/Handle_ShapeExtend_DataMapNodeOfDataMapOfTransientListOfMsg.hxx
+M ShapeExtend:pubinclude:ShapeExtend_DataMapNodeOfDataMapOfTransientListOfMsg.hxx /dn43/OCCT/tmp/results_30.09.2011/occt/release-sources-20110930/inc/ShapeExtend_DataMapNodeOfDataMapOfTransientListOfMsg.hxx
+M ShapeExtend:derivated:ShapeExtend_DataMapNodeOfDataMapOfTransientListOfMsg_0.cxx /dn43/OCCT/tmp/results_30.09.2011/occt/release-sources-20110930/drv/ShapeExtend/ShapeExtend_DataMapNodeOfDataMapOfTransientListOfMsg_0.cxx
+M ShapeExtend:pubinclude:ShapeExtend_DataMapIteratorOfDataMapOfTransientListOfMsg.hxx /dn43/OCCT/tmp/results_30.09.2011/occt/release-sources-20110930/inc/ShapeExtend_DataMapIteratorOfDataMapOfTransientListOfMsg.hxx
+M ShapeExtend:derivated:ShapeExtend_DataMapIteratorOfDataMapOfTransientListOfMsg_0.cxx /dn43/OCCT/tmp/results_30.09.2011/occt/release-sources-20110930/drv/ShapeExtend/ShapeExtend_DataMapIteratorOfDataMapOfTransientListOfMsg_0.cxx
+M ShapeExtend:pubinclude:ShapeExtend_Status.hxx /dn43/OCCT/tmp/results_30.09.2011/occt/release-sources-20110930/inc/ShapeExtend_Status.hxx
+M ShapeExtend:pubinclude:ShapeExtend_Parametrisation.hxx /dn43/OCCT/tmp/results_30.09.2011/occt/release-sources-20110930/inc/ShapeExtend_Parametrisation.hxx
+M ShapeExtend:dbadmfile:ShapeExtend_xcpp_header.In /dn43/OCCT/tmp/results_30.09.2011/occt/release-sources-20110930/drv/ShapeExtend/.adm/ShapeExtend_xcpp_header.In
+M ShapeExtend:dbadmfile:ShapeExtend_xcpp_header.Out /dn43/OCCT/tmp/results_30.09.2011/occt/release-sources-20110930/drv/ShapeExtend/.adm/ShapeExtend_xcpp_header.Out
+M ShapeExtend:dbadmfile:ShapeExtend_xcpp_header.Dep /dn43/OCCT/tmp/results_30.09.2011/occt/release-sources-20110930/drv/ShapeExtend/.adm/ShapeExtend_xcpp_header.Dep
