+M IGESGraph:pubinclude:IGESGraph.hxx /dn43/OCCT/tmp/results_28.02.2011/occt/release-sources-20110228/inc/IGESGraph.hxx
+M IGESGraph:privinclude:IGESGraph.jxx /dn43/OCCT/tmp/results_28.02.2011/occt/release-sources-20110228/drv/IGESGraph/IGESGraph.jxx
+M IGESGraph:privinclude:IGESGraph.ixx /dn43/OCCT/tmp/results_28.02.2011/occt/release-sources-20110228/drv/IGESGraph/IGESGraph.ixx
+M IGESGraph:pubinclude:Handle_IGESGraph_LineFontDefTemplate.hxx /dn43/OCCT/tmp/results_28.02.2011/occt/release-sources-20110228/inc/Handle_IGESGraph_LineFontDefTemplate.hxx
+M IGESGraph:pubinclude:IGESGraph_LineFontDefTemplate.hxx /dn43/OCCT/tmp/results_28.02.2011/occt/release-sources-20110228/inc/IGESGraph_LineFontDefTemplate.hxx
+M IGESGraph:privinclude:IGESGraph_LineFontDefTemplate.jxx /dn43/OCCT/tmp/results_28.02.2011/occt/release-sources-20110228/drv/IGESGraph/IGESGraph_LineFontDefTemplate.jxx
+M IGESGraph:privinclude:IGESGraph_LineFontDefTemplate.ixx /dn43/OCCT/tmp/results_28.02.2011/occt/release-sources-20110228/drv/IGESGraph/IGESGraph_LineFontDefTemplate.ixx
+M IGESGraph:pubinclude:Handle_IGESGraph_LineFontDefPattern.hxx /dn43/OCCT/tmp/results_28.02.2011/occt/release-sources-20110228/inc/Handle_IGESGraph_LineFontDefPattern.hxx
+M IGESGraph:pubinclude:IGESGraph_LineFontDefPattern.hxx /dn43/OCCT/tmp/results_28.02.2011/occt/release-sources-20110228/inc/IGESGraph_LineFontDefPattern.hxx
+M IGESGraph:privinclude:IGESGraph_LineFontDefPattern.jxx /dn43/OCCT/tmp/results_28.02.2011/occt/release-sources-20110228/drv/IGESGraph/IGESGraph_LineFontDefPattern.jxx
+M IGESGraph:privinclude:IGESGraph_LineFontDefPattern.ixx /dn43/OCCT/tmp/results_28.02.2011/occt/release-sources-20110228/drv/IGESGraph/IGESGraph_LineFontDefPattern.ixx
+M IGESGraph:pubinclude:Handle_IGESGraph_TextFontDef.hxx /dn43/OCCT/tmp/results_28.02.2011/occt/release-sources-20110228/inc/Handle_IGESGraph_TextFontDef.hxx
+M IGESGraph:pubinclude:IGESGraph_TextFontDef.hxx /dn43/OCCT/tmp/results_28.02.2011/occt/release-sources-20110228/inc/IGESGraph_TextFontDef.hxx
+M IGESGraph:privinclude:IGESGraph_TextFontDef.jxx /dn43/OCCT/tmp/results_28.02.2011/occt/release-sources-20110228/drv/IGESGraph/IGESGraph_TextFontDef.jxx
+M IGESGraph:privinclude:IGESGraph_TextFontDef.ixx /dn43/OCCT/tmp/results_28.02.2011/occt/release-sources-20110228/drv/IGESGraph/IGESGraph_TextFontDef.ixx
+M IGESGraph:pubinclude:Handle_IGESGraph_TextDisplayTemplate.hxx /dn43/OCCT/tmp/results_28.02.2011/occt/release-sources-20110228/inc/Handle_IGESGraph_TextDisplayTemplate.hxx
+M IGESGraph:pubinclude:IGESGraph_TextDisplayTemplate.hxx /dn43/OCCT/tmp/results_28.02.2011/occt/release-sources-20110228/inc/IGESGraph_TextDisplayTemplate.hxx
+M IGESGraph:privinclude:IGESGraph_TextDisplayTemplate.jxx /dn43/OCCT/tmp/results_28.02.2011/occt/release-sources-20110228/drv/IGESGraph/IGESGraph_TextDisplayTemplate.jxx
+M IGESGraph:privinclude:IGESGraph_TextDisplayTemplate.ixx /dn43/OCCT/tmp/results_28.02.2011/occt/release-sources-20110228/drv/IGESGraph/IGESGraph_TextDisplayTemplate.ixx
+M IGESGraph:pubinclude:Handle_IGESGraph_Color.hxx /dn43/OCCT/tmp/results_28.02.2011/occt/release-sources-20110228/inc/Handle_IGESGraph_Color.hxx
+M IGESGraph:pubinclude:IGESGraph_Color.hxx /dn43/OCCT/tmp/results_28.02.2011/occt/release-sources-20110228/inc/IGESGraph_Color.hxx
+M IGESGraph:privinclude:IGESGraph_Color.jxx /dn43/OCCT/tmp/results_28.02.2011/occt/release-sources-20110228/drv/IGESGraph/IGESGraph_Color.jxx
+M IGESGraph:privinclude:IGESGraph_Color.ixx /dn43/OCCT/tmp/results_28.02.2011/occt/release-sources-20110228/drv/IGESGraph/IGESGraph_Color.ixx
+M IGESGraph:pubinclude:Handle_IGESGraph_DefinitionLevel.hxx /dn43/OCCT/tmp/results_28.02.2011/occt/release-sources-20110228/inc/Handle_IGESGraph_DefinitionLevel.hxx
+M IGESGraph:pubinclude:IGESGraph_DefinitionLevel.hxx /dn43/OCCT/tmp/results_28.02.2011/occt/release-sources-20110228/inc/IGESGraph_DefinitionLevel.hxx
+M IGESGraph:privinclude:IGESGraph_DefinitionLevel.jxx /dn43/OCCT/tmp/results_28.02.2011/occt/release-sources-20110228/drv/IGESGraph/IGESGraph_DefinitionLevel.jxx
+M IGESGraph:privinclude:IGESGraph_DefinitionLevel.ixx /dn43/OCCT/tmp/results_28.02.2011/occt/release-sources-20110228/drv/IGESGraph/IGESGraph_DefinitionLevel.ixx
+M IGESGraph:pubinclude:Handle_IGESGraph_NominalSize.hxx /dn43/OCCT/tmp/results_28.02.2011/occt/release-sources-20110228/inc/Handle_IGESGraph_NominalSize.hxx
+M IGESGraph:pubinclude:IGESGraph_NominalSize.hxx /dn43/OCCT/tmp/results_28.02.2011/occt/release-sources-20110228/inc/IGESGraph_NominalSize.hxx
+M IGESGraph:privinclude:IGESGraph_NominalSize.jxx /dn43/OCCT/tmp/results_28.02.2011/occt/release-sources-20110228/drv/IGESGraph/IGESGraph_NominalSize.jxx
+M IGESGraph:privinclude:IGESGraph_NominalSize.ixx /dn43/OCCT/tmp/results_28.02.2011/occt/release-sources-20110228/drv/IGESGraph/IGESGraph_NominalSize.ixx
+M IGESGraph:pubinclude:Handle_IGESGraph_DrawingSize.hxx /dn43/OCCT/tmp/results_28.02.2011/occt/release-sources-20110228/inc/Handle_IGESGraph_DrawingSize.hxx
+M IGESGraph:pubinclude:IGESGraph_DrawingSize.hxx /dn43/OCCT/tmp/results_28.02.2011/occt/release-sources-20110228/inc/IGESGraph_DrawingSize.hxx
+M IGESGraph:privinclude:IGESGraph_DrawingSize.jxx /dn43/OCCT/tmp/results_28.02.2011/occt/release-sources-20110228/drv/IGESGraph/IGESGraph_DrawingSize.jxx
+M IGESGraph:privinclude:IGESGraph_DrawingSize.ixx /dn43/OCCT/tmp/results_28.02.2011/occt/release-sources-20110228/drv/IGESGraph/IGESGraph_DrawingSize.ixx
+M IGESGraph:pubinclude:Handle_IGESGraph_DrawingUnits.hxx /dn43/OCCT/tmp/results_28.02.2011/occt/release-sources-20110228/inc/Handle_IGESGraph_DrawingUnits.hxx
+M IGESGraph:pubinclude:IGESGraph_DrawingUnits.hxx /dn43/OCCT/tmp/results_28.02.2011/occt/release-sources-20110228/inc/IGESGraph_DrawingUnits.hxx
+M IGESGraph:privinclude:IGESGraph_DrawingUnits.jxx /dn43/OCCT/tmp/results_28.02.2011/occt/release-sources-20110228/drv/IGESGraph/IGESGraph_DrawingUnits.jxx
+M IGESGraph:privinclude:IGESGraph_DrawingUnits.ixx /dn43/OCCT/tmp/results_28.02.2011/occt/release-sources-20110228/drv/IGESGraph/IGESGraph_DrawingUnits.ixx
+M IGESGraph:pubinclude:Handle_IGESGraph_IntercharacterSpacing.hxx /dn43/OCCT/tmp/results_28.02.2011/occt/release-sources-20110228/inc/Handle_IGESGraph_IntercharacterSpacing.hxx
+M IGESGraph:pubinclude:IGESGraph_IntercharacterSpacing.hxx /dn43/OCCT/tmp/results_28.02.2011/occt/release-sources-20110228/inc/IGESGraph_IntercharacterSpacing.hxx
+M IGESGraph:privinclude:IGESGraph_IntercharacterSpacing.jxx /dn43/OCCT/tmp/results_28.02.2011/occt/release-sources-20110228/drv/IGESGraph/IGESGraph_IntercharacterSpacing.jxx
+M IGESGraph:privinclude:IGESGraph_IntercharacterSpacing.ixx /dn43/OCCT/tmp/results_28.02.2011/occt/release-sources-20110228/drv/IGESGraph/IGESGraph_IntercharacterSpacing.ixx
+M IGESGraph:pubinclude:Handle_IGESGraph_LineFontPredefined.hxx /dn43/OCCT/tmp/results_28.02.2011/occt/release-sources-20110228/inc/Handle_IGESGraph_LineFontPredefined.hxx
+M IGESGraph:pubinclude:IGESGraph_LineFontPredefined.hxx /dn43/OCCT/tmp/results_28.02.2011/occt/release-sources-20110228/inc/IGESGraph_LineFontPredefined.hxx
+M IGESGraph:privinclude:IGESGraph_LineFontPredefined.jxx /dn43/OCCT/tmp/results_28.02.2011/occt/release-sources-20110228/drv/IGESGraph/IGESGraph_LineFontPredefined.jxx
+M IGESGraph:privinclude:IGESGraph_LineFontPredefined.ixx /dn43/OCCT/tmp/results_28.02.2011/occt/release-sources-20110228/drv/IGESGraph/IGESGraph_LineFontPredefined.ixx
+M IGESGraph:pubinclude:Handle_IGESGraph_HighLight.hxx /dn43/OCCT/tmp/results_28.02.2011/occt/release-sources-20110228/inc/Handle_IGESGraph_HighLight.hxx
+M IGESGraph:pubinclude:IGESGraph_HighLight.hxx /dn43/OCCT/tmp/results_28.02.2011/occt/release-sources-20110228/inc/IGESGraph_HighLight.hxx
+M IGESGraph:privinclude:IGESGraph_HighLight.jxx /dn43/OCCT/tmp/results_28.02.2011/occt/release-sources-20110228/drv/IGESGraph/IGESGraph_HighLight.jxx
+M IGESGraph:privinclude:IGESGraph_HighLight.ixx /dn43/OCCT/tmp/results_28.02.2011/occt/release-sources-20110228/drv/IGESGraph/IGESGraph_HighLight.ixx
+M IGESGraph:pubinclude:Handle_IGESGraph_Pick.hxx /dn43/OCCT/tmp/results_28.02.2011/occt/release-sources-20110228/inc/Handle_IGESGraph_Pick.hxx
+M IGESGraph:pubinclude:IGESGraph_Pick.hxx /dn43/OCCT/tmp/results_28.02.2011/occt/release-sources-20110228/inc/IGESGraph_Pick.hxx
+M IGESGraph:privinclude:IGESGraph_Pick.jxx /dn43/OCCT/tmp/results_28.02.2011/occt/release-sources-20110228/drv/IGESGraph/IGESGraph_Pick.jxx
+M IGESGraph:privinclude:IGESGraph_Pick.ixx /dn43/OCCT/tmp/results_28.02.2011/occt/release-sources-20110228/drv/IGESGraph/IGESGraph_Pick.ixx
+M IGESGraph:pubinclude:Handle_IGESGraph_UniformRectGrid.hxx /dn43/OCCT/tmp/results_28.02.2011/occt/release-sources-20110228/inc/Handle_IGESGraph_UniformRectGrid.hxx
+M IGESGraph:pubinclude:IGESGraph_UniformRectGrid.hxx /dn43/OCCT/tmp/results_28.02.2011/occt/release-sources-20110228/inc/IGESGraph_UniformRectGrid.hxx
+M IGESGraph:privinclude:IGESGraph_UniformRectGrid.jxx /dn43/OCCT/tmp/results_28.02.2011/occt/release-sources-20110228/drv/IGESGraph/IGESGraph_UniformRectGrid.jxx
+M IGESGraph:privinclude:IGESGraph_UniformRectGrid.ixx /dn43/OCCT/tmp/results_28.02.2011/occt/release-sources-20110228/drv/IGESGraph/IGESGraph_UniformRectGrid.ixx
+M IGESGraph:pubinclude:IGESGraph_ToolLineFontDefTemplate.hxx /dn43/OCCT/tmp/results_28.02.2011/occt/release-sources-20110228/inc/IGESGraph_ToolLineFontDefTemplate.hxx
+M IGESGraph:privinclude:IGESGraph_ToolLineFontDefTemplate.jxx /dn43/OCCT/tmp/results_28.02.2011/occt/release-sources-20110228/drv/IGESGraph/IGESGraph_ToolLineFontDefTemplate.jxx
+M IGESGraph:privinclude:IGESGraph_ToolLineFontDefTemplate.ixx /dn43/OCCT/tmp/results_28.02.2011/occt/release-sources-20110228/drv/IGESGraph/IGESGraph_ToolLineFontDefTemplate.ixx
+M IGESGraph:pubinclude:IGESGraph_ToolLineFontDefPattern.hxx /dn43/OCCT/tmp/results_28.02.2011/occt/release-sources-20110228/inc/IGESGraph_ToolLineFontDefPattern.hxx
+M IGESGraph:privinclude:IGESGraph_ToolLineFontDefPattern.jxx /dn43/OCCT/tmp/results_28.02.2011/occt/release-sources-20110228/drv/IGESGraph/IGESGraph_ToolLineFontDefPattern.jxx
+M IGESGraph:privinclude:IGESGraph_ToolLineFontDefPattern.ixx /dn43/OCCT/tmp/results_28.02.2011/occt/release-sources-20110228/drv/IGESGraph/IGESGraph_ToolLineFontDefPattern.ixx
+M IGESGraph:pubinclude:IGESGraph_ToolTextFontDef.hxx /dn43/OCCT/tmp/results_28.02.2011/occt/release-sources-20110228/inc/IGESGraph_ToolTextFontDef.hxx
+M IGESGraph:privinclude:IGESGraph_ToolTextFontDef.jxx /dn43/OCCT/tmp/results_28.02.2011/occt/release-sources-20110228/drv/IGESGraph/IGESGraph_ToolTextFontDef.jxx
+M IGESGraph:privinclude:IGESGraph_ToolTextFontDef.ixx /dn43/OCCT/tmp/results_28.02.2011/occt/release-sources-20110228/drv/IGESGraph/IGESGraph_ToolTextFontDef.ixx
+M IGESGraph:pubinclude:IGESGraph_ToolTextDisplayTemplate.hxx /dn43/OCCT/tmp/results_28.02.2011/occt/release-sources-20110228/inc/IGESGraph_ToolTextDisplayTemplate.hxx
+M IGESGraph:privinclude:IGESGraph_ToolTextDisplayTemplate.jxx /dn43/OCCT/tmp/results_28.02.2011/occt/release-sources-20110228/drv/IGESGraph/IGESGraph_ToolTextDisplayTemplate.jxx
+M IGESGraph:privinclude:IGESGraph_ToolTextDisplayTemplate.ixx /dn43/OCCT/tmp/results_28.02.2011/occt/release-sources-20110228/drv/IGESGraph/IGESGraph_ToolTextDisplayTemplate.ixx
+M IGESGraph:pubinclude:IGESGraph_ToolColor.hxx /dn43/OCCT/tmp/results_28.02.2011/occt/release-sources-20110228/inc/IGESGraph_ToolColor.hxx
+M IGESGraph:privinclude:IGESGraph_ToolColor.jxx /dn43/OCCT/tmp/results_28.02.2011/occt/release-sources-20110228/drv/IGESGraph/IGESGraph_ToolColor.jxx
+M IGESGraph:privinclude:IGESGraph_ToolColor.ixx /dn43/OCCT/tmp/results_28.02.2011/occt/release-sources-20110228/drv/IGESGraph/IGESGraph_ToolColor.ixx
+M IGESGraph:pubinclude:IGESGraph_ToolDefinitionLevel.hxx /dn43/OCCT/tmp/results_28.02.2011/occt/release-sources-20110228/inc/IGESGraph_ToolDefinitionLevel.hxx
+M IGESGraph:privinclude:IGESGraph_ToolDefinitionLevel.jxx /dn43/OCCT/tmp/results_28.02.2011/occt/release-sources-20110228/drv/IGESGraph/IGESGraph_ToolDefinitionLevel.jxx
+M IGESGraph:privinclude:IGESGraph_ToolDefinitionLevel.ixx /dn43/OCCT/tmp/results_28.02.2011/occt/release-sources-20110228/drv/IGESGraph/IGESGraph_ToolDefinitionLevel.ixx
+M IGESGraph:pubinclude:IGESGraph_ToolNominalSize.hxx /dn43/OCCT/tmp/results_28.02.2011/occt/release-sources-20110228/inc/IGESGraph_ToolNominalSize.hxx
+M IGESGraph:privinclude:IGESGraph_ToolNominalSize.jxx /dn43/OCCT/tmp/results_28.02.2011/occt/release-sources-20110228/drv/IGESGraph/IGESGraph_ToolNominalSize.jxx
+M IGESGraph:privinclude:IGESGraph_ToolNominalSize.ixx /dn43/OCCT/tmp/results_28.02.2011/occt/release-sources-20110228/drv/IGESGraph/IGESGraph_ToolNominalSize.ixx
+M IGESGraph:pubinclude:IGESGraph_ToolDrawingSize.hxx /dn43/OCCT/tmp/results_28.02.2011/occt/release-sources-20110228/inc/IGESGraph_ToolDrawingSize.hxx
+M IGESGraph:privinclude:IGESGraph_ToolDrawingSize.jxx /dn43/OCCT/tmp/results_28.02.2011/occt/release-sources-20110228/drv/IGESGraph/IGESGraph_ToolDrawingSize.jxx
+M IGESGraph:privinclude:IGESGraph_ToolDrawingSize.ixx /dn43/OCCT/tmp/results_28.02.2011/occt/release-sources-20110228/drv/IGESGraph/IGESGraph_ToolDrawingSize.ixx
+M IGESGraph:pubinclude:IGESGraph_ToolDrawingUnits.hxx /dn43/OCCT/tmp/results_28.02.2011/occt/release-sources-20110228/inc/IGESGraph_ToolDrawingUnits.hxx
+M IGESGraph:privinclude:IGESGraph_ToolDrawingUnits.jxx /dn43/OCCT/tmp/results_28.02.2011/occt/release-sources-20110228/drv/IGESGraph/IGESGraph_ToolDrawingUnits.jxx
+M IGESGraph:privinclude:IGESGraph_ToolDrawingUnits.ixx /dn43/OCCT/tmp/results_28.02.2011/occt/release-sources-20110228/drv/IGESGraph/IGESGraph_ToolDrawingUnits.ixx
+M IGESGraph:pubinclude:IGESGraph_ToolIntercharacterSpacing.hxx /dn43/OCCT/tmp/results_28.02.2011/occt/release-sources-20110228/inc/IGESGraph_ToolIntercharacterSpacing.hxx
+M IGESGraph:privinclude:IGESGraph_ToolIntercharacterSpacing.jxx /dn43/OCCT/tmp/results_28.02.2011/occt/release-sources-20110228/drv/IGESGraph/IGESGraph_ToolIntercharacterSpacing.jxx
+M IGESGraph:privinclude:IGESGraph_ToolIntercharacterSpacing.ixx /dn43/OCCT/tmp/results_28.02.2011/occt/release-sources-20110228/drv/IGESGraph/IGESGraph_ToolIntercharacterSpacing.ixx
+M IGESGraph:pubinclude:IGESGraph_ToolLineFontPredefined.hxx /dn43/OCCT/tmp/results_28.02.2011/occt/release-sources-20110228/inc/IGESGraph_ToolLineFontPredefined.hxx
+M IGESGraph:privinclude:IGESGraph_ToolLineFontPredefined.jxx /dn43/OCCT/tmp/results_28.02.2011/occt/release-sources-20110228/drv/IGESGraph/IGESGraph_ToolLineFontPredefined.jxx
+M IGESGraph:privinclude:IGESGraph_ToolLineFontPredefined.ixx /dn43/OCCT/tmp/results_28.02.2011/occt/release-sources-20110228/drv/IGESGraph/IGESGraph_ToolLineFontPredefined.ixx
+M IGESGraph:pubinclude:IGESGraph_ToolHighLight.hxx /dn43/OCCT/tmp/results_28.02.2011/occt/release-sources-20110228/inc/IGESGraph_ToolHighLight.hxx
+M IGESGraph:privinclude:IGESGraph_ToolHighLight.jxx /dn43/OCCT/tmp/results_28.02.2011/occt/release-sources-20110228/drv/IGESGraph/IGESGraph_ToolHighLight.jxx
+M IGESGraph:privinclude:IGESGraph_ToolHighLight.ixx /dn43/OCCT/tmp/results_28.02.2011/occt/release-sources-20110228/drv/IGESGraph/IGESGraph_ToolHighLight.ixx
+M IGESGraph:pubinclude:IGESGraph_ToolPick.hxx /dn43/OCCT/tmp/results_28.02.2011/occt/release-sources-20110228/inc/IGESGraph_ToolPick.hxx
+M IGESGraph:privinclude:IGESGraph_ToolPick.jxx /dn43/OCCT/tmp/results_28.02.2011/occt/release-sources-20110228/drv/IGESGraph/IGESGraph_ToolPick.jxx
+M IGESGraph:privinclude:IGESGraph_ToolPick.ixx /dn43/OCCT/tmp/results_28.02.2011/occt/release-sources-20110228/drv/IGESGraph/IGESGraph_ToolPick.ixx
+M IGESGraph:pubinclude:IGESGraph_ToolUniformRectGrid.hxx /dn43/OCCT/tmp/results_28.02.2011/occt/release-sources-20110228/inc/IGESGraph_ToolUniformRectGrid.hxx
+M IGESGraph:privinclude:IGESGraph_ToolUniformRectGrid.jxx /dn43/OCCT/tmp/results_28.02.2011/occt/release-sources-20110228/drv/IGESGraph/IGESGraph_ToolUniformRectGrid.jxx
+M IGESGraph:privinclude:IGESGraph_ToolUniformRectGrid.ixx /dn43/OCCT/tmp/results_28.02.2011/occt/release-sources-20110228/drv/IGESGraph/IGESGraph_ToolUniformRectGrid.ixx
+M IGESGraph:pubinclude:Handle_IGESGraph_Protocol.hxx /dn43/OCCT/tmp/results_28.02.2011/occt/release-sources-20110228/inc/Handle_IGESGraph_Protocol.hxx
+M IGESGraph:pubinclude:IGESGraph_Protocol.hxx /dn43/OCCT/tmp/results_28.02.2011/occt/release-sources-20110228/inc/IGESGraph_Protocol.hxx
+M IGESGraph:privinclude:IGESGraph_Protocol.jxx /dn43/OCCT/tmp/results_28.02.2011/occt/release-sources-20110228/drv/IGESGraph/IGESGraph_Protocol.jxx
+M IGESGraph:privinclude:IGESGraph_Protocol.ixx /dn43/OCCT/tmp/results_28.02.2011/occt/release-sources-20110228/drv/IGESGraph/IGESGraph_Protocol.ixx
+M IGESGraph:pubinclude:Handle_IGESGraph_ReadWriteModule.hxx /dn43/OCCT/tmp/results_28.02.2011/occt/release-sources-20110228/inc/Handle_IGESGraph_ReadWriteModule.hxx
+M IGESGraph:pubinclude:IGESGraph_ReadWriteModule.hxx /dn43/OCCT/tmp/results_28.02.2011/occt/release-sources-20110228/inc/IGESGraph_ReadWriteModule.hxx
+M IGESGraph:privinclude:IGESGraph_ReadWriteModule.jxx /dn43/OCCT/tmp/results_28.02.2011/occt/release-sources-20110228/drv/IGESGraph/IGESGraph_ReadWriteModule.jxx
+M IGESGraph:privinclude:IGESGraph_ReadWriteModule.ixx /dn43/OCCT/tmp/results_28.02.2011/occt/release-sources-20110228/drv/IGESGraph/IGESGraph_ReadWriteModule.ixx
+M IGESGraph:pubinclude:Handle_IGESGraph_GeneralModule.hxx /dn43/OCCT/tmp/results_28.02.2011/occt/release-sources-20110228/inc/Handle_IGESGraph_GeneralModule.hxx
+M IGESGraph:pubinclude:IGESGraph_GeneralModule.hxx /dn43/OCCT/tmp/results_28.02.2011/occt/release-sources-20110228/inc/IGESGraph_GeneralModule.hxx
+M IGESGraph:privinclude:IGESGraph_GeneralModule.jxx /dn43/OCCT/tmp/results_28.02.2011/occt/release-sources-20110228/drv/IGESGraph/IGESGraph_GeneralModule.jxx
+M IGESGraph:privinclude:IGESGraph_GeneralModule.ixx /dn43/OCCT/tmp/results_28.02.2011/occt/release-sources-20110228/drv/IGESGraph/IGESGraph_GeneralModule.ixx
+M IGESGraph:pubinclude:Handle_IGESGraph_SpecificModule.hxx /dn43/OCCT/tmp/results_28.02.2011/occt/release-sources-20110228/inc/Handle_IGESGraph_SpecificModule.hxx
+M IGESGraph:pubinclude:IGESGraph_SpecificModule.hxx /dn43/OCCT/tmp/results_28.02.2011/occt/release-sources-20110228/inc/IGESGraph_SpecificModule.hxx
+M IGESGraph:privinclude:IGESGraph_SpecificModule.jxx /dn43/OCCT/tmp/results_28.02.2011/occt/release-sources-20110228/drv/IGESGraph/IGESGraph_SpecificModule.jxx
+M IGESGraph:privinclude:IGESGraph_SpecificModule.ixx /dn43/OCCT/tmp/results_28.02.2011/occt/release-sources-20110228/drv/IGESGraph/IGESGraph_SpecificModule.ixx
+M IGESGraph:pubinclude:IGESGraph_Array1OfColor.hxx /dn43/OCCT/tmp/results_28.02.2011/occt/release-sources-20110228/inc/IGESGraph_Array1OfColor.hxx
+M IGESGraph:derivated:IGESGraph_Array1OfColor_0.cxx /dn43/OCCT/tmp/results_28.02.2011/occt/release-sources-20110228/drv/IGESGraph/IGESGraph_Array1OfColor_0.cxx
+M IGESGraph:pubinclude:IGESGraph_Array1OfTextDisplayTemplate.hxx /dn43/OCCT/tmp/results_28.02.2011/occt/release-sources-20110228/inc/IGESGraph_Array1OfTextDisplayTemplate.hxx
+M IGESGraph:derivated:IGESGraph_Array1OfTextDisplayTemplate_0.cxx /dn43/OCCT/tmp/results_28.02.2011/occt/release-sources-20110228/drv/IGESGraph/IGESGraph_Array1OfTextDisplayTemplate_0.cxx
+M IGESGraph:pubinclude:IGESGraph_Array1OfTextFontDef.hxx /dn43/OCCT/tmp/results_28.02.2011/occt/release-sources-20110228/inc/IGESGraph_Array1OfTextFontDef.hxx
+M IGESGraph:derivated:IGESGraph_Array1OfTextFontDef_0.cxx /dn43/OCCT/tmp/results_28.02.2011/occt/release-sources-20110228/drv/IGESGraph/IGESGraph_Array1OfTextFontDef_0.cxx
+M IGESGraph:pubinclude:Handle_IGESGraph_HArray1OfColor.hxx /dn43/OCCT/tmp/results_28.02.2011/occt/release-sources-20110228/inc/Handle_IGESGraph_HArray1OfColor.hxx
+M IGESGraph:pubinclude:IGESGraph_HArray1OfColor.hxx /dn43/OCCT/tmp/results_28.02.2011/occt/release-sources-20110228/inc/IGESGraph_HArray1OfColor.hxx
+M IGESGraph:derivated:IGESGraph_HArray1OfColor_0.cxx /dn43/OCCT/tmp/results_28.02.2011/occt/release-sources-20110228/drv/IGESGraph/IGESGraph_HArray1OfColor_0.cxx
+M IGESGraph:pubinclude:Handle_IGESGraph_HArray1OfTextDisplayTemplate.hxx /dn43/OCCT/tmp/results_28.02.2011/occt/release-sources-20110228/inc/Handle_IGESGraph_HArray1OfTextDisplayTemplate.hxx
+M IGESGraph:pubinclude:IGESGraph_HArray1OfTextDisplayTemplate.hxx /dn43/OCCT/tmp/results_28.02.2011/occt/release-sources-20110228/inc/IGESGraph_HArray1OfTextDisplayTemplate.hxx
+M IGESGraph:derivated:IGESGraph_HArray1OfTextDisplayTemplate_0.cxx /dn43/OCCT/tmp/results_28.02.2011/occt/release-sources-20110228/drv/IGESGraph/IGESGraph_HArray1OfTextDisplayTemplate_0.cxx
+M IGESGraph:pubinclude:Handle_IGESGraph_HArray1OfTextFontDef.hxx /dn43/OCCT/tmp/results_28.02.2011/occt/release-sources-20110228/inc/Handle_IGESGraph_HArray1OfTextFontDef.hxx
+M IGESGraph:pubinclude:IGESGraph_HArray1OfTextFontDef.hxx /dn43/OCCT/tmp/results_28.02.2011/occt/release-sources-20110228/inc/IGESGraph_HArray1OfTextFontDef.hxx
+M IGESGraph:derivated:IGESGraph_HArray1OfTextFontDef_0.cxx /dn43/OCCT/tmp/results_28.02.2011/occt/release-sources-20110228/drv/IGESGraph/IGESGraph_HArray1OfTextFontDef_0.cxx
+M IGESGraph:dbadmfile:IGESGraph_xcpp_header.In /dn43/OCCT/tmp/results_28.02.2011/occt/release-sources-20110228/drv/IGESGraph/.adm/IGESGraph_xcpp_header.In
+M IGESGraph:dbadmfile:IGESGraph_xcpp_header.Out /dn43/OCCT/tmp/results_28.02.2011/occt/release-sources-20110228/drv/IGESGraph/.adm/IGESGraph_xcpp_header.Out
+M IGESGraph:dbadmfile:IGESGraph_xcpp_header.Dep /dn43/OCCT/tmp/results_28.02.2011/occt/release-sources-20110228/drv/IGESGraph/.adm/IGESGraph_xcpp_header.Dep
