+M StlMesh:pubinclude:StlMesh.hxx /dn43/OCCT/tmp/results_31.05.2011/occt/release-sources-20110531/inc/StlMesh.hxx
+M StlMesh:privinclude:StlMesh.jxx /dn43/OCCT/tmp/results_31.05.2011/occt/release-sources-20110531/drv/StlMesh/StlMesh.jxx
+M StlMesh:privinclude:StlMesh.ixx /dn43/OCCT/tmp/results_31.05.2011/occt/release-sources-20110531/drv/StlMesh/StlMesh.ixx
+M StlMesh:pubinclude:Handle_StlMesh_Mesh.hxx /dn43/OCCT/tmp/results_31.05.2011/occt/release-sources-20110531/inc/Handle_StlMesh_Mesh.hxx
+M StlMesh:pubinclude:StlMesh_Mesh.hxx /dn43/OCCT/tmp/results_31.05.2011/occt/release-sources-20110531/inc/StlMesh_Mesh.hxx
+M StlMesh:privinclude:StlMesh_Mesh.jxx /dn43/OCCT/tmp/results_31.05.2011/occt/release-sources-20110531/drv/StlMesh/StlMesh_Mesh.jxx
+M StlMesh:privinclude:StlMesh_Mesh.ixx /dn43/OCCT/tmp/results_31.05.2011/occt/release-sources-20110531/drv/StlMesh/StlMesh_Mesh.ixx
+M StlMesh:pubinclude:StlMesh_MeshExplorer.hxx /dn43/OCCT/tmp/results_31.05.2011/occt/release-sources-20110531/inc/StlMesh_MeshExplorer.hxx
+M StlMesh:privinclude:StlMesh_MeshExplorer.jxx /dn43/OCCT/tmp/results_31.05.2011/occt/release-sources-20110531/drv/StlMesh/StlMesh_MeshExplorer.jxx
+M StlMesh:privinclude:StlMesh_MeshExplorer.ixx /dn43/OCCT/tmp/results_31.05.2011/occt/release-sources-20110531/drv/StlMesh/StlMesh_MeshExplorer.ixx
+M StlMesh:pubinclude:Handle_StlMesh_MeshDomain.hxx /dn43/OCCT/tmp/results_31.05.2011/occt/release-sources-20110531/inc/Handle_StlMesh_MeshDomain.hxx
+M StlMesh:pubinclude:StlMesh_MeshDomain.hxx /dn43/OCCT/tmp/results_31.05.2011/occt/release-sources-20110531/inc/StlMesh_MeshDomain.hxx
+M StlMesh:privinclude:StlMesh_MeshDomain.jxx /dn43/OCCT/tmp/results_31.05.2011/occt/release-sources-20110531/drv/StlMesh/StlMesh_MeshDomain.jxx
+M StlMesh:privinclude:StlMesh_MeshDomain.ixx /dn43/OCCT/tmp/results_31.05.2011/occt/release-sources-20110531/drv/StlMesh/StlMesh_MeshDomain.ixx
+M StlMesh:pubinclude:Handle_StlMesh_MeshTriangle.hxx /dn43/OCCT/tmp/results_31.05.2011/occt/release-sources-20110531/inc/Handle_StlMesh_MeshTriangle.hxx
+M StlMesh:pubinclude:StlMesh_MeshTriangle.hxx /dn43/OCCT/tmp/results_31.05.2011/occt/release-sources-20110531/inc/StlMesh_MeshTriangle.hxx
+M StlMesh:privinclude:StlMesh_MeshTriangle.jxx /dn43/OCCT/tmp/results_31.05.2011/occt/release-sources-20110531/drv/StlMesh/StlMesh_MeshTriangle.jxx
+M StlMesh:privinclude:StlMesh_MeshTriangle.ixx /dn43/OCCT/tmp/results_31.05.2011/occt/release-sources-20110531/drv/StlMesh/StlMesh_MeshTriangle.ixx
+M StlMesh:pubinclude:StlMesh_SequenceOfMeshDomain.hxx /dn43/OCCT/tmp/results_31.05.2011/occt/release-sources-20110531/inc/StlMesh_SequenceOfMeshDomain.hxx
+M StlMesh:derivated:StlMesh_SequenceOfMeshDomain_0.cxx /dn43/OCCT/tmp/results_31.05.2011/occt/release-sources-20110531/drv/StlMesh/StlMesh_SequenceOfMeshDomain_0.cxx
+M StlMesh:pubinclude:StlMesh_SequenceOfMeshTriangle.hxx /dn43/OCCT/tmp/results_31.05.2011/occt/release-sources-20110531/inc/StlMesh_SequenceOfMeshTriangle.hxx
+M StlMesh:derivated:StlMesh_SequenceOfMeshTriangle_0.cxx /dn43/OCCT/tmp/results_31.05.2011/occt/release-sources-20110531/drv/StlMesh/StlMesh_SequenceOfMeshTriangle_0.cxx
+M StlMesh:pubinclude:StlMesh_SequenceOfMesh.hxx /dn43/OCCT/tmp/results_31.05.2011/occt/release-sources-20110531/inc/StlMesh_SequenceOfMesh.hxx
+M StlMesh:derivated:StlMesh_SequenceOfMesh_0.cxx /dn43/OCCT/tmp/results_31.05.2011/occt/release-sources-20110531/drv/StlMesh/StlMesh_SequenceOfMesh_0.cxx
+M StlMesh:pubinclude:Handle_StlMesh_SequenceNodeOfSequenceOfMeshDomain.hxx /dn43/OCCT/tmp/results_31.05.2011/occt/release-sources-20110531/inc/Handle_StlMesh_SequenceNodeOfSequenceOfMeshDomain.hxx
+M StlMesh:pubinclude:StlMesh_SequenceNodeOfSequenceOfMeshDomain.hxx /dn43/OCCT/tmp/results_31.05.2011/occt/release-sources-20110531/inc/StlMesh_SequenceNodeOfSequenceOfMeshDomain.hxx
+M StlMesh:derivated:StlMesh_SequenceNodeOfSequenceOfMeshDomain_0.cxx /dn43/OCCT/tmp/results_31.05.2011/occt/release-sources-20110531/drv/StlMesh/StlMesh_SequenceNodeOfSequenceOfMeshDomain_0.cxx
+M StlMesh:pubinclude:Handle_StlMesh_SequenceNodeOfSequenceOfMeshTriangle.hxx /dn43/OCCT/tmp/results_31.05.2011/occt/release-sources-20110531/inc/Handle_StlMesh_SequenceNodeOfSequenceOfMeshTriangle.hxx
+M StlMesh:pubinclude:StlMesh_SequenceNodeOfSequenceOfMeshTriangle.hxx /dn43/OCCT/tmp/results_31.05.2011/occt/release-sources-20110531/inc/StlMesh_SequenceNodeOfSequenceOfMeshTriangle.hxx
+M StlMesh:derivated:StlMesh_SequenceNodeOfSequenceOfMeshTriangle_0.cxx /dn43/OCCT/tmp/results_31.05.2011/occt/release-sources-20110531/drv/StlMesh/StlMesh_SequenceNodeOfSequenceOfMeshTriangle_0.cxx
+M StlMesh:pubinclude:Handle_StlMesh_SequenceNodeOfSequenceOfMesh.hxx /dn43/OCCT/tmp/results_31.05.2011/occt/release-sources-20110531/inc/Handle_StlMesh_SequenceNodeOfSequenceOfMesh.hxx
+M StlMesh:pubinclude:StlMesh_SequenceNodeOfSequenceOfMesh.hxx /dn43/OCCT/tmp/results_31.05.2011/occt/release-sources-20110531/inc/StlMesh_SequenceNodeOfSequenceOfMesh.hxx
+M StlMesh:derivated:StlMesh_SequenceNodeOfSequenceOfMesh_0.cxx /dn43/OCCT/tmp/results_31.05.2011/occt/release-sources-20110531/drv/StlMesh/StlMesh_SequenceNodeOfSequenceOfMesh_0.cxx
+M StlMesh:dbadmfile:StlMesh_xcpp_header.In /dn43/OCCT/tmp/results_31.05.2011/occt/release-sources-20110531/drv/StlMesh/.adm/StlMesh_xcpp_header.In
+M StlMesh:dbadmfile:StlMesh_xcpp_header.Out /dn43/OCCT/tmp/results_31.05.2011/occt/release-sources-20110531/drv/StlMesh/.adm/StlMesh_xcpp_header.Out
+M StlMesh:dbadmfile:StlMesh_xcpp_header.Dep /dn43/OCCT/tmp/results_31.05.2011/occt/release-sources-20110531/drv/StlMesh/.adm/StlMesh_xcpp_header.Dep
