+M AIS2D:pubinclude:AIS2D.hxx /dn43/OCCT/tmp/results_31.05.2011/occt/release-sources-20110531/inc/AIS2D.hxx
+M AIS2D:privinclude:AIS2D.jxx /dn43/OCCT/tmp/results_31.05.2011/occt/release-sources-20110531/drv/AIS2D/AIS2D.jxx
+M AIS2D:privinclude:AIS2D.ixx /dn43/OCCT/tmp/results_31.05.2011/occt/release-sources-20110531/drv/AIS2D/AIS2D.ixx
+M AIS2D:pubinclude:Handle_AIS2D_InteractiveContext.hxx /dn43/OCCT/tmp/results_31.05.2011/occt/release-sources-20110531/inc/Handle_AIS2D_InteractiveContext.hxx
+M AIS2D:pubinclude:AIS2D_InteractiveContext.hxx /dn43/OCCT/tmp/results_31.05.2011/occt/release-sources-20110531/inc/AIS2D_InteractiveContext.hxx
+M AIS2D:privinclude:AIS2D_InteractiveContext.jxx /dn43/OCCT/tmp/results_31.05.2011/occt/release-sources-20110531/drv/AIS2D/AIS2D_InteractiveContext.jxx
+M AIS2D:privinclude:AIS2D_InteractiveContext.ixx /dn43/OCCT/tmp/results_31.05.2011/occt/release-sources-20110531/drv/AIS2D/AIS2D_InteractiveContext.ixx
+M AIS2D:pubinclude:Handle_AIS2D_InteractiveObject.hxx /dn43/OCCT/tmp/results_31.05.2011/occt/release-sources-20110531/inc/Handle_AIS2D_InteractiveObject.hxx
+M AIS2D:pubinclude:AIS2D_InteractiveObject.hxx /dn43/OCCT/tmp/results_31.05.2011/occt/release-sources-20110531/inc/AIS2D_InteractiveObject.hxx
+M AIS2D:privinclude:AIS2D_InteractiveObject.jxx /dn43/OCCT/tmp/results_31.05.2011/occt/release-sources-20110531/drv/AIS2D/AIS2D_InteractiveObject.jxx
+M AIS2D:privinclude:AIS2D_InteractiveObject.ixx /dn43/OCCT/tmp/results_31.05.2011/occt/release-sources-20110531/drv/AIS2D/AIS2D_InteractiveObject.ixx
+M AIS2D:pubinclude:Handle_AIS2D_ProjShape.hxx /dn43/OCCT/tmp/results_31.05.2011/occt/release-sources-20110531/inc/Handle_AIS2D_ProjShape.hxx
+M AIS2D:pubinclude:AIS2D_ProjShape.hxx /dn43/OCCT/tmp/results_31.05.2011/occt/release-sources-20110531/inc/AIS2D_ProjShape.hxx
+M AIS2D:privinclude:AIS2D_ProjShape.jxx /dn43/OCCT/tmp/results_31.05.2011/occt/release-sources-20110531/drv/AIS2D/AIS2D_ProjShape.jxx
+M AIS2D:privinclude:AIS2D_ProjShape.ixx /dn43/OCCT/tmp/results_31.05.2011/occt/release-sources-20110531/drv/AIS2D/AIS2D_ProjShape.ixx
+M AIS2D:pubinclude:Handle_AIS2D_LocalStatus.hxx /dn43/OCCT/tmp/results_31.05.2011/occt/release-sources-20110531/inc/Handle_AIS2D_LocalStatus.hxx
+M AIS2D:pubinclude:AIS2D_LocalStatus.hxx /dn43/OCCT/tmp/results_31.05.2011/occt/release-sources-20110531/inc/AIS2D_LocalStatus.hxx
+M AIS2D:privinclude:AIS2D_LocalStatus.jxx /dn43/OCCT/tmp/results_31.05.2011/occt/release-sources-20110531/drv/AIS2D/AIS2D_LocalStatus.jxx
+M AIS2D:privinclude:AIS2D_LocalStatus.ixx /dn43/OCCT/tmp/results_31.05.2011/occt/release-sources-20110531/drv/AIS2D/AIS2D_LocalStatus.ixx
+M AIS2D:pubinclude:Handle_AIS2D_GlobalStatus.hxx /dn43/OCCT/tmp/results_31.05.2011/occt/release-sources-20110531/inc/Handle_AIS2D_GlobalStatus.hxx
+M AIS2D:pubinclude:AIS2D_GlobalStatus.hxx /dn43/OCCT/tmp/results_31.05.2011/occt/release-sources-20110531/inc/AIS2D_GlobalStatus.hxx
+M AIS2D:privinclude:AIS2D_GlobalStatus.jxx /dn43/OCCT/tmp/results_31.05.2011/occt/release-sources-20110531/drv/AIS2D/AIS2D_GlobalStatus.jxx
+M AIS2D:privinclude:AIS2D_GlobalStatus.ixx /dn43/OCCT/tmp/results_31.05.2011/occt/release-sources-20110531/drv/AIS2D/AIS2D_GlobalStatus.ixx
+M AIS2D:pubinclude:Handle_AIS2D_LocalContext.hxx /dn43/OCCT/tmp/results_31.05.2011/occt/release-sources-20110531/inc/Handle_AIS2D_LocalContext.hxx
+M AIS2D:pubinclude:AIS2D_LocalContext.hxx /dn43/OCCT/tmp/results_31.05.2011/occt/release-sources-20110531/inc/AIS2D_LocalContext.hxx
+M AIS2D:privinclude:AIS2D_LocalContext.jxx /dn43/OCCT/tmp/results_31.05.2011/occt/release-sources-20110531/drv/AIS2D/AIS2D_LocalContext.jxx
+M AIS2D:privinclude:AIS2D_LocalContext.ixx /dn43/OCCT/tmp/results_31.05.2011/occt/release-sources-20110531/drv/AIS2D/AIS2D_LocalContext.ixx
+M AIS2D:pubinclude:Handle_AIS2D_PrimitiveArchit.hxx /dn43/OCCT/tmp/results_31.05.2011/occt/release-sources-20110531/inc/Handle_AIS2D_PrimitiveArchit.hxx
+M AIS2D:pubinclude:AIS2D_PrimitiveArchit.hxx /dn43/OCCT/tmp/results_31.05.2011/occt/release-sources-20110531/inc/AIS2D_PrimitiveArchit.hxx
+M AIS2D:privinclude:AIS2D_PrimitiveArchit.jxx /dn43/OCCT/tmp/results_31.05.2011/occt/release-sources-20110531/drv/AIS2D/AIS2D_PrimitiveArchit.jxx
+M AIS2D:privinclude:AIS2D_PrimitiveArchit.ixx /dn43/OCCT/tmp/results_31.05.2011/occt/release-sources-20110531/drv/AIS2D/AIS2D_PrimitiveArchit.ixx
+M AIS2D:pubinclude:AIS2D_SequenceOfIO.hxx /dn43/OCCT/tmp/results_31.05.2011/occt/release-sources-20110531/inc/AIS2D_SequenceOfIO.hxx
+M AIS2D:derivated:AIS2D_SequenceOfIO_0.cxx /dn43/OCCT/tmp/results_31.05.2011/occt/release-sources-20110531/drv/AIS2D/AIS2D_SequenceOfIO_0.cxx
+M AIS2D:pubinclude:Handle_AIS2D_HSequenceOfIO.hxx /dn43/OCCT/tmp/results_31.05.2011/occt/release-sources-20110531/inc/Handle_AIS2D_HSequenceOfIO.hxx
+M AIS2D:pubinclude:AIS2D_HSequenceOfIO.hxx /dn43/OCCT/tmp/results_31.05.2011/occt/release-sources-20110531/inc/AIS2D_HSequenceOfIO.hxx
+M AIS2D:derivated:AIS2D_HSequenceOfIO_0.cxx /dn43/OCCT/tmp/results_31.05.2011/occt/release-sources-20110531/drv/AIS2D/AIS2D_HSequenceOfIO_0.cxx
+M AIS2D:pubinclude:AIS2D_SequenceOfPrimArchit.hxx /dn43/OCCT/tmp/results_31.05.2011/occt/release-sources-20110531/inc/AIS2D_SequenceOfPrimArchit.hxx
+M AIS2D:derivated:AIS2D_SequenceOfPrimArchit_0.cxx /dn43/OCCT/tmp/results_31.05.2011/occt/release-sources-20110531/drv/AIS2D/AIS2D_SequenceOfPrimArchit_0.cxx
+M AIS2D:pubinclude:Handle_AIS2D_HSequenceOfPrimArchit.hxx /dn43/OCCT/tmp/results_31.05.2011/occt/release-sources-20110531/inc/Handle_AIS2D_HSequenceOfPrimArchit.hxx
+M AIS2D:pubinclude:AIS2D_HSequenceOfPrimArchit.hxx /dn43/OCCT/tmp/results_31.05.2011/occt/release-sources-20110531/inc/AIS2D_HSequenceOfPrimArchit.hxx
+M AIS2D:derivated:AIS2D_HSequenceOfPrimArchit_0.cxx /dn43/OCCT/tmp/results_31.05.2011/occt/release-sources-20110531/drv/AIS2D/AIS2D_HSequenceOfPrimArchit_0.cxx
+M AIS2D:pubinclude:AIS2D_DataMapOfIOStatus.hxx /dn43/OCCT/tmp/results_31.05.2011/occt/release-sources-20110531/inc/AIS2D_DataMapOfIOStatus.hxx
+M AIS2D:derivated:AIS2D_DataMapOfIOStatus_0.cxx /dn43/OCCT/tmp/results_31.05.2011/occt/release-sources-20110531/drv/AIS2D/AIS2D_DataMapOfIOStatus_0.cxx
+M AIS2D:pubinclude:AIS2D_ListOfIO.hxx /dn43/OCCT/tmp/results_31.05.2011/occt/release-sources-20110531/inc/AIS2D_ListOfIO.hxx
+M AIS2D:derivated:AIS2D_ListOfIO_0.cxx /dn43/OCCT/tmp/results_31.05.2011/occt/release-sources-20110531/drv/AIS2D/AIS2D_ListOfIO_0.cxx
+M AIS2D:pubinclude:AIS2D_DataMapOfPrimAspects.hxx /dn43/OCCT/tmp/results_31.05.2011/occt/release-sources-20110531/inc/AIS2D_DataMapOfPrimAspects.hxx
+M AIS2D:derivated:AIS2D_DataMapOfPrimAspects_0.cxx /dn43/OCCT/tmp/results_31.05.2011/occt/release-sources-20110531/drv/AIS2D/AIS2D_DataMapOfPrimAspects_0.cxx
+M AIS2D:pubinclude:AIS2D_DataMapOfLC.hxx /dn43/OCCT/tmp/results_31.05.2011/occt/release-sources-20110531/inc/AIS2D_DataMapOfLC.hxx
+M AIS2D:derivated:AIS2D_DataMapOfLC_0.cxx /dn43/OCCT/tmp/results_31.05.2011/occt/release-sources-20110531/drv/AIS2D/AIS2D_DataMapOfLC_0.cxx
+M AIS2D:pubinclude:AIS2D_DataMapOfLocStat.hxx /dn43/OCCT/tmp/results_31.05.2011/occt/release-sources-20110531/inc/AIS2D_DataMapOfLocStat.hxx
+M AIS2D:derivated:AIS2D_DataMapOfLocStat_0.cxx /dn43/OCCT/tmp/results_31.05.2011/occt/release-sources-20110531/drv/AIS2D/AIS2D_DataMapOfLocStat_0.cxx
+M AIS2D:pubinclude:Handle_AIS2D_SequenceNodeOfSequenceOfIO.hxx /dn43/OCCT/tmp/results_31.05.2011/occt/release-sources-20110531/inc/Handle_AIS2D_SequenceNodeOfSequenceOfIO.hxx
+M AIS2D:pubinclude:AIS2D_SequenceNodeOfSequenceOfIO.hxx /dn43/OCCT/tmp/results_31.05.2011/occt/release-sources-20110531/inc/AIS2D_SequenceNodeOfSequenceOfIO.hxx
+M AIS2D:derivated:AIS2D_SequenceNodeOfSequenceOfIO_0.cxx /dn43/OCCT/tmp/results_31.05.2011/occt/release-sources-20110531/drv/AIS2D/AIS2D_SequenceNodeOfSequenceOfIO_0.cxx
+M AIS2D:pubinclude:Handle_AIS2D_SequenceNodeOfSequenceOfPrimArchit.hxx /dn43/OCCT/tmp/results_31.05.2011/occt/release-sources-20110531/inc/Handle_AIS2D_SequenceNodeOfSequenceOfPrimArchit.hxx
+M AIS2D:pubinclude:AIS2D_SequenceNodeOfSequenceOfPrimArchit.hxx /dn43/OCCT/tmp/results_31.05.2011/occt/release-sources-20110531/inc/AIS2D_SequenceNodeOfSequenceOfPrimArchit.hxx
+M AIS2D:derivated:AIS2D_SequenceNodeOfSequenceOfPrimArchit_0.cxx /dn43/OCCT/tmp/results_31.05.2011/occt/release-sources-20110531/drv/AIS2D/AIS2D_SequenceNodeOfSequenceOfPrimArchit_0.cxx
+M AIS2D:pubinclude:Handle_AIS2D_DataMapNodeOfDataMapOfIOStatus.hxx /dn43/OCCT/tmp/results_31.05.2011/occt/release-sources-20110531/inc/Handle_AIS2D_DataMapNodeOfDataMapOfIOStatus.hxx
+M AIS2D:pubinclude:AIS2D_DataMapNodeOfDataMapOfIOStatus.hxx /dn43/OCCT/tmp/results_31.05.2011/occt/release-sources-20110531/inc/AIS2D_DataMapNodeOfDataMapOfIOStatus.hxx
+M AIS2D:derivated:AIS2D_DataMapNodeOfDataMapOfIOStatus_0.cxx /dn43/OCCT/tmp/results_31.05.2011/occt/release-sources-20110531/drv/AIS2D/AIS2D_DataMapNodeOfDataMapOfIOStatus_0.cxx
+M AIS2D:pubinclude:AIS2D_DataMapIteratorOfDataMapOfIOStatus.hxx /dn43/OCCT/tmp/results_31.05.2011/occt/release-sources-20110531/inc/AIS2D_DataMapIteratorOfDataMapOfIOStatus.hxx
+M AIS2D:derivated:AIS2D_DataMapIteratorOfDataMapOfIOStatus_0.cxx /dn43/OCCT/tmp/results_31.05.2011/occt/release-sources-20110531/drv/AIS2D/AIS2D_DataMapIteratorOfDataMapOfIOStatus_0.cxx
+M AIS2D:pubinclude:Handle_AIS2D_ListNodeOfListOfIO.hxx /dn43/OCCT/tmp/results_31.05.2011/occt/release-sources-20110531/inc/Handle_AIS2D_ListNodeOfListOfIO.hxx
+M AIS2D:pubinclude:AIS2D_ListNodeOfListOfIO.hxx /dn43/OCCT/tmp/results_31.05.2011/occt/release-sources-20110531/inc/AIS2D_ListNodeOfListOfIO.hxx
+M AIS2D:derivated:AIS2D_ListNodeOfListOfIO_0.cxx /dn43/OCCT/tmp/results_31.05.2011/occt/release-sources-20110531/drv/AIS2D/AIS2D_ListNodeOfListOfIO_0.cxx
+M AIS2D:pubinclude:AIS2D_ListIteratorOfListOfIO.hxx /dn43/OCCT/tmp/results_31.05.2011/occt/release-sources-20110531/inc/AIS2D_ListIteratorOfListOfIO.hxx
+M AIS2D:derivated:AIS2D_ListIteratorOfListOfIO_0.cxx /dn43/OCCT/tmp/results_31.05.2011/occt/release-sources-20110531/drv/AIS2D/AIS2D_ListIteratorOfListOfIO_0.cxx
+M AIS2D:pubinclude:Handle_AIS2D_DataMapNodeOfDataMapOfPrimAspects.hxx /dn43/OCCT/tmp/results_31.05.2011/occt/release-sources-20110531/inc/Handle_AIS2D_DataMapNodeOfDataMapOfPrimAspects.hxx
+M AIS2D:pubinclude:AIS2D_DataMapNodeOfDataMapOfPrimAspects.hxx /dn43/OCCT/tmp/results_31.05.2011/occt/release-sources-20110531/inc/AIS2D_DataMapNodeOfDataMapOfPrimAspects.hxx
+M AIS2D:derivated:AIS2D_DataMapNodeOfDataMapOfPrimAspects_0.cxx /dn43/OCCT/tmp/results_31.05.2011/occt/release-sources-20110531/drv/AIS2D/AIS2D_DataMapNodeOfDataMapOfPrimAspects_0.cxx
+M AIS2D:pubinclude:AIS2D_DataMapIteratorOfDataMapOfPrimAspects.hxx /dn43/OCCT/tmp/results_31.05.2011/occt/release-sources-20110531/inc/AIS2D_DataMapIteratorOfDataMapOfPrimAspects.hxx
+M AIS2D:derivated:AIS2D_DataMapIteratorOfDataMapOfPrimAspects_0.cxx /dn43/OCCT/tmp/results_31.05.2011/occt/release-sources-20110531/drv/AIS2D/AIS2D_DataMapIteratorOfDataMapOfPrimAspects_0.cxx
+M AIS2D:pubinclude:Handle_AIS2D_DataMapNodeOfDataMapOfLC.hxx /dn43/OCCT/tmp/results_31.05.2011/occt/release-sources-20110531/inc/Handle_AIS2D_DataMapNodeOfDataMapOfLC.hxx
+M AIS2D:pubinclude:AIS2D_DataMapNodeOfDataMapOfLC.hxx /dn43/OCCT/tmp/results_31.05.2011/occt/release-sources-20110531/inc/AIS2D_DataMapNodeOfDataMapOfLC.hxx
+M AIS2D:derivated:AIS2D_DataMapNodeOfDataMapOfLC_0.cxx /dn43/OCCT/tmp/results_31.05.2011/occt/release-sources-20110531/drv/AIS2D/AIS2D_DataMapNodeOfDataMapOfLC_0.cxx
+M AIS2D:pubinclude:AIS2D_DataMapIteratorOfDataMapOfLC.hxx /dn43/OCCT/tmp/results_31.05.2011/occt/release-sources-20110531/inc/AIS2D_DataMapIteratorOfDataMapOfLC.hxx
+M AIS2D:derivated:AIS2D_DataMapIteratorOfDataMapOfLC_0.cxx /dn43/OCCT/tmp/results_31.05.2011/occt/release-sources-20110531/drv/AIS2D/AIS2D_DataMapIteratorOfDataMapOfLC_0.cxx
+M AIS2D:pubinclude:Handle_AIS2D_DataMapNodeOfDataMapOfLocStat.hxx /dn43/OCCT/tmp/results_31.05.2011/occt/release-sources-20110531/inc/Handle_AIS2D_DataMapNodeOfDataMapOfLocStat.hxx
+M AIS2D:pubinclude:AIS2D_DataMapNodeOfDataMapOfLocStat.hxx /dn43/OCCT/tmp/results_31.05.2011/occt/release-sources-20110531/inc/AIS2D_DataMapNodeOfDataMapOfLocStat.hxx
+M AIS2D:derivated:AIS2D_DataMapNodeOfDataMapOfLocStat_0.cxx /dn43/OCCT/tmp/results_31.05.2011/occt/release-sources-20110531/drv/AIS2D/AIS2D_DataMapNodeOfDataMapOfLocStat_0.cxx
+M AIS2D:pubinclude:AIS2D_DataMapIteratorOfDataMapOfLocStat.hxx /dn43/OCCT/tmp/results_31.05.2011/occt/release-sources-20110531/inc/AIS2D_DataMapIteratorOfDataMapOfLocStat.hxx
+M AIS2D:derivated:AIS2D_DataMapIteratorOfDataMapOfLocStat_0.cxx /dn43/OCCT/tmp/results_31.05.2011/occt/release-sources-20110531/drv/AIS2D/AIS2D_DataMapIteratorOfDataMapOfLocStat_0.cxx
+M AIS2D:pubinclude:AIS2D_KindOfIO.hxx /dn43/OCCT/tmp/results_31.05.2011/occt/release-sources-20110531/inc/AIS2D_KindOfIO.hxx
+M AIS2D:pubinclude:AIS2D_KindOfDimension.hxx /dn43/OCCT/tmp/results_31.05.2011/occt/release-sources-20110531/inc/AIS2D_KindOfDimension.hxx
+M AIS2D:pubinclude:AIS2D_KindOfPrimitive.hxx /dn43/OCCT/tmp/results_31.05.2011/occt/release-sources-20110531/inc/AIS2D_KindOfPrimitive.hxx
+M AIS2D:pubinclude:AIS2D_TypeOfAxis.hxx /dn43/OCCT/tmp/results_31.05.2011/occt/release-sources-20110531/inc/AIS2D_TypeOfAxis.hxx
+M AIS2D:pubinclude:AIS2D_DisplayStatus.hxx /dn43/OCCT/tmp/results_31.05.2011/occt/release-sources-20110531/inc/AIS2D_DisplayStatus.hxx
+M AIS2D:pubinclude:AIS2D_SelectStatus.hxx /dn43/OCCT/tmp/results_31.05.2011/occt/release-sources-20110531/inc/AIS2D_SelectStatus.hxx
+M AIS2D:pubinclude:AIS2D_StatusOfPick.hxx /dn43/OCCT/tmp/results_31.05.2011/occt/release-sources-20110531/inc/AIS2D_StatusOfPick.hxx
+M AIS2D:pubinclude:AIS2D_StatusOfDetection.hxx /dn43/OCCT/tmp/results_31.05.2011/occt/release-sources-20110531/inc/AIS2D_StatusOfDetection.hxx
+M AIS2D:pubinclude:AIS2D_TypeOfDetection.hxx /dn43/OCCT/tmp/results_31.05.2011/occt/release-sources-20110531/inc/AIS2D_TypeOfDetection.hxx
+M AIS2D:pubinclude:AIS2D_ClearMode.hxx /dn43/OCCT/tmp/results_31.05.2011/occt/release-sources-20110531/inc/AIS2D_ClearMode.hxx
+M AIS2D:pubinclude:AIS2D_PToListOfInt.hxx /dn43/OCCT/tmp/results_31.05.2011/occt/release-sources-20110531/inc/AIS2D_PToListOfInt.hxx
+M AIS2D:dbadmfile:AIS2D_xcpp_header.In /dn43/OCCT/tmp/results_31.05.2011/occt/release-sources-20110531/drv/AIS2D/.adm/AIS2D_xcpp_header.In
+M AIS2D:dbadmfile:AIS2D_xcpp_header.Out /dn43/OCCT/tmp/results_31.05.2011/occt/release-sources-20110531/drv/AIS2D/.adm/AIS2D_xcpp_header.Out
+M AIS2D:dbadmfile:AIS2D_xcpp_header.Dep /dn43/OCCT/tmp/results_31.05.2011/occt/release-sources-20110531/drv/AIS2D/.adm/AIS2D_xcpp_header.Dep
