+M Resource:pubinclude:Resource_DataMapOfAsciiStringAsciiString.hxx /dn43/OCCT/tmp/results_30.09.2011/occt/release-sources-20110930/inc/Resource_DataMapOfAsciiStringAsciiString.hxx
+M Resource:derivated:Resource_DataMapOfAsciiStringAsciiString_0.cxx /dn43/OCCT/tmp/results_30.09.2011/occt/release-sources-20110930/drv/Resource/Resource_DataMapOfAsciiStringAsciiString_0.cxx
+M Resource:pubinclude:Resource_DataMapOfAsciiStringExtendedString.hxx /dn43/OCCT/tmp/results_30.09.2011/occt/release-sources-20110930/inc/Resource_DataMapOfAsciiStringExtendedString.hxx
+M Resource:derivated:Resource_DataMapOfAsciiStringExtendedString_0.cxx /dn43/OCCT/tmp/results_30.09.2011/occt/release-sources-20110930/drv/Resource/Resource_DataMapOfAsciiStringExtendedString_0.cxx
+M Resource:pubinclude:Resource_QuickSortOfArray1.hxx /dn43/OCCT/tmp/results_30.09.2011/occt/release-sources-20110930/inc/Resource_QuickSortOfArray1.hxx
+M Resource:derivated:Resource_QuickSortOfArray1_0.cxx /dn43/OCCT/tmp/results_30.09.2011/occt/release-sources-20110930/drv/Resource/Resource_QuickSortOfArray1_0.cxx
+M Resource:pubinclude:Resource_LexicalCompare.hxx /dn43/OCCT/tmp/results_30.09.2011/occt/release-sources-20110930/inc/Resource_LexicalCompare.hxx
+M Resource:privinclude:Resource_LexicalCompare.jxx /dn43/OCCT/tmp/results_30.09.2011/occt/release-sources-20110930/drv/Resource/Resource_LexicalCompare.jxx
+M Resource:privinclude:Resource_LexicalCompare.ixx /dn43/OCCT/tmp/results_30.09.2011/occt/release-sources-20110930/drv/Resource/Resource_LexicalCompare.ixx
+M Resource:pubinclude:Handle_Resource_Manager.hxx /dn43/OCCT/tmp/results_30.09.2011/occt/release-sources-20110930/inc/Handle_Resource_Manager.hxx
+M Resource:pubinclude:Resource_Manager.hxx /dn43/OCCT/tmp/results_30.09.2011/occt/release-sources-20110930/inc/Resource_Manager.hxx
+M Resource:privinclude:Resource_Manager.jxx /dn43/OCCT/tmp/results_30.09.2011/occt/release-sources-20110930/drv/Resource/Resource_Manager.jxx
+M Resource:privinclude:Resource_Manager.ixx /dn43/OCCT/tmp/results_30.09.2011/occt/release-sources-20110930/drv/Resource/Resource_Manager.ixx
+M Resource:pubinclude:Resource_Unicode.hxx /dn43/OCCT/tmp/results_30.09.2011/occt/release-sources-20110930/inc/Resource_Unicode.hxx
+M Resource:privinclude:Resource_Unicode.jxx /dn43/OCCT/tmp/results_30.09.2011/occt/release-sources-20110930/drv/Resource/Resource_Unicode.jxx
+M Resource:privinclude:Resource_Unicode.ixx /dn43/OCCT/tmp/results_30.09.2011/occt/release-sources-20110930/drv/Resource/Resource_Unicode.ixx
+M Resource:pubinclude:Handle_Resource_DataMapNodeOfDataMapOfAsciiStringAsciiString.hxx /dn43/OCCT/tmp/results_30.09.2011/occt/release-sources-20110930/inc/Handle_Resource_DataMapNodeOfDataMapOfAsciiStringAsciiString.hxx
+M Resource:pubinclude:Resource_DataMapNodeOfDataMapOfAsciiStringAsciiString.hxx /dn43/OCCT/tmp/results_30.09.2011/occt/release-sources-20110930/inc/Resource_DataMapNodeOfDataMapOfAsciiStringAsciiString.hxx
+M Resource:derivated:Resource_DataMapNodeOfDataMapOfAsciiStringAsciiString_0.cxx /dn43/OCCT/tmp/results_30.09.2011/occt/release-sources-20110930/drv/Resource/Resource_DataMapNodeOfDataMapOfAsciiStringAsciiString_0.cxx
+M Resource:pubinclude:Resource_DataMapIteratorOfDataMapOfAsciiStringAsciiString.hxx /dn43/OCCT/tmp/results_30.09.2011/occt/release-sources-20110930/inc/Resource_DataMapIteratorOfDataMapOfAsciiStringAsciiString.hxx
+M Resource:derivated:Resource_DataMapIteratorOfDataMapOfAsciiStringAsciiString_0.cxx /dn43/OCCT/tmp/results_30.09.2011/occt/release-sources-20110930/drv/Resource/Resource_DataMapIteratorOfDataMapOfAsciiStringAsciiString_0.cxx
+M Resource:pubinclude:Handle_Resource_DataMapNodeOfDataMapOfAsciiStringExtendedString.hxx /dn43/OCCT/tmp/results_30.09.2011/occt/release-sources-20110930/inc/Handle_Resource_DataMapNodeOfDataMapOfAsciiStringExtendedString.hxx
+M Resource:pubinclude:Resource_DataMapNodeOfDataMapOfAsciiStringExtendedString.hxx /dn43/OCCT/tmp/results_30.09.2011/occt/release-sources-20110930/inc/Resource_DataMapNodeOfDataMapOfAsciiStringExtendedString.hxx
+M Resource:derivated:Resource_DataMapNodeOfDataMapOfAsciiStringExtendedString_0.cxx /dn43/OCCT/tmp/results_30.09.2011/occt/release-sources-20110930/drv/Resource/Resource_DataMapNodeOfDataMapOfAsciiStringExtendedString_0.cxx
+M Resource:pubinclude:Resource_DataMapIteratorOfDataMapOfAsciiStringExtendedString.hxx /dn43/OCCT/tmp/results_30.09.2011/occt/release-sources-20110930/inc/Resource_DataMapIteratorOfDataMapOfAsciiStringExtendedString.hxx
+M Resource:derivated:Resource_DataMapIteratorOfDataMapOfAsciiStringExtendedString_0.cxx /dn43/OCCT/tmp/results_30.09.2011/occt/release-sources-20110930/drv/Resource/Resource_DataMapIteratorOfDataMapOfAsciiStringExtendedString_0.cxx
+M Resource:pubinclude:Handle_Resource_NoSuchResource.hxx /dn43/OCCT/tmp/results_30.09.2011/occt/release-sources-20110930/inc/Handle_Resource_NoSuchResource.hxx
+M Resource:pubinclude:Resource_NoSuchResource.hxx /dn43/OCCT/tmp/results_30.09.2011/occt/release-sources-20110930/inc/Resource_NoSuchResource.hxx
+M Resource:derivated:Resource_NoSuchResource_0.cxx /dn43/OCCT/tmp/results_30.09.2011/occt/release-sources-20110930/drv/Resource/Resource_NoSuchResource_0.cxx
+M Resource:pubinclude:Resource_FormatType.hxx /dn43/OCCT/tmp/results_30.09.2011/occt/release-sources-20110930/inc/Resource_FormatType.hxx
+M Resource:dbadmfile:Resource_xcpp_header.In /dn43/OCCT/tmp/results_30.09.2011/occt/release-sources-20110930/drv/Resource/.adm/Resource_xcpp_header.In
+M Resource:dbadmfile:Resource_xcpp_header.Out /dn43/OCCT/tmp/results_30.09.2011/occt/release-sources-20110930/drv/Resource/.adm/Resource_xcpp_header.Out
+M Resource:dbadmfile:Resource_xcpp_header.Dep /dn43/OCCT/tmp/results_30.09.2011/occt/release-sources-20110930/drv/Resource/.adm/Resource_xcpp_header.Dep
