+M StepSelect:pubinclude:Handle_StepSelect_StepType.hxx /dn43/OCCT/tmp/results_28.02.2011/occt/release-sources-20110228/inc/Handle_StepSelect_StepType.hxx
+M StepSelect:pubinclude:StepSelect_StepType.hxx /dn43/OCCT/tmp/results_28.02.2011/occt/release-sources-20110228/inc/StepSelect_StepType.hxx
+M StepSelect:privinclude:StepSelect_StepType.jxx /dn43/OCCT/tmp/results_28.02.2011/occt/release-sources-20110228/drv/StepSelect/StepSelect_StepType.jxx
+M StepSelect:privinclude:StepSelect_StepType.ixx /dn43/OCCT/tmp/results_28.02.2011/occt/release-sources-20110228/drv/StepSelect/StepSelect_StepType.ixx
+M StepSelect:pubinclude:Handle_StepSelect_ModelModifier.hxx /dn43/OCCT/tmp/results_28.02.2011/occt/release-sources-20110228/inc/Handle_StepSelect_ModelModifier.hxx
+M StepSelect:pubinclude:StepSelect_ModelModifier.hxx /dn43/OCCT/tmp/results_28.02.2011/occt/release-sources-20110228/inc/StepSelect_ModelModifier.hxx
+M StepSelect:derivated:StepSelect_ModelModifier_0.cxx /dn43/OCCT/tmp/results_28.02.2011/occt/release-sources-20110228/drv/StepSelect/StepSelect_ModelModifier_0.cxx
+M StepSelect:pubinclude:Handle_StepSelect_FileModifier.hxx /dn43/OCCT/tmp/results_28.02.2011/occt/release-sources-20110228/inc/Handle_StepSelect_FileModifier.hxx
+M StepSelect:pubinclude:StepSelect_FileModifier.hxx /dn43/OCCT/tmp/results_28.02.2011/occt/release-sources-20110228/inc/StepSelect_FileModifier.hxx
+M StepSelect:derivated:StepSelect_FileModifier_0.cxx /dn43/OCCT/tmp/results_28.02.2011/occt/release-sources-20110228/drv/StepSelect/StepSelect_FileModifier_0.cxx
+M StepSelect:pubinclude:Handle_StepSelect_FloatFormat.hxx /dn43/OCCT/tmp/results_28.02.2011/occt/release-sources-20110228/inc/Handle_StepSelect_FloatFormat.hxx
+M StepSelect:pubinclude:StepSelect_FloatFormat.hxx /dn43/OCCT/tmp/results_28.02.2011/occt/release-sources-20110228/inc/StepSelect_FloatFormat.hxx
+M StepSelect:privinclude:StepSelect_FloatFormat.jxx /dn43/OCCT/tmp/results_28.02.2011/occt/release-sources-20110228/drv/StepSelect/StepSelect_FloatFormat.jxx
+M StepSelect:privinclude:StepSelect_FloatFormat.ixx /dn43/OCCT/tmp/results_28.02.2011/occt/release-sources-20110228/drv/StepSelect/StepSelect_FloatFormat.ixx
+M StepSelect:pubinclude:Handle_StepSelect_WorkLibrary.hxx /dn43/OCCT/tmp/results_28.02.2011/occt/release-sources-20110228/inc/Handle_StepSelect_WorkLibrary.hxx
+M StepSelect:pubinclude:StepSelect_WorkLibrary.hxx /dn43/OCCT/tmp/results_28.02.2011/occt/release-sources-20110228/inc/StepSelect_WorkLibrary.hxx
+M StepSelect:privinclude:StepSelect_WorkLibrary.jxx /dn43/OCCT/tmp/results_28.02.2011/occt/release-sources-20110228/drv/StepSelect/StepSelect_WorkLibrary.jxx
+M StepSelect:privinclude:StepSelect_WorkLibrary.ixx /dn43/OCCT/tmp/results_28.02.2011/occt/release-sources-20110228/drv/StepSelect/StepSelect_WorkLibrary.ixx
+M StepSelect:pubinclude:Handle_StepSelect_Activator.hxx /dn43/OCCT/tmp/results_28.02.2011/occt/release-sources-20110228/inc/Handle_StepSelect_Activator.hxx
+M StepSelect:pubinclude:StepSelect_Activator.hxx /dn43/OCCT/tmp/results_28.02.2011/occt/release-sources-20110228/inc/StepSelect_Activator.hxx
+M StepSelect:privinclude:StepSelect_Activator.jxx /dn43/OCCT/tmp/results_28.02.2011/occt/release-sources-20110228/drv/StepSelect/StepSelect_Activator.jxx
+M StepSelect:privinclude:StepSelect_Activator.ixx /dn43/OCCT/tmp/results_28.02.2011/occt/release-sources-20110228/drv/StepSelect/StepSelect_Activator.ixx
+M StepSelect:dbadmfile:StepSelect_xcpp_header.In /dn43/OCCT/tmp/results_28.02.2011/occt/release-sources-20110228/drv/StepSelect/.adm/StepSelect_xcpp_header.In
+M StepSelect:dbadmfile:StepSelect_xcpp_header.Out /dn43/OCCT/tmp/results_28.02.2011/occt/release-sources-20110228/drv/StepSelect/.adm/StepSelect_xcpp_header.Out
+M StepSelect:dbadmfile:StepSelect_xcpp_header.Dep /dn43/OCCT/tmp/results_28.02.2011/occt/release-sources-20110228/drv/StepSelect/.adm/StepSelect_xcpp_header.Dep
