+M IGESDraw:pubinclude:IGESDraw.hxx /dn43/OCCT/tmp/results_30.09.2011/occt/release-sources-20110930/inc/IGESDraw.hxx
+M IGESDraw:privinclude:IGESDraw.jxx /dn43/OCCT/tmp/results_30.09.2011/occt/release-sources-20110930/drv/IGESDraw/IGESDraw.jxx
+M IGESDraw:privinclude:IGESDraw.ixx /dn43/OCCT/tmp/results_30.09.2011/occt/release-sources-20110930/drv/IGESDraw/IGESDraw.ixx
+M IGESDraw:pubinclude:Handle_IGESDraw_ConnectPoint.hxx /dn43/OCCT/tmp/results_30.09.2011/occt/release-sources-20110930/inc/Handle_IGESDraw_ConnectPoint.hxx
+M IGESDraw:pubinclude:IGESDraw_ConnectPoint.hxx /dn43/OCCT/tmp/results_30.09.2011/occt/release-sources-20110930/inc/IGESDraw_ConnectPoint.hxx
+M IGESDraw:privinclude:IGESDraw_ConnectPoint.jxx /dn43/OCCT/tmp/results_30.09.2011/occt/release-sources-20110930/drv/IGESDraw/IGESDraw_ConnectPoint.jxx
+M IGESDraw:privinclude:IGESDraw_ConnectPoint.ixx /dn43/OCCT/tmp/results_30.09.2011/occt/release-sources-20110930/drv/IGESDraw/IGESDraw_ConnectPoint.ixx
+M IGESDraw:pubinclude:Handle_IGESDraw_NetworkSubfigureDef.hxx /dn43/OCCT/tmp/results_30.09.2011/occt/release-sources-20110930/inc/Handle_IGESDraw_NetworkSubfigureDef.hxx
+M IGESDraw:pubinclude:IGESDraw_NetworkSubfigureDef.hxx /dn43/OCCT/tmp/results_30.09.2011/occt/release-sources-20110930/inc/IGESDraw_NetworkSubfigureDef.hxx
+M IGESDraw:privinclude:IGESDraw_NetworkSubfigureDef.jxx /dn43/OCCT/tmp/results_30.09.2011/occt/release-sources-20110930/drv/IGESDraw/IGESDraw_NetworkSubfigureDef.jxx
+M IGESDraw:privinclude:IGESDraw_NetworkSubfigureDef.ixx /dn43/OCCT/tmp/results_30.09.2011/occt/release-sources-20110930/drv/IGESDraw/IGESDraw_NetworkSubfigureDef.ixx
+M IGESDraw:pubinclude:Handle_IGESDraw_ViewsVisible.hxx /dn43/OCCT/tmp/results_30.09.2011/occt/release-sources-20110930/inc/Handle_IGESDraw_ViewsVisible.hxx
+M IGESDraw:pubinclude:IGESDraw_ViewsVisible.hxx /dn43/OCCT/tmp/results_30.09.2011/occt/release-sources-20110930/inc/IGESDraw_ViewsVisible.hxx
+M IGESDraw:privinclude:IGESDraw_ViewsVisible.jxx /dn43/OCCT/tmp/results_30.09.2011/occt/release-sources-20110930/drv/IGESDraw/IGESDraw_ViewsVisible.jxx
+M IGESDraw:privinclude:IGESDraw_ViewsVisible.ixx /dn43/OCCT/tmp/results_30.09.2011/occt/release-sources-20110930/drv/IGESDraw/IGESDraw_ViewsVisible.ixx
+M IGESDraw:pubinclude:Handle_IGESDraw_ViewsVisibleWithAttr.hxx /dn43/OCCT/tmp/results_30.09.2011/occt/release-sources-20110930/inc/Handle_IGESDraw_ViewsVisibleWithAttr.hxx
+M IGESDraw:pubinclude:IGESDraw_ViewsVisibleWithAttr.hxx /dn43/OCCT/tmp/results_30.09.2011/occt/release-sources-20110930/inc/IGESDraw_ViewsVisibleWithAttr.hxx
+M IGESDraw:privinclude:IGESDraw_ViewsVisibleWithAttr.jxx /dn43/OCCT/tmp/results_30.09.2011/occt/release-sources-20110930/drv/IGESDraw/IGESDraw_ViewsVisibleWithAttr.jxx
+M IGESDraw:privinclude:IGESDraw_ViewsVisibleWithAttr.ixx /dn43/OCCT/tmp/results_30.09.2011/occt/release-sources-20110930/drv/IGESDraw/IGESDraw_ViewsVisibleWithAttr.ixx
+M IGESDraw:pubinclude:Handle_IGESDraw_LabelDisplay.hxx /dn43/OCCT/tmp/results_30.09.2011/occt/release-sources-20110930/inc/Handle_IGESDraw_LabelDisplay.hxx
+M IGESDraw:pubinclude:IGESDraw_LabelDisplay.hxx /dn43/OCCT/tmp/results_30.09.2011/occt/release-sources-20110930/inc/IGESDraw_LabelDisplay.hxx
+M IGESDraw:privinclude:IGESDraw_LabelDisplay.jxx /dn43/OCCT/tmp/results_30.09.2011/occt/release-sources-20110930/drv/IGESDraw/IGESDraw_LabelDisplay.jxx
+M IGESDraw:privinclude:IGESDraw_LabelDisplay.ixx /dn43/OCCT/tmp/results_30.09.2011/occt/release-sources-20110930/drv/IGESDraw/IGESDraw_LabelDisplay.ixx
+M IGESDraw:pubinclude:Handle_IGESDraw_Planar.hxx /dn43/OCCT/tmp/results_30.09.2011/occt/release-sources-20110930/inc/Handle_IGESDraw_Planar.hxx
+M IGESDraw:pubinclude:IGESDraw_Planar.hxx /dn43/OCCT/tmp/results_30.09.2011/occt/release-sources-20110930/inc/IGESDraw_Planar.hxx
+M IGESDraw:privinclude:IGESDraw_Planar.jxx /dn43/OCCT/tmp/results_30.09.2011/occt/release-sources-20110930/drv/IGESDraw/IGESDraw_Planar.jxx
+M IGESDraw:privinclude:IGESDraw_Planar.ixx /dn43/OCCT/tmp/results_30.09.2011/occt/release-sources-20110930/drv/IGESDraw/IGESDraw_Planar.ixx
+M IGESDraw:pubinclude:Handle_IGESDraw_SegmentedViewsVisible.hxx /dn43/OCCT/tmp/results_30.09.2011/occt/release-sources-20110930/inc/Handle_IGESDraw_SegmentedViewsVisible.hxx
+M IGESDraw:pubinclude:IGESDraw_SegmentedViewsVisible.hxx /dn43/OCCT/tmp/results_30.09.2011/occt/release-sources-20110930/inc/IGESDraw_SegmentedViewsVisible.hxx
+M IGESDraw:privinclude:IGESDraw_SegmentedViewsVisible.jxx /dn43/OCCT/tmp/results_30.09.2011/occt/release-sources-20110930/drv/IGESDraw/IGESDraw_SegmentedViewsVisible.jxx
+M IGESDraw:privinclude:IGESDraw_SegmentedViewsVisible.ixx /dn43/OCCT/tmp/results_30.09.2011/occt/release-sources-20110930/drv/IGESDraw/IGESDraw_SegmentedViewsVisible.ixx
+M IGESDraw:pubinclude:Handle_IGESDraw_Drawing.hxx /dn43/OCCT/tmp/results_30.09.2011/occt/release-sources-20110930/inc/Handle_IGESDraw_Drawing.hxx
+M IGESDraw:pubinclude:IGESDraw_Drawing.hxx /dn43/OCCT/tmp/results_30.09.2011/occt/release-sources-20110930/inc/IGESDraw_Drawing.hxx
+M IGESDraw:privinclude:IGESDraw_Drawing.jxx /dn43/OCCT/tmp/results_30.09.2011/occt/release-sources-20110930/drv/IGESDraw/IGESDraw_Drawing.jxx
+M IGESDraw:privinclude:IGESDraw_Drawing.ixx /dn43/OCCT/tmp/results_30.09.2011/occt/release-sources-20110930/drv/IGESDraw/IGESDraw_Drawing.ixx
+M IGESDraw:pubinclude:Handle_IGESDraw_DrawingWithRotation.hxx /dn43/OCCT/tmp/results_30.09.2011/occt/release-sources-20110930/inc/Handle_IGESDraw_DrawingWithRotation.hxx
+M IGESDraw:pubinclude:IGESDraw_DrawingWithRotation.hxx /dn43/OCCT/tmp/results_30.09.2011/occt/release-sources-20110930/inc/IGESDraw_DrawingWithRotation.hxx
+M IGESDraw:privinclude:IGESDraw_DrawingWithRotation.jxx /dn43/OCCT/tmp/results_30.09.2011/occt/release-sources-20110930/drv/IGESDraw/IGESDraw_DrawingWithRotation.jxx
+M IGESDraw:privinclude:IGESDraw_DrawingWithRotation.ixx /dn43/OCCT/tmp/results_30.09.2011/occt/release-sources-20110930/drv/IGESDraw/IGESDraw_DrawingWithRotation.ixx
+M IGESDraw:pubinclude:Handle_IGESDraw_View.hxx /dn43/OCCT/tmp/results_30.09.2011/occt/release-sources-20110930/inc/Handle_IGESDraw_View.hxx
+M IGESDraw:pubinclude:IGESDraw_View.hxx /dn43/OCCT/tmp/results_30.09.2011/occt/release-sources-20110930/inc/IGESDraw_View.hxx
+M IGESDraw:privinclude:IGESDraw_View.jxx /dn43/OCCT/tmp/results_30.09.2011/occt/release-sources-20110930/drv/IGESDraw/IGESDraw_View.jxx
+M IGESDraw:privinclude:IGESDraw_View.ixx /dn43/OCCT/tmp/results_30.09.2011/occt/release-sources-20110930/drv/IGESDraw/IGESDraw_View.ixx
+M IGESDraw:pubinclude:Handle_IGESDraw_RectArraySubfigure.hxx /dn43/OCCT/tmp/results_30.09.2011/occt/release-sources-20110930/inc/Handle_IGESDraw_RectArraySubfigure.hxx
+M IGESDraw:pubinclude:IGESDraw_RectArraySubfigure.hxx /dn43/OCCT/tmp/results_30.09.2011/occt/release-sources-20110930/inc/IGESDraw_RectArraySubfigure.hxx
+M IGESDraw:privinclude:IGESDraw_RectArraySubfigure.jxx /dn43/OCCT/tmp/results_30.09.2011/occt/release-sources-20110930/drv/IGESDraw/IGESDraw_RectArraySubfigure.jxx
+M IGESDraw:privinclude:IGESDraw_RectArraySubfigure.ixx /dn43/OCCT/tmp/results_30.09.2011/occt/release-sources-20110930/drv/IGESDraw/IGESDraw_RectArraySubfigure.ixx
+M IGESDraw:pubinclude:Handle_IGESDraw_CircArraySubfigure.hxx /dn43/OCCT/tmp/results_30.09.2011/occt/release-sources-20110930/inc/Handle_IGESDraw_CircArraySubfigure.hxx
+M IGESDraw:pubinclude:IGESDraw_CircArraySubfigure.hxx /dn43/OCCT/tmp/results_30.09.2011/occt/release-sources-20110930/inc/IGESDraw_CircArraySubfigure.hxx
+M IGESDraw:privinclude:IGESDraw_CircArraySubfigure.jxx /dn43/OCCT/tmp/results_30.09.2011/occt/release-sources-20110930/drv/IGESDraw/IGESDraw_CircArraySubfigure.jxx
+M IGESDraw:privinclude:IGESDraw_CircArraySubfigure.ixx /dn43/OCCT/tmp/results_30.09.2011/occt/release-sources-20110930/drv/IGESDraw/IGESDraw_CircArraySubfigure.ixx
+M IGESDraw:pubinclude:Handle_IGESDraw_NetworkSubfigure.hxx /dn43/OCCT/tmp/results_30.09.2011/occt/release-sources-20110930/inc/Handle_IGESDraw_NetworkSubfigure.hxx
+M IGESDraw:pubinclude:IGESDraw_NetworkSubfigure.hxx /dn43/OCCT/tmp/results_30.09.2011/occt/release-sources-20110930/inc/IGESDraw_NetworkSubfigure.hxx
+M IGESDraw:privinclude:IGESDraw_NetworkSubfigure.jxx /dn43/OCCT/tmp/results_30.09.2011/occt/release-sources-20110930/drv/IGESDraw/IGESDraw_NetworkSubfigure.jxx
+M IGESDraw:privinclude:IGESDraw_NetworkSubfigure.ixx /dn43/OCCT/tmp/results_30.09.2011/occt/release-sources-20110930/drv/IGESDraw/IGESDraw_NetworkSubfigure.ixx
+M IGESDraw:pubinclude:Handle_IGESDraw_PerspectiveView.hxx /dn43/OCCT/tmp/results_30.09.2011/occt/release-sources-20110930/inc/Handle_IGESDraw_PerspectiveView.hxx
+M IGESDraw:pubinclude:IGESDraw_PerspectiveView.hxx /dn43/OCCT/tmp/results_30.09.2011/occt/release-sources-20110930/inc/IGESDraw_PerspectiveView.hxx
+M IGESDraw:privinclude:IGESDraw_PerspectiveView.jxx /dn43/OCCT/tmp/results_30.09.2011/occt/release-sources-20110930/drv/IGESDraw/IGESDraw_PerspectiveView.jxx
+M IGESDraw:privinclude:IGESDraw_PerspectiveView.ixx /dn43/OCCT/tmp/results_30.09.2011/occt/release-sources-20110930/drv/IGESDraw/IGESDraw_PerspectiveView.ixx
+M IGESDraw:pubinclude:IGESDraw_ToolConnectPoint.hxx /dn43/OCCT/tmp/results_30.09.2011/occt/release-sources-20110930/inc/IGESDraw_ToolConnectPoint.hxx
+M IGESDraw:privinclude:IGESDraw_ToolConnectPoint.jxx /dn43/OCCT/tmp/results_30.09.2011/occt/release-sources-20110930/drv/IGESDraw/IGESDraw_ToolConnectPoint.jxx
+M IGESDraw:privinclude:IGESDraw_ToolConnectPoint.ixx /dn43/OCCT/tmp/results_30.09.2011/occt/release-sources-20110930/drv/IGESDraw/IGESDraw_ToolConnectPoint.ixx
+M IGESDraw:pubinclude:IGESDraw_ToolNetworkSubfigureDef.hxx /dn43/OCCT/tmp/results_30.09.2011/occt/release-sources-20110930/inc/IGESDraw_ToolNetworkSubfigureDef.hxx
+M IGESDraw:privinclude:IGESDraw_ToolNetworkSubfigureDef.jxx /dn43/OCCT/tmp/results_30.09.2011/occt/release-sources-20110930/drv/IGESDraw/IGESDraw_ToolNetworkSubfigureDef.jxx
+M IGESDraw:privinclude:IGESDraw_ToolNetworkSubfigureDef.ixx /dn43/OCCT/tmp/results_30.09.2011/occt/release-sources-20110930/drv/IGESDraw/IGESDraw_ToolNetworkSubfigureDef.ixx
+M IGESDraw:pubinclude:IGESDraw_ToolViewsVisible.hxx /dn43/OCCT/tmp/results_30.09.2011/occt/release-sources-20110930/inc/IGESDraw_ToolViewsVisible.hxx
+M IGESDraw:privinclude:IGESDraw_ToolViewsVisible.jxx /dn43/OCCT/tmp/results_30.09.2011/occt/release-sources-20110930/drv/IGESDraw/IGESDraw_ToolViewsVisible.jxx
+M IGESDraw:privinclude:IGESDraw_ToolViewsVisible.ixx /dn43/OCCT/tmp/results_30.09.2011/occt/release-sources-20110930/drv/IGESDraw/IGESDraw_ToolViewsVisible.ixx
+M IGESDraw:pubinclude:IGESDraw_ToolViewsVisibleWithAttr.hxx /dn43/OCCT/tmp/results_30.09.2011/occt/release-sources-20110930/inc/IGESDraw_ToolViewsVisibleWithAttr.hxx
+M IGESDraw:privinclude:IGESDraw_ToolViewsVisibleWithAttr.jxx /dn43/OCCT/tmp/results_30.09.2011/occt/release-sources-20110930/drv/IGESDraw/IGESDraw_ToolViewsVisibleWithAttr.jxx
+M IGESDraw:privinclude:IGESDraw_ToolViewsVisibleWithAttr.ixx /dn43/OCCT/tmp/results_30.09.2011/occt/release-sources-20110930/drv/IGESDraw/IGESDraw_ToolViewsVisibleWithAttr.ixx
+M IGESDraw:pubinclude:IGESDraw_ToolLabelDisplay.hxx /dn43/OCCT/tmp/results_30.09.2011/occt/release-sources-20110930/inc/IGESDraw_ToolLabelDisplay.hxx
+M IGESDraw:privinclude:IGESDraw_ToolLabelDisplay.jxx /dn43/OCCT/tmp/results_30.09.2011/occt/release-sources-20110930/drv/IGESDraw/IGESDraw_ToolLabelDisplay.jxx
+M IGESDraw:privinclude:IGESDraw_ToolLabelDisplay.ixx /dn43/OCCT/tmp/results_30.09.2011/occt/release-sources-20110930/drv/IGESDraw/IGESDraw_ToolLabelDisplay.ixx
+M IGESDraw:pubinclude:IGESDraw_ToolPlanar.hxx /dn43/OCCT/tmp/results_30.09.2011/occt/release-sources-20110930/inc/IGESDraw_ToolPlanar.hxx
+M IGESDraw:privinclude:IGESDraw_ToolPlanar.jxx /dn43/OCCT/tmp/results_30.09.2011/occt/release-sources-20110930/drv/IGESDraw/IGESDraw_ToolPlanar.jxx
+M IGESDraw:privinclude:IGESDraw_ToolPlanar.ixx /dn43/OCCT/tmp/results_30.09.2011/occt/release-sources-20110930/drv/IGESDraw/IGESDraw_ToolPlanar.ixx
+M IGESDraw:pubinclude:IGESDraw_ToolSegmentedViewsVisible.hxx /dn43/OCCT/tmp/results_30.09.2011/occt/release-sources-20110930/inc/IGESDraw_ToolSegmentedViewsVisible.hxx
+M IGESDraw:privinclude:IGESDraw_ToolSegmentedViewsVisible.jxx /dn43/OCCT/tmp/results_30.09.2011/occt/release-sources-20110930/drv/IGESDraw/IGESDraw_ToolSegmentedViewsVisible.jxx
+M IGESDraw:privinclude:IGESDraw_ToolSegmentedViewsVisible.ixx /dn43/OCCT/tmp/results_30.09.2011/occt/release-sources-20110930/drv/IGESDraw/IGESDraw_ToolSegmentedViewsVisible.ixx
+M IGESDraw:pubinclude:IGESDraw_ToolDrawing.hxx /dn43/OCCT/tmp/results_30.09.2011/occt/release-sources-20110930/inc/IGESDraw_ToolDrawing.hxx
+M IGESDraw:privinclude:IGESDraw_ToolDrawing.jxx /dn43/OCCT/tmp/results_30.09.2011/occt/release-sources-20110930/drv/IGESDraw/IGESDraw_ToolDrawing.jxx
+M IGESDraw:privinclude:IGESDraw_ToolDrawing.ixx /dn43/OCCT/tmp/results_30.09.2011/occt/release-sources-20110930/drv/IGESDraw/IGESDraw_ToolDrawing.ixx
+M IGESDraw:pubinclude:IGESDraw_ToolDrawingWithRotation.hxx /dn43/OCCT/tmp/results_30.09.2011/occt/release-sources-20110930/inc/IGESDraw_ToolDrawingWithRotation.hxx
+M IGESDraw:privinclude:IGESDraw_ToolDrawingWithRotation.jxx /dn43/OCCT/tmp/results_30.09.2011/occt/release-sources-20110930/drv/IGESDraw/IGESDraw_ToolDrawingWithRotation.jxx
+M IGESDraw:privinclude:IGESDraw_ToolDrawingWithRotation.ixx /dn43/OCCT/tmp/results_30.09.2011/occt/release-sources-20110930/drv/IGESDraw/IGESDraw_ToolDrawingWithRotation.ixx
+M IGESDraw:pubinclude:IGESDraw_ToolView.hxx /dn43/OCCT/tmp/results_30.09.2011/occt/release-sources-20110930/inc/IGESDraw_ToolView.hxx
+M IGESDraw:privinclude:IGESDraw_ToolView.jxx /dn43/OCCT/tmp/results_30.09.2011/occt/release-sources-20110930/drv/IGESDraw/IGESDraw_ToolView.jxx
+M IGESDraw:privinclude:IGESDraw_ToolView.ixx /dn43/OCCT/tmp/results_30.09.2011/occt/release-sources-20110930/drv/IGESDraw/IGESDraw_ToolView.ixx
+M IGESDraw:pubinclude:IGESDraw_ToolRectArraySubfigure.hxx /dn43/OCCT/tmp/results_30.09.2011/occt/release-sources-20110930/inc/IGESDraw_ToolRectArraySubfigure.hxx
+M IGESDraw:privinclude:IGESDraw_ToolRectArraySubfigure.jxx /dn43/OCCT/tmp/results_30.09.2011/occt/release-sources-20110930/drv/IGESDraw/IGESDraw_ToolRectArraySubfigure.jxx
+M IGESDraw:privinclude:IGESDraw_ToolRectArraySubfigure.ixx /dn43/OCCT/tmp/results_30.09.2011/occt/release-sources-20110930/drv/IGESDraw/IGESDraw_ToolRectArraySubfigure.ixx
+M IGESDraw:pubinclude:IGESDraw_ToolCircArraySubfigure.hxx /dn43/OCCT/tmp/results_30.09.2011/occt/release-sources-20110930/inc/IGESDraw_ToolCircArraySubfigure.hxx
+M IGESDraw:privinclude:IGESDraw_ToolCircArraySubfigure.jxx /dn43/OCCT/tmp/results_30.09.2011/occt/release-sources-20110930/drv/IGESDraw/IGESDraw_ToolCircArraySubfigure.jxx
+M IGESDraw:privinclude:IGESDraw_ToolCircArraySubfigure.ixx /dn43/OCCT/tmp/results_30.09.2011/occt/release-sources-20110930/drv/IGESDraw/IGESDraw_ToolCircArraySubfigure.ixx
+M IGESDraw:pubinclude:IGESDraw_ToolNetworkSubfigure.hxx /dn43/OCCT/tmp/results_30.09.2011/occt/release-sources-20110930/inc/IGESDraw_ToolNetworkSubfigure.hxx
+M IGESDraw:privinclude:IGESDraw_ToolNetworkSubfigure.jxx /dn43/OCCT/tmp/results_30.09.2011/occt/release-sources-20110930/drv/IGESDraw/IGESDraw_ToolNetworkSubfigure.jxx
+M IGESDraw:privinclude:IGESDraw_ToolNetworkSubfigure.ixx /dn43/OCCT/tmp/results_30.09.2011/occt/release-sources-20110930/drv/IGESDraw/IGESDraw_ToolNetworkSubfigure.ixx
+M IGESDraw:pubinclude:IGESDraw_ToolPerspectiveView.hxx /dn43/OCCT/tmp/results_30.09.2011/occt/release-sources-20110930/inc/IGESDraw_ToolPerspectiveView.hxx
+M IGESDraw:privinclude:IGESDraw_ToolPerspectiveView.jxx /dn43/OCCT/tmp/results_30.09.2011/occt/release-sources-20110930/drv/IGESDraw/IGESDraw_ToolPerspectiveView.jxx
+M IGESDraw:privinclude:IGESDraw_ToolPerspectiveView.ixx /dn43/OCCT/tmp/results_30.09.2011/occt/release-sources-20110930/drv/IGESDraw/IGESDraw_ToolPerspectiveView.ixx
+M IGESDraw:pubinclude:Handle_IGESDraw_Protocol.hxx /dn43/OCCT/tmp/results_30.09.2011/occt/release-sources-20110930/inc/Handle_IGESDraw_Protocol.hxx
+M IGESDraw:pubinclude:IGESDraw_Protocol.hxx /dn43/OCCT/tmp/results_30.09.2011/occt/release-sources-20110930/inc/IGESDraw_Protocol.hxx
+M IGESDraw:privinclude:IGESDraw_Protocol.jxx /dn43/OCCT/tmp/results_30.09.2011/occt/release-sources-20110930/drv/IGESDraw/IGESDraw_Protocol.jxx
+M IGESDraw:privinclude:IGESDraw_Protocol.ixx /dn43/OCCT/tmp/results_30.09.2011/occt/release-sources-20110930/drv/IGESDraw/IGESDraw_Protocol.ixx
+M IGESDraw:pubinclude:Handle_IGESDraw_ReadWriteModule.hxx /dn43/OCCT/tmp/results_30.09.2011/occt/release-sources-20110930/inc/Handle_IGESDraw_ReadWriteModule.hxx
+M IGESDraw:pubinclude:IGESDraw_ReadWriteModule.hxx /dn43/OCCT/tmp/results_30.09.2011/occt/release-sources-20110930/inc/IGESDraw_ReadWriteModule.hxx
+M IGESDraw:privinclude:IGESDraw_ReadWriteModule.jxx /dn43/OCCT/tmp/results_30.09.2011/occt/release-sources-20110930/drv/IGESDraw/IGESDraw_ReadWriteModule.jxx
+M IGESDraw:privinclude:IGESDraw_ReadWriteModule.ixx /dn43/OCCT/tmp/results_30.09.2011/occt/release-sources-20110930/drv/IGESDraw/IGESDraw_ReadWriteModule.ixx
+M IGESDraw:pubinclude:Handle_IGESDraw_GeneralModule.hxx /dn43/OCCT/tmp/results_30.09.2011/occt/release-sources-20110930/inc/Handle_IGESDraw_GeneralModule.hxx
+M IGESDraw:pubinclude:IGESDraw_GeneralModule.hxx /dn43/OCCT/tmp/results_30.09.2011/occt/release-sources-20110930/inc/IGESDraw_GeneralModule.hxx
+M IGESDraw:privinclude:IGESDraw_GeneralModule.jxx /dn43/OCCT/tmp/results_30.09.2011/occt/release-sources-20110930/drv/IGESDraw/IGESDraw_GeneralModule.jxx
+M IGESDraw:privinclude:IGESDraw_GeneralModule.ixx /dn43/OCCT/tmp/results_30.09.2011/occt/release-sources-20110930/drv/IGESDraw/IGESDraw_GeneralModule.ixx
+M IGESDraw:pubinclude:Handle_IGESDraw_SpecificModule.hxx /dn43/OCCT/tmp/results_30.09.2011/occt/release-sources-20110930/inc/Handle_IGESDraw_SpecificModule.hxx
+M IGESDraw:pubinclude:IGESDraw_SpecificModule.hxx /dn43/OCCT/tmp/results_30.09.2011/occt/release-sources-20110930/inc/IGESDraw_SpecificModule.hxx
+M IGESDraw:privinclude:IGESDraw_SpecificModule.jxx /dn43/OCCT/tmp/results_30.09.2011/occt/release-sources-20110930/drv/IGESDraw/IGESDraw_SpecificModule.jxx
+M IGESDraw:privinclude:IGESDraw_SpecificModule.ixx /dn43/OCCT/tmp/results_30.09.2011/occt/release-sources-20110930/drv/IGESDraw/IGESDraw_SpecificModule.ixx
+M IGESDraw:pubinclude:IGESDraw_Array1OfConnectPoint.hxx /dn43/OCCT/tmp/results_30.09.2011/occt/release-sources-20110930/inc/IGESDraw_Array1OfConnectPoint.hxx
+M IGESDraw:derivated:IGESDraw_Array1OfConnectPoint_0.cxx /dn43/OCCT/tmp/results_30.09.2011/occt/release-sources-20110930/drv/IGESDraw/IGESDraw_Array1OfConnectPoint_0.cxx
+M IGESDraw:pubinclude:IGESDraw_Array1OfViewKindEntity.hxx /dn43/OCCT/tmp/results_30.09.2011/occt/release-sources-20110930/inc/IGESDraw_Array1OfViewKindEntity.hxx
+M IGESDraw:derivated:IGESDraw_Array1OfViewKindEntity_0.cxx /dn43/OCCT/tmp/results_30.09.2011/occt/release-sources-20110930/drv/IGESDraw/IGESDraw_Array1OfViewKindEntity_0.cxx
+M IGESDraw:pubinclude:Handle_IGESDraw_HArray1OfConnectPoint.hxx /dn43/OCCT/tmp/results_30.09.2011/occt/release-sources-20110930/inc/Handle_IGESDraw_HArray1OfConnectPoint.hxx
+M IGESDraw:pubinclude:IGESDraw_HArray1OfConnectPoint.hxx /dn43/OCCT/tmp/results_30.09.2011/occt/release-sources-20110930/inc/IGESDraw_HArray1OfConnectPoint.hxx
+M IGESDraw:derivated:IGESDraw_HArray1OfConnectPoint_0.cxx /dn43/OCCT/tmp/results_30.09.2011/occt/release-sources-20110930/drv/IGESDraw/IGESDraw_HArray1OfConnectPoint_0.cxx
+M IGESDraw:pubinclude:Handle_IGESDraw_HArray1OfViewKindEntity.hxx /dn43/OCCT/tmp/results_30.09.2011/occt/release-sources-20110930/inc/Handle_IGESDraw_HArray1OfViewKindEntity.hxx
+M IGESDraw:pubinclude:IGESDraw_HArray1OfViewKindEntity.hxx /dn43/OCCT/tmp/results_30.09.2011/occt/release-sources-20110930/inc/IGESDraw_HArray1OfViewKindEntity.hxx
+M IGESDraw:derivated:IGESDraw_HArray1OfViewKindEntity_0.cxx /dn43/OCCT/tmp/results_30.09.2011/occt/release-sources-20110930/drv/IGESDraw/IGESDraw_HArray1OfViewKindEntity_0.cxx
+M IGESDraw:dbadmfile:IGESDraw_xcpp_header.In /dn43/OCCT/tmp/results_30.09.2011/occt/release-sources-20110930/drv/IGESDraw/.adm/IGESDraw_xcpp_header.In
+M IGESDraw:dbadmfile:IGESDraw_xcpp_header.Out /dn43/OCCT/tmp/results_30.09.2011/occt/release-sources-20110930/drv/IGESDraw/.adm/IGESDraw_xcpp_header.Out
+M IGESDraw:dbadmfile:IGESDraw_xcpp_header.Dep /dn43/OCCT/tmp/results_30.09.2011/occt/release-sources-20110930/drv/IGESDraw/.adm/IGESDraw_xcpp_header.Dep
