+M StepGeom:pubinclude:StepGeom_Axis2Placement.hxx /dn43/OCCT/tmp/results_30.09.2011/occt/release-sources-20110930/inc/StepGeom_Axis2Placement.hxx
+M StepGeom:privinclude:StepGeom_Axis2Placement.jxx /dn43/OCCT/tmp/results_30.09.2011/occt/release-sources-20110930/drv/StepGeom/StepGeom_Axis2Placement.jxx
+M StepGeom:privinclude:StepGeom_Axis2Placement.ixx /dn43/OCCT/tmp/results_30.09.2011/occt/release-sources-20110930/drv/StepGeom/StepGeom_Axis2Placement.ixx
+M StepGeom:pubinclude:StepGeom_CurveOnSurface.hxx /dn43/OCCT/tmp/results_30.09.2011/occt/release-sources-20110930/inc/StepGeom_CurveOnSurface.hxx
+M StepGeom:privinclude:StepGeom_CurveOnSurface.jxx /dn43/OCCT/tmp/results_30.09.2011/occt/release-sources-20110930/drv/StepGeom/StepGeom_CurveOnSurface.jxx
+M StepGeom:privinclude:StepGeom_CurveOnSurface.ixx /dn43/OCCT/tmp/results_30.09.2011/occt/release-sources-20110930/drv/StepGeom/StepGeom_CurveOnSurface.ixx
+M StepGeom:pubinclude:StepGeom_PcurveOrSurface.hxx /dn43/OCCT/tmp/results_30.09.2011/occt/release-sources-20110930/inc/StepGeom_PcurveOrSurface.hxx
+M StepGeom:privinclude:StepGeom_PcurveOrSurface.jxx /dn43/OCCT/tmp/results_30.09.2011/occt/release-sources-20110930/drv/StepGeom/StepGeom_PcurveOrSurface.jxx
+M StepGeom:privinclude:StepGeom_PcurveOrSurface.ixx /dn43/OCCT/tmp/results_30.09.2011/occt/release-sources-20110930/drv/StepGeom/StepGeom_PcurveOrSurface.ixx
+M StepGeom:pubinclude:StepGeom_TrimmingSelect.hxx /dn43/OCCT/tmp/results_30.09.2011/occt/release-sources-20110930/inc/StepGeom_TrimmingSelect.hxx
+M StepGeom:privinclude:StepGeom_TrimmingSelect.jxx /dn43/OCCT/tmp/results_30.09.2011/occt/release-sources-20110930/drv/StepGeom/StepGeom_TrimmingSelect.jxx
+M StepGeom:privinclude:StepGeom_TrimmingSelect.ixx /dn43/OCCT/tmp/results_30.09.2011/occt/release-sources-20110930/drv/StepGeom/StepGeom_TrimmingSelect.ixx
+M StepGeom:pubinclude:Handle_StepGeom_TrimmingMember.hxx /dn43/OCCT/tmp/results_30.09.2011/occt/release-sources-20110930/inc/Handle_StepGeom_TrimmingMember.hxx
+M StepGeom:pubinclude:StepGeom_TrimmingMember.hxx /dn43/OCCT/tmp/results_30.09.2011/occt/release-sources-20110930/inc/StepGeom_TrimmingMember.hxx
+M StepGeom:privinclude:StepGeom_TrimmingMember.jxx /dn43/OCCT/tmp/results_30.09.2011/occt/release-sources-20110930/drv/StepGeom/StepGeom_TrimmingMember.jxx
+M StepGeom:privinclude:StepGeom_TrimmingMember.ixx /dn43/OCCT/tmp/results_30.09.2011/occt/release-sources-20110930/drv/StepGeom/StepGeom_TrimmingMember.ixx
+M StepGeom:pubinclude:StepGeom_VectorOrDirection.hxx /dn43/OCCT/tmp/results_30.09.2011/occt/release-sources-20110930/inc/StepGeom_VectorOrDirection.hxx
+M StepGeom:privinclude:StepGeom_VectorOrDirection.jxx /dn43/OCCT/tmp/results_30.09.2011/occt/release-sources-20110930/drv/StepGeom/StepGeom_VectorOrDirection.jxx
+M StepGeom:privinclude:StepGeom_VectorOrDirection.ixx /dn43/OCCT/tmp/results_30.09.2011/occt/release-sources-20110930/drv/StepGeom/StepGeom_VectorOrDirection.ixx
+M StepGeom:pubinclude:Handle_StepGeom_CompositeCurveSegment.hxx /dn43/OCCT/tmp/results_30.09.2011/occt/release-sources-20110930/inc/Handle_StepGeom_CompositeCurveSegment.hxx
+M StepGeom:pubinclude:StepGeom_CompositeCurveSegment.hxx /dn43/OCCT/tmp/results_30.09.2011/occt/release-sources-20110930/inc/StepGeom_CompositeCurveSegment.hxx
+M StepGeom:privinclude:StepGeom_CompositeCurveSegment.jxx /dn43/OCCT/tmp/results_30.09.2011/occt/release-sources-20110930/drv/StepGeom/StepGeom_CompositeCurveSegment.jxx
+M StepGeom:privinclude:StepGeom_CompositeCurveSegment.ixx /dn43/OCCT/tmp/results_30.09.2011/occt/release-sources-20110930/drv/StepGeom/StepGeom_CompositeCurveSegment.ixx
+M StepGeom:pubinclude:Handle_StepGeom_ReparametrisedCompositeCurveSegment.hxx /dn43/OCCT/tmp/results_30.09.2011/occt/release-sources-20110930/inc/Handle_StepGeom_ReparametrisedCompositeCurveSegment.hxx
+M StepGeom:pubinclude:StepGeom_ReparametrisedCompositeCurveSegment.hxx /dn43/OCCT/tmp/results_30.09.2011/occt/release-sources-20110930/inc/StepGeom_ReparametrisedCompositeCurveSegment.hxx
+M StepGeom:privinclude:StepGeom_ReparametrisedCompositeCurveSegment.jxx /dn43/OCCT/tmp/results_30.09.2011/occt/release-sources-20110930/drv/StepGeom/StepGeom_ReparametrisedCompositeCurveSegment.jxx
+M StepGeom:privinclude:StepGeom_ReparametrisedCompositeCurveSegment.ixx /dn43/OCCT/tmp/results_30.09.2011/occt/release-sources-20110930/drv/StepGeom/StepGeom_ReparametrisedCompositeCurveSegment.ixx
+M StepGeom:pubinclude:Handle_StepGeom_GeometricRepresentationContext.hxx /dn43/OCCT/tmp/results_30.09.2011/occt/release-sources-20110930/inc/Handle_StepGeom_GeometricRepresentationContext.hxx
+M StepGeom:pubinclude:StepGeom_GeometricRepresentationContext.hxx /dn43/OCCT/tmp/results_30.09.2011/occt/release-sources-20110930/inc/StepGeom_GeometricRepresentationContext.hxx
+M StepGeom:privinclude:StepGeom_GeometricRepresentationContext.jxx /dn43/OCCT/tmp/results_30.09.2011/occt/release-sources-20110930/drv/StepGeom/StepGeom_GeometricRepresentationContext.jxx
+M StepGeom:privinclude:StepGeom_GeometricRepresentationContext.ixx /dn43/OCCT/tmp/results_30.09.2011/occt/release-sources-20110930/drv/StepGeom/StepGeom_GeometricRepresentationContext.ixx
+M StepGeom:pubinclude:Handle_StepGeom_GeometricRepresentationContextAndGlobalUnitAssignedContext.hxx /dn43/OCCT/tmp/results_30.09.2011/occt/release-sources-20110930/inc/Handle_StepGeom_GeometricRepresentationContextAndGlobalUnitAssignedContext.hxx
+M StepGeom:pubinclude:StepGeom_GeometricRepresentationContextAndGlobalUnitAssignedContext.hxx /dn43/OCCT/tmp/results_30.09.2011/occt/release-sources-20110930/inc/StepGeom_GeometricRepresentationContextAndGlobalUnitAssignedContext.hxx
+M StepGeom:privinclude:StepGeom_GeometricRepresentationContextAndGlobalUnitAssignedContext.jxx /dn43/OCCT/tmp/results_30.09.2011/occt/release-sources-20110930/drv/StepGeom/StepGeom_GeometricRepresentationContextAndGlobalUnitAssignedContext.jxx
+M StepGeom:privinclude:StepGeom_GeometricRepresentationContextAndGlobalUnitAssignedContext.ixx /dn43/OCCT/tmp/results_30.09.2011/occt/release-sources-20110930/drv/StepGeom/StepGeom_GeometricRepresentationContextAndGlobalUnitAssignedContext.ixx
+M StepGeom:pubinclude:Handle_StepGeom_GeomRepContextAndGlobUnitAssCtxAndGlobUncertaintyAssCtx.hxx /dn43/OCCT/tmp/results_30.09.2011/occt/release-sources-20110930/inc/Handle_StepGeom_GeomRepContextAndGlobUnitAssCtxAndGlobUncertaintyAssCtx.hxx
+M StepGeom:pubinclude:StepGeom_GeomRepContextAndGlobUnitAssCtxAndGlobUncertaintyAssCtx.hxx /dn43/OCCT/tmp/results_30.09.2011/occt/release-sources-20110930/inc/StepGeom_GeomRepContextAndGlobUnitAssCtxAndGlobUncertaintyAssCtx.hxx
+M StepGeom:privinclude:StepGeom_GeomRepContextAndGlobUnitAssCtxAndGlobUncertaintyAssCtx.jxx /dn43/OCCT/tmp/results_30.09.2011/occt/release-sources-20110930/drv/StepGeom/StepGeom_GeomRepContextAndGlobUnitAssCtxAndGlobUncertaintyAssCtx.jxx
+M StepGeom:privinclude:StepGeom_GeomRepContextAndGlobUnitAssCtxAndGlobUncertaintyAssCtx.ixx /dn43/OCCT/tmp/results_30.09.2011/occt/release-sources-20110930/drv/StepGeom/StepGeom_GeomRepContextAndGlobUnitAssCtxAndGlobUncertaintyAssCtx.ixx
+M StepGeom:pubinclude:Handle_StepGeom_GeometricRepresentationContextAndParametricRepresentationContext.hxx /dn43/OCCT/tmp/results_30.09.2011/occt/release-sources-20110930/inc/Handle_StepGeom_GeometricRepresentationContextAndParametricRepresentationContext.hxx
+M StepGeom:pubinclude:StepGeom_GeometricRepresentationContextAndParametricRepresentationContext.hxx /dn43/OCCT/tmp/results_30.09.2011/occt/release-sources-20110930/inc/StepGeom_GeometricRepresentationContextAndParametricRepresentationContext.hxx
+M StepGeom:privinclude:StepGeom_GeometricRepresentationContextAndParametricRepresentationContext.jxx /dn43/OCCT/tmp/results_30.09.2011/occt/release-sources-20110930/drv/StepGeom/StepGeom_GeometricRepresentationContextAndParametricRepresentationContext.jxx
+M StepGeom:privinclude:StepGeom_GeometricRepresentationContextAndParametricRepresentationContext.ixx /dn43/OCCT/tmp/results_30.09.2011/occt/release-sources-20110930/drv/StepGeom/StepGeom_GeometricRepresentationContextAndParametricRepresentationContext.ixx
+M StepGeom:pubinclude:Handle_StepGeom_GeometricRepresentationItem.hxx /dn43/OCCT/tmp/results_30.09.2011/occt/release-sources-20110930/inc/Handle_StepGeom_GeometricRepresentationItem.hxx
+M StepGeom:pubinclude:StepGeom_GeometricRepresentationItem.hxx /dn43/OCCT/tmp/results_30.09.2011/occt/release-sources-20110930/inc/StepGeom_GeometricRepresentationItem.hxx
+M StepGeom:privinclude:StepGeom_GeometricRepresentationItem.jxx /dn43/OCCT/tmp/results_30.09.2011/occt/release-sources-20110930/drv/StepGeom/StepGeom_GeometricRepresentationItem.jxx
+M StepGeom:privinclude:StepGeom_GeometricRepresentationItem.ixx /dn43/OCCT/tmp/results_30.09.2011/occt/release-sources-20110930/drv/StepGeom/StepGeom_GeometricRepresentationItem.ixx
+M StepGeom:pubinclude:Handle_StepGeom_CartesianTransformationOperator.hxx /dn43/OCCT/tmp/results_30.09.2011/occt/release-sources-20110930/inc/Handle_StepGeom_CartesianTransformationOperator.hxx
+M StepGeom:pubinclude:StepGeom_CartesianTransformationOperator.hxx /dn43/OCCT/tmp/results_30.09.2011/occt/release-sources-20110930/inc/StepGeom_CartesianTransformationOperator.hxx
+M StepGeom:privinclude:StepGeom_CartesianTransformationOperator.jxx /dn43/OCCT/tmp/results_30.09.2011/occt/release-sources-20110930/drv/StepGeom/StepGeom_CartesianTransformationOperator.jxx
+M StepGeom:privinclude:StepGeom_CartesianTransformationOperator.ixx /dn43/OCCT/tmp/results_30.09.2011/occt/release-sources-20110930/drv/StepGeom/StepGeom_CartesianTransformationOperator.ixx
+M StepGeom:pubinclude:Handle_StepGeom_CartesianTransformationOperator2d.hxx /dn43/OCCT/tmp/results_30.09.2011/occt/release-sources-20110930/inc/Handle_StepGeom_CartesianTransformationOperator2d.hxx
+M StepGeom:pubinclude:StepGeom_CartesianTransformationOperator2d.hxx /dn43/OCCT/tmp/results_30.09.2011/occt/release-sources-20110930/inc/StepGeom_CartesianTransformationOperator2d.hxx
+M StepGeom:privinclude:StepGeom_CartesianTransformationOperator2d.jxx /dn43/OCCT/tmp/results_30.09.2011/occt/release-sources-20110930/drv/StepGeom/StepGeom_CartesianTransformationOperator2d.jxx
+M StepGeom:privinclude:StepGeom_CartesianTransformationOperator2d.ixx /dn43/OCCT/tmp/results_30.09.2011/occt/release-sources-20110930/drv/StepGeom/StepGeom_CartesianTransformationOperator2d.ixx
+M StepGeom:pubinclude:Handle_StepGeom_CartesianTransformationOperator3d.hxx /dn43/OCCT/tmp/results_30.09.2011/occt/release-sources-20110930/inc/Handle_StepGeom_CartesianTransformationOperator3d.hxx
+M StepGeom:pubinclude:StepGeom_CartesianTransformationOperator3d.hxx /dn43/OCCT/tmp/results_30.09.2011/occt/release-sources-20110930/inc/StepGeom_CartesianTransformationOperator3d.hxx
+M StepGeom:privinclude:StepGeom_CartesianTransformationOperator3d.jxx /dn43/OCCT/tmp/results_30.09.2011/occt/release-sources-20110930/drv/StepGeom/StepGeom_CartesianTransformationOperator3d.jxx
+M StepGeom:privinclude:StepGeom_CartesianTransformationOperator3d.ixx /dn43/OCCT/tmp/results_30.09.2011/occt/release-sources-20110930/drv/StepGeom/StepGeom_CartesianTransformationOperator3d.ixx
+M StepGeom:pubinclude:Handle_StepGeom_Curve.hxx /dn43/OCCT/tmp/results_30.09.2011/occt/release-sources-20110930/inc/Handle_StepGeom_Curve.hxx
+M StepGeom:pubinclude:StepGeom_Curve.hxx /dn43/OCCT/tmp/results_30.09.2011/occt/release-sources-20110930/inc/StepGeom_Curve.hxx
+M StepGeom:privinclude:StepGeom_Curve.jxx /dn43/OCCT/tmp/results_30.09.2011/occt/release-sources-20110930/drv/StepGeom/StepGeom_Curve.jxx
+M StepGeom:privinclude:StepGeom_Curve.ixx /dn43/OCCT/tmp/results_30.09.2011/occt/release-sources-20110930/drv/StepGeom/StepGeom_Curve.ixx
+M StepGeom:pubinclude:Handle_StepGeom_BoundedCurve.hxx /dn43/OCCT/tmp/results_30.09.2011/occt/release-sources-20110930/inc/Handle_StepGeom_BoundedCurve.hxx
+M StepGeom:pubinclude:StepGeom_BoundedCurve.hxx /dn43/OCCT/tmp/results_30.09.2011/occt/release-sources-20110930/inc/StepGeom_BoundedCurve.hxx
+M StepGeom:privinclude:StepGeom_BoundedCurve.jxx /dn43/OCCT/tmp/results_30.09.2011/occt/release-sources-20110930/drv/StepGeom/StepGeom_BoundedCurve.jxx
+M StepGeom:privinclude:StepGeom_BoundedCurve.ixx /dn43/OCCT/tmp/results_30.09.2011/occt/release-sources-20110930/drv/StepGeom/StepGeom_BoundedCurve.ixx
+M StepGeom:pubinclude:Handle_StepGeom_BSplineCurve.hxx /dn43/OCCT/tmp/results_30.09.2011/occt/release-sources-20110930/inc/Handle_StepGeom_BSplineCurve.hxx
+M StepGeom:pubinclude:StepGeom_BSplineCurve.hxx /dn43/OCCT/tmp/results_30.09.2011/occt/release-sources-20110930/inc/StepGeom_BSplineCurve.hxx
+M StepGeom:privinclude:StepGeom_BSplineCurve.jxx /dn43/OCCT/tmp/results_30.09.2011/occt/release-sources-20110930/drv/StepGeom/StepGeom_BSplineCurve.jxx
+M StepGeom:privinclude:StepGeom_BSplineCurve.ixx /dn43/OCCT/tmp/results_30.09.2011/occt/release-sources-20110930/drv/StepGeom/StepGeom_BSplineCurve.ixx
+M StepGeom:pubinclude:Handle_StepGeom_BSplineCurveWithKnots.hxx /dn43/OCCT/tmp/results_30.09.2011/occt/release-sources-20110930/inc/Handle_StepGeom_BSplineCurveWithKnots.hxx
+M StepGeom:pubinclude:StepGeom_BSplineCurveWithKnots.hxx /dn43/OCCT/tmp/results_30.09.2011/occt/release-sources-20110930/inc/StepGeom_BSplineCurveWithKnots.hxx
+M StepGeom:privinclude:StepGeom_BSplineCurveWithKnots.jxx /dn43/OCCT/tmp/results_30.09.2011/occt/release-sources-20110930/drv/StepGeom/StepGeom_BSplineCurveWithKnots.jxx
+M StepGeom:privinclude:StepGeom_BSplineCurveWithKnots.ixx /dn43/OCCT/tmp/results_30.09.2011/occt/release-sources-20110930/drv/StepGeom/StepGeom_BSplineCurveWithKnots.ixx
+M StepGeom:pubinclude:Handle_StepGeom_BezierCurve.hxx /dn43/OCCT/tmp/results_30.09.2011/occt/release-sources-20110930/inc/Handle_StepGeom_BezierCurve.hxx
+M StepGeom:pubinclude:StepGeom_BezierCurve.hxx /dn43/OCCT/tmp/results_30.09.2011/occt/release-sources-20110930/inc/StepGeom_BezierCurve.hxx
+M StepGeom:privinclude:StepGeom_BezierCurve.jxx /dn43/OCCT/tmp/results_30.09.2011/occt/release-sources-20110930/drv/StepGeom/StepGeom_BezierCurve.jxx
+M StepGeom:privinclude:StepGeom_BezierCurve.ixx /dn43/OCCT/tmp/results_30.09.2011/occt/release-sources-20110930/drv/StepGeom/StepGeom_BezierCurve.ixx
+M StepGeom:pubinclude:Handle_StepGeom_QuasiUniformCurve.hxx /dn43/OCCT/tmp/results_30.09.2011/occt/release-sources-20110930/inc/Handle_StepGeom_QuasiUniformCurve.hxx
+M StepGeom:pubinclude:StepGeom_QuasiUniformCurve.hxx /dn43/OCCT/tmp/results_30.09.2011/occt/release-sources-20110930/inc/StepGeom_QuasiUniformCurve.hxx
+M StepGeom:privinclude:StepGeom_QuasiUniformCurve.jxx /dn43/OCCT/tmp/results_30.09.2011/occt/release-sources-20110930/drv/StepGeom/StepGeom_QuasiUniformCurve.jxx
+M StepGeom:privinclude:StepGeom_QuasiUniformCurve.ixx /dn43/OCCT/tmp/results_30.09.2011/occt/release-sources-20110930/drv/StepGeom/StepGeom_QuasiUniformCurve.ixx
+M StepGeom:pubinclude:Handle_StepGeom_RationalBSplineCurve.hxx /dn43/OCCT/tmp/results_30.09.2011/occt/release-sources-20110930/inc/Handle_StepGeom_RationalBSplineCurve.hxx
+M StepGeom:pubinclude:StepGeom_RationalBSplineCurve.hxx /dn43/OCCT/tmp/results_30.09.2011/occt/release-sources-20110930/inc/StepGeom_RationalBSplineCurve.hxx
+M StepGeom:privinclude:StepGeom_RationalBSplineCurve.jxx /dn43/OCCT/tmp/results_30.09.2011/occt/release-sources-20110930/drv/StepGeom/StepGeom_RationalBSplineCurve.jxx
+M StepGeom:privinclude:StepGeom_RationalBSplineCurve.ixx /dn43/OCCT/tmp/results_30.09.2011/occt/release-sources-20110930/drv/StepGeom/StepGeom_RationalBSplineCurve.ixx
+M StepGeom:pubinclude:Handle_StepGeom_UniformCurve.hxx /dn43/OCCT/tmp/results_30.09.2011/occt/release-sources-20110930/inc/Handle_StepGeom_UniformCurve.hxx
+M StepGeom:pubinclude:StepGeom_UniformCurve.hxx /dn43/OCCT/tmp/results_30.09.2011/occt/release-sources-20110930/inc/StepGeom_UniformCurve.hxx
+M StepGeom:privinclude:StepGeom_UniformCurve.jxx /dn43/OCCT/tmp/results_30.09.2011/occt/release-sources-20110930/drv/StepGeom/StepGeom_UniformCurve.jxx
+M StepGeom:privinclude:StepGeom_UniformCurve.ixx /dn43/OCCT/tmp/results_30.09.2011/occt/release-sources-20110930/drv/StepGeom/StepGeom_UniformCurve.ixx
+M StepGeom:pubinclude:Handle_StepGeom_UniformCurveAndRationalBSplineCurve.hxx /dn43/OCCT/tmp/results_30.09.2011/occt/release-sources-20110930/inc/Handle_StepGeom_UniformCurveAndRationalBSplineCurve.hxx
+M StepGeom:pubinclude:StepGeom_UniformCurveAndRationalBSplineCurve.hxx /dn43/OCCT/tmp/results_30.09.2011/occt/release-sources-20110930/inc/StepGeom_UniformCurveAndRationalBSplineCurve.hxx
+M StepGeom:privinclude:StepGeom_UniformCurveAndRationalBSplineCurve.jxx /dn43/OCCT/tmp/results_30.09.2011/occt/release-sources-20110930/drv/StepGeom/StepGeom_UniformCurveAndRationalBSplineCurve.jxx
+M StepGeom:privinclude:StepGeom_UniformCurveAndRationalBSplineCurve.ixx /dn43/OCCT/tmp/results_30.09.2011/occt/release-sources-20110930/drv/StepGeom/StepGeom_UniformCurveAndRationalBSplineCurve.ixx
+M StepGeom:pubinclude:Handle_StepGeom_BSplineCurveWithKnotsAndRationalBSplineCurve.hxx /dn43/OCCT/tmp/results_30.09.2011/occt/release-sources-20110930/inc/Handle_StepGeom_BSplineCurveWithKnotsAndRationalBSplineCurve.hxx
+M StepGeom:pubinclude:StepGeom_BSplineCurveWithKnotsAndRationalBSplineCurve.hxx /dn43/OCCT/tmp/results_30.09.2011/occt/release-sources-20110930/inc/StepGeom_BSplineCurveWithKnotsAndRationalBSplineCurve.hxx
+M StepGeom:privinclude:StepGeom_BSplineCurveWithKnotsAndRationalBSplineCurve.jxx /dn43/OCCT/tmp/results_30.09.2011/occt/release-sources-20110930/drv/StepGeom/StepGeom_BSplineCurveWithKnotsAndRationalBSplineCurve.jxx
+M StepGeom:privinclude:StepGeom_BSplineCurveWithKnotsAndRationalBSplineCurve.ixx /dn43/OCCT/tmp/results_30.09.2011/occt/release-sources-20110930/drv/StepGeom/StepGeom_BSplineCurveWithKnotsAndRationalBSplineCurve.ixx
+M StepGeom:pubinclude:Handle_StepGeom_QuasiUniformCurveAndRationalBSplineCurve.hxx /dn43/OCCT/tmp/results_30.09.2011/occt/release-sources-20110930/inc/Handle_StepGeom_QuasiUniformCurveAndRationalBSplineCurve.hxx
+M StepGeom:pubinclude:StepGeom_QuasiUniformCurveAndRationalBSplineCurve.hxx /dn43/OCCT/tmp/results_30.09.2011/occt/release-sources-20110930/inc/StepGeom_QuasiUniformCurveAndRationalBSplineCurve.hxx
+M StepGeom:privinclude:StepGeom_QuasiUniformCurveAndRationalBSplineCurve.jxx /dn43/OCCT/tmp/results_30.09.2011/occt/release-sources-20110930/drv/StepGeom/StepGeom_QuasiUniformCurveAndRationalBSplineCurve.jxx
+M StepGeom:privinclude:StepGeom_QuasiUniformCurveAndRationalBSplineCurve.ixx /dn43/OCCT/tmp/results_30.09.2011/occt/release-sources-20110930/drv/StepGeom/StepGeom_QuasiUniformCurveAndRationalBSplineCurve.ixx
+M StepGeom:pubinclude:Handle_StepGeom_BezierCurveAndRationalBSplineCurve.hxx /dn43/OCCT/tmp/results_30.09.2011/occt/release-sources-20110930/inc/Handle_StepGeom_BezierCurveAndRationalBSplineCurve.hxx
+M StepGeom:pubinclude:StepGeom_BezierCurveAndRationalBSplineCurve.hxx /dn43/OCCT/tmp/results_30.09.2011/occt/release-sources-20110930/inc/StepGeom_BezierCurveAndRationalBSplineCurve.hxx
+M StepGeom:privinclude:StepGeom_BezierCurveAndRationalBSplineCurve.jxx /dn43/OCCT/tmp/results_30.09.2011/occt/release-sources-20110930/drv/StepGeom/StepGeom_BezierCurveAndRationalBSplineCurve.jxx
+M StepGeom:privinclude:StepGeom_BezierCurveAndRationalBSplineCurve.ixx /dn43/OCCT/tmp/results_30.09.2011/occt/release-sources-20110930/drv/StepGeom/StepGeom_BezierCurveAndRationalBSplineCurve.ixx
+M StepGeom:pubinclude:Handle_StepGeom_CompositeCurve.hxx /dn43/OCCT/tmp/results_30.09.2011/occt/release-sources-20110930/inc/Handle_StepGeom_CompositeCurve.hxx
+M StepGeom:pubinclude:StepGeom_CompositeCurve.hxx /dn43/OCCT/tmp/results_30.09.2011/occt/release-sources-20110930/inc/StepGeom_CompositeCurve.hxx
+M StepGeom:privinclude:StepGeom_CompositeCurve.jxx /dn43/OCCT/tmp/results_30.09.2011/occt/release-sources-20110930/drv/StepGeom/StepGeom_CompositeCurve.jxx
+M StepGeom:privinclude:StepGeom_CompositeCurve.ixx /dn43/OCCT/tmp/results_30.09.2011/occt/release-sources-20110930/drv/StepGeom/StepGeom_CompositeCurve.ixx
+M StepGeom:pubinclude:Handle_StepGeom_CompositeCurveOnSurface.hxx /dn43/OCCT/tmp/results_30.09.2011/occt/release-sources-20110930/inc/Handle_StepGeom_CompositeCurveOnSurface.hxx
+M StepGeom:pubinclude:StepGeom_CompositeCurveOnSurface.hxx /dn43/OCCT/tmp/results_30.09.2011/occt/release-sources-20110930/inc/StepGeom_CompositeCurveOnSurface.hxx
+M StepGeom:privinclude:StepGeom_CompositeCurveOnSurface.jxx /dn43/OCCT/tmp/results_30.09.2011/occt/release-sources-20110930/drv/StepGeom/StepGeom_CompositeCurveOnSurface.jxx
+M StepGeom:privinclude:StepGeom_CompositeCurveOnSurface.ixx /dn43/OCCT/tmp/results_30.09.2011/occt/release-sources-20110930/drv/StepGeom/StepGeom_CompositeCurveOnSurface.ixx
+M StepGeom:pubinclude:Handle_StepGeom_BoundaryCurve.hxx /dn43/OCCT/tmp/results_30.09.2011/occt/release-sources-20110930/inc/Handle_StepGeom_BoundaryCurve.hxx
+M StepGeom:pubinclude:StepGeom_BoundaryCurve.hxx /dn43/OCCT/tmp/results_30.09.2011/occt/release-sources-20110930/inc/StepGeom_BoundaryCurve.hxx
+M StepGeom:privinclude:StepGeom_BoundaryCurve.jxx /dn43/OCCT/tmp/results_30.09.2011/occt/release-sources-20110930/drv/StepGeom/StepGeom_BoundaryCurve.jxx
+M StepGeom:privinclude:StepGeom_BoundaryCurve.ixx /dn43/OCCT/tmp/results_30.09.2011/occt/release-sources-20110930/drv/StepGeom/StepGeom_BoundaryCurve.ixx
+M StepGeom:pubinclude:Handle_StepGeom_OuterBoundaryCurve.hxx /dn43/OCCT/tmp/results_30.09.2011/occt/release-sources-20110930/inc/Handle_StepGeom_OuterBoundaryCurve.hxx
+M StepGeom:pubinclude:StepGeom_OuterBoundaryCurve.hxx /dn43/OCCT/tmp/results_30.09.2011/occt/release-sources-20110930/inc/StepGeom_OuterBoundaryCurve.hxx
+M StepGeom:privinclude:StepGeom_OuterBoundaryCurve.jxx /dn43/OCCT/tmp/results_30.09.2011/occt/release-sources-20110930/drv/StepGeom/StepGeom_OuterBoundaryCurve.jxx
+M StepGeom:privinclude:StepGeom_OuterBoundaryCurve.ixx /dn43/OCCT/tmp/results_30.09.2011/occt/release-sources-20110930/drv/StepGeom/StepGeom_OuterBoundaryCurve.ixx
+M StepGeom:pubinclude:Handle_StepGeom_Polyline.hxx /dn43/OCCT/tmp/results_30.09.2011/occt/release-sources-20110930/inc/Handle_StepGeom_Polyline.hxx
+M StepGeom:pubinclude:StepGeom_Polyline.hxx /dn43/OCCT/tmp/results_30.09.2011/occt/release-sources-20110930/inc/StepGeom_Polyline.hxx
+M StepGeom:privinclude:StepGeom_Polyline.jxx /dn43/OCCT/tmp/results_30.09.2011/occt/release-sources-20110930/drv/StepGeom/StepGeom_Polyline.jxx
+M StepGeom:privinclude:StepGeom_Polyline.ixx /dn43/OCCT/tmp/results_30.09.2011/occt/release-sources-20110930/drv/StepGeom/StepGeom_Polyline.ixx
+M StepGeom:pubinclude:Handle_StepGeom_TrimmedCurve.hxx /dn43/OCCT/tmp/results_30.09.2011/occt/release-sources-20110930/inc/Handle_StepGeom_TrimmedCurve.hxx
+M StepGeom:pubinclude:StepGeom_TrimmedCurve.hxx /dn43/OCCT/tmp/results_30.09.2011/occt/release-sources-20110930/inc/StepGeom_TrimmedCurve.hxx
+M StepGeom:privinclude:StepGeom_TrimmedCurve.jxx /dn43/OCCT/tmp/results_30.09.2011/occt/release-sources-20110930/drv/StepGeom/StepGeom_TrimmedCurve.jxx
+M StepGeom:privinclude:StepGeom_TrimmedCurve.ixx /dn43/OCCT/tmp/results_30.09.2011/occt/release-sources-20110930/drv/StepGeom/StepGeom_TrimmedCurve.ixx
+M StepGeom:pubinclude:Handle_StepGeom_Conic.hxx /dn43/OCCT/tmp/results_30.09.2011/occt/release-sources-20110930/inc/Handle_StepGeom_Conic.hxx
+M StepGeom:pubinclude:StepGeom_Conic.hxx /dn43/OCCT/tmp/results_30.09.2011/occt/release-sources-20110930/inc/StepGeom_Conic.hxx
+M StepGeom:privinclude:StepGeom_Conic.jxx /dn43/OCCT/tmp/results_30.09.2011/occt/release-sources-20110930/drv/StepGeom/StepGeom_Conic.jxx
+M StepGeom:privinclude:StepGeom_Conic.ixx /dn43/OCCT/tmp/results_30.09.2011/occt/release-sources-20110930/drv/StepGeom/StepGeom_Conic.ixx
+M StepGeom:pubinclude:Handle_StepGeom_Circle.hxx /dn43/OCCT/tmp/results_30.09.2011/occt/release-sources-20110930/inc/Handle_StepGeom_Circle.hxx
+M StepGeom:pubinclude:StepGeom_Circle.hxx /dn43/OCCT/tmp/results_30.09.2011/occt/release-sources-20110930/inc/StepGeom_Circle.hxx
+M StepGeom:privinclude:StepGeom_Circle.jxx /dn43/OCCT/tmp/results_30.09.2011/occt/release-sources-20110930/drv/StepGeom/StepGeom_Circle.jxx
+M StepGeom:privinclude:StepGeom_Circle.ixx /dn43/OCCT/tmp/results_30.09.2011/occt/release-sources-20110930/drv/StepGeom/StepGeom_Circle.ixx
+M StepGeom:pubinclude:Handle_StepGeom_Ellipse.hxx /dn43/OCCT/tmp/results_30.09.2011/occt/release-sources-20110930/inc/Handle_StepGeom_Ellipse.hxx
+M StepGeom:pubinclude:StepGeom_Ellipse.hxx /dn43/OCCT/tmp/results_30.09.2011/occt/release-sources-20110930/inc/StepGeom_Ellipse.hxx
+M StepGeom:privinclude:StepGeom_Ellipse.jxx /dn43/OCCT/tmp/results_30.09.2011/occt/release-sources-20110930/drv/StepGeom/StepGeom_Ellipse.jxx
+M StepGeom:privinclude:StepGeom_Ellipse.ixx /dn43/OCCT/tmp/results_30.09.2011/occt/release-sources-20110930/drv/StepGeom/StepGeom_Ellipse.ixx
+M StepGeom:pubinclude:Handle_StepGeom_Hyperbola.hxx /dn43/OCCT/tmp/results_30.09.2011/occt/release-sources-20110930/inc/Handle_StepGeom_Hyperbola.hxx
+M StepGeom:pubinclude:StepGeom_Hyperbola.hxx /dn43/OCCT/tmp/results_30.09.2011/occt/release-sources-20110930/inc/StepGeom_Hyperbola.hxx
+M StepGeom:privinclude:StepGeom_Hyperbola.jxx /dn43/OCCT/tmp/results_30.09.2011/occt/release-sources-20110930/drv/StepGeom/StepGeom_Hyperbola.jxx
+M StepGeom:privinclude:StepGeom_Hyperbola.ixx /dn43/OCCT/tmp/results_30.09.2011/occt/release-sources-20110930/drv/StepGeom/StepGeom_Hyperbola.ixx
+M StepGeom:pubinclude:Handle_StepGeom_Parabola.hxx /dn43/OCCT/tmp/results_30.09.2011/occt/release-sources-20110930/inc/Handle_StepGeom_Parabola.hxx
+M StepGeom:pubinclude:StepGeom_Parabola.hxx /dn43/OCCT/tmp/results_30.09.2011/occt/release-sources-20110930/inc/StepGeom_Parabola.hxx
+M StepGeom:privinclude:StepGeom_Parabola.jxx /dn43/OCCT/tmp/results_30.09.2011/occt/release-sources-20110930/drv/StepGeom/StepGeom_Parabola.jxx
+M StepGeom:privinclude:StepGeom_Parabola.ixx /dn43/OCCT/tmp/results_30.09.2011/occt/release-sources-20110930/drv/StepGeom/StepGeom_Parabola.ixx
+M StepGeom:pubinclude:Handle_StepGeom_CurveReplica.hxx /dn43/OCCT/tmp/results_30.09.2011/occt/release-sources-20110930/inc/Handle_StepGeom_CurveReplica.hxx
+M StepGeom:pubinclude:StepGeom_CurveReplica.hxx /dn43/OCCT/tmp/results_30.09.2011/occt/release-sources-20110930/inc/StepGeom_CurveReplica.hxx
+M StepGeom:privinclude:StepGeom_CurveReplica.jxx /dn43/OCCT/tmp/results_30.09.2011/occt/release-sources-20110930/drv/StepGeom/StepGeom_CurveReplica.jxx
+M StepGeom:privinclude:StepGeom_CurveReplica.ixx /dn43/OCCT/tmp/results_30.09.2011/occt/release-sources-20110930/drv/StepGeom/StepGeom_CurveReplica.ixx
+M StepGeom:pubinclude:Handle_StepGeom_Line.hxx /dn43/OCCT/tmp/results_30.09.2011/occt/release-sources-20110930/inc/Handle_StepGeom_Line.hxx
+M StepGeom:pubinclude:StepGeom_Line.hxx /dn43/OCCT/tmp/results_30.09.2011/occt/release-sources-20110930/inc/StepGeom_Line.hxx
+M StepGeom:privinclude:StepGeom_Line.jxx /dn43/OCCT/tmp/results_30.09.2011/occt/release-sources-20110930/drv/StepGeom/StepGeom_Line.jxx
+M StepGeom:privinclude:StepGeom_Line.ixx /dn43/OCCT/tmp/results_30.09.2011/occt/release-sources-20110930/drv/StepGeom/StepGeom_Line.ixx
+M StepGeom:pubinclude:Handle_StepGeom_OffsetCurve3d.hxx /dn43/OCCT/tmp/results_30.09.2011/occt/release-sources-20110930/inc/Handle_StepGeom_OffsetCurve3d.hxx
+M StepGeom:pubinclude:StepGeom_OffsetCurve3d.hxx /dn43/OCCT/tmp/results_30.09.2011/occt/release-sources-20110930/inc/StepGeom_OffsetCurve3d.hxx
+M StepGeom:privinclude:StepGeom_OffsetCurve3d.jxx /dn43/OCCT/tmp/results_30.09.2011/occt/release-sources-20110930/drv/StepGeom/StepGeom_OffsetCurve3d.jxx
+M StepGeom:privinclude:StepGeom_OffsetCurve3d.ixx /dn43/OCCT/tmp/results_30.09.2011/occt/release-sources-20110930/drv/StepGeom/StepGeom_OffsetCurve3d.ixx
+M StepGeom:pubinclude:Handle_StepGeom_Pcurve.hxx /dn43/OCCT/tmp/results_30.09.2011/occt/release-sources-20110930/inc/Handle_StepGeom_Pcurve.hxx
+M StepGeom:pubinclude:StepGeom_Pcurve.hxx /dn43/OCCT/tmp/results_30.09.2011/occt/release-sources-20110930/inc/StepGeom_Pcurve.hxx
+M StepGeom:privinclude:StepGeom_Pcurve.jxx /dn43/OCCT/tmp/results_30.09.2011/occt/release-sources-20110930/drv/StepGeom/StepGeom_Pcurve.jxx
+M StepGeom:privinclude:StepGeom_Pcurve.ixx /dn43/OCCT/tmp/results_30.09.2011/occt/release-sources-20110930/drv/StepGeom/StepGeom_Pcurve.ixx
+M StepGeom:pubinclude:Handle_StepGeom_SurfaceCurve.hxx /dn43/OCCT/tmp/results_30.09.2011/occt/release-sources-20110930/inc/Handle_StepGeom_SurfaceCurve.hxx
+M StepGeom:pubinclude:StepGeom_SurfaceCurve.hxx /dn43/OCCT/tmp/results_30.09.2011/occt/release-sources-20110930/inc/StepGeom_SurfaceCurve.hxx
+M StepGeom:privinclude:StepGeom_SurfaceCurve.jxx /dn43/OCCT/tmp/results_30.09.2011/occt/release-sources-20110930/drv/StepGeom/StepGeom_SurfaceCurve.jxx
+M StepGeom:privinclude:StepGeom_SurfaceCurve.ixx /dn43/OCCT/tmp/results_30.09.2011/occt/release-sources-20110930/drv/StepGeom/StepGeom_SurfaceCurve.ixx
+M StepGeom:pubinclude:Handle_StepGeom_IntersectionCurve.hxx /dn43/OCCT/tmp/results_30.09.2011/occt/release-sources-20110930/inc/Handle_StepGeom_IntersectionCurve.hxx
+M StepGeom:pubinclude:StepGeom_IntersectionCurve.hxx /dn43/OCCT/tmp/results_30.09.2011/occt/release-sources-20110930/inc/StepGeom_IntersectionCurve.hxx
+M StepGeom:privinclude:StepGeom_IntersectionCurve.jxx /dn43/OCCT/tmp/results_30.09.2011/occt/release-sources-20110930/drv/StepGeom/StepGeom_IntersectionCurve.jxx
+M StepGeom:privinclude:StepGeom_IntersectionCurve.ixx /dn43/OCCT/tmp/results_30.09.2011/occt/release-sources-20110930/drv/StepGeom/StepGeom_IntersectionCurve.ixx
+M StepGeom:pubinclude:Handle_StepGeom_SeamCurve.hxx /dn43/OCCT/tmp/results_30.09.2011/occt/release-sources-20110930/inc/Handle_StepGeom_SeamCurve.hxx
+M StepGeom:pubinclude:StepGeom_SeamCurve.hxx /dn43/OCCT/tmp/results_30.09.2011/occt/release-sources-20110930/inc/StepGeom_SeamCurve.hxx
+M StepGeom:privinclude:StepGeom_SeamCurve.jxx /dn43/OCCT/tmp/results_30.09.2011/occt/release-sources-20110930/drv/StepGeom/StepGeom_SeamCurve.jxx
+M StepGeom:privinclude:StepGeom_SeamCurve.ixx /dn43/OCCT/tmp/results_30.09.2011/occt/release-sources-20110930/drv/StepGeom/StepGeom_SeamCurve.ixx
+M StepGeom:pubinclude:Handle_StepGeom_SurfaceCurveAndBoundedCurve.hxx /dn43/OCCT/tmp/results_30.09.2011/occt/release-sources-20110930/inc/Handle_StepGeom_SurfaceCurveAndBoundedCurve.hxx
+M StepGeom:pubinclude:StepGeom_SurfaceCurveAndBoundedCurve.hxx /dn43/OCCT/tmp/results_30.09.2011/occt/release-sources-20110930/inc/StepGeom_SurfaceCurveAndBoundedCurve.hxx
+M StepGeom:privinclude:StepGeom_SurfaceCurveAndBoundedCurve.jxx /dn43/OCCT/tmp/results_30.09.2011/occt/release-sources-20110930/drv/StepGeom/StepGeom_SurfaceCurveAndBoundedCurve.jxx
+M StepGeom:privinclude:StepGeom_SurfaceCurveAndBoundedCurve.ixx /dn43/OCCT/tmp/results_30.09.2011/occt/release-sources-20110930/drv/StepGeom/StepGeom_SurfaceCurveAndBoundedCurve.ixx
+M StepGeom:pubinclude:Handle_StepGeom_Direction.hxx /dn43/OCCT/tmp/results_30.09.2011/occt/release-sources-20110930/inc/Handle_StepGeom_Direction.hxx
+M StepGeom:pubinclude:StepGeom_Direction.hxx /dn43/OCCT/tmp/results_30.09.2011/occt/release-sources-20110930/inc/StepGeom_Direction.hxx
+M StepGeom:privinclude:StepGeom_Direction.jxx /dn43/OCCT/tmp/results_30.09.2011/occt/release-sources-20110930/drv/StepGeom/StepGeom_Direction.jxx
+M StepGeom:privinclude:StepGeom_Direction.ixx /dn43/OCCT/tmp/results_30.09.2011/occt/release-sources-20110930/drv/StepGeom/StepGeom_Direction.ixx
+M StepGeom:pubinclude:Handle_StepGeom_Placement.hxx /dn43/OCCT/tmp/results_30.09.2011/occt/release-sources-20110930/inc/Handle_StepGeom_Placement.hxx
+M StepGeom:pubinclude:StepGeom_Placement.hxx /dn43/OCCT/tmp/results_30.09.2011/occt/release-sources-20110930/inc/StepGeom_Placement.hxx
+M StepGeom:privinclude:StepGeom_Placement.jxx /dn43/OCCT/tmp/results_30.09.2011/occt/release-sources-20110930/drv/StepGeom/StepGeom_Placement.jxx
+M StepGeom:privinclude:StepGeom_Placement.ixx /dn43/OCCT/tmp/results_30.09.2011/occt/release-sources-20110930/drv/StepGeom/StepGeom_Placement.ixx
+M StepGeom:pubinclude:Handle_StepGeom_Axis1Placement.hxx /dn43/OCCT/tmp/results_30.09.2011/occt/release-sources-20110930/inc/Handle_StepGeom_Axis1Placement.hxx
+M StepGeom:pubinclude:StepGeom_Axis1Placement.hxx /dn43/OCCT/tmp/results_30.09.2011/occt/release-sources-20110930/inc/StepGeom_Axis1Placement.hxx
+M StepGeom:privinclude:StepGeom_Axis1Placement.jxx /dn43/OCCT/tmp/results_30.09.2011/occt/release-sources-20110930/drv/StepGeom/StepGeom_Axis1Placement.jxx
+M StepGeom:privinclude:StepGeom_Axis1Placement.ixx /dn43/OCCT/tmp/results_30.09.2011/occt/release-sources-20110930/drv/StepGeom/StepGeom_Axis1Placement.ixx
+M StepGeom:pubinclude:Handle_StepGeom_Axis2Placement2d.hxx /dn43/OCCT/tmp/results_30.09.2011/occt/release-sources-20110930/inc/Handle_StepGeom_Axis2Placement2d.hxx
+M StepGeom:pubinclude:StepGeom_Axis2Placement2d.hxx /dn43/OCCT/tmp/results_30.09.2011/occt/release-sources-20110930/inc/StepGeom_Axis2Placement2d.hxx
+M StepGeom:privinclude:StepGeom_Axis2Placement2d.jxx /dn43/OCCT/tmp/results_30.09.2011/occt/release-sources-20110930/drv/StepGeom/StepGeom_Axis2Placement2d.jxx
+M StepGeom:privinclude:StepGeom_Axis2Placement2d.ixx /dn43/OCCT/tmp/results_30.09.2011/occt/release-sources-20110930/drv/StepGeom/StepGeom_Axis2Placement2d.ixx
+M StepGeom:pubinclude:Handle_StepGeom_Axis2Placement3d.hxx /dn43/OCCT/tmp/results_30.09.2011/occt/release-sources-20110930/inc/Handle_StepGeom_Axis2Placement3d.hxx
+M StepGeom:pubinclude:StepGeom_Axis2Placement3d.hxx /dn43/OCCT/tmp/results_30.09.2011/occt/release-sources-20110930/inc/StepGeom_Axis2Placement3d.hxx
+M StepGeom:privinclude:StepGeom_Axis2Placement3d.jxx /dn43/OCCT/tmp/results_30.09.2011/occt/release-sources-20110930/drv/StepGeom/StepGeom_Axis2Placement3d.jxx
+M StepGeom:privinclude:StepGeom_Axis2Placement3d.ixx /dn43/OCCT/tmp/results_30.09.2011/occt/release-sources-20110930/drv/StepGeom/StepGeom_Axis2Placement3d.ixx
+M StepGeom:pubinclude:Handle_StepGeom_Point.hxx /dn43/OCCT/tmp/results_30.09.2011/occt/release-sources-20110930/inc/Handle_StepGeom_Point.hxx
+M StepGeom:pubinclude:StepGeom_Point.hxx /dn43/OCCT/tmp/results_30.09.2011/occt/release-sources-20110930/inc/StepGeom_Point.hxx
+M StepGeom:privinclude:StepGeom_Point.jxx /dn43/OCCT/tmp/results_30.09.2011/occt/release-sources-20110930/drv/StepGeom/StepGeom_Point.jxx
+M StepGeom:privinclude:StepGeom_Point.ixx /dn43/OCCT/tmp/results_30.09.2011/occt/release-sources-20110930/drv/StepGeom/StepGeom_Point.ixx
+M StepGeom:pubinclude:Handle_StepGeom_CartesianPoint.hxx /dn43/OCCT/tmp/results_30.09.2011/occt/release-sources-20110930/inc/Handle_StepGeom_CartesianPoint.hxx
+M StepGeom:pubinclude:StepGeom_CartesianPoint.hxx /dn43/OCCT/tmp/results_30.09.2011/occt/release-sources-20110930/inc/StepGeom_CartesianPoint.hxx
+M StepGeom:privinclude:StepGeom_CartesianPoint.jxx /dn43/OCCT/tmp/results_30.09.2011/occt/release-sources-20110930/drv/StepGeom/StepGeom_CartesianPoint.jxx
+M StepGeom:privinclude:StepGeom_CartesianPoint.ixx /dn43/OCCT/tmp/results_30.09.2011/occt/release-sources-20110930/drv/StepGeom/StepGeom_CartesianPoint.ixx
+M StepGeom:pubinclude:Handle_StepGeom_DegeneratePcurve.hxx /dn43/OCCT/tmp/results_30.09.2011/occt/release-sources-20110930/inc/Handle_StepGeom_DegeneratePcurve.hxx
+M StepGeom:pubinclude:StepGeom_DegeneratePcurve.hxx /dn43/OCCT/tmp/results_30.09.2011/occt/release-sources-20110930/inc/StepGeom_DegeneratePcurve.hxx
+M StepGeom:privinclude:StepGeom_DegeneratePcurve.jxx /dn43/OCCT/tmp/results_30.09.2011/occt/release-sources-20110930/drv/StepGeom/StepGeom_DegeneratePcurve.jxx
+M StepGeom:privinclude:StepGeom_DegeneratePcurve.ixx /dn43/OCCT/tmp/results_30.09.2011/occt/release-sources-20110930/drv/StepGeom/StepGeom_DegeneratePcurve.ixx
+M StepGeom:pubinclude:Handle_StepGeom_EvaluatedDegeneratePcurve.hxx /dn43/OCCT/tmp/results_30.09.2011/occt/release-sources-20110930/inc/Handle_StepGeom_EvaluatedDegeneratePcurve.hxx
+M StepGeom:pubinclude:StepGeom_EvaluatedDegeneratePcurve.hxx /dn43/OCCT/tmp/results_30.09.2011/occt/release-sources-20110930/inc/StepGeom_EvaluatedDegeneratePcurve.hxx
+M StepGeom:privinclude:StepGeom_EvaluatedDegeneratePcurve.jxx /dn43/OCCT/tmp/results_30.09.2011/occt/release-sources-20110930/drv/StepGeom/StepGeom_EvaluatedDegeneratePcurve.jxx
+M StepGeom:privinclude:StepGeom_EvaluatedDegeneratePcurve.ixx /dn43/OCCT/tmp/results_30.09.2011/occt/release-sources-20110930/drv/StepGeom/StepGeom_EvaluatedDegeneratePcurve.ixx
+M StepGeom:pubinclude:Handle_StepGeom_PointOnCurve.hxx /dn43/OCCT/tmp/results_30.09.2011/occt/release-sources-20110930/inc/Handle_StepGeom_PointOnCurve.hxx
+M StepGeom:pubinclude:StepGeom_PointOnCurve.hxx /dn43/OCCT/tmp/results_30.09.2011/occt/release-sources-20110930/inc/StepGeom_PointOnCurve.hxx
+M StepGeom:privinclude:StepGeom_PointOnCurve.jxx /dn43/OCCT/tmp/results_30.09.2011/occt/release-sources-20110930/drv/StepGeom/StepGeom_PointOnCurve.jxx
+M StepGeom:privinclude:StepGeom_PointOnCurve.ixx /dn43/OCCT/tmp/results_30.09.2011/occt/release-sources-20110930/drv/StepGeom/StepGeom_PointOnCurve.ixx
+M StepGeom:pubinclude:Handle_StepGeom_PointOnSurface.hxx /dn43/OCCT/tmp/results_30.09.2011/occt/release-sources-20110930/inc/Handle_StepGeom_PointOnSurface.hxx
+M StepGeom:pubinclude:StepGeom_PointOnSurface.hxx /dn43/OCCT/tmp/results_30.09.2011/occt/release-sources-20110930/inc/StepGeom_PointOnSurface.hxx
+M StepGeom:privinclude:StepGeom_PointOnSurface.jxx /dn43/OCCT/tmp/results_30.09.2011/occt/release-sources-20110930/drv/StepGeom/StepGeom_PointOnSurface.jxx
+M StepGeom:privinclude:StepGeom_PointOnSurface.ixx /dn43/OCCT/tmp/results_30.09.2011/occt/release-sources-20110930/drv/StepGeom/StepGeom_PointOnSurface.ixx
+M StepGeom:pubinclude:Handle_StepGeom_PointReplica.hxx /dn43/OCCT/tmp/results_30.09.2011/occt/release-sources-20110930/inc/Handle_StepGeom_PointReplica.hxx
+M StepGeom:pubinclude:StepGeom_PointReplica.hxx /dn43/OCCT/tmp/results_30.09.2011/occt/release-sources-20110930/inc/StepGeom_PointReplica.hxx
+M StepGeom:privinclude:StepGeom_PointReplica.jxx /dn43/OCCT/tmp/results_30.09.2011/occt/release-sources-20110930/drv/StepGeom/StepGeom_PointReplica.jxx
+M StepGeom:privinclude:StepGeom_PointReplica.ixx /dn43/OCCT/tmp/results_30.09.2011/occt/release-sources-20110930/drv/StepGeom/StepGeom_PointReplica.ixx
+M StepGeom:pubinclude:Handle_StepGeom_Surface.hxx /dn43/OCCT/tmp/results_30.09.2011/occt/release-sources-20110930/inc/Handle_StepGeom_Surface.hxx
+M StepGeom:pubinclude:StepGeom_Surface.hxx /dn43/OCCT/tmp/results_30.09.2011/occt/release-sources-20110930/inc/StepGeom_Surface.hxx
+M StepGeom:privinclude:StepGeom_Surface.jxx /dn43/OCCT/tmp/results_30.09.2011/occt/release-sources-20110930/drv/StepGeom/StepGeom_Surface.jxx
+M StepGeom:privinclude:StepGeom_Surface.ixx /dn43/OCCT/tmp/results_30.09.2011/occt/release-sources-20110930/drv/StepGeom/StepGeom_Surface.ixx
+M StepGeom:pubinclude:Handle_StepGeom_BoundedSurface.hxx /dn43/OCCT/tmp/results_30.09.2011/occt/release-sources-20110930/inc/Handle_StepGeom_BoundedSurface.hxx
+M StepGeom:pubinclude:StepGeom_BoundedSurface.hxx /dn43/OCCT/tmp/results_30.09.2011/occt/release-sources-20110930/inc/StepGeom_BoundedSurface.hxx
+M StepGeom:privinclude:StepGeom_BoundedSurface.jxx /dn43/OCCT/tmp/results_30.09.2011/occt/release-sources-20110930/drv/StepGeom/StepGeom_BoundedSurface.jxx
+M StepGeom:privinclude:StepGeom_BoundedSurface.ixx /dn43/OCCT/tmp/results_30.09.2011/occt/release-sources-20110930/drv/StepGeom/StepGeom_BoundedSurface.ixx
+M StepGeom:pubinclude:Handle_StepGeom_BSplineSurface.hxx /dn43/OCCT/tmp/results_30.09.2011/occt/release-sources-20110930/inc/Handle_StepGeom_BSplineSurface.hxx
+M StepGeom:pubinclude:StepGeom_BSplineSurface.hxx /dn43/OCCT/tmp/results_30.09.2011/occt/release-sources-20110930/inc/StepGeom_BSplineSurface.hxx
+M StepGeom:privinclude:StepGeom_BSplineSurface.jxx /dn43/OCCT/tmp/results_30.09.2011/occt/release-sources-20110930/drv/StepGeom/StepGeom_BSplineSurface.jxx
+M StepGeom:privinclude:StepGeom_BSplineSurface.ixx /dn43/OCCT/tmp/results_30.09.2011/occt/release-sources-20110930/drv/StepGeom/StepGeom_BSplineSurface.ixx
+M StepGeom:pubinclude:Handle_StepGeom_BSplineSurfaceWithKnots.hxx /dn43/OCCT/tmp/results_30.09.2011/occt/release-sources-20110930/inc/Handle_StepGeom_BSplineSurfaceWithKnots.hxx
+M StepGeom:pubinclude:StepGeom_BSplineSurfaceWithKnots.hxx /dn43/OCCT/tmp/results_30.09.2011/occt/release-sources-20110930/inc/StepGeom_BSplineSurfaceWithKnots.hxx
+M StepGeom:privinclude:StepGeom_BSplineSurfaceWithKnots.jxx /dn43/OCCT/tmp/results_30.09.2011/occt/release-sources-20110930/drv/StepGeom/StepGeom_BSplineSurfaceWithKnots.jxx
+M StepGeom:privinclude:StepGeom_BSplineSurfaceWithKnots.ixx /dn43/OCCT/tmp/results_30.09.2011/occt/release-sources-20110930/drv/StepGeom/StepGeom_BSplineSurfaceWithKnots.ixx
+M StepGeom:pubinclude:Handle_StepGeom_BezierSurface.hxx /dn43/OCCT/tmp/results_30.09.2011/occt/release-sources-20110930/inc/Handle_StepGeom_BezierSurface.hxx
+M StepGeom:pubinclude:StepGeom_BezierSurface.hxx /dn43/OCCT/tmp/results_30.09.2011/occt/release-sources-20110930/inc/StepGeom_BezierSurface.hxx
+M StepGeom:privinclude:StepGeom_BezierSurface.jxx /dn43/OCCT/tmp/results_30.09.2011/occt/release-sources-20110930/drv/StepGeom/StepGeom_BezierSurface.jxx
+M StepGeom:privinclude:StepGeom_BezierSurface.ixx /dn43/OCCT/tmp/results_30.09.2011/occt/release-sources-20110930/drv/StepGeom/StepGeom_BezierSurface.ixx
+M StepGeom:pubinclude:Handle_StepGeom_QuasiUniformSurface.hxx /dn43/OCCT/tmp/results_30.09.2011/occt/release-sources-20110930/inc/Handle_StepGeom_QuasiUniformSurface.hxx
+M StepGeom:pubinclude:StepGeom_QuasiUniformSurface.hxx /dn43/OCCT/tmp/results_30.09.2011/occt/release-sources-20110930/inc/StepGeom_QuasiUniformSurface.hxx
+M StepGeom:privinclude:StepGeom_QuasiUniformSurface.jxx /dn43/OCCT/tmp/results_30.09.2011/occt/release-sources-20110930/drv/StepGeom/StepGeom_QuasiUniformSurface.jxx
+M StepGeom:privinclude:StepGeom_QuasiUniformSurface.ixx /dn43/OCCT/tmp/results_30.09.2011/occt/release-sources-20110930/drv/StepGeom/StepGeom_QuasiUniformSurface.ixx
+M StepGeom:pubinclude:Handle_StepGeom_RationalBSplineSurface.hxx /dn43/OCCT/tmp/results_30.09.2011/occt/release-sources-20110930/inc/Handle_StepGeom_RationalBSplineSurface.hxx
+M StepGeom:pubinclude:StepGeom_RationalBSplineSurface.hxx /dn43/OCCT/tmp/results_30.09.2011/occt/release-sources-20110930/inc/StepGeom_RationalBSplineSurface.hxx
+M StepGeom:privinclude:StepGeom_RationalBSplineSurface.jxx /dn43/OCCT/tmp/results_30.09.2011/occt/release-sources-20110930/drv/StepGeom/StepGeom_RationalBSplineSurface.jxx
+M StepGeom:privinclude:StepGeom_RationalBSplineSurface.ixx /dn43/OCCT/tmp/results_30.09.2011/occt/release-sources-20110930/drv/StepGeom/StepGeom_RationalBSplineSurface.ixx
+M StepGeom:pubinclude:Handle_StepGeom_UniformSurface.hxx /dn43/OCCT/tmp/results_30.09.2011/occt/release-sources-20110930/inc/Handle_StepGeom_UniformSurface.hxx
+M StepGeom:pubinclude:StepGeom_UniformSurface.hxx /dn43/OCCT/tmp/results_30.09.2011/occt/release-sources-20110930/inc/StepGeom_UniformSurface.hxx
+M StepGeom:privinclude:StepGeom_UniformSurface.jxx /dn43/OCCT/tmp/results_30.09.2011/occt/release-sources-20110930/drv/StepGeom/StepGeom_UniformSurface.jxx
+M StepGeom:privinclude:StepGeom_UniformSurface.ixx /dn43/OCCT/tmp/results_30.09.2011/occt/release-sources-20110930/drv/StepGeom/StepGeom_UniformSurface.ixx
+M StepGeom:pubinclude:Handle_StepGeom_BSplineSurfaceWithKnotsAndRationalBSplineSurface.hxx /dn43/OCCT/tmp/results_30.09.2011/occt/release-sources-20110930/inc/Handle_StepGeom_BSplineSurfaceWithKnotsAndRationalBSplineSurface.hxx
+M StepGeom:pubinclude:StepGeom_BSplineSurfaceWithKnotsAndRationalBSplineSurface.hxx /dn43/OCCT/tmp/results_30.09.2011/occt/release-sources-20110930/inc/StepGeom_BSplineSurfaceWithKnotsAndRationalBSplineSurface.hxx
+M StepGeom:privinclude:StepGeom_BSplineSurfaceWithKnotsAndRationalBSplineSurface.jxx /dn43/OCCT/tmp/results_30.09.2011/occt/release-sources-20110930/drv/StepGeom/StepGeom_BSplineSurfaceWithKnotsAndRationalBSplineSurface.jxx
+M StepGeom:privinclude:StepGeom_BSplineSurfaceWithKnotsAndRationalBSplineSurface.ixx /dn43/OCCT/tmp/results_30.09.2011/occt/release-sources-20110930/drv/StepGeom/StepGeom_BSplineSurfaceWithKnotsAndRationalBSplineSurface.ixx
+M StepGeom:pubinclude:Handle_StepGeom_UniformSurfaceAndRationalBSplineSurface.hxx /dn43/OCCT/tmp/results_30.09.2011/occt/release-sources-20110930/inc/Handle_StepGeom_UniformSurfaceAndRationalBSplineSurface.hxx
+M StepGeom:pubinclude:StepGeom_UniformSurfaceAndRationalBSplineSurface.hxx /dn43/OCCT/tmp/results_30.09.2011/occt/release-sources-20110930/inc/StepGeom_UniformSurfaceAndRationalBSplineSurface.hxx
+M StepGeom:privinclude:StepGeom_UniformSurfaceAndRationalBSplineSurface.jxx /dn43/OCCT/tmp/results_30.09.2011/occt/release-sources-20110930/drv/StepGeom/StepGeom_UniformSurfaceAndRationalBSplineSurface.jxx
+M StepGeom:privinclude:StepGeom_UniformSurfaceAndRationalBSplineSurface.ixx /dn43/OCCT/tmp/results_30.09.2011/occt/release-sources-20110930/drv/StepGeom/StepGeom_UniformSurfaceAndRationalBSplineSurface.ixx
+M StepGeom:pubinclude:Handle_StepGeom_QuasiUniformSurfaceAndRationalBSplineSurface.hxx /dn43/OCCT/tmp/results_30.09.2011/occt/release-sources-20110930/inc/Handle_StepGeom_QuasiUniformSurfaceAndRationalBSplineSurface.hxx
+M StepGeom:pubinclude:StepGeom_QuasiUniformSurfaceAndRationalBSplineSurface.hxx /dn43/OCCT/tmp/results_30.09.2011/occt/release-sources-20110930/inc/StepGeom_QuasiUniformSurfaceAndRationalBSplineSurface.hxx
+M StepGeom:privinclude:StepGeom_QuasiUniformSurfaceAndRationalBSplineSurface.jxx /dn43/OCCT/tmp/results_30.09.2011/occt/release-sources-20110930/drv/StepGeom/StepGeom_QuasiUniformSurfaceAndRationalBSplineSurface.jxx
+M StepGeom:privinclude:StepGeom_QuasiUniformSurfaceAndRationalBSplineSurface.ixx /dn43/OCCT/tmp/results_30.09.2011/occt/release-sources-20110930/drv/StepGeom/StepGeom_QuasiUniformSurfaceAndRationalBSplineSurface.ixx
+M StepGeom:pubinclude:Handle_StepGeom_BezierSurfaceAndRationalBSplineSurface.hxx /dn43/OCCT/tmp/results_30.09.2011/occt/release-sources-20110930/inc/Handle_StepGeom_BezierSurfaceAndRationalBSplineSurface.hxx
+M StepGeom:pubinclude:StepGeom_BezierSurfaceAndRationalBSplineSurface.hxx /dn43/OCCT/tmp/results_30.09.2011/occt/release-sources-20110930/inc/StepGeom_BezierSurfaceAndRationalBSplineSurface.hxx
+M StepGeom:privinclude:StepGeom_BezierSurfaceAndRationalBSplineSurface.jxx /dn43/OCCT/tmp/results_30.09.2011/occt/release-sources-20110930/drv/StepGeom/StepGeom_BezierSurfaceAndRationalBSplineSurface.jxx
+M StepGeom:privinclude:StepGeom_BezierSurfaceAndRationalBSplineSurface.ixx /dn43/OCCT/tmp/results_30.09.2011/occt/release-sources-20110930/drv/StepGeom/StepGeom_BezierSurfaceAndRationalBSplineSurface.ixx
+M StepGeom:pubinclude:Handle_StepGeom_CurveBoundedSurface.hxx /dn43/OCCT/tmp/results_30.09.2011/occt/release-sources-20110930/inc/Handle_StepGeom_CurveBoundedSurface.hxx
+M StepGeom:pubinclude:StepGeom_CurveBoundedSurface.hxx /dn43/OCCT/tmp/results_30.09.2011/occt/release-sources-20110930/inc/StepGeom_CurveBoundedSurface.hxx
+M StepGeom:privinclude:StepGeom_CurveBoundedSurface.jxx /dn43/OCCT/tmp/results_30.09.2011/occt/release-sources-20110930/drv/StepGeom/StepGeom_CurveBoundedSurface.jxx
+M StepGeom:privinclude:StepGeom_CurveBoundedSurface.ixx /dn43/OCCT/tmp/results_30.09.2011/occt/release-sources-20110930/drv/StepGeom/StepGeom_CurveBoundedSurface.ixx
+M StepGeom:pubinclude:Handle_StepGeom_RectangularCompositeSurface.hxx /dn43/OCCT/tmp/results_30.09.2011/occt/release-sources-20110930/inc/Handle_StepGeom_RectangularCompositeSurface.hxx
+M StepGeom:pubinclude:StepGeom_RectangularCompositeSurface.hxx /dn43/OCCT/tmp/results_30.09.2011/occt/release-sources-20110930/inc/StepGeom_RectangularCompositeSurface.hxx
+M StepGeom:privinclude:StepGeom_RectangularCompositeSurface.jxx /dn43/OCCT/tmp/results_30.09.2011/occt/release-sources-20110930/drv/StepGeom/StepGeom_RectangularCompositeSurface.jxx
+M StepGeom:privinclude:StepGeom_RectangularCompositeSurface.ixx /dn43/OCCT/tmp/results_30.09.2011/occt/release-sources-20110930/drv/StepGeom/StepGeom_RectangularCompositeSurface.ixx
+M StepGeom:pubinclude:Handle_StepGeom_RectangularTrimmedSurface.hxx /dn43/OCCT/tmp/results_30.09.2011/occt/release-sources-20110930/inc/Handle_StepGeom_RectangularTrimmedSurface.hxx
+M StepGeom:pubinclude:StepGeom_RectangularTrimmedSurface.hxx /dn43/OCCT/tmp/results_30.09.2011/occt/release-sources-20110930/inc/StepGeom_RectangularTrimmedSurface.hxx
+M StepGeom:privinclude:StepGeom_RectangularTrimmedSurface.jxx /dn43/OCCT/tmp/results_30.09.2011/occt/release-sources-20110930/drv/StepGeom/StepGeom_RectangularTrimmedSurface.jxx
+M StepGeom:privinclude:StepGeom_RectangularTrimmedSurface.ixx /dn43/OCCT/tmp/results_30.09.2011/occt/release-sources-20110930/drv/StepGeom/StepGeom_RectangularTrimmedSurface.ixx
+M StepGeom:pubinclude:Handle_StepGeom_ElementarySurface.hxx /dn43/OCCT/tmp/results_30.09.2011/occt/release-sources-20110930/inc/Handle_StepGeom_ElementarySurface.hxx
+M StepGeom:pubinclude:StepGeom_ElementarySurface.hxx /dn43/OCCT/tmp/results_30.09.2011/occt/release-sources-20110930/inc/StepGeom_ElementarySurface.hxx
+M StepGeom:privinclude:StepGeom_ElementarySurface.jxx /dn43/OCCT/tmp/results_30.09.2011/occt/release-sources-20110930/drv/StepGeom/StepGeom_ElementarySurface.jxx
+M StepGeom:privinclude:StepGeom_ElementarySurface.ixx /dn43/OCCT/tmp/results_30.09.2011/occt/release-sources-20110930/drv/StepGeom/StepGeom_ElementarySurface.ixx
+M StepGeom:pubinclude:Handle_StepGeom_ConicalSurface.hxx /dn43/OCCT/tmp/results_30.09.2011/occt/release-sources-20110930/inc/Handle_StepGeom_ConicalSurface.hxx
+M StepGeom:pubinclude:StepGeom_ConicalSurface.hxx /dn43/OCCT/tmp/results_30.09.2011/occt/release-sources-20110930/inc/StepGeom_ConicalSurface.hxx
+M StepGeom:privinclude:StepGeom_ConicalSurface.jxx /dn43/OCCT/tmp/results_30.09.2011/occt/release-sources-20110930/drv/StepGeom/StepGeom_ConicalSurface.jxx
+M StepGeom:privinclude:StepGeom_ConicalSurface.ixx /dn43/OCCT/tmp/results_30.09.2011/occt/release-sources-20110930/drv/StepGeom/StepGeom_ConicalSurface.ixx
+M StepGeom:pubinclude:Handle_StepGeom_CylindricalSurface.hxx /dn43/OCCT/tmp/results_30.09.2011/occt/release-sources-20110930/inc/Handle_StepGeom_CylindricalSurface.hxx
+M StepGeom:pubinclude:StepGeom_CylindricalSurface.hxx /dn43/OCCT/tmp/results_30.09.2011/occt/release-sources-20110930/inc/StepGeom_CylindricalSurface.hxx
+M StepGeom:privinclude:StepGeom_CylindricalSurface.jxx /dn43/OCCT/tmp/results_30.09.2011/occt/release-sources-20110930/drv/StepGeom/StepGeom_CylindricalSurface.jxx
+M StepGeom:privinclude:StepGeom_CylindricalSurface.ixx /dn43/OCCT/tmp/results_30.09.2011/occt/release-sources-20110930/drv/StepGeom/StepGeom_CylindricalSurface.ixx
+M StepGeom:pubinclude:Handle_StepGeom_Plane.hxx /dn43/OCCT/tmp/results_30.09.2011/occt/release-sources-20110930/inc/Handle_StepGeom_Plane.hxx
+M StepGeom:pubinclude:StepGeom_Plane.hxx /dn43/OCCT/tmp/results_30.09.2011/occt/release-sources-20110930/inc/StepGeom_Plane.hxx
+M StepGeom:privinclude:StepGeom_Plane.jxx /dn43/OCCT/tmp/results_30.09.2011/occt/release-sources-20110930/drv/StepGeom/StepGeom_Plane.jxx
+M StepGeom:privinclude:StepGeom_Plane.ixx /dn43/OCCT/tmp/results_30.09.2011/occt/release-sources-20110930/drv/StepGeom/StepGeom_Plane.ixx
+M StepGeom:pubinclude:Handle_StepGeom_SphericalSurface.hxx /dn43/OCCT/tmp/results_30.09.2011/occt/release-sources-20110930/inc/Handle_StepGeom_SphericalSurface.hxx
+M StepGeom:pubinclude:StepGeom_SphericalSurface.hxx /dn43/OCCT/tmp/results_30.09.2011/occt/release-sources-20110930/inc/StepGeom_SphericalSurface.hxx
+M StepGeom:privinclude:StepGeom_SphericalSurface.jxx /dn43/OCCT/tmp/results_30.09.2011/occt/release-sources-20110930/drv/StepGeom/StepGeom_SphericalSurface.jxx
+M StepGeom:privinclude:StepGeom_SphericalSurface.ixx /dn43/OCCT/tmp/results_30.09.2011/occt/release-sources-20110930/drv/StepGeom/StepGeom_SphericalSurface.ixx
+M StepGeom:pubinclude:Handle_StepGeom_ToroidalSurface.hxx /dn43/OCCT/tmp/results_30.09.2011/occt/release-sources-20110930/inc/Handle_StepGeom_ToroidalSurface.hxx
+M StepGeom:pubinclude:StepGeom_ToroidalSurface.hxx /dn43/OCCT/tmp/results_30.09.2011/occt/release-sources-20110930/inc/StepGeom_ToroidalSurface.hxx
+M StepGeom:privinclude:StepGeom_ToroidalSurface.jxx /dn43/OCCT/tmp/results_30.09.2011/occt/release-sources-20110930/drv/StepGeom/StepGeom_ToroidalSurface.jxx
+M StepGeom:privinclude:StepGeom_ToroidalSurface.ixx /dn43/OCCT/tmp/results_30.09.2011/occt/release-sources-20110930/drv/StepGeom/StepGeom_ToroidalSurface.ixx
+M StepGeom:pubinclude:Handle_StepGeom_DegenerateToroidalSurface.hxx /dn43/OCCT/tmp/results_30.09.2011/occt/release-sources-20110930/inc/Handle_StepGeom_DegenerateToroidalSurface.hxx
+M StepGeom:pubinclude:StepGeom_DegenerateToroidalSurface.hxx /dn43/OCCT/tmp/results_30.09.2011/occt/release-sources-20110930/inc/StepGeom_DegenerateToroidalSurface.hxx
+M StepGeom:privinclude:StepGeom_DegenerateToroidalSurface.jxx /dn43/OCCT/tmp/results_30.09.2011/occt/release-sources-20110930/drv/StepGeom/StepGeom_DegenerateToroidalSurface.jxx
+M StepGeom:privinclude:StepGeom_DegenerateToroidalSurface.ixx /dn43/OCCT/tmp/results_30.09.2011/occt/release-sources-20110930/drv/StepGeom/StepGeom_DegenerateToroidalSurface.ixx
+M StepGeom:pubinclude:Handle_StepGeom_OffsetSurface.hxx /dn43/OCCT/tmp/results_30.09.2011/occt/release-sources-20110930/inc/Handle_StepGeom_OffsetSurface.hxx
+M StepGeom:pubinclude:StepGeom_OffsetSurface.hxx /dn43/OCCT/tmp/results_30.09.2011/occt/release-sources-20110930/inc/StepGeom_OffsetSurface.hxx
+M StepGeom:privinclude:StepGeom_OffsetSurface.jxx /dn43/OCCT/tmp/results_30.09.2011/occt/release-sources-20110930/drv/StepGeom/StepGeom_OffsetSurface.jxx
+M StepGeom:privinclude:StepGeom_OffsetSurface.ixx /dn43/OCCT/tmp/results_30.09.2011/occt/release-sources-20110930/drv/StepGeom/StepGeom_OffsetSurface.ixx
+M StepGeom:pubinclude:Handle_StepGeom_SurfaceReplica.hxx /dn43/OCCT/tmp/results_30.09.2011/occt/release-sources-20110930/inc/Handle_StepGeom_SurfaceReplica.hxx
+M StepGeom:pubinclude:StepGeom_SurfaceReplica.hxx /dn43/OCCT/tmp/results_30.09.2011/occt/release-sources-20110930/inc/StepGeom_SurfaceReplica.hxx
+M StepGeom:privinclude:StepGeom_SurfaceReplica.jxx /dn43/OCCT/tmp/results_30.09.2011/occt/release-sources-20110930/drv/StepGeom/StepGeom_SurfaceReplica.jxx
+M StepGeom:privinclude:StepGeom_SurfaceReplica.ixx /dn43/OCCT/tmp/results_30.09.2011/occt/release-sources-20110930/drv/StepGeom/StepGeom_SurfaceReplica.ixx
+M StepGeom:pubinclude:Handle_StepGeom_SweptSurface.hxx /dn43/OCCT/tmp/results_30.09.2011/occt/release-sources-20110930/inc/Handle_StepGeom_SweptSurface.hxx
+M StepGeom:pubinclude:StepGeom_SweptSurface.hxx /dn43/OCCT/tmp/results_30.09.2011/occt/release-sources-20110930/inc/StepGeom_SweptSurface.hxx
+M StepGeom:privinclude:StepGeom_SweptSurface.jxx /dn43/OCCT/tmp/results_30.09.2011/occt/release-sources-20110930/drv/StepGeom/StepGeom_SweptSurface.jxx
+M StepGeom:privinclude:StepGeom_SweptSurface.ixx /dn43/OCCT/tmp/results_30.09.2011/occt/release-sources-20110930/drv/StepGeom/StepGeom_SweptSurface.ixx
+M StepGeom:pubinclude:Handle_StepGeom_SurfaceOfLinearExtrusion.hxx /dn43/OCCT/tmp/results_30.09.2011/occt/release-sources-20110930/inc/Handle_StepGeom_SurfaceOfLinearExtrusion.hxx
+M StepGeom:pubinclude:StepGeom_SurfaceOfLinearExtrusion.hxx /dn43/OCCT/tmp/results_30.09.2011/occt/release-sources-20110930/inc/StepGeom_SurfaceOfLinearExtrusion.hxx
+M StepGeom:privinclude:StepGeom_SurfaceOfLinearExtrusion.jxx /dn43/OCCT/tmp/results_30.09.2011/occt/release-sources-20110930/drv/StepGeom/StepGeom_SurfaceOfLinearExtrusion.jxx
+M StepGeom:privinclude:StepGeom_SurfaceOfLinearExtrusion.ixx /dn43/OCCT/tmp/results_30.09.2011/occt/release-sources-20110930/drv/StepGeom/StepGeom_SurfaceOfLinearExtrusion.ixx
+M StepGeom:pubinclude:Handle_StepGeom_SurfaceOfRevolution.hxx /dn43/OCCT/tmp/results_30.09.2011/occt/release-sources-20110930/inc/Handle_StepGeom_SurfaceOfRevolution.hxx
+M StepGeom:pubinclude:StepGeom_SurfaceOfRevolution.hxx /dn43/OCCT/tmp/results_30.09.2011/occt/release-sources-20110930/inc/StepGeom_SurfaceOfRevolution.hxx
+M StepGeom:privinclude:StepGeom_SurfaceOfRevolution.jxx /dn43/OCCT/tmp/results_30.09.2011/occt/release-sources-20110930/drv/StepGeom/StepGeom_SurfaceOfRevolution.jxx
+M StepGeom:privinclude:StepGeom_SurfaceOfRevolution.ixx /dn43/OCCT/tmp/results_30.09.2011/occt/release-sources-20110930/drv/StepGeom/StepGeom_SurfaceOfRevolution.ixx
+M StepGeom:pubinclude:Handle_StepGeom_OrientedSurface.hxx /dn43/OCCT/tmp/results_30.09.2011/occt/release-sources-20110930/inc/Handle_StepGeom_OrientedSurface.hxx
+M StepGeom:pubinclude:StepGeom_OrientedSurface.hxx /dn43/OCCT/tmp/results_30.09.2011/occt/release-sources-20110930/inc/StepGeom_OrientedSurface.hxx
+M StepGeom:privinclude:StepGeom_OrientedSurface.jxx /dn43/OCCT/tmp/results_30.09.2011/occt/release-sources-20110930/drv/StepGeom/StepGeom_OrientedSurface.jxx
+M StepGeom:privinclude:StepGeom_OrientedSurface.ixx /dn43/OCCT/tmp/results_30.09.2011/occt/release-sources-20110930/drv/StepGeom/StepGeom_OrientedSurface.ixx
+M StepGeom:pubinclude:Handle_StepGeom_Vector.hxx /dn43/OCCT/tmp/results_30.09.2011/occt/release-sources-20110930/inc/Handle_StepGeom_Vector.hxx
+M StepGeom:pubinclude:StepGeom_Vector.hxx /dn43/OCCT/tmp/results_30.09.2011/occt/release-sources-20110930/inc/StepGeom_Vector.hxx
+M StepGeom:privinclude:StepGeom_Vector.jxx /dn43/OCCT/tmp/results_30.09.2011/occt/release-sources-20110930/drv/StepGeom/StepGeom_Vector.jxx
+M StepGeom:privinclude:StepGeom_Vector.ixx /dn43/OCCT/tmp/results_30.09.2011/occt/release-sources-20110930/drv/StepGeom/StepGeom_Vector.ixx
+M StepGeom:pubinclude:Handle_StepGeom_SurfacePatch.hxx /dn43/OCCT/tmp/results_30.09.2011/occt/release-sources-20110930/inc/Handle_StepGeom_SurfacePatch.hxx
+M StepGeom:pubinclude:StepGeom_SurfacePatch.hxx /dn43/OCCT/tmp/results_30.09.2011/occt/release-sources-20110930/inc/StepGeom_SurfacePatch.hxx
+M StepGeom:privinclude:StepGeom_SurfacePatch.jxx /dn43/OCCT/tmp/results_30.09.2011/occt/release-sources-20110930/drv/StepGeom/StepGeom_SurfacePatch.jxx
+M StepGeom:privinclude:StepGeom_SurfacePatch.ixx /dn43/OCCT/tmp/results_30.09.2011/occt/release-sources-20110930/drv/StepGeom/StepGeom_SurfacePatch.ixx
+M StepGeom:pubinclude:StepGeom_SurfaceBoundary.hxx /dn43/OCCT/tmp/results_30.09.2011/occt/release-sources-20110930/inc/StepGeom_SurfaceBoundary.hxx
+M StepGeom:privinclude:StepGeom_SurfaceBoundary.jxx /dn43/OCCT/tmp/results_30.09.2011/occt/release-sources-20110930/drv/StepGeom/StepGeom_SurfaceBoundary.jxx
+M StepGeom:privinclude:StepGeom_SurfaceBoundary.ixx /dn43/OCCT/tmp/results_30.09.2011/occt/release-sources-20110930/drv/StepGeom/StepGeom_SurfaceBoundary.ixx
+M StepGeom:pubinclude:StepGeom_Array1OfCurve.hxx /dn43/OCCT/tmp/results_30.09.2011/occt/release-sources-20110930/inc/StepGeom_Array1OfCurve.hxx
+M StepGeom:derivated:StepGeom_Array1OfCurve_0.cxx /dn43/OCCT/tmp/results_30.09.2011/occt/release-sources-20110930/drv/StepGeom/StepGeom_Array1OfCurve_0.cxx
+M StepGeom:pubinclude:Handle_StepGeom_HArray1OfCurve.hxx /dn43/OCCT/tmp/results_30.09.2011/occt/release-sources-20110930/inc/Handle_StepGeom_HArray1OfCurve.hxx
+M StepGeom:pubinclude:StepGeom_HArray1OfCurve.hxx /dn43/OCCT/tmp/results_30.09.2011/occt/release-sources-20110930/inc/StepGeom_HArray1OfCurve.hxx
+M StepGeom:derivated:StepGeom_HArray1OfCurve_0.cxx /dn43/OCCT/tmp/results_30.09.2011/occt/release-sources-20110930/drv/StepGeom/StepGeom_HArray1OfCurve_0.cxx
+M StepGeom:pubinclude:StepGeom_Array1OfCartesianPoint.hxx /dn43/OCCT/tmp/results_30.09.2011/occt/release-sources-20110930/inc/StepGeom_Array1OfCartesianPoint.hxx
+M StepGeom:derivated:StepGeom_Array1OfCartesianPoint_0.cxx /dn43/OCCT/tmp/results_30.09.2011/occt/release-sources-20110930/drv/StepGeom/StepGeom_Array1OfCartesianPoint_0.cxx
+M StepGeom:pubinclude:Handle_StepGeom_HArray1OfCartesianPoint.hxx /dn43/OCCT/tmp/results_30.09.2011/occt/release-sources-20110930/inc/Handle_StepGeom_HArray1OfCartesianPoint.hxx
+M StepGeom:pubinclude:StepGeom_HArray1OfCartesianPoint.hxx /dn43/OCCT/tmp/results_30.09.2011/occt/release-sources-20110930/inc/StepGeom_HArray1OfCartesianPoint.hxx
+M StepGeom:derivated:StepGeom_HArray1OfCartesianPoint_0.cxx /dn43/OCCT/tmp/results_30.09.2011/occt/release-sources-20110930/drv/StepGeom/StepGeom_HArray1OfCartesianPoint_0.cxx
+M StepGeom:pubinclude:StepGeom_Array2OfCartesianPoint.hxx /dn43/OCCT/tmp/results_30.09.2011/occt/release-sources-20110930/inc/StepGeom_Array2OfCartesianPoint.hxx
+M StepGeom:derivated:StepGeom_Array2OfCartesianPoint_0.cxx /dn43/OCCT/tmp/results_30.09.2011/occt/release-sources-20110930/drv/StepGeom/StepGeom_Array2OfCartesianPoint_0.cxx
+M StepGeom:pubinclude:Handle_StepGeom_HArray2OfCartesianPoint.hxx /dn43/OCCT/tmp/results_30.09.2011/occt/release-sources-20110930/inc/Handle_StepGeom_HArray2OfCartesianPoint.hxx
+M StepGeom:pubinclude:StepGeom_HArray2OfCartesianPoint.hxx /dn43/OCCT/tmp/results_30.09.2011/occt/release-sources-20110930/inc/StepGeom_HArray2OfCartesianPoint.hxx
+M StepGeom:derivated:StepGeom_HArray2OfCartesianPoint_0.cxx /dn43/OCCT/tmp/results_30.09.2011/occt/release-sources-20110930/drv/StepGeom/StepGeom_HArray2OfCartesianPoint_0.cxx
+M StepGeom:pubinclude:StepGeom_Array1OfCompositeCurveSegment.hxx /dn43/OCCT/tmp/results_30.09.2011/occt/release-sources-20110930/inc/StepGeom_Array1OfCompositeCurveSegment.hxx
+M StepGeom:derivated:StepGeom_Array1OfCompositeCurveSegment_0.cxx /dn43/OCCT/tmp/results_30.09.2011/occt/release-sources-20110930/drv/StepGeom/StepGeom_Array1OfCompositeCurveSegment_0.cxx
+M StepGeom:pubinclude:Handle_StepGeom_HArray1OfCompositeCurveSegment.hxx /dn43/OCCT/tmp/results_30.09.2011/occt/release-sources-20110930/inc/Handle_StepGeom_HArray1OfCompositeCurveSegment.hxx
+M StepGeom:pubinclude:StepGeom_HArray1OfCompositeCurveSegment.hxx /dn43/OCCT/tmp/results_30.09.2011/occt/release-sources-20110930/inc/StepGeom_HArray1OfCompositeCurveSegment.hxx
+M StepGeom:derivated:StepGeom_HArray1OfCompositeCurveSegment_0.cxx /dn43/OCCT/tmp/results_30.09.2011/occt/release-sources-20110930/drv/StepGeom/StepGeom_HArray1OfCompositeCurveSegment_0.cxx
+M StepGeom:pubinclude:StepGeom_Array1OfBoundaryCurve.hxx /dn43/OCCT/tmp/results_30.09.2011/occt/release-sources-20110930/inc/StepGeom_Array1OfBoundaryCurve.hxx
+M StepGeom:derivated:StepGeom_Array1OfBoundaryCurve_0.cxx /dn43/OCCT/tmp/results_30.09.2011/occt/release-sources-20110930/drv/StepGeom/StepGeom_Array1OfBoundaryCurve_0.cxx
+M StepGeom:pubinclude:Handle_StepGeom_HArray1OfBoundaryCurve.hxx /dn43/OCCT/tmp/results_30.09.2011/occt/release-sources-20110930/inc/Handle_StepGeom_HArray1OfBoundaryCurve.hxx
+M StepGeom:pubinclude:StepGeom_HArray1OfBoundaryCurve.hxx /dn43/OCCT/tmp/results_30.09.2011/occt/release-sources-20110930/inc/StepGeom_HArray1OfBoundaryCurve.hxx
+M StepGeom:derivated:StepGeom_HArray1OfBoundaryCurve_0.cxx /dn43/OCCT/tmp/results_30.09.2011/occt/release-sources-20110930/drv/StepGeom/StepGeom_HArray1OfBoundaryCurve_0.cxx
+M StepGeom:pubinclude:StepGeom_Array2OfSurfacePatch.hxx /dn43/OCCT/tmp/results_30.09.2011/occt/release-sources-20110930/inc/StepGeom_Array2OfSurfacePatch.hxx
+M StepGeom:derivated:StepGeom_Array2OfSurfacePatch_0.cxx /dn43/OCCT/tmp/results_30.09.2011/occt/release-sources-20110930/drv/StepGeom/StepGeom_Array2OfSurfacePatch_0.cxx
+M StepGeom:pubinclude:Handle_StepGeom_HArray2OfSurfacePatch.hxx /dn43/OCCT/tmp/results_30.09.2011/occt/release-sources-20110930/inc/Handle_StepGeom_HArray2OfSurfacePatch.hxx
+M StepGeom:pubinclude:StepGeom_HArray2OfSurfacePatch.hxx /dn43/OCCT/tmp/results_30.09.2011/occt/release-sources-20110930/inc/StepGeom_HArray2OfSurfacePatch.hxx
+M StepGeom:derivated:StepGeom_HArray2OfSurfacePatch_0.cxx /dn43/OCCT/tmp/results_30.09.2011/occt/release-sources-20110930/drv/StepGeom/StepGeom_HArray2OfSurfacePatch_0.cxx
+M StepGeom:pubinclude:StepGeom_Array1OfSurfaceBoundary.hxx /dn43/OCCT/tmp/results_30.09.2011/occt/release-sources-20110930/inc/StepGeom_Array1OfSurfaceBoundary.hxx
+M StepGeom:derivated:StepGeom_Array1OfSurfaceBoundary_0.cxx /dn43/OCCT/tmp/results_30.09.2011/occt/release-sources-20110930/drv/StepGeom/StepGeom_Array1OfSurfaceBoundary_0.cxx
+M StepGeom:pubinclude:Handle_StepGeom_HArray1OfSurfaceBoundary.hxx /dn43/OCCT/tmp/results_30.09.2011/occt/release-sources-20110930/inc/Handle_StepGeom_HArray1OfSurfaceBoundary.hxx
+M StepGeom:pubinclude:StepGeom_HArray1OfSurfaceBoundary.hxx /dn43/OCCT/tmp/results_30.09.2011/occt/release-sources-20110930/inc/StepGeom_HArray1OfSurfaceBoundary.hxx
+M StepGeom:derivated:StepGeom_HArray1OfSurfaceBoundary_0.cxx /dn43/OCCT/tmp/results_30.09.2011/occt/release-sources-20110930/drv/StepGeom/StepGeom_HArray1OfSurfaceBoundary_0.cxx
+M StepGeom:pubinclude:StepGeom_Array1OfPcurveOrSurface.hxx /dn43/OCCT/tmp/results_30.09.2011/occt/release-sources-20110930/inc/StepGeom_Array1OfPcurveOrSurface.hxx
+M StepGeom:derivated:StepGeom_Array1OfPcurveOrSurface_0.cxx /dn43/OCCT/tmp/results_30.09.2011/occt/release-sources-20110930/drv/StepGeom/StepGeom_Array1OfPcurveOrSurface_0.cxx
+M StepGeom:pubinclude:Handle_StepGeom_HArray1OfPcurveOrSurface.hxx /dn43/OCCT/tmp/results_30.09.2011/occt/release-sources-20110930/inc/Handle_StepGeom_HArray1OfPcurveOrSurface.hxx
+M StepGeom:pubinclude:StepGeom_HArray1OfPcurveOrSurface.hxx /dn43/OCCT/tmp/results_30.09.2011/occt/release-sources-20110930/inc/StepGeom_HArray1OfPcurveOrSurface.hxx
+M StepGeom:derivated:StepGeom_HArray1OfPcurveOrSurface_0.cxx /dn43/OCCT/tmp/results_30.09.2011/occt/release-sources-20110930/drv/StepGeom/StepGeom_HArray1OfPcurveOrSurface_0.cxx
+M StepGeom:pubinclude:StepGeom_Array1OfTrimmingSelect.hxx /dn43/OCCT/tmp/results_30.09.2011/occt/release-sources-20110930/inc/StepGeom_Array1OfTrimmingSelect.hxx
+M StepGeom:derivated:StepGeom_Array1OfTrimmingSelect_0.cxx /dn43/OCCT/tmp/results_30.09.2011/occt/release-sources-20110930/drv/StepGeom/StepGeom_Array1OfTrimmingSelect_0.cxx
+M StepGeom:pubinclude:Handle_StepGeom_HArray1OfTrimmingSelect.hxx /dn43/OCCT/tmp/results_30.09.2011/occt/release-sources-20110930/inc/Handle_StepGeom_HArray1OfTrimmingSelect.hxx
+M StepGeom:pubinclude:StepGeom_HArray1OfTrimmingSelect.hxx /dn43/OCCT/tmp/results_30.09.2011/occt/release-sources-20110930/inc/StepGeom_HArray1OfTrimmingSelect.hxx
+M StepGeom:derivated:StepGeom_HArray1OfTrimmingSelect_0.cxx /dn43/OCCT/tmp/results_30.09.2011/occt/release-sources-20110930/drv/StepGeom/StepGeom_HArray1OfTrimmingSelect_0.cxx
+M StepGeom:pubinclude:StepGeom_BSplineCurveForm.hxx /dn43/OCCT/tmp/results_30.09.2011/occt/release-sources-20110930/inc/StepGeom_BSplineCurveForm.hxx
+M StepGeom:pubinclude:StepGeom_BSplineSurfaceForm.hxx /dn43/OCCT/tmp/results_30.09.2011/occt/release-sources-20110930/inc/StepGeom_BSplineSurfaceForm.hxx
+M StepGeom:pubinclude:StepGeom_KnotType.hxx /dn43/OCCT/tmp/results_30.09.2011/occt/release-sources-20110930/inc/StepGeom_KnotType.hxx
+M StepGeom:pubinclude:StepGeom_PreferredSurfaceCurveRepresentation.hxx /dn43/OCCT/tmp/results_30.09.2011/occt/release-sources-20110930/inc/StepGeom_PreferredSurfaceCurveRepresentation.hxx
+M StepGeom:pubinclude:StepGeom_TransitionCode.hxx /dn43/OCCT/tmp/results_30.09.2011/occt/release-sources-20110930/inc/StepGeom_TransitionCode.hxx
+M StepGeom:pubinclude:StepGeom_TrimmingPreference.hxx /dn43/OCCT/tmp/results_30.09.2011/occt/release-sources-20110930/inc/StepGeom_TrimmingPreference.hxx
+M StepGeom:dbadmfile:StepGeom_xcpp_header.In /dn43/OCCT/tmp/results_30.09.2011/occt/release-sources-20110930/drv/StepGeom/.adm/StepGeom_xcpp_header.In
+M StepGeom:dbadmfile:StepGeom_xcpp_header.Out /dn43/OCCT/tmp/results_30.09.2011/occt/release-sources-20110930/drv/StepGeom/.adm/StepGeom_xcpp_header.Out
+M StepGeom:dbadmfile:StepGeom_xcpp_header.Dep /dn43/OCCT/tmp/results_30.09.2011/occt/release-sources-20110930/drv/StepGeom/.adm/StepGeom_xcpp_header.Dep
