+M BlendFunc:pubinclude:BlendFunc.hxx /dn43/OCCT/tmp/results_30.09.2011/occt/release-sources-20110930/inc/BlendFunc.hxx
+M BlendFunc:privinclude:BlendFunc.jxx /dn43/OCCT/tmp/results_30.09.2011/occt/release-sources-20110930/drv/BlendFunc/BlendFunc.jxx
+M BlendFunc:privinclude:BlendFunc.ixx /dn43/OCCT/tmp/results_30.09.2011/occt/release-sources-20110930/drv/BlendFunc/BlendFunc.ixx
+M BlendFunc:pubinclude:BlendFunc_ConstRad.hxx /dn43/OCCT/tmp/results_30.09.2011/occt/release-sources-20110930/inc/BlendFunc_ConstRad.hxx
+M BlendFunc:privinclude:BlendFunc_ConstRad.jxx /dn43/OCCT/tmp/results_30.09.2011/occt/release-sources-20110930/drv/BlendFunc/BlendFunc_ConstRad.jxx
+M BlendFunc:privinclude:BlendFunc_ConstRad.ixx /dn43/OCCT/tmp/results_30.09.2011/occt/release-sources-20110930/drv/BlendFunc/BlendFunc_ConstRad.ixx
+M BlendFunc:pubinclude:BlendFunc_ConstRadInv.hxx /dn43/OCCT/tmp/results_30.09.2011/occt/release-sources-20110930/inc/BlendFunc_ConstRadInv.hxx
+M BlendFunc:privinclude:BlendFunc_ConstRadInv.jxx /dn43/OCCT/tmp/results_30.09.2011/occt/release-sources-20110930/drv/BlendFunc/BlendFunc_ConstRadInv.jxx
+M BlendFunc:privinclude:BlendFunc_ConstRadInv.ixx /dn43/OCCT/tmp/results_30.09.2011/occt/release-sources-20110930/drv/BlendFunc/BlendFunc_ConstRadInv.ixx
+M BlendFunc:pubinclude:BlendFunc_Ruled.hxx /dn43/OCCT/tmp/results_30.09.2011/occt/release-sources-20110930/inc/BlendFunc_Ruled.hxx
+M BlendFunc:privinclude:BlendFunc_Ruled.jxx /dn43/OCCT/tmp/results_30.09.2011/occt/release-sources-20110930/drv/BlendFunc/BlendFunc_Ruled.jxx
+M BlendFunc:privinclude:BlendFunc_Ruled.ixx /dn43/OCCT/tmp/results_30.09.2011/occt/release-sources-20110930/drv/BlendFunc/BlendFunc_Ruled.ixx
+M BlendFunc:pubinclude:BlendFunc_RuledInv.hxx /dn43/OCCT/tmp/results_30.09.2011/occt/release-sources-20110930/inc/BlendFunc_RuledInv.hxx
+M BlendFunc:privinclude:BlendFunc_RuledInv.jxx /dn43/OCCT/tmp/results_30.09.2011/occt/release-sources-20110930/drv/BlendFunc/BlendFunc_RuledInv.jxx
+M BlendFunc:privinclude:BlendFunc_RuledInv.ixx /dn43/OCCT/tmp/results_30.09.2011/occt/release-sources-20110930/drv/BlendFunc/BlendFunc_RuledInv.ixx
+M BlendFunc:pubinclude:BlendFunc_EvolRad.hxx /dn43/OCCT/tmp/results_30.09.2011/occt/release-sources-20110930/inc/BlendFunc_EvolRad.hxx
+M BlendFunc:privinclude:BlendFunc_EvolRad.jxx /dn43/OCCT/tmp/results_30.09.2011/occt/release-sources-20110930/drv/BlendFunc/BlendFunc_EvolRad.jxx
+M BlendFunc:privinclude:BlendFunc_EvolRad.ixx /dn43/OCCT/tmp/results_30.09.2011/occt/release-sources-20110930/drv/BlendFunc/BlendFunc_EvolRad.ixx
+M BlendFunc:pubinclude:BlendFunc_EvolRadInv.hxx /dn43/OCCT/tmp/results_30.09.2011/occt/release-sources-20110930/inc/BlendFunc_EvolRadInv.hxx
+M BlendFunc:privinclude:BlendFunc_EvolRadInv.jxx /dn43/OCCT/tmp/results_30.09.2011/occt/release-sources-20110930/drv/BlendFunc/BlendFunc_EvolRadInv.jxx
+M BlendFunc:privinclude:BlendFunc_EvolRadInv.ixx /dn43/OCCT/tmp/results_30.09.2011/occt/release-sources-20110930/drv/BlendFunc/BlendFunc_EvolRadInv.ixx
+M BlendFunc:pubinclude:BlendFunc_CSConstRad.hxx /dn43/OCCT/tmp/results_30.09.2011/occt/release-sources-20110930/inc/BlendFunc_CSConstRad.hxx
+M BlendFunc:privinclude:BlendFunc_CSConstRad.jxx /dn43/OCCT/tmp/results_30.09.2011/occt/release-sources-20110930/drv/BlendFunc/BlendFunc_CSConstRad.jxx
+M BlendFunc:privinclude:BlendFunc_CSConstRad.ixx /dn43/OCCT/tmp/results_30.09.2011/occt/release-sources-20110930/drv/BlendFunc/BlendFunc_CSConstRad.ixx
+M BlendFunc:pubinclude:BlendFunc_CSCircular.hxx /dn43/OCCT/tmp/results_30.09.2011/occt/release-sources-20110930/inc/BlendFunc_CSCircular.hxx
+M BlendFunc:privinclude:BlendFunc_CSCircular.jxx /dn43/OCCT/tmp/results_30.09.2011/occt/release-sources-20110930/drv/BlendFunc/BlendFunc_CSCircular.jxx
+M BlendFunc:privinclude:BlendFunc_CSCircular.ixx /dn43/OCCT/tmp/results_30.09.2011/occt/release-sources-20110930/drv/BlendFunc/BlendFunc_CSCircular.ixx
+M BlendFunc:pubinclude:BlendFunc_Corde.hxx /dn43/OCCT/tmp/results_30.09.2011/occt/release-sources-20110930/inc/BlendFunc_Corde.hxx
+M BlendFunc:privinclude:BlendFunc_Corde.jxx /dn43/OCCT/tmp/results_30.09.2011/occt/release-sources-20110930/drv/BlendFunc/BlendFunc_Corde.jxx
+M BlendFunc:privinclude:BlendFunc_Corde.ixx /dn43/OCCT/tmp/results_30.09.2011/occt/release-sources-20110930/drv/BlendFunc/BlendFunc_Corde.ixx
+M BlendFunc:pubinclude:BlendFunc_Chamfer.hxx /dn43/OCCT/tmp/results_30.09.2011/occt/release-sources-20110930/inc/BlendFunc_Chamfer.hxx
+M BlendFunc:privinclude:BlendFunc_Chamfer.jxx /dn43/OCCT/tmp/results_30.09.2011/occt/release-sources-20110930/drv/BlendFunc/BlendFunc_Chamfer.jxx
+M BlendFunc:privinclude:BlendFunc_Chamfer.ixx /dn43/OCCT/tmp/results_30.09.2011/occt/release-sources-20110930/drv/BlendFunc/BlendFunc_Chamfer.ixx
+M BlendFunc:pubinclude:BlendFunc_ChamfInv.hxx /dn43/OCCT/tmp/results_30.09.2011/occt/release-sources-20110930/inc/BlendFunc_ChamfInv.hxx
+M BlendFunc:privinclude:BlendFunc_ChamfInv.jxx /dn43/OCCT/tmp/results_30.09.2011/occt/release-sources-20110930/drv/BlendFunc/BlendFunc_ChamfInv.jxx
+M BlendFunc:privinclude:BlendFunc_ChamfInv.ixx /dn43/OCCT/tmp/results_30.09.2011/occt/release-sources-20110930/drv/BlendFunc/BlendFunc_ChamfInv.ixx
+M BlendFunc:pubinclude:BlendFunc_ChAsym.hxx /dn43/OCCT/tmp/results_30.09.2011/occt/release-sources-20110930/inc/BlendFunc_ChAsym.hxx
+M BlendFunc:privinclude:BlendFunc_ChAsym.jxx /dn43/OCCT/tmp/results_30.09.2011/occt/release-sources-20110930/drv/BlendFunc/BlendFunc_ChAsym.jxx
+M BlendFunc:privinclude:BlendFunc_ChAsym.ixx /dn43/OCCT/tmp/results_30.09.2011/occt/release-sources-20110930/drv/BlendFunc/BlendFunc_ChAsym.ixx
+M BlendFunc:pubinclude:BlendFunc_ChAsymInv.hxx /dn43/OCCT/tmp/results_30.09.2011/occt/release-sources-20110930/inc/BlendFunc_ChAsymInv.hxx
+M BlendFunc:privinclude:BlendFunc_ChAsymInv.jxx /dn43/OCCT/tmp/results_30.09.2011/occt/release-sources-20110930/drv/BlendFunc/BlendFunc_ChAsymInv.jxx
+M BlendFunc:privinclude:BlendFunc_ChAsymInv.ixx /dn43/OCCT/tmp/results_30.09.2011/occt/release-sources-20110930/drv/BlendFunc/BlendFunc_ChAsymInv.ixx
+M BlendFunc:pubinclude:BlendFunc_Tensor.hxx /dn43/OCCT/tmp/results_30.09.2011/occt/release-sources-20110930/inc/BlendFunc_Tensor.hxx
+M BlendFunc:privinclude:BlendFunc_Tensor.jxx /dn43/OCCT/tmp/results_30.09.2011/occt/release-sources-20110930/drv/BlendFunc/BlendFunc_Tensor.jxx
+M BlendFunc:privinclude:BlendFunc_Tensor.ixx /dn43/OCCT/tmp/results_30.09.2011/occt/release-sources-20110930/drv/BlendFunc/BlendFunc_Tensor.ixx
+M BlendFunc:pubinclude:BlendFunc_SectionShape.hxx /dn43/OCCT/tmp/results_30.09.2011/occt/release-sources-20110930/inc/BlendFunc_SectionShape.hxx
+M BlendFunc:dbadmfile:BlendFunc_xcpp_header.In /dn43/OCCT/tmp/results_30.09.2011/occt/release-sources-20110930/drv/BlendFunc/.adm/BlendFunc_xcpp_header.In
+M BlendFunc:dbadmfile:BlendFunc_xcpp_header.Out /dn43/OCCT/tmp/results_30.09.2011/occt/release-sources-20110930/drv/BlendFunc/.adm/BlendFunc_xcpp_header.Out
+M BlendFunc:dbadmfile:BlendFunc_xcpp_header.Dep /dn43/OCCT/tmp/results_30.09.2011/occt/release-sources-20110930/drv/BlendFunc/.adm/BlendFunc_xcpp_header.Dep
