+M GeomLib:pubinclude:GeomLib.hxx /dn43/OCCT/tmp/results_28.02.2011/occt/release-sources-20110228/inc/GeomLib.hxx
+M GeomLib:privinclude:GeomLib.jxx /dn43/OCCT/tmp/results_28.02.2011/occt/release-sources-20110228/drv/GeomLib/GeomLib.jxx
+M GeomLib:privinclude:GeomLib.ixx /dn43/OCCT/tmp/results_28.02.2011/occt/release-sources-20110228/drv/GeomLib/GeomLib.ixx
+M GeomLib:pubinclude:GeomLib_Array1OfMat.hxx /dn43/OCCT/tmp/results_28.02.2011/occt/release-sources-20110228/inc/GeomLib_Array1OfMat.hxx
+M GeomLib:derivated:GeomLib_Array1OfMat_0.cxx /dn43/OCCT/tmp/results_28.02.2011/occt/release-sources-20110228/drv/GeomLib/GeomLib_Array1OfMat_0.cxx
+M GeomLib:pubinclude:GeomLib_MakeCurvefromApprox.hxx /dn43/OCCT/tmp/results_28.02.2011/occt/release-sources-20110228/inc/GeomLib_MakeCurvefromApprox.hxx
+M GeomLib:privinclude:GeomLib_MakeCurvefromApprox.jxx /dn43/OCCT/tmp/results_28.02.2011/occt/release-sources-20110228/drv/GeomLib/GeomLib_MakeCurvefromApprox.jxx
+M GeomLib:privinclude:GeomLib_MakeCurvefromApprox.ixx /dn43/OCCT/tmp/results_28.02.2011/occt/release-sources-20110228/drv/GeomLib/GeomLib_MakeCurvefromApprox.ixx
+M GeomLib:pubinclude:GeomLib_Interpolate.hxx /dn43/OCCT/tmp/results_28.02.2011/occt/release-sources-20110228/inc/GeomLib_Interpolate.hxx
+M GeomLib:privinclude:GeomLib_Interpolate.jxx /dn43/OCCT/tmp/results_28.02.2011/occt/release-sources-20110228/drv/GeomLib/GeomLib_Interpolate.jxx
+M GeomLib:privinclude:GeomLib_Interpolate.ixx /dn43/OCCT/tmp/results_28.02.2011/occt/release-sources-20110228/drv/GeomLib/GeomLib_Interpolate.ixx
+M GeomLib:pubinclude:GeomLib_DenominatorMultiplier.hxx /dn43/OCCT/tmp/results_28.02.2011/occt/release-sources-20110228/inc/GeomLib_DenominatorMultiplier.hxx
+M GeomLib:privinclude:GeomLib_DenominatorMultiplier.jxx /dn43/OCCT/tmp/results_28.02.2011/occt/release-sources-20110228/drv/GeomLib/GeomLib_DenominatorMultiplier.jxx
+M GeomLib:privinclude:GeomLib_DenominatorMultiplier.ixx /dn43/OCCT/tmp/results_28.02.2011/occt/release-sources-20110228/drv/GeomLib/GeomLib_DenominatorMultiplier.ixx
+M GeomLib:pubinclude:GeomLib_CheckBSplineCurve.hxx /dn43/OCCT/tmp/results_28.02.2011/occt/release-sources-20110228/inc/GeomLib_CheckBSplineCurve.hxx
+M GeomLib:privinclude:GeomLib_CheckBSplineCurve.jxx /dn43/OCCT/tmp/results_28.02.2011/occt/release-sources-20110228/drv/GeomLib/GeomLib_CheckBSplineCurve.jxx
+M GeomLib:privinclude:GeomLib_CheckBSplineCurve.ixx /dn43/OCCT/tmp/results_28.02.2011/occt/release-sources-20110228/drv/GeomLib/GeomLib_CheckBSplineCurve.ixx
+M GeomLib:pubinclude:GeomLib_Check2dBSplineCurve.hxx /dn43/OCCT/tmp/results_28.02.2011/occt/release-sources-20110228/inc/GeomLib_Check2dBSplineCurve.hxx
+M GeomLib:privinclude:GeomLib_Check2dBSplineCurve.jxx /dn43/OCCT/tmp/results_28.02.2011/occt/release-sources-20110228/drv/GeomLib/GeomLib_Check2dBSplineCurve.jxx
+M GeomLib:privinclude:GeomLib_Check2dBSplineCurve.ixx /dn43/OCCT/tmp/results_28.02.2011/occt/release-sources-20110228/drv/GeomLib/GeomLib_Check2dBSplineCurve.ixx
+M GeomLib:pubinclude:GeomLib_IsPlanarSurface.hxx /dn43/OCCT/tmp/results_28.02.2011/occt/release-sources-20110228/inc/GeomLib_IsPlanarSurface.hxx
+M GeomLib:privinclude:GeomLib_IsPlanarSurface.jxx /dn43/OCCT/tmp/results_28.02.2011/occt/release-sources-20110228/drv/GeomLib/GeomLib_IsPlanarSurface.jxx
+M GeomLib:privinclude:GeomLib_IsPlanarSurface.ixx /dn43/OCCT/tmp/results_28.02.2011/occt/release-sources-20110228/drv/GeomLib/GeomLib_IsPlanarSurface.ixx
+M GeomLib:pubinclude:GeomLib_Tool.hxx /dn43/OCCT/tmp/results_28.02.2011/occt/release-sources-20110228/inc/GeomLib_Tool.hxx
+M GeomLib:privinclude:GeomLib_Tool.jxx /dn43/OCCT/tmp/results_28.02.2011/occt/release-sources-20110228/drv/GeomLib/GeomLib_Tool.jxx
+M GeomLib:privinclude:GeomLib_Tool.ixx /dn43/OCCT/tmp/results_28.02.2011/occt/release-sources-20110228/drv/GeomLib/GeomLib_Tool.ixx
+M GeomLib:pubinclude:GeomLib_PolyFunc.hxx /dn43/OCCT/tmp/results_28.02.2011/occt/release-sources-20110228/inc/GeomLib_PolyFunc.hxx
+M GeomLib:privinclude:GeomLib_PolyFunc.jxx /dn43/OCCT/tmp/results_28.02.2011/occt/release-sources-20110228/drv/GeomLib/GeomLib_PolyFunc.jxx
+M GeomLib:privinclude:GeomLib_PolyFunc.ixx /dn43/OCCT/tmp/results_28.02.2011/occt/release-sources-20110228/drv/GeomLib/GeomLib_PolyFunc.ixx
+M GeomLib:pubinclude:GeomLib_LogSample.hxx /dn43/OCCT/tmp/results_28.02.2011/occt/release-sources-20110228/inc/GeomLib_LogSample.hxx
+M GeomLib:privinclude:GeomLib_LogSample.jxx /dn43/OCCT/tmp/results_28.02.2011/occt/release-sources-20110228/drv/GeomLib/GeomLib_LogSample.jxx
+M GeomLib:privinclude:GeomLib_LogSample.ixx /dn43/OCCT/tmp/results_28.02.2011/occt/release-sources-20110228/drv/GeomLib/GeomLib_LogSample.ixx
+M GeomLib:pubinclude:GeomLib_InterpolationErrors.hxx /dn43/OCCT/tmp/results_28.02.2011/occt/release-sources-20110228/inc/GeomLib_InterpolationErrors.hxx
+M GeomLib:pubinclude:GeomLib_DenominatorMultiplierPtr.hxx /dn43/OCCT/tmp/results_28.02.2011/occt/release-sources-20110228/inc/GeomLib_DenominatorMultiplierPtr.hxx
+M GeomLib:dbadmfile:GeomLib_xcpp_header.In /dn43/OCCT/tmp/results_28.02.2011/occt/release-sources-20110228/drv/GeomLib/.adm/GeomLib_xcpp_header.In
+M GeomLib:dbadmfile:GeomLib_xcpp_header.Out /dn43/OCCT/tmp/results_28.02.2011/occt/release-sources-20110228/drv/GeomLib/.adm/GeomLib_xcpp_header.Out
+M GeomLib:dbadmfile:GeomLib_xcpp_header.Dep /dn43/OCCT/tmp/results_28.02.2011/occt/release-sources-20110228/drv/GeomLib/.adm/GeomLib_xcpp_header.Dep
