+M Quantity:pubinclude:Quantity_Date.hxx /dn43/OCCT/tmp/results_31.05.2011/occt/release-sources-20110531/inc/Quantity_Date.hxx
+M Quantity:privinclude:Quantity_Date.jxx /dn43/OCCT/tmp/results_31.05.2011/occt/release-sources-20110531/drv/Quantity/Quantity_Date.jxx
+M Quantity:privinclude:Quantity_Date.ixx /dn43/OCCT/tmp/results_31.05.2011/occt/release-sources-20110531/drv/Quantity/Quantity_Date.ixx
+M Quantity:pubinclude:Quantity_Period.hxx /dn43/OCCT/tmp/results_31.05.2011/occt/release-sources-20110531/inc/Quantity_Period.hxx
+M Quantity:privinclude:Quantity_Period.jxx /dn43/OCCT/tmp/results_31.05.2011/occt/release-sources-20110531/drv/Quantity/Quantity_Period.jxx
+M Quantity:privinclude:Quantity_Period.ixx /dn43/OCCT/tmp/results_31.05.2011/occt/release-sources-20110531/drv/Quantity/Quantity_Period.ixx
+M Quantity:pubinclude:Quantity_Color.hxx /dn43/OCCT/tmp/results_31.05.2011/occt/release-sources-20110531/inc/Quantity_Color.hxx
+M Quantity:privinclude:Quantity_Color.jxx /dn43/OCCT/tmp/results_31.05.2011/occt/release-sources-20110531/drv/Quantity/Quantity_Color.jxx
+M Quantity:privinclude:Quantity_Color.ixx /dn43/OCCT/tmp/results_31.05.2011/occt/release-sources-20110531/drv/Quantity/Quantity_Color.ixx
+M Quantity:pubinclude:Quantity_Convert.hxx /dn43/OCCT/tmp/results_31.05.2011/occt/release-sources-20110531/inc/Quantity_Convert.hxx
+M Quantity:privinclude:Quantity_Convert.jxx /dn43/OCCT/tmp/results_31.05.2011/occt/release-sources-20110531/drv/Quantity/Quantity_Convert.jxx
+M Quantity:privinclude:Quantity_Convert.ixx /dn43/OCCT/tmp/results_31.05.2011/occt/release-sources-20110531/drv/Quantity/Quantity_Convert.ixx
+M Quantity:pubinclude:Quantity_Array1OfCoefficient.hxx /dn43/OCCT/tmp/results_31.05.2011/occt/release-sources-20110531/inc/Quantity_Array1OfCoefficient.hxx
+M Quantity:derivated:Quantity_Array1OfCoefficient_0.cxx /dn43/OCCT/tmp/results_31.05.2011/occt/release-sources-20110531/drv/Quantity/Quantity_Array1OfCoefficient_0.cxx
+M Quantity:pubinclude:Quantity_Array2OfColor.hxx /dn43/OCCT/tmp/results_31.05.2011/occt/release-sources-20110531/inc/Quantity_Array2OfColor.hxx
+M Quantity:derivated:Quantity_Array2OfColor_0.cxx /dn43/OCCT/tmp/results_31.05.2011/occt/release-sources-20110531/drv/Quantity/Quantity_Array2OfColor_0.cxx
+M Quantity:pubinclude:Quantity_Array1OfColor.hxx /dn43/OCCT/tmp/results_31.05.2011/occt/release-sources-20110531/inc/Quantity_Array1OfColor.hxx
+M Quantity:derivated:Quantity_Array1OfColor_0.cxx /dn43/OCCT/tmp/results_31.05.2011/occt/release-sources-20110531/drv/Quantity/Quantity_Array1OfColor_0.cxx
+M Quantity:pubinclude:Handle_Quantity_HArray1OfColor.hxx /dn43/OCCT/tmp/results_31.05.2011/occt/release-sources-20110531/inc/Handle_Quantity_HArray1OfColor.hxx
+M Quantity:pubinclude:Quantity_HArray1OfColor.hxx /dn43/OCCT/tmp/results_31.05.2011/occt/release-sources-20110531/inc/Quantity_HArray1OfColor.hxx
+M Quantity:derivated:Quantity_HArray1OfColor_0.cxx /dn43/OCCT/tmp/results_31.05.2011/occt/release-sources-20110531/drv/Quantity/Quantity_HArray1OfColor_0.cxx
+M Quantity:pubinclude:Handle_Quantity_DateDefinitionError.hxx /dn43/OCCT/tmp/results_31.05.2011/occt/release-sources-20110531/inc/Handle_Quantity_DateDefinitionError.hxx
+M Quantity:pubinclude:Quantity_DateDefinitionError.hxx /dn43/OCCT/tmp/results_31.05.2011/occt/release-sources-20110531/inc/Quantity_DateDefinitionError.hxx
+M Quantity:derivated:Quantity_DateDefinitionError_0.cxx /dn43/OCCT/tmp/results_31.05.2011/occt/release-sources-20110531/drv/Quantity/Quantity_DateDefinitionError_0.cxx
+M Quantity:pubinclude:Handle_Quantity_PeriodDefinitionError.hxx /dn43/OCCT/tmp/results_31.05.2011/occt/release-sources-20110531/inc/Handle_Quantity_PeriodDefinitionError.hxx
+M Quantity:pubinclude:Quantity_PeriodDefinitionError.hxx /dn43/OCCT/tmp/results_31.05.2011/occt/release-sources-20110531/inc/Quantity_PeriodDefinitionError.hxx
+M Quantity:derivated:Quantity_PeriodDefinitionError_0.cxx /dn43/OCCT/tmp/results_31.05.2011/occt/release-sources-20110531/drv/Quantity/Quantity_PeriodDefinitionError_0.cxx
+M Quantity:pubinclude:Handle_Quantity_ColorDefinitionError.hxx /dn43/OCCT/tmp/results_31.05.2011/occt/release-sources-20110531/inc/Handle_Quantity_ColorDefinitionError.hxx
+M Quantity:pubinclude:Quantity_ColorDefinitionError.hxx /dn43/OCCT/tmp/results_31.05.2011/occt/release-sources-20110531/inc/Quantity_ColorDefinitionError.hxx
+M Quantity:derivated:Quantity_ColorDefinitionError_0.cxx /dn43/OCCT/tmp/results_31.05.2011/occt/release-sources-20110531/drv/Quantity/Quantity_ColorDefinitionError_0.cxx
+M Quantity:pubinclude:Quantity_PhysicalQuantity.hxx /dn43/OCCT/tmp/results_31.05.2011/occt/release-sources-20110531/inc/Quantity_PhysicalQuantity.hxx
+M Quantity:pubinclude:Quantity_TypeOfColor.hxx /dn43/OCCT/tmp/results_31.05.2011/occt/release-sources-20110531/inc/Quantity_TypeOfColor.hxx
+M Quantity:pubinclude:Quantity_NameOfColor.hxx /dn43/OCCT/tmp/results_31.05.2011/occt/release-sources-20110531/inc/Quantity_NameOfColor.hxx
+M Quantity:pubinclude:Quantity_Scalaire.hxx /dn43/OCCT/tmp/results_31.05.2011/occt/release-sources-20110531/inc/Quantity_Scalaire.hxx
+M Quantity:pubinclude:Quantity_Parameter.hxx /dn43/OCCT/tmp/results_31.05.2011/occt/release-sources-20110531/inc/Quantity_Parameter.hxx
+M Quantity:pubinclude:Quantity_Quotient.hxx /dn43/OCCT/tmp/results_31.05.2011/occt/release-sources-20110531/inc/Quantity_Quotient.hxx
+M Quantity:pubinclude:Quantity_Ratio.hxx /dn43/OCCT/tmp/results_31.05.2011/occt/release-sources-20110531/inc/Quantity_Ratio.hxx
+M Quantity:pubinclude:Quantity_Coefficient.hxx /dn43/OCCT/tmp/results_31.05.2011/occt/release-sources-20110531/inc/Quantity_Coefficient.hxx
+M Quantity:pubinclude:Quantity_Factor.hxx /dn43/OCCT/tmp/results_31.05.2011/occt/release-sources-20110531/inc/Quantity_Factor.hxx
+M Quantity:pubinclude:Quantity_Index.hxx /dn43/OCCT/tmp/results_31.05.2011/occt/release-sources-20110531/inc/Quantity_Index.hxx
+M Quantity:pubinclude:Quantity_Constant.hxx /dn43/OCCT/tmp/results_31.05.2011/occt/release-sources-20110531/inc/Quantity_Constant.hxx
+M Quantity:pubinclude:Quantity_Content.hxx /dn43/OCCT/tmp/results_31.05.2011/occt/release-sources-20110531/inc/Quantity_Content.hxx
+M Quantity:pubinclude:Quantity_Rate.hxx /dn43/OCCT/tmp/results_31.05.2011/occt/release-sources-20110531/inc/Quantity_Rate.hxx
+M Quantity:pubinclude:Quantity_Normality.hxx /dn43/OCCT/tmp/results_31.05.2011/occt/release-sources-20110531/inc/Quantity_Normality.hxx
+M Quantity:pubinclude:Quantity_Mass.hxx /dn43/OCCT/tmp/results_31.05.2011/occt/release-sources-20110531/inc/Quantity_Mass.hxx
+M Quantity:pubinclude:Quantity_PlaneAngle.hxx /dn43/OCCT/tmp/results_31.05.2011/occt/release-sources-20110531/inc/Quantity_PlaneAngle.hxx
+M Quantity:pubinclude:Quantity_SolidAngle.hxx /dn43/OCCT/tmp/results_31.05.2011/occt/release-sources-20110531/inc/Quantity_SolidAngle.hxx
+M Quantity:pubinclude:Quantity_Length.hxx /dn43/OCCT/tmp/results_31.05.2011/occt/release-sources-20110531/inc/Quantity_Length.hxx
+M Quantity:pubinclude:Quantity_Area.hxx /dn43/OCCT/tmp/results_31.05.2011/occt/release-sources-20110531/inc/Quantity_Area.hxx
+M Quantity:pubinclude:Quantity_Volume.hxx /dn43/OCCT/tmp/results_31.05.2011/occt/release-sources-20110531/inc/Quantity_Volume.hxx
+M Quantity:pubinclude:Quantity_Speed.hxx /dn43/OCCT/tmp/results_31.05.2011/occt/release-sources-20110531/inc/Quantity_Speed.hxx
+M Quantity:pubinclude:Quantity_Velocity.hxx /dn43/OCCT/tmp/results_31.05.2011/occt/release-sources-20110531/inc/Quantity_Velocity.hxx
+M Quantity:pubinclude:Quantity_Acceleration.hxx /dn43/OCCT/tmp/results_31.05.2011/occt/release-sources-20110531/inc/Quantity_Acceleration.hxx
+M Quantity:pubinclude:Quantity_AngularVelocity.hxx /dn43/OCCT/tmp/results_31.05.2011/occt/release-sources-20110531/inc/Quantity_AngularVelocity.hxx
+M Quantity:pubinclude:Quantity_Frequency.hxx /dn43/OCCT/tmp/results_31.05.2011/occt/release-sources-20110531/inc/Quantity_Frequency.hxx
+M Quantity:pubinclude:Quantity_Temperature.hxx /dn43/OCCT/tmp/results_31.05.2011/occt/release-sources-20110531/inc/Quantity_Temperature.hxx
+M Quantity:pubinclude:Quantity_AmountOfSubstance.hxx /dn43/OCCT/tmp/results_31.05.2011/occt/release-sources-20110531/inc/Quantity_AmountOfSubstance.hxx
+M Quantity:pubinclude:Quantity_Density.hxx /dn43/OCCT/tmp/results_31.05.2011/occt/release-sources-20110531/inc/Quantity_Density.hxx
+M Quantity:pubinclude:Quantity_MassFlow.hxx /dn43/OCCT/tmp/results_31.05.2011/occt/release-sources-20110531/inc/Quantity_MassFlow.hxx
+M Quantity:pubinclude:Quantity_VolumeFlow.hxx /dn43/OCCT/tmp/results_31.05.2011/occt/release-sources-20110531/inc/Quantity_VolumeFlow.hxx
+M Quantity:pubinclude:Quantity_Consumption.hxx /dn43/OCCT/tmp/results_31.05.2011/occt/release-sources-20110531/inc/Quantity_Consumption.hxx
+M Quantity:pubinclude:Quantity_Momentum.hxx /dn43/OCCT/tmp/results_31.05.2011/occt/release-sources-20110531/inc/Quantity_Momentum.hxx
+M Quantity:pubinclude:Quantity_KineticMoment.hxx /dn43/OCCT/tmp/results_31.05.2011/occt/release-sources-20110531/inc/Quantity_KineticMoment.hxx
+M Quantity:pubinclude:Quantity_MomentOfInertia.hxx /dn43/OCCT/tmp/results_31.05.2011/occt/release-sources-20110531/inc/Quantity_MomentOfInertia.hxx
+M Quantity:pubinclude:Quantity_Force.hxx /dn43/OCCT/tmp/results_31.05.2011/occt/release-sources-20110531/inc/Quantity_Force.hxx
+M Quantity:pubinclude:Quantity_MomentOfAForce.hxx /dn43/OCCT/tmp/results_31.05.2011/occt/release-sources-20110531/inc/Quantity_MomentOfAForce.hxx
+M Quantity:pubinclude:Quantity_Torque.hxx /dn43/OCCT/tmp/results_31.05.2011/occt/release-sources-20110531/inc/Quantity_Torque.hxx
+M Quantity:pubinclude:Quantity_Weight.hxx /dn43/OCCT/tmp/results_31.05.2011/occt/release-sources-20110531/inc/Quantity_Weight.hxx
+M Quantity:pubinclude:Quantity_Pressure.hxx /dn43/OCCT/tmp/results_31.05.2011/occt/release-sources-20110531/inc/Quantity_Pressure.hxx
+M Quantity:pubinclude:Quantity_Viscosity.hxx /dn43/OCCT/tmp/results_31.05.2011/occt/release-sources-20110531/inc/Quantity_Viscosity.hxx
+M Quantity:pubinclude:Quantity_KinematicViscosity.hxx /dn43/OCCT/tmp/results_31.05.2011/occt/release-sources-20110531/inc/Quantity_KinematicViscosity.hxx
+M Quantity:pubinclude:Quantity_Energy.hxx /dn43/OCCT/tmp/results_31.05.2011/occt/release-sources-20110531/inc/Quantity_Energy.hxx
+M Quantity:pubinclude:Quantity_Work.hxx /dn43/OCCT/tmp/results_31.05.2011/occt/release-sources-20110531/inc/Quantity_Work.hxx
+M Quantity:pubinclude:Quantity_Power.hxx /dn43/OCCT/tmp/results_31.05.2011/occt/release-sources-20110531/inc/Quantity_Power.hxx
+M Quantity:pubinclude:Quantity_SurfaceTension.hxx /dn43/OCCT/tmp/results_31.05.2011/occt/release-sources-20110531/inc/Quantity_SurfaceTension.hxx
+M Quantity:pubinclude:Quantity_CoefficientOfExpansion.hxx /dn43/OCCT/tmp/results_31.05.2011/occt/release-sources-20110531/inc/Quantity_CoefficientOfExpansion.hxx
+M Quantity:pubinclude:Quantity_ThermalConductivity.hxx /dn43/OCCT/tmp/results_31.05.2011/occt/release-sources-20110531/inc/Quantity_ThermalConductivity.hxx
+M Quantity:pubinclude:Quantity_SpecificHeatCapacity.hxx /dn43/OCCT/tmp/results_31.05.2011/occt/release-sources-20110531/inc/Quantity_SpecificHeatCapacity.hxx
+M Quantity:pubinclude:Quantity_Entropy.hxx /dn43/OCCT/tmp/results_31.05.2011/occt/release-sources-20110531/inc/Quantity_Entropy.hxx
+M Quantity:pubinclude:Quantity_Enthalpy.hxx /dn43/OCCT/tmp/results_31.05.2011/occt/release-sources-20110531/inc/Quantity_Enthalpy.hxx
+M Quantity:pubinclude:Quantity_LuminousIntensity.hxx /dn43/OCCT/tmp/results_31.05.2011/occt/release-sources-20110531/inc/Quantity_LuminousIntensity.hxx
+M Quantity:pubinclude:Quantity_LuminousFlux.hxx /dn43/OCCT/tmp/results_31.05.2011/occt/release-sources-20110531/inc/Quantity_LuminousFlux.hxx
+M Quantity:pubinclude:Quantity_Luminance.hxx /dn43/OCCT/tmp/results_31.05.2011/occt/release-sources-20110531/inc/Quantity_Luminance.hxx
+M Quantity:pubinclude:Quantity_Illuminance.hxx /dn43/OCCT/tmp/results_31.05.2011/occt/release-sources-20110531/inc/Quantity_Illuminance.hxx
+M Quantity:pubinclude:Quantity_LuminousExposition.hxx /dn43/OCCT/tmp/results_31.05.2011/occt/release-sources-20110531/inc/Quantity_LuminousExposition.hxx
+M Quantity:pubinclude:Quantity_LuminousEfficacity.hxx /dn43/OCCT/tmp/results_31.05.2011/occt/release-sources-20110531/inc/Quantity_LuminousEfficacity.hxx
+M Quantity:pubinclude:Quantity_ElectricCharge.hxx /dn43/OCCT/tmp/results_31.05.2011/occt/release-sources-20110531/inc/Quantity_ElectricCharge.hxx
+M Quantity:pubinclude:Quantity_ElectricCurrent.hxx /dn43/OCCT/tmp/results_31.05.2011/occt/release-sources-20110531/inc/Quantity_ElectricCurrent.hxx
+M Quantity:pubinclude:Quantity_ElectricFieldStrength.hxx /dn43/OCCT/tmp/results_31.05.2011/occt/release-sources-20110531/inc/Quantity_ElectricFieldStrength.hxx
+M Quantity:pubinclude:Quantity_ElectricPotential.hxx /dn43/OCCT/tmp/results_31.05.2011/occt/release-sources-20110531/inc/Quantity_ElectricPotential.hxx
+M Quantity:pubinclude:Quantity_ElectricCapacitance.hxx /dn43/OCCT/tmp/results_31.05.2011/occt/release-sources-20110531/inc/Quantity_ElectricCapacitance.hxx
+M Quantity:pubinclude:Quantity_MagneticFlux.hxx /dn43/OCCT/tmp/results_31.05.2011/occt/release-sources-20110531/inc/Quantity_MagneticFlux.hxx
+M Quantity:pubinclude:Quantity_MagneticFluxDensity.hxx /dn43/OCCT/tmp/results_31.05.2011/occt/release-sources-20110531/inc/Quantity_MagneticFluxDensity.hxx
+M Quantity:pubinclude:Quantity_MagneticFieldStrength.hxx /dn43/OCCT/tmp/results_31.05.2011/occt/release-sources-20110531/inc/Quantity_MagneticFieldStrength.hxx
+M Quantity:pubinclude:Quantity_Reluctance.hxx /dn43/OCCT/tmp/results_31.05.2011/occt/release-sources-20110531/inc/Quantity_Reluctance.hxx
+M Quantity:pubinclude:Quantity_Resistance.hxx /dn43/OCCT/tmp/results_31.05.2011/occt/release-sources-20110531/inc/Quantity_Resistance.hxx
+M Quantity:pubinclude:Quantity_Inductance.hxx /dn43/OCCT/tmp/results_31.05.2011/occt/release-sources-20110531/inc/Quantity_Inductance.hxx
+M Quantity:pubinclude:Quantity_Capacitance.hxx /dn43/OCCT/tmp/results_31.05.2011/occt/release-sources-20110531/inc/Quantity_Capacitance.hxx
+M Quantity:pubinclude:Quantity_Impedance.hxx /dn43/OCCT/tmp/results_31.05.2011/occt/release-sources-20110531/inc/Quantity_Impedance.hxx
+M Quantity:pubinclude:Quantity_Admittance.hxx /dn43/OCCT/tmp/results_31.05.2011/occt/release-sources-20110531/inc/Quantity_Admittance.hxx
+M Quantity:pubinclude:Quantity_Resistivity.hxx /dn43/OCCT/tmp/results_31.05.2011/occt/release-sources-20110531/inc/Quantity_Resistivity.hxx
+M Quantity:pubinclude:Quantity_Conductivity.hxx /dn43/OCCT/tmp/results_31.05.2011/occt/release-sources-20110531/inc/Quantity_Conductivity.hxx
+M Quantity:pubinclude:Quantity_MolarMass.hxx /dn43/OCCT/tmp/results_31.05.2011/occt/release-sources-20110531/inc/Quantity_MolarMass.hxx
+M Quantity:pubinclude:Quantity_MolarVolume.hxx /dn43/OCCT/tmp/results_31.05.2011/occt/release-sources-20110531/inc/Quantity_MolarVolume.hxx
+M Quantity:pubinclude:Quantity_Concentration.hxx /dn43/OCCT/tmp/results_31.05.2011/occt/release-sources-20110531/inc/Quantity_Concentration.hxx
+M Quantity:pubinclude:Quantity_MolarConcentration.hxx /dn43/OCCT/tmp/results_31.05.2011/occt/release-sources-20110531/inc/Quantity_MolarConcentration.hxx
+M Quantity:pubinclude:Quantity_Molarity.hxx /dn43/OCCT/tmp/results_31.05.2011/occt/release-sources-20110531/inc/Quantity_Molarity.hxx
+M Quantity:pubinclude:Quantity_SoundIntensity.hxx /dn43/OCCT/tmp/results_31.05.2011/occt/release-sources-20110531/inc/Quantity_SoundIntensity.hxx
+M Quantity:pubinclude:Quantity_AcousticIntensity.hxx /dn43/OCCT/tmp/results_31.05.2011/occt/release-sources-20110531/inc/Quantity_AcousticIntensity.hxx
+M Quantity:pubinclude:Quantity_Activity.hxx /dn43/OCCT/tmp/results_31.05.2011/occt/release-sources-20110531/inc/Quantity_Activity.hxx
+M Quantity:pubinclude:Quantity_AbsorbedDose.hxx /dn43/OCCT/tmp/results_31.05.2011/occt/release-sources-20110531/inc/Quantity_AbsorbedDose.hxx
+M Quantity:pubinclude:Quantity_DoseEquivalent.hxx /dn43/OCCT/tmp/results_31.05.2011/occt/release-sources-20110531/inc/Quantity_DoseEquivalent.hxx
+M Quantity:dbadmfile:Quantity_xcpp_header.In /dn43/OCCT/tmp/results_31.05.2011/occt/release-sources-20110531/drv/Quantity/.adm/Quantity_xcpp_header.In
+M Quantity:dbadmfile:Quantity_xcpp_header.Out /dn43/OCCT/tmp/results_31.05.2011/occt/release-sources-20110531/drv/Quantity/.adm/Quantity_xcpp_header.Out
+M Quantity:dbadmfile:Quantity_xcpp_header.Dep /dn43/OCCT/tmp/results_31.05.2011/occt/release-sources-20110531/drv/Quantity/.adm/Quantity_xcpp_header.Dep
