+M BRepBuilderAPI:pubinclude:BRepBuilderAPI.hxx /dn43/OCCT/tmp/results_31.05.2011/occt/release-sources-20110531/inc/BRepBuilderAPI.hxx
+M BRepBuilderAPI:privinclude:BRepBuilderAPI.jxx /dn43/OCCT/tmp/results_31.05.2011/occt/release-sources-20110531/drv/BRepBuilderAPI/BRepBuilderAPI.jxx
+M BRepBuilderAPI:privinclude:BRepBuilderAPI.ixx /dn43/OCCT/tmp/results_31.05.2011/occt/release-sources-20110531/drv/BRepBuilderAPI/BRepBuilderAPI.ixx
+M BRepBuilderAPI:pubinclude:BRepBuilderAPI_Command.hxx /dn43/OCCT/tmp/results_31.05.2011/occt/release-sources-20110531/inc/BRepBuilderAPI_Command.hxx
+M BRepBuilderAPI:privinclude:BRepBuilderAPI_Command.jxx /dn43/OCCT/tmp/results_31.05.2011/occt/release-sources-20110531/drv/BRepBuilderAPI/BRepBuilderAPI_Command.jxx
+M BRepBuilderAPI:privinclude:BRepBuilderAPI_Command.ixx /dn43/OCCT/tmp/results_31.05.2011/occt/release-sources-20110531/drv/BRepBuilderAPI/BRepBuilderAPI_Command.ixx
+M BRepBuilderAPI:pubinclude:BRepBuilderAPI_MakeShape.hxx /dn43/OCCT/tmp/results_31.05.2011/occt/release-sources-20110531/inc/BRepBuilderAPI_MakeShape.hxx
+M BRepBuilderAPI:privinclude:BRepBuilderAPI_MakeShape.jxx /dn43/OCCT/tmp/results_31.05.2011/occt/release-sources-20110531/drv/BRepBuilderAPI/BRepBuilderAPI_MakeShape.jxx
+M BRepBuilderAPI:privinclude:BRepBuilderAPI_MakeShape.ixx /dn43/OCCT/tmp/results_31.05.2011/occt/release-sources-20110531/drv/BRepBuilderAPI/BRepBuilderAPI_MakeShape.ixx
+M BRepBuilderAPI:pubinclude:BRepBuilderAPI_MakeVertex.hxx /dn43/OCCT/tmp/results_31.05.2011/occt/release-sources-20110531/inc/BRepBuilderAPI_MakeVertex.hxx
+M BRepBuilderAPI:privinclude:BRepBuilderAPI_MakeVertex.jxx /dn43/OCCT/tmp/results_31.05.2011/occt/release-sources-20110531/drv/BRepBuilderAPI/BRepBuilderAPI_MakeVertex.jxx
+M BRepBuilderAPI:privinclude:BRepBuilderAPI_MakeVertex.ixx /dn43/OCCT/tmp/results_31.05.2011/occt/release-sources-20110531/drv/BRepBuilderAPI/BRepBuilderAPI_MakeVertex.ixx
+M BRepBuilderAPI:pubinclude:BRepBuilderAPI_MakeEdge.hxx /dn43/OCCT/tmp/results_31.05.2011/occt/release-sources-20110531/inc/BRepBuilderAPI_MakeEdge.hxx
+M BRepBuilderAPI:privinclude:BRepBuilderAPI_MakeEdge.jxx /dn43/OCCT/tmp/results_31.05.2011/occt/release-sources-20110531/drv/BRepBuilderAPI/BRepBuilderAPI_MakeEdge.jxx
+M BRepBuilderAPI:privinclude:BRepBuilderAPI_MakeEdge.ixx /dn43/OCCT/tmp/results_31.05.2011/occt/release-sources-20110531/drv/BRepBuilderAPI/BRepBuilderAPI_MakeEdge.ixx
+M BRepBuilderAPI:pubinclude:BRepBuilderAPI_MakeEdge2d.hxx /dn43/OCCT/tmp/results_31.05.2011/occt/release-sources-20110531/inc/BRepBuilderAPI_MakeEdge2d.hxx
+M BRepBuilderAPI:privinclude:BRepBuilderAPI_MakeEdge2d.jxx /dn43/OCCT/tmp/results_31.05.2011/occt/release-sources-20110531/drv/BRepBuilderAPI/BRepBuilderAPI_MakeEdge2d.jxx
+M BRepBuilderAPI:privinclude:BRepBuilderAPI_MakeEdge2d.ixx /dn43/OCCT/tmp/results_31.05.2011/occt/release-sources-20110531/drv/BRepBuilderAPI/BRepBuilderAPI_MakeEdge2d.ixx
+M BRepBuilderAPI:pubinclude:BRepBuilderAPI_MakePolygon.hxx /dn43/OCCT/tmp/results_31.05.2011/occt/release-sources-20110531/inc/BRepBuilderAPI_MakePolygon.hxx
+M BRepBuilderAPI:privinclude:BRepBuilderAPI_MakePolygon.jxx /dn43/OCCT/tmp/results_31.05.2011/occt/release-sources-20110531/drv/BRepBuilderAPI/BRepBuilderAPI_MakePolygon.jxx
+M BRepBuilderAPI:privinclude:BRepBuilderAPI_MakePolygon.ixx /dn43/OCCT/tmp/results_31.05.2011/occt/release-sources-20110531/drv/BRepBuilderAPI/BRepBuilderAPI_MakePolygon.ixx
+M BRepBuilderAPI:pubinclude:BRepBuilderAPI_MakeFace.hxx /dn43/OCCT/tmp/results_31.05.2011/occt/release-sources-20110531/inc/BRepBuilderAPI_MakeFace.hxx
+M BRepBuilderAPI:privinclude:BRepBuilderAPI_MakeFace.jxx /dn43/OCCT/tmp/results_31.05.2011/occt/release-sources-20110531/drv/BRepBuilderAPI/BRepBuilderAPI_MakeFace.jxx
+M BRepBuilderAPI:privinclude:BRepBuilderAPI_MakeFace.ixx /dn43/OCCT/tmp/results_31.05.2011/occt/release-sources-20110531/drv/BRepBuilderAPI/BRepBuilderAPI_MakeFace.ixx
+M BRepBuilderAPI:pubinclude:BRepBuilderAPI_FindPlane.hxx /dn43/OCCT/tmp/results_31.05.2011/occt/release-sources-20110531/inc/BRepBuilderAPI_FindPlane.hxx
+M BRepBuilderAPI:privinclude:BRepBuilderAPI_FindPlane.jxx /dn43/OCCT/tmp/results_31.05.2011/occt/release-sources-20110531/drv/BRepBuilderAPI/BRepBuilderAPI_FindPlane.jxx
+M BRepBuilderAPI:privinclude:BRepBuilderAPI_FindPlane.ixx /dn43/OCCT/tmp/results_31.05.2011/occt/release-sources-20110531/drv/BRepBuilderAPI/BRepBuilderAPI_FindPlane.ixx
+M BRepBuilderAPI:pubinclude:Handle_BRepBuilderAPI_Sewing.hxx /dn43/OCCT/tmp/results_31.05.2011/occt/release-sources-20110531/inc/Handle_BRepBuilderAPI_Sewing.hxx
+M BRepBuilderAPI:pubinclude:BRepBuilderAPI_Sewing.hxx /dn43/OCCT/tmp/results_31.05.2011/occt/release-sources-20110531/inc/BRepBuilderAPI_Sewing.hxx
+M BRepBuilderAPI:privinclude:BRepBuilderAPI_Sewing.jxx /dn43/OCCT/tmp/results_31.05.2011/occt/release-sources-20110531/drv/BRepBuilderAPI/BRepBuilderAPI_Sewing.jxx
+M BRepBuilderAPI:privinclude:BRepBuilderAPI_Sewing.ixx /dn43/OCCT/tmp/results_31.05.2011/occt/release-sources-20110531/drv/BRepBuilderAPI/BRepBuilderAPI_Sewing.ixx
+M BRepBuilderAPI:pubinclude:BRepBuilderAPI_MakeWire.hxx /dn43/OCCT/tmp/results_31.05.2011/occt/release-sources-20110531/inc/BRepBuilderAPI_MakeWire.hxx
+M BRepBuilderAPI:privinclude:BRepBuilderAPI_MakeWire.jxx /dn43/OCCT/tmp/results_31.05.2011/occt/release-sources-20110531/drv/BRepBuilderAPI/BRepBuilderAPI_MakeWire.jxx
+M BRepBuilderAPI:privinclude:BRepBuilderAPI_MakeWire.ixx /dn43/OCCT/tmp/results_31.05.2011/occt/release-sources-20110531/drv/BRepBuilderAPI/BRepBuilderAPI_MakeWire.ixx
+M BRepBuilderAPI:pubinclude:BRepBuilderAPI_MakeShell.hxx /dn43/OCCT/tmp/results_31.05.2011/occt/release-sources-20110531/inc/BRepBuilderAPI_MakeShell.hxx
+M BRepBuilderAPI:privinclude:BRepBuilderAPI_MakeShell.jxx /dn43/OCCT/tmp/results_31.05.2011/occt/release-sources-20110531/drv/BRepBuilderAPI/BRepBuilderAPI_MakeShell.jxx
+M BRepBuilderAPI:privinclude:BRepBuilderAPI_MakeShell.ixx /dn43/OCCT/tmp/results_31.05.2011/occt/release-sources-20110531/drv/BRepBuilderAPI/BRepBuilderAPI_MakeShell.ixx
+M BRepBuilderAPI:pubinclude:BRepBuilderAPI_MakeSolid.hxx /dn43/OCCT/tmp/results_31.05.2011/occt/release-sources-20110531/inc/BRepBuilderAPI_MakeSolid.hxx
+M BRepBuilderAPI:privinclude:BRepBuilderAPI_MakeSolid.jxx /dn43/OCCT/tmp/results_31.05.2011/occt/release-sources-20110531/drv/BRepBuilderAPI/BRepBuilderAPI_MakeSolid.jxx
+M BRepBuilderAPI:privinclude:BRepBuilderAPI_MakeSolid.ixx /dn43/OCCT/tmp/results_31.05.2011/occt/release-sources-20110531/drv/BRepBuilderAPI/BRepBuilderAPI_MakeSolid.ixx
+M BRepBuilderAPI:pubinclude:BRepBuilderAPI_ModifyShape.hxx /dn43/OCCT/tmp/results_31.05.2011/occt/release-sources-20110531/inc/BRepBuilderAPI_ModifyShape.hxx
+M BRepBuilderAPI:privinclude:BRepBuilderAPI_ModifyShape.jxx /dn43/OCCT/tmp/results_31.05.2011/occt/release-sources-20110531/drv/BRepBuilderAPI/BRepBuilderAPI_ModifyShape.jxx
+M BRepBuilderAPI:privinclude:BRepBuilderAPI_ModifyShape.ixx /dn43/OCCT/tmp/results_31.05.2011/occt/release-sources-20110531/drv/BRepBuilderAPI/BRepBuilderAPI_ModifyShape.ixx
+M BRepBuilderAPI:pubinclude:BRepBuilderAPI_Transform.hxx /dn43/OCCT/tmp/results_31.05.2011/occt/release-sources-20110531/inc/BRepBuilderAPI_Transform.hxx
+M BRepBuilderAPI:privinclude:BRepBuilderAPI_Transform.jxx /dn43/OCCT/tmp/results_31.05.2011/occt/release-sources-20110531/drv/BRepBuilderAPI/BRepBuilderAPI_Transform.jxx
+M BRepBuilderAPI:privinclude:BRepBuilderAPI_Transform.ixx /dn43/OCCT/tmp/results_31.05.2011/occt/release-sources-20110531/drv/BRepBuilderAPI/BRepBuilderAPI_Transform.ixx
+M BRepBuilderAPI:pubinclude:BRepBuilderAPI_NurbsConvert.hxx /dn43/OCCT/tmp/results_31.05.2011/occt/release-sources-20110531/inc/BRepBuilderAPI_NurbsConvert.hxx
+M BRepBuilderAPI:privinclude:BRepBuilderAPI_NurbsConvert.jxx /dn43/OCCT/tmp/results_31.05.2011/occt/release-sources-20110531/drv/BRepBuilderAPI/BRepBuilderAPI_NurbsConvert.jxx
+M BRepBuilderAPI:privinclude:BRepBuilderAPI_NurbsConvert.ixx /dn43/OCCT/tmp/results_31.05.2011/occt/release-sources-20110531/drv/BRepBuilderAPI/BRepBuilderAPI_NurbsConvert.ixx
+M BRepBuilderAPI:pubinclude:BRepBuilderAPI_GTransform.hxx /dn43/OCCT/tmp/results_31.05.2011/occt/release-sources-20110531/inc/BRepBuilderAPI_GTransform.hxx
+M BRepBuilderAPI:privinclude:BRepBuilderAPI_GTransform.jxx /dn43/OCCT/tmp/results_31.05.2011/occt/release-sources-20110531/drv/BRepBuilderAPI/BRepBuilderAPI_GTransform.jxx
+M BRepBuilderAPI:privinclude:BRepBuilderAPI_GTransform.ixx /dn43/OCCT/tmp/results_31.05.2011/occt/release-sources-20110531/drv/BRepBuilderAPI/BRepBuilderAPI_GTransform.ixx
+M BRepBuilderAPI:pubinclude:BRepBuilderAPI_Copy.hxx /dn43/OCCT/tmp/results_31.05.2011/occt/release-sources-20110531/inc/BRepBuilderAPI_Copy.hxx
+M BRepBuilderAPI:privinclude:BRepBuilderAPI_Copy.jxx /dn43/OCCT/tmp/results_31.05.2011/occt/release-sources-20110531/drv/BRepBuilderAPI/BRepBuilderAPI_Copy.jxx
+M BRepBuilderAPI:privinclude:BRepBuilderAPI_Copy.ixx /dn43/OCCT/tmp/results_31.05.2011/occt/release-sources-20110531/drv/BRepBuilderAPI/BRepBuilderAPI_Copy.ixx
+M BRepBuilderAPI:pubinclude:BRepBuilderAPI_Collect.hxx /dn43/OCCT/tmp/results_31.05.2011/occt/release-sources-20110531/inc/BRepBuilderAPI_Collect.hxx
+M BRepBuilderAPI:privinclude:BRepBuilderAPI_Collect.jxx /dn43/OCCT/tmp/results_31.05.2011/occt/release-sources-20110531/drv/BRepBuilderAPI/BRepBuilderAPI_Collect.jxx
+M BRepBuilderAPI:privinclude:BRepBuilderAPI_Collect.ixx /dn43/OCCT/tmp/results_31.05.2011/occt/release-sources-20110531/drv/BRepBuilderAPI/BRepBuilderAPI_Collect.ixx
+M BRepBuilderAPI:pubinclude:BRepBuilderAPI_EdgeError.hxx /dn43/OCCT/tmp/results_31.05.2011/occt/release-sources-20110531/inc/BRepBuilderAPI_EdgeError.hxx
+M BRepBuilderAPI:pubinclude:BRepBuilderAPI_WireError.hxx /dn43/OCCT/tmp/results_31.05.2011/occt/release-sources-20110531/inc/BRepBuilderAPI_WireError.hxx
+M BRepBuilderAPI:pubinclude:BRepBuilderAPI_FaceError.hxx /dn43/OCCT/tmp/results_31.05.2011/occt/release-sources-20110531/inc/BRepBuilderAPI_FaceError.hxx
+M BRepBuilderAPI:pubinclude:BRepBuilderAPI_ShellError.hxx /dn43/OCCT/tmp/results_31.05.2011/occt/release-sources-20110531/inc/BRepBuilderAPI_ShellError.hxx
+M BRepBuilderAPI:pubinclude:BRepBuilderAPI_PipeError.hxx /dn43/OCCT/tmp/results_31.05.2011/occt/release-sources-20110531/inc/BRepBuilderAPI_PipeError.hxx
+M BRepBuilderAPI:pubinclude:BRepBuilderAPI_ShapeModification.hxx /dn43/OCCT/tmp/results_31.05.2011/occt/release-sources-20110531/inc/BRepBuilderAPI_ShapeModification.hxx
+M BRepBuilderAPI:pubinclude:BRepBuilderAPI_TransitionMode.hxx /dn43/OCCT/tmp/results_31.05.2011/occt/release-sources-20110531/inc/BRepBuilderAPI_TransitionMode.hxx
+M BRepBuilderAPI:dbadmfile:BRepBuilderAPI_xcpp_header.In /dn43/OCCT/tmp/results_31.05.2011/occt/release-sources-20110531/drv/BRepBuilderAPI/.adm/BRepBuilderAPI_xcpp_header.In
+M BRepBuilderAPI:dbadmfile:BRepBuilderAPI_xcpp_header.Out /dn43/OCCT/tmp/results_31.05.2011/occt/release-sources-20110531/drv/BRepBuilderAPI/.adm/BRepBuilderAPI_xcpp_header.Out
+M BRepBuilderAPI:dbadmfile:BRepBuilderAPI_xcpp_header.Dep /dn43/OCCT/tmp/results_31.05.2011/occt/release-sources-20110531/drv/BRepBuilderAPI/.adm/BRepBuilderAPI_xcpp_header.Dep
