+M PXCAFDoc:pubinclude:Handle_PXCAFDoc_Location.hxx /dn43/OCCT/tmp/results_28.02.2011/occt/release-sources-20110228/inc/Handle_PXCAFDoc_Location.hxx
+M PXCAFDoc:pubinclude:PXCAFDoc_Location.hxx /dn43/OCCT/tmp/results_28.02.2011/occt/release-sources-20110228/inc/PXCAFDoc_Location.hxx
+M PXCAFDoc:privinclude:PXCAFDoc_Location.jxx /dn43/OCCT/tmp/results_28.02.2011/occt/release-sources-20110228/drv/PXCAFDoc/PXCAFDoc_Location.jxx
+M PXCAFDoc:privinclude:PXCAFDoc_Location.ixx /dn43/OCCT/tmp/results_28.02.2011/occt/release-sources-20110228/drv/PXCAFDoc/PXCAFDoc_Location.ixx
+M PXCAFDoc:pubinclude:Handle_PXCAFDoc_Color.hxx /dn43/OCCT/tmp/results_28.02.2011/occt/release-sources-20110228/inc/Handle_PXCAFDoc_Color.hxx
+M PXCAFDoc:pubinclude:PXCAFDoc_Color.hxx /dn43/OCCT/tmp/results_28.02.2011/occt/release-sources-20110228/inc/PXCAFDoc_Color.hxx
+M PXCAFDoc:privinclude:PXCAFDoc_Color.jxx /dn43/OCCT/tmp/results_28.02.2011/occt/release-sources-20110228/drv/PXCAFDoc/PXCAFDoc_Color.jxx
+M PXCAFDoc:privinclude:PXCAFDoc_Color.ixx /dn43/OCCT/tmp/results_28.02.2011/occt/release-sources-20110228/drv/PXCAFDoc/PXCAFDoc_Color.ixx
+M PXCAFDoc:pubinclude:Handle_PXCAFDoc_Volume.hxx /dn43/OCCT/tmp/results_28.02.2011/occt/release-sources-20110228/inc/Handle_PXCAFDoc_Volume.hxx
+M PXCAFDoc:pubinclude:PXCAFDoc_Volume.hxx /dn43/OCCT/tmp/results_28.02.2011/occt/release-sources-20110228/inc/PXCAFDoc_Volume.hxx
+M PXCAFDoc:privinclude:PXCAFDoc_Volume.jxx /dn43/OCCT/tmp/results_28.02.2011/occt/release-sources-20110228/drv/PXCAFDoc/PXCAFDoc_Volume.jxx
+M PXCAFDoc:privinclude:PXCAFDoc_Volume.ixx /dn43/OCCT/tmp/results_28.02.2011/occt/release-sources-20110228/drv/PXCAFDoc/PXCAFDoc_Volume.ixx
+M PXCAFDoc:pubinclude:Handle_PXCAFDoc_Area.hxx /dn43/OCCT/tmp/results_28.02.2011/occt/release-sources-20110228/inc/Handle_PXCAFDoc_Area.hxx
+M PXCAFDoc:pubinclude:PXCAFDoc_Area.hxx /dn43/OCCT/tmp/results_28.02.2011/occt/release-sources-20110228/inc/PXCAFDoc_Area.hxx
+M PXCAFDoc:privinclude:PXCAFDoc_Area.jxx /dn43/OCCT/tmp/results_28.02.2011/occt/release-sources-20110228/drv/PXCAFDoc/PXCAFDoc_Area.jxx
+M PXCAFDoc:privinclude:PXCAFDoc_Area.ixx /dn43/OCCT/tmp/results_28.02.2011/occt/release-sources-20110228/drv/PXCAFDoc/PXCAFDoc_Area.ixx
+M PXCAFDoc:pubinclude:Handle_PXCAFDoc_Centroid.hxx /dn43/OCCT/tmp/results_28.02.2011/occt/release-sources-20110228/inc/Handle_PXCAFDoc_Centroid.hxx
+M PXCAFDoc:pubinclude:PXCAFDoc_Centroid.hxx /dn43/OCCT/tmp/results_28.02.2011/occt/release-sources-20110228/inc/PXCAFDoc_Centroid.hxx
+M PXCAFDoc:privinclude:PXCAFDoc_Centroid.jxx /dn43/OCCT/tmp/results_28.02.2011/occt/release-sources-20110228/drv/PXCAFDoc/PXCAFDoc_Centroid.jxx
+M PXCAFDoc:privinclude:PXCAFDoc_Centroid.ixx /dn43/OCCT/tmp/results_28.02.2011/occt/release-sources-20110228/drv/PXCAFDoc/PXCAFDoc_Centroid.ixx
+M PXCAFDoc:pubinclude:Handle_PXCAFDoc_ColorTool.hxx /dn43/OCCT/tmp/results_28.02.2011/occt/release-sources-20110228/inc/Handle_PXCAFDoc_ColorTool.hxx
+M PXCAFDoc:pubinclude:PXCAFDoc_ColorTool.hxx /dn43/OCCT/tmp/results_28.02.2011/occt/release-sources-20110228/inc/PXCAFDoc_ColorTool.hxx
+M PXCAFDoc:privinclude:PXCAFDoc_ColorTool.jxx /dn43/OCCT/tmp/results_28.02.2011/occt/release-sources-20110228/drv/PXCAFDoc/PXCAFDoc_ColorTool.jxx
+M PXCAFDoc:privinclude:PXCAFDoc_ColorTool.ixx /dn43/OCCT/tmp/results_28.02.2011/occt/release-sources-20110228/drv/PXCAFDoc/PXCAFDoc_ColorTool.ixx
+M PXCAFDoc:pubinclude:Handle_PXCAFDoc_ShapeTool.hxx /dn43/OCCT/tmp/results_28.02.2011/occt/release-sources-20110228/inc/Handle_PXCAFDoc_ShapeTool.hxx
+M PXCAFDoc:pubinclude:PXCAFDoc_ShapeTool.hxx /dn43/OCCT/tmp/results_28.02.2011/occt/release-sources-20110228/inc/PXCAFDoc_ShapeTool.hxx
+M PXCAFDoc:privinclude:PXCAFDoc_ShapeTool.jxx /dn43/OCCT/tmp/results_28.02.2011/occt/release-sources-20110228/drv/PXCAFDoc/PXCAFDoc_ShapeTool.jxx
+M PXCAFDoc:privinclude:PXCAFDoc_ShapeTool.ixx /dn43/OCCT/tmp/results_28.02.2011/occt/release-sources-20110228/drv/PXCAFDoc/PXCAFDoc_ShapeTool.ixx
+M PXCAFDoc:pubinclude:Handle_PXCAFDoc_DocumentTool.hxx /dn43/OCCT/tmp/results_28.02.2011/occt/release-sources-20110228/inc/Handle_PXCAFDoc_DocumentTool.hxx
+M PXCAFDoc:pubinclude:PXCAFDoc_DocumentTool.hxx /dn43/OCCT/tmp/results_28.02.2011/occt/release-sources-20110228/inc/PXCAFDoc_DocumentTool.hxx
+M PXCAFDoc:privinclude:PXCAFDoc_DocumentTool.jxx /dn43/OCCT/tmp/results_28.02.2011/occt/release-sources-20110228/drv/PXCAFDoc/PXCAFDoc_DocumentTool.jxx
+M PXCAFDoc:privinclude:PXCAFDoc_DocumentTool.ixx /dn43/OCCT/tmp/results_28.02.2011/occt/release-sources-20110228/drv/PXCAFDoc/PXCAFDoc_DocumentTool.ixx
+M PXCAFDoc:pubinclude:Handle_PXCAFDoc_LayerTool.hxx /dn43/OCCT/tmp/results_28.02.2011/occt/release-sources-20110228/inc/Handle_PXCAFDoc_LayerTool.hxx
+M PXCAFDoc:pubinclude:PXCAFDoc_LayerTool.hxx /dn43/OCCT/tmp/results_28.02.2011/occt/release-sources-20110228/inc/PXCAFDoc_LayerTool.hxx
+M PXCAFDoc:privinclude:PXCAFDoc_LayerTool.jxx /dn43/OCCT/tmp/results_28.02.2011/occt/release-sources-20110228/drv/PXCAFDoc/PXCAFDoc_LayerTool.jxx
+M PXCAFDoc:privinclude:PXCAFDoc_LayerTool.ixx /dn43/OCCT/tmp/results_28.02.2011/occt/release-sources-20110228/drv/PXCAFDoc/PXCAFDoc_LayerTool.ixx
+M PXCAFDoc:pubinclude:Handle_PXCAFDoc_GraphNode.hxx /dn43/OCCT/tmp/results_28.02.2011/occt/release-sources-20110228/inc/Handle_PXCAFDoc_GraphNode.hxx
+M PXCAFDoc:pubinclude:PXCAFDoc_GraphNode.hxx /dn43/OCCT/tmp/results_28.02.2011/occt/release-sources-20110228/inc/PXCAFDoc_GraphNode.hxx
+M PXCAFDoc:privinclude:PXCAFDoc_GraphNode.jxx /dn43/OCCT/tmp/results_28.02.2011/occt/release-sources-20110228/drv/PXCAFDoc/PXCAFDoc_GraphNode.jxx
+M PXCAFDoc:privinclude:PXCAFDoc_GraphNode.ixx /dn43/OCCT/tmp/results_28.02.2011/occt/release-sources-20110228/drv/PXCAFDoc/PXCAFDoc_GraphNode.ixx
+M PXCAFDoc:pubinclude:Handle_PXCAFDoc_GraphNodeSequence.hxx /dn43/OCCT/tmp/results_28.02.2011/occt/release-sources-20110228/inc/Handle_PXCAFDoc_GraphNodeSequence.hxx
+M PXCAFDoc:pubinclude:PXCAFDoc_GraphNodeSequence.hxx /dn43/OCCT/tmp/results_28.02.2011/occt/release-sources-20110228/inc/PXCAFDoc_GraphNodeSequence.hxx
+M PXCAFDoc:derivated:PXCAFDoc_GraphNodeSequence_0.cxx /dn43/OCCT/tmp/results_28.02.2011/occt/release-sources-20110228/drv/PXCAFDoc/PXCAFDoc_GraphNodeSequence_0.cxx
+M PXCAFDoc:pubinclude:Handle_PXCAFDoc_Datum.hxx /dn43/OCCT/tmp/results_28.02.2011/occt/release-sources-20110228/inc/Handle_PXCAFDoc_Datum.hxx
+M PXCAFDoc:pubinclude:PXCAFDoc_Datum.hxx /dn43/OCCT/tmp/results_28.02.2011/occt/release-sources-20110228/inc/PXCAFDoc_Datum.hxx
+M PXCAFDoc:privinclude:PXCAFDoc_Datum.jxx /dn43/OCCT/tmp/results_28.02.2011/occt/release-sources-20110228/drv/PXCAFDoc/PXCAFDoc_Datum.jxx
+M PXCAFDoc:privinclude:PXCAFDoc_Datum.ixx /dn43/OCCT/tmp/results_28.02.2011/occt/release-sources-20110228/drv/PXCAFDoc/PXCAFDoc_Datum.ixx
+M PXCAFDoc:pubinclude:Handle_PXCAFDoc_DimTol.hxx /dn43/OCCT/tmp/results_28.02.2011/occt/release-sources-20110228/inc/Handle_PXCAFDoc_DimTol.hxx
+M PXCAFDoc:pubinclude:PXCAFDoc_DimTol.hxx /dn43/OCCT/tmp/results_28.02.2011/occt/release-sources-20110228/inc/PXCAFDoc_DimTol.hxx
+M PXCAFDoc:privinclude:PXCAFDoc_DimTol.jxx /dn43/OCCT/tmp/results_28.02.2011/occt/release-sources-20110228/drv/PXCAFDoc/PXCAFDoc_DimTol.jxx
+M PXCAFDoc:privinclude:PXCAFDoc_DimTol.ixx /dn43/OCCT/tmp/results_28.02.2011/occt/release-sources-20110228/drv/PXCAFDoc/PXCAFDoc_DimTol.ixx
+M PXCAFDoc:pubinclude:Handle_PXCAFDoc_DimTolTool.hxx /dn43/OCCT/tmp/results_28.02.2011/occt/release-sources-20110228/inc/Handle_PXCAFDoc_DimTolTool.hxx
+M PXCAFDoc:pubinclude:PXCAFDoc_DimTolTool.hxx /dn43/OCCT/tmp/results_28.02.2011/occt/release-sources-20110228/inc/PXCAFDoc_DimTolTool.hxx
+M PXCAFDoc:privinclude:PXCAFDoc_DimTolTool.jxx /dn43/OCCT/tmp/results_28.02.2011/occt/release-sources-20110228/drv/PXCAFDoc/PXCAFDoc_DimTolTool.jxx
+M PXCAFDoc:privinclude:PXCAFDoc_DimTolTool.ixx /dn43/OCCT/tmp/results_28.02.2011/occt/release-sources-20110228/drv/PXCAFDoc/PXCAFDoc_DimTolTool.ixx
+M PXCAFDoc:pubinclude:Handle_PXCAFDoc_Material.hxx /dn43/OCCT/tmp/results_28.02.2011/occt/release-sources-20110228/inc/Handle_PXCAFDoc_Material.hxx
+M PXCAFDoc:pubinclude:PXCAFDoc_Material.hxx /dn43/OCCT/tmp/results_28.02.2011/occt/release-sources-20110228/inc/PXCAFDoc_Material.hxx
+M PXCAFDoc:privinclude:PXCAFDoc_Material.jxx /dn43/OCCT/tmp/results_28.02.2011/occt/release-sources-20110228/drv/PXCAFDoc/PXCAFDoc_Material.jxx
+M PXCAFDoc:privinclude:PXCAFDoc_Material.ixx /dn43/OCCT/tmp/results_28.02.2011/occt/release-sources-20110228/drv/PXCAFDoc/PXCAFDoc_Material.ixx
+M PXCAFDoc:pubinclude:Handle_PXCAFDoc_MaterialTool.hxx /dn43/OCCT/tmp/results_28.02.2011/occt/release-sources-20110228/inc/Handle_PXCAFDoc_MaterialTool.hxx
+M PXCAFDoc:pubinclude:PXCAFDoc_MaterialTool.hxx /dn43/OCCT/tmp/results_28.02.2011/occt/release-sources-20110228/inc/PXCAFDoc_MaterialTool.hxx
+M PXCAFDoc:privinclude:PXCAFDoc_MaterialTool.jxx /dn43/OCCT/tmp/results_28.02.2011/occt/release-sources-20110228/drv/PXCAFDoc/PXCAFDoc_MaterialTool.jxx
+M PXCAFDoc:privinclude:PXCAFDoc_MaterialTool.ixx /dn43/OCCT/tmp/results_28.02.2011/occt/release-sources-20110228/drv/PXCAFDoc/PXCAFDoc_MaterialTool.ixx
+M PXCAFDoc:pubinclude:Handle_PXCAFDoc_SeqNodeOfGraphNodeSequence.hxx /dn43/OCCT/tmp/results_28.02.2011/occt/release-sources-20110228/inc/Handle_PXCAFDoc_SeqNodeOfGraphNodeSequence.hxx
+M PXCAFDoc:pubinclude:PXCAFDoc_SeqNodeOfGraphNodeSequence.hxx /dn43/OCCT/tmp/results_28.02.2011/occt/release-sources-20110228/inc/PXCAFDoc_SeqNodeOfGraphNodeSequence.hxx
+M PXCAFDoc:derivated:PXCAFDoc_SeqNodeOfGraphNodeSequence_0.cxx /dn43/OCCT/tmp/results_28.02.2011/occt/release-sources-20110228/drv/PXCAFDoc/PXCAFDoc_SeqNodeOfGraphNodeSequence_0.cxx
+M PXCAFDoc:pubinclude:PXCAFDoc_SeqExplorerOfGraphNodeSequence.hxx /dn43/OCCT/tmp/results_28.02.2011/occt/release-sources-20110228/inc/PXCAFDoc_SeqExplorerOfGraphNodeSequence.hxx
+M PXCAFDoc:derivated:PXCAFDoc_SeqExplorerOfGraphNodeSequence_0.cxx /dn43/OCCT/tmp/results_28.02.2011/occt/release-sources-20110228/drv/PXCAFDoc/PXCAFDoc_SeqExplorerOfGraphNodeSequence_0.cxx
+M PXCAFDoc:dbadmfile:PXCAFDoc_xcpp_header.In /dn43/OCCT/tmp/results_28.02.2011/occt/release-sources-20110228/drv/PXCAFDoc/.adm/PXCAFDoc_xcpp_header.In
+M PXCAFDoc:dbadmfile:PXCAFDoc_xcpp_header.Out /dn43/OCCT/tmp/results_28.02.2011/occt/release-sources-20110228/drv/PXCAFDoc/.adm/PXCAFDoc_xcpp_header.Out
+M PXCAFDoc:dbadmfile:PXCAFDoc_xcpp_header.Dep /dn43/OCCT/tmp/results_28.02.2011/occt/release-sources-20110228/drv/PXCAFDoc/.adm/PXCAFDoc_xcpp_header.Dep
