+M PColPGeom2d:pubinclude:Handle_PColPGeom2d_HArray1OfCurve.hxx /dn43/OCCT/tmp/results_31.05.2011/occt/release-sources-20110531/inc/Handle_PColPGeom2d_HArray1OfCurve.hxx
+M PColPGeom2d:pubinclude:PColPGeom2d_HArray1OfCurve.hxx /dn43/OCCT/tmp/results_31.05.2011/occt/release-sources-20110531/inc/PColPGeom2d_HArray1OfCurve.hxx
+M PColPGeom2d:derivated:PColPGeom2d_HArray1OfCurve_0.cxx /dn43/OCCT/tmp/results_31.05.2011/occt/release-sources-20110531/drv/PColPGeom2d/PColPGeom2d_HArray1OfCurve_0.cxx
+M PColPGeom2d:pubinclude:Handle_PColPGeom2d_HArray1OfBoundedCurve.hxx /dn43/OCCT/tmp/results_31.05.2011/occt/release-sources-20110531/inc/Handle_PColPGeom2d_HArray1OfBoundedCurve.hxx
+M PColPGeom2d:pubinclude:PColPGeom2d_HArray1OfBoundedCurve.hxx /dn43/OCCT/tmp/results_31.05.2011/occt/release-sources-20110531/inc/PColPGeom2d_HArray1OfBoundedCurve.hxx
+M PColPGeom2d:derivated:PColPGeom2d_HArray1OfBoundedCurve_0.cxx /dn43/OCCT/tmp/results_31.05.2011/occt/release-sources-20110531/drv/PColPGeom2d/PColPGeom2d_HArray1OfBoundedCurve_0.cxx
+M PColPGeom2d:pubinclude:Handle_PColPGeom2d_HArray1OfBezierCurve.hxx /dn43/OCCT/tmp/results_31.05.2011/occt/release-sources-20110531/inc/Handle_PColPGeom2d_HArray1OfBezierCurve.hxx
+M PColPGeom2d:pubinclude:PColPGeom2d_HArray1OfBezierCurve.hxx /dn43/OCCT/tmp/results_31.05.2011/occt/release-sources-20110531/inc/PColPGeom2d_HArray1OfBezierCurve.hxx
+M PColPGeom2d:derivated:PColPGeom2d_HArray1OfBezierCurve_0.cxx /dn43/OCCT/tmp/results_31.05.2011/occt/release-sources-20110531/drv/PColPGeom2d/PColPGeom2d_HArray1OfBezierCurve_0.cxx
+M PColPGeom2d:pubinclude:Handle_PColPGeom2d_HArray1OfBSplineCurve.hxx /dn43/OCCT/tmp/results_31.05.2011/occt/release-sources-20110531/inc/Handle_PColPGeom2d_HArray1OfBSplineCurve.hxx
+M PColPGeom2d:pubinclude:PColPGeom2d_HArray1OfBSplineCurve.hxx /dn43/OCCT/tmp/results_31.05.2011/occt/release-sources-20110531/inc/PColPGeom2d_HArray1OfBSplineCurve.hxx
+M PColPGeom2d:derivated:PColPGeom2d_HArray1OfBSplineCurve_0.cxx /dn43/OCCT/tmp/results_31.05.2011/occt/release-sources-20110531/drv/PColPGeom2d/PColPGeom2d_HArray1OfBSplineCurve_0.cxx
+M PColPGeom2d:pubinclude:Handle_PColPGeom2d_VArrayNodeOfFieldOfHArray1OfCurve.hxx /dn43/OCCT/tmp/results_31.05.2011/occt/release-sources-20110531/inc/Handle_PColPGeom2d_VArrayNodeOfFieldOfHArray1OfCurve.hxx
+M PColPGeom2d:pubinclude:PColPGeom2d_VArrayNodeOfFieldOfHArray1OfCurve.hxx /dn43/OCCT/tmp/results_31.05.2011/occt/release-sources-20110531/inc/PColPGeom2d_VArrayNodeOfFieldOfHArray1OfCurve.hxx
+M PColPGeom2d:derivated:PColPGeom2d_VArrayNodeOfFieldOfHArray1OfCurve_0.cxx /dn43/OCCT/tmp/results_31.05.2011/occt/release-sources-20110531/drv/PColPGeom2d/PColPGeom2d_VArrayNodeOfFieldOfHArray1OfCurve_0.cxx
+M PColPGeom2d:pubinclude:PColPGeom2d_VArrayTNodeOfFieldOfHArray1OfCurve.hxx /dn43/OCCT/tmp/results_31.05.2011/occt/release-sources-20110531/inc/PColPGeom2d_VArrayTNodeOfFieldOfHArray1OfCurve.hxx
+M PColPGeom2d:derivated:PColPGeom2d_VArrayTNodeOfFieldOfHArray1OfCurve_0.cxx /dn43/OCCT/tmp/results_31.05.2011/occt/release-sources-20110531/drv/PColPGeom2d/PColPGeom2d_VArrayTNodeOfFieldOfHArray1OfCurve_0.cxx
+M PColPGeom2d:pubinclude:PColPGeom2d_FieldOfHArray1OfCurve.hxx /dn43/OCCT/tmp/results_31.05.2011/occt/release-sources-20110531/inc/PColPGeom2d_FieldOfHArray1OfCurve.hxx
+M PColPGeom2d:derivated:PColPGeom2d_FieldOfHArray1OfCurve_0.cxx /dn43/OCCT/tmp/results_31.05.2011/occt/release-sources-20110531/drv/PColPGeom2d/PColPGeom2d_FieldOfHArray1OfCurve_0.cxx
+M PColPGeom2d:pubinclude:Handle_PColPGeom2d_VArrayNodeOfFieldOfHArray1OfBoundedCurve.hxx /dn43/OCCT/tmp/results_31.05.2011/occt/release-sources-20110531/inc/Handle_PColPGeom2d_VArrayNodeOfFieldOfHArray1OfBoundedCurve.hxx
+M PColPGeom2d:pubinclude:PColPGeom2d_VArrayNodeOfFieldOfHArray1OfBoundedCurve.hxx /dn43/OCCT/tmp/results_31.05.2011/occt/release-sources-20110531/inc/PColPGeom2d_VArrayNodeOfFieldOfHArray1OfBoundedCurve.hxx
+M PColPGeom2d:derivated:PColPGeom2d_VArrayNodeOfFieldOfHArray1OfBoundedCurve_0.cxx /dn43/OCCT/tmp/results_31.05.2011/occt/release-sources-20110531/drv/PColPGeom2d/PColPGeom2d_VArrayNodeOfFieldOfHArray1OfBoundedCurve_0.cxx
+M PColPGeom2d:pubinclude:PColPGeom2d_VArrayTNodeOfFieldOfHArray1OfBoundedCurve.hxx /dn43/OCCT/tmp/results_31.05.2011/occt/release-sources-20110531/inc/PColPGeom2d_VArrayTNodeOfFieldOfHArray1OfBoundedCurve.hxx
+M PColPGeom2d:derivated:PColPGeom2d_VArrayTNodeOfFieldOfHArray1OfBoundedCurve_0.cxx /dn43/OCCT/tmp/results_31.05.2011/occt/release-sources-20110531/drv/PColPGeom2d/PColPGeom2d_VArrayTNodeOfFieldOfHArray1OfBoundedCurve_0.cxx
+M PColPGeom2d:pubinclude:PColPGeom2d_FieldOfHArray1OfBoundedCurve.hxx /dn43/OCCT/tmp/results_31.05.2011/occt/release-sources-20110531/inc/PColPGeom2d_FieldOfHArray1OfBoundedCurve.hxx
+M PColPGeom2d:derivated:PColPGeom2d_FieldOfHArray1OfBoundedCurve_0.cxx /dn43/OCCT/tmp/results_31.05.2011/occt/release-sources-20110531/drv/PColPGeom2d/PColPGeom2d_FieldOfHArray1OfBoundedCurve_0.cxx
+M PColPGeom2d:pubinclude:Handle_PColPGeom2d_VArrayNodeOfFieldOfHArray1OfBezierCurve.hxx /dn43/OCCT/tmp/results_31.05.2011/occt/release-sources-20110531/inc/Handle_PColPGeom2d_VArrayNodeOfFieldOfHArray1OfBezierCurve.hxx
+M PColPGeom2d:pubinclude:PColPGeom2d_VArrayNodeOfFieldOfHArray1OfBezierCurve.hxx /dn43/OCCT/tmp/results_31.05.2011/occt/release-sources-20110531/inc/PColPGeom2d_VArrayNodeOfFieldOfHArray1OfBezierCurve.hxx
+M PColPGeom2d:derivated:PColPGeom2d_VArrayNodeOfFieldOfHArray1OfBezierCurve_0.cxx /dn43/OCCT/tmp/results_31.05.2011/occt/release-sources-20110531/drv/PColPGeom2d/PColPGeom2d_VArrayNodeOfFieldOfHArray1OfBezierCurve_0.cxx
+M PColPGeom2d:pubinclude:PColPGeom2d_VArrayTNodeOfFieldOfHArray1OfBezierCurve.hxx /dn43/OCCT/tmp/results_31.05.2011/occt/release-sources-20110531/inc/PColPGeom2d_VArrayTNodeOfFieldOfHArray1OfBezierCurve.hxx
+M PColPGeom2d:derivated:PColPGeom2d_VArrayTNodeOfFieldOfHArray1OfBezierCurve_0.cxx /dn43/OCCT/tmp/results_31.05.2011/occt/release-sources-20110531/drv/PColPGeom2d/PColPGeom2d_VArrayTNodeOfFieldOfHArray1OfBezierCurve_0.cxx
+M PColPGeom2d:pubinclude:PColPGeom2d_FieldOfHArray1OfBezierCurve.hxx /dn43/OCCT/tmp/results_31.05.2011/occt/release-sources-20110531/inc/PColPGeom2d_FieldOfHArray1OfBezierCurve.hxx
+M PColPGeom2d:derivated:PColPGeom2d_FieldOfHArray1OfBezierCurve_0.cxx /dn43/OCCT/tmp/results_31.05.2011/occt/release-sources-20110531/drv/PColPGeom2d/PColPGeom2d_FieldOfHArray1OfBezierCurve_0.cxx
+M PColPGeom2d:pubinclude:Handle_PColPGeom2d_VArrayNodeOfFieldOfHArray1OfBSplineCurve.hxx /dn43/OCCT/tmp/results_31.05.2011/occt/release-sources-20110531/inc/Handle_PColPGeom2d_VArrayNodeOfFieldOfHArray1OfBSplineCurve.hxx
+M PColPGeom2d:pubinclude:PColPGeom2d_VArrayNodeOfFieldOfHArray1OfBSplineCurve.hxx /dn43/OCCT/tmp/results_31.05.2011/occt/release-sources-20110531/inc/PColPGeom2d_VArrayNodeOfFieldOfHArray1OfBSplineCurve.hxx
+M PColPGeom2d:derivated:PColPGeom2d_VArrayNodeOfFieldOfHArray1OfBSplineCurve_0.cxx /dn43/OCCT/tmp/results_31.05.2011/occt/release-sources-20110531/drv/PColPGeom2d/PColPGeom2d_VArrayNodeOfFieldOfHArray1OfBSplineCurve_0.cxx
+M PColPGeom2d:pubinclude:PColPGeom2d_VArrayTNodeOfFieldOfHArray1OfBSplineCurve.hxx /dn43/OCCT/tmp/results_31.05.2011/occt/release-sources-20110531/inc/PColPGeom2d_VArrayTNodeOfFieldOfHArray1OfBSplineCurve.hxx
+M PColPGeom2d:derivated:PColPGeom2d_VArrayTNodeOfFieldOfHArray1OfBSplineCurve_0.cxx /dn43/OCCT/tmp/results_31.05.2011/occt/release-sources-20110531/drv/PColPGeom2d/PColPGeom2d_VArrayTNodeOfFieldOfHArray1OfBSplineCurve_0.cxx
+M PColPGeom2d:pubinclude:PColPGeom2d_FieldOfHArray1OfBSplineCurve.hxx /dn43/OCCT/tmp/results_31.05.2011/occt/release-sources-20110531/inc/PColPGeom2d_FieldOfHArray1OfBSplineCurve.hxx
+M PColPGeom2d:derivated:PColPGeom2d_FieldOfHArray1OfBSplineCurve_0.cxx /dn43/OCCT/tmp/results_31.05.2011/occt/release-sources-20110531/drv/PColPGeom2d/PColPGeom2d_FieldOfHArray1OfBSplineCurve_0.cxx
+M PColPGeom2d:dbadmfile:PColPGeom2d_xcpp_header.In /dn43/OCCT/tmp/results_31.05.2011/occt/release-sources-20110531/drv/PColPGeom2d/.adm/PColPGeom2d_xcpp_header.In
+M PColPGeom2d:dbadmfile:PColPGeom2d_xcpp_header.Out /dn43/OCCT/tmp/results_31.05.2011/occt/release-sources-20110531/drv/PColPGeom2d/.adm/PColPGeom2d_xcpp_header.Out
+M PColPGeom2d:dbadmfile:PColPGeom2d_xcpp_header.Dep /dn43/OCCT/tmp/results_31.05.2011/occt/release-sources-20110531/drv/PColPGeom2d/.adm/PColPGeom2d_xcpp_header.Dep
