+M XSDRAWSTLVRML:pubinclude:XSDRAWSTLVRML.hxx /dn43/OCCT/tmp/results_30.09.2011/occt/release-sources-20110930/inc/XSDRAWSTLVRML.hxx
+M XSDRAWSTLVRML:privinclude:XSDRAWSTLVRML.jxx /dn43/OCCT/tmp/results_30.09.2011/occt/release-sources-20110930/drv/XSDRAWSTLVRML/XSDRAWSTLVRML.jxx
+M XSDRAWSTLVRML:privinclude:XSDRAWSTLVRML.ixx /dn43/OCCT/tmp/results_30.09.2011/occt/release-sources-20110930/drv/XSDRAWSTLVRML/XSDRAWSTLVRML.ixx
+M XSDRAWSTLVRML:pubinclude:Handle_XSDRAWSTLVRML_DataSource.hxx /dn43/OCCT/tmp/results_30.09.2011/occt/release-sources-20110930/inc/Handle_XSDRAWSTLVRML_DataSource.hxx
+M XSDRAWSTLVRML:pubinclude:XSDRAWSTLVRML_DataSource.hxx /dn43/OCCT/tmp/results_30.09.2011/occt/release-sources-20110930/inc/XSDRAWSTLVRML_DataSource.hxx
+M XSDRAWSTLVRML:privinclude:XSDRAWSTLVRML_DataSource.jxx /dn43/OCCT/tmp/results_30.09.2011/occt/release-sources-20110930/drv/XSDRAWSTLVRML/XSDRAWSTLVRML_DataSource.jxx
+M XSDRAWSTLVRML:privinclude:XSDRAWSTLVRML_DataSource.ixx /dn43/OCCT/tmp/results_30.09.2011/occt/release-sources-20110930/drv/XSDRAWSTLVRML/XSDRAWSTLVRML_DataSource.ixx
+M XSDRAWSTLVRML:pubinclude:Handle_XSDRAWSTLVRML_DrawableMesh.hxx /dn43/OCCT/tmp/results_30.09.2011/occt/release-sources-20110930/inc/Handle_XSDRAWSTLVRML_DrawableMesh.hxx
+M XSDRAWSTLVRML:pubinclude:XSDRAWSTLVRML_DrawableMesh.hxx /dn43/OCCT/tmp/results_30.09.2011/occt/release-sources-20110930/inc/XSDRAWSTLVRML_DrawableMesh.hxx
+M XSDRAWSTLVRML:privinclude:XSDRAWSTLVRML_DrawableMesh.jxx /dn43/OCCT/tmp/results_30.09.2011/occt/release-sources-20110930/drv/XSDRAWSTLVRML/XSDRAWSTLVRML_DrawableMesh.jxx
+M XSDRAWSTLVRML:privinclude:XSDRAWSTLVRML_DrawableMesh.ixx /dn43/OCCT/tmp/results_30.09.2011/occt/release-sources-20110930/drv/XSDRAWSTLVRML/XSDRAWSTLVRML_DrawableMesh.ixx
+M XSDRAWSTLVRML:pubinclude:XSDRAWSTLVRML_ElemNodesMap.hxx /dn43/OCCT/tmp/results_30.09.2011/occt/release-sources-20110930/inc/XSDRAWSTLVRML_ElemNodesMap.hxx
+M XSDRAWSTLVRML:derivated:XSDRAWSTLVRML_ElemNodesMap_0.cxx /dn43/OCCT/tmp/results_30.09.2011/occt/release-sources-20110930/drv/XSDRAWSTLVRML/XSDRAWSTLVRML_ElemNodesMap_0.cxx
+M XSDRAWSTLVRML:pubinclude:XSDRAWSTLVRML_CoordsMap.hxx /dn43/OCCT/tmp/results_30.09.2011/occt/release-sources-20110930/inc/XSDRAWSTLVRML_CoordsMap.hxx
+M XSDRAWSTLVRML:derivated:XSDRAWSTLVRML_CoordsMap_0.cxx /dn43/OCCT/tmp/results_30.09.2011/occt/release-sources-20110930/drv/XSDRAWSTLVRML/XSDRAWSTLVRML_CoordsMap_0.cxx
+M XSDRAWSTLVRML:pubinclude:Handle_XSDRAWSTLVRML_DataMapNodeOfElemNodesMap.hxx /dn43/OCCT/tmp/results_30.09.2011/occt/release-sources-20110930/inc/Handle_XSDRAWSTLVRML_DataMapNodeOfElemNodesMap.hxx
+M XSDRAWSTLVRML:pubinclude:XSDRAWSTLVRML_DataMapNodeOfElemNodesMap.hxx /dn43/OCCT/tmp/results_30.09.2011/occt/release-sources-20110930/inc/XSDRAWSTLVRML_DataMapNodeOfElemNodesMap.hxx
+M XSDRAWSTLVRML:derivated:XSDRAWSTLVRML_DataMapNodeOfElemNodesMap_0.cxx /dn43/OCCT/tmp/results_30.09.2011/occt/release-sources-20110930/drv/XSDRAWSTLVRML/XSDRAWSTLVRML_DataMapNodeOfElemNodesMap_0.cxx
+M XSDRAWSTLVRML:pubinclude:XSDRAWSTLVRML_DataMapIteratorOfElemNodesMap.hxx /dn43/OCCT/tmp/results_30.09.2011/occt/release-sources-20110930/inc/XSDRAWSTLVRML_DataMapIteratorOfElemNodesMap.hxx
+M XSDRAWSTLVRML:derivated:XSDRAWSTLVRML_DataMapIteratorOfElemNodesMap_0.cxx /dn43/OCCT/tmp/results_30.09.2011/occt/release-sources-20110930/drv/XSDRAWSTLVRML/XSDRAWSTLVRML_DataMapIteratorOfElemNodesMap_0.cxx
+M XSDRAWSTLVRML:pubinclude:Handle_XSDRAWSTLVRML_DataMapNodeOfCoordsMap.hxx /dn43/OCCT/tmp/results_30.09.2011/occt/release-sources-20110930/inc/Handle_XSDRAWSTLVRML_DataMapNodeOfCoordsMap.hxx
+M XSDRAWSTLVRML:pubinclude:XSDRAWSTLVRML_DataMapNodeOfCoordsMap.hxx /dn43/OCCT/tmp/results_30.09.2011/occt/release-sources-20110930/inc/XSDRAWSTLVRML_DataMapNodeOfCoordsMap.hxx
+M XSDRAWSTLVRML:derivated:XSDRAWSTLVRML_DataMapNodeOfCoordsMap_0.cxx /dn43/OCCT/tmp/results_30.09.2011/occt/release-sources-20110930/drv/XSDRAWSTLVRML/XSDRAWSTLVRML_DataMapNodeOfCoordsMap_0.cxx
+M XSDRAWSTLVRML:pubinclude:XSDRAWSTLVRML_DataMapIteratorOfCoordsMap.hxx /dn43/OCCT/tmp/results_30.09.2011/occt/release-sources-20110930/inc/XSDRAWSTLVRML_DataMapIteratorOfCoordsMap.hxx
+M XSDRAWSTLVRML:derivated:XSDRAWSTLVRML_DataMapIteratorOfCoordsMap_0.cxx /dn43/OCCT/tmp/results_30.09.2011/occt/release-sources-20110930/drv/XSDRAWSTLVRML/XSDRAWSTLVRML_DataMapIteratorOfCoordsMap_0.cxx
+M XSDRAWSTLVRML:dbadmfile:XSDRAWSTLVRML_xcpp_header.In /dn43/OCCT/tmp/results_30.09.2011/occt/release-sources-20110930/drv/XSDRAWSTLVRML/.adm/XSDRAWSTLVRML_xcpp_header.In
+M XSDRAWSTLVRML:dbadmfile:XSDRAWSTLVRML_xcpp_header.Out /dn43/OCCT/tmp/results_30.09.2011/occt/release-sources-20110930/drv/XSDRAWSTLVRML/.adm/XSDRAWSTLVRML_xcpp_header.Out
+M XSDRAWSTLVRML:dbadmfile:XSDRAWSTLVRML_xcpp_header.Dep /dn43/OCCT/tmp/results_30.09.2011/occt/release-sources-20110930/drv/XSDRAWSTLVRML/.adm/XSDRAWSTLVRML_xcpp_header.Dep
