+M BRepAdaptor:pubinclude:BRepAdaptor_Surface.hxx /dn43/OCCT/tmp/results_31.05.2011/occt/release-sources-20110531/inc/BRepAdaptor_Surface.hxx
+M BRepAdaptor:privinclude:BRepAdaptor_Surface.jxx /dn43/OCCT/tmp/results_31.05.2011/occt/release-sources-20110531/drv/BRepAdaptor/BRepAdaptor_Surface.jxx
+M BRepAdaptor:privinclude:BRepAdaptor_Surface.ixx /dn43/OCCT/tmp/results_31.05.2011/occt/release-sources-20110531/drv/BRepAdaptor/BRepAdaptor_Surface.ixx
+M BRepAdaptor:pubinclude:BRepAdaptor_Curve.hxx /dn43/OCCT/tmp/results_31.05.2011/occt/release-sources-20110531/inc/BRepAdaptor_Curve.hxx
+M BRepAdaptor:privinclude:BRepAdaptor_Curve.jxx /dn43/OCCT/tmp/results_31.05.2011/occt/release-sources-20110531/drv/BRepAdaptor/BRepAdaptor_Curve.jxx
+M BRepAdaptor:privinclude:BRepAdaptor_Curve.ixx /dn43/OCCT/tmp/results_31.05.2011/occt/release-sources-20110531/drv/BRepAdaptor/BRepAdaptor_Curve.ixx
+M BRepAdaptor:pubinclude:BRepAdaptor_Curve2d.hxx /dn43/OCCT/tmp/results_31.05.2011/occt/release-sources-20110531/inc/BRepAdaptor_Curve2d.hxx
+M BRepAdaptor:privinclude:BRepAdaptor_Curve2d.jxx /dn43/OCCT/tmp/results_31.05.2011/occt/release-sources-20110531/drv/BRepAdaptor/BRepAdaptor_Curve2d.jxx
+M BRepAdaptor:privinclude:BRepAdaptor_Curve2d.ixx /dn43/OCCT/tmp/results_31.05.2011/occt/release-sources-20110531/drv/BRepAdaptor/BRepAdaptor_Curve2d.ixx
+M BRepAdaptor:pubinclude:BRepAdaptor_CompCurve.hxx /dn43/OCCT/tmp/results_31.05.2011/occt/release-sources-20110531/inc/BRepAdaptor_CompCurve.hxx
+M BRepAdaptor:privinclude:BRepAdaptor_CompCurve.jxx /dn43/OCCT/tmp/results_31.05.2011/occt/release-sources-20110531/drv/BRepAdaptor/BRepAdaptor_CompCurve.jxx
+M BRepAdaptor:privinclude:BRepAdaptor_CompCurve.ixx /dn43/OCCT/tmp/results_31.05.2011/occt/release-sources-20110531/drv/BRepAdaptor/BRepAdaptor_CompCurve.ixx
+M BRepAdaptor:pubinclude:Handle_BRepAdaptor_HSurface.hxx /dn43/OCCT/tmp/results_31.05.2011/occt/release-sources-20110531/inc/Handle_BRepAdaptor_HSurface.hxx
+M BRepAdaptor:pubinclude:BRepAdaptor_HSurface.hxx /dn43/OCCT/tmp/results_31.05.2011/occt/release-sources-20110531/inc/BRepAdaptor_HSurface.hxx
+M BRepAdaptor:derivated:BRepAdaptor_HSurface_0.cxx /dn43/OCCT/tmp/results_31.05.2011/occt/release-sources-20110531/drv/BRepAdaptor/BRepAdaptor_HSurface_0.cxx
+M BRepAdaptor:pubinclude:Handle_BRepAdaptor_HCurve.hxx /dn43/OCCT/tmp/results_31.05.2011/occt/release-sources-20110531/inc/Handle_BRepAdaptor_HCurve.hxx
+M BRepAdaptor:pubinclude:BRepAdaptor_HCurve.hxx /dn43/OCCT/tmp/results_31.05.2011/occt/release-sources-20110531/inc/BRepAdaptor_HCurve.hxx
+M BRepAdaptor:derivated:BRepAdaptor_HCurve_0.cxx /dn43/OCCT/tmp/results_31.05.2011/occt/release-sources-20110531/drv/BRepAdaptor/BRepAdaptor_HCurve_0.cxx
+M BRepAdaptor:pubinclude:Handle_BRepAdaptor_HCurve2d.hxx /dn43/OCCT/tmp/results_31.05.2011/occt/release-sources-20110531/inc/Handle_BRepAdaptor_HCurve2d.hxx
+M BRepAdaptor:pubinclude:BRepAdaptor_HCurve2d.hxx /dn43/OCCT/tmp/results_31.05.2011/occt/release-sources-20110531/inc/BRepAdaptor_HCurve2d.hxx
+M BRepAdaptor:derivated:BRepAdaptor_HCurve2d_0.cxx /dn43/OCCT/tmp/results_31.05.2011/occt/release-sources-20110531/drv/BRepAdaptor/BRepAdaptor_HCurve2d_0.cxx
+M BRepAdaptor:pubinclude:Handle_BRepAdaptor_HCompCurve.hxx /dn43/OCCT/tmp/results_31.05.2011/occt/release-sources-20110531/inc/Handle_BRepAdaptor_HCompCurve.hxx
+M BRepAdaptor:pubinclude:BRepAdaptor_HCompCurve.hxx /dn43/OCCT/tmp/results_31.05.2011/occt/release-sources-20110531/inc/BRepAdaptor_HCompCurve.hxx
+M BRepAdaptor:derivated:BRepAdaptor_HCompCurve_0.cxx /dn43/OCCT/tmp/results_31.05.2011/occt/release-sources-20110531/drv/BRepAdaptor/BRepAdaptor_HCompCurve_0.cxx
+M BRepAdaptor:pubinclude:BRepAdaptor_Array1OfCurve.hxx /dn43/OCCT/tmp/results_31.05.2011/occt/release-sources-20110531/inc/BRepAdaptor_Array1OfCurve.hxx
+M BRepAdaptor:derivated:BRepAdaptor_Array1OfCurve_0.cxx /dn43/OCCT/tmp/results_31.05.2011/occt/release-sources-20110531/drv/BRepAdaptor/BRepAdaptor_Array1OfCurve_0.cxx
+M BRepAdaptor:pubinclude:Handle_BRepAdaptor_HArray1OfCurve.hxx /dn43/OCCT/tmp/results_31.05.2011/occt/release-sources-20110531/inc/Handle_BRepAdaptor_HArray1OfCurve.hxx
+M BRepAdaptor:pubinclude:BRepAdaptor_HArray1OfCurve.hxx /dn43/OCCT/tmp/results_31.05.2011/occt/release-sources-20110531/inc/BRepAdaptor_HArray1OfCurve.hxx
+M BRepAdaptor:derivated:BRepAdaptor_HArray1OfCurve_0.cxx /dn43/OCCT/tmp/results_31.05.2011/occt/release-sources-20110531/drv/BRepAdaptor/BRepAdaptor_HArray1OfCurve_0.cxx
+M BRepAdaptor:dbadmfile:BRepAdaptor_xcpp_header.In /dn43/OCCT/tmp/results_31.05.2011/occt/release-sources-20110531/drv/BRepAdaptor/.adm/BRepAdaptor_xcpp_header.In
+M BRepAdaptor:dbadmfile:BRepAdaptor_xcpp_header.Out /dn43/OCCT/tmp/results_31.05.2011/occt/release-sources-20110531/drv/BRepAdaptor/.adm/BRepAdaptor_xcpp_header.Out
+M BRepAdaptor:dbadmfile:BRepAdaptor_xcpp_header.Dep /dn43/OCCT/tmp/results_31.05.2011/occt/release-sources-20110531/drv/BRepAdaptor/.adm/BRepAdaptor_xcpp_header.Dep
