+M PDF:pubinclude:Handle_PDF_Data.hxx /dn43/OCCT/tmp/results_31.05.2011/occt/release-sources-20110531/inc/Handle_PDF_Data.hxx
+M PDF:pubinclude:PDF_Data.hxx /dn43/OCCT/tmp/results_31.05.2011/occt/release-sources-20110531/inc/PDF_Data.hxx
+M PDF:privinclude:PDF_Data.jxx /dn43/OCCT/tmp/results_31.05.2011/occt/release-sources-20110531/drv/PDF/PDF_Data.jxx
+M PDF:privinclude:PDF_Data.ixx /dn43/OCCT/tmp/results_31.05.2011/occt/release-sources-20110531/drv/PDF/PDF_Data.ixx
+M PDF:pubinclude:Handle_PDF_Attribute.hxx /dn43/OCCT/tmp/results_31.05.2011/occt/release-sources-20110531/inc/Handle_PDF_Attribute.hxx
+M PDF:pubinclude:PDF_Attribute.hxx /dn43/OCCT/tmp/results_31.05.2011/occt/release-sources-20110531/inc/PDF_Attribute.hxx
+M PDF:privinclude:PDF_Attribute.jxx /dn43/OCCT/tmp/results_31.05.2011/occt/release-sources-20110531/drv/PDF/PDF_Attribute.jxx
+M PDF:privinclude:PDF_Attribute.ixx /dn43/OCCT/tmp/results_31.05.2011/occt/release-sources-20110531/drv/PDF/PDF_Attribute.ixx
+M PDF:pubinclude:Handle_PDF_TagSource.hxx /dn43/OCCT/tmp/results_31.05.2011/occt/release-sources-20110531/inc/Handle_PDF_TagSource.hxx
+M PDF:pubinclude:PDF_TagSource.hxx /dn43/OCCT/tmp/results_31.05.2011/occt/release-sources-20110531/inc/PDF_TagSource.hxx
+M PDF:privinclude:PDF_TagSource.jxx /dn43/OCCT/tmp/results_31.05.2011/occt/release-sources-20110531/drv/PDF/PDF_TagSource.jxx
+M PDF:privinclude:PDF_TagSource.ixx /dn43/OCCT/tmp/results_31.05.2011/occt/release-sources-20110531/drv/PDF/PDF_TagSource.ixx
+M PDF:pubinclude:Handle_PDF_Reference.hxx /dn43/OCCT/tmp/results_31.05.2011/occt/release-sources-20110531/inc/Handle_PDF_Reference.hxx
+M PDF:pubinclude:PDF_Reference.hxx /dn43/OCCT/tmp/results_31.05.2011/occt/release-sources-20110531/inc/PDF_Reference.hxx
+M PDF:privinclude:PDF_Reference.jxx /dn43/OCCT/tmp/results_31.05.2011/occt/release-sources-20110531/drv/PDF/PDF_Reference.jxx
+M PDF:privinclude:PDF_Reference.ixx /dn43/OCCT/tmp/results_31.05.2011/occt/release-sources-20110531/drv/PDF/PDF_Reference.ixx
+M PDF:pubinclude:Handle_PDF_HAttributeArray1.hxx /dn43/OCCT/tmp/results_31.05.2011/occt/release-sources-20110531/inc/Handle_PDF_HAttributeArray1.hxx
+M PDF:pubinclude:PDF_HAttributeArray1.hxx /dn43/OCCT/tmp/results_31.05.2011/occt/release-sources-20110531/inc/PDF_HAttributeArray1.hxx
+M PDF:derivated:PDF_HAttributeArray1_0.cxx /dn43/OCCT/tmp/results_31.05.2011/occt/release-sources-20110531/drv/PDF/PDF_HAttributeArray1_0.cxx
+M PDF:pubinclude:Handle_PDF_VArrayNodeOfFieldOfHAttributeArray1.hxx /dn43/OCCT/tmp/results_31.05.2011/occt/release-sources-20110531/inc/Handle_PDF_VArrayNodeOfFieldOfHAttributeArray1.hxx
+M PDF:pubinclude:PDF_VArrayNodeOfFieldOfHAttributeArray1.hxx /dn43/OCCT/tmp/results_31.05.2011/occt/release-sources-20110531/inc/PDF_VArrayNodeOfFieldOfHAttributeArray1.hxx
+M PDF:derivated:PDF_VArrayNodeOfFieldOfHAttributeArray1_0.cxx /dn43/OCCT/tmp/results_31.05.2011/occt/release-sources-20110531/drv/PDF/PDF_VArrayNodeOfFieldOfHAttributeArray1_0.cxx
+M PDF:pubinclude:PDF_VArrayTNodeOfFieldOfHAttributeArray1.hxx /dn43/OCCT/tmp/results_31.05.2011/occt/release-sources-20110531/inc/PDF_VArrayTNodeOfFieldOfHAttributeArray1.hxx
+M PDF:derivated:PDF_VArrayTNodeOfFieldOfHAttributeArray1_0.cxx /dn43/OCCT/tmp/results_31.05.2011/occt/release-sources-20110531/drv/PDF/PDF_VArrayTNodeOfFieldOfHAttributeArray1_0.cxx
+M PDF:pubinclude:PDF_FieldOfHAttributeArray1.hxx /dn43/OCCT/tmp/results_31.05.2011/occt/release-sources-20110531/inc/PDF_FieldOfHAttributeArray1.hxx
+M PDF:derivated:PDF_FieldOfHAttributeArray1_0.cxx /dn43/OCCT/tmp/results_31.05.2011/occt/release-sources-20110531/drv/PDF/PDF_FieldOfHAttributeArray1_0.cxx
+M PDF:dbadmfile:PDF_xcpp_header.In /dn43/OCCT/tmp/results_31.05.2011/occt/release-sources-20110531/drv/PDF/.adm/PDF_xcpp_header.In
+M PDF:dbadmfile:PDF_xcpp_header.Out /dn43/OCCT/tmp/results_31.05.2011/occt/release-sources-20110531/drv/PDF/.adm/PDF_xcpp_header.Out
+M PDF:dbadmfile:PDF_xcpp_header.Dep /dn43/OCCT/tmp/results_31.05.2011/occt/release-sources-20110531/drv/PDF/.adm/PDF_xcpp_header.Dep
