+M BRepTopAdaptor:pubinclude:BRepTopAdaptor_FClass2d.hxx /dn43/OCCT/tmp/results_31.05.2011/occt/release-sources-20110531/inc/BRepTopAdaptor_FClass2d.hxx
+M BRepTopAdaptor:privinclude:BRepTopAdaptor_FClass2d.jxx /dn43/OCCT/tmp/results_31.05.2011/occt/release-sources-20110531/drv/BRepTopAdaptor/BRepTopAdaptor_FClass2d.jxx
+M BRepTopAdaptor:privinclude:BRepTopAdaptor_FClass2d.ixx /dn43/OCCT/tmp/results_31.05.2011/occt/release-sources-20110531/drv/BRepTopAdaptor/BRepTopAdaptor_FClass2d.ixx
+M BRepTopAdaptor:pubinclude:Handle_BRepTopAdaptor_HVertex.hxx /dn43/OCCT/tmp/results_31.05.2011/occt/release-sources-20110531/inc/Handle_BRepTopAdaptor_HVertex.hxx
+M BRepTopAdaptor:pubinclude:BRepTopAdaptor_HVertex.hxx /dn43/OCCT/tmp/results_31.05.2011/occt/release-sources-20110531/inc/BRepTopAdaptor_HVertex.hxx
+M BRepTopAdaptor:privinclude:BRepTopAdaptor_HVertex.jxx /dn43/OCCT/tmp/results_31.05.2011/occt/release-sources-20110531/drv/BRepTopAdaptor/BRepTopAdaptor_HVertex.jxx
+M BRepTopAdaptor:privinclude:BRepTopAdaptor_HVertex.ixx /dn43/OCCT/tmp/results_31.05.2011/occt/release-sources-20110531/drv/BRepTopAdaptor/BRepTopAdaptor_HVertex.ixx
+M BRepTopAdaptor:pubinclude:Handle_BRepTopAdaptor_TopolTool.hxx /dn43/OCCT/tmp/results_31.05.2011/occt/release-sources-20110531/inc/Handle_BRepTopAdaptor_TopolTool.hxx
+M BRepTopAdaptor:pubinclude:BRepTopAdaptor_TopolTool.hxx /dn43/OCCT/tmp/results_31.05.2011/occt/release-sources-20110531/inc/BRepTopAdaptor_TopolTool.hxx
+M BRepTopAdaptor:privinclude:BRepTopAdaptor_TopolTool.jxx /dn43/OCCT/tmp/results_31.05.2011/occt/release-sources-20110531/drv/BRepTopAdaptor/BRepTopAdaptor_TopolTool.jxx
+M BRepTopAdaptor:privinclude:BRepTopAdaptor_TopolTool.ixx /dn43/OCCT/tmp/results_31.05.2011/occt/release-sources-20110531/drv/BRepTopAdaptor/BRepTopAdaptor_TopolTool.ixx
+M BRepTopAdaptor:pubinclude:BRepTopAdaptor_Tool.hxx /dn43/OCCT/tmp/results_31.05.2011/occt/release-sources-20110531/inc/BRepTopAdaptor_Tool.hxx
+M BRepTopAdaptor:privinclude:BRepTopAdaptor_Tool.jxx /dn43/OCCT/tmp/results_31.05.2011/occt/release-sources-20110531/drv/BRepTopAdaptor/BRepTopAdaptor_Tool.jxx
+M BRepTopAdaptor:privinclude:BRepTopAdaptor_Tool.ixx /dn43/OCCT/tmp/results_31.05.2011/occt/release-sources-20110531/drv/BRepTopAdaptor/BRepTopAdaptor_Tool.ixx
+M BRepTopAdaptor:pubinclude:BRepTopAdaptor_MapOfShapeTool.hxx /dn43/OCCT/tmp/results_31.05.2011/occt/release-sources-20110531/inc/BRepTopAdaptor_MapOfShapeTool.hxx
+M BRepTopAdaptor:derivated:BRepTopAdaptor_MapOfShapeTool_0.cxx /dn43/OCCT/tmp/results_31.05.2011/occt/release-sources-20110531/drv/BRepTopAdaptor/BRepTopAdaptor_MapOfShapeTool_0.cxx
+M BRepTopAdaptor:pubinclude:Handle_BRepTopAdaptor_DataMapNodeOfMapOfShapeTool.hxx /dn43/OCCT/tmp/results_31.05.2011/occt/release-sources-20110531/inc/Handle_BRepTopAdaptor_DataMapNodeOfMapOfShapeTool.hxx
+M BRepTopAdaptor:pubinclude:BRepTopAdaptor_DataMapNodeOfMapOfShapeTool.hxx /dn43/OCCT/tmp/results_31.05.2011/occt/release-sources-20110531/inc/BRepTopAdaptor_DataMapNodeOfMapOfShapeTool.hxx
+M BRepTopAdaptor:derivated:BRepTopAdaptor_DataMapNodeOfMapOfShapeTool_0.cxx /dn43/OCCT/tmp/results_31.05.2011/occt/release-sources-20110531/drv/BRepTopAdaptor/BRepTopAdaptor_DataMapNodeOfMapOfShapeTool_0.cxx
+M BRepTopAdaptor:pubinclude:BRepTopAdaptor_DataMapIteratorOfMapOfShapeTool.hxx /dn43/OCCT/tmp/results_31.05.2011/occt/release-sources-20110531/inc/BRepTopAdaptor_DataMapIteratorOfMapOfShapeTool.hxx
+M BRepTopAdaptor:derivated:BRepTopAdaptor_DataMapIteratorOfMapOfShapeTool_0.cxx /dn43/OCCT/tmp/results_31.05.2011/occt/release-sources-20110531/drv/BRepTopAdaptor/BRepTopAdaptor_DataMapIteratorOfMapOfShapeTool_0.cxx
+M BRepTopAdaptor:pubinclude:BRepTopAdaptor_SeqOfPtr.hxx /dn43/OCCT/tmp/results_31.05.2011/occt/release-sources-20110531/inc/BRepTopAdaptor_SeqOfPtr.hxx
+M BRepTopAdaptor:dbadmfile:BRepTopAdaptor_xcpp_header.In /dn43/OCCT/tmp/results_31.05.2011/occt/release-sources-20110531/drv/BRepTopAdaptor/.adm/BRepTopAdaptor_xcpp_header.In
+M BRepTopAdaptor:dbadmfile:BRepTopAdaptor_xcpp_header.Out /dn43/OCCT/tmp/results_31.05.2011/occt/release-sources-20110531/drv/BRepTopAdaptor/.adm/BRepTopAdaptor_xcpp_header.Out
+M BRepTopAdaptor:dbadmfile:BRepTopAdaptor_xcpp_header.Dep /dn43/OCCT/tmp/results_31.05.2011/occt/release-sources-20110531/drv/BRepTopAdaptor/.adm/BRepTopAdaptor_xcpp_header.Dep
