+M BinMDataStd:pubinclude:BinMDataStd.hxx /dn43/OCCT/tmp/results_28.02.2011/occt/release-sources-20110228/inc/BinMDataStd.hxx
+M BinMDataStd:privinclude:BinMDataStd.jxx /dn43/OCCT/tmp/results_28.02.2011/occt/release-sources-20110228/drv/BinMDataStd/BinMDataStd.jxx
+M BinMDataStd:privinclude:BinMDataStd.ixx /dn43/OCCT/tmp/results_28.02.2011/occt/release-sources-20110228/drv/BinMDataStd/BinMDataStd.ixx
+M BinMDataStd:pubinclude:Handle_BinMDataStd_NameDriver.hxx /dn43/OCCT/tmp/results_28.02.2011/occt/release-sources-20110228/inc/Handle_BinMDataStd_NameDriver.hxx
+M BinMDataStd:pubinclude:BinMDataStd_NameDriver.hxx /dn43/OCCT/tmp/results_28.02.2011/occt/release-sources-20110228/inc/BinMDataStd_NameDriver.hxx
+M BinMDataStd:privinclude:BinMDataStd_NameDriver.jxx /dn43/OCCT/tmp/results_28.02.2011/occt/release-sources-20110228/drv/BinMDataStd/BinMDataStd_NameDriver.jxx
+M BinMDataStd:privinclude:BinMDataStd_NameDriver.ixx /dn43/OCCT/tmp/results_28.02.2011/occt/release-sources-20110228/drv/BinMDataStd/BinMDataStd_NameDriver.ixx
+M BinMDataStd:pubinclude:Handle_BinMDataStd_IntegerDriver.hxx /dn43/OCCT/tmp/results_28.02.2011/occt/release-sources-20110228/inc/Handle_BinMDataStd_IntegerDriver.hxx
+M BinMDataStd:pubinclude:BinMDataStd_IntegerDriver.hxx /dn43/OCCT/tmp/results_28.02.2011/occt/release-sources-20110228/inc/BinMDataStd_IntegerDriver.hxx
+M BinMDataStd:privinclude:BinMDataStd_IntegerDriver.jxx /dn43/OCCT/tmp/results_28.02.2011/occt/release-sources-20110228/drv/BinMDataStd/BinMDataStd_IntegerDriver.jxx
+M BinMDataStd:privinclude:BinMDataStd_IntegerDriver.ixx /dn43/OCCT/tmp/results_28.02.2011/occt/release-sources-20110228/drv/BinMDataStd/BinMDataStd_IntegerDriver.ixx
+M BinMDataStd:pubinclude:Handle_BinMDataStd_RealDriver.hxx /dn43/OCCT/tmp/results_28.02.2011/occt/release-sources-20110228/inc/Handle_BinMDataStd_RealDriver.hxx
+M BinMDataStd:pubinclude:BinMDataStd_RealDriver.hxx /dn43/OCCT/tmp/results_28.02.2011/occt/release-sources-20110228/inc/BinMDataStd_RealDriver.hxx
+M BinMDataStd:privinclude:BinMDataStd_RealDriver.jxx /dn43/OCCT/tmp/results_28.02.2011/occt/release-sources-20110228/drv/BinMDataStd/BinMDataStd_RealDriver.jxx
+M BinMDataStd:privinclude:BinMDataStd_RealDriver.ixx /dn43/OCCT/tmp/results_28.02.2011/occt/release-sources-20110228/drv/BinMDataStd/BinMDataStd_RealDriver.ixx
+M BinMDataStd:pubinclude:Handle_BinMDataStd_IntegerArrayDriver.hxx /dn43/OCCT/tmp/results_28.02.2011/occt/release-sources-20110228/inc/Handle_BinMDataStd_IntegerArrayDriver.hxx
+M BinMDataStd:pubinclude:BinMDataStd_IntegerArrayDriver.hxx /dn43/OCCT/tmp/results_28.02.2011/occt/release-sources-20110228/inc/BinMDataStd_IntegerArrayDriver.hxx
+M BinMDataStd:privinclude:BinMDataStd_IntegerArrayDriver.jxx /dn43/OCCT/tmp/results_28.02.2011/occt/release-sources-20110228/drv/BinMDataStd/BinMDataStd_IntegerArrayDriver.jxx
+M BinMDataStd:privinclude:BinMDataStd_IntegerArrayDriver.ixx /dn43/OCCT/tmp/results_28.02.2011/occt/release-sources-20110228/drv/BinMDataStd/BinMDataStd_IntegerArrayDriver.ixx
+M BinMDataStd:pubinclude:Handle_BinMDataStd_RealArrayDriver.hxx /dn43/OCCT/tmp/results_28.02.2011/occt/release-sources-20110228/inc/Handle_BinMDataStd_RealArrayDriver.hxx
+M BinMDataStd:pubinclude:BinMDataStd_RealArrayDriver.hxx /dn43/OCCT/tmp/results_28.02.2011/occt/release-sources-20110228/inc/BinMDataStd_RealArrayDriver.hxx
+M BinMDataStd:privinclude:BinMDataStd_RealArrayDriver.jxx /dn43/OCCT/tmp/results_28.02.2011/occt/release-sources-20110228/drv/BinMDataStd/BinMDataStd_RealArrayDriver.jxx
+M BinMDataStd:privinclude:BinMDataStd_RealArrayDriver.ixx /dn43/OCCT/tmp/results_28.02.2011/occt/release-sources-20110228/drv/BinMDataStd/BinMDataStd_RealArrayDriver.ixx
+M BinMDataStd:pubinclude:Handle_BinMDataStd_UAttributeDriver.hxx /dn43/OCCT/tmp/results_28.02.2011/occt/release-sources-20110228/inc/Handle_BinMDataStd_UAttributeDriver.hxx
+M BinMDataStd:pubinclude:BinMDataStd_UAttributeDriver.hxx /dn43/OCCT/tmp/results_28.02.2011/occt/release-sources-20110228/inc/BinMDataStd_UAttributeDriver.hxx
+M BinMDataStd:privinclude:BinMDataStd_UAttributeDriver.jxx /dn43/OCCT/tmp/results_28.02.2011/occt/release-sources-20110228/drv/BinMDataStd/BinMDataStd_UAttributeDriver.jxx
+M BinMDataStd:privinclude:BinMDataStd_UAttributeDriver.ixx /dn43/OCCT/tmp/results_28.02.2011/occt/release-sources-20110228/drv/BinMDataStd/BinMDataStd_UAttributeDriver.ixx
+M BinMDataStd:pubinclude:Handle_BinMDataStd_DirectoryDriver.hxx /dn43/OCCT/tmp/results_28.02.2011/occt/release-sources-20110228/inc/Handle_BinMDataStd_DirectoryDriver.hxx
+M BinMDataStd:pubinclude:BinMDataStd_DirectoryDriver.hxx /dn43/OCCT/tmp/results_28.02.2011/occt/release-sources-20110228/inc/BinMDataStd_DirectoryDriver.hxx
+M BinMDataStd:privinclude:BinMDataStd_DirectoryDriver.jxx /dn43/OCCT/tmp/results_28.02.2011/occt/release-sources-20110228/drv/BinMDataStd/BinMDataStd_DirectoryDriver.jxx
+M BinMDataStd:privinclude:BinMDataStd_DirectoryDriver.ixx /dn43/OCCT/tmp/results_28.02.2011/occt/release-sources-20110228/drv/BinMDataStd/BinMDataStd_DirectoryDriver.ixx
+M BinMDataStd:pubinclude:Handle_BinMDataStd_CommentDriver.hxx /dn43/OCCT/tmp/results_28.02.2011/occt/release-sources-20110228/inc/Handle_BinMDataStd_CommentDriver.hxx
+M BinMDataStd:pubinclude:BinMDataStd_CommentDriver.hxx /dn43/OCCT/tmp/results_28.02.2011/occt/release-sources-20110228/inc/BinMDataStd_CommentDriver.hxx
+M BinMDataStd:privinclude:BinMDataStd_CommentDriver.jxx /dn43/OCCT/tmp/results_28.02.2011/occt/release-sources-20110228/drv/BinMDataStd/BinMDataStd_CommentDriver.jxx
+M BinMDataStd:privinclude:BinMDataStd_CommentDriver.ixx /dn43/OCCT/tmp/results_28.02.2011/occt/release-sources-20110228/drv/BinMDataStd/BinMDataStd_CommentDriver.ixx
+M BinMDataStd:pubinclude:Handle_BinMDataStd_VariableDriver.hxx /dn43/OCCT/tmp/results_28.02.2011/occt/release-sources-20110228/inc/Handle_BinMDataStd_VariableDriver.hxx
+M BinMDataStd:pubinclude:BinMDataStd_VariableDriver.hxx /dn43/OCCT/tmp/results_28.02.2011/occt/release-sources-20110228/inc/BinMDataStd_VariableDriver.hxx
+M BinMDataStd:privinclude:BinMDataStd_VariableDriver.jxx /dn43/OCCT/tmp/results_28.02.2011/occt/release-sources-20110228/drv/BinMDataStd/BinMDataStd_VariableDriver.jxx
+M BinMDataStd:privinclude:BinMDataStd_VariableDriver.ixx /dn43/OCCT/tmp/results_28.02.2011/occt/release-sources-20110228/drv/BinMDataStd/BinMDataStd_VariableDriver.ixx
+M BinMDataStd:pubinclude:Handle_BinMDataStd_ExpressionDriver.hxx /dn43/OCCT/tmp/results_28.02.2011/occt/release-sources-20110228/inc/Handle_BinMDataStd_ExpressionDriver.hxx
+M BinMDataStd:pubinclude:BinMDataStd_ExpressionDriver.hxx /dn43/OCCT/tmp/results_28.02.2011/occt/release-sources-20110228/inc/BinMDataStd_ExpressionDriver.hxx
+M BinMDataStd:privinclude:BinMDataStd_ExpressionDriver.jxx /dn43/OCCT/tmp/results_28.02.2011/occt/release-sources-20110228/drv/BinMDataStd/BinMDataStd_ExpressionDriver.jxx
+M BinMDataStd:privinclude:BinMDataStd_ExpressionDriver.ixx /dn43/OCCT/tmp/results_28.02.2011/occt/release-sources-20110228/drv/BinMDataStd/BinMDataStd_ExpressionDriver.ixx
+M BinMDataStd:pubinclude:Handle_BinMDataStd_RelationDriver.hxx /dn43/OCCT/tmp/results_28.02.2011/occt/release-sources-20110228/inc/Handle_BinMDataStd_RelationDriver.hxx
+M BinMDataStd:pubinclude:BinMDataStd_RelationDriver.hxx /dn43/OCCT/tmp/results_28.02.2011/occt/release-sources-20110228/inc/BinMDataStd_RelationDriver.hxx
+M BinMDataStd:privinclude:BinMDataStd_RelationDriver.jxx /dn43/OCCT/tmp/results_28.02.2011/occt/release-sources-20110228/drv/BinMDataStd/BinMDataStd_RelationDriver.jxx
+M BinMDataStd:privinclude:BinMDataStd_RelationDriver.ixx /dn43/OCCT/tmp/results_28.02.2011/occt/release-sources-20110228/drv/BinMDataStd/BinMDataStd_RelationDriver.ixx
+M BinMDataStd:pubinclude:Handle_BinMDataStd_NoteBookDriver.hxx /dn43/OCCT/tmp/results_28.02.2011/occt/release-sources-20110228/inc/Handle_BinMDataStd_NoteBookDriver.hxx
+M BinMDataStd:pubinclude:BinMDataStd_NoteBookDriver.hxx /dn43/OCCT/tmp/results_28.02.2011/occt/release-sources-20110228/inc/BinMDataStd_NoteBookDriver.hxx
+M BinMDataStd:privinclude:BinMDataStd_NoteBookDriver.jxx /dn43/OCCT/tmp/results_28.02.2011/occt/release-sources-20110228/drv/BinMDataStd/BinMDataStd_NoteBookDriver.jxx
+M BinMDataStd:privinclude:BinMDataStd_NoteBookDriver.ixx /dn43/OCCT/tmp/results_28.02.2011/occt/release-sources-20110228/drv/BinMDataStd/BinMDataStd_NoteBookDriver.ixx
+M BinMDataStd:pubinclude:Handle_BinMDataStd_TreeNodeDriver.hxx /dn43/OCCT/tmp/results_28.02.2011/occt/release-sources-20110228/inc/Handle_BinMDataStd_TreeNodeDriver.hxx
+M BinMDataStd:pubinclude:BinMDataStd_TreeNodeDriver.hxx /dn43/OCCT/tmp/results_28.02.2011/occt/release-sources-20110228/inc/BinMDataStd_TreeNodeDriver.hxx
+M BinMDataStd:privinclude:BinMDataStd_TreeNodeDriver.jxx /dn43/OCCT/tmp/results_28.02.2011/occt/release-sources-20110228/drv/BinMDataStd/BinMDataStd_TreeNodeDriver.jxx
+M BinMDataStd:privinclude:BinMDataStd_TreeNodeDriver.ixx /dn43/OCCT/tmp/results_28.02.2011/occt/release-sources-20110228/drv/BinMDataStd/BinMDataStd_TreeNodeDriver.ixx
+M BinMDataStd:pubinclude:Handle_BinMDataStd_ExtStringArrayDriver.hxx /dn43/OCCT/tmp/results_28.02.2011/occt/release-sources-20110228/inc/Handle_BinMDataStd_ExtStringArrayDriver.hxx
+M BinMDataStd:pubinclude:BinMDataStd_ExtStringArrayDriver.hxx /dn43/OCCT/tmp/results_28.02.2011/occt/release-sources-20110228/inc/BinMDataStd_ExtStringArrayDriver.hxx
+M BinMDataStd:privinclude:BinMDataStd_ExtStringArrayDriver.jxx /dn43/OCCT/tmp/results_28.02.2011/occt/release-sources-20110228/drv/BinMDataStd/BinMDataStd_ExtStringArrayDriver.jxx
+M BinMDataStd:privinclude:BinMDataStd_ExtStringArrayDriver.ixx /dn43/OCCT/tmp/results_28.02.2011/occt/release-sources-20110228/drv/BinMDataStd/BinMDataStd_ExtStringArrayDriver.ixx
+M BinMDataStd:pubinclude:Handle_BinMDataStd_TickDriver.hxx /dn43/OCCT/tmp/results_28.02.2011/occt/release-sources-20110228/inc/Handle_BinMDataStd_TickDriver.hxx
+M BinMDataStd:pubinclude:BinMDataStd_TickDriver.hxx /dn43/OCCT/tmp/results_28.02.2011/occt/release-sources-20110228/inc/BinMDataStd_TickDriver.hxx
+M BinMDataStd:privinclude:BinMDataStd_TickDriver.jxx /dn43/OCCT/tmp/results_28.02.2011/occt/release-sources-20110228/drv/BinMDataStd/BinMDataStd_TickDriver.jxx
+M BinMDataStd:privinclude:BinMDataStd_TickDriver.ixx /dn43/OCCT/tmp/results_28.02.2011/occt/release-sources-20110228/drv/BinMDataStd/BinMDataStd_TickDriver.ixx
+M BinMDataStd:pubinclude:Handle_BinMDataStd_AsciiStringDriver.hxx /dn43/OCCT/tmp/results_28.02.2011/occt/release-sources-20110228/inc/Handle_BinMDataStd_AsciiStringDriver.hxx
+M BinMDataStd:pubinclude:BinMDataStd_AsciiStringDriver.hxx /dn43/OCCT/tmp/results_28.02.2011/occt/release-sources-20110228/inc/BinMDataStd_AsciiStringDriver.hxx
+M BinMDataStd:privinclude:BinMDataStd_AsciiStringDriver.jxx /dn43/OCCT/tmp/results_28.02.2011/occt/release-sources-20110228/drv/BinMDataStd/BinMDataStd_AsciiStringDriver.jxx
+M BinMDataStd:privinclude:BinMDataStd_AsciiStringDriver.ixx /dn43/OCCT/tmp/results_28.02.2011/occt/release-sources-20110228/drv/BinMDataStd/BinMDataStd_AsciiStringDriver.ixx
+M BinMDataStd:pubinclude:Handle_BinMDataStd_IntPackedMapDriver.hxx /dn43/OCCT/tmp/results_28.02.2011/occt/release-sources-20110228/inc/Handle_BinMDataStd_IntPackedMapDriver.hxx
+M BinMDataStd:pubinclude:BinMDataStd_IntPackedMapDriver.hxx /dn43/OCCT/tmp/results_28.02.2011/occt/release-sources-20110228/inc/BinMDataStd_IntPackedMapDriver.hxx
+M BinMDataStd:privinclude:BinMDataStd_IntPackedMapDriver.jxx /dn43/OCCT/tmp/results_28.02.2011/occt/release-sources-20110228/drv/BinMDataStd/BinMDataStd_IntPackedMapDriver.jxx
+M BinMDataStd:privinclude:BinMDataStd_IntPackedMapDriver.ixx /dn43/OCCT/tmp/results_28.02.2011/occt/release-sources-20110228/drv/BinMDataStd/BinMDataStd_IntPackedMapDriver.ixx
+M BinMDataStd:pubinclude:Handle_BinMDataStd_IntegerListDriver.hxx /dn43/OCCT/tmp/results_28.02.2011/occt/release-sources-20110228/inc/Handle_BinMDataStd_IntegerListDriver.hxx
+M BinMDataStd:pubinclude:BinMDataStd_IntegerListDriver.hxx /dn43/OCCT/tmp/results_28.02.2011/occt/release-sources-20110228/inc/BinMDataStd_IntegerListDriver.hxx
+M BinMDataStd:privinclude:BinMDataStd_IntegerListDriver.jxx /dn43/OCCT/tmp/results_28.02.2011/occt/release-sources-20110228/drv/BinMDataStd/BinMDataStd_IntegerListDriver.jxx
+M BinMDataStd:privinclude:BinMDataStd_IntegerListDriver.ixx /dn43/OCCT/tmp/results_28.02.2011/occt/release-sources-20110228/drv/BinMDataStd/BinMDataStd_IntegerListDriver.ixx
+M BinMDataStd:pubinclude:Handle_BinMDataStd_RealListDriver.hxx /dn43/OCCT/tmp/results_28.02.2011/occt/release-sources-20110228/inc/Handle_BinMDataStd_RealListDriver.hxx
+M BinMDataStd:pubinclude:BinMDataStd_RealListDriver.hxx /dn43/OCCT/tmp/results_28.02.2011/occt/release-sources-20110228/inc/BinMDataStd_RealListDriver.hxx
+M BinMDataStd:privinclude:BinMDataStd_RealListDriver.jxx /dn43/OCCT/tmp/results_28.02.2011/occt/release-sources-20110228/drv/BinMDataStd/BinMDataStd_RealListDriver.jxx
+M BinMDataStd:privinclude:BinMDataStd_RealListDriver.ixx /dn43/OCCT/tmp/results_28.02.2011/occt/release-sources-20110228/drv/BinMDataStd/BinMDataStd_RealListDriver.ixx
+M BinMDataStd:pubinclude:Handle_BinMDataStd_ExtStringListDriver.hxx /dn43/OCCT/tmp/results_28.02.2011/occt/release-sources-20110228/inc/Handle_BinMDataStd_ExtStringListDriver.hxx
+M BinMDataStd:pubinclude:BinMDataStd_ExtStringListDriver.hxx /dn43/OCCT/tmp/results_28.02.2011/occt/release-sources-20110228/inc/BinMDataStd_ExtStringListDriver.hxx
+M BinMDataStd:privinclude:BinMDataStd_ExtStringListDriver.jxx /dn43/OCCT/tmp/results_28.02.2011/occt/release-sources-20110228/drv/BinMDataStd/BinMDataStd_ExtStringListDriver.jxx
+M BinMDataStd:privinclude:BinMDataStd_ExtStringListDriver.ixx /dn43/OCCT/tmp/results_28.02.2011/occt/release-sources-20110228/drv/BinMDataStd/BinMDataStd_ExtStringListDriver.ixx
+M BinMDataStd:pubinclude:Handle_BinMDataStd_BooleanListDriver.hxx /dn43/OCCT/tmp/results_28.02.2011/occt/release-sources-20110228/inc/Handle_BinMDataStd_BooleanListDriver.hxx
+M BinMDataStd:pubinclude:BinMDataStd_BooleanListDriver.hxx /dn43/OCCT/tmp/results_28.02.2011/occt/release-sources-20110228/inc/BinMDataStd_BooleanListDriver.hxx
+M BinMDataStd:privinclude:BinMDataStd_BooleanListDriver.jxx /dn43/OCCT/tmp/results_28.02.2011/occt/release-sources-20110228/drv/BinMDataStd/BinMDataStd_BooleanListDriver.jxx
+M BinMDataStd:privinclude:BinMDataStd_BooleanListDriver.ixx /dn43/OCCT/tmp/results_28.02.2011/occt/release-sources-20110228/drv/BinMDataStd/BinMDataStd_BooleanListDriver.ixx
+M BinMDataStd:pubinclude:Handle_BinMDataStd_ReferenceListDriver.hxx /dn43/OCCT/tmp/results_28.02.2011/occt/release-sources-20110228/inc/Handle_BinMDataStd_ReferenceListDriver.hxx
+M BinMDataStd:pubinclude:BinMDataStd_ReferenceListDriver.hxx /dn43/OCCT/tmp/results_28.02.2011/occt/release-sources-20110228/inc/BinMDataStd_ReferenceListDriver.hxx
+M BinMDataStd:privinclude:BinMDataStd_ReferenceListDriver.jxx /dn43/OCCT/tmp/results_28.02.2011/occt/release-sources-20110228/drv/BinMDataStd/BinMDataStd_ReferenceListDriver.jxx
+M BinMDataStd:privinclude:BinMDataStd_ReferenceListDriver.ixx /dn43/OCCT/tmp/results_28.02.2011/occt/release-sources-20110228/drv/BinMDataStd/BinMDataStd_ReferenceListDriver.ixx
+M BinMDataStd:pubinclude:Handle_BinMDataStd_BooleanArrayDriver.hxx /dn43/OCCT/tmp/results_28.02.2011/occt/release-sources-20110228/inc/Handle_BinMDataStd_BooleanArrayDriver.hxx
+M BinMDataStd:pubinclude:BinMDataStd_BooleanArrayDriver.hxx /dn43/OCCT/tmp/results_28.02.2011/occt/release-sources-20110228/inc/BinMDataStd_BooleanArrayDriver.hxx
+M BinMDataStd:privinclude:BinMDataStd_BooleanArrayDriver.jxx /dn43/OCCT/tmp/results_28.02.2011/occt/release-sources-20110228/drv/BinMDataStd/BinMDataStd_BooleanArrayDriver.jxx
+M BinMDataStd:privinclude:BinMDataStd_BooleanArrayDriver.ixx /dn43/OCCT/tmp/results_28.02.2011/occt/release-sources-20110228/drv/BinMDataStd/BinMDataStd_BooleanArrayDriver.ixx
+M BinMDataStd:pubinclude:Handle_BinMDataStd_ReferenceArrayDriver.hxx /dn43/OCCT/tmp/results_28.02.2011/occt/release-sources-20110228/inc/Handle_BinMDataStd_ReferenceArrayDriver.hxx
+M BinMDataStd:pubinclude:BinMDataStd_ReferenceArrayDriver.hxx /dn43/OCCT/tmp/results_28.02.2011/occt/release-sources-20110228/inc/BinMDataStd_ReferenceArrayDriver.hxx
+M BinMDataStd:privinclude:BinMDataStd_ReferenceArrayDriver.jxx /dn43/OCCT/tmp/results_28.02.2011/occt/release-sources-20110228/drv/BinMDataStd/BinMDataStd_ReferenceArrayDriver.jxx
+M BinMDataStd:privinclude:BinMDataStd_ReferenceArrayDriver.ixx /dn43/OCCT/tmp/results_28.02.2011/occt/release-sources-20110228/drv/BinMDataStd/BinMDataStd_ReferenceArrayDriver.ixx
+M BinMDataStd:pubinclude:Handle_BinMDataStd_ByteArrayDriver.hxx /dn43/OCCT/tmp/results_28.02.2011/occt/release-sources-20110228/inc/Handle_BinMDataStd_ByteArrayDriver.hxx
+M BinMDataStd:pubinclude:BinMDataStd_ByteArrayDriver.hxx /dn43/OCCT/tmp/results_28.02.2011/occt/release-sources-20110228/inc/BinMDataStd_ByteArrayDriver.hxx
+M BinMDataStd:privinclude:BinMDataStd_ByteArrayDriver.jxx /dn43/OCCT/tmp/results_28.02.2011/occt/release-sources-20110228/drv/BinMDataStd/BinMDataStd_ByteArrayDriver.jxx
+M BinMDataStd:privinclude:BinMDataStd_ByteArrayDriver.ixx /dn43/OCCT/tmp/results_28.02.2011/occt/release-sources-20110228/drv/BinMDataStd/BinMDataStd_ByteArrayDriver.ixx
+M BinMDataStd:pubinclude:Handle_BinMDataStd_NamedDataDriver.hxx /dn43/OCCT/tmp/results_28.02.2011/occt/release-sources-20110228/inc/Handle_BinMDataStd_NamedDataDriver.hxx
+M BinMDataStd:pubinclude:BinMDataStd_NamedDataDriver.hxx /dn43/OCCT/tmp/results_28.02.2011/occt/release-sources-20110228/inc/BinMDataStd_NamedDataDriver.hxx
+M BinMDataStd:privinclude:BinMDataStd_NamedDataDriver.jxx /dn43/OCCT/tmp/results_28.02.2011/occt/release-sources-20110228/drv/BinMDataStd/BinMDataStd_NamedDataDriver.jxx
+M BinMDataStd:privinclude:BinMDataStd_NamedDataDriver.ixx /dn43/OCCT/tmp/results_28.02.2011/occt/release-sources-20110228/drv/BinMDataStd/BinMDataStd_NamedDataDriver.ixx
+M BinMDataStd:dbadmfile:BinMDataStd_xcpp_header.In /dn43/OCCT/tmp/results_28.02.2011/occt/release-sources-20110228/drv/BinMDataStd/.adm/BinMDataStd_xcpp_header.In
+M BinMDataStd:dbadmfile:BinMDataStd_xcpp_header.Out /dn43/OCCT/tmp/results_28.02.2011/occt/release-sources-20110228/drv/BinMDataStd/.adm/BinMDataStd_xcpp_header.Out
+M BinMDataStd:dbadmfile:BinMDataStd_xcpp_header.Dep /dn43/OCCT/tmp/results_28.02.2011/occt/release-sources-20110228/drv/BinMDataStd/.adm/BinMDataStd_xcpp_header.Dep
