+M WNT:pubinclude:Handle_WNT_GraphicDevice.hxx /dn43/OCCT/tmp/results_28.02.2011/occt/release-sources-20110228/inc/Handle_WNT_GraphicDevice.hxx
+M WNT:pubinclude:WNT_GraphicDevice.hxx /dn43/OCCT/tmp/results_28.02.2011/occt/release-sources-20110228/inc/WNT_GraphicDevice.hxx
+M WNT:privinclude:WNT_GraphicDevice.jxx /dn43/OCCT/tmp/results_28.02.2011/occt/release-sources-20110228/drv/WNT/WNT_GraphicDevice.jxx
+M WNT:privinclude:WNT_GraphicDevice.ixx /dn43/OCCT/tmp/results_28.02.2011/occt/release-sources-20110228/drv/WNT/WNT_GraphicDevice.ixx
+M WNT:pubinclude:Handle_WNT_WDriver.hxx /dn43/OCCT/tmp/results_28.02.2011/occt/release-sources-20110228/inc/Handle_WNT_WDriver.hxx
+M WNT:pubinclude:WNT_WDriver.hxx /dn43/OCCT/tmp/results_28.02.2011/occt/release-sources-20110228/inc/WNT_WDriver.hxx
+M WNT:privinclude:WNT_WDriver.jxx /dn43/OCCT/tmp/results_28.02.2011/occt/release-sources-20110228/drv/WNT/WNT_WDriver.jxx
+M WNT:privinclude:WNT_WDriver.ixx /dn43/OCCT/tmp/results_28.02.2011/occt/release-sources-20110228/drv/WNT/WNT_WDriver.ixx
+M WNT:pubinclude:Handle_WNT_DDriver.hxx /dn43/OCCT/tmp/results_28.02.2011/occt/release-sources-20110228/inc/Handle_WNT_DDriver.hxx
+M WNT:pubinclude:WNT_DDriver.hxx /dn43/OCCT/tmp/results_28.02.2011/occt/release-sources-20110228/inc/WNT_DDriver.hxx
+M WNT:privinclude:WNT_DDriver.jxx /dn43/OCCT/tmp/results_28.02.2011/occt/release-sources-20110228/drv/WNT/WNT_DDriver.jxx
+M WNT:privinclude:WNT_DDriver.ixx /dn43/OCCT/tmp/results_28.02.2011/occt/release-sources-20110228/drv/WNT/WNT_DDriver.ixx
+M WNT:pubinclude:Handle_WNT_Window.hxx /dn43/OCCT/tmp/results_28.02.2011/occt/release-sources-20110228/inc/Handle_WNT_Window.hxx
+M WNT:pubinclude:WNT_Window.hxx /dn43/OCCT/tmp/results_28.02.2011/occt/release-sources-20110228/inc/WNT_Window.hxx
+M WNT:privinclude:WNT_Window.jxx /dn43/OCCT/tmp/results_28.02.2011/occt/release-sources-20110228/drv/WNT/WNT_Window.jxx
+M WNT:privinclude:WNT_Window.ixx /dn43/OCCT/tmp/results_28.02.2011/occt/release-sources-20110228/drv/WNT/WNT_Window.ixx
+M WNT:pubinclude:Handle_WNT_PixMap.hxx /dn43/OCCT/tmp/results_28.02.2011/occt/release-sources-20110228/inc/Handle_WNT_PixMap.hxx
+M WNT:pubinclude:WNT_PixMap.hxx /dn43/OCCT/tmp/results_28.02.2011/occt/release-sources-20110228/inc/WNT_PixMap.hxx
+M WNT:privinclude:WNT_PixMap.jxx /dn43/OCCT/tmp/results_28.02.2011/occt/release-sources-20110228/drv/WNT/WNT_PixMap.jxx
+M WNT:privinclude:WNT_PixMap.ixx /dn43/OCCT/tmp/results_28.02.2011/occt/release-sources-20110228/drv/WNT/WNT_PixMap.ixx
+M WNT:pubinclude:Handle_WNT_WClass.hxx /dn43/OCCT/tmp/results_28.02.2011/occt/release-sources-20110228/inc/Handle_WNT_WClass.hxx
+M WNT:pubinclude:WNT_WClass.hxx /dn43/OCCT/tmp/results_28.02.2011/occt/release-sources-20110228/inc/WNT_WClass.hxx
+M WNT:privinclude:WNT_WClass.jxx /dn43/OCCT/tmp/results_28.02.2011/occt/release-sources-20110228/drv/WNT/WNT_WClass.jxx
+M WNT:privinclude:WNT_WClass.ixx /dn43/OCCT/tmp/results_28.02.2011/occt/release-sources-20110228/drv/WNT/WNT_WClass.ixx
+M WNT:pubinclude:Handle_WNT_IconBox.hxx /dn43/OCCT/tmp/results_28.02.2011/occt/release-sources-20110228/inc/Handle_WNT_IconBox.hxx
+M WNT:pubinclude:WNT_IconBox.hxx /dn43/OCCT/tmp/results_28.02.2011/occt/release-sources-20110228/inc/WNT_IconBox.hxx
+M WNT:privinclude:WNT_IconBox.jxx /dn43/OCCT/tmp/results_28.02.2011/occt/release-sources-20110228/drv/WNT/WNT_IconBox.jxx
+M WNT:privinclude:WNT_IconBox.ixx /dn43/OCCT/tmp/results_28.02.2011/occt/release-sources-20110228/drv/WNT/WNT_IconBox.ixx
+M WNT:pubinclude:Handle_WNT_FontMapEntry.hxx /dn43/OCCT/tmp/results_28.02.2011/occt/release-sources-20110228/inc/Handle_WNT_FontMapEntry.hxx
+M WNT:pubinclude:WNT_FontMapEntry.hxx /dn43/OCCT/tmp/results_28.02.2011/occt/release-sources-20110228/inc/WNT_FontMapEntry.hxx
+M WNT:privinclude:WNT_FontMapEntry.jxx /dn43/OCCT/tmp/results_28.02.2011/occt/release-sources-20110228/drv/WNT/WNT_FontMapEntry.jxx
+M WNT:privinclude:WNT_FontMapEntry.ixx /dn43/OCCT/tmp/results_28.02.2011/occt/release-sources-20110228/drv/WNT/WNT_FontMapEntry.ixx
+M WNT:pubinclude:Handle_WNT_ImageManager.hxx /dn43/OCCT/tmp/results_28.02.2011/occt/release-sources-20110228/inc/Handle_WNT_ImageManager.hxx
+M WNT:pubinclude:WNT_ImageManager.hxx /dn43/OCCT/tmp/results_28.02.2011/occt/release-sources-20110228/inc/WNT_ImageManager.hxx
+M WNT:privinclude:WNT_ImageManager.jxx /dn43/OCCT/tmp/results_28.02.2011/occt/release-sources-20110228/drv/WNT/WNT_ImageManager.jxx
+M WNT:privinclude:WNT_ImageManager.ixx /dn43/OCCT/tmp/results_28.02.2011/occt/release-sources-20110228/drv/WNT/WNT_ImageManager.ixx
+M WNT:pubinclude:Handle_WNT_Image.hxx /dn43/OCCT/tmp/results_28.02.2011/occt/release-sources-20110228/inc/Handle_WNT_Image.hxx
+M WNT:pubinclude:WNT_Image.hxx /dn43/OCCT/tmp/results_28.02.2011/occt/release-sources-20110228/inc/WNT_Image.hxx
+M WNT:privinclude:WNT_Image.jxx /dn43/OCCT/tmp/results_28.02.2011/occt/release-sources-20110228/drv/WNT/WNT_Image.jxx
+M WNT:privinclude:WNT_Image.ixx /dn43/OCCT/tmp/results_28.02.2011/occt/release-sources-20110228/drv/WNT/WNT_Image.ixx
+M WNT:pubinclude:Handle_WNT_Icon.hxx /dn43/OCCT/tmp/results_28.02.2011/occt/release-sources-20110228/inc/Handle_WNT_Icon.hxx
+M WNT:pubinclude:WNT_Icon.hxx /dn43/OCCT/tmp/results_28.02.2011/occt/release-sources-20110228/inc/WNT_Icon.hxx
+M WNT:privinclude:WNT_Icon.jxx /dn43/OCCT/tmp/results_28.02.2011/occt/release-sources-20110228/drv/WNT/WNT_Icon.jxx
+M WNT:privinclude:WNT_Icon.ixx /dn43/OCCT/tmp/results_28.02.2011/occt/release-sources-20110228/drv/WNT/WNT_Icon.ixx
+M WNT:pubinclude:Handle_WNT_TextManager.hxx /dn43/OCCT/tmp/results_28.02.2011/occt/release-sources-20110228/inc/Handle_WNT_TextManager.hxx
+M WNT:pubinclude:WNT_TextManager.hxx /dn43/OCCT/tmp/results_28.02.2011/occt/release-sources-20110228/inc/WNT_TextManager.hxx
+M WNT:privinclude:WNT_TextManager.jxx /dn43/OCCT/tmp/results_28.02.2011/occt/release-sources-20110228/drv/WNT/WNT_TextManager.jxx
+M WNT:privinclude:WNT_TextManager.ixx /dn43/OCCT/tmp/results_28.02.2011/occt/release-sources-20110228/drv/WNT/WNT_TextManager.ixx
+M WNT:pubinclude:WNT_ColorTable.hxx /dn43/OCCT/tmp/results_28.02.2011/occt/release-sources-20110228/inc/WNT_ColorTable.hxx
+M WNT:derivated:WNT_ColorTable_0.cxx /dn43/OCCT/tmp/results_28.02.2011/occt/release-sources-20110228/drv/WNT/WNT_ColorTable_0.cxx
+M WNT:pubinclude:Handle_WNT_HColorTable.hxx /dn43/OCCT/tmp/results_28.02.2011/occt/release-sources-20110228/inc/Handle_WNT_HColorTable.hxx
+M WNT:pubinclude:WNT_HColorTable.hxx /dn43/OCCT/tmp/results_28.02.2011/occt/release-sources-20110228/inc/WNT_HColorTable.hxx
+M WNT:derivated:WNT_HColorTable_0.cxx /dn43/OCCT/tmp/results_28.02.2011/occt/release-sources-20110228/drv/WNT/WNT_HColorTable_0.cxx
+M WNT:pubinclude:WNT_FontTable.hxx /dn43/OCCT/tmp/results_28.02.2011/occt/release-sources-20110228/inc/WNT_FontTable.hxx
+M WNT:derivated:WNT_FontTable_0.cxx /dn43/OCCT/tmp/results_28.02.2011/occt/release-sources-20110228/drv/WNT/WNT_FontTable_0.cxx
+M WNT:pubinclude:Handle_WNT_HFontTable.hxx /dn43/OCCT/tmp/results_28.02.2011/occt/release-sources-20110228/inc/Handle_WNT_HFontTable.hxx
+M WNT:pubinclude:WNT_HFontTable.hxx /dn43/OCCT/tmp/results_28.02.2011/occt/release-sources-20110228/inc/WNT_HFontTable.hxx
+M WNT:derivated:WNT_HFontTable_0.cxx /dn43/OCCT/tmp/results_28.02.2011/occt/release-sources-20110228/drv/WNT/WNT_HFontTable_0.cxx
+M WNT:pubinclude:WNT_SequenceOfImage.hxx /dn43/OCCT/tmp/results_28.02.2011/occt/release-sources-20110228/inc/WNT_SequenceOfImage.hxx
+M WNT:derivated:WNT_SequenceOfImage_0.cxx /dn43/OCCT/tmp/results_28.02.2011/occt/release-sources-20110228/drv/WNT/WNT_SequenceOfImage_0.cxx
+M WNT:pubinclude:WNT_ListOfMFTFonts.hxx /dn43/OCCT/tmp/results_28.02.2011/occt/release-sources-20110228/inc/WNT_ListOfMFTFonts.hxx
+M WNT:derivated:WNT_ListOfMFTFonts_0.cxx /dn43/OCCT/tmp/results_28.02.2011/occt/release-sources-20110228/drv/WNT/WNT_ListOfMFTFonts_0.cxx
+M WNT:pubinclude:Handle_WNT_HListOfMFTFonts.hxx /dn43/OCCT/tmp/results_28.02.2011/occt/release-sources-20110228/inc/Handle_WNT_HListOfMFTFonts.hxx
+M WNT:pubinclude:WNT_HListOfMFTFonts.hxx /dn43/OCCT/tmp/results_28.02.2011/occt/release-sources-20110228/inc/WNT_HListOfMFTFonts.hxx
+M WNT:derivated:WNT_HListOfMFTFonts_0.cxx /dn43/OCCT/tmp/results_28.02.2011/occt/release-sources-20110228/drv/WNT/WNT_HListOfMFTFonts_0.cxx
+M WNT:pubinclude:Handle_WNT_SequenceNodeOfSequenceOfImage.hxx /dn43/OCCT/tmp/results_28.02.2011/occt/release-sources-20110228/inc/Handle_WNT_SequenceNodeOfSequenceOfImage.hxx
+M WNT:pubinclude:WNT_SequenceNodeOfSequenceOfImage.hxx /dn43/OCCT/tmp/results_28.02.2011/occt/release-sources-20110228/inc/WNT_SequenceNodeOfSequenceOfImage.hxx
+M WNT:derivated:WNT_SequenceNodeOfSequenceOfImage_0.cxx /dn43/OCCT/tmp/results_28.02.2011/occt/release-sources-20110228/drv/WNT/WNT_SequenceNodeOfSequenceOfImage_0.cxx
+M WNT:pubinclude:Handle_WNT_ClassDefinitionError.hxx /dn43/OCCT/tmp/results_28.02.2011/occt/release-sources-20110228/inc/Handle_WNT_ClassDefinitionError.hxx
+M WNT:pubinclude:WNT_ClassDefinitionError.hxx /dn43/OCCT/tmp/results_28.02.2011/occt/release-sources-20110228/inc/WNT_ClassDefinitionError.hxx
+M WNT:derivated:WNT_ClassDefinitionError_0.cxx /dn43/OCCT/tmp/results_28.02.2011/occt/release-sources-20110228/drv/WNT/WNT_ClassDefinitionError_0.cxx
+M WNT:pubinclude:Handle_WNT_FontMapEntryDefinitionError.hxx /dn43/OCCT/tmp/results_28.02.2011/occt/release-sources-20110228/inc/Handle_WNT_FontMapEntryDefinitionError.hxx
+M WNT:pubinclude:WNT_FontMapEntryDefinitionError.hxx /dn43/OCCT/tmp/results_28.02.2011/occt/release-sources-20110228/inc/WNT_FontMapEntryDefinitionError.hxx
+M WNT:derivated:WNT_FontMapEntryDefinitionError_0.cxx /dn43/OCCT/tmp/results_28.02.2011/occt/release-sources-20110228/drv/WNT/WNT_FontMapEntryDefinitionError_0.cxx
+M WNT:pubinclude:WNT_OrientationType.hxx /dn43/OCCT/tmp/results_28.02.2011/occt/release-sources-20110228/inc/WNT_OrientationType.hxx
+M WNT:pubinclude:WNT_TypeOfImage.hxx /dn43/OCCT/tmp/results_28.02.2011/occt/release-sources-20110228/inc/WNT_TypeOfImage.hxx
+M WNT:pubinclude:WNT_WindowPtr.hxx /dn43/OCCT/tmp/results_28.02.2011/occt/release-sources-20110228/inc/WNT_WindowPtr.hxx
+M WNT:dbadmfile:WNT_xcpp_header.In /dn43/OCCT/tmp/results_28.02.2011/occt/release-sources-20110228/drv/WNT/.adm/WNT_xcpp_header.In
+M WNT:dbadmfile:WNT_xcpp_header.Out /dn43/OCCT/tmp/results_28.02.2011/occt/release-sources-20110228/drv/WNT/.adm/WNT_xcpp_header.Out
+M WNT:dbadmfile:WNT_xcpp_header.Dep /dn43/OCCT/tmp/results_28.02.2011/occt/release-sources-20110228/drv/WNT/.adm/WNT_xcpp_header.Dep
