+M Prs3d:pubinclude:Prs3d_NListIteratorOfListOfSequenceOfPnt.hxx /dn43/OCCT/tmp/results_30.09.2011/occt/release-sources-20110930/inc/Prs3d_NListIteratorOfListOfSequenceOfPnt.hxx
+M Prs3d:pubinclude:Prs3d_NListOfSequenceOfPnt.hxx /dn43/OCCT/tmp/results_30.09.2011/occt/release-sources-20110930/inc/Prs3d_NListOfSequenceOfPnt.hxx
+M Prs3d:pubinclude:Prs3d_Point.gxx /dn43/OCCT/tmp/results_30.09.2011/occt/release-sources-20110930/inc/Prs3d_Point.gxx
+M Prs3d:pubinclude:Prs3d_Line.gxx /dn43/OCCT/tmp/results_30.09.2011/occt/release-sources-20110930/inc/Prs3d_Line.gxx
+M Prs3d:pubinclude:Prs3d_WFDeflectionRestrictedFace.gxx /dn43/OCCT/tmp/results_30.09.2011/occt/release-sources-20110930/inc/Prs3d_WFDeflectionRestrictedFace.gxx
+M Prs3d:pubinclude:Prs3d_WFRestrictedFace.gxx /dn43/OCCT/tmp/results_30.09.2011/occt/release-sources-20110930/inc/Prs3d_WFRestrictedFace.gxx
+M Prs3d:pubinclude:Prs3d_WFShape.gxx /dn43/OCCT/tmp/results_30.09.2011/occt/release-sources-20110930/inc/Prs3d_WFShape.gxx
+M Prs3d:pubinclude:Prs3d_HLRShape.gxx /dn43/OCCT/tmp/results_30.09.2011/occt/release-sources-20110930/inc/Prs3d_HLRShape.gxx
+M Prs3d:pubinclude:Prs3d_SectionShapeTool.gxx /dn43/OCCT/tmp/results_30.09.2011/occt/release-sources-20110930/inc/Prs3d_SectionShapeTool.gxx
+M Prs3d:pubinclude:Prs3d_ShadedShape.gxx /dn43/OCCT/tmp/results_30.09.2011/occt/release-sources-20110930/inc/Prs3d_ShadedShape.gxx
+M Prs3d:pubinclude:Prs3d_Vector.gxx /dn43/OCCT/tmp/results_30.09.2011/occt/release-sources-20110930/inc/Prs3d_Vector.gxx
+M Prs3d:pubinclude:Prs3d_Datum.gxx /dn43/OCCT/tmp/results_30.09.2011/occt/release-sources-20110930/inc/Prs3d_Datum.gxx
+M Prs3d:pubinclude:Prs3d_PointTool.gxx /dn43/OCCT/tmp/results_30.09.2011/occt/release-sources-20110930/inc/Prs3d_PointTool.gxx
+M Prs3d:pubinclude:Prs3d_LineTool.gxx /dn43/OCCT/tmp/results_30.09.2011/occt/release-sources-20110930/inc/Prs3d_LineTool.gxx
+M Prs3d:pubinclude:Prs3d_CurvePresentation.gxx /dn43/OCCT/tmp/results_30.09.2011/occt/release-sources-20110930/inc/Prs3d_CurvePresentation.gxx
+M Prs3d:pubinclude:Prs3d_RestrictionTool.gxx /dn43/OCCT/tmp/results_30.09.2011/occt/release-sources-20110930/inc/Prs3d_RestrictionTool.gxx
+M Prs3d:pubinclude:Prs3d_HLRShapeTool.gxx /dn43/OCCT/tmp/results_30.09.2011/occt/release-sources-20110930/inc/Prs3d_HLRShapeTool.gxx
+M Prs3d:pubinclude:Prs3d_VectorTool.gxx /dn43/OCCT/tmp/results_30.09.2011/occt/release-sources-20110930/inc/Prs3d_VectorTool.gxx
+M Prs3d:pubinclude:Prs3d_DatumTool.gxx /dn43/OCCT/tmp/results_30.09.2011/occt/release-sources-20110930/inc/Prs3d_DatumTool.gxx
+M Prs3d:dbadmfile:Prs3d_obj_inc.In /dn43/OCCT/tmp/results_30.09.2011/occt/release-sources-20110930/drv/Prs3d/.adm/Prs3d_obj_inc.In
+M Prs3d:dbadmfile:Prs3d_obj_inc.Out /dn43/OCCT/tmp/results_30.09.2011/occt/release-sources-20110930/drv/Prs3d/.adm/Prs3d_obj_inc.Out
+M Prs3d:dbadmfile:Prs3d_obj_inc.Dep /dn43/OCCT/tmp/results_30.09.2011/occt/release-sources-20110930/drv/Prs3d/.adm/Prs3d_obj_inc.Dep
