+M Prs3d:pubinclude:Prs3d.hxx /dn43/OCCT/tmp/results_30.09.2011/occt/release-sources-20110930/inc/Prs3d.hxx
+M Prs3d:privinclude:Prs3d.jxx /dn43/OCCT/tmp/results_30.09.2011/occt/release-sources-20110930/drv/Prs3d/Prs3d.jxx
+M Prs3d:privinclude:Prs3d.ixx /dn43/OCCT/tmp/results_30.09.2011/occt/release-sources-20110930/drv/Prs3d/Prs3d.ixx
+M Prs3d:pubinclude:Handle_Prs3d_Presentation.hxx /dn43/OCCT/tmp/results_30.09.2011/occt/release-sources-20110930/inc/Handle_Prs3d_Presentation.hxx
+M Prs3d:pubinclude:Prs3d_Presentation.hxx /dn43/OCCT/tmp/results_30.09.2011/occt/release-sources-20110930/inc/Prs3d_Presentation.hxx
+M Prs3d:privinclude:Prs3d_Presentation.jxx /dn43/OCCT/tmp/results_30.09.2011/occt/release-sources-20110930/drv/Prs3d/Prs3d_Presentation.jxx
+M Prs3d:privinclude:Prs3d_Presentation.ixx /dn43/OCCT/tmp/results_30.09.2011/occt/release-sources-20110930/drv/Prs3d/Prs3d_Presentation.ixx
+M Prs3d:pubinclude:Handle_Prs3d_BasicAspect.hxx /dn43/OCCT/tmp/results_30.09.2011/occt/release-sources-20110930/inc/Handle_Prs3d_BasicAspect.hxx
+M Prs3d:pubinclude:Prs3d_BasicAspect.hxx /dn43/OCCT/tmp/results_30.09.2011/occt/release-sources-20110930/inc/Prs3d_BasicAspect.hxx
+M Prs3d:privinclude:Prs3d_BasicAspect.jxx /dn43/OCCT/tmp/results_30.09.2011/occt/release-sources-20110930/drv/Prs3d/Prs3d_BasicAspect.jxx
+M Prs3d:privinclude:Prs3d_BasicAspect.ixx /dn43/OCCT/tmp/results_30.09.2011/occt/release-sources-20110930/drv/Prs3d/Prs3d_BasicAspect.ixx
+M Prs3d:pubinclude:Handle_Prs3d_PointAspect.hxx /dn43/OCCT/tmp/results_30.09.2011/occt/release-sources-20110930/inc/Handle_Prs3d_PointAspect.hxx
+M Prs3d:pubinclude:Prs3d_PointAspect.hxx /dn43/OCCT/tmp/results_30.09.2011/occt/release-sources-20110930/inc/Prs3d_PointAspect.hxx
+M Prs3d:privinclude:Prs3d_PointAspect.jxx /dn43/OCCT/tmp/results_30.09.2011/occt/release-sources-20110930/drv/Prs3d/Prs3d_PointAspect.jxx
+M Prs3d:privinclude:Prs3d_PointAspect.ixx /dn43/OCCT/tmp/results_30.09.2011/occt/release-sources-20110930/drv/Prs3d/Prs3d_PointAspect.ixx
+M Prs3d:pubinclude:Handle_Prs3d_LineAspect.hxx /dn43/OCCT/tmp/results_30.09.2011/occt/release-sources-20110930/inc/Handle_Prs3d_LineAspect.hxx
+M Prs3d:pubinclude:Prs3d_LineAspect.hxx /dn43/OCCT/tmp/results_30.09.2011/occt/release-sources-20110930/inc/Prs3d_LineAspect.hxx
+M Prs3d:privinclude:Prs3d_LineAspect.jxx /dn43/OCCT/tmp/results_30.09.2011/occt/release-sources-20110930/drv/Prs3d/Prs3d_LineAspect.jxx
+M Prs3d:privinclude:Prs3d_LineAspect.ixx /dn43/OCCT/tmp/results_30.09.2011/occt/release-sources-20110930/drv/Prs3d/Prs3d_LineAspect.ixx
+M Prs3d:pubinclude:Handle_Prs3d_ShadingAspect.hxx /dn43/OCCT/tmp/results_30.09.2011/occt/release-sources-20110930/inc/Handle_Prs3d_ShadingAspect.hxx
+M Prs3d:pubinclude:Prs3d_ShadingAspect.hxx /dn43/OCCT/tmp/results_30.09.2011/occt/release-sources-20110930/inc/Prs3d_ShadingAspect.hxx
+M Prs3d:privinclude:Prs3d_ShadingAspect.jxx /dn43/OCCT/tmp/results_30.09.2011/occt/release-sources-20110930/drv/Prs3d/Prs3d_ShadingAspect.jxx
+M Prs3d:privinclude:Prs3d_ShadingAspect.ixx /dn43/OCCT/tmp/results_30.09.2011/occt/release-sources-20110930/drv/Prs3d/Prs3d_ShadingAspect.ixx
+M Prs3d:pubinclude:Handle_Prs3d_TextAspect.hxx /dn43/OCCT/tmp/results_30.09.2011/occt/release-sources-20110930/inc/Handle_Prs3d_TextAspect.hxx
+M Prs3d:pubinclude:Prs3d_TextAspect.hxx /dn43/OCCT/tmp/results_30.09.2011/occt/release-sources-20110930/inc/Prs3d_TextAspect.hxx
+M Prs3d:privinclude:Prs3d_TextAspect.jxx /dn43/OCCT/tmp/results_30.09.2011/occt/release-sources-20110930/drv/Prs3d/Prs3d_TextAspect.jxx
+M Prs3d:privinclude:Prs3d_TextAspect.ixx /dn43/OCCT/tmp/results_30.09.2011/occt/release-sources-20110930/drv/Prs3d/Prs3d_TextAspect.ixx
+M Prs3d:pubinclude:Handle_Prs3d_CompositeAspect.hxx /dn43/OCCT/tmp/results_30.09.2011/occt/release-sources-20110930/inc/Handle_Prs3d_CompositeAspect.hxx
+M Prs3d:pubinclude:Prs3d_CompositeAspect.hxx /dn43/OCCT/tmp/results_30.09.2011/occt/release-sources-20110930/inc/Prs3d_CompositeAspect.hxx
+M Prs3d:privinclude:Prs3d_CompositeAspect.jxx /dn43/OCCT/tmp/results_30.09.2011/occt/release-sources-20110930/drv/Prs3d/Prs3d_CompositeAspect.jxx
+M Prs3d:privinclude:Prs3d_CompositeAspect.ixx /dn43/OCCT/tmp/results_30.09.2011/occt/release-sources-20110930/drv/Prs3d/Prs3d_CompositeAspect.ixx
+M Prs3d:pubinclude:Handle_Prs3d_IsoAspect.hxx /dn43/OCCT/tmp/results_30.09.2011/occt/release-sources-20110930/inc/Handle_Prs3d_IsoAspect.hxx
+M Prs3d:pubinclude:Prs3d_IsoAspect.hxx /dn43/OCCT/tmp/results_30.09.2011/occt/release-sources-20110930/inc/Prs3d_IsoAspect.hxx
+M Prs3d:privinclude:Prs3d_IsoAspect.jxx /dn43/OCCT/tmp/results_30.09.2011/occt/release-sources-20110930/drv/Prs3d/Prs3d_IsoAspect.jxx
+M Prs3d:privinclude:Prs3d_IsoAspect.ixx /dn43/OCCT/tmp/results_30.09.2011/occt/release-sources-20110930/drv/Prs3d/Prs3d_IsoAspect.ixx
+M Prs3d:pubinclude:Handle_Prs3d_PlaneAspect.hxx /dn43/OCCT/tmp/results_30.09.2011/occt/release-sources-20110930/inc/Handle_Prs3d_PlaneAspect.hxx
+M Prs3d:pubinclude:Prs3d_PlaneAspect.hxx /dn43/OCCT/tmp/results_30.09.2011/occt/release-sources-20110930/inc/Prs3d_PlaneAspect.hxx
+M Prs3d:privinclude:Prs3d_PlaneAspect.jxx /dn43/OCCT/tmp/results_30.09.2011/occt/release-sources-20110930/drv/Prs3d/Prs3d_PlaneAspect.jxx
+M Prs3d:privinclude:Prs3d_PlaneAspect.ixx /dn43/OCCT/tmp/results_30.09.2011/occt/release-sources-20110930/drv/Prs3d/Prs3d_PlaneAspect.ixx
+M Prs3d:pubinclude:Handle_Prs3d_ArrowAspect.hxx /dn43/OCCT/tmp/results_30.09.2011/occt/release-sources-20110930/inc/Handle_Prs3d_ArrowAspect.hxx
+M Prs3d:pubinclude:Prs3d_ArrowAspect.hxx /dn43/OCCT/tmp/results_30.09.2011/occt/release-sources-20110930/inc/Prs3d_ArrowAspect.hxx
+M Prs3d:privinclude:Prs3d_ArrowAspect.jxx /dn43/OCCT/tmp/results_30.09.2011/occt/release-sources-20110930/drv/Prs3d/Prs3d_ArrowAspect.jxx
+M Prs3d:privinclude:Prs3d_ArrowAspect.ixx /dn43/OCCT/tmp/results_30.09.2011/occt/release-sources-20110930/drv/Prs3d/Prs3d_ArrowAspect.ixx
+M Prs3d:pubinclude:Handle_Prs3d_LengthAspect.hxx /dn43/OCCT/tmp/results_30.09.2011/occt/release-sources-20110930/inc/Handle_Prs3d_LengthAspect.hxx
+M Prs3d:pubinclude:Prs3d_LengthAspect.hxx /dn43/OCCT/tmp/results_30.09.2011/occt/release-sources-20110930/inc/Prs3d_LengthAspect.hxx
+M Prs3d:privinclude:Prs3d_LengthAspect.jxx /dn43/OCCT/tmp/results_30.09.2011/occt/release-sources-20110930/drv/Prs3d/Prs3d_LengthAspect.jxx
+M Prs3d:privinclude:Prs3d_LengthAspect.ixx /dn43/OCCT/tmp/results_30.09.2011/occt/release-sources-20110930/drv/Prs3d/Prs3d_LengthAspect.ixx
+M Prs3d:pubinclude:Handle_Prs3d_AngleAspect.hxx /dn43/OCCT/tmp/results_30.09.2011/occt/release-sources-20110930/inc/Handle_Prs3d_AngleAspect.hxx
+M Prs3d:pubinclude:Prs3d_AngleAspect.hxx /dn43/OCCT/tmp/results_30.09.2011/occt/release-sources-20110930/inc/Prs3d_AngleAspect.hxx
+M Prs3d:privinclude:Prs3d_AngleAspect.jxx /dn43/OCCT/tmp/results_30.09.2011/occt/release-sources-20110930/drv/Prs3d/Prs3d_AngleAspect.jxx
+M Prs3d:privinclude:Prs3d_AngleAspect.ixx /dn43/OCCT/tmp/results_30.09.2011/occt/release-sources-20110930/drv/Prs3d/Prs3d_AngleAspect.ixx
+M Prs3d:pubinclude:Handle_Prs3d_RadiusAspect.hxx /dn43/OCCT/tmp/results_30.09.2011/occt/release-sources-20110930/inc/Handle_Prs3d_RadiusAspect.hxx
+M Prs3d:pubinclude:Prs3d_RadiusAspect.hxx /dn43/OCCT/tmp/results_30.09.2011/occt/release-sources-20110930/inc/Prs3d_RadiusAspect.hxx
+M Prs3d:privinclude:Prs3d_RadiusAspect.jxx /dn43/OCCT/tmp/results_30.09.2011/occt/release-sources-20110930/drv/Prs3d/Prs3d_RadiusAspect.jxx
+M Prs3d:privinclude:Prs3d_RadiusAspect.ixx /dn43/OCCT/tmp/results_30.09.2011/occt/release-sources-20110930/drv/Prs3d/Prs3d_RadiusAspect.ixx
+M Prs3d:pubinclude:Handle_Prs3d_DatumAspect.hxx /dn43/OCCT/tmp/results_30.09.2011/occt/release-sources-20110930/inc/Handle_Prs3d_DatumAspect.hxx
+M Prs3d:pubinclude:Prs3d_DatumAspect.hxx /dn43/OCCT/tmp/results_30.09.2011/occt/release-sources-20110930/inc/Prs3d_DatumAspect.hxx
+M Prs3d:privinclude:Prs3d_DatumAspect.jxx /dn43/OCCT/tmp/results_30.09.2011/occt/release-sources-20110930/drv/Prs3d/Prs3d_DatumAspect.jxx
+M Prs3d:privinclude:Prs3d_DatumAspect.ixx /dn43/OCCT/tmp/results_30.09.2011/occt/release-sources-20110930/drv/Prs3d/Prs3d_DatumAspect.ixx
+M Prs3d:pubinclude:Handle_Prs3d_Drawer.hxx /dn43/OCCT/tmp/results_30.09.2011/occt/release-sources-20110930/inc/Handle_Prs3d_Drawer.hxx
+M Prs3d:pubinclude:Prs3d_Drawer.hxx /dn43/OCCT/tmp/results_30.09.2011/occt/release-sources-20110930/inc/Prs3d_Drawer.hxx
+M Prs3d:privinclude:Prs3d_Drawer.jxx /dn43/OCCT/tmp/results_30.09.2011/occt/release-sources-20110930/drv/Prs3d/Prs3d_Drawer.jxx
+M Prs3d:privinclude:Prs3d_Drawer.ixx /dn43/OCCT/tmp/results_30.09.2011/occt/release-sources-20110930/drv/Prs3d/Prs3d_Drawer.ixx
+M Prs3d:pubinclude:Handle_Prs3d_Projector.hxx /dn43/OCCT/tmp/results_30.09.2011/occt/release-sources-20110930/inc/Handle_Prs3d_Projector.hxx
+M Prs3d:pubinclude:Prs3d_Projector.hxx /dn43/OCCT/tmp/results_30.09.2011/occt/release-sources-20110930/inc/Prs3d_Projector.hxx
+M Prs3d:privinclude:Prs3d_Projector.jxx /dn43/OCCT/tmp/results_30.09.2011/occt/release-sources-20110930/drv/Prs3d/Prs3d_Projector.jxx
+M Prs3d:privinclude:Prs3d_Projector.ixx /dn43/OCCT/tmp/results_30.09.2011/occt/release-sources-20110930/drv/Prs3d/Prs3d_Projector.ixx
+M Prs3d:pubinclude:Handle_Prs3d_PlaneSet.hxx /dn43/OCCT/tmp/results_30.09.2011/occt/release-sources-20110930/inc/Handle_Prs3d_PlaneSet.hxx
+M Prs3d:pubinclude:Prs3d_PlaneSet.hxx /dn43/OCCT/tmp/results_30.09.2011/occt/release-sources-20110930/inc/Prs3d_PlaneSet.hxx
+M Prs3d:privinclude:Prs3d_PlaneSet.jxx /dn43/OCCT/tmp/results_30.09.2011/occt/release-sources-20110930/drv/Prs3d/Prs3d_PlaneSet.jxx
+M Prs3d:privinclude:Prs3d_PlaneSet.ixx /dn43/OCCT/tmp/results_30.09.2011/occt/release-sources-20110930/drv/Prs3d/Prs3d_PlaneSet.ixx
+M Prs3d:pubinclude:Prs3d_Root.hxx /dn43/OCCT/tmp/results_30.09.2011/occt/release-sources-20110930/inc/Prs3d_Root.hxx
+M Prs3d:privinclude:Prs3d_Root.jxx /dn43/OCCT/tmp/results_30.09.2011/occt/release-sources-20110930/drv/Prs3d/Prs3d_Root.jxx
+M Prs3d:privinclude:Prs3d_Root.ixx /dn43/OCCT/tmp/results_30.09.2011/occt/release-sources-20110930/drv/Prs3d/Prs3d_Root.ixx
+M Prs3d:pubinclude:Prs3d_LengthPresentation.hxx /dn43/OCCT/tmp/results_30.09.2011/occt/release-sources-20110930/inc/Prs3d_LengthPresentation.hxx
+M Prs3d:privinclude:Prs3d_LengthPresentation.jxx /dn43/OCCT/tmp/results_30.09.2011/occt/release-sources-20110930/drv/Prs3d/Prs3d_LengthPresentation.jxx
+M Prs3d:privinclude:Prs3d_LengthPresentation.ixx /dn43/OCCT/tmp/results_30.09.2011/occt/release-sources-20110930/drv/Prs3d/Prs3d_LengthPresentation.ixx
+M Prs3d:pubinclude:Prs3d_AnglePresentation.hxx /dn43/OCCT/tmp/results_30.09.2011/occt/release-sources-20110930/inc/Prs3d_AnglePresentation.hxx
+M Prs3d:privinclude:Prs3d_AnglePresentation.jxx /dn43/OCCT/tmp/results_30.09.2011/occt/release-sources-20110930/drv/Prs3d/Prs3d_AnglePresentation.jxx
+M Prs3d:privinclude:Prs3d_AnglePresentation.ixx /dn43/OCCT/tmp/results_30.09.2011/occt/release-sources-20110930/drv/Prs3d/Prs3d_AnglePresentation.ixx
+M Prs3d:pubinclude:Prs3d_Text.hxx /dn43/OCCT/tmp/results_30.09.2011/occt/release-sources-20110930/inc/Prs3d_Text.hxx
+M Prs3d:privinclude:Prs3d_Text.jxx /dn43/OCCT/tmp/results_30.09.2011/occt/release-sources-20110930/drv/Prs3d/Prs3d_Text.jxx
+M Prs3d:privinclude:Prs3d_Text.ixx /dn43/OCCT/tmp/results_30.09.2011/occt/release-sources-20110930/drv/Prs3d/Prs3d_Text.ixx
+M Prs3d:pubinclude:Prs3d_ShapeTool.hxx /dn43/OCCT/tmp/results_30.09.2011/occt/release-sources-20110930/inc/Prs3d_ShapeTool.hxx
+M Prs3d:privinclude:Prs3d_ShapeTool.jxx /dn43/OCCT/tmp/results_30.09.2011/occt/release-sources-20110930/drv/Prs3d/Prs3d_ShapeTool.jxx
+M Prs3d:privinclude:Prs3d_ShapeTool.ixx /dn43/OCCT/tmp/results_30.09.2011/occt/release-sources-20110930/drv/Prs3d/Prs3d_ShapeTool.ixx
+M Prs3d:pubinclude:Prs3d_Arrow.hxx /dn43/OCCT/tmp/results_30.09.2011/occt/release-sources-20110930/inc/Prs3d_Arrow.hxx
+M Prs3d:privinclude:Prs3d_Arrow.jxx /dn43/OCCT/tmp/results_30.09.2011/occt/release-sources-20110930/drv/Prs3d/Prs3d_Arrow.jxx
+M Prs3d:privinclude:Prs3d_Arrow.ixx /dn43/OCCT/tmp/results_30.09.2011/occt/release-sources-20110930/drv/Prs3d/Prs3d_Arrow.ixx
+M Prs3d:pubinclude:Handle_Prs3d_InvalidAngle.hxx /dn43/OCCT/tmp/results_30.09.2011/occt/release-sources-20110930/inc/Handle_Prs3d_InvalidAngle.hxx
+M Prs3d:pubinclude:Prs3d_InvalidAngle.hxx /dn43/OCCT/tmp/results_30.09.2011/occt/release-sources-20110930/inc/Prs3d_InvalidAngle.hxx
+M Prs3d:derivated:Prs3d_InvalidAngle_0.cxx /dn43/OCCT/tmp/results_30.09.2011/occt/release-sources-20110930/drv/Prs3d/Prs3d_InvalidAngle_0.cxx
+M Prs3d:pubinclude:Prs3d_TypeOfLinePicking.hxx /dn43/OCCT/tmp/results_30.09.2011/occt/release-sources-20110930/inc/Prs3d_TypeOfLinePicking.hxx
+M Prs3d:dbadmfile:Prs3d_xcpp_header.In /dn43/OCCT/tmp/results_30.09.2011/occt/release-sources-20110930/drv/Prs3d/.adm/Prs3d_xcpp_header.In
+M Prs3d:dbadmfile:Prs3d_xcpp_header.Out /dn43/OCCT/tmp/results_30.09.2011/occt/release-sources-20110930/drv/Prs3d/.adm/Prs3d_xcpp_header.Out
+M Prs3d:dbadmfile:Prs3d_xcpp_header.Dep /dn43/OCCT/tmp/results_30.09.2011/occt/release-sources-20110930/drv/Prs3d/.adm/Prs3d_xcpp_header.Dep
