+M LocOpe:pubinclude:LocOpe.hxx /dn43/OCCT/tmp/results_30.09.2011/occt/release-sources-20110930/inc/LocOpe.hxx
+M LocOpe:privinclude:LocOpe.jxx /dn43/OCCT/tmp/results_30.09.2011/occt/release-sources-20110930/drv/LocOpe/LocOpe.jxx
+M LocOpe:privinclude:LocOpe.ixx /dn43/OCCT/tmp/results_30.09.2011/occt/release-sources-20110930/drv/LocOpe/LocOpe.ixx
+M LocOpe:pubinclude:LocOpe_Builder.hxx /dn43/OCCT/tmp/results_30.09.2011/occt/release-sources-20110930/inc/LocOpe_Builder.hxx
+M LocOpe:privinclude:LocOpe_Builder.jxx /dn43/OCCT/tmp/results_30.09.2011/occt/release-sources-20110930/drv/LocOpe/LocOpe_Builder.jxx
+M LocOpe:privinclude:LocOpe_Builder.ixx /dn43/OCCT/tmp/results_30.09.2011/occt/release-sources-20110930/drv/LocOpe/LocOpe_Builder.ixx
+M LocOpe:pubinclude:LocOpe_SplitShape.hxx /dn43/OCCT/tmp/results_30.09.2011/occt/release-sources-20110930/inc/LocOpe_SplitShape.hxx
+M LocOpe:privinclude:LocOpe_SplitShape.jxx /dn43/OCCT/tmp/results_30.09.2011/occt/release-sources-20110930/drv/LocOpe/LocOpe_SplitShape.jxx
+M LocOpe:privinclude:LocOpe_SplitShape.ixx /dn43/OCCT/tmp/results_30.09.2011/occt/release-sources-20110930/drv/LocOpe/LocOpe_SplitShape.ixx
+M LocOpe:pubinclude:Handle_LocOpe_ProjectedWires.hxx /dn43/OCCT/tmp/results_30.09.2011/occt/release-sources-20110930/inc/Handle_LocOpe_ProjectedWires.hxx
+M LocOpe:pubinclude:LocOpe_ProjectedWires.hxx /dn43/OCCT/tmp/results_30.09.2011/occt/release-sources-20110930/inc/LocOpe_ProjectedWires.hxx
+M LocOpe:privinclude:LocOpe_ProjectedWires.jxx /dn43/OCCT/tmp/results_30.09.2011/occt/release-sources-20110930/drv/LocOpe/LocOpe_ProjectedWires.jxx
+M LocOpe:privinclude:LocOpe_ProjectedWires.ixx /dn43/OCCT/tmp/results_30.09.2011/occt/release-sources-20110930/drv/LocOpe/LocOpe_ProjectedWires.ixx
+M LocOpe:pubinclude:Handle_LocOpe_WiresOnShape.hxx /dn43/OCCT/tmp/results_30.09.2011/occt/release-sources-20110930/inc/Handle_LocOpe_WiresOnShape.hxx
+M LocOpe:pubinclude:LocOpe_WiresOnShape.hxx /dn43/OCCT/tmp/results_30.09.2011/occt/release-sources-20110930/inc/LocOpe_WiresOnShape.hxx
+M LocOpe:privinclude:LocOpe_WiresOnShape.jxx /dn43/OCCT/tmp/results_30.09.2011/occt/release-sources-20110930/drv/LocOpe/LocOpe_WiresOnShape.jxx
+M LocOpe:privinclude:LocOpe_WiresOnShape.ixx /dn43/OCCT/tmp/results_30.09.2011/occt/release-sources-20110930/drv/LocOpe/LocOpe_WiresOnShape.ixx
+M LocOpe:pubinclude:LocOpe_Spliter.hxx /dn43/OCCT/tmp/results_30.09.2011/occt/release-sources-20110930/inc/LocOpe_Spliter.hxx
+M LocOpe:privinclude:LocOpe_Spliter.jxx /dn43/OCCT/tmp/results_30.09.2011/occt/release-sources-20110930/drv/LocOpe/LocOpe_Spliter.jxx
+M LocOpe:privinclude:LocOpe_Spliter.ixx /dn43/OCCT/tmp/results_30.09.2011/occt/release-sources-20110930/drv/LocOpe/LocOpe_Spliter.ixx
+M LocOpe:pubinclude:LocOpe_Generator.hxx /dn43/OCCT/tmp/results_30.09.2011/occt/release-sources-20110930/inc/LocOpe_Generator.hxx
+M LocOpe:privinclude:LocOpe_Generator.jxx /dn43/OCCT/tmp/results_30.09.2011/occt/release-sources-20110930/drv/LocOpe/LocOpe_Generator.jxx
+M LocOpe:privinclude:LocOpe_Generator.ixx /dn43/OCCT/tmp/results_30.09.2011/occt/release-sources-20110930/drv/LocOpe/LocOpe_Generator.ixx
+M LocOpe:pubinclude:Handle_LocOpe_GeneratedShape.hxx /dn43/OCCT/tmp/results_30.09.2011/occt/release-sources-20110930/inc/Handle_LocOpe_GeneratedShape.hxx
+M LocOpe:pubinclude:LocOpe_GeneratedShape.hxx /dn43/OCCT/tmp/results_30.09.2011/occt/release-sources-20110930/inc/LocOpe_GeneratedShape.hxx
+M LocOpe:privinclude:LocOpe_GeneratedShape.jxx /dn43/OCCT/tmp/results_30.09.2011/occt/release-sources-20110930/drv/LocOpe/LocOpe_GeneratedShape.jxx
+M LocOpe:privinclude:LocOpe_GeneratedShape.ixx /dn43/OCCT/tmp/results_30.09.2011/occt/release-sources-20110930/drv/LocOpe/LocOpe_GeneratedShape.ixx
+M LocOpe:pubinclude:Handle_LocOpe_GluedShape.hxx /dn43/OCCT/tmp/results_30.09.2011/occt/release-sources-20110930/inc/Handle_LocOpe_GluedShape.hxx
+M LocOpe:pubinclude:LocOpe_GluedShape.hxx /dn43/OCCT/tmp/results_30.09.2011/occt/release-sources-20110930/inc/LocOpe_GluedShape.hxx
+M LocOpe:privinclude:LocOpe_GluedShape.jxx /dn43/OCCT/tmp/results_30.09.2011/occt/release-sources-20110930/drv/LocOpe/LocOpe_GluedShape.jxx
+M LocOpe:privinclude:LocOpe_GluedShape.ixx /dn43/OCCT/tmp/results_30.09.2011/occt/release-sources-20110930/drv/LocOpe/LocOpe_GluedShape.ixx
+M LocOpe:pubinclude:LocOpe_Prism.hxx /dn43/OCCT/tmp/results_30.09.2011/occt/release-sources-20110930/inc/LocOpe_Prism.hxx
+M LocOpe:privinclude:LocOpe_Prism.jxx /dn43/OCCT/tmp/results_30.09.2011/occt/release-sources-20110930/drv/LocOpe/LocOpe_Prism.jxx
+M LocOpe:privinclude:LocOpe_Prism.ixx /dn43/OCCT/tmp/results_30.09.2011/occt/release-sources-20110930/drv/LocOpe/LocOpe_Prism.ixx
+M LocOpe:pubinclude:LocOpe_Revol.hxx /dn43/OCCT/tmp/results_30.09.2011/occt/release-sources-20110930/inc/LocOpe_Revol.hxx
+M LocOpe:privinclude:LocOpe_Revol.jxx /dn43/OCCT/tmp/results_30.09.2011/occt/release-sources-20110930/drv/LocOpe/LocOpe_Revol.jxx
+M LocOpe:privinclude:LocOpe_Revol.ixx /dn43/OCCT/tmp/results_30.09.2011/occt/release-sources-20110930/drv/LocOpe/LocOpe_Revol.ixx
+M LocOpe:pubinclude:LocOpe_Pipe.hxx /dn43/OCCT/tmp/results_30.09.2011/occt/release-sources-20110930/inc/LocOpe_Pipe.hxx
+M LocOpe:privinclude:LocOpe_Pipe.jxx /dn43/OCCT/tmp/results_30.09.2011/occt/release-sources-20110930/drv/LocOpe/LocOpe_Pipe.jxx
+M LocOpe:privinclude:LocOpe_Pipe.ixx /dn43/OCCT/tmp/results_30.09.2011/occt/release-sources-20110930/drv/LocOpe/LocOpe_Pipe.ixx
+M LocOpe:pubinclude:LocOpe_DPrism.hxx /dn43/OCCT/tmp/results_30.09.2011/occt/release-sources-20110930/inc/LocOpe_DPrism.hxx
+M LocOpe:privinclude:LocOpe_DPrism.jxx /dn43/OCCT/tmp/results_30.09.2011/occt/release-sources-20110930/drv/LocOpe/LocOpe_DPrism.jxx
+M LocOpe:privinclude:LocOpe_DPrism.ixx /dn43/OCCT/tmp/results_30.09.2011/occt/release-sources-20110930/drv/LocOpe/LocOpe_DPrism.ixx
+M LocOpe:pubinclude:LocOpe_LinearForm.hxx /dn43/OCCT/tmp/results_30.09.2011/occt/release-sources-20110930/inc/LocOpe_LinearForm.hxx
+M LocOpe:privinclude:LocOpe_LinearForm.jxx /dn43/OCCT/tmp/results_30.09.2011/occt/release-sources-20110930/drv/LocOpe/LocOpe_LinearForm.jxx
+M LocOpe:privinclude:LocOpe_LinearForm.ixx /dn43/OCCT/tmp/results_30.09.2011/occt/release-sources-20110930/drv/LocOpe/LocOpe_LinearForm.ixx
+M LocOpe:pubinclude:LocOpe_RevolutionForm.hxx /dn43/OCCT/tmp/results_30.09.2011/occt/release-sources-20110930/inc/LocOpe_RevolutionForm.hxx
+M LocOpe:privinclude:LocOpe_RevolutionForm.jxx /dn43/OCCT/tmp/results_30.09.2011/occt/release-sources-20110930/drv/LocOpe/LocOpe_RevolutionForm.jxx
+M LocOpe:privinclude:LocOpe_RevolutionForm.ixx /dn43/OCCT/tmp/results_30.09.2011/occt/release-sources-20110930/drv/LocOpe/LocOpe_RevolutionForm.ixx
+M LocOpe:pubinclude:LocOpe_Gluer.hxx /dn43/OCCT/tmp/results_30.09.2011/occt/release-sources-20110930/inc/LocOpe_Gluer.hxx
+M LocOpe:privinclude:LocOpe_Gluer.jxx /dn43/OCCT/tmp/results_30.09.2011/occt/release-sources-20110930/drv/LocOpe/LocOpe_Gluer.jxx
+M LocOpe:privinclude:LocOpe_Gluer.ixx /dn43/OCCT/tmp/results_30.09.2011/occt/release-sources-20110930/drv/LocOpe/LocOpe_Gluer.ixx
+M LocOpe:pubinclude:LocOpe_FindEdges.hxx /dn43/OCCT/tmp/results_30.09.2011/occt/release-sources-20110930/inc/LocOpe_FindEdges.hxx
+M LocOpe:privinclude:LocOpe_FindEdges.jxx /dn43/OCCT/tmp/results_30.09.2011/occt/release-sources-20110930/drv/LocOpe/LocOpe_FindEdges.jxx
+M LocOpe:privinclude:LocOpe_FindEdges.ixx /dn43/OCCT/tmp/results_30.09.2011/occt/release-sources-20110930/drv/LocOpe/LocOpe_FindEdges.ixx
+M LocOpe:pubinclude:LocOpe_FindEdgesInFace.hxx /dn43/OCCT/tmp/results_30.09.2011/occt/release-sources-20110930/inc/LocOpe_FindEdgesInFace.hxx
+M LocOpe:privinclude:LocOpe_FindEdgesInFace.jxx /dn43/OCCT/tmp/results_30.09.2011/occt/release-sources-20110930/drv/LocOpe/LocOpe_FindEdgesInFace.jxx
+M LocOpe:privinclude:LocOpe_FindEdgesInFace.ixx /dn43/OCCT/tmp/results_30.09.2011/occt/release-sources-20110930/drv/LocOpe/LocOpe_FindEdgesInFace.ixx
+M LocOpe:pubinclude:LocOpe_DataMapOfShapePnt.hxx /dn43/OCCT/tmp/results_30.09.2011/occt/release-sources-20110930/inc/LocOpe_DataMapOfShapePnt.hxx
+M LocOpe:derivated:LocOpe_DataMapOfShapePnt_0.cxx /dn43/OCCT/tmp/results_30.09.2011/occt/release-sources-20110930/drv/LocOpe/LocOpe_DataMapOfShapePnt_0.cxx
+M LocOpe:pubinclude:LocOpe_PntFace.hxx /dn43/OCCT/tmp/results_30.09.2011/occt/release-sources-20110930/inc/LocOpe_PntFace.hxx
+M LocOpe:privinclude:LocOpe_PntFace.jxx /dn43/OCCT/tmp/results_30.09.2011/occt/release-sources-20110930/drv/LocOpe/LocOpe_PntFace.jxx
+M LocOpe:privinclude:LocOpe_PntFace.ixx /dn43/OCCT/tmp/results_30.09.2011/occt/release-sources-20110930/drv/LocOpe/LocOpe_PntFace.ixx
+M LocOpe:pubinclude:LocOpe_CurveShapeIntersector.hxx /dn43/OCCT/tmp/results_30.09.2011/occt/release-sources-20110930/inc/LocOpe_CurveShapeIntersector.hxx
+M LocOpe:privinclude:LocOpe_CurveShapeIntersector.jxx /dn43/OCCT/tmp/results_30.09.2011/occt/release-sources-20110930/drv/LocOpe/LocOpe_CurveShapeIntersector.jxx
+M LocOpe:privinclude:LocOpe_CurveShapeIntersector.ixx /dn43/OCCT/tmp/results_30.09.2011/occt/release-sources-20110930/drv/LocOpe/LocOpe_CurveShapeIntersector.ixx
+M LocOpe:pubinclude:LocOpe_CSIntersector.hxx /dn43/OCCT/tmp/results_30.09.2011/occt/release-sources-20110930/inc/LocOpe_CSIntersector.hxx
+M LocOpe:privinclude:LocOpe_CSIntersector.jxx /dn43/OCCT/tmp/results_30.09.2011/occt/release-sources-20110930/drv/LocOpe/LocOpe_CSIntersector.jxx
+M LocOpe:privinclude:LocOpe_CSIntersector.ixx /dn43/OCCT/tmp/results_30.09.2011/occt/release-sources-20110930/drv/LocOpe/LocOpe_CSIntersector.ixx
+M LocOpe:pubinclude:LocOpe_BuildShape.hxx /dn43/OCCT/tmp/results_30.09.2011/occt/release-sources-20110930/inc/LocOpe_BuildShape.hxx
+M LocOpe:privinclude:LocOpe_BuildShape.jxx /dn43/OCCT/tmp/results_30.09.2011/occt/release-sources-20110930/drv/LocOpe/LocOpe_BuildShape.jxx
+M LocOpe:privinclude:LocOpe_BuildShape.ixx /dn43/OCCT/tmp/results_30.09.2011/occt/release-sources-20110930/drv/LocOpe/LocOpe_BuildShape.ixx
+M LocOpe:pubinclude:LocOpe_SplitDrafts.hxx /dn43/OCCT/tmp/results_30.09.2011/occt/release-sources-20110930/inc/LocOpe_SplitDrafts.hxx
+M LocOpe:privinclude:LocOpe_SplitDrafts.jxx /dn43/OCCT/tmp/results_30.09.2011/occt/release-sources-20110930/drv/LocOpe/LocOpe_SplitDrafts.jxx
+M LocOpe:privinclude:LocOpe_SplitDrafts.ixx /dn43/OCCT/tmp/results_30.09.2011/occt/release-sources-20110930/drv/LocOpe/LocOpe_SplitDrafts.ixx
+M LocOpe:pubinclude:LocOpe_SequenceOfPntFace.hxx /dn43/OCCT/tmp/results_30.09.2011/occt/release-sources-20110930/inc/LocOpe_SequenceOfPntFace.hxx
+M LocOpe:derivated:LocOpe_SequenceOfPntFace_0.cxx /dn43/OCCT/tmp/results_30.09.2011/occt/release-sources-20110930/drv/LocOpe/LocOpe_SequenceOfPntFace_0.cxx
+M LocOpe:pubinclude:LocOpe_SequenceOfLin.hxx /dn43/OCCT/tmp/results_30.09.2011/occt/release-sources-20110930/inc/LocOpe_SequenceOfLin.hxx
+M LocOpe:derivated:LocOpe_SequenceOfLin_0.cxx /dn43/OCCT/tmp/results_30.09.2011/occt/release-sources-20110930/drv/LocOpe/LocOpe_SequenceOfLin_0.cxx
+M LocOpe:pubinclude:LocOpe_SequenceOfCirc.hxx /dn43/OCCT/tmp/results_30.09.2011/occt/release-sources-20110930/inc/LocOpe_SequenceOfCirc.hxx
+M LocOpe:derivated:LocOpe_SequenceOfCirc_0.cxx /dn43/OCCT/tmp/results_30.09.2011/occt/release-sources-20110930/drv/LocOpe/LocOpe_SequenceOfCirc_0.cxx
+M LocOpe:pubinclude:Handle_LocOpe_HBuilder.hxx /dn43/OCCT/tmp/results_30.09.2011/occt/release-sources-20110930/inc/Handle_LocOpe_HBuilder.hxx
+M LocOpe:pubinclude:LocOpe_HBuilder.hxx /dn43/OCCT/tmp/results_30.09.2011/occt/release-sources-20110930/inc/LocOpe_HBuilder.hxx
+M LocOpe:privinclude:LocOpe_HBuilder.jxx /dn43/OCCT/tmp/results_30.09.2011/occt/release-sources-20110930/drv/LocOpe/LocOpe_HBuilder.jxx
+M LocOpe:privinclude:LocOpe_HBuilder.ixx /dn43/OCCT/tmp/results_30.09.2011/occt/release-sources-20110930/drv/LocOpe/LocOpe_HBuilder.ixx
+M LocOpe:pubinclude:LocOpe_BuildWires.hxx /dn43/OCCT/tmp/results_30.09.2011/occt/release-sources-20110930/inc/LocOpe_BuildWires.hxx
+M LocOpe:privinclude:LocOpe_BuildWires.jxx /dn43/OCCT/tmp/results_30.09.2011/occt/release-sources-20110930/drv/LocOpe/LocOpe_BuildWires.jxx
+M LocOpe:privinclude:LocOpe_BuildWires.ixx /dn43/OCCT/tmp/results_30.09.2011/occt/release-sources-20110930/drv/LocOpe/LocOpe_BuildWires.ixx
+M LocOpe:pubinclude:Handle_LocOpe_DataMapNodeOfDataMapOfShapePnt.hxx /dn43/OCCT/tmp/results_30.09.2011/occt/release-sources-20110930/inc/Handle_LocOpe_DataMapNodeOfDataMapOfShapePnt.hxx
+M LocOpe:pubinclude:LocOpe_DataMapNodeOfDataMapOfShapePnt.hxx /dn43/OCCT/tmp/results_30.09.2011/occt/release-sources-20110930/inc/LocOpe_DataMapNodeOfDataMapOfShapePnt.hxx
+M LocOpe:derivated:LocOpe_DataMapNodeOfDataMapOfShapePnt_0.cxx /dn43/OCCT/tmp/results_30.09.2011/occt/release-sources-20110930/drv/LocOpe/LocOpe_DataMapNodeOfDataMapOfShapePnt_0.cxx
+M LocOpe:pubinclude:LocOpe_DataMapIteratorOfDataMapOfShapePnt.hxx /dn43/OCCT/tmp/results_30.09.2011/occt/release-sources-20110930/inc/LocOpe_DataMapIteratorOfDataMapOfShapePnt.hxx
+M LocOpe:derivated:LocOpe_DataMapIteratorOfDataMapOfShapePnt_0.cxx /dn43/OCCT/tmp/results_30.09.2011/occt/release-sources-20110930/drv/LocOpe/LocOpe_DataMapIteratorOfDataMapOfShapePnt_0.cxx
+M LocOpe:pubinclude:Handle_LocOpe_SequenceNodeOfSequenceOfPntFace.hxx /dn43/OCCT/tmp/results_30.09.2011/occt/release-sources-20110930/inc/Handle_LocOpe_SequenceNodeOfSequenceOfPntFace.hxx
+M LocOpe:pubinclude:LocOpe_SequenceNodeOfSequenceOfPntFace.hxx /dn43/OCCT/tmp/results_30.09.2011/occt/release-sources-20110930/inc/LocOpe_SequenceNodeOfSequenceOfPntFace.hxx
+M LocOpe:derivated:LocOpe_SequenceNodeOfSequenceOfPntFace_0.cxx /dn43/OCCT/tmp/results_30.09.2011/occt/release-sources-20110930/drv/LocOpe/LocOpe_SequenceNodeOfSequenceOfPntFace_0.cxx
+M LocOpe:pubinclude:Handle_LocOpe_SequenceNodeOfSequenceOfLin.hxx /dn43/OCCT/tmp/results_30.09.2011/occt/release-sources-20110930/inc/Handle_LocOpe_SequenceNodeOfSequenceOfLin.hxx
+M LocOpe:pubinclude:LocOpe_SequenceNodeOfSequenceOfLin.hxx /dn43/OCCT/tmp/results_30.09.2011/occt/release-sources-20110930/inc/LocOpe_SequenceNodeOfSequenceOfLin.hxx
+M LocOpe:derivated:LocOpe_SequenceNodeOfSequenceOfLin_0.cxx /dn43/OCCT/tmp/results_30.09.2011/occt/release-sources-20110930/drv/LocOpe/LocOpe_SequenceNodeOfSequenceOfLin_0.cxx
+M LocOpe:pubinclude:Handle_LocOpe_SequenceNodeOfSequenceOfCirc.hxx /dn43/OCCT/tmp/results_30.09.2011/occt/release-sources-20110930/inc/Handle_LocOpe_SequenceNodeOfSequenceOfCirc.hxx
+M LocOpe:pubinclude:LocOpe_SequenceNodeOfSequenceOfCirc.hxx /dn43/OCCT/tmp/results_30.09.2011/occt/release-sources-20110930/inc/LocOpe_SequenceNodeOfSequenceOfCirc.hxx
+M LocOpe:derivated:LocOpe_SequenceNodeOfSequenceOfCirc_0.cxx /dn43/OCCT/tmp/results_30.09.2011/occt/release-sources-20110930/drv/LocOpe/LocOpe_SequenceNodeOfSequenceOfCirc_0.cxx
+M LocOpe:pubinclude:LocOpe_Operation.hxx /dn43/OCCT/tmp/results_30.09.2011/occt/release-sources-20110930/inc/LocOpe_Operation.hxx
+M LocOpe:dbadmfile:LocOpe_xcpp_header.In /dn43/OCCT/tmp/results_30.09.2011/occt/release-sources-20110930/drv/LocOpe/.adm/LocOpe_xcpp_header.In
+M LocOpe:dbadmfile:LocOpe_xcpp_header.Out /dn43/OCCT/tmp/results_30.09.2011/occt/release-sources-20110930/drv/LocOpe/.adm/LocOpe_xcpp_header.Out
+M LocOpe:dbadmfile:LocOpe_xcpp_header.Dep /dn43/OCCT/tmp/results_30.09.2011/occt/release-sources-20110930/drv/LocOpe/.adm/LocOpe_xcpp_header.Dep
