+M XmlMXCAFDoc:pubinclude:XmlMXCAFDoc.hxx /dn43/OCCT/tmp/results_28.02.2011/occt/release-sources-20110228/inc/XmlMXCAFDoc.hxx
+M XmlMXCAFDoc:privinclude:XmlMXCAFDoc.jxx /dn43/OCCT/tmp/results_28.02.2011/occt/release-sources-20110228/drv/XmlMXCAFDoc/XmlMXCAFDoc.jxx
+M XmlMXCAFDoc:privinclude:XmlMXCAFDoc.ixx /dn43/OCCT/tmp/results_28.02.2011/occt/release-sources-20110228/drv/XmlMXCAFDoc/XmlMXCAFDoc.ixx
+M XmlMXCAFDoc:pubinclude:Handle_XmlMXCAFDoc_AreaDriver.hxx /dn43/OCCT/tmp/results_28.02.2011/occt/release-sources-20110228/inc/Handle_XmlMXCAFDoc_AreaDriver.hxx
+M XmlMXCAFDoc:pubinclude:XmlMXCAFDoc_AreaDriver.hxx /dn43/OCCT/tmp/results_28.02.2011/occt/release-sources-20110228/inc/XmlMXCAFDoc_AreaDriver.hxx
+M XmlMXCAFDoc:privinclude:XmlMXCAFDoc_AreaDriver.jxx /dn43/OCCT/tmp/results_28.02.2011/occt/release-sources-20110228/drv/XmlMXCAFDoc/XmlMXCAFDoc_AreaDriver.jxx
+M XmlMXCAFDoc:privinclude:XmlMXCAFDoc_AreaDriver.ixx /dn43/OCCT/tmp/results_28.02.2011/occt/release-sources-20110228/drv/XmlMXCAFDoc/XmlMXCAFDoc_AreaDriver.ixx
+M XmlMXCAFDoc:pubinclude:Handle_XmlMXCAFDoc_CentroidDriver.hxx /dn43/OCCT/tmp/results_28.02.2011/occt/release-sources-20110228/inc/Handle_XmlMXCAFDoc_CentroidDriver.hxx
+M XmlMXCAFDoc:pubinclude:XmlMXCAFDoc_CentroidDriver.hxx /dn43/OCCT/tmp/results_28.02.2011/occt/release-sources-20110228/inc/XmlMXCAFDoc_CentroidDriver.hxx
+M XmlMXCAFDoc:privinclude:XmlMXCAFDoc_CentroidDriver.jxx /dn43/OCCT/tmp/results_28.02.2011/occt/release-sources-20110228/drv/XmlMXCAFDoc/XmlMXCAFDoc_CentroidDriver.jxx
+M XmlMXCAFDoc:privinclude:XmlMXCAFDoc_CentroidDriver.ixx /dn43/OCCT/tmp/results_28.02.2011/occt/release-sources-20110228/drv/XmlMXCAFDoc/XmlMXCAFDoc_CentroidDriver.ixx
+M XmlMXCAFDoc:pubinclude:Handle_XmlMXCAFDoc_ColorDriver.hxx /dn43/OCCT/tmp/results_28.02.2011/occt/release-sources-20110228/inc/Handle_XmlMXCAFDoc_ColorDriver.hxx
+M XmlMXCAFDoc:pubinclude:XmlMXCAFDoc_ColorDriver.hxx /dn43/OCCT/tmp/results_28.02.2011/occt/release-sources-20110228/inc/XmlMXCAFDoc_ColorDriver.hxx
+M XmlMXCAFDoc:privinclude:XmlMXCAFDoc_ColorDriver.jxx /dn43/OCCT/tmp/results_28.02.2011/occt/release-sources-20110228/drv/XmlMXCAFDoc/XmlMXCAFDoc_ColorDriver.jxx
+M XmlMXCAFDoc:privinclude:XmlMXCAFDoc_ColorDriver.ixx /dn43/OCCT/tmp/results_28.02.2011/occt/release-sources-20110228/drv/XmlMXCAFDoc/XmlMXCAFDoc_ColorDriver.ixx
+M XmlMXCAFDoc:pubinclude:Handle_XmlMXCAFDoc_GraphNodeDriver.hxx /dn43/OCCT/tmp/results_28.02.2011/occt/release-sources-20110228/inc/Handle_XmlMXCAFDoc_GraphNodeDriver.hxx
+M XmlMXCAFDoc:pubinclude:XmlMXCAFDoc_GraphNodeDriver.hxx /dn43/OCCT/tmp/results_28.02.2011/occt/release-sources-20110228/inc/XmlMXCAFDoc_GraphNodeDriver.hxx
+M XmlMXCAFDoc:privinclude:XmlMXCAFDoc_GraphNodeDriver.jxx /dn43/OCCT/tmp/results_28.02.2011/occt/release-sources-20110228/drv/XmlMXCAFDoc/XmlMXCAFDoc_GraphNodeDriver.jxx
+M XmlMXCAFDoc:privinclude:XmlMXCAFDoc_GraphNodeDriver.ixx /dn43/OCCT/tmp/results_28.02.2011/occt/release-sources-20110228/drv/XmlMXCAFDoc/XmlMXCAFDoc_GraphNodeDriver.ixx
+M XmlMXCAFDoc:pubinclude:Handle_XmlMXCAFDoc_LocationDriver.hxx /dn43/OCCT/tmp/results_28.02.2011/occt/release-sources-20110228/inc/Handle_XmlMXCAFDoc_LocationDriver.hxx
+M XmlMXCAFDoc:pubinclude:XmlMXCAFDoc_LocationDriver.hxx /dn43/OCCT/tmp/results_28.02.2011/occt/release-sources-20110228/inc/XmlMXCAFDoc_LocationDriver.hxx
+M XmlMXCAFDoc:privinclude:XmlMXCAFDoc_LocationDriver.jxx /dn43/OCCT/tmp/results_28.02.2011/occt/release-sources-20110228/drv/XmlMXCAFDoc/XmlMXCAFDoc_LocationDriver.jxx
+M XmlMXCAFDoc:privinclude:XmlMXCAFDoc_LocationDriver.ixx /dn43/OCCT/tmp/results_28.02.2011/occt/release-sources-20110228/drv/XmlMXCAFDoc/XmlMXCAFDoc_LocationDriver.ixx
+M XmlMXCAFDoc:pubinclude:Handle_XmlMXCAFDoc_VolumeDriver.hxx /dn43/OCCT/tmp/results_28.02.2011/occt/release-sources-20110228/inc/Handle_XmlMXCAFDoc_VolumeDriver.hxx
+M XmlMXCAFDoc:pubinclude:XmlMXCAFDoc_VolumeDriver.hxx /dn43/OCCT/tmp/results_28.02.2011/occt/release-sources-20110228/inc/XmlMXCAFDoc_VolumeDriver.hxx
+M XmlMXCAFDoc:privinclude:XmlMXCAFDoc_VolumeDriver.jxx /dn43/OCCT/tmp/results_28.02.2011/occt/release-sources-20110228/drv/XmlMXCAFDoc/XmlMXCAFDoc_VolumeDriver.jxx
+M XmlMXCAFDoc:privinclude:XmlMXCAFDoc_VolumeDriver.ixx /dn43/OCCT/tmp/results_28.02.2011/occt/release-sources-20110228/drv/XmlMXCAFDoc/XmlMXCAFDoc_VolumeDriver.ixx
+M XmlMXCAFDoc:pubinclude:Handle_XmlMXCAFDoc_DatumDriver.hxx /dn43/OCCT/tmp/results_28.02.2011/occt/release-sources-20110228/inc/Handle_XmlMXCAFDoc_DatumDriver.hxx
+M XmlMXCAFDoc:pubinclude:XmlMXCAFDoc_DatumDriver.hxx /dn43/OCCT/tmp/results_28.02.2011/occt/release-sources-20110228/inc/XmlMXCAFDoc_DatumDriver.hxx
+M XmlMXCAFDoc:privinclude:XmlMXCAFDoc_DatumDriver.jxx /dn43/OCCT/tmp/results_28.02.2011/occt/release-sources-20110228/drv/XmlMXCAFDoc/XmlMXCAFDoc_DatumDriver.jxx
+M XmlMXCAFDoc:privinclude:XmlMXCAFDoc_DatumDriver.ixx /dn43/OCCT/tmp/results_28.02.2011/occt/release-sources-20110228/drv/XmlMXCAFDoc/XmlMXCAFDoc_DatumDriver.ixx
+M XmlMXCAFDoc:pubinclude:Handle_XmlMXCAFDoc_DimTolDriver.hxx /dn43/OCCT/tmp/results_28.02.2011/occt/release-sources-20110228/inc/Handle_XmlMXCAFDoc_DimTolDriver.hxx
+M XmlMXCAFDoc:pubinclude:XmlMXCAFDoc_DimTolDriver.hxx /dn43/OCCT/tmp/results_28.02.2011/occt/release-sources-20110228/inc/XmlMXCAFDoc_DimTolDriver.hxx
+M XmlMXCAFDoc:privinclude:XmlMXCAFDoc_DimTolDriver.jxx /dn43/OCCT/tmp/results_28.02.2011/occt/release-sources-20110228/drv/XmlMXCAFDoc/XmlMXCAFDoc_DimTolDriver.jxx
+M XmlMXCAFDoc:privinclude:XmlMXCAFDoc_DimTolDriver.ixx /dn43/OCCT/tmp/results_28.02.2011/occt/release-sources-20110228/drv/XmlMXCAFDoc/XmlMXCAFDoc_DimTolDriver.ixx
+M XmlMXCAFDoc:pubinclude:Handle_XmlMXCAFDoc_MaterialDriver.hxx /dn43/OCCT/tmp/results_28.02.2011/occt/release-sources-20110228/inc/Handle_XmlMXCAFDoc_MaterialDriver.hxx
+M XmlMXCAFDoc:pubinclude:XmlMXCAFDoc_MaterialDriver.hxx /dn43/OCCT/tmp/results_28.02.2011/occt/release-sources-20110228/inc/XmlMXCAFDoc_MaterialDriver.hxx
+M XmlMXCAFDoc:privinclude:XmlMXCAFDoc_MaterialDriver.jxx /dn43/OCCT/tmp/results_28.02.2011/occt/release-sources-20110228/drv/XmlMXCAFDoc/XmlMXCAFDoc_MaterialDriver.jxx
+M XmlMXCAFDoc:privinclude:XmlMXCAFDoc_MaterialDriver.ixx /dn43/OCCT/tmp/results_28.02.2011/occt/release-sources-20110228/drv/XmlMXCAFDoc/XmlMXCAFDoc_MaterialDriver.ixx
+M XmlMXCAFDoc:pubinclude:Handle_XmlMXCAFDoc_ColorToolDriver.hxx /dn43/OCCT/tmp/results_28.02.2011/occt/release-sources-20110228/inc/Handle_XmlMXCAFDoc_ColorToolDriver.hxx
+M XmlMXCAFDoc:pubinclude:XmlMXCAFDoc_ColorToolDriver.hxx /dn43/OCCT/tmp/results_28.02.2011/occt/release-sources-20110228/inc/XmlMXCAFDoc_ColorToolDriver.hxx
+M XmlMXCAFDoc:privinclude:XmlMXCAFDoc_ColorToolDriver.jxx /dn43/OCCT/tmp/results_28.02.2011/occt/release-sources-20110228/drv/XmlMXCAFDoc/XmlMXCAFDoc_ColorToolDriver.jxx
+M XmlMXCAFDoc:privinclude:XmlMXCAFDoc_ColorToolDriver.ixx /dn43/OCCT/tmp/results_28.02.2011/occt/release-sources-20110228/drv/XmlMXCAFDoc/XmlMXCAFDoc_ColorToolDriver.ixx
+M XmlMXCAFDoc:pubinclude:Handle_XmlMXCAFDoc_DocumentToolDriver.hxx /dn43/OCCT/tmp/results_28.02.2011/occt/release-sources-20110228/inc/Handle_XmlMXCAFDoc_DocumentToolDriver.hxx
+M XmlMXCAFDoc:pubinclude:XmlMXCAFDoc_DocumentToolDriver.hxx /dn43/OCCT/tmp/results_28.02.2011/occt/release-sources-20110228/inc/XmlMXCAFDoc_DocumentToolDriver.hxx
+M XmlMXCAFDoc:privinclude:XmlMXCAFDoc_DocumentToolDriver.jxx /dn43/OCCT/tmp/results_28.02.2011/occt/release-sources-20110228/drv/XmlMXCAFDoc/XmlMXCAFDoc_DocumentToolDriver.jxx
+M XmlMXCAFDoc:privinclude:XmlMXCAFDoc_DocumentToolDriver.ixx /dn43/OCCT/tmp/results_28.02.2011/occt/release-sources-20110228/drv/XmlMXCAFDoc/XmlMXCAFDoc_DocumentToolDriver.ixx
+M XmlMXCAFDoc:pubinclude:Handle_XmlMXCAFDoc_LayerToolDriver.hxx /dn43/OCCT/tmp/results_28.02.2011/occt/release-sources-20110228/inc/Handle_XmlMXCAFDoc_LayerToolDriver.hxx
+M XmlMXCAFDoc:pubinclude:XmlMXCAFDoc_LayerToolDriver.hxx /dn43/OCCT/tmp/results_28.02.2011/occt/release-sources-20110228/inc/XmlMXCAFDoc_LayerToolDriver.hxx
+M XmlMXCAFDoc:privinclude:XmlMXCAFDoc_LayerToolDriver.jxx /dn43/OCCT/tmp/results_28.02.2011/occt/release-sources-20110228/drv/XmlMXCAFDoc/XmlMXCAFDoc_LayerToolDriver.jxx
+M XmlMXCAFDoc:privinclude:XmlMXCAFDoc_LayerToolDriver.ixx /dn43/OCCT/tmp/results_28.02.2011/occt/release-sources-20110228/drv/XmlMXCAFDoc/XmlMXCAFDoc_LayerToolDriver.ixx
+M XmlMXCAFDoc:pubinclude:Handle_XmlMXCAFDoc_ShapeToolDriver.hxx /dn43/OCCT/tmp/results_28.02.2011/occt/release-sources-20110228/inc/Handle_XmlMXCAFDoc_ShapeToolDriver.hxx
+M XmlMXCAFDoc:pubinclude:XmlMXCAFDoc_ShapeToolDriver.hxx /dn43/OCCT/tmp/results_28.02.2011/occt/release-sources-20110228/inc/XmlMXCAFDoc_ShapeToolDriver.hxx
+M XmlMXCAFDoc:privinclude:XmlMXCAFDoc_ShapeToolDriver.jxx /dn43/OCCT/tmp/results_28.02.2011/occt/release-sources-20110228/drv/XmlMXCAFDoc/XmlMXCAFDoc_ShapeToolDriver.jxx
+M XmlMXCAFDoc:privinclude:XmlMXCAFDoc_ShapeToolDriver.ixx /dn43/OCCT/tmp/results_28.02.2011/occt/release-sources-20110228/drv/XmlMXCAFDoc/XmlMXCAFDoc_ShapeToolDriver.ixx
+M XmlMXCAFDoc:pubinclude:Handle_XmlMXCAFDoc_DimTolToolDriver.hxx /dn43/OCCT/tmp/results_28.02.2011/occt/release-sources-20110228/inc/Handle_XmlMXCAFDoc_DimTolToolDriver.hxx
+M XmlMXCAFDoc:pubinclude:XmlMXCAFDoc_DimTolToolDriver.hxx /dn43/OCCT/tmp/results_28.02.2011/occt/release-sources-20110228/inc/XmlMXCAFDoc_DimTolToolDriver.hxx
+M XmlMXCAFDoc:privinclude:XmlMXCAFDoc_DimTolToolDriver.jxx /dn43/OCCT/tmp/results_28.02.2011/occt/release-sources-20110228/drv/XmlMXCAFDoc/XmlMXCAFDoc_DimTolToolDriver.jxx
+M XmlMXCAFDoc:privinclude:XmlMXCAFDoc_DimTolToolDriver.ixx /dn43/OCCT/tmp/results_28.02.2011/occt/release-sources-20110228/drv/XmlMXCAFDoc/XmlMXCAFDoc_DimTolToolDriver.ixx
+M XmlMXCAFDoc:pubinclude:Handle_XmlMXCAFDoc_MaterialToolDriver.hxx /dn43/OCCT/tmp/results_28.02.2011/occt/release-sources-20110228/inc/Handle_XmlMXCAFDoc_MaterialToolDriver.hxx
+M XmlMXCAFDoc:pubinclude:XmlMXCAFDoc_MaterialToolDriver.hxx /dn43/OCCT/tmp/results_28.02.2011/occt/release-sources-20110228/inc/XmlMXCAFDoc_MaterialToolDriver.hxx
+M XmlMXCAFDoc:privinclude:XmlMXCAFDoc_MaterialToolDriver.jxx /dn43/OCCT/tmp/results_28.02.2011/occt/release-sources-20110228/drv/XmlMXCAFDoc/XmlMXCAFDoc_MaterialToolDriver.jxx
+M XmlMXCAFDoc:privinclude:XmlMXCAFDoc_MaterialToolDriver.ixx /dn43/OCCT/tmp/results_28.02.2011/occt/release-sources-20110228/drv/XmlMXCAFDoc/XmlMXCAFDoc_MaterialToolDriver.ixx
+M XmlMXCAFDoc:dbadmfile:XmlMXCAFDoc_xcpp_header.In /dn43/OCCT/tmp/results_28.02.2011/occt/release-sources-20110228/drv/XmlMXCAFDoc/.adm/XmlMXCAFDoc_xcpp_header.In
+M XmlMXCAFDoc:dbadmfile:XmlMXCAFDoc_xcpp_header.Out /dn43/OCCT/tmp/results_28.02.2011/occt/release-sources-20110228/drv/XmlMXCAFDoc/.adm/XmlMXCAFDoc_xcpp_header.Out
+M XmlMXCAFDoc:dbadmfile:XmlMXCAFDoc_xcpp_header.Dep /dn43/OCCT/tmp/results_28.02.2011/occt/release-sources-20110228/drv/XmlMXCAFDoc/.adm/XmlMXCAFDoc_xcpp_header.Dep
