+M Image:pubinclude:Image.hxx /dn43/OCCT/tmp/results_28.02.2011/occt/release-sources-20110228/inc/Image.hxx
+M Image:privinclude:Image.jxx /dn43/OCCT/tmp/results_28.02.2011/occt/release-sources-20110228/drv/Image/Image.jxx
+M Image:privinclude:Image.ixx /dn43/OCCT/tmp/results_28.02.2011/occt/release-sources-20110228/drv/Image/Image.ixx
+M Image:pubinclude:Handle_Image_Image.hxx /dn43/OCCT/tmp/results_28.02.2011/occt/release-sources-20110228/inc/Handle_Image_Image.hxx
+M Image:pubinclude:Image_Image.hxx /dn43/OCCT/tmp/results_28.02.2011/occt/release-sources-20110228/inc/Image_Image.hxx
+M Image:privinclude:Image_Image.jxx /dn43/OCCT/tmp/results_28.02.2011/occt/release-sources-20110228/drv/Image/Image_Image.jxx
+M Image:privinclude:Image_Image.ixx /dn43/OCCT/tmp/results_28.02.2011/occt/release-sources-20110228/drv/Image/Image_Image.ixx
+M Image:pubinclude:Image_PixelInterpolation.hxx /dn43/OCCT/tmp/results_28.02.2011/occt/release-sources-20110228/inc/Image_PixelInterpolation.hxx
+M Image:privinclude:Image_PixelInterpolation.jxx /dn43/OCCT/tmp/results_28.02.2011/occt/release-sources-20110228/drv/Image/Image_PixelInterpolation.jxx
+M Image:privinclude:Image_PixelInterpolation.ixx /dn43/OCCT/tmp/results_28.02.2011/occt/release-sources-20110228/drv/Image/Image_PixelInterpolation.ixx
+M Image:pubinclude:Image_AveragePixelInterpolation.hxx /dn43/OCCT/tmp/results_28.02.2011/occt/release-sources-20110228/inc/Image_AveragePixelInterpolation.hxx
+M Image:privinclude:Image_AveragePixelInterpolation.jxx /dn43/OCCT/tmp/results_28.02.2011/occt/release-sources-20110228/drv/Image/Image_AveragePixelInterpolation.jxx
+M Image:privinclude:Image_AveragePixelInterpolation.ixx /dn43/OCCT/tmp/results_28.02.2011/occt/release-sources-20110228/drv/Image/Image_AveragePixelInterpolation.ixx
+M Image:pubinclude:Image_BalancedPixelInterpolation.hxx /dn43/OCCT/tmp/results_28.02.2011/occt/release-sources-20110228/inc/Image_BalancedPixelInterpolation.hxx
+M Image:privinclude:Image_BalancedPixelInterpolation.jxx /dn43/OCCT/tmp/results_28.02.2011/occt/release-sources-20110228/drv/Image/Image_BalancedPixelInterpolation.jxx
+M Image:privinclude:Image_BalancedPixelInterpolation.ixx /dn43/OCCT/tmp/results_28.02.2011/occt/release-sources-20110228/drv/Image/Image_BalancedPixelInterpolation.ixx
+M Image:pubinclude:Image_PlanarPixelInterpolation.hxx /dn43/OCCT/tmp/results_28.02.2011/occt/release-sources-20110228/inc/Image_PlanarPixelInterpolation.hxx
+M Image:privinclude:Image_PlanarPixelInterpolation.jxx /dn43/OCCT/tmp/results_28.02.2011/occt/release-sources-20110228/drv/Image/Image_PlanarPixelInterpolation.jxx
+M Image:privinclude:Image_PlanarPixelInterpolation.ixx /dn43/OCCT/tmp/results_28.02.2011/occt/release-sources-20110228/drv/Image/Image_PlanarPixelInterpolation.ixx
+M Image:pubinclude:Image_BilinearPixelInterpolation.hxx /dn43/OCCT/tmp/results_28.02.2011/occt/release-sources-20110228/inc/Image_BilinearPixelInterpolation.hxx
+M Image:privinclude:Image_BilinearPixelInterpolation.jxx /dn43/OCCT/tmp/results_28.02.2011/occt/release-sources-20110228/drv/Image/Image_BilinearPixelInterpolation.jxx
+M Image:privinclude:Image_BilinearPixelInterpolation.ixx /dn43/OCCT/tmp/results_28.02.2011/occt/release-sources-20110228/drv/Image/Image_BilinearPixelInterpolation.ixx
+M Image:pubinclude:Handle_Image_DColorImage.hxx /dn43/OCCT/tmp/results_28.02.2011/occt/release-sources-20110228/inc/Handle_Image_DColorImage.hxx
+M Image:pubinclude:Image_DColorImage.hxx /dn43/OCCT/tmp/results_28.02.2011/occt/release-sources-20110228/inc/Image_DColorImage.hxx
+M Image:derivated:Image_DColorImage_0.cxx /dn43/OCCT/tmp/results_28.02.2011/occt/release-sources-20110228/drv/Image/Image_DColorImage_0.cxx
+M Image:pubinclude:Handle_Image_DIndexedImage.hxx /dn43/OCCT/tmp/results_28.02.2011/occt/release-sources-20110228/inc/Handle_Image_DIndexedImage.hxx
+M Image:pubinclude:Image_DIndexedImage.hxx /dn43/OCCT/tmp/results_28.02.2011/occt/release-sources-20110228/inc/Image_DIndexedImage.hxx
+M Image:derivated:Image_DIndexedImage_0.cxx /dn43/OCCT/tmp/results_28.02.2011/occt/release-sources-20110228/drv/Image/Image_DIndexedImage_0.cxx
+M Image:pubinclude:Handle_Image_PseudoColorImage.hxx /dn43/OCCT/tmp/results_28.02.2011/occt/release-sources-20110228/inc/Handle_Image_PseudoColorImage.hxx
+M Image:pubinclude:Image_PseudoColorImage.hxx /dn43/OCCT/tmp/results_28.02.2011/occt/release-sources-20110228/inc/Image_PseudoColorImage.hxx
+M Image:privinclude:Image_PseudoColorImage.jxx /dn43/OCCT/tmp/results_28.02.2011/occt/release-sources-20110228/drv/Image/Image_PseudoColorImage.jxx
+M Image:privinclude:Image_PseudoColorImage.ixx /dn43/OCCT/tmp/results_28.02.2011/occt/release-sources-20110228/drv/Image/Image_PseudoColorImage.ixx
+M Image:pubinclude:Handle_Image_ColorImage.hxx /dn43/OCCT/tmp/results_28.02.2011/occt/release-sources-20110228/inc/Handle_Image_ColorImage.hxx
+M Image:pubinclude:Image_ColorImage.hxx /dn43/OCCT/tmp/results_28.02.2011/occt/release-sources-20110228/inc/Image_ColorImage.hxx
+M Image:privinclude:Image_ColorImage.jxx /dn43/OCCT/tmp/results_28.02.2011/occt/release-sources-20110228/drv/Image/Image_ColorImage.jxx
+M Image:privinclude:Image_ColorImage.ixx /dn43/OCCT/tmp/results_28.02.2011/occt/release-sources-20110228/drv/Image/Image_ColorImage.ixx
+M Image:pubinclude:Image_Convertor.hxx /dn43/OCCT/tmp/results_28.02.2011/occt/release-sources-20110228/inc/Image_Convertor.hxx
+M Image:privinclude:Image_Convertor.jxx /dn43/OCCT/tmp/results_28.02.2011/occt/release-sources-20110228/drv/Image/Image_Convertor.jxx
+M Image:privinclude:Image_Convertor.ixx /dn43/OCCT/tmp/results_28.02.2011/occt/release-sources-20110228/drv/Image/Image_Convertor.ixx
+M Image:pubinclude:Image_ColorPixelMapHasher.hxx /dn43/OCCT/tmp/results_28.02.2011/occt/release-sources-20110228/inc/Image_ColorPixelMapHasher.hxx
+M Image:derivated:Image_ColorPixelMapHasher_0.cxx /dn43/OCCT/tmp/results_28.02.2011/occt/release-sources-20110228/drv/Image/Image_ColorPixelMapHasher_0.cxx
+M Image:pubinclude:Image_ColorPixelDataMap.hxx /dn43/OCCT/tmp/results_28.02.2011/occt/release-sources-20110228/inc/Image_ColorPixelDataMap.hxx
+M Image:derivated:Image_ColorPixelDataMap_0.cxx /dn43/OCCT/tmp/results_28.02.2011/occt/release-sources-20110228/drv/Image/Image_ColorPixelDataMap_0.cxx
+M Image:pubinclude:Image_IndexPixelMapHasher.hxx /dn43/OCCT/tmp/results_28.02.2011/occt/release-sources-20110228/inc/Image_IndexPixelMapHasher.hxx
+M Image:derivated:Image_IndexPixelMapHasher_0.cxx /dn43/OCCT/tmp/results_28.02.2011/occt/release-sources-20110228/drv/Image/Image_IndexPixelMapHasher_0.cxx
+M Image:pubinclude:Image_LookupTable.hxx /dn43/OCCT/tmp/results_28.02.2011/occt/release-sources-20110228/inc/Image_LookupTable.hxx
+M Image:derivated:Image_LookupTable_0.cxx /dn43/OCCT/tmp/results_28.02.2011/occt/release-sources-20110228/drv/Image/Image_LookupTable_0.cxx
+M Image:pubinclude:Handle_Image_PixMap.hxx /dn43/OCCT/tmp/results_28.02.2011/occt/release-sources-20110228/inc/Handle_Image_PixMap.hxx
+M Image:pubinclude:Image_PixMap.hxx /dn43/OCCT/tmp/results_28.02.2011/occt/release-sources-20110228/inc/Image_PixMap.hxx
+M Image:privinclude:Image_PixMap.jxx /dn43/OCCT/tmp/results_28.02.2011/occt/release-sources-20110228/drv/Image/Image_PixMap.jxx
+M Image:privinclude:Image_PixMap.ixx /dn43/OCCT/tmp/results_28.02.2011/occt/release-sources-20110228/drv/Image/Image_PixMap.ixx
+M Image:pubinclude:Image_PixelRowOfDColorImage.hxx /dn43/OCCT/tmp/results_28.02.2011/occt/release-sources-20110228/inc/Image_PixelRowOfDColorImage.hxx
+M Image:derivated:Image_PixelRowOfDColorImage_0.cxx /dn43/OCCT/tmp/results_28.02.2011/occt/release-sources-20110228/drv/Image/Image_PixelRowOfDColorImage_0.cxx
+M Image:pubinclude:Image_PixelFieldOfDColorImage.hxx /dn43/OCCT/tmp/results_28.02.2011/occt/release-sources-20110228/inc/Image_PixelFieldOfDColorImage.hxx
+M Image:derivated:Image_PixelFieldOfDColorImage_0.cxx /dn43/OCCT/tmp/results_28.02.2011/occt/release-sources-20110228/drv/Image/Image_PixelFieldOfDColorImage_0.cxx
+M Image:pubinclude:Image_PixelRowOfDIndexedImage.hxx /dn43/OCCT/tmp/results_28.02.2011/occt/release-sources-20110228/inc/Image_PixelRowOfDIndexedImage.hxx
+M Image:derivated:Image_PixelRowOfDIndexedImage_0.cxx /dn43/OCCT/tmp/results_28.02.2011/occt/release-sources-20110228/drv/Image/Image_PixelRowOfDIndexedImage_0.cxx
+M Image:pubinclude:Image_PixelFieldOfDIndexedImage.hxx /dn43/OCCT/tmp/results_28.02.2011/occt/release-sources-20110228/inc/Image_PixelFieldOfDIndexedImage.hxx
+M Image:derivated:Image_PixelFieldOfDIndexedImage_0.cxx /dn43/OCCT/tmp/results_28.02.2011/occt/release-sources-20110228/drv/Image/Image_PixelFieldOfDIndexedImage_0.cxx
+M Image:pubinclude:Handle_Image_DataMapNodeOfColorPixelDataMap.hxx /dn43/OCCT/tmp/results_28.02.2011/occt/release-sources-20110228/inc/Handle_Image_DataMapNodeOfColorPixelDataMap.hxx
+M Image:pubinclude:Image_DataMapNodeOfColorPixelDataMap.hxx /dn43/OCCT/tmp/results_28.02.2011/occt/release-sources-20110228/inc/Image_DataMapNodeOfColorPixelDataMap.hxx
+M Image:derivated:Image_DataMapNodeOfColorPixelDataMap_0.cxx /dn43/OCCT/tmp/results_28.02.2011/occt/release-sources-20110228/drv/Image/Image_DataMapNodeOfColorPixelDataMap_0.cxx
+M Image:pubinclude:Image_DataMapIteratorOfColorPixelDataMap.hxx /dn43/OCCT/tmp/results_28.02.2011/occt/release-sources-20110228/inc/Image_DataMapIteratorOfColorPixelDataMap.hxx
+M Image:derivated:Image_DataMapIteratorOfColorPixelDataMap_0.cxx /dn43/OCCT/tmp/results_28.02.2011/occt/release-sources-20110228/drv/Image/Image_DataMapIteratorOfColorPixelDataMap_0.cxx
+M Image:pubinclude:Handle_Image_DataMapNodeOfLookupTable.hxx /dn43/OCCT/tmp/results_28.02.2011/occt/release-sources-20110228/inc/Handle_Image_DataMapNodeOfLookupTable.hxx
+M Image:pubinclude:Image_DataMapNodeOfLookupTable.hxx /dn43/OCCT/tmp/results_28.02.2011/occt/release-sources-20110228/inc/Image_DataMapNodeOfLookupTable.hxx
+M Image:derivated:Image_DataMapNodeOfLookupTable_0.cxx /dn43/OCCT/tmp/results_28.02.2011/occt/release-sources-20110228/drv/Image/Image_DataMapNodeOfLookupTable_0.cxx
+M Image:pubinclude:Image_DataMapIteratorOfLookupTable.hxx /dn43/OCCT/tmp/results_28.02.2011/occt/release-sources-20110228/inc/Image_DataMapIteratorOfLookupTable.hxx
+M Image:derivated:Image_DataMapIteratorOfLookupTable_0.cxx /dn43/OCCT/tmp/results_28.02.2011/occt/release-sources-20110228/drv/Image/Image_DataMapIteratorOfLookupTable_0.cxx
+M Image:pubinclude:Image_FlipType.hxx /dn43/OCCT/tmp/results_28.02.2011/occt/release-sources-20110228/inc/Image_FlipType.hxx
+M Image:pubinclude:Image_DitheringMethod.hxx /dn43/OCCT/tmp/results_28.02.2011/occt/release-sources-20110228/inc/Image_DitheringMethod.hxx
+M Image:pubinclude:Image_TypeOfImage.hxx /dn43/OCCT/tmp/results_28.02.2011/occt/release-sources-20110228/inc/Image_TypeOfImage.hxx
+M Image:dbadmfile:Image_xcpp_header.In /dn43/OCCT/tmp/results_28.02.2011/occt/release-sources-20110228/drv/Image/.adm/Image_xcpp_header.In
+M Image:dbadmfile:Image_xcpp_header.Out /dn43/OCCT/tmp/results_28.02.2011/occt/release-sources-20110228/drv/Image/.adm/Image_xcpp_header.Out
+M Image:dbadmfile:Image_xcpp_header.Dep /dn43/OCCT/tmp/results_28.02.2011/occt/release-sources-20110228/drv/Image/.adm/Image_xcpp_header.Dep
