+M BRepPrim:pubinclude:BRepPrim_Builder.hxx /dn43/OCCT/tmp/results_30.09.2011/occt/release-sources-20110930/inc/BRepPrim_Builder.hxx
+M BRepPrim:privinclude:BRepPrim_Builder.jxx /dn43/OCCT/tmp/results_30.09.2011/occt/release-sources-20110930/drv/BRepPrim/BRepPrim_Builder.jxx
+M BRepPrim:privinclude:BRepPrim_Builder.ixx /dn43/OCCT/tmp/results_30.09.2011/occt/release-sources-20110930/drv/BRepPrim/BRepPrim_Builder.ixx
+M BRepPrim:pubinclude:BRepPrim_OneAxis.hxx /dn43/OCCT/tmp/results_30.09.2011/occt/release-sources-20110930/inc/BRepPrim_OneAxis.hxx
+M BRepPrim:derivated:BRepPrim_OneAxis_0.cxx /dn43/OCCT/tmp/results_30.09.2011/occt/release-sources-20110930/drv/BRepPrim/BRepPrim_OneAxis_0.cxx
+M BRepPrim:pubinclude:BRepPrim_Revolution.hxx /dn43/OCCT/tmp/results_30.09.2011/occt/release-sources-20110930/inc/BRepPrim_Revolution.hxx
+M BRepPrim:privinclude:BRepPrim_Revolution.jxx /dn43/OCCT/tmp/results_30.09.2011/occt/release-sources-20110930/drv/BRepPrim/BRepPrim_Revolution.jxx
+M BRepPrim:privinclude:BRepPrim_Revolution.ixx /dn43/OCCT/tmp/results_30.09.2011/occt/release-sources-20110930/drv/BRepPrim/BRepPrim_Revolution.ixx
+M BRepPrim:pubinclude:BRepPrim_Cylinder.hxx /dn43/OCCT/tmp/results_30.09.2011/occt/release-sources-20110930/inc/BRepPrim_Cylinder.hxx
+M BRepPrim:privinclude:BRepPrim_Cylinder.jxx /dn43/OCCT/tmp/results_30.09.2011/occt/release-sources-20110930/drv/BRepPrim/BRepPrim_Cylinder.jxx
+M BRepPrim:privinclude:BRepPrim_Cylinder.ixx /dn43/OCCT/tmp/results_30.09.2011/occt/release-sources-20110930/drv/BRepPrim/BRepPrim_Cylinder.ixx
+M BRepPrim:pubinclude:BRepPrim_Cone.hxx /dn43/OCCT/tmp/results_30.09.2011/occt/release-sources-20110930/inc/BRepPrim_Cone.hxx
+M BRepPrim:privinclude:BRepPrim_Cone.jxx /dn43/OCCT/tmp/results_30.09.2011/occt/release-sources-20110930/drv/BRepPrim/BRepPrim_Cone.jxx
+M BRepPrim:privinclude:BRepPrim_Cone.ixx /dn43/OCCT/tmp/results_30.09.2011/occt/release-sources-20110930/drv/BRepPrim/BRepPrim_Cone.ixx
+M BRepPrim:pubinclude:BRepPrim_Sphere.hxx /dn43/OCCT/tmp/results_30.09.2011/occt/release-sources-20110930/inc/BRepPrim_Sphere.hxx
+M BRepPrim:privinclude:BRepPrim_Sphere.jxx /dn43/OCCT/tmp/results_30.09.2011/occt/release-sources-20110930/drv/BRepPrim/BRepPrim_Sphere.jxx
+M BRepPrim:privinclude:BRepPrim_Sphere.ixx /dn43/OCCT/tmp/results_30.09.2011/occt/release-sources-20110930/drv/BRepPrim/BRepPrim_Sphere.ixx
+M BRepPrim:pubinclude:BRepPrim_Torus.hxx /dn43/OCCT/tmp/results_30.09.2011/occt/release-sources-20110930/inc/BRepPrim_Torus.hxx
+M BRepPrim:privinclude:BRepPrim_Torus.jxx /dn43/OCCT/tmp/results_30.09.2011/occt/release-sources-20110930/drv/BRepPrim/BRepPrim_Torus.jxx
+M BRepPrim:privinclude:BRepPrim_Torus.ixx /dn43/OCCT/tmp/results_30.09.2011/occt/release-sources-20110930/drv/BRepPrim/BRepPrim_Torus.ixx
+M BRepPrim:pubinclude:BRepPrim_GWedge.hxx /dn43/OCCT/tmp/results_30.09.2011/occt/release-sources-20110930/inc/BRepPrim_GWedge.hxx
+M BRepPrim:derivated:BRepPrim_GWedge_0.cxx /dn43/OCCT/tmp/results_30.09.2011/occt/release-sources-20110930/drv/BRepPrim/BRepPrim_GWedge_0.cxx
+M BRepPrim:pubinclude:BRepPrim_Wedge.hxx /dn43/OCCT/tmp/results_30.09.2011/occt/release-sources-20110930/inc/BRepPrim_Wedge.hxx
+M BRepPrim:privinclude:BRepPrim_Wedge.jxx /dn43/OCCT/tmp/results_30.09.2011/occt/release-sources-20110930/drv/BRepPrim/BRepPrim_Wedge.jxx
+M BRepPrim:privinclude:BRepPrim_Wedge.ixx /dn43/OCCT/tmp/results_30.09.2011/occt/release-sources-20110930/drv/BRepPrim/BRepPrim_Wedge.ixx
+M BRepPrim:pubinclude:BRepPrim_FaceBuilder.hxx /dn43/OCCT/tmp/results_30.09.2011/occt/release-sources-20110930/inc/BRepPrim_FaceBuilder.hxx
+M BRepPrim:privinclude:BRepPrim_FaceBuilder.jxx /dn43/OCCT/tmp/results_30.09.2011/occt/release-sources-20110930/drv/BRepPrim/BRepPrim_FaceBuilder.jxx
+M BRepPrim:privinclude:BRepPrim_FaceBuilder.ixx /dn43/OCCT/tmp/results_30.09.2011/occt/release-sources-20110930/drv/BRepPrim/BRepPrim_FaceBuilder.ixx
+M BRepPrim:dbadmfile:BRepPrim_xcpp_header.In /dn43/OCCT/tmp/results_30.09.2011/occt/release-sources-20110930/drv/BRepPrim/.adm/BRepPrim_xcpp_header.In
+M BRepPrim:dbadmfile:BRepPrim_xcpp_header.Out /dn43/OCCT/tmp/results_30.09.2011/occt/release-sources-20110930/drv/BRepPrim/.adm/BRepPrim_xcpp_header.Out
+M BRepPrim:dbadmfile:BRepPrim_xcpp_header.Dep /dn43/OCCT/tmp/results_30.09.2011/occt/release-sources-20110930/drv/BRepPrim/.adm/BRepPrim_xcpp_header.Dep
