+M PNaming:pubinclude:Handle_PNaming_Name.hxx /dn43/OCCT/tmp/results_30.09.2011/occt/release-sources-20110930/inc/Handle_PNaming_Name.hxx
+M PNaming:pubinclude:PNaming_Name.hxx /dn43/OCCT/tmp/results_30.09.2011/occt/release-sources-20110930/inc/PNaming_Name.hxx
+M PNaming:privinclude:PNaming_Name.jxx /dn43/OCCT/tmp/results_30.09.2011/occt/release-sources-20110930/drv/PNaming/PNaming_Name.jxx
+M PNaming:privinclude:PNaming_Name.ixx /dn43/OCCT/tmp/results_30.09.2011/occt/release-sources-20110930/drv/PNaming/PNaming_Name.ixx
+M PNaming:pubinclude:Handle_PNaming_Name_1.hxx /dn43/OCCT/tmp/results_30.09.2011/occt/release-sources-20110930/inc/Handle_PNaming_Name_1.hxx
+M PNaming:pubinclude:PNaming_Name_1.hxx /dn43/OCCT/tmp/results_30.09.2011/occt/release-sources-20110930/inc/PNaming_Name_1.hxx
+M PNaming:privinclude:PNaming_Name_1.jxx /dn43/OCCT/tmp/results_30.09.2011/occt/release-sources-20110930/drv/PNaming/PNaming_Name_1.jxx
+M PNaming:privinclude:PNaming_Name_1.ixx /dn43/OCCT/tmp/results_30.09.2011/occt/release-sources-20110930/drv/PNaming/PNaming_Name_1.ixx
+M PNaming:pubinclude:Handle_PNaming_NamedShape.hxx /dn43/OCCT/tmp/results_30.09.2011/occt/release-sources-20110930/inc/Handle_PNaming_NamedShape.hxx
+M PNaming:pubinclude:PNaming_NamedShape.hxx /dn43/OCCT/tmp/results_30.09.2011/occt/release-sources-20110930/inc/PNaming_NamedShape.hxx
+M PNaming:privinclude:PNaming_NamedShape.jxx /dn43/OCCT/tmp/results_30.09.2011/occt/release-sources-20110930/drv/PNaming/PNaming_NamedShape.jxx
+M PNaming:privinclude:PNaming_NamedShape.ixx /dn43/OCCT/tmp/results_30.09.2011/occt/release-sources-20110930/drv/PNaming/PNaming_NamedShape.ixx
+M PNaming:pubinclude:Handle_PNaming_Naming.hxx /dn43/OCCT/tmp/results_30.09.2011/occt/release-sources-20110930/inc/Handle_PNaming_Naming.hxx
+M PNaming:pubinclude:PNaming_Naming.hxx /dn43/OCCT/tmp/results_30.09.2011/occt/release-sources-20110930/inc/PNaming_Naming.hxx
+M PNaming:privinclude:PNaming_Naming.jxx /dn43/OCCT/tmp/results_30.09.2011/occt/release-sources-20110930/drv/PNaming/PNaming_Naming.jxx
+M PNaming:privinclude:PNaming_Naming.ixx /dn43/OCCT/tmp/results_30.09.2011/occt/release-sources-20110930/drv/PNaming/PNaming_Naming.ixx
+M PNaming:pubinclude:Handle_PNaming_Naming_1.hxx /dn43/OCCT/tmp/results_30.09.2011/occt/release-sources-20110930/inc/Handle_PNaming_Naming_1.hxx
+M PNaming:pubinclude:PNaming_Naming_1.hxx /dn43/OCCT/tmp/results_30.09.2011/occt/release-sources-20110930/inc/PNaming_Naming_1.hxx
+M PNaming:privinclude:PNaming_Naming_1.jxx /dn43/OCCT/tmp/results_30.09.2011/occt/release-sources-20110930/drv/PNaming/PNaming_Naming_1.jxx
+M PNaming:privinclude:PNaming_Naming_1.ixx /dn43/OCCT/tmp/results_30.09.2011/occt/release-sources-20110930/drv/PNaming/PNaming_Naming_1.ixx
+M PNaming:pubinclude:Handle_PNaming_HArray1OfNamedShape.hxx /dn43/OCCT/tmp/results_30.09.2011/occt/release-sources-20110930/inc/Handle_PNaming_HArray1OfNamedShape.hxx
+M PNaming:pubinclude:PNaming_HArray1OfNamedShape.hxx /dn43/OCCT/tmp/results_30.09.2011/occt/release-sources-20110930/inc/PNaming_HArray1OfNamedShape.hxx
+M PNaming:derivated:PNaming_HArray1OfNamedShape_0.cxx /dn43/OCCT/tmp/results_30.09.2011/occt/release-sources-20110930/drv/PNaming/PNaming_HArray1OfNamedShape_0.cxx
+M PNaming:pubinclude:Handle_PNaming_VArrayNodeOfFieldOfHArray1OfNamedShape.hxx /dn43/OCCT/tmp/results_30.09.2011/occt/release-sources-20110930/inc/Handle_PNaming_VArrayNodeOfFieldOfHArray1OfNamedShape.hxx
+M PNaming:pubinclude:PNaming_VArrayNodeOfFieldOfHArray1OfNamedShape.hxx /dn43/OCCT/tmp/results_30.09.2011/occt/release-sources-20110930/inc/PNaming_VArrayNodeOfFieldOfHArray1OfNamedShape.hxx
+M PNaming:derivated:PNaming_VArrayNodeOfFieldOfHArray1OfNamedShape_0.cxx /dn43/OCCT/tmp/results_30.09.2011/occt/release-sources-20110930/drv/PNaming/PNaming_VArrayNodeOfFieldOfHArray1OfNamedShape_0.cxx
+M PNaming:pubinclude:PNaming_VArrayTNodeOfFieldOfHArray1OfNamedShape.hxx /dn43/OCCT/tmp/results_30.09.2011/occt/release-sources-20110930/inc/PNaming_VArrayTNodeOfFieldOfHArray1OfNamedShape.hxx
+M PNaming:derivated:PNaming_VArrayTNodeOfFieldOfHArray1OfNamedShape_0.cxx /dn43/OCCT/tmp/results_30.09.2011/occt/release-sources-20110930/drv/PNaming/PNaming_VArrayTNodeOfFieldOfHArray1OfNamedShape_0.cxx
+M PNaming:pubinclude:PNaming_FieldOfHArray1OfNamedShape.hxx /dn43/OCCT/tmp/results_30.09.2011/occt/release-sources-20110930/inc/PNaming_FieldOfHArray1OfNamedShape.hxx
+M PNaming:derivated:PNaming_FieldOfHArray1OfNamedShape_0.cxx /dn43/OCCT/tmp/results_30.09.2011/occt/release-sources-20110930/drv/PNaming/PNaming_FieldOfHArray1OfNamedShape_0.cxx
+M PNaming:dbadmfile:PNaming_xcpp_header.In /dn43/OCCT/tmp/results_30.09.2011/occt/release-sources-20110930/drv/PNaming/.adm/PNaming_xcpp_header.In
+M PNaming:dbadmfile:PNaming_xcpp_header.Out /dn43/OCCT/tmp/results_30.09.2011/occt/release-sources-20110930/drv/PNaming/.adm/PNaming_xcpp_header.Out
+M PNaming:dbadmfile:PNaming_xcpp_header.Dep /dn43/OCCT/tmp/results_30.09.2011/occt/release-sources-20110930/drv/PNaming/.adm/PNaming_xcpp_header.Dep
