+M PBRep:pubinclude:Handle_PBRep_CurveRepresentation.hxx /dn43/OCCT/tmp/results_30.09.2011/occt/release-sources-20110930/inc/Handle_PBRep_CurveRepresentation.hxx
+M PBRep:pubinclude:PBRep_CurveRepresentation.hxx /dn43/OCCT/tmp/results_30.09.2011/occt/release-sources-20110930/inc/PBRep_CurveRepresentation.hxx
+M PBRep:privinclude:PBRep_CurveRepresentation.jxx /dn43/OCCT/tmp/results_30.09.2011/occt/release-sources-20110930/drv/PBRep/PBRep_CurveRepresentation.jxx
+M PBRep:privinclude:PBRep_CurveRepresentation.ixx /dn43/OCCT/tmp/results_30.09.2011/occt/release-sources-20110930/drv/PBRep/PBRep_CurveRepresentation.ixx
+M PBRep:pubinclude:Handle_PBRep_GCurve.hxx /dn43/OCCT/tmp/results_30.09.2011/occt/release-sources-20110930/inc/Handle_PBRep_GCurve.hxx
+M PBRep:pubinclude:PBRep_GCurve.hxx /dn43/OCCT/tmp/results_30.09.2011/occt/release-sources-20110930/inc/PBRep_GCurve.hxx
+M PBRep:privinclude:PBRep_GCurve.jxx /dn43/OCCT/tmp/results_30.09.2011/occt/release-sources-20110930/drv/PBRep/PBRep_GCurve.jxx
+M PBRep:privinclude:PBRep_GCurve.ixx /dn43/OCCT/tmp/results_30.09.2011/occt/release-sources-20110930/drv/PBRep/PBRep_GCurve.ixx
+M PBRep:pubinclude:Handle_PBRep_Curve3D.hxx /dn43/OCCT/tmp/results_30.09.2011/occt/release-sources-20110930/inc/Handle_PBRep_Curve3D.hxx
+M PBRep:pubinclude:PBRep_Curve3D.hxx /dn43/OCCT/tmp/results_30.09.2011/occt/release-sources-20110930/inc/PBRep_Curve3D.hxx
+M PBRep:privinclude:PBRep_Curve3D.jxx /dn43/OCCT/tmp/results_30.09.2011/occt/release-sources-20110930/drv/PBRep/PBRep_Curve3D.jxx
+M PBRep:privinclude:PBRep_Curve3D.ixx /dn43/OCCT/tmp/results_30.09.2011/occt/release-sources-20110930/drv/PBRep/PBRep_Curve3D.ixx
+M PBRep:pubinclude:Handle_PBRep_CurveOnSurface.hxx /dn43/OCCT/tmp/results_30.09.2011/occt/release-sources-20110930/inc/Handle_PBRep_CurveOnSurface.hxx
+M PBRep:pubinclude:PBRep_CurveOnSurface.hxx /dn43/OCCT/tmp/results_30.09.2011/occt/release-sources-20110930/inc/PBRep_CurveOnSurface.hxx
+M PBRep:privinclude:PBRep_CurveOnSurface.jxx /dn43/OCCT/tmp/results_30.09.2011/occt/release-sources-20110930/drv/PBRep/PBRep_CurveOnSurface.jxx
+M PBRep:privinclude:PBRep_CurveOnSurface.ixx /dn43/OCCT/tmp/results_30.09.2011/occt/release-sources-20110930/drv/PBRep/PBRep_CurveOnSurface.ixx
+M PBRep:pubinclude:Handle_PBRep_CurveOnClosedSurface.hxx /dn43/OCCT/tmp/results_30.09.2011/occt/release-sources-20110930/inc/Handle_PBRep_CurveOnClosedSurface.hxx
+M PBRep:pubinclude:PBRep_CurveOnClosedSurface.hxx /dn43/OCCT/tmp/results_30.09.2011/occt/release-sources-20110930/inc/PBRep_CurveOnClosedSurface.hxx
+M PBRep:privinclude:PBRep_CurveOnClosedSurface.jxx /dn43/OCCT/tmp/results_30.09.2011/occt/release-sources-20110930/drv/PBRep/PBRep_CurveOnClosedSurface.jxx
+M PBRep:privinclude:PBRep_CurveOnClosedSurface.ixx /dn43/OCCT/tmp/results_30.09.2011/occt/release-sources-20110930/drv/PBRep/PBRep_CurveOnClosedSurface.ixx
+M PBRep:pubinclude:Handle_PBRep_Polygon3D.hxx /dn43/OCCT/tmp/results_30.09.2011/occt/release-sources-20110930/inc/Handle_PBRep_Polygon3D.hxx
+M PBRep:pubinclude:PBRep_Polygon3D.hxx /dn43/OCCT/tmp/results_30.09.2011/occt/release-sources-20110930/inc/PBRep_Polygon3D.hxx
+M PBRep:privinclude:PBRep_Polygon3D.jxx /dn43/OCCT/tmp/results_30.09.2011/occt/release-sources-20110930/drv/PBRep/PBRep_Polygon3D.jxx
+M PBRep:privinclude:PBRep_Polygon3D.ixx /dn43/OCCT/tmp/results_30.09.2011/occt/release-sources-20110930/drv/PBRep/PBRep_Polygon3D.ixx
+M PBRep:pubinclude:Handle_PBRep_PolygonOnTriangulation.hxx /dn43/OCCT/tmp/results_30.09.2011/occt/release-sources-20110930/inc/Handle_PBRep_PolygonOnTriangulation.hxx
+M PBRep:pubinclude:PBRep_PolygonOnTriangulation.hxx /dn43/OCCT/tmp/results_30.09.2011/occt/release-sources-20110930/inc/PBRep_PolygonOnTriangulation.hxx
+M PBRep:privinclude:PBRep_PolygonOnTriangulation.jxx /dn43/OCCT/tmp/results_30.09.2011/occt/release-sources-20110930/drv/PBRep/PBRep_PolygonOnTriangulation.jxx
+M PBRep:privinclude:PBRep_PolygonOnTriangulation.ixx /dn43/OCCT/tmp/results_30.09.2011/occt/release-sources-20110930/drv/PBRep/PBRep_PolygonOnTriangulation.ixx
+M PBRep:pubinclude:Handle_PBRep_PolygonOnClosedTriangulation.hxx /dn43/OCCT/tmp/results_30.09.2011/occt/release-sources-20110930/inc/Handle_PBRep_PolygonOnClosedTriangulation.hxx
+M PBRep:pubinclude:PBRep_PolygonOnClosedTriangulation.hxx /dn43/OCCT/tmp/results_30.09.2011/occt/release-sources-20110930/inc/PBRep_PolygonOnClosedTriangulation.hxx
+M PBRep:privinclude:PBRep_PolygonOnClosedTriangulation.jxx /dn43/OCCT/tmp/results_30.09.2011/occt/release-sources-20110930/drv/PBRep/PBRep_PolygonOnClosedTriangulation.jxx
+M PBRep:privinclude:PBRep_PolygonOnClosedTriangulation.ixx /dn43/OCCT/tmp/results_30.09.2011/occt/release-sources-20110930/drv/PBRep/PBRep_PolygonOnClosedTriangulation.ixx
+M PBRep:pubinclude:Handle_PBRep_PolygonOnSurface.hxx /dn43/OCCT/tmp/results_30.09.2011/occt/release-sources-20110930/inc/Handle_PBRep_PolygonOnSurface.hxx
+M PBRep:pubinclude:PBRep_PolygonOnSurface.hxx /dn43/OCCT/tmp/results_30.09.2011/occt/release-sources-20110930/inc/PBRep_PolygonOnSurface.hxx
+M PBRep:privinclude:PBRep_PolygonOnSurface.jxx /dn43/OCCT/tmp/results_30.09.2011/occt/release-sources-20110930/drv/PBRep/PBRep_PolygonOnSurface.jxx
+M PBRep:privinclude:PBRep_PolygonOnSurface.ixx /dn43/OCCT/tmp/results_30.09.2011/occt/release-sources-20110930/drv/PBRep/PBRep_PolygonOnSurface.ixx
+M PBRep:pubinclude:Handle_PBRep_PolygonOnClosedSurface.hxx /dn43/OCCT/tmp/results_30.09.2011/occt/release-sources-20110930/inc/Handle_PBRep_PolygonOnClosedSurface.hxx
+M PBRep:pubinclude:PBRep_PolygonOnClosedSurface.hxx /dn43/OCCT/tmp/results_30.09.2011/occt/release-sources-20110930/inc/PBRep_PolygonOnClosedSurface.hxx
+M PBRep:privinclude:PBRep_PolygonOnClosedSurface.jxx /dn43/OCCT/tmp/results_30.09.2011/occt/release-sources-20110930/drv/PBRep/PBRep_PolygonOnClosedSurface.jxx
+M PBRep:privinclude:PBRep_PolygonOnClosedSurface.ixx /dn43/OCCT/tmp/results_30.09.2011/occt/release-sources-20110930/drv/PBRep/PBRep_PolygonOnClosedSurface.ixx
+M PBRep:pubinclude:Handle_PBRep_CurveOn2Surfaces.hxx /dn43/OCCT/tmp/results_30.09.2011/occt/release-sources-20110930/inc/Handle_PBRep_CurveOn2Surfaces.hxx
+M PBRep:pubinclude:PBRep_CurveOn2Surfaces.hxx /dn43/OCCT/tmp/results_30.09.2011/occt/release-sources-20110930/inc/PBRep_CurveOn2Surfaces.hxx
+M PBRep:privinclude:PBRep_CurveOn2Surfaces.jxx /dn43/OCCT/tmp/results_30.09.2011/occt/release-sources-20110930/drv/PBRep/PBRep_CurveOn2Surfaces.jxx
+M PBRep:privinclude:PBRep_CurveOn2Surfaces.ixx /dn43/OCCT/tmp/results_30.09.2011/occt/release-sources-20110930/drv/PBRep/PBRep_CurveOn2Surfaces.ixx
+M PBRep:pubinclude:Handle_PBRep_PointRepresentation.hxx /dn43/OCCT/tmp/results_30.09.2011/occt/release-sources-20110930/inc/Handle_PBRep_PointRepresentation.hxx
+M PBRep:pubinclude:PBRep_PointRepresentation.hxx /dn43/OCCT/tmp/results_30.09.2011/occt/release-sources-20110930/inc/PBRep_PointRepresentation.hxx
+M PBRep:privinclude:PBRep_PointRepresentation.jxx /dn43/OCCT/tmp/results_30.09.2011/occt/release-sources-20110930/drv/PBRep/PBRep_PointRepresentation.jxx
+M PBRep:privinclude:PBRep_PointRepresentation.ixx /dn43/OCCT/tmp/results_30.09.2011/occt/release-sources-20110930/drv/PBRep/PBRep_PointRepresentation.ixx
+M PBRep:pubinclude:Handle_PBRep_PointOnCurve.hxx /dn43/OCCT/tmp/results_30.09.2011/occt/release-sources-20110930/inc/Handle_PBRep_PointOnCurve.hxx
+M PBRep:pubinclude:PBRep_PointOnCurve.hxx /dn43/OCCT/tmp/results_30.09.2011/occt/release-sources-20110930/inc/PBRep_PointOnCurve.hxx
+M PBRep:privinclude:PBRep_PointOnCurve.jxx /dn43/OCCT/tmp/results_30.09.2011/occt/release-sources-20110930/drv/PBRep/PBRep_PointOnCurve.jxx
+M PBRep:privinclude:PBRep_PointOnCurve.ixx /dn43/OCCT/tmp/results_30.09.2011/occt/release-sources-20110930/drv/PBRep/PBRep_PointOnCurve.ixx
+M PBRep:pubinclude:Handle_PBRep_PointsOnSurface.hxx /dn43/OCCT/tmp/results_30.09.2011/occt/release-sources-20110930/inc/Handle_PBRep_PointsOnSurface.hxx
+M PBRep:pubinclude:PBRep_PointsOnSurface.hxx /dn43/OCCT/tmp/results_30.09.2011/occt/release-sources-20110930/inc/PBRep_PointsOnSurface.hxx
+M PBRep:privinclude:PBRep_PointsOnSurface.jxx /dn43/OCCT/tmp/results_30.09.2011/occt/release-sources-20110930/drv/PBRep/PBRep_PointsOnSurface.jxx
+M PBRep:privinclude:PBRep_PointsOnSurface.ixx /dn43/OCCT/tmp/results_30.09.2011/occt/release-sources-20110930/drv/PBRep/PBRep_PointsOnSurface.ixx
+M PBRep:pubinclude:Handle_PBRep_PointOnCurveOnSurface.hxx /dn43/OCCT/tmp/results_30.09.2011/occt/release-sources-20110930/inc/Handle_PBRep_PointOnCurveOnSurface.hxx
+M PBRep:pubinclude:PBRep_PointOnCurveOnSurface.hxx /dn43/OCCT/tmp/results_30.09.2011/occt/release-sources-20110930/inc/PBRep_PointOnCurveOnSurface.hxx
+M PBRep:privinclude:PBRep_PointOnCurveOnSurface.jxx /dn43/OCCT/tmp/results_30.09.2011/occt/release-sources-20110930/drv/PBRep/PBRep_PointOnCurveOnSurface.jxx
+M PBRep:privinclude:PBRep_PointOnCurveOnSurface.ixx /dn43/OCCT/tmp/results_30.09.2011/occt/release-sources-20110930/drv/PBRep/PBRep_PointOnCurveOnSurface.ixx
+M PBRep:pubinclude:Handle_PBRep_PointOnSurface.hxx /dn43/OCCT/tmp/results_30.09.2011/occt/release-sources-20110930/inc/Handle_PBRep_PointOnSurface.hxx
+M PBRep:pubinclude:PBRep_PointOnSurface.hxx /dn43/OCCT/tmp/results_30.09.2011/occt/release-sources-20110930/inc/PBRep_PointOnSurface.hxx
+M PBRep:privinclude:PBRep_PointOnSurface.jxx /dn43/OCCT/tmp/results_30.09.2011/occt/release-sources-20110930/drv/PBRep/PBRep_PointOnSurface.jxx
+M PBRep:privinclude:PBRep_PointOnSurface.ixx /dn43/OCCT/tmp/results_30.09.2011/occt/release-sources-20110930/drv/PBRep/PBRep_PointOnSurface.ixx
+M PBRep:pubinclude:Handle_PBRep_TFace.hxx /dn43/OCCT/tmp/results_30.09.2011/occt/release-sources-20110930/inc/Handle_PBRep_TFace.hxx
+M PBRep:pubinclude:PBRep_TFace.hxx /dn43/OCCT/tmp/results_30.09.2011/occt/release-sources-20110930/inc/PBRep_TFace.hxx
+M PBRep:privinclude:PBRep_TFace.jxx /dn43/OCCT/tmp/results_30.09.2011/occt/release-sources-20110930/drv/PBRep/PBRep_TFace.jxx
+M PBRep:privinclude:PBRep_TFace.ixx /dn43/OCCT/tmp/results_30.09.2011/occt/release-sources-20110930/drv/PBRep/PBRep_TFace.ixx
+M PBRep:pubinclude:Handle_PBRep_TEdge.hxx /dn43/OCCT/tmp/results_30.09.2011/occt/release-sources-20110930/inc/Handle_PBRep_TEdge.hxx
+M PBRep:pubinclude:PBRep_TEdge.hxx /dn43/OCCT/tmp/results_30.09.2011/occt/release-sources-20110930/inc/PBRep_TEdge.hxx
+M PBRep:privinclude:PBRep_TEdge.jxx /dn43/OCCT/tmp/results_30.09.2011/occt/release-sources-20110930/drv/PBRep/PBRep_TEdge.jxx
+M PBRep:privinclude:PBRep_TEdge.ixx /dn43/OCCT/tmp/results_30.09.2011/occt/release-sources-20110930/drv/PBRep/PBRep_TEdge.ixx
+M PBRep:pubinclude:Handle_PBRep_TVertex.hxx /dn43/OCCT/tmp/results_30.09.2011/occt/release-sources-20110930/inc/Handle_PBRep_TVertex.hxx
+M PBRep:pubinclude:PBRep_TVertex.hxx /dn43/OCCT/tmp/results_30.09.2011/occt/release-sources-20110930/inc/PBRep_TVertex.hxx
+M PBRep:privinclude:PBRep_TVertex.jxx /dn43/OCCT/tmp/results_30.09.2011/occt/release-sources-20110930/drv/PBRep/PBRep_TVertex.jxx
+M PBRep:privinclude:PBRep_TVertex.ixx /dn43/OCCT/tmp/results_30.09.2011/occt/release-sources-20110930/drv/PBRep/PBRep_TVertex.ixx
+M PBRep:pubinclude:Handle_PBRep_TFace1.hxx /dn43/OCCT/tmp/results_30.09.2011/occt/release-sources-20110930/inc/Handle_PBRep_TFace1.hxx
+M PBRep:pubinclude:PBRep_TFace1.hxx /dn43/OCCT/tmp/results_30.09.2011/occt/release-sources-20110930/inc/PBRep_TFace1.hxx
+M PBRep:privinclude:PBRep_TFace1.jxx /dn43/OCCT/tmp/results_30.09.2011/occt/release-sources-20110930/drv/PBRep/PBRep_TFace1.jxx
+M PBRep:privinclude:PBRep_TFace1.ixx /dn43/OCCT/tmp/results_30.09.2011/occt/release-sources-20110930/drv/PBRep/PBRep_TFace1.ixx
+M PBRep:pubinclude:Handle_PBRep_TEdge1.hxx /dn43/OCCT/tmp/results_30.09.2011/occt/release-sources-20110930/inc/Handle_PBRep_TEdge1.hxx
+M PBRep:pubinclude:PBRep_TEdge1.hxx /dn43/OCCT/tmp/results_30.09.2011/occt/release-sources-20110930/inc/PBRep_TEdge1.hxx
+M PBRep:privinclude:PBRep_TEdge1.jxx /dn43/OCCT/tmp/results_30.09.2011/occt/release-sources-20110930/drv/PBRep/PBRep_TEdge1.jxx
+M PBRep:privinclude:PBRep_TEdge1.ixx /dn43/OCCT/tmp/results_30.09.2011/occt/release-sources-20110930/drv/PBRep/PBRep_TEdge1.ixx
+M PBRep:pubinclude:Handle_PBRep_TVertex1.hxx /dn43/OCCT/tmp/results_30.09.2011/occt/release-sources-20110930/inc/Handle_PBRep_TVertex1.hxx
+M PBRep:pubinclude:PBRep_TVertex1.hxx /dn43/OCCT/tmp/results_30.09.2011/occt/release-sources-20110930/inc/PBRep_TVertex1.hxx
+M PBRep:privinclude:PBRep_TVertex1.jxx /dn43/OCCT/tmp/results_30.09.2011/occt/release-sources-20110930/drv/PBRep/PBRep_TVertex1.jxx
+M PBRep:privinclude:PBRep_TVertex1.ixx /dn43/OCCT/tmp/results_30.09.2011/occt/release-sources-20110930/drv/PBRep/PBRep_TVertex1.ixx
+M PBRep:dbadmfile:PBRep_xcpp_header.In /dn43/OCCT/tmp/results_30.09.2011/occt/release-sources-20110930/drv/PBRep/.adm/PBRep_xcpp_header.In
+M PBRep:dbadmfile:PBRep_xcpp_header.Out /dn43/OCCT/tmp/results_30.09.2011/occt/release-sources-20110930/drv/PBRep/.adm/PBRep_xcpp_header.Out
+M PBRep:dbadmfile:PBRep_xcpp_header.Dep /dn43/OCCT/tmp/results_30.09.2011/occt/release-sources-20110930/drv/PBRep/.adm/PBRep_xcpp_header.Dep
