+M BOP:pubinclude:BOP_Builder.hxx /dn43/OCCT/tmp/results_31.05.2011/occt/release-sources-20110531/inc/BOP_Builder.hxx
+M BOP:privinclude:BOP_Builder.jxx /dn43/OCCT/tmp/results_31.05.2011/occt/release-sources-20110531/drv/BOP/BOP_Builder.jxx
+M BOP:privinclude:BOP_Builder.ixx /dn43/OCCT/tmp/results_31.05.2011/occt/release-sources-20110531/drv/BOP/BOP_Builder.ixx
+M BOP:pubinclude:BOP_WireWire.hxx /dn43/OCCT/tmp/results_31.05.2011/occt/release-sources-20110531/inc/BOP_WireWire.hxx
+M BOP:privinclude:BOP_WireWire.jxx /dn43/OCCT/tmp/results_31.05.2011/occt/release-sources-20110531/drv/BOP/BOP_WireWire.jxx
+M BOP:privinclude:BOP_WireWire.ixx /dn43/OCCT/tmp/results_31.05.2011/occt/release-sources-20110531/drv/BOP/BOP_WireWire.ixx
+M BOP:pubinclude:BOP_WireShell.hxx /dn43/OCCT/tmp/results_31.05.2011/occt/release-sources-20110531/inc/BOP_WireShell.hxx
+M BOP:privinclude:BOP_WireShell.jxx /dn43/OCCT/tmp/results_31.05.2011/occt/release-sources-20110531/drv/BOP/BOP_WireShell.jxx
+M BOP:privinclude:BOP_WireShell.ixx /dn43/OCCT/tmp/results_31.05.2011/occt/release-sources-20110531/drv/BOP/BOP_WireShell.ixx
+M BOP:pubinclude:BOP_WireSolid.hxx /dn43/OCCT/tmp/results_31.05.2011/occt/release-sources-20110531/inc/BOP_WireSolid.hxx
+M BOP:privinclude:BOP_WireSolid.jxx /dn43/OCCT/tmp/results_31.05.2011/occt/release-sources-20110531/drv/BOP/BOP_WireSolid.jxx
+M BOP:privinclude:BOP_WireSolid.ixx /dn43/OCCT/tmp/results_31.05.2011/occt/release-sources-20110531/drv/BOP/BOP_WireSolid.ixx
+M BOP:pubinclude:BOP_WireShape.hxx /dn43/OCCT/tmp/results_31.05.2011/occt/release-sources-20110531/inc/BOP_WireShape.hxx
+M BOP:privinclude:BOP_WireShape.jxx /dn43/OCCT/tmp/results_31.05.2011/occt/release-sources-20110531/drv/BOP/BOP_WireShape.jxx
+M BOP:privinclude:BOP_WireShape.ixx /dn43/OCCT/tmp/results_31.05.2011/occt/release-sources-20110531/drv/BOP/BOP_WireShape.ixx
+M BOP:pubinclude:BOP_SolidSolid.hxx /dn43/OCCT/tmp/results_31.05.2011/occt/release-sources-20110531/inc/BOP_SolidSolid.hxx
+M BOP:privinclude:BOP_SolidSolid.jxx /dn43/OCCT/tmp/results_31.05.2011/occt/release-sources-20110531/drv/BOP/BOP_SolidSolid.jxx
+M BOP:privinclude:BOP_SolidSolid.ixx /dn43/OCCT/tmp/results_31.05.2011/occt/release-sources-20110531/drv/BOP/BOP_SolidSolid.ixx
+M BOP:pubinclude:BOP_ShellShell.hxx /dn43/OCCT/tmp/results_31.05.2011/occt/release-sources-20110531/inc/BOP_ShellShell.hxx
+M BOP:privinclude:BOP_ShellShell.jxx /dn43/OCCT/tmp/results_31.05.2011/occt/release-sources-20110531/drv/BOP/BOP_ShellShell.jxx
+M BOP:privinclude:BOP_ShellShell.ixx /dn43/OCCT/tmp/results_31.05.2011/occt/release-sources-20110531/drv/BOP/BOP_ShellShell.ixx
+M BOP:pubinclude:BOP_ShellSolid.hxx /dn43/OCCT/tmp/results_31.05.2011/occt/release-sources-20110531/inc/BOP_ShellSolid.hxx
+M BOP:privinclude:BOP_ShellSolid.jxx /dn43/OCCT/tmp/results_31.05.2011/occt/release-sources-20110531/drv/BOP/BOP_ShellSolid.jxx
+M BOP:privinclude:BOP_ShellSolid.ixx /dn43/OCCT/tmp/results_31.05.2011/occt/release-sources-20110531/drv/BOP/BOP_ShellSolid.ixx
+M BOP:pubinclude:BOP_EmptyBuilder.hxx /dn43/OCCT/tmp/results_31.05.2011/occt/release-sources-20110531/inc/BOP_EmptyBuilder.hxx
+M BOP:privinclude:BOP_EmptyBuilder.jxx /dn43/OCCT/tmp/results_31.05.2011/occt/release-sources-20110531/drv/BOP/BOP_EmptyBuilder.jxx
+M BOP:privinclude:BOP_EmptyBuilder.ixx /dn43/OCCT/tmp/results_31.05.2011/occt/release-sources-20110531/drv/BOP/BOP_EmptyBuilder.ixx
+M BOP:pubinclude:Handle_BOP_HistoryCollector.hxx /dn43/OCCT/tmp/results_31.05.2011/occt/release-sources-20110531/inc/Handle_BOP_HistoryCollector.hxx
+M BOP:pubinclude:BOP_HistoryCollector.hxx /dn43/OCCT/tmp/results_31.05.2011/occt/release-sources-20110531/inc/BOP_HistoryCollector.hxx
+M BOP:privinclude:BOP_HistoryCollector.jxx /dn43/OCCT/tmp/results_31.05.2011/occt/release-sources-20110531/drv/BOP/BOP_HistoryCollector.jxx
+M BOP:privinclude:BOP_HistoryCollector.ixx /dn43/OCCT/tmp/results_31.05.2011/occt/release-sources-20110531/drv/BOP/BOP_HistoryCollector.ixx
+M BOP:pubinclude:Handle_BOP_SolidSolidHistoryCollector.hxx /dn43/OCCT/tmp/results_31.05.2011/occt/release-sources-20110531/inc/Handle_BOP_SolidSolidHistoryCollector.hxx
+M BOP:pubinclude:BOP_SolidSolidHistoryCollector.hxx /dn43/OCCT/tmp/results_31.05.2011/occt/release-sources-20110531/inc/BOP_SolidSolidHistoryCollector.hxx
+M BOP:privinclude:BOP_SolidSolidHistoryCollector.jxx /dn43/OCCT/tmp/results_31.05.2011/occt/release-sources-20110531/drv/BOP/BOP_SolidSolidHistoryCollector.jxx
+M BOP:privinclude:BOP_SolidSolidHistoryCollector.ixx /dn43/OCCT/tmp/results_31.05.2011/occt/release-sources-20110531/drv/BOP/BOP_SolidSolidHistoryCollector.ixx
+M BOP:pubinclude:Handle_BOP_ShellSolidHistoryCollector.hxx /dn43/OCCT/tmp/results_31.05.2011/occt/release-sources-20110531/inc/Handle_BOP_ShellSolidHistoryCollector.hxx
+M BOP:pubinclude:BOP_ShellSolidHistoryCollector.hxx /dn43/OCCT/tmp/results_31.05.2011/occt/release-sources-20110531/inc/BOP_ShellSolidHistoryCollector.hxx
+M BOP:privinclude:BOP_ShellSolidHistoryCollector.jxx /dn43/OCCT/tmp/results_31.05.2011/occt/release-sources-20110531/drv/BOP/BOP_ShellSolidHistoryCollector.jxx
+M BOP:privinclude:BOP_ShellSolidHistoryCollector.ixx /dn43/OCCT/tmp/results_31.05.2011/occt/release-sources-20110531/drv/BOP/BOP_ShellSolidHistoryCollector.ixx
+M BOP:pubinclude:Handle_BOP_WireSolidHistoryCollector.hxx /dn43/OCCT/tmp/results_31.05.2011/occt/release-sources-20110531/inc/Handle_BOP_WireSolidHistoryCollector.hxx
+M BOP:pubinclude:BOP_WireSolidHistoryCollector.hxx /dn43/OCCT/tmp/results_31.05.2011/occt/release-sources-20110531/inc/BOP_WireSolidHistoryCollector.hxx
+M BOP:privinclude:BOP_WireSolidHistoryCollector.jxx /dn43/OCCT/tmp/results_31.05.2011/occt/release-sources-20110531/drv/BOP/BOP_WireSolidHistoryCollector.jxx
+M BOP:privinclude:BOP_WireSolidHistoryCollector.ixx /dn43/OCCT/tmp/results_31.05.2011/occt/release-sources-20110531/drv/BOP/BOP_WireSolidHistoryCollector.ixx
+M BOP:pubinclude:Handle_BOP_SectionHistoryCollector.hxx /dn43/OCCT/tmp/results_31.05.2011/occt/release-sources-20110531/inc/Handle_BOP_SectionHistoryCollector.hxx
+M BOP:pubinclude:BOP_SectionHistoryCollector.hxx /dn43/OCCT/tmp/results_31.05.2011/occt/release-sources-20110531/inc/BOP_SectionHistoryCollector.hxx
+M BOP:privinclude:BOP_SectionHistoryCollector.jxx /dn43/OCCT/tmp/results_31.05.2011/occt/release-sources-20110531/drv/BOP/BOP_SectionHistoryCollector.jxx
+M BOP:privinclude:BOP_SectionHistoryCollector.ixx /dn43/OCCT/tmp/results_31.05.2011/occt/release-sources-20110531/drv/BOP/BOP_SectionHistoryCollector.ixx
+M BOP:pubinclude:BOP_BuilderTools.hxx /dn43/OCCT/tmp/results_31.05.2011/occt/release-sources-20110531/inc/BOP_BuilderTools.hxx
+M BOP:privinclude:BOP_BuilderTools.jxx /dn43/OCCT/tmp/results_31.05.2011/occt/release-sources-20110531/drv/BOP/BOP_BuilderTools.jxx
+M BOP:privinclude:BOP_BuilderTools.ixx /dn43/OCCT/tmp/results_31.05.2011/occt/release-sources-20110531/drv/BOP/BOP_BuilderTools.ixx
+M BOP:pubinclude:BOP_Section.hxx /dn43/OCCT/tmp/results_31.05.2011/occt/release-sources-20110531/inc/BOP_Section.hxx
+M BOP:privinclude:BOP_Section.jxx /dn43/OCCT/tmp/results_31.05.2011/occt/release-sources-20110531/drv/BOP/BOP_Section.jxx
+M BOP:privinclude:BOP_Section.ixx /dn43/OCCT/tmp/results_31.05.2011/occt/release-sources-20110531/drv/BOP/BOP_Section.ixx
+M BOP:pubinclude:BOP_Refiner.hxx /dn43/OCCT/tmp/results_31.05.2011/occt/release-sources-20110531/inc/BOP_Refiner.hxx
+M BOP:privinclude:BOP_Refiner.jxx /dn43/OCCT/tmp/results_31.05.2011/occt/release-sources-20110531/drv/BOP/BOP_Refiner.jxx
+M BOP:privinclude:BOP_Refiner.ixx /dn43/OCCT/tmp/results_31.05.2011/occt/release-sources-20110531/drv/BOP/BOP_Refiner.ixx
+M BOP:pubinclude:BOP_ShapeSet.hxx /dn43/OCCT/tmp/results_31.05.2011/occt/release-sources-20110531/inc/BOP_ShapeSet.hxx
+M BOP:privinclude:BOP_ShapeSet.jxx /dn43/OCCT/tmp/results_31.05.2011/occt/release-sources-20110531/drv/BOP/BOP_ShapeSet.jxx
+M BOP:privinclude:BOP_ShapeSet.ixx /dn43/OCCT/tmp/results_31.05.2011/occt/release-sources-20110531/drv/BOP/BOP_ShapeSet.ixx
+M BOP:pubinclude:BOP_WireEdgeSet.hxx /dn43/OCCT/tmp/results_31.05.2011/occt/release-sources-20110531/inc/BOP_WireEdgeSet.hxx
+M BOP:privinclude:BOP_WireEdgeSet.jxx /dn43/OCCT/tmp/results_31.05.2011/occt/release-sources-20110531/drv/BOP/BOP_WireEdgeSet.jxx
+M BOP:privinclude:BOP_WireEdgeSet.ixx /dn43/OCCT/tmp/results_31.05.2011/occt/release-sources-20110531/drv/BOP/BOP_WireEdgeSet.ixx
+M BOP:pubinclude:BOP_ShellFaceSet.hxx /dn43/OCCT/tmp/results_31.05.2011/occt/release-sources-20110531/inc/BOP_ShellFaceSet.hxx
+M BOP:privinclude:BOP_ShellFaceSet.jxx /dn43/OCCT/tmp/results_31.05.2011/occt/release-sources-20110531/drv/BOP/BOP_ShellFaceSet.jxx
+M BOP:privinclude:BOP_ShellFaceSet.ixx /dn43/OCCT/tmp/results_31.05.2011/occt/release-sources-20110531/drv/BOP/BOP_ShellFaceSet.ixx
+M BOP:pubinclude:BOP_BlockBuilder.hxx /dn43/OCCT/tmp/results_31.05.2011/occt/release-sources-20110531/inc/BOP_BlockBuilder.hxx
+M BOP:privinclude:BOP_BlockBuilder.jxx /dn43/OCCT/tmp/results_31.05.2011/occt/release-sources-20110531/drv/BOP/BOP_BlockBuilder.jxx
+M BOP:privinclude:BOP_BlockBuilder.ixx /dn43/OCCT/tmp/results_31.05.2011/occt/release-sources-20110531/drv/BOP/BOP_BlockBuilder.ixx
+M BOP:pubinclude:BOP_BlockIterator.hxx /dn43/OCCT/tmp/results_31.05.2011/occt/release-sources-20110531/inc/BOP_BlockIterator.hxx
+M BOP:privinclude:BOP_BlockIterator.jxx /dn43/OCCT/tmp/results_31.05.2011/occt/release-sources-20110531/drv/BOP/BOP_BlockIterator.jxx
+M BOP:privinclude:BOP_BlockIterator.ixx /dn43/OCCT/tmp/results_31.05.2011/occt/release-sources-20110531/drv/BOP/BOP_BlockIterator.ixx
+M BOP:pubinclude:Handle_BOP_Loop.hxx /dn43/OCCT/tmp/results_31.05.2011/occt/release-sources-20110531/inc/Handle_BOP_Loop.hxx
+M BOP:pubinclude:BOP_Loop.hxx /dn43/OCCT/tmp/results_31.05.2011/occt/release-sources-20110531/inc/BOP_Loop.hxx
+M BOP:privinclude:BOP_Loop.jxx /dn43/OCCT/tmp/results_31.05.2011/occt/release-sources-20110531/drv/BOP/BOP_Loop.jxx
+M BOP:privinclude:BOP_Loop.ixx /dn43/OCCT/tmp/results_31.05.2011/occt/release-sources-20110531/drv/BOP/BOP_Loop.ixx
+M BOP:pubinclude:BOP_LoopSet.hxx /dn43/OCCT/tmp/results_31.05.2011/occt/release-sources-20110531/inc/BOP_LoopSet.hxx
+M BOP:privinclude:BOP_LoopSet.jxx /dn43/OCCT/tmp/results_31.05.2011/occt/release-sources-20110531/drv/BOP/BOP_LoopSet.jxx
+M BOP:privinclude:BOP_LoopSet.ixx /dn43/OCCT/tmp/results_31.05.2011/occt/release-sources-20110531/drv/BOP/BOP_LoopSet.ixx
+M BOP:pubinclude:BOP_LoopClassifier.hxx /dn43/OCCT/tmp/results_31.05.2011/occt/release-sources-20110531/inc/BOP_LoopClassifier.hxx
+M BOP:privinclude:BOP_LoopClassifier.jxx /dn43/OCCT/tmp/results_31.05.2011/occt/release-sources-20110531/drv/BOP/BOP_LoopClassifier.jxx
+M BOP:privinclude:BOP_LoopClassifier.ixx /dn43/OCCT/tmp/results_31.05.2011/occt/release-sources-20110531/drv/BOP/BOP_LoopClassifier.ixx
+M BOP:pubinclude:BOP_CompositeClassifier.hxx /dn43/OCCT/tmp/results_31.05.2011/occt/release-sources-20110531/inc/BOP_CompositeClassifier.hxx
+M BOP:privinclude:BOP_CompositeClassifier.jxx /dn43/OCCT/tmp/results_31.05.2011/occt/release-sources-20110531/drv/BOP/BOP_CompositeClassifier.jxx
+M BOP:privinclude:BOP_CompositeClassifier.ixx /dn43/OCCT/tmp/results_31.05.2011/occt/release-sources-20110531/drv/BOP/BOP_CompositeClassifier.ixx
+M BOP:pubinclude:BOP_WireEdgeClassifier.hxx /dn43/OCCT/tmp/results_31.05.2011/occt/release-sources-20110531/inc/BOP_WireEdgeClassifier.hxx
+M BOP:privinclude:BOP_WireEdgeClassifier.jxx /dn43/OCCT/tmp/results_31.05.2011/occt/release-sources-20110531/drv/BOP/BOP_WireEdgeClassifier.jxx
+M BOP:privinclude:BOP_WireEdgeClassifier.ixx /dn43/OCCT/tmp/results_31.05.2011/occt/release-sources-20110531/drv/BOP/BOP_WireEdgeClassifier.ixx
+M BOP:pubinclude:BOP_ShellFaceClassifier.hxx /dn43/OCCT/tmp/results_31.05.2011/occt/release-sources-20110531/inc/BOP_ShellFaceClassifier.hxx
+M BOP:privinclude:BOP_ShellFaceClassifier.jxx /dn43/OCCT/tmp/results_31.05.2011/occt/release-sources-20110531/drv/BOP/BOP_ShellFaceClassifier.jxx
+M BOP:privinclude:BOP_ShellFaceClassifier.ixx /dn43/OCCT/tmp/results_31.05.2011/occt/release-sources-20110531/drv/BOP/BOP_ShellFaceClassifier.ixx
+M BOP:pubinclude:BOP_AreaBuilder.hxx /dn43/OCCT/tmp/results_31.05.2011/occt/release-sources-20110531/inc/BOP_AreaBuilder.hxx
+M BOP:privinclude:BOP_AreaBuilder.jxx /dn43/OCCT/tmp/results_31.05.2011/occt/release-sources-20110531/drv/BOP/BOP_AreaBuilder.jxx
+M BOP:privinclude:BOP_AreaBuilder.ixx /dn43/OCCT/tmp/results_31.05.2011/occt/release-sources-20110531/drv/BOP/BOP_AreaBuilder.ixx
+M BOP:pubinclude:BOP_Area2dBuilder.hxx /dn43/OCCT/tmp/results_31.05.2011/occt/release-sources-20110531/inc/BOP_Area2dBuilder.hxx
+M BOP:privinclude:BOP_Area2dBuilder.jxx /dn43/OCCT/tmp/results_31.05.2011/occt/release-sources-20110531/drv/BOP/BOP_Area2dBuilder.jxx
+M BOP:privinclude:BOP_Area2dBuilder.ixx /dn43/OCCT/tmp/results_31.05.2011/occt/release-sources-20110531/drv/BOP/BOP_Area2dBuilder.ixx
+M BOP:pubinclude:BOP_FaceAreaBuilder.hxx /dn43/OCCT/tmp/results_31.05.2011/occt/release-sources-20110531/inc/BOP_FaceAreaBuilder.hxx
+M BOP:privinclude:BOP_FaceAreaBuilder.jxx /dn43/OCCT/tmp/results_31.05.2011/occt/release-sources-20110531/drv/BOP/BOP_FaceAreaBuilder.jxx
+M BOP:privinclude:BOP_FaceAreaBuilder.ixx /dn43/OCCT/tmp/results_31.05.2011/occt/release-sources-20110531/drv/BOP/BOP_FaceAreaBuilder.ixx
+M BOP:pubinclude:BOP_FaceBuilder.hxx /dn43/OCCT/tmp/results_31.05.2011/occt/release-sources-20110531/inc/BOP_FaceBuilder.hxx
+M BOP:privinclude:BOP_FaceBuilder.jxx /dn43/OCCT/tmp/results_31.05.2011/occt/release-sources-20110531/drv/BOP/BOP_FaceBuilder.jxx
+M BOP:privinclude:BOP_FaceBuilder.ixx /dn43/OCCT/tmp/results_31.05.2011/occt/release-sources-20110531/drv/BOP/BOP_FaceBuilder.ixx
+M BOP:pubinclude:BOP_Area3dBuilder.hxx /dn43/OCCT/tmp/results_31.05.2011/occt/release-sources-20110531/inc/BOP_Area3dBuilder.hxx
+M BOP:privinclude:BOP_Area3dBuilder.jxx /dn43/OCCT/tmp/results_31.05.2011/occt/release-sources-20110531/drv/BOP/BOP_Area3dBuilder.jxx
+M BOP:privinclude:BOP_Area3dBuilder.ixx /dn43/OCCT/tmp/results_31.05.2011/occt/release-sources-20110531/drv/BOP/BOP_Area3dBuilder.ixx
+M BOP:pubinclude:BOP_SolidAreaBuilder.hxx /dn43/OCCT/tmp/results_31.05.2011/occt/release-sources-20110531/inc/BOP_SolidAreaBuilder.hxx
+M BOP:privinclude:BOP_SolidAreaBuilder.jxx /dn43/OCCT/tmp/results_31.05.2011/occt/release-sources-20110531/drv/BOP/BOP_SolidAreaBuilder.jxx
+M BOP:privinclude:BOP_SolidAreaBuilder.ixx /dn43/OCCT/tmp/results_31.05.2011/occt/release-sources-20110531/drv/BOP/BOP_SolidAreaBuilder.ixx
+M BOP:pubinclude:BOP_SolidBuilder.hxx /dn43/OCCT/tmp/results_31.05.2011/occt/release-sources-20110531/inc/BOP_SolidBuilder.hxx
+M BOP:privinclude:BOP_SolidBuilder.jxx /dn43/OCCT/tmp/results_31.05.2011/occt/release-sources-20110531/drv/BOP/BOP_SolidBuilder.jxx
+M BOP:privinclude:BOP_SolidBuilder.ixx /dn43/OCCT/tmp/results_31.05.2011/occt/release-sources-20110531/drv/BOP/BOP_SolidBuilder.ixx
+M BOP:pubinclude:BOP_EdgeInfo.hxx /dn43/OCCT/tmp/results_31.05.2011/occt/release-sources-20110531/inc/BOP_EdgeInfo.hxx
+M BOP:privinclude:BOP_EdgeInfo.jxx /dn43/OCCT/tmp/results_31.05.2011/occt/release-sources-20110531/drv/BOP/BOP_EdgeInfo.jxx
+M BOP:privinclude:BOP_EdgeInfo.ixx /dn43/OCCT/tmp/results_31.05.2011/occt/release-sources-20110531/drv/BOP/BOP_EdgeInfo.ixx
+M BOP:pubinclude:BOP_FaceInfo.hxx /dn43/OCCT/tmp/results_31.05.2011/occt/release-sources-20110531/inc/BOP_FaceInfo.hxx
+M BOP:privinclude:BOP_FaceInfo.jxx /dn43/OCCT/tmp/results_31.05.2011/occt/release-sources-20110531/drv/BOP/BOP_FaceInfo.jxx
+M BOP:privinclude:BOP_FaceInfo.ixx /dn43/OCCT/tmp/results_31.05.2011/occt/release-sources-20110531/drv/BOP/BOP_FaceInfo.ixx
+M BOP:pubinclude:BOP_WireSplitter.hxx /dn43/OCCT/tmp/results_31.05.2011/occt/release-sources-20110531/inc/BOP_WireSplitter.hxx
+M BOP:privinclude:BOP_WireSplitter.jxx /dn43/OCCT/tmp/results_31.05.2011/occt/release-sources-20110531/drv/BOP/BOP_WireSplitter.jxx
+M BOP:privinclude:BOP_WireSplitter.ixx /dn43/OCCT/tmp/results_31.05.2011/occt/release-sources-20110531/drv/BOP/BOP_WireSplitter.ixx
+M BOP:pubinclude:BOP_ShellSplitter.hxx /dn43/OCCT/tmp/results_31.05.2011/occt/release-sources-20110531/inc/BOP_ShellSplitter.hxx
+M BOP:privinclude:BOP_ShellSplitter.jxx /dn43/OCCT/tmp/results_31.05.2011/occt/release-sources-20110531/drv/BOP/BOP_ShellSplitter.jxx
+M BOP:privinclude:BOP_ShellSplitter.ixx /dn43/OCCT/tmp/results_31.05.2011/occt/release-sources-20110531/drv/BOP/BOP_ShellSplitter.ixx
+M BOP:pubinclude:BOP_ConnexityBlock.hxx /dn43/OCCT/tmp/results_31.05.2011/occt/release-sources-20110531/inc/BOP_ConnexityBlock.hxx
+M BOP:privinclude:BOP_ConnexityBlock.jxx /dn43/OCCT/tmp/results_31.05.2011/occt/release-sources-20110531/drv/BOP/BOP_ConnexityBlock.jxx
+M BOP:privinclude:BOP_ConnexityBlock.ixx /dn43/OCCT/tmp/results_31.05.2011/occt/release-sources-20110531/drv/BOP/BOP_ConnexityBlock.ixx
+M BOP:pubinclude:BOP_WESCorrector.hxx /dn43/OCCT/tmp/results_31.05.2011/occt/release-sources-20110531/inc/BOP_WESCorrector.hxx
+M BOP:privinclude:BOP_WESCorrector.jxx /dn43/OCCT/tmp/results_31.05.2011/occt/release-sources-20110531/drv/BOP/BOP_WESCorrector.jxx
+M BOP:privinclude:BOP_WESCorrector.ixx /dn43/OCCT/tmp/results_31.05.2011/occt/release-sources-20110531/drv/BOP/BOP_WESCorrector.ixx
+M BOP:pubinclude:BOP_SFSCorrector.hxx /dn43/OCCT/tmp/results_31.05.2011/occt/release-sources-20110531/inc/BOP_SFSCorrector.hxx
+M BOP:privinclude:BOP_SFSCorrector.jxx /dn43/OCCT/tmp/results_31.05.2011/occt/release-sources-20110531/drv/BOP/BOP_SFSCorrector.jxx
+M BOP:privinclude:BOP_SFSCorrector.ixx /dn43/OCCT/tmp/results_31.05.2011/occt/release-sources-20110531/drv/BOP/BOP_SFSCorrector.ixx
+M BOP:pubinclude:BOP_CorrectTolerances.hxx /dn43/OCCT/tmp/results_31.05.2011/occt/release-sources-20110531/inc/BOP_CorrectTolerances.hxx
+M BOP:privinclude:BOP_CorrectTolerances.jxx /dn43/OCCT/tmp/results_31.05.2011/occt/release-sources-20110531/drv/BOP/BOP_CorrectTolerances.jxx
+M BOP:privinclude:BOP_CorrectTolerances.ixx /dn43/OCCT/tmp/results_31.05.2011/occt/release-sources-20110531/drv/BOP/BOP_CorrectTolerances.ixx
+M BOP:pubinclude:BOP_Draw.hxx /dn43/OCCT/tmp/results_31.05.2011/occt/release-sources-20110531/inc/BOP_Draw.hxx
+M BOP:privinclude:BOP_Draw.jxx /dn43/OCCT/tmp/results_31.05.2011/occt/release-sources-20110531/drv/BOP/BOP_Draw.jxx
+M BOP:privinclude:BOP_Draw.ixx /dn43/OCCT/tmp/results_31.05.2011/occt/release-sources-20110531/drv/BOP/BOP_Draw.ixx
+M BOP:pubinclude:BOP_SDFWESFiller.hxx /dn43/OCCT/tmp/results_31.05.2011/occt/release-sources-20110531/inc/BOP_SDFWESFiller.hxx
+M BOP:privinclude:BOP_SDFWESFiller.jxx /dn43/OCCT/tmp/results_31.05.2011/occt/release-sources-20110531/drv/BOP/BOP_SDFWESFiller.jxx
+M BOP:privinclude:BOP_SDFWESFiller.ixx /dn43/OCCT/tmp/results_31.05.2011/occt/release-sources-20110531/drv/BOP/BOP_SDFWESFiller.ixx
+M BOP:pubinclude:BOP_CheckResult.hxx /dn43/OCCT/tmp/results_31.05.2011/occt/release-sources-20110531/inc/BOP_CheckResult.hxx
+M BOP:privinclude:BOP_CheckResult.jxx /dn43/OCCT/tmp/results_31.05.2011/occt/release-sources-20110531/drv/BOP/BOP_CheckResult.jxx
+M BOP:privinclude:BOP_CheckResult.ixx /dn43/OCCT/tmp/results_31.05.2011/occt/release-sources-20110531/drv/BOP/BOP_CheckResult.ixx
+M BOP:pubinclude:BOP_ArgumentAnalyzer.hxx /dn43/OCCT/tmp/results_31.05.2011/occt/release-sources-20110531/inc/BOP_ArgumentAnalyzer.hxx
+M BOP:privinclude:BOP_ArgumentAnalyzer.jxx /dn43/OCCT/tmp/results_31.05.2011/occt/release-sources-20110531/drv/BOP/BOP_ArgumentAnalyzer.jxx
+M BOP:privinclude:BOP_ArgumentAnalyzer.ixx /dn43/OCCT/tmp/results_31.05.2011/occt/release-sources-20110531/drv/BOP/BOP_ArgumentAnalyzer.ixx
+M BOP:pubinclude:BOP_ListOfConnexityBlock.hxx /dn43/OCCT/tmp/results_31.05.2011/occt/release-sources-20110531/inc/BOP_ListOfConnexityBlock.hxx
+M BOP:derivated:BOP_ListOfConnexityBlock_0.cxx /dn43/OCCT/tmp/results_31.05.2011/occt/release-sources-20110531/drv/BOP/BOP_ListOfConnexityBlock_0.cxx
+M BOP:pubinclude:BOP_ListOfLoop.hxx /dn43/OCCT/tmp/results_31.05.2011/occt/release-sources-20110531/inc/BOP_ListOfLoop.hxx
+M BOP:derivated:BOP_ListOfLoop_0.cxx /dn43/OCCT/tmp/results_31.05.2011/occt/release-sources-20110531/drv/BOP/BOP_ListOfLoop_0.cxx
+M BOP:pubinclude:BOP_ListOfListOfLoop.hxx /dn43/OCCT/tmp/results_31.05.2011/occt/release-sources-20110531/inc/BOP_ListOfListOfLoop.hxx
+M BOP:derivated:BOP_ListOfListOfLoop_0.cxx /dn43/OCCT/tmp/results_31.05.2011/occt/release-sources-20110531/drv/BOP/BOP_ListOfListOfLoop_0.cxx
+M BOP:pubinclude:BOP_ListOfEdgeInfo.hxx /dn43/OCCT/tmp/results_31.05.2011/occt/release-sources-20110531/inc/BOP_ListOfEdgeInfo.hxx
+M BOP:derivated:BOP_ListOfEdgeInfo_0.cxx /dn43/OCCT/tmp/results_31.05.2011/occt/release-sources-20110531/drv/BOP/BOP_ListOfEdgeInfo_0.cxx
+M BOP:pubinclude:BOP_IndexedDataMapOfVertexListEdgeInfo.hxx /dn43/OCCT/tmp/results_31.05.2011/occt/release-sources-20110531/inc/BOP_IndexedDataMapOfVertexListEdgeInfo.hxx
+M BOP:derivated:BOP_IndexedDataMapOfVertexListEdgeInfo_0.cxx /dn43/OCCT/tmp/results_31.05.2011/occt/release-sources-20110531/drv/BOP/BOP_IndexedDataMapOfVertexListEdgeInfo_0.cxx
+M BOP:pubinclude:BOP_ListOfFaceInfo.hxx /dn43/OCCT/tmp/results_31.05.2011/occt/release-sources-20110531/inc/BOP_ListOfFaceInfo.hxx
+M BOP:derivated:BOP_ListOfFaceInfo_0.cxx /dn43/OCCT/tmp/results_31.05.2011/occt/release-sources-20110531/drv/BOP/BOP_ListOfFaceInfo_0.cxx
+M BOP:pubinclude:BOP_IndexedDataMapOfEdgeListFaceInfo.hxx /dn43/OCCT/tmp/results_31.05.2011/occt/release-sources-20110531/inc/BOP_IndexedDataMapOfEdgeListFaceInfo.hxx
+M BOP:derivated:BOP_IndexedDataMapOfEdgeListFaceInfo_0.cxx /dn43/OCCT/tmp/results_31.05.2011/occt/release-sources-20110531/drv/BOP/BOP_IndexedDataMapOfEdgeListFaceInfo_0.cxx
+M BOP:pubinclude:BOP_SeqOfSeqOfShape.hxx /dn43/OCCT/tmp/results_31.05.2011/occt/release-sources-20110531/inc/BOP_SeqOfSeqOfShape.hxx
+M BOP:derivated:BOP_SeqOfSeqOfShape_0.cxx /dn43/OCCT/tmp/results_31.05.2011/occt/release-sources-20110531/drv/BOP/BOP_SeqOfSeqOfShape_0.cxx
+M BOP:pubinclude:BOP_SolidClassifier.hxx /dn43/OCCT/tmp/results_31.05.2011/occt/release-sources-20110531/inc/BOP_SolidClassifier.hxx
+M BOP:privinclude:BOP_SolidClassifier.jxx /dn43/OCCT/tmp/results_31.05.2011/occt/release-sources-20110531/drv/BOP/BOP_SolidClassifier.jxx
+M BOP:privinclude:BOP_SolidClassifier.ixx /dn43/OCCT/tmp/results_31.05.2011/occt/release-sources-20110531/drv/BOP/BOP_SolidClassifier.ixx
+M BOP:pubinclude:BOP_IndexedDataMapOfSolidClassifier.hxx /dn43/OCCT/tmp/results_31.05.2011/occt/release-sources-20110531/inc/BOP_IndexedDataMapOfSolidClassifier.hxx
+M BOP:derivated:BOP_IndexedDataMapOfSolidClassifier_0.cxx /dn43/OCCT/tmp/results_31.05.2011/occt/release-sources-20110531/drv/BOP/BOP_IndexedDataMapOfSolidClassifier_0.cxx
+M BOP:pubinclude:BOP_ListOfCheckResult.hxx /dn43/OCCT/tmp/results_31.05.2011/occt/release-sources-20110531/inc/BOP_ListOfCheckResult.hxx
+M BOP:derivated:BOP_ListOfCheckResult_0.cxx /dn43/OCCT/tmp/results_31.05.2011/occt/release-sources-20110531/drv/BOP/BOP_ListOfCheckResult_0.cxx
+M BOP:pubinclude:Handle_BOP_ListNodeOfListOfConnexityBlock.hxx /dn43/OCCT/tmp/results_31.05.2011/occt/release-sources-20110531/inc/Handle_BOP_ListNodeOfListOfConnexityBlock.hxx
+M BOP:pubinclude:BOP_ListNodeOfListOfConnexityBlock.hxx /dn43/OCCT/tmp/results_31.05.2011/occt/release-sources-20110531/inc/BOP_ListNodeOfListOfConnexityBlock.hxx
+M BOP:derivated:BOP_ListNodeOfListOfConnexityBlock_0.cxx /dn43/OCCT/tmp/results_31.05.2011/occt/release-sources-20110531/drv/BOP/BOP_ListNodeOfListOfConnexityBlock_0.cxx
+M BOP:pubinclude:BOP_ListIteratorOfListOfConnexityBlock.hxx /dn43/OCCT/tmp/results_31.05.2011/occt/release-sources-20110531/inc/BOP_ListIteratorOfListOfConnexityBlock.hxx
+M BOP:derivated:BOP_ListIteratorOfListOfConnexityBlock_0.cxx /dn43/OCCT/tmp/results_31.05.2011/occt/release-sources-20110531/drv/BOP/BOP_ListIteratorOfListOfConnexityBlock_0.cxx
+M BOP:pubinclude:Handle_BOP_ListNodeOfListOfLoop.hxx /dn43/OCCT/tmp/results_31.05.2011/occt/release-sources-20110531/inc/Handle_BOP_ListNodeOfListOfLoop.hxx
+M BOP:pubinclude:BOP_ListNodeOfListOfLoop.hxx /dn43/OCCT/tmp/results_31.05.2011/occt/release-sources-20110531/inc/BOP_ListNodeOfListOfLoop.hxx
+M BOP:derivated:BOP_ListNodeOfListOfLoop_0.cxx /dn43/OCCT/tmp/results_31.05.2011/occt/release-sources-20110531/drv/BOP/BOP_ListNodeOfListOfLoop_0.cxx
+M BOP:pubinclude:BOP_ListIteratorOfListOfLoop.hxx /dn43/OCCT/tmp/results_31.05.2011/occt/release-sources-20110531/inc/BOP_ListIteratorOfListOfLoop.hxx
+M BOP:derivated:BOP_ListIteratorOfListOfLoop_0.cxx /dn43/OCCT/tmp/results_31.05.2011/occt/release-sources-20110531/drv/BOP/BOP_ListIteratorOfListOfLoop_0.cxx
+M BOP:pubinclude:Handle_BOP_ListNodeOfListOfListOfLoop.hxx /dn43/OCCT/tmp/results_31.05.2011/occt/release-sources-20110531/inc/Handle_BOP_ListNodeOfListOfListOfLoop.hxx
+M BOP:pubinclude:BOP_ListNodeOfListOfListOfLoop.hxx /dn43/OCCT/tmp/results_31.05.2011/occt/release-sources-20110531/inc/BOP_ListNodeOfListOfListOfLoop.hxx
+M BOP:derivated:BOP_ListNodeOfListOfListOfLoop_0.cxx /dn43/OCCT/tmp/results_31.05.2011/occt/release-sources-20110531/drv/BOP/BOP_ListNodeOfListOfListOfLoop_0.cxx
+M BOP:pubinclude:BOP_ListIteratorOfListOfListOfLoop.hxx /dn43/OCCT/tmp/results_31.05.2011/occt/release-sources-20110531/inc/BOP_ListIteratorOfListOfListOfLoop.hxx
+M BOP:derivated:BOP_ListIteratorOfListOfListOfLoop_0.cxx /dn43/OCCT/tmp/results_31.05.2011/occt/release-sources-20110531/drv/BOP/BOP_ListIteratorOfListOfListOfLoop_0.cxx
+M BOP:pubinclude:Handle_BOP_ListNodeOfListOfEdgeInfo.hxx /dn43/OCCT/tmp/results_31.05.2011/occt/release-sources-20110531/inc/Handle_BOP_ListNodeOfListOfEdgeInfo.hxx
+M BOP:pubinclude:BOP_ListNodeOfListOfEdgeInfo.hxx /dn43/OCCT/tmp/results_31.05.2011/occt/release-sources-20110531/inc/BOP_ListNodeOfListOfEdgeInfo.hxx
+M BOP:derivated:BOP_ListNodeOfListOfEdgeInfo_0.cxx /dn43/OCCT/tmp/results_31.05.2011/occt/release-sources-20110531/drv/BOP/BOP_ListNodeOfListOfEdgeInfo_0.cxx
+M BOP:pubinclude:BOP_ListIteratorOfListOfEdgeInfo.hxx /dn43/OCCT/tmp/results_31.05.2011/occt/release-sources-20110531/inc/BOP_ListIteratorOfListOfEdgeInfo.hxx
+M BOP:derivated:BOP_ListIteratorOfListOfEdgeInfo_0.cxx /dn43/OCCT/tmp/results_31.05.2011/occt/release-sources-20110531/drv/BOP/BOP_ListIteratorOfListOfEdgeInfo_0.cxx
+M BOP:pubinclude:Handle_BOP_IndexedDataMapNodeOfIndexedDataMapOfVertexListEdgeInfo.hxx /dn43/OCCT/tmp/results_31.05.2011/occt/release-sources-20110531/inc/Handle_BOP_IndexedDataMapNodeOfIndexedDataMapOfVertexListEdgeInfo.hxx
+M BOP:pubinclude:BOP_IndexedDataMapNodeOfIndexedDataMapOfVertexListEdgeInfo.hxx /dn43/OCCT/tmp/results_31.05.2011/occt/release-sources-20110531/inc/BOP_IndexedDataMapNodeOfIndexedDataMapOfVertexListEdgeInfo.hxx
+M BOP:derivated:BOP_IndexedDataMapNodeOfIndexedDataMapOfVertexListEdgeInfo_0.cxx /dn43/OCCT/tmp/results_31.05.2011/occt/release-sources-20110531/drv/BOP/BOP_IndexedDataMapNodeOfIndexedDataMapOfVertexListEdgeInfo_0.cxx
+M BOP:pubinclude:Handle_BOP_ListNodeOfListOfFaceInfo.hxx /dn43/OCCT/tmp/results_31.05.2011/occt/release-sources-20110531/inc/Handle_BOP_ListNodeOfListOfFaceInfo.hxx
+M BOP:pubinclude:BOP_ListNodeOfListOfFaceInfo.hxx /dn43/OCCT/tmp/results_31.05.2011/occt/release-sources-20110531/inc/BOP_ListNodeOfListOfFaceInfo.hxx
+M BOP:derivated:BOP_ListNodeOfListOfFaceInfo_0.cxx /dn43/OCCT/tmp/results_31.05.2011/occt/release-sources-20110531/drv/BOP/BOP_ListNodeOfListOfFaceInfo_0.cxx
+M BOP:pubinclude:BOP_ListIteratorOfListOfFaceInfo.hxx /dn43/OCCT/tmp/results_31.05.2011/occt/release-sources-20110531/inc/BOP_ListIteratorOfListOfFaceInfo.hxx
+M BOP:derivated:BOP_ListIteratorOfListOfFaceInfo_0.cxx /dn43/OCCT/tmp/results_31.05.2011/occt/release-sources-20110531/drv/BOP/BOP_ListIteratorOfListOfFaceInfo_0.cxx
+M BOP:pubinclude:Handle_BOP_IndexedDataMapNodeOfIndexedDataMapOfEdgeListFaceInfo.hxx /dn43/OCCT/tmp/results_31.05.2011/occt/release-sources-20110531/inc/Handle_BOP_IndexedDataMapNodeOfIndexedDataMapOfEdgeListFaceInfo.hxx
+M BOP:pubinclude:BOP_IndexedDataMapNodeOfIndexedDataMapOfEdgeListFaceInfo.hxx /dn43/OCCT/tmp/results_31.05.2011/occt/release-sources-20110531/inc/BOP_IndexedDataMapNodeOfIndexedDataMapOfEdgeListFaceInfo.hxx
+M BOP:derivated:BOP_IndexedDataMapNodeOfIndexedDataMapOfEdgeListFaceInfo_0.cxx /dn43/OCCT/tmp/results_31.05.2011/occt/release-sources-20110531/drv/BOP/BOP_IndexedDataMapNodeOfIndexedDataMapOfEdgeListFaceInfo_0.cxx
+M BOP:pubinclude:Handle_BOP_SequenceNodeOfSeqOfSeqOfShape.hxx /dn43/OCCT/tmp/results_31.05.2011/occt/release-sources-20110531/inc/Handle_BOP_SequenceNodeOfSeqOfSeqOfShape.hxx
+M BOP:pubinclude:BOP_SequenceNodeOfSeqOfSeqOfShape.hxx /dn43/OCCT/tmp/results_31.05.2011/occt/release-sources-20110531/inc/BOP_SequenceNodeOfSeqOfSeqOfShape.hxx
+M BOP:derivated:BOP_SequenceNodeOfSeqOfSeqOfShape_0.cxx /dn43/OCCT/tmp/results_31.05.2011/occt/release-sources-20110531/drv/BOP/BOP_SequenceNodeOfSeqOfSeqOfShape_0.cxx
+M BOP:pubinclude:Handle_BOP_IndexedDataMapNodeOfIndexedDataMapOfSolidClassifier.hxx /dn43/OCCT/tmp/results_31.05.2011/occt/release-sources-20110531/inc/Handle_BOP_IndexedDataMapNodeOfIndexedDataMapOfSolidClassifier.hxx
+M BOP:pubinclude:BOP_IndexedDataMapNodeOfIndexedDataMapOfSolidClassifier.hxx /dn43/OCCT/tmp/results_31.05.2011/occt/release-sources-20110531/inc/BOP_IndexedDataMapNodeOfIndexedDataMapOfSolidClassifier.hxx
+M BOP:derivated:BOP_IndexedDataMapNodeOfIndexedDataMapOfSolidClassifier_0.cxx /dn43/OCCT/tmp/results_31.05.2011/occt/release-sources-20110531/drv/BOP/BOP_IndexedDataMapNodeOfIndexedDataMapOfSolidClassifier_0.cxx
+M BOP:pubinclude:Handle_BOP_ListNodeOfListOfCheckResult.hxx /dn43/OCCT/tmp/results_31.05.2011/occt/release-sources-20110531/inc/Handle_BOP_ListNodeOfListOfCheckResult.hxx
+M BOP:pubinclude:BOP_ListNodeOfListOfCheckResult.hxx /dn43/OCCT/tmp/results_31.05.2011/occt/release-sources-20110531/inc/BOP_ListNodeOfListOfCheckResult.hxx
+M BOP:derivated:BOP_ListNodeOfListOfCheckResult_0.cxx /dn43/OCCT/tmp/results_31.05.2011/occt/release-sources-20110531/drv/BOP/BOP_ListNodeOfListOfCheckResult_0.cxx
+M BOP:pubinclude:BOP_ListIteratorOfListOfCheckResult.hxx /dn43/OCCT/tmp/results_31.05.2011/occt/release-sources-20110531/inc/BOP_ListIteratorOfListOfCheckResult.hxx
+M BOP:derivated:BOP_ListIteratorOfListOfCheckResult_0.cxx /dn43/OCCT/tmp/results_31.05.2011/occt/release-sources-20110531/drv/BOP/BOP_ListIteratorOfListOfCheckResult_0.cxx
+M BOP:pubinclude:BOP_Operation.hxx /dn43/OCCT/tmp/results_31.05.2011/occt/release-sources-20110531/inc/BOP_Operation.hxx
+M BOP:pubinclude:BOP_LoopEnum.hxx /dn43/OCCT/tmp/results_31.05.2011/occt/release-sources-20110531/inc/BOP_LoopEnum.hxx
+M BOP:pubinclude:BOP_CheckStatus.hxx /dn43/OCCT/tmp/results_31.05.2011/occt/release-sources-20110531/inc/BOP_CheckStatus.hxx
+M BOP:pubinclude:BOP_PWireEdgeSet.hxx /dn43/OCCT/tmp/results_31.05.2011/occt/release-sources-20110531/inc/BOP_PWireEdgeSet.hxx
+M BOP:pubinclude:BOP_PShellFaceSet.hxx /dn43/OCCT/tmp/results_31.05.2011/occt/release-sources-20110531/inc/BOP_PShellFaceSet.hxx
+M BOP:pubinclude:BOP_PBuilder.hxx /dn43/OCCT/tmp/results_31.05.2011/occt/release-sources-20110531/inc/BOP_PBuilder.hxx
+M BOP:pubinclude:BOP_PSoClassif.hxx /dn43/OCCT/tmp/results_31.05.2011/occt/release-sources-20110531/inc/BOP_PSoClassif.hxx
+M BOP:dbadmfile:BOP_xcpp_header.In /dn43/OCCT/tmp/results_31.05.2011/occt/release-sources-20110531/drv/BOP/.adm/BOP_xcpp_header.In
+M BOP:dbadmfile:BOP_xcpp_header.Out /dn43/OCCT/tmp/results_31.05.2011/occt/release-sources-20110531/drv/BOP/.adm/BOP_xcpp_header.Out
+M BOP:dbadmfile:BOP_xcpp_header.Dep /dn43/OCCT/tmp/results_31.05.2011/occt/release-sources-20110531/drv/BOP/.adm/BOP_xcpp_header.Dep
