+M IFGraph:pubinclude:IFGraph_AllShared.hxx /dn43/OCCT/tmp/results_28.02.2011/occt/release-sources-20110228/inc/IFGraph_AllShared.hxx
+M IFGraph:privinclude:IFGraph_AllShared.jxx /dn43/OCCT/tmp/results_28.02.2011/occt/release-sources-20110228/drv/IFGraph/IFGraph_AllShared.jxx
+M IFGraph:privinclude:IFGraph_AllShared.ixx /dn43/OCCT/tmp/results_28.02.2011/occt/release-sources-20110228/drv/IFGraph/IFGraph_AllShared.ixx
+M IFGraph:pubinclude:IFGraph_AllConnected.hxx /dn43/OCCT/tmp/results_28.02.2011/occt/release-sources-20110228/inc/IFGraph_AllConnected.hxx
+M IFGraph:privinclude:IFGraph_AllConnected.jxx /dn43/OCCT/tmp/results_28.02.2011/occt/release-sources-20110228/drv/IFGraph/IFGraph_AllConnected.jxx
+M IFGraph:privinclude:IFGraph_AllConnected.ixx /dn43/OCCT/tmp/results_28.02.2011/occt/release-sources-20110228/drv/IFGraph/IFGraph_AllConnected.ixx
+M IFGraph:pubinclude:IFGraph_Cumulate.hxx /dn43/OCCT/tmp/results_28.02.2011/occt/release-sources-20110228/inc/IFGraph_Cumulate.hxx
+M IFGraph:privinclude:IFGraph_Cumulate.jxx /dn43/OCCT/tmp/results_28.02.2011/occt/release-sources-20110228/drv/IFGraph/IFGraph_Cumulate.jxx
+M IFGraph:privinclude:IFGraph_Cumulate.ixx /dn43/OCCT/tmp/results_28.02.2011/occt/release-sources-20110228/drv/IFGraph/IFGraph_Cumulate.ixx
+M IFGraph:pubinclude:IFGraph_Compare.hxx /dn43/OCCT/tmp/results_28.02.2011/occt/release-sources-20110228/inc/IFGraph_Compare.hxx
+M IFGraph:privinclude:IFGraph_Compare.jxx /dn43/OCCT/tmp/results_28.02.2011/occt/release-sources-20110228/drv/IFGraph/IFGraph_Compare.jxx
+M IFGraph:privinclude:IFGraph_Compare.ixx /dn43/OCCT/tmp/results_28.02.2011/occt/release-sources-20110228/drv/IFGraph/IFGraph_Compare.ixx
+M IFGraph:pubinclude:IFGraph_ExternalSources.hxx /dn43/OCCT/tmp/results_28.02.2011/occt/release-sources-20110228/inc/IFGraph_ExternalSources.hxx
+M IFGraph:privinclude:IFGraph_ExternalSources.jxx /dn43/OCCT/tmp/results_28.02.2011/occt/release-sources-20110228/drv/IFGraph/IFGraph_ExternalSources.jxx
+M IFGraph:privinclude:IFGraph_ExternalSources.ixx /dn43/OCCT/tmp/results_28.02.2011/occt/release-sources-20110228/drv/IFGraph/IFGraph_ExternalSources.ixx
+M IFGraph:pubinclude:IFGraph_Articulations.hxx /dn43/OCCT/tmp/results_28.02.2011/occt/release-sources-20110228/inc/IFGraph_Articulations.hxx
+M IFGraph:privinclude:IFGraph_Articulations.jxx /dn43/OCCT/tmp/results_28.02.2011/occt/release-sources-20110228/drv/IFGraph/IFGraph_Articulations.jxx
+M IFGraph:privinclude:IFGraph_Articulations.ixx /dn43/OCCT/tmp/results_28.02.2011/occt/release-sources-20110228/drv/IFGraph/IFGraph_Articulations.ixx
+M IFGraph:pubinclude:IFGraph_SubPartsIterator.hxx /dn43/OCCT/tmp/results_28.02.2011/occt/release-sources-20110228/inc/IFGraph_SubPartsIterator.hxx
+M IFGraph:privinclude:IFGraph_SubPartsIterator.jxx /dn43/OCCT/tmp/results_28.02.2011/occt/release-sources-20110228/drv/IFGraph/IFGraph_SubPartsIterator.jxx
+M IFGraph:privinclude:IFGraph_SubPartsIterator.ixx /dn43/OCCT/tmp/results_28.02.2011/occt/release-sources-20110228/drv/IFGraph/IFGraph_SubPartsIterator.ixx
+M IFGraph:pubinclude:IFGraph_ConnectedComponants.hxx /dn43/OCCT/tmp/results_28.02.2011/occt/release-sources-20110228/inc/IFGraph_ConnectedComponants.hxx
+M IFGraph:privinclude:IFGraph_ConnectedComponants.jxx /dn43/OCCT/tmp/results_28.02.2011/occt/release-sources-20110228/drv/IFGraph/IFGraph_ConnectedComponants.jxx
+M IFGraph:privinclude:IFGraph_ConnectedComponants.ixx /dn43/OCCT/tmp/results_28.02.2011/occt/release-sources-20110228/drv/IFGraph/IFGraph_ConnectedComponants.ixx
+M IFGraph:pubinclude:IFGraph_StrongComponants.hxx /dn43/OCCT/tmp/results_28.02.2011/occt/release-sources-20110228/inc/IFGraph_StrongComponants.hxx
+M IFGraph:privinclude:IFGraph_StrongComponants.jxx /dn43/OCCT/tmp/results_28.02.2011/occt/release-sources-20110228/drv/IFGraph/IFGraph_StrongComponants.jxx
+M IFGraph:privinclude:IFGraph_StrongComponants.ixx /dn43/OCCT/tmp/results_28.02.2011/occt/release-sources-20110228/drv/IFGraph/IFGraph_StrongComponants.ixx
+M IFGraph:pubinclude:IFGraph_Cycles.hxx /dn43/OCCT/tmp/results_28.02.2011/occt/release-sources-20110228/inc/IFGraph_Cycles.hxx
+M IFGraph:privinclude:IFGraph_Cycles.jxx /dn43/OCCT/tmp/results_28.02.2011/occt/release-sources-20110228/drv/IFGraph/IFGraph_Cycles.jxx
+M IFGraph:privinclude:IFGraph_Cycles.ixx /dn43/OCCT/tmp/results_28.02.2011/occt/release-sources-20110228/drv/IFGraph/IFGraph_Cycles.ixx
+M IFGraph:pubinclude:IFGraph_SCRoots.hxx /dn43/OCCT/tmp/results_28.02.2011/occt/release-sources-20110228/inc/IFGraph_SCRoots.hxx
+M IFGraph:privinclude:IFGraph_SCRoots.jxx /dn43/OCCT/tmp/results_28.02.2011/occt/release-sources-20110228/drv/IFGraph/IFGraph_SCRoots.jxx
+M IFGraph:privinclude:IFGraph_SCRoots.ixx /dn43/OCCT/tmp/results_28.02.2011/occt/release-sources-20110228/drv/IFGraph/IFGraph_SCRoots.ixx
+M IFGraph:dbadmfile:IFGraph_xcpp_header.In /dn43/OCCT/tmp/results_28.02.2011/occt/release-sources-20110228/drv/IFGraph/.adm/IFGraph_xcpp_header.In
+M IFGraph:dbadmfile:IFGraph_xcpp_header.Out /dn43/OCCT/tmp/results_28.02.2011/occt/release-sources-20110228/drv/IFGraph/.adm/IFGraph_xcpp_header.Out
+M IFGraph:dbadmfile:IFGraph_xcpp_header.Dep /dn43/OCCT/tmp/results_28.02.2011/occt/release-sources-20110228/drv/IFGraph/.adm/IFGraph_xcpp_header.Dep
