+M Materials:pubinclude:Materials.hxx /dn43/OCCT/tmp/results_30.09.2011/occt/release-sources-20110930/inc/Materials.hxx
+M Materials:privinclude:Materials.jxx /dn43/OCCT/tmp/results_30.09.2011/occt/release-sources-20110930/drv/Materials/Materials.jxx
+M Materials:privinclude:Materials.ixx /dn43/OCCT/tmp/results_30.09.2011/occt/release-sources-20110930/drv/Materials/Materials.ixx
+M Materials:pubinclude:Handle_Materials_Color.hxx /dn43/OCCT/tmp/results_30.09.2011/occt/release-sources-20110930/inc/Handle_Materials_Color.hxx
+M Materials:pubinclude:Materials_Color.hxx /dn43/OCCT/tmp/results_30.09.2011/occt/release-sources-20110930/inc/Materials_Color.hxx
+M Materials:privinclude:Materials_Color.jxx /dn43/OCCT/tmp/results_30.09.2011/occt/release-sources-20110930/drv/Materials/Materials_Color.jxx
+M Materials:privinclude:Materials_Color.ixx /dn43/OCCT/tmp/results_30.09.2011/occt/release-sources-20110930/drv/Materials/Materials_Color.ixx
+M Materials:pubinclude:Handle_Materials_MaterialDefinition.hxx /dn43/OCCT/tmp/results_30.09.2011/occt/release-sources-20110930/inc/Handle_Materials_MaterialDefinition.hxx
+M Materials:pubinclude:Materials_MaterialDefinition.hxx /dn43/OCCT/tmp/results_30.09.2011/occt/release-sources-20110930/inc/Materials_MaterialDefinition.hxx
+M Materials:privinclude:Materials_MaterialDefinition.jxx /dn43/OCCT/tmp/results_30.09.2011/occt/release-sources-20110930/drv/Materials/Materials_MaterialDefinition.jxx
+M Materials:privinclude:Materials_MaterialDefinition.ixx /dn43/OCCT/tmp/results_30.09.2011/occt/release-sources-20110930/drv/Materials/Materials_MaterialDefinition.ixx
+M Materials:pubinclude:Handle_Materials_MaterialsDictionary.hxx /dn43/OCCT/tmp/results_30.09.2011/occt/release-sources-20110930/inc/Handle_Materials_MaterialsDictionary.hxx
+M Materials:pubinclude:Materials_MaterialsDictionary.hxx /dn43/OCCT/tmp/results_30.09.2011/occt/release-sources-20110930/inc/Materials_MaterialsDictionary.hxx
+M Materials:privinclude:Materials_MaterialsDictionary.jxx /dn43/OCCT/tmp/results_30.09.2011/occt/release-sources-20110930/drv/Materials/Materials_MaterialsDictionary.jxx
+M Materials:privinclude:Materials_MaterialsDictionary.ixx /dn43/OCCT/tmp/results_30.09.2011/occt/release-sources-20110930/drv/Materials/Materials_MaterialsDictionary.ixx
+M Materials:pubinclude:Handle_Materials_FuzzyInstance.hxx /dn43/OCCT/tmp/results_30.09.2011/occt/release-sources-20110930/inc/Handle_Materials_FuzzyInstance.hxx
+M Materials:pubinclude:Materials_FuzzyInstance.hxx /dn43/OCCT/tmp/results_30.09.2011/occt/release-sources-20110930/inc/Materials_FuzzyInstance.hxx
+M Materials:derivated:Materials_FuzzyInstance_0.cxx /dn43/OCCT/tmp/results_30.09.2011/occt/release-sources-20110930/drv/Materials/Materials_FuzzyInstance_0.cxx
+M Materials:pubinclude:Handle_Materials_Material.hxx /dn43/OCCT/tmp/results_30.09.2011/occt/release-sources-20110930/inc/Handle_Materials_Material.hxx
+M Materials:pubinclude:Materials_Material.hxx /dn43/OCCT/tmp/results_30.09.2011/occt/release-sources-20110930/inc/Materials_Material.hxx
+M Materials:privinclude:Materials_Material.jxx /dn43/OCCT/tmp/results_30.09.2011/occt/release-sources-20110930/drv/Materials/Materials_Material.jxx
+M Materials:privinclude:Materials_Material.ixx /dn43/OCCT/tmp/results_30.09.2011/occt/release-sources-20110930/drv/Materials/Materials_Material.ixx
+M Materials:pubinclude:Materials_MtsSequence.hxx /dn43/OCCT/tmp/results_30.09.2011/occt/release-sources-20110930/inc/Materials_MtsSequence.hxx
+M Materials:derivated:Materials_MtsSequence_0.cxx /dn43/OCCT/tmp/results_30.09.2011/occt/release-sources-20110930/drv/Materials/Materials_MtsSequence_0.cxx
+M Materials:pubinclude:Handle_Materials_MaterialsSequence.hxx /dn43/OCCT/tmp/results_30.09.2011/occt/release-sources-20110930/inc/Handle_Materials_MaterialsSequence.hxx
+M Materials:pubinclude:Materials_MaterialsSequence.hxx /dn43/OCCT/tmp/results_30.09.2011/occt/release-sources-20110930/inc/Materials_MaterialsSequence.hxx
+M Materials:derivated:Materials_MaterialsSequence_0.cxx /dn43/OCCT/tmp/results_30.09.2011/occt/release-sources-20110930/drv/Materials/Materials_MaterialsSequence_0.cxx
+M Materials:pubinclude:Handle_Materials_SequenceNodeOfMtsSequence.hxx /dn43/OCCT/tmp/results_30.09.2011/occt/release-sources-20110930/inc/Handle_Materials_SequenceNodeOfMtsSequence.hxx
+M Materials:pubinclude:Materials_SequenceNodeOfMtsSequence.hxx /dn43/OCCT/tmp/results_30.09.2011/occt/release-sources-20110930/inc/Materials_SequenceNodeOfMtsSequence.hxx
+M Materials:derivated:Materials_SequenceNodeOfMtsSequence_0.cxx /dn43/OCCT/tmp/results_30.09.2011/occt/release-sources-20110930/drv/Materials/Materials_SequenceNodeOfMtsSequence_0.cxx
+M Materials:dbadmfile:Materials_xcpp_header.In /dn43/OCCT/tmp/results_30.09.2011/occt/release-sources-20110930/drv/Materials/.adm/Materials_xcpp_header.In
+M Materials:dbadmfile:Materials_xcpp_header.Out /dn43/OCCT/tmp/results_30.09.2011/occt/release-sources-20110930/drv/Materials/.adm/Materials_xcpp_header.Out
+M Materials:dbadmfile:Materials_xcpp_header.Dep /dn43/OCCT/tmp/results_30.09.2011/occt/release-sources-20110930/drv/Materials/.adm/Materials_xcpp_header.Dep
