+M ShapeAnalysis:pubinclude:ShapeAnalysis.hxx /dn43/OCCT/tmp/results_31.05.2011/occt/release-sources-20110531/inc/ShapeAnalysis.hxx
+M ShapeAnalysis:privinclude:ShapeAnalysis.jxx /dn43/OCCT/tmp/results_31.05.2011/occt/release-sources-20110531/drv/ShapeAnalysis/ShapeAnalysis.jxx
+M ShapeAnalysis:privinclude:ShapeAnalysis.ixx /dn43/OCCT/tmp/results_31.05.2011/occt/release-sources-20110531/drv/ShapeAnalysis/ShapeAnalysis.ixx
+M ShapeAnalysis:pubinclude:ShapeAnalysis_Geom.hxx /dn43/OCCT/tmp/results_31.05.2011/occt/release-sources-20110531/inc/ShapeAnalysis_Geom.hxx
+M ShapeAnalysis:privinclude:ShapeAnalysis_Geom.jxx /dn43/OCCT/tmp/results_31.05.2011/occt/release-sources-20110531/drv/ShapeAnalysis/ShapeAnalysis_Geom.jxx
+M ShapeAnalysis:privinclude:ShapeAnalysis_Geom.ixx /dn43/OCCT/tmp/results_31.05.2011/occt/release-sources-20110531/drv/ShapeAnalysis/ShapeAnalysis_Geom.ixx
+M ShapeAnalysis:pubinclude:ShapeAnalysis_Curve.hxx /dn43/OCCT/tmp/results_31.05.2011/occt/release-sources-20110531/inc/ShapeAnalysis_Curve.hxx
+M ShapeAnalysis:privinclude:ShapeAnalysis_Curve.jxx /dn43/OCCT/tmp/results_31.05.2011/occt/release-sources-20110531/drv/ShapeAnalysis/ShapeAnalysis_Curve.jxx
+M ShapeAnalysis:privinclude:ShapeAnalysis_Curve.ixx /dn43/OCCT/tmp/results_31.05.2011/occt/release-sources-20110531/drv/ShapeAnalysis/ShapeAnalysis_Curve.ixx
+M ShapeAnalysis:pubinclude:Handle_ShapeAnalysis_Surface.hxx /dn43/OCCT/tmp/results_31.05.2011/occt/release-sources-20110531/inc/Handle_ShapeAnalysis_Surface.hxx
+M ShapeAnalysis:pubinclude:ShapeAnalysis_Surface.hxx /dn43/OCCT/tmp/results_31.05.2011/occt/release-sources-20110531/inc/ShapeAnalysis_Surface.hxx
+M ShapeAnalysis:privinclude:ShapeAnalysis_Surface.jxx /dn43/OCCT/tmp/results_31.05.2011/occt/release-sources-20110531/drv/ShapeAnalysis/ShapeAnalysis_Surface.jxx
+M ShapeAnalysis:privinclude:ShapeAnalysis_Surface.ixx /dn43/OCCT/tmp/results_31.05.2011/occt/release-sources-20110531/drv/ShapeAnalysis/ShapeAnalysis_Surface.ixx
+M ShapeAnalysis:pubinclude:ShapeAnalysis_Edge.hxx /dn43/OCCT/tmp/results_31.05.2011/occt/release-sources-20110531/inc/ShapeAnalysis_Edge.hxx
+M ShapeAnalysis:privinclude:ShapeAnalysis_Edge.jxx /dn43/OCCT/tmp/results_31.05.2011/occt/release-sources-20110531/drv/ShapeAnalysis/ShapeAnalysis_Edge.jxx
+M ShapeAnalysis:privinclude:ShapeAnalysis_Edge.ixx /dn43/OCCT/tmp/results_31.05.2011/occt/release-sources-20110531/drv/ShapeAnalysis/ShapeAnalysis_Edge.ixx
+M ShapeAnalysis:pubinclude:Handle_ShapeAnalysis_Wire.hxx /dn43/OCCT/tmp/results_31.05.2011/occt/release-sources-20110531/inc/Handle_ShapeAnalysis_Wire.hxx
+M ShapeAnalysis:pubinclude:ShapeAnalysis_Wire.hxx /dn43/OCCT/tmp/results_31.05.2011/occt/release-sources-20110531/inc/ShapeAnalysis_Wire.hxx
+M ShapeAnalysis:privinclude:ShapeAnalysis_Wire.jxx /dn43/OCCT/tmp/results_31.05.2011/occt/release-sources-20110531/drv/ShapeAnalysis/ShapeAnalysis_Wire.jxx
+M ShapeAnalysis:privinclude:ShapeAnalysis_Wire.ixx /dn43/OCCT/tmp/results_31.05.2011/occt/release-sources-20110531/drv/ShapeAnalysis/ShapeAnalysis_Wire.ixx
+M ShapeAnalysis:pubinclude:ShapeAnalysis_WireOrder.hxx /dn43/OCCT/tmp/results_31.05.2011/occt/release-sources-20110531/inc/ShapeAnalysis_WireOrder.hxx
+M ShapeAnalysis:privinclude:ShapeAnalysis_WireOrder.jxx /dn43/OCCT/tmp/results_31.05.2011/occt/release-sources-20110531/drv/ShapeAnalysis/ShapeAnalysis_WireOrder.jxx
+M ShapeAnalysis:privinclude:ShapeAnalysis_WireOrder.ixx /dn43/OCCT/tmp/results_31.05.2011/occt/release-sources-20110531/drv/ShapeAnalysis/ShapeAnalysis_WireOrder.ixx
+M ShapeAnalysis:pubinclude:ShapeAnalysis_WireVertex.hxx /dn43/OCCT/tmp/results_31.05.2011/occt/release-sources-20110531/inc/ShapeAnalysis_WireVertex.hxx
+M ShapeAnalysis:privinclude:ShapeAnalysis_WireVertex.jxx /dn43/OCCT/tmp/results_31.05.2011/occt/release-sources-20110531/drv/ShapeAnalysis/ShapeAnalysis_WireVertex.jxx
+M ShapeAnalysis:privinclude:ShapeAnalysis_WireVertex.ixx /dn43/OCCT/tmp/results_31.05.2011/occt/release-sources-20110531/drv/ShapeAnalysis/ShapeAnalysis_WireVertex.ixx
+M ShapeAnalysis:pubinclude:ShapeAnalysis_CheckSmallFace.hxx /dn43/OCCT/tmp/results_31.05.2011/occt/release-sources-20110531/inc/ShapeAnalysis_CheckSmallFace.hxx
+M ShapeAnalysis:privinclude:ShapeAnalysis_CheckSmallFace.jxx /dn43/OCCT/tmp/results_31.05.2011/occt/release-sources-20110531/drv/ShapeAnalysis/ShapeAnalysis_CheckSmallFace.jxx
+M ShapeAnalysis:privinclude:ShapeAnalysis_CheckSmallFace.ixx /dn43/OCCT/tmp/results_31.05.2011/occt/release-sources-20110531/drv/ShapeAnalysis/ShapeAnalysis_CheckSmallFace.ixx
+M ShapeAnalysis:pubinclude:ShapeAnalysis_Shell.hxx /dn43/OCCT/tmp/results_31.05.2011/occt/release-sources-20110531/inc/ShapeAnalysis_Shell.hxx
+M ShapeAnalysis:privinclude:ShapeAnalysis_Shell.jxx /dn43/OCCT/tmp/results_31.05.2011/occt/release-sources-20110531/drv/ShapeAnalysis/ShapeAnalysis_Shell.jxx
+M ShapeAnalysis:privinclude:ShapeAnalysis_Shell.ixx /dn43/OCCT/tmp/results_31.05.2011/occt/release-sources-20110531/drv/ShapeAnalysis/ShapeAnalysis_Shell.ixx
+M ShapeAnalysis:pubinclude:ShapeAnalysis_ShapeTolerance.hxx /dn43/OCCT/tmp/results_31.05.2011/occt/release-sources-20110531/inc/ShapeAnalysis_ShapeTolerance.hxx
+M ShapeAnalysis:privinclude:ShapeAnalysis_ShapeTolerance.jxx /dn43/OCCT/tmp/results_31.05.2011/occt/release-sources-20110531/drv/ShapeAnalysis/ShapeAnalysis_ShapeTolerance.jxx
+M ShapeAnalysis:privinclude:ShapeAnalysis_ShapeTolerance.ixx /dn43/OCCT/tmp/results_31.05.2011/occt/release-sources-20110531/drv/ShapeAnalysis/ShapeAnalysis_ShapeTolerance.ixx
+M ShapeAnalysis:pubinclude:ShapeAnalysis_ShapeContents.hxx /dn43/OCCT/tmp/results_31.05.2011/occt/release-sources-20110531/inc/ShapeAnalysis_ShapeContents.hxx
+M ShapeAnalysis:privinclude:ShapeAnalysis_ShapeContents.jxx /dn43/OCCT/tmp/results_31.05.2011/occt/release-sources-20110531/drv/ShapeAnalysis/ShapeAnalysis_ShapeContents.jxx
+M ShapeAnalysis:privinclude:ShapeAnalysis_ShapeContents.ixx /dn43/OCCT/tmp/results_31.05.2011/occt/release-sources-20110531/drv/ShapeAnalysis/ShapeAnalysis_ShapeContents.ixx
+M ShapeAnalysis:pubinclude:ShapeAnalysis_FreeBounds.hxx /dn43/OCCT/tmp/results_31.05.2011/occt/release-sources-20110531/inc/ShapeAnalysis_FreeBounds.hxx
+M ShapeAnalysis:privinclude:ShapeAnalysis_FreeBounds.jxx /dn43/OCCT/tmp/results_31.05.2011/occt/release-sources-20110531/drv/ShapeAnalysis/ShapeAnalysis_FreeBounds.jxx
+M ShapeAnalysis:privinclude:ShapeAnalysis_FreeBounds.ixx /dn43/OCCT/tmp/results_31.05.2011/occt/release-sources-20110531/drv/ShapeAnalysis/ShapeAnalysis_FreeBounds.ixx
+M ShapeAnalysis:pubinclude:Handle_ShapeAnalysis_FreeBoundData.hxx /dn43/OCCT/tmp/results_31.05.2011/occt/release-sources-20110531/inc/Handle_ShapeAnalysis_FreeBoundData.hxx
+M ShapeAnalysis:pubinclude:ShapeAnalysis_FreeBoundData.hxx /dn43/OCCT/tmp/results_31.05.2011/occt/release-sources-20110531/inc/ShapeAnalysis_FreeBoundData.hxx
+M ShapeAnalysis:privinclude:ShapeAnalysis_FreeBoundData.jxx /dn43/OCCT/tmp/results_31.05.2011/occt/release-sources-20110531/drv/ShapeAnalysis/ShapeAnalysis_FreeBoundData.jxx
+M ShapeAnalysis:privinclude:ShapeAnalysis_FreeBoundData.ixx /dn43/OCCT/tmp/results_31.05.2011/occt/release-sources-20110531/drv/ShapeAnalysis/ShapeAnalysis_FreeBoundData.ixx
+M ShapeAnalysis:pubinclude:ShapeAnalysis_FreeBoundsProperties.hxx /dn43/OCCT/tmp/results_31.05.2011/occt/release-sources-20110531/inc/ShapeAnalysis_FreeBoundsProperties.hxx
+M ShapeAnalysis:privinclude:ShapeAnalysis_FreeBoundsProperties.jxx /dn43/OCCT/tmp/results_31.05.2011/occt/release-sources-20110531/drv/ShapeAnalysis/ShapeAnalysis_FreeBoundsProperties.jxx
+M ShapeAnalysis:privinclude:ShapeAnalysis_FreeBoundsProperties.ixx /dn43/OCCT/tmp/results_31.05.2011/occt/release-sources-20110531/drv/ShapeAnalysis/ShapeAnalysis_FreeBoundsProperties.ixx
+M ShapeAnalysis:pubinclude:Handle_ShapeAnalysis_TransferParameters.hxx /dn43/OCCT/tmp/results_31.05.2011/occt/release-sources-20110531/inc/Handle_ShapeAnalysis_TransferParameters.hxx
+M ShapeAnalysis:pubinclude:ShapeAnalysis_TransferParameters.hxx /dn43/OCCT/tmp/results_31.05.2011/occt/release-sources-20110531/inc/ShapeAnalysis_TransferParameters.hxx
+M ShapeAnalysis:privinclude:ShapeAnalysis_TransferParameters.jxx /dn43/OCCT/tmp/results_31.05.2011/occt/release-sources-20110531/drv/ShapeAnalysis/ShapeAnalysis_TransferParameters.jxx
+M ShapeAnalysis:privinclude:ShapeAnalysis_TransferParameters.ixx /dn43/OCCT/tmp/results_31.05.2011/occt/release-sources-20110531/drv/ShapeAnalysis/ShapeAnalysis_TransferParameters.ixx
+M ShapeAnalysis:pubinclude:Handle_ShapeAnalysis_TransferParametersProj.hxx /dn43/OCCT/tmp/results_31.05.2011/occt/release-sources-20110531/inc/Handle_ShapeAnalysis_TransferParametersProj.hxx
+M ShapeAnalysis:pubinclude:ShapeAnalysis_TransferParametersProj.hxx /dn43/OCCT/tmp/results_31.05.2011/occt/release-sources-20110531/inc/ShapeAnalysis_TransferParametersProj.hxx
+M ShapeAnalysis:privinclude:ShapeAnalysis_TransferParametersProj.jxx /dn43/OCCT/tmp/results_31.05.2011/occt/release-sources-20110531/drv/ShapeAnalysis/ShapeAnalysis_TransferParametersProj.jxx
+M ShapeAnalysis:privinclude:ShapeAnalysis_TransferParametersProj.ixx /dn43/OCCT/tmp/results_31.05.2011/occt/release-sources-20110531/drv/ShapeAnalysis/ShapeAnalysis_TransferParametersProj.ixx
+M ShapeAnalysis:pubinclude:ShapeAnalysis_SequenceOfFreeBounds.hxx /dn43/OCCT/tmp/results_31.05.2011/occt/release-sources-20110531/inc/ShapeAnalysis_SequenceOfFreeBounds.hxx
+M ShapeAnalysis:derivated:ShapeAnalysis_SequenceOfFreeBounds_0.cxx /dn43/OCCT/tmp/results_31.05.2011/occt/release-sources-20110531/drv/ShapeAnalysis/ShapeAnalysis_SequenceOfFreeBounds_0.cxx
+M ShapeAnalysis:pubinclude:Handle_ShapeAnalysis_HSequenceOfFreeBounds.hxx /dn43/OCCT/tmp/results_31.05.2011/occt/release-sources-20110531/inc/Handle_ShapeAnalysis_HSequenceOfFreeBounds.hxx
+M ShapeAnalysis:pubinclude:ShapeAnalysis_HSequenceOfFreeBounds.hxx /dn43/OCCT/tmp/results_31.05.2011/occt/release-sources-20110531/inc/ShapeAnalysis_HSequenceOfFreeBounds.hxx
+M ShapeAnalysis:derivated:ShapeAnalysis_HSequenceOfFreeBounds_0.cxx /dn43/OCCT/tmp/results_31.05.2011/occt/release-sources-20110531/drv/ShapeAnalysis/ShapeAnalysis_HSequenceOfFreeBounds_0.cxx
+M ShapeAnalysis:pubinclude:ShapeAnalysis_DataMapOfShapeListOfReal.hxx /dn43/OCCT/tmp/results_31.05.2011/occt/release-sources-20110531/inc/ShapeAnalysis_DataMapOfShapeListOfReal.hxx
+M ShapeAnalysis:derivated:ShapeAnalysis_DataMapOfShapeListOfReal_0.cxx /dn43/OCCT/tmp/results_31.05.2011/occt/release-sources-20110531/drv/ShapeAnalysis/ShapeAnalysis_DataMapOfShapeListOfReal_0.cxx
+M ShapeAnalysis:pubinclude:Handle_ShapeAnalysis_SequenceNodeOfSequenceOfFreeBounds.hxx /dn43/OCCT/tmp/results_31.05.2011/occt/release-sources-20110531/inc/Handle_ShapeAnalysis_SequenceNodeOfSequenceOfFreeBounds.hxx
+M ShapeAnalysis:pubinclude:ShapeAnalysis_SequenceNodeOfSequenceOfFreeBounds.hxx /dn43/OCCT/tmp/results_31.05.2011/occt/release-sources-20110531/inc/ShapeAnalysis_SequenceNodeOfSequenceOfFreeBounds.hxx
+M ShapeAnalysis:derivated:ShapeAnalysis_SequenceNodeOfSequenceOfFreeBounds_0.cxx /dn43/OCCT/tmp/results_31.05.2011/occt/release-sources-20110531/drv/ShapeAnalysis/ShapeAnalysis_SequenceNodeOfSequenceOfFreeBounds_0.cxx
+M ShapeAnalysis:pubinclude:Handle_ShapeAnalysis_DataMapNodeOfDataMapOfShapeListOfReal.hxx /dn43/OCCT/tmp/results_31.05.2011/occt/release-sources-20110531/inc/Handle_ShapeAnalysis_DataMapNodeOfDataMapOfShapeListOfReal.hxx
+M ShapeAnalysis:pubinclude:ShapeAnalysis_DataMapNodeOfDataMapOfShapeListOfReal.hxx /dn43/OCCT/tmp/results_31.05.2011/occt/release-sources-20110531/inc/ShapeAnalysis_DataMapNodeOfDataMapOfShapeListOfReal.hxx
+M ShapeAnalysis:derivated:ShapeAnalysis_DataMapNodeOfDataMapOfShapeListOfReal_0.cxx /dn43/OCCT/tmp/results_31.05.2011/occt/release-sources-20110531/drv/ShapeAnalysis/ShapeAnalysis_DataMapNodeOfDataMapOfShapeListOfReal_0.cxx
+M ShapeAnalysis:pubinclude:ShapeAnalysis_DataMapIteratorOfDataMapOfShapeListOfReal.hxx /dn43/OCCT/tmp/results_31.05.2011/occt/release-sources-20110531/inc/ShapeAnalysis_DataMapIteratorOfDataMapOfShapeListOfReal.hxx
+M ShapeAnalysis:derivated:ShapeAnalysis_DataMapIteratorOfDataMapOfShapeListOfReal_0.cxx /dn43/OCCT/tmp/results_31.05.2011/occt/release-sources-20110531/drv/ShapeAnalysis/ShapeAnalysis_DataMapIteratorOfDataMapOfShapeListOfReal_0.cxx
+M ShapeAnalysis:dbadmfile:ShapeAnalysis_xcpp_header.In /dn43/OCCT/tmp/results_31.05.2011/occt/release-sources-20110531/drv/ShapeAnalysis/.adm/ShapeAnalysis_xcpp_header.In
+M ShapeAnalysis:dbadmfile:ShapeAnalysis_xcpp_header.Out /dn43/OCCT/tmp/results_31.05.2011/occt/release-sources-20110531/drv/ShapeAnalysis/.adm/ShapeAnalysis_xcpp_header.Out
+M ShapeAnalysis:dbadmfile:ShapeAnalysis_xcpp_header.Dep /dn43/OCCT/tmp/results_31.05.2011/occt/release-sources-20110531/drv/ShapeAnalysis/.adm/ShapeAnalysis_xcpp_header.Dep
