+M BRepBlend:pubinclude:BRepBlend_HCurveTool.hxx /dn43/OCCT/tmp/results_31.05.2011/occt/release-sources-20110531/inc/BRepBlend_HCurveTool.hxx
+M BRepBlend:derivated:BRepBlend_HCurveTool_0.cxx /dn43/OCCT/tmp/results_31.05.2011/occt/release-sources-20110531/drv/BRepBlend/BRepBlend_HCurveTool_0.cxx
+M BRepBlend:pubinclude:BRepBlend_HCurve2dTool.hxx /dn43/OCCT/tmp/results_31.05.2011/occt/release-sources-20110531/inc/BRepBlend_HCurve2dTool.hxx
+M BRepBlend:derivated:BRepBlend_HCurve2dTool_0.cxx /dn43/OCCT/tmp/results_31.05.2011/occt/release-sources-20110531/drv/BRepBlend/BRepBlend_HCurve2dTool_0.cxx
+M BRepBlend:pubinclude:BRepBlend_BlendTool.hxx /dn43/OCCT/tmp/results_31.05.2011/occt/release-sources-20110531/inc/BRepBlend_BlendTool.hxx
+M BRepBlend:privinclude:BRepBlend_BlendTool.jxx /dn43/OCCT/tmp/results_31.05.2011/occt/release-sources-20110531/drv/BRepBlend/BRepBlend_BlendTool.jxx
+M BRepBlend:privinclude:BRepBlend_BlendTool.ixx /dn43/OCCT/tmp/results_31.05.2011/occt/release-sources-20110531/drv/BRepBlend/BRepBlend_BlendTool.ixx
+M BRepBlend:pubinclude:BRepBlend_PointOnRst.hxx /dn43/OCCT/tmp/results_31.05.2011/occt/release-sources-20110531/inc/BRepBlend_PointOnRst.hxx
+M BRepBlend:derivated:BRepBlend_PointOnRst_0.cxx /dn43/OCCT/tmp/results_31.05.2011/occt/release-sources-20110531/drv/BRepBlend/BRepBlend_PointOnRst_0.cxx
+M BRepBlend:pubinclude:BRepBlend_SequenceOfPointOnRst.hxx /dn43/OCCT/tmp/results_31.05.2011/occt/release-sources-20110531/inc/BRepBlend_SequenceOfPointOnRst.hxx
+M BRepBlend:derivated:BRepBlend_SequenceOfPointOnRst_0.cxx /dn43/OCCT/tmp/results_31.05.2011/occt/release-sources-20110531/drv/BRepBlend/BRepBlend_SequenceOfPointOnRst_0.cxx
+M BRepBlend:pubinclude:BRepBlend_Extremity.hxx /dn43/OCCT/tmp/results_31.05.2011/occt/release-sources-20110531/inc/BRepBlend_Extremity.hxx
+M BRepBlend:derivated:BRepBlend_Extremity_0.cxx /dn43/OCCT/tmp/results_31.05.2011/occt/release-sources-20110531/drv/BRepBlend/BRepBlend_Extremity_0.cxx
+M BRepBlend:pubinclude:Handle_BRepBlend_Line.hxx /dn43/OCCT/tmp/results_31.05.2011/occt/release-sources-20110531/inc/Handle_BRepBlend_Line.hxx
+M BRepBlend:pubinclude:BRepBlend_Line.hxx /dn43/OCCT/tmp/results_31.05.2011/occt/release-sources-20110531/inc/BRepBlend_Line.hxx
+M BRepBlend:derivated:BRepBlend_Line_0.cxx /dn43/OCCT/tmp/results_31.05.2011/occt/release-sources-20110531/drv/BRepBlend/BRepBlend_Line_0.cxx
+M BRepBlend:pubinclude:BRepBlend_Walking.hxx /dn43/OCCT/tmp/results_31.05.2011/occt/release-sources-20110531/inc/BRepBlend_Walking.hxx
+M BRepBlend:derivated:BRepBlend_Walking_0.cxx /dn43/OCCT/tmp/results_31.05.2011/occt/release-sources-20110531/drv/BRepBlend/BRepBlend_Walking_0.cxx
+M BRepBlend:pubinclude:BRepBlend_CSWalking.hxx /dn43/OCCT/tmp/results_31.05.2011/occt/release-sources-20110531/inc/BRepBlend_CSWalking.hxx
+M BRepBlend:derivated:BRepBlend_CSWalking_0.cxx /dn43/OCCT/tmp/results_31.05.2011/occt/release-sources-20110531/drv/BRepBlend/BRepBlend_CSWalking_0.cxx
+M BRepBlend:pubinclude:BRepBlend_AppSurf.hxx /dn43/OCCT/tmp/results_31.05.2011/occt/release-sources-20110531/inc/BRepBlend_AppSurf.hxx
+M BRepBlend:derivated:BRepBlend_AppSurf_0.cxx /dn43/OCCT/tmp/results_31.05.2011/occt/release-sources-20110531/drv/BRepBlend/BRepBlend_AppSurf_0.cxx
+M BRepBlend:pubinclude:BRepBlend_SequenceOfLine.hxx /dn43/OCCT/tmp/results_31.05.2011/occt/release-sources-20110531/inc/BRepBlend_SequenceOfLine.hxx
+M BRepBlend:derivated:BRepBlend_SequenceOfLine_0.cxx /dn43/OCCT/tmp/results_31.05.2011/occt/release-sources-20110531/drv/BRepBlend/BRepBlend_SequenceOfLine_0.cxx
+M BRepBlend:pubinclude:BRepBlend_AppSurface.hxx /dn43/OCCT/tmp/results_31.05.2011/occt/release-sources-20110531/inc/BRepBlend_AppSurface.hxx
+M BRepBlend:privinclude:BRepBlend_AppSurface.jxx /dn43/OCCT/tmp/results_31.05.2011/occt/release-sources-20110531/drv/BRepBlend/BRepBlend_AppSurface.jxx
+M BRepBlend:privinclude:BRepBlend_AppSurface.ixx /dn43/OCCT/tmp/results_31.05.2011/occt/release-sources-20110531/drv/BRepBlend/BRepBlend_AppSurface.ixx
+M BRepBlend:pubinclude:Handle_BRepBlend_AppFuncRoot.hxx /dn43/OCCT/tmp/results_31.05.2011/occt/release-sources-20110531/inc/Handle_BRepBlend_AppFuncRoot.hxx
+M BRepBlend:pubinclude:BRepBlend_AppFuncRoot.hxx /dn43/OCCT/tmp/results_31.05.2011/occt/release-sources-20110531/inc/BRepBlend_AppFuncRoot.hxx
+M BRepBlend:privinclude:BRepBlend_AppFuncRoot.jxx /dn43/OCCT/tmp/results_31.05.2011/occt/release-sources-20110531/drv/BRepBlend/BRepBlend_AppFuncRoot.jxx
+M BRepBlend:privinclude:BRepBlend_AppFuncRoot.ixx /dn43/OCCT/tmp/results_31.05.2011/occt/release-sources-20110531/drv/BRepBlend/BRepBlend_AppFuncRoot.ixx
+M BRepBlend:pubinclude:Handle_BRepBlend_AppFunc.hxx /dn43/OCCT/tmp/results_31.05.2011/occt/release-sources-20110531/inc/Handle_BRepBlend_AppFunc.hxx
+M BRepBlend:pubinclude:BRepBlend_AppFunc.hxx /dn43/OCCT/tmp/results_31.05.2011/occt/release-sources-20110531/inc/BRepBlend_AppFunc.hxx
+M BRepBlend:privinclude:BRepBlend_AppFunc.jxx /dn43/OCCT/tmp/results_31.05.2011/occt/release-sources-20110531/drv/BRepBlend/BRepBlend_AppFunc.jxx
+M BRepBlend:privinclude:BRepBlend_AppFunc.ixx /dn43/OCCT/tmp/results_31.05.2011/occt/release-sources-20110531/drv/BRepBlend/BRepBlend_AppFunc.ixx
+M BRepBlend:pubinclude:Handle_BRepBlend_AppFuncRst.hxx /dn43/OCCT/tmp/results_31.05.2011/occt/release-sources-20110531/inc/Handle_BRepBlend_AppFuncRst.hxx
+M BRepBlend:pubinclude:BRepBlend_AppFuncRst.hxx /dn43/OCCT/tmp/results_31.05.2011/occt/release-sources-20110531/inc/BRepBlend_AppFuncRst.hxx
+M BRepBlend:privinclude:BRepBlend_AppFuncRst.jxx /dn43/OCCT/tmp/results_31.05.2011/occt/release-sources-20110531/drv/BRepBlend/BRepBlend_AppFuncRst.jxx
+M BRepBlend:privinclude:BRepBlend_AppFuncRst.ixx /dn43/OCCT/tmp/results_31.05.2011/occt/release-sources-20110531/drv/BRepBlend/BRepBlend_AppFuncRst.ixx
+M BRepBlend:pubinclude:Handle_BRepBlend_AppFuncRstRst.hxx /dn43/OCCT/tmp/results_31.05.2011/occt/release-sources-20110531/inc/Handle_BRepBlend_AppFuncRstRst.hxx
+M BRepBlend:pubinclude:BRepBlend_AppFuncRstRst.hxx /dn43/OCCT/tmp/results_31.05.2011/occt/release-sources-20110531/inc/BRepBlend_AppFuncRstRst.hxx
+M BRepBlend:privinclude:BRepBlend_AppFuncRstRst.jxx /dn43/OCCT/tmp/results_31.05.2011/occt/release-sources-20110531/drv/BRepBlend/BRepBlend_AppFuncRstRst.jxx
+M BRepBlend:privinclude:BRepBlend_AppFuncRstRst.ixx /dn43/OCCT/tmp/results_31.05.2011/occt/release-sources-20110531/drv/BRepBlend/BRepBlend_AppFuncRstRst.ixx
+M BRepBlend:pubinclude:BRepBlend_SurfRstEvolRad.hxx /dn43/OCCT/tmp/results_31.05.2011/occt/release-sources-20110531/inc/BRepBlend_SurfRstEvolRad.hxx
+M BRepBlend:privinclude:BRepBlend_SurfRstEvolRad.jxx /dn43/OCCT/tmp/results_31.05.2011/occt/release-sources-20110531/drv/BRepBlend/BRepBlend_SurfRstEvolRad.jxx
+M BRepBlend:privinclude:BRepBlend_SurfRstEvolRad.ixx /dn43/OCCT/tmp/results_31.05.2011/occt/release-sources-20110531/drv/BRepBlend/BRepBlend_SurfRstEvolRad.ixx
+M BRepBlend:pubinclude:BRepBlend_SurfRstConstRad.hxx /dn43/OCCT/tmp/results_31.05.2011/occt/release-sources-20110531/inc/BRepBlend_SurfRstConstRad.hxx
+M BRepBlend:privinclude:BRepBlend_SurfRstConstRad.jxx /dn43/OCCT/tmp/results_31.05.2011/occt/release-sources-20110531/drv/BRepBlend/BRepBlend_SurfRstConstRad.jxx
+M BRepBlend:privinclude:BRepBlend_SurfRstConstRad.ixx /dn43/OCCT/tmp/results_31.05.2011/occt/release-sources-20110531/drv/BRepBlend/BRepBlend_SurfRstConstRad.ixx
+M BRepBlend:pubinclude:BRepBlend_RstRstEvolRad.hxx /dn43/OCCT/tmp/results_31.05.2011/occt/release-sources-20110531/inc/BRepBlend_RstRstEvolRad.hxx
+M BRepBlend:privinclude:BRepBlend_RstRstEvolRad.jxx /dn43/OCCT/tmp/results_31.05.2011/occt/release-sources-20110531/drv/BRepBlend/BRepBlend_RstRstEvolRad.jxx
+M BRepBlend:privinclude:BRepBlend_RstRstEvolRad.ixx /dn43/OCCT/tmp/results_31.05.2011/occt/release-sources-20110531/drv/BRepBlend/BRepBlend_RstRstEvolRad.ixx
+M BRepBlend:pubinclude:BRepBlend_RstRstConstRad.hxx /dn43/OCCT/tmp/results_31.05.2011/occt/release-sources-20110531/inc/BRepBlend_RstRstConstRad.hxx
+M BRepBlend:privinclude:BRepBlend_RstRstConstRad.jxx /dn43/OCCT/tmp/results_31.05.2011/occt/release-sources-20110531/drv/BRepBlend/BRepBlend_RstRstConstRad.jxx
+M BRepBlend:privinclude:BRepBlend_RstRstConstRad.ixx /dn43/OCCT/tmp/results_31.05.2011/occt/release-sources-20110531/drv/BRepBlend/BRepBlend_RstRstConstRad.ixx
+M BRepBlend:pubinclude:BRepBlend_SurfPointConstRadInv.hxx /dn43/OCCT/tmp/results_31.05.2011/occt/release-sources-20110531/inc/BRepBlend_SurfPointConstRadInv.hxx
+M BRepBlend:privinclude:BRepBlend_SurfPointConstRadInv.jxx /dn43/OCCT/tmp/results_31.05.2011/occt/release-sources-20110531/drv/BRepBlend/BRepBlend_SurfPointConstRadInv.jxx
+M BRepBlend:privinclude:BRepBlend_SurfPointConstRadInv.ixx /dn43/OCCT/tmp/results_31.05.2011/occt/release-sources-20110531/drv/BRepBlend/BRepBlend_SurfPointConstRadInv.ixx
+M BRepBlend:pubinclude:BRepBlend_SurfCurvConstRadInv.hxx /dn43/OCCT/tmp/results_31.05.2011/occt/release-sources-20110531/inc/BRepBlend_SurfCurvConstRadInv.hxx
+M BRepBlend:privinclude:BRepBlend_SurfCurvConstRadInv.jxx /dn43/OCCT/tmp/results_31.05.2011/occt/release-sources-20110531/drv/BRepBlend/BRepBlend_SurfCurvConstRadInv.jxx
+M BRepBlend:privinclude:BRepBlend_SurfCurvConstRadInv.ixx /dn43/OCCT/tmp/results_31.05.2011/occt/release-sources-20110531/drv/BRepBlend/BRepBlend_SurfCurvConstRadInv.ixx
+M BRepBlend:pubinclude:BRepBlend_SurfPointEvolRadInv.hxx /dn43/OCCT/tmp/results_31.05.2011/occt/release-sources-20110531/inc/BRepBlend_SurfPointEvolRadInv.hxx
+M BRepBlend:privinclude:BRepBlend_SurfPointEvolRadInv.jxx /dn43/OCCT/tmp/results_31.05.2011/occt/release-sources-20110531/drv/BRepBlend/BRepBlend_SurfPointEvolRadInv.jxx
+M BRepBlend:privinclude:BRepBlend_SurfPointEvolRadInv.ixx /dn43/OCCT/tmp/results_31.05.2011/occt/release-sources-20110531/drv/BRepBlend/BRepBlend_SurfPointEvolRadInv.ixx
+M BRepBlend:pubinclude:BRepBlend_CurvPointRadInv.hxx /dn43/OCCT/tmp/results_31.05.2011/occt/release-sources-20110531/inc/BRepBlend_CurvPointRadInv.hxx
+M BRepBlend:privinclude:BRepBlend_CurvPointRadInv.jxx /dn43/OCCT/tmp/results_31.05.2011/occt/release-sources-20110531/drv/BRepBlend/BRepBlend_CurvPointRadInv.jxx
+M BRepBlend:privinclude:BRepBlend_CurvPointRadInv.ixx /dn43/OCCT/tmp/results_31.05.2011/occt/release-sources-20110531/drv/BRepBlend/BRepBlend_CurvPointRadInv.ixx
+M BRepBlend:pubinclude:BRepBlend_SurfCurvEvolRadInv.hxx /dn43/OCCT/tmp/results_31.05.2011/occt/release-sources-20110531/inc/BRepBlend_SurfCurvEvolRadInv.hxx
+M BRepBlend:privinclude:BRepBlend_SurfCurvEvolRadInv.jxx /dn43/OCCT/tmp/results_31.05.2011/occt/release-sources-20110531/drv/BRepBlend/BRepBlend_SurfCurvEvolRadInv.jxx
+M BRepBlend:privinclude:BRepBlend_SurfCurvEvolRadInv.ixx /dn43/OCCT/tmp/results_31.05.2011/occt/release-sources-20110531/drv/BRepBlend/BRepBlend_SurfCurvEvolRadInv.ixx
+M BRepBlend:pubinclude:BRepBlend_SurfRstLineBuilder.hxx /dn43/OCCT/tmp/results_31.05.2011/occt/release-sources-20110531/inc/BRepBlend_SurfRstLineBuilder.hxx
+M BRepBlend:privinclude:BRepBlend_SurfRstLineBuilder.jxx /dn43/OCCT/tmp/results_31.05.2011/occt/release-sources-20110531/drv/BRepBlend/BRepBlend_SurfRstLineBuilder.jxx
+M BRepBlend:privinclude:BRepBlend_SurfRstLineBuilder.ixx /dn43/OCCT/tmp/results_31.05.2011/occt/release-sources-20110531/drv/BRepBlend/BRepBlend_SurfRstLineBuilder.ixx
+M BRepBlend:pubinclude:BRepBlend_RstRstLineBuilder.hxx /dn43/OCCT/tmp/results_31.05.2011/occt/release-sources-20110531/inc/BRepBlend_RstRstLineBuilder.hxx
+M BRepBlend:privinclude:BRepBlend_RstRstLineBuilder.jxx /dn43/OCCT/tmp/results_31.05.2011/occt/release-sources-20110531/drv/BRepBlend/BRepBlend_RstRstLineBuilder.jxx
+M BRepBlend:privinclude:BRepBlend_RstRstLineBuilder.ixx /dn43/OCCT/tmp/results_31.05.2011/occt/release-sources-20110531/drv/BRepBlend/BRepBlend_RstRstLineBuilder.ixx
+M BRepBlend:pubinclude:Handle_BRepBlend_SequenceNodeOfSequenceOfPointOnRst.hxx /dn43/OCCT/tmp/results_31.05.2011/occt/release-sources-20110531/inc/Handle_BRepBlend_SequenceNodeOfSequenceOfPointOnRst.hxx
+M BRepBlend:pubinclude:BRepBlend_SequenceNodeOfSequenceOfPointOnRst.hxx /dn43/OCCT/tmp/results_31.05.2011/occt/release-sources-20110531/inc/BRepBlend_SequenceNodeOfSequenceOfPointOnRst.hxx
+M BRepBlend:derivated:BRepBlend_SequenceNodeOfSequenceOfPointOnRst_0.cxx /dn43/OCCT/tmp/results_31.05.2011/occt/release-sources-20110531/drv/BRepBlend/BRepBlend_SequenceNodeOfSequenceOfPointOnRst_0.cxx
+M BRepBlend:pubinclude:Handle_BRepBlend_SequenceNodeOfSequenceOfLine.hxx /dn43/OCCT/tmp/results_31.05.2011/occt/release-sources-20110531/inc/Handle_BRepBlend_SequenceNodeOfSequenceOfLine.hxx
+M BRepBlend:pubinclude:BRepBlend_SequenceNodeOfSequenceOfLine.hxx /dn43/OCCT/tmp/results_31.05.2011/occt/release-sources-20110531/inc/BRepBlend_SequenceNodeOfSequenceOfLine.hxx
+M BRepBlend:derivated:BRepBlend_SequenceNodeOfSequenceOfLine_0.cxx /dn43/OCCT/tmp/results_31.05.2011/occt/release-sources-20110531/drv/BRepBlend/BRepBlend_SequenceNodeOfSequenceOfLine_0.cxx
+M BRepBlend:pubinclude:BRepBlend_ConstRad.hxx /dn43/OCCT/tmp/results_31.05.2011/occt/release-sources-20110531/inc/BRepBlend_ConstRad.hxx
+M BRepBlend:pubinclude:BRepBlend_ConstRadInv.hxx /dn43/OCCT/tmp/results_31.05.2011/occt/release-sources-20110531/inc/BRepBlend_ConstRadInv.hxx
+M BRepBlend:pubinclude:BRepBlend_Ruled.hxx /dn43/OCCT/tmp/results_31.05.2011/occt/release-sources-20110531/inc/BRepBlend_Ruled.hxx
+M BRepBlend:pubinclude:BRepBlend_RuledInv.hxx /dn43/OCCT/tmp/results_31.05.2011/occt/release-sources-20110531/inc/BRepBlend_RuledInv.hxx
+M BRepBlend:pubinclude:BRepBlend_EvolRad.hxx /dn43/OCCT/tmp/results_31.05.2011/occt/release-sources-20110531/inc/BRepBlend_EvolRad.hxx
+M BRepBlend:pubinclude:BRepBlend_EvolRadInv.hxx /dn43/OCCT/tmp/results_31.05.2011/occt/release-sources-20110531/inc/BRepBlend_EvolRadInv.hxx
+M BRepBlend:pubinclude:BRepBlend_CSConstRad.hxx /dn43/OCCT/tmp/results_31.05.2011/occt/release-sources-20110531/inc/BRepBlend_CSConstRad.hxx
+M BRepBlend:pubinclude:BRepBlend_CSCircular.hxx /dn43/OCCT/tmp/results_31.05.2011/occt/release-sources-20110531/inc/BRepBlend_CSCircular.hxx
+M BRepBlend:pubinclude:BRepBlend_Chamfer.hxx /dn43/OCCT/tmp/results_31.05.2011/occt/release-sources-20110531/inc/BRepBlend_Chamfer.hxx
+M BRepBlend:pubinclude:BRepBlend_ChamfInv.hxx /dn43/OCCT/tmp/results_31.05.2011/occt/release-sources-20110531/inc/BRepBlend_ChamfInv.hxx
+M BRepBlend:pubinclude:BRepBlend_ChAsym.hxx /dn43/OCCT/tmp/results_31.05.2011/occt/release-sources-20110531/inc/BRepBlend_ChAsym.hxx
+M BRepBlend:pubinclude:BRepBlend_ChAsymInv.hxx /dn43/OCCT/tmp/results_31.05.2011/occt/release-sources-20110531/inc/BRepBlend_ChAsymInv.hxx
+M BRepBlend:dbadmfile:BRepBlend_xcpp_header.In /dn43/OCCT/tmp/results_31.05.2011/occt/release-sources-20110531/drv/BRepBlend/.adm/BRepBlend_xcpp_header.In
+M BRepBlend:dbadmfile:BRepBlend_xcpp_header.Out /dn43/OCCT/tmp/results_31.05.2011/occt/release-sources-20110531/drv/BRepBlend/.adm/BRepBlend_xcpp_header.Out
+M BRepBlend:dbadmfile:BRepBlend_xcpp_header.Dep /dn43/OCCT/tmp/results_31.05.2011/occt/release-sources-20110531/drv/BRepBlend/.adm/BRepBlend_xcpp_header.Dep
