+M gce:pubinclude:gce_Root.hxx /dn43/OCCT/tmp/results_28.02.2011/occt/release-sources-20110228/inc/gce_Root.hxx
+M gce:privinclude:gce_Root.jxx /dn43/OCCT/tmp/results_28.02.2011/occt/release-sources-20110228/drv/gce/gce_Root.jxx
+M gce:privinclude:gce_Root.ixx /dn43/OCCT/tmp/results_28.02.2011/occt/release-sources-20110228/drv/gce/gce_Root.ixx
+M gce:pubinclude:gce_MakeDir2d.hxx /dn43/OCCT/tmp/results_28.02.2011/occt/release-sources-20110228/inc/gce_MakeDir2d.hxx
+M gce:privinclude:gce_MakeDir2d.jxx /dn43/OCCT/tmp/results_28.02.2011/occt/release-sources-20110228/drv/gce/gce_MakeDir2d.jxx
+M gce:privinclude:gce_MakeDir2d.ixx /dn43/OCCT/tmp/results_28.02.2011/occt/release-sources-20110228/drv/gce/gce_MakeDir2d.ixx
+M gce:pubinclude:gce_MakeLin2d.hxx /dn43/OCCT/tmp/results_28.02.2011/occt/release-sources-20110228/inc/gce_MakeLin2d.hxx
+M gce:privinclude:gce_MakeLin2d.jxx /dn43/OCCT/tmp/results_28.02.2011/occt/release-sources-20110228/drv/gce/gce_MakeLin2d.jxx
+M gce:privinclude:gce_MakeLin2d.ixx /dn43/OCCT/tmp/results_28.02.2011/occt/release-sources-20110228/drv/gce/gce_MakeLin2d.ixx
+M gce:pubinclude:gce_MakeCirc2d.hxx /dn43/OCCT/tmp/results_28.02.2011/occt/release-sources-20110228/inc/gce_MakeCirc2d.hxx
+M gce:privinclude:gce_MakeCirc2d.jxx /dn43/OCCT/tmp/results_28.02.2011/occt/release-sources-20110228/drv/gce/gce_MakeCirc2d.jxx
+M gce:privinclude:gce_MakeCirc2d.ixx /dn43/OCCT/tmp/results_28.02.2011/occt/release-sources-20110228/drv/gce/gce_MakeCirc2d.ixx
+M gce:pubinclude:gce_MakeHypr2d.hxx /dn43/OCCT/tmp/results_28.02.2011/occt/release-sources-20110228/inc/gce_MakeHypr2d.hxx
+M gce:privinclude:gce_MakeHypr2d.jxx /dn43/OCCT/tmp/results_28.02.2011/occt/release-sources-20110228/drv/gce/gce_MakeHypr2d.jxx
+M gce:privinclude:gce_MakeHypr2d.ixx /dn43/OCCT/tmp/results_28.02.2011/occt/release-sources-20110228/drv/gce/gce_MakeHypr2d.ixx
+M gce:pubinclude:gce_MakeElips2d.hxx /dn43/OCCT/tmp/results_28.02.2011/occt/release-sources-20110228/inc/gce_MakeElips2d.hxx
+M gce:privinclude:gce_MakeElips2d.jxx /dn43/OCCT/tmp/results_28.02.2011/occt/release-sources-20110228/drv/gce/gce_MakeElips2d.jxx
+M gce:privinclude:gce_MakeElips2d.ixx /dn43/OCCT/tmp/results_28.02.2011/occt/release-sources-20110228/drv/gce/gce_MakeElips2d.ixx
+M gce:pubinclude:gce_MakeParab2d.hxx /dn43/OCCT/tmp/results_28.02.2011/occt/release-sources-20110228/inc/gce_MakeParab2d.hxx
+M gce:privinclude:gce_MakeParab2d.jxx /dn43/OCCT/tmp/results_28.02.2011/occt/release-sources-20110228/drv/gce/gce_MakeParab2d.jxx
+M gce:privinclude:gce_MakeParab2d.ixx /dn43/OCCT/tmp/results_28.02.2011/occt/release-sources-20110228/drv/gce/gce_MakeParab2d.ixx
+M gce:pubinclude:gce_MakeTranslation2d.hxx /dn43/OCCT/tmp/results_28.02.2011/occt/release-sources-20110228/inc/gce_MakeTranslation2d.hxx
+M gce:privinclude:gce_MakeTranslation2d.jxx /dn43/OCCT/tmp/results_28.02.2011/occt/release-sources-20110228/drv/gce/gce_MakeTranslation2d.jxx
+M gce:privinclude:gce_MakeTranslation2d.ixx /dn43/OCCT/tmp/results_28.02.2011/occt/release-sources-20110228/drv/gce/gce_MakeTranslation2d.ixx
+M gce:pubinclude:gce_MakeMirror2d.hxx /dn43/OCCT/tmp/results_28.02.2011/occt/release-sources-20110228/inc/gce_MakeMirror2d.hxx
+M gce:privinclude:gce_MakeMirror2d.jxx /dn43/OCCT/tmp/results_28.02.2011/occt/release-sources-20110228/drv/gce/gce_MakeMirror2d.jxx
+M gce:privinclude:gce_MakeMirror2d.ixx /dn43/OCCT/tmp/results_28.02.2011/occt/release-sources-20110228/drv/gce/gce_MakeMirror2d.ixx
+M gce:pubinclude:gce_MakeRotation2d.hxx /dn43/OCCT/tmp/results_28.02.2011/occt/release-sources-20110228/inc/gce_MakeRotation2d.hxx
+M gce:privinclude:gce_MakeRotation2d.jxx /dn43/OCCT/tmp/results_28.02.2011/occt/release-sources-20110228/drv/gce/gce_MakeRotation2d.jxx
+M gce:privinclude:gce_MakeRotation2d.ixx /dn43/OCCT/tmp/results_28.02.2011/occt/release-sources-20110228/drv/gce/gce_MakeRotation2d.ixx
+M gce:pubinclude:gce_MakeScale2d.hxx /dn43/OCCT/tmp/results_28.02.2011/occt/release-sources-20110228/inc/gce_MakeScale2d.hxx
+M gce:privinclude:gce_MakeScale2d.jxx /dn43/OCCT/tmp/results_28.02.2011/occt/release-sources-20110228/drv/gce/gce_MakeScale2d.jxx
+M gce:privinclude:gce_MakeScale2d.ixx /dn43/OCCT/tmp/results_28.02.2011/occt/release-sources-20110228/drv/gce/gce_MakeScale2d.ixx
+M gce:pubinclude:gce_MakeDir.hxx /dn43/OCCT/tmp/results_28.02.2011/occt/release-sources-20110228/inc/gce_MakeDir.hxx
+M gce:privinclude:gce_MakeDir.jxx /dn43/OCCT/tmp/results_28.02.2011/occt/release-sources-20110228/drv/gce/gce_MakeDir.jxx
+M gce:privinclude:gce_MakeDir.ixx /dn43/OCCT/tmp/results_28.02.2011/occt/release-sources-20110228/drv/gce/gce_MakeDir.ixx
+M gce:pubinclude:gce_MakeLin.hxx /dn43/OCCT/tmp/results_28.02.2011/occt/release-sources-20110228/inc/gce_MakeLin.hxx
+M gce:privinclude:gce_MakeLin.jxx /dn43/OCCT/tmp/results_28.02.2011/occt/release-sources-20110228/drv/gce/gce_MakeLin.jxx
+M gce:privinclude:gce_MakeLin.ixx /dn43/OCCT/tmp/results_28.02.2011/occt/release-sources-20110228/drv/gce/gce_MakeLin.ixx
+M gce:pubinclude:gce_MakeCirc.hxx /dn43/OCCT/tmp/results_28.02.2011/occt/release-sources-20110228/inc/gce_MakeCirc.hxx
+M gce:privinclude:gce_MakeCirc.jxx /dn43/OCCT/tmp/results_28.02.2011/occt/release-sources-20110228/drv/gce/gce_MakeCirc.jxx
+M gce:privinclude:gce_MakeCirc.ixx /dn43/OCCT/tmp/results_28.02.2011/occt/release-sources-20110228/drv/gce/gce_MakeCirc.ixx
+M gce:pubinclude:gce_MakeHypr.hxx /dn43/OCCT/tmp/results_28.02.2011/occt/release-sources-20110228/inc/gce_MakeHypr.hxx
+M gce:privinclude:gce_MakeHypr.jxx /dn43/OCCT/tmp/results_28.02.2011/occt/release-sources-20110228/drv/gce/gce_MakeHypr.jxx
+M gce:privinclude:gce_MakeHypr.ixx /dn43/OCCT/tmp/results_28.02.2011/occt/release-sources-20110228/drv/gce/gce_MakeHypr.ixx
+M gce:pubinclude:gce_MakeElips.hxx /dn43/OCCT/tmp/results_28.02.2011/occt/release-sources-20110228/inc/gce_MakeElips.hxx
+M gce:privinclude:gce_MakeElips.jxx /dn43/OCCT/tmp/results_28.02.2011/occt/release-sources-20110228/drv/gce/gce_MakeElips.jxx
+M gce:privinclude:gce_MakeElips.ixx /dn43/OCCT/tmp/results_28.02.2011/occt/release-sources-20110228/drv/gce/gce_MakeElips.ixx
+M gce:pubinclude:gce_MakeParab.hxx /dn43/OCCT/tmp/results_28.02.2011/occt/release-sources-20110228/inc/gce_MakeParab.hxx
+M gce:privinclude:gce_MakeParab.jxx /dn43/OCCT/tmp/results_28.02.2011/occt/release-sources-20110228/drv/gce/gce_MakeParab.jxx
+M gce:privinclude:gce_MakeParab.ixx /dn43/OCCT/tmp/results_28.02.2011/occt/release-sources-20110228/drv/gce/gce_MakeParab.ixx
+M gce:pubinclude:gce_MakePln.hxx /dn43/OCCT/tmp/results_28.02.2011/occt/release-sources-20110228/inc/gce_MakePln.hxx
+M gce:privinclude:gce_MakePln.jxx /dn43/OCCT/tmp/results_28.02.2011/occt/release-sources-20110228/drv/gce/gce_MakePln.jxx
+M gce:privinclude:gce_MakePln.ixx /dn43/OCCT/tmp/results_28.02.2011/occt/release-sources-20110228/drv/gce/gce_MakePln.ixx
+M gce:pubinclude:gce_MakeCylinder.hxx /dn43/OCCT/tmp/results_28.02.2011/occt/release-sources-20110228/inc/gce_MakeCylinder.hxx
+M gce:privinclude:gce_MakeCylinder.jxx /dn43/OCCT/tmp/results_28.02.2011/occt/release-sources-20110228/drv/gce/gce_MakeCylinder.jxx
+M gce:privinclude:gce_MakeCylinder.ixx /dn43/OCCT/tmp/results_28.02.2011/occt/release-sources-20110228/drv/gce/gce_MakeCylinder.ixx
+M gce:pubinclude:gce_MakeCone.hxx /dn43/OCCT/tmp/results_28.02.2011/occt/release-sources-20110228/inc/gce_MakeCone.hxx
+M gce:privinclude:gce_MakeCone.jxx /dn43/OCCT/tmp/results_28.02.2011/occt/release-sources-20110228/drv/gce/gce_MakeCone.jxx
+M gce:privinclude:gce_MakeCone.ixx /dn43/OCCT/tmp/results_28.02.2011/occt/release-sources-20110228/drv/gce/gce_MakeCone.ixx
+M gce:pubinclude:gce_MakeTranslation.hxx /dn43/OCCT/tmp/results_28.02.2011/occt/release-sources-20110228/inc/gce_MakeTranslation.hxx
+M gce:privinclude:gce_MakeTranslation.jxx /dn43/OCCT/tmp/results_28.02.2011/occt/release-sources-20110228/drv/gce/gce_MakeTranslation.jxx
+M gce:privinclude:gce_MakeTranslation.ixx /dn43/OCCT/tmp/results_28.02.2011/occt/release-sources-20110228/drv/gce/gce_MakeTranslation.ixx
+M gce:pubinclude:gce_MakeMirror.hxx /dn43/OCCT/tmp/results_28.02.2011/occt/release-sources-20110228/inc/gce_MakeMirror.hxx
+M gce:privinclude:gce_MakeMirror.jxx /dn43/OCCT/tmp/results_28.02.2011/occt/release-sources-20110228/drv/gce/gce_MakeMirror.jxx
+M gce:privinclude:gce_MakeMirror.ixx /dn43/OCCT/tmp/results_28.02.2011/occt/release-sources-20110228/drv/gce/gce_MakeMirror.ixx
+M gce:pubinclude:gce_MakeRotation.hxx /dn43/OCCT/tmp/results_28.02.2011/occt/release-sources-20110228/inc/gce_MakeRotation.hxx
+M gce:privinclude:gce_MakeRotation.jxx /dn43/OCCT/tmp/results_28.02.2011/occt/release-sources-20110228/drv/gce/gce_MakeRotation.jxx
+M gce:privinclude:gce_MakeRotation.ixx /dn43/OCCT/tmp/results_28.02.2011/occt/release-sources-20110228/drv/gce/gce_MakeRotation.ixx
+M gce:pubinclude:gce_MakeScale.hxx /dn43/OCCT/tmp/results_28.02.2011/occt/release-sources-20110228/inc/gce_MakeScale.hxx
+M gce:privinclude:gce_MakeScale.jxx /dn43/OCCT/tmp/results_28.02.2011/occt/release-sources-20110228/drv/gce/gce_MakeScale.jxx
+M gce:privinclude:gce_MakeScale.ixx /dn43/OCCT/tmp/results_28.02.2011/occt/release-sources-20110228/drv/gce/gce_MakeScale.ixx
+M gce:pubinclude:gce_ErrorType.hxx /dn43/OCCT/tmp/results_28.02.2011/occt/release-sources-20110228/inc/gce_ErrorType.hxx
+M gce:dbadmfile:gce_xcpp_header.In /dn43/OCCT/tmp/results_28.02.2011/occt/release-sources-20110228/drv/gce/.adm/gce_xcpp_header.In
+M gce:dbadmfile:gce_xcpp_header.Out /dn43/OCCT/tmp/results_28.02.2011/occt/release-sources-20110228/drv/gce/.adm/gce_xcpp_header.Out
+M gce:dbadmfile:gce_xcpp_header.Dep /dn43/OCCT/tmp/results_28.02.2011/occt/release-sources-20110228/drv/gce/.adm/gce_xcpp_header.Dep
