+M GCPnts:pubinclude:GCPnts_AbscissaPoint.hxx /dn43/OCCT/tmp/results_31.05.2011/occt/release-sources-20110531/inc/GCPnts_AbscissaPoint.hxx
+M GCPnts:privinclude:GCPnts_AbscissaPoint.jxx /dn43/OCCT/tmp/results_31.05.2011/occt/release-sources-20110531/drv/GCPnts/GCPnts_AbscissaPoint.jxx
+M GCPnts:privinclude:GCPnts_AbscissaPoint.ixx /dn43/OCCT/tmp/results_31.05.2011/occt/release-sources-20110531/drv/GCPnts/GCPnts_AbscissaPoint.ixx
+M GCPnts:pubinclude:GCPnts_UniformAbscissa.hxx /dn43/OCCT/tmp/results_31.05.2011/occt/release-sources-20110531/inc/GCPnts_UniformAbscissa.hxx
+M GCPnts:privinclude:GCPnts_UniformAbscissa.jxx /dn43/OCCT/tmp/results_31.05.2011/occt/release-sources-20110531/drv/GCPnts/GCPnts_UniformAbscissa.jxx
+M GCPnts:privinclude:GCPnts_UniformAbscissa.ixx /dn43/OCCT/tmp/results_31.05.2011/occt/release-sources-20110531/drv/GCPnts/GCPnts_UniformAbscissa.ixx
+M GCPnts:pubinclude:GCPnts_UniformDeflection.hxx /dn43/OCCT/tmp/results_31.05.2011/occt/release-sources-20110531/inc/GCPnts_UniformDeflection.hxx
+M GCPnts:privinclude:GCPnts_UniformDeflection.jxx /dn43/OCCT/tmp/results_31.05.2011/occt/release-sources-20110531/drv/GCPnts/GCPnts_UniformDeflection.jxx
+M GCPnts:privinclude:GCPnts_UniformDeflection.ixx /dn43/OCCT/tmp/results_31.05.2011/occt/release-sources-20110531/drv/GCPnts/GCPnts_UniformDeflection.ixx
+M GCPnts:pubinclude:GCPnts_QuasiUniformDeflection.hxx /dn43/OCCT/tmp/results_31.05.2011/occt/release-sources-20110531/inc/GCPnts_QuasiUniformDeflection.hxx
+M GCPnts:privinclude:GCPnts_QuasiUniformDeflection.jxx /dn43/OCCT/tmp/results_31.05.2011/occt/release-sources-20110531/drv/GCPnts/GCPnts_QuasiUniformDeflection.jxx
+M GCPnts:privinclude:GCPnts_QuasiUniformDeflection.ixx /dn43/OCCT/tmp/results_31.05.2011/occt/release-sources-20110531/drv/GCPnts/GCPnts_QuasiUniformDeflection.ixx
+M GCPnts:pubinclude:GCPnts_QuasiUniformAbscissa.hxx /dn43/OCCT/tmp/results_31.05.2011/occt/release-sources-20110531/inc/GCPnts_QuasiUniformAbscissa.hxx
+M GCPnts:privinclude:GCPnts_QuasiUniformAbscissa.jxx /dn43/OCCT/tmp/results_31.05.2011/occt/release-sources-20110531/drv/GCPnts/GCPnts_QuasiUniformAbscissa.jxx
+M GCPnts:privinclude:GCPnts_QuasiUniformAbscissa.ixx /dn43/OCCT/tmp/results_31.05.2011/occt/release-sources-20110531/drv/GCPnts/GCPnts_QuasiUniformAbscissa.ixx
+M GCPnts:pubinclude:GCPnts_TangentialDeflection.hxx /dn43/OCCT/tmp/results_31.05.2011/occt/release-sources-20110531/inc/GCPnts_TangentialDeflection.hxx
+M GCPnts:privinclude:GCPnts_TangentialDeflection.jxx /dn43/OCCT/tmp/results_31.05.2011/occt/release-sources-20110531/drv/GCPnts/GCPnts_TangentialDeflection.jxx
+M GCPnts:privinclude:GCPnts_TangentialDeflection.ixx /dn43/OCCT/tmp/results_31.05.2011/occt/release-sources-20110531/drv/GCPnts/GCPnts_TangentialDeflection.ixx
+M GCPnts:pubinclude:GCPnts_AbscissaType.hxx /dn43/OCCT/tmp/results_31.05.2011/occt/release-sources-20110531/inc/GCPnts_AbscissaType.hxx
+M GCPnts:pubinclude:GCPnts_DeflectionType.hxx /dn43/OCCT/tmp/results_31.05.2011/occt/release-sources-20110531/inc/GCPnts_DeflectionType.hxx
+M GCPnts:dbadmfile:GCPnts_xcpp_header.In /dn43/OCCT/tmp/results_31.05.2011/occt/release-sources-20110531/drv/GCPnts/.adm/GCPnts_xcpp_header.In
+M GCPnts:dbadmfile:GCPnts_xcpp_header.Out /dn43/OCCT/tmp/results_31.05.2011/occt/release-sources-20110531/drv/GCPnts/.adm/GCPnts_xcpp_header.Out
+M GCPnts:dbadmfile:GCPnts_xcpp_header.Dep /dn43/OCCT/tmp/results_31.05.2011/occt/release-sources-20110531/drv/GCPnts/.adm/GCPnts_xcpp_header.Dep
