+M DrawTrSurf:pubinclude:DrawTrSurf.hxx /dn43/OCCT/tmp/results_30.09.2011/occt/release-sources-20110930/inc/DrawTrSurf.hxx
+M DrawTrSurf:privinclude:DrawTrSurf.jxx /dn43/OCCT/tmp/results_30.09.2011/occt/release-sources-20110930/drv/DrawTrSurf/DrawTrSurf.jxx
+M DrawTrSurf:privinclude:DrawTrSurf.ixx /dn43/OCCT/tmp/results_30.09.2011/occt/release-sources-20110930/drv/DrawTrSurf/DrawTrSurf.ixx
+M DrawTrSurf:pubinclude:Handle_DrawTrSurf_Drawable.hxx /dn43/OCCT/tmp/results_30.09.2011/occt/release-sources-20110930/inc/Handle_DrawTrSurf_Drawable.hxx
+M DrawTrSurf:pubinclude:DrawTrSurf_Drawable.hxx /dn43/OCCT/tmp/results_30.09.2011/occt/release-sources-20110930/inc/DrawTrSurf_Drawable.hxx
+M DrawTrSurf:privinclude:DrawTrSurf_Drawable.jxx /dn43/OCCT/tmp/results_30.09.2011/occt/release-sources-20110930/drv/DrawTrSurf/DrawTrSurf_Drawable.jxx
+M DrawTrSurf:privinclude:DrawTrSurf_Drawable.ixx /dn43/OCCT/tmp/results_30.09.2011/occt/release-sources-20110930/drv/DrawTrSurf/DrawTrSurf_Drawable.ixx
+M DrawTrSurf:pubinclude:Handle_DrawTrSurf_Point.hxx /dn43/OCCT/tmp/results_30.09.2011/occt/release-sources-20110930/inc/Handle_DrawTrSurf_Point.hxx
+M DrawTrSurf:pubinclude:DrawTrSurf_Point.hxx /dn43/OCCT/tmp/results_30.09.2011/occt/release-sources-20110930/inc/DrawTrSurf_Point.hxx
+M DrawTrSurf:privinclude:DrawTrSurf_Point.jxx /dn43/OCCT/tmp/results_30.09.2011/occt/release-sources-20110930/drv/DrawTrSurf/DrawTrSurf_Point.jxx
+M DrawTrSurf:privinclude:DrawTrSurf_Point.ixx /dn43/OCCT/tmp/results_30.09.2011/occt/release-sources-20110930/drv/DrawTrSurf/DrawTrSurf_Point.ixx
+M DrawTrSurf:pubinclude:Handle_DrawTrSurf_Curve.hxx /dn43/OCCT/tmp/results_30.09.2011/occt/release-sources-20110930/inc/Handle_DrawTrSurf_Curve.hxx
+M DrawTrSurf:pubinclude:DrawTrSurf_Curve.hxx /dn43/OCCT/tmp/results_30.09.2011/occt/release-sources-20110930/inc/DrawTrSurf_Curve.hxx
+M DrawTrSurf:privinclude:DrawTrSurf_Curve.jxx /dn43/OCCT/tmp/results_30.09.2011/occt/release-sources-20110930/drv/DrawTrSurf/DrawTrSurf_Curve.jxx
+M DrawTrSurf:privinclude:DrawTrSurf_Curve.ixx /dn43/OCCT/tmp/results_30.09.2011/occt/release-sources-20110930/drv/DrawTrSurf/DrawTrSurf_Curve.ixx
+M DrawTrSurf:pubinclude:Handle_DrawTrSurf_BSplineCurve.hxx /dn43/OCCT/tmp/results_30.09.2011/occt/release-sources-20110930/inc/Handle_DrawTrSurf_BSplineCurve.hxx
+M DrawTrSurf:pubinclude:DrawTrSurf_BSplineCurve.hxx /dn43/OCCT/tmp/results_30.09.2011/occt/release-sources-20110930/inc/DrawTrSurf_BSplineCurve.hxx
+M DrawTrSurf:privinclude:DrawTrSurf_BSplineCurve.jxx /dn43/OCCT/tmp/results_30.09.2011/occt/release-sources-20110930/drv/DrawTrSurf/DrawTrSurf_BSplineCurve.jxx
+M DrawTrSurf:privinclude:DrawTrSurf_BSplineCurve.ixx /dn43/OCCT/tmp/results_30.09.2011/occt/release-sources-20110930/drv/DrawTrSurf/DrawTrSurf_BSplineCurve.ixx
+M DrawTrSurf:pubinclude:Handle_DrawTrSurf_BezierCurve.hxx /dn43/OCCT/tmp/results_30.09.2011/occt/release-sources-20110930/inc/Handle_DrawTrSurf_BezierCurve.hxx
+M DrawTrSurf:pubinclude:DrawTrSurf_BezierCurve.hxx /dn43/OCCT/tmp/results_30.09.2011/occt/release-sources-20110930/inc/DrawTrSurf_BezierCurve.hxx
+M DrawTrSurf:privinclude:DrawTrSurf_BezierCurve.jxx /dn43/OCCT/tmp/results_30.09.2011/occt/release-sources-20110930/drv/DrawTrSurf/DrawTrSurf_BezierCurve.jxx
+M DrawTrSurf:privinclude:DrawTrSurf_BezierCurve.ixx /dn43/OCCT/tmp/results_30.09.2011/occt/release-sources-20110930/drv/DrawTrSurf/DrawTrSurf_BezierCurve.ixx
+M DrawTrSurf:pubinclude:Handle_DrawTrSurf_Curve2d.hxx /dn43/OCCT/tmp/results_30.09.2011/occt/release-sources-20110930/inc/Handle_DrawTrSurf_Curve2d.hxx
+M DrawTrSurf:pubinclude:DrawTrSurf_Curve2d.hxx /dn43/OCCT/tmp/results_30.09.2011/occt/release-sources-20110930/inc/DrawTrSurf_Curve2d.hxx
+M DrawTrSurf:privinclude:DrawTrSurf_Curve2d.jxx /dn43/OCCT/tmp/results_30.09.2011/occt/release-sources-20110930/drv/DrawTrSurf/DrawTrSurf_Curve2d.jxx
+M DrawTrSurf:privinclude:DrawTrSurf_Curve2d.ixx /dn43/OCCT/tmp/results_30.09.2011/occt/release-sources-20110930/drv/DrawTrSurf/DrawTrSurf_Curve2d.ixx
+M DrawTrSurf:pubinclude:Handle_DrawTrSurf_BSplineCurve2d.hxx /dn43/OCCT/tmp/results_30.09.2011/occt/release-sources-20110930/inc/Handle_DrawTrSurf_BSplineCurve2d.hxx
+M DrawTrSurf:pubinclude:DrawTrSurf_BSplineCurve2d.hxx /dn43/OCCT/tmp/results_30.09.2011/occt/release-sources-20110930/inc/DrawTrSurf_BSplineCurve2d.hxx
+M DrawTrSurf:privinclude:DrawTrSurf_BSplineCurve2d.jxx /dn43/OCCT/tmp/results_30.09.2011/occt/release-sources-20110930/drv/DrawTrSurf/DrawTrSurf_BSplineCurve2d.jxx
+M DrawTrSurf:privinclude:DrawTrSurf_BSplineCurve2d.ixx /dn43/OCCT/tmp/results_30.09.2011/occt/release-sources-20110930/drv/DrawTrSurf/DrawTrSurf_BSplineCurve2d.ixx
+M DrawTrSurf:pubinclude:Handle_DrawTrSurf_BezierCurve2d.hxx /dn43/OCCT/tmp/results_30.09.2011/occt/release-sources-20110930/inc/Handle_DrawTrSurf_BezierCurve2d.hxx
+M DrawTrSurf:pubinclude:DrawTrSurf_BezierCurve2d.hxx /dn43/OCCT/tmp/results_30.09.2011/occt/release-sources-20110930/inc/DrawTrSurf_BezierCurve2d.hxx
+M DrawTrSurf:privinclude:DrawTrSurf_BezierCurve2d.jxx /dn43/OCCT/tmp/results_30.09.2011/occt/release-sources-20110930/drv/DrawTrSurf/DrawTrSurf_BezierCurve2d.jxx
+M DrawTrSurf:privinclude:DrawTrSurf_BezierCurve2d.ixx /dn43/OCCT/tmp/results_30.09.2011/occt/release-sources-20110930/drv/DrawTrSurf/DrawTrSurf_BezierCurve2d.ixx
+M DrawTrSurf:pubinclude:Handle_DrawTrSurf_Triangulation2D.hxx /dn43/OCCT/tmp/results_30.09.2011/occt/release-sources-20110930/inc/Handle_DrawTrSurf_Triangulation2D.hxx
+M DrawTrSurf:pubinclude:DrawTrSurf_Triangulation2D.hxx /dn43/OCCT/tmp/results_30.09.2011/occt/release-sources-20110930/inc/DrawTrSurf_Triangulation2D.hxx
+M DrawTrSurf:privinclude:DrawTrSurf_Triangulation2D.jxx /dn43/OCCT/tmp/results_30.09.2011/occt/release-sources-20110930/drv/DrawTrSurf/DrawTrSurf_Triangulation2D.jxx
+M DrawTrSurf:privinclude:DrawTrSurf_Triangulation2D.ixx /dn43/OCCT/tmp/results_30.09.2011/occt/release-sources-20110930/drv/DrawTrSurf/DrawTrSurf_Triangulation2D.ixx
+M DrawTrSurf:pubinclude:Handle_DrawTrSurf_Surface.hxx /dn43/OCCT/tmp/results_30.09.2011/occt/release-sources-20110930/inc/Handle_DrawTrSurf_Surface.hxx
+M DrawTrSurf:pubinclude:DrawTrSurf_Surface.hxx /dn43/OCCT/tmp/results_30.09.2011/occt/release-sources-20110930/inc/DrawTrSurf_Surface.hxx
+M DrawTrSurf:privinclude:DrawTrSurf_Surface.jxx /dn43/OCCT/tmp/results_30.09.2011/occt/release-sources-20110930/drv/DrawTrSurf/DrawTrSurf_Surface.jxx
+M DrawTrSurf:privinclude:DrawTrSurf_Surface.ixx /dn43/OCCT/tmp/results_30.09.2011/occt/release-sources-20110930/drv/DrawTrSurf/DrawTrSurf_Surface.ixx
+M DrawTrSurf:pubinclude:Handle_DrawTrSurf_BSplineSurface.hxx /dn43/OCCT/tmp/results_30.09.2011/occt/release-sources-20110930/inc/Handle_DrawTrSurf_BSplineSurface.hxx
+M DrawTrSurf:pubinclude:DrawTrSurf_BSplineSurface.hxx /dn43/OCCT/tmp/results_30.09.2011/occt/release-sources-20110930/inc/DrawTrSurf_BSplineSurface.hxx
+M DrawTrSurf:privinclude:DrawTrSurf_BSplineSurface.jxx /dn43/OCCT/tmp/results_30.09.2011/occt/release-sources-20110930/drv/DrawTrSurf/DrawTrSurf_BSplineSurface.jxx
+M DrawTrSurf:privinclude:DrawTrSurf_BSplineSurface.ixx /dn43/OCCT/tmp/results_30.09.2011/occt/release-sources-20110930/drv/DrawTrSurf/DrawTrSurf_BSplineSurface.ixx
+M DrawTrSurf:pubinclude:Handle_DrawTrSurf_BezierSurface.hxx /dn43/OCCT/tmp/results_30.09.2011/occt/release-sources-20110930/inc/Handle_DrawTrSurf_BezierSurface.hxx
+M DrawTrSurf:pubinclude:DrawTrSurf_BezierSurface.hxx /dn43/OCCT/tmp/results_30.09.2011/occt/release-sources-20110930/inc/DrawTrSurf_BezierSurface.hxx
+M DrawTrSurf:privinclude:DrawTrSurf_BezierSurface.jxx /dn43/OCCT/tmp/results_30.09.2011/occt/release-sources-20110930/drv/DrawTrSurf/DrawTrSurf_BezierSurface.jxx
+M DrawTrSurf:privinclude:DrawTrSurf_BezierSurface.ixx /dn43/OCCT/tmp/results_30.09.2011/occt/release-sources-20110930/drv/DrawTrSurf/DrawTrSurf_BezierSurface.ixx
+M DrawTrSurf:pubinclude:Handle_DrawTrSurf_Triangulation.hxx /dn43/OCCT/tmp/results_30.09.2011/occt/release-sources-20110930/inc/Handle_DrawTrSurf_Triangulation.hxx
+M DrawTrSurf:pubinclude:DrawTrSurf_Triangulation.hxx /dn43/OCCT/tmp/results_30.09.2011/occt/release-sources-20110930/inc/DrawTrSurf_Triangulation.hxx
+M DrawTrSurf:privinclude:DrawTrSurf_Triangulation.jxx /dn43/OCCT/tmp/results_30.09.2011/occt/release-sources-20110930/drv/DrawTrSurf/DrawTrSurf_Triangulation.jxx
+M DrawTrSurf:privinclude:DrawTrSurf_Triangulation.ixx /dn43/OCCT/tmp/results_30.09.2011/occt/release-sources-20110930/drv/DrawTrSurf/DrawTrSurf_Triangulation.ixx
+M DrawTrSurf:pubinclude:Handle_DrawTrSurf_Polygon3D.hxx /dn43/OCCT/tmp/results_30.09.2011/occt/release-sources-20110930/inc/Handle_DrawTrSurf_Polygon3D.hxx
+M DrawTrSurf:pubinclude:DrawTrSurf_Polygon3D.hxx /dn43/OCCT/tmp/results_30.09.2011/occt/release-sources-20110930/inc/DrawTrSurf_Polygon3D.hxx
+M DrawTrSurf:privinclude:DrawTrSurf_Polygon3D.jxx /dn43/OCCT/tmp/results_30.09.2011/occt/release-sources-20110930/drv/DrawTrSurf/DrawTrSurf_Polygon3D.jxx
+M DrawTrSurf:privinclude:DrawTrSurf_Polygon3D.ixx /dn43/OCCT/tmp/results_30.09.2011/occt/release-sources-20110930/drv/DrawTrSurf/DrawTrSurf_Polygon3D.ixx
+M DrawTrSurf:pubinclude:Handle_DrawTrSurf_Polygon2D.hxx /dn43/OCCT/tmp/results_30.09.2011/occt/release-sources-20110930/inc/Handle_DrawTrSurf_Polygon2D.hxx
+M DrawTrSurf:pubinclude:DrawTrSurf_Polygon2D.hxx /dn43/OCCT/tmp/results_30.09.2011/occt/release-sources-20110930/inc/DrawTrSurf_Polygon2D.hxx
+M DrawTrSurf:privinclude:DrawTrSurf_Polygon2D.jxx /dn43/OCCT/tmp/results_30.09.2011/occt/release-sources-20110930/drv/DrawTrSurf/DrawTrSurf_Polygon2D.jxx
+M DrawTrSurf:privinclude:DrawTrSurf_Polygon2D.ixx /dn43/OCCT/tmp/results_30.09.2011/occt/release-sources-20110930/drv/DrawTrSurf/DrawTrSurf_Polygon2D.ixx
+M DrawTrSurf:dbadmfile:DrawTrSurf_xcpp_header.In /dn43/OCCT/tmp/results_30.09.2011/occt/release-sources-20110930/drv/DrawTrSurf/.adm/DrawTrSurf_xcpp_header.In
+M DrawTrSurf:dbadmfile:DrawTrSurf_xcpp_header.Out /dn43/OCCT/tmp/results_30.09.2011/occt/release-sources-20110930/drv/DrawTrSurf/.adm/DrawTrSurf_xcpp_header.Out
+M DrawTrSurf:dbadmfile:DrawTrSurf_xcpp_header.Dep /dn43/OCCT/tmp/results_30.09.2011/occt/release-sources-20110930/drv/DrawTrSurf/.adm/DrawTrSurf_xcpp_header.Dep
