+M BRepSweep:pubinclude:BRepSweep_Builder.hxx /dn43/OCCT/tmp/results_31.05.2011/occt/release-sources-20110531/inc/BRepSweep_Builder.hxx
+M BRepSweep:privinclude:BRepSweep_Builder.jxx /dn43/OCCT/tmp/results_31.05.2011/occt/release-sources-20110531/drv/BRepSweep/BRepSweep_Builder.jxx
+M BRepSweep:privinclude:BRepSweep_Builder.ixx /dn43/OCCT/tmp/results_31.05.2011/occt/release-sources-20110531/drv/BRepSweep/BRepSweep_Builder.ixx
+M BRepSweep:pubinclude:BRepSweep_Tool.hxx /dn43/OCCT/tmp/results_31.05.2011/occt/release-sources-20110531/inc/BRepSweep_Tool.hxx
+M BRepSweep:privinclude:BRepSweep_Tool.jxx /dn43/OCCT/tmp/results_31.05.2011/occt/release-sources-20110531/drv/BRepSweep/BRepSweep_Tool.jxx
+M BRepSweep:privinclude:BRepSweep_Tool.ixx /dn43/OCCT/tmp/results_31.05.2011/occt/release-sources-20110531/drv/BRepSweep/BRepSweep_Tool.ixx
+M BRepSweep:pubinclude:BRepSweep_Iterator.hxx /dn43/OCCT/tmp/results_31.05.2011/occt/release-sources-20110531/inc/BRepSweep_Iterator.hxx
+M BRepSweep:privinclude:BRepSweep_Iterator.jxx /dn43/OCCT/tmp/results_31.05.2011/occt/release-sources-20110531/drv/BRepSweep/BRepSweep_Iterator.jxx
+M BRepSweep:privinclude:BRepSweep_Iterator.ixx /dn43/OCCT/tmp/results_31.05.2011/occt/release-sources-20110531/drv/BRepSweep/BRepSweep_Iterator.ixx
+M BRepSweep:pubinclude:BRepSweep_NumLinearRegularSweep.hxx /dn43/OCCT/tmp/results_31.05.2011/occt/release-sources-20110531/inc/BRepSweep_NumLinearRegularSweep.hxx
+M BRepSweep:derivated:BRepSweep_NumLinearRegularSweep_0.cxx /dn43/OCCT/tmp/results_31.05.2011/occt/release-sources-20110531/drv/BRepSweep/BRepSweep_NumLinearRegularSweep_0.cxx
+M BRepSweep:pubinclude:BRepSweep_Trsf.hxx /dn43/OCCT/tmp/results_31.05.2011/occt/release-sources-20110531/inc/BRepSweep_Trsf.hxx
+M BRepSweep:privinclude:BRepSweep_Trsf.jxx /dn43/OCCT/tmp/results_31.05.2011/occt/release-sources-20110531/drv/BRepSweep/BRepSweep_Trsf.jxx
+M BRepSweep:privinclude:BRepSweep_Trsf.ixx /dn43/OCCT/tmp/results_31.05.2011/occt/release-sources-20110531/drv/BRepSweep/BRepSweep_Trsf.ixx
+M BRepSweep:pubinclude:BRepSweep_Translation.hxx /dn43/OCCT/tmp/results_31.05.2011/occt/release-sources-20110531/inc/BRepSweep_Translation.hxx
+M BRepSweep:privinclude:BRepSweep_Translation.jxx /dn43/OCCT/tmp/results_31.05.2011/occt/release-sources-20110531/drv/BRepSweep/BRepSweep_Translation.jxx
+M BRepSweep:privinclude:BRepSweep_Translation.ixx /dn43/OCCT/tmp/results_31.05.2011/occt/release-sources-20110531/drv/BRepSweep/BRepSweep_Translation.ixx
+M BRepSweep:pubinclude:BRepSweep_Rotation.hxx /dn43/OCCT/tmp/results_31.05.2011/occt/release-sources-20110531/inc/BRepSweep_Rotation.hxx
+M BRepSweep:privinclude:BRepSweep_Rotation.jxx /dn43/OCCT/tmp/results_31.05.2011/occt/release-sources-20110531/drv/BRepSweep/BRepSweep_Rotation.jxx
+M BRepSweep:privinclude:BRepSweep_Rotation.ixx /dn43/OCCT/tmp/results_31.05.2011/occt/release-sources-20110531/drv/BRepSweep/BRepSweep_Rotation.ixx
+M BRepSweep:pubinclude:BRepSweep_Prism.hxx /dn43/OCCT/tmp/results_31.05.2011/occt/release-sources-20110531/inc/BRepSweep_Prism.hxx
+M BRepSweep:privinclude:BRepSweep_Prism.jxx /dn43/OCCT/tmp/results_31.05.2011/occt/release-sources-20110531/drv/BRepSweep/BRepSweep_Prism.jxx
+M BRepSweep:privinclude:BRepSweep_Prism.ixx /dn43/OCCT/tmp/results_31.05.2011/occt/release-sources-20110531/drv/BRepSweep/BRepSweep_Prism.ixx
+M BRepSweep:pubinclude:BRepSweep_Revol.hxx /dn43/OCCT/tmp/results_31.05.2011/occt/release-sources-20110531/inc/BRepSweep_Revol.hxx
+M BRepSweep:privinclude:BRepSweep_Revol.jxx /dn43/OCCT/tmp/results_31.05.2011/occt/release-sources-20110531/drv/BRepSweep/BRepSweep_Revol.jxx
+M BRepSweep:privinclude:BRepSweep_Revol.ixx /dn43/OCCT/tmp/results_31.05.2011/occt/release-sources-20110531/drv/BRepSweep/BRepSweep_Revol.ixx
+M BRepSweep:pubinclude:BRepSweep_Array2OfShapesOfNumLinearRegularSweep.hxx /dn43/OCCT/tmp/results_31.05.2011/occt/release-sources-20110531/inc/BRepSweep_Array2OfShapesOfNumLinearRegularSweep.hxx
+M BRepSweep:derivated:BRepSweep_Array2OfShapesOfNumLinearRegularSweep_0.cxx /dn43/OCCT/tmp/results_31.05.2011/occt/release-sources-20110531/drv/BRepSweep/BRepSweep_Array2OfShapesOfNumLinearRegularSweep_0.cxx
+M BRepSweep:pubinclude:Handle_BRepSweep_SequenceNodeOfSequenceOfShapesOfNumLinearRegularSweep.hxx /dn43/OCCT/tmp/results_31.05.2011/occt/release-sources-20110531/inc/Handle_BRepSweep_SequenceNodeOfSequenceOfShapesOfNumLinearRegularSweep.hxx
+M BRepSweep:pubinclude:BRepSweep_SequenceNodeOfSequenceOfShapesOfNumLinearRegularSweep.hxx /dn43/OCCT/tmp/results_31.05.2011/occt/release-sources-20110531/inc/BRepSweep_SequenceNodeOfSequenceOfShapesOfNumLinearRegularSweep.hxx
+M BRepSweep:derivated:BRepSweep_SequenceNodeOfSequenceOfShapesOfNumLinearRegularSweep_0.cxx /dn43/OCCT/tmp/results_31.05.2011/occt/release-sources-20110531/drv/BRepSweep/BRepSweep_SequenceNodeOfSequenceOfShapesOfNumLinearRegularSweep_0.cxx
+M BRepSweep:pubinclude:BRepSweep_SequenceOfShapesOfNumLinearRegularSweep.hxx /dn43/OCCT/tmp/results_31.05.2011/occt/release-sources-20110531/inc/BRepSweep_SequenceOfShapesOfNumLinearRegularSweep.hxx
+M BRepSweep:derivated:BRepSweep_SequenceOfShapesOfNumLinearRegularSweep_0.cxx /dn43/OCCT/tmp/results_31.05.2011/occt/release-sources-20110531/drv/BRepSweep/BRepSweep_SequenceOfShapesOfNumLinearRegularSweep_0.cxx
+M BRepSweep:dbadmfile:BRepSweep_xcpp_header.In /dn43/OCCT/tmp/results_31.05.2011/occt/release-sources-20110531/drv/BRepSweep/.adm/BRepSweep_xcpp_header.In
+M BRepSweep:dbadmfile:BRepSweep_xcpp_header.Out /dn43/OCCT/tmp/results_31.05.2011/occt/release-sources-20110531/drv/BRepSweep/.adm/BRepSweep_xcpp_header.Out
+M BRepSweep:dbadmfile:BRepSweep_xcpp_header.Dep /dn43/OCCT/tmp/results_31.05.2011/occt/release-sources-20110531/drv/BRepSweep/.adm/BRepSweep_xcpp_header.Dep
