+M GeomAPI:pubinclude:GeomAPI.hxx /dn43/OCCT/tmp/results_31.05.2011/occt/release-sources-20110531/inc/GeomAPI.hxx
+M GeomAPI:privinclude:GeomAPI.jxx /dn43/OCCT/tmp/results_31.05.2011/occt/release-sources-20110531/drv/GeomAPI/GeomAPI.jxx
+M GeomAPI:privinclude:GeomAPI.ixx /dn43/OCCT/tmp/results_31.05.2011/occt/release-sources-20110531/drv/GeomAPI/GeomAPI.ixx
+M GeomAPI:pubinclude:GeomAPI_ProjectPointOnCurve.hxx /dn43/OCCT/tmp/results_31.05.2011/occt/release-sources-20110531/inc/GeomAPI_ProjectPointOnCurve.hxx
+M GeomAPI:privinclude:GeomAPI_ProjectPointOnCurve.jxx /dn43/OCCT/tmp/results_31.05.2011/occt/release-sources-20110531/drv/GeomAPI/GeomAPI_ProjectPointOnCurve.jxx
+M GeomAPI:privinclude:GeomAPI_ProjectPointOnCurve.ixx /dn43/OCCT/tmp/results_31.05.2011/occt/release-sources-20110531/drv/GeomAPI/GeomAPI_ProjectPointOnCurve.ixx
+M GeomAPI:pubinclude:GeomAPI_ProjectPointOnSurf.hxx /dn43/OCCT/tmp/results_31.05.2011/occt/release-sources-20110531/inc/GeomAPI_ProjectPointOnSurf.hxx
+M GeomAPI:privinclude:GeomAPI_ProjectPointOnSurf.jxx /dn43/OCCT/tmp/results_31.05.2011/occt/release-sources-20110531/drv/GeomAPI/GeomAPI_ProjectPointOnSurf.jxx
+M GeomAPI:privinclude:GeomAPI_ProjectPointOnSurf.ixx /dn43/OCCT/tmp/results_31.05.2011/occt/release-sources-20110531/drv/GeomAPI/GeomAPI_ProjectPointOnSurf.ixx
+M GeomAPI:pubinclude:GeomAPI_ExtremaCurveCurve.hxx /dn43/OCCT/tmp/results_31.05.2011/occt/release-sources-20110531/inc/GeomAPI_ExtremaCurveCurve.hxx
+M GeomAPI:privinclude:GeomAPI_ExtremaCurveCurve.jxx /dn43/OCCT/tmp/results_31.05.2011/occt/release-sources-20110531/drv/GeomAPI/GeomAPI_ExtremaCurveCurve.jxx
+M GeomAPI:privinclude:GeomAPI_ExtremaCurveCurve.ixx /dn43/OCCT/tmp/results_31.05.2011/occt/release-sources-20110531/drv/GeomAPI/GeomAPI_ExtremaCurveCurve.ixx
+M GeomAPI:pubinclude:GeomAPI_ExtremaCurveSurface.hxx /dn43/OCCT/tmp/results_31.05.2011/occt/release-sources-20110531/inc/GeomAPI_ExtremaCurveSurface.hxx
+M GeomAPI:privinclude:GeomAPI_ExtremaCurveSurface.jxx /dn43/OCCT/tmp/results_31.05.2011/occt/release-sources-20110531/drv/GeomAPI/GeomAPI_ExtremaCurveSurface.jxx
+M GeomAPI:privinclude:GeomAPI_ExtremaCurveSurface.ixx /dn43/OCCT/tmp/results_31.05.2011/occt/release-sources-20110531/drv/GeomAPI/GeomAPI_ExtremaCurveSurface.ixx
+M GeomAPI:pubinclude:GeomAPI_ExtremaSurfaceSurface.hxx /dn43/OCCT/tmp/results_31.05.2011/occt/release-sources-20110531/inc/GeomAPI_ExtremaSurfaceSurface.hxx
+M GeomAPI:privinclude:GeomAPI_ExtremaSurfaceSurface.jxx /dn43/OCCT/tmp/results_31.05.2011/occt/release-sources-20110531/drv/GeomAPI/GeomAPI_ExtremaSurfaceSurface.jxx
+M GeomAPI:privinclude:GeomAPI_ExtremaSurfaceSurface.ixx /dn43/OCCT/tmp/results_31.05.2011/occt/release-sources-20110531/drv/GeomAPI/GeomAPI_ExtremaSurfaceSurface.ixx
+M GeomAPI:pubinclude:GeomAPI_PointsToBSpline.hxx /dn43/OCCT/tmp/results_31.05.2011/occt/release-sources-20110531/inc/GeomAPI_PointsToBSpline.hxx
+M GeomAPI:privinclude:GeomAPI_PointsToBSpline.jxx /dn43/OCCT/tmp/results_31.05.2011/occt/release-sources-20110531/drv/GeomAPI/GeomAPI_PointsToBSpline.jxx
+M GeomAPI:privinclude:GeomAPI_PointsToBSpline.ixx /dn43/OCCT/tmp/results_31.05.2011/occt/release-sources-20110531/drv/GeomAPI/GeomAPI_PointsToBSpline.ixx
+M GeomAPI:pubinclude:GeomAPI_PointsToBSplineSurface.hxx /dn43/OCCT/tmp/results_31.05.2011/occt/release-sources-20110531/inc/GeomAPI_PointsToBSplineSurface.hxx
+M GeomAPI:privinclude:GeomAPI_PointsToBSplineSurface.jxx /dn43/OCCT/tmp/results_31.05.2011/occt/release-sources-20110531/drv/GeomAPI/GeomAPI_PointsToBSplineSurface.jxx
+M GeomAPI:privinclude:GeomAPI_PointsToBSplineSurface.ixx /dn43/OCCT/tmp/results_31.05.2011/occt/release-sources-20110531/drv/GeomAPI/GeomAPI_PointsToBSplineSurface.ixx
+M GeomAPI:pubinclude:GeomAPI_Interpolate.hxx /dn43/OCCT/tmp/results_31.05.2011/occt/release-sources-20110531/inc/GeomAPI_Interpolate.hxx
+M GeomAPI:privinclude:GeomAPI_Interpolate.jxx /dn43/OCCT/tmp/results_31.05.2011/occt/release-sources-20110531/drv/GeomAPI/GeomAPI_Interpolate.jxx
+M GeomAPI:privinclude:GeomAPI_Interpolate.ixx /dn43/OCCT/tmp/results_31.05.2011/occt/release-sources-20110531/drv/GeomAPI/GeomAPI_Interpolate.ixx
+M GeomAPI:pubinclude:GeomAPI_IntSS.hxx /dn43/OCCT/tmp/results_31.05.2011/occt/release-sources-20110531/inc/GeomAPI_IntSS.hxx
+M GeomAPI:privinclude:GeomAPI_IntSS.jxx /dn43/OCCT/tmp/results_31.05.2011/occt/release-sources-20110531/drv/GeomAPI/GeomAPI_IntSS.jxx
+M GeomAPI:privinclude:GeomAPI_IntSS.ixx /dn43/OCCT/tmp/results_31.05.2011/occt/release-sources-20110531/drv/GeomAPI/GeomAPI_IntSS.ixx
+M GeomAPI:pubinclude:GeomAPI_IntCS.hxx /dn43/OCCT/tmp/results_31.05.2011/occt/release-sources-20110531/inc/GeomAPI_IntCS.hxx
+M GeomAPI:privinclude:GeomAPI_IntCS.jxx /dn43/OCCT/tmp/results_31.05.2011/occt/release-sources-20110531/drv/GeomAPI/GeomAPI_IntCS.jxx
+M GeomAPI:privinclude:GeomAPI_IntCS.ixx /dn43/OCCT/tmp/results_31.05.2011/occt/release-sources-20110531/drv/GeomAPI/GeomAPI_IntCS.ixx
+M GeomAPI:dbadmfile:GeomAPI_xcpp_header.In /dn43/OCCT/tmp/results_31.05.2011/occt/release-sources-20110531/drv/GeomAPI/.adm/GeomAPI_xcpp_header.In
+M GeomAPI:dbadmfile:GeomAPI_xcpp_header.Out /dn43/OCCT/tmp/results_31.05.2011/occt/release-sources-20110531/drv/GeomAPI/.adm/GeomAPI_xcpp_header.Out
+M GeomAPI:dbadmfile:GeomAPI_xcpp_header.Dep /dn43/OCCT/tmp/results_31.05.2011/occt/release-sources-20110531/drv/GeomAPI/.adm/GeomAPI_xcpp_header.Dep
