+M IntPatch:pubinclude:IntPatch_ImpImpIntersection_0.gxx /dn43/OCCT/tmp/results_30.09.2011/occt/release-sources-20110930/inc/IntPatch_ImpImpIntersection_0.gxx
+M IntPatch:pubinclude:IntPatch_ImpImpIntersection_1.gxx /dn43/OCCT/tmp/results_30.09.2011/occt/release-sources-20110930/inc/IntPatch_ImpImpIntersection_1.gxx
+M IntPatch:pubinclude:IntPatch_ImpImpIntersection_2.gxx /dn43/OCCT/tmp/results_30.09.2011/occt/release-sources-20110930/inc/IntPatch_ImpImpIntersection_2.gxx
+M IntPatch:pubinclude:IntPatch_ImpImpIntersection_3.gxx /dn43/OCCT/tmp/results_30.09.2011/occt/release-sources-20110930/inc/IntPatch_ImpImpIntersection_3.gxx
+M IntPatch:pubinclude:IntPatch_ImpImpIntersection_4.gxx /dn43/OCCT/tmp/results_30.09.2011/occt/release-sources-20110930/inc/IntPatch_ImpImpIntersection_4.gxx
+M IntPatch:pubinclude:IntPatch_ImpImpIntersection_5.gxx /dn43/OCCT/tmp/results_30.09.2011/occt/release-sources-20110930/inc/IntPatch_ImpImpIntersection_5.gxx
+M IntPatch:pubinclude:IntPatch_Point.lxx /dn43/OCCT/tmp/results_30.09.2011/occt/release-sources-20110930/inc/IntPatch_Point.lxx
+M IntPatch:pubinclude:IntPatch_Line.lxx /dn43/OCCT/tmp/results_30.09.2011/occt/release-sources-20110930/inc/IntPatch_Line.lxx
+M IntPatch:pubinclude:IntPatch_GLine.lxx /dn43/OCCT/tmp/results_30.09.2011/occt/release-sources-20110930/inc/IntPatch_GLine.lxx
+M IntPatch:pubinclude:IntPatch_ALine.lxx /dn43/OCCT/tmp/results_30.09.2011/occt/release-sources-20110930/inc/IntPatch_ALine.lxx
+M IntPatch:pubinclude:IntPatch_WLine.lxx /dn43/OCCT/tmp/results_30.09.2011/occt/release-sources-20110930/inc/IntPatch_WLine.lxx
+M IntPatch:pubinclude:IntPatch_RLine.lxx /dn43/OCCT/tmp/results_30.09.2011/occt/release-sources-20110930/inc/IntPatch_RLine.lxx
+M IntPatch:pubinclude:IntPatch_ArcFunction.lxx /dn43/OCCT/tmp/results_30.09.2011/occt/release-sources-20110930/inc/IntPatch_ArcFunction.lxx
+M IntPatch:pubinclude:IntPatch_ImpImpIntersection.lxx /dn43/OCCT/tmp/results_30.09.2011/occt/release-sources-20110930/inc/IntPatch_ImpImpIntersection.lxx
+M IntPatch:pubinclude:IntPatch_PolygoTool.lxx /dn43/OCCT/tmp/results_30.09.2011/occt/release-sources-20110930/inc/IntPatch_PolygoTool.lxx
+M IntPatch:pubinclude:IntPatch_ImpPrmIntersection.lxx /dn43/OCCT/tmp/results_30.09.2011/occt/release-sources-20110930/inc/IntPatch_ImpPrmIntersection.lxx
+M IntPatch:pubinclude:IntPatch_PolyhedronTool.lxx /dn43/OCCT/tmp/results_30.09.2011/occt/release-sources-20110930/inc/IntPatch_PolyhedronTool.lxx
+M IntPatch:pubinclude:IntPatch_PrmPrmIntersection_T3Bits.lxx /dn43/OCCT/tmp/results_30.09.2011/occt/release-sources-20110930/inc/IntPatch_PrmPrmIntersection_T3Bits.lxx
+M IntPatch:pubinclude:IntPatch_PrmPrmIntersection.lxx /dn43/OCCT/tmp/results_30.09.2011/occt/release-sources-20110930/inc/IntPatch_PrmPrmIntersection.lxx
+M IntPatch:pubinclude:IntPatch_HInterTool.lxx /dn43/OCCT/tmp/results_30.09.2011/occt/release-sources-20110930/inc/IntPatch_HInterTool.lxx
+M IntPatch:pubinclude:IntPatch_HCurve2dTool.lxx /dn43/OCCT/tmp/results_30.09.2011/occt/release-sources-20110930/inc/IntPatch_HCurve2dTool.lxx
+M IntPatch:pubinclude:IntPatch_Intersection.lxx /dn43/OCCT/tmp/results_30.09.2011/occt/release-sources-20110930/inc/IntPatch_Intersection.lxx
+M IntPatch:dbadmfile:IntPatch_obj_inc.In /dn43/OCCT/tmp/results_30.09.2011/occt/release-sources-20110930/drv/IntPatch/.adm/IntPatch_obj_inc.In
+M IntPatch:dbadmfile:IntPatch_obj_inc.Out /dn43/OCCT/tmp/results_30.09.2011/occt/release-sources-20110930/drv/IntPatch/.adm/IntPatch_obj_inc.Out
+M IntPatch:dbadmfile:IntPatch_obj_inc.Dep /dn43/OCCT/tmp/results_30.09.2011/occt/release-sources-20110930/drv/IntPatch/.adm/IntPatch_obj_inc.Dep
