+M IntCurveSurface:pubinclude:IntCurveSurface_Intersection.hxx /dn43/OCCT/tmp/results_28.02.2011/occt/release-sources-20110228/inc/IntCurveSurface_Intersection.hxx
+M IntCurveSurface:privinclude:IntCurveSurface_Intersection.jxx /dn43/OCCT/tmp/results_28.02.2011/occt/release-sources-20110228/drv/IntCurveSurface/IntCurveSurface_Intersection.jxx
+M IntCurveSurface:privinclude:IntCurveSurface_Intersection.ixx /dn43/OCCT/tmp/results_28.02.2011/occt/release-sources-20110228/drv/IntCurveSurface/IntCurveSurface_Intersection.ixx
+M IntCurveSurface:pubinclude:IntCurveSurface_IntersectionPoint.hxx /dn43/OCCT/tmp/results_28.02.2011/occt/release-sources-20110228/inc/IntCurveSurface_IntersectionPoint.hxx
+M IntCurveSurface:privinclude:IntCurveSurface_IntersectionPoint.jxx /dn43/OCCT/tmp/results_28.02.2011/occt/release-sources-20110228/drv/IntCurveSurface/IntCurveSurface_IntersectionPoint.jxx
+M IntCurveSurface:privinclude:IntCurveSurface_IntersectionPoint.ixx /dn43/OCCT/tmp/results_28.02.2011/occt/release-sources-20110228/drv/IntCurveSurface/IntCurveSurface_IntersectionPoint.ixx
+M IntCurveSurface:pubinclude:IntCurveSurface_IntersectionSegment.hxx /dn43/OCCT/tmp/results_28.02.2011/occt/release-sources-20110228/inc/IntCurveSurface_IntersectionSegment.hxx
+M IntCurveSurface:privinclude:IntCurveSurface_IntersectionSegment.jxx /dn43/OCCT/tmp/results_28.02.2011/occt/release-sources-20110228/drv/IntCurveSurface/IntCurveSurface_IntersectionSegment.jxx
+M IntCurveSurface:privinclude:IntCurveSurface_IntersectionSegment.ixx /dn43/OCCT/tmp/results_28.02.2011/occt/release-sources-20110228/drv/IntCurveSurface/IntCurveSurface_IntersectionSegment.ixx
+M IntCurveSurface:pubinclude:IntCurveSurface_SequenceOfPnt.hxx /dn43/OCCT/tmp/results_28.02.2011/occt/release-sources-20110228/inc/IntCurveSurface_SequenceOfPnt.hxx
+M IntCurveSurface:derivated:IntCurveSurface_SequenceOfPnt_0.cxx /dn43/OCCT/tmp/results_28.02.2011/occt/release-sources-20110228/drv/IntCurveSurface/IntCurveSurface_SequenceOfPnt_0.cxx
+M IntCurveSurface:pubinclude:IntCurveSurface_SequenceOfSeg.hxx /dn43/OCCT/tmp/results_28.02.2011/occt/release-sources-20110228/inc/IntCurveSurface_SequenceOfSeg.hxx
+M IntCurveSurface:derivated:IntCurveSurface_SequenceOfSeg_0.cxx /dn43/OCCT/tmp/results_28.02.2011/occt/release-sources-20110228/drv/IntCurveSurface/IntCurveSurface_SequenceOfSeg_0.cxx
+M IntCurveSurface:pubinclude:IntCurveSurface_TheHCurveTool.hxx /dn43/OCCT/tmp/results_28.02.2011/occt/release-sources-20110228/inc/IntCurveSurface_TheHCurveTool.hxx
+M IntCurveSurface:derivated:IntCurveSurface_TheHCurveTool_0.cxx /dn43/OCCT/tmp/results_28.02.2011/occt/release-sources-20110228/drv/IntCurveSurface/IntCurveSurface_TheHCurveTool_0.cxx
+M IntCurveSurface:pubinclude:IntCurveSurface_HInter.hxx /dn43/OCCT/tmp/results_28.02.2011/occt/release-sources-20110228/inc/IntCurveSurface_HInter.hxx
+M IntCurveSurface:derivated:IntCurveSurface_HInter_0.cxx /dn43/OCCT/tmp/results_28.02.2011/occt/release-sources-20110228/drv/IntCurveSurface/IntCurveSurface_HInter_0.cxx
+M IntCurveSurface:pubinclude:Handle_IntCurveSurface_SequenceNodeOfSequenceOfPnt.hxx /dn43/OCCT/tmp/results_28.02.2011/occt/release-sources-20110228/inc/Handle_IntCurveSurface_SequenceNodeOfSequenceOfPnt.hxx
+M IntCurveSurface:pubinclude:IntCurveSurface_SequenceNodeOfSequenceOfPnt.hxx /dn43/OCCT/tmp/results_28.02.2011/occt/release-sources-20110228/inc/IntCurveSurface_SequenceNodeOfSequenceOfPnt.hxx
+M IntCurveSurface:derivated:IntCurveSurface_SequenceNodeOfSequenceOfPnt_0.cxx /dn43/OCCT/tmp/results_28.02.2011/occt/release-sources-20110228/drv/IntCurveSurface/IntCurveSurface_SequenceNodeOfSequenceOfPnt_0.cxx
+M IntCurveSurface:pubinclude:Handle_IntCurveSurface_SequenceNodeOfSequenceOfSeg.hxx /dn43/OCCT/tmp/results_28.02.2011/occt/release-sources-20110228/inc/Handle_IntCurveSurface_SequenceNodeOfSequenceOfSeg.hxx
+M IntCurveSurface:pubinclude:IntCurveSurface_SequenceNodeOfSequenceOfSeg.hxx /dn43/OCCT/tmp/results_28.02.2011/occt/release-sources-20110228/inc/IntCurveSurface_SequenceNodeOfSequenceOfSeg.hxx
+M IntCurveSurface:derivated:IntCurveSurface_SequenceNodeOfSequenceOfSeg_0.cxx /dn43/OCCT/tmp/results_28.02.2011/occt/release-sources-20110228/drv/IntCurveSurface/IntCurveSurface_SequenceNodeOfSequenceOfSeg_0.cxx
+M IntCurveSurface:pubinclude:IntCurveSurface_ThePolygonOfHInter.hxx /dn43/OCCT/tmp/results_28.02.2011/occt/release-sources-20110228/inc/IntCurveSurface_ThePolygonOfHInter.hxx
+M IntCurveSurface:derivated:IntCurveSurface_ThePolygonOfHInter_0.cxx /dn43/OCCT/tmp/results_28.02.2011/occt/release-sources-20110228/drv/IntCurveSurface/IntCurveSurface_ThePolygonOfHInter_0.cxx
+M IntCurveSurface:pubinclude:IntCurveSurface_ThePolygonToolOfHInter.hxx /dn43/OCCT/tmp/results_28.02.2011/occt/release-sources-20110228/inc/IntCurveSurface_ThePolygonToolOfHInter.hxx
+M IntCurveSurface:derivated:IntCurveSurface_ThePolygonToolOfHInter_0.cxx /dn43/OCCT/tmp/results_28.02.2011/occt/release-sources-20110228/drv/IntCurveSurface/IntCurveSurface_ThePolygonToolOfHInter_0.cxx
+M IntCurveSurface:pubinclude:IntCurveSurface_ThePolyhedronOfHInter.hxx /dn43/OCCT/tmp/results_28.02.2011/occt/release-sources-20110228/inc/IntCurveSurface_ThePolyhedronOfHInter.hxx
+M IntCurveSurface:derivated:IntCurveSurface_ThePolyhedronOfHInter_0.cxx /dn43/OCCT/tmp/results_28.02.2011/occt/release-sources-20110228/drv/IntCurveSurface/IntCurveSurface_ThePolyhedronOfHInter_0.cxx
+M IntCurveSurface:pubinclude:IntCurveSurface_ThePolyhedronToolOfHInter.hxx /dn43/OCCT/tmp/results_28.02.2011/occt/release-sources-20110228/inc/IntCurveSurface_ThePolyhedronToolOfHInter.hxx
+M IntCurveSurface:derivated:IntCurveSurface_ThePolyhedronToolOfHInter_0.cxx /dn43/OCCT/tmp/results_28.02.2011/occt/release-sources-20110228/drv/IntCurveSurface/IntCurveSurface_ThePolyhedronToolOfHInter_0.cxx
+M IntCurveSurface:pubinclude:IntCurveSurface_TheInterferenceOfHInter.hxx /dn43/OCCT/tmp/results_28.02.2011/occt/release-sources-20110228/inc/IntCurveSurface_TheInterferenceOfHInter.hxx
+M IntCurveSurface:derivated:IntCurveSurface_TheInterferenceOfHInter_0.cxx /dn43/OCCT/tmp/results_28.02.2011/occt/release-sources-20110228/drv/IntCurveSurface/IntCurveSurface_TheInterferenceOfHInter_0.cxx
+M IntCurveSurface:pubinclude:IntCurveSurface_TheCSFunctionOfHInter.hxx /dn43/OCCT/tmp/results_28.02.2011/occt/release-sources-20110228/inc/IntCurveSurface_TheCSFunctionOfHInter.hxx
+M IntCurveSurface:derivated:IntCurveSurface_TheCSFunctionOfHInter_0.cxx /dn43/OCCT/tmp/results_28.02.2011/occt/release-sources-20110228/drv/IntCurveSurface/IntCurveSurface_TheCSFunctionOfHInter_0.cxx
+M IntCurveSurface:pubinclude:IntCurveSurface_TheExactHInter.hxx /dn43/OCCT/tmp/results_28.02.2011/occt/release-sources-20110228/inc/IntCurveSurface_TheExactHInter.hxx
+M IntCurveSurface:derivated:IntCurveSurface_TheExactHInter_0.cxx /dn43/OCCT/tmp/results_28.02.2011/occt/release-sources-20110228/drv/IntCurveSurface/IntCurveSurface_TheExactHInter_0.cxx
+M IntCurveSurface:pubinclude:IntCurveSurface_TheQuadCurvFuncOfTheQuadCurvExactHInter.hxx /dn43/OCCT/tmp/results_28.02.2011/occt/release-sources-20110228/inc/IntCurveSurface_TheQuadCurvFuncOfTheQuadCurvExactHInter.hxx
+M IntCurveSurface:derivated:IntCurveSurface_TheQuadCurvFuncOfTheQuadCurvExactHInter_0.cxx /dn43/OCCT/tmp/results_28.02.2011/occt/release-sources-20110228/drv/IntCurveSurface/IntCurveSurface_TheQuadCurvFuncOfTheQuadCurvExactHInter_0.cxx
+M IntCurveSurface:pubinclude:IntCurveSurface_TheQuadCurvExactHInter.hxx /dn43/OCCT/tmp/results_28.02.2011/occt/release-sources-20110228/inc/IntCurveSurface_TheQuadCurvExactHInter.hxx
+M IntCurveSurface:derivated:IntCurveSurface_TheQuadCurvExactHInter_0.cxx /dn43/OCCT/tmp/results_28.02.2011/occt/release-sources-20110228/drv/IntCurveSurface/IntCurveSurface_TheQuadCurvExactHInter_0.cxx
+M IntCurveSurface:pubinclude:IntCurveSurface_TransitionOnCurve.hxx /dn43/OCCT/tmp/results_28.02.2011/occt/release-sources-20110228/inc/IntCurveSurface_TransitionOnCurve.hxx
+M IntCurveSurface:dbadmfile:IntCurveSurface_xcpp_header.In /dn43/OCCT/tmp/results_28.02.2011/occt/release-sources-20110228/drv/IntCurveSurface/.adm/IntCurveSurface_xcpp_header.In
+M IntCurveSurface:dbadmfile:IntCurveSurface_xcpp_header.Out /dn43/OCCT/tmp/results_28.02.2011/occt/release-sources-20110228/drv/IntCurveSurface/.adm/IntCurveSurface_xcpp_header.Out
+M IntCurveSurface:dbadmfile:IntCurveSurface_xcpp_header.Dep /dn43/OCCT/tmp/results_28.02.2011/occt/release-sources-20110228/drv/IntCurveSurface/.adm/IntCurveSurface_xcpp_header.Dep
