+M IntCurveSurface:pubinclude:IntCurveSurface_SurfaceTool.gxx /dn43/OCCT/tmp/results_28.02.2011/occt/release-sources-20110228/inc/IntCurveSurface_SurfaceTool.gxx
+M IntCurveSurface:pubinclude:IntCurveSurface_IntersectionPoint.lxx /dn43/OCCT/tmp/results_28.02.2011/occt/release-sources-20110228/inc/IntCurveSurface_IntersectionPoint.lxx
+M IntCurveSurface:pubinclude:IntCurveSurface_CurveTool.gxx /dn43/OCCT/tmp/results_28.02.2011/occt/release-sources-20110228/inc/IntCurveSurface_CurveTool.gxx
+M IntCurveSurface:pubinclude:IntCurveSurface_CurveTool.lxx /dn43/OCCT/tmp/results_28.02.2011/occt/release-sources-20110228/inc/IntCurveSurface_CurveTool.lxx
+M IntCurveSurface:pubinclude:IntCurveSurface_HCurveTool.gxx /dn43/OCCT/tmp/results_28.02.2011/occt/release-sources-20110228/inc/IntCurveSurface_HCurveTool.gxx
+M IntCurveSurface:pubinclude:IntCurveSurface_HCurveTool.lxx /dn43/OCCT/tmp/results_28.02.2011/occt/release-sources-20110228/inc/IntCurveSurface_HCurveTool.lxx
+M IntCurveSurface:pubinclude:IntCurveSurface_SurfaceTool.lxx /dn43/OCCT/tmp/results_28.02.2011/occt/release-sources-20110228/inc/IntCurveSurface_SurfaceTool.lxx
+M IntCurveSurface:pubinclude:IntCurveSurface_Polygon.gxx /dn43/OCCT/tmp/results_28.02.2011/occt/release-sources-20110228/inc/IntCurveSurface_Polygon.gxx
+M IntCurveSurface:pubinclude:IntCurveSurface_Polygon.lxx /dn43/OCCT/tmp/results_28.02.2011/occt/release-sources-20110228/inc/IntCurveSurface_Polygon.lxx
+M IntCurveSurface:pubinclude:IntCurveSurface_Polyhedron.gxx /dn43/OCCT/tmp/results_28.02.2011/occt/release-sources-20110228/inc/IntCurveSurface_Polyhedron.gxx
+M IntCurveSurface:pubinclude:IntCurveSurface_Polyhedron.lxx /dn43/OCCT/tmp/results_28.02.2011/occt/release-sources-20110228/inc/IntCurveSurface_Polyhedron.lxx
+M IntCurveSurface:pubinclude:IntCurveSurface_PolygonTool.gxx /dn43/OCCT/tmp/results_28.02.2011/occt/release-sources-20110228/inc/IntCurveSurface_PolygonTool.gxx
+M IntCurveSurface:pubinclude:IntCurveSurface_PolygonTool.lxx /dn43/OCCT/tmp/results_28.02.2011/occt/release-sources-20110228/inc/IntCurveSurface_PolygonTool.lxx
+M IntCurveSurface:pubinclude:IntCurveSurface_PolyhedronTool.gxx /dn43/OCCT/tmp/results_28.02.2011/occt/release-sources-20110228/inc/IntCurveSurface_PolyhedronTool.gxx
+M IntCurveSurface:pubinclude:IntCurveSurface_PolyhedronTool.lxx /dn43/OCCT/tmp/results_28.02.2011/occt/release-sources-20110228/inc/IntCurveSurface_PolyhedronTool.lxx
+M IntCurveSurface:pubinclude:IntCurveSurface_QuadricCurveFunc.gxx /dn43/OCCT/tmp/results_28.02.2011/occt/release-sources-20110228/inc/IntCurveSurface_QuadricCurveFunc.gxx
+M IntCurveSurface:pubinclude:IntCurveSurface_QuadricCurveExactInter.gxx /dn43/OCCT/tmp/results_28.02.2011/occt/release-sources-20110228/inc/IntCurveSurface_QuadricCurveExactInter.gxx
+M IntCurveSurface:pubinclude:IntCurveSurface_Inter.gxx /dn43/OCCT/tmp/results_28.02.2011/occt/release-sources-20110228/inc/IntCurveSurface_Inter.gxx
+M IntCurveSurface:dbadmfile:IntCurveSurface_obj_inc.In /dn43/OCCT/tmp/results_28.02.2011/occt/release-sources-20110228/drv/IntCurveSurface/.adm/IntCurveSurface_obj_inc.In
+M IntCurveSurface:dbadmfile:IntCurveSurface_obj_inc.Out /dn43/OCCT/tmp/results_28.02.2011/occt/release-sources-20110228/drv/IntCurveSurface/.adm/IntCurveSurface_obj_inc.Out
+M IntCurveSurface:dbadmfile:IntCurveSurface_obj_inc.Dep /dn43/OCCT/tmp/results_28.02.2011/occt/release-sources-20110228/drv/IntCurveSurface/.adm/IntCurveSurface_obj_inc.Dep
