+M PGeom2d:pubinclude:Handle_PGeom2d_Transformation.hxx /dn43/OCCT/tmp/results_30.09.2011/occt/release-sources-20110930/inc/Handle_PGeom2d_Transformation.hxx
+M PGeom2d:pubinclude:PGeom2d_Transformation.hxx /dn43/OCCT/tmp/results_30.09.2011/occt/release-sources-20110930/inc/PGeom2d_Transformation.hxx
+M PGeom2d:privinclude:PGeom2d_Transformation.jxx /dn43/OCCT/tmp/results_30.09.2011/occt/release-sources-20110930/drv/PGeom2d/PGeom2d_Transformation.jxx
+M PGeom2d:privinclude:PGeom2d_Transformation.ixx /dn43/OCCT/tmp/results_30.09.2011/occt/release-sources-20110930/drv/PGeom2d/PGeom2d_Transformation.ixx
+M PGeom2d:pubinclude:Handle_PGeom2d_Geometry.hxx /dn43/OCCT/tmp/results_30.09.2011/occt/release-sources-20110930/inc/Handle_PGeom2d_Geometry.hxx
+M PGeom2d:pubinclude:PGeom2d_Geometry.hxx /dn43/OCCT/tmp/results_30.09.2011/occt/release-sources-20110930/inc/PGeom2d_Geometry.hxx
+M PGeom2d:privinclude:PGeom2d_Geometry.jxx /dn43/OCCT/tmp/results_30.09.2011/occt/release-sources-20110930/drv/PGeom2d/PGeom2d_Geometry.jxx
+M PGeom2d:privinclude:PGeom2d_Geometry.ixx /dn43/OCCT/tmp/results_30.09.2011/occt/release-sources-20110930/drv/PGeom2d/PGeom2d_Geometry.ixx
+M PGeom2d:pubinclude:Handle_PGeom2d_Point.hxx /dn43/OCCT/tmp/results_30.09.2011/occt/release-sources-20110930/inc/Handle_PGeom2d_Point.hxx
+M PGeom2d:pubinclude:PGeom2d_Point.hxx /dn43/OCCT/tmp/results_30.09.2011/occt/release-sources-20110930/inc/PGeom2d_Point.hxx
+M PGeom2d:privinclude:PGeom2d_Point.jxx /dn43/OCCT/tmp/results_30.09.2011/occt/release-sources-20110930/drv/PGeom2d/PGeom2d_Point.jxx
+M PGeom2d:privinclude:PGeom2d_Point.ixx /dn43/OCCT/tmp/results_30.09.2011/occt/release-sources-20110930/drv/PGeom2d/PGeom2d_Point.ixx
+M PGeom2d:pubinclude:Handle_PGeom2d_CartesianPoint.hxx /dn43/OCCT/tmp/results_30.09.2011/occt/release-sources-20110930/inc/Handle_PGeom2d_CartesianPoint.hxx
+M PGeom2d:pubinclude:PGeom2d_CartesianPoint.hxx /dn43/OCCT/tmp/results_30.09.2011/occt/release-sources-20110930/inc/PGeom2d_CartesianPoint.hxx
+M PGeom2d:privinclude:PGeom2d_CartesianPoint.jxx /dn43/OCCT/tmp/results_30.09.2011/occt/release-sources-20110930/drv/PGeom2d/PGeom2d_CartesianPoint.jxx
+M PGeom2d:privinclude:PGeom2d_CartesianPoint.ixx /dn43/OCCT/tmp/results_30.09.2011/occt/release-sources-20110930/drv/PGeom2d/PGeom2d_CartesianPoint.ixx
+M PGeom2d:pubinclude:Handle_PGeom2d_Vector.hxx /dn43/OCCT/tmp/results_30.09.2011/occt/release-sources-20110930/inc/Handle_PGeom2d_Vector.hxx
+M PGeom2d:pubinclude:PGeom2d_Vector.hxx /dn43/OCCT/tmp/results_30.09.2011/occt/release-sources-20110930/inc/PGeom2d_Vector.hxx
+M PGeom2d:privinclude:PGeom2d_Vector.jxx /dn43/OCCT/tmp/results_30.09.2011/occt/release-sources-20110930/drv/PGeom2d/PGeom2d_Vector.jxx
+M PGeom2d:privinclude:PGeom2d_Vector.ixx /dn43/OCCT/tmp/results_30.09.2011/occt/release-sources-20110930/drv/PGeom2d/PGeom2d_Vector.ixx
+M PGeom2d:pubinclude:Handle_PGeom2d_Direction.hxx /dn43/OCCT/tmp/results_30.09.2011/occt/release-sources-20110930/inc/Handle_PGeom2d_Direction.hxx
+M PGeom2d:pubinclude:PGeom2d_Direction.hxx /dn43/OCCT/tmp/results_30.09.2011/occt/release-sources-20110930/inc/PGeom2d_Direction.hxx
+M PGeom2d:privinclude:PGeom2d_Direction.jxx /dn43/OCCT/tmp/results_30.09.2011/occt/release-sources-20110930/drv/PGeom2d/PGeom2d_Direction.jxx
+M PGeom2d:privinclude:PGeom2d_Direction.ixx /dn43/OCCT/tmp/results_30.09.2011/occt/release-sources-20110930/drv/PGeom2d/PGeom2d_Direction.ixx
+M PGeom2d:pubinclude:Handle_PGeom2d_VectorWithMagnitude.hxx /dn43/OCCT/tmp/results_30.09.2011/occt/release-sources-20110930/inc/Handle_PGeom2d_VectorWithMagnitude.hxx
+M PGeom2d:pubinclude:PGeom2d_VectorWithMagnitude.hxx /dn43/OCCT/tmp/results_30.09.2011/occt/release-sources-20110930/inc/PGeom2d_VectorWithMagnitude.hxx
+M PGeom2d:privinclude:PGeom2d_VectorWithMagnitude.jxx /dn43/OCCT/tmp/results_30.09.2011/occt/release-sources-20110930/drv/PGeom2d/PGeom2d_VectorWithMagnitude.jxx
+M PGeom2d:privinclude:PGeom2d_VectorWithMagnitude.ixx /dn43/OCCT/tmp/results_30.09.2011/occt/release-sources-20110930/drv/PGeom2d/PGeom2d_VectorWithMagnitude.ixx
+M PGeom2d:pubinclude:Handle_PGeom2d_AxisPlacement.hxx /dn43/OCCT/tmp/results_30.09.2011/occt/release-sources-20110930/inc/Handle_PGeom2d_AxisPlacement.hxx
+M PGeom2d:pubinclude:PGeom2d_AxisPlacement.hxx /dn43/OCCT/tmp/results_30.09.2011/occt/release-sources-20110930/inc/PGeom2d_AxisPlacement.hxx
+M PGeom2d:privinclude:PGeom2d_AxisPlacement.jxx /dn43/OCCT/tmp/results_30.09.2011/occt/release-sources-20110930/drv/PGeom2d/PGeom2d_AxisPlacement.jxx
+M PGeom2d:privinclude:PGeom2d_AxisPlacement.ixx /dn43/OCCT/tmp/results_30.09.2011/occt/release-sources-20110930/drv/PGeom2d/PGeom2d_AxisPlacement.ixx
+M PGeom2d:pubinclude:Handle_PGeom2d_Curve.hxx /dn43/OCCT/tmp/results_30.09.2011/occt/release-sources-20110930/inc/Handle_PGeom2d_Curve.hxx
+M PGeom2d:pubinclude:PGeom2d_Curve.hxx /dn43/OCCT/tmp/results_30.09.2011/occt/release-sources-20110930/inc/PGeom2d_Curve.hxx
+M PGeom2d:privinclude:PGeom2d_Curve.jxx /dn43/OCCT/tmp/results_30.09.2011/occt/release-sources-20110930/drv/PGeom2d/PGeom2d_Curve.jxx
+M PGeom2d:privinclude:PGeom2d_Curve.ixx /dn43/OCCT/tmp/results_30.09.2011/occt/release-sources-20110930/drv/PGeom2d/PGeom2d_Curve.ixx
+M PGeom2d:pubinclude:Handle_PGeom2d_Line.hxx /dn43/OCCT/tmp/results_30.09.2011/occt/release-sources-20110930/inc/Handle_PGeom2d_Line.hxx
+M PGeom2d:pubinclude:PGeom2d_Line.hxx /dn43/OCCT/tmp/results_30.09.2011/occt/release-sources-20110930/inc/PGeom2d_Line.hxx
+M PGeom2d:privinclude:PGeom2d_Line.jxx /dn43/OCCT/tmp/results_30.09.2011/occt/release-sources-20110930/drv/PGeom2d/PGeom2d_Line.jxx
+M PGeom2d:privinclude:PGeom2d_Line.ixx /dn43/OCCT/tmp/results_30.09.2011/occt/release-sources-20110930/drv/PGeom2d/PGeom2d_Line.ixx
+M PGeom2d:pubinclude:Handle_PGeom2d_Conic.hxx /dn43/OCCT/tmp/results_30.09.2011/occt/release-sources-20110930/inc/Handle_PGeom2d_Conic.hxx
+M PGeom2d:pubinclude:PGeom2d_Conic.hxx /dn43/OCCT/tmp/results_30.09.2011/occt/release-sources-20110930/inc/PGeom2d_Conic.hxx
+M PGeom2d:privinclude:PGeom2d_Conic.jxx /dn43/OCCT/tmp/results_30.09.2011/occt/release-sources-20110930/drv/PGeom2d/PGeom2d_Conic.jxx
+M PGeom2d:privinclude:PGeom2d_Conic.ixx /dn43/OCCT/tmp/results_30.09.2011/occt/release-sources-20110930/drv/PGeom2d/PGeom2d_Conic.ixx
+M PGeom2d:pubinclude:Handle_PGeom2d_Circle.hxx /dn43/OCCT/tmp/results_30.09.2011/occt/release-sources-20110930/inc/Handle_PGeom2d_Circle.hxx
+M PGeom2d:pubinclude:PGeom2d_Circle.hxx /dn43/OCCT/tmp/results_30.09.2011/occt/release-sources-20110930/inc/PGeom2d_Circle.hxx
+M PGeom2d:privinclude:PGeom2d_Circle.jxx /dn43/OCCT/tmp/results_30.09.2011/occt/release-sources-20110930/drv/PGeom2d/PGeom2d_Circle.jxx
+M PGeom2d:privinclude:PGeom2d_Circle.ixx /dn43/OCCT/tmp/results_30.09.2011/occt/release-sources-20110930/drv/PGeom2d/PGeom2d_Circle.ixx
+M PGeom2d:pubinclude:Handle_PGeom2d_Ellipse.hxx /dn43/OCCT/tmp/results_30.09.2011/occt/release-sources-20110930/inc/Handle_PGeom2d_Ellipse.hxx
+M PGeom2d:pubinclude:PGeom2d_Ellipse.hxx /dn43/OCCT/tmp/results_30.09.2011/occt/release-sources-20110930/inc/PGeom2d_Ellipse.hxx
+M PGeom2d:privinclude:PGeom2d_Ellipse.jxx /dn43/OCCT/tmp/results_30.09.2011/occt/release-sources-20110930/drv/PGeom2d/PGeom2d_Ellipse.jxx
+M PGeom2d:privinclude:PGeom2d_Ellipse.ixx /dn43/OCCT/tmp/results_30.09.2011/occt/release-sources-20110930/drv/PGeom2d/PGeom2d_Ellipse.ixx
+M PGeom2d:pubinclude:Handle_PGeom2d_Hyperbola.hxx /dn43/OCCT/tmp/results_30.09.2011/occt/release-sources-20110930/inc/Handle_PGeom2d_Hyperbola.hxx
+M PGeom2d:pubinclude:PGeom2d_Hyperbola.hxx /dn43/OCCT/tmp/results_30.09.2011/occt/release-sources-20110930/inc/PGeom2d_Hyperbola.hxx
+M PGeom2d:privinclude:PGeom2d_Hyperbola.jxx /dn43/OCCT/tmp/results_30.09.2011/occt/release-sources-20110930/drv/PGeom2d/PGeom2d_Hyperbola.jxx
+M PGeom2d:privinclude:PGeom2d_Hyperbola.ixx /dn43/OCCT/tmp/results_30.09.2011/occt/release-sources-20110930/drv/PGeom2d/PGeom2d_Hyperbola.ixx
+M PGeom2d:pubinclude:Handle_PGeom2d_Parabola.hxx /dn43/OCCT/tmp/results_30.09.2011/occt/release-sources-20110930/inc/Handle_PGeom2d_Parabola.hxx
+M PGeom2d:pubinclude:PGeom2d_Parabola.hxx /dn43/OCCT/tmp/results_30.09.2011/occt/release-sources-20110930/inc/PGeom2d_Parabola.hxx
+M PGeom2d:privinclude:PGeom2d_Parabola.jxx /dn43/OCCT/tmp/results_30.09.2011/occt/release-sources-20110930/drv/PGeom2d/PGeom2d_Parabola.jxx
+M PGeom2d:privinclude:PGeom2d_Parabola.ixx /dn43/OCCT/tmp/results_30.09.2011/occt/release-sources-20110930/drv/PGeom2d/PGeom2d_Parabola.ixx
+M PGeom2d:pubinclude:Handle_PGeom2d_BoundedCurve.hxx /dn43/OCCT/tmp/results_30.09.2011/occt/release-sources-20110930/inc/Handle_PGeom2d_BoundedCurve.hxx
+M PGeom2d:pubinclude:PGeom2d_BoundedCurve.hxx /dn43/OCCT/tmp/results_30.09.2011/occt/release-sources-20110930/inc/PGeom2d_BoundedCurve.hxx
+M PGeom2d:privinclude:PGeom2d_BoundedCurve.jxx /dn43/OCCT/tmp/results_30.09.2011/occt/release-sources-20110930/drv/PGeom2d/PGeom2d_BoundedCurve.jxx
+M PGeom2d:privinclude:PGeom2d_BoundedCurve.ixx /dn43/OCCT/tmp/results_30.09.2011/occt/release-sources-20110930/drv/PGeom2d/PGeom2d_BoundedCurve.ixx
+M PGeom2d:pubinclude:Handle_PGeom2d_BezierCurve.hxx /dn43/OCCT/tmp/results_30.09.2011/occt/release-sources-20110930/inc/Handle_PGeom2d_BezierCurve.hxx
+M PGeom2d:pubinclude:PGeom2d_BezierCurve.hxx /dn43/OCCT/tmp/results_30.09.2011/occt/release-sources-20110930/inc/PGeom2d_BezierCurve.hxx
+M PGeom2d:privinclude:PGeom2d_BezierCurve.jxx /dn43/OCCT/tmp/results_30.09.2011/occt/release-sources-20110930/drv/PGeom2d/PGeom2d_BezierCurve.jxx
+M PGeom2d:privinclude:PGeom2d_BezierCurve.ixx /dn43/OCCT/tmp/results_30.09.2011/occt/release-sources-20110930/drv/PGeom2d/PGeom2d_BezierCurve.ixx
+M PGeom2d:pubinclude:Handle_PGeom2d_BSplineCurve.hxx /dn43/OCCT/tmp/results_30.09.2011/occt/release-sources-20110930/inc/Handle_PGeom2d_BSplineCurve.hxx
+M PGeom2d:pubinclude:PGeom2d_BSplineCurve.hxx /dn43/OCCT/tmp/results_30.09.2011/occt/release-sources-20110930/inc/PGeom2d_BSplineCurve.hxx
+M PGeom2d:privinclude:PGeom2d_BSplineCurve.jxx /dn43/OCCT/tmp/results_30.09.2011/occt/release-sources-20110930/drv/PGeom2d/PGeom2d_BSplineCurve.jxx
+M PGeom2d:privinclude:PGeom2d_BSplineCurve.ixx /dn43/OCCT/tmp/results_30.09.2011/occt/release-sources-20110930/drv/PGeom2d/PGeom2d_BSplineCurve.ixx
+M PGeom2d:pubinclude:Handle_PGeom2d_TrimmedCurve.hxx /dn43/OCCT/tmp/results_30.09.2011/occt/release-sources-20110930/inc/Handle_PGeom2d_TrimmedCurve.hxx
+M PGeom2d:pubinclude:PGeom2d_TrimmedCurve.hxx /dn43/OCCT/tmp/results_30.09.2011/occt/release-sources-20110930/inc/PGeom2d_TrimmedCurve.hxx
+M PGeom2d:privinclude:PGeom2d_TrimmedCurve.jxx /dn43/OCCT/tmp/results_30.09.2011/occt/release-sources-20110930/drv/PGeom2d/PGeom2d_TrimmedCurve.jxx
+M PGeom2d:privinclude:PGeom2d_TrimmedCurve.ixx /dn43/OCCT/tmp/results_30.09.2011/occt/release-sources-20110930/drv/PGeom2d/PGeom2d_TrimmedCurve.ixx
+M PGeom2d:pubinclude:Handle_PGeom2d_OffsetCurve.hxx /dn43/OCCT/tmp/results_30.09.2011/occt/release-sources-20110930/inc/Handle_PGeom2d_OffsetCurve.hxx
+M PGeom2d:pubinclude:PGeom2d_OffsetCurve.hxx /dn43/OCCT/tmp/results_30.09.2011/occt/release-sources-20110930/inc/PGeom2d_OffsetCurve.hxx
+M PGeom2d:privinclude:PGeom2d_OffsetCurve.jxx /dn43/OCCT/tmp/results_30.09.2011/occt/release-sources-20110930/drv/PGeom2d/PGeom2d_OffsetCurve.jxx
+M PGeom2d:privinclude:PGeom2d_OffsetCurve.ixx /dn43/OCCT/tmp/results_30.09.2011/occt/release-sources-20110930/drv/PGeom2d/PGeom2d_OffsetCurve.ixx
+M PGeom2d:dbadmfile:PGeom2d_xcpp_header.In /dn43/OCCT/tmp/results_30.09.2011/occt/release-sources-20110930/drv/PGeom2d/.adm/PGeom2d_xcpp_header.In
+M PGeom2d:dbadmfile:PGeom2d_xcpp_header.Out /dn43/OCCT/tmp/results_30.09.2011/occt/release-sources-20110930/drv/PGeom2d/.adm/PGeom2d_xcpp_header.Out
+M PGeom2d:dbadmfile:PGeom2d_xcpp_header.Dep /dn43/OCCT/tmp/results_30.09.2011/occt/release-sources-20110930/drv/PGeom2d/.adm/PGeom2d_xcpp_header.Dep
