+M TFunction:pubinclude:Handle_TFunction_Driver.hxx /dn43/OCCT/tmp/results_31.05.2011/occt/release-sources-20110531/inc/Handle_TFunction_Driver.hxx
+M TFunction:pubinclude:TFunction_Driver.hxx /dn43/OCCT/tmp/results_31.05.2011/occt/release-sources-20110531/inc/TFunction_Driver.hxx
+M TFunction:privinclude:TFunction_Driver.jxx /dn43/OCCT/tmp/results_31.05.2011/occt/release-sources-20110531/drv/TFunction/TFunction_Driver.jxx
+M TFunction:privinclude:TFunction_Driver.ixx /dn43/OCCT/tmp/results_31.05.2011/occt/release-sources-20110531/drv/TFunction/TFunction_Driver.ixx
+M TFunction:pubinclude:Handle_TFunction_DriverTable.hxx /dn43/OCCT/tmp/results_31.05.2011/occt/release-sources-20110531/inc/Handle_TFunction_DriverTable.hxx
+M TFunction:pubinclude:TFunction_DriverTable.hxx /dn43/OCCT/tmp/results_31.05.2011/occt/release-sources-20110531/inc/TFunction_DriverTable.hxx
+M TFunction:privinclude:TFunction_DriverTable.jxx /dn43/OCCT/tmp/results_31.05.2011/occt/release-sources-20110531/drv/TFunction/TFunction_DriverTable.jxx
+M TFunction:privinclude:TFunction_DriverTable.ixx /dn43/OCCT/tmp/results_31.05.2011/occt/release-sources-20110531/drv/TFunction/TFunction_DriverTable.ixx
+M TFunction:pubinclude:TFunction_Logbook.hxx /dn43/OCCT/tmp/results_31.05.2011/occt/release-sources-20110531/inc/TFunction_Logbook.hxx
+M TFunction:privinclude:TFunction_Logbook.jxx /dn43/OCCT/tmp/results_31.05.2011/occt/release-sources-20110531/drv/TFunction/TFunction_Logbook.jxx
+M TFunction:privinclude:TFunction_Logbook.ixx /dn43/OCCT/tmp/results_31.05.2011/occt/release-sources-20110531/drv/TFunction/TFunction_Logbook.ixx
+M TFunction:pubinclude:TFunction_DataMapOfGUIDDriver.hxx /dn43/OCCT/tmp/results_31.05.2011/occt/release-sources-20110531/inc/TFunction_DataMapOfGUIDDriver.hxx
+M TFunction:derivated:TFunction_DataMapOfGUIDDriver_0.cxx /dn43/OCCT/tmp/results_31.05.2011/occt/release-sources-20110531/drv/TFunction/TFunction_DataMapOfGUIDDriver_0.cxx
+M TFunction:pubinclude:TFunction_Array1OfDataMapOfGUIDDriver.hxx /dn43/OCCT/tmp/results_31.05.2011/occt/release-sources-20110531/inc/TFunction_Array1OfDataMapOfGUIDDriver.hxx
+M TFunction:derivated:TFunction_Array1OfDataMapOfGUIDDriver_0.cxx /dn43/OCCT/tmp/results_31.05.2011/occt/release-sources-20110531/drv/TFunction/TFunction_Array1OfDataMapOfGUIDDriver_0.cxx
+M TFunction:pubinclude:Handle_TFunction_HArray1OfDataMapOfGUIDDriver.hxx /dn43/OCCT/tmp/results_31.05.2011/occt/release-sources-20110531/inc/Handle_TFunction_HArray1OfDataMapOfGUIDDriver.hxx
+M TFunction:pubinclude:TFunction_HArray1OfDataMapOfGUIDDriver.hxx /dn43/OCCT/tmp/results_31.05.2011/occt/release-sources-20110531/inc/TFunction_HArray1OfDataMapOfGUIDDriver.hxx
+M TFunction:derivated:TFunction_HArray1OfDataMapOfGUIDDriver_0.cxx /dn43/OCCT/tmp/results_31.05.2011/occt/release-sources-20110531/drv/TFunction/TFunction_HArray1OfDataMapOfGUIDDriver_0.cxx
+M TFunction:pubinclude:Handle_TFunction_Function.hxx /dn43/OCCT/tmp/results_31.05.2011/occt/release-sources-20110531/inc/Handle_TFunction_Function.hxx
+M TFunction:pubinclude:TFunction_Function.hxx /dn43/OCCT/tmp/results_31.05.2011/occt/release-sources-20110531/inc/TFunction_Function.hxx
+M TFunction:privinclude:TFunction_Function.jxx /dn43/OCCT/tmp/results_31.05.2011/occt/release-sources-20110531/drv/TFunction/TFunction_Function.jxx
+M TFunction:privinclude:TFunction_Function.ixx /dn43/OCCT/tmp/results_31.05.2011/occt/release-sources-20110531/drv/TFunction/TFunction_Function.ixx
+M TFunction:pubinclude:Handle_TFunction_GraphNode.hxx /dn43/OCCT/tmp/results_31.05.2011/occt/release-sources-20110531/inc/Handle_TFunction_GraphNode.hxx
+M TFunction:pubinclude:TFunction_GraphNode.hxx /dn43/OCCT/tmp/results_31.05.2011/occt/release-sources-20110531/inc/TFunction_GraphNode.hxx
+M TFunction:privinclude:TFunction_GraphNode.jxx /dn43/OCCT/tmp/results_31.05.2011/occt/release-sources-20110531/drv/TFunction/TFunction_GraphNode.jxx
+M TFunction:privinclude:TFunction_GraphNode.ixx /dn43/OCCT/tmp/results_31.05.2011/occt/release-sources-20110531/drv/TFunction/TFunction_GraphNode.ixx
+M TFunction:pubinclude:Handle_TFunction_Scope.hxx /dn43/OCCT/tmp/results_31.05.2011/occt/release-sources-20110531/inc/Handle_TFunction_Scope.hxx
+M TFunction:pubinclude:TFunction_Scope.hxx /dn43/OCCT/tmp/results_31.05.2011/occt/release-sources-20110531/inc/TFunction_Scope.hxx
+M TFunction:privinclude:TFunction_Scope.jxx /dn43/OCCT/tmp/results_31.05.2011/occt/release-sources-20110531/drv/TFunction/TFunction_Scope.jxx
+M TFunction:privinclude:TFunction_Scope.ixx /dn43/OCCT/tmp/results_31.05.2011/occt/release-sources-20110531/drv/TFunction/TFunction_Scope.ixx
+M TFunction:pubinclude:TFunction_IFunction.hxx /dn43/OCCT/tmp/results_31.05.2011/occt/release-sources-20110531/inc/TFunction_IFunction.hxx
+M TFunction:privinclude:TFunction_IFunction.jxx /dn43/OCCT/tmp/results_31.05.2011/occt/release-sources-20110531/drv/TFunction/TFunction_IFunction.jxx
+M TFunction:privinclude:TFunction_IFunction.ixx /dn43/OCCT/tmp/results_31.05.2011/occt/release-sources-20110531/drv/TFunction/TFunction_IFunction.ixx
+M TFunction:pubinclude:TFunction_Iterator.hxx /dn43/OCCT/tmp/results_31.05.2011/occt/release-sources-20110531/inc/TFunction_Iterator.hxx
+M TFunction:privinclude:TFunction_Iterator.jxx /dn43/OCCT/tmp/results_31.05.2011/occt/release-sources-20110531/drv/TFunction/TFunction_Iterator.jxx
+M TFunction:privinclude:TFunction_Iterator.ixx /dn43/OCCT/tmp/results_31.05.2011/occt/release-sources-20110531/drv/TFunction/TFunction_Iterator.ixx
+M TFunction:pubinclude:TFunction_DataMapOfLabelListOfLabel.hxx /dn43/OCCT/tmp/results_31.05.2011/occt/release-sources-20110531/inc/TFunction_DataMapOfLabelListOfLabel.hxx
+M TFunction:derivated:TFunction_DataMapOfLabelListOfLabel_0.cxx /dn43/OCCT/tmp/results_31.05.2011/occt/release-sources-20110531/drv/TFunction/TFunction_DataMapOfLabelListOfLabel_0.cxx
+M TFunction:pubinclude:TFunction_DoubleMapOfIntegerLabel.hxx /dn43/OCCT/tmp/results_31.05.2011/occt/release-sources-20110531/inc/TFunction_DoubleMapOfIntegerLabel.hxx
+M TFunction:derivated:TFunction_DoubleMapOfIntegerLabel_0.cxx /dn43/OCCT/tmp/results_31.05.2011/occt/release-sources-20110531/drv/TFunction/TFunction_DoubleMapOfIntegerLabel_0.cxx
+M TFunction:pubinclude:Handle_TFunction_DataMapNodeOfDataMapOfGUIDDriver.hxx /dn43/OCCT/tmp/results_31.05.2011/occt/release-sources-20110531/inc/Handle_TFunction_DataMapNodeOfDataMapOfGUIDDriver.hxx
+M TFunction:pubinclude:TFunction_DataMapNodeOfDataMapOfGUIDDriver.hxx /dn43/OCCT/tmp/results_31.05.2011/occt/release-sources-20110531/inc/TFunction_DataMapNodeOfDataMapOfGUIDDriver.hxx
+M TFunction:derivated:TFunction_DataMapNodeOfDataMapOfGUIDDriver_0.cxx /dn43/OCCT/tmp/results_31.05.2011/occt/release-sources-20110531/drv/TFunction/TFunction_DataMapNodeOfDataMapOfGUIDDriver_0.cxx
+M TFunction:pubinclude:TFunction_DataMapIteratorOfDataMapOfGUIDDriver.hxx /dn43/OCCT/tmp/results_31.05.2011/occt/release-sources-20110531/inc/TFunction_DataMapIteratorOfDataMapOfGUIDDriver.hxx
+M TFunction:derivated:TFunction_DataMapIteratorOfDataMapOfGUIDDriver_0.cxx /dn43/OCCT/tmp/results_31.05.2011/occt/release-sources-20110531/drv/TFunction/TFunction_DataMapIteratorOfDataMapOfGUIDDriver_0.cxx
+M TFunction:pubinclude:Handle_TFunction_DataMapNodeOfDataMapOfLabelListOfLabel.hxx /dn43/OCCT/tmp/results_31.05.2011/occt/release-sources-20110531/inc/Handle_TFunction_DataMapNodeOfDataMapOfLabelListOfLabel.hxx
+M TFunction:pubinclude:TFunction_DataMapNodeOfDataMapOfLabelListOfLabel.hxx /dn43/OCCT/tmp/results_31.05.2011/occt/release-sources-20110531/inc/TFunction_DataMapNodeOfDataMapOfLabelListOfLabel.hxx
+M TFunction:derivated:TFunction_DataMapNodeOfDataMapOfLabelListOfLabel_0.cxx /dn43/OCCT/tmp/results_31.05.2011/occt/release-sources-20110531/drv/TFunction/TFunction_DataMapNodeOfDataMapOfLabelListOfLabel_0.cxx
+M TFunction:pubinclude:TFunction_DataMapIteratorOfDataMapOfLabelListOfLabel.hxx /dn43/OCCT/tmp/results_31.05.2011/occt/release-sources-20110531/inc/TFunction_DataMapIteratorOfDataMapOfLabelListOfLabel.hxx
+M TFunction:derivated:TFunction_DataMapIteratorOfDataMapOfLabelListOfLabel_0.cxx /dn43/OCCT/tmp/results_31.05.2011/occt/release-sources-20110531/drv/TFunction/TFunction_DataMapIteratorOfDataMapOfLabelListOfLabel_0.cxx
+M TFunction:pubinclude:Handle_TFunction_DoubleMapNodeOfDoubleMapOfIntegerLabel.hxx /dn43/OCCT/tmp/results_31.05.2011/occt/release-sources-20110531/inc/Handle_TFunction_DoubleMapNodeOfDoubleMapOfIntegerLabel.hxx
+M TFunction:pubinclude:TFunction_DoubleMapNodeOfDoubleMapOfIntegerLabel.hxx /dn43/OCCT/tmp/results_31.05.2011/occt/release-sources-20110531/inc/TFunction_DoubleMapNodeOfDoubleMapOfIntegerLabel.hxx
+M TFunction:derivated:TFunction_DoubleMapNodeOfDoubleMapOfIntegerLabel_0.cxx /dn43/OCCT/tmp/results_31.05.2011/occt/release-sources-20110531/drv/TFunction/TFunction_DoubleMapNodeOfDoubleMapOfIntegerLabel_0.cxx
+M TFunction:pubinclude:TFunction_DoubleMapIteratorOfDoubleMapOfIntegerLabel.hxx /dn43/OCCT/tmp/results_31.05.2011/occt/release-sources-20110531/inc/TFunction_DoubleMapIteratorOfDoubleMapOfIntegerLabel.hxx
+M TFunction:derivated:TFunction_DoubleMapIteratorOfDoubleMapOfIntegerLabel_0.cxx /dn43/OCCT/tmp/results_31.05.2011/occt/release-sources-20110531/drv/TFunction/TFunction_DoubleMapIteratorOfDoubleMapOfIntegerLabel_0.cxx
+M TFunction:pubinclude:TFunction_ExecutionStatus.hxx /dn43/OCCT/tmp/results_31.05.2011/occt/release-sources-20110531/inc/TFunction_ExecutionStatus.hxx
+M TFunction:dbadmfile:TFunction_xcpp_header.In /dn43/OCCT/tmp/results_31.05.2011/occt/release-sources-20110531/drv/TFunction/.adm/TFunction_xcpp_header.In
+M TFunction:dbadmfile:TFunction_xcpp_header.Out /dn43/OCCT/tmp/results_31.05.2011/occt/release-sources-20110531/drv/TFunction/.adm/TFunction_xcpp_header.Out
+M TFunction:dbadmfile:TFunction_xcpp_header.Dep /dn43/OCCT/tmp/results_31.05.2011/occt/release-sources-20110531/drv/TFunction/.adm/TFunction_xcpp_header.Dep
