+M IncludeLibrary:pubinclude:IncludeLibrary_Mode_Connect.h /dn43/OCCT/tmp/results_31.05.2011/occt/release-sources-20110531/inc/IncludeLibrary_Mode_Connect.h
+M IncludeLibrary:pubinclude:IncludeLibrary_NTD_interface.h /dn43/OCCT/tmp/results_31.05.2011/occt/release-sources-20110531/inc/IncludeLibrary_NTD_interface.h
+M IncludeLibrary:pubinclude:IncludeLibrary_NTD_starter.h /dn43/OCCT/tmp/results_31.05.2011/occt/release-sources-20110531/inc/IncludeLibrary_NTD_starter.h
+M IncludeLibrary:pubinclude:IncludeLibrary_NTD_stsdef.h /dn43/OCCT/tmp/results_31.05.2011/occt/release-sources-20110531/inc/IncludeLibrary_NTD_stsdef.h
+M IncludeLibrary:pubinclude:IncludeLibrary_NTD_stsmsg.h /dn43/OCCT/tmp/results_31.05.2011/occt/release-sources-20110531/inc/IncludeLibrary_NTD_stsmsg.h
+M IncludeLibrary:pubinclude:IncludeLibrary_buf_cmd_rsp_siz.h /dn43/OCCT/tmp/results_31.05.2011/occt/release-sources-20110531/inc/IncludeLibrary_buf_cmd_rsp_siz.h
+M IncludeLibrary:pubinclude:IncludeLibrary_call_get_receiving.h /dn43/OCCT/tmp/results_31.05.2011/occt/release-sources-20110531/inc/IncludeLibrary_call_get_receiving.h
+M IncludeLibrary:pubinclude:IncludeLibrary_comand.h /dn43/OCCT/tmp/results_31.05.2011/occt/release-sources-20110531/inc/IncludeLibrary_comand.h
+M IncludeLibrary:pubinclude:IncludeLibrary_debug.h /dn43/OCCT/tmp/results_31.05.2011/occt/release-sources-20110531/inc/IncludeLibrary_debug.h
+M IncludeLibrary:pubinclude:IncludeLibrary_inverse.h /dn43/OCCT/tmp/results_31.05.2011/occt/release-sources-20110531/inc/IncludeLibrary_inverse.h
+M IncludeLibrary:pubinclude:IncludeLibrary_inverse_mimot.h /dn43/OCCT/tmp/results_31.05.2011/occt/release-sources-20110531/inc/IncludeLibrary_inverse_mimot.h
+M IncludeLibrary:pubinclude:IncludeLibrary_max.h /dn43/OCCT/tmp/results_31.05.2011/occt/release-sources-20110531/inc/IncludeLibrary_max.h
+M IncludeLibrary:pubinclude:IncludeLibrary_ntd.h /dn43/OCCT/tmp/results_31.05.2011/occt/release-sources-20110531/inc/IncludeLibrary_ntd.h
+M IncludeLibrary:pubinclude:IncludeLibrary_osd.h /dn43/OCCT/tmp/results_31.05.2011/occt/release-sources-20110531/inc/IncludeLibrary_osd.h
+M IncludeLibrary:pubinclude:IncludeLibrary_osd_dlopen.h /dn43/OCCT/tmp/results_31.05.2011/occt/release-sources-20110531/inc/IncludeLibrary_osd_dlopen.h
+M IncludeLibrary:pubinclude:IncludeLibrary_server_interface.h /dn43/OCCT/tmp/results_31.05.2011/occt/release-sources-20110531/inc/IncludeLibrary_server_interface.h
+M IncludeLibrary:pubinclude:IncludeLibrary_srvtyp.h /dn43/OCCT/tmp/results_31.05.2011/occt/release-sources-20110531/inc/IncludeLibrary_srvtyp.h
+M IncludeLibrary:pubinclude:IncludeLibrary_status.h /dn43/OCCT/tmp/results_31.05.2011/occt/release-sources-20110531/inc/IncludeLibrary_status.h
+M IncludeLibrary:pubinclude:IncludeLibrary_stsgrpdef.h /dn43/OCCT/tmp/results_31.05.2011/occt/release-sources-20110531/inc/IncludeLibrary_stsgrpdef.h
+M IncludeLibrary:pubinclude:IncludeLibrary_typedef.h /dn43/OCCT/tmp/results_31.05.2011/occt/release-sources-20110531/inc/IncludeLibrary_typedef.h
+M IncludeLibrary:dbadmfile:IncludeLibrary_obj_inc.In /dn43/OCCT/tmp/results_31.05.2011/occt/release-sources-20110531/drv/IncludeLibrary/.adm/IncludeLibrary_obj_inc.In
+M IncludeLibrary:dbadmfile:IncludeLibrary_obj_inc.Out /dn43/OCCT/tmp/results_31.05.2011/occt/release-sources-20110531/drv/IncludeLibrary/.adm/IncludeLibrary_obj_inc.Out
+M IncludeLibrary:dbadmfile:IncludeLibrary_obj_inc.Dep /dn43/OCCT/tmp/results_31.05.2011/occt/release-sources-20110531/drv/IncludeLibrary/.adm/IncludeLibrary_obj_inc.Dep
