+M PGeom:pubinclude:Handle_PGeom_Transformation.hxx /dn43/OCCT/tmp/results_28.02.2011/occt/release-sources-20110228/inc/Handle_PGeom_Transformation.hxx
+M PGeom:pubinclude:PGeom_Transformation.hxx /dn43/OCCT/tmp/results_28.02.2011/occt/release-sources-20110228/inc/PGeom_Transformation.hxx
+M PGeom:privinclude:PGeom_Transformation.jxx /dn43/OCCT/tmp/results_28.02.2011/occt/release-sources-20110228/drv/PGeom/PGeom_Transformation.jxx
+M PGeom:privinclude:PGeom_Transformation.ixx /dn43/OCCT/tmp/results_28.02.2011/occt/release-sources-20110228/drv/PGeom/PGeom_Transformation.ixx
+M PGeom:pubinclude:Handle_PGeom_Geometry.hxx /dn43/OCCT/tmp/results_28.02.2011/occt/release-sources-20110228/inc/Handle_PGeom_Geometry.hxx
+M PGeom:pubinclude:PGeom_Geometry.hxx /dn43/OCCT/tmp/results_28.02.2011/occt/release-sources-20110228/inc/PGeom_Geometry.hxx
+M PGeom:privinclude:PGeom_Geometry.jxx /dn43/OCCT/tmp/results_28.02.2011/occt/release-sources-20110228/drv/PGeom/PGeom_Geometry.jxx
+M PGeom:privinclude:PGeom_Geometry.ixx /dn43/OCCT/tmp/results_28.02.2011/occt/release-sources-20110228/drv/PGeom/PGeom_Geometry.ixx
+M PGeom:pubinclude:Handle_PGeom_Point.hxx /dn43/OCCT/tmp/results_28.02.2011/occt/release-sources-20110228/inc/Handle_PGeom_Point.hxx
+M PGeom:pubinclude:PGeom_Point.hxx /dn43/OCCT/tmp/results_28.02.2011/occt/release-sources-20110228/inc/PGeom_Point.hxx
+M PGeom:privinclude:PGeom_Point.jxx /dn43/OCCT/tmp/results_28.02.2011/occt/release-sources-20110228/drv/PGeom/PGeom_Point.jxx
+M PGeom:privinclude:PGeom_Point.ixx /dn43/OCCT/tmp/results_28.02.2011/occt/release-sources-20110228/drv/PGeom/PGeom_Point.ixx
+M PGeom:pubinclude:Handle_PGeom_CartesianPoint.hxx /dn43/OCCT/tmp/results_28.02.2011/occt/release-sources-20110228/inc/Handle_PGeom_CartesianPoint.hxx
+M PGeom:pubinclude:PGeom_CartesianPoint.hxx /dn43/OCCT/tmp/results_28.02.2011/occt/release-sources-20110228/inc/PGeom_CartesianPoint.hxx
+M PGeom:privinclude:PGeom_CartesianPoint.jxx /dn43/OCCT/tmp/results_28.02.2011/occt/release-sources-20110228/drv/PGeom/PGeom_CartesianPoint.jxx
+M PGeom:privinclude:PGeom_CartesianPoint.ixx /dn43/OCCT/tmp/results_28.02.2011/occt/release-sources-20110228/drv/PGeom/PGeom_CartesianPoint.ixx
+M PGeom:pubinclude:Handle_PGeom_Vector.hxx /dn43/OCCT/tmp/results_28.02.2011/occt/release-sources-20110228/inc/Handle_PGeom_Vector.hxx
+M PGeom:pubinclude:PGeom_Vector.hxx /dn43/OCCT/tmp/results_28.02.2011/occt/release-sources-20110228/inc/PGeom_Vector.hxx
+M PGeom:privinclude:PGeom_Vector.jxx /dn43/OCCT/tmp/results_28.02.2011/occt/release-sources-20110228/drv/PGeom/PGeom_Vector.jxx
+M PGeom:privinclude:PGeom_Vector.ixx /dn43/OCCT/tmp/results_28.02.2011/occt/release-sources-20110228/drv/PGeom/PGeom_Vector.ixx
+M PGeom:pubinclude:Handle_PGeom_Direction.hxx /dn43/OCCT/tmp/results_28.02.2011/occt/release-sources-20110228/inc/Handle_PGeom_Direction.hxx
+M PGeom:pubinclude:PGeom_Direction.hxx /dn43/OCCT/tmp/results_28.02.2011/occt/release-sources-20110228/inc/PGeom_Direction.hxx
+M PGeom:privinclude:PGeom_Direction.jxx /dn43/OCCT/tmp/results_28.02.2011/occt/release-sources-20110228/drv/PGeom/PGeom_Direction.jxx
+M PGeom:privinclude:PGeom_Direction.ixx /dn43/OCCT/tmp/results_28.02.2011/occt/release-sources-20110228/drv/PGeom/PGeom_Direction.ixx
+M PGeom:pubinclude:Handle_PGeom_VectorWithMagnitude.hxx /dn43/OCCT/tmp/results_28.02.2011/occt/release-sources-20110228/inc/Handle_PGeom_VectorWithMagnitude.hxx
+M PGeom:pubinclude:PGeom_VectorWithMagnitude.hxx /dn43/OCCT/tmp/results_28.02.2011/occt/release-sources-20110228/inc/PGeom_VectorWithMagnitude.hxx
+M PGeom:privinclude:PGeom_VectorWithMagnitude.jxx /dn43/OCCT/tmp/results_28.02.2011/occt/release-sources-20110228/drv/PGeom/PGeom_VectorWithMagnitude.jxx
+M PGeom:privinclude:PGeom_VectorWithMagnitude.ixx /dn43/OCCT/tmp/results_28.02.2011/occt/release-sources-20110228/drv/PGeom/PGeom_VectorWithMagnitude.ixx
+M PGeom:pubinclude:Handle_PGeom_AxisPlacement.hxx /dn43/OCCT/tmp/results_28.02.2011/occt/release-sources-20110228/inc/Handle_PGeom_AxisPlacement.hxx
+M PGeom:pubinclude:PGeom_AxisPlacement.hxx /dn43/OCCT/tmp/results_28.02.2011/occt/release-sources-20110228/inc/PGeom_AxisPlacement.hxx
+M PGeom:privinclude:PGeom_AxisPlacement.jxx /dn43/OCCT/tmp/results_28.02.2011/occt/release-sources-20110228/drv/PGeom/PGeom_AxisPlacement.jxx
+M PGeom:privinclude:PGeom_AxisPlacement.ixx /dn43/OCCT/tmp/results_28.02.2011/occt/release-sources-20110228/drv/PGeom/PGeom_AxisPlacement.ixx
+M PGeom:pubinclude:Handle_PGeom_Axis1Placement.hxx /dn43/OCCT/tmp/results_28.02.2011/occt/release-sources-20110228/inc/Handle_PGeom_Axis1Placement.hxx
+M PGeom:pubinclude:PGeom_Axis1Placement.hxx /dn43/OCCT/tmp/results_28.02.2011/occt/release-sources-20110228/inc/PGeom_Axis1Placement.hxx
+M PGeom:privinclude:PGeom_Axis1Placement.jxx /dn43/OCCT/tmp/results_28.02.2011/occt/release-sources-20110228/drv/PGeom/PGeom_Axis1Placement.jxx
+M PGeom:privinclude:PGeom_Axis1Placement.ixx /dn43/OCCT/tmp/results_28.02.2011/occt/release-sources-20110228/drv/PGeom/PGeom_Axis1Placement.ixx
+M PGeom:pubinclude:Handle_PGeom_Axis2Placement.hxx /dn43/OCCT/tmp/results_28.02.2011/occt/release-sources-20110228/inc/Handle_PGeom_Axis2Placement.hxx
+M PGeom:pubinclude:PGeom_Axis2Placement.hxx /dn43/OCCT/tmp/results_28.02.2011/occt/release-sources-20110228/inc/PGeom_Axis2Placement.hxx
+M PGeom:privinclude:PGeom_Axis2Placement.jxx /dn43/OCCT/tmp/results_28.02.2011/occt/release-sources-20110228/drv/PGeom/PGeom_Axis2Placement.jxx
+M PGeom:privinclude:PGeom_Axis2Placement.ixx /dn43/OCCT/tmp/results_28.02.2011/occt/release-sources-20110228/drv/PGeom/PGeom_Axis2Placement.ixx
+M PGeom:pubinclude:Handle_PGeom_Curve.hxx /dn43/OCCT/tmp/results_28.02.2011/occt/release-sources-20110228/inc/Handle_PGeom_Curve.hxx
+M PGeom:pubinclude:PGeom_Curve.hxx /dn43/OCCT/tmp/results_28.02.2011/occt/release-sources-20110228/inc/PGeom_Curve.hxx
+M PGeom:privinclude:PGeom_Curve.jxx /dn43/OCCT/tmp/results_28.02.2011/occt/release-sources-20110228/drv/PGeom/PGeom_Curve.jxx
+M PGeom:privinclude:PGeom_Curve.ixx /dn43/OCCT/tmp/results_28.02.2011/occt/release-sources-20110228/drv/PGeom/PGeom_Curve.ixx
+M PGeom:pubinclude:Handle_PGeom_Line.hxx /dn43/OCCT/tmp/results_28.02.2011/occt/release-sources-20110228/inc/Handle_PGeom_Line.hxx
+M PGeom:pubinclude:PGeom_Line.hxx /dn43/OCCT/tmp/results_28.02.2011/occt/release-sources-20110228/inc/PGeom_Line.hxx
+M PGeom:privinclude:PGeom_Line.jxx /dn43/OCCT/tmp/results_28.02.2011/occt/release-sources-20110228/drv/PGeom/PGeom_Line.jxx
+M PGeom:privinclude:PGeom_Line.ixx /dn43/OCCT/tmp/results_28.02.2011/occt/release-sources-20110228/drv/PGeom/PGeom_Line.ixx
+M PGeom:pubinclude:Handle_PGeom_Conic.hxx /dn43/OCCT/tmp/results_28.02.2011/occt/release-sources-20110228/inc/Handle_PGeom_Conic.hxx
+M PGeom:pubinclude:PGeom_Conic.hxx /dn43/OCCT/tmp/results_28.02.2011/occt/release-sources-20110228/inc/PGeom_Conic.hxx
+M PGeom:privinclude:PGeom_Conic.jxx /dn43/OCCT/tmp/results_28.02.2011/occt/release-sources-20110228/drv/PGeom/PGeom_Conic.jxx
+M PGeom:privinclude:PGeom_Conic.ixx /dn43/OCCT/tmp/results_28.02.2011/occt/release-sources-20110228/drv/PGeom/PGeom_Conic.ixx
+M PGeom:pubinclude:Handle_PGeom_Circle.hxx /dn43/OCCT/tmp/results_28.02.2011/occt/release-sources-20110228/inc/Handle_PGeom_Circle.hxx
+M PGeom:pubinclude:PGeom_Circle.hxx /dn43/OCCT/tmp/results_28.02.2011/occt/release-sources-20110228/inc/PGeom_Circle.hxx
+M PGeom:privinclude:PGeom_Circle.jxx /dn43/OCCT/tmp/results_28.02.2011/occt/release-sources-20110228/drv/PGeom/PGeom_Circle.jxx
+M PGeom:privinclude:PGeom_Circle.ixx /dn43/OCCT/tmp/results_28.02.2011/occt/release-sources-20110228/drv/PGeom/PGeom_Circle.ixx
+M PGeom:pubinclude:Handle_PGeom_Ellipse.hxx /dn43/OCCT/tmp/results_28.02.2011/occt/release-sources-20110228/inc/Handle_PGeom_Ellipse.hxx
+M PGeom:pubinclude:PGeom_Ellipse.hxx /dn43/OCCT/tmp/results_28.02.2011/occt/release-sources-20110228/inc/PGeom_Ellipse.hxx
+M PGeom:privinclude:PGeom_Ellipse.jxx /dn43/OCCT/tmp/results_28.02.2011/occt/release-sources-20110228/drv/PGeom/PGeom_Ellipse.jxx
+M PGeom:privinclude:PGeom_Ellipse.ixx /dn43/OCCT/tmp/results_28.02.2011/occt/release-sources-20110228/drv/PGeom/PGeom_Ellipse.ixx
+M PGeom:pubinclude:Handle_PGeom_Hyperbola.hxx /dn43/OCCT/tmp/results_28.02.2011/occt/release-sources-20110228/inc/Handle_PGeom_Hyperbola.hxx
+M PGeom:pubinclude:PGeom_Hyperbola.hxx /dn43/OCCT/tmp/results_28.02.2011/occt/release-sources-20110228/inc/PGeom_Hyperbola.hxx
+M PGeom:privinclude:PGeom_Hyperbola.jxx /dn43/OCCT/tmp/results_28.02.2011/occt/release-sources-20110228/drv/PGeom/PGeom_Hyperbola.jxx
+M PGeom:privinclude:PGeom_Hyperbola.ixx /dn43/OCCT/tmp/results_28.02.2011/occt/release-sources-20110228/drv/PGeom/PGeom_Hyperbola.ixx
+M PGeom:pubinclude:Handle_PGeom_Parabola.hxx /dn43/OCCT/tmp/results_28.02.2011/occt/release-sources-20110228/inc/Handle_PGeom_Parabola.hxx
+M PGeom:pubinclude:PGeom_Parabola.hxx /dn43/OCCT/tmp/results_28.02.2011/occt/release-sources-20110228/inc/PGeom_Parabola.hxx
+M PGeom:privinclude:PGeom_Parabola.jxx /dn43/OCCT/tmp/results_28.02.2011/occt/release-sources-20110228/drv/PGeom/PGeom_Parabola.jxx
+M PGeom:privinclude:PGeom_Parabola.ixx /dn43/OCCT/tmp/results_28.02.2011/occt/release-sources-20110228/drv/PGeom/PGeom_Parabola.ixx
+M PGeom:pubinclude:Handle_PGeom_BoundedCurve.hxx /dn43/OCCT/tmp/results_28.02.2011/occt/release-sources-20110228/inc/Handle_PGeom_BoundedCurve.hxx
+M PGeom:pubinclude:PGeom_BoundedCurve.hxx /dn43/OCCT/tmp/results_28.02.2011/occt/release-sources-20110228/inc/PGeom_BoundedCurve.hxx
+M PGeom:privinclude:PGeom_BoundedCurve.jxx /dn43/OCCT/tmp/results_28.02.2011/occt/release-sources-20110228/drv/PGeom/PGeom_BoundedCurve.jxx
+M PGeom:privinclude:PGeom_BoundedCurve.ixx /dn43/OCCT/tmp/results_28.02.2011/occt/release-sources-20110228/drv/PGeom/PGeom_BoundedCurve.ixx
+M PGeom:pubinclude:Handle_PGeom_BezierCurve.hxx /dn43/OCCT/tmp/results_28.02.2011/occt/release-sources-20110228/inc/Handle_PGeom_BezierCurve.hxx
+M PGeom:pubinclude:PGeom_BezierCurve.hxx /dn43/OCCT/tmp/results_28.02.2011/occt/release-sources-20110228/inc/PGeom_BezierCurve.hxx
+M PGeom:privinclude:PGeom_BezierCurve.jxx /dn43/OCCT/tmp/results_28.02.2011/occt/release-sources-20110228/drv/PGeom/PGeom_BezierCurve.jxx
+M PGeom:privinclude:PGeom_BezierCurve.ixx /dn43/OCCT/tmp/results_28.02.2011/occt/release-sources-20110228/drv/PGeom/PGeom_BezierCurve.ixx
+M PGeom:pubinclude:Handle_PGeom_BSplineCurve.hxx /dn43/OCCT/tmp/results_28.02.2011/occt/release-sources-20110228/inc/Handle_PGeom_BSplineCurve.hxx
+M PGeom:pubinclude:PGeom_BSplineCurve.hxx /dn43/OCCT/tmp/results_28.02.2011/occt/release-sources-20110228/inc/PGeom_BSplineCurve.hxx
+M PGeom:privinclude:PGeom_BSplineCurve.jxx /dn43/OCCT/tmp/results_28.02.2011/occt/release-sources-20110228/drv/PGeom/PGeom_BSplineCurve.jxx
+M PGeom:privinclude:PGeom_BSplineCurve.ixx /dn43/OCCT/tmp/results_28.02.2011/occt/release-sources-20110228/drv/PGeom/PGeom_BSplineCurve.ixx
+M PGeom:pubinclude:Handle_PGeom_TrimmedCurve.hxx /dn43/OCCT/tmp/results_28.02.2011/occt/release-sources-20110228/inc/Handle_PGeom_TrimmedCurve.hxx
+M PGeom:pubinclude:PGeom_TrimmedCurve.hxx /dn43/OCCT/tmp/results_28.02.2011/occt/release-sources-20110228/inc/PGeom_TrimmedCurve.hxx
+M PGeom:privinclude:PGeom_TrimmedCurve.jxx /dn43/OCCT/tmp/results_28.02.2011/occt/release-sources-20110228/drv/PGeom/PGeom_TrimmedCurve.jxx
+M PGeom:privinclude:PGeom_TrimmedCurve.ixx /dn43/OCCT/tmp/results_28.02.2011/occt/release-sources-20110228/drv/PGeom/PGeom_TrimmedCurve.ixx
+M PGeom:pubinclude:Handle_PGeom_OffsetCurve.hxx /dn43/OCCT/tmp/results_28.02.2011/occt/release-sources-20110228/inc/Handle_PGeom_OffsetCurve.hxx
+M PGeom:pubinclude:PGeom_OffsetCurve.hxx /dn43/OCCT/tmp/results_28.02.2011/occt/release-sources-20110228/inc/PGeom_OffsetCurve.hxx
+M PGeom:privinclude:PGeom_OffsetCurve.jxx /dn43/OCCT/tmp/results_28.02.2011/occt/release-sources-20110228/drv/PGeom/PGeom_OffsetCurve.jxx
+M PGeom:privinclude:PGeom_OffsetCurve.ixx /dn43/OCCT/tmp/results_28.02.2011/occt/release-sources-20110228/drv/PGeom/PGeom_OffsetCurve.ixx
+M PGeom:pubinclude:Handle_PGeom_Surface.hxx /dn43/OCCT/tmp/results_28.02.2011/occt/release-sources-20110228/inc/Handle_PGeom_Surface.hxx
+M PGeom:pubinclude:PGeom_Surface.hxx /dn43/OCCT/tmp/results_28.02.2011/occt/release-sources-20110228/inc/PGeom_Surface.hxx
+M PGeom:privinclude:PGeom_Surface.jxx /dn43/OCCT/tmp/results_28.02.2011/occt/release-sources-20110228/drv/PGeom/PGeom_Surface.jxx
+M PGeom:privinclude:PGeom_Surface.ixx /dn43/OCCT/tmp/results_28.02.2011/occt/release-sources-20110228/drv/PGeom/PGeom_Surface.ixx
+M PGeom:pubinclude:Handle_PGeom_ElementarySurface.hxx /dn43/OCCT/tmp/results_28.02.2011/occt/release-sources-20110228/inc/Handle_PGeom_ElementarySurface.hxx
+M PGeom:pubinclude:PGeom_ElementarySurface.hxx /dn43/OCCT/tmp/results_28.02.2011/occt/release-sources-20110228/inc/PGeom_ElementarySurface.hxx
+M PGeom:privinclude:PGeom_ElementarySurface.jxx /dn43/OCCT/tmp/results_28.02.2011/occt/release-sources-20110228/drv/PGeom/PGeom_ElementarySurface.jxx
+M PGeom:privinclude:PGeom_ElementarySurface.ixx /dn43/OCCT/tmp/results_28.02.2011/occt/release-sources-20110228/drv/PGeom/PGeom_ElementarySurface.ixx
+M PGeom:pubinclude:Handle_PGeom_Plane.hxx /dn43/OCCT/tmp/results_28.02.2011/occt/release-sources-20110228/inc/Handle_PGeom_Plane.hxx
+M PGeom:pubinclude:PGeom_Plane.hxx /dn43/OCCT/tmp/results_28.02.2011/occt/release-sources-20110228/inc/PGeom_Plane.hxx
+M PGeom:privinclude:PGeom_Plane.jxx /dn43/OCCT/tmp/results_28.02.2011/occt/release-sources-20110228/drv/PGeom/PGeom_Plane.jxx
+M PGeom:privinclude:PGeom_Plane.ixx /dn43/OCCT/tmp/results_28.02.2011/occt/release-sources-20110228/drv/PGeom/PGeom_Plane.ixx
+M PGeom:pubinclude:Handle_PGeom_ConicalSurface.hxx /dn43/OCCT/tmp/results_28.02.2011/occt/release-sources-20110228/inc/Handle_PGeom_ConicalSurface.hxx
+M PGeom:pubinclude:PGeom_ConicalSurface.hxx /dn43/OCCT/tmp/results_28.02.2011/occt/release-sources-20110228/inc/PGeom_ConicalSurface.hxx
+M PGeom:privinclude:PGeom_ConicalSurface.jxx /dn43/OCCT/tmp/results_28.02.2011/occt/release-sources-20110228/drv/PGeom/PGeom_ConicalSurface.jxx
+M PGeom:privinclude:PGeom_ConicalSurface.ixx /dn43/OCCT/tmp/results_28.02.2011/occt/release-sources-20110228/drv/PGeom/PGeom_ConicalSurface.ixx
+M PGeom:pubinclude:Handle_PGeom_CylindricalSurface.hxx /dn43/OCCT/tmp/results_28.02.2011/occt/release-sources-20110228/inc/Handle_PGeom_CylindricalSurface.hxx
+M PGeom:pubinclude:PGeom_CylindricalSurface.hxx /dn43/OCCT/tmp/results_28.02.2011/occt/release-sources-20110228/inc/PGeom_CylindricalSurface.hxx
+M PGeom:privinclude:PGeom_CylindricalSurface.jxx /dn43/OCCT/tmp/results_28.02.2011/occt/release-sources-20110228/drv/PGeom/PGeom_CylindricalSurface.jxx
+M PGeom:privinclude:PGeom_CylindricalSurface.ixx /dn43/OCCT/tmp/results_28.02.2011/occt/release-sources-20110228/drv/PGeom/PGeom_CylindricalSurface.ixx
+M PGeom:pubinclude:Handle_PGeom_SphericalSurface.hxx /dn43/OCCT/tmp/results_28.02.2011/occt/release-sources-20110228/inc/Handle_PGeom_SphericalSurface.hxx
+M PGeom:pubinclude:PGeom_SphericalSurface.hxx /dn43/OCCT/tmp/results_28.02.2011/occt/release-sources-20110228/inc/PGeom_SphericalSurface.hxx
+M PGeom:privinclude:PGeom_SphericalSurface.jxx /dn43/OCCT/tmp/results_28.02.2011/occt/release-sources-20110228/drv/PGeom/PGeom_SphericalSurface.jxx
+M PGeom:privinclude:PGeom_SphericalSurface.ixx /dn43/OCCT/tmp/results_28.02.2011/occt/release-sources-20110228/drv/PGeom/PGeom_SphericalSurface.ixx
+M PGeom:pubinclude:Handle_PGeom_ToroidalSurface.hxx /dn43/OCCT/tmp/results_28.02.2011/occt/release-sources-20110228/inc/Handle_PGeom_ToroidalSurface.hxx
+M PGeom:pubinclude:PGeom_ToroidalSurface.hxx /dn43/OCCT/tmp/results_28.02.2011/occt/release-sources-20110228/inc/PGeom_ToroidalSurface.hxx
+M PGeom:privinclude:PGeom_ToroidalSurface.jxx /dn43/OCCT/tmp/results_28.02.2011/occt/release-sources-20110228/drv/PGeom/PGeom_ToroidalSurface.jxx
+M PGeom:privinclude:PGeom_ToroidalSurface.ixx /dn43/OCCT/tmp/results_28.02.2011/occt/release-sources-20110228/drv/PGeom/PGeom_ToroidalSurface.ixx
+M PGeom:pubinclude:Handle_PGeom_SweptSurface.hxx /dn43/OCCT/tmp/results_28.02.2011/occt/release-sources-20110228/inc/Handle_PGeom_SweptSurface.hxx
+M PGeom:pubinclude:PGeom_SweptSurface.hxx /dn43/OCCT/tmp/results_28.02.2011/occt/release-sources-20110228/inc/PGeom_SweptSurface.hxx
+M PGeom:privinclude:PGeom_SweptSurface.jxx /dn43/OCCT/tmp/results_28.02.2011/occt/release-sources-20110228/drv/PGeom/PGeom_SweptSurface.jxx
+M PGeom:privinclude:PGeom_SweptSurface.ixx /dn43/OCCT/tmp/results_28.02.2011/occt/release-sources-20110228/drv/PGeom/PGeom_SweptSurface.ixx
+M PGeom:pubinclude:Handle_PGeom_SurfaceOfLinearExtrusion.hxx /dn43/OCCT/tmp/results_28.02.2011/occt/release-sources-20110228/inc/Handle_PGeom_SurfaceOfLinearExtrusion.hxx
+M PGeom:pubinclude:PGeom_SurfaceOfLinearExtrusion.hxx /dn43/OCCT/tmp/results_28.02.2011/occt/release-sources-20110228/inc/PGeom_SurfaceOfLinearExtrusion.hxx
+M PGeom:privinclude:PGeom_SurfaceOfLinearExtrusion.jxx /dn43/OCCT/tmp/results_28.02.2011/occt/release-sources-20110228/drv/PGeom/PGeom_SurfaceOfLinearExtrusion.jxx
+M PGeom:privinclude:PGeom_SurfaceOfLinearExtrusion.ixx /dn43/OCCT/tmp/results_28.02.2011/occt/release-sources-20110228/drv/PGeom/PGeom_SurfaceOfLinearExtrusion.ixx
+M PGeom:pubinclude:Handle_PGeom_SurfaceOfRevolution.hxx /dn43/OCCT/tmp/results_28.02.2011/occt/release-sources-20110228/inc/Handle_PGeom_SurfaceOfRevolution.hxx
+M PGeom:pubinclude:PGeom_SurfaceOfRevolution.hxx /dn43/OCCT/tmp/results_28.02.2011/occt/release-sources-20110228/inc/PGeom_SurfaceOfRevolution.hxx
+M PGeom:privinclude:PGeom_SurfaceOfRevolution.jxx /dn43/OCCT/tmp/results_28.02.2011/occt/release-sources-20110228/drv/PGeom/PGeom_SurfaceOfRevolution.jxx
+M PGeom:privinclude:PGeom_SurfaceOfRevolution.ixx /dn43/OCCT/tmp/results_28.02.2011/occt/release-sources-20110228/drv/PGeom/PGeom_SurfaceOfRevolution.ixx
+M PGeom:pubinclude:Handle_PGeom_BoundedSurface.hxx /dn43/OCCT/tmp/results_28.02.2011/occt/release-sources-20110228/inc/Handle_PGeom_BoundedSurface.hxx
+M PGeom:pubinclude:PGeom_BoundedSurface.hxx /dn43/OCCT/tmp/results_28.02.2011/occt/release-sources-20110228/inc/PGeom_BoundedSurface.hxx
+M PGeom:privinclude:PGeom_BoundedSurface.jxx /dn43/OCCT/tmp/results_28.02.2011/occt/release-sources-20110228/drv/PGeom/PGeom_BoundedSurface.jxx
+M PGeom:privinclude:PGeom_BoundedSurface.ixx /dn43/OCCT/tmp/results_28.02.2011/occt/release-sources-20110228/drv/PGeom/PGeom_BoundedSurface.ixx
+M PGeom:pubinclude:Handle_PGeom_BezierSurface.hxx /dn43/OCCT/tmp/results_28.02.2011/occt/release-sources-20110228/inc/Handle_PGeom_BezierSurface.hxx
+M PGeom:pubinclude:PGeom_BezierSurface.hxx /dn43/OCCT/tmp/results_28.02.2011/occt/release-sources-20110228/inc/PGeom_BezierSurface.hxx
+M PGeom:privinclude:PGeom_BezierSurface.jxx /dn43/OCCT/tmp/results_28.02.2011/occt/release-sources-20110228/drv/PGeom/PGeom_BezierSurface.jxx
+M PGeom:privinclude:PGeom_BezierSurface.ixx /dn43/OCCT/tmp/results_28.02.2011/occt/release-sources-20110228/drv/PGeom/PGeom_BezierSurface.ixx
+M PGeom:pubinclude:Handle_PGeom_BSplineSurface.hxx /dn43/OCCT/tmp/results_28.02.2011/occt/release-sources-20110228/inc/Handle_PGeom_BSplineSurface.hxx
+M PGeom:pubinclude:PGeom_BSplineSurface.hxx /dn43/OCCT/tmp/results_28.02.2011/occt/release-sources-20110228/inc/PGeom_BSplineSurface.hxx
+M PGeom:privinclude:PGeom_BSplineSurface.jxx /dn43/OCCT/tmp/results_28.02.2011/occt/release-sources-20110228/drv/PGeom/PGeom_BSplineSurface.jxx
+M PGeom:privinclude:PGeom_BSplineSurface.ixx /dn43/OCCT/tmp/results_28.02.2011/occt/release-sources-20110228/drv/PGeom/PGeom_BSplineSurface.ixx
+M PGeom:pubinclude:Handle_PGeom_RectangularTrimmedSurface.hxx /dn43/OCCT/tmp/results_28.02.2011/occt/release-sources-20110228/inc/Handle_PGeom_RectangularTrimmedSurface.hxx
+M PGeom:pubinclude:PGeom_RectangularTrimmedSurface.hxx /dn43/OCCT/tmp/results_28.02.2011/occt/release-sources-20110228/inc/PGeom_RectangularTrimmedSurface.hxx
+M PGeom:privinclude:PGeom_RectangularTrimmedSurface.jxx /dn43/OCCT/tmp/results_28.02.2011/occt/release-sources-20110228/drv/PGeom/PGeom_RectangularTrimmedSurface.jxx
+M PGeom:privinclude:PGeom_RectangularTrimmedSurface.ixx /dn43/OCCT/tmp/results_28.02.2011/occt/release-sources-20110228/drv/PGeom/PGeom_RectangularTrimmedSurface.ixx
+M PGeom:pubinclude:Handle_PGeom_OffsetSurface.hxx /dn43/OCCT/tmp/results_28.02.2011/occt/release-sources-20110228/inc/Handle_PGeom_OffsetSurface.hxx
+M PGeom:pubinclude:PGeom_OffsetSurface.hxx /dn43/OCCT/tmp/results_28.02.2011/occt/release-sources-20110228/inc/PGeom_OffsetSurface.hxx
+M PGeom:privinclude:PGeom_OffsetSurface.jxx /dn43/OCCT/tmp/results_28.02.2011/occt/release-sources-20110228/drv/PGeom/PGeom_OffsetSurface.jxx
+M PGeom:privinclude:PGeom_OffsetSurface.ixx /dn43/OCCT/tmp/results_28.02.2011/occt/release-sources-20110228/drv/PGeom/PGeom_OffsetSurface.ixx
+M PGeom:dbadmfile:PGeom_xcpp_header.In /dn43/OCCT/tmp/results_28.02.2011/occt/release-sources-20110228/drv/PGeom/.adm/PGeom_xcpp_header.In
+M PGeom:dbadmfile:PGeom_xcpp_header.Out /dn43/OCCT/tmp/results_28.02.2011/occt/release-sources-20110228/drv/PGeom/.adm/PGeom_xcpp_header.Out
+M PGeom:dbadmfile:PGeom_xcpp_header.Dep /dn43/OCCT/tmp/results_28.02.2011/occt/release-sources-20110228/drv/PGeom/.adm/PGeom_xcpp_header.Dep
