+M IGESSolid:pubinclude:IGESSolid.hxx /dn43/OCCT/tmp/results_30.09.2011/occt/release-sources-20110930/inc/IGESSolid.hxx
+M IGESSolid:privinclude:IGESSolid.jxx /dn43/OCCT/tmp/results_30.09.2011/occt/release-sources-20110930/drv/IGESSolid/IGESSolid.jxx
+M IGESSolid:privinclude:IGESSolid.ixx /dn43/OCCT/tmp/results_30.09.2011/occt/release-sources-20110930/drv/IGESSolid/IGESSolid.ixx
+M IGESSolid:pubinclude:Handle_IGESSolid_Block.hxx /dn43/OCCT/tmp/results_30.09.2011/occt/release-sources-20110930/inc/Handle_IGESSolid_Block.hxx
+M IGESSolid:pubinclude:IGESSolid_Block.hxx /dn43/OCCT/tmp/results_30.09.2011/occt/release-sources-20110930/inc/IGESSolid_Block.hxx
+M IGESSolid:privinclude:IGESSolid_Block.jxx /dn43/OCCT/tmp/results_30.09.2011/occt/release-sources-20110930/drv/IGESSolid/IGESSolid_Block.jxx
+M IGESSolid:privinclude:IGESSolid_Block.ixx /dn43/OCCT/tmp/results_30.09.2011/occt/release-sources-20110930/drv/IGESSolid/IGESSolid_Block.ixx
+M IGESSolid:pubinclude:Handle_IGESSolid_RightAngularWedge.hxx /dn43/OCCT/tmp/results_30.09.2011/occt/release-sources-20110930/inc/Handle_IGESSolid_RightAngularWedge.hxx
+M IGESSolid:pubinclude:IGESSolid_RightAngularWedge.hxx /dn43/OCCT/tmp/results_30.09.2011/occt/release-sources-20110930/inc/IGESSolid_RightAngularWedge.hxx
+M IGESSolid:privinclude:IGESSolid_RightAngularWedge.jxx /dn43/OCCT/tmp/results_30.09.2011/occt/release-sources-20110930/drv/IGESSolid/IGESSolid_RightAngularWedge.jxx
+M IGESSolid:privinclude:IGESSolid_RightAngularWedge.ixx /dn43/OCCT/tmp/results_30.09.2011/occt/release-sources-20110930/drv/IGESSolid/IGESSolid_RightAngularWedge.ixx
+M IGESSolid:pubinclude:Handle_IGESSolid_Cylinder.hxx /dn43/OCCT/tmp/results_30.09.2011/occt/release-sources-20110930/inc/Handle_IGESSolid_Cylinder.hxx
+M IGESSolid:pubinclude:IGESSolid_Cylinder.hxx /dn43/OCCT/tmp/results_30.09.2011/occt/release-sources-20110930/inc/IGESSolid_Cylinder.hxx
+M IGESSolid:privinclude:IGESSolid_Cylinder.jxx /dn43/OCCT/tmp/results_30.09.2011/occt/release-sources-20110930/drv/IGESSolid/IGESSolid_Cylinder.jxx
+M IGESSolid:privinclude:IGESSolid_Cylinder.ixx /dn43/OCCT/tmp/results_30.09.2011/occt/release-sources-20110930/drv/IGESSolid/IGESSolid_Cylinder.ixx
+M IGESSolid:pubinclude:Handle_IGESSolid_ConeFrustum.hxx /dn43/OCCT/tmp/results_30.09.2011/occt/release-sources-20110930/inc/Handle_IGESSolid_ConeFrustum.hxx
+M IGESSolid:pubinclude:IGESSolid_ConeFrustum.hxx /dn43/OCCT/tmp/results_30.09.2011/occt/release-sources-20110930/inc/IGESSolid_ConeFrustum.hxx
+M IGESSolid:privinclude:IGESSolid_ConeFrustum.jxx /dn43/OCCT/tmp/results_30.09.2011/occt/release-sources-20110930/drv/IGESSolid/IGESSolid_ConeFrustum.jxx
+M IGESSolid:privinclude:IGESSolid_ConeFrustum.ixx /dn43/OCCT/tmp/results_30.09.2011/occt/release-sources-20110930/drv/IGESSolid/IGESSolid_ConeFrustum.ixx
+M IGESSolid:pubinclude:Handle_IGESSolid_Sphere.hxx /dn43/OCCT/tmp/results_30.09.2011/occt/release-sources-20110930/inc/Handle_IGESSolid_Sphere.hxx
+M IGESSolid:pubinclude:IGESSolid_Sphere.hxx /dn43/OCCT/tmp/results_30.09.2011/occt/release-sources-20110930/inc/IGESSolid_Sphere.hxx
+M IGESSolid:privinclude:IGESSolid_Sphere.jxx /dn43/OCCT/tmp/results_30.09.2011/occt/release-sources-20110930/drv/IGESSolid/IGESSolid_Sphere.jxx
+M IGESSolid:privinclude:IGESSolid_Sphere.ixx /dn43/OCCT/tmp/results_30.09.2011/occt/release-sources-20110930/drv/IGESSolid/IGESSolid_Sphere.ixx
+M IGESSolid:pubinclude:Handle_IGESSolid_Torus.hxx /dn43/OCCT/tmp/results_30.09.2011/occt/release-sources-20110930/inc/Handle_IGESSolid_Torus.hxx
+M IGESSolid:pubinclude:IGESSolid_Torus.hxx /dn43/OCCT/tmp/results_30.09.2011/occt/release-sources-20110930/inc/IGESSolid_Torus.hxx
+M IGESSolid:privinclude:IGESSolid_Torus.jxx /dn43/OCCT/tmp/results_30.09.2011/occt/release-sources-20110930/drv/IGESSolid/IGESSolid_Torus.jxx
+M IGESSolid:privinclude:IGESSolid_Torus.ixx /dn43/OCCT/tmp/results_30.09.2011/occt/release-sources-20110930/drv/IGESSolid/IGESSolid_Torus.ixx
+M IGESSolid:pubinclude:Handle_IGESSolid_SolidOfRevolution.hxx /dn43/OCCT/tmp/results_30.09.2011/occt/release-sources-20110930/inc/Handle_IGESSolid_SolidOfRevolution.hxx
+M IGESSolid:pubinclude:IGESSolid_SolidOfRevolution.hxx /dn43/OCCT/tmp/results_30.09.2011/occt/release-sources-20110930/inc/IGESSolid_SolidOfRevolution.hxx
+M IGESSolid:privinclude:IGESSolid_SolidOfRevolution.jxx /dn43/OCCT/tmp/results_30.09.2011/occt/release-sources-20110930/drv/IGESSolid/IGESSolid_SolidOfRevolution.jxx
+M IGESSolid:privinclude:IGESSolid_SolidOfRevolution.ixx /dn43/OCCT/tmp/results_30.09.2011/occt/release-sources-20110930/drv/IGESSolid/IGESSolid_SolidOfRevolution.ixx
+M IGESSolid:pubinclude:Handle_IGESSolid_SolidOfLinearExtrusion.hxx /dn43/OCCT/tmp/results_30.09.2011/occt/release-sources-20110930/inc/Handle_IGESSolid_SolidOfLinearExtrusion.hxx
+M IGESSolid:pubinclude:IGESSolid_SolidOfLinearExtrusion.hxx /dn43/OCCT/tmp/results_30.09.2011/occt/release-sources-20110930/inc/IGESSolid_SolidOfLinearExtrusion.hxx
+M IGESSolid:privinclude:IGESSolid_SolidOfLinearExtrusion.jxx /dn43/OCCT/tmp/results_30.09.2011/occt/release-sources-20110930/drv/IGESSolid/IGESSolid_SolidOfLinearExtrusion.jxx
+M IGESSolid:privinclude:IGESSolid_SolidOfLinearExtrusion.ixx /dn43/OCCT/tmp/results_30.09.2011/occt/release-sources-20110930/drv/IGESSolid/IGESSolid_SolidOfLinearExtrusion.ixx
+M IGESSolid:pubinclude:Handle_IGESSolid_Ellipsoid.hxx /dn43/OCCT/tmp/results_30.09.2011/occt/release-sources-20110930/inc/Handle_IGESSolid_Ellipsoid.hxx
+M IGESSolid:pubinclude:IGESSolid_Ellipsoid.hxx /dn43/OCCT/tmp/results_30.09.2011/occt/release-sources-20110930/inc/IGESSolid_Ellipsoid.hxx
+M IGESSolid:privinclude:IGESSolid_Ellipsoid.jxx /dn43/OCCT/tmp/results_30.09.2011/occt/release-sources-20110930/drv/IGESSolid/IGESSolid_Ellipsoid.jxx
+M IGESSolid:privinclude:IGESSolid_Ellipsoid.ixx /dn43/OCCT/tmp/results_30.09.2011/occt/release-sources-20110930/drv/IGESSolid/IGESSolid_Ellipsoid.ixx
+M IGESSolid:pubinclude:Handle_IGESSolid_BooleanTree.hxx /dn43/OCCT/tmp/results_30.09.2011/occt/release-sources-20110930/inc/Handle_IGESSolid_BooleanTree.hxx
+M IGESSolid:pubinclude:IGESSolid_BooleanTree.hxx /dn43/OCCT/tmp/results_30.09.2011/occt/release-sources-20110930/inc/IGESSolid_BooleanTree.hxx
+M IGESSolid:privinclude:IGESSolid_BooleanTree.jxx /dn43/OCCT/tmp/results_30.09.2011/occt/release-sources-20110930/drv/IGESSolid/IGESSolid_BooleanTree.jxx
+M IGESSolid:privinclude:IGESSolid_BooleanTree.ixx /dn43/OCCT/tmp/results_30.09.2011/occt/release-sources-20110930/drv/IGESSolid/IGESSolid_BooleanTree.ixx
+M IGESSolid:pubinclude:Handle_IGESSolid_SelectedComponent.hxx /dn43/OCCT/tmp/results_30.09.2011/occt/release-sources-20110930/inc/Handle_IGESSolid_SelectedComponent.hxx
+M IGESSolid:pubinclude:IGESSolid_SelectedComponent.hxx /dn43/OCCT/tmp/results_30.09.2011/occt/release-sources-20110930/inc/IGESSolid_SelectedComponent.hxx
+M IGESSolid:privinclude:IGESSolid_SelectedComponent.jxx /dn43/OCCT/tmp/results_30.09.2011/occt/release-sources-20110930/drv/IGESSolid/IGESSolid_SelectedComponent.jxx
+M IGESSolid:privinclude:IGESSolid_SelectedComponent.ixx /dn43/OCCT/tmp/results_30.09.2011/occt/release-sources-20110930/drv/IGESSolid/IGESSolid_SelectedComponent.ixx
+M IGESSolid:pubinclude:Handle_IGESSolid_SolidAssembly.hxx /dn43/OCCT/tmp/results_30.09.2011/occt/release-sources-20110930/inc/Handle_IGESSolid_SolidAssembly.hxx
+M IGESSolid:pubinclude:IGESSolid_SolidAssembly.hxx /dn43/OCCT/tmp/results_30.09.2011/occt/release-sources-20110930/inc/IGESSolid_SolidAssembly.hxx
+M IGESSolid:privinclude:IGESSolid_SolidAssembly.jxx /dn43/OCCT/tmp/results_30.09.2011/occt/release-sources-20110930/drv/IGESSolid/IGESSolid_SolidAssembly.jxx
+M IGESSolid:privinclude:IGESSolid_SolidAssembly.ixx /dn43/OCCT/tmp/results_30.09.2011/occt/release-sources-20110930/drv/IGESSolid/IGESSolid_SolidAssembly.ixx
+M IGESSolid:pubinclude:Handle_IGESSolid_ManifoldSolid.hxx /dn43/OCCT/tmp/results_30.09.2011/occt/release-sources-20110930/inc/Handle_IGESSolid_ManifoldSolid.hxx
+M IGESSolid:pubinclude:IGESSolid_ManifoldSolid.hxx /dn43/OCCT/tmp/results_30.09.2011/occt/release-sources-20110930/inc/IGESSolid_ManifoldSolid.hxx
+M IGESSolid:privinclude:IGESSolid_ManifoldSolid.jxx /dn43/OCCT/tmp/results_30.09.2011/occt/release-sources-20110930/drv/IGESSolid/IGESSolid_ManifoldSolid.jxx
+M IGESSolid:privinclude:IGESSolid_ManifoldSolid.ixx /dn43/OCCT/tmp/results_30.09.2011/occt/release-sources-20110930/drv/IGESSolid/IGESSolid_ManifoldSolid.ixx
+M IGESSolid:pubinclude:Handle_IGESSolid_PlaneSurface.hxx /dn43/OCCT/tmp/results_30.09.2011/occt/release-sources-20110930/inc/Handle_IGESSolid_PlaneSurface.hxx
+M IGESSolid:pubinclude:IGESSolid_PlaneSurface.hxx /dn43/OCCT/tmp/results_30.09.2011/occt/release-sources-20110930/inc/IGESSolid_PlaneSurface.hxx
+M IGESSolid:privinclude:IGESSolid_PlaneSurface.jxx /dn43/OCCT/tmp/results_30.09.2011/occt/release-sources-20110930/drv/IGESSolid/IGESSolid_PlaneSurface.jxx
+M IGESSolid:privinclude:IGESSolid_PlaneSurface.ixx /dn43/OCCT/tmp/results_30.09.2011/occt/release-sources-20110930/drv/IGESSolid/IGESSolid_PlaneSurface.ixx
+M IGESSolid:pubinclude:Handle_IGESSolid_CylindricalSurface.hxx /dn43/OCCT/tmp/results_30.09.2011/occt/release-sources-20110930/inc/Handle_IGESSolid_CylindricalSurface.hxx
+M IGESSolid:pubinclude:IGESSolid_CylindricalSurface.hxx /dn43/OCCT/tmp/results_30.09.2011/occt/release-sources-20110930/inc/IGESSolid_CylindricalSurface.hxx
+M IGESSolid:privinclude:IGESSolid_CylindricalSurface.jxx /dn43/OCCT/tmp/results_30.09.2011/occt/release-sources-20110930/drv/IGESSolid/IGESSolid_CylindricalSurface.jxx
+M IGESSolid:privinclude:IGESSolid_CylindricalSurface.ixx /dn43/OCCT/tmp/results_30.09.2011/occt/release-sources-20110930/drv/IGESSolid/IGESSolid_CylindricalSurface.ixx
+M IGESSolid:pubinclude:Handle_IGESSolid_ConicalSurface.hxx /dn43/OCCT/tmp/results_30.09.2011/occt/release-sources-20110930/inc/Handle_IGESSolid_ConicalSurface.hxx
+M IGESSolid:pubinclude:IGESSolid_ConicalSurface.hxx /dn43/OCCT/tmp/results_30.09.2011/occt/release-sources-20110930/inc/IGESSolid_ConicalSurface.hxx
+M IGESSolid:privinclude:IGESSolid_ConicalSurface.jxx /dn43/OCCT/tmp/results_30.09.2011/occt/release-sources-20110930/drv/IGESSolid/IGESSolid_ConicalSurface.jxx
+M IGESSolid:privinclude:IGESSolid_ConicalSurface.ixx /dn43/OCCT/tmp/results_30.09.2011/occt/release-sources-20110930/drv/IGESSolid/IGESSolid_ConicalSurface.ixx
+M IGESSolid:pubinclude:Handle_IGESSolid_SphericalSurface.hxx /dn43/OCCT/tmp/results_30.09.2011/occt/release-sources-20110930/inc/Handle_IGESSolid_SphericalSurface.hxx
+M IGESSolid:pubinclude:IGESSolid_SphericalSurface.hxx /dn43/OCCT/tmp/results_30.09.2011/occt/release-sources-20110930/inc/IGESSolid_SphericalSurface.hxx
+M IGESSolid:privinclude:IGESSolid_SphericalSurface.jxx /dn43/OCCT/tmp/results_30.09.2011/occt/release-sources-20110930/drv/IGESSolid/IGESSolid_SphericalSurface.jxx
+M IGESSolid:privinclude:IGESSolid_SphericalSurface.ixx /dn43/OCCT/tmp/results_30.09.2011/occt/release-sources-20110930/drv/IGESSolid/IGESSolid_SphericalSurface.ixx
+M IGESSolid:pubinclude:Handle_IGESSolid_ToroidalSurface.hxx /dn43/OCCT/tmp/results_30.09.2011/occt/release-sources-20110930/inc/Handle_IGESSolid_ToroidalSurface.hxx
+M IGESSolid:pubinclude:IGESSolid_ToroidalSurface.hxx /dn43/OCCT/tmp/results_30.09.2011/occt/release-sources-20110930/inc/IGESSolid_ToroidalSurface.hxx
+M IGESSolid:privinclude:IGESSolid_ToroidalSurface.jxx /dn43/OCCT/tmp/results_30.09.2011/occt/release-sources-20110930/drv/IGESSolid/IGESSolid_ToroidalSurface.jxx
+M IGESSolid:privinclude:IGESSolid_ToroidalSurface.ixx /dn43/OCCT/tmp/results_30.09.2011/occt/release-sources-20110930/drv/IGESSolid/IGESSolid_ToroidalSurface.ixx
+M IGESSolid:pubinclude:Handle_IGESSolid_SolidInstance.hxx /dn43/OCCT/tmp/results_30.09.2011/occt/release-sources-20110930/inc/Handle_IGESSolid_SolidInstance.hxx
+M IGESSolid:pubinclude:IGESSolid_SolidInstance.hxx /dn43/OCCT/tmp/results_30.09.2011/occt/release-sources-20110930/inc/IGESSolid_SolidInstance.hxx
+M IGESSolid:privinclude:IGESSolid_SolidInstance.jxx /dn43/OCCT/tmp/results_30.09.2011/occt/release-sources-20110930/drv/IGESSolid/IGESSolid_SolidInstance.jxx
+M IGESSolid:privinclude:IGESSolid_SolidInstance.ixx /dn43/OCCT/tmp/results_30.09.2011/occt/release-sources-20110930/drv/IGESSolid/IGESSolid_SolidInstance.ixx
+M IGESSolid:pubinclude:Handle_IGESSolid_VertexList.hxx /dn43/OCCT/tmp/results_30.09.2011/occt/release-sources-20110930/inc/Handle_IGESSolid_VertexList.hxx
+M IGESSolid:pubinclude:IGESSolid_VertexList.hxx /dn43/OCCT/tmp/results_30.09.2011/occt/release-sources-20110930/inc/IGESSolid_VertexList.hxx
+M IGESSolid:privinclude:IGESSolid_VertexList.jxx /dn43/OCCT/tmp/results_30.09.2011/occt/release-sources-20110930/drv/IGESSolid/IGESSolid_VertexList.jxx
+M IGESSolid:privinclude:IGESSolid_VertexList.ixx /dn43/OCCT/tmp/results_30.09.2011/occt/release-sources-20110930/drv/IGESSolid/IGESSolid_VertexList.ixx
+M IGESSolid:pubinclude:Handle_IGESSolid_EdgeList.hxx /dn43/OCCT/tmp/results_30.09.2011/occt/release-sources-20110930/inc/Handle_IGESSolid_EdgeList.hxx
+M IGESSolid:pubinclude:IGESSolid_EdgeList.hxx /dn43/OCCT/tmp/results_30.09.2011/occt/release-sources-20110930/inc/IGESSolid_EdgeList.hxx
+M IGESSolid:privinclude:IGESSolid_EdgeList.jxx /dn43/OCCT/tmp/results_30.09.2011/occt/release-sources-20110930/drv/IGESSolid/IGESSolid_EdgeList.jxx
+M IGESSolid:privinclude:IGESSolid_EdgeList.ixx /dn43/OCCT/tmp/results_30.09.2011/occt/release-sources-20110930/drv/IGESSolid/IGESSolid_EdgeList.ixx
+M IGESSolid:pubinclude:Handle_IGESSolid_Loop.hxx /dn43/OCCT/tmp/results_30.09.2011/occt/release-sources-20110930/inc/Handle_IGESSolid_Loop.hxx
+M IGESSolid:pubinclude:IGESSolid_Loop.hxx /dn43/OCCT/tmp/results_30.09.2011/occt/release-sources-20110930/inc/IGESSolid_Loop.hxx
+M IGESSolid:privinclude:IGESSolid_Loop.jxx /dn43/OCCT/tmp/results_30.09.2011/occt/release-sources-20110930/drv/IGESSolid/IGESSolid_Loop.jxx
+M IGESSolid:privinclude:IGESSolid_Loop.ixx /dn43/OCCT/tmp/results_30.09.2011/occt/release-sources-20110930/drv/IGESSolid/IGESSolid_Loop.ixx
+M IGESSolid:pubinclude:Handle_IGESSolid_Face.hxx /dn43/OCCT/tmp/results_30.09.2011/occt/release-sources-20110930/inc/Handle_IGESSolid_Face.hxx
+M IGESSolid:pubinclude:IGESSolid_Face.hxx /dn43/OCCT/tmp/results_30.09.2011/occt/release-sources-20110930/inc/IGESSolid_Face.hxx
+M IGESSolid:privinclude:IGESSolid_Face.jxx /dn43/OCCT/tmp/results_30.09.2011/occt/release-sources-20110930/drv/IGESSolid/IGESSolid_Face.jxx
+M IGESSolid:privinclude:IGESSolid_Face.ixx /dn43/OCCT/tmp/results_30.09.2011/occt/release-sources-20110930/drv/IGESSolid/IGESSolid_Face.ixx
+M IGESSolid:pubinclude:Handle_IGESSolid_Shell.hxx /dn43/OCCT/tmp/results_30.09.2011/occt/release-sources-20110930/inc/Handle_IGESSolid_Shell.hxx
+M IGESSolid:pubinclude:IGESSolid_Shell.hxx /dn43/OCCT/tmp/results_30.09.2011/occt/release-sources-20110930/inc/IGESSolid_Shell.hxx
+M IGESSolid:privinclude:IGESSolid_Shell.jxx /dn43/OCCT/tmp/results_30.09.2011/occt/release-sources-20110930/drv/IGESSolid/IGESSolid_Shell.jxx
+M IGESSolid:privinclude:IGESSolid_Shell.ixx /dn43/OCCT/tmp/results_30.09.2011/occt/release-sources-20110930/drv/IGESSolid/IGESSolid_Shell.ixx
+M IGESSolid:pubinclude:IGESSolid_ToolBlock.hxx /dn43/OCCT/tmp/results_30.09.2011/occt/release-sources-20110930/inc/IGESSolid_ToolBlock.hxx
+M IGESSolid:privinclude:IGESSolid_ToolBlock.jxx /dn43/OCCT/tmp/results_30.09.2011/occt/release-sources-20110930/drv/IGESSolid/IGESSolid_ToolBlock.jxx
+M IGESSolid:privinclude:IGESSolid_ToolBlock.ixx /dn43/OCCT/tmp/results_30.09.2011/occt/release-sources-20110930/drv/IGESSolid/IGESSolid_ToolBlock.ixx
+M IGESSolid:pubinclude:IGESSolid_ToolRightAngularWedge.hxx /dn43/OCCT/tmp/results_30.09.2011/occt/release-sources-20110930/inc/IGESSolid_ToolRightAngularWedge.hxx
+M IGESSolid:privinclude:IGESSolid_ToolRightAngularWedge.jxx /dn43/OCCT/tmp/results_30.09.2011/occt/release-sources-20110930/drv/IGESSolid/IGESSolid_ToolRightAngularWedge.jxx
+M IGESSolid:privinclude:IGESSolid_ToolRightAngularWedge.ixx /dn43/OCCT/tmp/results_30.09.2011/occt/release-sources-20110930/drv/IGESSolid/IGESSolid_ToolRightAngularWedge.ixx
+M IGESSolid:pubinclude:IGESSolid_ToolCylinder.hxx /dn43/OCCT/tmp/results_30.09.2011/occt/release-sources-20110930/inc/IGESSolid_ToolCylinder.hxx
+M IGESSolid:privinclude:IGESSolid_ToolCylinder.jxx /dn43/OCCT/tmp/results_30.09.2011/occt/release-sources-20110930/drv/IGESSolid/IGESSolid_ToolCylinder.jxx
+M IGESSolid:privinclude:IGESSolid_ToolCylinder.ixx /dn43/OCCT/tmp/results_30.09.2011/occt/release-sources-20110930/drv/IGESSolid/IGESSolid_ToolCylinder.ixx
+M IGESSolid:pubinclude:IGESSolid_ToolConeFrustum.hxx /dn43/OCCT/tmp/results_30.09.2011/occt/release-sources-20110930/inc/IGESSolid_ToolConeFrustum.hxx
+M IGESSolid:privinclude:IGESSolid_ToolConeFrustum.jxx /dn43/OCCT/tmp/results_30.09.2011/occt/release-sources-20110930/drv/IGESSolid/IGESSolid_ToolConeFrustum.jxx
+M IGESSolid:privinclude:IGESSolid_ToolConeFrustum.ixx /dn43/OCCT/tmp/results_30.09.2011/occt/release-sources-20110930/drv/IGESSolid/IGESSolid_ToolConeFrustum.ixx
+M IGESSolid:pubinclude:IGESSolid_ToolSphere.hxx /dn43/OCCT/tmp/results_30.09.2011/occt/release-sources-20110930/inc/IGESSolid_ToolSphere.hxx
+M IGESSolid:privinclude:IGESSolid_ToolSphere.jxx /dn43/OCCT/tmp/results_30.09.2011/occt/release-sources-20110930/drv/IGESSolid/IGESSolid_ToolSphere.jxx
+M IGESSolid:privinclude:IGESSolid_ToolSphere.ixx /dn43/OCCT/tmp/results_30.09.2011/occt/release-sources-20110930/drv/IGESSolid/IGESSolid_ToolSphere.ixx
+M IGESSolid:pubinclude:IGESSolid_ToolTorus.hxx /dn43/OCCT/tmp/results_30.09.2011/occt/release-sources-20110930/inc/IGESSolid_ToolTorus.hxx
+M IGESSolid:privinclude:IGESSolid_ToolTorus.jxx /dn43/OCCT/tmp/results_30.09.2011/occt/release-sources-20110930/drv/IGESSolid/IGESSolid_ToolTorus.jxx
+M IGESSolid:privinclude:IGESSolid_ToolTorus.ixx /dn43/OCCT/tmp/results_30.09.2011/occt/release-sources-20110930/drv/IGESSolid/IGESSolid_ToolTorus.ixx
+M IGESSolid:pubinclude:IGESSolid_ToolSolidOfRevolution.hxx /dn43/OCCT/tmp/results_30.09.2011/occt/release-sources-20110930/inc/IGESSolid_ToolSolidOfRevolution.hxx
+M IGESSolid:privinclude:IGESSolid_ToolSolidOfRevolution.jxx /dn43/OCCT/tmp/results_30.09.2011/occt/release-sources-20110930/drv/IGESSolid/IGESSolid_ToolSolidOfRevolution.jxx
+M IGESSolid:privinclude:IGESSolid_ToolSolidOfRevolution.ixx /dn43/OCCT/tmp/results_30.09.2011/occt/release-sources-20110930/drv/IGESSolid/IGESSolid_ToolSolidOfRevolution.ixx
+M IGESSolid:pubinclude:IGESSolid_ToolSolidOfLinearExtrusion.hxx /dn43/OCCT/tmp/results_30.09.2011/occt/release-sources-20110930/inc/IGESSolid_ToolSolidOfLinearExtrusion.hxx
+M IGESSolid:privinclude:IGESSolid_ToolSolidOfLinearExtrusion.jxx /dn43/OCCT/tmp/results_30.09.2011/occt/release-sources-20110930/drv/IGESSolid/IGESSolid_ToolSolidOfLinearExtrusion.jxx
+M IGESSolid:privinclude:IGESSolid_ToolSolidOfLinearExtrusion.ixx /dn43/OCCT/tmp/results_30.09.2011/occt/release-sources-20110930/drv/IGESSolid/IGESSolid_ToolSolidOfLinearExtrusion.ixx
+M IGESSolid:pubinclude:IGESSolid_ToolEllipsoid.hxx /dn43/OCCT/tmp/results_30.09.2011/occt/release-sources-20110930/inc/IGESSolid_ToolEllipsoid.hxx
+M IGESSolid:privinclude:IGESSolid_ToolEllipsoid.jxx /dn43/OCCT/tmp/results_30.09.2011/occt/release-sources-20110930/drv/IGESSolid/IGESSolid_ToolEllipsoid.jxx
+M IGESSolid:privinclude:IGESSolid_ToolEllipsoid.ixx /dn43/OCCT/tmp/results_30.09.2011/occt/release-sources-20110930/drv/IGESSolid/IGESSolid_ToolEllipsoid.ixx
+M IGESSolid:pubinclude:IGESSolid_ToolBooleanTree.hxx /dn43/OCCT/tmp/results_30.09.2011/occt/release-sources-20110930/inc/IGESSolid_ToolBooleanTree.hxx
+M IGESSolid:privinclude:IGESSolid_ToolBooleanTree.jxx /dn43/OCCT/tmp/results_30.09.2011/occt/release-sources-20110930/drv/IGESSolid/IGESSolid_ToolBooleanTree.jxx
+M IGESSolid:privinclude:IGESSolid_ToolBooleanTree.ixx /dn43/OCCT/tmp/results_30.09.2011/occt/release-sources-20110930/drv/IGESSolid/IGESSolid_ToolBooleanTree.ixx
+M IGESSolid:pubinclude:IGESSolid_ToolSelectedComponent.hxx /dn43/OCCT/tmp/results_30.09.2011/occt/release-sources-20110930/inc/IGESSolid_ToolSelectedComponent.hxx
+M IGESSolid:privinclude:IGESSolid_ToolSelectedComponent.jxx /dn43/OCCT/tmp/results_30.09.2011/occt/release-sources-20110930/drv/IGESSolid/IGESSolid_ToolSelectedComponent.jxx
+M IGESSolid:privinclude:IGESSolid_ToolSelectedComponent.ixx /dn43/OCCT/tmp/results_30.09.2011/occt/release-sources-20110930/drv/IGESSolid/IGESSolid_ToolSelectedComponent.ixx
+M IGESSolid:pubinclude:IGESSolid_ToolSolidAssembly.hxx /dn43/OCCT/tmp/results_30.09.2011/occt/release-sources-20110930/inc/IGESSolid_ToolSolidAssembly.hxx
+M IGESSolid:privinclude:IGESSolid_ToolSolidAssembly.jxx /dn43/OCCT/tmp/results_30.09.2011/occt/release-sources-20110930/drv/IGESSolid/IGESSolid_ToolSolidAssembly.jxx
+M IGESSolid:privinclude:IGESSolid_ToolSolidAssembly.ixx /dn43/OCCT/tmp/results_30.09.2011/occt/release-sources-20110930/drv/IGESSolid/IGESSolid_ToolSolidAssembly.ixx
+M IGESSolid:pubinclude:IGESSolid_ToolManifoldSolid.hxx /dn43/OCCT/tmp/results_30.09.2011/occt/release-sources-20110930/inc/IGESSolid_ToolManifoldSolid.hxx
+M IGESSolid:privinclude:IGESSolid_ToolManifoldSolid.jxx /dn43/OCCT/tmp/results_30.09.2011/occt/release-sources-20110930/drv/IGESSolid/IGESSolid_ToolManifoldSolid.jxx
+M IGESSolid:privinclude:IGESSolid_ToolManifoldSolid.ixx /dn43/OCCT/tmp/results_30.09.2011/occt/release-sources-20110930/drv/IGESSolid/IGESSolid_ToolManifoldSolid.ixx
+M IGESSolid:pubinclude:IGESSolid_ToolPlaneSurface.hxx /dn43/OCCT/tmp/results_30.09.2011/occt/release-sources-20110930/inc/IGESSolid_ToolPlaneSurface.hxx
+M IGESSolid:privinclude:IGESSolid_ToolPlaneSurface.jxx /dn43/OCCT/tmp/results_30.09.2011/occt/release-sources-20110930/drv/IGESSolid/IGESSolid_ToolPlaneSurface.jxx
+M IGESSolid:privinclude:IGESSolid_ToolPlaneSurface.ixx /dn43/OCCT/tmp/results_30.09.2011/occt/release-sources-20110930/drv/IGESSolid/IGESSolid_ToolPlaneSurface.ixx
+M IGESSolid:pubinclude:IGESSolid_ToolCylindricalSurface.hxx /dn43/OCCT/tmp/results_30.09.2011/occt/release-sources-20110930/inc/IGESSolid_ToolCylindricalSurface.hxx
+M IGESSolid:privinclude:IGESSolid_ToolCylindricalSurface.jxx /dn43/OCCT/tmp/results_30.09.2011/occt/release-sources-20110930/drv/IGESSolid/IGESSolid_ToolCylindricalSurface.jxx
+M IGESSolid:privinclude:IGESSolid_ToolCylindricalSurface.ixx /dn43/OCCT/tmp/results_30.09.2011/occt/release-sources-20110930/drv/IGESSolid/IGESSolid_ToolCylindricalSurface.ixx
+M IGESSolid:pubinclude:IGESSolid_ToolConicalSurface.hxx /dn43/OCCT/tmp/results_30.09.2011/occt/release-sources-20110930/inc/IGESSolid_ToolConicalSurface.hxx
+M IGESSolid:privinclude:IGESSolid_ToolConicalSurface.jxx /dn43/OCCT/tmp/results_30.09.2011/occt/release-sources-20110930/drv/IGESSolid/IGESSolid_ToolConicalSurface.jxx
+M IGESSolid:privinclude:IGESSolid_ToolConicalSurface.ixx /dn43/OCCT/tmp/results_30.09.2011/occt/release-sources-20110930/drv/IGESSolid/IGESSolid_ToolConicalSurface.ixx
+M IGESSolid:pubinclude:IGESSolid_ToolSphericalSurface.hxx /dn43/OCCT/tmp/results_30.09.2011/occt/release-sources-20110930/inc/IGESSolid_ToolSphericalSurface.hxx
+M IGESSolid:privinclude:IGESSolid_ToolSphericalSurface.jxx /dn43/OCCT/tmp/results_30.09.2011/occt/release-sources-20110930/drv/IGESSolid/IGESSolid_ToolSphericalSurface.jxx
+M IGESSolid:privinclude:IGESSolid_ToolSphericalSurface.ixx /dn43/OCCT/tmp/results_30.09.2011/occt/release-sources-20110930/drv/IGESSolid/IGESSolid_ToolSphericalSurface.ixx
+M IGESSolid:pubinclude:IGESSolid_ToolToroidalSurface.hxx /dn43/OCCT/tmp/results_30.09.2011/occt/release-sources-20110930/inc/IGESSolid_ToolToroidalSurface.hxx
+M IGESSolid:privinclude:IGESSolid_ToolToroidalSurface.jxx /dn43/OCCT/tmp/results_30.09.2011/occt/release-sources-20110930/drv/IGESSolid/IGESSolid_ToolToroidalSurface.jxx
+M IGESSolid:privinclude:IGESSolid_ToolToroidalSurface.ixx /dn43/OCCT/tmp/results_30.09.2011/occt/release-sources-20110930/drv/IGESSolid/IGESSolid_ToolToroidalSurface.ixx
+M IGESSolid:pubinclude:IGESSolid_ToolSolidInstance.hxx /dn43/OCCT/tmp/results_30.09.2011/occt/release-sources-20110930/inc/IGESSolid_ToolSolidInstance.hxx
+M IGESSolid:privinclude:IGESSolid_ToolSolidInstance.jxx /dn43/OCCT/tmp/results_30.09.2011/occt/release-sources-20110930/drv/IGESSolid/IGESSolid_ToolSolidInstance.jxx
+M IGESSolid:privinclude:IGESSolid_ToolSolidInstance.ixx /dn43/OCCT/tmp/results_30.09.2011/occt/release-sources-20110930/drv/IGESSolid/IGESSolid_ToolSolidInstance.ixx
+M IGESSolid:pubinclude:IGESSolid_ToolVertexList.hxx /dn43/OCCT/tmp/results_30.09.2011/occt/release-sources-20110930/inc/IGESSolid_ToolVertexList.hxx
+M IGESSolid:privinclude:IGESSolid_ToolVertexList.jxx /dn43/OCCT/tmp/results_30.09.2011/occt/release-sources-20110930/drv/IGESSolid/IGESSolid_ToolVertexList.jxx
+M IGESSolid:privinclude:IGESSolid_ToolVertexList.ixx /dn43/OCCT/tmp/results_30.09.2011/occt/release-sources-20110930/drv/IGESSolid/IGESSolid_ToolVertexList.ixx
+M IGESSolid:pubinclude:IGESSolid_ToolEdgeList.hxx /dn43/OCCT/tmp/results_30.09.2011/occt/release-sources-20110930/inc/IGESSolid_ToolEdgeList.hxx
+M IGESSolid:privinclude:IGESSolid_ToolEdgeList.jxx /dn43/OCCT/tmp/results_30.09.2011/occt/release-sources-20110930/drv/IGESSolid/IGESSolid_ToolEdgeList.jxx
+M IGESSolid:privinclude:IGESSolid_ToolEdgeList.ixx /dn43/OCCT/tmp/results_30.09.2011/occt/release-sources-20110930/drv/IGESSolid/IGESSolid_ToolEdgeList.ixx
+M IGESSolid:pubinclude:IGESSolid_ToolLoop.hxx /dn43/OCCT/tmp/results_30.09.2011/occt/release-sources-20110930/inc/IGESSolid_ToolLoop.hxx
+M IGESSolid:privinclude:IGESSolid_ToolLoop.jxx /dn43/OCCT/tmp/results_30.09.2011/occt/release-sources-20110930/drv/IGESSolid/IGESSolid_ToolLoop.jxx
+M IGESSolid:privinclude:IGESSolid_ToolLoop.ixx /dn43/OCCT/tmp/results_30.09.2011/occt/release-sources-20110930/drv/IGESSolid/IGESSolid_ToolLoop.ixx
+M IGESSolid:pubinclude:IGESSolid_ToolFace.hxx /dn43/OCCT/tmp/results_30.09.2011/occt/release-sources-20110930/inc/IGESSolid_ToolFace.hxx
+M IGESSolid:privinclude:IGESSolid_ToolFace.jxx /dn43/OCCT/tmp/results_30.09.2011/occt/release-sources-20110930/drv/IGESSolid/IGESSolid_ToolFace.jxx
+M IGESSolid:privinclude:IGESSolid_ToolFace.ixx /dn43/OCCT/tmp/results_30.09.2011/occt/release-sources-20110930/drv/IGESSolid/IGESSolid_ToolFace.ixx
+M IGESSolid:pubinclude:IGESSolid_ToolShell.hxx /dn43/OCCT/tmp/results_30.09.2011/occt/release-sources-20110930/inc/IGESSolid_ToolShell.hxx
+M IGESSolid:privinclude:IGESSolid_ToolShell.jxx /dn43/OCCT/tmp/results_30.09.2011/occt/release-sources-20110930/drv/IGESSolid/IGESSolid_ToolShell.jxx
+M IGESSolid:privinclude:IGESSolid_ToolShell.ixx /dn43/OCCT/tmp/results_30.09.2011/occt/release-sources-20110930/drv/IGESSolid/IGESSolid_ToolShell.ixx
+M IGESSolid:pubinclude:Handle_IGESSolid_Protocol.hxx /dn43/OCCT/tmp/results_30.09.2011/occt/release-sources-20110930/inc/Handle_IGESSolid_Protocol.hxx
+M IGESSolid:pubinclude:IGESSolid_Protocol.hxx /dn43/OCCT/tmp/results_30.09.2011/occt/release-sources-20110930/inc/IGESSolid_Protocol.hxx
+M IGESSolid:privinclude:IGESSolid_Protocol.jxx /dn43/OCCT/tmp/results_30.09.2011/occt/release-sources-20110930/drv/IGESSolid/IGESSolid_Protocol.jxx
+M IGESSolid:privinclude:IGESSolid_Protocol.ixx /dn43/OCCT/tmp/results_30.09.2011/occt/release-sources-20110930/drv/IGESSolid/IGESSolid_Protocol.ixx
+M IGESSolid:pubinclude:Handle_IGESSolid_ReadWriteModule.hxx /dn43/OCCT/tmp/results_30.09.2011/occt/release-sources-20110930/inc/Handle_IGESSolid_ReadWriteModule.hxx
+M IGESSolid:pubinclude:IGESSolid_ReadWriteModule.hxx /dn43/OCCT/tmp/results_30.09.2011/occt/release-sources-20110930/inc/IGESSolid_ReadWriteModule.hxx
+M IGESSolid:privinclude:IGESSolid_ReadWriteModule.jxx /dn43/OCCT/tmp/results_30.09.2011/occt/release-sources-20110930/drv/IGESSolid/IGESSolid_ReadWriteModule.jxx
+M IGESSolid:privinclude:IGESSolid_ReadWriteModule.ixx /dn43/OCCT/tmp/results_30.09.2011/occt/release-sources-20110930/drv/IGESSolid/IGESSolid_ReadWriteModule.ixx
+M IGESSolid:pubinclude:Handle_IGESSolid_GeneralModule.hxx /dn43/OCCT/tmp/results_30.09.2011/occt/release-sources-20110930/inc/Handle_IGESSolid_GeneralModule.hxx
+M IGESSolid:pubinclude:IGESSolid_GeneralModule.hxx /dn43/OCCT/tmp/results_30.09.2011/occt/release-sources-20110930/inc/IGESSolid_GeneralModule.hxx
+M IGESSolid:privinclude:IGESSolid_GeneralModule.jxx /dn43/OCCT/tmp/results_30.09.2011/occt/release-sources-20110930/drv/IGESSolid/IGESSolid_GeneralModule.jxx
+M IGESSolid:privinclude:IGESSolid_GeneralModule.ixx /dn43/OCCT/tmp/results_30.09.2011/occt/release-sources-20110930/drv/IGESSolid/IGESSolid_GeneralModule.ixx
+M IGESSolid:pubinclude:Handle_IGESSolid_SpecificModule.hxx /dn43/OCCT/tmp/results_30.09.2011/occt/release-sources-20110930/inc/Handle_IGESSolid_SpecificModule.hxx
+M IGESSolid:pubinclude:IGESSolid_SpecificModule.hxx /dn43/OCCT/tmp/results_30.09.2011/occt/release-sources-20110930/inc/IGESSolid_SpecificModule.hxx
+M IGESSolid:privinclude:IGESSolid_SpecificModule.jxx /dn43/OCCT/tmp/results_30.09.2011/occt/release-sources-20110930/drv/IGESSolid/IGESSolid_SpecificModule.jxx
+M IGESSolid:privinclude:IGESSolid_SpecificModule.ixx /dn43/OCCT/tmp/results_30.09.2011/occt/release-sources-20110930/drv/IGESSolid/IGESSolid_SpecificModule.ixx
+M IGESSolid:pubinclude:IGESSolid_TopoBuilder.hxx /dn43/OCCT/tmp/results_30.09.2011/occt/release-sources-20110930/inc/IGESSolid_TopoBuilder.hxx
+M IGESSolid:privinclude:IGESSolid_TopoBuilder.jxx /dn43/OCCT/tmp/results_30.09.2011/occt/release-sources-20110930/drv/IGESSolid/IGESSolid_TopoBuilder.jxx
+M IGESSolid:privinclude:IGESSolid_TopoBuilder.ixx /dn43/OCCT/tmp/results_30.09.2011/occt/release-sources-20110930/drv/IGESSolid/IGESSolid_TopoBuilder.ixx
+M IGESSolid:pubinclude:IGESSolid_Array1OfLoop.hxx /dn43/OCCT/tmp/results_30.09.2011/occt/release-sources-20110930/inc/IGESSolid_Array1OfLoop.hxx
+M IGESSolid:derivated:IGESSolid_Array1OfLoop_0.cxx /dn43/OCCT/tmp/results_30.09.2011/occt/release-sources-20110930/drv/IGESSolid/IGESSolid_Array1OfLoop_0.cxx
+M IGESSolid:pubinclude:IGESSolid_Array1OfFace.hxx /dn43/OCCT/tmp/results_30.09.2011/occt/release-sources-20110930/inc/IGESSolid_Array1OfFace.hxx
+M IGESSolid:derivated:IGESSolid_Array1OfFace_0.cxx /dn43/OCCT/tmp/results_30.09.2011/occt/release-sources-20110930/drv/IGESSolid/IGESSolid_Array1OfFace_0.cxx
+M IGESSolid:pubinclude:IGESSolid_Array1OfShell.hxx /dn43/OCCT/tmp/results_30.09.2011/occt/release-sources-20110930/inc/IGESSolid_Array1OfShell.hxx
+M IGESSolid:derivated:IGESSolid_Array1OfShell_0.cxx /dn43/OCCT/tmp/results_30.09.2011/occt/release-sources-20110930/drv/IGESSolid/IGESSolid_Array1OfShell_0.cxx
+M IGESSolid:pubinclude:IGESSolid_Array1OfVertexList.hxx /dn43/OCCT/tmp/results_30.09.2011/occt/release-sources-20110930/inc/IGESSolid_Array1OfVertexList.hxx
+M IGESSolid:derivated:IGESSolid_Array1OfVertexList_0.cxx /dn43/OCCT/tmp/results_30.09.2011/occt/release-sources-20110930/drv/IGESSolid/IGESSolid_Array1OfVertexList_0.cxx
+M IGESSolid:pubinclude:Handle_IGESSolid_HArray1OfLoop.hxx /dn43/OCCT/tmp/results_30.09.2011/occt/release-sources-20110930/inc/Handle_IGESSolid_HArray1OfLoop.hxx
+M IGESSolid:pubinclude:IGESSolid_HArray1OfLoop.hxx /dn43/OCCT/tmp/results_30.09.2011/occt/release-sources-20110930/inc/IGESSolid_HArray1OfLoop.hxx
+M IGESSolid:derivated:IGESSolid_HArray1OfLoop_0.cxx /dn43/OCCT/tmp/results_30.09.2011/occt/release-sources-20110930/drv/IGESSolid/IGESSolid_HArray1OfLoop_0.cxx
+M IGESSolid:pubinclude:Handle_IGESSolid_HArray1OfFace.hxx /dn43/OCCT/tmp/results_30.09.2011/occt/release-sources-20110930/inc/Handle_IGESSolid_HArray1OfFace.hxx
+M IGESSolid:pubinclude:IGESSolid_HArray1OfFace.hxx /dn43/OCCT/tmp/results_30.09.2011/occt/release-sources-20110930/inc/IGESSolid_HArray1OfFace.hxx
+M IGESSolid:derivated:IGESSolid_HArray1OfFace_0.cxx /dn43/OCCT/tmp/results_30.09.2011/occt/release-sources-20110930/drv/IGESSolid/IGESSolid_HArray1OfFace_0.cxx
+M IGESSolid:pubinclude:Handle_IGESSolid_HArray1OfShell.hxx /dn43/OCCT/tmp/results_30.09.2011/occt/release-sources-20110930/inc/Handle_IGESSolid_HArray1OfShell.hxx
+M IGESSolid:pubinclude:IGESSolid_HArray1OfShell.hxx /dn43/OCCT/tmp/results_30.09.2011/occt/release-sources-20110930/inc/IGESSolid_HArray1OfShell.hxx
+M IGESSolid:derivated:IGESSolid_HArray1OfShell_0.cxx /dn43/OCCT/tmp/results_30.09.2011/occt/release-sources-20110930/drv/IGESSolid/IGESSolid_HArray1OfShell_0.cxx
+M IGESSolid:pubinclude:Handle_IGESSolid_HArray1OfVertexList.hxx /dn43/OCCT/tmp/results_30.09.2011/occt/release-sources-20110930/inc/Handle_IGESSolid_HArray1OfVertexList.hxx
+M IGESSolid:pubinclude:IGESSolid_HArray1OfVertexList.hxx /dn43/OCCT/tmp/results_30.09.2011/occt/release-sources-20110930/inc/IGESSolid_HArray1OfVertexList.hxx
+M IGESSolid:derivated:IGESSolid_HArray1OfVertexList_0.cxx /dn43/OCCT/tmp/results_30.09.2011/occt/release-sources-20110930/drv/IGESSolid/IGESSolid_HArray1OfVertexList_0.cxx
+M IGESSolid:dbadmfile:IGESSolid_xcpp_header.In /dn43/OCCT/tmp/results_30.09.2011/occt/release-sources-20110930/drv/IGESSolid/.adm/IGESSolid_xcpp_header.In
+M IGESSolid:dbadmfile:IGESSolid_xcpp_header.Out /dn43/OCCT/tmp/results_30.09.2011/occt/release-sources-20110930/drv/IGESSolid/.adm/IGESSolid_xcpp_header.Out
+M IGESSolid:dbadmfile:IGESSolid_xcpp_header.Dep /dn43/OCCT/tmp/results_30.09.2011/occt/release-sources-20110930/drv/IGESSolid/.adm/IGESSolid_xcpp_header.Dep
