+M GeomAdaptor:pubinclude:GeomAdaptor.hxx /dn43/OCCT/tmp/results_30.09.2011/occt/release-sources-20110930/inc/GeomAdaptor.hxx
+M GeomAdaptor:privinclude:GeomAdaptor.jxx /dn43/OCCT/tmp/results_30.09.2011/occt/release-sources-20110930/drv/GeomAdaptor/GeomAdaptor.jxx
+M GeomAdaptor:privinclude:GeomAdaptor.ixx /dn43/OCCT/tmp/results_30.09.2011/occt/release-sources-20110930/drv/GeomAdaptor/GeomAdaptor.ixx
+M GeomAdaptor:pubinclude:GeomAdaptor_Curve.hxx /dn43/OCCT/tmp/results_30.09.2011/occt/release-sources-20110930/inc/GeomAdaptor_Curve.hxx
+M GeomAdaptor:privinclude:GeomAdaptor_Curve.jxx /dn43/OCCT/tmp/results_30.09.2011/occt/release-sources-20110930/drv/GeomAdaptor/GeomAdaptor_Curve.jxx
+M GeomAdaptor:privinclude:GeomAdaptor_Curve.ixx /dn43/OCCT/tmp/results_30.09.2011/occt/release-sources-20110930/drv/GeomAdaptor/GeomAdaptor_Curve.ixx
+M GeomAdaptor:pubinclude:GeomAdaptor_Surface.hxx /dn43/OCCT/tmp/results_30.09.2011/occt/release-sources-20110930/inc/GeomAdaptor_Surface.hxx
+M GeomAdaptor:privinclude:GeomAdaptor_Surface.jxx /dn43/OCCT/tmp/results_30.09.2011/occt/release-sources-20110930/drv/GeomAdaptor/GeomAdaptor_Surface.jxx
+M GeomAdaptor:privinclude:GeomAdaptor_Surface.ixx /dn43/OCCT/tmp/results_30.09.2011/occt/release-sources-20110930/drv/GeomAdaptor/GeomAdaptor_Surface.ixx
+M GeomAdaptor:pubinclude:Handle_GeomAdaptor_GHSurface.hxx /dn43/OCCT/tmp/results_30.09.2011/occt/release-sources-20110930/inc/Handle_GeomAdaptor_GHSurface.hxx
+M GeomAdaptor:pubinclude:GeomAdaptor_GHSurface.hxx /dn43/OCCT/tmp/results_30.09.2011/occt/release-sources-20110930/inc/GeomAdaptor_GHSurface.hxx
+M GeomAdaptor:derivated:GeomAdaptor_GHSurface_0.cxx /dn43/OCCT/tmp/results_30.09.2011/occt/release-sources-20110930/drv/GeomAdaptor/GeomAdaptor_GHSurface_0.cxx
+M GeomAdaptor:pubinclude:Handle_GeomAdaptor_HSurface.hxx /dn43/OCCT/tmp/results_30.09.2011/occt/release-sources-20110930/inc/Handle_GeomAdaptor_HSurface.hxx
+M GeomAdaptor:pubinclude:GeomAdaptor_HSurface.hxx /dn43/OCCT/tmp/results_30.09.2011/occt/release-sources-20110930/inc/GeomAdaptor_HSurface.hxx
+M GeomAdaptor:privinclude:GeomAdaptor_HSurface.jxx /dn43/OCCT/tmp/results_30.09.2011/occt/release-sources-20110930/drv/GeomAdaptor/GeomAdaptor_HSurface.jxx
+M GeomAdaptor:privinclude:GeomAdaptor_HSurface.ixx /dn43/OCCT/tmp/results_30.09.2011/occt/release-sources-20110930/drv/GeomAdaptor/GeomAdaptor_HSurface.ixx
+M GeomAdaptor:pubinclude:Handle_GeomAdaptor_GHCurve.hxx /dn43/OCCT/tmp/results_30.09.2011/occt/release-sources-20110930/inc/Handle_GeomAdaptor_GHCurve.hxx
+M GeomAdaptor:pubinclude:GeomAdaptor_GHCurve.hxx /dn43/OCCT/tmp/results_30.09.2011/occt/release-sources-20110930/inc/GeomAdaptor_GHCurve.hxx
+M GeomAdaptor:derivated:GeomAdaptor_GHCurve_0.cxx /dn43/OCCT/tmp/results_30.09.2011/occt/release-sources-20110930/drv/GeomAdaptor/GeomAdaptor_GHCurve_0.cxx
+M GeomAdaptor:pubinclude:Handle_GeomAdaptor_HCurve.hxx /dn43/OCCT/tmp/results_30.09.2011/occt/release-sources-20110930/inc/Handle_GeomAdaptor_HCurve.hxx
+M GeomAdaptor:pubinclude:GeomAdaptor_HCurve.hxx /dn43/OCCT/tmp/results_30.09.2011/occt/release-sources-20110930/inc/GeomAdaptor_HCurve.hxx
+M GeomAdaptor:privinclude:GeomAdaptor_HCurve.jxx /dn43/OCCT/tmp/results_30.09.2011/occt/release-sources-20110930/drv/GeomAdaptor/GeomAdaptor_HCurve.jxx
+M GeomAdaptor:privinclude:GeomAdaptor_HCurve.ixx /dn43/OCCT/tmp/results_30.09.2011/occt/release-sources-20110930/drv/GeomAdaptor/GeomAdaptor_HCurve.ixx
+M GeomAdaptor:dbadmfile:GeomAdaptor_xcpp_header.In /dn43/OCCT/tmp/results_30.09.2011/occt/release-sources-20110930/drv/GeomAdaptor/.adm/GeomAdaptor_xcpp_header.In
+M GeomAdaptor:dbadmfile:GeomAdaptor_xcpp_header.Out /dn43/OCCT/tmp/results_30.09.2011/occt/release-sources-20110930/drv/GeomAdaptor/.adm/GeomAdaptor_xcpp_header.Out
+M GeomAdaptor:dbadmfile:GeomAdaptor_xcpp_header.Dep /dn43/OCCT/tmp/results_30.09.2011/occt/release-sources-20110930/drv/GeomAdaptor/.adm/GeomAdaptor_xcpp_header.Dep
