+M RWStepShape:pubinclude:RWStepShape_RWAdvancedBrepShapeRepresentation.hxx /dn43/OCCT/tmp/results_28.02.2011/occt/release-sources-20110228/inc/RWStepShape_RWAdvancedBrepShapeRepresentation.hxx
+M RWStepShape:privinclude:RWStepShape_RWAdvancedBrepShapeRepresentation.jxx /dn43/OCCT/tmp/results_28.02.2011/occt/release-sources-20110228/drv/RWStepShape/RWStepShape_RWAdvancedBrepShapeRepresentation.jxx
+M RWStepShape:privinclude:RWStepShape_RWAdvancedBrepShapeRepresentation.ixx /dn43/OCCT/tmp/results_28.02.2011/occt/release-sources-20110228/drv/RWStepShape/RWStepShape_RWAdvancedBrepShapeRepresentation.ixx
+M RWStepShape:pubinclude:RWStepShape_RWAdvancedFace.hxx /dn43/OCCT/tmp/results_28.02.2011/occt/release-sources-20110228/inc/RWStepShape_RWAdvancedFace.hxx
+M RWStepShape:privinclude:RWStepShape_RWAdvancedFace.jxx /dn43/OCCT/tmp/results_28.02.2011/occt/release-sources-20110228/drv/RWStepShape/RWStepShape_RWAdvancedFace.jxx
+M RWStepShape:privinclude:RWStepShape_RWAdvancedFace.ixx /dn43/OCCT/tmp/results_28.02.2011/occt/release-sources-20110228/drv/RWStepShape/RWStepShape_RWAdvancedFace.ixx
+M RWStepShape:pubinclude:RWStepShape_RWBlock.hxx /dn43/OCCT/tmp/results_28.02.2011/occt/release-sources-20110228/inc/RWStepShape_RWBlock.hxx
+M RWStepShape:privinclude:RWStepShape_RWBlock.jxx /dn43/OCCT/tmp/results_28.02.2011/occt/release-sources-20110228/drv/RWStepShape/RWStepShape_RWBlock.jxx
+M RWStepShape:privinclude:RWStepShape_RWBlock.ixx /dn43/OCCT/tmp/results_28.02.2011/occt/release-sources-20110228/drv/RWStepShape/RWStepShape_RWBlock.ixx
+M RWStepShape:pubinclude:RWStepShape_RWBooleanResult.hxx /dn43/OCCT/tmp/results_28.02.2011/occt/release-sources-20110228/inc/RWStepShape_RWBooleanResult.hxx
+M RWStepShape:privinclude:RWStepShape_RWBooleanResult.jxx /dn43/OCCT/tmp/results_28.02.2011/occt/release-sources-20110228/drv/RWStepShape/RWStepShape_RWBooleanResult.jxx
+M RWStepShape:privinclude:RWStepShape_RWBooleanResult.ixx /dn43/OCCT/tmp/results_28.02.2011/occt/release-sources-20110228/drv/RWStepShape/RWStepShape_RWBooleanResult.ixx
+M RWStepShape:pubinclude:RWStepShape_RWBoxDomain.hxx /dn43/OCCT/tmp/results_28.02.2011/occt/release-sources-20110228/inc/RWStepShape_RWBoxDomain.hxx
+M RWStepShape:privinclude:RWStepShape_RWBoxDomain.jxx /dn43/OCCT/tmp/results_28.02.2011/occt/release-sources-20110228/drv/RWStepShape/RWStepShape_RWBoxDomain.jxx
+M RWStepShape:privinclude:RWStepShape_RWBoxDomain.ixx /dn43/OCCT/tmp/results_28.02.2011/occt/release-sources-20110228/drv/RWStepShape/RWStepShape_RWBoxDomain.ixx
+M RWStepShape:pubinclude:RWStepShape_RWBoxedHalfSpace.hxx /dn43/OCCT/tmp/results_28.02.2011/occt/release-sources-20110228/inc/RWStepShape_RWBoxedHalfSpace.hxx
+M RWStepShape:privinclude:RWStepShape_RWBoxedHalfSpace.jxx /dn43/OCCT/tmp/results_28.02.2011/occt/release-sources-20110228/drv/RWStepShape/RWStepShape_RWBoxedHalfSpace.jxx
+M RWStepShape:privinclude:RWStepShape_RWBoxedHalfSpace.ixx /dn43/OCCT/tmp/results_28.02.2011/occt/release-sources-20110228/drv/RWStepShape/RWStepShape_RWBoxedHalfSpace.ixx
+M RWStepShape:pubinclude:RWStepShape_RWBrepWithVoids.hxx /dn43/OCCT/tmp/results_28.02.2011/occt/release-sources-20110228/inc/RWStepShape_RWBrepWithVoids.hxx
+M RWStepShape:privinclude:RWStepShape_RWBrepWithVoids.jxx /dn43/OCCT/tmp/results_28.02.2011/occt/release-sources-20110228/drv/RWStepShape/RWStepShape_RWBrepWithVoids.jxx
+M RWStepShape:privinclude:RWStepShape_RWBrepWithVoids.ixx /dn43/OCCT/tmp/results_28.02.2011/occt/release-sources-20110228/drv/RWStepShape/RWStepShape_RWBrepWithVoids.ixx
+M RWStepShape:pubinclude:RWStepShape_RWClosedShell.hxx /dn43/OCCT/tmp/results_28.02.2011/occt/release-sources-20110228/inc/RWStepShape_RWClosedShell.hxx
+M RWStepShape:privinclude:RWStepShape_RWClosedShell.jxx /dn43/OCCT/tmp/results_28.02.2011/occt/release-sources-20110228/drv/RWStepShape/RWStepShape_RWClosedShell.jxx
+M RWStepShape:privinclude:RWStepShape_RWClosedShell.ixx /dn43/OCCT/tmp/results_28.02.2011/occt/release-sources-20110228/drv/RWStepShape/RWStepShape_RWClosedShell.ixx
+M RWStepShape:pubinclude:RWStepShape_RWCompoundShapeRepresentation.hxx /dn43/OCCT/tmp/results_28.02.2011/occt/release-sources-20110228/inc/RWStepShape_RWCompoundShapeRepresentation.hxx
+M RWStepShape:privinclude:RWStepShape_RWCompoundShapeRepresentation.jxx /dn43/OCCT/tmp/results_28.02.2011/occt/release-sources-20110228/drv/RWStepShape/RWStepShape_RWCompoundShapeRepresentation.jxx
+M RWStepShape:privinclude:RWStepShape_RWCompoundShapeRepresentation.ixx /dn43/OCCT/tmp/results_28.02.2011/occt/release-sources-20110228/drv/RWStepShape/RWStepShape_RWCompoundShapeRepresentation.ixx
+M RWStepShape:pubinclude:RWStepShape_RWConnectedEdgeSet.hxx /dn43/OCCT/tmp/results_28.02.2011/occt/release-sources-20110228/inc/RWStepShape_RWConnectedEdgeSet.hxx
+M RWStepShape:privinclude:RWStepShape_RWConnectedEdgeSet.jxx /dn43/OCCT/tmp/results_28.02.2011/occt/release-sources-20110228/drv/RWStepShape/RWStepShape_RWConnectedEdgeSet.jxx
+M RWStepShape:privinclude:RWStepShape_RWConnectedEdgeSet.ixx /dn43/OCCT/tmp/results_28.02.2011/occt/release-sources-20110228/drv/RWStepShape/RWStepShape_RWConnectedEdgeSet.ixx
+M RWStepShape:pubinclude:RWStepShape_RWConnectedFaceShapeRepresentation.hxx /dn43/OCCT/tmp/results_28.02.2011/occt/release-sources-20110228/inc/RWStepShape_RWConnectedFaceShapeRepresentation.hxx
+M RWStepShape:privinclude:RWStepShape_RWConnectedFaceShapeRepresentation.jxx /dn43/OCCT/tmp/results_28.02.2011/occt/release-sources-20110228/drv/RWStepShape/RWStepShape_RWConnectedFaceShapeRepresentation.jxx
+M RWStepShape:privinclude:RWStepShape_RWConnectedFaceShapeRepresentation.ixx /dn43/OCCT/tmp/results_28.02.2011/occt/release-sources-20110228/drv/RWStepShape/RWStepShape_RWConnectedFaceShapeRepresentation.ixx
+M RWStepShape:pubinclude:RWStepShape_RWConnectedFaceSet.hxx /dn43/OCCT/tmp/results_28.02.2011/occt/release-sources-20110228/inc/RWStepShape_RWConnectedFaceSet.hxx
+M RWStepShape:privinclude:RWStepShape_RWConnectedFaceSet.jxx /dn43/OCCT/tmp/results_28.02.2011/occt/release-sources-20110228/drv/RWStepShape/RWStepShape_RWConnectedFaceSet.jxx
+M RWStepShape:privinclude:RWStepShape_RWConnectedFaceSet.ixx /dn43/OCCT/tmp/results_28.02.2011/occt/release-sources-20110228/drv/RWStepShape/RWStepShape_RWConnectedFaceSet.ixx
+M RWStepShape:pubinclude:RWStepShape_RWCsgShapeRepresentation.hxx /dn43/OCCT/tmp/results_28.02.2011/occt/release-sources-20110228/inc/RWStepShape_RWCsgShapeRepresentation.hxx
+M RWStepShape:privinclude:RWStepShape_RWCsgShapeRepresentation.jxx /dn43/OCCT/tmp/results_28.02.2011/occt/release-sources-20110228/drv/RWStepShape/RWStepShape_RWCsgShapeRepresentation.jxx
+M RWStepShape:privinclude:RWStepShape_RWCsgShapeRepresentation.ixx /dn43/OCCT/tmp/results_28.02.2011/occt/release-sources-20110228/drv/RWStepShape/RWStepShape_RWCsgShapeRepresentation.ixx
+M RWStepShape:pubinclude:RWStepShape_RWCsgSolid.hxx /dn43/OCCT/tmp/results_28.02.2011/occt/release-sources-20110228/inc/RWStepShape_RWCsgSolid.hxx
+M RWStepShape:privinclude:RWStepShape_RWCsgSolid.jxx /dn43/OCCT/tmp/results_28.02.2011/occt/release-sources-20110228/drv/RWStepShape/RWStepShape_RWCsgSolid.jxx
+M RWStepShape:privinclude:RWStepShape_RWCsgSolid.ixx /dn43/OCCT/tmp/results_28.02.2011/occt/release-sources-20110228/drv/RWStepShape/RWStepShape_RWCsgSolid.ixx
+M RWStepShape:pubinclude:RWStepShape_RWDefinitionalRepresentationAndShapeRepresentation.hxx /dn43/OCCT/tmp/results_28.02.2011/occt/release-sources-20110228/inc/RWStepShape_RWDefinitionalRepresentationAndShapeRepresentation.hxx
+M RWStepShape:privinclude:RWStepShape_RWDefinitionalRepresentationAndShapeRepresentation.jxx /dn43/OCCT/tmp/results_28.02.2011/occt/release-sources-20110228/drv/RWStepShape/RWStepShape_RWDefinitionalRepresentationAndShapeRepresentation.jxx
+M RWStepShape:privinclude:RWStepShape_RWDefinitionalRepresentationAndShapeRepresentation.ixx /dn43/OCCT/tmp/results_28.02.2011/occt/release-sources-20110228/drv/RWStepShape/RWStepShape_RWDefinitionalRepresentationAndShapeRepresentation.ixx
+M RWStepShape:pubinclude:RWStepShape_RWEdge.hxx /dn43/OCCT/tmp/results_28.02.2011/occt/release-sources-20110228/inc/RWStepShape_RWEdge.hxx
+M RWStepShape:privinclude:RWStepShape_RWEdge.jxx /dn43/OCCT/tmp/results_28.02.2011/occt/release-sources-20110228/drv/RWStepShape/RWStepShape_RWEdge.jxx
+M RWStepShape:privinclude:RWStepShape_RWEdge.ixx /dn43/OCCT/tmp/results_28.02.2011/occt/release-sources-20110228/drv/RWStepShape/RWStepShape_RWEdge.ixx
+M RWStepShape:pubinclude:RWStepShape_RWEdgeBasedWireframeModel.hxx /dn43/OCCT/tmp/results_28.02.2011/occt/release-sources-20110228/inc/RWStepShape_RWEdgeBasedWireframeModel.hxx
+M RWStepShape:privinclude:RWStepShape_RWEdgeBasedWireframeModel.jxx /dn43/OCCT/tmp/results_28.02.2011/occt/release-sources-20110228/drv/RWStepShape/RWStepShape_RWEdgeBasedWireframeModel.jxx
+M RWStepShape:privinclude:RWStepShape_RWEdgeBasedWireframeModel.ixx /dn43/OCCT/tmp/results_28.02.2011/occt/release-sources-20110228/drv/RWStepShape/RWStepShape_RWEdgeBasedWireframeModel.ixx
+M RWStepShape:pubinclude:RWStepShape_RWEdgeBasedWireframeShapeRepresentation.hxx /dn43/OCCT/tmp/results_28.02.2011/occt/release-sources-20110228/inc/RWStepShape_RWEdgeBasedWireframeShapeRepresentation.hxx
+M RWStepShape:privinclude:RWStepShape_RWEdgeBasedWireframeShapeRepresentation.jxx /dn43/OCCT/tmp/results_28.02.2011/occt/release-sources-20110228/drv/RWStepShape/RWStepShape_RWEdgeBasedWireframeShapeRepresentation.jxx
+M RWStepShape:privinclude:RWStepShape_RWEdgeBasedWireframeShapeRepresentation.ixx /dn43/OCCT/tmp/results_28.02.2011/occt/release-sources-20110228/drv/RWStepShape/RWStepShape_RWEdgeBasedWireframeShapeRepresentation.ixx
+M RWStepShape:pubinclude:RWStepShape_RWEdgeCurve.hxx /dn43/OCCT/tmp/results_28.02.2011/occt/release-sources-20110228/inc/RWStepShape_RWEdgeCurve.hxx
+M RWStepShape:privinclude:RWStepShape_RWEdgeCurve.jxx /dn43/OCCT/tmp/results_28.02.2011/occt/release-sources-20110228/drv/RWStepShape/RWStepShape_RWEdgeCurve.jxx
+M RWStepShape:privinclude:RWStepShape_RWEdgeCurve.ixx /dn43/OCCT/tmp/results_28.02.2011/occt/release-sources-20110228/drv/RWStepShape/RWStepShape_RWEdgeCurve.ixx
+M RWStepShape:pubinclude:RWStepShape_RWEdgeLoop.hxx /dn43/OCCT/tmp/results_28.02.2011/occt/release-sources-20110228/inc/RWStepShape_RWEdgeLoop.hxx
+M RWStepShape:privinclude:RWStepShape_RWEdgeLoop.jxx /dn43/OCCT/tmp/results_28.02.2011/occt/release-sources-20110228/drv/RWStepShape/RWStepShape_RWEdgeLoop.jxx
+M RWStepShape:privinclude:RWStepShape_RWEdgeLoop.ixx /dn43/OCCT/tmp/results_28.02.2011/occt/release-sources-20110228/drv/RWStepShape/RWStepShape_RWEdgeLoop.ixx
+M RWStepShape:pubinclude:RWStepShape_RWExtrudedAreaSolid.hxx /dn43/OCCT/tmp/results_28.02.2011/occt/release-sources-20110228/inc/RWStepShape_RWExtrudedAreaSolid.hxx
+M RWStepShape:privinclude:RWStepShape_RWExtrudedAreaSolid.jxx /dn43/OCCT/tmp/results_28.02.2011/occt/release-sources-20110228/drv/RWStepShape/RWStepShape_RWExtrudedAreaSolid.jxx
+M RWStepShape:privinclude:RWStepShape_RWExtrudedAreaSolid.ixx /dn43/OCCT/tmp/results_28.02.2011/occt/release-sources-20110228/drv/RWStepShape/RWStepShape_RWExtrudedAreaSolid.ixx
+M RWStepShape:pubinclude:RWStepShape_RWFace.hxx /dn43/OCCT/tmp/results_28.02.2011/occt/release-sources-20110228/inc/RWStepShape_RWFace.hxx
+M RWStepShape:privinclude:RWStepShape_RWFace.jxx /dn43/OCCT/tmp/results_28.02.2011/occt/release-sources-20110228/drv/RWStepShape/RWStepShape_RWFace.jxx
+M RWStepShape:privinclude:RWStepShape_RWFace.ixx /dn43/OCCT/tmp/results_28.02.2011/occt/release-sources-20110228/drv/RWStepShape/RWStepShape_RWFace.ixx
+M RWStepShape:pubinclude:RWStepShape_RWFaceBasedSurfaceModel.hxx /dn43/OCCT/tmp/results_28.02.2011/occt/release-sources-20110228/inc/RWStepShape_RWFaceBasedSurfaceModel.hxx
+M RWStepShape:privinclude:RWStepShape_RWFaceBasedSurfaceModel.jxx /dn43/OCCT/tmp/results_28.02.2011/occt/release-sources-20110228/drv/RWStepShape/RWStepShape_RWFaceBasedSurfaceModel.jxx
+M RWStepShape:privinclude:RWStepShape_RWFaceBasedSurfaceModel.ixx /dn43/OCCT/tmp/results_28.02.2011/occt/release-sources-20110228/drv/RWStepShape/RWStepShape_RWFaceBasedSurfaceModel.ixx
+M RWStepShape:pubinclude:RWStepShape_RWFaceBound.hxx /dn43/OCCT/tmp/results_28.02.2011/occt/release-sources-20110228/inc/RWStepShape_RWFaceBound.hxx
+M RWStepShape:privinclude:RWStepShape_RWFaceBound.jxx /dn43/OCCT/tmp/results_28.02.2011/occt/release-sources-20110228/drv/RWStepShape/RWStepShape_RWFaceBound.jxx
+M RWStepShape:privinclude:RWStepShape_RWFaceBound.ixx /dn43/OCCT/tmp/results_28.02.2011/occt/release-sources-20110228/drv/RWStepShape/RWStepShape_RWFaceBound.ixx
+M RWStepShape:pubinclude:RWStepShape_RWFaceOuterBound.hxx /dn43/OCCT/tmp/results_28.02.2011/occt/release-sources-20110228/inc/RWStepShape_RWFaceOuterBound.hxx
+M RWStepShape:privinclude:RWStepShape_RWFaceOuterBound.jxx /dn43/OCCT/tmp/results_28.02.2011/occt/release-sources-20110228/drv/RWStepShape/RWStepShape_RWFaceOuterBound.jxx
+M RWStepShape:privinclude:RWStepShape_RWFaceOuterBound.ixx /dn43/OCCT/tmp/results_28.02.2011/occt/release-sources-20110228/drv/RWStepShape/RWStepShape_RWFaceOuterBound.ixx
+M RWStepShape:pubinclude:RWStepShape_RWFaceSurface.hxx /dn43/OCCT/tmp/results_28.02.2011/occt/release-sources-20110228/inc/RWStepShape_RWFaceSurface.hxx
+M RWStepShape:privinclude:RWStepShape_RWFaceSurface.jxx /dn43/OCCT/tmp/results_28.02.2011/occt/release-sources-20110228/drv/RWStepShape/RWStepShape_RWFaceSurface.jxx
+M RWStepShape:privinclude:RWStepShape_RWFaceSurface.ixx /dn43/OCCT/tmp/results_28.02.2011/occt/release-sources-20110228/drv/RWStepShape/RWStepShape_RWFaceSurface.ixx
+M RWStepShape:pubinclude:RWStepShape_RWFacetedBrep.hxx /dn43/OCCT/tmp/results_28.02.2011/occt/release-sources-20110228/inc/RWStepShape_RWFacetedBrep.hxx
+M RWStepShape:privinclude:RWStepShape_RWFacetedBrep.jxx /dn43/OCCT/tmp/results_28.02.2011/occt/release-sources-20110228/drv/RWStepShape/RWStepShape_RWFacetedBrep.jxx
+M RWStepShape:privinclude:RWStepShape_RWFacetedBrep.ixx /dn43/OCCT/tmp/results_28.02.2011/occt/release-sources-20110228/drv/RWStepShape/RWStepShape_RWFacetedBrep.ixx
+M RWStepShape:pubinclude:RWStepShape_RWFacetedBrepAndBrepWithVoids.hxx /dn43/OCCT/tmp/results_28.02.2011/occt/release-sources-20110228/inc/RWStepShape_RWFacetedBrepAndBrepWithVoids.hxx
+M RWStepShape:privinclude:RWStepShape_RWFacetedBrepAndBrepWithVoids.jxx /dn43/OCCT/tmp/results_28.02.2011/occt/release-sources-20110228/drv/RWStepShape/RWStepShape_RWFacetedBrepAndBrepWithVoids.jxx
+M RWStepShape:privinclude:RWStepShape_RWFacetedBrepAndBrepWithVoids.ixx /dn43/OCCT/tmp/results_28.02.2011/occt/release-sources-20110228/drv/RWStepShape/RWStepShape_RWFacetedBrepAndBrepWithVoids.ixx
+M RWStepShape:pubinclude:RWStepShape_RWFacetedBrepShapeRepresentation.hxx /dn43/OCCT/tmp/results_28.02.2011/occt/release-sources-20110228/inc/RWStepShape_RWFacetedBrepShapeRepresentation.hxx
+M RWStepShape:privinclude:RWStepShape_RWFacetedBrepShapeRepresentation.jxx /dn43/OCCT/tmp/results_28.02.2011/occt/release-sources-20110228/drv/RWStepShape/RWStepShape_RWFacetedBrepShapeRepresentation.jxx
+M RWStepShape:privinclude:RWStepShape_RWFacetedBrepShapeRepresentation.ixx /dn43/OCCT/tmp/results_28.02.2011/occt/release-sources-20110228/drv/RWStepShape/RWStepShape_RWFacetedBrepShapeRepresentation.ixx
+M RWStepShape:pubinclude:RWStepShape_RWGeometricCurveSet.hxx /dn43/OCCT/tmp/results_28.02.2011/occt/release-sources-20110228/inc/RWStepShape_RWGeometricCurveSet.hxx
+M RWStepShape:privinclude:RWStepShape_RWGeometricCurveSet.jxx /dn43/OCCT/tmp/results_28.02.2011/occt/release-sources-20110228/drv/RWStepShape/RWStepShape_RWGeometricCurveSet.jxx
+M RWStepShape:privinclude:RWStepShape_RWGeometricCurveSet.ixx /dn43/OCCT/tmp/results_28.02.2011/occt/release-sources-20110228/drv/RWStepShape/RWStepShape_RWGeometricCurveSet.ixx
+M RWStepShape:pubinclude:RWStepShape_RWGeometricSet.hxx /dn43/OCCT/tmp/results_28.02.2011/occt/release-sources-20110228/inc/RWStepShape_RWGeometricSet.hxx
+M RWStepShape:privinclude:RWStepShape_RWGeometricSet.jxx /dn43/OCCT/tmp/results_28.02.2011/occt/release-sources-20110228/drv/RWStepShape/RWStepShape_RWGeometricSet.jxx
+M RWStepShape:privinclude:RWStepShape_RWGeometricSet.ixx /dn43/OCCT/tmp/results_28.02.2011/occt/release-sources-20110228/drv/RWStepShape/RWStepShape_RWGeometricSet.ixx
+M RWStepShape:pubinclude:RWStepShape_RWGeometricallyBoundedSurfaceShapeRepresentation.hxx /dn43/OCCT/tmp/results_28.02.2011/occt/release-sources-20110228/inc/RWStepShape_RWGeometricallyBoundedSurfaceShapeRepresentation.hxx
+M RWStepShape:privinclude:RWStepShape_RWGeometricallyBoundedSurfaceShapeRepresentation.jxx /dn43/OCCT/tmp/results_28.02.2011/occt/release-sources-20110228/drv/RWStepShape/RWStepShape_RWGeometricallyBoundedSurfaceShapeRepresentation.jxx
+M RWStepShape:privinclude:RWStepShape_RWGeometricallyBoundedSurfaceShapeRepresentation.ixx /dn43/OCCT/tmp/results_28.02.2011/occt/release-sources-20110228/drv/RWStepShape/RWStepShape_RWGeometricallyBoundedSurfaceShapeRepresentation.ixx
+M RWStepShape:pubinclude:RWStepShape_RWGeometricallyBoundedWireframeShapeRepresentation.hxx /dn43/OCCT/tmp/results_28.02.2011/occt/release-sources-20110228/inc/RWStepShape_RWGeometricallyBoundedWireframeShapeRepresentation.hxx
+M RWStepShape:privinclude:RWStepShape_RWGeometricallyBoundedWireframeShapeRepresentation.jxx /dn43/OCCT/tmp/results_28.02.2011/occt/release-sources-20110228/drv/RWStepShape/RWStepShape_RWGeometricallyBoundedWireframeShapeRepresentation.jxx
+M RWStepShape:privinclude:RWStepShape_RWGeometricallyBoundedWireframeShapeRepresentation.ixx /dn43/OCCT/tmp/results_28.02.2011/occt/release-sources-20110228/drv/RWStepShape/RWStepShape_RWGeometricallyBoundedWireframeShapeRepresentation.ixx
+M RWStepShape:pubinclude:RWStepShape_RWHalfSpaceSolid.hxx /dn43/OCCT/tmp/results_28.02.2011/occt/release-sources-20110228/inc/RWStepShape_RWHalfSpaceSolid.hxx
+M RWStepShape:privinclude:RWStepShape_RWHalfSpaceSolid.jxx /dn43/OCCT/tmp/results_28.02.2011/occt/release-sources-20110228/drv/RWStepShape/RWStepShape_RWHalfSpaceSolid.jxx
+M RWStepShape:privinclude:RWStepShape_RWHalfSpaceSolid.ixx /dn43/OCCT/tmp/results_28.02.2011/occt/release-sources-20110228/drv/RWStepShape/RWStepShape_RWHalfSpaceSolid.ixx
+M RWStepShape:pubinclude:RWStepShape_RWLoop.hxx /dn43/OCCT/tmp/results_28.02.2011/occt/release-sources-20110228/inc/RWStepShape_RWLoop.hxx
+M RWStepShape:privinclude:RWStepShape_RWLoop.jxx /dn43/OCCT/tmp/results_28.02.2011/occt/release-sources-20110228/drv/RWStepShape/RWStepShape_RWLoop.jxx
+M RWStepShape:privinclude:RWStepShape_RWLoop.ixx /dn43/OCCT/tmp/results_28.02.2011/occt/release-sources-20110228/drv/RWStepShape/RWStepShape_RWLoop.ixx
+M RWStepShape:pubinclude:RWStepShape_RWManifoldSolidBrep.hxx /dn43/OCCT/tmp/results_28.02.2011/occt/release-sources-20110228/inc/RWStepShape_RWManifoldSolidBrep.hxx
+M RWStepShape:privinclude:RWStepShape_RWManifoldSolidBrep.jxx /dn43/OCCT/tmp/results_28.02.2011/occt/release-sources-20110228/drv/RWStepShape/RWStepShape_RWManifoldSolidBrep.jxx
+M RWStepShape:privinclude:RWStepShape_RWManifoldSolidBrep.ixx /dn43/OCCT/tmp/results_28.02.2011/occt/release-sources-20110228/drv/RWStepShape/RWStepShape_RWManifoldSolidBrep.ixx
+M RWStepShape:pubinclude:RWStepShape_RWManifoldSurfaceShapeRepresentation.hxx /dn43/OCCT/tmp/results_28.02.2011/occt/release-sources-20110228/inc/RWStepShape_RWManifoldSurfaceShapeRepresentation.hxx
+M RWStepShape:privinclude:RWStepShape_RWManifoldSurfaceShapeRepresentation.jxx /dn43/OCCT/tmp/results_28.02.2011/occt/release-sources-20110228/drv/RWStepShape/RWStepShape_RWManifoldSurfaceShapeRepresentation.jxx
+M RWStepShape:privinclude:RWStepShape_RWManifoldSurfaceShapeRepresentation.ixx /dn43/OCCT/tmp/results_28.02.2011/occt/release-sources-20110228/drv/RWStepShape/RWStepShape_RWManifoldSurfaceShapeRepresentation.ixx
+M RWStepShape:pubinclude:RWStepShape_RWNonManifoldSurfaceShapeRepresentation.hxx /dn43/OCCT/tmp/results_28.02.2011/occt/release-sources-20110228/inc/RWStepShape_RWNonManifoldSurfaceShapeRepresentation.hxx
+M RWStepShape:privinclude:RWStepShape_RWNonManifoldSurfaceShapeRepresentation.jxx /dn43/OCCT/tmp/results_28.02.2011/occt/release-sources-20110228/drv/RWStepShape/RWStepShape_RWNonManifoldSurfaceShapeRepresentation.jxx
+M RWStepShape:privinclude:RWStepShape_RWNonManifoldSurfaceShapeRepresentation.ixx /dn43/OCCT/tmp/results_28.02.2011/occt/release-sources-20110228/drv/RWStepShape/RWStepShape_RWNonManifoldSurfaceShapeRepresentation.ixx
+M RWStepShape:pubinclude:RWStepShape_RWOpenShell.hxx /dn43/OCCT/tmp/results_28.02.2011/occt/release-sources-20110228/inc/RWStepShape_RWOpenShell.hxx
+M RWStepShape:privinclude:RWStepShape_RWOpenShell.jxx /dn43/OCCT/tmp/results_28.02.2011/occt/release-sources-20110228/drv/RWStepShape/RWStepShape_RWOpenShell.jxx
+M RWStepShape:privinclude:RWStepShape_RWOpenShell.ixx /dn43/OCCT/tmp/results_28.02.2011/occt/release-sources-20110228/drv/RWStepShape/RWStepShape_RWOpenShell.ixx
+M RWStepShape:pubinclude:RWStepShape_RWOrientedClosedShell.hxx /dn43/OCCT/tmp/results_28.02.2011/occt/release-sources-20110228/inc/RWStepShape_RWOrientedClosedShell.hxx
+M RWStepShape:privinclude:RWStepShape_RWOrientedClosedShell.jxx /dn43/OCCT/tmp/results_28.02.2011/occt/release-sources-20110228/drv/RWStepShape/RWStepShape_RWOrientedClosedShell.jxx
+M RWStepShape:privinclude:RWStepShape_RWOrientedClosedShell.ixx /dn43/OCCT/tmp/results_28.02.2011/occt/release-sources-20110228/drv/RWStepShape/RWStepShape_RWOrientedClosedShell.ixx
+M RWStepShape:pubinclude:RWStepShape_RWOrientedEdge.hxx /dn43/OCCT/tmp/results_28.02.2011/occt/release-sources-20110228/inc/RWStepShape_RWOrientedEdge.hxx
+M RWStepShape:privinclude:RWStepShape_RWOrientedEdge.jxx /dn43/OCCT/tmp/results_28.02.2011/occt/release-sources-20110228/drv/RWStepShape/RWStepShape_RWOrientedEdge.jxx
+M RWStepShape:privinclude:RWStepShape_RWOrientedEdge.ixx /dn43/OCCT/tmp/results_28.02.2011/occt/release-sources-20110228/drv/RWStepShape/RWStepShape_RWOrientedEdge.ixx
+M RWStepShape:pubinclude:RWStepShape_RWOrientedFace.hxx /dn43/OCCT/tmp/results_28.02.2011/occt/release-sources-20110228/inc/RWStepShape_RWOrientedFace.hxx
+M RWStepShape:privinclude:RWStepShape_RWOrientedFace.jxx /dn43/OCCT/tmp/results_28.02.2011/occt/release-sources-20110228/drv/RWStepShape/RWStepShape_RWOrientedFace.jxx
+M RWStepShape:privinclude:RWStepShape_RWOrientedFace.ixx /dn43/OCCT/tmp/results_28.02.2011/occt/release-sources-20110228/drv/RWStepShape/RWStepShape_RWOrientedFace.ixx
+M RWStepShape:pubinclude:RWStepShape_RWOrientedOpenShell.hxx /dn43/OCCT/tmp/results_28.02.2011/occt/release-sources-20110228/inc/RWStepShape_RWOrientedOpenShell.hxx
+M RWStepShape:privinclude:RWStepShape_RWOrientedOpenShell.jxx /dn43/OCCT/tmp/results_28.02.2011/occt/release-sources-20110228/drv/RWStepShape/RWStepShape_RWOrientedOpenShell.jxx
+M RWStepShape:privinclude:RWStepShape_RWOrientedOpenShell.ixx /dn43/OCCT/tmp/results_28.02.2011/occt/release-sources-20110228/drv/RWStepShape/RWStepShape_RWOrientedOpenShell.ixx
+M RWStepShape:pubinclude:RWStepShape_RWOrientedPath.hxx /dn43/OCCT/tmp/results_28.02.2011/occt/release-sources-20110228/inc/RWStepShape_RWOrientedPath.hxx
+M RWStepShape:privinclude:RWStepShape_RWOrientedPath.jxx /dn43/OCCT/tmp/results_28.02.2011/occt/release-sources-20110228/drv/RWStepShape/RWStepShape_RWOrientedPath.jxx
+M RWStepShape:privinclude:RWStepShape_RWOrientedPath.ixx /dn43/OCCT/tmp/results_28.02.2011/occt/release-sources-20110228/drv/RWStepShape/RWStepShape_RWOrientedPath.ixx
+M RWStepShape:pubinclude:RWStepShape_RWPath.hxx /dn43/OCCT/tmp/results_28.02.2011/occt/release-sources-20110228/inc/RWStepShape_RWPath.hxx
+M RWStepShape:privinclude:RWStepShape_RWPath.jxx /dn43/OCCT/tmp/results_28.02.2011/occt/release-sources-20110228/drv/RWStepShape/RWStepShape_RWPath.jxx
+M RWStepShape:privinclude:RWStepShape_RWPath.ixx /dn43/OCCT/tmp/results_28.02.2011/occt/release-sources-20110228/drv/RWStepShape/RWStepShape_RWPath.ixx
+M RWStepShape:pubinclude:RWStepShape_RWPolyLoop.hxx /dn43/OCCT/tmp/results_28.02.2011/occt/release-sources-20110228/inc/RWStepShape_RWPolyLoop.hxx
+M RWStepShape:privinclude:RWStepShape_RWPolyLoop.jxx /dn43/OCCT/tmp/results_28.02.2011/occt/release-sources-20110228/drv/RWStepShape/RWStepShape_RWPolyLoop.jxx
+M RWStepShape:privinclude:RWStepShape_RWPolyLoop.ixx /dn43/OCCT/tmp/results_28.02.2011/occt/release-sources-20110228/drv/RWStepShape/RWStepShape_RWPolyLoop.ixx
+M RWStepShape:pubinclude:RWStepShape_RWRevolvedAreaSolid.hxx /dn43/OCCT/tmp/results_28.02.2011/occt/release-sources-20110228/inc/RWStepShape_RWRevolvedAreaSolid.hxx
+M RWStepShape:privinclude:RWStepShape_RWRevolvedAreaSolid.jxx /dn43/OCCT/tmp/results_28.02.2011/occt/release-sources-20110228/drv/RWStepShape/RWStepShape_RWRevolvedAreaSolid.jxx
+M RWStepShape:privinclude:RWStepShape_RWRevolvedAreaSolid.ixx /dn43/OCCT/tmp/results_28.02.2011/occt/release-sources-20110228/drv/RWStepShape/RWStepShape_RWRevolvedAreaSolid.ixx
+M RWStepShape:pubinclude:RWStepShape_RWRightAngularWedge.hxx /dn43/OCCT/tmp/results_28.02.2011/occt/release-sources-20110228/inc/RWStepShape_RWRightAngularWedge.hxx
+M RWStepShape:privinclude:RWStepShape_RWRightAngularWedge.jxx /dn43/OCCT/tmp/results_28.02.2011/occt/release-sources-20110228/drv/RWStepShape/RWStepShape_RWRightAngularWedge.jxx
+M RWStepShape:privinclude:RWStepShape_RWRightAngularWedge.ixx /dn43/OCCT/tmp/results_28.02.2011/occt/release-sources-20110228/drv/RWStepShape/RWStepShape_RWRightAngularWedge.ixx
+M RWStepShape:pubinclude:RWStepShape_RWRightCircularCone.hxx /dn43/OCCT/tmp/results_28.02.2011/occt/release-sources-20110228/inc/RWStepShape_RWRightCircularCone.hxx
+M RWStepShape:privinclude:RWStepShape_RWRightCircularCone.jxx /dn43/OCCT/tmp/results_28.02.2011/occt/release-sources-20110228/drv/RWStepShape/RWStepShape_RWRightCircularCone.jxx
+M RWStepShape:privinclude:RWStepShape_RWRightCircularCone.ixx /dn43/OCCT/tmp/results_28.02.2011/occt/release-sources-20110228/drv/RWStepShape/RWStepShape_RWRightCircularCone.ixx
+M RWStepShape:pubinclude:RWStepShape_RWRightCircularCylinder.hxx /dn43/OCCT/tmp/results_28.02.2011/occt/release-sources-20110228/inc/RWStepShape_RWRightCircularCylinder.hxx
+M RWStepShape:privinclude:RWStepShape_RWRightCircularCylinder.jxx /dn43/OCCT/tmp/results_28.02.2011/occt/release-sources-20110228/drv/RWStepShape/RWStepShape_RWRightCircularCylinder.jxx
+M RWStepShape:privinclude:RWStepShape_RWRightCircularCylinder.ixx /dn43/OCCT/tmp/results_28.02.2011/occt/release-sources-20110228/drv/RWStepShape/RWStepShape_RWRightCircularCylinder.ixx
+M RWStepShape:pubinclude:RWStepShape_RWShapeRepresentation.hxx /dn43/OCCT/tmp/results_28.02.2011/occt/release-sources-20110228/inc/RWStepShape_RWShapeRepresentation.hxx
+M RWStepShape:privinclude:RWStepShape_RWShapeRepresentation.jxx /dn43/OCCT/tmp/results_28.02.2011/occt/release-sources-20110228/drv/RWStepShape/RWStepShape_RWShapeRepresentation.jxx
+M RWStepShape:privinclude:RWStepShape_RWShapeRepresentation.ixx /dn43/OCCT/tmp/results_28.02.2011/occt/release-sources-20110228/drv/RWStepShape/RWStepShape_RWShapeRepresentation.ixx
+M RWStepShape:pubinclude:RWStepShape_RWShellBasedSurfaceModel.hxx /dn43/OCCT/tmp/results_28.02.2011/occt/release-sources-20110228/inc/RWStepShape_RWShellBasedSurfaceModel.hxx
+M RWStepShape:privinclude:RWStepShape_RWShellBasedSurfaceModel.jxx /dn43/OCCT/tmp/results_28.02.2011/occt/release-sources-20110228/drv/RWStepShape/RWStepShape_RWShellBasedSurfaceModel.jxx
+M RWStepShape:privinclude:RWStepShape_RWShellBasedSurfaceModel.ixx /dn43/OCCT/tmp/results_28.02.2011/occt/release-sources-20110228/drv/RWStepShape/RWStepShape_RWShellBasedSurfaceModel.ixx
+M RWStepShape:pubinclude:RWStepShape_RWSolidModel.hxx /dn43/OCCT/tmp/results_28.02.2011/occt/release-sources-20110228/inc/RWStepShape_RWSolidModel.hxx
+M RWStepShape:privinclude:RWStepShape_RWSolidModel.jxx /dn43/OCCT/tmp/results_28.02.2011/occt/release-sources-20110228/drv/RWStepShape/RWStepShape_RWSolidModel.jxx
+M RWStepShape:privinclude:RWStepShape_RWSolidModel.ixx /dn43/OCCT/tmp/results_28.02.2011/occt/release-sources-20110228/drv/RWStepShape/RWStepShape_RWSolidModel.ixx
+M RWStepShape:pubinclude:RWStepShape_RWSolidReplica.hxx /dn43/OCCT/tmp/results_28.02.2011/occt/release-sources-20110228/inc/RWStepShape_RWSolidReplica.hxx
+M RWStepShape:privinclude:RWStepShape_RWSolidReplica.jxx /dn43/OCCT/tmp/results_28.02.2011/occt/release-sources-20110228/drv/RWStepShape/RWStepShape_RWSolidReplica.jxx
+M RWStepShape:privinclude:RWStepShape_RWSolidReplica.ixx /dn43/OCCT/tmp/results_28.02.2011/occt/release-sources-20110228/drv/RWStepShape/RWStepShape_RWSolidReplica.ixx
+M RWStepShape:pubinclude:RWStepShape_RWSphere.hxx /dn43/OCCT/tmp/results_28.02.2011/occt/release-sources-20110228/inc/RWStepShape_RWSphere.hxx
+M RWStepShape:privinclude:RWStepShape_RWSphere.jxx /dn43/OCCT/tmp/results_28.02.2011/occt/release-sources-20110228/drv/RWStepShape/RWStepShape_RWSphere.jxx
+M RWStepShape:privinclude:RWStepShape_RWSphere.ixx /dn43/OCCT/tmp/results_28.02.2011/occt/release-sources-20110228/drv/RWStepShape/RWStepShape_RWSphere.ixx
+M RWStepShape:pubinclude:RWStepShape_RWSweptAreaSolid.hxx /dn43/OCCT/tmp/results_28.02.2011/occt/release-sources-20110228/inc/RWStepShape_RWSweptAreaSolid.hxx
+M RWStepShape:privinclude:RWStepShape_RWSweptAreaSolid.jxx /dn43/OCCT/tmp/results_28.02.2011/occt/release-sources-20110228/drv/RWStepShape/RWStepShape_RWSweptAreaSolid.jxx
+M RWStepShape:privinclude:RWStepShape_RWSweptAreaSolid.ixx /dn43/OCCT/tmp/results_28.02.2011/occt/release-sources-20110228/drv/RWStepShape/RWStepShape_RWSweptAreaSolid.ixx
+M RWStepShape:pubinclude:RWStepShape_RWTopologicalRepresentationItem.hxx /dn43/OCCT/tmp/results_28.02.2011/occt/release-sources-20110228/inc/RWStepShape_RWTopologicalRepresentationItem.hxx
+M RWStepShape:privinclude:RWStepShape_RWTopologicalRepresentationItem.jxx /dn43/OCCT/tmp/results_28.02.2011/occt/release-sources-20110228/drv/RWStepShape/RWStepShape_RWTopologicalRepresentationItem.jxx
+M RWStepShape:privinclude:RWStepShape_RWTopologicalRepresentationItem.ixx /dn43/OCCT/tmp/results_28.02.2011/occt/release-sources-20110228/drv/RWStepShape/RWStepShape_RWTopologicalRepresentationItem.ixx
+M RWStepShape:pubinclude:RWStepShape_RWTorus.hxx /dn43/OCCT/tmp/results_28.02.2011/occt/release-sources-20110228/inc/RWStepShape_RWTorus.hxx
+M RWStepShape:privinclude:RWStepShape_RWTorus.jxx /dn43/OCCT/tmp/results_28.02.2011/occt/release-sources-20110228/drv/RWStepShape/RWStepShape_RWTorus.jxx
+M RWStepShape:privinclude:RWStepShape_RWTorus.ixx /dn43/OCCT/tmp/results_28.02.2011/occt/release-sources-20110228/drv/RWStepShape/RWStepShape_RWTorus.ixx
+M RWStepShape:pubinclude:RWStepShape_RWTransitionalShapeRepresentation.hxx /dn43/OCCT/tmp/results_28.02.2011/occt/release-sources-20110228/inc/RWStepShape_RWTransitionalShapeRepresentation.hxx
+M RWStepShape:privinclude:RWStepShape_RWTransitionalShapeRepresentation.jxx /dn43/OCCT/tmp/results_28.02.2011/occt/release-sources-20110228/drv/RWStepShape/RWStepShape_RWTransitionalShapeRepresentation.jxx
+M RWStepShape:privinclude:RWStepShape_RWTransitionalShapeRepresentation.ixx /dn43/OCCT/tmp/results_28.02.2011/occt/release-sources-20110228/drv/RWStepShape/RWStepShape_RWTransitionalShapeRepresentation.ixx
+M RWStepShape:pubinclude:RWStepShape_RWVertex.hxx /dn43/OCCT/tmp/results_28.02.2011/occt/release-sources-20110228/inc/RWStepShape_RWVertex.hxx
+M RWStepShape:privinclude:RWStepShape_RWVertex.jxx /dn43/OCCT/tmp/results_28.02.2011/occt/release-sources-20110228/drv/RWStepShape/RWStepShape_RWVertex.jxx
+M RWStepShape:privinclude:RWStepShape_RWVertex.ixx /dn43/OCCT/tmp/results_28.02.2011/occt/release-sources-20110228/drv/RWStepShape/RWStepShape_RWVertex.ixx
+M RWStepShape:pubinclude:RWStepShape_RWVertexLoop.hxx /dn43/OCCT/tmp/results_28.02.2011/occt/release-sources-20110228/inc/RWStepShape_RWVertexLoop.hxx
+M RWStepShape:privinclude:RWStepShape_RWVertexLoop.jxx /dn43/OCCT/tmp/results_28.02.2011/occt/release-sources-20110228/drv/RWStepShape/RWStepShape_RWVertexLoop.jxx
+M RWStepShape:privinclude:RWStepShape_RWVertexLoop.ixx /dn43/OCCT/tmp/results_28.02.2011/occt/release-sources-20110228/drv/RWStepShape/RWStepShape_RWVertexLoop.ixx
+M RWStepShape:pubinclude:RWStepShape_RWVertexPoint.hxx /dn43/OCCT/tmp/results_28.02.2011/occt/release-sources-20110228/inc/RWStepShape_RWVertexPoint.hxx
+M RWStepShape:privinclude:RWStepShape_RWVertexPoint.jxx /dn43/OCCT/tmp/results_28.02.2011/occt/release-sources-20110228/drv/RWStepShape/RWStepShape_RWVertexPoint.jxx
+M RWStepShape:privinclude:RWStepShape_RWVertexPoint.ixx /dn43/OCCT/tmp/results_28.02.2011/occt/release-sources-20110228/drv/RWStepShape/RWStepShape_RWVertexPoint.ixx
+M RWStepShape:pubinclude:RWStepShape_RWLoopAndPath.hxx /dn43/OCCT/tmp/results_28.02.2011/occt/release-sources-20110228/inc/RWStepShape_RWLoopAndPath.hxx
+M RWStepShape:privinclude:RWStepShape_RWLoopAndPath.jxx /dn43/OCCT/tmp/results_28.02.2011/occt/release-sources-20110228/drv/RWStepShape/RWStepShape_RWLoopAndPath.jxx
+M RWStepShape:privinclude:RWStepShape_RWLoopAndPath.ixx /dn43/OCCT/tmp/results_28.02.2011/occt/release-sources-20110228/drv/RWStepShape/RWStepShape_RWLoopAndPath.ixx
+M RWStepShape:pubinclude:RWStepShape_RWContextDependentShapeRepresentation.hxx /dn43/OCCT/tmp/results_28.02.2011/occt/release-sources-20110228/inc/RWStepShape_RWContextDependentShapeRepresentation.hxx
+M RWStepShape:privinclude:RWStepShape_RWContextDependentShapeRepresentation.jxx /dn43/OCCT/tmp/results_28.02.2011/occt/release-sources-20110228/drv/RWStepShape/RWStepShape_RWContextDependentShapeRepresentation.jxx
+M RWStepShape:privinclude:RWStepShape_RWContextDependentShapeRepresentation.ixx /dn43/OCCT/tmp/results_28.02.2011/occt/release-sources-20110228/drv/RWStepShape/RWStepShape_RWContextDependentShapeRepresentation.ixx
+M RWStepShape:pubinclude:RWStepShape_RWShapeDefinitionRepresentation.hxx /dn43/OCCT/tmp/results_28.02.2011/occt/release-sources-20110228/inc/RWStepShape_RWShapeDefinitionRepresentation.hxx
+M RWStepShape:privinclude:RWStepShape_RWShapeDefinitionRepresentation.jxx /dn43/OCCT/tmp/results_28.02.2011/occt/release-sources-20110228/drv/RWStepShape/RWStepShape_RWShapeDefinitionRepresentation.jxx
+M RWStepShape:privinclude:RWStepShape_RWShapeDefinitionRepresentation.ixx /dn43/OCCT/tmp/results_28.02.2011/occt/release-sources-20110228/drv/RWStepShape/RWStepShape_RWShapeDefinitionRepresentation.ixx
+M RWStepShape:pubinclude:RWStepShape_RWSweptFaceSolid.hxx /dn43/OCCT/tmp/results_28.02.2011/occt/release-sources-20110228/inc/RWStepShape_RWSweptFaceSolid.hxx
+M RWStepShape:privinclude:RWStepShape_RWSweptFaceSolid.jxx /dn43/OCCT/tmp/results_28.02.2011/occt/release-sources-20110228/drv/RWStepShape/RWStepShape_RWSweptFaceSolid.jxx
+M RWStepShape:privinclude:RWStepShape_RWSweptFaceSolid.ixx /dn43/OCCT/tmp/results_28.02.2011/occt/release-sources-20110228/drv/RWStepShape/RWStepShape_RWSweptFaceSolid.ixx
+M RWStepShape:pubinclude:RWStepShape_RWExtrudedFaceSolid.hxx /dn43/OCCT/tmp/results_28.02.2011/occt/release-sources-20110228/inc/RWStepShape_RWExtrudedFaceSolid.hxx
+M RWStepShape:privinclude:RWStepShape_RWExtrudedFaceSolid.jxx /dn43/OCCT/tmp/results_28.02.2011/occt/release-sources-20110228/drv/RWStepShape/RWStepShape_RWExtrudedFaceSolid.jxx
+M RWStepShape:privinclude:RWStepShape_RWExtrudedFaceSolid.ixx /dn43/OCCT/tmp/results_28.02.2011/occt/release-sources-20110228/drv/RWStepShape/RWStepShape_RWExtrudedFaceSolid.ixx
+M RWStepShape:pubinclude:RWStepShape_RWRevolvedFaceSolid.hxx /dn43/OCCT/tmp/results_28.02.2011/occt/release-sources-20110228/inc/RWStepShape_RWRevolvedFaceSolid.hxx
+M RWStepShape:privinclude:RWStepShape_RWRevolvedFaceSolid.jxx /dn43/OCCT/tmp/results_28.02.2011/occt/release-sources-20110228/drv/RWStepShape/RWStepShape_RWRevolvedFaceSolid.jxx
+M RWStepShape:privinclude:RWStepShape_RWRevolvedFaceSolid.ixx /dn43/OCCT/tmp/results_28.02.2011/occt/release-sources-20110228/drv/RWStepShape/RWStepShape_RWRevolvedFaceSolid.ixx
+M RWStepShape:pubinclude:RWStepShape_RWAngularLocation.hxx /dn43/OCCT/tmp/results_28.02.2011/occt/release-sources-20110228/inc/RWStepShape_RWAngularLocation.hxx
+M RWStepShape:privinclude:RWStepShape_RWAngularLocation.jxx /dn43/OCCT/tmp/results_28.02.2011/occt/release-sources-20110228/drv/RWStepShape/RWStepShape_RWAngularLocation.jxx
+M RWStepShape:privinclude:RWStepShape_RWAngularLocation.ixx /dn43/OCCT/tmp/results_28.02.2011/occt/release-sources-20110228/drv/RWStepShape/RWStepShape_RWAngularLocation.ixx
+M RWStepShape:pubinclude:RWStepShape_RWAngularSize.hxx /dn43/OCCT/tmp/results_28.02.2011/occt/release-sources-20110228/inc/RWStepShape_RWAngularSize.hxx
+M RWStepShape:privinclude:RWStepShape_RWAngularSize.jxx /dn43/OCCT/tmp/results_28.02.2011/occt/release-sources-20110228/drv/RWStepShape/RWStepShape_RWAngularSize.jxx
+M RWStepShape:privinclude:RWStepShape_RWAngularSize.ixx /dn43/OCCT/tmp/results_28.02.2011/occt/release-sources-20110228/drv/RWStepShape/RWStepShape_RWAngularSize.ixx
+M RWStepShape:pubinclude:RWStepShape_RWDimensionalCharacteristicRepresentation.hxx /dn43/OCCT/tmp/results_28.02.2011/occt/release-sources-20110228/inc/RWStepShape_RWDimensionalCharacteristicRepresentation.hxx
+M RWStepShape:privinclude:RWStepShape_RWDimensionalCharacteristicRepresentation.jxx /dn43/OCCT/tmp/results_28.02.2011/occt/release-sources-20110228/drv/RWStepShape/RWStepShape_RWDimensionalCharacteristicRepresentation.jxx
+M RWStepShape:privinclude:RWStepShape_RWDimensionalCharacteristicRepresentation.ixx /dn43/OCCT/tmp/results_28.02.2011/occt/release-sources-20110228/drv/RWStepShape/RWStepShape_RWDimensionalCharacteristicRepresentation.ixx
+M RWStepShape:pubinclude:RWStepShape_RWDimensionalLocation.hxx /dn43/OCCT/tmp/results_28.02.2011/occt/release-sources-20110228/inc/RWStepShape_RWDimensionalLocation.hxx
+M RWStepShape:privinclude:RWStepShape_RWDimensionalLocation.jxx /dn43/OCCT/tmp/results_28.02.2011/occt/release-sources-20110228/drv/RWStepShape/RWStepShape_RWDimensionalLocation.jxx
+M RWStepShape:privinclude:RWStepShape_RWDimensionalLocation.ixx /dn43/OCCT/tmp/results_28.02.2011/occt/release-sources-20110228/drv/RWStepShape/RWStepShape_RWDimensionalLocation.ixx
+M RWStepShape:pubinclude:RWStepShape_RWDimensionalLocationWithPath.hxx /dn43/OCCT/tmp/results_28.02.2011/occt/release-sources-20110228/inc/RWStepShape_RWDimensionalLocationWithPath.hxx
+M RWStepShape:privinclude:RWStepShape_RWDimensionalLocationWithPath.jxx /dn43/OCCT/tmp/results_28.02.2011/occt/release-sources-20110228/drv/RWStepShape/RWStepShape_RWDimensionalLocationWithPath.jxx
+M RWStepShape:privinclude:RWStepShape_RWDimensionalLocationWithPath.ixx /dn43/OCCT/tmp/results_28.02.2011/occt/release-sources-20110228/drv/RWStepShape/RWStepShape_RWDimensionalLocationWithPath.ixx
+M RWStepShape:pubinclude:RWStepShape_RWDimensionalSize.hxx /dn43/OCCT/tmp/results_28.02.2011/occt/release-sources-20110228/inc/RWStepShape_RWDimensionalSize.hxx
+M RWStepShape:privinclude:RWStepShape_RWDimensionalSize.jxx /dn43/OCCT/tmp/results_28.02.2011/occt/release-sources-20110228/drv/RWStepShape/RWStepShape_RWDimensionalSize.jxx
+M RWStepShape:privinclude:RWStepShape_RWDimensionalSize.ixx /dn43/OCCT/tmp/results_28.02.2011/occt/release-sources-20110228/drv/RWStepShape/RWStepShape_RWDimensionalSize.ixx
+M RWStepShape:pubinclude:RWStepShape_RWDimensionalSizeWithPath.hxx /dn43/OCCT/tmp/results_28.02.2011/occt/release-sources-20110228/inc/RWStepShape_RWDimensionalSizeWithPath.hxx
+M RWStepShape:privinclude:RWStepShape_RWDimensionalSizeWithPath.jxx /dn43/OCCT/tmp/results_28.02.2011/occt/release-sources-20110228/drv/RWStepShape/RWStepShape_RWDimensionalSizeWithPath.jxx
+M RWStepShape:privinclude:RWStepShape_RWDimensionalSizeWithPath.ixx /dn43/OCCT/tmp/results_28.02.2011/occt/release-sources-20110228/drv/RWStepShape/RWStepShape_RWDimensionalSizeWithPath.ixx
+M RWStepShape:pubinclude:RWStepShape_RWShapeDimensionRepresentation.hxx /dn43/OCCT/tmp/results_28.02.2011/occt/release-sources-20110228/inc/RWStepShape_RWShapeDimensionRepresentation.hxx
+M RWStepShape:privinclude:RWStepShape_RWShapeDimensionRepresentation.jxx /dn43/OCCT/tmp/results_28.02.2011/occt/release-sources-20110228/drv/RWStepShape/RWStepShape_RWShapeDimensionRepresentation.jxx
+M RWStepShape:privinclude:RWStepShape_RWShapeDimensionRepresentation.ixx /dn43/OCCT/tmp/results_28.02.2011/occt/release-sources-20110228/drv/RWStepShape/RWStepShape_RWShapeDimensionRepresentation.ixx
+M RWStepShape:pubinclude:RWStepShape_RWLimitsAndFits.hxx /dn43/OCCT/tmp/results_28.02.2011/occt/release-sources-20110228/inc/RWStepShape_RWLimitsAndFits.hxx
+M RWStepShape:privinclude:RWStepShape_RWLimitsAndFits.jxx /dn43/OCCT/tmp/results_28.02.2011/occt/release-sources-20110228/drv/RWStepShape/RWStepShape_RWLimitsAndFits.jxx
+M RWStepShape:privinclude:RWStepShape_RWLimitsAndFits.ixx /dn43/OCCT/tmp/results_28.02.2011/occt/release-sources-20110228/drv/RWStepShape/RWStepShape_RWLimitsAndFits.ixx
+M RWStepShape:pubinclude:RWStepShape_RWToleranceValue.hxx /dn43/OCCT/tmp/results_28.02.2011/occt/release-sources-20110228/inc/RWStepShape_RWToleranceValue.hxx
+M RWStepShape:privinclude:RWStepShape_RWToleranceValue.jxx /dn43/OCCT/tmp/results_28.02.2011/occt/release-sources-20110228/drv/RWStepShape/RWStepShape_RWToleranceValue.jxx
+M RWStepShape:privinclude:RWStepShape_RWToleranceValue.ixx /dn43/OCCT/tmp/results_28.02.2011/occt/release-sources-20110228/drv/RWStepShape/RWStepShape_RWToleranceValue.ixx
+M RWStepShape:pubinclude:RWStepShape_RWMeasureQualification.hxx /dn43/OCCT/tmp/results_28.02.2011/occt/release-sources-20110228/inc/RWStepShape_RWMeasureQualification.hxx
+M RWStepShape:privinclude:RWStepShape_RWMeasureQualification.jxx /dn43/OCCT/tmp/results_28.02.2011/occt/release-sources-20110228/drv/RWStepShape/RWStepShape_RWMeasureQualification.jxx
+M RWStepShape:privinclude:RWStepShape_RWMeasureQualification.ixx /dn43/OCCT/tmp/results_28.02.2011/occt/release-sources-20110228/drv/RWStepShape/RWStepShape_RWMeasureQualification.ixx
+M RWStepShape:pubinclude:RWStepShape_RWPlusMinusTolerance.hxx /dn43/OCCT/tmp/results_28.02.2011/occt/release-sources-20110228/inc/RWStepShape_RWPlusMinusTolerance.hxx
+M RWStepShape:privinclude:RWStepShape_RWPlusMinusTolerance.jxx /dn43/OCCT/tmp/results_28.02.2011/occt/release-sources-20110228/drv/RWStepShape/RWStepShape_RWPlusMinusTolerance.jxx
+M RWStepShape:privinclude:RWStepShape_RWPlusMinusTolerance.ixx /dn43/OCCT/tmp/results_28.02.2011/occt/release-sources-20110228/drv/RWStepShape/RWStepShape_RWPlusMinusTolerance.ixx
+M RWStepShape:pubinclude:RWStepShape_RWPrecisionQualifier.hxx /dn43/OCCT/tmp/results_28.02.2011/occt/release-sources-20110228/inc/RWStepShape_RWPrecisionQualifier.hxx
+M RWStepShape:privinclude:RWStepShape_RWPrecisionQualifier.jxx /dn43/OCCT/tmp/results_28.02.2011/occt/release-sources-20110228/drv/RWStepShape/RWStepShape_RWPrecisionQualifier.jxx
+M RWStepShape:privinclude:RWStepShape_RWPrecisionQualifier.ixx /dn43/OCCT/tmp/results_28.02.2011/occt/release-sources-20110228/drv/RWStepShape/RWStepShape_RWPrecisionQualifier.ixx
+M RWStepShape:pubinclude:RWStepShape_RWTypeQualifier.hxx /dn43/OCCT/tmp/results_28.02.2011/occt/release-sources-20110228/inc/RWStepShape_RWTypeQualifier.hxx
+M RWStepShape:privinclude:RWStepShape_RWTypeQualifier.jxx /dn43/OCCT/tmp/results_28.02.2011/occt/release-sources-20110228/drv/RWStepShape/RWStepShape_RWTypeQualifier.jxx
+M RWStepShape:privinclude:RWStepShape_RWTypeQualifier.ixx /dn43/OCCT/tmp/results_28.02.2011/occt/release-sources-20110228/drv/RWStepShape/RWStepShape_RWTypeQualifier.ixx
+M RWStepShape:pubinclude:RWStepShape_RWQualifiedRepresentationItem.hxx /dn43/OCCT/tmp/results_28.02.2011/occt/release-sources-20110228/inc/RWStepShape_RWQualifiedRepresentationItem.hxx
+M RWStepShape:privinclude:RWStepShape_RWQualifiedRepresentationItem.jxx /dn43/OCCT/tmp/results_28.02.2011/occt/release-sources-20110228/drv/RWStepShape/RWStepShape_RWQualifiedRepresentationItem.jxx
+M RWStepShape:privinclude:RWStepShape_RWQualifiedRepresentationItem.ixx /dn43/OCCT/tmp/results_28.02.2011/occt/release-sources-20110228/drv/RWStepShape/RWStepShape_RWQualifiedRepresentationItem.ixx
+M RWStepShape:pubinclude:RWStepShape_RWMeasureRepresentationItemAndQualifiedRepresentationItem.hxx /dn43/OCCT/tmp/results_28.02.2011/occt/release-sources-20110228/inc/RWStepShape_RWMeasureRepresentationItemAndQualifiedRepresentationItem.hxx
+M RWStepShape:privinclude:RWStepShape_RWMeasureRepresentationItemAndQualifiedRepresentationItem.jxx /dn43/OCCT/tmp/results_28.02.2011/occt/release-sources-20110228/drv/RWStepShape/RWStepShape_RWMeasureRepresentationItemAndQualifiedRepresentationItem.jxx
+M RWStepShape:privinclude:RWStepShape_RWMeasureRepresentationItemAndQualifiedRepresentationItem.ixx /dn43/OCCT/tmp/results_28.02.2011/occt/release-sources-20110228/drv/RWStepShape/RWStepShape_RWMeasureRepresentationItemAndQualifiedRepresentationItem.ixx
+M RWStepShape:pubinclude:RWStepShape_RWConnectedFaceSubSet.hxx /dn43/OCCT/tmp/results_28.02.2011/occt/release-sources-20110228/inc/RWStepShape_RWConnectedFaceSubSet.hxx
+M RWStepShape:privinclude:RWStepShape_RWConnectedFaceSubSet.jxx /dn43/OCCT/tmp/results_28.02.2011/occt/release-sources-20110228/drv/RWStepShape/RWStepShape_RWConnectedFaceSubSet.jxx
+M RWStepShape:privinclude:RWStepShape_RWConnectedFaceSubSet.ixx /dn43/OCCT/tmp/results_28.02.2011/occt/release-sources-20110228/drv/RWStepShape/RWStepShape_RWConnectedFaceSubSet.ixx
+M RWStepShape:pubinclude:RWStepShape_RWSeamEdge.hxx /dn43/OCCT/tmp/results_28.02.2011/occt/release-sources-20110228/inc/RWStepShape_RWSeamEdge.hxx
+M RWStepShape:privinclude:RWStepShape_RWSeamEdge.jxx /dn43/OCCT/tmp/results_28.02.2011/occt/release-sources-20110228/drv/RWStepShape/RWStepShape_RWSeamEdge.jxx
+M RWStepShape:privinclude:RWStepShape_RWSeamEdge.ixx /dn43/OCCT/tmp/results_28.02.2011/occt/release-sources-20110228/drv/RWStepShape/RWStepShape_RWSeamEdge.ixx
+M RWStepShape:pubinclude:RWStepShape_RWSubedge.hxx /dn43/OCCT/tmp/results_28.02.2011/occt/release-sources-20110228/inc/RWStepShape_RWSubedge.hxx
+M RWStepShape:privinclude:RWStepShape_RWSubedge.jxx /dn43/OCCT/tmp/results_28.02.2011/occt/release-sources-20110228/drv/RWStepShape/RWStepShape_RWSubedge.jxx
+M RWStepShape:privinclude:RWStepShape_RWSubedge.ixx /dn43/OCCT/tmp/results_28.02.2011/occt/release-sources-20110228/drv/RWStepShape/RWStepShape_RWSubedge.ixx
+M RWStepShape:pubinclude:RWStepShape_RWSubface.hxx /dn43/OCCT/tmp/results_28.02.2011/occt/release-sources-20110228/inc/RWStepShape_RWSubface.hxx
+M RWStepShape:privinclude:RWStepShape_RWSubface.jxx /dn43/OCCT/tmp/results_28.02.2011/occt/release-sources-20110228/drv/RWStepShape/RWStepShape_RWSubface.jxx
+M RWStepShape:privinclude:RWStepShape_RWSubface.ixx /dn43/OCCT/tmp/results_28.02.2011/occt/release-sources-20110228/drv/RWStepShape/RWStepShape_RWSubface.ixx
+M RWStepShape:pubinclude:RWStepShape_RWPointRepresentation.hxx /dn43/OCCT/tmp/results_28.02.2011/occt/release-sources-20110228/inc/RWStepShape_RWPointRepresentation.hxx
+M RWStepShape:privinclude:RWStepShape_RWPointRepresentation.jxx /dn43/OCCT/tmp/results_28.02.2011/occt/release-sources-20110228/drv/RWStepShape/RWStepShape_RWPointRepresentation.jxx
+M RWStepShape:privinclude:RWStepShape_RWPointRepresentation.ixx /dn43/OCCT/tmp/results_28.02.2011/occt/release-sources-20110228/drv/RWStepShape/RWStepShape_RWPointRepresentation.ixx
+M RWStepShape:pubinclude:RWStepShape_RWShapeRepresentationWithParameters.hxx /dn43/OCCT/tmp/results_28.02.2011/occt/release-sources-20110228/inc/RWStepShape_RWShapeRepresentationWithParameters.hxx
+M RWStepShape:privinclude:RWStepShape_RWShapeRepresentationWithParameters.jxx /dn43/OCCT/tmp/results_28.02.2011/occt/release-sources-20110228/drv/RWStepShape/RWStepShape_RWShapeRepresentationWithParameters.jxx
+M RWStepShape:privinclude:RWStepShape_RWShapeRepresentationWithParameters.ixx /dn43/OCCT/tmp/results_28.02.2011/occt/release-sources-20110228/drv/RWStepShape/RWStepShape_RWShapeRepresentationWithParameters.ixx
+M RWStepShape:dbadmfile:RWStepShape_xcpp_header.In /dn43/OCCT/tmp/results_28.02.2011/occt/release-sources-20110228/drv/RWStepShape/.adm/RWStepShape_xcpp_header.In
+M RWStepShape:dbadmfile:RWStepShape_xcpp_header.Out /dn43/OCCT/tmp/results_28.02.2011/occt/release-sources-20110228/drv/RWStepShape/.adm/RWStepShape_xcpp_header.Out
+M RWStepShape:dbadmfile:RWStepShape_xcpp_header.Dep /dn43/OCCT/tmp/results_28.02.2011/occt/release-sources-20110228/drv/RWStepShape/.adm/RWStepShape_xcpp_header.Dep
