+M TDF:pubinclude:TDF.hxx /dn43/OCCT/tmp/results_30.09.2011/occt/release-sources-20110930/inc/TDF.hxx
+M TDF:privinclude:TDF.jxx /dn43/OCCT/tmp/results_30.09.2011/occt/release-sources-20110930/drv/TDF/TDF.jxx
+M TDF:privinclude:TDF.ixx /dn43/OCCT/tmp/results_30.09.2011/occt/release-sources-20110930/drv/TDF/TDF.ixx
+M TDF:pubinclude:Handle_TDF_Data.hxx /dn43/OCCT/tmp/results_30.09.2011/occt/release-sources-20110930/inc/Handle_TDF_Data.hxx
+M TDF:pubinclude:TDF_Data.hxx /dn43/OCCT/tmp/results_30.09.2011/occt/release-sources-20110930/inc/TDF_Data.hxx
+M TDF:privinclude:TDF_Data.jxx /dn43/OCCT/tmp/results_30.09.2011/occt/release-sources-20110930/drv/TDF/TDF_Data.jxx
+M TDF:privinclude:TDF_Data.ixx /dn43/OCCT/tmp/results_30.09.2011/occt/release-sources-20110930/drv/TDF/TDF_Data.ixx
+M TDF:pubinclude:TDF_Label.hxx /dn43/OCCT/tmp/results_30.09.2011/occt/release-sources-20110930/inc/TDF_Label.hxx
+M TDF:privinclude:TDF_Label.jxx /dn43/OCCT/tmp/results_30.09.2011/occt/release-sources-20110930/drv/TDF/TDF_Label.jxx
+M TDF:privinclude:TDF_Label.ixx /dn43/OCCT/tmp/results_30.09.2011/occt/release-sources-20110930/drv/TDF/TDF_Label.ixx
+M TDF:pubinclude:Handle_TDF_Attribute.hxx /dn43/OCCT/tmp/results_30.09.2011/occt/release-sources-20110930/inc/Handle_TDF_Attribute.hxx
+M TDF:pubinclude:TDF_Attribute.hxx /dn43/OCCT/tmp/results_30.09.2011/occt/release-sources-20110930/inc/TDF_Attribute.hxx
+M TDF:privinclude:TDF_Attribute.jxx /dn43/OCCT/tmp/results_30.09.2011/occt/release-sources-20110930/drv/TDF/TDF_Attribute.jxx
+M TDF:privinclude:TDF_Attribute.ixx /dn43/OCCT/tmp/results_30.09.2011/occt/release-sources-20110930/drv/TDF/TDF_Attribute.ixx
+M TDF:pubinclude:Handle_TDF_TagSource.hxx /dn43/OCCT/tmp/results_30.09.2011/occt/release-sources-20110930/inc/Handle_TDF_TagSource.hxx
+M TDF:pubinclude:TDF_TagSource.hxx /dn43/OCCT/tmp/results_30.09.2011/occt/release-sources-20110930/inc/TDF_TagSource.hxx
+M TDF:privinclude:TDF_TagSource.jxx /dn43/OCCT/tmp/results_30.09.2011/occt/release-sources-20110930/drv/TDF/TDF_TagSource.jxx
+M TDF:privinclude:TDF_TagSource.ixx /dn43/OCCT/tmp/results_30.09.2011/occt/release-sources-20110930/drv/TDF/TDF_TagSource.ixx
+M TDF:pubinclude:Handle_TDF_Reference.hxx /dn43/OCCT/tmp/results_30.09.2011/occt/release-sources-20110930/inc/Handle_TDF_Reference.hxx
+M TDF:pubinclude:TDF_Reference.hxx /dn43/OCCT/tmp/results_30.09.2011/occt/release-sources-20110930/inc/TDF_Reference.hxx
+M TDF:privinclude:TDF_Reference.jxx /dn43/OCCT/tmp/results_30.09.2011/occt/release-sources-20110930/drv/TDF/TDF_Reference.jxx
+M TDF:privinclude:TDF_Reference.ixx /dn43/OCCT/tmp/results_30.09.2011/occt/release-sources-20110930/drv/TDF/TDF_Reference.ixx
+M TDF:pubinclude:TDF_ClosureMode.hxx /dn43/OCCT/tmp/results_30.09.2011/occt/release-sources-20110930/inc/TDF_ClosureMode.hxx
+M TDF:privinclude:TDF_ClosureMode.jxx /dn43/OCCT/tmp/results_30.09.2011/occt/release-sources-20110930/drv/TDF/TDF_ClosureMode.jxx
+M TDF:privinclude:TDF_ClosureMode.ixx /dn43/OCCT/tmp/results_30.09.2011/occt/release-sources-20110930/drv/TDF/TDF_ClosureMode.ixx
+M TDF:pubinclude:TDF_ClosureTool.hxx /dn43/OCCT/tmp/results_30.09.2011/occt/release-sources-20110930/inc/TDF_ClosureTool.hxx
+M TDF:privinclude:TDF_ClosureTool.jxx /dn43/OCCT/tmp/results_30.09.2011/occt/release-sources-20110930/drv/TDF/TDF_ClosureTool.jxx
+M TDF:privinclude:TDF_ClosureTool.ixx /dn43/OCCT/tmp/results_30.09.2011/occt/release-sources-20110930/drv/TDF/TDF_ClosureTool.ixx
+M TDF:pubinclude:TDF_CopyTool.hxx /dn43/OCCT/tmp/results_30.09.2011/occt/release-sources-20110930/inc/TDF_CopyTool.hxx
+M TDF:privinclude:TDF_CopyTool.jxx /dn43/OCCT/tmp/results_30.09.2011/occt/release-sources-20110930/drv/TDF/TDF_CopyTool.jxx
+M TDF:privinclude:TDF_CopyTool.ixx /dn43/OCCT/tmp/results_30.09.2011/occt/release-sources-20110930/drv/TDF/TDF_CopyTool.ixx
+M TDF:pubinclude:TDF_CopyLabel.hxx /dn43/OCCT/tmp/results_30.09.2011/occt/release-sources-20110930/inc/TDF_CopyLabel.hxx
+M TDF:privinclude:TDF_CopyLabel.jxx /dn43/OCCT/tmp/results_30.09.2011/occt/release-sources-20110930/drv/TDF/TDF_CopyLabel.jxx
+M TDF:privinclude:TDF_CopyLabel.ixx /dn43/OCCT/tmp/results_30.09.2011/occt/release-sources-20110930/drv/TDF/TDF_CopyLabel.ixx
+M TDF:pubinclude:TDF_ComparisonTool.hxx /dn43/OCCT/tmp/results_30.09.2011/occt/release-sources-20110930/inc/TDF_ComparisonTool.hxx
+M TDF:privinclude:TDF_ComparisonTool.jxx /dn43/OCCT/tmp/results_30.09.2011/occt/release-sources-20110930/drv/TDF/TDF_ComparisonTool.jxx
+M TDF:privinclude:TDF_ComparisonTool.ixx /dn43/OCCT/tmp/results_30.09.2011/occt/release-sources-20110930/drv/TDF/TDF_ComparisonTool.ixx
+M TDF:pubinclude:TDF_Transaction.hxx /dn43/OCCT/tmp/results_30.09.2011/occt/release-sources-20110930/inc/TDF_Transaction.hxx
+M TDF:privinclude:TDF_Transaction.jxx /dn43/OCCT/tmp/results_30.09.2011/occt/release-sources-20110930/drv/TDF/TDF_Transaction.jxx
+M TDF:privinclude:TDF_Transaction.ixx /dn43/OCCT/tmp/results_30.09.2011/occt/release-sources-20110930/drv/TDF/TDF_Transaction.ixx
+M TDF:pubinclude:Handle_TDF_Delta.hxx /dn43/OCCT/tmp/results_30.09.2011/occt/release-sources-20110930/inc/Handle_TDF_Delta.hxx
+M TDF:pubinclude:TDF_Delta.hxx /dn43/OCCT/tmp/results_30.09.2011/occt/release-sources-20110930/inc/TDF_Delta.hxx
+M TDF:privinclude:TDF_Delta.jxx /dn43/OCCT/tmp/results_30.09.2011/occt/release-sources-20110930/drv/TDF/TDF_Delta.jxx
+M TDF:privinclude:TDF_Delta.ixx /dn43/OCCT/tmp/results_30.09.2011/occt/release-sources-20110930/drv/TDF/TDF_Delta.ixx
+M TDF:pubinclude:Handle_TDF_AttributeDelta.hxx /dn43/OCCT/tmp/results_30.09.2011/occt/release-sources-20110930/inc/Handle_TDF_AttributeDelta.hxx
+M TDF:pubinclude:TDF_AttributeDelta.hxx /dn43/OCCT/tmp/results_30.09.2011/occt/release-sources-20110930/inc/TDF_AttributeDelta.hxx
+M TDF:privinclude:TDF_AttributeDelta.jxx /dn43/OCCT/tmp/results_30.09.2011/occt/release-sources-20110930/drv/TDF/TDF_AttributeDelta.jxx
+M TDF:privinclude:TDF_AttributeDelta.ixx /dn43/OCCT/tmp/results_30.09.2011/occt/release-sources-20110930/drv/TDF/TDF_AttributeDelta.ixx
+M TDF:pubinclude:Handle_TDF_DeltaOnAddition.hxx /dn43/OCCT/tmp/results_30.09.2011/occt/release-sources-20110930/inc/Handle_TDF_DeltaOnAddition.hxx
+M TDF:pubinclude:TDF_DeltaOnAddition.hxx /dn43/OCCT/tmp/results_30.09.2011/occt/release-sources-20110930/inc/TDF_DeltaOnAddition.hxx
+M TDF:privinclude:TDF_DeltaOnAddition.jxx /dn43/OCCT/tmp/results_30.09.2011/occt/release-sources-20110930/drv/TDF/TDF_DeltaOnAddition.jxx
+M TDF:privinclude:TDF_DeltaOnAddition.ixx /dn43/OCCT/tmp/results_30.09.2011/occt/release-sources-20110930/drv/TDF/TDF_DeltaOnAddition.ixx
+M TDF:pubinclude:Handle_TDF_DeltaOnForget.hxx /dn43/OCCT/tmp/results_30.09.2011/occt/release-sources-20110930/inc/Handle_TDF_DeltaOnForget.hxx
+M TDF:pubinclude:TDF_DeltaOnForget.hxx /dn43/OCCT/tmp/results_30.09.2011/occt/release-sources-20110930/inc/TDF_DeltaOnForget.hxx
+M TDF:privinclude:TDF_DeltaOnForget.jxx /dn43/OCCT/tmp/results_30.09.2011/occt/release-sources-20110930/drv/TDF/TDF_DeltaOnForget.jxx
+M TDF:privinclude:TDF_DeltaOnForget.ixx /dn43/OCCT/tmp/results_30.09.2011/occt/release-sources-20110930/drv/TDF/TDF_DeltaOnForget.ixx
+M TDF:pubinclude:Handle_TDF_DeltaOnResume.hxx /dn43/OCCT/tmp/results_30.09.2011/occt/release-sources-20110930/inc/Handle_TDF_DeltaOnResume.hxx
+M TDF:pubinclude:TDF_DeltaOnResume.hxx /dn43/OCCT/tmp/results_30.09.2011/occt/release-sources-20110930/inc/TDF_DeltaOnResume.hxx
+M TDF:privinclude:TDF_DeltaOnResume.jxx /dn43/OCCT/tmp/results_30.09.2011/occt/release-sources-20110930/drv/TDF/TDF_DeltaOnResume.jxx
+M TDF:privinclude:TDF_DeltaOnResume.ixx /dn43/OCCT/tmp/results_30.09.2011/occt/release-sources-20110930/drv/TDF/TDF_DeltaOnResume.ixx
+M TDF:pubinclude:Handle_TDF_DeltaOnRemoval.hxx /dn43/OCCT/tmp/results_30.09.2011/occt/release-sources-20110930/inc/Handle_TDF_DeltaOnRemoval.hxx
+M TDF:pubinclude:TDF_DeltaOnRemoval.hxx /dn43/OCCT/tmp/results_30.09.2011/occt/release-sources-20110930/inc/TDF_DeltaOnRemoval.hxx
+M TDF:privinclude:TDF_DeltaOnRemoval.jxx /dn43/OCCT/tmp/results_30.09.2011/occt/release-sources-20110930/drv/TDF/TDF_DeltaOnRemoval.jxx
+M TDF:privinclude:TDF_DeltaOnRemoval.ixx /dn43/OCCT/tmp/results_30.09.2011/occt/release-sources-20110930/drv/TDF/TDF_DeltaOnRemoval.ixx
+M TDF:pubinclude:Handle_TDF_DeltaOnModification.hxx /dn43/OCCT/tmp/results_30.09.2011/occt/release-sources-20110930/inc/Handle_TDF_DeltaOnModification.hxx
+M TDF:pubinclude:TDF_DeltaOnModification.hxx /dn43/OCCT/tmp/results_30.09.2011/occt/release-sources-20110930/inc/TDF_DeltaOnModification.hxx
+M TDF:privinclude:TDF_DeltaOnModification.jxx /dn43/OCCT/tmp/results_30.09.2011/occt/release-sources-20110930/drv/TDF/TDF_DeltaOnModification.jxx
+M TDF:privinclude:TDF_DeltaOnModification.ixx /dn43/OCCT/tmp/results_30.09.2011/occt/release-sources-20110930/drv/TDF/TDF_DeltaOnModification.ixx
+M TDF:pubinclude:Handle_TDF_DefaultDeltaOnRemoval.hxx /dn43/OCCT/tmp/results_30.09.2011/occt/release-sources-20110930/inc/Handle_TDF_DefaultDeltaOnRemoval.hxx
+M TDF:pubinclude:TDF_DefaultDeltaOnRemoval.hxx /dn43/OCCT/tmp/results_30.09.2011/occt/release-sources-20110930/inc/TDF_DefaultDeltaOnRemoval.hxx
+M TDF:privinclude:TDF_DefaultDeltaOnRemoval.jxx /dn43/OCCT/tmp/results_30.09.2011/occt/release-sources-20110930/drv/TDF/TDF_DefaultDeltaOnRemoval.jxx
+M TDF:privinclude:TDF_DefaultDeltaOnRemoval.ixx /dn43/OCCT/tmp/results_30.09.2011/occt/release-sources-20110930/drv/TDF/TDF_DefaultDeltaOnRemoval.ixx
+M TDF:pubinclude:Handle_TDF_DefaultDeltaOnModification.hxx /dn43/OCCT/tmp/results_30.09.2011/occt/release-sources-20110930/inc/Handle_TDF_DefaultDeltaOnModification.hxx
+M TDF:pubinclude:TDF_DefaultDeltaOnModification.hxx /dn43/OCCT/tmp/results_30.09.2011/occt/release-sources-20110930/inc/TDF_DefaultDeltaOnModification.hxx
+M TDF:privinclude:TDF_DefaultDeltaOnModification.jxx /dn43/OCCT/tmp/results_30.09.2011/occt/release-sources-20110930/drv/TDF/TDF_DefaultDeltaOnModification.jxx
+M TDF:privinclude:TDF_DefaultDeltaOnModification.ixx /dn43/OCCT/tmp/results_30.09.2011/occt/release-sources-20110930/drv/TDF/TDF_DefaultDeltaOnModification.ixx
+M TDF:pubinclude:TDF_ChildIterator.hxx /dn43/OCCT/tmp/results_30.09.2011/occt/release-sources-20110930/inc/TDF_ChildIterator.hxx
+M TDF:privinclude:TDF_ChildIterator.jxx /dn43/OCCT/tmp/results_30.09.2011/occt/release-sources-20110930/drv/TDF/TDF_ChildIterator.jxx
+M TDF:privinclude:TDF_ChildIterator.ixx /dn43/OCCT/tmp/results_30.09.2011/occt/release-sources-20110930/drv/TDF/TDF_ChildIterator.ixx
+M TDF:pubinclude:TDF_ChildIDIterator.hxx /dn43/OCCT/tmp/results_30.09.2011/occt/release-sources-20110930/inc/TDF_ChildIDIterator.hxx
+M TDF:privinclude:TDF_ChildIDIterator.jxx /dn43/OCCT/tmp/results_30.09.2011/occt/release-sources-20110930/drv/TDF/TDF_ChildIDIterator.jxx
+M TDF:privinclude:TDF_ChildIDIterator.ixx /dn43/OCCT/tmp/results_30.09.2011/occt/release-sources-20110930/drv/TDF/TDF_ChildIDIterator.ixx
+M TDF:pubinclude:Handle_TDF_DataSet.hxx /dn43/OCCT/tmp/results_30.09.2011/occt/release-sources-20110930/inc/Handle_TDF_DataSet.hxx
+M TDF:pubinclude:TDF_DataSet.hxx /dn43/OCCT/tmp/results_30.09.2011/occt/release-sources-20110930/inc/TDF_DataSet.hxx
+M TDF:privinclude:TDF_DataSet.jxx /dn43/OCCT/tmp/results_30.09.2011/occt/release-sources-20110930/drv/TDF/TDF_DataSet.jxx
+M TDF:privinclude:TDF_DataSet.ixx /dn43/OCCT/tmp/results_30.09.2011/occt/release-sources-20110930/drv/TDF/TDF_DataSet.ixx
+M TDF:pubinclude:Handle_TDF_RelocationTable.hxx /dn43/OCCT/tmp/results_30.09.2011/occt/release-sources-20110930/inc/Handle_TDF_RelocationTable.hxx
+M TDF:pubinclude:TDF_RelocationTable.hxx /dn43/OCCT/tmp/results_30.09.2011/occt/release-sources-20110930/inc/TDF_RelocationTable.hxx
+M TDF:privinclude:TDF_RelocationTable.jxx /dn43/OCCT/tmp/results_30.09.2011/occt/release-sources-20110930/drv/TDF/TDF_RelocationTable.jxx
+M TDF:privinclude:TDF_RelocationTable.ixx /dn43/OCCT/tmp/results_30.09.2011/occt/release-sources-20110930/drv/TDF/TDF_RelocationTable.ixx
+M TDF:pubinclude:TDF_Tool.hxx /dn43/OCCT/tmp/results_30.09.2011/occt/release-sources-20110930/inc/TDF_Tool.hxx
+M TDF:privinclude:TDF_Tool.jxx /dn43/OCCT/tmp/results_30.09.2011/occt/release-sources-20110930/drv/TDF/TDF_Tool.jxx
+M TDF:privinclude:TDF_Tool.ixx /dn43/OCCT/tmp/results_30.09.2011/occt/release-sources-20110930/drv/TDF/TDF_Tool.ixx
+M TDF:pubinclude:TDF_LabelMapHasher.hxx /dn43/OCCT/tmp/results_30.09.2011/occt/release-sources-20110930/inc/TDF_LabelMapHasher.hxx
+M TDF:privinclude:TDF_LabelMapHasher.jxx /dn43/OCCT/tmp/results_30.09.2011/occt/release-sources-20110930/drv/TDF/TDF_LabelMapHasher.jxx
+M TDF:privinclude:TDF_LabelMapHasher.ixx /dn43/OCCT/tmp/results_30.09.2011/occt/release-sources-20110930/drv/TDF/TDF_LabelMapHasher.ixx
+M TDF:pubinclude:TDF_IDFilter.hxx /dn43/OCCT/tmp/results_30.09.2011/occt/release-sources-20110930/inc/TDF_IDFilter.hxx
+M TDF:privinclude:TDF_IDFilter.jxx /dn43/OCCT/tmp/results_30.09.2011/occt/release-sources-20110930/drv/TDF/TDF_IDFilter.jxx
+M TDF:privinclude:TDF_IDFilter.ixx /dn43/OCCT/tmp/results_30.09.2011/occt/release-sources-20110930/drv/TDF/TDF_IDFilter.ixx
+M TDF:pubinclude:TDF_IDList.hxx /dn43/OCCT/tmp/results_30.09.2011/occt/release-sources-20110930/inc/TDF_IDList.hxx
+M TDF:derivated:TDF_IDList_0.cxx /dn43/OCCT/tmp/results_30.09.2011/occt/release-sources-20110930/drv/TDF/TDF_IDList_0.cxx
+M TDF:pubinclude:TDF_AttributeList.hxx /dn43/OCCT/tmp/results_30.09.2011/occt/release-sources-20110930/inc/TDF_AttributeList.hxx
+M TDF:derivated:TDF_AttributeList_0.cxx /dn43/OCCT/tmp/results_30.09.2011/occt/release-sources-20110930/drv/TDF/TDF_AttributeList_0.cxx
+M TDF:pubinclude:TDF_LabelList.hxx /dn43/OCCT/tmp/results_30.09.2011/occt/release-sources-20110930/inc/TDF_LabelList.hxx
+M TDF:derivated:TDF_LabelList_0.cxx /dn43/OCCT/tmp/results_30.09.2011/occt/release-sources-20110930/drv/TDF/TDF_LabelList_0.cxx
+M TDF:pubinclude:TDF_AttributeDeltaList.hxx /dn43/OCCT/tmp/results_30.09.2011/occt/release-sources-20110930/inc/TDF_AttributeDeltaList.hxx
+M TDF:derivated:TDF_AttributeDeltaList_0.cxx /dn43/OCCT/tmp/results_30.09.2011/occt/release-sources-20110930/drv/TDF/TDF_AttributeDeltaList_0.cxx
+M TDF:pubinclude:TDF_DeltaList.hxx /dn43/OCCT/tmp/results_30.09.2011/occt/release-sources-20110930/inc/TDF_DeltaList.hxx
+M TDF:derivated:TDF_DeltaList_0.cxx /dn43/OCCT/tmp/results_30.09.2011/occt/release-sources-20110930/drv/TDF/TDF_DeltaList_0.cxx
+M TDF:pubinclude:TDF_AttributeSequence.hxx /dn43/OCCT/tmp/results_30.09.2011/occt/release-sources-20110930/inc/TDF_AttributeSequence.hxx
+M TDF:derivated:TDF_AttributeSequence_0.cxx /dn43/OCCT/tmp/results_30.09.2011/occt/release-sources-20110930/drv/TDF/TDF_AttributeSequence_0.cxx
+M TDF:pubinclude:TDF_LabelSequence.hxx /dn43/OCCT/tmp/results_30.09.2011/occt/release-sources-20110930/inc/TDF_LabelSequence.hxx
+M TDF:derivated:TDF_LabelSequence_0.cxx /dn43/OCCT/tmp/results_30.09.2011/occt/release-sources-20110930/drv/TDF/TDF_LabelSequence_0.cxx
+M TDF:pubinclude:TDF_AttributeArray1.hxx /dn43/OCCT/tmp/results_30.09.2011/occt/release-sources-20110930/inc/TDF_AttributeArray1.hxx
+M TDF:derivated:TDF_AttributeArray1_0.cxx /dn43/OCCT/tmp/results_30.09.2011/occt/release-sources-20110930/drv/TDF/TDF_AttributeArray1_0.cxx
+M TDF:pubinclude:Handle_TDF_HAttributeArray1.hxx /dn43/OCCT/tmp/results_30.09.2011/occt/release-sources-20110930/inc/Handle_TDF_HAttributeArray1.hxx
+M TDF:pubinclude:TDF_HAttributeArray1.hxx /dn43/OCCT/tmp/results_30.09.2011/occt/release-sources-20110930/inc/TDF_HAttributeArray1.hxx
+M TDF:derivated:TDF_HAttributeArray1_0.cxx /dn43/OCCT/tmp/results_30.09.2011/occt/release-sources-20110930/drv/TDF/TDF_HAttributeArray1_0.cxx
+M TDF:pubinclude:TDF_IDMap.hxx /dn43/OCCT/tmp/results_30.09.2011/occt/release-sources-20110930/inc/TDF_IDMap.hxx
+M TDF:derivated:TDF_IDMap_0.cxx /dn43/OCCT/tmp/results_30.09.2011/occt/release-sources-20110930/drv/TDF/TDF_IDMap_0.cxx
+M TDF:pubinclude:TDF_AttributeMap.hxx /dn43/OCCT/tmp/results_30.09.2011/occt/release-sources-20110930/inc/TDF_AttributeMap.hxx
+M TDF:derivated:TDF_AttributeMap_0.cxx /dn43/OCCT/tmp/results_30.09.2011/occt/release-sources-20110930/drv/TDF/TDF_AttributeMap_0.cxx
+M TDF:pubinclude:TDF_AttributeDataMap.hxx /dn43/OCCT/tmp/results_30.09.2011/occt/release-sources-20110930/inc/TDF_AttributeDataMap.hxx
+M TDF:derivated:TDF_AttributeDataMap_0.cxx /dn43/OCCT/tmp/results_30.09.2011/occt/release-sources-20110930/drv/TDF/TDF_AttributeDataMap_0.cxx
+M TDF:pubinclude:TDF_AttributeDoubleMap.hxx /dn43/OCCT/tmp/results_30.09.2011/occt/release-sources-20110930/inc/TDF_AttributeDoubleMap.hxx
+M TDF:derivated:TDF_AttributeDoubleMap_0.cxx /dn43/OCCT/tmp/results_30.09.2011/occt/release-sources-20110930/drv/TDF/TDF_AttributeDoubleMap_0.cxx
+M TDF:pubinclude:TDF_AttributeIndexedMap.hxx /dn43/OCCT/tmp/results_30.09.2011/occt/release-sources-20110930/inc/TDF_AttributeIndexedMap.hxx
+M TDF:derivated:TDF_AttributeIndexedMap_0.cxx /dn43/OCCT/tmp/results_30.09.2011/occt/release-sources-20110930/drv/TDF/TDF_AttributeIndexedMap_0.cxx
+M TDF:pubinclude:TDF_LabelMap.hxx /dn43/OCCT/tmp/results_30.09.2011/occt/release-sources-20110930/inc/TDF_LabelMap.hxx
+M TDF:derivated:TDF_LabelMap_0.cxx /dn43/OCCT/tmp/results_30.09.2011/occt/release-sources-20110930/drv/TDF/TDF_LabelMap_0.cxx
+M TDF:pubinclude:TDF_LabelDataMap.hxx /dn43/OCCT/tmp/results_30.09.2011/occt/release-sources-20110930/inc/TDF_LabelDataMap.hxx
+M TDF:derivated:TDF_LabelDataMap_0.cxx /dn43/OCCT/tmp/results_30.09.2011/occt/release-sources-20110930/drv/TDF/TDF_LabelDataMap_0.cxx
+M TDF:pubinclude:TDF_LabelDoubleMap.hxx /dn43/OCCT/tmp/results_30.09.2011/occt/release-sources-20110930/inc/TDF_LabelDoubleMap.hxx
+M TDF:derivated:TDF_LabelDoubleMap_0.cxx /dn43/OCCT/tmp/results_30.09.2011/occt/release-sources-20110930/drv/TDF/TDF_LabelDoubleMap_0.cxx
+M TDF:pubinclude:TDF_LabelIndexedMap.hxx /dn43/OCCT/tmp/results_30.09.2011/occt/release-sources-20110930/inc/TDF_LabelIndexedMap.hxx
+M TDF:derivated:TDF_LabelIndexedMap_0.cxx /dn43/OCCT/tmp/results_30.09.2011/occt/release-sources-20110930/drv/TDF/TDF_LabelIndexedMap_0.cxx
+M TDF:pubinclude:TDF_LabelIntegerMap.hxx /dn43/OCCT/tmp/results_30.09.2011/occt/release-sources-20110930/inc/TDF_LabelIntegerMap.hxx
+M TDF:derivated:TDF_LabelIntegerMap_0.cxx /dn43/OCCT/tmp/results_30.09.2011/occt/release-sources-20110930/drv/TDF/TDF_LabelIntegerMap_0.cxx
+M TDF:pubinclude:TDF_LabelLabelMap.hxx /dn43/OCCT/tmp/results_30.09.2011/occt/release-sources-20110930/inc/TDF_LabelLabelMap.hxx
+M TDF:derivated:TDF_LabelLabelMap_0.cxx /dn43/OCCT/tmp/results_30.09.2011/occt/release-sources-20110930/drv/TDF/TDF_LabelLabelMap_0.cxx
+M TDF:pubinclude:TDF_GUIDProgIDMap.hxx /dn43/OCCT/tmp/results_30.09.2011/occt/release-sources-20110930/inc/TDF_GUIDProgIDMap.hxx
+M TDF:derivated:TDF_GUIDProgIDMap_0.cxx /dn43/OCCT/tmp/results_30.09.2011/occt/release-sources-20110930/drv/TDF/TDF_GUIDProgIDMap_0.cxx
+M TDF:pubinclude:Handle_TDF_ListNodeOfIDList.hxx /dn43/OCCT/tmp/results_30.09.2011/occt/release-sources-20110930/inc/Handle_TDF_ListNodeOfIDList.hxx
+M TDF:pubinclude:TDF_ListNodeOfIDList.hxx /dn43/OCCT/tmp/results_30.09.2011/occt/release-sources-20110930/inc/TDF_ListNodeOfIDList.hxx
+M TDF:derivated:TDF_ListNodeOfIDList_0.cxx /dn43/OCCT/tmp/results_30.09.2011/occt/release-sources-20110930/drv/TDF/TDF_ListNodeOfIDList_0.cxx
+M TDF:pubinclude:TDF_ListIteratorOfIDList.hxx /dn43/OCCT/tmp/results_30.09.2011/occt/release-sources-20110930/inc/TDF_ListIteratorOfIDList.hxx
+M TDF:derivated:TDF_ListIteratorOfIDList_0.cxx /dn43/OCCT/tmp/results_30.09.2011/occt/release-sources-20110930/drv/TDF/TDF_ListIteratorOfIDList_0.cxx
+M TDF:pubinclude:Handle_TDF_ListNodeOfAttributeList.hxx /dn43/OCCT/tmp/results_30.09.2011/occt/release-sources-20110930/inc/Handle_TDF_ListNodeOfAttributeList.hxx
+M TDF:pubinclude:TDF_ListNodeOfAttributeList.hxx /dn43/OCCT/tmp/results_30.09.2011/occt/release-sources-20110930/inc/TDF_ListNodeOfAttributeList.hxx
+M TDF:derivated:TDF_ListNodeOfAttributeList_0.cxx /dn43/OCCT/tmp/results_30.09.2011/occt/release-sources-20110930/drv/TDF/TDF_ListNodeOfAttributeList_0.cxx
+M TDF:pubinclude:TDF_ListIteratorOfAttributeList.hxx /dn43/OCCT/tmp/results_30.09.2011/occt/release-sources-20110930/inc/TDF_ListIteratorOfAttributeList.hxx
+M TDF:derivated:TDF_ListIteratorOfAttributeList_0.cxx /dn43/OCCT/tmp/results_30.09.2011/occt/release-sources-20110930/drv/TDF/TDF_ListIteratorOfAttributeList_0.cxx
+M TDF:pubinclude:Handle_TDF_ListNodeOfLabelList.hxx /dn43/OCCT/tmp/results_30.09.2011/occt/release-sources-20110930/inc/Handle_TDF_ListNodeOfLabelList.hxx
+M TDF:pubinclude:TDF_ListNodeOfLabelList.hxx /dn43/OCCT/tmp/results_30.09.2011/occt/release-sources-20110930/inc/TDF_ListNodeOfLabelList.hxx
+M TDF:derivated:TDF_ListNodeOfLabelList_0.cxx /dn43/OCCT/tmp/results_30.09.2011/occt/release-sources-20110930/drv/TDF/TDF_ListNodeOfLabelList_0.cxx
+M TDF:pubinclude:TDF_ListIteratorOfLabelList.hxx /dn43/OCCT/tmp/results_30.09.2011/occt/release-sources-20110930/inc/TDF_ListIteratorOfLabelList.hxx
+M TDF:derivated:TDF_ListIteratorOfLabelList_0.cxx /dn43/OCCT/tmp/results_30.09.2011/occt/release-sources-20110930/drv/TDF/TDF_ListIteratorOfLabelList_0.cxx
+M TDF:pubinclude:Handle_TDF_ListNodeOfAttributeDeltaList.hxx /dn43/OCCT/tmp/results_30.09.2011/occt/release-sources-20110930/inc/Handle_TDF_ListNodeOfAttributeDeltaList.hxx
+M TDF:pubinclude:TDF_ListNodeOfAttributeDeltaList.hxx /dn43/OCCT/tmp/results_30.09.2011/occt/release-sources-20110930/inc/TDF_ListNodeOfAttributeDeltaList.hxx
+M TDF:derivated:TDF_ListNodeOfAttributeDeltaList_0.cxx /dn43/OCCT/tmp/results_30.09.2011/occt/release-sources-20110930/drv/TDF/TDF_ListNodeOfAttributeDeltaList_0.cxx
+M TDF:pubinclude:TDF_ListIteratorOfAttributeDeltaList.hxx /dn43/OCCT/tmp/results_30.09.2011/occt/release-sources-20110930/inc/TDF_ListIteratorOfAttributeDeltaList.hxx
+M TDF:derivated:TDF_ListIteratorOfAttributeDeltaList_0.cxx /dn43/OCCT/tmp/results_30.09.2011/occt/release-sources-20110930/drv/TDF/TDF_ListIteratorOfAttributeDeltaList_0.cxx
+M TDF:pubinclude:Handle_TDF_ListNodeOfDeltaList.hxx /dn43/OCCT/tmp/results_30.09.2011/occt/release-sources-20110930/inc/Handle_TDF_ListNodeOfDeltaList.hxx
+M TDF:pubinclude:TDF_ListNodeOfDeltaList.hxx /dn43/OCCT/tmp/results_30.09.2011/occt/release-sources-20110930/inc/TDF_ListNodeOfDeltaList.hxx
+M TDF:derivated:TDF_ListNodeOfDeltaList_0.cxx /dn43/OCCT/tmp/results_30.09.2011/occt/release-sources-20110930/drv/TDF/TDF_ListNodeOfDeltaList_0.cxx
+M TDF:pubinclude:TDF_ListIteratorOfDeltaList.hxx /dn43/OCCT/tmp/results_30.09.2011/occt/release-sources-20110930/inc/TDF_ListIteratorOfDeltaList.hxx
+M TDF:derivated:TDF_ListIteratorOfDeltaList_0.cxx /dn43/OCCT/tmp/results_30.09.2011/occt/release-sources-20110930/drv/TDF/TDF_ListIteratorOfDeltaList_0.cxx
+M TDF:pubinclude:Handle_TDF_SequenceNodeOfAttributeSequence.hxx /dn43/OCCT/tmp/results_30.09.2011/occt/release-sources-20110930/inc/Handle_TDF_SequenceNodeOfAttributeSequence.hxx
+M TDF:pubinclude:TDF_SequenceNodeOfAttributeSequence.hxx /dn43/OCCT/tmp/results_30.09.2011/occt/release-sources-20110930/inc/TDF_SequenceNodeOfAttributeSequence.hxx
+M TDF:derivated:TDF_SequenceNodeOfAttributeSequence_0.cxx /dn43/OCCT/tmp/results_30.09.2011/occt/release-sources-20110930/drv/TDF/TDF_SequenceNodeOfAttributeSequence_0.cxx
+M TDF:pubinclude:Handle_TDF_SequenceNodeOfLabelSequence.hxx /dn43/OCCT/tmp/results_30.09.2011/occt/release-sources-20110930/inc/Handle_TDF_SequenceNodeOfLabelSequence.hxx
+M TDF:pubinclude:TDF_SequenceNodeOfLabelSequence.hxx /dn43/OCCT/tmp/results_30.09.2011/occt/release-sources-20110930/inc/TDF_SequenceNodeOfLabelSequence.hxx
+M TDF:derivated:TDF_SequenceNodeOfLabelSequence_0.cxx /dn43/OCCT/tmp/results_30.09.2011/occt/release-sources-20110930/drv/TDF/TDF_SequenceNodeOfLabelSequence_0.cxx
+M TDF:pubinclude:Handle_TDF_StdMapNodeOfIDMap.hxx /dn43/OCCT/tmp/results_30.09.2011/occt/release-sources-20110930/inc/Handle_TDF_StdMapNodeOfIDMap.hxx
+M TDF:pubinclude:TDF_StdMapNodeOfIDMap.hxx /dn43/OCCT/tmp/results_30.09.2011/occt/release-sources-20110930/inc/TDF_StdMapNodeOfIDMap.hxx
+M TDF:derivated:TDF_StdMapNodeOfIDMap_0.cxx /dn43/OCCT/tmp/results_30.09.2011/occt/release-sources-20110930/drv/TDF/TDF_StdMapNodeOfIDMap_0.cxx
+M TDF:pubinclude:TDF_MapIteratorOfIDMap.hxx /dn43/OCCT/tmp/results_30.09.2011/occt/release-sources-20110930/inc/TDF_MapIteratorOfIDMap.hxx
+M TDF:derivated:TDF_MapIteratorOfIDMap_0.cxx /dn43/OCCT/tmp/results_30.09.2011/occt/release-sources-20110930/drv/TDF/TDF_MapIteratorOfIDMap_0.cxx
+M TDF:pubinclude:Handle_TDF_StdMapNodeOfAttributeMap.hxx /dn43/OCCT/tmp/results_30.09.2011/occt/release-sources-20110930/inc/Handle_TDF_StdMapNodeOfAttributeMap.hxx
+M TDF:pubinclude:TDF_StdMapNodeOfAttributeMap.hxx /dn43/OCCT/tmp/results_30.09.2011/occt/release-sources-20110930/inc/TDF_StdMapNodeOfAttributeMap.hxx
+M TDF:derivated:TDF_StdMapNodeOfAttributeMap_0.cxx /dn43/OCCT/tmp/results_30.09.2011/occt/release-sources-20110930/drv/TDF/TDF_StdMapNodeOfAttributeMap_0.cxx
+M TDF:pubinclude:TDF_MapIteratorOfAttributeMap.hxx /dn43/OCCT/tmp/results_30.09.2011/occt/release-sources-20110930/inc/TDF_MapIteratorOfAttributeMap.hxx
+M TDF:derivated:TDF_MapIteratorOfAttributeMap_0.cxx /dn43/OCCT/tmp/results_30.09.2011/occt/release-sources-20110930/drv/TDF/TDF_MapIteratorOfAttributeMap_0.cxx
+M TDF:pubinclude:Handle_TDF_DataMapNodeOfAttributeDataMap.hxx /dn43/OCCT/tmp/results_30.09.2011/occt/release-sources-20110930/inc/Handle_TDF_DataMapNodeOfAttributeDataMap.hxx
+M TDF:pubinclude:TDF_DataMapNodeOfAttributeDataMap.hxx /dn43/OCCT/tmp/results_30.09.2011/occt/release-sources-20110930/inc/TDF_DataMapNodeOfAttributeDataMap.hxx
+M TDF:derivated:TDF_DataMapNodeOfAttributeDataMap_0.cxx /dn43/OCCT/tmp/results_30.09.2011/occt/release-sources-20110930/drv/TDF/TDF_DataMapNodeOfAttributeDataMap_0.cxx
+M TDF:pubinclude:TDF_DataMapIteratorOfAttributeDataMap.hxx /dn43/OCCT/tmp/results_30.09.2011/occt/release-sources-20110930/inc/TDF_DataMapIteratorOfAttributeDataMap.hxx
+M TDF:derivated:TDF_DataMapIteratorOfAttributeDataMap_0.cxx /dn43/OCCT/tmp/results_30.09.2011/occt/release-sources-20110930/drv/TDF/TDF_DataMapIteratorOfAttributeDataMap_0.cxx
+M TDF:pubinclude:Handle_TDF_DoubleMapNodeOfAttributeDoubleMap.hxx /dn43/OCCT/tmp/results_30.09.2011/occt/release-sources-20110930/inc/Handle_TDF_DoubleMapNodeOfAttributeDoubleMap.hxx
+M TDF:pubinclude:TDF_DoubleMapNodeOfAttributeDoubleMap.hxx /dn43/OCCT/tmp/results_30.09.2011/occt/release-sources-20110930/inc/TDF_DoubleMapNodeOfAttributeDoubleMap.hxx
+M TDF:derivated:TDF_DoubleMapNodeOfAttributeDoubleMap_0.cxx /dn43/OCCT/tmp/results_30.09.2011/occt/release-sources-20110930/drv/TDF/TDF_DoubleMapNodeOfAttributeDoubleMap_0.cxx
+M TDF:pubinclude:TDF_DoubleMapIteratorOfAttributeDoubleMap.hxx /dn43/OCCT/tmp/results_30.09.2011/occt/release-sources-20110930/inc/TDF_DoubleMapIteratorOfAttributeDoubleMap.hxx
+M TDF:derivated:TDF_DoubleMapIteratorOfAttributeDoubleMap_0.cxx /dn43/OCCT/tmp/results_30.09.2011/occt/release-sources-20110930/drv/TDF/TDF_DoubleMapIteratorOfAttributeDoubleMap_0.cxx
+M TDF:pubinclude:Handle_TDF_IndexedMapNodeOfAttributeIndexedMap.hxx /dn43/OCCT/tmp/results_30.09.2011/occt/release-sources-20110930/inc/Handle_TDF_IndexedMapNodeOfAttributeIndexedMap.hxx
+M TDF:pubinclude:TDF_IndexedMapNodeOfAttributeIndexedMap.hxx /dn43/OCCT/tmp/results_30.09.2011/occt/release-sources-20110930/inc/TDF_IndexedMapNodeOfAttributeIndexedMap.hxx
+M TDF:derivated:TDF_IndexedMapNodeOfAttributeIndexedMap_0.cxx /dn43/OCCT/tmp/results_30.09.2011/occt/release-sources-20110930/drv/TDF/TDF_IndexedMapNodeOfAttributeIndexedMap_0.cxx
+M TDF:pubinclude:Handle_TDF_StdMapNodeOfLabelMap.hxx /dn43/OCCT/tmp/results_30.09.2011/occt/release-sources-20110930/inc/Handle_TDF_StdMapNodeOfLabelMap.hxx
+M TDF:pubinclude:TDF_StdMapNodeOfLabelMap.hxx /dn43/OCCT/tmp/results_30.09.2011/occt/release-sources-20110930/inc/TDF_StdMapNodeOfLabelMap.hxx
+M TDF:derivated:TDF_StdMapNodeOfLabelMap_0.cxx /dn43/OCCT/tmp/results_30.09.2011/occt/release-sources-20110930/drv/TDF/TDF_StdMapNodeOfLabelMap_0.cxx
+M TDF:pubinclude:TDF_MapIteratorOfLabelMap.hxx /dn43/OCCT/tmp/results_30.09.2011/occt/release-sources-20110930/inc/TDF_MapIteratorOfLabelMap.hxx
+M TDF:derivated:TDF_MapIteratorOfLabelMap_0.cxx /dn43/OCCT/tmp/results_30.09.2011/occt/release-sources-20110930/drv/TDF/TDF_MapIteratorOfLabelMap_0.cxx
+M TDF:pubinclude:Handle_TDF_DataMapNodeOfLabelDataMap.hxx /dn43/OCCT/tmp/results_30.09.2011/occt/release-sources-20110930/inc/Handle_TDF_DataMapNodeOfLabelDataMap.hxx
+M TDF:pubinclude:TDF_DataMapNodeOfLabelDataMap.hxx /dn43/OCCT/tmp/results_30.09.2011/occt/release-sources-20110930/inc/TDF_DataMapNodeOfLabelDataMap.hxx
+M TDF:derivated:TDF_DataMapNodeOfLabelDataMap_0.cxx /dn43/OCCT/tmp/results_30.09.2011/occt/release-sources-20110930/drv/TDF/TDF_DataMapNodeOfLabelDataMap_0.cxx
+M TDF:pubinclude:TDF_DataMapIteratorOfLabelDataMap.hxx /dn43/OCCT/tmp/results_30.09.2011/occt/release-sources-20110930/inc/TDF_DataMapIteratorOfLabelDataMap.hxx
+M TDF:derivated:TDF_DataMapIteratorOfLabelDataMap_0.cxx /dn43/OCCT/tmp/results_30.09.2011/occt/release-sources-20110930/drv/TDF/TDF_DataMapIteratorOfLabelDataMap_0.cxx
+M TDF:pubinclude:Handle_TDF_DoubleMapNodeOfLabelDoubleMap.hxx /dn43/OCCT/tmp/results_30.09.2011/occt/release-sources-20110930/inc/Handle_TDF_DoubleMapNodeOfLabelDoubleMap.hxx
+M TDF:pubinclude:TDF_DoubleMapNodeOfLabelDoubleMap.hxx /dn43/OCCT/tmp/results_30.09.2011/occt/release-sources-20110930/inc/TDF_DoubleMapNodeOfLabelDoubleMap.hxx
+M TDF:derivated:TDF_DoubleMapNodeOfLabelDoubleMap_0.cxx /dn43/OCCT/tmp/results_30.09.2011/occt/release-sources-20110930/drv/TDF/TDF_DoubleMapNodeOfLabelDoubleMap_0.cxx
+M TDF:pubinclude:TDF_DoubleMapIteratorOfLabelDoubleMap.hxx /dn43/OCCT/tmp/results_30.09.2011/occt/release-sources-20110930/inc/TDF_DoubleMapIteratorOfLabelDoubleMap.hxx
+M TDF:derivated:TDF_DoubleMapIteratorOfLabelDoubleMap_0.cxx /dn43/OCCT/tmp/results_30.09.2011/occt/release-sources-20110930/drv/TDF/TDF_DoubleMapIteratorOfLabelDoubleMap_0.cxx
+M TDF:pubinclude:Handle_TDF_IndexedMapNodeOfLabelIndexedMap.hxx /dn43/OCCT/tmp/results_30.09.2011/occt/release-sources-20110930/inc/Handle_TDF_IndexedMapNodeOfLabelIndexedMap.hxx
+M TDF:pubinclude:TDF_IndexedMapNodeOfLabelIndexedMap.hxx /dn43/OCCT/tmp/results_30.09.2011/occt/release-sources-20110930/inc/TDF_IndexedMapNodeOfLabelIndexedMap.hxx
+M TDF:derivated:TDF_IndexedMapNodeOfLabelIndexedMap_0.cxx /dn43/OCCT/tmp/results_30.09.2011/occt/release-sources-20110930/drv/TDF/TDF_IndexedMapNodeOfLabelIndexedMap_0.cxx
+M TDF:pubinclude:Handle_TDF_DataMapNodeOfLabelIntegerMap.hxx /dn43/OCCT/tmp/results_30.09.2011/occt/release-sources-20110930/inc/Handle_TDF_DataMapNodeOfLabelIntegerMap.hxx
+M TDF:pubinclude:TDF_DataMapNodeOfLabelIntegerMap.hxx /dn43/OCCT/tmp/results_30.09.2011/occt/release-sources-20110930/inc/TDF_DataMapNodeOfLabelIntegerMap.hxx
+M TDF:derivated:TDF_DataMapNodeOfLabelIntegerMap_0.cxx /dn43/OCCT/tmp/results_30.09.2011/occt/release-sources-20110930/drv/TDF/TDF_DataMapNodeOfLabelIntegerMap_0.cxx
+M TDF:pubinclude:TDF_DataMapIteratorOfLabelIntegerMap.hxx /dn43/OCCT/tmp/results_30.09.2011/occt/release-sources-20110930/inc/TDF_DataMapIteratorOfLabelIntegerMap.hxx
+M TDF:derivated:TDF_DataMapIteratorOfLabelIntegerMap_0.cxx /dn43/OCCT/tmp/results_30.09.2011/occt/release-sources-20110930/drv/TDF/TDF_DataMapIteratorOfLabelIntegerMap_0.cxx
+M TDF:pubinclude:Handle_TDF_DataMapNodeOfLabelLabelMap.hxx /dn43/OCCT/tmp/results_30.09.2011/occt/release-sources-20110930/inc/Handle_TDF_DataMapNodeOfLabelLabelMap.hxx
+M TDF:pubinclude:TDF_DataMapNodeOfLabelLabelMap.hxx /dn43/OCCT/tmp/results_30.09.2011/occt/release-sources-20110930/inc/TDF_DataMapNodeOfLabelLabelMap.hxx
+M TDF:derivated:TDF_DataMapNodeOfLabelLabelMap_0.cxx /dn43/OCCT/tmp/results_30.09.2011/occt/release-sources-20110930/drv/TDF/TDF_DataMapNodeOfLabelLabelMap_0.cxx
+M TDF:pubinclude:TDF_DataMapIteratorOfLabelLabelMap.hxx /dn43/OCCT/tmp/results_30.09.2011/occt/release-sources-20110930/inc/TDF_DataMapIteratorOfLabelLabelMap.hxx
+M TDF:derivated:TDF_DataMapIteratorOfLabelLabelMap_0.cxx /dn43/OCCT/tmp/results_30.09.2011/occt/release-sources-20110930/drv/TDF/TDF_DataMapIteratorOfLabelLabelMap_0.cxx
+M TDF:pubinclude:Handle_TDF_DoubleMapNodeOfGUIDProgIDMap.hxx /dn43/OCCT/tmp/results_30.09.2011/occt/release-sources-20110930/inc/Handle_TDF_DoubleMapNodeOfGUIDProgIDMap.hxx
+M TDF:pubinclude:TDF_DoubleMapNodeOfGUIDProgIDMap.hxx /dn43/OCCT/tmp/results_30.09.2011/occt/release-sources-20110930/inc/TDF_DoubleMapNodeOfGUIDProgIDMap.hxx
+M TDF:derivated:TDF_DoubleMapNodeOfGUIDProgIDMap_0.cxx /dn43/OCCT/tmp/results_30.09.2011/occt/release-sources-20110930/drv/TDF/TDF_DoubleMapNodeOfGUIDProgIDMap_0.cxx
+M TDF:pubinclude:TDF_DoubleMapIteratorOfGUIDProgIDMap.hxx /dn43/OCCT/tmp/results_30.09.2011/occt/release-sources-20110930/inc/TDF_DoubleMapIteratorOfGUIDProgIDMap.hxx
+M TDF:derivated:TDF_DoubleMapIteratorOfGUIDProgIDMap_0.cxx /dn43/OCCT/tmp/results_30.09.2011/occt/release-sources-20110930/drv/TDF/TDF_DoubleMapIteratorOfGUIDProgIDMap_0.cxx
+M TDF:pubinclude:TDF_LabelNodePtr.hxx /dn43/OCCT/tmp/results_30.09.2011/occt/release-sources-20110930/inc/TDF_LabelNodePtr.hxx
+M TDF:dbadmfile:TDF_xcpp_header.In /dn43/OCCT/tmp/results_30.09.2011/occt/release-sources-20110930/drv/TDF/.adm/TDF_xcpp_header.In
+M TDF:dbadmfile:TDF_xcpp_header.Out /dn43/OCCT/tmp/results_30.09.2011/occt/release-sources-20110930/drv/TDF/.adm/TDF_xcpp_header.Out
+M TDF:dbadmfile:TDF_xcpp_header.Dep /dn43/OCCT/tmp/results_30.09.2011/occt/release-sources-20110930/drv/TDF/.adm/TDF_xcpp_header.Dep
