+M StepRepr:pubinclude:StepRepr_CharacterizedDefinition.hxx /dn43/OCCT/tmp/results_28.02.2011/occt/release-sources-20110228/inc/StepRepr_CharacterizedDefinition.hxx
+M StepRepr:privinclude:StepRepr_CharacterizedDefinition.jxx /dn43/OCCT/tmp/results_28.02.2011/occt/release-sources-20110228/drv/StepRepr/StepRepr_CharacterizedDefinition.jxx
+M StepRepr:privinclude:StepRepr_CharacterizedDefinition.ixx /dn43/OCCT/tmp/results_28.02.2011/occt/release-sources-20110228/drv/StepRepr/StepRepr_CharacterizedDefinition.ixx
+M StepRepr:pubinclude:StepRepr_Transformation.hxx /dn43/OCCT/tmp/results_28.02.2011/occt/release-sources-20110228/inc/StepRepr_Transformation.hxx
+M StepRepr:privinclude:StepRepr_Transformation.jxx /dn43/OCCT/tmp/results_28.02.2011/occt/release-sources-20110228/drv/StepRepr/StepRepr_Transformation.jxx
+M StepRepr:privinclude:StepRepr_Transformation.ixx /dn43/OCCT/tmp/results_28.02.2011/occt/release-sources-20110228/drv/StepRepr/StepRepr_Transformation.ixx
+M StepRepr:pubinclude:Handle_StepRepr_FunctionallyDefinedTransformation.hxx /dn43/OCCT/tmp/results_28.02.2011/occt/release-sources-20110228/inc/Handle_StepRepr_FunctionallyDefinedTransformation.hxx
+M StepRepr:pubinclude:StepRepr_FunctionallyDefinedTransformation.hxx /dn43/OCCT/tmp/results_28.02.2011/occt/release-sources-20110228/inc/StepRepr_FunctionallyDefinedTransformation.hxx
+M StepRepr:privinclude:StepRepr_FunctionallyDefinedTransformation.jxx /dn43/OCCT/tmp/results_28.02.2011/occt/release-sources-20110228/drv/StepRepr/StepRepr_FunctionallyDefinedTransformation.jxx
+M StepRepr:privinclude:StepRepr_FunctionallyDefinedTransformation.ixx /dn43/OCCT/tmp/results_28.02.2011/occt/release-sources-20110228/drv/StepRepr/StepRepr_FunctionallyDefinedTransformation.ixx
+M StepRepr:pubinclude:Handle_StepRepr_PropertyDefinition.hxx /dn43/OCCT/tmp/results_28.02.2011/occt/release-sources-20110228/inc/Handle_StepRepr_PropertyDefinition.hxx
+M StepRepr:pubinclude:StepRepr_PropertyDefinition.hxx /dn43/OCCT/tmp/results_28.02.2011/occt/release-sources-20110228/inc/StepRepr_PropertyDefinition.hxx
+M StepRepr:privinclude:StepRepr_PropertyDefinition.jxx /dn43/OCCT/tmp/results_28.02.2011/occt/release-sources-20110228/drv/StepRepr/StepRepr_PropertyDefinition.jxx
+M StepRepr:privinclude:StepRepr_PropertyDefinition.ixx /dn43/OCCT/tmp/results_28.02.2011/occt/release-sources-20110228/drv/StepRepr/StepRepr_PropertyDefinition.ixx
+M StepRepr:pubinclude:Handle_StepRepr_ProductDefinitionShape.hxx /dn43/OCCT/tmp/results_28.02.2011/occt/release-sources-20110228/inc/Handle_StepRepr_ProductDefinitionShape.hxx
+M StepRepr:pubinclude:StepRepr_ProductDefinitionShape.hxx /dn43/OCCT/tmp/results_28.02.2011/occt/release-sources-20110228/inc/StepRepr_ProductDefinitionShape.hxx
+M StepRepr:privinclude:StepRepr_ProductDefinitionShape.jxx /dn43/OCCT/tmp/results_28.02.2011/occt/release-sources-20110228/drv/StepRepr/StepRepr_ProductDefinitionShape.jxx
+M StepRepr:privinclude:StepRepr_ProductDefinitionShape.ixx /dn43/OCCT/tmp/results_28.02.2011/occt/release-sources-20110228/drv/StepRepr/StepRepr_ProductDefinitionShape.ixx
+M StepRepr:pubinclude:Handle_StepRepr_PropertyDefinitionRepresentation.hxx /dn43/OCCT/tmp/results_28.02.2011/occt/release-sources-20110228/inc/Handle_StepRepr_PropertyDefinitionRepresentation.hxx
+M StepRepr:pubinclude:StepRepr_PropertyDefinitionRepresentation.hxx /dn43/OCCT/tmp/results_28.02.2011/occt/release-sources-20110228/inc/StepRepr_PropertyDefinitionRepresentation.hxx
+M StepRepr:privinclude:StepRepr_PropertyDefinitionRepresentation.jxx /dn43/OCCT/tmp/results_28.02.2011/occt/release-sources-20110228/drv/StepRepr/StepRepr_PropertyDefinitionRepresentation.jxx
+M StepRepr:privinclude:StepRepr_PropertyDefinitionRepresentation.ixx /dn43/OCCT/tmp/results_28.02.2011/occt/release-sources-20110228/drv/StepRepr/StepRepr_PropertyDefinitionRepresentation.ixx
+M StepRepr:pubinclude:Handle_StepRepr_Representation.hxx /dn43/OCCT/tmp/results_28.02.2011/occt/release-sources-20110228/inc/Handle_StepRepr_Representation.hxx
+M StepRepr:pubinclude:StepRepr_Representation.hxx /dn43/OCCT/tmp/results_28.02.2011/occt/release-sources-20110228/inc/StepRepr_Representation.hxx
+M StepRepr:privinclude:StepRepr_Representation.jxx /dn43/OCCT/tmp/results_28.02.2011/occt/release-sources-20110228/drv/StepRepr/StepRepr_Representation.jxx
+M StepRepr:privinclude:StepRepr_Representation.ixx /dn43/OCCT/tmp/results_28.02.2011/occt/release-sources-20110228/drv/StepRepr/StepRepr_Representation.ixx
+M StepRepr:pubinclude:Handle_StepRepr_DefinitionalRepresentation.hxx /dn43/OCCT/tmp/results_28.02.2011/occt/release-sources-20110228/inc/Handle_StepRepr_DefinitionalRepresentation.hxx
+M StepRepr:pubinclude:StepRepr_DefinitionalRepresentation.hxx /dn43/OCCT/tmp/results_28.02.2011/occt/release-sources-20110228/inc/StepRepr_DefinitionalRepresentation.hxx
+M StepRepr:privinclude:StepRepr_DefinitionalRepresentation.jxx /dn43/OCCT/tmp/results_28.02.2011/occt/release-sources-20110228/drv/StepRepr/StepRepr_DefinitionalRepresentation.jxx
+M StepRepr:privinclude:StepRepr_DefinitionalRepresentation.ixx /dn43/OCCT/tmp/results_28.02.2011/occt/release-sources-20110228/drv/StepRepr/StepRepr_DefinitionalRepresentation.ixx
+M StepRepr:pubinclude:Handle_StepRepr_RepresentationContext.hxx /dn43/OCCT/tmp/results_28.02.2011/occt/release-sources-20110228/inc/Handle_StepRepr_RepresentationContext.hxx
+M StepRepr:pubinclude:StepRepr_RepresentationContext.hxx /dn43/OCCT/tmp/results_28.02.2011/occt/release-sources-20110228/inc/StepRepr_RepresentationContext.hxx
+M StepRepr:privinclude:StepRepr_RepresentationContext.jxx /dn43/OCCT/tmp/results_28.02.2011/occt/release-sources-20110228/drv/StepRepr/StepRepr_RepresentationContext.jxx
+M StepRepr:privinclude:StepRepr_RepresentationContext.ixx /dn43/OCCT/tmp/results_28.02.2011/occt/release-sources-20110228/drv/StepRepr/StepRepr_RepresentationContext.ixx
+M StepRepr:pubinclude:Handle_StepRepr_GlobalUncertaintyAssignedContext.hxx /dn43/OCCT/tmp/results_28.02.2011/occt/release-sources-20110228/inc/Handle_StepRepr_GlobalUncertaintyAssignedContext.hxx
+M StepRepr:pubinclude:StepRepr_GlobalUncertaintyAssignedContext.hxx /dn43/OCCT/tmp/results_28.02.2011/occt/release-sources-20110228/inc/StepRepr_GlobalUncertaintyAssignedContext.hxx
+M StepRepr:privinclude:StepRepr_GlobalUncertaintyAssignedContext.jxx /dn43/OCCT/tmp/results_28.02.2011/occt/release-sources-20110228/drv/StepRepr/StepRepr_GlobalUncertaintyAssignedContext.jxx
+M StepRepr:privinclude:StepRepr_GlobalUncertaintyAssignedContext.ixx /dn43/OCCT/tmp/results_28.02.2011/occt/release-sources-20110228/drv/StepRepr/StepRepr_GlobalUncertaintyAssignedContext.ixx
+M StepRepr:pubinclude:Handle_StepRepr_GlobalUnitAssignedContext.hxx /dn43/OCCT/tmp/results_28.02.2011/occt/release-sources-20110228/inc/Handle_StepRepr_GlobalUnitAssignedContext.hxx
+M StepRepr:pubinclude:StepRepr_GlobalUnitAssignedContext.hxx /dn43/OCCT/tmp/results_28.02.2011/occt/release-sources-20110228/inc/StepRepr_GlobalUnitAssignedContext.hxx
+M StepRepr:privinclude:StepRepr_GlobalUnitAssignedContext.jxx /dn43/OCCT/tmp/results_28.02.2011/occt/release-sources-20110228/drv/StepRepr/StepRepr_GlobalUnitAssignedContext.jxx
+M StepRepr:privinclude:StepRepr_GlobalUnitAssignedContext.ixx /dn43/OCCT/tmp/results_28.02.2011/occt/release-sources-20110228/drv/StepRepr/StepRepr_GlobalUnitAssignedContext.ixx
+M StepRepr:pubinclude:Handle_StepRepr_ParametricRepresentationContext.hxx /dn43/OCCT/tmp/results_28.02.2011/occt/release-sources-20110228/inc/Handle_StepRepr_ParametricRepresentationContext.hxx
+M StepRepr:pubinclude:StepRepr_ParametricRepresentationContext.hxx /dn43/OCCT/tmp/results_28.02.2011/occt/release-sources-20110228/inc/StepRepr_ParametricRepresentationContext.hxx
+M StepRepr:privinclude:StepRepr_ParametricRepresentationContext.jxx /dn43/OCCT/tmp/results_28.02.2011/occt/release-sources-20110228/drv/StepRepr/StepRepr_ParametricRepresentationContext.jxx
+M StepRepr:privinclude:StepRepr_ParametricRepresentationContext.ixx /dn43/OCCT/tmp/results_28.02.2011/occt/release-sources-20110228/drv/StepRepr/StepRepr_ParametricRepresentationContext.ixx
+M StepRepr:pubinclude:Handle_StepRepr_RepresentationItem.hxx /dn43/OCCT/tmp/results_28.02.2011/occt/release-sources-20110228/inc/Handle_StepRepr_RepresentationItem.hxx
+M StepRepr:pubinclude:StepRepr_RepresentationItem.hxx /dn43/OCCT/tmp/results_28.02.2011/occt/release-sources-20110228/inc/StepRepr_RepresentationItem.hxx
+M StepRepr:privinclude:StepRepr_RepresentationItem.jxx /dn43/OCCT/tmp/results_28.02.2011/occt/release-sources-20110228/drv/StepRepr/StepRepr_RepresentationItem.jxx
+M StepRepr:privinclude:StepRepr_RepresentationItem.ixx /dn43/OCCT/tmp/results_28.02.2011/occt/release-sources-20110228/drv/StepRepr/StepRepr_RepresentationItem.ixx
+M StepRepr:pubinclude:Handle_StepRepr_DescriptiveRepresentationItem.hxx /dn43/OCCT/tmp/results_28.02.2011/occt/release-sources-20110228/inc/Handle_StepRepr_DescriptiveRepresentationItem.hxx
+M StepRepr:pubinclude:StepRepr_DescriptiveRepresentationItem.hxx /dn43/OCCT/tmp/results_28.02.2011/occt/release-sources-20110228/inc/StepRepr_DescriptiveRepresentationItem.hxx
+M StepRepr:privinclude:StepRepr_DescriptiveRepresentationItem.jxx /dn43/OCCT/tmp/results_28.02.2011/occt/release-sources-20110228/drv/StepRepr/StepRepr_DescriptiveRepresentationItem.jxx
+M StepRepr:privinclude:StepRepr_DescriptiveRepresentationItem.ixx /dn43/OCCT/tmp/results_28.02.2011/occt/release-sources-20110228/drv/StepRepr/StepRepr_DescriptiveRepresentationItem.ixx
+M StepRepr:pubinclude:Handle_StepRepr_MappedItem.hxx /dn43/OCCT/tmp/results_28.02.2011/occt/release-sources-20110228/inc/Handle_StepRepr_MappedItem.hxx
+M StepRepr:pubinclude:StepRepr_MappedItem.hxx /dn43/OCCT/tmp/results_28.02.2011/occt/release-sources-20110228/inc/StepRepr_MappedItem.hxx
+M StepRepr:privinclude:StepRepr_MappedItem.jxx /dn43/OCCT/tmp/results_28.02.2011/occt/release-sources-20110228/drv/StepRepr/StepRepr_MappedItem.jxx
+M StepRepr:privinclude:StepRepr_MappedItem.ixx /dn43/OCCT/tmp/results_28.02.2011/occt/release-sources-20110228/drv/StepRepr/StepRepr_MappedItem.ixx
+M StepRepr:pubinclude:Handle_StepRepr_RepresentationMap.hxx /dn43/OCCT/tmp/results_28.02.2011/occt/release-sources-20110228/inc/Handle_StepRepr_RepresentationMap.hxx
+M StepRepr:pubinclude:StepRepr_RepresentationMap.hxx /dn43/OCCT/tmp/results_28.02.2011/occt/release-sources-20110228/inc/StepRepr_RepresentationMap.hxx
+M StepRepr:privinclude:StepRepr_RepresentationMap.jxx /dn43/OCCT/tmp/results_28.02.2011/occt/release-sources-20110228/drv/StepRepr/StepRepr_RepresentationMap.jxx
+M StepRepr:privinclude:StepRepr_RepresentationMap.ixx /dn43/OCCT/tmp/results_28.02.2011/occt/release-sources-20110228/drv/StepRepr/StepRepr_RepresentationMap.ixx
+M StepRepr:pubinclude:Handle_StepRepr_RepresentationRelationship.hxx /dn43/OCCT/tmp/results_28.02.2011/occt/release-sources-20110228/inc/Handle_StepRepr_RepresentationRelationship.hxx
+M StepRepr:pubinclude:StepRepr_RepresentationRelationship.hxx /dn43/OCCT/tmp/results_28.02.2011/occt/release-sources-20110228/inc/StepRepr_RepresentationRelationship.hxx
+M StepRepr:privinclude:StepRepr_RepresentationRelationship.jxx /dn43/OCCT/tmp/results_28.02.2011/occt/release-sources-20110228/drv/StepRepr/StepRepr_RepresentationRelationship.jxx
+M StepRepr:privinclude:StepRepr_RepresentationRelationship.ixx /dn43/OCCT/tmp/results_28.02.2011/occt/release-sources-20110228/drv/StepRepr/StepRepr_RepresentationRelationship.ixx
+M StepRepr:pubinclude:StepRepr_RepresentedDefinition.hxx /dn43/OCCT/tmp/results_28.02.2011/occt/release-sources-20110228/inc/StepRepr_RepresentedDefinition.hxx
+M StepRepr:privinclude:StepRepr_RepresentedDefinition.jxx /dn43/OCCT/tmp/results_28.02.2011/occt/release-sources-20110228/drv/StepRepr/StepRepr_RepresentedDefinition.jxx
+M StepRepr:privinclude:StepRepr_RepresentedDefinition.ixx /dn43/OCCT/tmp/results_28.02.2011/occt/release-sources-20110228/drv/StepRepr/StepRepr_RepresentedDefinition.ixx
+M StepRepr:pubinclude:Handle_StepRepr_ShapeAspect.hxx /dn43/OCCT/tmp/results_28.02.2011/occt/release-sources-20110228/inc/Handle_StepRepr_ShapeAspect.hxx
+M StepRepr:pubinclude:StepRepr_ShapeAspect.hxx /dn43/OCCT/tmp/results_28.02.2011/occt/release-sources-20110228/inc/StepRepr_ShapeAspect.hxx
+M StepRepr:privinclude:StepRepr_ShapeAspect.jxx /dn43/OCCT/tmp/results_28.02.2011/occt/release-sources-20110228/drv/StepRepr/StepRepr_ShapeAspect.jxx
+M StepRepr:privinclude:StepRepr_ShapeAspect.ixx /dn43/OCCT/tmp/results_28.02.2011/occt/release-sources-20110228/drv/StepRepr/StepRepr_ShapeAspect.ixx
+M StepRepr:pubinclude:Handle_StepRepr_ShapeAspectTransition.hxx /dn43/OCCT/tmp/results_28.02.2011/occt/release-sources-20110228/inc/Handle_StepRepr_ShapeAspectTransition.hxx
+M StepRepr:pubinclude:StepRepr_ShapeAspectTransition.hxx /dn43/OCCT/tmp/results_28.02.2011/occt/release-sources-20110228/inc/StepRepr_ShapeAspectTransition.hxx
+M StepRepr:privinclude:StepRepr_ShapeAspectTransition.jxx /dn43/OCCT/tmp/results_28.02.2011/occt/release-sources-20110228/drv/StepRepr/StepRepr_ShapeAspectTransition.jxx
+M StepRepr:privinclude:StepRepr_ShapeAspectTransition.ixx /dn43/OCCT/tmp/results_28.02.2011/occt/release-sources-20110228/drv/StepRepr/StepRepr_ShapeAspectTransition.ixx
+M StepRepr:pubinclude:Handle_StepRepr_ShapeAspectRelationship.hxx /dn43/OCCT/tmp/results_28.02.2011/occt/release-sources-20110228/inc/Handle_StepRepr_ShapeAspectRelationship.hxx
+M StepRepr:pubinclude:StepRepr_ShapeAspectRelationship.hxx /dn43/OCCT/tmp/results_28.02.2011/occt/release-sources-20110228/inc/StepRepr_ShapeAspectRelationship.hxx
+M StepRepr:privinclude:StepRepr_ShapeAspectRelationship.jxx /dn43/OCCT/tmp/results_28.02.2011/occt/release-sources-20110228/drv/StepRepr/StepRepr_ShapeAspectRelationship.jxx
+M StepRepr:privinclude:StepRepr_ShapeAspectRelationship.ixx /dn43/OCCT/tmp/results_28.02.2011/occt/release-sources-20110228/drv/StepRepr/StepRepr_ShapeAspectRelationship.ixx
+M StepRepr:pubinclude:StepRepr_ShapeDefinition.hxx /dn43/OCCT/tmp/results_28.02.2011/occt/release-sources-20110228/inc/StepRepr_ShapeDefinition.hxx
+M StepRepr:privinclude:StepRepr_ShapeDefinition.jxx /dn43/OCCT/tmp/results_28.02.2011/occt/release-sources-20110228/drv/StepRepr/StepRepr_ShapeDefinition.jxx
+M StepRepr:privinclude:StepRepr_ShapeDefinition.ixx /dn43/OCCT/tmp/results_28.02.2011/occt/release-sources-20110228/drv/StepRepr/StepRepr_ShapeDefinition.ixx
+M StepRepr:pubinclude:Handle_StepRepr_ItemDefinedTransformation.hxx /dn43/OCCT/tmp/results_28.02.2011/occt/release-sources-20110228/inc/Handle_StepRepr_ItemDefinedTransformation.hxx
+M StepRepr:pubinclude:StepRepr_ItemDefinedTransformation.hxx /dn43/OCCT/tmp/results_28.02.2011/occt/release-sources-20110228/inc/StepRepr_ItemDefinedTransformation.hxx
+M StepRepr:privinclude:StepRepr_ItemDefinedTransformation.jxx /dn43/OCCT/tmp/results_28.02.2011/occt/release-sources-20110228/drv/StepRepr/StepRepr_ItemDefinedTransformation.jxx
+M StepRepr:privinclude:StepRepr_ItemDefinedTransformation.ixx /dn43/OCCT/tmp/results_28.02.2011/occt/release-sources-20110228/drv/StepRepr/StepRepr_ItemDefinedTransformation.ixx
+M StepRepr:pubinclude:Handle_StepRepr_ProductDefinitionUsage.hxx /dn43/OCCT/tmp/results_28.02.2011/occt/release-sources-20110228/inc/Handle_StepRepr_ProductDefinitionUsage.hxx
+M StepRepr:pubinclude:StepRepr_ProductDefinitionUsage.hxx /dn43/OCCT/tmp/results_28.02.2011/occt/release-sources-20110228/inc/StepRepr_ProductDefinitionUsage.hxx
+M StepRepr:privinclude:StepRepr_ProductDefinitionUsage.jxx /dn43/OCCT/tmp/results_28.02.2011/occt/release-sources-20110228/drv/StepRepr/StepRepr_ProductDefinitionUsage.jxx
+M StepRepr:privinclude:StepRepr_ProductDefinitionUsage.ixx /dn43/OCCT/tmp/results_28.02.2011/occt/release-sources-20110228/drv/StepRepr/StepRepr_ProductDefinitionUsage.ixx
+M StepRepr:pubinclude:Handle_StepRepr_MakeFromUsageOption.hxx /dn43/OCCT/tmp/results_28.02.2011/occt/release-sources-20110228/inc/Handle_StepRepr_MakeFromUsageOption.hxx
+M StepRepr:pubinclude:StepRepr_MakeFromUsageOption.hxx /dn43/OCCT/tmp/results_28.02.2011/occt/release-sources-20110228/inc/StepRepr_MakeFromUsageOption.hxx
+M StepRepr:privinclude:StepRepr_MakeFromUsageOption.jxx /dn43/OCCT/tmp/results_28.02.2011/occt/release-sources-20110228/drv/StepRepr/StepRepr_MakeFromUsageOption.jxx
+M StepRepr:privinclude:StepRepr_MakeFromUsageOption.ixx /dn43/OCCT/tmp/results_28.02.2011/occt/release-sources-20110228/drv/StepRepr/StepRepr_MakeFromUsageOption.ixx
+M StepRepr:pubinclude:Handle_StepRepr_AssemblyComponentUsage.hxx /dn43/OCCT/tmp/results_28.02.2011/occt/release-sources-20110228/inc/Handle_StepRepr_AssemblyComponentUsage.hxx
+M StepRepr:pubinclude:StepRepr_AssemblyComponentUsage.hxx /dn43/OCCT/tmp/results_28.02.2011/occt/release-sources-20110228/inc/StepRepr_AssemblyComponentUsage.hxx
+M StepRepr:privinclude:StepRepr_AssemblyComponentUsage.jxx /dn43/OCCT/tmp/results_28.02.2011/occt/release-sources-20110228/drv/StepRepr/StepRepr_AssemblyComponentUsage.jxx
+M StepRepr:privinclude:StepRepr_AssemblyComponentUsage.ixx /dn43/OCCT/tmp/results_28.02.2011/occt/release-sources-20110228/drv/StepRepr/StepRepr_AssemblyComponentUsage.ixx
+M StepRepr:pubinclude:Handle_StepRepr_NextAssemblyUsageOccurrence.hxx /dn43/OCCT/tmp/results_28.02.2011/occt/release-sources-20110228/inc/Handle_StepRepr_NextAssemblyUsageOccurrence.hxx
+M StepRepr:pubinclude:StepRepr_NextAssemblyUsageOccurrence.hxx /dn43/OCCT/tmp/results_28.02.2011/occt/release-sources-20110228/inc/StepRepr_NextAssemblyUsageOccurrence.hxx
+M StepRepr:privinclude:StepRepr_NextAssemblyUsageOccurrence.jxx /dn43/OCCT/tmp/results_28.02.2011/occt/release-sources-20110228/drv/StepRepr/StepRepr_NextAssemblyUsageOccurrence.jxx
+M StepRepr:privinclude:StepRepr_NextAssemblyUsageOccurrence.ixx /dn43/OCCT/tmp/results_28.02.2011/occt/release-sources-20110228/drv/StepRepr/StepRepr_NextAssemblyUsageOccurrence.ixx
+M StepRepr:pubinclude:Handle_StepRepr_PromissoryUsageOccurrence.hxx /dn43/OCCT/tmp/results_28.02.2011/occt/release-sources-20110228/inc/Handle_StepRepr_PromissoryUsageOccurrence.hxx
+M StepRepr:pubinclude:StepRepr_PromissoryUsageOccurrence.hxx /dn43/OCCT/tmp/results_28.02.2011/occt/release-sources-20110228/inc/StepRepr_PromissoryUsageOccurrence.hxx
+M StepRepr:privinclude:StepRepr_PromissoryUsageOccurrence.jxx /dn43/OCCT/tmp/results_28.02.2011/occt/release-sources-20110228/drv/StepRepr/StepRepr_PromissoryUsageOccurrence.jxx
+M StepRepr:privinclude:StepRepr_PromissoryUsageOccurrence.ixx /dn43/OCCT/tmp/results_28.02.2011/occt/release-sources-20110228/drv/StepRepr/StepRepr_PromissoryUsageOccurrence.ixx
+M StepRepr:pubinclude:Handle_StepRepr_QuantifiedAssemblyComponentUsage.hxx /dn43/OCCT/tmp/results_28.02.2011/occt/release-sources-20110228/inc/Handle_StepRepr_QuantifiedAssemblyComponentUsage.hxx
+M StepRepr:pubinclude:StepRepr_QuantifiedAssemblyComponentUsage.hxx /dn43/OCCT/tmp/results_28.02.2011/occt/release-sources-20110228/inc/StepRepr_QuantifiedAssemblyComponentUsage.hxx
+M StepRepr:privinclude:StepRepr_QuantifiedAssemblyComponentUsage.jxx /dn43/OCCT/tmp/results_28.02.2011/occt/release-sources-20110228/drv/StepRepr/StepRepr_QuantifiedAssemblyComponentUsage.jxx
+M StepRepr:privinclude:StepRepr_QuantifiedAssemblyComponentUsage.ixx /dn43/OCCT/tmp/results_28.02.2011/occt/release-sources-20110228/drv/StepRepr/StepRepr_QuantifiedAssemblyComponentUsage.ixx
+M StepRepr:pubinclude:Handle_StepRepr_SpecifiedHigherUsageOccurrence.hxx /dn43/OCCT/tmp/results_28.02.2011/occt/release-sources-20110228/inc/Handle_StepRepr_SpecifiedHigherUsageOccurrence.hxx
+M StepRepr:pubinclude:StepRepr_SpecifiedHigherUsageOccurrence.hxx /dn43/OCCT/tmp/results_28.02.2011/occt/release-sources-20110228/inc/StepRepr_SpecifiedHigherUsageOccurrence.hxx
+M StepRepr:privinclude:StepRepr_SpecifiedHigherUsageOccurrence.jxx /dn43/OCCT/tmp/results_28.02.2011/occt/release-sources-20110228/drv/StepRepr/StepRepr_SpecifiedHigherUsageOccurrence.jxx
+M StepRepr:privinclude:StepRepr_SpecifiedHigherUsageOccurrence.ixx /dn43/OCCT/tmp/results_28.02.2011/occt/release-sources-20110228/drv/StepRepr/StepRepr_SpecifiedHigherUsageOccurrence.ixx
+M StepRepr:pubinclude:Handle_StepRepr_AssemblyComponentUsageSubstitute.hxx /dn43/OCCT/tmp/results_28.02.2011/occt/release-sources-20110228/inc/Handle_StepRepr_AssemblyComponentUsageSubstitute.hxx
+M StepRepr:pubinclude:StepRepr_AssemblyComponentUsageSubstitute.hxx /dn43/OCCT/tmp/results_28.02.2011/occt/release-sources-20110228/inc/StepRepr_AssemblyComponentUsageSubstitute.hxx
+M StepRepr:privinclude:StepRepr_AssemblyComponentUsageSubstitute.jxx /dn43/OCCT/tmp/results_28.02.2011/occt/release-sources-20110228/drv/StepRepr/StepRepr_AssemblyComponentUsageSubstitute.jxx
+M StepRepr:privinclude:StepRepr_AssemblyComponentUsageSubstitute.ixx /dn43/OCCT/tmp/results_28.02.2011/occt/release-sources-20110228/drv/StepRepr/StepRepr_AssemblyComponentUsageSubstitute.ixx
+M StepRepr:pubinclude:Handle_StepRepr_SuppliedPartRelationship.hxx /dn43/OCCT/tmp/results_28.02.2011/occt/release-sources-20110228/inc/Handle_StepRepr_SuppliedPartRelationship.hxx
+M StepRepr:pubinclude:StepRepr_SuppliedPartRelationship.hxx /dn43/OCCT/tmp/results_28.02.2011/occt/release-sources-20110228/inc/StepRepr_SuppliedPartRelationship.hxx
+M StepRepr:privinclude:StepRepr_SuppliedPartRelationship.jxx /dn43/OCCT/tmp/results_28.02.2011/occt/release-sources-20110228/drv/StepRepr/StepRepr_SuppliedPartRelationship.jxx
+M StepRepr:privinclude:StepRepr_SuppliedPartRelationship.ixx /dn43/OCCT/tmp/results_28.02.2011/occt/release-sources-20110228/drv/StepRepr/StepRepr_SuppliedPartRelationship.ixx
+M StepRepr:pubinclude:Handle_StepRepr_ExternallyDefinedRepresentation.hxx /dn43/OCCT/tmp/results_28.02.2011/occt/release-sources-20110228/inc/Handle_StepRepr_ExternallyDefinedRepresentation.hxx
+M StepRepr:pubinclude:StepRepr_ExternallyDefinedRepresentation.hxx /dn43/OCCT/tmp/results_28.02.2011/occt/release-sources-20110228/inc/StepRepr_ExternallyDefinedRepresentation.hxx
+M StepRepr:privinclude:StepRepr_ExternallyDefinedRepresentation.jxx /dn43/OCCT/tmp/results_28.02.2011/occt/release-sources-20110228/drv/StepRepr/StepRepr_ExternallyDefinedRepresentation.jxx
+M StepRepr:privinclude:StepRepr_ExternallyDefinedRepresentation.ixx /dn43/OCCT/tmp/results_28.02.2011/occt/release-sources-20110228/drv/StepRepr/StepRepr_ExternallyDefinedRepresentation.ixx
+M StepRepr:pubinclude:Handle_StepRepr_MaterialDesignation.hxx /dn43/OCCT/tmp/results_28.02.2011/occt/release-sources-20110228/inc/Handle_StepRepr_MaterialDesignation.hxx
+M StepRepr:pubinclude:StepRepr_MaterialDesignation.hxx /dn43/OCCT/tmp/results_28.02.2011/occt/release-sources-20110228/inc/StepRepr_MaterialDesignation.hxx
+M StepRepr:privinclude:StepRepr_MaterialDesignation.jxx /dn43/OCCT/tmp/results_28.02.2011/occt/release-sources-20110228/drv/StepRepr/StepRepr_MaterialDesignation.jxx
+M StepRepr:privinclude:StepRepr_MaterialDesignation.ixx /dn43/OCCT/tmp/results_28.02.2011/occt/release-sources-20110228/drv/StepRepr/StepRepr_MaterialDesignation.ixx
+M StepRepr:pubinclude:Handle_StepRepr_MeasureRepresentationItem.hxx /dn43/OCCT/tmp/results_28.02.2011/occt/release-sources-20110228/inc/Handle_StepRepr_MeasureRepresentationItem.hxx
+M StepRepr:pubinclude:StepRepr_MeasureRepresentationItem.hxx /dn43/OCCT/tmp/results_28.02.2011/occt/release-sources-20110228/inc/StepRepr_MeasureRepresentationItem.hxx
+M StepRepr:privinclude:StepRepr_MeasureRepresentationItem.jxx /dn43/OCCT/tmp/results_28.02.2011/occt/release-sources-20110228/drv/StepRepr/StepRepr_MeasureRepresentationItem.jxx
+M StepRepr:privinclude:StepRepr_MeasureRepresentationItem.ixx /dn43/OCCT/tmp/results_28.02.2011/occt/release-sources-20110228/drv/StepRepr/StepRepr_MeasureRepresentationItem.ixx
+M StepRepr:pubinclude:Handle_StepRepr_ShapeRepresentationRelationship.hxx /dn43/OCCT/tmp/results_28.02.2011/occt/release-sources-20110228/inc/Handle_StepRepr_ShapeRepresentationRelationship.hxx
+M StepRepr:pubinclude:StepRepr_ShapeRepresentationRelationship.hxx /dn43/OCCT/tmp/results_28.02.2011/occt/release-sources-20110228/inc/StepRepr_ShapeRepresentationRelationship.hxx
+M StepRepr:privinclude:StepRepr_ShapeRepresentationRelationship.jxx /dn43/OCCT/tmp/results_28.02.2011/occt/release-sources-20110228/drv/StepRepr/StepRepr_ShapeRepresentationRelationship.jxx
+M StepRepr:privinclude:StepRepr_ShapeRepresentationRelationship.ixx /dn43/OCCT/tmp/results_28.02.2011/occt/release-sources-20110228/drv/StepRepr/StepRepr_ShapeRepresentationRelationship.ixx
+M StepRepr:pubinclude:Handle_StepRepr_RepresentationRelationshipWithTransformation.hxx /dn43/OCCT/tmp/results_28.02.2011/occt/release-sources-20110228/inc/Handle_StepRepr_RepresentationRelationshipWithTransformation.hxx
+M StepRepr:pubinclude:StepRepr_RepresentationRelationshipWithTransformation.hxx /dn43/OCCT/tmp/results_28.02.2011/occt/release-sources-20110228/inc/StepRepr_RepresentationRelationshipWithTransformation.hxx
+M StepRepr:privinclude:StepRepr_RepresentationRelationshipWithTransformation.jxx /dn43/OCCT/tmp/results_28.02.2011/occt/release-sources-20110228/drv/StepRepr/StepRepr_RepresentationRelationshipWithTransformation.jxx
+M StepRepr:privinclude:StepRepr_RepresentationRelationshipWithTransformation.ixx /dn43/OCCT/tmp/results_28.02.2011/occt/release-sources-20110228/drv/StepRepr/StepRepr_RepresentationRelationshipWithTransformation.ixx
+M StepRepr:pubinclude:Handle_StepRepr_ShapeRepresentationRelationshipWithTransformation.hxx /dn43/OCCT/tmp/results_28.02.2011/occt/release-sources-20110228/inc/Handle_StepRepr_ShapeRepresentationRelationshipWithTransformation.hxx
+M StepRepr:pubinclude:StepRepr_ShapeRepresentationRelationshipWithTransformation.hxx /dn43/OCCT/tmp/results_28.02.2011/occt/release-sources-20110228/inc/StepRepr_ShapeRepresentationRelationshipWithTransformation.hxx
+M StepRepr:privinclude:StepRepr_ShapeRepresentationRelationshipWithTransformation.jxx /dn43/OCCT/tmp/results_28.02.2011/occt/release-sources-20110228/drv/StepRepr/StepRepr_ShapeRepresentationRelationshipWithTransformation.jxx
+M StepRepr:privinclude:StepRepr_ShapeRepresentationRelationshipWithTransformation.ixx /dn43/OCCT/tmp/results_28.02.2011/occt/release-sources-20110228/drv/StepRepr/StepRepr_ShapeRepresentationRelationshipWithTransformation.ixx
+M StepRepr:pubinclude:StepRepr_Array1OfRepresentationItem.hxx /dn43/OCCT/tmp/results_28.02.2011/occt/release-sources-20110228/inc/StepRepr_Array1OfRepresentationItem.hxx
+M StepRepr:derivated:StepRepr_Array1OfRepresentationItem_0.cxx /dn43/OCCT/tmp/results_28.02.2011/occt/release-sources-20110228/drv/StepRepr/StepRepr_Array1OfRepresentationItem_0.cxx
+M StepRepr:pubinclude:Handle_StepRepr_HArray1OfRepresentationItem.hxx /dn43/OCCT/tmp/results_28.02.2011/occt/release-sources-20110228/inc/Handle_StepRepr_HArray1OfRepresentationItem.hxx
+M StepRepr:pubinclude:StepRepr_HArray1OfRepresentationItem.hxx /dn43/OCCT/tmp/results_28.02.2011/occt/release-sources-20110228/inc/StepRepr_HArray1OfRepresentationItem.hxx
+M StepRepr:derivated:StepRepr_HArray1OfRepresentationItem_0.cxx /dn43/OCCT/tmp/results_28.02.2011/occt/release-sources-20110228/drv/StepRepr/StepRepr_HArray1OfRepresentationItem_0.cxx
+M StepRepr:pubinclude:Handle_StepRepr_ConfigurationDesign.hxx /dn43/OCCT/tmp/results_28.02.2011/occt/release-sources-20110228/inc/Handle_StepRepr_ConfigurationDesign.hxx
+M StepRepr:pubinclude:StepRepr_ConfigurationDesign.hxx /dn43/OCCT/tmp/results_28.02.2011/occt/release-sources-20110228/inc/StepRepr_ConfigurationDesign.hxx
+M StepRepr:privinclude:StepRepr_ConfigurationDesign.jxx /dn43/OCCT/tmp/results_28.02.2011/occt/release-sources-20110228/drv/StepRepr/StepRepr_ConfigurationDesign.jxx
+M StepRepr:privinclude:StepRepr_ConfigurationDesign.ixx /dn43/OCCT/tmp/results_28.02.2011/occt/release-sources-20110228/drv/StepRepr/StepRepr_ConfigurationDesign.ixx
+M StepRepr:pubinclude:StepRepr_ConfigurationDesignItem.hxx /dn43/OCCT/tmp/results_28.02.2011/occt/release-sources-20110228/inc/StepRepr_ConfigurationDesignItem.hxx
+M StepRepr:privinclude:StepRepr_ConfigurationDesignItem.jxx /dn43/OCCT/tmp/results_28.02.2011/occt/release-sources-20110228/drv/StepRepr/StepRepr_ConfigurationDesignItem.jxx
+M StepRepr:privinclude:StepRepr_ConfigurationDesignItem.ixx /dn43/OCCT/tmp/results_28.02.2011/occt/release-sources-20110228/drv/StepRepr/StepRepr_ConfigurationDesignItem.ixx
+M StepRepr:pubinclude:Handle_StepRepr_ConfigurationEffectivity.hxx /dn43/OCCT/tmp/results_28.02.2011/occt/release-sources-20110228/inc/Handle_StepRepr_ConfigurationEffectivity.hxx
+M StepRepr:pubinclude:StepRepr_ConfigurationEffectivity.hxx /dn43/OCCT/tmp/results_28.02.2011/occt/release-sources-20110228/inc/StepRepr_ConfigurationEffectivity.hxx
+M StepRepr:privinclude:StepRepr_ConfigurationEffectivity.jxx /dn43/OCCT/tmp/results_28.02.2011/occt/release-sources-20110228/drv/StepRepr/StepRepr_ConfigurationEffectivity.jxx
+M StepRepr:privinclude:StepRepr_ConfigurationEffectivity.ixx /dn43/OCCT/tmp/results_28.02.2011/occt/release-sources-20110228/drv/StepRepr/StepRepr_ConfigurationEffectivity.ixx
+M StepRepr:pubinclude:Handle_StepRepr_ConfigurationItem.hxx /dn43/OCCT/tmp/results_28.02.2011/occt/release-sources-20110228/inc/Handle_StepRepr_ConfigurationItem.hxx
+M StepRepr:pubinclude:StepRepr_ConfigurationItem.hxx /dn43/OCCT/tmp/results_28.02.2011/occt/release-sources-20110228/inc/StepRepr_ConfigurationItem.hxx
+M StepRepr:privinclude:StepRepr_ConfigurationItem.jxx /dn43/OCCT/tmp/results_28.02.2011/occt/release-sources-20110228/drv/StepRepr/StepRepr_ConfigurationItem.jxx
+M StepRepr:privinclude:StepRepr_ConfigurationItem.ixx /dn43/OCCT/tmp/results_28.02.2011/occt/release-sources-20110228/drv/StepRepr/StepRepr_ConfigurationItem.ixx
+M StepRepr:pubinclude:Handle_StepRepr_ProductConcept.hxx /dn43/OCCT/tmp/results_28.02.2011/occt/release-sources-20110228/inc/Handle_StepRepr_ProductConcept.hxx
+M StepRepr:pubinclude:StepRepr_ProductConcept.hxx /dn43/OCCT/tmp/results_28.02.2011/occt/release-sources-20110228/inc/StepRepr_ProductConcept.hxx
+M StepRepr:privinclude:StepRepr_ProductConcept.jxx /dn43/OCCT/tmp/results_28.02.2011/occt/release-sources-20110228/drv/StepRepr/StepRepr_ProductConcept.jxx
+M StepRepr:privinclude:StepRepr_ProductConcept.ixx /dn43/OCCT/tmp/results_28.02.2011/occt/release-sources-20110228/drv/StepRepr/StepRepr_ProductConcept.ixx
+M StepRepr:pubinclude:Handle_StepRepr_CompositeShapeAspect.hxx /dn43/OCCT/tmp/results_28.02.2011/occt/release-sources-20110228/inc/Handle_StepRepr_CompositeShapeAspect.hxx
+M StepRepr:pubinclude:StepRepr_CompositeShapeAspect.hxx /dn43/OCCT/tmp/results_28.02.2011/occt/release-sources-20110228/inc/StepRepr_CompositeShapeAspect.hxx
+M StepRepr:privinclude:StepRepr_CompositeShapeAspect.jxx /dn43/OCCT/tmp/results_28.02.2011/occt/release-sources-20110228/drv/StepRepr/StepRepr_CompositeShapeAspect.jxx
+M StepRepr:privinclude:StepRepr_CompositeShapeAspect.ixx /dn43/OCCT/tmp/results_28.02.2011/occt/release-sources-20110228/drv/StepRepr/StepRepr_CompositeShapeAspect.ixx
+M StepRepr:pubinclude:Handle_StepRepr_DerivedShapeAspect.hxx /dn43/OCCT/tmp/results_28.02.2011/occt/release-sources-20110228/inc/Handle_StepRepr_DerivedShapeAspect.hxx
+M StepRepr:pubinclude:StepRepr_DerivedShapeAspect.hxx /dn43/OCCT/tmp/results_28.02.2011/occt/release-sources-20110228/inc/StepRepr_DerivedShapeAspect.hxx
+M StepRepr:privinclude:StepRepr_DerivedShapeAspect.jxx /dn43/OCCT/tmp/results_28.02.2011/occt/release-sources-20110228/drv/StepRepr/StepRepr_DerivedShapeAspect.jxx
+M StepRepr:privinclude:StepRepr_DerivedShapeAspect.ixx /dn43/OCCT/tmp/results_28.02.2011/occt/release-sources-20110228/drv/StepRepr/StepRepr_DerivedShapeAspect.ixx
+M StepRepr:pubinclude:Handle_StepRepr_Extension.hxx /dn43/OCCT/tmp/results_28.02.2011/occt/release-sources-20110228/inc/Handle_StepRepr_Extension.hxx
+M StepRepr:pubinclude:StepRepr_Extension.hxx /dn43/OCCT/tmp/results_28.02.2011/occt/release-sources-20110228/inc/StepRepr_Extension.hxx
+M StepRepr:privinclude:StepRepr_Extension.jxx /dn43/OCCT/tmp/results_28.02.2011/occt/release-sources-20110228/drv/StepRepr/StepRepr_Extension.jxx
+M StepRepr:privinclude:StepRepr_Extension.ixx /dn43/OCCT/tmp/results_28.02.2011/occt/release-sources-20110228/drv/StepRepr/StepRepr_Extension.ixx
+M StepRepr:pubinclude:Handle_StepRepr_CompoundRepresentationItem.hxx /dn43/OCCT/tmp/results_28.02.2011/occt/release-sources-20110228/inc/Handle_StepRepr_CompoundRepresentationItem.hxx
+M StepRepr:pubinclude:StepRepr_CompoundRepresentationItem.hxx /dn43/OCCT/tmp/results_28.02.2011/occt/release-sources-20110228/inc/StepRepr_CompoundRepresentationItem.hxx
+M StepRepr:privinclude:StepRepr_CompoundRepresentationItem.jxx /dn43/OCCT/tmp/results_28.02.2011/occt/release-sources-20110228/drv/StepRepr/StepRepr_CompoundRepresentationItem.jxx
+M StepRepr:privinclude:StepRepr_CompoundRepresentationItem.ixx /dn43/OCCT/tmp/results_28.02.2011/occt/release-sources-20110228/drv/StepRepr/StepRepr_CompoundRepresentationItem.ixx
+M StepRepr:pubinclude:Handle_StepRepr_ValueRange.hxx /dn43/OCCT/tmp/results_28.02.2011/occt/release-sources-20110228/inc/Handle_StepRepr_ValueRange.hxx
+M StepRepr:pubinclude:StepRepr_ValueRange.hxx /dn43/OCCT/tmp/results_28.02.2011/occt/release-sources-20110228/inc/StepRepr_ValueRange.hxx
+M StepRepr:privinclude:StepRepr_ValueRange.jxx /dn43/OCCT/tmp/results_28.02.2011/occt/release-sources-20110228/drv/StepRepr/StepRepr_ValueRange.jxx
+M StepRepr:privinclude:StepRepr_ValueRange.ixx /dn43/OCCT/tmp/results_28.02.2011/occt/release-sources-20110228/drv/StepRepr/StepRepr_ValueRange.ixx
+M StepRepr:pubinclude:Handle_StepRepr_ShapeAspectDerivingRelationship.hxx /dn43/OCCT/tmp/results_28.02.2011/occt/release-sources-20110228/inc/Handle_StepRepr_ShapeAspectDerivingRelationship.hxx
+M StepRepr:pubinclude:StepRepr_ShapeAspectDerivingRelationship.hxx /dn43/OCCT/tmp/results_28.02.2011/occt/release-sources-20110228/inc/StepRepr_ShapeAspectDerivingRelationship.hxx
+M StepRepr:privinclude:StepRepr_ShapeAspectDerivingRelationship.jxx /dn43/OCCT/tmp/results_28.02.2011/occt/release-sources-20110228/drv/StepRepr/StepRepr_ShapeAspectDerivingRelationship.jxx
+M StepRepr:privinclude:StepRepr_ShapeAspectDerivingRelationship.ixx /dn43/OCCT/tmp/results_28.02.2011/occt/release-sources-20110228/drv/StepRepr/StepRepr_ShapeAspectDerivingRelationship.ixx
+M StepRepr:pubinclude:Handle_StepRepr_DataEnvironment.hxx /dn43/OCCT/tmp/results_28.02.2011/occt/release-sources-20110228/inc/Handle_StepRepr_DataEnvironment.hxx
+M StepRepr:pubinclude:StepRepr_DataEnvironment.hxx /dn43/OCCT/tmp/results_28.02.2011/occt/release-sources-20110228/inc/StepRepr_DataEnvironment.hxx
+M StepRepr:privinclude:StepRepr_DataEnvironment.jxx /dn43/OCCT/tmp/results_28.02.2011/occt/release-sources-20110228/drv/StepRepr/StepRepr_DataEnvironment.jxx
+M StepRepr:privinclude:StepRepr_DataEnvironment.ixx /dn43/OCCT/tmp/results_28.02.2011/occt/release-sources-20110228/drv/StepRepr/StepRepr_DataEnvironment.ixx
+M StepRepr:pubinclude:Handle_StepRepr_MaterialPropertyRepresentation.hxx /dn43/OCCT/tmp/results_28.02.2011/occt/release-sources-20110228/inc/Handle_StepRepr_MaterialPropertyRepresentation.hxx
+M StepRepr:pubinclude:StepRepr_MaterialPropertyRepresentation.hxx /dn43/OCCT/tmp/results_28.02.2011/occt/release-sources-20110228/inc/StepRepr_MaterialPropertyRepresentation.hxx
+M StepRepr:privinclude:StepRepr_MaterialPropertyRepresentation.jxx /dn43/OCCT/tmp/results_28.02.2011/occt/release-sources-20110228/drv/StepRepr/StepRepr_MaterialPropertyRepresentation.jxx
+M StepRepr:privinclude:StepRepr_MaterialPropertyRepresentation.ixx /dn43/OCCT/tmp/results_28.02.2011/occt/release-sources-20110228/drv/StepRepr/StepRepr_MaterialPropertyRepresentation.ixx
+M StepRepr:pubinclude:Handle_StepRepr_PropertyDefinitionRelationship.hxx /dn43/OCCT/tmp/results_28.02.2011/occt/release-sources-20110228/inc/Handle_StepRepr_PropertyDefinitionRelationship.hxx
+M StepRepr:pubinclude:StepRepr_PropertyDefinitionRelationship.hxx /dn43/OCCT/tmp/results_28.02.2011/occt/release-sources-20110228/inc/StepRepr_PropertyDefinitionRelationship.hxx
+M StepRepr:privinclude:StepRepr_PropertyDefinitionRelationship.jxx /dn43/OCCT/tmp/results_28.02.2011/occt/release-sources-20110228/drv/StepRepr/StepRepr_PropertyDefinitionRelationship.jxx
+M StepRepr:privinclude:StepRepr_PropertyDefinitionRelationship.ixx /dn43/OCCT/tmp/results_28.02.2011/occt/release-sources-20110228/drv/StepRepr/StepRepr_PropertyDefinitionRelationship.ixx
+M StepRepr:pubinclude:Handle_StepRepr_MaterialProperty.hxx /dn43/OCCT/tmp/results_28.02.2011/occt/release-sources-20110228/inc/Handle_StepRepr_MaterialProperty.hxx
+M StepRepr:pubinclude:StepRepr_MaterialProperty.hxx /dn43/OCCT/tmp/results_28.02.2011/occt/release-sources-20110228/inc/StepRepr_MaterialProperty.hxx
+M StepRepr:privinclude:StepRepr_MaterialProperty.jxx /dn43/OCCT/tmp/results_28.02.2011/occt/release-sources-20110228/drv/StepRepr/StepRepr_MaterialProperty.jxx
+M StepRepr:privinclude:StepRepr_MaterialProperty.ixx /dn43/OCCT/tmp/results_28.02.2011/occt/release-sources-20110228/drv/StepRepr/StepRepr_MaterialProperty.ixx
+M StepRepr:pubinclude:Handle_StepRepr_StructuralResponseProperty.hxx /dn43/OCCT/tmp/results_28.02.2011/occt/release-sources-20110228/inc/Handle_StepRepr_StructuralResponseProperty.hxx
+M StepRepr:pubinclude:StepRepr_StructuralResponseProperty.hxx /dn43/OCCT/tmp/results_28.02.2011/occt/release-sources-20110228/inc/StepRepr_StructuralResponseProperty.hxx
+M StepRepr:privinclude:StepRepr_StructuralResponseProperty.jxx /dn43/OCCT/tmp/results_28.02.2011/occt/release-sources-20110228/drv/StepRepr/StepRepr_StructuralResponseProperty.jxx
+M StepRepr:privinclude:StepRepr_StructuralResponseProperty.ixx /dn43/OCCT/tmp/results_28.02.2011/occt/release-sources-20110228/drv/StepRepr/StepRepr_StructuralResponseProperty.ixx
+M StepRepr:pubinclude:Handle_StepRepr_StructuralResponsePropertyDefinitionRepresentation.hxx /dn43/OCCT/tmp/results_28.02.2011/occt/release-sources-20110228/inc/Handle_StepRepr_StructuralResponsePropertyDefinitionRepresentation.hxx
+M StepRepr:pubinclude:StepRepr_StructuralResponsePropertyDefinitionRepresentation.hxx /dn43/OCCT/tmp/results_28.02.2011/occt/release-sources-20110228/inc/StepRepr_StructuralResponsePropertyDefinitionRepresentation.hxx
+M StepRepr:privinclude:StepRepr_StructuralResponsePropertyDefinitionRepresentation.jxx /dn43/OCCT/tmp/results_28.02.2011/occt/release-sources-20110228/drv/StepRepr/StepRepr_StructuralResponsePropertyDefinitionRepresentation.jxx
+M StepRepr:privinclude:StepRepr_StructuralResponsePropertyDefinitionRepresentation.ixx /dn43/OCCT/tmp/results_28.02.2011/occt/release-sources-20110228/drv/StepRepr/StepRepr_StructuralResponsePropertyDefinitionRepresentation.ixx
+M StepRepr:pubinclude:Handle_StepRepr_ReprItemAndLengthMeasureWithUnit.hxx /dn43/OCCT/tmp/results_28.02.2011/occt/release-sources-20110228/inc/Handle_StepRepr_ReprItemAndLengthMeasureWithUnit.hxx
+M StepRepr:pubinclude:StepRepr_ReprItemAndLengthMeasureWithUnit.hxx /dn43/OCCT/tmp/results_28.02.2011/occt/release-sources-20110228/inc/StepRepr_ReprItemAndLengthMeasureWithUnit.hxx
+M StepRepr:privinclude:StepRepr_ReprItemAndLengthMeasureWithUnit.jxx /dn43/OCCT/tmp/results_28.02.2011/occt/release-sources-20110228/drv/StepRepr/StepRepr_ReprItemAndLengthMeasureWithUnit.jxx
+M StepRepr:privinclude:StepRepr_ReprItemAndLengthMeasureWithUnit.ixx /dn43/OCCT/tmp/results_28.02.2011/occt/release-sources-20110228/drv/StepRepr/StepRepr_ReprItemAndLengthMeasureWithUnit.ixx
+M StepRepr:pubinclude:StepRepr_Array1OfPropertyDefinitionRepresentation.hxx /dn43/OCCT/tmp/results_28.02.2011/occt/release-sources-20110228/inc/StepRepr_Array1OfPropertyDefinitionRepresentation.hxx
+M StepRepr:derivated:StepRepr_Array1OfPropertyDefinitionRepresentation_0.cxx /dn43/OCCT/tmp/results_28.02.2011/occt/release-sources-20110228/drv/StepRepr/StepRepr_Array1OfPropertyDefinitionRepresentation_0.cxx
+M StepRepr:pubinclude:Handle_StepRepr_HArray1OfPropertyDefinitionRepresentation.hxx /dn43/OCCT/tmp/results_28.02.2011/occt/release-sources-20110228/inc/Handle_StepRepr_HArray1OfPropertyDefinitionRepresentation.hxx
+M StepRepr:pubinclude:StepRepr_HArray1OfPropertyDefinitionRepresentation.hxx /dn43/OCCT/tmp/results_28.02.2011/occt/release-sources-20110228/inc/StepRepr_HArray1OfPropertyDefinitionRepresentation.hxx
+M StepRepr:derivated:StepRepr_HArray1OfPropertyDefinitionRepresentation_0.cxx /dn43/OCCT/tmp/results_28.02.2011/occt/release-sources-20110228/drv/StepRepr/StepRepr_HArray1OfPropertyDefinitionRepresentation_0.cxx
+M StepRepr:pubinclude:StepRepr_Array1OfMaterialPropertyRepresentation.hxx /dn43/OCCT/tmp/results_28.02.2011/occt/release-sources-20110228/inc/StepRepr_Array1OfMaterialPropertyRepresentation.hxx
+M StepRepr:derivated:StepRepr_Array1OfMaterialPropertyRepresentation_0.cxx /dn43/OCCT/tmp/results_28.02.2011/occt/release-sources-20110228/drv/StepRepr/StepRepr_Array1OfMaterialPropertyRepresentation_0.cxx
+M StepRepr:pubinclude:Handle_StepRepr_HArray1OfMaterialPropertyRepresentation.hxx /dn43/OCCT/tmp/results_28.02.2011/occt/release-sources-20110228/inc/Handle_StepRepr_HArray1OfMaterialPropertyRepresentation.hxx
+M StepRepr:pubinclude:StepRepr_HArray1OfMaterialPropertyRepresentation.hxx /dn43/OCCT/tmp/results_28.02.2011/occt/release-sources-20110228/inc/StepRepr_HArray1OfMaterialPropertyRepresentation.hxx
+M StepRepr:derivated:StepRepr_HArray1OfMaterialPropertyRepresentation_0.cxx /dn43/OCCT/tmp/results_28.02.2011/occt/release-sources-20110228/drv/StepRepr/StepRepr_HArray1OfMaterialPropertyRepresentation_0.cxx
+M StepRepr:pubinclude:StepRepr_SequenceOfMaterialPropertyRepresentation.hxx /dn43/OCCT/tmp/results_28.02.2011/occt/release-sources-20110228/inc/StepRepr_SequenceOfMaterialPropertyRepresentation.hxx
+M StepRepr:derivated:StepRepr_SequenceOfMaterialPropertyRepresentation_0.cxx /dn43/OCCT/tmp/results_28.02.2011/occt/release-sources-20110228/drv/StepRepr/StepRepr_SequenceOfMaterialPropertyRepresentation_0.cxx
+M StepRepr:pubinclude:Handle_StepRepr_HSequenceOfMaterialPropertyRepresentation.hxx /dn43/OCCT/tmp/results_28.02.2011/occt/release-sources-20110228/inc/Handle_StepRepr_HSequenceOfMaterialPropertyRepresentation.hxx
+M StepRepr:pubinclude:StepRepr_HSequenceOfMaterialPropertyRepresentation.hxx /dn43/OCCT/tmp/results_28.02.2011/occt/release-sources-20110228/inc/StepRepr_HSequenceOfMaterialPropertyRepresentation.hxx
+M StepRepr:derivated:StepRepr_HSequenceOfMaterialPropertyRepresentation_0.cxx /dn43/OCCT/tmp/results_28.02.2011/occt/release-sources-20110228/drv/StepRepr/StepRepr_HSequenceOfMaterialPropertyRepresentation_0.cxx
+M StepRepr:pubinclude:StepRepr_SequenceOfRepresentationItem.hxx /dn43/OCCT/tmp/results_28.02.2011/occt/release-sources-20110228/inc/StepRepr_SequenceOfRepresentationItem.hxx
+M StepRepr:derivated:StepRepr_SequenceOfRepresentationItem_0.cxx /dn43/OCCT/tmp/results_28.02.2011/occt/release-sources-20110228/drv/StepRepr/StepRepr_SequenceOfRepresentationItem_0.cxx
+M StepRepr:pubinclude:Handle_StepRepr_HSequenceOfRepresentationItem.hxx /dn43/OCCT/tmp/results_28.02.2011/occt/release-sources-20110228/inc/Handle_StepRepr_HSequenceOfRepresentationItem.hxx
+M StepRepr:pubinclude:StepRepr_HSequenceOfRepresentationItem.hxx /dn43/OCCT/tmp/results_28.02.2011/occt/release-sources-20110228/inc/StepRepr_HSequenceOfRepresentationItem.hxx
+M StepRepr:derivated:StepRepr_HSequenceOfRepresentationItem_0.cxx /dn43/OCCT/tmp/results_28.02.2011/occt/release-sources-20110228/drv/StepRepr/StepRepr_HSequenceOfRepresentationItem_0.cxx
+M StepRepr:pubinclude:Handle_StepRepr_SequenceNodeOfSequenceOfMaterialPropertyRepresentation.hxx /dn43/OCCT/tmp/results_28.02.2011/occt/release-sources-20110228/inc/Handle_StepRepr_SequenceNodeOfSequenceOfMaterialPropertyRepresentation.hxx
+M StepRepr:pubinclude:StepRepr_SequenceNodeOfSequenceOfMaterialPropertyRepresentation.hxx /dn43/OCCT/tmp/results_28.02.2011/occt/release-sources-20110228/inc/StepRepr_SequenceNodeOfSequenceOfMaterialPropertyRepresentation.hxx
+M StepRepr:derivated:StepRepr_SequenceNodeOfSequenceOfMaterialPropertyRepresentation_0.cxx /dn43/OCCT/tmp/results_28.02.2011/occt/release-sources-20110228/drv/StepRepr/StepRepr_SequenceNodeOfSequenceOfMaterialPropertyRepresentation_0.cxx
+M StepRepr:pubinclude:Handle_StepRepr_SequenceNodeOfSequenceOfRepresentationItem.hxx /dn43/OCCT/tmp/results_28.02.2011/occt/release-sources-20110228/inc/Handle_StepRepr_SequenceNodeOfSequenceOfRepresentationItem.hxx
+M StepRepr:pubinclude:StepRepr_SequenceNodeOfSequenceOfRepresentationItem.hxx /dn43/OCCT/tmp/results_28.02.2011/occt/release-sources-20110228/inc/StepRepr_SequenceNodeOfSequenceOfRepresentationItem.hxx
+M StepRepr:derivated:StepRepr_SequenceNodeOfSequenceOfRepresentationItem_0.cxx /dn43/OCCT/tmp/results_28.02.2011/occt/release-sources-20110228/drv/StepRepr/StepRepr_SequenceNodeOfSequenceOfRepresentationItem_0.cxx
+M StepRepr:dbadmfile:StepRepr_xcpp_header.In /dn43/OCCT/tmp/results_28.02.2011/occt/release-sources-20110228/drv/StepRepr/.adm/StepRepr_xcpp_header.In
+M StepRepr:dbadmfile:StepRepr_xcpp_header.Out /dn43/OCCT/tmp/results_28.02.2011/occt/release-sources-20110228/drv/StepRepr/.adm/StepRepr_xcpp_header.Out
+M StepRepr:dbadmfile:StepRepr_xcpp_header.Dep /dn43/OCCT/tmp/results_28.02.2011/occt/release-sources-20110228/drv/StepRepr/.adm/StepRepr_xcpp_header.Dep
