+M AIS:pubinclude:AIS.hxx /dn43/OCCT/tmp/results_31.05.2011/occt/release-sources-20110531/inc/AIS.hxx
+M AIS:privinclude:AIS.jxx /dn43/OCCT/tmp/results_31.05.2011/occt/release-sources-20110531/drv/AIS/AIS.jxx
+M AIS:privinclude:AIS.ixx /dn43/OCCT/tmp/results_31.05.2011/occt/release-sources-20110531/drv/AIS/AIS.ixx
+M AIS:pubinclude:Handle_AIS_Triangulation.hxx /dn43/OCCT/tmp/results_31.05.2011/occt/release-sources-20110531/inc/Handle_AIS_Triangulation.hxx
+M AIS:pubinclude:AIS_Triangulation.hxx /dn43/OCCT/tmp/results_31.05.2011/occt/release-sources-20110531/inc/AIS_Triangulation.hxx
+M AIS:privinclude:AIS_Triangulation.jxx /dn43/OCCT/tmp/results_31.05.2011/occt/release-sources-20110531/drv/AIS/AIS_Triangulation.jxx
+M AIS:privinclude:AIS_Triangulation.ixx /dn43/OCCT/tmp/results_31.05.2011/occt/release-sources-20110531/drv/AIS/AIS_Triangulation.ixx
+M AIS:pubinclude:Handle_AIS_TexturedShape.hxx /dn43/OCCT/tmp/results_31.05.2011/occt/release-sources-20110531/inc/Handle_AIS_TexturedShape.hxx
+M AIS:pubinclude:AIS_TexturedShape.hxx /dn43/OCCT/tmp/results_31.05.2011/occt/release-sources-20110531/inc/AIS_TexturedShape.hxx
+M AIS:privinclude:AIS_TexturedShape.jxx /dn43/OCCT/tmp/results_31.05.2011/occt/release-sources-20110531/drv/AIS/AIS_TexturedShape.jxx
+M AIS:privinclude:AIS_TexturedShape.ixx /dn43/OCCT/tmp/results_31.05.2011/occt/release-sources-20110531/drv/AIS/AIS_TexturedShape.ixx
+M AIS:pubinclude:Handle_AIS_Drawer.hxx /dn43/OCCT/tmp/results_31.05.2011/occt/release-sources-20110531/inc/Handle_AIS_Drawer.hxx
+M AIS:pubinclude:AIS_Drawer.hxx /dn43/OCCT/tmp/results_31.05.2011/occt/release-sources-20110531/inc/AIS_Drawer.hxx
+M AIS:privinclude:AIS_Drawer.jxx /dn43/OCCT/tmp/results_31.05.2011/occt/release-sources-20110531/drv/AIS/AIS_Drawer.jxx
+M AIS:privinclude:AIS_Drawer.ixx /dn43/OCCT/tmp/results_31.05.2011/occt/release-sources-20110531/drv/AIS/AIS_Drawer.ixx
+M AIS:pubinclude:Handle_AIS_InteractiveContext.hxx /dn43/OCCT/tmp/results_31.05.2011/occt/release-sources-20110531/inc/Handle_AIS_InteractiveContext.hxx
+M AIS:pubinclude:AIS_InteractiveContext.hxx /dn43/OCCT/tmp/results_31.05.2011/occt/release-sources-20110531/inc/AIS_InteractiveContext.hxx
+M AIS:privinclude:AIS_InteractiveContext.jxx /dn43/OCCT/tmp/results_31.05.2011/occt/release-sources-20110531/drv/AIS/AIS_InteractiveContext.jxx
+M AIS:privinclude:AIS_InteractiveContext.ixx /dn43/OCCT/tmp/results_31.05.2011/occt/release-sources-20110531/drv/AIS/AIS_InteractiveContext.ixx
+M AIS:pubinclude:AIS_GraphicTool.hxx /dn43/OCCT/tmp/results_31.05.2011/occt/release-sources-20110531/inc/AIS_GraphicTool.hxx
+M AIS:privinclude:AIS_GraphicTool.jxx /dn43/OCCT/tmp/results_31.05.2011/occt/release-sources-20110531/drv/AIS/AIS_GraphicTool.jxx
+M AIS:privinclude:AIS_GraphicTool.ixx /dn43/OCCT/tmp/results_31.05.2011/occt/release-sources-20110531/drv/AIS/AIS_GraphicTool.ixx
+M AIS:pubinclude:Handle_AIS_LocalContext.hxx /dn43/OCCT/tmp/results_31.05.2011/occt/release-sources-20110531/inc/Handle_AIS_LocalContext.hxx
+M AIS:pubinclude:AIS_LocalContext.hxx /dn43/OCCT/tmp/results_31.05.2011/occt/release-sources-20110531/inc/AIS_LocalContext.hxx
+M AIS:privinclude:AIS_LocalContext.jxx /dn43/OCCT/tmp/results_31.05.2011/occt/release-sources-20110531/drv/AIS/AIS_LocalContext.jxx
+M AIS:privinclude:AIS_LocalContext.ixx /dn43/OCCT/tmp/results_31.05.2011/occt/release-sources-20110531/drv/AIS/AIS_LocalContext.ixx
+M AIS:pubinclude:Handle_AIS_LocalStatus.hxx /dn43/OCCT/tmp/results_31.05.2011/occt/release-sources-20110531/inc/Handle_AIS_LocalStatus.hxx
+M AIS:pubinclude:AIS_LocalStatus.hxx /dn43/OCCT/tmp/results_31.05.2011/occt/release-sources-20110531/inc/AIS_LocalStatus.hxx
+M AIS:privinclude:AIS_LocalStatus.jxx /dn43/OCCT/tmp/results_31.05.2011/occt/release-sources-20110531/drv/AIS/AIS_LocalStatus.jxx
+M AIS:privinclude:AIS_LocalStatus.ixx /dn43/OCCT/tmp/results_31.05.2011/occt/release-sources-20110531/drv/AIS/AIS_LocalStatus.ixx
+M AIS:pubinclude:Handle_AIS_GlobalStatus.hxx /dn43/OCCT/tmp/results_31.05.2011/occt/release-sources-20110531/inc/Handle_AIS_GlobalStatus.hxx
+M AIS:pubinclude:AIS_GlobalStatus.hxx /dn43/OCCT/tmp/results_31.05.2011/occt/release-sources-20110531/inc/AIS_GlobalStatus.hxx
+M AIS:privinclude:AIS_GlobalStatus.jxx /dn43/OCCT/tmp/results_31.05.2011/occt/release-sources-20110531/drv/AIS/AIS_GlobalStatus.jxx
+M AIS:privinclude:AIS_GlobalStatus.ixx /dn43/OCCT/tmp/results_31.05.2011/occt/release-sources-20110531/drv/AIS/AIS_GlobalStatus.ixx
+M AIS:pubinclude:Handle_AIS_InteractiveObject.hxx /dn43/OCCT/tmp/results_31.05.2011/occt/release-sources-20110531/inc/Handle_AIS_InteractiveObject.hxx
+M AIS:pubinclude:AIS_InteractiveObject.hxx /dn43/OCCT/tmp/results_31.05.2011/occt/release-sources-20110531/inc/AIS_InteractiveObject.hxx
+M AIS:privinclude:AIS_InteractiveObject.jxx /dn43/OCCT/tmp/results_31.05.2011/occt/release-sources-20110531/drv/AIS/AIS_InteractiveObject.jxx
+M AIS:privinclude:AIS_InteractiveObject.ixx /dn43/OCCT/tmp/results_31.05.2011/occt/release-sources-20110531/drv/AIS/AIS_InteractiveObject.ixx
+M AIS:pubinclude:Handle_AIS_Point.hxx /dn43/OCCT/tmp/results_31.05.2011/occt/release-sources-20110531/inc/Handle_AIS_Point.hxx
+M AIS:pubinclude:AIS_Point.hxx /dn43/OCCT/tmp/results_31.05.2011/occt/release-sources-20110531/inc/AIS_Point.hxx
+M AIS:privinclude:AIS_Point.jxx /dn43/OCCT/tmp/results_31.05.2011/occt/release-sources-20110531/drv/AIS/AIS_Point.jxx
+M AIS:privinclude:AIS_Point.ixx /dn43/OCCT/tmp/results_31.05.2011/occt/release-sources-20110531/drv/AIS/AIS_Point.ixx
+M AIS:pubinclude:Handle_AIS_Axis.hxx /dn43/OCCT/tmp/results_31.05.2011/occt/release-sources-20110531/inc/Handle_AIS_Axis.hxx
+M AIS:pubinclude:AIS_Axis.hxx /dn43/OCCT/tmp/results_31.05.2011/occt/release-sources-20110531/inc/AIS_Axis.hxx
+M AIS:privinclude:AIS_Axis.jxx /dn43/OCCT/tmp/results_31.05.2011/occt/release-sources-20110531/drv/AIS/AIS_Axis.jxx
+M AIS:privinclude:AIS_Axis.ixx /dn43/OCCT/tmp/results_31.05.2011/occt/release-sources-20110531/drv/AIS/AIS_Axis.ixx
+M AIS:pubinclude:Handle_AIS_Trihedron.hxx /dn43/OCCT/tmp/results_31.05.2011/occt/release-sources-20110531/inc/Handle_AIS_Trihedron.hxx
+M AIS:pubinclude:AIS_Trihedron.hxx /dn43/OCCT/tmp/results_31.05.2011/occt/release-sources-20110531/inc/AIS_Trihedron.hxx
+M AIS:privinclude:AIS_Trihedron.jxx /dn43/OCCT/tmp/results_31.05.2011/occt/release-sources-20110531/drv/AIS/AIS_Trihedron.jxx
+M AIS:privinclude:AIS_Trihedron.ixx /dn43/OCCT/tmp/results_31.05.2011/occt/release-sources-20110531/drv/AIS/AIS_Trihedron.ixx
+M AIS:pubinclude:Handle_AIS_PlaneTrihedron.hxx /dn43/OCCT/tmp/results_31.05.2011/occt/release-sources-20110531/inc/Handle_AIS_PlaneTrihedron.hxx
+M AIS:pubinclude:AIS_PlaneTrihedron.hxx /dn43/OCCT/tmp/results_31.05.2011/occt/release-sources-20110531/inc/AIS_PlaneTrihedron.hxx
+M AIS:privinclude:AIS_PlaneTrihedron.jxx /dn43/OCCT/tmp/results_31.05.2011/occt/release-sources-20110531/drv/AIS/AIS_PlaneTrihedron.jxx
+M AIS:privinclude:AIS_PlaneTrihedron.ixx /dn43/OCCT/tmp/results_31.05.2011/occt/release-sources-20110531/drv/AIS/AIS_PlaneTrihedron.ixx
+M AIS:pubinclude:Handle_AIS_Line.hxx /dn43/OCCT/tmp/results_31.05.2011/occt/release-sources-20110531/inc/Handle_AIS_Line.hxx
+M AIS:pubinclude:AIS_Line.hxx /dn43/OCCT/tmp/results_31.05.2011/occt/release-sources-20110531/inc/AIS_Line.hxx
+M AIS:privinclude:AIS_Line.jxx /dn43/OCCT/tmp/results_31.05.2011/occt/release-sources-20110531/drv/AIS/AIS_Line.jxx
+M AIS:privinclude:AIS_Line.ixx /dn43/OCCT/tmp/results_31.05.2011/occt/release-sources-20110531/drv/AIS/AIS_Line.ixx
+M AIS:pubinclude:Handle_AIS_Circle.hxx /dn43/OCCT/tmp/results_31.05.2011/occt/release-sources-20110531/inc/Handle_AIS_Circle.hxx
+M AIS:pubinclude:AIS_Circle.hxx /dn43/OCCT/tmp/results_31.05.2011/occt/release-sources-20110531/inc/AIS_Circle.hxx
+M AIS:privinclude:AIS_Circle.jxx /dn43/OCCT/tmp/results_31.05.2011/occt/release-sources-20110531/drv/AIS/AIS_Circle.jxx
+M AIS:privinclude:AIS_Circle.ixx /dn43/OCCT/tmp/results_31.05.2011/occt/release-sources-20110531/drv/AIS/AIS_Circle.ixx
+M AIS:pubinclude:Handle_AIS_Plane.hxx /dn43/OCCT/tmp/results_31.05.2011/occt/release-sources-20110531/inc/Handle_AIS_Plane.hxx
+M AIS:pubinclude:AIS_Plane.hxx /dn43/OCCT/tmp/results_31.05.2011/occt/release-sources-20110531/inc/AIS_Plane.hxx
+M AIS:privinclude:AIS_Plane.jxx /dn43/OCCT/tmp/results_31.05.2011/occt/release-sources-20110531/drv/AIS/AIS_Plane.jxx
+M AIS:privinclude:AIS_Plane.ixx /dn43/OCCT/tmp/results_31.05.2011/occt/release-sources-20110531/drv/AIS/AIS_Plane.ixx
+M AIS:pubinclude:Handle_AIS_Shape.hxx /dn43/OCCT/tmp/results_31.05.2011/occt/release-sources-20110531/inc/Handle_AIS_Shape.hxx
+M AIS:pubinclude:AIS_Shape.hxx /dn43/OCCT/tmp/results_31.05.2011/occt/release-sources-20110531/inc/AIS_Shape.hxx
+M AIS:privinclude:AIS_Shape.jxx /dn43/OCCT/tmp/results_31.05.2011/occt/release-sources-20110531/drv/AIS/AIS_Shape.jxx
+M AIS:privinclude:AIS_Shape.ixx /dn43/OCCT/tmp/results_31.05.2011/occt/release-sources-20110531/drv/AIS/AIS_Shape.ixx
+M AIS:pubinclude:Handle_AIS_ConnectedShape.hxx /dn43/OCCT/tmp/results_31.05.2011/occt/release-sources-20110531/inc/Handle_AIS_ConnectedShape.hxx
+M AIS:pubinclude:AIS_ConnectedShape.hxx /dn43/OCCT/tmp/results_31.05.2011/occt/release-sources-20110531/inc/AIS_ConnectedShape.hxx
+M AIS:privinclude:AIS_ConnectedShape.jxx /dn43/OCCT/tmp/results_31.05.2011/occt/release-sources-20110531/drv/AIS/AIS_ConnectedShape.jxx
+M AIS:privinclude:AIS_ConnectedShape.ixx /dn43/OCCT/tmp/results_31.05.2011/occt/release-sources-20110531/drv/AIS/AIS_ConnectedShape.ixx
+M AIS:pubinclude:Handle_AIS_MultipleConnectedShape.hxx /dn43/OCCT/tmp/results_31.05.2011/occt/release-sources-20110531/inc/Handle_AIS_MultipleConnectedShape.hxx
+M AIS:pubinclude:AIS_MultipleConnectedShape.hxx /dn43/OCCT/tmp/results_31.05.2011/occt/release-sources-20110531/inc/AIS_MultipleConnectedShape.hxx
+M AIS:privinclude:AIS_MultipleConnectedShape.jxx /dn43/OCCT/tmp/results_31.05.2011/occt/release-sources-20110531/drv/AIS/AIS_MultipleConnectedShape.jxx
+M AIS:privinclude:AIS_MultipleConnectedShape.ixx /dn43/OCCT/tmp/results_31.05.2011/occt/release-sources-20110531/drv/AIS/AIS_MultipleConnectedShape.ixx
+M AIS:pubinclude:Handle_AIS_ConnectedInteractive.hxx /dn43/OCCT/tmp/results_31.05.2011/occt/release-sources-20110531/inc/Handle_AIS_ConnectedInteractive.hxx
+M AIS:pubinclude:AIS_ConnectedInteractive.hxx /dn43/OCCT/tmp/results_31.05.2011/occt/release-sources-20110531/inc/AIS_ConnectedInteractive.hxx
+M AIS:privinclude:AIS_ConnectedInteractive.jxx /dn43/OCCT/tmp/results_31.05.2011/occt/release-sources-20110531/drv/AIS/AIS_ConnectedInteractive.jxx
+M AIS:privinclude:AIS_ConnectedInteractive.ixx /dn43/OCCT/tmp/results_31.05.2011/occt/release-sources-20110531/drv/AIS/AIS_ConnectedInteractive.ixx
+M AIS:pubinclude:Handle_AIS_MultipleConnectedInteractive.hxx /dn43/OCCT/tmp/results_31.05.2011/occt/release-sources-20110531/inc/Handle_AIS_MultipleConnectedInteractive.hxx
+M AIS:pubinclude:AIS_MultipleConnectedInteractive.hxx /dn43/OCCT/tmp/results_31.05.2011/occt/release-sources-20110531/inc/AIS_MultipleConnectedInteractive.hxx
+M AIS:privinclude:AIS_MultipleConnectedInteractive.jxx /dn43/OCCT/tmp/results_31.05.2011/occt/release-sources-20110531/drv/AIS/AIS_MultipleConnectedInteractive.jxx
+M AIS:privinclude:AIS_MultipleConnectedInteractive.ixx /dn43/OCCT/tmp/results_31.05.2011/occt/release-sources-20110531/drv/AIS/AIS_MultipleConnectedInteractive.ixx
+M AIS:pubinclude:Handle_AIS_DimensionOwner.hxx /dn43/OCCT/tmp/results_31.05.2011/occt/release-sources-20110531/inc/Handle_AIS_DimensionOwner.hxx
+M AIS:pubinclude:AIS_DimensionOwner.hxx /dn43/OCCT/tmp/results_31.05.2011/occt/release-sources-20110531/inc/AIS_DimensionOwner.hxx
+M AIS:privinclude:AIS_DimensionOwner.jxx /dn43/OCCT/tmp/results_31.05.2011/occt/release-sources-20110531/drv/AIS/AIS_DimensionOwner.jxx
+M AIS:privinclude:AIS_DimensionOwner.ixx /dn43/OCCT/tmp/results_31.05.2011/occt/release-sources-20110531/drv/AIS/AIS_DimensionOwner.ixx
+M AIS:pubinclude:Handle_AIS_Relation.hxx /dn43/OCCT/tmp/results_31.05.2011/occt/release-sources-20110531/inc/Handle_AIS_Relation.hxx
+M AIS:pubinclude:AIS_Relation.hxx /dn43/OCCT/tmp/results_31.05.2011/occt/release-sources-20110531/inc/AIS_Relation.hxx
+M AIS:privinclude:AIS_Relation.jxx /dn43/OCCT/tmp/results_31.05.2011/occt/release-sources-20110531/drv/AIS/AIS_Relation.jxx
+M AIS:privinclude:AIS_Relation.ixx /dn43/OCCT/tmp/results_31.05.2011/occt/release-sources-20110531/drv/AIS/AIS_Relation.ixx
+M AIS:pubinclude:Handle_AIS_EllipseRadiusDimension.hxx /dn43/OCCT/tmp/results_31.05.2011/occt/release-sources-20110531/inc/Handle_AIS_EllipseRadiusDimension.hxx
+M AIS:pubinclude:AIS_EllipseRadiusDimension.hxx /dn43/OCCT/tmp/results_31.05.2011/occt/release-sources-20110531/inc/AIS_EllipseRadiusDimension.hxx
+M AIS:privinclude:AIS_EllipseRadiusDimension.jxx /dn43/OCCT/tmp/results_31.05.2011/occt/release-sources-20110531/drv/AIS/AIS_EllipseRadiusDimension.jxx
+M AIS:privinclude:AIS_EllipseRadiusDimension.ixx /dn43/OCCT/tmp/results_31.05.2011/occt/release-sources-20110531/drv/AIS/AIS_EllipseRadiusDimension.ixx
+M AIS:pubinclude:Handle_AIS_MaxRadiusDimension.hxx /dn43/OCCT/tmp/results_31.05.2011/occt/release-sources-20110531/inc/Handle_AIS_MaxRadiusDimension.hxx
+M AIS:pubinclude:AIS_MaxRadiusDimension.hxx /dn43/OCCT/tmp/results_31.05.2011/occt/release-sources-20110531/inc/AIS_MaxRadiusDimension.hxx
+M AIS:privinclude:AIS_MaxRadiusDimension.jxx /dn43/OCCT/tmp/results_31.05.2011/occt/release-sources-20110531/drv/AIS/AIS_MaxRadiusDimension.jxx
+M AIS:privinclude:AIS_MaxRadiusDimension.ixx /dn43/OCCT/tmp/results_31.05.2011/occt/release-sources-20110531/drv/AIS/AIS_MaxRadiusDimension.ixx
+M AIS:pubinclude:Handle_AIS_MinRadiusDimension.hxx /dn43/OCCT/tmp/results_31.05.2011/occt/release-sources-20110531/inc/Handle_AIS_MinRadiusDimension.hxx
+M AIS:pubinclude:AIS_MinRadiusDimension.hxx /dn43/OCCT/tmp/results_31.05.2011/occt/release-sources-20110531/inc/AIS_MinRadiusDimension.hxx
+M AIS:privinclude:AIS_MinRadiusDimension.jxx /dn43/OCCT/tmp/results_31.05.2011/occt/release-sources-20110531/drv/AIS/AIS_MinRadiusDimension.jxx
+M AIS:privinclude:AIS_MinRadiusDimension.ixx /dn43/OCCT/tmp/results_31.05.2011/occt/release-sources-20110531/drv/AIS/AIS_MinRadiusDimension.ixx
+M AIS:pubinclude:Handle_AIS_LengthDimension.hxx /dn43/OCCT/tmp/results_31.05.2011/occt/release-sources-20110531/inc/Handle_AIS_LengthDimension.hxx
+M AIS:pubinclude:AIS_LengthDimension.hxx /dn43/OCCT/tmp/results_31.05.2011/occt/release-sources-20110531/inc/AIS_LengthDimension.hxx
+M AIS:privinclude:AIS_LengthDimension.jxx /dn43/OCCT/tmp/results_31.05.2011/occt/release-sources-20110531/drv/AIS/AIS_LengthDimension.jxx
+M AIS:privinclude:AIS_LengthDimension.ixx /dn43/OCCT/tmp/results_31.05.2011/occt/release-sources-20110531/drv/AIS/AIS_LengthDimension.ixx
+M AIS:pubinclude:Handle_AIS_AngleDimension.hxx /dn43/OCCT/tmp/results_31.05.2011/occt/release-sources-20110531/inc/Handle_AIS_AngleDimension.hxx
+M AIS:pubinclude:AIS_AngleDimension.hxx /dn43/OCCT/tmp/results_31.05.2011/occt/release-sources-20110531/inc/AIS_AngleDimension.hxx
+M AIS:privinclude:AIS_AngleDimension.jxx /dn43/OCCT/tmp/results_31.05.2011/occt/release-sources-20110531/drv/AIS/AIS_AngleDimension.jxx
+M AIS:privinclude:AIS_AngleDimension.ixx /dn43/OCCT/tmp/results_31.05.2011/occt/release-sources-20110531/drv/AIS/AIS_AngleDimension.ixx
+M AIS:pubinclude:Handle_AIS_RadiusDimension.hxx /dn43/OCCT/tmp/results_31.05.2011/occt/release-sources-20110531/inc/Handle_AIS_RadiusDimension.hxx
+M AIS:pubinclude:AIS_RadiusDimension.hxx /dn43/OCCT/tmp/results_31.05.2011/occt/release-sources-20110531/inc/AIS_RadiusDimension.hxx
+M AIS:privinclude:AIS_RadiusDimension.jxx /dn43/OCCT/tmp/results_31.05.2011/occt/release-sources-20110531/drv/AIS/AIS_RadiusDimension.jxx
+M AIS:privinclude:AIS_RadiusDimension.ixx /dn43/OCCT/tmp/results_31.05.2011/occt/release-sources-20110531/drv/AIS/AIS_RadiusDimension.ixx
+M AIS:pubinclude:Handle_AIS_DiameterDimension.hxx /dn43/OCCT/tmp/results_31.05.2011/occt/release-sources-20110531/inc/Handle_AIS_DiameterDimension.hxx
+M AIS:pubinclude:AIS_DiameterDimension.hxx /dn43/OCCT/tmp/results_31.05.2011/occt/release-sources-20110531/inc/AIS_DiameterDimension.hxx
+M AIS:privinclude:AIS_DiameterDimension.jxx /dn43/OCCT/tmp/results_31.05.2011/occt/release-sources-20110531/drv/AIS/AIS_DiameterDimension.jxx
+M AIS:privinclude:AIS_DiameterDimension.ixx /dn43/OCCT/tmp/results_31.05.2011/occt/release-sources-20110531/drv/AIS/AIS_DiameterDimension.ixx
+M AIS:pubinclude:Handle_AIS_Chamf2dDimension.hxx /dn43/OCCT/tmp/results_31.05.2011/occt/release-sources-20110531/inc/Handle_AIS_Chamf2dDimension.hxx
+M AIS:pubinclude:AIS_Chamf2dDimension.hxx /dn43/OCCT/tmp/results_31.05.2011/occt/release-sources-20110531/inc/AIS_Chamf2dDimension.hxx
+M AIS:privinclude:AIS_Chamf2dDimension.jxx /dn43/OCCT/tmp/results_31.05.2011/occt/release-sources-20110531/drv/AIS/AIS_Chamf2dDimension.jxx
+M AIS:privinclude:AIS_Chamf2dDimension.ixx /dn43/OCCT/tmp/results_31.05.2011/occt/release-sources-20110531/drv/AIS/AIS_Chamf2dDimension.ixx
+M AIS:pubinclude:Handle_AIS_Chamf3dDimension.hxx /dn43/OCCT/tmp/results_31.05.2011/occt/release-sources-20110531/inc/Handle_AIS_Chamf3dDimension.hxx
+M AIS:pubinclude:AIS_Chamf3dDimension.hxx /dn43/OCCT/tmp/results_31.05.2011/occt/release-sources-20110531/inc/AIS_Chamf3dDimension.hxx
+M AIS:privinclude:AIS_Chamf3dDimension.jxx /dn43/OCCT/tmp/results_31.05.2011/occt/release-sources-20110531/drv/AIS/AIS_Chamf3dDimension.jxx
+M AIS:privinclude:AIS_Chamf3dDimension.ixx /dn43/OCCT/tmp/results_31.05.2011/occt/release-sources-20110531/drv/AIS/AIS_Chamf3dDimension.ixx
+M AIS:pubinclude:Handle_AIS_OffsetDimension.hxx /dn43/OCCT/tmp/results_31.05.2011/occt/release-sources-20110531/inc/Handle_AIS_OffsetDimension.hxx
+M AIS:pubinclude:AIS_OffsetDimension.hxx /dn43/OCCT/tmp/results_31.05.2011/occt/release-sources-20110531/inc/AIS_OffsetDimension.hxx
+M AIS:privinclude:AIS_OffsetDimension.jxx /dn43/OCCT/tmp/results_31.05.2011/occt/release-sources-20110531/drv/AIS/AIS_OffsetDimension.jxx
+M AIS:privinclude:AIS_OffsetDimension.ixx /dn43/OCCT/tmp/results_31.05.2011/occt/release-sources-20110531/drv/AIS/AIS_OffsetDimension.ixx
+M AIS:pubinclude:Handle_AIS_FixRelation.hxx /dn43/OCCT/tmp/results_31.05.2011/occt/release-sources-20110531/inc/Handle_AIS_FixRelation.hxx
+M AIS:pubinclude:AIS_FixRelation.hxx /dn43/OCCT/tmp/results_31.05.2011/occt/release-sources-20110531/inc/AIS_FixRelation.hxx
+M AIS:privinclude:AIS_FixRelation.jxx /dn43/OCCT/tmp/results_31.05.2011/occt/release-sources-20110531/drv/AIS/AIS_FixRelation.jxx
+M AIS:privinclude:AIS_FixRelation.ixx /dn43/OCCT/tmp/results_31.05.2011/occt/release-sources-20110531/drv/AIS/AIS_FixRelation.ixx
+M AIS:pubinclude:Handle_AIS_PerpendicularRelation.hxx /dn43/OCCT/tmp/results_31.05.2011/occt/release-sources-20110531/inc/Handle_AIS_PerpendicularRelation.hxx
+M AIS:pubinclude:AIS_PerpendicularRelation.hxx /dn43/OCCT/tmp/results_31.05.2011/occt/release-sources-20110531/inc/AIS_PerpendicularRelation.hxx
+M AIS:privinclude:AIS_PerpendicularRelation.jxx /dn43/OCCT/tmp/results_31.05.2011/occt/release-sources-20110531/drv/AIS/AIS_PerpendicularRelation.jxx
+M AIS:privinclude:AIS_PerpendicularRelation.ixx /dn43/OCCT/tmp/results_31.05.2011/occt/release-sources-20110531/drv/AIS/AIS_PerpendicularRelation.ixx
+M AIS:pubinclude:Handle_AIS_ParallelRelation.hxx /dn43/OCCT/tmp/results_31.05.2011/occt/release-sources-20110531/inc/Handle_AIS_ParallelRelation.hxx
+M AIS:pubinclude:AIS_ParallelRelation.hxx /dn43/OCCT/tmp/results_31.05.2011/occt/release-sources-20110531/inc/AIS_ParallelRelation.hxx
+M AIS:privinclude:AIS_ParallelRelation.jxx /dn43/OCCT/tmp/results_31.05.2011/occt/release-sources-20110531/drv/AIS/AIS_ParallelRelation.jxx
+M AIS:privinclude:AIS_ParallelRelation.ixx /dn43/OCCT/tmp/results_31.05.2011/occt/release-sources-20110531/drv/AIS/AIS_ParallelRelation.ixx
+M AIS:pubinclude:Handle_AIS_TangentRelation.hxx /dn43/OCCT/tmp/results_31.05.2011/occt/release-sources-20110531/inc/Handle_AIS_TangentRelation.hxx
+M AIS:pubinclude:AIS_TangentRelation.hxx /dn43/OCCT/tmp/results_31.05.2011/occt/release-sources-20110531/inc/AIS_TangentRelation.hxx
+M AIS:privinclude:AIS_TangentRelation.jxx /dn43/OCCT/tmp/results_31.05.2011/occt/release-sources-20110531/drv/AIS/AIS_TangentRelation.jxx
+M AIS:privinclude:AIS_TangentRelation.ixx /dn43/OCCT/tmp/results_31.05.2011/occt/release-sources-20110531/drv/AIS/AIS_TangentRelation.ixx
+M AIS:pubinclude:Handle_AIS_ConcentricRelation.hxx /dn43/OCCT/tmp/results_31.05.2011/occt/release-sources-20110531/inc/Handle_AIS_ConcentricRelation.hxx
+M AIS:pubinclude:AIS_ConcentricRelation.hxx /dn43/OCCT/tmp/results_31.05.2011/occt/release-sources-20110531/inc/AIS_ConcentricRelation.hxx
+M AIS:privinclude:AIS_ConcentricRelation.jxx /dn43/OCCT/tmp/results_31.05.2011/occt/release-sources-20110531/drv/AIS/AIS_ConcentricRelation.jxx
+M AIS:privinclude:AIS_ConcentricRelation.ixx /dn43/OCCT/tmp/results_31.05.2011/occt/release-sources-20110531/drv/AIS/AIS_ConcentricRelation.ixx
+M AIS:pubinclude:Handle_AIS_IdenticRelation.hxx /dn43/OCCT/tmp/results_31.05.2011/occt/release-sources-20110531/inc/Handle_AIS_IdenticRelation.hxx
+M AIS:pubinclude:AIS_IdenticRelation.hxx /dn43/OCCT/tmp/results_31.05.2011/occt/release-sources-20110531/inc/AIS_IdenticRelation.hxx
+M AIS:privinclude:AIS_IdenticRelation.jxx /dn43/OCCT/tmp/results_31.05.2011/occt/release-sources-20110531/drv/AIS/AIS_IdenticRelation.jxx
+M AIS:privinclude:AIS_IdenticRelation.ixx /dn43/OCCT/tmp/results_31.05.2011/occt/release-sources-20110531/drv/AIS/AIS_IdenticRelation.ixx
+M AIS:pubinclude:Handle_AIS_SymmetricRelation.hxx /dn43/OCCT/tmp/results_31.05.2011/occt/release-sources-20110531/inc/Handle_AIS_SymmetricRelation.hxx
+M AIS:pubinclude:AIS_SymmetricRelation.hxx /dn43/OCCT/tmp/results_31.05.2011/occt/release-sources-20110531/inc/AIS_SymmetricRelation.hxx
+M AIS:privinclude:AIS_SymmetricRelation.jxx /dn43/OCCT/tmp/results_31.05.2011/occt/release-sources-20110531/drv/AIS/AIS_SymmetricRelation.jxx
+M AIS:privinclude:AIS_SymmetricRelation.ixx /dn43/OCCT/tmp/results_31.05.2011/occt/release-sources-20110531/drv/AIS/AIS_SymmetricRelation.ixx
+M AIS:pubinclude:Handle_AIS_MidPointRelation.hxx /dn43/OCCT/tmp/results_31.05.2011/occt/release-sources-20110531/inc/Handle_AIS_MidPointRelation.hxx
+M AIS:pubinclude:AIS_MidPointRelation.hxx /dn43/OCCT/tmp/results_31.05.2011/occt/release-sources-20110531/inc/AIS_MidPointRelation.hxx
+M AIS:privinclude:AIS_MidPointRelation.jxx /dn43/OCCT/tmp/results_31.05.2011/occt/release-sources-20110531/drv/AIS/AIS_MidPointRelation.jxx
+M AIS:privinclude:AIS_MidPointRelation.ixx /dn43/OCCT/tmp/results_31.05.2011/occt/release-sources-20110531/drv/AIS/AIS_MidPointRelation.ixx
+M AIS:pubinclude:Handle_AIS_EqualRadiusRelation.hxx /dn43/OCCT/tmp/results_31.05.2011/occt/release-sources-20110531/inc/Handle_AIS_EqualRadiusRelation.hxx
+M AIS:pubinclude:AIS_EqualRadiusRelation.hxx /dn43/OCCT/tmp/results_31.05.2011/occt/release-sources-20110531/inc/AIS_EqualRadiusRelation.hxx
+M AIS:privinclude:AIS_EqualRadiusRelation.jxx /dn43/OCCT/tmp/results_31.05.2011/occt/release-sources-20110531/drv/AIS/AIS_EqualRadiusRelation.jxx
+M AIS:privinclude:AIS_EqualRadiusRelation.ixx /dn43/OCCT/tmp/results_31.05.2011/occt/release-sources-20110531/drv/AIS/AIS_EqualRadiusRelation.ixx
+M AIS:pubinclude:Handle_AIS_EqualDistanceRelation.hxx /dn43/OCCT/tmp/results_31.05.2011/occt/release-sources-20110531/inc/Handle_AIS_EqualDistanceRelation.hxx
+M AIS:pubinclude:AIS_EqualDistanceRelation.hxx /dn43/OCCT/tmp/results_31.05.2011/occt/release-sources-20110531/inc/AIS_EqualDistanceRelation.hxx
+M AIS:privinclude:AIS_EqualDistanceRelation.jxx /dn43/OCCT/tmp/results_31.05.2011/occt/release-sources-20110531/drv/AIS/AIS_EqualDistanceRelation.jxx
+M AIS:privinclude:AIS_EqualDistanceRelation.ixx /dn43/OCCT/tmp/results_31.05.2011/occt/release-sources-20110531/drv/AIS/AIS_EqualDistanceRelation.ixx
+M AIS:pubinclude:Handle_AIS_TypeFilter.hxx /dn43/OCCT/tmp/results_31.05.2011/occt/release-sources-20110531/inc/Handle_AIS_TypeFilter.hxx
+M AIS:pubinclude:AIS_TypeFilter.hxx /dn43/OCCT/tmp/results_31.05.2011/occt/release-sources-20110531/inc/AIS_TypeFilter.hxx
+M AIS:privinclude:AIS_TypeFilter.jxx /dn43/OCCT/tmp/results_31.05.2011/occt/release-sources-20110531/drv/AIS/AIS_TypeFilter.jxx
+M AIS:privinclude:AIS_TypeFilter.ixx /dn43/OCCT/tmp/results_31.05.2011/occt/release-sources-20110531/drv/AIS/AIS_TypeFilter.ixx
+M AIS:pubinclude:Handle_AIS_SignatureFilter.hxx /dn43/OCCT/tmp/results_31.05.2011/occt/release-sources-20110531/inc/Handle_AIS_SignatureFilter.hxx
+M AIS:pubinclude:AIS_SignatureFilter.hxx /dn43/OCCT/tmp/results_31.05.2011/occt/release-sources-20110531/inc/AIS_SignatureFilter.hxx
+M AIS:privinclude:AIS_SignatureFilter.jxx /dn43/OCCT/tmp/results_31.05.2011/occt/release-sources-20110531/drv/AIS/AIS_SignatureFilter.jxx
+M AIS:privinclude:AIS_SignatureFilter.ixx /dn43/OCCT/tmp/results_31.05.2011/occt/release-sources-20110531/drv/AIS/AIS_SignatureFilter.ixx
+M AIS:pubinclude:Handle_AIS_ExclusionFilter.hxx /dn43/OCCT/tmp/results_31.05.2011/occt/release-sources-20110531/inc/Handle_AIS_ExclusionFilter.hxx
+M AIS:pubinclude:AIS_ExclusionFilter.hxx /dn43/OCCT/tmp/results_31.05.2011/occt/release-sources-20110531/inc/AIS_ExclusionFilter.hxx
+M AIS:privinclude:AIS_ExclusionFilter.jxx /dn43/OCCT/tmp/results_31.05.2011/occt/release-sources-20110531/drv/AIS/AIS_ExclusionFilter.jxx
+M AIS:privinclude:AIS_ExclusionFilter.ixx /dn43/OCCT/tmp/results_31.05.2011/occt/release-sources-20110531/drv/AIS/AIS_ExclusionFilter.ixx
+M AIS:pubinclude:Handle_AIS_AttributeFilter.hxx /dn43/OCCT/tmp/results_31.05.2011/occt/release-sources-20110531/inc/Handle_AIS_AttributeFilter.hxx
+M AIS:pubinclude:AIS_AttributeFilter.hxx /dn43/OCCT/tmp/results_31.05.2011/occt/release-sources-20110531/inc/AIS_AttributeFilter.hxx
+M AIS:privinclude:AIS_AttributeFilter.jxx /dn43/OCCT/tmp/results_31.05.2011/occt/release-sources-20110531/drv/AIS/AIS_AttributeFilter.jxx
+M AIS:privinclude:AIS_AttributeFilter.ixx /dn43/OCCT/tmp/results_31.05.2011/occt/release-sources-20110531/drv/AIS/AIS_AttributeFilter.ixx
+M AIS:pubinclude:Handle_AIS_C0RegularityFilter.hxx /dn43/OCCT/tmp/results_31.05.2011/occt/release-sources-20110531/inc/Handle_AIS_C0RegularityFilter.hxx
+M AIS:pubinclude:AIS_C0RegularityFilter.hxx /dn43/OCCT/tmp/results_31.05.2011/occt/release-sources-20110531/inc/AIS_C0RegularityFilter.hxx
+M AIS:privinclude:AIS_C0RegularityFilter.jxx /dn43/OCCT/tmp/results_31.05.2011/occt/release-sources-20110531/drv/AIS/AIS_C0RegularityFilter.jxx
+M AIS:privinclude:AIS_C0RegularityFilter.ixx /dn43/OCCT/tmp/results_31.05.2011/occt/release-sources-20110531/drv/AIS/AIS_C0RegularityFilter.ixx
+M AIS:pubinclude:Handle_AIS_BadEdgeFilter.hxx /dn43/OCCT/tmp/results_31.05.2011/occt/release-sources-20110531/inc/Handle_AIS_BadEdgeFilter.hxx
+M AIS:pubinclude:AIS_BadEdgeFilter.hxx /dn43/OCCT/tmp/results_31.05.2011/occt/release-sources-20110531/inc/AIS_BadEdgeFilter.hxx
+M AIS:privinclude:AIS_BadEdgeFilter.jxx /dn43/OCCT/tmp/results_31.05.2011/occt/release-sources-20110531/drv/AIS/AIS_BadEdgeFilter.jxx
+M AIS:privinclude:AIS_BadEdgeFilter.ixx /dn43/OCCT/tmp/results_31.05.2011/occt/release-sources-20110531/drv/AIS/AIS_BadEdgeFilter.ixx
+M AIS:pubinclude:Handle_AIS_Selection.hxx /dn43/OCCT/tmp/results_31.05.2011/occt/release-sources-20110531/inc/Handle_AIS_Selection.hxx
+M AIS:pubinclude:AIS_Selection.hxx /dn43/OCCT/tmp/results_31.05.2011/occt/release-sources-20110531/inc/AIS_Selection.hxx
+M AIS:privinclude:AIS_Selection.jxx /dn43/OCCT/tmp/results_31.05.2011/occt/release-sources-20110531/drv/AIS/AIS_Selection.jxx
+M AIS:privinclude:AIS_Selection.ixx /dn43/OCCT/tmp/results_31.05.2011/occt/release-sources-20110531/drv/AIS/AIS_Selection.ixx
+M AIS:pubinclude:AIS_ListOfInteractive.hxx /dn43/OCCT/tmp/results_31.05.2011/occt/release-sources-20110531/inc/AIS_ListOfInteractive.hxx
+M AIS:derivated:AIS_ListOfInteractive_0.cxx /dn43/OCCT/tmp/results_31.05.2011/occt/release-sources-20110531/drv/AIS/AIS_ListOfInteractive_0.cxx
+M AIS:pubinclude:AIS_SequenceOfInteractive.hxx /dn43/OCCT/tmp/results_31.05.2011/occt/release-sources-20110531/inc/AIS_SequenceOfInteractive.hxx
+M AIS:derivated:AIS_SequenceOfInteractive_0.cxx /dn43/OCCT/tmp/results_31.05.2011/occt/release-sources-20110531/drv/AIS/AIS_SequenceOfInteractive_0.cxx
+M AIS:pubinclude:AIS_SequenceOfDimension.hxx /dn43/OCCT/tmp/results_31.05.2011/occt/release-sources-20110531/inc/AIS_SequenceOfDimension.hxx
+M AIS:derivated:AIS_SequenceOfDimension_0.cxx /dn43/OCCT/tmp/results_31.05.2011/occt/release-sources-20110531/drv/AIS/AIS_SequenceOfDimension_0.cxx
+M AIS:pubinclude:AIS_MapOfInteractive.hxx /dn43/OCCT/tmp/results_31.05.2011/occt/release-sources-20110531/inc/AIS_MapOfInteractive.hxx
+M AIS:derivated:AIS_MapOfInteractive_0.cxx /dn43/OCCT/tmp/results_31.05.2011/occt/release-sources-20110531/drv/AIS/AIS_MapOfInteractive_0.cxx
+M AIS:pubinclude:AIS_DataMapofIntegerListOfinteractive.hxx /dn43/OCCT/tmp/results_31.05.2011/occt/release-sources-20110531/inc/AIS_DataMapofIntegerListOfinteractive.hxx
+M AIS:derivated:AIS_DataMapofIntegerListOfinteractive_0.cxx /dn43/OCCT/tmp/results_31.05.2011/occt/release-sources-20110531/drv/AIS/AIS_DataMapofIntegerListOfinteractive_0.cxx
+M AIS:pubinclude:AIS_DataMapOfIOStatus.hxx /dn43/OCCT/tmp/results_31.05.2011/occt/release-sources-20110531/inc/AIS_DataMapOfIOStatus.hxx
+M AIS:derivated:AIS_DataMapOfIOStatus_0.cxx /dn43/OCCT/tmp/results_31.05.2011/occt/release-sources-20110531/drv/AIS/AIS_DataMapOfIOStatus_0.cxx
+M AIS:pubinclude:AIS_IndexedDataMapOfOwnerPrs.hxx /dn43/OCCT/tmp/results_31.05.2011/occt/release-sources-20110531/inc/AIS_IndexedDataMapOfOwnerPrs.hxx
+M AIS:derivated:AIS_IndexedDataMapOfOwnerPrs_0.cxx /dn43/OCCT/tmp/results_31.05.2011/occt/release-sources-20110531/drv/AIS/AIS_IndexedDataMapOfOwnerPrs_0.cxx
+M AIS:pubinclude:AIS_DataMapOfILC.hxx /dn43/OCCT/tmp/results_31.05.2011/occt/release-sources-20110531/inc/AIS_DataMapOfILC.hxx
+M AIS:derivated:AIS_DataMapOfILC_0.cxx /dn43/OCCT/tmp/results_31.05.2011/occt/release-sources-20110531/drv/AIS/AIS_DataMapOfILC_0.cxx
+M AIS:pubinclude:AIS_DataMapOfSelStat.hxx /dn43/OCCT/tmp/results_31.05.2011/occt/release-sources-20110531/inc/AIS_DataMapOfSelStat.hxx
+M AIS:derivated:AIS_DataMapOfSelStat_0.cxx /dn43/OCCT/tmp/results_31.05.2011/occt/release-sources-20110531/drv/AIS/AIS_DataMapOfSelStat_0.cxx
+M AIS:pubinclude:Handle_AIS_ListNodeOfListOfInteractive.hxx /dn43/OCCT/tmp/results_31.05.2011/occt/release-sources-20110531/inc/Handle_AIS_ListNodeOfListOfInteractive.hxx
+M AIS:pubinclude:AIS_ListNodeOfListOfInteractive.hxx /dn43/OCCT/tmp/results_31.05.2011/occt/release-sources-20110531/inc/AIS_ListNodeOfListOfInteractive.hxx
+M AIS:derivated:AIS_ListNodeOfListOfInteractive_0.cxx /dn43/OCCT/tmp/results_31.05.2011/occt/release-sources-20110531/drv/AIS/AIS_ListNodeOfListOfInteractive_0.cxx
+M AIS:pubinclude:AIS_ListIteratorOfListOfInteractive.hxx /dn43/OCCT/tmp/results_31.05.2011/occt/release-sources-20110531/inc/AIS_ListIteratorOfListOfInteractive.hxx
+M AIS:derivated:AIS_ListIteratorOfListOfInteractive_0.cxx /dn43/OCCT/tmp/results_31.05.2011/occt/release-sources-20110531/drv/AIS/AIS_ListIteratorOfListOfInteractive_0.cxx
+M AIS:pubinclude:Handle_AIS_SequenceNodeOfSequenceOfInteractive.hxx /dn43/OCCT/tmp/results_31.05.2011/occt/release-sources-20110531/inc/Handle_AIS_SequenceNodeOfSequenceOfInteractive.hxx
+M AIS:pubinclude:AIS_SequenceNodeOfSequenceOfInteractive.hxx /dn43/OCCT/tmp/results_31.05.2011/occt/release-sources-20110531/inc/AIS_SequenceNodeOfSequenceOfInteractive.hxx
+M AIS:derivated:AIS_SequenceNodeOfSequenceOfInteractive_0.cxx /dn43/OCCT/tmp/results_31.05.2011/occt/release-sources-20110531/drv/AIS/AIS_SequenceNodeOfSequenceOfInteractive_0.cxx
+M AIS:pubinclude:Handle_AIS_SequenceNodeOfSequenceOfDimension.hxx /dn43/OCCT/tmp/results_31.05.2011/occt/release-sources-20110531/inc/Handle_AIS_SequenceNodeOfSequenceOfDimension.hxx
+M AIS:pubinclude:AIS_SequenceNodeOfSequenceOfDimension.hxx /dn43/OCCT/tmp/results_31.05.2011/occt/release-sources-20110531/inc/AIS_SequenceNodeOfSequenceOfDimension.hxx
+M AIS:derivated:AIS_SequenceNodeOfSequenceOfDimension_0.cxx /dn43/OCCT/tmp/results_31.05.2011/occt/release-sources-20110531/drv/AIS/AIS_SequenceNodeOfSequenceOfDimension_0.cxx
+M AIS:pubinclude:Handle_AIS_StdMapNodeOfMapOfInteractive.hxx /dn43/OCCT/tmp/results_31.05.2011/occt/release-sources-20110531/inc/Handle_AIS_StdMapNodeOfMapOfInteractive.hxx
+M AIS:pubinclude:AIS_StdMapNodeOfMapOfInteractive.hxx /dn43/OCCT/tmp/results_31.05.2011/occt/release-sources-20110531/inc/AIS_StdMapNodeOfMapOfInteractive.hxx
+M AIS:derivated:AIS_StdMapNodeOfMapOfInteractive_0.cxx /dn43/OCCT/tmp/results_31.05.2011/occt/release-sources-20110531/drv/AIS/AIS_StdMapNodeOfMapOfInteractive_0.cxx
+M AIS:pubinclude:AIS_MapIteratorOfMapOfInteractive.hxx /dn43/OCCT/tmp/results_31.05.2011/occt/release-sources-20110531/inc/AIS_MapIteratorOfMapOfInteractive.hxx
+M AIS:derivated:AIS_MapIteratorOfMapOfInteractive_0.cxx /dn43/OCCT/tmp/results_31.05.2011/occt/release-sources-20110531/drv/AIS/AIS_MapIteratorOfMapOfInteractive_0.cxx
+M AIS:pubinclude:Handle_AIS_DataMapNodeOfDataMapofIntegerListOfinteractive.hxx /dn43/OCCT/tmp/results_31.05.2011/occt/release-sources-20110531/inc/Handle_AIS_DataMapNodeOfDataMapofIntegerListOfinteractive.hxx
+M AIS:pubinclude:AIS_DataMapNodeOfDataMapofIntegerListOfinteractive.hxx /dn43/OCCT/tmp/results_31.05.2011/occt/release-sources-20110531/inc/AIS_DataMapNodeOfDataMapofIntegerListOfinteractive.hxx
+M AIS:derivated:AIS_DataMapNodeOfDataMapofIntegerListOfinteractive_0.cxx /dn43/OCCT/tmp/results_31.05.2011/occt/release-sources-20110531/drv/AIS/AIS_DataMapNodeOfDataMapofIntegerListOfinteractive_0.cxx
+M AIS:pubinclude:AIS_DataMapIteratorOfDataMapofIntegerListOfinteractive.hxx /dn43/OCCT/tmp/results_31.05.2011/occt/release-sources-20110531/inc/AIS_DataMapIteratorOfDataMapofIntegerListOfinteractive.hxx
+M AIS:derivated:AIS_DataMapIteratorOfDataMapofIntegerListOfinteractive_0.cxx /dn43/OCCT/tmp/results_31.05.2011/occt/release-sources-20110531/drv/AIS/AIS_DataMapIteratorOfDataMapofIntegerListOfinteractive_0.cxx
+M AIS:pubinclude:Handle_AIS_DataMapNodeOfDataMapOfIOStatus.hxx /dn43/OCCT/tmp/results_31.05.2011/occt/release-sources-20110531/inc/Handle_AIS_DataMapNodeOfDataMapOfIOStatus.hxx
+M AIS:pubinclude:AIS_DataMapNodeOfDataMapOfIOStatus.hxx /dn43/OCCT/tmp/results_31.05.2011/occt/release-sources-20110531/inc/AIS_DataMapNodeOfDataMapOfIOStatus.hxx
+M AIS:derivated:AIS_DataMapNodeOfDataMapOfIOStatus_0.cxx /dn43/OCCT/tmp/results_31.05.2011/occt/release-sources-20110531/drv/AIS/AIS_DataMapNodeOfDataMapOfIOStatus_0.cxx
+M AIS:pubinclude:AIS_DataMapIteratorOfDataMapOfIOStatus.hxx /dn43/OCCT/tmp/results_31.05.2011/occt/release-sources-20110531/inc/AIS_DataMapIteratorOfDataMapOfIOStatus.hxx
+M AIS:derivated:AIS_DataMapIteratorOfDataMapOfIOStatus_0.cxx /dn43/OCCT/tmp/results_31.05.2011/occt/release-sources-20110531/drv/AIS/AIS_DataMapIteratorOfDataMapOfIOStatus_0.cxx
+M AIS:pubinclude:Handle_AIS_IndexedDataMapNodeOfIndexedDataMapOfOwnerPrs.hxx /dn43/OCCT/tmp/results_31.05.2011/occt/release-sources-20110531/inc/Handle_AIS_IndexedDataMapNodeOfIndexedDataMapOfOwnerPrs.hxx
+M AIS:pubinclude:AIS_IndexedDataMapNodeOfIndexedDataMapOfOwnerPrs.hxx /dn43/OCCT/tmp/results_31.05.2011/occt/release-sources-20110531/inc/AIS_IndexedDataMapNodeOfIndexedDataMapOfOwnerPrs.hxx
+M AIS:derivated:AIS_IndexedDataMapNodeOfIndexedDataMapOfOwnerPrs_0.cxx /dn43/OCCT/tmp/results_31.05.2011/occt/release-sources-20110531/drv/AIS/AIS_IndexedDataMapNodeOfIndexedDataMapOfOwnerPrs_0.cxx
+M AIS:pubinclude:Handle_AIS_DataMapNodeOfDataMapOfILC.hxx /dn43/OCCT/tmp/results_31.05.2011/occt/release-sources-20110531/inc/Handle_AIS_DataMapNodeOfDataMapOfILC.hxx
+M AIS:pubinclude:AIS_DataMapNodeOfDataMapOfILC.hxx /dn43/OCCT/tmp/results_31.05.2011/occt/release-sources-20110531/inc/AIS_DataMapNodeOfDataMapOfILC.hxx
+M AIS:derivated:AIS_DataMapNodeOfDataMapOfILC_0.cxx /dn43/OCCT/tmp/results_31.05.2011/occt/release-sources-20110531/drv/AIS/AIS_DataMapNodeOfDataMapOfILC_0.cxx
+M AIS:pubinclude:AIS_DataMapIteratorOfDataMapOfILC.hxx /dn43/OCCT/tmp/results_31.05.2011/occt/release-sources-20110531/inc/AIS_DataMapIteratorOfDataMapOfILC.hxx
+M AIS:derivated:AIS_DataMapIteratorOfDataMapOfILC_0.cxx /dn43/OCCT/tmp/results_31.05.2011/occt/release-sources-20110531/drv/AIS/AIS_DataMapIteratorOfDataMapOfILC_0.cxx
+M AIS:pubinclude:Handle_AIS_DataMapNodeOfDataMapOfSelStat.hxx /dn43/OCCT/tmp/results_31.05.2011/occt/release-sources-20110531/inc/Handle_AIS_DataMapNodeOfDataMapOfSelStat.hxx
+M AIS:pubinclude:AIS_DataMapNodeOfDataMapOfSelStat.hxx /dn43/OCCT/tmp/results_31.05.2011/occt/release-sources-20110531/inc/AIS_DataMapNodeOfDataMapOfSelStat.hxx
+M AIS:derivated:AIS_DataMapNodeOfDataMapOfSelStat_0.cxx /dn43/OCCT/tmp/results_31.05.2011/occt/release-sources-20110531/drv/AIS/AIS_DataMapNodeOfDataMapOfSelStat_0.cxx
+M AIS:pubinclude:AIS_DataMapIteratorOfDataMapOfSelStat.hxx /dn43/OCCT/tmp/results_31.05.2011/occt/release-sources-20110531/inc/AIS_DataMapIteratorOfDataMapOfSelStat.hxx
+M AIS:derivated:AIS_DataMapIteratorOfDataMapOfSelStat_0.cxx /dn43/OCCT/tmp/results_31.05.2011/occt/release-sources-20110531/drv/AIS/AIS_DataMapIteratorOfDataMapOfSelStat_0.cxx
+M AIS:pubinclude:AIS_DisplayMode.hxx /dn43/OCCT/tmp/results_31.05.2011/occt/release-sources-20110531/inc/AIS_DisplayMode.hxx
+M AIS:pubinclude:AIS_ConnectStatus.hxx /dn43/OCCT/tmp/results_31.05.2011/occt/release-sources-20110531/inc/AIS_ConnectStatus.hxx
+M AIS:pubinclude:AIS_TypeOfIso.hxx /dn43/OCCT/tmp/results_31.05.2011/occt/release-sources-20110531/inc/AIS_TypeOfIso.hxx
+M AIS:pubinclude:AIS_DisplayStatus.hxx /dn43/OCCT/tmp/results_31.05.2011/occt/release-sources-20110531/inc/AIS_DisplayStatus.hxx
+M AIS:pubinclude:AIS_SelectStatus.hxx /dn43/OCCT/tmp/results_31.05.2011/occt/release-sources-20110531/inc/AIS_SelectStatus.hxx
+M AIS:pubinclude:AIS_StatusOfPick.hxx /dn43/OCCT/tmp/results_31.05.2011/occt/release-sources-20110531/inc/AIS_StatusOfPick.hxx
+M AIS:pubinclude:AIS_StatusOfDetection.hxx /dn43/OCCT/tmp/results_31.05.2011/occt/release-sources-20110531/inc/AIS_StatusOfDetection.hxx
+M AIS:pubinclude:AIS_KindOfDimension.hxx /dn43/OCCT/tmp/results_31.05.2011/occt/release-sources-20110531/inc/AIS_KindOfDimension.hxx
+M AIS:pubinclude:AIS_KindOfInteractive.hxx /dn43/OCCT/tmp/results_31.05.2011/occt/release-sources-20110531/inc/AIS_KindOfInteractive.hxx
+M AIS:pubinclude:AIS_ClearMode.hxx /dn43/OCCT/tmp/results_31.05.2011/occt/release-sources-20110531/inc/AIS_ClearMode.hxx
+M AIS:pubinclude:AIS_KindOfUnit.hxx /dn43/OCCT/tmp/results_31.05.2011/occt/release-sources-20110531/inc/AIS_KindOfUnit.hxx
+M AIS:pubinclude:AIS_TypeOfAxis.hxx /dn43/OCCT/tmp/results_31.05.2011/occt/release-sources-20110531/inc/AIS_TypeOfAxis.hxx
+M AIS:pubinclude:AIS_TypeOfPlane.hxx /dn43/OCCT/tmp/results_31.05.2011/occt/release-sources-20110531/inc/AIS_TypeOfPlane.hxx
+M AIS:pubinclude:AIS_TypeOfDist.hxx /dn43/OCCT/tmp/results_31.05.2011/occt/release-sources-20110531/inc/AIS_TypeOfDist.hxx
+M AIS:pubinclude:AIS_TypeOfAttribute.hxx /dn43/OCCT/tmp/results_31.05.2011/occt/release-sources-20110531/inc/AIS_TypeOfAttribute.hxx
+M AIS:pubinclude:AIS_StandardDatum.hxx /dn43/OCCT/tmp/results_31.05.2011/occt/release-sources-20110531/inc/AIS_StandardDatum.hxx
+M AIS:pubinclude:AIS_KindOfSurface.hxx /dn43/OCCT/tmp/results_31.05.2011/occt/release-sources-20110531/inc/AIS_KindOfSurface.hxx
+M AIS:pubinclude:AIS_PToContext.hxx /dn43/OCCT/tmp/results_31.05.2011/occt/release-sources-20110531/inc/AIS_PToContext.hxx
+M AIS:dbadmfile:AIS_xcpp_header.In /dn43/OCCT/tmp/results_31.05.2011/occt/release-sources-20110531/drv/AIS/.adm/AIS_xcpp_header.In
+M AIS:dbadmfile:AIS_xcpp_header.Out /dn43/OCCT/tmp/results_31.05.2011/occt/release-sources-20110531/drv/AIS/.adm/AIS_xcpp_header.Out
+M AIS:dbadmfile:AIS_xcpp_header.Dep /dn43/OCCT/tmp/results_31.05.2011/occt/release-sources-20110531/drv/AIS/.adm/AIS_xcpp_header.Dep
