+M DsgPrs:pubinclude:DsgPrs.hxx /dn43/OCCT/tmp/results_30.09.2011/occt/release-sources-20110930/inc/DsgPrs.hxx
+M DsgPrs:privinclude:DsgPrs.jxx /dn43/OCCT/tmp/results_30.09.2011/occt/release-sources-20110930/drv/DsgPrs/DsgPrs.jxx
+M DsgPrs:privinclude:DsgPrs.ixx /dn43/OCCT/tmp/results_30.09.2011/occt/release-sources-20110930/drv/DsgPrs/DsgPrs.ixx
+M DsgPrs:pubinclude:DsgPrs_EllipseRadiusPresentation.hxx /dn43/OCCT/tmp/results_30.09.2011/occt/release-sources-20110930/inc/DsgPrs_EllipseRadiusPresentation.hxx
+M DsgPrs:privinclude:DsgPrs_EllipseRadiusPresentation.jxx /dn43/OCCT/tmp/results_30.09.2011/occt/release-sources-20110930/drv/DsgPrs/DsgPrs_EllipseRadiusPresentation.jxx
+M DsgPrs:privinclude:DsgPrs_EllipseRadiusPresentation.ixx /dn43/OCCT/tmp/results_30.09.2011/occt/release-sources-20110930/drv/DsgPrs/DsgPrs_EllipseRadiusPresentation.ixx
+M DsgPrs:pubinclude:DsgPrs_LengthPresentation.hxx /dn43/OCCT/tmp/results_30.09.2011/occt/release-sources-20110930/inc/DsgPrs_LengthPresentation.hxx
+M DsgPrs:privinclude:DsgPrs_LengthPresentation.jxx /dn43/OCCT/tmp/results_30.09.2011/occt/release-sources-20110930/drv/DsgPrs/DsgPrs_LengthPresentation.jxx
+M DsgPrs:privinclude:DsgPrs_LengthPresentation.ixx /dn43/OCCT/tmp/results_30.09.2011/occt/release-sources-20110930/drv/DsgPrs/DsgPrs_LengthPresentation.ixx
+M DsgPrs:pubinclude:DsgPrs_RadiusPresentation.hxx /dn43/OCCT/tmp/results_30.09.2011/occt/release-sources-20110930/inc/DsgPrs_RadiusPresentation.hxx
+M DsgPrs:privinclude:DsgPrs_RadiusPresentation.jxx /dn43/OCCT/tmp/results_30.09.2011/occt/release-sources-20110930/drv/DsgPrs/DsgPrs_RadiusPresentation.jxx
+M DsgPrs:privinclude:DsgPrs_RadiusPresentation.ixx /dn43/OCCT/tmp/results_30.09.2011/occt/release-sources-20110930/drv/DsgPrs/DsgPrs_RadiusPresentation.ixx
+M DsgPrs:pubinclude:DsgPrs_DiameterPresentation.hxx /dn43/OCCT/tmp/results_30.09.2011/occt/release-sources-20110930/inc/DsgPrs_DiameterPresentation.hxx
+M DsgPrs:privinclude:DsgPrs_DiameterPresentation.jxx /dn43/OCCT/tmp/results_30.09.2011/occt/release-sources-20110930/drv/DsgPrs/DsgPrs_DiameterPresentation.jxx
+M DsgPrs:privinclude:DsgPrs_DiameterPresentation.ixx /dn43/OCCT/tmp/results_30.09.2011/occt/release-sources-20110930/drv/DsgPrs/DsgPrs_DiameterPresentation.ixx
+M DsgPrs:pubinclude:DsgPrs_FilletRadiusPresentation.hxx /dn43/OCCT/tmp/results_30.09.2011/occt/release-sources-20110930/inc/DsgPrs_FilletRadiusPresentation.hxx
+M DsgPrs:privinclude:DsgPrs_FilletRadiusPresentation.jxx /dn43/OCCT/tmp/results_30.09.2011/occt/release-sources-20110930/drv/DsgPrs/DsgPrs_FilletRadiusPresentation.jxx
+M DsgPrs:privinclude:DsgPrs_FilletRadiusPresentation.ixx /dn43/OCCT/tmp/results_30.09.2011/occt/release-sources-20110930/drv/DsgPrs/DsgPrs_FilletRadiusPresentation.ixx
+M DsgPrs:pubinclude:DsgPrs_AnglePresentation.hxx /dn43/OCCT/tmp/results_30.09.2011/occt/release-sources-20110930/inc/DsgPrs_AnglePresentation.hxx
+M DsgPrs:privinclude:DsgPrs_AnglePresentation.jxx /dn43/OCCT/tmp/results_30.09.2011/occt/release-sources-20110930/drv/DsgPrs/DsgPrs_AnglePresentation.jxx
+M DsgPrs:privinclude:DsgPrs_AnglePresentation.ixx /dn43/OCCT/tmp/results_30.09.2011/occt/release-sources-20110930/drv/DsgPrs/DsgPrs_AnglePresentation.ixx
+M DsgPrs:pubinclude:DsgPrs_Chamf2dPresentation.hxx /dn43/OCCT/tmp/results_30.09.2011/occt/release-sources-20110930/inc/DsgPrs_Chamf2dPresentation.hxx
+M DsgPrs:privinclude:DsgPrs_Chamf2dPresentation.jxx /dn43/OCCT/tmp/results_30.09.2011/occt/release-sources-20110930/drv/DsgPrs/DsgPrs_Chamf2dPresentation.jxx
+M DsgPrs:privinclude:DsgPrs_Chamf2dPresentation.ixx /dn43/OCCT/tmp/results_30.09.2011/occt/release-sources-20110930/drv/DsgPrs/DsgPrs_Chamf2dPresentation.ixx
+M DsgPrs:pubinclude:DsgPrs_ParalPresentation.hxx /dn43/OCCT/tmp/results_30.09.2011/occt/release-sources-20110930/inc/DsgPrs_ParalPresentation.hxx
+M DsgPrs:privinclude:DsgPrs_ParalPresentation.jxx /dn43/OCCT/tmp/results_30.09.2011/occt/release-sources-20110930/drv/DsgPrs/DsgPrs_ParalPresentation.jxx
+M DsgPrs:privinclude:DsgPrs_ParalPresentation.ixx /dn43/OCCT/tmp/results_30.09.2011/occt/release-sources-20110930/drv/DsgPrs/DsgPrs_ParalPresentation.ixx
+M DsgPrs:pubinclude:DsgPrs_PerpenPresentation.hxx /dn43/OCCT/tmp/results_30.09.2011/occt/release-sources-20110930/inc/DsgPrs_PerpenPresentation.hxx
+M DsgPrs:privinclude:DsgPrs_PerpenPresentation.jxx /dn43/OCCT/tmp/results_30.09.2011/occt/release-sources-20110930/drv/DsgPrs/DsgPrs_PerpenPresentation.jxx
+M DsgPrs:privinclude:DsgPrs_PerpenPresentation.ixx /dn43/OCCT/tmp/results_30.09.2011/occt/release-sources-20110930/drv/DsgPrs/DsgPrs_PerpenPresentation.ixx
+M DsgPrs:pubinclude:DsgPrs_SymmetricPresentation.hxx /dn43/OCCT/tmp/results_30.09.2011/occt/release-sources-20110930/inc/DsgPrs_SymmetricPresentation.hxx
+M DsgPrs:privinclude:DsgPrs_SymmetricPresentation.jxx /dn43/OCCT/tmp/results_30.09.2011/occt/release-sources-20110930/drv/DsgPrs/DsgPrs_SymmetricPresentation.jxx
+M DsgPrs:privinclude:DsgPrs_SymmetricPresentation.ixx /dn43/OCCT/tmp/results_30.09.2011/occt/release-sources-20110930/drv/DsgPrs/DsgPrs_SymmetricPresentation.ixx
+M DsgPrs:pubinclude:DsgPrs_MidPointPresentation.hxx /dn43/OCCT/tmp/results_30.09.2011/occt/release-sources-20110930/inc/DsgPrs_MidPointPresentation.hxx
+M DsgPrs:privinclude:DsgPrs_MidPointPresentation.jxx /dn43/OCCT/tmp/results_30.09.2011/occt/release-sources-20110930/drv/DsgPrs/DsgPrs_MidPointPresentation.jxx
+M DsgPrs:privinclude:DsgPrs_MidPointPresentation.ixx /dn43/OCCT/tmp/results_30.09.2011/occt/release-sources-20110930/drv/DsgPrs/DsgPrs_MidPointPresentation.ixx
+M DsgPrs:pubinclude:DsgPrs_TangentPresentation.hxx /dn43/OCCT/tmp/results_30.09.2011/occt/release-sources-20110930/inc/DsgPrs_TangentPresentation.hxx
+M DsgPrs:privinclude:DsgPrs_TangentPresentation.jxx /dn43/OCCT/tmp/results_30.09.2011/occt/release-sources-20110930/drv/DsgPrs/DsgPrs_TangentPresentation.jxx
+M DsgPrs:privinclude:DsgPrs_TangentPresentation.ixx /dn43/OCCT/tmp/results_30.09.2011/occt/release-sources-20110930/drv/DsgPrs/DsgPrs_TangentPresentation.ixx
+M DsgPrs:pubinclude:DsgPrs_ConcentricPresentation.hxx /dn43/OCCT/tmp/results_30.09.2011/occt/release-sources-20110930/inc/DsgPrs_ConcentricPresentation.hxx
+M DsgPrs:privinclude:DsgPrs_ConcentricPresentation.jxx /dn43/OCCT/tmp/results_30.09.2011/occt/release-sources-20110930/drv/DsgPrs/DsgPrs_ConcentricPresentation.jxx
+M DsgPrs:privinclude:DsgPrs_ConcentricPresentation.ixx /dn43/OCCT/tmp/results_30.09.2011/occt/release-sources-20110930/drv/DsgPrs/DsgPrs_ConcentricPresentation.ixx
+M DsgPrs:pubinclude:DsgPrs_FixPresentation.hxx /dn43/OCCT/tmp/results_30.09.2011/occt/release-sources-20110930/inc/DsgPrs_FixPresentation.hxx
+M DsgPrs:privinclude:DsgPrs_FixPresentation.jxx /dn43/OCCT/tmp/results_30.09.2011/occt/release-sources-20110930/drv/DsgPrs/DsgPrs_FixPresentation.jxx
+M DsgPrs:privinclude:DsgPrs_FixPresentation.ixx /dn43/OCCT/tmp/results_30.09.2011/occt/release-sources-20110930/drv/DsgPrs/DsgPrs_FixPresentation.ixx
+M DsgPrs:pubinclude:DsgPrs_IdenticPresentation.hxx /dn43/OCCT/tmp/results_30.09.2011/occt/release-sources-20110930/inc/DsgPrs_IdenticPresentation.hxx
+M DsgPrs:privinclude:DsgPrs_IdenticPresentation.jxx /dn43/OCCT/tmp/results_30.09.2011/occt/release-sources-20110930/drv/DsgPrs/DsgPrs_IdenticPresentation.jxx
+M DsgPrs:privinclude:DsgPrs_IdenticPresentation.ixx /dn43/OCCT/tmp/results_30.09.2011/occt/release-sources-20110930/drv/DsgPrs/DsgPrs_IdenticPresentation.ixx
+M DsgPrs:pubinclude:DsgPrs_EqualRadiusPresentation.hxx /dn43/OCCT/tmp/results_30.09.2011/occt/release-sources-20110930/inc/DsgPrs_EqualRadiusPresentation.hxx
+M DsgPrs:privinclude:DsgPrs_EqualRadiusPresentation.jxx /dn43/OCCT/tmp/results_30.09.2011/occt/release-sources-20110930/drv/DsgPrs/DsgPrs_EqualRadiusPresentation.jxx
+M DsgPrs:privinclude:DsgPrs_EqualRadiusPresentation.ixx /dn43/OCCT/tmp/results_30.09.2011/occt/release-sources-20110930/drv/DsgPrs/DsgPrs_EqualRadiusPresentation.ixx
+M DsgPrs:pubinclude:DsgPrs_EqualDistancePresentation.hxx /dn43/OCCT/tmp/results_30.09.2011/occt/release-sources-20110930/inc/DsgPrs_EqualDistancePresentation.hxx
+M DsgPrs:privinclude:DsgPrs_EqualDistancePresentation.jxx /dn43/OCCT/tmp/results_30.09.2011/occt/release-sources-20110930/drv/DsgPrs/DsgPrs_EqualDistancePresentation.jxx
+M DsgPrs:privinclude:DsgPrs_EqualDistancePresentation.ixx /dn43/OCCT/tmp/results_30.09.2011/occt/release-sources-20110930/drv/DsgPrs/DsgPrs_EqualDistancePresentation.ixx
+M DsgPrs:pubinclude:DsgPrs_SymbPresentation.hxx /dn43/OCCT/tmp/results_30.09.2011/occt/release-sources-20110930/inc/DsgPrs_SymbPresentation.hxx
+M DsgPrs:privinclude:DsgPrs_SymbPresentation.jxx /dn43/OCCT/tmp/results_30.09.2011/occt/release-sources-20110930/drv/DsgPrs/DsgPrs_SymbPresentation.jxx
+M DsgPrs:privinclude:DsgPrs_SymbPresentation.ixx /dn43/OCCT/tmp/results_30.09.2011/occt/release-sources-20110930/drv/DsgPrs/DsgPrs_SymbPresentation.ixx
+M DsgPrs:pubinclude:DsgPrs_ShapeDirPresentation.hxx /dn43/OCCT/tmp/results_30.09.2011/occt/release-sources-20110930/inc/DsgPrs_ShapeDirPresentation.hxx
+M DsgPrs:privinclude:DsgPrs_ShapeDirPresentation.jxx /dn43/OCCT/tmp/results_30.09.2011/occt/release-sources-20110930/drv/DsgPrs/DsgPrs_ShapeDirPresentation.jxx
+M DsgPrs:privinclude:DsgPrs_ShapeDirPresentation.ixx /dn43/OCCT/tmp/results_30.09.2011/occt/release-sources-20110930/drv/DsgPrs/DsgPrs_ShapeDirPresentation.ixx
+M DsgPrs:pubinclude:DsgPrs_OffsetPresentation.hxx /dn43/OCCT/tmp/results_30.09.2011/occt/release-sources-20110930/inc/DsgPrs_OffsetPresentation.hxx
+M DsgPrs:privinclude:DsgPrs_OffsetPresentation.jxx /dn43/OCCT/tmp/results_30.09.2011/occt/release-sources-20110930/drv/DsgPrs/DsgPrs_OffsetPresentation.jxx
+M DsgPrs:privinclude:DsgPrs_OffsetPresentation.ixx /dn43/OCCT/tmp/results_30.09.2011/occt/release-sources-20110930/drv/DsgPrs/DsgPrs_OffsetPresentation.ixx
+M DsgPrs:pubinclude:DsgPrs_DatumTool.hxx /dn43/OCCT/tmp/results_30.09.2011/occt/release-sources-20110930/inc/DsgPrs_DatumTool.hxx
+M DsgPrs:privinclude:DsgPrs_DatumTool.jxx /dn43/OCCT/tmp/results_30.09.2011/occt/release-sources-20110930/drv/DsgPrs/DsgPrs_DatumTool.jxx
+M DsgPrs:privinclude:DsgPrs_DatumTool.ixx /dn43/OCCT/tmp/results_30.09.2011/occt/release-sources-20110930/drv/DsgPrs/DsgPrs_DatumTool.ixx
+M DsgPrs:pubinclude:DsgPrs_DatumPrs.hxx /dn43/OCCT/tmp/results_30.09.2011/occt/release-sources-20110930/inc/DsgPrs_DatumPrs.hxx
+M DsgPrs:derivated:DsgPrs_DatumPrs_0.cxx /dn43/OCCT/tmp/results_30.09.2011/occt/release-sources-20110930/drv/DsgPrs/DsgPrs_DatumPrs_0.cxx
+M DsgPrs:pubinclude:DsgPrs_XYZAxisPresentation.hxx /dn43/OCCT/tmp/results_30.09.2011/occt/release-sources-20110930/inc/DsgPrs_XYZAxisPresentation.hxx
+M DsgPrs:privinclude:DsgPrs_XYZAxisPresentation.jxx /dn43/OCCT/tmp/results_30.09.2011/occt/release-sources-20110930/drv/DsgPrs/DsgPrs_XYZAxisPresentation.jxx
+M DsgPrs:privinclude:DsgPrs_XYZAxisPresentation.ixx /dn43/OCCT/tmp/results_30.09.2011/occt/release-sources-20110930/drv/DsgPrs/DsgPrs_XYZAxisPresentation.ixx
+M DsgPrs:pubinclude:DsgPrs_XYZPlanePresentation.hxx /dn43/OCCT/tmp/results_30.09.2011/occt/release-sources-20110930/inc/DsgPrs_XYZPlanePresentation.hxx
+M DsgPrs:privinclude:DsgPrs_XYZPlanePresentation.jxx /dn43/OCCT/tmp/results_30.09.2011/occt/release-sources-20110930/drv/DsgPrs/DsgPrs_XYZPlanePresentation.jxx
+M DsgPrs:privinclude:DsgPrs_XYZPlanePresentation.ixx /dn43/OCCT/tmp/results_30.09.2011/occt/release-sources-20110930/drv/DsgPrs/DsgPrs_XYZPlanePresentation.ixx
+M DsgPrs:pubinclude:DsgPrs_ShadedPlanePresentation.hxx /dn43/OCCT/tmp/results_30.09.2011/occt/release-sources-20110930/inc/DsgPrs_ShadedPlanePresentation.hxx
+M DsgPrs:privinclude:DsgPrs_ShadedPlanePresentation.jxx /dn43/OCCT/tmp/results_30.09.2011/occt/release-sources-20110930/drv/DsgPrs/DsgPrs_ShadedPlanePresentation.jxx
+M DsgPrs:privinclude:DsgPrs_ShadedPlanePresentation.ixx /dn43/OCCT/tmp/results_30.09.2011/occt/release-sources-20110930/drv/DsgPrs/DsgPrs_ShadedPlanePresentation.ixx
+M DsgPrs:pubinclude:DsgPrs_ArrowSide.hxx /dn43/OCCT/tmp/results_30.09.2011/occt/release-sources-20110930/inc/DsgPrs_ArrowSide.hxx
+M DsgPrs:dbadmfile:DsgPrs_xcpp_header.In /dn43/OCCT/tmp/results_30.09.2011/occt/release-sources-20110930/drv/DsgPrs/.adm/DsgPrs_xcpp_header.In
+M DsgPrs:dbadmfile:DsgPrs_xcpp_header.Out /dn43/OCCT/tmp/results_30.09.2011/occt/release-sources-20110930/drv/DsgPrs/.adm/DsgPrs_xcpp_header.Out
+M DsgPrs:dbadmfile:DsgPrs_xcpp_header.Dep /dn43/OCCT/tmp/results_30.09.2011/occt/release-sources-20110930/drv/DsgPrs/.adm/DsgPrs_xcpp_header.Dep
