+M Law:pubinclude:Law.hxx /dn43/OCCT/tmp/results_31.05.2011/occt/release-sources-20110531/inc/Law.hxx
+M Law:privinclude:Law.jxx /dn43/OCCT/tmp/results_31.05.2011/occt/release-sources-20110531/drv/Law/Law.jxx
+M Law:privinclude:Law.ixx /dn43/OCCT/tmp/results_31.05.2011/occt/release-sources-20110531/drv/Law/Law.ixx
+M Law:pubinclude:Handle_Law_BSpline.hxx /dn43/OCCT/tmp/results_31.05.2011/occt/release-sources-20110531/inc/Handle_Law_BSpline.hxx
+M Law:pubinclude:Law_BSpline.hxx /dn43/OCCT/tmp/results_31.05.2011/occt/release-sources-20110531/inc/Law_BSpline.hxx
+M Law:privinclude:Law_BSpline.jxx /dn43/OCCT/tmp/results_31.05.2011/occt/release-sources-20110531/drv/Law/Law_BSpline.jxx
+M Law:privinclude:Law_BSpline.ixx /dn43/OCCT/tmp/results_31.05.2011/occt/release-sources-20110531/drv/Law/Law_BSpline.ixx
+M Law:pubinclude:Law_Interpolate.hxx /dn43/OCCT/tmp/results_31.05.2011/occt/release-sources-20110531/inc/Law_Interpolate.hxx
+M Law:privinclude:Law_Interpolate.jxx /dn43/OCCT/tmp/results_31.05.2011/occt/release-sources-20110531/drv/Law/Law_Interpolate.jxx
+M Law:privinclude:Law_Interpolate.ixx /dn43/OCCT/tmp/results_31.05.2011/occt/release-sources-20110531/drv/Law/Law_Interpolate.ixx
+M Law:pubinclude:Handle_Law_Function.hxx /dn43/OCCT/tmp/results_31.05.2011/occt/release-sources-20110531/inc/Handle_Law_Function.hxx
+M Law:pubinclude:Law_Function.hxx /dn43/OCCT/tmp/results_31.05.2011/occt/release-sources-20110531/inc/Law_Function.hxx
+M Law:privinclude:Law_Function.jxx /dn43/OCCT/tmp/results_31.05.2011/occt/release-sources-20110531/drv/Law/Law_Function.jxx
+M Law:privinclude:Law_Function.ixx /dn43/OCCT/tmp/results_31.05.2011/occt/release-sources-20110531/drv/Law/Law_Function.ixx
+M Law:pubinclude:Handle_Law_Constant.hxx /dn43/OCCT/tmp/results_31.05.2011/occt/release-sources-20110531/inc/Handle_Law_Constant.hxx
+M Law:pubinclude:Law_Constant.hxx /dn43/OCCT/tmp/results_31.05.2011/occt/release-sources-20110531/inc/Law_Constant.hxx
+M Law:privinclude:Law_Constant.jxx /dn43/OCCT/tmp/results_31.05.2011/occt/release-sources-20110531/drv/Law/Law_Constant.jxx
+M Law:privinclude:Law_Constant.ixx /dn43/OCCT/tmp/results_31.05.2011/occt/release-sources-20110531/drv/Law/Law_Constant.ixx
+M Law:pubinclude:Handle_Law_Linear.hxx /dn43/OCCT/tmp/results_31.05.2011/occt/release-sources-20110531/inc/Handle_Law_Linear.hxx
+M Law:pubinclude:Law_Linear.hxx /dn43/OCCT/tmp/results_31.05.2011/occt/release-sources-20110531/inc/Law_Linear.hxx
+M Law:privinclude:Law_Linear.jxx /dn43/OCCT/tmp/results_31.05.2011/occt/release-sources-20110531/drv/Law/Law_Linear.jxx
+M Law:privinclude:Law_Linear.ixx /dn43/OCCT/tmp/results_31.05.2011/occt/release-sources-20110531/drv/Law/Law_Linear.ixx
+M Law:pubinclude:Handle_Law_BSpFunc.hxx /dn43/OCCT/tmp/results_31.05.2011/occt/release-sources-20110531/inc/Handle_Law_BSpFunc.hxx
+M Law:pubinclude:Law_BSpFunc.hxx /dn43/OCCT/tmp/results_31.05.2011/occt/release-sources-20110531/inc/Law_BSpFunc.hxx
+M Law:privinclude:Law_BSpFunc.jxx /dn43/OCCT/tmp/results_31.05.2011/occt/release-sources-20110531/drv/Law/Law_BSpFunc.jxx
+M Law:privinclude:Law_BSpFunc.ixx /dn43/OCCT/tmp/results_31.05.2011/occt/release-sources-20110531/drv/Law/Law_BSpFunc.ixx
+M Law:pubinclude:Handle_Law_S.hxx /dn43/OCCT/tmp/results_31.05.2011/occt/release-sources-20110531/inc/Handle_Law_S.hxx
+M Law:pubinclude:Law_S.hxx /dn43/OCCT/tmp/results_31.05.2011/occt/release-sources-20110531/inc/Law_S.hxx
+M Law:privinclude:Law_S.jxx /dn43/OCCT/tmp/results_31.05.2011/occt/release-sources-20110531/drv/Law/Law_S.jxx
+M Law:privinclude:Law_S.ixx /dn43/OCCT/tmp/results_31.05.2011/occt/release-sources-20110531/drv/Law/Law_S.ixx
+M Law:pubinclude:Handle_Law_Interpol.hxx /dn43/OCCT/tmp/results_31.05.2011/occt/release-sources-20110531/inc/Handle_Law_Interpol.hxx
+M Law:pubinclude:Law_Interpol.hxx /dn43/OCCT/tmp/results_31.05.2011/occt/release-sources-20110531/inc/Law_Interpol.hxx
+M Law:privinclude:Law_Interpol.jxx /dn43/OCCT/tmp/results_31.05.2011/occt/release-sources-20110531/drv/Law/Law_Interpol.jxx
+M Law:privinclude:Law_Interpol.ixx /dn43/OCCT/tmp/results_31.05.2011/occt/release-sources-20110531/drv/Law/Law_Interpol.ixx
+M Law:pubinclude:Law_Laws.hxx /dn43/OCCT/tmp/results_31.05.2011/occt/release-sources-20110531/inc/Law_Laws.hxx
+M Law:derivated:Law_Laws_0.cxx /dn43/OCCT/tmp/results_31.05.2011/occt/release-sources-20110531/drv/Law/Law_Laws_0.cxx
+M Law:pubinclude:Handle_Law_Composite.hxx /dn43/OCCT/tmp/results_31.05.2011/occt/release-sources-20110531/inc/Handle_Law_Composite.hxx
+M Law:pubinclude:Law_Composite.hxx /dn43/OCCT/tmp/results_31.05.2011/occt/release-sources-20110531/inc/Law_Composite.hxx
+M Law:privinclude:Law_Composite.jxx /dn43/OCCT/tmp/results_31.05.2011/occt/release-sources-20110531/drv/Law/Law_Composite.jxx
+M Law:privinclude:Law_Composite.ixx /dn43/OCCT/tmp/results_31.05.2011/occt/release-sources-20110531/drv/Law/Law_Composite.ixx
+M Law:pubinclude:Law_BSplineKnotSplitting.hxx /dn43/OCCT/tmp/results_31.05.2011/occt/release-sources-20110531/inc/Law_BSplineKnotSplitting.hxx
+M Law:privinclude:Law_BSplineKnotSplitting.jxx /dn43/OCCT/tmp/results_31.05.2011/occt/release-sources-20110531/drv/Law/Law_BSplineKnotSplitting.jxx
+M Law:privinclude:Law_BSplineKnotSplitting.ixx /dn43/OCCT/tmp/results_31.05.2011/occt/release-sources-20110531/drv/Law/Law_BSplineKnotSplitting.ixx
+M Law:pubinclude:Handle_Law_ListNodeOfLaws.hxx /dn43/OCCT/tmp/results_31.05.2011/occt/release-sources-20110531/inc/Handle_Law_ListNodeOfLaws.hxx
+M Law:pubinclude:Law_ListNodeOfLaws.hxx /dn43/OCCT/tmp/results_31.05.2011/occt/release-sources-20110531/inc/Law_ListNodeOfLaws.hxx
+M Law:derivated:Law_ListNodeOfLaws_0.cxx /dn43/OCCT/tmp/results_31.05.2011/occt/release-sources-20110531/drv/Law/Law_ListNodeOfLaws_0.cxx
+M Law:pubinclude:Law_ListIteratorOfLaws.hxx /dn43/OCCT/tmp/results_31.05.2011/occt/release-sources-20110531/inc/Law_ListIteratorOfLaws.hxx
+M Law:derivated:Law_ListIteratorOfLaws_0.cxx /dn43/OCCT/tmp/results_31.05.2011/occt/release-sources-20110531/drv/Law/Law_ListIteratorOfLaws_0.cxx
+M Law:dbadmfile:Law_xcpp_header.In /dn43/OCCT/tmp/results_31.05.2011/occt/release-sources-20110531/drv/Law/.adm/Law_xcpp_header.In
+M Law:dbadmfile:Law_xcpp_header.Out /dn43/OCCT/tmp/results_31.05.2011/occt/release-sources-20110531/drv/Law/.adm/Law_xcpp_header.Out
+M Law:dbadmfile:Law_xcpp_header.Dep /dn43/OCCT/tmp/results_31.05.2011/occt/release-sources-20110531/drv/Law/.adm/Law_xcpp_header.Dep
