+M GC:pubinclude:GC_Root.hxx /dn43/OCCT/tmp/results_28.02.2011/occt/release-sources-20110228/inc/GC_Root.hxx
+M GC:privinclude:GC_Root.jxx /dn43/OCCT/tmp/results_28.02.2011/occt/release-sources-20110228/drv/GC/GC_Root.jxx
+M GC:privinclude:GC_Root.ixx /dn43/OCCT/tmp/results_28.02.2011/occt/release-sources-20110228/drv/GC/GC_Root.ixx
+M GC:pubinclude:GC_MakeLine.hxx /dn43/OCCT/tmp/results_28.02.2011/occt/release-sources-20110228/inc/GC_MakeLine.hxx
+M GC:privinclude:GC_MakeLine.jxx /dn43/OCCT/tmp/results_28.02.2011/occt/release-sources-20110228/drv/GC/GC_MakeLine.jxx
+M GC:privinclude:GC_MakeLine.ixx /dn43/OCCT/tmp/results_28.02.2011/occt/release-sources-20110228/drv/GC/GC_MakeLine.ixx
+M GC:pubinclude:GC_MakeCircle.hxx /dn43/OCCT/tmp/results_28.02.2011/occt/release-sources-20110228/inc/GC_MakeCircle.hxx
+M GC:privinclude:GC_MakeCircle.jxx /dn43/OCCT/tmp/results_28.02.2011/occt/release-sources-20110228/drv/GC/GC_MakeCircle.jxx
+M GC:privinclude:GC_MakeCircle.ixx /dn43/OCCT/tmp/results_28.02.2011/occt/release-sources-20110228/drv/GC/GC_MakeCircle.ixx
+M GC:pubinclude:GC_MakeHyperbola.hxx /dn43/OCCT/tmp/results_28.02.2011/occt/release-sources-20110228/inc/GC_MakeHyperbola.hxx
+M GC:privinclude:GC_MakeHyperbola.jxx /dn43/OCCT/tmp/results_28.02.2011/occt/release-sources-20110228/drv/GC/GC_MakeHyperbola.jxx
+M GC:privinclude:GC_MakeHyperbola.ixx /dn43/OCCT/tmp/results_28.02.2011/occt/release-sources-20110228/drv/GC/GC_MakeHyperbola.ixx
+M GC:pubinclude:GC_MakeEllipse.hxx /dn43/OCCT/tmp/results_28.02.2011/occt/release-sources-20110228/inc/GC_MakeEllipse.hxx
+M GC:privinclude:GC_MakeEllipse.jxx /dn43/OCCT/tmp/results_28.02.2011/occt/release-sources-20110228/drv/GC/GC_MakeEllipse.jxx
+M GC:privinclude:GC_MakeEllipse.ixx /dn43/OCCT/tmp/results_28.02.2011/occt/release-sources-20110228/drv/GC/GC_MakeEllipse.ixx
+M GC:pubinclude:GC_MakeSegment.hxx /dn43/OCCT/tmp/results_28.02.2011/occt/release-sources-20110228/inc/GC_MakeSegment.hxx
+M GC:privinclude:GC_MakeSegment.jxx /dn43/OCCT/tmp/results_28.02.2011/occt/release-sources-20110228/drv/GC/GC_MakeSegment.jxx
+M GC:privinclude:GC_MakeSegment.ixx /dn43/OCCT/tmp/results_28.02.2011/occt/release-sources-20110228/drv/GC/GC_MakeSegment.ixx
+M GC:pubinclude:GC_MakeArcOfCircle.hxx /dn43/OCCT/tmp/results_28.02.2011/occt/release-sources-20110228/inc/GC_MakeArcOfCircle.hxx
+M GC:privinclude:GC_MakeArcOfCircle.jxx /dn43/OCCT/tmp/results_28.02.2011/occt/release-sources-20110228/drv/GC/GC_MakeArcOfCircle.jxx
+M GC:privinclude:GC_MakeArcOfCircle.ixx /dn43/OCCT/tmp/results_28.02.2011/occt/release-sources-20110228/drv/GC/GC_MakeArcOfCircle.ixx
+M GC:pubinclude:GC_MakeArcOfEllipse.hxx /dn43/OCCT/tmp/results_28.02.2011/occt/release-sources-20110228/inc/GC_MakeArcOfEllipse.hxx
+M GC:privinclude:GC_MakeArcOfEllipse.jxx /dn43/OCCT/tmp/results_28.02.2011/occt/release-sources-20110228/drv/GC/GC_MakeArcOfEllipse.jxx
+M GC:privinclude:GC_MakeArcOfEllipse.ixx /dn43/OCCT/tmp/results_28.02.2011/occt/release-sources-20110228/drv/GC/GC_MakeArcOfEllipse.ixx
+M GC:pubinclude:GC_MakeArcOfHyperbola.hxx /dn43/OCCT/tmp/results_28.02.2011/occt/release-sources-20110228/inc/GC_MakeArcOfHyperbola.hxx
+M GC:privinclude:GC_MakeArcOfHyperbola.jxx /dn43/OCCT/tmp/results_28.02.2011/occt/release-sources-20110228/drv/GC/GC_MakeArcOfHyperbola.jxx
+M GC:privinclude:GC_MakeArcOfHyperbola.ixx /dn43/OCCT/tmp/results_28.02.2011/occt/release-sources-20110228/drv/GC/GC_MakeArcOfHyperbola.ixx
+M GC:pubinclude:GC_MakeArcOfParabola.hxx /dn43/OCCT/tmp/results_28.02.2011/occt/release-sources-20110228/inc/GC_MakeArcOfParabola.hxx
+M GC:privinclude:GC_MakeArcOfParabola.jxx /dn43/OCCT/tmp/results_28.02.2011/occt/release-sources-20110228/drv/GC/GC_MakeArcOfParabola.jxx
+M GC:privinclude:GC_MakeArcOfParabola.ixx /dn43/OCCT/tmp/results_28.02.2011/occt/release-sources-20110228/drv/GC/GC_MakeArcOfParabola.ixx
+M GC:pubinclude:GC_MakePlane.hxx /dn43/OCCT/tmp/results_28.02.2011/occt/release-sources-20110228/inc/GC_MakePlane.hxx
+M GC:privinclude:GC_MakePlane.jxx /dn43/OCCT/tmp/results_28.02.2011/occt/release-sources-20110228/drv/GC/GC_MakePlane.jxx
+M GC:privinclude:GC_MakePlane.ixx /dn43/OCCT/tmp/results_28.02.2011/occt/release-sources-20110228/drv/GC/GC_MakePlane.ixx
+M GC:pubinclude:GC_MakeCylindricalSurface.hxx /dn43/OCCT/tmp/results_28.02.2011/occt/release-sources-20110228/inc/GC_MakeCylindricalSurface.hxx
+M GC:privinclude:GC_MakeCylindricalSurface.jxx /dn43/OCCT/tmp/results_28.02.2011/occt/release-sources-20110228/drv/GC/GC_MakeCylindricalSurface.jxx
+M GC:privinclude:GC_MakeCylindricalSurface.ixx /dn43/OCCT/tmp/results_28.02.2011/occt/release-sources-20110228/drv/GC/GC_MakeCylindricalSurface.ixx
+M GC:pubinclude:GC_MakeConicalSurface.hxx /dn43/OCCT/tmp/results_28.02.2011/occt/release-sources-20110228/inc/GC_MakeConicalSurface.hxx
+M GC:privinclude:GC_MakeConicalSurface.jxx /dn43/OCCT/tmp/results_28.02.2011/occt/release-sources-20110228/drv/GC/GC_MakeConicalSurface.jxx
+M GC:privinclude:GC_MakeConicalSurface.ixx /dn43/OCCT/tmp/results_28.02.2011/occt/release-sources-20110228/drv/GC/GC_MakeConicalSurface.ixx
+M GC:pubinclude:GC_MakeTrimmedCylinder.hxx /dn43/OCCT/tmp/results_28.02.2011/occt/release-sources-20110228/inc/GC_MakeTrimmedCylinder.hxx
+M GC:privinclude:GC_MakeTrimmedCylinder.jxx /dn43/OCCT/tmp/results_28.02.2011/occt/release-sources-20110228/drv/GC/GC_MakeTrimmedCylinder.jxx
+M GC:privinclude:GC_MakeTrimmedCylinder.ixx /dn43/OCCT/tmp/results_28.02.2011/occt/release-sources-20110228/drv/GC/GC_MakeTrimmedCylinder.ixx
+M GC:pubinclude:GC_MakeTrimmedCone.hxx /dn43/OCCT/tmp/results_28.02.2011/occt/release-sources-20110228/inc/GC_MakeTrimmedCone.hxx
+M GC:privinclude:GC_MakeTrimmedCone.jxx /dn43/OCCT/tmp/results_28.02.2011/occt/release-sources-20110228/drv/GC/GC_MakeTrimmedCone.jxx
+M GC:privinclude:GC_MakeTrimmedCone.ixx /dn43/OCCT/tmp/results_28.02.2011/occt/release-sources-20110228/drv/GC/GC_MakeTrimmedCone.ixx
+M GC:pubinclude:GC_MakeTranslation.hxx /dn43/OCCT/tmp/results_28.02.2011/occt/release-sources-20110228/inc/GC_MakeTranslation.hxx
+M GC:privinclude:GC_MakeTranslation.jxx /dn43/OCCT/tmp/results_28.02.2011/occt/release-sources-20110228/drv/GC/GC_MakeTranslation.jxx
+M GC:privinclude:GC_MakeTranslation.ixx /dn43/OCCT/tmp/results_28.02.2011/occt/release-sources-20110228/drv/GC/GC_MakeTranslation.ixx
+M GC:pubinclude:GC_MakeMirror.hxx /dn43/OCCT/tmp/results_28.02.2011/occt/release-sources-20110228/inc/GC_MakeMirror.hxx
+M GC:privinclude:GC_MakeMirror.jxx /dn43/OCCT/tmp/results_28.02.2011/occt/release-sources-20110228/drv/GC/GC_MakeMirror.jxx
+M GC:privinclude:GC_MakeMirror.ixx /dn43/OCCT/tmp/results_28.02.2011/occt/release-sources-20110228/drv/GC/GC_MakeMirror.ixx
+M GC:pubinclude:GC_MakeRotation.hxx /dn43/OCCT/tmp/results_28.02.2011/occt/release-sources-20110228/inc/GC_MakeRotation.hxx
+M GC:privinclude:GC_MakeRotation.jxx /dn43/OCCT/tmp/results_28.02.2011/occt/release-sources-20110228/drv/GC/GC_MakeRotation.jxx
+M GC:privinclude:GC_MakeRotation.ixx /dn43/OCCT/tmp/results_28.02.2011/occt/release-sources-20110228/drv/GC/GC_MakeRotation.ixx
+M GC:pubinclude:GC_MakeScale.hxx /dn43/OCCT/tmp/results_28.02.2011/occt/release-sources-20110228/inc/GC_MakeScale.hxx
+M GC:privinclude:GC_MakeScale.jxx /dn43/OCCT/tmp/results_28.02.2011/occt/release-sources-20110228/drv/GC/GC_MakeScale.jxx
+M GC:privinclude:GC_MakeScale.ixx /dn43/OCCT/tmp/results_28.02.2011/occt/release-sources-20110228/drv/GC/GC_MakeScale.ixx
+M GC:dbadmfile:GC_xcpp_header.In /dn43/OCCT/tmp/results_28.02.2011/occt/release-sources-20110228/drv/GC/.adm/GC_xcpp_header.In
+M GC:dbadmfile:GC_xcpp_header.Out /dn43/OCCT/tmp/results_28.02.2011/occt/release-sources-20110228/drv/GC/.adm/GC_xcpp_header.Out
+M GC:dbadmfile:GC_xcpp_header.Dep /dn43/OCCT/tmp/results_28.02.2011/occt/release-sources-20110228/drv/GC/.adm/GC_xcpp_header.Dep
