+M StepToTopoDS:pubinclude:StepToTopoDS.hxx /dn43/OCCT/tmp/results_31.05.2011/occt/release-sources-20110531/inc/StepToTopoDS.hxx
+M StepToTopoDS:privinclude:StepToTopoDS.jxx /dn43/OCCT/tmp/results_31.05.2011/occt/release-sources-20110531/drv/StepToTopoDS/StepToTopoDS.jxx
+M StepToTopoDS:privinclude:StepToTopoDS.ixx /dn43/OCCT/tmp/results_31.05.2011/occt/release-sources-20110531/drv/StepToTopoDS/StepToTopoDS.ixx
+M StepToTopoDS:pubinclude:StepToTopoDS_Root.hxx /dn43/OCCT/tmp/results_31.05.2011/occt/release-sources-20110531/inc/StepToTopoDS_Root.hxx
+M StepToTopoDS:privinclude:StepToTopoDS_Root.jxx /dn43/OCCT/tmp/results_31.05.2011/occt/release-sources-20110531/drv/StepToTopoDS/StepToTopoDS_Root.jxx
+M StepToTopoDS:privinclude:StepToTopoDS_Root.ixx /dn43/OCCT/tmp/results_31.05.2011/occt/release-sources-20110531/drv/StepToTopoDS/StepToTopoDS_Root.ixx
+M StepToTopoDS:pubinclude:StepToTopoDS_TranslateShell.hxx /dn43/OCCT/tmp/results_31.05.2011/occt/release-sources-20110531/inc/StepToTopoDS_TranslateShell.hxx
+M StepToTopoDS:privinclude:StepToTopoDS_TranslateShell.jxx /dn43/OCCT/tmp/results_31.05.2011/occt/release-sources-20110531/drv/StepToTopoDS/StepToTopoDS_TranslateShell.jxx
+M StepToTopoDS:privinclude:StepToTopoDS_TranslateShell.ixx /dn43/OCCT/tmp/results_31.05.2011/occt/release-sources-20110531/drv/StepToTopoDS/StepToTopoDS_TranslateShell.ixx
+M StepToTopoDS:pubinclude:StepToTopoDS_TranslateFace.hxx /dn43/OCCT/tmp/results_31.05.2011/occt/release-sources-20110531/inc/StepToTopoDS_TranslateFace.hxx
+M StepToTopoDS:privinclude:StepToTopoDS_TranslateFace.jxx /dn43/OCCT/tmp/results_31.05.2011/occt/release-sources-20110531/drv/StepToTopoDS/StepToTopoDS_TranslateFace.jxx
+M StepToTopoDS:privinclude:StepToTopoDS_TranslateFace.ixx /dn43/OCCT/tmp/results_31.05.2011/occt/release-sources-20110531/drv/StepToTopoDS/StepToTopoDS_TranslateFace.ixx
+M StepToTopoDS:pubinclude:StepToTopoDS_TranslateEdgeLoop.hxx /dn43/OCCT/tmp/results_31.05.2011/occt/release-sources-20110531/inc/StepToTopoDS_TranslateEdgeLoop.hxx
+M StepToTopoDS:privinclude:StepToTopoDS_TranslateEdgeLoop.jxx /dn43/OCCT/tmp/results_31.05.2011/occt/release-sources-20110531/drv/StepToTopoDS/StepToTopoDS_TranslateEdgeLoop.jxx
+M StepToTopoDS:privinclude:StepToTopoDS_TranslateEdgeLoop.ixx /dn43/OCCT/tmp/results_31.05.2011/occt/release-sources-20110531/drv/StepToTopoDS/StepToTopoDS_TranslateEdgeLoop.ixx
+M StepToTopoDS:pubinclude:StepToTopoDS_TranslateEdge.hxx /dn43/OCCT/tmp/results_31.05.2011/occt/release-sources-20110531/inc/StepToTopoDS_TranslateEdge.hxx
+M StepToTopoDS:privinclude:StepToTopoDS_TranslateEdge.jxx /dn43/OCCT/tmp/results_31.05.2011/occt/release-sources-20110531/drv/StepToTopoDS/StepToTopoDS_TranslateEdge.jxx
+M StepToTopoDS:privinclude:StepToTopoDS_TranslateEdge.ixx /dn43/OCCT/tmp/results_31.05.2011/occt/release-sources-20110531/drv/StepToTopoDS/StepToTopoDS_TranslateEdge.ixx
+M StepToTopoDS:pubinclude:StepToTopoDS_TranslateVertex.hxx /dn43/OCCT/tmp/results_31.05.2011/occt/release-sources-20110531/inc/StepToTopoDS_TranslateVertex.hxx
+M StepToTopoDS:privinclude:StepToTopoDS_TranslateVertex.jxx /dn43/OCCT/tmp/results_31.05.2011/occt/release-sources-20110531/drv/StepToTopoDS/StepToTopoDS_TranslateVertex.jxx
+M StepToTopoDS:privinclude:StepToTopoDS_TranslateVertex.ixx /dn43/OCCT/tmp/results_31.05.2011/occt/release-sources-20110531/drv/StepToTopoDS/StepToTopoDS_TranslateVertex.ixx
+M StepToTopoDS:pubinclude:StepToTopoDS_TranslatePolyLoop.hxx /dn43/OCCT/tmp/results_31.05.2011/occt/release-sources-20110531/inc/StepToTopoDS_TranslatePolyLoop.hxx
+M StepToTopoDS:privinclude:StepToTopoDS_TranslatePolyLoop.jxx /dn43/OCCT/tmp/results_31.05.2011/occt/release-sources-20110531/drv/StepToTopoDS/StepToTopoDS_TranslatePolyLoop.jxx
+M StepToTopoDS:privinclude:StepToTopoDS_TranslatePolyLoop.ixx /dn43/OCCT/tmp/results_31.05.2011/occt/release-sources-20110531/drv/StepToTopoDS/StepToTopoDS_TranslatePolyLoop.ixx
+M StepToTopoDS:pubinclude:StepToTopoDS_TranslateVertexLoop.hxx /dn43/OCCT/tmp/results_31.05.2011/occt/release-sources-20110531/inc/StepToTopoDS_TranslateVertexLoop.hxx
+M StepToTopoDS:privinclude:StepToTopoDS_TranslateVertexLoop.jxx /dn43/OCCT/tmp/results_31.05.2011/occt/release-sources-20110531/drv/StepToTopoDS/StepToTopoDS_TranslateVertexLoop.jxx
+M StepToTopoDS:privinclude:StepToTopoDS_TranslateVertexLoop.ixx /dn43/OCCT/tmp/results_31.05.2011/occt/release-sources-20110531/drv/StepToTopoDS/StepToTopoDS_TranslateVertexLoop.ixx
+M StepToTopoDS:pubinclude:StepToTopoDS_TranslateCompositeCurve.hxx /dn43/OCCT/tmp/results_31.05.2011/occt/release-sources-20110531/inc/StepToTopoDS_TranslateCompositeCurve.hxx
+M StepToTopoDS:privinclude:StepToTopoDS_TranslateCompositeCurve.jxx /dn43/OCCT/tmp/results_31.05.2011/occt/release-sources-20110531/drv/StepToTopoDS/StepToTopoDS_TranslateCompositeCurve.jxx
+M StepToTopoDS:privinclude:StepToTopoDS_TranslateCompositeCurve.ixx /dn43/OCCT/tmp/results_31.05.2011/occt/release-sources-20110531/drv/StepToTopoDS/StepToTopoDS_TranslateCompositeCurve.ixx
+M StepToTopoDS:pubinclude:StepToTopoDS_TranslateCurveBoundedSurface.hxx /dn43/OCCT/tmp/results_31.05.2011/occt/release-sources-20110531/inc/StepToTopoDS_TranslateCurveBoundedSurface.hxx
+M StepToTopoDS:privinclude:StepToTopoDS_TranslateCurveBoundedSurface.jxx /dn43/OCCT/tmp/results_31.05.2011/occt/release-sources-20110531/drv/StepToTopoDS/StepToTopoDS_TranslateCurveBoundedSurface.jxx
+M StepToTopoDS:privinclude:StepToTopoDS_TranslateCurveBoundedSurface.ixx /dn43/OCCT/tmp/results_31.05.2011/occt/release-sources-20110531/drv/StepToTopoDS/StepToTopoDS_TranslateCurveBoundedSurface.ixx
+M StepToTopoDS:pubinclude:StepToTopoDS_Builder.hxx /dn43/OCCT/tmp/results_31.05.2011/occt/release-sources-20110531/inc/StepToTopoDS_Builder.hxx
+M StepToTopoDS:privinclude:StepToTopoDS_Builder.jxx /dn43/OCCT/tmp/results_31.05.2011/occt/release-sources-20110531/drv/StepToTopoDS/StepToTopoDS_Builder.jxx
+M StepToTopoDS:privinclude:StepToTopoDS_Builder.ixx /dn43/OCCT/tmp/results_31.05.2011/occt/release-sources-20110531/drv/StepToTopoDS/StepToTopoDS_Builder.ixx
+M StepToTopoDS:pubinclude:StepToTopoDS_MakeTransformed.hxx /dn43/OCCT/tmp/results_31.05.2011/occt/release-sources-20110531/inc/StepToTopoDS_MakeTransformed.hxx
+M StepToTopoDS:privinclude:StepToTopoDS_MakeTransformed.jxx /dn43/OCCT/tmp/results_31.05.2011/occt/release-sources-20110531/drv/StepToTopoDS/StepToTopoDS_MakeTransformed.jxx
+M StepToTopoDS:privinclude:StepToTopoDS_MakeTransformed.ixx /dn43/OCCT/tmp/results_31.05.2011/occt/release-sources-20110531/drv/StepToTopoDS/StepToTopoDS_MakeTransformed.ixx
+M StepToTopoDS:pubinclude:StepToTopoDS_GeometricTool.hxx /dn43/OCCT/tmp/results_31.05.2011/occt/release-sources-20110531/inc/StepToTopoDS_GeometricTool.hxx
+M StepToTopoDS:privinclude:StepToTopoDS_GeometricTool.jxx /dn43/OCCT/tmp/results_31.05.2011/occt/release-sources-20110531/drv/StepToTopoDS/StepToTopoDS_GeometricTool.jxx
+M StepToTopoDS:privinclude:StepToTopoDS_GeometricTool.ixx /dn43/OCCT/tmp/results_31.05.2011/occt/release-sources-20110531/drv/StepToTopoDS/StepToTopoDS_GeometricTool.ixx
+M StepToTopoDS:pubinclude:StepToTopoDS_Tool.hxx /dn43/OCCT/tmp/results_31.05.2011/occt/release-sources-20110531/inc/StepToTopoDS_Tool.hxx
+M StepToTopoDS:privinclude:StepToTopoDS_Tool.jxx /dn43/OCCT/tmp/results_31.05.2011/occt/release-sources-20110531/drv/StepToTopoDS/StepToTopoDS_Tool.jxx
+M StepToTopoDS:privinclude:StepToTopoDS_Tool.ixx /dn43/OCCT/tmp/results_31.05.2011/occt/release-sources-20110531/drv/StepToTopoDS/StepToTopoDS_Tool.ixx
+M StepToTopoDS:pubinclude:StepToTopoDS_CartesianPointHasher.hxx /dn43/OCCT/tmp/results_31.05.2011/occt/release-sources-20110531/inc/StepToTopoDS_CartesianPointHasher.hxx
+M StepToTopoDS:privinclude:StepToTopoDS_CartesianPointHasher.jxx /dn43/OCCT/tmp/results_31.05.2011/occt/release-sources-20110531/drv/StepToTopoDS/StepToTopoDS_CartesianPointHasher.jxx
+M StepToTopoDS:privinclude:StepToTopoDS_CartesianPointHasher.ixx /dn43/OCCT/tmp/results_31.05.2011/occt/release-sources-20110531/drv/StepToTopoDS/StepToTopoDS_CartesianPointHasher.ixx
+M StepToTopoDS:pubinclude:StepToTopoDS_PointPair.hxx /dn43/OCCT/tmp/results_31.05.2011/occt/release-sources-20110531/inc/StepToTopoDS_PointPair.hxx
+M StepToTopoDS:privinclude:StepToTopoDS_PointPair.jxx /dn43/OCCT/tmp/results_31.05.2011/occt/release-sources-20110531/drv/StepToTopoDS/StepToTopoDS_PointPair.jxx
+M StepToTopoDS:privinclude:StepToTopoDS_PointPair.ixx /dn43/OCCT/tmp/results_31.05.2011/occt/release-sources-20110531/drv/StepToTopoDS/StepToTopoDS_PointPair.ixx
+M StepToTopoDS:pubinclude:StepToTopoDS_PointPairHasher.hxx /dn43/OCCT/tmp/results_31.05.2011/occt/release-sources-20110531/inc/StepToTopoDS_PointPairHasher.hxx
+M StepToTopoDS:privinclude:StepToTopoDS_PointPairHasher.jxx /dn43/OCCT/tmp/results_31.05.2011/occt/release-sources-20110531/drv/StepToTopoDS/StepToTopoDS_PointPairHasher.jxx
+M StepToTopoDS:privinclude:StepToTopoDS_PointPairHasher.ixx /dn43/OCCT/tmp/results_31.05.2011/occt/release-sources-20110531/drv/StepToTopoDS/StepToTopoDS_PointPairHasher.ixx
+M StepToTopoDS:pubinclude:StepToTopoDS_NMTool.hxx /dn43/OCCT/tmp/results_31.05.2011/occt/release-sources-20110531/inc/StepToTopoDS_NMTool.hxx
+M StepToTopoDS:privinclude:StepToTopoDS_NMTool.jxx /dn43/OCCT/tmp/results_31.05.2011/occt/release-sources-20110531/drv/StepToTopoDS/StepToTopoDS_NMTool.jxx
+M StepToTopoDS:privinclude:StepToTopoDS_NMTool.ixx /dn43/OCCT/tmp/results_31.05.2011/occt/release-sources-20110531/drv/StepToTopoDS/StepToTopoDS_NMTool.ixx
+M StepToTopoDS:pubinclude:StepToTopoDS_DataMapOfRI.hxx /dn43/OCCT/tmp/results_31.05.2011/occt/release-sources-20110531/inc/StepToTopoDS_DataMapOfRI.hxx
+M StepToTopoDS:derivated:StepToTopoDS_DataMapOfRI_0.cxx /dn43/OCCT/tmp/results_31.05.2011/occt/release-sources-20110531/drv/StepToTopoDS/StepToTopoDS_DataMapOfRI_0.cxx
+M StepToTopoDS:pubinclude:StepToTopoDS_DataMapOfRINames.hxx /dn43/OCCT/tmp/results_31.05.2011/occt/release-sources-20110531/inc/StepToTopoDS_DataMapOfRINames.hxx
+M StepToTopoDS:derivated:StepToTopoDS_DataMapOfRINames_0.cxx /dn43/OCCT/tmp/results_31.05.2011/occt/release-sources-20110531/drv/StepToTopoDS/StepToTopoDS_DataMapOfRINames_0.cxx
+M StepToTopoDS:pubinclude:StepToTopoDS_DataMapOfTRI.hxx /dn43/OCCT/tmp/results_31.05.2011/occt/release-sources-20110531/inc/StepToTopoDS_DataMapOfTRI.hxx
+M StepToTopoDS:derivated:StepToTopoDS_DataMapOfTRI_0.cxx /dn43/OCCT/tmp/results_31.05.2011/occt/release-sources-20110531/drv/StepToTopoDS/StepToTopoDS_DataMapOfTRI_0.cxx
+M StepToTopoDS:pubinclude:StepToTopoDS_PointEdgeMap.hxx /dn43/OCCT/tmp/results_31.05.2011/occt/release-sources-20110531/inc/StepToTopoDS_PointEdgeMap.hxx
+M StepToTopoDS:derivated:StepToTopoDS_PointEdgeMap_0.cxx /dn43/OCCT/tmp/results_31.05.2011/occt/release-sources-20110531/drv/StepToTopoDS/StepToTopoDS_PointEdgeMap_0.cxx
+M StepToTopoDS:pubinclude:StepToTopoDS_PointVertexMap.hxx /dn43/OCCT/tmp/results_31.05.2011/occt/release-sources-20110531/inc/StepToTopoDS_PointVertexMap.hxx
+M StepToTopoDS:derivated:StepToTopoDS_PointVertexMap_0.cxx /dn43/OCCT/tmp/results_31.05.2011/occt/release-sources-20110531/drv/StepToTopoDS/StepToTopoDS_PointVertexMap_0.cxx
+M StepToTopoDS:pubinclude:Handle_StepToTopoDS_DataMapNodeOfDataMapOfRI.hxx /dn43/OCCT/tmp/results_31.05.2011/occt/release-sources-20110531/inc/Handle_StepToTopoDS_DataMapNodeOfDataMapOfRI.hxx
+M StepToTopoDS:pubinclude:StepToTopoDS_DataMapNodeOfDataMapOfRI.hxx /dn43/OCCT/tmp/results_31.05.2011/occt/release-sources-20110531/inc/StepToTopoDS_DataMapNodeOfDataMapOfRI.hxx
+M StepToTopoDS:derivated:StepToTopoDS_DataMapNodeOfDataMapOfRI_0.cxx /dn43/OCCT/tmp/results_31.05.2011/occt/release-sources-20110531/drv/StepToTopoDS/StepToTopoDS_DataMapNodeOfDataMapOfRI_0.cxx
+M StepToTopoDS:pubinclude:StepToTopoDS_DataMapIteratorOfDataMapOfRI.hxx /dn43/OCCT/tmp/results_31.05.2011/occt/release-sources-20110531/inc/StepToTopoDS_DataMapIteratorOfDataMapOfRI.hxx
+M StepToTopoDS:derivated:StepToTopoDS_DataMapIteratorOfDataMapOfRI_0.cxx /dn43/OCCT/tmp/results_31.05.2011/occt/release-sources-20110531/drv/StepToTopoDS/StepToTopoDS_DataMapIteratorOfDataMapOfRI_0.cxx
+M StepToTopoDS:pubinclude:Handle_StepToTopoDS_DataMapNodeOfDataMapOfRINames.hxx /dn43/OCCT/tmp/results_31.05.2011/occt/release-sources-20110531/inc/Handle_StepToTopoDS_DataMapNodeOfDataMapOfRINames.hxx
+M StepToTopoDS:pubinclude:StepToTopoDS_DataMapNodeOfDataMapOfRINames.hxx /dn43/OCCT/tmp/results_31.05.2011/occt/release-sources-20110531/inc/StepToTopoDS_DataMapNodeOfDataMapOfRINames.hxx
+M StepToTopoDS:derivated:StepToTopoDS_DataMapNodeOfDataMapOfRINames_0.cxx /dn43/OCCT/tmp/results_31.05.2011/occt/release-sources-20110531/drv/StepToTopoDS/StepToTopoDS_DataMapNodeOfDataMapOfRINames_0.cxx
+M StepToTopoDS:pubinclude:StepToTopoDS_DataMapIteratorOfDataMapOfRINames.hxx /dn43/OCCT/tmp/results_31.05.2011/occt/release-sources-20110531/inc/StepToTopoDS_DataMapIteratorOfDataMapOfRINames.hxx
+M StepToTopoDS:derivated:StepToTopoDS_DataMapIteratorOfDataMapOfRINames_0.cxx /dn43/OCCT/tmp/results_31.05.2011/occt/release-sources-20110531/drv/StepToTopoDS/StepToTopoDS_DataMapIteratorOfDataMapOfRINames_0.cxx
+M StepToTopoDS:pubinclude:Handle_StepToTopoDS_DataMapNodeOfDataMapOfTRI.hxx /dn43/OCCT/tmp/results_31.05.2011/occt/release-sources-20110531/inc/Handle_StepToTopoDS_DataMapNodeOfDataMapOfTRI.hxx
+M StepToTopoDS:pubinclude:StepToTopoDS_DataMapNodeOfDataMapOfTRI.hxx /dn43/OCCT/tmp/results_31.05.2011/occt/release-sources-20110531/inc/StepToTopoDS_DataMapNodeOfDataMapOfTRI.hxx
+M StepToTopoDS:derivated:StepToTopoDS_DataMapNodeOfDataMapOfTRI_0.cxx /dn43/OCCT/tmp/results_31.05.2011/occt/release-sources-20110531/drv/StepToTopoDS/StepToTopoDS_DataMapNodeOfDataMapOfTRI_0.cxx
+M StepToTopoDS:pubinclude:StepToTopoDS_DataMapIteratorOfDataMapOfTRI.hxx /dn43/OCCT/tmp/results_31.05.2011/occt/release-sources-20110531/inc/StepToTopoDS_DataMapIteratorOfDataMapOfTRI.hxx
+M StepToTopoDS:derivated:StepToTopoDS_DataMapIteratorOfDataMapOfTRI_0.cxx /dn43/OCCT/tmp/results_31.05.2011/occt/release-sources-20110531/drv/StepToTopoDS/StepToTopoDS_DataMapIteratorOfDataMapOfTRI_0.cxx
+M StepToTopoDS:pubinclude:Handle_StepToTopoDS_DataMapNodeOfPointEdgeMap.hxx /dn43/OCCT/tmp/results_31.05.2011/occt/release-sources-20110531/inc/Handle_StepToTopoDS_DataMapNodeOfPointEdgeMap.hxx
+M StepToTopoDS:pubinclude:StepToTopoDS_DataMapNodeOfPointEdgeMap.hxx /dn43/OCCT/tmp/results_31.05.2011/occt/release-sources-20110531/inc/StepToTopoDS_DataMapNodeOfPointEdgeMap.hxx
+M StepToTopoDS:derivated:StepToTopoDS_DataMapNodeOfPointEdgeMap_0.cxx /dn43/OCCT/tmp/results_31.05.2011/occt/release-sources-20110531/drv/StepToTopoDS/StepToTopoDS_DataMapNodeOfPointEdgeMap_0.cxx
+M StepToTopoDS:pubinclude:StepToTopoDS_DataMapIteratorOfPointEdgeMap.hxx /dn43/OCCT/tmp/results_31.05.2011/occt/release-sources-20110531/inc/StepToTopoDS_DataMapIteratorOfPointEdgeMap.hxx
+M StepToTopoDS:derivated:StepToTopoDS_DataMapIteratorOfPointEdgeMap_0.cxx /dn43/OCCT/tmp/results_31.05.2011/occt/release-sources-20110531/drv/StepToTopoDS/StepToTopoDS_DataMapIteratorOfPointEdgeMap_0.cxx
+M StepToTopoDS:pubinclude:Handle_StepToTopoDS_DataMapNodeOfPointVertexMap.hxx /dn43/OCCT/tmp/results_31.05.2011/occt/release-sources-20110531/inc/Handle_StepToTopoDS_DataMapNodeOfPointVertexMap.hxx
+M StepToTopoDS:pubinclude:StepToTopoDS_DataMapNodeOfPointVertexMap.hxx /dn43/OCCT/tmp/results_31.05.2011/occt/release-sources-20110531/inc/StepToTopoDS_DataMapNodeOfPointVertexMap.hxx
+M StepToTopoDS:derivated:StepToTopoDS_DataMapNodeOfPointVertexMap_0.cxx /dn43/OCCT/tmp/results_31.05.2011/occt/release-sources-20110531/drv/StepToTopoDS/StepToTopoDS_DataMapNodeOfPointVertexMap_0.cxx
+M StepToTopoDS:pubinclude:StepToTopoDS_DataMapIteratorOfPointVertexMap.hxx /dn43/OCCT/tmp/results_31.05.2011/occt/release-sources-20110531/inc/StepToTopoDS_DataMapIteratorOfPointVertexMap.hxx
+M StepToTopoDS:derivated:StepToTopoDS_DataMapIteratorOfPointVertexMap_0.cxx /dn43/OCCT/tmp/results_31.05.2011/occt/release-sources-20110531/drv/StepToTopoDS/StepToTopoDS_DataMapIteratorOfPointVertexMap_0.cxx
+M StepToTopoDS:pubinclude:StepToTopoDS_BuilderError.hxx /dn43/OCCT/tmp/results_31.05.2011/occt/release-sources-20110531/inc/StepToTopoDS_BuilderError.hxx
+M StepToTopoDS:pubinclude:StepToTopoDS_TranslateShellError.hxx /dn43/OCCT/tmp/results_31.05.2011/occt/release-sources-20110531/inc/StepToTopoDS_TranslateShellError.hxx
+M StepToTopoDS:pubinclude:StepToTopoDS_TranslateFaceError.hxx /dn43/OCCT/tmp/results_31.05.2011/occt/release-sources-20110531/inc/StepToTopoDS_TranslateFaceError.hxx
+M StepToTopoDS:pubinclude:StepToTopoDS_TranslateEdgeLoopError.hxx /dn43/OCCT/tmp/results_31.05.2011/occt/release-sources-20110531/inc/StepToTopoDS_TranslateEdgeLoopError.hxx
+M StepToTopoDS:pubinclude:StepToTopoDS_TranslateEdgeError.hxx /dn43/OCCT/tmp/results_31.05.2011/occt/release-sources-20110531/inc/StepToTopoDS_TranslateEdgeError.hxx
+M StepToTopoDS:pubinclude:StepToTopoDS_TranslateVertexError.hxx /dn43/OCCT/tmp/results_31.05.2011/occt/release-sources-20110531/inc/StepToTopoDS_TranslateVertexError.hxx
+M StepToTopoDS:pubinclude:StepToTopoDS_TranslateVertexLoopError.hxx /dn43/OCCT/tmp/results_31.05.2011/occt/release-sources-20110531/inc/StepToTopoDS_TranslateVertexLoopError.hxx
+M StepToTopoDS:pubinclude:StepToTopoDS_TranslatePolyLoopError.hxx /dn43/OCCT/tmp/results_31.05.2011/occt/release-sources-20110531/inc/StepToTopoDS_TranslatePolyLoopError.hxx
+M StepToTopoDS:pubinclude:StepToTopoDS_GeometricToolError.hxx /dn43/OCCT/tmp/results_31.05.2011/occt/release-sources-20110531/inc/StepToTopoDS_GeometricToolError.hxx
+M StepToTopoDS:dbadmfile:StepToTopoDS_xcpp_header.In /dn43/OCCT/tmp/results_31.05.2011/occt/release-sources-20110531/drv/StepToTopoDS/.adm/StepToTopoDS_xcpp_header.In
+M StepToTopoDS:dbadmfile:StepToTopoDS_xcpp_header.Out /dn43/OCCT/tmp/results_31.05.2011/occt/release-sources-20110531/drv/StepToTopoDS/.adm/StepToTopoDS_xcpp_header.Out
+M StepToTopoDS:dbadmfile:StepToTopoDS_xcpp_header.Dep /dn43/OCCT/tmp/results_31.05.2011/occt/release-sources-20110531/drv/StepToTopoDS/.adm/StepToTopoDS_xcpp_header.Dep
