+M WNT:pubinclude:Degrees.hxx /dn43/OCCT/tmp/results_28.02.2011/occt/release-sources-20110228/inc/Degrees.hxx
+M WNT:pubinclude:EHDC.hxx /dn43/OCCT/tmp/results_28.02.2011/occt/release-sources-20110228/inc/EHDC.hxx
+M WNT:pubinclude:W32_Allocator.hxx /dn43/OCCT/tmp/results_28.02.2011/occt/release-sources-20110228/inc/W32_Allocator.hxx
+M WNT:pubinclude:W95_Allocator.hxx /dn43/OCCT/tmp/results_28.02.2011/occt/release-sources-20110228/inc/W95_Allocator.hxx
+M WNT:pubinclude:WNT_Allocator.hxx /dn43/OCCT/tmp/results_28.02.2011/occt/release-sources-20110228/inc/WNT_Allocator.hxx
+M WNT:pubinclude:WNT_ColorRef.hxx /dn43/OCCT/tmp/results_28.02.2011/occt/release-sources-20110228/inc/WNT_ColorRef.hxx
+M WNT:pubinclude:WNT_Dword.hxx /dn43/OCCT/tmp/results_28.02.2011/occt/release-sources-20110228/inc/WNT_Dword.hxx
+M WNT:pubinclude:WNT_LogFont.hxx /dn43/OCCT/tmp/results_28.02.2011/occt/release-sources-20110228/inc/WNT_LogFont.hxx
+M WNT:pubinclude:WNT_Long.hxx /dn43/OCCT/tmp/results_28.02.2011/occt/release-sources-20110228/inc/WNT_Long.hxx
+M WNT:pubinclude:WNT_MFTDraw.hxx /dn43/OCCT/tmp/results_28.02.2011/occt/release-sources-20110228/inc/WNT_MFTDraw.hxx
+M WNT:pubinclude:WNT_Uint.hxx /dn43/OCCT/tmp/results_28.02.2011/occt/release-sources-20110228/inc/WNT_Uint.hxx
+M WNT:pubinclude:WNT.h /dn43/OCCT/tmp/results_28.02.2011/occt/release-sources-20110228/inc/WNT.h
+M WNT:pubinclude:WNT_Bitmap.h /dn43/OCCT/tmp/results_28.02.2011/occt/release-sources-20110228/inc/WNT_Bitmap.h
+M WNT:pubinclude:WNT_WindowData.hxx /dn43/OCCT/tmp/results_28.02.2011/occt/release-sources-20110228/inc/WNT_WindowData.hxx
+M WNT:pubinclude:WNT_GraphicDevice.lxx /dn43/OCCT/tmp/results_28.02.2011/occt/release-sources-20110228/inc/WNT_GraphicDevice.lxx
+M WNT:pubinclude:WNT_Window.lxx /dn43/OCCT/tmp/results_28.02.2011/occt/release-sources-20110228/inc/WNT_Window.lxx
+M WNT:pubinclude:WNT_WClass.lxx /dn43/OCCT/tmp/results_28.02.2011/occt/release-sources-20110228/inc/WNT_WClass.lxx
+M WNT:pubinclude:WNT_FontMapEntry.lxx /dn43/OCCT/tmp/results_28.02.2011/occt/release-sources-20110228/inc/WNT_FontMapEntry.lxx
+M WNT:pubinclude:WNT_Image.lxx /dn43/OCCT/tmp/results_28.02.2011/occt/release-sources-20110228/inc/WNT_Image.lxx
+M WNT:dbadmfile:WNT_obj_inc.In /dn43/OCCT/tmp/results_28.02.2011/occt/release-sources-20110228/drv/WNT/.adm/WNT_obj_inc.In
+M WNT:dbadmfile:WNT_obj_inc.Out /dn43/OCCT/tmp/results_28.02.2011/occt/release-sources-20110228/drv/WNT/.adm/WNT_obj_inc.Out
+M WNT:dbadmfile:WNT_obj_inc.Dep /dn43/OCCT/tmp/results_28.02.2011/occt/release-sources-20110228/drv/WNT/.adm/WNT_obj_inc.Dep
