+M BRepApprox:pubinclude:Handle_BRepApprox_ApproxLine.hxx /dn43/OCCT/tmp/results_30.09.2011/occt/release-sources-20110930/inc/Handle_BRepApprox_ApproxLine.hxx
+M BRepApprox:pubinclude:BRepApprox_ApproxLine.hxx /dn43/OCCT/tmp/results_30.09.2011/occt/release-sources-20110930/inc/BRepApprox_ApproxLine.hxx
+M BRepApprox:derivated:BRepApprox_ApproxLine_0.cxx /dn43/OCCT/tmp/results_30.09.2011/occt/release-sources-20110930/drv/BRepApprox/BRepApprox_ApproxLine_0.cxx
+M BRepApprox:pubinclude:BRepApprox_SurfaceTool.hxx /dn43/OCCT/tmp/results_30.09.2011/occt/release-sources-20110930/inc/BRepApprox_SurfaceTool.hxx
+M BRepApprox:derivated:BRepApprox_SurfaceTool_0.cxx /dn43/OCCT/tmp/results_30.09.2011/occt/release-sources-20110930/drv/BRepApprox/BRepApprox_SurfaceTool_0.cxx
+M BRepApprox:pubinclude:BRepApprox_Approx.hxx /dn43/OCCT/tmp/results_30.09.2011/occt/release-sources-20110930/inc/BRepApprox_Approx.hxx
+M BRepApprox:derivated:BRepApprox_Approx_0.cxx /dn43/OCCT/tmp/results_30.09.2011/occt/release-sources-20110930/drv/BRepApprox/BRepApprox_Approx_0.cxx
+M BRepApprox:pubinclude:BRepApprox_TheFunctionOfTheInt2SOfThePrmPrmSvSurfacesOfApprox.hxx /dn43/OCCT/tmp/results_30.09.2011/occt/release-sources-20110930/inc/BRepApprox_TheFunctionOfTheInt2SOfThePrmPrmSvSurfacesOfApprox.hxx
+M BRepApprox:derivated:BRepApprox_TheFunctionOfTheInt2SOfThePrmPrmSvSurfacesOfApprox_0.cxx /dn43/OCCT/tmp/results_30.09.2011/occt/release-sources-20110930/drv/BRepApprox/BRepApprox_TheFunctionOfTheInt2SOfThePrmPrmSvSurfacesOfApprox_0.cxx
+M BRepApprox:pubinclude:BRepApprox_TheInt2SOfThePrmPrmSvSurfacesOfApprox.hxx /dn43/OCCT/tmp/results_30.09.2011/occt/release-sources-20110930/inc/BRepApprox_TheInt2SOfThePrmPrmSvSurfacesOfApprox.hxx
+M BRepApprox:derivated:BRepApprox_TheInt2SOfThePrmPrmSvSurfacesOfApprox_0.cxx /dn43/OCCT/tmp/results_30.09.2011/occt/release-sources-20110930/drv/BRepApprox/BRepApprox_TheInt2SOfThePrmPrmSvSurfacesOfApprox_0.cxx
+M BRepApprox:pubinclude:BRepApprox_ThePrmPrmSvSurfacesOfApprox.hxx /dn43/OCCT/tmp/results_30.09.2011/occt/release-sources-20110930/inc/BRepApprox_ThePrmPrmSvSurfacesOfApprox.hxx
+M BRepApprox:derivated:BRepApprox_ThePrmPrmSvSurfacesOfApprox_0.cxx /dn43/OCCT/tmp/results_30.09.2011/occt/release-sources-20110930/drv/BRepApprox/BRepApprox_ThePrmPrmSvSurfacesOfApprox_0.cxx
+M BRepApprox:pubinclude:BRepApprox_TheZerImpFuncOfTheImpPrmSvSurfacesOfApprox.hxx /dn43/OCCT/tmp/results_30.09.2011/occt/release-sources-20110930/inc/BRepApprox_TheZerImpFuncOfTheImpPrmSvSurfacesOfApprox.hxx
+M BRepApprox:derivated:BRepApprox_TheZerImpFuncOfTheImpPrmSvSurfacesOfApprox_0.cxx /dn43/OCCT/tmp/results_30.09.2011/occt/release-sources-20110930/drv/BRepApprox/BRepApprox_TheZerImpFuncOfTheImpPrmSvSurfacesOfApprox_0.cxx
+M BRepApprox:pubinclude:BRepApprox_TheImpPrmSvSurfacesOfApprox.hxx /dn43/OCCT/tmp/results_30.09.2011/occt/release-sources-20110930/inc/BRepApprox_TheImpPrmSvSurfacesOfApprox.hxx
+M BRepApprox:derivated:BRepApprox_TheImpPrmSvSurfacesOfApprox_0.cxx /dn43/OCCT/tmp/results_30.09.2011/occt/release-sources-20110930/drv/BRepApprox/BRepApprox_TheImpPrmSvSurfacesOfApprox_0.cxx
+M BRepApprox:pubinclude:BRepApprox_TheMultiLineOfApprox.hxx /dn43/OCCT/tmp/results_30.09.2011/occt/release-sources-20110930/inc/BRepApprox_TheMultiLineOfApprox.hxx
+M BRepApprox:derivated:BRepApprox_TheMultiLineOfApprox_0.cxx /dn43/OCCT/tmp/results_30.09.2011/occt/release-sources-20110930/drv/BRepApprox/BRepApprox_TheMultiLineOfApprox_0.cxx
+M BRepApprox:pubinclude:BRepApprox_TheMultiLineToolOfApprox.hxx /dn43/OCCT/tmp/results_30.09.2011/occt/release-sources-20110930/inc/BRepApprox_TheMultiLineToolOfApprox.hxx
+M BRepApprox:derivated:BRepApprox_TheMultiLineToolOfApprox_0.cxx /dn43/OCCT/tmp/results_30.09.2011/occt/release-sources-20110930/drv/BRepApprox/BRepApprox_TheMultiLineToolOfApprox_0.cxx
+M BRepApprox:pubinclude:BRepApprox_BSpParLeastSquareOfMyBSplGradientOfTheComputeLineOfApprox.hxx /dn43/OCCT/tmp/results_30.09.2011/occt/release-sources-20110930/inc/BRepApprox_BSpParLeastSquareOfMyBSplGradientOfTheComputeLineOfApprox.hxx
+M BRepApprox:derivated:BRepApprox_BSpParLeastSquareOfMyBSplGradientOfTheComputeLineOfApprox_0.cxx /dn43/OCCT/tmp/results_30.09.2011/occt/release-sources-20110930/drv/BRepApprox/BRepApprox_BSpParLeastSquareOfMyBSplGradientOfTheComputeLineOfApprox_0.cxx
+M BRepApprox:pubinclude:BRepApprox_BSpParFunctionOfMyBSplGradientOfTheComputeLineOfApprox.hxx /dn43/OCCT/tmp/results_30.09.2011/occt/release-sources-20110930/inc/BRepApprox_BSpParFunctionOfMyBSplGradientOfTheComputeLineOfApprox.hxx
+M BRepApprox:derivated:BRepApprox_BSpParFunctionOfMyBSplGradientOfTheComputeLineOfApprox_0.cxx /dn43/OCCT/tmp/results_30.09.2011/occt/release-sources-20110930/drv/BRepApprox/BRepApprox_BSpParFunctionOfMyBSplGradientOfTheComputeLineOfApprox_0.cxx
+M BRepApprox:pubinclude:BRepApprox_BSpGradient_BFGSOfMyBSplGradientOfTheComputeLineOfApprox.hxx /dn43/OCCT/tmp/results_30.09.2011/occt/release-sources-20110930/inc/BRepApprox_BSpGradient_BFGSOfMyBSplGradientOfTheComputeLineOfApprox.hxx
+M BRepApprox:derivated:BRepApprox_BSpGradient_BFGSOfMyBSplGradientOfTheComputeLineOfApprox_0.cxx /dn43/OCCT/tmp/results_30.09.2011/occt/release-sources-20110930/drv/BRepApprox/BRepApprox_BSpGradient_BFGSOfMyBSplGradientOfTheComputeLineOfApprox_0.cxx
+M BRepApprox:pubinclude:BRepApprox_MyBSplGradientOfTheComputeLineOfApprox.hxx /dn43/OCCT/tmp/results_30.09.2011/occt/release-sources-20110930/inc/BRepApprox_MyBSplGradientOfTheComputeLineOfApprox.hxx
+M BRepApprox:derivated:BRepApprox_MyBSplGradientOfTheComputeLineOfApprox_0.cxx /dn43/OCCT/tmp/results_30.09.2011/occt/release-sources-20110930/drv/BRepApprox/BRepApprox_MyBSplGradientOfTheComputeLineOfApprox_0.cxx
+M BRepApprox:pubinclude:BRepApprox_ParLeastSquareOfMyGradientbisOfTheComputeLineOfApprox.hxx /dn43/OCCT/tmp/results_30.09.2011/occt/release-sources-20110930/inc/BRepApprox_ParLeastSquareOfMyGradientbisOfTheComputeLineOfApprox.hxx
+M BRepApprox:derivated:BRepApprox_ParLeastSquareOfMyGradientbisOfTheComputeLineOfApprox_0.cxx /dn43/OCCT/tmp/results_30.09.2011/occt/release-sources-20110930/drv/BRepApprox/BRepApprox_ParLeastSquareOfMyGradientbisOfTheComputeLineOfApprox_0.cxx
+M BRepApprox:pubinclude:BRepApprox_ResConstraintOfMyGradientbisOfTheComputeLineOfApprox.hxx /dn43/OCCT/tmp/results_30.09.2011/occt/release-sources-20110930/inc/BRepApprox_ResConstraintOfMyGradientbisOfTheComputeLineOfApprox.hxx
+M BRepApprox:derivated:BRepApprox_ResConstraintOfMyGradientbisOfTheComputeLineOfApprox_0.cxx /dn43/OCCT/tmp/results_30.09.2011/occt/release-sources-20110930/drv/BRepApprox/BRepApprox_ResConstraintOfMyGradientbisOfTheComputeLineOfApprox_0.cxx
+M BRepApprox:pubinclude:BRepApprox_ParFunctionOfMyGradientbisOfTheComputeLineOfApprox.hxx /dn43/OCCT/tmp/results_30.09.2011/occt/release-sources-20110930/inc/BRepApprox_ParFunctionOfMyGradientbisOfTheComputeLineOfApprox.hxx
+M BRepApprox:derivated:BRepApprox_ParFunctionOfMyGradientbisOfTheComputeLineOfApprox_0.cxx /dn43/OCCT/tmp/results_30.09.2011/occt/release-sources-20110930/drv/BRepApprox/BRepApprox_ParFunctionOfMyGradientbisOfTheComputeLineOfApprox_0.cxx
+M BRepApprox:pubinclude:BRepApprox_Gradient_BFGSOfMyGradientbisOfTheComputeLineOfApprox.hxx /dn43/OCCT/tmp/results_30.09.2011/occt/release-sources-20110930/inc/BRepApprox_Gradient_BFGSOfMyGradientbisOfTheComputeLineOfApprox.hxx
+M BRepApprox:derivated:BRepApprox_Gradient_BFGSOfMyGradientbisOfTheComputeLineOfApprox_0.cxx /dn43/OCCT/tmp/results_30.09.2011/occt/release-sources-20110930/drv/BRepApprox/BRepApprox_Gradient_BFGSOfMyGradientbisOfTheComputeLineOfApprox_0.cxx
+M BRepApprox:pubinclude:BRepApprox_MyGradientbisOfTheComputeLineOfApprox.hxx /dn43/OCCT/tmp/results_30.09.2011/occt/release-sources-20110930/inc/BRepApprox_MyGradientbisOfTheComputeLineOfApprox.hxx
+M BRepApprox:derivated:BRepApprox_MyGradientbisOfTheComputeLineOfApprox_0.cxx /dn43/OCCT/tmp/results_30.09.2011/occt/release-sources-20110930/drv/BRepApprox/BRepApprox_MyGradientbisOfTheComputeLineOfApprox_0.cxx
+M BRepApprox:pubinclude:BRepApprox_TheComputeLineOfApprox.hxx /dn43/OCCT/tmp/results_30.09.2011/occt/release-sources-20110930/inc/BRepApprox_TheComputeLineOfApprox.hxx
+M BRepApprox:derivated:BRepApprox_TheComputeLineOfApprox_0.cxx /dn43/OCCT/tmp/results_30.09.2011/occt/release-sources-20110930/drv/BRepApprox/BRepApprox_TheComputeLineOfApprox_0.cxx
+M BRepApprox:pubinclude:BRepApprox_ParLeastSquareOfMyGradientOfTheComputeLineBezierOfApprox.hxx /dn43/OCCT/tmp/results_30.09.2011/occt/release-sources-20110930/inc/BRepApprox_ParLeastSquareOfMyGradientOfTheComputeLineBezierOfApprox.hxx
+M BRepApprox:derivated:BRepApprox_ParLeastSquareOfMyGradientOfTheComputeLineBezierOfApprox_0.cxx /dn43/OCCT/tmp/results_30.09.2011/occt/release-sources-20110930/drv/BRepApprox/BRepApprox_ParLeastSquareOfMyGradientOfTheComputeLineBezierOfApprox_0.cxx
+M BRepApprox:pubinclude:BRepApprox_ResConstraintOfMyGradientOfTheComputeLineBezierOfApprox.hxx /dn43/OCCT/tmp/results_30.09.2011/occt/release-sources-20110930/inc/BRepApprox_ResConstraintOfMyGradientOfTheComputeLineBezierOfApprox.hxx
+M BRepApprox:derivated:BRepApprox_ResConstraintOfMyGradientOfTheComputeLineBezierOfApprox_0.cxx /dn43/OCCT/tmp/results_30.09.2011/occt/release-sources-20110930/drv/BRepApprox/BRepApprox_ResConstraintOfMyGradientOfTheComputeLineBezierOfApprox_0.cxx
+M BRepApprox:pubinclude:BRepApprox_ParFunctionOfMyGradientOfTheComputeLineBezierOfApprox.hxx /dn43/OCCT/tmp/results_30.09.2011/occt/release-sources-20110930/inc/BRepApprox_ParFunctionOfMyGradientOfTheComputeLineBezierOfApprox.hxx
+M BRepApprox:derivated:BRepApprox_ParFunctionOfMyGradientOfTheComputeLineBezierOfApprox_0.cxx /dn43/OCCT/tmp/results_30.09.2011/occt/release-sources-20110930/drv/BRepApprox/BRepApprox_ParFunctionOfMyGradientOfTheComputeLineBezierOfApprox_0.cxx
+M BRepApprox:pubinclude:BRepApprox_Gradient_BFGSOfMyGradientOfTheComputeLineBezierOfApprox.hxx /dn43/OCCT/tmp/results_30.09.2011/occt/release-sources-20110930/inc/BRepApprox_Gradient_BFGSOfMyGradientOfTheComputeLineBezierOfApprox.hxx
+M BRepApprox:derivated:BRepApprox_Gradient_BFGSOfMyGradientOfTheComputeLineBezierOfApprox_0.cxx /dn43/OCCT/tmp/results_30.09.2011/occt/release-sources-20110930/drv/BRepApprox/BRepApprox_Gradient_BFGSOfMyGradientOfTheComputeLineBezierOfApprox_0.cxx
+M BRepApprox:pubinclude:BRepApprox_MyGradientOfTheComputeLineBezierOfApprox.hxx /dn43/OCCT/tmp/results_30.09.2011/occt/release-sources-20110930/inc/BRepApprox_MyGradientOfTheComputeLineBezierOfApprox.hxx
+M BRepApprox:derivated:BRepApprox_MyGradientOfTheComputeLineBezierOfApprox_0.cxx /dn43/OCCT/tmp/results_30.09.2011/occt/release-sources-20110930/drv/BRepApprox/BRepApprox_MyGradientOfTheComputeLineBezierOfApprox_0.cxx
+M BRepApprox:pubinclude:BRepApprox_TheComputeLineBezierOfApprox.hxx /dn43/OCCT/tmp/results_30.09.2011/occt/release-sources-20110930/inc/BRepApprox_TheComputeLineBezierOfApprox.hxx
+M BRepApprox:derivated:BRepApprox_TheComputeLineBezierOfApprox_0.cxx /dn43/OCCT/tmp/results_30.09.2011/occt/release-sources-20110930/drv/BRepApprox/BRepApprox_TheComputeLineBezierOfApprox_0.cxx
+M BRepApprox:dbadmfile:BRepApprox_xcpp_header.In /dn43/OCCT/tmp/results_30.09.2011/occt/release-sources-20110930/drv/BRepApprox/.adm/BRepApprox_xcpp_header.In
+M BRepApprox:dbadmfile:BRepApprox_xcpp_header.Out /dn43/OCCT/tmp/results_30.09.2011/occt/release-sources-20110930/drv/BRepApprox/.adm/BRepApprox_xcpp_header.Out
+M BRepApprox:dbadmfile:BRepApprox_xcpp_header.Dep /dn43/OCCT/tmp/results_30.09.2011/occt/release-sources-20110930/drv/BRepApprox/.adm/BRepApprox_xcpp_header.Dep
