+M RWHeaderSection:pubinclude:RWHeaderSection.hxx /dn43/OCCT/tmp/results_28.02.2011/occt/release-sources-20110228/inc/RWHeaderSection.hxx
+M RWHeaderSection:privinclude:RWHeaderSection.jxx /dn43/OCCT/tmp/results_28.02.2011/occt/release-sources-20110228/drv/RWHeaderSection/RWHeaderSection.jxx
+M RWHeaderSection:privinclude:RWHeaderSection.ixx /dn43/OCCT/tmp/results_28.02.2011/occt/release-sources-20110228/drv/RWHeaderSection/RWHeaderSection.ixx
+M RWHeaderSection:pubinclude:Handle_RWHeaderSection_ReadWriteModule.hxx /dn43/OCCT/tmp/results_28.02.2011/occt/release-sources-20110228/inc/Handle_RWHeaderSection_ReadWriteModule.hxx
+M RWHeaderSection:pubinclude:RWHeaderSection_ReadWriteModule.hxx /dn43/OCCT/tmp/results_28.02.2011/occt/release-sources-20110228/inc/RWHeaderSection_ReadWriteModule.hxx
+M RWHeaderSection:privinclude:RWHeaderSection_ReadWriteModule.jxx /dn43/OCCT/tmp/results_28.02.2011/occt/release-sources-20110228/drv/RWHeaderSection/RWHeaderSection_ReadWriteModule.jxx
+M RWHeaderSection:privinclude:RWHeaderSection_ReadWriteModule.ixx /dn43/OCCT/tmp/results_28.02.2011/occt/release-sources-20110228/drv/RWHeaderSection/RWHeaderSection_ReadWriteModule.ixx
+M RWHeaderSection:pubinclude:Handle_RWHeaderSection_GeneralModule.hxx /dn43/OCCT/tmp/results_28.02.2011/occt/release-sources-20110228/inc/Handle_RWHeaderSection_GeneralModule.hxx
+M RWHeaderSection:pubinclude:RWHeaderSection_GeneralModule.hxx /dn43/OCCT/tmp/results_28.02.2011/occt/release-sources-20110228/inc/RWHeaderSection_GeneralModule.hxx
+M RWHeaderSection:privinclude:RWHeaderSection_GeneralModule.jxx /dn43/OCCT/tmp/results_28.02.2011/occt/release-sources-20110228/drv/RWHeaderSection/RWHeaderSection_GeneralModule.jxx
+M RWHeaderSection:privinclude:RWHeaderSection_GeneralModule.ixx /dn43/OCCT/tmp/results_28.02.2011/occt/release-sources-20110228/drv/RWHeaderSection/RWHeaderSection_GeneralModule.ixx
+M RWHeaderSection:pubinclude:RWHeaderSection_RWFileName.hxx /dn43/OCCT/tmp/results_28.02.2011/occt/release-sources-20110228/inc/RWHeaderSection_RWFileName.hxx
+M RWHeaderSection:privinclude:RWHeaderSection_RWFileName.jxx /dn43/OCCT/tmp/results_28.02.2011/occt/release-sources-20110228/drv/RWHeaderSection/RWHeaderSection_RWFileName.jxx
+M RWHeaderSection:privinclude:RWHeaderSection_RWFileName.ixx /dn43/OCCT/tmp/results_28.02.2011/occt/release-sources-20110228/drv/RWHeaderSection/RWHeaderSection_RWFileName.ixx
+M RWHeaderSection:pubinclude:RWHeaderSection_RWFileDescription.hxx /dn43/OCCT/tmp/results_28.02.2011/occt/release-sources-20110228/inc/RWHeaderSection_RWFileDescription.hxx
+M RWHeaderSection:privinclude:RWHeaderSection_RWFileDescription.jxx /dn43/OCCT/tmp/results_28.02.2011/occt/release-sources-20110228/drv/RWHeaderSection/RWHeaderSection_RWFileDescription.jxx
+M RWHeaderSection:privinclude:RWHeaderSection_RWFileDescription.ixx /dn43/OCCT/tmp/results_28.02.2011/occt/release-sources-20110228/drv/RWHeaderSection/RWHeaderSection_RWFileDescription.ixx
+M RWHeaderSection:pubinclude:RWHeaderSection_RWFileSchema.hxx /dn43/OCCT/tmp/results_28.02.2011/occt/release-sources-20110228/inc/RWHeaderSection_RWFileSchema.hxx
+M RWHeaderSection:privinclude:RWHeaderSection_RWFileSchema.jxx /dn43/OCCT/tmp/results_28.02.2011/occt/release-sources-20110228/drv/RWHeaderSection/RWHeaderSection_RWFileSchema.jxx
+M RWHeaderSection:privinclude:RWHeaderSection_RWFileSchema.ixx /dn43/OCCT/tmp/results_28.02.2011/occt/release-sources-20110228/drv/RWHeaderSection/RWHeaderSection_RWFileSchema.ixx
+M RWHeaderSection:dbadmfile:RWHeaderSection_xcpp_header.In /dn43/OCCT/tmp/results_28.02.2011/occt/release-sources-20110228/drv/RWHeaderSection/.adm/RWHeaderSection_xcpp_header.In
+M RWHeaderSection:dbadmfile:RWHeaderSection_xcpp_header.Out /dn43/OCCT/tmp/results_28.02.2011/occt/release-sources-20110228/drv/RWHeaderSection/.adm/RWHeaderSection_xcpp_header.Out
+M RWHeaderSection:dbadmfile:RWHeaderSection_xcpp_header.Dep /dn43/OCCT/tmp/results_28.02.2011/occt/release-sources-20110228/drv/RWHeaderSection/.adm/RWHeaderSection_xcpp_header.Dep
