+M PColgp:pubinclude:Handle_PColgp_HArray1OfCirc2d.hxx /dn43/OCCT/tmp/results_28.02.2011/occt/release-sources-20110228/inc/Handle_PColgp_HArray1OfCirc2d.hxx
+M PColgp:pubinclude:PColgp_HArray1OfCirc2d.hxx /dn43/OCCT/tmp/results_28.02.2011/occt/release-sources-20110228/inc/PColgp_HArray1OfCirc2d.hxx
+M PColgp:derivated:PColgp_HArray1OfCirc2d_0.cxx /dn43/OCCT/tmp/results_28.02.2011/occt/release-sources-20110228/drv/PColgp/PColgp_HArray1OfCirc2d_0.cxx
+M PColgp:pubinclude:Handle_PColgp_HArray1OfDir2d.hxx /dn43/OCCT/tmp/results_28.02.2011/occt/release-sources-20110228/inc/Handle_PColgp_HArray1OfDir2d.hxx
+M PColgp:pubinclude:PColgp_HArray1OfDir2d.hxx /dn43/OCCT/tmp/results_28.02.2011/occt/release-sources-20110228/inc/PColgp_HArray1OfDir2d.hxx
+M PColgp:derivated:PColgp_HArray1OfDir2d_0.cxx /dn43/OCCT/tmp/results_28.02.2011/occt/release-sources-20110228/drv/PColgp/PColgp_HArray1OfDir2d_0.cxx
+M PColgp:pubinclude:Handle_PColgp_HArray1OfLin2d.hxx /dn43/OCCT/tmp/results_28.02.2011/occt/release-sources-20110228/inc/Handle_PColgp_HArray1OfLin2d.hxx
+M PColgp:pubinclude:PColgp_HArray1OfLin2d.hxx /dn43/OCCT/tmp/results_28.02.2011/occt/release-sources-20110228/inc/PColgp_HArray1OfLin2d.hxx
+M PColgp:derivated:PColgp_HArray1OfLin2d_0.cxx /dn43/OCCT/tmp/results_28.02.2011/occt/release-sources-20110228/drv/PColgp/PColgp_HArray1OfLin2d_0.cxx
+M PColgp:pubinclude:Handle_PColgp_HArray1OfPnt2d.hxx /dn43/OCCT/tmp/results_28.02.2011/occt/release-sources-20110228/inc/Handle_PColgp_HArray1OfPnt2d.hxx
+M PColgp:pubinclude:PColgp_HArray1OfPnt2d.hxx /dn43/OCCT/tmp/results_28.02.2011/occt/release-sources-20110228/inc/PColgp_HArray1OfPnt2d.hxx
+M PColgp:derivated:PColgp_HArray1OfPnt2d_0.cxx /dn43/OCCT/tmp/results_28.02.2011/occt/release-sources-20110228/drv/PColgp/PColgp_HArray1OfPnt2d_0.cxx
+M PColgp:pubinclude:Handle_PColgp_HArray1OfVec2d.hxx /dn43/OCCT/tmp/results_28.02.2011/occt/release-sources-20110228/inc/Handle_PColgp_HArray1OfVec2d.hxx
+M PColgp:pubinclude:PColgp_HArray1OfVec2d.hxx /dn43/OCCT/tmp/results_28.02.2011/occt/release-sources-20110228/inc/PColgp_HArray1OfVec2d.hxx
+M PColgp:derivated:PColgp_HArray1OfVec2d_0.cxx /dn43/OCCT/tmp/results_28.02.2011/occt/release-sources-20110228/drv/PColgp/PColgp_HArray1OfVec2d_0.cxx
+M PColgp:pubinclude:Handle_PColgp_HArray1OfXY.hxx /dn43/OCCT/tmp/results_28.02.2011/occt/release-sources-20110228/inc/Handle_PColgp_HArray1OfXY.hxx
+M PColgp:pubinclude:PColgp_HArray1OfXY.hxx /dn43/OCCT/tmp/results_28.02.2011/occt/release-sources-20110228/inc/PColgp_HArray1OfXY.hxx
+M PColgp:derivated:PColgp_HArray1OfXY_0.cxx /dn43/OCCT/tmp/results_28.02.2011/occt/release-sources-20110228/drv/PColgp/PColgp_HArray1OfXY_0.cxx
+M PColgp:pubinclude:Handle_PColgp_HArray1OfDir.hxx /dn43/OCCT/tmp/results_28.02.2011/occt/release-sources-20110228/inc/Handle_PColgp_HArray1OfDir.hxx
+M PColgp:pubinclude:PColgp_HArray1OfDir.hxx /dn43/OCCT/tmp/results_28.02.2011/occt/release-sources-20110228/inc/PColgp_HArray1OfDir.hxx
+M PColgp:derivated:PColgp_HArray1OfDir_0.cxx /dn43/OCCT/tmp/results_28.02.2011/occt/release-sources-20110228/drv/PColgp/PColgp_HArray1OfDir_0.cxx
+M PColgp:pubinclude:Handle_PColgp_HArray1OfPnt.hxx /dn43/OCCT/tmp/results_28.02.2011/occt/release-sources-20110228/inc/Handle_PColgp_HArray1OfPnt.hxx
+M PColgp:pubinclude:PColgp_HArray1OfPnt.hxx /dn43/OCCT/tmp/results_28.02.2011/occt/release-sources-20110228/inc/PColgp_HArray1OfPnt.hxx
+M PColgp:derivated:PColgp_HArray1OfPnt_0.cxx /dn43/OCCT/tmp/results_28.02.2011/occt/release-sources-20110228/drv/PColgp/PColgp_HArray1OfPnt_0.cxx
+M PColgp:pubinclude:Handle_PColgp_HArray1OfVec.hxx /dn43/OCCT/tmp/results_28.02.2011/occt/release-sources-20110228/inc/Handle_PColgp_HArray1OfVec.hxx
+M PColgp:pubinclude:PColgp_HArray1OfVec.hxx /dn43/OCCT/tmp/results_28.02.2011/occt/release-sources-20110228/inc/PColgp_HArray1OfVec.hxx
+M PColgp:derivated:PColgp_HArray1OfVec_0.cxx /dn43/OCCT/tmp/results_28.02.2011/occt/release-sources-20110228/drv/PColgp/PColgp_HArray1OfVec_0.cxx
+M PColgp:pubinclude:Handle_PColgp_HArray1OfXYZ.hxx /dn43/OCCT/tmp/results_28.02.2011/occt/release-sources-20110228/inc/Handle_PColgp_HArray1OfXYZ.hxx
+M PColgp:pubinclude:PColgp_HArray1OfXYZ.hxx /dn43/OCCT/tmp/results_28.02.2011/occt/release-sources-20110228/inc/PColgp_HArray1OfXYZ.hxx
+M PColgp:derivated:PColgp_HArray1OfXYZ_0.cxx /dn43/OCCT/tmp/results_28.02.2011/occt/release-sources-20110228/drv/PColgp/PColgp_HArray1OfXYZ_0.cxx
+M PColgp:pubinclude:Handle_PColgp_HArray2OfCirc2d.hxx /dn43/OCCT/tmp/results_28.02.2011/occt/release-sources-20110228/inc/Handle_PColgp_HArray2OfCirc2d.hxx
+M PColgp:pubinclude:PColgp_HArray2OfCirc2d.hxx /dn43/OCCT/tmp/results_28.02.2011/occt/release-sources-20110228/inc/PColgp_HArray2OfCirc2d.hxx
+M PColgp:derivated:PColgp_HArray2OfCirc2d_0.cxx /dn43/OCCT/tmp/results_28.02.2011/occt/release-sources-20110228/drv/PColgp/PColgp_HArray2OfCirc2d_0.cxx
+M PColgp:pubinclude:Handle_PColgp_HArray2OfDir2d.hxx /dn43/OCCT/tmp/results_28.02.2011/occt/release-sources-20110228/inc/Handle_PColgp_HArray2OfDir2d.hxx
+M PColgp:pubinclude:PColgp_HArray2OfDir2d.hxx /dn43/OCCT/tmp/results_28.02.2011/occt/release-sources-20110228/inc/PColgp_HArray2OfDir2d.hxx
+M PColgp:derivated:PColgp_HArray2OfDir2d_0.cxx /dn43/OCCT/tmp/results_28.02.2011/occt/release-sources-20110228/drv/PColgp/PColgp_HArray2OfDir2d_0.cxx
+M PColgp:pubinclude:Handle_PColgp_HArray2OfLin2d.hxx /dn43/OCCT/tmp/results_28.02.2011/occt/release-sources-20110228/inc/Handle_PColgp_HArray2OfLin2d.hxx
+M PColgp:pubinclude:PColgp_HArray2OfLin2d.hxx /dn43/OCCT/tmp/results_28.02.2011/occt/release-sources-20110228/inc/PColgp_HArray2OfLin2d.hxx
+M PColgp:derivated:PColgp_HArray2OfLin2d_0.cxx /dn43/OCCT/tmp/results_28.02.2011/occt/release-sources-20110228/drv/PColgp/PColgp_HArray2OfLin2d_0.cxx
+M PColgp:pubinclude:Handle_PColgp_HArray2OfPnt2d.hxx /dn43/OCCT/tmp/results_28.02.2011/occt/release-sources-20110228/inc/Handle_PColgp_HArray2OfPnt2d.hxx
+M PColgp:pubinclude:PColgp_HArray2OfPnt2d.hxx /dn43/OCCT/tmp/results_28.02.2011/occt/release-sources-20110228/inc/PColgp_HArray2OfPnt2d.hxx
+M PColgp:derivated:PColgp_HArray2OfPnt2d_0.cxx /dn43/OCCT/tmp/results_28.02.2011/occt/release-sources-20110228/drv/PColgp/PColgp_HArray2OfPnt2d_0.cxx
+M PColgp:pubinclude:Handle_PColgp_HArray2OfVec2d.hxx /dn43/OCCT/tmp/results_28.02.2011/occt/release-sources-20110228/inc/Handle_PColgp_HArray2OfVec2d.hxx
+M PColgp:pubinclude:PColgp_HArray2OfVec2d.hxx /dn43/OCCT/tmp/results_28.02.2011/occt/release-sources-20110228/inc/PColgp_HArray2OfVec2d.hxx
+M PColgp:derivated:PColgp_HArray2OfVec2d_0.cxx /dn43/OCCT/tmp/results_28.02.2011/occt/release-sources-20110228/drv/PColgp/PColgp_HArray2OfVec2d_0.cxx
+M PColgp:pubinclude:Handle_PColgp_HArray2OfXY.hxx /dn43/OCCT/tmp/results_28.02.2011/occt/release-sources-20110228/inc/Handle_PColgp_HArray2OfXY.hxx
+M PColgp:pubinclude:PColgp_HArray2OfXY.hxx /dn43/OCCT/tmp/results_28.02.2011/occt/release-sources-20110228/inc/PColgp_HArray2OfXY.hxx
+M PColgp:derivated:PColgp_HArray2OfXY_0.cxx /dn43/OCCT/tmp/results_28.02.2011/occt/release-sources-20110228/drv/PColgp/PColgp_HArray2OfXY_0.cxx
+M PColgp:pubinclude:Handle_PColgp_HArray2OfDir.hxx /dn43/OCCT/tmp/results_28.02.2011/occt/release-sources-20110228/inc/Handle_PColgp_HArray2OfDir.hxx
+M PColgp:pubinclude:PColgp_HArray2OfDir.hxx /dn43/OCCT/tmp/results_28.02.2011/occt/release-sources-20110228/inc/PColgp_HArray2OfDir.hxx
+M PColgp:derivated:PColgp_HArray2OfDir_0.cxx /dn43/OCCT/tmp/results_28.02.2011/occt/release-sources-20110228/drv/PColgp/PColgp_HArray2OfDir_0.cxx
+M PColgp:pubinclude:Handle_PColgp_HArray2OfPnt.hxx /dn43/OCCT/tmp/results_28.02.2011/occt/release-sources-20110228/inc/Handle_PColgp_HArray2OfPnt.hxx
+M PColgp:pubinclude:PColgp_HArray2OfPnt.hxx /dn43/OCCT/tmp/results_28.02.2011/occt/release-sources-20110228/inc/PColgp_HArray2OfPnt.hxx
+M PColgp:derivated:PColgp_HArray2OfPnt_0.cxx /dn43/OCCT/tmp/results_28.02.2011/occt/release-sources-20110228/drv/PColgp/PColgp_HArray2OfPnt_0.cxx
+M PColgp:pubinclude:Handle_PColgp_HArray2OfVec.hxx /dn43/OCCT/tmp/results_28.02.2011/occt/release-sources-20110228/inc/Handle_PColgp_HArray2OfVec.hxx
+M PColgp:pubinclude:PColgp_HArray2OfVec.hxx /dn43/OCCT/tmp/results_28.02.2011/occt/release-sources-20110228/inc/PColgp_HArray2OfVec.hxx
+M PColgp:derivated:PColgp_HArray2OfVec_0.cxx /dn43/OCCT/tmp/results_28.02.2011/occt/release-sources-20110228/drv/PColgp/PColgp_HArray2OfVec_0.cxx
+M PColgp:pubinclude:Handle_PColgp_HArray2OfXYZ.hxx /dn43/OCCT/tmp/results_28.02.2011/occt/release-sources-20110228/inc/Handle_PColgp_HArray2OfXYZ.hxx
+M PColgp:pubinclude:PColgp_HArray2OfXYZ.hxx /dn43/OCCT/tmp/results_28.02.2011/occt/release-sources-20110228/inc/PColgp_HArray2OfXYZ.hxx
+M PColgp:derivated:PColgp_HArray2OfXYZ_0.cxx /dn43/OCCT/tmp/results_28.02.2011/occt/release-sources-20110228/drv/PColgp/PColgp_HArray2OfXYZ_0.cxx
+M PColgp:pubinclude:Handle_PColgp_HSequenceOfDir.hxx /dn43/OCCT/tmp/results_28.02.2011/occt/release-sources-20110228/inc/Handle_PColgp_HSequenceOfDir.hxx
+M PColgp:pubinclude:PColgp_HSequenceOfDir.hxx /dn43/OCCT/tmp/results_28.02.2011/occt/release-sources-20110228/inc/PColgp_HSequenceOfDir.hxx
+M PColgp:derivated:PColgp_HSequenceOfDir_0.cxx /dn43/OCCT/tmp/results_28.02.2011/occt/release-sources-20110228/drv/PColgp/PColgp_HSequenceOfDir_0.cxx
+M PColgp:pubinclude:Handle_PColgp_HSequenceOfPnt.hxx /dn43/OCCT/tmp/results_28.02.2011/occt/release-sources-20110228/inc/Handle_PColgp_HSequenceOfPnt.hxx
+M PColgp:pubinclude:PColgp_HSequenceOfPnt.hxx /dn43/OCCT/tmp/results_28.02.2011/occt/release-sources-20110228/inc/PColgp_HSequenceOfPnt.hxx
+M PColgp:derivated:PColgp_HSequenceOfPnt_0.cxx /dn43/OCCT/tmp/results_28.02.2011/occt/release-sources-20110228/drv/PColgp/PColgp_HSequenceOfPnt_0.cxx
+M PColgp:pubinclude:Handle_PColgp_HSequenceOfVec.hxx /dn43/OCCT/tmp/results_28.02.2011/occt/release-sources-20110228/inc/Handle_PColgp_HSequenceOfVec.hxx
+M PColgp:pubinclude:PColgp_HSequenceOfVec.hxx /dn43/OCCT/tmp/results_28.02.2011/occt/release-sources-20110228/inc/PColgp_HSequenceOfVec.hxx
+M PColgp:derivated:PColgp_HSequenceOfVec_0.cxx /dn43/OCCT/tmp/results_28.02.2011/occt/release-sources-20110228/drv/PColgp/PColgp_HSequenceOfVec_0.cxx
+M PColgp:pubinclude:Handle_PColgp_HSequenceOfXYZ.hxx /dn43/OCCT/tmp/results_28.02.2011/occt/release-sources-20110228/inc/Handle_PColgp_HSequenceOfXYZ.hxx
+M PColgp:pubinclude:PColgp_HSequenceOfXYZ.hxx /dn43/OCCT/tmp/results_28.02.2011/occt/release-sources-20110228/inc/PColgp_HSequenceOfXYZ.hxx
+M PColgp:derivated:PColgp_HSequenceOfXYZ_0.cxx /dn43/OCCT/tmp/results_28.02.2011/occt/release-sources-20110228/drv/PColgp/PColgp_HSequenceOfXYZ_0.cxx
+M PColgp:pubinclude:Handle_PColgp_VArrayNodeOfFieldOfHArray1OfCirc2d.hxx /dn43/OCCT/tmp/results_28.02.2011/occt/release-sources-20110228/inc/Handle_PColgp_VArrayNodeOfFieldOfHArray1OfCirc2d.hxx
+M PColgp:pubinclude:PColgp_VArrayNodeOfFieldOfHArray1OfCirc2d.hxx /dn43/OCCT/tmp/results_28.02.2011/occt/release-sources-20110228/inc/PColgp_VArrayNodeOfFieldOfHArray1OfCirc2d.hxx
+M PColgp:derivated:PColgp_VArrayNodeOfFieldOfHArray1OfCirc2d_0.cxx /dn43/OCCT/tmp/results_28.02.2011/occt/release-sources-20110228/drv/PColgp/PColgp_VArrayNodeOfFieldOfHArray1OfCirc2d_0.cxx
+M PColgp:pubinclude:PColgp_VArrayTNodeOfFieldOfHArray1OfCirc2d.hxx /dn43/OCCT/tmp/results_28.02.2011/occt/release-sources-20110228/inc/PColgp_VArrayTNodeOfFieldOfHArray1OfCirc2d.hxx
+M PColgp:derivated:PColgp_VArrayTNodeOfFieldOfHArray1OfCirc2d_0.cxx /dn43/OCCT/tmp/results_28.02.2011/occt/release-sources-20110228/drv/PColgp/PColgp_VArrayTNodeOfFieldOfHArray1OfCirc2d_0.cxx
+M PColgp:pubinclude:PColgp_FieldOfHArray1OfCirc2d.hxx /dn43/OCCT/tmp/results_28.02.2011/occt/release-sources-20110228/inc/PColgp_FieldOfHArray1OfCirc2d.hxx
+M PColgp:derivated:PColgp_FieldOfHArray1OfCirc2d_0.cxx /dn43/OCCT/tmp/results_28.02.2011/occt/release-sources-20110228/drv/PColgp/PColgp_FieldOfHArray1OfCirc2d_0.cxx
+M PColgp:pubinclude:Handle_PColgp_VArrayNodeOfFieldOfHArray1OfDir2d.hxx /dn43/OCCT/tmp/results_28.02.2011/occt/release-sources-20110228/inc/Handle_PColgp_VArrayNodeOfFieldOfHArray1OfDir2d.hxx
+M PColgp:pubinclude:PColgp_VArrayNodeOfFieldOfHArray1OfDir2d.hxx /dn43/OCCT/tmp/results_28.02.2011/occt/release-sources-20110228/inc/PColgp_VArrayNodeOfFieldOfHArray1OfDir2d.hxx
+M PColgp:derivated:PColgp_VArrayNodeOfFieldOfHArray1OfDir2d_0.cxx /dn43/OCCT/tmp/results_28.02.2011/occt/release-sources-20110228/drv/PColgp/PColgp_VArrayNodeOfFieldOfHArray1OfDir2d_0.cxx
+M PColgp:pubinclude:PColgp_VArrayTNodeOfFieldOfHArray1OfDir2d.hxx /dn43/OCCT/tmp/results_28.02.2011/occt/release-sources-20110228/inc/PColgp_VArrayTNodeOfFieldOfHArray1OfDir2d.hxx
+M PColgp:derivated:PColgp_VArrayTNodeOfFieldOfHArray1OfDir2d_0.cxx /dn43/OCCT/tmp/results_28.02.2011/occt/release-sources-20110228/drv/PColgp/PColgp_VArrayTNodeOfFieldOfHArray1OfDir2d_0.cxx
+M PColgp:pubinclude:PColgp_FieldOfHArray1OfDir2d.hxx /dn43/OCCT/tmp/results_28.02.2011/occt/release-sources-20110228/inc/PColgp_FieldOfHArray1OfDir2d.hxx
+M PColgp:derivated:PColgp_FieldOfHArray1OfDir2d_0.cxx /dn43/OCCT/tmp/results_28.02.2011/occt/release-sources-20110228/drv/PColgp/PColgp_FieldOfHArray1OfDir2d_0.cxx
+M PColgp:pubinclude:Handle_PColgp_VArrayNodeOfFieldOfHArray1OfLin2d.hxx /dn43/OCCT/tmp/results_28.02.2011/occt/release-sources-20110228/inc/Handle_PColgp_VArrayNodeOfFieldOfHArray1OfLin2d.hxx
+M PColgp:pubinclude:PColgp_VArrayNodeOfFieldOfHArray1OfLin2d.hxx /dn43/OCCT/tmp/results_28.02.2011/occt/release-sources-20110228/inc/PColgp_VArrayNodeOfFieldOfHArray1OfLin2d.hxx
+M PColgp:derivated:PColgp_VArrayNodeOfFieldOfHArray1OfLin2d_0.cxx /dn43/OCCT/tmp/results_28.02.2011/occt/release-sources-20110228/drv/PColgp/PColgp_VArrayNodeOfFieldOfHArray1OfLin2d_0.cxx
+M PColgp:pubinclude:PColgp_VArrayTNodeOfFieldOfHArray1OfLin2d.hxx /dn43/OCCT/tmp/results_28.02.2011/occt/release-sources-20110228/inc/PColgp_VArrayTNodeOfFieldOfHArray1OfLin2d.hxx
+M PColgp:derivated:PColgp_VArrayTNodeOfFieldOfHArray1OfLin2d_0.cxx /dn43/OCCT/tmp/results_28.02.2011/occt/release-sources-20110228/drv/PColgp/PColgp_VArrayTNodeOfFieldOfHArray1OfLin2d_0.cxx
+M PColgp:pubinclude:PColgp_FieldOfHArray1OfLin2d.hxx /dn43/OCCT/tmp/results_28.02.2011/occt/release-sources-20110228/inc/PColgp_FieldOfHArray1OfLin2d.hxx
+M PColgp:derivated:PColgp_FieldOfHArray1OfLin2d_0.cxx /dn43/OCCT/tmp/results_28.02.2011/occt/release-sources-20110228/drv/PColgp/PColgp_FieldOfHArray1OfLin2d_0.cxx
+M PColgp:pubinclude:Handle_PColgp_VArrayNodeOfFieldOfHArray1OfPnt2d.hxx /dn43/OCCT/tmp/results_28.02.2011/occt/release-sources-20110228/inc/Handle_PColgp_VArrayNodeOfFieldOfHArray1OfPnt2d.hxx
+M PColgp:pubinclude:PColgp_VArrayNodeOfFieldOfHArray1OfPnt2d.hxx /dn43/OCCT/tmp/results_28.02.2011/occt/release-sources-20110228/inc/PColgp_VArrayNodeOfFieldOfHArray1OfPnt2d.hxx
+M PColgp:derivated:PColgp_VArrayNodeOfFieldOfHArray1OfPnt2d_0.cxx /dn43/OCCT/tmp/results_28.02.2011/occt/release-sources-20110228/drv/PColgp/PColgp_VArrayNodeOfFieldOfHArray1OfPnt2d_0.cxx
+M PColgp:pubinclude:PColgp_VArrayTNodeOfFieldOfHArray1OfPnt2d.hxx /dn43/OCCT/tmp/results_28.02.2011/occt/release-sources-20110228/inc/PColgp_VArrayTNodeOfFieldOfHArray1OfPnt2d.hxx
+M PColgp:derivated:PColgp_VArrayTNodeOfFieldOfHArray1OfPnt2d_0.cxx /dn43/OCCT/tmp/results_28.02.2011/occt/release-sources-20110228/drv/PColgp/PColgp_VArrayTNodeOfFieldOfHArray1OfPnt2d_0.cxx
+M PColgp:pubinclude:PColgp_FieldOfHArray1OfPnt2d.hxx /dn43/OCCT/tmp/results_28.02.2011/occt/release-sources-20110228/inc/PColgp_FieldOfHArray1OfPnt2d.hxx
+M PColgp:derivated:PColgp_FieldOfHArray1OfPnt2d_0.cxx /dn43/OCCT/tmp/results_28.02.2011/occt/release-sources-20110228/drv/PColgp/PColgp_FieldOfHArray1OfPnt2d_0.cxx
+M PColgp:pubinclude:Handle_PColgp_VArrayNodeOfFieldOfHArray1OfVec2d.hxx /dn43/OCCT/tmp/results_28.02.2011/occt/release-sources-20110228/inc/Handle_PColgp_VArrayNodeOfFieldOfHArray1OfVec2d.hxx
+M PColgp:pubinclude:PColgp_VArrayNodeOfFieldOfHArray1OfVec2d.hxx /dn43/OCCT/tmp/results_28.02.2011/occt/release-sources-20110228/inc/PColgp_VArrayNodeOfFieldOfHArray1OfVec2d.hxx
+M PColgp:derivated:PColgp_VArrayNodeOfFieldOfHArray1OfVec2d_0.cxx /dn43/OCCT/tmp/results_28.02.2011/occt/release-sources-20110228/drv/PColgp/PColgp_VArrayNodeOfFieldOfHArray1OfVec2d_0.cxx
+M PColgp:pubinclude:PColgp_VArrayTNodeOfFieldOfHArray1OfVec2d.hxx /dn43/OCCT/tmp/results_28.02.2011/occt/release-sources-20110228/inc/PColgp_VArrayTNodeOfFieldOfHArray1OfVec2d.hxx
+M PColgp:derivated:PColgp_VArrayTNodeOfFieldOfHArray1OfVec2d_0.cxx /dn43/OCCT/tmp/results_28.02.2011/occt/release-sources-20110228/drv/PColgp/PColgp_VArrayTNodeOfFieldOfHArray1OfVec2d_0.cxx
+M PColgp:pubinclude:PColgp_FieldOfHArray1OfVec2d.hxx /dn43/OCCT/tmp/results_28.02.2011/occt/release-sources-20110228/inc/PColgp_FieldOfHArray1OfVec2d.hxx
+M PColgp:derivated:PColgp_FieldOfHArray1OfVec2d_0.cxx /dn43/OCCT/tmp/results_28.02.2011/occt/release-sources-20110228/drv/PColgp/PColgp_FieldOfHArray1OfVec2d_0.cxx
+M PColgp:pubinclude:Handle_PColgp_VArrayNodeOfFieldOfHArray1OfXY.hxx /dn43/OCCT/tmp/results_28.02.2011/occt/release-sources-20110228/inc/Handle_PColgp_VArrayNodeOfFieldOfHArray1OfXY.hxx
+M PColgp:pubinclude:PColgp_VArrayNodeOfFieldOfHArray1OfXY.hxx /dn43/OCCT/tmp/results_28.02.2011/occt/release-sources-20110228/inc/PColgp_VArrayNodeOfFieldOfHArray1OfXY.hxx
+M PColgp:derivated:PColgp_VArrayNodeOfFieldOfHArray1OfXY_0.cxx /dn43/OCCT/tmp/results_28.02.2011/occt/release-sources-20110228/drv/PColgp/PColgp_VArrayNodeOfFieldOfHArray1OfXY_0.cxx
+M PColgp:pubinclude:PColgp_VArrayTNodeOfFieldOfHArray1OfXY.hxx /dn43/OCCT/tmp/results_28.02.2011/occt/release-sources-20110228/inc/PColgp_VArrayTNodeOfFieldOfHArray1OfXY.hxx
+M PColgp:derivated:PColgp_VArrayTNodeOfFieldOfHArray1OfXY_0.cxx /dn43/OCCT/tmp/results_28.02.2011/occt/release-sources-20110228/drv/PColgp/PColgp_VArrayTNodeOfFieldOfHArray1OfXY_0.cxx
+M PColgp:pubinclude:PColgp_FieldOfHArray1OfXY.hxx /dn43/OCCT/tmp/results_28.02.2011/occt/release-sources-20110228/inc/PColgp_FieldOfHArray1OfXY.hxx
+M PColgp:derivated:PColgp_FieldOfHArray1OfXY_0.cxx /dn43/OCCT/tmp/results_28.02.2011/occt/release-sources-20110228/drv/PColgp/PColgp_FieldOfHArray1OfXY_0.cxx
+M PColgp:pubinclude:Handle_PColgp_VArrayNodeOfFieldOfHArray1OfDir.hxx /dn43/OCCT/tmp/results_28.02.2011/occt/release-sources-20110228/inc/Handle_PColgp_VArrayNodeOfFieldOfHArray1OfDir.hxx
+M PColgp:pubinclude:PColgp_VArrayNodeOfFieldOfHArray1OfDir.hxx /dn43/OCCT/tmp/results_28.02.2011/occt/release-sources-20110228/inc/PColgp_VArrayNodeOfFieldOfHArray1OfDir.hxx
+M PColgp:derivated:PColgp_VArrayNodeOfFieldOfHArray1OfDir_0.cxx /dn43/OCCT/tmp/results_28.02.2011/occt/release-sources-20110228/drv/PColgp/PColgp_VArrayNodeOfFieldOfHArray1OfDir_0.cxx
+M PColgp:pubinclude:PColgp_VArrayTNodeOfFieldOfHArray1OfDir.hxx /dn43/OCCT/tmp/results_28.02.2011/occt/release-sources-20110228/inc/PColgp_VArrayTNodeOfFieldOfHArray1OfDir.hxx
+M PColgp:derivated:PColgp_VArrayTNodeOfFieldOfHArray1OfDir_0.cxx /dn43/OCCT/tmp/results_28.02.2011/occt/release-sources-20110228/drv/PColgp/PColgp_VArrayTNodeOfFieldOfHArray1OfDir_0.cxx
+M PColgp:pubinclude:PColgp_FieldOfHArray1OfDir.hxx /dn43/OCCT/tmp/results_28.02.2011/occt/release-sources-20110228/inc/PColgp_FieldOfHArray1OfDir.hxx
+M PColgp:derivated:PColgp_FieldOfHArray1OfDir_0.cxx /dn43/OCCT/tmp/results_28.02.2011/occt/release-sources-20110228/drv/PColgp/PColgp_FieldOfHArray1OfDir_0.cxx
+M PColgp:pubinclude:Handle_PColgp_VArrayNodeOfFieldOfHArray1OfPnt.hxx /dn43/OCCT/tmp/results_28.02.2011/occt/release-sources-20110228/inc/Handle_PColgp_VArrayNodeOfFieldOfHArray1OfPnt.hxx
+M PColgp:pubinclude:PColgp_VArrayNodeOfFieldOfHArray1OfPnt.hxx /dn43/OCCT/tmp/results_28.02.2011/occt/release-sources-20110228/inc/PColgp_VArrayNodeOfFieldOfHArray1OfPnt.hxx
+M PColgp:derivated:PColgp_VArrayNodeOfFieldOfHArray1OfPnt_0.cxx /dn43/OCCT/tmp/results_28.02.2011/occt/release-sources-20110228/drv/PColgp/PColgp_VArrayNodeOfFieldOfHArray1OfPnt_0.cxx
+M PColgp:pubinclude:PColgp_VArrayTNodeOfFieldOfHArray1OfPnt.hxx /dn43/OCCT/tmp/results_28.02.2011/occt/release-sources-20110228/inc/PColgp_VArrayTNodeOfFieldOfHArray1OfPnt.hxx
+M PColgp:derivated:PColgp_VArrayTNodeOfFieldOfHArray1OfPnt_0.cxx /dn43/OCCT/tmp/results_28.02.2011/occt/release-sources-20110228/drv/PColgp/PColgp_VArrayTNodeOfFieldOfHArray1OfPnt_0.cxx
+M PColgp:pubinclude:PColgp_FieldOfHArray1OfPnt.hxx /dn43/OCCT/tmp/results_28.02.2011/occt/release-sources-20110228/inc/PColgp_FieldOfHArray1OfPnt.hxx
+M PColgp:derivated:PColgp_FieldOfHArray1OfPnt_0.cxx /dn43/OCCT/tmp/results_28.02.2011/occt/release-sources-20110228/drv/PColgp/PColgp_FieldOfHArray1OfPnt_0.cxx
+M PColgp:pubinclude:Handle_PColgp_VArrayNodeOfFieldOfHArray1OfVec.hxx /dn43/OCCT/tmp/results_28.02.2011/occt/release-sources-20110228/inc/Handle_PColgp_VArrayNodeOfFieldOfHArray1OfVec.hxx
+M PColgp:pubinclude:PColgp_VArrayNodeOfFieldOfHArray1OfVec.hxx /dn43/OCCT/tmp/results_28.02.2011/occt/release-sources-20110228/inc/PColgp_VArrayNodeOfFieldOfHArray1OfVec.hxx
+M PColgp:derivated:PColgp_VArrayNodeOfFieldOfHArray1OfVec_0.cxx /dn43/OCCT/tmp/results_28.02.2011/occt/release-sources-20110228/drv/PColgp/PColgp_VArrayNodeOfFieldOfHArray1OfVec_0.cxx
+M PColgp:pubinclude:PColgp_VArrayTNodeOfFieldOfHArray1OfVec.hxx /dn43/OCCT/tmp/results_28.02.2011/occt/release-sources-20110228/inc/PColgp_VArrayTNodeOfFieldOfHArray1OfVec.hxx
+M PColgp:derivated:PColgp_VArrayTNodeOfFieldOfHArray1OfVec_0.cxx /dn43/OCCT/tmp/results_28.02.2011/occt/release-sources-20110228/drv/PColgp/PColgp_VArrayTNodeOfFieldOfHArray1OfVec_0.cxx
+M PColgp:pubinclude:PColgp_FieldOfHArray1OfVec.hxx /dn43/OCCT/tmp/results_28.02.2011/occt/release-sources-20110228/inc/PColgp_FieldOfHArray1OfVec.hxx
+M PColgp:derivated:PColgp_FieldOfHArray1OfVec_0.cxx /dn43/OCCT/tmp/results_28.02.2011/occt/release-sources-20110228/drv/PColgp/PColgp_FieldOfHArray1OfVec_0.cxx
+M PColgp:pubinclude:Handle_PColgp_VArrayNodeOfFieldOfHArray1OfXYZ.hxx /dn43/OCCT/tmp/results_28.02.2011/occt/release-sources-20110228/inc/Handle_PColgp_VArrayNodeOfFieldOfHArray1OfXYZ.hxx
+M PColgp:pubinclude:PColgp_VArrayNodeOfFieldOfHArray1OfXYZ.hxx /dn43/OCCT/tmp/results_28.02.2011/occt/release-sources-20110228/inc/PColgp_VArrayNodeOfFieldOfHArray1OfXYZ.hxx
+M PColgp:derivated:PColgp_VArrayNodeOfFieldOfHArray1OfXYZ_0.cxx /dn43/OCCT/tmp/results_28.02.2011/occt/release-sources-20110228/drv/PColgp/PColgp_VArrayNodeOfFieldOfHArray1OfXYZ_0.cxx
+M PColgp:pubinclude:PColgp_VArrayTNodeOfFieldOfHArray1OfXYZ.hxx /dn43/OCCT/tmp/results_28.02.2011/occt/release-sources-20110228/inc/PColgp_VArrayTNodeOfFieldOfHArray1OfXYZ.hxx
+M PColgp:derivated:PColgp_VArrayTNodeOfFieldOfHArray1OfXYZ_0.cxx /dn43/OCCT/tmp/results_28.02.2011/occt/release-sources-20110228/drv/PColgp/PColgp_VArrayTNodeOfFieldOfHArray1OfXYZ_0.cxx
+M PColgp:pubinclude:PColgp_FieldOfHArray1OfXYZ.hxx /dn43/OCCT/tmp/results_28.02.2011/occt/release-sources-20110228/inc/PColgp_FieldOfHArray1OfXYZ.hxx
+M PColgp:derivated:PColgp_FieldOfHArray1OfXYZ_0.cxx /dn43/OCCT/tmp/results_28.02.2011/occt/release-sources-20110228/drv/PColgp/PColgp_FieldOfHArray1OfXYZ_0.cxx
+M PColgp:pubinclude:Handle_PColgp_VArrayNodeOfFieldOfHArray2OfCirc2d.hxx /dn43/OCCT/tmp/results_28.02.2011/occt/release-sources-20110228/inc/Handle_PColgp_VArrayNodeOfFieldOfHArray2OfCirc2d.hxx
+M PColgp:pubinclude:PColgp_VArrayNodeOfFieldOfHArray2OfCirc2d.hxx /dn43/OCCT/tmp/results_28.02.2011/occt/release-sources-20110228/inc/PColgp_VArrayNodeOfFieldOfHArray2OfCirc2d.hxx
+M PColgp:derivated:PColgp_VArrayNodeOfFieldOfHArray2OfCirc2d_0.cxx /dn43/OCCT/tmp/results_28.02.2011/occt/release-sources-20110228/drv/PColgp/PColgp_VArrayNodeOfFieldOfHArray2OfCirc2d_0.cxx
+M PColgp:pubinclude:PColgp_VArrayTNodeOfFieldOfHArray2OfCirc2d.hxx /dn43/OCCT/tmp/results_28.02.2011/occt/release-sources-20110228/inc/PColgp_VArrayTNodeOfFieldOfHArray2OfCirc2d.hxx
+M PColgp:derivated:PColgp_VArrayTNodeOfFieldOfHArray2OfCirc2d_0.cxx /dn43/OCCT/tmp/results_28.02.2011/occt/release-sources-20110228/drv/PColgp/PColgp_VArrayTNodeOfFieldOfHArray2OfCirc2d_0.cxx
+M PColgp:pubinclude:PColgp_FieldOfHArray2OfCirc2d.hxx /dn43/OCCT/tmp/results_28.02.2011/occt/release-sources-20110228/inc/PColgp_FieldOfHArray2OfCirc2d.hxx
+M PColgp:derivated:PColgp_FieldOfHArray2OfCirc2d_0.cxx /dn43/OCCT/tmp/results_28.02.2011/occt/release-sources-20110228/drv/PColgp/PColgp_FieldOfHArray2OfCirc2d_0.cxx
+M PColgp:pubinclude:Handle_PColgp_VArrayNodeOfFieldOfHArray2OfDir2d.hxx /dn43/OCCT/tmp/results_28.02.2011/occt/release-sources-20110228/inc/Handle_PColgp_VArrayNodeOfFieldOfHArray2OfDir2d.hxx
+M PColgp:pubinclude:PColgp_VArrayNodeOfFieldOfHArray2OfDir2d.hxx /dn43/OCCT/tmp/results_28.02.2011/occt/release-sources-20110228/inc/PColgp_VArrayNodeOfFieldOfHArray2OfDir2d.hxx
+M PColgp:derivated:PColgp_VArrayNodeOfFieldOfHArray2OfDir2d_0.cxx /dn43/OCCT/tmp/results_28.02.2011/occt/release-sources-20110228/drv/PColgp/PColgp_VArrayNodeOfFieldOfHArray2OfDir2d_0.cxx
+M PColgp:pubinclude:PColgp_VArrayTNodeOfFieldOfHArray2OfDir2d.hxx /dn43/OCCT/tmp/results_28.02.2011/occt/release-sources-20110228/inc/PColgp_VArrayTNodeOfFieldOfHArray2OfDir2d.hxx
+M PColgp:derivated:PColgp_VArrayTNodeOfFieldOfHArray2OfDir2d_0.cxx /dn43/OCCT/tmp/results_28.02.2011/occt/release-sources-20110228/drv/PColgp/PColgp_VArrayTNodeOfFieldOfHArray2OfDir2d_0.cxx
+M PColgp:pubinclude:PColgp_FieldOfHArray2OfDir2d.hxx /dn43/OCCT/tmp/results_28.02.2011/occt/release-sources-20110228/inc/PColgp_FieldOfHArray2OfDir2d.hxx
+M PColgp:derivated:PColgp_FieldOfHArray2OfDir2d_0.cxx /dn43/OCCT/tmp/results_28.02.2011/occt/release-sources-20110228/drv/PColgp/PColgp_FieldOfHArray2OfDir2d_0.cxx
+M PColgp:pubinclude:Handle_PColgp_VArrayNodeOfFieldOfHArray2OfLin2d.hxx /dn43/OCCT/tmp/results_28.02.2011/occt/release-sources-20110228/inc/Handle_PColgp_VArrayNodeOfFieldOfHArray2OfLin2d.hxx
+M PColgp:pubinclude:PColgp_VArrayNodeOfFieldOfHArray2OfLin2d.hxx /dn43/OCCT/tmp/results_28.02.2011/occt/release-sources-20110228/inc/PColgp_VArrayNodeOfFieldOfHArray2OfLin2d.hxx
+M PColgp:derivated:PColgp_VArrayNodeOfFieldOfHArray2OfLin2d_0.cxx /dn43/OCCT/tmp/results_28.02.2011/occt/release-sources-20110228/drv/PColgp/PColgp_VArrayNodeOfFieldOfHArray2OfLin2d_0.cxx
+M PColgp:pubinclude:PColgp_VArrayTNodeOfFieldOfHArray2OfLin2d.hxx /dn43/OCCT/tmp/results_28.02.2011/occt/release-sources-20110228/inc/PColgp_VArrayTNodeOfFieldOfHArray2OfLin2d.hxx
+M PColgp:derivated:PColgp_VArrayTNodeOfFieldOfHArray2OfLin2d_0.cxx /dn43/OCCT/tmp/results_28.02.2011/occt/release-sources-20110228/drv/PColgp/PColgp_VArrayTNodeOfFieldOfHArray2OfLin2d_0.cxx
+M PColgp:pubinclude:PColgp_FieldOfHArray2OfLin2d.hxx /dn43/OCCT/tmp/results_28.02.2011/occt/release-sources-20110228/inc/PColgp_FieldOfHArray2OfLin2d.hxx
+M PColgp:derivated:PColgp_FieldOfHArray2OfLin2d_0.cxx /dn43/OCCT/tmp/results_28.02.2011/occt/release-sources-20110228/drv/PColgp/PColgp_FieldOfHArray2OfLin2d_0.cxx
+M PColgp:pubinclude:Handle_PColgp_VArrayNodeOfFieldOfHArray2OfPnt2d.hxx /dn43/OCCT/tmp/results_28.02.2011/occt/release-sources-20110228/inc/Handle_PColgp_VArrayNodeOfFieldOfHArray2OfPnt2d.hxx
+M PColgp:pubinclude:PColgp_VArrayNodeOfFieldOfHArray2OfPnt2d.hxx /dn43/OCCT/tmp/results_28.02.2011/occt/release-sources-20110228/inc/PColgp_VArrayNodeOfFieldOfHArray2OfPnt2d.hxx
+M PColgp:derivated:PColgp_VArrayNodeOfFieldOfHArray2OfPnt2d_0.cxx /dn43/OCCT/tmp/results_28.02.2011/occt/release-sources-20110228/drv/PColgp/PColgp_VArrayNodeOfFieldOfHArray2OfPnt2d_0.cxx
+M PColgp:pubinclude:PColgp_VArrayTNodeOfFieldOfHArray2OfPnt2d.hxx /dn43/OCCT/tmp/results_28.02.2011/occt/release-sources-20110228/inc/PColgp_VArrayTNodeOfFieldOfHArray2OfPnt2d.hxx
+M PColgp:derivated:PColgp_VArrayTNodeOfFieldOfHArray2OfPnt2d_0.cxx /dn43/OCCT/tmp/results_28.02.2011/occt/release-sources-20110228/drv/PColgp/PColgp_VArrayTNodeOfFieldOfHArray2OfPnt2d_0.cxx
+M PColgp:pubinclude:PColgp_FieldOfHArray2OfPnt2d.hxx /dn43/OCCT/tmp/results_28.02.2011/occt/release-sources-20110228/inc/PColgp_FieldOfHArray2OfPnt2d.hxx
+M PColgp:derivated:PColgp_FieldOfHArray2OfPnt2d_0.cxx /dn43/OCCT/tmp/results_28.02.2011/occt/release-sources-20110228/drv/PColgp/PColgp_FieldOfHArray2OfPnt2d_0.cxx
+M PColgp:pubinclude:Handle_PColgp_VArrayNodeOfFieldOfHArray2OfVec2d.hxx /dn43/OCCT/tmp/results_28.02.2011/occt/release-sources-20110228/inc/Handle_PColgp_VArrayNodeOfFieldOfHArray2OfVec2d.hxx
+M PColgp:pubinclude:PColgp_VArrayNodeOfFieldOfHArray2OfVec2d.hxx /dn43/OCCT/tmp/results_28.02.2011/occt/release-sources-20110228/inc/PColgp_VArrayNodeOfFieldOfHArray2OfVec2d.hxx
+M PColgp:derivated:PColgp_VArrayNodeOfFieldOfHArray2OfVec2d_0.cxx /dn43/OCCT/tmp/results_28.02.2011/occt/release-sources-20110228/drv/PColgp/PColgp_VArrayNodeOfFieldOfHArray2OfVec2d_0.cxx
+M PColgp:pubinclude:PColgp_VArrayTNodeOfFieldOfHArray2OfVec2d.hxx /dn43/OCCT/tmp/results_28.02.2011/occt/release-sources-20110228/inc/PColgp_VArrayTNodeOfFieldOfHArray2OfVec2d.hxx
+M PColgp:derivated:PColgp_VArrayTNodeOfFieldOfHArray2OfVec2d_0.cxx /dn43/OCCT/tmp/results_28.02.2011/occt/release-sources-20110228/drv/PColgp/PColgp_VArrayTNodeOfFieldOfHArray2OfVec2d_0.cxx
+M PColgp:pubinclude:PColgp_FieldOfHArray2OfVec2d.hxx /dn43/OCCT/tmp/results_28.02.2011/occt/release-sources-20110228/inc/PColgp_FieldOfHArray2OfVec2d.hxx
+M PColgp:derivated:PColgp_FieldOfHArray2OfVec2d_0.cxx /dn43/OCCT/tmp/results_28.02.2011/occt/release-sources-20110228/drv/PColgp/PColgp_FieldOfHArray2OfVec2d_0.cxx
+M PColgp:pubinclude:Handle_PColgp_VArrayNodeOfFieldOfHArray2OfXY.hxx /dn43/OCCT/tmp/results_28.02.2011/occt/release-sources-20110228/inc/Handle_PColgp_VArrayNodeOfFieldOfHArray2OfXY.hxx
+M PColgp:pubinclude:PColgp_VArrayNodeOfFieldOfHArray2OfXY.hxx /dn43/OCCT/tmp/results_28.02.2011/occt/release-sources-20110228/inc/PColgp_VArrayNodeOfFieldOfHArray2OfXY.hxx
+M PColgp:derivated:PColgp_VArrayNodeOfFieldOfHArray2OfXY_0.cxx /dn43/OCCT/tmp/results_28.02.2011/occt/release-sources-20110228/drv/PColgp/PColgp_VArrayNodeOfFieldOfHArray2OfXY_0.cxx
+M PColgp:pubinclude:PColgp_VArrayTNodeOfFieldOfHArray2OfXY.hxx /dn43/OCCT/tmp/results_28.02.2011/occt/release-sources-20110228/inc/PColgp_VArrayTNodeOfFieldOfHArray2OfXY.hxx
+M PColgp:derivated:PColgp_VArrayTNodeOfFieldOfHArray2OfXY_0.cxx /dn43/OCCT/tmp/results_28.02.2011/occt/release-sources-20110228/drv/PColgp/PColgp_VArrayTNodeOfFieldOfHArray2OfXY_0.cxx
+M PColgp:pubinclude:PColgp_FieldOfHArray2OfXY.hxx /dn43/OCCT/tmp/results_28.02.2011/occt/release-sources-20110228/inc/PColgp_FieldOfHArray2OfXY.hxx
+M PColgp:derivated:PColgp_FieldOfHArray2OfXY_0.cxx /dn43/OCCT/tmp/results_28.02.2011/occt/release-sources-20110228/drv/PColgp/PColgp_FieldOfHArray2OfXY_0.cxx
+M PColgp:pubinclude:Handle_PColgp_VArrayNodeOfFieldOfHArray2OfDir.hxx /dn43/OCCT/tmp/results_28.02.2011/occt/release-sources-20110228/inc/Handle_PColgp_VArrayNodeOfFieldOfHArray2OfDir.hxx
+M PColgp:pubinclude:PColgp_VArrayNodeOfFieldOfHArray2OfDir.hxx /dn43/OCCT/tmp/results_28.02.2011/occt/release-sources-20110228/inc/PColgp_VArrayNodeOfFieldOfHArray2OfDir.hxx
+M PColgp:derivated:PColgp_VArrayNodeOfFieldOfHArray2OfDir_0.cxx /dn43/OCCT/tmp/results_28.02.2011/occt/release-sources-20110228/drv/PColgp/PColgp_VArrayNodeOfFieldOfHArray2OfDir_0.cxx
+M PColgp:pubinclude:PColgp_VArrayTNodeOfFieldOfHArray2OfDir.hxx /dn43/OCCT/tmp/results_28.02.2011/occt/release-sources-20110228/inc/PColgp_VArrayTNodeOfFieldOfHArray2OfDir.hxx
+M PColgp:derivated:PColgp_VArrayTNodeOfFieldOfHArray2OfDir_0.cxx /dn43/OCCT/tmp/results_28.02.2011/occt/release-sources-20110228/drv/PColgp/PColgp_VArrayTNodeOfFieldOfHArray2OfDir_0.cxx
+M PColgp:pubinclude:PColgp_FieldOfHArray2OfDir.hxx /dn43/OCCT/tmp/results_28.02.2011/occt/release-sources-20110228/inc/PColgp_FieldOfHArray2OfDir.hxx
+M PColgp:derivated:PColgp_FieldOfHArray2OfDir_0.cxx /dn43/OCCT/tmp/results_28.02.2011/occt/release-sources-20110228/drv/PColgp/PColgp_FieldOfHArray2OfDir_0.cxx
+M PColgp:pubinclude:Handle_PColgp_VArrayNodeOfFieldOfHArray2OfPnt.hxx /dn43/OCCT/tmp/results_28.02.2011/occt/release-sources-20110228/inc/Handle_PColgp_VArrayNodeOfFieldOfHArray2OfPnt.hxx
+M PColgp:pubinclude:PColgp_VArrayNodeOfFieldOfHArray2OfPnt.hxx /dn43/OCCT/tmp/results_28.02.2011/occt/release-sources-20110228/inc/PColgp_VArrayNodeOfFieldOfHArray2OfPnt.hxx
+M PColgp:derivated:PColgp_VArrayNodeOfFieldOfHArray2OfPnt_0.cxx /dn43/OCCT/tmp/results_28.02.2011/occt/release-sources-20110228/drv/PColgp/PColgp_VArrayNodeOfFieldOfHArray2OfPnt_0.cxx
+M PColgp:pubinclude:PColgp_VArrayTNodeOfFieldOfHArray2OfPnt.hxx /dn43/OCCT/tmp/results_28.02.2011/occt/release-sources-20110228/inc/PColgp_VArrayTNodeOfFieldOfHArray2OfPnt.hxx
+M PColgp:derivated:PColgp_VArrayTNodeOfFieldOfHArray2OfPnt_0.cxx /dn43/OCCT/tmp/results_28.02.2011/occt/release-sources-20110228/drv/PColgp/PColgp_VArrayTNodeOfFieldOfHArray2OfPnt_0.cxx
+M PColgp:pubinclude:PColgp_FieldOfHArray2OfPnt.hxx /dn43/OCCT/tmp/results_28.02.2011/occt/release-sources-20110228/inc/PColgp_FieldOfHArray2OfPnt.hxx
+M PColgp:derivated:PColgp_FieldOfHArray2OfPnt_0.cxx /dn43/OCCT/tmp/results_28.02.2011/occt/release-sources-20110228/drv/PColgp/PColgp_FieldOfHArray2OfPnt_0.cxx
+M PColgp:pubinclude:Handle_PColgp_VArrayNodeOfFieldOfHArray2OfVec.hxx /dn43/OCCT/tmp/results_28.02.2011/occt/release-sources-20110228/inc/Handle_PColgp_VArrayNodeOfFieldOfHArray2OfVec.hxx
+M PColgp:pubinclude:PColgp_VArrayNodeOfFieldOfHArray2OfVec.hxx /dn43/OCCT/tmp/results_28.02.2011/occt/release-sources-20110228/inc/PColgp_VArrayNodeOfFieldOfHArray2OfVec.hxx
+M PColgp:derivated:PColgp_VArrayNodeOfFieldOfHArray2OfVec_0.cxx /dn43/OCCT/tmp/results_28.02.2011/occt/release-sources-20110228/drv/PColgp/PColgp_VArrayNodeOfFieldOfHArray2OfVec_0.cxx
+M PColgp:pubinclude:PColgp_VArrayTNodeOfFieldOfHArray2OfVec.hxx /dn43/OCCT/tmp/results_28.02.2011/occt/release-sources-20110228/inc/PColgp_VArrayTNodeOfFieldOfHArray2OfVec.hxx
+M PColgp:derivated:PColgp_VArrayTNodeOfFieldOfHArray2OfVec_0.cxx /dn43/OCCT/tmp/results_28.02.2011/occt/release-sources-20110228/drv/PColgp/PColgp_VArrayTNodeOfFieldOfHArray2OfVec_0.cxx
+M PColgp:pubinclude:PColgp_FieldOfHArray2OfVec.hxx /dn43/OCCT/tmp/results_28.02.2011/occt/release-sources-20110228/inc/PColgp_FieldOfHArray2OfVec.hxx
+M PColgp:derivated:PColgp_FieldOfHArray2OfVec_0.cxx /dn43/OCCT/tmp/results_28.02.2011/occt/release-sources-20110228/drv/PColgp/PColgp_FieldOfHArray2OfVec_0.cxx
+M PColgp:pubinclude:Handle_PColgp_VArrayNodeOfFieldOfHArray2OfXYZ.hxx /dn43/OCCT/tmp/results_28.02.2011/occt/release-sources-20110228/inc/Handle_PColgp_VArrayNodeOfFieldOfHArray2OfXYZ.hxx
+M PColgp:pubinclude:PColgp_VArrayNodeOfFieldOfHArray2OfXYZ.hxx /dn43/OCCT/tmp/results_28.02.2011/occt/release-sources-20110228/inc/PColgp_VArrayNodeOfFieldOfHArray2OfXYZ.hxx
+M PColgp:derivated:PColgp_VArrayNodeOfFieldOfHArray2OfXYZ_0.cxx /dn43/OCCT/tmp/results_28.02.2011/occt/release-sources-20110228/drv/PColgp/PColgp_VArrayNodeOfFieldOfHArray2OfXYZ_0.cxx
+M PColgp:pubinclude:PColgp_VArrayTNodeOfFieldOfHArray2OfXYZ.hxx /dn43/OCCT/tmp/results_28.02.2011/occt/release-sources-20110228/inc/PColgp_VArrayTNodeOfFieldOfHArray2OfXYZ.hxx
+M PColgp:derivated:PColgp_VArrayTNodeOfFieldOfHArray2OfXYZ_0.cxx /dn43/OCCT/tmp/results_28.02.2011/occt/release-sources-20110228/drv/PColgp/PColgp_VArrayTNodeOfFieldOfHArray2OfXYZ_0.cxx
+M PColgp:pubinclude:PColgp_FieldOfHArray2OfXYZ.hxx /dn43/OCCT/tmp/results_28.02.2011/occt/release-sources-20110228/inc/PColgp_FieldOfHArray2OfXYZ.hxx
+M PColgp:derivated:PColgp_FieldOfHArray2OfXYZ_0.cxx /dn43/OCCT/tmp/results_28.02.2011/occt/release-sources-20110228/drv/PColgp/PColgp_FieldOfHArray2OfXYZ_0.cxx
+M PColgp:pubinclude:Handle_PColgp_SeqNodeOfHSequenceOfDir.hxx /dn43/OCCT/tmp/results_28.02.2011/occt/release-sources-20110228/inc/Handle_PColgp_SeqNodeOfHSequenceOfDir.hxx
+M PColgp:pubinclude:PColgp_SeqNodeOfHSequenceOfDir.hxx /dn43/OCCT/tmp/results_28.02.2011/occt/release-sources-20110228/inc/PColgp_SeqNodeOfHSequenceOfDir.hxx
+M PColgp:derivated:PColgp_SeqNodeOfHSequenceOfDir_0.cxx /dn43/OCCT/tmp/results_28.02.2011/occt/release-sources-20110228/drv/PColgp/PColgp_SeqNodeOfHSequenceOfDir_0.cxx
+M PColgp:pubinclude:PColgp_SeqExplorerOfHSequenceOfDir.hxx /dn43/OCCT/tmp/results_28.02.2011/occt/release-sources-20110228/inc/PColgp_SeqExplorerOfHSequenceOfDir.hxx
+M PColgp:derivated:PColgp_SeqExplorerOfHSequenceOfDir_0.cxx /dn43/OCCT/tmp/results_28.02.2011/occt/release-sources-20110228/drv/PColgp/PColgp_SeqExplorerOfHSequenceOfDir_0.cxx
+M PColgp:pubinclude:Handle_PColgp_SeqNodeOfHSequenceOfPnt.hxx /dn43/OCCT/tmp/results_28.02.2011/occt/release-sources-20110228/inc/Handle_PColgp_SeqNodeOfHSequenceOfPnt.hxx
+M PColgp:pubinclude:PColgp_SeqNodeOfHSequenceOfPnt.hxx /dn43/OCCT/tmp/results_28.02.2011/occt/release-sources-20110228/inc/PColgp_SeqNodeOfHSequenceOfPnt.hxx
+M PColgp:derivated:PColgp_SeqNodeOfHSequenceOfPnt_0.cxx /dn43/OCCT/tmp/results_28.02.2011/occt/release-sources-20110228/drv/PColgp/PColgp_SeqNodeOfHSequenceOfPnt_0.cxx
+M PColgp:pubinclude:PColgp_SeqExplorerOfHSequenceOfPnt.hxx /dn43/OCCT/tmp/results_28.02.2011/occt/release-sources-20110228/inc/PColgp_SeqExplorerOfHSequenceOfPnt.hxx
+M PColgp:derivated:PColgp_SeqExplorerOfHSequenceOfPnt_0.cxx /dn43/OCCT/tmp/results_28.02.2011/occt/release-sources-20110228/drv/PColgp/PColgp_SeqExplorerOfHSequenceOfPnt_0.cxx
+M PColgp:pubinclude:Handle_PColgp_SeqNodeOfHSequenceOfVec.hxx /dn43/OCCT/tmp/results_28.02.2011/occt/release-sources-20110228/inc/Handle_PColgp_SeqNodeOfHSequenceOfVec.hxx
+M PColgp:pubinclude:PColgp_SeqNodeOfHSequenceOfVec.hxx /dn43/OCCT/tmp/results_28.02.2011/occt/release-sources-20110228/inc/PColgp_SeqNodeOfHSequenceOfVec.hxx
+M PColgp:derivated:PColgp_SeqNodeOfHSequenceOfVec_0.cxx /dn43/OCCT/tmp/results_28.02.2011/occt/release-sources-20110228/drv/PColgp/PColgp_SeqNodeOfHSequenceOfVec_0.cxx
+M PColgp:pubinclude:PColgp_SeqExplorerOfHSequenceOfVec.hxx /dn43/OCCT/tmp/results_28.02.2011/occt/release-sources-20110228/inc/PColgp_SeqExplorerOfHSequenceOfVec.hxx
+M PColgp:derivated:PColgp_SeqExplorerOfHSequenceOfVec_0.cxx /dn43/OCCT/tmp/results_28.02.2011/occt/release-sources-20110228/drv/PColgp/PColgp_SeqExplorerOfHSequenceOfVec_0.cxx
+M PColgp:pubinclude:Handle_PColgp_SeqNodeOfHSequenceOfXYZ.hxx /dn43/OCCT/tmp/results_28.02.2011/occt/release-sources-20110228/inc/Handle_PColgp_SeqNodeOfHSequenceOfXYZ.hxx
+M PColgp:pubinclude:PColgp_SeqNodeOfHSequenceOfXYZ.hxx /dn43/OCCT/tmp/results_28.02.2011/occt/release-sources-20110228/inc/PColgp_SeqNodeOfHSequenceOfXYZ.hxx
+M PColgp:derivated:PColgp_SeqNodeOfHSequenceOfXYZ_0.cxx /dn43/OCCT/tmp/results_28.02.2011/occt/release-sources-20110228/drv/PColgp/PColgp_SeqNodeOfHSequenceOfXYZ_0.cxx
+M PColgp:pubinclude:PColgp_SeqExplorerOfHSequenceOfXYZ.hxx /dn43/OCCT/tmp/results_28.02.2011/occt/release-sources-20110228/inc/PColgp_SeqExplorerOfHSequenceOfXYZ.hxx
+M PColgp:derivated:PColgp_SeqExplorerOfHSequenceOfXYZ_0.cxx /dn43/OCCT/tmp/results_28.02.2011/occt/release-sources-20110228/drv/PColgp/PColgp_SeqExplorerOfHSequenceOfXYZ_0.cxx
+M PColgp:dbadmfile:PColgp_xcpp_header.In /dn43/OCCT/tmp/results_28.02.2011/occt/release-sources-20110228/drv/PColgp/.adm/PColgp_xcpp_header.In
+M PColgp:dbadmfile:PColgp_xcpp_header.Out /dn43/OCCT/tmp/results_28.02.2011/occt/release-sources-20110228/drv/PColgp/.adm/PColgp_xcpp_header.Out
+M PColgp:dbadmfile:PColgp_xcpp_header.Dep /dn43/OCCT/tmp/results_28.02.2011/occt/release-sources-20110228/drv/PColgp/.adm/PColgp_xcpp_header.Dep
