+M Hatch:pubinclude:Hatch_Parameter.hxx /dn43/OCCT/tmp/results_31.05.2011/occt/release-sources-20110531/inc/Hatch_Parameter.hxx
+M Hatch:privinclude:Hatch_Parameter.jxx /dn43/OCCT/tmp/results_31.05.2011/occt/release-sources-20110531/drv/Hatch/Hatch_Parameter.jxx
+M Hatch:privinclude:Hatch_Parameter.ixx /dn43/OCCT/tmp/results_31.05.2011/occt/release-sources-20110531/drv/Hatch/Hatch_Parameter.ixx
+M Hatch:pubinclude:Hatch_SequenceOfParameter.hxx /dn43/OCCT/tmp/results_31.05.2011/occt/release-sources-20110531/inc/Hatch_SequenceOfParameter.hxx
+M Hatch:derivated:Hatch_SequenceOfParameter_0.cxx /dn43/OCCT/tmp/results_31.05.2011/occt/release-sources-20110531/drv/Hatch/Hatch_SequenceOfParameter_0.cxx
+M Hatch:pubinclude:Hatch_Line.hxx /dn43/OCCT/tmp/results_31.05.2011/occt/release-sources-20110531/inc/Hatch_Line.hxx
+M Hatch:privinclude:Hatch_Line.jxx /dn43/OCCT/tmp/results_31.05.2011/occt/release-sources-20110531/drv/Hatch/Hatch_Line.jxx
+M Hatch:privinclude:Hatch_Line.ixx /dn43/OCCT/tmp/results_31.05.2011/occt/release-sources-20110531/drv/Hatch/Hatch_Line.ixx
+M Hatch:pubinclude:Hatch_SequenceOfLine.hxx /dn43/OCCT/tmp/results_31.05.2011/occt/release-sources-20110531/inc/Hatch_SequenceOfLine.hxx
+M Hatch:derivated:Hatch_SequenceOfLine_0.cxx /dn43/OCCT/tmp/results_31.05.2011/occt/release-sources-20110531/drv/Hatch/Hatch_SequenceOfLine_0.cxx
+M Hatch:pubinclude:Hatch_Hatcher.hxx /dn43/OCCT/tmp/results_31.05.2011/occt/release-sources-20110531/inc/Hatch_Hatcher.hxx
+M Hatch:privinclude:Hatch_Hatcher.jxx /dn43/OCCT/tmp/results_31.05.2011/occt/release-sources-20110531/drv/Hatch/Hatch_Hatcher.jxx
+M Hatch:privinclude:Hatch_Hatcher.ixx /dn43/OCCT/tmp/results_31.05.2011/occt/release-sources-20110531/drv/Hatch/Hatch_Hatcher.ixx
+M Hatch:pubinclude:Handle_Hatch_SequenceNodeOfSequenceOfParameter.hxx /dn43/OCCT/tmp/results_31.05.2011/occt/release-sources-20110531/inc/Handle_Hatch_SequenceNodeOfSequenceOfParameter.hxx
+M Hatch:pubinclude:Hatch_SequenceNodeOfSequenceOfParameter.hxx /dn43/OCCT/tmp/results_31.05.2011/occt/release-sources-20110531/inc/Hatch_SequenceNodeOfSequenceOfParameter.hxx
+M Hatch:derivated:Hatch_SequenceNodeOfSequenceOfParameter_0.cxx /dn43/OCCT/tmp/results_31.05.2011/occt/release-sources-20110531/drv/Hatch/Hatch_SequenceNodeOfSequenceOfParameter_0.cxx
+M Hatch:pubinclude:Handle_Hatch_SequenceNodeOfSequenceOfLine.hxx /dn43/OCCT/tmp/results_31.05.2011/occt/release-sources-20110531/inc/Handle_Hatch_SequenceNodeOfSequenceOfLine.hxx
+M Hatch:pubinclude:Hatch_SequenceNodeOfSequenceOfLine.hxx /dn43/OCCT/tmp/results_31.05.2011/occt/release-sources-20110531/inc/Hatch_SequenceNodeOfSequenceOfLine.hxx
+M Hatch:derivated:Hatch_SequenceNodeOfSequenceOfLine_0.cxx /dn43/OCCT/tmp/results_31.05.2011/occt/release-sources-20110531/drv/Hatch/Hatch_SequenceNodeOfSequenceOfLine_0.cxx
+M Hatch:pubinclude:Hatch_LineForm.hxx /dn43/OCCT/tmp/results_31.05.2011/occt/release-sources-20110531/inc/Hatch_LineForm.hxx
+M Hatch:dbadmfile:Hatch_xcpp_header.In /dn43/OCCT/tmp/results_31.05.2011/occt/release-sources-20110531/drv/Hatch/.adm/Hatch_xcpp_header.In
+M Hatch:dbadmfile:Hatch_xcpp_header.Out /dn43/OCCT/tmp/results_31.05.2011/occt/release-sources-20110531/drv/Hatch/.adm/Hatch_xcpp_header.Out
+M Hatch:dbadmfile:Hatch_xcpp_header.Dep /dn43/OCCT/tmp/results_31.05.2011/occt/release-sources-20110531/drv/Hatch/.adm/Hatch_xcpp_header.Dep
