+M HLRAlgo:pubinclude:HLRAlgo.hxx /dn43/OCCT/tmp/results_31.05.2011/occt/release-sources-20110531/inc/HLRAlgo.hxx
+M HLRAlgo:privinclude:HLRAlgo.jxx /dn43/OCCT/tmp/results_31.05.2011/occt/release-sources-20110531/drv/HLRAlgo/HLRAlgo.jxx
+M HLRAlgo:privinclude:HLRAlgo.ixx /dn43/OCCT/tmp/results_31.05.2011/occt/release-sources-20110531/drv/HLRAlgo/HLRAlgo.ixx
+M HLRAlgo:pubinclude:HLRAlgo_BiPoint.hxx /dn43/OCCT/tmp/results_31.05.2011/occt/release-sources-20110531/inc/HLRAlgo_BiPoint.hxx
+M HLRAlgo:privinclude:HLRAlgo_BiPoint.jxx /dn43/OCCT/tmp/results_31.05.2011/occt/release-sources-20110531/drv/HLRAlgo/HLRAlgo_BiPoint.jxx
+M HLRAlgo:privinclude:HLRAlgo_BiPoint.ixx /dn43/OCCT/tmp/results_31.05.2011/occt/release-sources-20110531/drv/HLRAlgo/HLRAlgo_BiPoint.ixx
+M HLRAlgo:pubinclude:HLRAlgo_ListOfBPoint.hxx /dn43/OCCT/tmp/results_31.05.2011/occt/release-sources-20110531/inc/HLRAlgo_ListOfBPoint.hxx
+M HLRAlgo:derivated:HLRAlgo_ListOfBPoint_0.cxx /dn43/OCCT/tmp/results_31.05.2011/occt/release-sources-20110531/drv/HLRAlgo/HLRAlgo_ListOfBPoint_0.cxx
+M HLRAlgo:pubinclude:Handle_HLRAlgo_PolyShellData.hxx /dn43/OCCT/tmp/results_31.05.2011/occt/release-sources-20110531/inc/Handle_HLRAlgo_PolyShellData.hxx
+M HLRAlgo:pubinclude:HLRAlgo_PolyShellData.hxx /dn43/OCCT/tmp/results_31.05.2011/occt/release-sources-20110531/inc/HLRAlgo_PolyShellData.hxx
+M HLRAlgo:privinclude:HLRAlgo_PolyShellData.jxx /dn43/OCCT/tmp/results_31.05.2011/occt/release-sources-20110531/drv/HLRAlgo/HLRAlgo_PolyShellData.jxx
+M HLRAlgo:privinclude:HLRAlgo_PolyShellData.ixx /dn43/OCCT/tmp/results_31.05.2011/occt/release-sources-20110531/drv/HLRAlgo/HLRAlgo_PolyShellData.ixx
+M HLRAlgo:pubinclude:Handle_HLRAlgo_PolyInternalData.hxx /dn43/OCCT/tmp/results_31.05.2011/occt/release-sources-20110531/inc/Handle_HLRAlgo_PolyInternalData.hxx
+M HLRAlgo:pubinclude:HLRAlgo_PolyInternalData.hxx /dn43/OCCT/tmp/results_31.05.2011/occt/release-sources-20110531/inc/HLRAlgo_PolyInternalData.hxx
+M HLRAlgo:privinclude:HLRAlgo_PolyInternalData.jxx /dn43/OCCT/tmp/results_31.05.2011/occt/release-sources-20110531/drv/HLRAlgo/HLRAlgo_PolyInternalData.jxx
+M HLRAlgo:privinclude:HLRAlgo_PolyInternalData.ixx /dn43/OCCT/tmp/results_31.05.2011/occt/release-sources-20110531/drv/HLRAlgo/HLRAlgo_PolyInternalData.ixx
+M HLRAlgo:pubinclude:HLRAlgo_PolyInternalSegment.hxx /dn43/OCCT/tmp/results_31.05.2011/occt/release-sources-20110531/inc/HLRAlgo_PolyInternalSegment.hxx
+M HLRAlgo:privinclude:HLRAlgo_PolyInternalSegment.jxx /dn43/OCCT/tmp/results_31.05.2011/occt/release-sources-20110531/drv/HLRAlgo/HLRAlgo_PolyInternalSegment.jxx
+M HLRAlgo:privinclude:HLRAlgo_PolyInternalSegment.ixx /dn43/OCCT/tmp/results_31.05.2011/occt/release-sources-20110531/drv/HLRAlgo/HLRAlgo_PolyInternalSegment.ixx
+M HLRAlgo:pubinclude:Handle_HLRAlgo_PolyInternalNode.hxx /dn43/OCCT/tmp/results_31.05.2011/occt/release-sources-20110531/inc/Handle_HLRAlgo_PolyInternalNode.hxx
+M HLRAlgo:pubinclude:HLRAlgo_PolyInternalNode.hxx /dn43/OCCT/tmp/results_31.05.2011/occt/release-sources-20110531/inc/HLRAlgo_PolyInternalNode.hxx
+M HLRAlgo:privinclude:HLRAlgo_PolyInternalNode.jxx /dn43/OCCT/tmp/results_31.05.2011/occt/release-sources-20110531/drv/HLRAlgo/HLRAlgo_PolyInternalNode.jxx
+M HLRAlgo:privinclude:HLRAlgo_PolyInternalNode.ixx /dn43/OCCT/tmp/results_31.05.2011/occt/release-sources-20110531/drv/HLRAlgo/HLRAlgo_PolyInternalNode.ixx
+M HLRAlgo:pubinclude:Handle_HLRAlgo_PolyData.hxx /dn43/OCCT/tmp/results_31.05.2011/occt/release-sources-20110531/inc/Handle_HLRAlgo_PolyData.hxx
+M HLRAlgo:pubinclude:HLRAlgo_PolyData.hxx /dn43/OCCT/tmp/results_31.05.2011/occt/release-sources-20110531/inc/HLRAlgo_PolyData.hxx
+M HLRAlgo:privinclude:HLRAlgo_PolyData.jxx /dn43/OCCT/tmp/results_31.05.2011/occt/release-sources-20110531/drv/HLRAlgo/HLRAlgo_PolyData.jxx
+M HLRAlgo:privinclude:HLRAlgo_PolyData.ixx /dn43/OCCT/tmp/results_31.05.2011/occt/release-sources-20110531/drv/HLRAlgo/HLRAlgo_PolyData.ixx
+M HLRAlgo:pubinclude:HLRAlgo_PolyHidingData.hxx /dn43/OCCT/tmp/results_31.05.2011/occt/release-sources-20110531/inc/HLRAlgo_PolyHidingData.hxx
+M HLRAlgo:privinclude:HLRAlgo_PolyHidingData.jxx /dn43/OCCT/tmp/results_31.05.2011/occt/release-sources-20110531/drv/HLRAlgo/HLRAlgo_PolyHidingData.jxx
+M HLRAlgo:privinclude:HLRAlgo_PolyHidingData.ixx /dn43/OCCT/tmp/results_31.05.2011/occt/release-sources-20110531/drv/HLRAlgo/HLRAlgo_PolyHidingData.ixx
+M HLRAlgo:pubinclude:HLRAlgo_TriangleData.hxx /dn43/OCCT/tmp/results_31.05.2011/occt/release-sources-20110531/inc/HLRAlgo_TriangleData.hxx
+M HLRAlgo:privinclude:HLRAlgo_TriangleData.jxx /dn43/OCCT/tmp/results_31.05.2011/occt/release-sources-20110531/drv/HLRAlgo/HLRAlgo_TriangleData.jxx
+M HLRAlgo:privinclude:HLRAlgo_TriangleData.ixx /dn43/OCCT/tmp/results_31.05.2011/occt/release-sources-20110531/drv/HLRAlgo/HLRAlgo_TriangleData.ixx
+M HLRAlgo:pubinclude:HLRAlgo_Array1OfPHDat.hxx /dn43/OCCT/tmp/results_31.05.2011/occt/release-sources-20110531/inc/HLRAlgo_Array1OfPHDat.hxx
+M HLRAlgo:derivated:HLRAlgo_Array1OfPHDat_0.cxx /dn43/OCCT/tmp/results_31.05.2011/occt/release-sources-20110531/drv/HLRAlgo/HLRAlgo_Array1OfPHDat_0.cxx
+M HLRAlgo:pubinclude:Handle_HLRAlgo_HArray1OfPHDat.hxx /dn43/OCCT/tmp/results_31.05.2011/occt/release-sources-20110531/inc/Handle_HLRAlgo_HArray1OfPHDat.hxx
+M HLRAlgo:pubinclude:HLRAlgo_HArray1OfPHDat.hxx /dn43/OCCT/tmp/results_31.05.2011/occt/release-sources-20110531/inc/HLRAlgo_HArray1OfPHDat.hxx
+M HLRAlgo:derivated:HLRAlgo_HArray1OfPHDat_0.cxx /dn43/OCCT/tmp/results_31.05.2011/occt/release-sources-20110531/drv/HLRAlgo/HLRAlgo_HArray1OfPHDat_0.cxx
+M HLRAlgo:pubinclude:HLRAlgo_Array1OfPISeg.hxx /dn43/OCCT/tmp/results_31.05.2011/occt/release-sources-20110531/inc/HLRAlgo_Array1OfPISeg.hxx
+M HLRAlgo:derivated:HLRAlgo_Array1OfPISeg_0.cxx /dn43/OCCT/tmp/results_31.05.2011/occt/release-sources-20110531/drv/HLRAlgo/HLRAlgo_Array1OfPISeg_0.cxx
+M HLRAlgo:pubinclude:Handle_HLRAlgo_HArray1OfPISeg.hxx /dn43/OCCT/tmp/results_31.05.2011/occt/release-sources-20110531/inc/Handle_HLRAlgo_HArray1OfPISeg.hxx
+M HLRAlgo:pubinclude:HLRAlgo_HArray1OfPISeg.hxx /dn43/OCCT/tmp/results_31.05.2011/occt/release-sources-20110531/inc/HLRAlgo_HArray1OfPISeg.hxx
+M HLRAlgo:derivated:HLRAlgo_HArray1OfPISeg_0.cxx /dn43/OCCT/tmp/results_31.05.2011/occt/release-sources-20110531/drv/HLRAlgo/HLRAlgo_HArray1OfPISeg_0.cxx
+M HLRAlgo:pubinclude:HLRAlgo_Array1OfPINod.hxx /dn43/OCCT/tmp/results_31.05.2011/occt/release-sources-20110531/inc/HLRAlgo_Array1OfPINod.hxx
+M HLRAlgo:derivated:HLRAlgo_Array1OfPINod_0.cxx /dn43/OCCT/tmp/results_31.05.2011/occt/release-sources-20110531/drv/HLRAlgo/HLRAlgo_Array1OfPINod_0.cxx
+M HLRAlgo:pubinclude:Handle_HLRAlgo_HArray1OfPINod.hxx /dn43/OCCT/tmp/results_31.05.2011/occt/release-sources-20110531/inc/Handle_HLRAlgo_HArray1OfPINod.hxx
+M HLRAlgo:pubinclude:HLRAlgo_HArray1OfPINod.hxx /dn43/OCCT/tmp/results_31.05.2011/occt/release-sources-20110531/inc/HLRAlgo_HArray1OfPINod.hxx
+M HLRAlgo:derivated:HLRAlgo_HArray1OfPINod_0.cxx /dn43/OCCT/tmp/results_31.05.2011/occt/release-sources-20110531/drv/HLRAlgo/HLRAlgo_HArray1OfPINod_0.cxx
+M HLRAlgo:pubinclude:HLRAlgo_Array1OfTData.hxx /dn43/OCCT/tmp/results_31.05.2011/occt/release-sources-20110531/inc/HLRAlgo_Array1OfTData.hxx
+M HLRAlgo:derivated:HLRAlgo_Array1OfTData_0.cxx /dn43/OCCT/tmp/results_31.05.2011/occt/release-sources-20110531/drv/HLRAlgo/HLRAlgo_Array1OfTData_0.cxx
+M HLRAlgo:pubinclude:Handle_HLRAlgo_HArray1OfTData.hxx /dn43/OCCT/tmp/results_31.05.2011/occt/release-sources-20110531/inc/Handle_HLRAlgo_HArray1OfTData.hxx
+M HLRAlgo:pubinclude:HLRAlgo_HArray1OfTData.hxx /dn43/OCCT/tmp/results_31.05.2011/occt/release-sources-20110531/inc/HLRAlgo_HArray1OfTData.hxx
+M HLRAlgo:derivated:HLRAlgo_HArray1OfTData_0.cxx /dn43/OCCT/tmp/results_31.05.2011/occt/release-sources-20110531/drv/HLRAlgo/HLRAlgo_HArray1OfTData_0.cxx
+M HLRAlgo:pubinclude:Handle_HLRAlgo_PolyAlgo.hxx /dn43/OCCT/tmp/results_31.05.2011/occt/release-sources-20110531/inc/Handle_HLRAlgo_PolyAlgo.hxx
+M HLRAlgo:pubinclude:HLRAlgo_PolyAlgo.hxx /dn43/OCCT/tmp/results_31.05.2011/occt/release-sources-20110531/inc/HLRAlgo_PolyAlgo.hxx
+M HLRAlgo:privinclude:HLRAlgo_PolyAlgo.jxx /dn43/OCCT/tmp/results_31.05.2011/occt/release-sources-20110531/drv/HLRAlgo/HLRAlgo_PolyAlgo.jxx
+M HLRAlgo:privinclude:HLRAlgo_PolyAlgo.ixx /dn43/OCCT/tmp/results_31.05.2011/occt/release-sources-20110531/drv/HLRAlgo/HLRAlgo_PolyAlgo.ixx
+M HLRAlgo:pubinclude:HLRAlgo_EdgeStatus.hxx /dn43/OCCT/tmp/results_31.05.2011/occt/release-sources-20110531/inc/HLRAlgo_EdgeStatus.hxx
+M HLRAlgo:privinclude:HLRAlgo_EdgeStatus.jxx /dn43/OCCT/tmp/results_31.05.2011/occt/release-sources-20110531/drv/HLRAlgo/HLRAlgo_EdgeStatus.jxx
+M HLRAlgo:privinclude:HLRAlgo_EdgeStatus.ixx /dn43/OCCT/tmp/results_31.05.2011/occt/release-sources-20110531/drv/HLRAlgo/HLRAlgo_EdgeStatus.ixx
+M HLRAlgo:pubinclude:HLRAlgo_Projector.hxx /dn43/OCCT/tmp/results_31.05.2011/occt/release-sources-20110531/inc/HLRAlgo_Projector.hxx
+M HLRAlgo:privinclude:HLRAlgo_Projector.jxx /dn43/OCCT/tmp/results_31.05.2011/occt/release-sources-20110531/drv/HLRAlgo/HLRAlgo_Projector.jxx
+M HLRAlgo:privinclude:HLRAlgo_Projector.ixx /dn43/OCCT/tmp/results_31.05.2011/occt/release-sources-20110531/drv/HLRAlgo/HLRAlgo_Projector.ixx
+M HLRAlgo:pubinclude:HLRAlgo_Intersection.hxx /dn43/OCCT/tmp/results_31.05.2011/occt/release-sources-20110531/inc/HLRAlgo_Intersection.hxx
+M HLRAlgo:privinclude:HLRAlgo_Intersection.jxx /dn43/OCCT/tmp/results_31.05.2011/occt/release-sources-20110531/drv/HLRAlgo/HLRAlgo_Intersection.jxx
+M HLRAlgo:privinclude:HLRAlgo_Intersection.ixx /dn43/OCCT/tmp/results_31.05.2011/occt/release-sources-20110531/drv/HLRAlgo/HLRAlgo_Intersection.ixx
+M HLRAlgo:pubinclude:HLRAlgo_Coincidence.hxx /dn43/OCCT/tmp/results_31.05.2011/occt/release-sources-20110531/inc/HLRAlgo_Coincidence.hxx
+M HLRAlgo:privinclude:HLRAlgo_Coincidence.jxx /dn43/OCCT/tmp/results_31.05.2011/occt/release-sources-20110531/drv/HLRAlgo/HLRAlgo_Coincidence.jxx
+M HLRAlgo:privinclude:HLRAlgo_Coincidence.ixx /dn43/OCCT/tmp/results_31.05.2011/occt/release-sources-20110531/drv/HLRAlgo/HLRAlgo_Coincidence.ixx
+M HLRAlgo:pubinclude:HLRAlgo_Interference.hxx /dn43/OCCT/tmp/results_31.05.2011/occt/release-sources-20110531/inc/HLRAlgo_Interference.hxx
+M HLRAlgo:derivated:HLRAlgo_Interference_0.cxx /dn43/OCCT/tmp/results_31.05.2011/occt/release-sources-20110531/drv/HLRAlgo/HLRAlgo_Interference_0.cxx
+M HLRAlgo:pubinclude:HLRAlgo_InterferenceList.hxx /dn43/OCCT/tmp/results_31.05.2011/occt/release-sources-20110531/inc/HLRAlgo_InterferenceList.hxx
+M HLRAlgo:derivated:HLRAlgo_InterferenceList_0.cxx /dn43/OCCT/tmp/results_31.05.2011/occt/release-sources-20110531/drv/HLRAlgo/HLRAlgo_InterferenceList_0.cxx
+M HLRAlgo:pubinclude:Handle_HLRAlgo_EdgesBlock.hxx /dn43/OCCT/tmp/results_31.05.2011/occt/release-sources-20110531/inc/Handle_HLRAlgo_EdgesBlock.hxx
+M HLRAlgo:pubinclude:HLRAlgo_EdgesBlock.hxx /dn43/OCCT/tmp/results_31.05.2011/occt/release-sources-20110531/inc/HLRAlgo_EdgesBlock.hxx
+M HLRAlgo:privinclude:HLRAlgo_EdgesBlock.jxx /dn43/OCCT/tmp/results_31.05.2011/occt/release-sources-20110531/drv/HLRAlgo/HLRAlgo_EdgesBlock.jxx
+M HLRAlgo:privinclude:HLRAlgo_EdgesBlock.ixx /dn43/OCCT/tmp/results_31.05.2011/occt/release-sources-20110531/drv/HLRAlgo/HLRAlgo_EdgesBlock.ixx
+M HLRAlgo:pubinclude:Handle_HLRAlgo_WiresBlock.hxx /dn43/OCCT/tmp/results_31.05.2011/occt/release-sources-20110531/inc/Handle_HLRAlgo_WiresBlock.hxx
+M HLRAlgo:pubinclude:HLRAlgo_WiresBlock.hxx /dn43/OCCT/tmp/results_31.05.2011/occt/release-sources-20110531/inc/HLRAlgo_WiresBlock.hxx
+M HLRAlgo:privinclude:HLRAlgo_WiresBlock.jxx /dn43/OCCT/tmp/results_31.05.2011/occt/release-sources-20110531/drv/HLRAlgo/HLRAlgo_WiresBlock.jxx
+M HLRAlgo:privinclude:HLRAlgo_WiresBlock.ixx /dn43/OCCT/tmp/results_31.05.2011/occt/release-sources-20110531/drv/HLRAlgo/HLRAlgo_WiresBlock.ixx
+M HLRAlgo:pubinclude:HLRAlgo_EdgeIterator.hxx /dn43/OCCT/tmp/results_31.05.2011/occt/release-sources-20110531/inc/HLRAlgo_EdgeIterator.hxx
+M HLRAlgo:privinclude:HLRAlgo_EdgeIterator.jxx /dn43/OCCT/tmp/results_31.05.2011/occt/release-sources-20110531/drv/HLRAlgo/HLRAlgo_EdgeIterator.jxx
+M HLRAlgo:privinclude:HLRAlgo_EdgeIterator.ixx /dn43/OCCT/tmp/results_31.05.2011/occt/release-sources-20110531/drv/HLRAlgo/HLRAlgo_EdgeIterator.ixx
+M HLRAlgo:pubinclude:Handle_HLRAlgo_ListNodeOfListOfBPoint.hxx /dn43/OCCT/tmp/results_31.05.2011/occt/release-sources-20110531/inc/Handle_HLRAlgo_ListNodeOfListOfBPoint.hxx
+M HLRAlgo:pubinclude:HLRAlgo_ListNodeOfListOfBPoint.hxx /dn43/OCCT/tmp/results_31.05.2011/occt/release-sources-20110531/inc/HLRAlgo_ListNodeOfListOfBPoint.hxx
+M HLRAlgo:derivated:HLRAlgo_ListNodeOfListOfBPoint_0.cxx /dn43/OCCT/tmp/results_31.05.2011/occt/release-sources-20110531/drv/HLRAlgo/HLRAlgo_ListNodeOfListOfBPoint_0.cxx
+M HLRAlgo:pubinclude:HLRAlgo_ListIteratorOfListOfBPoint.hxx /dn43/OCCT/tmp/results_31.05.2011/occt/release-sources-20110531/inc/HLRAlgo_ListIteratorOfListOfBPoint.hxx
+M HLRAlgo:derivated:HLRAlgo_ListIteratorOfListOfBPoint_0.cxx /dn43/OCCT/tmp/results_31.05.2011/occt/release-sources-20110531/drv/HLRAlgo/HLRAlgo_ListIteratorOfListOfBPoint_0.cxx
+M HLRAlgo:pubinclude:Handle_HLRAlgo_ListNodeOfInterferenceList.hxx /dn43/OCCT/tmp/results_31.05.2011/occt/release-sources-20110531/inc/Handle_HLRAlgo_ListNodeOfInterferenceList.hxx
+M HLRAlgo:pubinclude:HLRAlgo_ListNodeOfInterferenceList.hxx /dn43/OCCT/tmp/results_31.05.2011/occt/release-sources-20110531/inc/HLRAlgo_ListNodeOfInterferenceList.hxx
+M HLRAlgo:derivated:HLRAlgo_ListNodeOfInterferenceList_0.cxx /dn43/OCCT/tmp/results_31.05.2011/occt/release-sources-20110531/drv/HLRAlgo/HLRAlgo_ListNodeOfInterferenceList_0.cxx
+M HLRAlgo:pubinclude:HLRAlgo_ListIteratorOfInterferenceList.hxx /dn43/OCCT/tmp/results_31.05.2011/occt/release-sources-20110531/inc/HLRAlgo_ListIteratorOfInterferenceList.hxx
+M HLRAlgo:derivated:HLRAlgo_ListIteratorOfInterferenceList_0.cxx /dn43/OCCT/tmp/results_31.05.2011/occt/release-sources-20110531/drv/HLRAlgo/HLRAlgo_ListIteratorOfInterferenceList_0.cxx
+M HLRAlgo:dbadmfile:HLRAlgo_xcpp_header.In /dn43/OCCT/tmp/results_31.05.2011/occt/release-sources-20110531/drv/HLRAlgo/.adm/HLRAlgo_xcpp_header.In
+M HLRAlgo:dbadmfile:HLRAlgo_xcpp_header.Out /dn43/OCCT/tmp/results_31.05.2011/occt/release-sources-20110531/drv/HLRAlgo/.adm/HLRAlgo_xcpp_header.Out
+M HLRAlgo:dbadmfile:HLRAlgo_xcpp_header.Dep /dn43/OCCT/tmp/results_31.05.2011/occt/release-sources-20110531/drv/HLRAlgo/.adm/HLRAlgo_xcpp_header.Dep
