+M Geom2dInt:pubinclude:Geom2dInt_Geom2dCurveTool.hxx /dn43/OCCT/tmp/results_28.02.2011/occt/release-sources-20110228/inc/Geom2dInt_Geom2dCurveTool.hxx
+M Geom2dInt:derivated:Geom2dInt_Geom2dCurveTool_0.cxx /dn43/OCCT/tmp/results_28.02.2011/occt/release-sources-20110228/drv/Geom2dInt/Geom2dInt_Geom2dCurveTool_0.cxx
+M Geom2dInt:pubinclude:Geom2dInt_GInter.hxx /dn43/OCCT/tmp/results_28.02.2011/occt/release-sources-20110228/inc/Geom2dInt_GInter.hxx
+M Geom2dInt:derivated:Geom2dInt_GInter_0.cxx /dn43/OCCT/tmp/results_28.02.2011/occt/release-sources-20110228/drv/Geom2dInt/Geom2dInt_GInter_0.cxx
+M Geom2dInt:pubinclude:Geom2dInt_TheCurveLocatorOfTheProjPCurOfGInter.hxx /dn43/OCCT/tmp/results_28.02.2011/occt/release-sources-20110228/inc/Geom2dInt_TheCurveLocatorOfTheProjPCurOfGInter.hxx
+M Geom2dInt:derivated:Geom2dInt_TheCurveLocatorOfTheProjPCurOfGInter_0.cxx /dn43/OCCT/tmp/results_28.02.2011/occt/release-sources-20110228/drv/Geom2dInt/Geom2dInt_TheCurveLocatorOfTheProjPCurOfGInter_0.cxx
+M Geom2dInt:pubinclude:Handle_Geom2dInt_SequenceNodeOfSeqPCOfPCLocFOfTheLocateExtPCOfTheProjPCurOfGInter.hxx /dn43/OCCT/tmp/results_28.02.2011/occt/release-sources-20110228/inc/Handle_Geom2dInt_SequenceNodeOfSeqPCOfPCLocFOfTheLocateExtPCOfTheProjPCurOfGInter.hxx
+M Geom2dInt:pubinclude:Geom2dInt_SequenceNodeOfSeqPCOfPCLocFOfTheLocateExtPCOfTheProjPCurOfGInter.hxx /dn43/OCCT/tmp/results_28.02.2011/occt/release-sources-20110228/inc/Geom2dInt_SequenceNodeOfSeqPCOfPCLocFOfTheLocateExtPCOfTheProjPCurOfGInter.hxx
+M Geom2dInt:derivated:Geom2dInt_SequenceNodeOfSeqPCOfPCLocFOfTheLocateExtPCOfTheProjPCurOfGInter_0.cxx /dn43/OCCT/tmp/results_28.02.2011/occt/release-sources-20110228/drv/Geom2dInt/Geom2dInt_SequenceNodeOfSeqPCOfPCLocFOfTheLocateExtPCOfTheProjPCurOfGInter_0.cxx
+M Geom2dInt:pubinclude:Geom2dInt_SeqPCOfPCLocFOfTheLocateExtPCOfTheProjPCurOfGInter.hxx /dn43/OCCT/tmp/results_28.02.2011/occt/release-sources-20110228/inc/Geom2dInt_SeqPCOfPCLocFOfTheLocateExtPCOfTheProjPCurOfGInter.hxx
+M Geom2dInt:derivated:Geom2dInt_SeqPCOfPCLocFOfTheLocateExtPCOfTheProjPCurOfGInter_0.cxx /dn43/OCCT/tmp/results_28.02.2011/occt/release-sources-20110228/drv/Geom2dInt/Geom2dInt_SeqPCOfPCLocFOfTheLocateExtPCOfTheProjPCurOfGInter_0.cxx
+M Geom2dInt:pubinclude:Geom2dInt_PCLocFOfTheLocateExtPCOfTheProjPCurOfGInter.hxx /dn43/OCCT/tmp/results_28.02.2011/occt/release-sources-20110228/inc/Geom2dInt_PCLocFOfTheLocateExtPCOfTheProjPCurOfGInter.hxx
+M Geom2dInt:derivated:Geom2dInt_PCLocFOfTheLocateExtPCOfTheProjPCurOfGInter_0.cxx /dn43/OCCT/tmp/results_28.02.2011/occt/release-sources-20110228/drv/Geom2dInt/Geom2dInt_PCLocFOfTheLocateExtPCOfTheProjPCurOfGInter_0.cxx
+M Geom2dInt:pubinclude:Geom2dInt_TheLocateExtPCOfTheProjPCurOfGInter.hxx /dn43/OCCT/tmp/results_28.02.2011/occt/release-sources-20110228/inc/Geom2dInt_TheLocateExtPCOfTheProjPCurOfGInter.hxx
+M Geom2dInt:derivated:Geom2dInt_TheLocateExtPCOfTheProjPCurOfGInter_0.cxx /dn43/OCCT/tmp/results_28.02.2011/occt/release-sources-20110228/drv/Geom2dInt/Geom2dInt_TheLocateExtPCOfTheProjPCurOfGInter_0.cxx
+M Geom2dInt:pubinclude:Geom2dInt_TheProjPCurOfGInter.hxx /dn43/OCCT/tmp/results_28.02.2011/occt/release-sources-20110228/inc/Geom2dInt_TheProjPCurOfGInter.hxx
+M Geom2dInt:derivated:Geom2dInt_TheProjPCurOfGInter_0.cxx /dn43/OCCT/tmp/results_28.02.2011/occt/release-sources-20110228/drv/Geom2dInt/Geom2dInt_TheProjPCurOfGInter_0.cxx
+M Geom2dInt:pubinclude:Geom2dInt_MyImpParToolOfTheIntersectorOfTheIntConicCurveOfGInter.hxx /dn43/OCCT/tmp/results_28.02.2011/occt/release-sources-20110228/inc/Geom2dInt_MyImpParToolOfTheIntersectorOfTheIntConicCurveOfGInter.hxx
+M Geom2dInt:derivated:Geom2dInt_MyImpParToolOfTheIntersectorOfTheIntConicCurveOfGInter_0.cxx /dn43/OCCT/tmp/results_28.02.2011/occt/release-sources-20110228/drv/Geom2dInt/Geom2dInt_MyImpParToolOfTheIntersectorOfTheIntConicCurveOfGInter_0.cxx
+M Geom2dInt:pubinclude:Geom2dInt_TheIntersectorOfTheIntConicCurveOfGInter.hxx /dn43/OCCT/tmp/results_28.02.2011/occt/release-sources-20110228/inc/Geom2dInt_TheIntersectorOfTheIntConicCurveOfGInter.hxx
+M Geom2dInt:derivated:Geom2dInt_TheIntersectorOfTheIntConicCurveOfGInter_0.cxx /dn43/OCCT/tmp/results_28.02.2011/occt/release-sources-20110228/drv/Geom2dInt/Geom2dInt_TheIntersectorOfTheIntConicCurveOfGInter_0.cxx
+M Geom2dInt:pubinclude:Geom2dInt_TheIntConicCurveOfGInter.hxx /dn43/OCCT/tmp/results_28.02.2011/occt/release-sources-20110228/inc/Geom2dInt_TheIntConicCurveOfGInter.hxx
+M Geom2dInt:derivated:Geom2dInt_TheIntConicCurveOfGInter_0.cxx /dn43/OCCT/tmp/results_28.02.2011/occt/release-sources-20110228/drv/Geom2dInt/Geom2dInt_TheIntConicCurveOfGInter_0.cxx
+M Geom2dInt:pubinclude:Geom2dInt_IntConicCurveOfGInter.hxx /dn43/OCCT/tmp/results_28.02.2011/occt/release-sources-20110228/inc/Geom2dInt_IntConicCurveOfGInter.hxx
+M Geom2dInt:derivated:Geom2dInt_IntConicCurveOfGInter_0.cxx /dn43/OCCT/tmp/results_28.02.2011/occt/release-sources-20110228/drv/Geom2dInt/Geom2dInt_IntConicCurveOfGInter_0.cxx
+M Geom2dInt:pubinclude:Geom2dInt_ThePolygon2dOfTheIntPCurvePCurveOfGInter.hxx /dn43/OCCT/tmp/results_28.02.2011/occt/release-sources-20110228/inc/Geom2dInt_ThePolygon2dOfTheIntPCurvePCurveOfGInter.hxx
+M Geom2dInt:derivated:Geom2dInt_ThePolygon2dOfTheIntPCurvePCurveOfGInter_0.cxx /dn43/OCCT/tmp/results_28.02.2011/occt/release-sources-20110228/drv/Geom2dInt/Geom2dInt_ThePolygon2dOfTheIntPCurvePCurveOfGInter_0.cxx
+M Geom2dInt:pubinclude:Geom2dInt_ThePolygon2dToolOfTheIntPCurvePCurveOfGInter.hxx /dn43/OCCT/tmp/results_28.02.2011/occt/release-sources-20110228/inc/Geom2dInt_ThePolygon2dToolOfTheIntPCurvePCurveOfGInter.hxx
+M Geom2dInt:derivated:Geom2dInt_ThePolygon2dToolOfTheIntPCurvePCurveOfGInter_0.cxx /dn43/OCCT/tmp/results_28.02.2011/occt/release-sources-20110228/drv/Geom2dInt/Geom2dInt_ThePolygon2dToolOfTheIntPCurvePCurveOfGInter_0.cxx
+M Geom2dInt:pubinclude:Geom2dInt_InterferencePoly2dOfTheIntPCurvePCurveOfGInter.hxx /dn43/OCCT/tmp/results_28.02.2011/occt/release-sources-20110228/inc/Geom2dInt_InterferencePoly2dOfTheIntPCurvePCurveOfGInter.hxx
+M Geom2dInt:derivated:Geom2dInt_InterferencePoly2dOfTheIntPCurvePCurveOfGInter_0.cxx /dn43/OCCT/tmp/results_28.02.2011/occt/release-sources-20110228/drv/Geom2dInt/Geom2dInt_InterferencePoly2dOfTheIntPCurvePCurveOfGInter_0.cxx
+M Geom2dInt:pubinclude:Geom2dInt_TheDistBetweenPCurvesOfTheIntPCurvePCurveOfGInter.hxx /dn43/OCCT/tmp/results_28.02.2011/occt/release-sources-20110228/inc/Geom2dInt_TheDistBetweenPCurvesOfTheIntPCurvePCurveOfGInter.hxx
+M Geom2dInt:derivated:Geom2dInt_TheDistBetweenPCurvesOfTheIntPCurvePCurveOfGInter_0.cxx /dn43/OCCT/tmp/results_28.02.2011/occt/release-sources-20110228/drv/Geom2dInt/Geom2dInt_TheDistBetweenPCurvesOfTheIntPCurvePCurveOfGInter_0.cxx
+M Geom2dInt:pubinclude:Geom2dInt_ExactIntersectionPointOfTheIntPCurvePCurveOfGInter.hxx /dn43/OCCT/tmp/results_28.02.2011/occt/release-sources-20110228/inc/Geom2dInt_ExactIntersectionPointOfTheIntPCurvePCurveOfGInter.hxx
+M Geom2dInt:derivated:Geom2dInt_ExactIntersectionPointOfTheIntPCurvePCurveOfGInter_0.cxx /dn43/OCCT/tmp/results_28.02.2011/occt/release-sources-20110228/drv/Geom2dInt/Geom2dInt_ExactIntersectionPointOfTheIntPCurvePCurveOfGInter_0.cxx
+M Geom2dInt:pubinclude:Geom2dInt_TheIntPCurvePCurveOfGInter.hxx /dn43/OCCT/tmp/results_28.02.2011/occt/release-sources-20110228/inc/Geom2dInt_TheIntPCurvePCurveOfGInter.hxx
+M Geom2dInt:derivated:Geom2dInt_TheIntPCurvePCurveOfGInter_0.cxx /dn43/OCCT/tmp/results_28.02.2011/occt/release-sources-20110228/drv/Geom2dInt/Geom2dInt_TheIntPCurvePCurveOfGInter_0.cxx
+M Geom2dInt:dbadmfile:Geom2dInt_xcpp_header.In /dn43/OCCT/tmp/results_28.02.2011/occt/release-sources-20110228/drv/Geom2dInt/.adm/Geom2dInt_xcpp_header.In
+M Geom2dInt:dbadmfile:Geom2dInt_xcpp_header.Out /dn43/OCCT/tmp/results_28.02.2011/occt/release-sources-20110228/drv/Geom2dInt/.adm/Geom2dInt_xcpp_header.Out
+M Geom2dInt:dbadmfile:Geom2dInt_xcpp_header.Dep /dn43/OCCT/tmp/results_28.02.2011/occt/release-sources-20110228/drv/Geom2dInt/.adm/Geom2dInt_xcpp_header.Dep
