+M IGESControl:pubinclude:Handle_IGESControl_Controller.hxx /dn43/OCCT/tmp/results_28.02.2011/occt/release-sources-20110228/inc/Handle_IGESControl_Controller.hxx
+M IGESControl:pubinclude:IGESControl_Controller.hxx /dn43/OCCT/tmp/results_28.02.2011/occt/release-sources-20110228/inc/IGESControl_Controller.hxx
+M IGESControl:privinclude:IGESControl_Controller.jxx /dn43/OCCT/tmp/results_28.02.2011/occt/release-sources-20110228/drv/IGESControl/IGESControl_Controller.jxx
+M IGESControl:privinclude:IGESControl_Controller.ixx /dn43/OCCT/tmp/results_28.02.2011/occt/release-sources-20110228/drv/IGESControl/IGESControl_Controller.ixx
+M IGESControl:pubinclude:IGESControl_Writer.hxx /dn43/OCCT/tmp/results_28.02.2011/occt/release-sources-20110228/inc/IGESControl_Writer.hxx
+M IGESControl:privinclude:IGESControl_Writer.jxx /dn43/OCCT/tmp/results_28.02.2011/occt/release-sources-20110228/drv/IGESControl/IGESControl_Writer.jxx
+M IGESControl:privinclude:IGESControl_Writer.ixx /dn43/OCCT/tmp/results_28.02.2011/occt/release-sources-20110228/drv/IGESControl/IGESControl_Writer.ixx
+M IGESControl:pubinclude:IGESControl_Reader.hxx /dn43/OCCT/tmp/results_28.02.2011/occt/release-sources-20110228/inc/IGESControl_Reader.hxx
+M IGESControl:privinclude:IGESControl_Reader.jxx /dn43/OCCT/tmp/results_28.02.2011/occt/release-sources-20110228/drv/IGESControl/IGESControl_Reader.jxx
+M IGESControl:privinclude:IGESControl_Reader.ixx /dn43/OCCT/tmp/results_28.02.2011/occt/release-sources-20110228/drv/IGESControl/IGESControl_Reader.ixx
+M IGESControl:pubinclude:Handle_IGESControl_ActorWrite.hxx /dn43/OCCT/tmp/results_28.02.2011/occt/release-sources-20110228/inc/Handle_IGESControl_ActorWrite.hxx
+M IGESControl:pubinclude:IGESControl_ActorWrite.hxx /dn43/OCCT/tmp/results_28.02.2011/occt/release-sources-20110228/inc/IGESControl_ActorWrite.hxx
+M IGESControl:privinclude:IGESControl_ActorWrite.jxx /dn43/OCCT/tmp/results_28.02.2011/occt/release-sources-20110228/drv/IGESControl/IGESControl_ActorWrite.jxx
+M IGESControl:privinclude:IGESControl_ActorWrite.ixx /dn43/OCCT/tmp/results_28.02.2011/occt/release-sources-20110228/drv/IGESControl/IGESControl_ActorWrite.ixx
+M IGESControl:pubinclude:Handle_IGESControl_IGESBoundary.hxx /dn43/OCCT/tmp/results_28.02.2011/occt/release-sources-20110228/inc/Handle_IGESControl_IGESBoundary.hxx
+M IGESControl:pubinclude:IGESControl_IGESBoundary.hxx /dn43/OCCT/tmp/results_28.02.2011/occt/release-sources-20110228/inc/IGESControl_IGESBoundary.hxx
+M IGESControl:privinclude:IGESControl_IGESBoundary.jxx /dn43/OCCT/tmp/results_28.02.2011/occt/release-sources-20110228/drv/IGESControl/IGESControl_IGESBoundary.jxx
+M IGESControl:privinclude:IGESControl_IGESBoundary.ixx /dn43/OCCT/tmp/results_28.02.2011/occt/release-sources-20110228/drv/IGESControl/IGESControl_IGESBoundary.ixx
+M IGESControl:pubinclude:Handle_IGESControl_AlgoContainer.hxx /dn43/OCCT/tmp/results_28.02.2011/occt/release-sources-20110228/inc/Handle_IGESControl_AlgoContainer.hxx
+M IGESControl:pubinclude:IGESControl_AlgoContainer.hxx /dn43/OCCT/tmp/results_28.02.2011/occt/release-sources-20110228/inc/IGESControl_AlgoContainer.hxx
+M IGESControl:privinclude:IGESControl_AlgoContainer.jxx /dn43/OCCT/tmp/results_28.02.2011/occt/release-sources-20110228/drv/IGESControl/IGESControl_AlgoContainer.jxx
+M IGESControl:privinclude:IGESControl_AlgoContainer.ixx /dn43/OCCT/tmp/results_28.02.2011/occt/release-sources-20110228/drv/IGESControl/IGESControl_AlgoContainer.ixx
+M IGESControl:pubinclude:Handle_IGESControl_ToolContainer.hxx /dn43/OCCT/tmp/results_28.02.2011/occt/release-sources-20110228/inc/Handle_IGESControl_ToolContainer.hxx
+M IGESControl:pubinclude:IGESControl_ToolContainer.hxx /dn43/OCCT/tmp/results_28.02.2011/occt/release-sources-20110228/inc/IGESControl_ToolContainer.hxx
+M IGESControl:privinclude:IGESControl_ToolContainer.jxx /dn43/OCCT/tmp/results_28.02.2011/occt/release-sources-20110228/drv/IGESControl/IGESControl_ToolContainer.jxx
+M IGESControl:privinclude:IGESControl_ToolContainer.ixx /dn43/OCCT/tmp/results_28.02.2011/occt/release-sources-20110228/drv/IGESControl/IGESControl_ToolContainer.ixx
+M IGESControl:dbadmfile:IGESControl_xcpp_header.In /dn43/OCCT/tmp/results_28.02.2011/occt/release-sources-20110228/drv/IGESControl/.adm/IGESControl_xcpp_header.In
+M IGESControl:dbadmfile:IGESControl_xcpp_header.Out /dn43/OCCT/tmp/results_28.02.2011/occt/release-sources-20110228/drv/IGESControl/.adm/IGESControl_xcpp_header.Out
+M IGESControl:dbadmfile:IGESControl_xcpp_header.Dep /dn43/OCCT/tmp/results_28.02.2011/occt/release-sources-20110228/drv/IGESControl/.adm/IGESControl_xcpp_header.Dep
