+M PlotMgt:pubinclude:PlotMgt.hxx /dn43/OCCT/tmp/results_28.02.2011/occt/release-sources-20110228/inc/PlotMgt.hxx
+M PlotMgt:privinclude:PlotMgt.jxx /dn43/OCCT/tmp/results_28.02.2011/occt/release-sources-20110228/drv/PlotMgt/PlotMgt.jxx
+M PlotMgt:privinclude:PlotMgt.ixx /dn43/OCCT/tmp/results_28.02.2011/occt/release-sources-20110228/drv/PlotMgt/PlotMgt.ixx
+M PlotMgt:pubinclude:Handle_PlotMgt_ImageDriver.hxx /dn43/OCCT/tmp/results_28.02.2011/occt/release-sources-20110228/inc/Handle_PlotMgt_ImageDriver.hxx
+M PlotMgt:pubinclude:PlotMgt_ImageDriver.hxx /dn43/OCCT/tmp/results_28.02.2011/occt/release-sources-20110228/inc/PlotMgt_ImageDriver.hxx
+M PlotMgt:privinclude:PlotMgt_ImageDriver.jxx /dn43/OCCT/tmp/results_28.02.2011/occt/release-sources-20110228/drv/PlotMgt/PlotMgt_ImageDriver.jxx
+M PlotMgt:privinclude:PlotMgt_ImageDriver.ixx /dn43/OCCT/tmp/results_28.02.2011/occt/release-sources-20110228/drv/PlotMgt/PlotMgt_ImageDriver.ixx
+M PlotMgt:pubinclude:Handle_PlotMgt_PlotterParameter.hxx /dn43/OCCT/tmp/results_28.02.2011/occt/release-sources-20110228/inc/Handle_PlotMgt_PlotterParameter.hxx
+M PlotMgt:pubinclude:PlotMgt_PlotterParameter.hxx /dn43/OCCT/tmp/results_28.02.2011/occt/release-sources-20110228/inc/PlotMgt_PlotterParameter.hxx
+M PlotMgt:privinclude:PlotMgt_PlotterParameter.jxx /dn43/OCCT/tmp/results_28.02.2011/occt/release-sources-20110228/drv/PlotMgt/PlotMgt_PlotterParameter.jxx
+M PlotMgt:privinclude:PlotMgt_PlotterParameter.ixx /dn43/OCCT/tmp/results_28.02.2011/occt/release-sources-20110228/drv/PlotMgt/PlotMgt_PlotterParameter.ixx
+M PlotMgt:pubinclude:Handle_PlotMgt_Plotter.hxx /dn43/OCCT/tmp/results_28.02.2011/occt/release-sources-20110228/inc/Handle_PlotMgt_Plotter.hxx
+M PlotMgt:pubinclude:PlotMgt_Plotter.hxx /dn43/OCCT/tmp/results_28.02.2011/occt/release-sources-20110228/inc/PlotMgt_Plotter.hxx
+M PlotMgt:privinclude:PlotMgt_Plotter.jxx /dn43/OCCT/tmp/results_28.02.2011/occt/release-sources-20110228/drv/PlotMgt/PlotMgt_Plotter.jxx
+M PlotMgt:privinclude:PlotMgt_Plotter.ixx /dn43/OCCT/tmp/results_28.02.2011/occt/release-sources-20110228/drv/PlotMgt/PlotMgt_Plotter.ixx
+M PlotMgt:pubinclude:Handle_PlotMgt_PlotterDriver.hxx /dn43/OCCT/tmp/results_28.02.2011/occt/release-sources-20110228/inc/Handle_PlotMgt_PlotterDriver.hxx
+M PlotMgt:pubinclude:PlotMgt_PlotterDriver.hxx /dn43/OCCT/tmp/results_28.02.2011/occt/release-sources-20110228/inc/PlotMgt_PlotterDriver.hxx
+M PlotMgt:privinclude:PlotMgt_PlotterDriver.jxx /dn43/OCCT/tmp/results_28.02.2011/occt/release-sources-20110228/drv/PlotMgt/PlotMgt_PlotterDriver.jxx
+M PlotMgt:privinclude:PlotMgt_PlotterDriver.ixx /dn43/OCCT/tmp/results_28.02.2011/occt/release-sources-20110228/drv/PlotMgt/PlotMgt_PlotterDriver.ixx
+M PlotMgt:pubinclude:Handle_PlotMgt_TextManager.hxx /dn43/OCCT/tmp/results_28.02.2011/occt/release-sources-20110228/inc/Handle_PlotMgt_TextManager.hxx
+M PlotMgt:pubinclude:PlotMgt_TextManager.hxx /dn43/OCCT/tmp/results_28.02.2011/occt/release-sources-20110228/inc/PlotMgt_TextManager.hxx
+M PlotMgt:privinclude:PlotMgt_TextManager.jxx /dn43/OCCT/tmp/results_28.02.2011/occt/release-sources-20110228/drv/PlotMgt/PlotMgt_TextManager.jxx
+M PlotMgt:privinclude:PlotMgt_TextManager.ixx /dn43/OCCT/tmp/results_28.02.2011/occt/release-sources-20110228/drv/PlotMgt/PlotMgt_TextManager.ixx
+M PlotMgt:pubinclude:PlotMgt_ListOfPlotterParameter.hxx /dn43/OCCT/tmp/results_28.02.2011/occt/release-sources-20110228/inc/PlotMgt_ListOfPlotterParameter.hxx
+M PlotMgt:derivated:PlotMgt_ListOfPlotterParameter_0.cxx /dn43/OCCT/tmp/results_28.02.2011/occt/release-sources-20110228/drv/PlotMgt/PlotMgt_ListOfPlotterParameter_0.cxx
+M PlotMgt:pubinclude:Handle_PlotMgt_HListOfPlotterParameter.hxx /dn43/OCCT/tmp/results_28.02.2011/occt/release-sources-20110228/inc/Handle_PlotMgt_HListOfPlotterParameter.hxx
+M PlotMgt:pubinclude:PlotMgt_HListOfPlotterParameter.hxx /dn43/OCCT/tmp/results_28.02.2011/occt/release-sources-20110228/inc/PlotMgt_HListOfPlotterParameter.hxx
+M PlotMgt:derivated:PlotMgt_HListOfPlotterParameter_0.cxx /dn43/OCCT/tmp/results_28.02.2011/occt/release-sources-20110228/drv/PlotMgt/PlotMgt_HListOfPlotterParameter_0.cxx
+M PlotMgt:pubinclude:PlotMgt_ListOfMFTFonts.hxx /dn43/OCCT/tmp/results_28.02.2011/occt/release-sources-20110228/inc/PlotMgt_ListOfMFTFonts.hxx
+M PlotMgt:derivated:PlotMgt_ListOfMFTFonts_0.cxx /dn43/OCCT/tmp/results_28.02.2011/occt/release-sources-20110228/drv/PlotMgt/PlotMgt_ListOfMFTFonts_0.cxx
+M PlotMgt:pubinclude:Handle_PlotMgt_HListOfMFTFonts.hxx /dn43/OCCT/tmp/results_28.02.2011/occt/release-sources-20110228/inc/Handle_PlotMgt_HListOfMFTFonts.hxx
+M PlotMgt:pubinclude:PlotMgt_HListOfMFTFonts.hxx /dn43/OCCT/tmp/results_28.02.2011/occt/release-sources-20110228/inc/PlotMgt_HListOfMFTFonts.hxx
+M PlotMgt:derivated:PlotMgt_HListOfMFTFonts_0.cxx /dn43/OCCT/tmp/results_28.02.2011/occt/release-sources-20110228/drv/PlotMgt/PlotMgt_HListOfMFTFonts_0.cxx
+M PlotMgt:pubinclude:Handle_PlotMgt_SequenceNodeOfListOfPlotterParameter.hxx /dn43/OCCT/tmp/results_28.02.2011/occt/release-sources-20110228/inc/Handle_PlotMgt_SequenceNodeOfListOfPlotterParameter.hxx
+M PlotMgt:pubinclude:PlotMgt_SequenceNodeOfListOfPlotterParameter.hxx /dn43/OCCT/tmp/results_28.02.2011/occt/release-sources-20110228/inc/PlotMgt_SequenceNodeOfListOfPlotterParameter.hxx
+M PlotMgt:derivated:PlotMgt_SequenceNodeOfListOfPlotterParameter_0.cxx /dn43/OCCT/tmp/results_28.02.2011/occt/release-sources-20110228/drv/PlotMgt/PlotMgt_SequenceNodeOfListOfPlotterParameter_0.cxx
+M PlotMgt:pubinclude:Handle_PlotMgt_PlotterDefinitionError.hxx /dn43/OCCT/tmp/results_28.02.2011/occt/release-sources-20110228/inc/Handle_PlotMgt_PlotterDefinitionError.hxx
+M PlotMgt:pubinclude:PlotMgt_PlotterDefinitionError.hxx /dn43/OCCT/tmp/results_28.02.2011/occt/release-sources-20110228/inc/PlotMgt_PlotterDefinitionError.hxx
+M PlotMgt:derivated:PlotMgt_PlotterDefinitionError_0.cxx /dn43/OCCT/tmp/results_28.02.2011/occt/release-sources-20110228/drv/PlotMgt/PlotMgt_PlotterDefinitionError_0.cxx
+M PlotMgt:pubinclude:Handle_PlotMgt_PlotterAccessError.hxx /dn43/OCCT/tmp/results_28.02.2011/occt/release-sources-20110228/inc/Handle_PlotMgt_PlotterAccessError.hxx
+M PlotMgt:pubinclude:PlotMgt_PlotterAccessError.hxx /dn43/OCCT/tmp/results_28.02.2011/occt/release-sources-20110228/inc/PlotMgt_PlotterAccessError.hxx
+M PlotMgt:derivated:PlotMgt_PlotterAccessError_0.cxx /dn43/OCCT/tmp/results_28.02.2011/occt/release-sources-20110228/drv/PlotMgt/PlotMgt_PlotterAccessError_0.cxx
+M PlotMgt:pubinclude:PlotMgt_TypeOfOrigin.hxx /dn43/OCCT/tmp/results_28.02.2011/occt/release-sources-20110228/inc/PlotMgt_TypeOfOrigin.hxx
+M PlotMgt:pubinclude:PlotMgt_TypeOfQuality.hxx /dn43/OCCT/tmp/results_28.02.2011/occt/release-sources-20110228/inc/PlotMgt_TypeOfQuality.hxx
+M PlotMgt:pubinclude:PlotMgt_ImageFormat.hxx /dn43/OCCT/tmp/results_28.02.2011/occt/release-sources-20110228/inc/PlotMgt_ImageFormat.hxx
+M PlotMgt:pubinclude:PlotMgt_TypeOfPlotterParameter.hxx /dn43/OCCT/tmp/results_28.02.2011/occt/release-sources-20110228/inc/PlotMgt_TypeOfPlotterParameter.hxx
+M PlotMgt:pubinclude:PlotMgt_PlottingType.hxx /dn43/OCCT/tmp/results_28.02.2011/occt/release-sources-20110228/inc/PlotMgt_PlottingType.hxx
+M PlotMgt:pubinclude:PlotMgt_PaperFormat.hxx /dn43/OCCT/tmp/results_28.02.2011/occt/release-sources-20110228/inc/PlotMgt_PaperFormat.hxx
+M PlotMgt:pubinclude:PlotMgt_PlotterDriverPtr.hxx /dn43/OCCT/tmp/results_28.02.2011/occt/release-sources-20110228/inc/PlotMgt_PlotterDriverPtr.hxx
+M PlotMgt:dbadmfile:PlotMgt_xcpp_header.In /dn43/OCCT/tmp/results_28.02.2011/occt/release-sources-20110228/drv/PlotMgt/.adm/PlotMgt_xcpp_header.In
+M PlotMgt:dbadmfile:PlotMgt_xcpp_header.Out /dn43/OCCT/tmp/results_28.02.2011/occt/release-sources-20110228/drv/PlotMgt/.adm/PlotMgt_xcpp_header.Out
+M PlotMgt:dbadmfile:PlotMgt_xcpp_header.Dep /dn43/OCCT/tmp/results_28.02.2011/occt/release-sources-20110228/drv/PlotMgt/.adm/PlotMgt_xcpp_header.Dep
