+M XCAFPrs:pubinclude:XCAFPrs.hxx /dn43/OCCT/tmp/results_30.09.2011/occt/release-sources-20110930/inc/XCAFPrs.hxx
+M XCAFPrs:privinclude:XCAFPrs.jxx /dn43/OCCT/tmp/results_30.09.2011/occt/release-sources-20110930/drv/XCAFPrs/XCAFPrs.jxx
+M XCAFPrs:privinclude:XCAFPrs.ixx /dn43/OCCT/tmp/results_30.09.2011/occt/release-sources-20110930/drv/XCAFPrs/XCAFPrs.ixx
+M XCAFPrs:pubinclude:Handle_XCAFPrs_Driver.hxx /dn43/OCCT/tmp/results_30.09.2011/occt/release-sources-20110930/inc/Handle_XCAFPrs_Driver.hxx
+M XCAFPrs:pubinclude:XCAFPrs_Driver.hxx /dn43/OCCT/tmp/results_30.09.2011/occt/release-sources-20110930/inc/XCAFPrs_Driver.hxx
+M XCAFPrs:privinclude:XCAFPrs_Driver.jxx /dn43/OCCT/tmp/results_30.09.2011/occt/release-sources-20110930/drv/XCAFPrs/XCAFPrs_Driver.jxx
+M XCAFPrs:privinclude:XCAFPrs_Driver.ixx /dn43/OCCT/tmp/results_30.09.2011/occt/release-sources-20110930/drv/XCAFPrs/XCAFPrs_Driver.ixx
+M XCAFPrs:pubinclude:Handle_XCAFPrs_AISObject.hxx /dn43/OCCT/tmp/results_30.09.2011/occt/release-sources-20110930/inc/Handle_XCAFPrs_AISObject.hxx
+M XCAFPrs:pubinclude:XCAFPrs_AISObject.hxx /dn43/OCCT/tmp/results_30.09.2011/occt/release-sources-20110930/inc/XCAFPrs_AISObject.hxx
+M XCAFPrs:privinclude:XCAFPrs_AISObject.jxx /dn43/OCCT/tmp/results_30.09.2011/occt/release-sources-20110930/drv/XCAFPrs/XCAFPrs_AISObject.jxx
+M XCAFPrs:privinclude:XCAFPrs_AISObject.ixx /dn43/OCCT/tmp/results_30.09.2011/occt/release-sources-20110930/drv/XCAFPrs/XCAFPrs_AISObject.ixx
+M XCAFPrs:pubinclude:XCAFPrs_Style.hxx /dn43/OCCT/tmp/results_30.09.2011/occt/release-sources-20110930/inc/XCAFPrs_Style.hxx
+M XCAFPrs:privinclude:XCAFPrs_Style.jxx /dn43/OCCT/tmp/results_30.09.2011/occt/release-sources-20110930/drv/XCAFPrs/XCAFPrs_Style.jxx
+M XCAFPrs:privinclude:XCAFPrs_Style.ixx /dn43/OCCT/tmp/results_30.09.2011/occt/release-sources-20110930/drv/XCAFPrs/XCAFPrs_Style.ixx
+M XCAFPrs:pubinclude:XCAFPrs_DataMapOfShapeStyle.hxx /dn43/OCCT/tmp/results_30.09.2011/occt/release-sources-20110930/inc/XCAFPrs_DataMapOfShapeStyle.hxx
+M XCAFPrs:derivated:XCAFPrs_DataMapOfShapeStyle_0.cxx /dn43/OCCT/tmp/results_30.09.2011/occt/release-sources-20110930/drv/XCAFPrs/XCAFPrs_DataMapOfShapeStyle_0.cxx
+M XCAFPrs:pubinclude:XCAFPrs_DataMapOfStyleShape.hxx /dn43/OCCT/tmp/results_30.09.2011/occt/release-sources-20110930/inc/XCAFPrs_DataMapOfStyleShape.hxx
+M XCAFPrs:derivated:XCAFPrs_DataMapOfStyleShape_0.cxx /dn43/OCCT/tmp/results_30.09.2011/occt/release-sources-20110930/drv/XCAFPrs/XCAFPrs_DataMapOfStyleShape_0.cxx
+M XCAFPrs:pubinclude:XCAFPrs_DataMapOfStyleTransient.hxx /dn43/OCCT/tmp/results_30.09.2011/occt/release-sources-20110930/inc/XCAFPrs_DataMapOfStyleTransient.hxx
+M XCAFPrs:derivated:XCAFPrs_DataMapOfStyleTransient_0.cxx /dn43/OCCT/tmp/results_30.09.2011/occt/release-sources-20110930/drv/XCAFPrs/XCAFPrs_DataMapOfStyleTransient_0.cxx
+M XCAFPrs:pubinclude:Handle_XCAFPrs_DataMapNodeOfDataMapOfShapeStyle.hxx /dn43/OCCT/tmp/results_30.09.2011/occt/release-sources-20110930/inc/Handle_XCAFPrs_DataMapNodeOfDataMapOfShapeStyle.hxx
+M XCAFPrs:pubinclude:XCAFPrs_DataMapNodeOfDataMapOfShapeStyle.hxx /dn43/OCCT/tmp/results_30.09.2011/occt/release-sources-20110930/inc/XCAFPrs_DataMapNodeOfDataMapOfShapeStyle.hxx
+M XCAFPrs:derivated:XCAFPrs_DataMapNodeOfDataMapOfShapeStyle_0.cxx /dn43/OCCT/tmp/results_30.09.2011/occt/release-sources-20110930/drv/XCAFPrs/XCAFPrs_DataMapNodeOfDataMapOfShapeStyle_0.cxx
+M XCAFPrs:pubinclude:XCAFPrs_DataMapIteratorOfDataMapOfShapeStyle.hxx /dn43/OCCT/tmp/results_30.09.2011/occt/release-sources-20110930/inc/XCAFPrs_DataMapIteratorOfDataMapOfShapeStyle.hxx
+M XCAFPrs:derivated:XCAFPrs_DataMapIteratorOfDataMapOfShapeStyle_0.cxx /dn43/OCCT/tmp/results_30.09.2011/occt/release-sources-20110930/drv/XCAFPrs/XCAFPrs_DataMapIteratorOfDataMapOfShapeStyle_0.cxx
+M XCAFPrs:pubinclude:Handle_XCAFPrs_DataMapNodeOfDataMapOfStyleShape.hxx /dn43/OCCT/tmp/results_30.09.2011/occt/release-sources-20110930/inc/Handle_XCAFPrs_DataMapNodeOfDataMapOfStyleShape.hxx
+M XCAFPrs:pubinclude:XCAFPrs_DataMapNodeOfDataMapOfStyleShape.hxx /dn43/OCCT/tmp/results_30.09.2011/occt/release-sources-20110930/inc/XCAFPrs_DataMapNodeOfDataMapOfStyleShape.hxx
+M XCAFPrs:derivated:XCAFPrs_DataMapNodeOfDataMapOfStyleShape_0.cxx /dn43/OCCT/tmp/results_30.09.2011/occt/release-sources-20110930/drv/XCAFPrs/XCAFPrs_DataMapNodeOfDataMapOfStyleShape_0.cxx
+M XCAFPrs:pubinclude:XCAFPrs_DataMapIteratorOfDataMapOfStyleShape.hxx /dn43/OCCT/tmp/results_30.09.2011/occt/release-sources-20110930/inc/XCAFPrs_DataMapIteratorOfDataMapOfStyleShape.hxx
+M XCAFPrs:derivated:XCAFPrs_DataMapIteratorOfDataMapOfStyleShape_0.cxx /dn43/OCCT/tmp/results_30.09.2011/occt/release-sources-20110930/drv/XCAFPrs/XCAFPrs_DataMapIteratorOfDataMapOfStyleShape_0.cxx
+M XCAFPrs:pubinclude:Handle_XCAFPrs_DataMapNodeOfDataMapOfStyleTransient.hxx /dn43/OCCT/tmp/results_30.09.2011/occt/release-sources-20110930/inc/Handle_XCAFPrs_DataMapNodeOfDataMapOfStyleTransient.hxx
+M XCAFPrs:pubinclude:XCAFPrs_DataMapNodeOfDataMapOfStyleTransient.hxx /dn43/OCCT/tmp/results_30.09.2011/occt/release-sources-20110930/inc/XCAFPrs_DataMapNodeOfDataMapOfStyleTransient.hxx
+M XCAFPrs:derivated:XCAFPrs_DataMapNodeOfDataMapOfStyleTransient_0.cxx /dn43/OCCT/tmp/results_30.09.2011/occt/release-sources-20110930/drv/XCAFPrs/XCAFPrs_DataMapNodeOfDataMapOfStyleTransient_0.cxx
+M XCAFPrs:pubinclude:XCAFPrs_DataMapIteratorOfDataMapOfStyleTransient.hxx /dn43/OCCT/tmp/results_30.09.2011/occt/release-sources-20110930/inc/XCAFPrs_DataMapIteratorOfDataMapOfStyleTransient.hxx
+M XCAFPrs:derivated:XCAFPrs_DataMapIteratorOfDataMapOfStyleTransient_0.cxx /dn43/OCCT/tmp/results_30.09.2011/occt/release-sources-20110930/drv/XCAFPrs/XCAFPrs_DataMapIteratorOfDataMapOfStyleTransient_0.cxx
+M XCAFPrs:dbadmfile:XCAFPrs_xcpp_header.In /dn43/OCCT/tmp/results_30.09.2011/occt/release-sources-20110930/drv/XCAFPrs/.adm/XCAFPrs_xcpp_header.In
+M XCAFPrs:dbadmfile:XCAFPrs_xcpp_header.Out /dn43/OCCT/tmp/results_30.09.2011/occt/release-sources-20110930/drv/XCAFPrs/.adm/XCAFPrs_xcpp_header.Out
+M XCAFPrs:dbadmfile:XCAFPrs_xcpp_header.Dep /dn43/OCCT/tmp/results_30.09.2011/occt/release-sources-20110930/drv/XCAFPrs/.adm/XCAFPrs_xcpp_header.Dep
