+M IGESToBRep:pubinclude:IGESToBRep.hxx /dn43/OCCT/tmp/results_28.02.2011/occt/release-sources-20110228/inc/IGESToBRep.hxx
+M IGESToBRep:privinclude:IGESToBRep.jxx /dn43/OCCT/tmp/results_28.02.2011/occt/release-sources-20110228/drv/IGESToBRep/IGESToBRep.jxx
+M IGESToBRep:privinclude:IGESToBRep.ixx /dn43/OCCT/tmp/results_28.02.2011/occt/release-sources-20110228/drv/IGESToBRep/IGESToBRep.ixx
+M IGESToBRep:pubinclude:IGESToBRep_CurveAndSurface.hxx /dn43/OCCT/tmp/results_28.02.2011/occt/release-sources-20110228/inc/IGESToBRep_CurveAndSurface.hxx
+M IGESToBRep:privinclude:IGESToBRep_CurveAndSurface.jxx /dn43/OCCT/tmp/results_28.02.2011/occt/release-sources-20110228/drv/IGESToBRep/IGESToBRep_CurveAndSurface.jxx
+M IGESToBRep:privinclude:IGESToBRep_CurveAndSurface.ixx /dn43/OCCT/tmp/results_28.02.2011/occt/release-sources-20110228/drv/IGESToBRep/IGESToBRep_CurveAndSurface.ixx
+M IGESToBRep:pubinclude:IGESToBRep_BasicSurface.hxx /dn43/OCCT/tmp/results_28.02.2011/occt/release-sources-20110228/inc/IGESToBRep_BasicSurface.hxx
+M IGESToBRep:privinclude:IGESToBRep_BasicSurface.jxx /dn43/OCCT/tmp/results_28.02.2011/occt/release-sources-20110228/drv/IGESToBRep/IGESToBRep_BasicSurface.jxx
+M IGESToBRep:privinclude:IGESToBRep_BasicSurface.ixx /dn43/OCCT/tmp/results_28.02.2011/occt/release-sources-20110228/drv/IGESToBRep/IGESToBRep_BasicSurface.ixx
+M IGESToBRep:pubinclude:IGESToBRep_BasicCurve.hxx /dn43/OCCT/tmp/results_28.02.2011/occt/release-sources-20110228/inc/IGESToBRep_BasicCurve.hxx
+M IGESToBRep:privinclude:IGESToBRep_BasicCurve.jxx /dn43/OCCT/tmp/results_28.02.2011/occt/release-sources-20110228/drv/IGESToBRep/IGESToBRep_BasicCurve.jxx
+M IGESToBRep:privinclude:IGESToBRep_BasicCurve.ixx /dn43/OCCT/tmp/results_28.02.2011/occt/release-sources-20110228/drv/IGESToBRep/IGESToBRep_BasicCurve.ixx
+M IGESToBRep:pubinclude:IGESToBRep_TopoSurface.hxx /dn43/OCCT/tmp/results_28.02.2011/occt/release-sources-20110228/inc/IGESToBRep_TopoSurface.hxx
+M IGESToBRep:privinclude:IGESToBRep_TopoSurface.jxx /dn43/OCCT/tmp/results_28.02.2011/occt/release-sources-20110228/drv/IGESToBRep/IGESToBRep_TopoSurface.jxx
+M IGESToBRep:privinclude:IGESToBRep_TopoSurface.ixx /dn43/OCCT/tmp/results_28.02.2011/occt/release-sources-20110228/drv/IGESToBRep/IGESToBRep_TopoSurface.ixx
+M IGESToBRep:pubinclude:IGESToBRep_TopoCurve.hxx /dn43/OCCT/tmp/results_28.02.2011/occt/release-sources-20110228/inc/IGESToBRep_TopoCurve.hxx
+M IGESToBRep:privinclude:IGESToBRep_TopoCurve.jxx /dn43/OCCT/tmp/results_28.02.2011/occt/release-sources-20110228/drv/IGESToBRep/IGESToBRep_TopoCurve.jxx
+M IGESToBRep:privinclude:IGESToBRep_TopoCurve.ixx /dn43/OCCT/tmp/results_28.02.2011/occt/release-sources-20110228/drv/IGESToBRep/IGESToBRep_TopoCurve.ixx
+M IGESToBRep:pubinclude:IGESToBRep_BRepEntity.hxx /dn43/OCCT/tmp/results_28.02.2011/occt/release-sources-20110228/inc/IGESToBRep_BRepEntity.hxx
+M IGESToBRep:privinclude:IGESToBRep_BRepEntity.jxx /dn43/OCCT/tmp/results_28.02.2011/occt/release-sources-20110228/drv/IGESToBRep/IGESToBRep_BRepEntity.jxx
+M IGESToBRep:privinclude:IGESToBRep_BRepEntity.ixx /dn43/OCCT/tmp/results_28.02.2011/occt/release-sources-20110228/drv/IGESToBRep/IGESToBRep_BRepEntity.ixx
+M IGESToBRep:pubinclude:Handle_IGESToBRep_IGESBoundary.hxx /dn43/OCCT/tmp/results_28.02.2011/occt/release-sources-20110228/inc/Handle_IGESToBRep_IGESBoundary.hxx
+M IGESToBRep:pubinclude:IGESToBRep_IGESBoundary.hxx /dn43/OCCT/tmp/results_28.02.2011/occt/release-sources-20110228/inc/IGESToBRep_IGESBoundary.hxx
+M IGESToBRep:privinclude:IGESToBRep_IGESBoundary.jxx /dn43/OCCT/tmp/results_28.02.2011/occt/release-sources-20110228/drv/IGESToBRep/IGESToBRep_IGESBoundary.jxx
+M IGESToBRep:privinclude:IGESToBRep_IGESBoundary.ixx /dn43/OCCT/tmp/results_28.02.2011/occt/release-sources-20110228/drv/IGESToBRep/IGESToBRep_IGESBoundary.ixx
+M IGESToBRep:pubinclude:IGESToBRep_Reader.hxx /dn43/OCCT/tmp/results_28.02.2011/occt/release-sources-20110228/inc/IGESToBRep_Reader.hxx
+M IGESToBRep:privinclude:IGESToBRep_Reader.jxx /dn43/OCCT/tmp/results_28.02.2011/occt/release-sources-20110228/drv/IGESToBRep/IGESToBRep_Reader.jxx
+M IGESToBRep:privinclude:IGESToBRep_Reader.ixx /dn43/OCCT/tmp/results_28.02.2011/occt/release-sources-20110228/drv/IGESToBRep/IGESToBRep_Reader.ixx
+M IGESToBRep:pubinclude:Handle_IGESToBRep_Actor.hxx /dn43/OCCT/tmp/results_28.02.2011/occt/release-sources-20110228/inc/Handle_IGESToBRep_Actor.hxx
+M IGESToBRep:pubinclude:IGESToBRep_Actor.hxx /dn43/OCCT/tmp/results_28.02.2011/occt/release-sources-20110228/inc/IGESToBRep_Actor.hxx
+M IGESToBRep:privinclude:IGESToBRep_Actor.jxx /dn43/OCCT/tmp/results_28.02.2011/occt/release-sources-20110228/drv/IGESToBRep/IGESToBRep_Actor.jxx
+M IGESToBRep:privinclude:IGESToBRep_Actor.ixx /dn43/OCCT/tmp/results_28.02.2011/occt/release-sources-20110228/drv/IGESToBRep/IGESToBRep_Actor.ixx
+M IGESToBRep:pubinclude:Handle_IGESToBRep_AlgoContainer.hxx /dn43/OCCT/tmp/results_28.02.2011/occt/release-sources-20110228/inc/Handle_IGESToBRep_AlgoContainer.hxx
+M IGESToBRep:pubinclude:IGESToBRep_AlgoContainer.hxx /dn43/OCCT/tmp/results_28.02.2011/occt/release-sources-20110228/inc/IGESToBRep_AlgoContainer.hxx
+M IGESToBRep:privinclude:IGESToBRep_AlgoContainer.jxx /dn43/OCCT/tmp/results_28.02.2011/occt/release-sources-20110228/drv/IGESToBRep/IGESToBRep_AlgoContainer.jxx
+M IGESToBRep:privinclude:IGESToBRep_AlgoContainer.ixx /dn43/OCCT/tmp/results_28.02.2011/occt/release-sources-20110228/drv/IGESToBRep/IGESToBRep_AlgoContainer.ixx
+M IGESToBRep:pubinclude:Handle_IGESToBRep_ToolContainer.hxx /dn43/OCCT/tmp/results_28.02.2011/occt/release-sources-20110228/inc/Handle_IGESToBRep_ToolContainer.hxx
+M IGESToBRep:pubinclude:IGESToBRep_ToolContainer.hxx /dn43/OCCT/tmp/results_28.02.2011/occt/release-sources-20110228/inc/IGESToBRep_ToolContainer.hxx
+M IGESToBRep:privinclude:IGESToBRep_ToolContainer.jxx /dn43/OCCT/tmp/results_28.02.2011/occt/release-sources-20110228/drv/IGESToBRep/IGESToBRep_ToolContainer.jxx
+M IGESToBRep:privinclude:IGESToBRep_ToolContainer.ixx /dn43/OCCT/tmp/results_28.02.2011/occt/release-sources-20110228/drv/IGESToBRep/IGESToBRep_ToolContainer.ixx
+M IGESToBRep:dbadmfile:IGESToBRep_xcpp_header.In /dn43/OCCT/tmp/results_28.02.2011/occt/release-sources-20110228/drv/IGESToBRep/.adm/IGESToBRep_xcpp_header.In
+M IGESToBRep:dbadmfile:IGESToBRep_xcpp_header.Out /dn43/OCCT/tmp/results_28.02.2011/occt/release-sources-20110228/drv/IGESToBRep/.adm/IGESToBRep_xcpp_header.Out
+M IGESToBRep:dbadmfile:IGESToBRep_xcpp_header.Dep /dn43/OCCT/tmp/results_28.02.2011/occt/release-sources-20110228/drv/IGESToBRep/.adm/IGESToBRep_xcpp_header.Dep
