+M RWStepAP203:pubinclude:RWStepAP203_RWCcDesignApproval.hxx /dn43/OCCT/tmp/results_31.05.2011/occt/release-sources-20110531/inc/RWStepAP203_RWCcDesignApproval.hxx
+M RWStepAP203:privinclude:RWStepAP203_RWCcDesignApproval.jxx /dn43/OCCT/tmp/results_31.05.2011/occt/release-sources-20110531/drv/RWStepAP203/RWStepAP203_RWCcDesignApproval.jxx
+M RWStepAP203:privinclude:RWStepAP203_RWCcDesignApproval.ixx /dn43/OCCT/tmp/results_31.05.2011/occt/release-sources-20110531/drv/RWStepAP203/RWStepAP203_RWCcDesignApproval.ixx
+M RWStepAP203:pubinclude:RWStepAP203_RWCcDesignCertification.hxx /dn43/OCCT/tmp/results_31.05.2011/occt/release-sources-20110531/inc/RWStepAP203_RWCcDesignCertification.hxx
+M RWStepAP203:privinclude:RWStepAP203_RWCcDesignCertification.jxx /dn43/OCCT/tmp/results_31.05.2011/occt/release-sources-20110531/drv/RWStepAP203/RWStepAP203_RWCcDesignCertification.jxx
+M RWStepAP203:privinclude:RWStepAP203_RWCcDesignCertification.ixx /dn43/OCCT/tmp/results_31.05.2011/occt/release-sources-20110531/drv/RWStepAP203/RWStepAP203_RWCcDesignCertification.ixx
+M RWStepAP203:pubinclude:RWStepAP203_RWCcDesignContract.hxx /dn43/OCCT/tmp/results_31.05.2011/occt/release-sources-20110531/inc/RWStepAP203_RWCcDesignContract.hxx
+M RWStepAP203:privinclude:RWStepAP203_RWCcDesignContract.jxx /dn43/OCCT/tmp/results_31.05.2011/occt/release-sources-20110531/drv/RWStepAP203/RWStepAP203_RWCcDesignContract.jxx
+M RWStepAP203:privinclude:RWStepAP203_RWCcDesignContract.ixx /dn43/OCCT/tmp/results_31.05.2011/occt/release-sources-20110531/drv/RWStepAP203/RWStepAP203_RWCcDesignContract.ixx
+M RWStepAP203:pubinclude:RWStepAP203_RWCcDesignDateAndTimeAssignment.hxx /dn43/OCCT/tmp/results_31.05.2011/occt/release-sources-20110531/inc/RWStepAP203_RWCcDesignDateAndTimeAssignment.hxx
+M RWStepAP203:privinclude:RWStepAP203_RWCcDesignDateAndTimeAssignment.jxx /dn43/OCCT/tmp/results_31.05.2011/occt/release-sources-20110531/drv/RWStepAP203/RWStepAP203_RWCcDesignDateAndTimeAssignment.jxx
+M RWStepAP203:privinclude:RWStepAP203_RWCcDesignDateAndTimeAssignment.ixx /dn43/OCCT/tmp/results_31.05.2011/occt/release-sources-20110531/drv/RWStepAP203/RWStepAP203_RWCcDesignDateAndTimeAssignment.ixx
+M RWStepAP203:pubinclude:RWStepAP203_RWCcDesignPersonAndOrganizationAssignment.hxx /dn43/OCCT/tmp/results_31.05.2011/occt/release-sources-20110531/inc/RWStepAP203_RWCcDesignPersonAndOrganizationAssignment.hxx
+M RWStepAP203:privinclude:RWStepAP203_RWCcDesignPersonAndOrganizationAssignment.jxx /dn43/OCCT/tmp/results_31.05.2011/occt/release-sources-20110531/drv/RWStepAP203/RWStepAP203_RWCcDesignPersonAndOrganizationAssignment.jxx
+M RWStepAP203:privinclude:RWStepAP203_RWCcDesignPersonAndOrganizationAssignment.ixx /dn43/OCCT/tmp/results_31.05.2011/occt/release-sources-20110531/drv/RWStepAP203/RWStepAP203_RWCcDesignPersonAndOrganizationAssignment.ixx
+M RWStepAP203:pubinclude:RWStepAP203_RWCcDesignSecurityClassification.hxx /dn43/OCCT/tmp/results_31.05.2011/occt/release-sources-20110531/inc/RWStepAP203_RWCcDesignSecurityClassification.hxx
+M RWStepAP203:privinclude:RWStepAP203_RWCcDesignSecurityClassification.jxx /dn43/OCCT/tmp/results_31.05.2011/occt/release-sources-20110531/drv/RWStepAP203/RWStepAP203_RWCcDesignSecurityClassification.jxx
+M RWStepAP203:privinclude:RWStepAP203_RWCcDesignSecurityClassification.ixx /dn43/OCCT/tmp/results_31.05.2011/occt/release-sources-20110531/drv/RWStepAP203/RWStepAP203_RWCcDesignSecurityClassification.ixx
+M RWStepAP203:pubinclude:RWStepAP203_RWCcDesignSpecificationReference.hxx /dn43/OCCT/tmp/results_31.05.2011/occt/release-sources-20110531/inc/RWStepAP203_RWCcDesignSpecificationReference.hxx
+M RWStepAP203:privinclude:RWStepAP203_RWCcDesignSpecificationReference.jxx /dn43/OCCT/tmp/results_31.05.2011/occt/release-sources-20110531/drv/RWStepAP203/RWStepAP203_RWCcDesignSpecificationReference.jxx
+M RWStepAP203:privinclude:RWStepAP203_RWCcDesignSpecificationReference.ixx /dn43/OCCT/tmp/results_31.05.2011/occt/release-sources-20110531/drv/RWStepAP203/RWStepAP203_RWCcDesignSpecificationReference.ixx
+M RWStepAP203:pubinclude:RWStepAP203_RWChange.hxx /dn43/OCCT/tmp/results_31.05.2011/occt/release-sources-20110531/inc/RWStepAP203_RWChange.hxx
+M RWStepAP203:privinclude:RWStepAP203_RWChange.jxx /dn43/OCCT/tmp/results_31.05.2011/occt/release-sources-20110531/drv/RWStepAP203/RWStepAP203_RWChange.jxx
+M RWStepAP203:privinclude:RWStepAP203_RWChange.ixx /dn43/OCCT/tmp/results_31.05.2011/occt/release-sources-20110531/drv/RWStepAP203/RWStepAP203_RWChange.ixx
+M RWStepAP203:pubinclude:RWStepAP203_RWChangeRequest.hxx /dn43/OCCT/tmp/results_31.05.2011/occt/release-sources-20110531/inc/RWStepAP203_RWChangeRequest.hxx
+M RWStepAP203:privinclude:RWStepAP203_RWChangeRequest.jxx /dn43/OCCT/tmp/results_31.05.2011/occt/release-sources-20110531/drv/RWStepAP203/RWStepAP203_RWChangeRequest.jxx
+M RWStepAP203:privinclude:RWStepAP203_RWChangeRequest.ixx /dn43/OCCT/tmp/results_31.05.2011/occt/release-sources-20110531/drv/RWStepAP203/RWStepAP203_RWChangeRequest.ixx
+M RWStepAP203:pubinclude:RWStepAP203_RWStartRequest.hxx /dn43/OCCT/tmp/results_31.05.2011/occt/release-sources-20110531/inc/RWStepAP203_RWStartRequest.hxx
+M RWStepAP203:privinclude:RWStepAP203_RWStartRequest.jxx /dn43/OCCT/tmp/results_31.05.2011/occt/release-sources-20110531/drv/RWStepAP203/RWStepAP203_RWStartRequest.jxx
+M RWStepAP203:privinclude:RWStepAP203_RWStartRequest.ixx /dn43/OCCT/tmp/results_31.05.2011/occt/release-sources-20110531/drv/RWStepAP203/RWStepAP203_RWStartRequest.ixx
+M RWStepAP203:pubinclude:RWStepAP203_RWStartWork.hxx /dn43/OCCT/tmp/results_31.05.2011/occt/release-sources-20110531/inc/RWStepAP203_RWStartWork.hxx
+M RWStepAP203:privinclude:RWStepAP203_RWStartWork.jxx /dn43/OCCT/tmp/results_31.05.2011/occt/release-sources-20110531/drv/RWStepAP203/RWStepAP203_RWStartWork.jxx
+M RWStepAP203:privinclude:RWStepAP203_RWStartWork.ixx /dn43/OCCT/tmp/results_31.05.2011/occt/release-sources-20110531/drv/RWStepAP203/RWStepAP203_RWStartWork.ixx
+M RWStepAP203:dbadmfile:RWStepAP203_xcpp_header.In /dn43/OCCT/tmp/results_31.05.2011/occt/release-sources-20110531/drv/RWStepAP203/.adm/RWStepAP203_xcpp_header.In
+M RWStepAP203:dbadmfile:RWStepAP203_xcpp_header.Out /dn43/OCCT/tmp/results_31.05.2011/occt/release-sources-20110531/drv/RWStepAP203/.adm/RWStepAP203_xcpp_header.Out
+M RWStepAP203:dbadmfile:RWStepAP203_xcpp_header.Dep /dn43/OCCT/tmp/results_31.05.2011/occt/release-sources-20110531/drv/RWStepAP203/.adm/RWStepAP203_xcpp_header.Dep
