+M ProjLib:pubinclude:ProjLib.hxx /dn43/OCCT/tmp/results_28.02.2011/occt/release-sources-20110228/inc/ProjLib.hxx
+M ProjLib:privinclude:ProjLib.jxx /dn43/OCCT/tmp/results_28.02.2011/occt/release-sources-20110228/drv/ProjLib/ProjLib.jxx
+M ProjLib:privinclude:ProjLib.ixx /dn43/OCCT/tmp/results_28.02.2011/occt/release-sources-20110228/drv/ProjLib/ProjLib.ixx
+M ProjLib:pubinclude:ProjLib_ProjectOnPlane.hxx /dn43/OCCT/tmp/results_28.02.2011/occt/release-sources-20110228/inc/ProjLib_ProjectOnPlane.hxx
+M ProjLib:privinclude:ProjLib_ProjectOnPlane.jxx /dn43/OCCT/tmp/results_28.02.2011/occt/release-sources-20110228/drv/ProjLib/ProjLib_ProjectOnPlane.jxx
+M ProjLib:privinclude:ProjLib_ProjectOnPlane.ixx /dn43/OCCT/tmp/results_28.02.2011/occt/release-sources-20110228/drv/ProjLib/ProjLib_ProjectOnPlane.ixx
+M ProjLib:pubinclude:ProjLib_ProjectOnSurface.hxx /dn43/OCCT/tmp/results_28.02.2011/occt/release-sources-20110228/inc/ProjLib_ProjectOnSurface.hxx
+M ProjLib:privinclude:ProjLib_ProjectOnSurface.jxx /dn43/OCCT/tmp/results_28.02.2011/occt/release-sources-20110228/drv/ProjLib/ProjLib_ProjectOnSurface.jxx
+M ProjLib:privinclude:ProjLib_ProjectOnSurface.ixx /dn43/OCCT/tmp/results_28.02.2011/occt/release-sources-20110228/drv/ProjLib/ProjLib_ProjectOnSurface.ixx
+M ProjLib:pubinclude:ProjLib_ComputeApprox.hxx /dn43/OCCT/tmp/results_28.02.2011/occt/release-sources-20110228/inc/ProjLib_ComputeApprox.hxx
+M ProjLib:privinclude:ProjLib_ComputeApprox.jxx /dn43/OCCT/tmp/results_28.02.2011/occt/release-sources-20110228/drv/ProjLib/ProjLib_ComputeApprox.jxx
+M ProjLib:privinclude:ProjLib_ComputeApprox.ixx /dn43/OCCT/tmp/results_28.02.2011/occt/release-sources-20110228/drv/ProjLib/ProjLib_ComputeApprox.ixx
+M ProjLib:pubinclude:ProjLib_ComputeApproxOnPolarSurface.hxx /dn43/OCCT/tmp/results_28.02.2011/occt/release-sources-20110228/inc/ProjLib_ComputeApproxOnPolarSurface.hxx
+M ProjLib:privinclude:ProjLib_ComputeApproxOnPolarSurface.jxx /dn43/OCCT/tmp/results_28.02.2011/occt/release-sources-20110228/drv/ProjLib/ProjLib_ComputeApproxOnPolarSurface.jxx
+M ProjLib:privinclude:ProjLib_ComputeApproxOnPolarSurface.ixx /dn43/OCCT/tmp/results_28.02.2011/occt/release-sources-20110228/drv/ProjLib/ProjLib_ComputeApproxOnPolarSurface.ixx
+M ProjLib:pubinclude:ProjLib_ProjectedCurve.hxx /dn43/OCCT/tmp/results_28.02.2011/occt/release-sources-20110228/inc/ProjLib_ProjectedCurve.hxx
+M ProjLib:privinclude:ProjLib_ProjectedCurve.jxx /dn43/OCCT/tmp/results_28.02.2011/occt/release-sources-20110228/drv/ProjLib/ProjLib_ProjectedCurve.jxx
+M ProjLib:privinclude:ProjLib_ProjectedCurve.ixx /dn43/OCCT/tmp/results_28.02.2011/occt/release-sources-20110228/drv/ProjLib/ProjLib_ProjectedCurve.ixx
+M ProjLib:pubinclude:Handle_ProjLib_HProjectedCurve.hxx /dn43/OCCT/tmp/results_28.02.2011/occt/release-sources-20110228/inc/Handle_ProjLib_HProjectedCurve.hxx
+M ProjLib:pubinclude:ProjLib_HProjectedCurve.hxx /dn43/OCCT/tmp/results_28.02.2011/occt/release-sources-20110228/inc/ProjLib_HProjectedCurve.hxx
+M ProjLib:derivated:ProjLib_HProjectedCurve_0.cxx /dn43/OCCT/tmp/results_28.02.2011/occt/release-sources-20110228/drv/ProjLib/ProjLib_HProjectedCurve_0.cxx
+M ProjLib:pubinclude:ProjLib_SequenceOfHSequenceOfPnt.hxx /dn43/OCCT/tmp/results_28.02.2011/occt/release-sources-20110228/inc/ProjLib_SequenceOfHSequenceOfPnt.hxx
+M ProjLib:derivated:ProjLib_SequenceOfHSequenceOfPnt_0.cxx /dn43/OCCT/tmp/results_28.02.2011/occt/release-sources-20110228/drv/ProjLib/ProjLib_SequenceOfHSequenceOfPnt_0.cxx
+M ProjLib:pubinclude:Handle_ProjLib_HSequenceOfHSequenceOfPnt.hxx /dn43/OCCT/tmp/results_28.02.2011/occt/release-sources-20110228/inc/Handle_ProjLib_HSequenceOfHSequenceOfPnt.hxx
+M ProjLib:pubinclude:ProjLib_HSequenceOfHSequenceOfPnt.hxx /dn43/OCCT/tmp/results_28.02.2011/occt/release-sources-20110228/inc/ProjLib_HSequenceOfHSequenceOfPnt.hxx
+M ProjLib:derivated:ProjLib_HSequenceOfHSequenceOfPnt_0.cxx /dn43/OCCT/tmp/results_28.02.2011/occt/release-sources-20110228/drv/ProjLib/ProjLib_HSequenceOfHSequenceOfPnt_0.cxx
+M ProjLib:pubinclude:ProjLib_CompProjectedCurve.hxx /dn43/OCCT/tmp/results_28.02.2011/occt/release-sources-20110228/inc/ProjLib_CompProjectedCurve.hxx
+M ProjLib:privinclude:ProjLib_CompProjectedCurve.jxx /dn43/OCCT/tmp/results_28.02.2011/occt/release-sources-20110228/drv/ProjLib/ProjLib_CompProjectedCurve.jxx
+M ProjLib:privinclude:ProjLib_CompProjectedCurve.ixx /dn43/OCCT/tmp/results_28.02.2011/occt/release-sources-20110228/drv/ProjLib/ProjLib_CompProjectedCurve.ixx
+M ProjLib:pubinclude:Handle_ProjLib_HCompProjectedCurve.hxx /dn43/OCCT/tmp/results_28.02.2011/occt/release-sources-20110228/inc/Handle_ProjLib_HCompProjectedCurve.hxx
+M ProjLib:pubinclude:ProjLib_HCompProjectedCurve.hxx /dn43/OCCT/tmp/results_28.02.2011/occt/release-sources-20110228/inc/ProjLib_HCompProjectedCurve.hxx
+M ProjLib:derivated:ProjLib_HCompProjectedCurve_0.cxx /dn43/OCCT/tmp/results_28.02.2011/occt/release-sources-20110228/drv/ProjLib/ProjLib_HCompProjectedCurve_0.cxx
+M ProjLib:pubinclude:ProjLib_PrjResolve.hxx /dn43/OCCT/tmp/results_28.02.2011/occt/release-sources-20110228/inc/ProjLib_PrjResolve.hxx
+M ProjLib:privinclude:ProjLib_PrjResolve.jxx /dn43/OCCT/tmp/results_28.02.2011/occt/release-sources-20110228/drv/ProjLib/ProjLib_PrjResolve.jxx
+M ProjLib:privinclude:ProjLib_PrjResolve.ixx /dn43/OCCT/tmp/results_28.02.2011/occt/release-sources-20110228/drv/ProjLib/ProjLib_PrjResolve.ixx
+M ProjLib:pubinclude:ProjLib_PrjFunc.hxx /dn43/OCCT/tmp/results_28.02.2011/occt/release-sources-20110228/inc/ProjLib_PrjFunc.hxx
+M ProjLib:privinclude:ProjLib_PrjFunc.jxx /dn43/OCCT/tmp/results_28.02.2011/occt/release-sources-20110228/drv/ProjLib/ProjLib_PrjFunc.jxx
+M ProjLib:privinclude:ProjLib_PrjFunc.ixx /dn43/OCCT/tmp/results_28.02.2011/occt/release-sources-20110228/drv/ProjLib/ProjLib_PrjFunc.ixx
+M ProjLib:pubinclude:ProjLib_Projector.hxx /dn43/OCCT/tmp/results_28.02.2011/occt/release-sources-20110228/inc/ProjLib_Projector.hxx
+M ProjLib:privinclude:ProjLib_Projector.jxx /dn43/OCCT/tmp/results_28.02.2011/occt/release-sources-20110228/drv/ProjLib/ProjLib_Projector.jxx
+M ProjLib:privinclude:ProjLib_Projector.ixx /dn43/OCCT/tmp/results_28.02.2011/occt/release-sources-20110228/drv/ProjLib/ProjLib_Projector.ixx
+M ProjLib:pubinclude:ProjLib_Plane.hxx /dn43/OCCT/tmp/results_28.02.2011/occt/release-sources-20110228/inc/ProjLib_Plane.hxx
+M ProjLib:privinclude:ProjLib_Plane.jxx /dn43/OCCT/tmp/results_28.02.2011/occt/release-sources-20110228/drv/ProjLib/ProjLib_Plane.jxx
+M ProjLib:privinclude:ProjLib_Plane.ixx /dn43/OCCT/tmp/results_28.02.2011/occt/release-sources-20110228/drv/ProjLib/ProjLib_Plane.ixx
+M ProjLib:pubinclude:ProjLib_Cylinder.hxx /dn43/OCCT/tmp/results_28.02.2011/occt/release-sources-20110228/inc/ProjLib_Cylinder.hxx
+M ProjLib:privinclude:ProjLib_Cylinder.jxx /dn43/OCCT/tmp/results_28.02.2011/occt/release-sources-20110228/drv/ProjLib/ProjLib_Cylinder.jxx
+M ProjLib:privinclude:ProjLib_Cylinder.ixx /dn43/OCCT/tmp/results_28.02.2011/occt/release-sources-20110228/drv/ProjLib/ProjLib_Cylinder.ixx
+M ProjLib:pubinclude:ProjLib_Cone.hxx /dn43/OCCT/tmp/results_28.02.2011/occt/release-sources-20110228/inc/ProjLib_Cone.hxx
+M ProjLib:privinclude:ProjLib_Cone.jxx /dn43/OCCT/tmp/results_28.02.2011/occt/release-sources-20110228/drv/ProjLib/ProjLib_Cone.jxx
+M ProjLib:privinclude:ProjLib_Cone.ixx /dn43/OCCT/tmp/results_28.02.2011/occt/release-sources-20110228/drv/ProjLib/ProjLib_Cone.ixx
+M ProjLib:pubinclude:ProjLib_Sphere.hxx /dn43/OCCT/tmp/results_28.02.2011/occt/release-sources-20110228/inc/ProjLib_Sphere.hxx
+M ProjLib:privinclude:ProjLib_Sphere.jxx /dn43/OCCT/tmp/results_28.02.2011/occt/release-sources-20110228/drv/ProjLib/ProjLib_Sphere.jxx
+M ProjLib:privinclude:ProjLib_Sphere.ixx /dn43/OCCT/tmp/results_28.02.2011/occt/release-sources-20110228/drv/ProjLib/ProjLib_Sphere.ixx
+M ProjLib:pubinclude:ProjLib_Torus.hxx /dn43/OCCT/tmp/results_28.02.2011/occt/release-sources-20110228/inc/ProjLib_Torus.hxx
+M ProjLib:privinclude:ProjLib_Torus.jxx /dn43/OCCT/tmp/results_28.02.2011/occt/release-sources-20110228/drv/ProjLib/ProjLib_Torus.jxx
+M ProjLib:privinclude:ProjLib_Torus.ixx /dn43/OCCT/tmp/results_28.02.2011/occt/release-sources-20110228/drv/ProjLib/ProjLib_Torus.ixx
+M ProjLib:pubinclude:Handle_ProjLib_SequenceNodeOfSequenceOfHSequenceOfPnt.hxx /dn43/OCCT/tmp/results_28.02.2011/occt/release-sources-20110228/inc/Handle_ProjLib_SequenceNodeOfSequenceOfHSequenceOfPnt.hxx
+M ProjLib:pubinclude:ProjLib_SequenceNodeOfSequenceOfHSequenceOfPnt.hxx /dn43/OCCT/tmp/results_28.02.2011/occt/release-sources-20110228/inc/ProjLib_SequenceNodeOfSequenceOfHSequenceOfPnt.hxx
+M ProjLib:derivated:ProjLib_SequenceNodeOfSequenceOfHSequenceOfPnt_0.cxx /dn43/OCCT/tmp/results_28.02.2011/occt/release-sources-20110228/drv/ProjLib/ProjLib_SequenceNodeOfSequenceOfHSequenceOfPnt_0.cxx
+M ProjLib:dbadmfile:ProjLib_xcpp_header.In /dn43/OCCT/tmp/results_28.02.2011/occt/release-sources-20110228/drv/ProjLib/.adm/ProjLib_xcpp_header.In
+M ProjLib:dbadmfile:ProjLib_xcpp_header.Out /dn43/OCCT/tmp/results_28.02.2011/occt/release-sources-20110228/drv/ProjLib/.adm/ProjLib_xcpp_header.Out
+M ProjLib:dbadmfile:ProjLib_xcpp_header.Dep /dn43/OCCT/tmp/results_28.02.2011/occt/release-sources-20110228/drv/ProjLib/.adm/ProjLib_xcpp_header.Dep
