+M Draft:pubinclude:Draft.hxx /dn43/OCCT/tmp/results_28.02.2011/occt/release-sources-20110228/inc/Draft.hxx
+M Draft:privinclude:Draft.jxx /dn43/OCCT/tmp/results_28.02.2011/occt/release-sources-20110228/drv/Draft/Draft.jxx
+M Draft:privinclude:Draft.ixx /dn43/OCCT/tmp/results_28.02.2011/occt/release-sources-20110228/drv/Draft/Draft.ixx
+M Draft:pubinclude:Handle_Draft_Modification.hxx /dn43/OCCT/tmp/results_28.02.2011/occt/release-sources-20110228/inc/Handle_Draft_Modification.hxx
+M Draft:pubinclude:Draft_Modification.hxx /dn43/OCCT/tmp/results_28.02.2011/occt/release-sources-20110228/inc/Draft_Modification.hxx
+M Draft:privinclude:Draft_Modification.jxx /dn43/OCCT/tmp/results_28.02.2011/occt/release-sources-20110228/drv/Draft/Draft_Modification.jxx
+M Draft:privinclude:Draft_Modification.ixx /dn43/OCCT/tmp/results_28.02.2011/occt/release-sources-20110228/drv/Draft/Draft_Modification.ixx
+M Draft:pubinclude:Draft_FaceInfo.hxx /dn43/OCCT/tmp/results_28.02.2011/occt/release-sources-20110228/inc/Draft_FaceInfo.hxx
+M Draft:privinclude:Draft_FaceInfo.jxx /dn43/OCCT/tmp/results_28.02.2011/occt/release-sources-20110228/drv/Draft/Draft_FaceInfo.jxx
+M Draft:privinclude:Draft_FaceInfo.ixx /dn43/OCCT/tmp/results_28.02.2011/occt/release-sources-20110228/drv/Draft/Draft_FaceInfo.ixx
+M Draft:pubinclude:Draft_EdgeInfo.hxx /dn43/OCCT/tmp/results_28.02.2011/occt/release-sources-20110228/inc/Draft_EdgeInfo.hxx
+M Draft:privinclude:Draft_EdgeInfo.jxx /dn43/OCCT/tmp/results_28.02.2011/occt/release-sources-20110228/drv/Draft/Draft_EdgeInfo.jxx
+M Draft:privinclude:Draft_EdgeInfo.ixx /dn43/OCCT/tmp/results_28.02.2011/occt/release-sources-20110228/drv/Draft/Draft_EdgeInfo.ixx
+M Draft:pubinclude:Draft_VertexInfo.hxx /dn43/OCCT/tmp/results_28.02.2011/occt/release-sources-20110228/inc/Draft_VertexInfo.hxx
+M Draft:privinclude:Draft_VertexInfo.jxx /dn43/OCCT/tmp/results_28.02.2011/occt/release-sources-20110228/drv/Draft/Draft_VertexInfo.jxx
+M Draft:privinclude:Draft_VertexInfo.ixx /dn43/OCCT/tmp/results_28.02.2011/occt/release-sources-20110228/drv/Draft/Draft_VertexInfo.ixx
+M Draft:pubinclude:Draft_DataMapOfFaceFaceInfo.hxx /dn43/OCCT/tmp/results_28.02.2011/occt/release-sources-20110228/inc/Draft_DataMapOfFaceFaceInfo.hxx
+M Draft:derivated:Draft_DataMapOfFaceFaceInfo_0.cxx /dn43/OCCT/tmp/results_28.02.2011/occt/release-sources-20110228/drv/Draft/Draft_DataMapOfFaceFaceInfo_0.cxx
+M Draft:pubinclude:Draft_DataMapOfEdgeEdgeInfo.hxx /dn43/OCCT/tmp/results_28.02.2011/occt/release-sources-20110228/inc/Draft_DataMapOfEdgeEdgeInfo.hxx
+M Draft:derivated:Draft_DataMapOfEdgeEdgeInfo_0.cxx /dn43/OCCT/tmp/results_28.02.2011/occt/release-sources-20110228/drv/Draft/Draft_DataMapOfEdgeEdgeInfo_0.cxx
+M Draft:pubinclude:Draft_DataMapOfVertexVertexInfo.hxx /dn43/OCCT/tmp/results_28.02.2011/occt/release-sources-20110228/inc/Draft_DataMapOfVertexVertexInfo.hxx
+M Draft:derivated:Draft_DataMapOfVertexVertexInfo_0.cxx /dn43/OCCT/tmp/results_28.02.2011/occt/release-sources-20110228/drv/Draft/Draft_DataMapOfVertexVertexInfo_0.cxx
+M Draft:pubinclude:Handle_Draft_DataMapNodeOfDataMapOfFaceFaceInfo.hxx /dn43/OCCT/tmp/results_28.02.2011/occt/release-sources-20110228/inc/Handle_Draft_DataMapNodeOfDataMapOfFaceFaceInfo.hxx
+M Draft:pubinclude:Draft_DataMapNodeOfDataMapOfFaceFaceInfo.hxx /dn43/OCCT/tmp/results_28.02.2011/occt/release-sources-20110228/inc/Draft_DataMapNodeOfDataMapOfFaceFaceInfo.hxx
+M Draft:derivated:Draft_DataMapNodeOfDataMapOfFaceFaceInfo_0.cxx /dn43/OCCT/tmp/results_28.02.2011/occt/release-sources-20110228/drv/Draft/Draft_DataMapNodeOfDataMapOfFaceFaceInfo_0.cxx
+M Draft:pubinclude:Draft_DataMapIteratorOfDataMapOfFaceFaceInfo.hxx /dn43/OCCT/tmp/results_28.02.2011/occt/release-sources-20110228/inc/Draft_DataMapIteratorOfDataMapOfFaceFaceInfo.hxx
+M Draft:derivated:Draft_DataMapIteratorOfDataMapOfFaceFaceInfo_0.cxx /dn43/OCCT/tmp/results_28.02.2011/occt/release-sources-20110228/drv/Draft/Draft_DataMapIteratorOfDataMapOfFaceFaceInfo_0.cxx
+M Draft:pubinclude:Handle_Draft_DataMapNodeOfDataMapOfEdgeEdgeInfo.hxx /dn43/OCCT/tmp/results_28.02.2011/occt/release-sources-20110228/inc/Handle_Draft_DataMapNodeOfDataMapOfEdgeEdgeInfo.hxx
+M Draft:pubinclude:Draft_DataMapNodeOfDataMapOfEdgeEdgeInfo.hxx /dn43/OCCT/tmp/results_28.02.2011/occt/release-sources-20110228/inc/Draft_DataMapNodeOfDataMapOfEdgeEdgeInfo.hxx
+M Draft:derivated:Draft_DataMapNodeOfDataMapOfEdgeEdgeInfo_0.cxx /dn43/OCCT/tmp/results_28.02.2011/occt/release-sources-20110228/drv/Draft/Draft_DataMapNodeOfDataMapOfEdgeEdgeInfo_0.cxx
+M Draft:pubinclude:Draft_DataMapIteratorOfDataMapOfEdgeEdgeInfo.hxx /dn43/OCCT/tmp/results_28.02.2011/occt/release-sources-20110228/inc/Draft_DataMapIteratorOfDataMapOfEdgeEdgeInfo.hxx
+M Draft:derivated:Draft_DataMapIteratorOfDataMapOfEdgeEdgeInfo_0.cxx /dn43/OCCT/tmp/results_28.02.2011/occt/release-sources-20110228/drv/Draft/Draft_DataMapIteratorOfDataMapOfEdgeEdgeInfo_0.cxx
+M Draft:pubinclude:Handle_Draft_DataMapNodeOfDataMapOfVertexVertexInfo.hxx /dn43/OCCT/tmp/results_28.02.2011/occt/release-sources-20110228/inc/Handle_Draft_DataMapNodeOfDataMapOfVertexVertexInfo.hxx
+M Draft:pubinclude:Draft_DataMapNodeOfDataMapOfVertexVertexInfo.hxx /dn43/OCCT/tmp/results_28.02.2011/occt/release-sources-20110228/inc/Draft_DataMapNodeOfDataMapOfVertexVertexInfo.hxx
+M Draft:derivated:Draft_DataMapNodeOfDataMapOfVertexVertexInfo_0.cxx /dn43/OCCT/tmp/results_28.02.2011/occt/release-sources-20110228/drv/Draft/Draft_DataMapNodeOfDataMapOfVertexVertexInfo_0.cxx
+M Draft:pubinclude:Draft_DataMapIteratorOfDataMapOfVertexVertexInfo.hxx /dn43/OCCT/tmp/results_28.02.2011/occt/release-sources-20110228/inc/Draft_DataMapIteratorOfDataMapOfVertexVertexInfo.hxx
+M Draft:derivated:Draft_DataMapIteratorOfDataMapOfVertexVertexInfo_0.cxx /dn43/OCCT/tmp/results_28.02.2011/occt/release-sources-20110228/drv/Draft/Draft_DataMapIteratorOfDataMapOfVertexVertexInfo_0.cxx
+M Draft:pubinclude:Draft_ErrorStatus.hxx /dn43/OCCT/tmp/results_28.02.2011/occt/release-sources-20110228/inc/Draft_ErrorStatus.hxx
+M Draft:dbadmfile:Draft_xcpp_header.In /dn43/OCCT/tmp/results_28.02.2011/occt/release-sources-20110228/drv/Draft/.adm/Draft_xcpp_header.In
+M Draft:dbadmfile:Draft_xcpp_header.Out /dn43/OCCT/tmp/results_28.02.2011/occt/release-sources-20110228/drv/Draft/.adm/Draft_xcpp_header.Out
+M Draft:dbadmfile:Draft_xcpp_header.Dep /dn43/OCCT/tmp/results_28.02.2011/occt/release-sources-20110228/drv/Draft/.adm/Draft_xcpp_header.Dep
