+M Select3D:pubinclude:Handle_Select3D_SensitiveEntity.hxx /dn43/OCCT/tmp/results_28.02.2011/occt/release-sources-20110228/inc/Handle_Select3D_SensitiveEntity.hxx
+M Select3D:pubinclude:Select3D_SensitiveEntity.hxx /dn43/OCCT/tmp/results_28.02.2011/occt/release-sources-20110228/inc/Select3D_SensitiveEntity.hxx
+M Select3D:privinclude:Select3D_SensitiveEntity.jxx /dn43/OCCT/tmp/results_28.02.2011/occt/release-sources-20110228/drv/Select3D/Select3D_SensitiveEntity.jxx
+M Select3D:privinclude:Select3D_SensitiveEntity.ixx /dn43/OCCT/tmp/results_28.02.2011/occt/release-sources-20110228/drv/Select3D/Select3D_SensitiveEntity.ixx
+M Select3D:pubinclude:Handle_Select3D_SensitivePoly.hxx /dn43/OCCT/tmp/results_28.02.2011/occt/release-sources-20110228/inc/Handle_Select3D_SensitivePoly.hxx
+M Select3D:pubinclude:Select3D_SensitivePoly.hxx /dn43/OCCT/tmp/results_28.02.2011/occt/release-sources-20110228/inc/Select3D_SensitivePoly.hxx
+M Select3D:privinclude:Select3D_SensitivePoly.jxx /dn43/OCCT/tmp/results_28.02.2011/occt/release-sources-20110228/drv/Select3D/Select3D_SensitivePoly.jxx
+M Select3D:privinclude:Select3D_SensitivePoly.ixx /dn43/OCCT/tmp/results_28.02.2011/occt/release-sources-20110228/drv/Select3D/Select3D_SensitivePoly.ixx
+M Select3D:pubinclude:Handle_Select3D_SensitivePoint.hxx /dn43/OCCT/tmp/results_28.02.2011/occt/release-sources-20110228/inc/Handle_Select3D_SensitivePoint.hxx
+M Select3D:pubinclude:Select3D_SensitivePoint.hxx /dn43/OCCT/tmp/results_28.02.2011/occt/release-sources-20110228/inc/Select3D_SensitivePoint.hxx
+M Select3D:privinclude:Select3D_SensitivePoint.jxx /dn43/OCCT/tmp/results_28.02.2011/occt/release-sources-20110228/drv/Select3D/Select3D_SensitivePoint.jxx
+M Select3D:privinclude:Select3D_SensitivePoint.ixx /dn43/OCCT/tmp/results_28.02.2011/occt/release-sources-20110228/drv/Select3D/Select3D_SensitivePoint.ixx
+M Select3D:pubinclude:Handle_Select3D_SensitiveSegment.hxx /dn43/OCCT/tmp/results_28.02.2011/occt/release-sources-20110228/inc/Handle_Select3D_SensitiveSegment.hxx
+M Select3D:pubinclude:Select3D_SensitiveSegment.hxx /dn43/OCCT/tmp/results_28.02.2011/occt/release-sources-20110228/inc/Select3D_SensitiveSegment.hxx
+M Select3D:privinclude:Select3D_SensitiveSegment.jxx /dn43/OCCT/tmp/results_28.02.2011/occt/release-sources-20110228/drv/Select3D/Select3D_SensitiveSegment.jxx
+M Select3D:privinclude:Select3D_SensitiveSegment.ixx /dn43/OCCT/tmp/results_28.02.2011/occt/release-sources-20110228/drv/Select3D/Select3D_SensitiveSegment.ixx
+M Select3D:pubinclude:Handle_Select3D_SensitiveCircle.hxx /dn43/OCCT/tmp/results_28.02.2011/occt/release-sources-20110228/inc/Handle_Select3D_SensitiveCircle.hxx
+M Select3D:pubinclude:Select3D_SensitiveCircle.hxx /dn43/OCCT/tmp/results_28.02.2011/occt/release-sources-20110228/inc/Select3D_SensitiveCircle.hxx
+M Select3D:privinclude:Select3D_SensitiveCircle.jxx /dn43/OCCT/tmp/results_28.02.2011/occt/release-sources-20110228/drv/Select3D/Select3D_SensitiveCircle.jxx
+M Select3D:privinclude:Select3D_SensitiveCircle.ixx /dn43/OCCT/tmp/results_28.02.2011/occt/release-sources-20110228/drv/Select3D/Select3D_SensitiveCircle.ixx
+M Select3D:pubinclude:Handle_Select3D_SensitiveCurve.hxx /dn43/OCCT/tmp/results_28.02.2011/occt/release-sources-20110228/inc/Handle_Select3D_SensitiveCurve.hxx
+M Select3D:pubinclude:Select3D_SensitiveCurve.hxx /dn43/OCCT/tmp/results_28.02.2011/occt/release-sources-20110228/inc/Select3D_SensitiveCurve.hxx
+M Select3D:privinclude:Select3D_SensitiveCurve.jxx /dn43/OCCT/tmp/results_28.02.2011/occt/release-sources-20110228/drv/Select3D/Select3D_SensitiveCurve.jxx
+M Select3D:privinclude:Select3D_SensitiveCurve.ixx /dn43/OCCT/tmp/results_28.02.2011/occt/release-sources-20110228/drv/Select3D/Select3D_SensitiveCurve.ixx
+M Select3D:pubinclude:Handle_Select3D_SensitiveTriangle.hxx /dn43/OCCT/tmp/results_28.02.2011/occt/release-sources-20110228/inc/Handle_Select3D_SensitiveTriangle.hxx
+M Select3D:pubinclude:Select3D_SensitiveTriangle.hxx /dn43/OCCT/tmp/results_28.02.2011/occt/release-sources-20110228/inc/Select3D_SensitiveTriangle.hxx
+M Select3D:privinclude:Select3D_SensitiveTriangle.jxx /dn43/OCCT/tmp/results_28.02.2011/occt/release-sources-20110228/drv/Select3D/Select3D_SensitiveTriangle.jxx
+M Select3D:privinclude:Select3D_SensitiveTriangle.ixx /dn43/OCCT/tmp/results_28.02.2011/occt/release-sources-20110228/drv/Select3D/Select3D_SensitiveTriangle.ixx
+M Select3D:pubinclude:Handle_Select3D_SensitiveTriangulation.hxx /dn43/OCCT/tmp/results_28.02.2011/occt/release-sources-20110228/inc/Handle_Select3D_SensitiveTriangulation.hxx
+M Select3D:pubinclude:Select3D_SensitiveTriangulation.hxx /dn43/OCCT/tmp/results_28.02.2011/occt/release-sources-20110228/inc/Select3D_SensitiveTriangulation.hxx
+M Select3D:privinclude:Select3D_SensitiveTriangulation.jxx /dn43/OCCT/tmp/results_28.02.2011/occt/release-sources-20110228/drv/Select3D/Select3D_SensitiveTriangulation.jxx
+M Select3D:privinclude:Select3D_SensitiveTriangulation.ixx /dn43/OCCT/tmp/results_28.02.2011/occt/release-sources-20110228/drv/Select3D/Select3D_SensitiveTriangulation.ixx
+M Select3D:pubinclude:Handle_Select3D_SensitiveFace.hxx /dn43/OCCT/tmp/results_28.02.2011/occt/release-sources-20110228/inc/Handle_Select3D_SensitiveFace.hxx
+M Select3D:pubinclude:Select3D_SensitiveFace.hxx /dn43/OCCT/tmp/results_28.02.2011/occt/release-sources-20110228/inc/Select3D_SensitiveFace.hxx
+M Select3D:privinclude:Select3D_SensitiveFace.jxx /dn43/OCCT/tmp/results_28.02.2011/occt/release-sources-20110228/drv/Select3D/Select3D_SensitiveFace.jxx
+M Select3D:privinclude:Select3D_SensitiveFace.ixx /dn43/OCCT/tmp/results_28.02.2011/occt/release-sources-20110228/drv/Select3D/Select3D_SensitiveFace.ixx
+M Select3D:pubinclude:Handle_Select3D_SensitiveBox.hxx /dn43/OCCT/tmp/results_28.02.2011/occt/release-sources-20110228/inc/Handle_Select3D_SensitiveBox.hxx
+M Select3D:pubinclude:Select3D_SensitiveBox.hxx /dn43/OCCT/tmp/results_28.02.2011/occt/release-sources-20110228/inc/Select3D_SensitiveBox.hxx
+M Select3D:privinclude:Select3D_SensitiveBox.jxx /dn43/OCCT/tmp/results_28.02.2011/occt/release-sources-20110228/drv/Select3D/Select3D_SensitiveBox.jxx
+M Select3D:privinclude:Select3D_SensitiveBox.ixx /dn43/OCCT/tmp/results_28.02.2011/occt/release-sources-20110228/drv/Select3D/Select3D_SensitiveBox.ixx
+M Select3D:pubinclude:Handle_Select3D_SensitiveWire.hxx /dn43/OCCT/tmp/results_28.02.2011/occt/release-sources-20110228/inc/Handle_Select3D_SensitiveWire.hxx
+M Select3D:pubinclude:Select3D_SensitiveWire.hxx /dn43/OCCT/tmp/results_28.02.2011/occt/release-sources-20110228/inc/Select3D_SensitiveWire.hxx
+M Select3D:privinclude:Select3D_SensitiveWire.jxx /dn43/OCCT/tmp/results_28.02.2011/occt/release-sources-20110228/drv/Select3D/Select3D_SensitiveWire.jxx
+M Select3D:privinclude:Select3D_SensitiveWire.ixx /dn43/OCCT/tmp/results_28.02.2011/occt/release-sources-20110228/drv/Select3D/Select3D_SensitiveWire.ixx
+M Select3D:pubinclude:Handle_Select3D_SensitiveGroup.hxx /dn43/OCCT/tmp/results_28.02.2011/occt/release-sources-20110228/inc/Handle_Select3D_SensitiveGroup.hxx
+M Select3D:pubinclude:Select3D_SensitiveGroup.hxx /dn43/OCCT/tmp/results_28.02.2011/occt/release-sources-20110228/inc/Select3D_SensitiveGroup.hxx
+M Select3D:privinclude:Select3D_SensitiveGroup.jxx /dn43/OCCT/tmp/results_28.02.2011/occt/release-sources-20110228/drv/Select3D/Select3D_SensitiveGroup.jxx
+M Select3D:privinclude:Select3D_SensitiveGroup.ixx /dn43/OCCT/tmp/results_28.02.2011/occt/release-sources-20110228/drv/Select3D/Select3D_SensitiveGroup.ixx
+M Select3D:pubinclude:Select3D_SensitiveEntitySequence.hxx /dn43/OCCT/tmp/results_28.02.2011/occt/release-sources-20110228/inc/Select3D_SensitiveEntitySequence.hxx
+M Select3D:derivated:Select3D_SensitiveEntitySequence_0.cxx /dn43/OCCT/tmp/results_28.02.2011/occt/release-sources-20110228/drv/Select3D/Select3D_SensitiveEntitySequence_0.cxx
+M Select3D:pubinclude:Select3D_Projector.hxx /dn43/OCCT/tmp/results_28.02.2011/occt/release-sources-20110228/inc/Select3D_Projector.hxx
+M Select3D:privinclude:Select3D_Projector.jxx /dn43/OCCT/tmp/results_28.02.2011/occt/release-sources-20110228/drv/Select3D/Select3D_Projector.jxx
+M Select3D:privinclude:Select3D_Projector.ixx /dn43/OCCT/tmp/results_28.02.2011/occt/release-sources-20110228/drv/Select3D/Select3D_Projector.ixx
+M Select3D:pubinclude:Select3D_ListOfSensitiveTriangle.hxx /dn43/OCCT/tmp/results_28.02.2011/occt/release-sources-20110228/inc/Select3D_ListOfSensitiveTriangle.hxx
+M Select3D:derivated:Select3D_ListOfSensitiveTriangle_0.cxx /dn43/OCCT/tmp/results_28.02.2011/occt/release-sources-20110228/drv/Select3D/Select3D_ListOfSensitiveTriangle_0.cxx
+M Select3D:pubinclude:Select3D_ListOfSensitive.hxx /dn43/OCCT/tmp/results_28.02.2011/occt/release-sources-20110228/inc/Select3D_ListOfSensitive.hxx
+M Select3D:derivated:Select3D_ListOfSensitive_0.cxx /dn43/OCCT/tmp/results_28.02.2011/occt/release-sources-20110228/drv/Select3D/Select3D_ListOfSensitive_0.cxx
+M Select3D:pubinclude:Handle_Select3D_SequenceNodeOfSensitiveEntitySequence.hxx /dn43/OCCT/tmp/results_28.02.2011/occt/release-sources-20110228/inc/Handle_Select3D_SequenceNodeOfSensitiveEntitySequence.hxx
+M Select3D:pubinclude:Select3D_SequenceNodeOfSensitiveEntitySequence.hxx /dn43/OCCT/tmp/results_28.02.2011/occt/release-sources-20110228/inc/Select3D_SequenceNodeOfSensitiveEntitySequence.hxx
+M Select3D:derivated:Select3D_SequenceNodeOfSensitiveEntitySequence_0.cxx /dn43/OCCT/tmp/results_28.02.2011/occt/release-sources-20110228/drv/Select3D/Select3D_SequenceNodeOfSensitiveEntitySequence_0.cxx
+M Select3D:pubinclude:Handle_Select3D_ListNodeOfListOfSensitiveTriangle.hxx /dn43/OCCT/tmp/results_28.02.2011/occt/release-sources-20110228/inc/Handle_Select3D_ListNodeOfListOfSensitiveTriangle.hxx
+M Select3D:pubinclude:Select3D_ListNodeOfListOfSensitiveTriangle.hxx /dn43/OCCT/tmp/results_28.02.2011/occt/release-sources-20110228/inc/Select3D_ListNodeOfListOfSensitiveTriangle.hxx
+M Select3D:derivated:Select3D_ListNodeOfListOfSensitiveTriangle_0.cxx /dn43/OCCT/tmp/results_28.02.2011/occt/release-sources-20110228/drv/Select3D/Select3D_ListNodeOfListOfSensitiveTriangle_0.cxx
+M Select3D:pubinclude:Select3D_ListIteratorOfListOfSensitiveTriangle.hxx /dn43/OCCT/tmp/results_28.02.2011/occt/release-sources-20110228/inc/Select3D_ListIteratorOfListOfSensitiveTriangle.hxx
+M Select3D:derivated:Select3D_ListIteratorOfListOfSensitiveTriangle_0.cxx /dn43/OCCT/tmp/results_28.02.2011/occt/release-sources-20110228/drv/Select3D/Select3D_ListIteratorOfListOfSensitiveTriangle_0.cxx
+M Select3D:pubinclude:Handle_Select3D_ListNodeOfListOfSensitive.hxx /dn43/OCCT/tmp/results_28.02.2011/occt/release-sources-20110228/inc/Handle_Select3D_ListNodeOfListOfSensitive.hxx
+M Select3D:pubinclude:Select3D_ListNodeOfListOfSensitive.hxx /dn43/OCCT/tmp/results_28.02.2011/occt/release-sources-20110228/inc/Select3D_ListNodeOfListOfSensitive.hxx
+M Select3D:derivated:Select3D_ListNodeOfListOfSensitive_0.cxx /dn43/OCCT/tmp/results_28.02.2011/occt/release-sources-20110228/drv/Select3D/Select3D_ListNodeOfListOfSensitive_0.cxx
+M Select3D:pubinclude:Select3D_ListIteratorOfListOfSensitive.hxx /dn43/OCCT/tmp/results_28.02.2011/occt/release-sources-20110228/inc/Select3D_ListIteratorOfListOfSensitive.hxx
+M Select3D:derivated:Select3D_ListIteratorOfListOfSensitive_0.cxx /dn43/OCCT/tmp/results_28.02.2011/occt/release-sources-20110228/drv/Select3D/Select3D_ListIteratorOfListOfSensitive_0.cxx
+M Select3D:pubinclude:Select3D_TypeOfSensitivity.hxx /dn43/OCCT/tmp/results_28.02.2011/occt/release-sources-20110228/inc/Select3D_TypeOfSensitivity.hxx
+M Select3D:dbadmfile:Select3D_xcpp_header.In /dn43/OCCT/tmp/results_28.02.2011/occt/release-sources-20110228/drv/Select3D/.adm/Select3D_xcpp_header.In
+M Select3D:dbadmfile:Select3D_xcpp_header.Out /dn43/OCCT/tmp/results_28.02.2011/occt/release-sources-20110228/drv/Select3D/.adm/Select3D_xcpp_header.Out
+M Select3D:dbadmfile:Select3D_xcpp_header.Dep /dn43/OCCT/tmp/results_28.02.2011/occt/release-sources-20110228/drv/Select3D/.adm/Select3D_xcpp_header.Dep
