+M Select2D:pubinclude:Handle_Select2D_SensitiveEntity.hxx /dn43/OCCT/tmp/results_31.05.2011/occt/release-sources-20110531/inc/Handle_Select2D_SensitiveEntity.hxx
+M Select2D:pubinclude:Select2D_SensitiveEntity.hxx /dn43/OCCT/tmp/results_31.05.2011/occt/release-sources-20110531/inc/Select2D_SensitiveEntity.hxx
+M Select2D:privinclude:Select2D_SensitiveEntity.jxx /dn43/OCCT/tmp/results_31.05.2011/occt/release-sources-20110531/drv/Select2D/Select2D_SensitiveEntity.jxx
+M Select2D:privinclude:Select2D_SensitiveEntity.ixx /dn43/OCCT/tmp/results_31.05.2011/occt/release-sources-20110531/drv/Select2D/Select2D_SensitiveEntity.ixx
+M Select2D:pubinclude:Handle_Select2D_SensitivePoint.hxx /dn43/OCCT/tmp/results_31.05.2011/occt/release-sources-20110531/inc/Handle_Select2D_SensitivePoint.hxx
+M Select2D:pubinclude:Select2D_SensitivePoint.hxx /dn43/OCCT/tmp/results_31.05.2011/occt/release-sources-20110531/inc/Select2D_SensitivePoint.hxx
+M Select2D:privinclude:Select2D_SensitivePoint.jxx /dn43/OCCT/tmp/results_31.05.2011/occt/release-sources-20110531/drv/Select2D/Select2D_SensitivePoint.jxx
+M Select2D:privinclude:Select2D_SensitivePoint.ixx /dn43/OCCT/tmp/results_31.05.2011/occt/release-sources-20110531/drv/Select2D/Select2D_SensitivePoint.ixx
+M Select2D:pubinclude:Handle_Select2D_SensitiveSegment.hxx /dn43/OCCT/tmp/results_31.05.2011/occt/release-sources-20110531/inc/Handle_Select2D_SensitiveSegment.hxx
+M Select2D:pubinclude:Select2D_SensitiveSegment.hxx /dn43/OCCT/tmp/results_31.05.2011/occt/release-sources-20110531/inc/Select2D_SensitiveSegment.hxx
+M Select2D:privinclude:Select2D_SensitiveSegment.jxx /dn43/OCCT/tmp/results_31.05.2011/occt/release-sources-20110531/drv/Select2D/Select2D_SensitiveSegment.jxx
+M Select2D:privinclude:Select2D_SensitiveSegment.ixx /dn43/OCCT/tmp/results_31.05.2011/occt/release-sources-20110531/drv/Select2D/Select2D_SensitiveSegment.ixx
+M Select2D:pubinclude:Handle_Select2D_SensitiveCircle.hxx /dn43/OCCT/tmp/results_31.05.2011/occt/release-sources-20110531/inc/Handle_Select2D_SensitiveCircle.hxx
+M Select2D:pubinclude:Select2D_SensitiveCircle.hxx /dn43/OCCT/tmp/results_31.05.2011/occt/release-sources-20110531/inc/Select2D_SensitiveCircle.hxx
+M Select2D:privinclude:Select2D_SensitiveCircle.jxx /dn43/OCCT/tmp/results_31.05.2011/occt/release-sources-20110531/drv/Select2D/Select2D_SensitiveCircle.jxx
+M Select2D:privinclude:Select2D_SensitiveCircle.ixx /dn43/OCCT/tmp/results_31.05.2011/occt/release-sources-20110531/drv/Select2D/Select2D_SensitiveCircle.ixx
+M Select2D:pubinclude:Handle_Select2D_SensitiveArc.hxx /dn43/OCCT/tmp/results_31.05.2011/occt/release-sources-20110531/inc/Handle_Select2D_SensitiveArc.hxx
+M Select2D:pubinclude:Select2D_SensitiveArc.hxx /dn43/OCCT/tmp/results_31.05.2011/occt/release-sources-20110531/inc/Select2D_SensitiveArc.hxx
+M Select2D:privinclude:Select2D_SensitiveArc.jxx /dn43/OCCT/tmp/results_31.05.2011/occt/release-sources-20110531/drv/Select2D/Select2D_SensitiveArc.jxx
+M Select2D:privinclude:Select2D_SensitiveArc.ixx /dn43/OCCT/tmp/results_31.05.2011/occt/release-sources-20110531/drv/Select2D/Select2D_SensitiveArc.ixx
+M Select2D:pubinclude:Handle_Select2D_SensitiveBox.hxx /dn43/OCCT/tmp/results_31.05.2011/occt/release-sources-20110531/inc/Handle_Select2D_SensitiveBox.hxx
+M Select2D:pubinclude:Select2D_SensitiveBox.hxx /dn43/OCCT/tmp/results_31.05.2011/occt/release-sources-20110531/inc/Select2D_SensitiveBox.hxx
+M Select2D:privinclude:Select2D_SensitiveBox.jxx /dn43/OCCT/tmp/results_31.05.2011/occt/release-sources-20110531/drv/Select2D/Select2D_SensitiveBox.jxx
+M Select2D:privinclude:Select2D_SensitiveBox.ixx /dn43/OCCT/tmp/results_31.05.2011/occt/release-sources-20110531/drv/Select2D/Select2D_SensitiveBox.ixx
+M Select2D:pubinclude:Handle_Select2D_Projector.hxx /dn43/OCCT/tmp/results_31.05.2011/occt/release-sources-20110531/inc/Handle_Select2D_Projector.hxx
+M Select2D:pubinclude:Select2D_Projector.hxx /dn43/OCCT/tmp/results_31.05.2011/occt/release-sources-20110531/inc/Select2D_Projector.hxx
+M Select2D:privinclude:Select2D_Projector.jxx /dn43/OCCT/tmp/results_31.05.2011/occt/release-sources-20110531/drv/Select2D/Select2D_Projector.jxx
+M Select2D:privinclude:Select2D_Projector.ixx /dn43/OCCT/tmp/results_31.05.2011/occt/release-sources-20110531/drv/Select2D/Select2D_Projector.ixx
+M Select2D:pubinclude:Select2D_TypeOfSelection.hxx /dn43/OCCT/tmp/results_31.05.2011/occt/release-sources-20110531/inc/Select2D_TypeOfSelection.hxx
+M Select2D:dbadmfile:Select2D_xcpp_header.In /dn43/OCCT/tmp/results_31.05.2011/occt/release-sources-20110531/drv/Select2D/.adm/Select2D_xcpp_header.In
+M Select2D:dbadmfile:Select2D_xcpp_header.Out /dn43/OCCT/tmp/results_31.05.2011/occt/release-sources-20110531/drv/Select2D/.adm/Select2D_xcpp_header.Out
+M Select2D:dbadmfile:Select2D_xcpp_header.Dep /dn43/OCCT/tmp/results_31.05.2011/occt/release-sources-20110531/drv/Select2D/.adm/Select2D_xcpp_header.Dep
