+M PDataXtd:pubinclude:Handle_PDataXtd_Position.hxx /dn43/OCCT/tmp/results_30.09.2011/occt/release-sources-20110930/inc/Handle_PDataXtd_Position.hxx
+M PDataXtd:pubinclude:PDataXtd_Position.hxx /dn43/OCCT/tmp/results_30.09.2011/occt/release-sources-20110930/inc/PDataXtd_Position.hxx
+M PDataXtd:privinclude:PDataXtd_Position.jxx /dn43/OCCT/tmp/results_30.09.2011/occt/release-sources-20110930/drv/PDataXtd/PDataXtd_Position.jxx
+M PDataXtd:privinclude:PDataXtd_Position.ixx /dn43/OCCT/tmp/results_30.09.2011/occt/release-sources-20110930/drv/PDataXtd/PDataXtd_Position.ixx
+M PDataXtd:pubinclude:Handle_PDataXtd_Point.hxx /dn43/OCCT/tmp/results_30.09.2011/occt/release-sources-20110930/inc/Handle_PDataXtd_Point.hxx
+M PDataXtd:pubinclude:PDataXtd_Point.hxx /dn43/OCCT/tmp/results_30.09.2011/occt/release-sources-20110930/inc/PDataXtd_Point.hxx
+M PDataXtd:privinclude:PDataXtd_Point.jxx /dn43/OCCT/tmp/results_30.09.2011/occt/release-sources-20110930/drv/PDataXtd/PDataXtd_Point.jxx
+M PDataXtd:privinclude:PDataXtd_Point.ixx /dn43/OCCT/tmp/results_30.09.2011/occt/release-sources-20110930/drv/PDataXtd/PDataXtd_Point.ixx
+M PDataXtd:pubinclude:Handle_PDataXtd_Axis.hxx /dn43/OCCT/tmp/results_30.09.2011/occt/release-sources-20110930/inc/Handle_PDataXtd_Axis.hxx
+M PDataXtd:pubinclude:PDataXtd_Axis.hxx /dn43/OCCT/tmp/results_30.09.2011/occt/release-sources-20110930/inc/PDataXtd_Axis.hxx
+M PDataXtd:privinclude:PDataXtd_Axis.jxx /dn43/OCCT/tmp/results_30.09.2011/occt/release-sources-20110930/drv/PDataXtd/PDataXtd_Axis.jxx
+M PDataXtd:privinclude:PDataXtd_Axis.ixx /dn43/OCCT/tmp/results_30.09.2011/occt/release-sources-20110930/drv/PDataXtd/PDataXtd_Axis.ixx
+M PDataXtd:pubinclude:Handle_PDataXtd_Plane.hxx /dn43/OCCT/tmp/results_30.09.2011/occt/release-sources-20110930/inc/Handle_PDataXtd_Plane.hxx
+M PDataXtd:pubinclude:PDataXtd_Plane.hxx /dn43/OCCT/tmp/results_30.09.2011/occt/release-sources-20110930/inc/PDataXtd_Plane.hxx
+M PDataXtd:privinclude:PDataXtd_Plane.jxx /dn43/OCCT/tmp/results_30.09.2011/occt/release-sources-20110930/drv/PDataXtd/PDataXtd_Plane.jxx
+M PDataXtd:privinclude:PDataXtd_Plane.ixx /dn43/OCCT/tmp/results_30.09.2011/occt/release-sources-20110930/drv/PDataXtd/PDataXtd_Plane.ixx
+M PDataXtd:pubinclude:Handle_PDataXtd_Geometry.hxx /dn43/OCCT/tmp/results_30.09.2011/occt/release-sources-20110930/inc/Handle_PDataXtd_Geometry.hxx
+M PDataXtd:pubinclude:PDataXtd_Geometry.hxx /dn43/OCCT/tmp/results_30.09.2011/occt/release-sources-20110930/inc/PDataXtd_Geometry.hxx
+M PDataXtd:privinclude:PDataXtd_Geometry.jxx /dn43/OCCT/tmp/results_30.09.2011/occt/release-sources-20110930/drv/PDataXtd/PDataXtd_Geometry.jxx
+M PDataXtd:privinclude:PDataXtd_Geometry.ixx /dn43/OCCT/tmp/results_30.09.2011/occt/release-sources-20110930/drv/PDataXtd/PDataXtd_Geometry.ixx
+M PDataXtd:pubinclude:Handle_PDataXtd_Constraint.hxx /dn43/OCCT/tmp/results_30.09.2011/occt/release-sources-20110930/inc/Handle_PDataXtd_Constraint.hxx
+M PDataXtd:pubinclude:PDataXtd_Constraint.hxx /dn43/OCCT/tmp/results_30.09.2011/occt/release-sources-20110930/inc/PDataXtd_Constraint.hxx
+M PDataXtd:privinclude:PDataXtd_Constraint.jxx /dn43/OCCT/tmp/results_30.09.2011/occt/release-sources-20110930/drv/PDataXtd/PDataXtd_Constraint.jxx
+M PDataXtd:privinclude:PDataXtd_Constraint.ixx /dn43/OCCT/tmp/results_30.09.2011/occt/release-sources-20110930/drv/PDataXtd/PDataXtd_Constraint.ixx
+M PDataXtd:pubinclude:Handle_PDataXtd_Placement.hxx /dn43/OCCT/tmp/results_30.09.2011/occt/release-sources-20110930/inc/Handle_PDataXtd_Placement.hxx
+M PDataXtd:pubinclude:PDataXtd_Placement.hxx /dn43/OCCT/tmp/results_30.09.2011/occt/release-sources-20110930/inc/PDataXtd_Placement.hxx
+M PDataXtd:privinclude:PDataXtd_Placement.jxx /dn43/OCCT/tmp/results_30.09.2011/occt/release-sources-20110930/drv/PDataXtd/PDataXtd_Placement.jxx
+M PDataXtd:privinclude:PDataXtd_Placement.ixx /dn43/OCCT/tmp/results_30.09.2011/occt/release-sources-20110930/drv/PDataXtd/PDataXtd_Placement.ixx
+M PDataXtd:pubinclude:Handle_PDataXtd_PatternStd.hxx /dn43/OCCT/tmp/results_30.09.2011/occt/release-sources-20110930/inc/Handle_PDataXtd_PatternStd.hxx
+M PDataXtd:pubinclude:PDataXtd_PatternStd.hxx /dn43/OCCT/tmp/results_30.09.2011/occt/release-sources-20110930/inc/PDataXtd_PatternStd.hxx
+M PDataXtd:privinclude:PDataXtd_PatternStd.jxx /dn43/OCCT/tmp/results_30.09.2011/occt/release-sources-20110930/drv/PDataXtd/PDataXtd_PatternStd.jxx
+M PDataXtd:privinclude:PDataXtd_PatternStd.ixx /dn43/OCCT/tmp/results_30.09.2011/occt/release-sources-20110930/drv/PDataXtd/PDataXtd_PatternStd.ixx
+M PDataXtd:pubinclude:Handle_PDataXtd_Shape.hxx /dn43/OCCT/tmp/results_30.09.2011/occt/release-sources-20110930/inc/Handle_PDataXtd_Shape.hxx
+M PDataXtd:pubinclude:PDataXtd_Shape.hxx /dn43/OCCT/tmp/results_30.09.2011/occt/release-sources-20110930/inc/PDataXtd_Shape.hxx
+M PDataXtd:privinclude:PDataXtd_Shape.jxx /dn43/OCCT/tmp/results_30.09.2011/occt/release-sources-20110930/drv/PDataXtd/PDataXtd_Shape.jxx
+M PDataXtd:privinclude:PDataXtd_Shape.ixx /dn43/OCCT/tmp/results_30.09.2011/occt/release-sources-20110930/drv/PDataXtd/PDataXtd_Shape.ixx
+M PDataXtd:dbadmfile:PDataXtd_xcpp_header.In /dn43/OCCT/tmp/results_30.09.2011/occt/release-sources-20110930/drv/PDataXtd/.adm/PDataXtd_xcpp_header.In
+M PDataXtd:dbadmfile:PDataXtd_xcpp_header.Out /dn43/OCCT/tmp/results_30.09.2011/occt/release-sources-20110930/drv/PDataXtd/.adm/PDataXtd_xcpp_header.Out
+M PDataXtd:dbadmfile:PDataXtd_xcpp_header.Dep /dn43/OCCT/tmp/results_30.09.2011/occt/release-sources-20110930/drv/PDataXtd/.adm/PDataXtd_xcpp_header.Dep
