+M StdSchema:pubinclude:StdSchema.hxx /dn43/OCCT/tmp/results_31.05.2011/occt/release-sources-20110531/inc/StdSchema.hxx
+M StdSchema:derivated:StdSchema.cxx /dn43/OCCT/tmp/results_31.05.2011/occt/release-sources-20110531/drv/StdSchema/StdSchema.cxx
+M StdSchema:pubinclude:StdSchema_PDataXtd_Position.hxx /dn43/OCCT/tmp/results_31.05.2011/occt/release-sources-20110531/inc/StdSchema_PDataXtd_Position.hxx
+M StdSchema:privinclude:StdSchema_PDataXtd_Position.ixx /dn43/OCCT/tmp/results_31.05.2011/occt/release-sources-20110531/drv/StdSchema/StdSchema_PDataXtd_Position.ixx
+M StdSchema:derivated:StdSchema_PDataXtd_Position.cxx /dn43/OCCT/tmp/results_31.05.2011/occt/release-sources-20110531/drv/StdSchema/StdSchema_PDataXtd_Position.cxx
+M StdSchema:pubinclude:StdSchema_PDataXtd_Point.hxx /dn43/OCCT/tmp/results_31.05.2011/occt/release-sources-20110531/inc/StdSchema_PDataXtd_Point.hxx
+M StdSchema:privinclude:StdSchema_PDataXtd_Point.ixx /dn43/OCCT/tmp/results_31.05.2011/occt/release-sources-20110531/drv/StdSchema/StdSchema_PDataXtd_Point.ixx
+M StdSchema:derivated:StdSchema_PDataXtd_Point.cxx /dn43/OCCT/tmp/results_31.05.2011/occt/release-sources-20110531/drv/StdSchema/StdSchema_PDataXtd_Point.cxx
+M StdSchema:pubinclude:StdSchema_PDataXtd_Axis.hxx /dn43/OCCT/tmp/results_31.05.2011/occt/release-sources-20110531/inc/StdSchema_PDataXtd_Axis.hxx
+M StdSchema:privinclude:StdSchema_PDataXtd_Axis.ixx /dn43/OCCT/tmp/results_31.05.2011/occt/release-sources-20110531/drv/StdSchema/StdSchema_PDataXtd_Axis.ixx
+M StdSchema:derivated:StdSchema_PDataXtd_Axis.cxx /dn43/OCCT/tmp/results_31.05.2011/occt/release-sources-20110531/drv/StdSchema/StdSchema_PDataXtd_Axis.cxx
+M StdSchema:pubinclude:StdSchema_PDataXtd_Plane.hxx /dn43/OCCT/tmp/results_31.05.2011/occt/release-sources-20110531/inc/StdSchema_PDataXtd_Plane.hxx
+M StdSchema:privinclude:StdSchema_PDataXtd_Plane.ixx /dn43/OCCT/tmp/results_31.05.2011/occt/release-sources-20110531/drv/StdSchema/StdSchema_PDataXtd_Plane.ixx
+M StdSchema:derivated:StdSchema_PDataXtd_Plane.cxx /dn43/OCCT/tmp/results_31.05.2011/occt/release-sources-20110531/drv/StdSchema/StdSchema_PDataXtd_Plane.cxx
+M StdSchema:pubinclude:StdSchema_PDataXtd_Geometry.hxx /dn43/OCCT/tmp/results_31.05.2011/occt/release-sources-20110531/inc/StdSchema_PDataXtd_Geometry.hxx
+M StdSchema:privinclude:StdSchema_PDataXtd_Geometry.ixx /dn43/OCCT/tmp/results_31.05.2011/occt/release-sources-20110531/drv/StdSchema/StdSchema_PDataXtd_Geometry.ixx
+M StdSchema:derivated:StdSchema_PDataXtd_Geometry.cxx /dn43/OCCT/tmp/results_31.05.2011/occt/release-sources-20110531/drv/StdSchema/StdSchema_PDataXtd_Geometry.cxx
+M StdSchema:pubinclude:StdSchema_PDataXtd_Constraint.hxx /dn43/OCCT/tmp/results_31.05.2011/occt/release-sources-20110531/inc/StdSchema_PDataXtd_Constraint.hxx
+M StdSchema:privinclude:StdSchema_PDataXtd_Constraint.ixx /dn43/OCCT/tmp/results_31.05.2011/occt/release-sources-20110531/drv/StdSchema/StdSchema_PDataXtd_Constraint.ixx
+M StdSchema:derivated:StdSchema_PDataXtd_Constraint.cxx /dn43/OCCT/tmp/results_31.05.2011/occt/release-sources-20110531/drv/StdSchema/StdSchema_PDataXtd_Constraint.cxx
+M StdSchema:pubinclude:StdSchema_PDataXtd_Placement.hxx /dn43/OCCT/tmp/results_31.05.2011/occt/release-sources-20110531/inc/StdSchema_PDataXtd_Placement.hxx
+M StdSchema:privinclude:StdSchema_PDataXtd_Placement.ixx /dn43/OCCT/tmp/results_31.05.2011/occt/release-sources-20110531/drv/StdSchema/StdSchema_PDataXtd_Placement.ixx
+M StdSchema:derivated:StdSchema_PDataXtd_Placement.cxx /dn43/OCCT/tmp/results_31.05.2011/occt/release-sources-20110531/drv/StdSchema/StdSchema_PDataXtd_Placement.cxx
+M StdSchema:pubinclude:StdSchema_PDataXtd_PatternStd.hxx /dn43/OCCT/tmp/results_31.05.2011/occt/release-sources-20110531/inc/StdSchema_PDataXtd_PatternStd.hxx
+M StdSchema:privinclude:StdSchema_PDataXtd_PatternStd.ixx /dn43/OCCT/tmp/results_31.05.2011/occt/release-sources-20110531/drv/StdSchema/StdSchema_PDataXtd_PatternStd.ixx
+M StdSchema:derivated:StdSchema_PDataXtd_PatternStd.cxx /dn43/OCCT/tmp/results_31.05.2011/occt/release-sources-20110531/drv/StdSchema/StdSchema_PDataXtd_PatternStd.cxx
+M StdSchema:pubinclude:StdSchema_PDataXtd_Shape.hxx /dn43/OCCT/tmp/results_31.05.2011/occt/release-sources-20110531/inc/StdSchema_PDataXtd_Shape.hxx
+M StdSchema:privinclude:StdSchema_PDataXtd_Shape.ixx /dn43/OCCT/tmp/results_31.05.2011/occt/release-sources-20110531/drv/StdSchema/StdSchema_PDataXtd_Shape.ixx
+M StdSchema:derivated:StdSchema_PDataXtd_Shape.cxx /dn43/OCCT/tmp/results_31.05.2011/occt/release-sources-20110531/drv/StdSchema/StdSchema_PDataXtd_Shape.cxx
+M StdSchema:pubinclude:StdSchema_PNaming_Name.hxx /dn43/OCCT/tmp/results_31.05.2011/occt/release-sources-20110531/inc/StdSchema_PNaming_Name.hxx
+M StdSchema:privinclude:StdSchema_PNaming_Name.ixx /dn43/OCCT/tmp/results_31.05.2011/occt/release-sources-20110531/drv/StdSchema/StdSchema_PNaming_Name.ixx
+M StdSchema:derivated:StdSchema_PNaming_Name.cxx /dn43/OCCT/tmp/results_31.05.2011/occt/release-sources-20110531/drv/StdSchema/StdSchema_PNaming_Name.cxx
+M StdSchema:pubinclude:StdSchema_PNaming_Name_1.hxx /dn43/OCCT/tmp/results_31.05.2011/occt/release-sources-20110531/inc/StdSchema_PNaming_Name_1.hxx
+M StdSchema:privinclude:StdSchema_PNaming_Name_1.ixx /dn43/OCCT/tmp/results_31.05.2011/occt/release-sources-20110531/drv/StdSchema/StdSchema_PNaming_Name_1.ixx
+M StdSchema:derivated:StdSchema_PNaming_Name_1.cxx /dn43/OCCT/tmp/results_31.05.2011/occt/release-sources-20110531/drv/StdSchema/StdSchema_PNaming_Name_1.cxx
+M StdSchema:pubinclude:StdSchema_PNaming_NamedShape.hxx /dn43/OCCT/tmp/results_31.05.2011/occt/release-sources-20110531/inc/StdSchema_PNaming_NamedShape.hxx
+M StdSchema:privinclude:StdSchema_PNaming_NamedShape.ixx /dn43/OCCT/tmp/results_31.05.2011/occt/release-sources-20110531/drv/StdSchema/StdSchema_PNaming_NamedShape.ixx
+M StdSchema:derivated:StdSchema_PNaming_NamedShape.cxx /dn43/OCCT/tmp/results_31.05.2011/occt/release-sources-20110531/drv/StdSchema/StdSchema_PNaming_NamedShape.cxx
+M StdSchema:pubinclude:StdSchema_PNaming_Naming.hxx /dn43/OCCT/tmp/results_31.05.2011/occt/release-sources-20110531/inc/StdSchema_PNaming_Naming.hxx
+M StdSchema:privinclude:StdSchema_PNaming_Naming.ixx /dn43/OCCT/tmp/results_31.05.2011/occt/release-sources-20110531/drv/StdSchema/StdSchema_PNaming_Naming.ixx
+M StdSchema:derivated:StdSchema_PNaming_Naming.cxx /dn43/OCCT/tmp/results_31.05.2011/occt/release-sources-20110531/drv/StdSchema/StdSchema_PNaming_Naming.cxx
+M StdSchema:pubinclude:StdSchema_PNaming_Naming_1.hxx /dn43/OCCT/tmp/results_31.05.2011/occt/release-sources-20110531/inc/StdSchema_PNaming_Naming_1.hxx
+M StdSchema:privinclude:StdSchema_PNaming_Naming_1.ixx /dn43/OCCT/tmp/results_31.05.2011/occt/release-sources-20110531/drv/StdSchema/StdSchema_PNaming_Naming_1.ixx
+M StdSchema:derivated:StdSchema_PNaming_Naming_1.cxx /dn43/OCCT/tmp/results_31.05.2011/occt/release-sources-20110531/drv/StdSchema/StdSchema_PNaming_Naming_1.cxx
+M StdSchema:pubinclude:StdSchema_PNaming_HArray1OfNamedShape.hxx /dn43/OCCT/tmp/results_31.05.2011/occt/release-sources-20110531/inc/StdSchema_PNaming_HArray1OfNamedShape.hxx
+M StdSchema:privinclude:StdSchema_PNaming_HArray1OfNamedShape.ixx /dn43/OCCT/tmp/results_31.05.2011/occt/release-sources-20110531/drv/StdSchema/StdSchema_PNaming_HArray1OfNamedShape.ixx
+M StdSchema:derivated:StdSchema_PNaming_HArray1OfNamedShape.cxx /dn43/OCCT/tmp/results_31.05.2011/occt/release-sources-20110531/drv/StdSchema/StdSchema_PNaming_HArray1OfNamedShape.cxx
+M StdSchema:pubinclude:StdSchema_PNaming_FieldOfHArray1OfNamedShape.hxx /dn43/OCCT/tmp/results_31.05.2011/occt/release-sources-20110531/inc/StdSchema_PNaming_FieldOfHArray1OfNamedShape.hxx
+M StdSchema:privinclude:StdSchema_PNaming_FieldOfHArray1OfNamedShape.ixx /dn43/OCCT/tmp/results_31.05.2011/occt/release-sources-20110531/drv/StdSchema/StdSchema_PNaming_FieldOfHArray1OfNamedShape.ixx
+M StdSchema:derivated:StdSchema_PNaming_FieldOfHArray1OfNamedShape.cxx /dn43/OCCT/tmp/results_31.05.2011/occt/release-sources-20110531/drv/StdSchema/StdSchema_PNaming_FieldOfHArray1OfNamedShape.cxx
+M StdSchema:pubinclude:StdSchema_PPrsStd_AISPresentation.hxx /dn43/OCCT/tmp/results_31.05.2011/occt/release-sources-20110531/inc/StdSchema_PPrsStd_AISPresentation.hxx
+M StdSchema:privinclude:StdSchema_PPrsStd_AISPresentation.ixx /dn43/OCCT/tmp/results_31.05.2011/occt/release-sources-20110531/drv/StdSchema/StdSchema_PPrsStd_AISPresentation.ixx
+M StdSchema:derivated:StdSchema_PPrsStd_AISPresentation.cxx /dn43/OCCT/tmp/results_31.05.2011/occt/release-sources-20110531/drv/StdSchema/StdSchema_PPrsStd_AISPresentation.cxx
+M StdSchema:pubinclude:StdSchema_PPrsStd_AISPresentation_1.hxx /dn43/OCCT/tmp/results_31.05.2011/occt/release-sources-20110531/inc/StdSchema_PPrsStd_AISPresentation_1.hxx
+M StdSchema:privinclude:StdSchema_PPrsStd_AISPresentation_1.ixx /dn43/OCCT/tmp/results_31.05.2011/occt/release-sources-20110531/drv/StdSchema/StdSchema_PPrsStd_AISPresentation_1.ixx
+M StdSchema:derivated:StdSchema_PPrsStd_AISPresentation_1.cxx /dn43/OCCT/tmp/results_31.05.2011/occt/release-sources-20110531/drv/StdSchema/StdSchema_PPrsStd_AISPresentation_1.cxx
+M StdSchema:pubinclude:StdSchema_PDF_Attribute.hxx /dn43/OCCT/tmp/results_31.05.2011/occt/release-sources-20110531/inc/StdSchema_PDF_Attribute.hxx
+M StdSchema:privinclude:StdSchema_PDF_Attribute.ixx /dn43/OCCT/tmp/results_31.05.2011/occt/release-sources-20110531/drv/StdSchema/StdSchema_PDF_Attribute.ixx
+M StdSchema:derivated:StdSchema_PDF_Attribute.cxx /dn43/OCCT/tmp/results_31.05.2011/occt/release-sources-20110531/drv/StdSchema/StdSchema_PDF_Attribute.cxx
+M StdSchema:pubinclude:StdSchema_Standard_Persistent.hxx /dn43/OCCT/tmp/results_31.05.2011/occt/release-sources-20110531/inc/StdSchema_Standard_Persistent.hxx
+M StdSchema:privinclude:StdSchema_Standard_Persistent.ixx /dn43/OCCT/tmp/results_31.05.2011/occt/release-sources-20110531/drv/StdSchema/StdSchema_Standard_Persistent.ixx
+M StdSchema:derivated:StdSchema_Standard_Persistent.cxx /dn43/OCCT/tmp/results_31.05.2011/occt/release-sources-20110531/drv/StdSchema/StdSchema_Standard_Persistent.cxx
+M StdSchema:pubinclude:StdSchema_Standard_Storable.hxx /dn43/OCCT/tmp/results_31.05.2011/occt/release-sources-20110531/inc/StdSchema_Standard_Storable.hxx
+M StdSchema:privinclude:StdSchema_Standard_Storable.ixx /dn43/OCCT/tmp/results_31.05.2011/occt/release-sources-20110531/drv/StdSchema/StdSchema_Standard_Storable.ixx
+M StdSchema:derivated:StdSchema_Standard_Storable.cxx /dn43/OCCT/tmp/results_31.05.2011/occt/release-sources-20110531/drv/StdSchema/StdSchema_Standard_Storable.cxx
+M StdSchema:pubinclude:StdSchema_gp_Pnt.hxx /dn43/OCCT/tmp/results_31.05.2011/occt/release-sources-20110531/inc/StdSchema_gp_Pnt.hxx
+M StdSchema:privinclude:StdSchema_gp_Pnt.ixx /dn43/OCCT/tmp/results_31.05.2011/occt/release-sources-20110531/drv/StdSchema/StdSchema_gp_Pnt.ixx
+M StdSchema:derivated:StdSchema_gp_Pnt.cxx /dn43/OCCT/tmp/results_31.05.2011/occt/release-sources-20110531/drv/StdSchema/StdSchema_gp_Pnt.cxx
+M StdSchema:pubinclude:StdSchema_PDataStd_Real.hxx /dn43/OCCT/tmp/results_31.05.2011/occt/release-sources-20110531/inc/StdSchema_PDataStd_Real.hxx
+M StdSchema:privinclude:StdSchema_PDataStd_Real.ixx /dn43/OCCT/tmp/results_31.05.2011/occt/release-sources-20110531/drv/StdSchema/StdSchema_PDataStd_Real.ixx
+M StdSchema:derivated:StdSchema_PDataStd_Real.cxx /dn43/OCCT/tmp/results_31.05.2011/occt/release-sources-20110531/drv/StdSchema/StdSchema_PDataStd_Real.cxx
+M StdSchema:pubinclude:StdSchema_PDF_HAttributeArray1.hxx /dn43/OCCT/tmp/results_31.05.2011/occt/release-sources-20110531/inc/StdSchema_PDF_HAttributeArray1.hxx
+M StdSchema:privinclude:StdSchema_PDF_HAttributeArray1.ixx /dn43/OCCT/tmp/results_31.05.2011/occt/release-sources-20110531/drv/StdSchema/StdSchema_PDF_HAttributeArray1.ixx
+M StdSchema:derivated:StdSchema_PDF_HAttributeArray1.cxx /dn43/OCCT/tmp/results_31.05.2011/occt/release-sources-20110531/drv/StdSchema/StdSchema_PDF_HAttributeArray1.cxx
+M StdSchema:pubinclude:StdSchema_PDataStd_Integer.hxx /dn43/OCCT/tmp/results_31.05.2011/occt/release-sources-20110531/inc/StdSchema_PDataStd_Integer.hxx
+M StdSchema:privinclude:StdSchema_PDataStd_Integer.ixx /dn43/OCCT/tmp/results_31.05.2011/occt/release-sources-20110531/drv/StdSchema/StdSchema_PDataStd_Integer.ixx
+M StdSchema:derivated:StdSchema_PDataStd_Integer.cxx /dn43/OCCT/tmp/results_31.05.2011/occt/release-sources-20110531/drv/StdSchema/StdSchema_PDataStd_Integer.cxx
+M StdSchema:pubinclude:StdSchema_PCollection_HAsciiString.hxx /dn43/OCCT/tmp/results_31.05.2011/occt/release-sources-20110531/inc/StdSchema_PCollection_HAsciiString.hxx
+M StdSchema:privinclude:StdSchema_PCollection_HAsciiString.ixx /dn43/OCCT/tmp/results_31.05.2011/occt/release-sources-20110531/drv/StdSchema/StdSchema_PCollection_HAsciiString.ixx
+M StdSchema:derivated:StdSchema_PCollection_HAsciiString.cxx /dn43/OCCT/tmp/results_31.05.2011/occt/release-sources-20110531/drv/StdSchema/StdSchema_PCollection_HAsciiString.cxx
+M StdSchema:pubinclude:StdSchema_PTopoDS_HArray1OfShape1.hxx /dn43/OCCT/tmp/results_31.05.2011/occt/release-sources-20110531/inc/StdSchema_PTopoDS_HArray1OfShape1.hxx
+M StdSchema:privinclude:StdSchema_PTopoDS_HArray1OfShape1.ixx /dn43/OCCT/tmp/results_31.05.2011/occt/release-sources-20110531/drv/StdSchema/StdSchema_PTopoDS_HArray1OfShape1.ixx
+M StdSchema:derivated:StdSchema_PTopoDS_HArray1OfShape1.cxx /dn43/OCCT/tmp/results_31.05.2011/occt/release-sources-20110531/drv/StdSchema/StdSchema_PTopoDS_HArray1OfShape1.cxx
+M StdSchema:pubinclude:StdSchema_PColStd_HArray1OfInteger.hxx /dn43/OCCT/tmp/results_31.05.2011/occt/release-sources-20110531/inc/StdSchema_PColStd_HArray1OfInteger.hxx
+M StdSchema:privinclude:StdSchema_PColStd_HArray1OfInteger.ixx /dn43/OCCT/tmp/results_31.05.2011/occt/release-sources-20110531/drv/StdSchema/StdSchema_PColStd_HArray1OfInteger.ixx
+M StdSchema:derivated:StdSchema_PColStd_HArray1OfInteger.cxx /dn43/OCCT/tmp/results_31.05.2011/occt/release-sources-20110531/drv/StdSchema/StdSchema_PColStd_HArray1OfInteger.cxx
+M StdSchema:pubinclude:StdSchema_PCollection_HExtendedString.hxx /dn43/OCCT/tmp/results_31.05.2011/occt/release-sources-20110531/inc/StdSchema_PCollection_HExtendedString.hxx
+M StdSchema:privinclude:StdSchema_PCollection_HExtendedString.ixx /dn43/OCCT/tmp/results_31.05.2011/occt/release-sources-20110531/drv/StdSchema/StdSchema_PCollection_HExtendedString.ixx
+M StdSchema:derivated:StdSchema_PCollection_HExtendedString.cxx /dn43/OCCT/tmp/results_31.05.2011/occt/release-sources-20110531/drv/StdSchema/StdSchema_PCollection_HExtendedString.cxx
+M StdSchema:pubinclude:StdSchema_gp_Ax1.hxx /dn43/OCCT/tmp/results_31.05.2011/occt/release-sources-20110531/inc/StdSchema_gp_Ax1.hxx
+M StdSchema:privinclude:StdSchema_gp_Ax1.ixx /dn43/OCCT/tmp/results_31.05.2011/occt/release-sources-20110531/drv/StdSchema/StdSchema_gp_Ax1.ixx
+M StdSchema:derivated:StdSchema_gp_Ax1.cxx /dn43/OCCT/tmp/results_31.05.2011/occt/release-sources-20110531/drv/StdSchema/StdSchema_gp_Ax1.cxx
+M StdSchema:pubinclude:StdSchema_gp_Ax2.hxx /dn43/OCCT/tmp/results_31.05.2011/occt/release-sources-20110531/inc/StdSchema_gp_Ax2.hxx
+M StdSchema:privinclude:StdSchema_gp_Ax2.ixx /dn43/OCCT/tmp/results_31.05.2011/occt/release-sources-20110531/drv/StdSchema/StdSchema_gp_Ax2.ixx
+M StdSchema:derivated:StdSchema_gp_Ax2.cxx /dn43/OCCT/tmp/results_31.05.2011/occt/release-sources-20110531/drv/StdSchema/StdSchema_gp_Ax2.cxx
+M StdSchema:pubinclude:StdSchema_gp_Trsf.hxx /dn43/OCCT/tmp/results_31.05.2011/occt/release-sources-20110531/inc/StdSchema_gp_Trsf.hxx
+M StdSchema:privinclude:StdSchema_gp_Trsf.ixx /dn43/OCCT/tmp/results_31.05.2011/occt/release-sources-20110531/drv/StdSchema/StdSchema_gp_Trsf.ixx
+M StdSchema:derivated:StdSchema_gp_Trsf.cxx /dn43/OCCT/tmp/results_31.05.2011/occt/release-sources-20110531/drv/StdSchema/StdSchema_gp_Trsf.cxx
+M StdSchema:pubinclude:StdSchema_gp_Vec.hxx /dn43/OCCT/tmp/results_31.05.2011/occt/release-sources-20110531/inc/StdSchema_gp_Vec.hxx
+M StdSchema:privinclude:StdSchema_gp_Vec.ixx /dn43/OCCT/tmp/results_31.05.2011/occt/release-sources-20110531/drv/StdSchema/StdSchema_gp_Vec.ixx
+M StdSchema:derivated:StdSchema_gp_Vec.cxx /dn43/OCCT/tmp/results_31.05.2011/occt/release-sources-20110531/drv/StdSchema/StdSchema_gp_Vec.cxx
+M StdSchema:pubinclude:StdSchema_gp_XYZ.hxx /dn43/OCCT/tmp/results_31.05.2011/occt/release-sources-20110531/inc/StdSchema_gp_XYZ.hxx
+M StdSchema:privinclude:StdSchema_gp_XYZ.ixx /dn43/OCCT/tmp/results_31.05.2011/occt/release-sources-20110531/drv/StdSchema/StdSchema_gp_XYZ.ixx
+M StdSchema:derivated:StdSchema_gp_XYZ.cxx /dn43/OCCT/tmp/results_31.05.2011/occt/release-sources-20110531/drv/StdSchema/StdSchema_gp_XYZ.cxx
+M StdSchema:pubinclude:StdSchema_PDF_FieldOfHAttributeArray1.hxx /dn43/OCCT/tmp/results_31.05.2011/occt/release-sources-20110531/inc/StdSchema_PDF_FieldOfHAttributeArray1.hxx
+M StdSchema:privinclude:StdSchema_PDF_FieldOfHAttributeArray1.ixx /dn43/OCCT/tmp/results_31.05.2011/occt/release-sources-20110531/drv/StdSchema/StdSchema_PDF_FieldOfHAttributeArray1.ixx
+M StdSchema:derivated:StdSchema_PDF_FieldOfHAttributeArray1.cxx /dn43/OCCT/tmp/results_31.05.2011/occt/release-sources-20110531/drv/StdSchema/StdSchema_PDF_FieldOfHAttributeArray1.cxx
+M StdSchema:pubinclude:StdSchema_DBC_VArrayOfCharacter.hxx /dn43/OCCT/tmp/results_31.05.2011/occt/release-sources-20110531/inc/StdSchema_DBC_VArrayOfCharacter.hxx
+M StdSchema:privinclude:StdSchema_DBC_VArrayOfCharacter.ixx /dn43/OCCT/tmp/results_31.05.2011/occt/release-sources-20110531/drv/StdSchema/StdSchema_DBC_VArrayOfCharacter.ixx
+M StdSchema:derivated:StdSchema_DBC_VArrayOfCharacter.cxx /dn43/OCCT/tmp/results_31.05.2011/occt/release-sources-20110531/drv/StdSchema/StdSchema_DBC_VArrayOfCharacter.cxx
+M StdSchema:pubinclude:StdSchema_PTopoDS_Shape1.hxx /dn43/OCCT/tmp/results_31.05.2011/occt/release-sources-20110531/inc/StdSchema_PTopoDS_Shape1.hxx
+M StdSchema:privinclude:StdSchema_PTopoDS_Shape1.ixx /dn43/OCCT/tmp/results_31.05.2011/occt/release-sources-20110531/drv/StdSchema/StdSchema_PTopoDS_Shape1.ixx
+M StdSchema:derivated:StdSchema_PTopoDS_Shape1.cxx /dn43/OCCT/tmp/results_31.05.2011/occt/release-sources-20110531/drv/StdSchema/StdSchema_PTopoDS_Shape1.cxx
+M StdSchema:pubinclude:StdSchema_PTopoDS_FieldOfHArray1OfShape1.hxx /dn43/OCCT/tmp/results_31.05.2011/occt/release-sources-20110531/inc/StdSchema_PTopoDS_FieldOfHArray1OfShape1.hxx
+M StdSchema:privinclude:StdSchema_PTopoDS_FieldOfHArray1OfShape1.ixx /dn43/OCCT/tmp/results_31.05.2011/occt/release-sources-20110531/drv/StdSchema/StdSchema_PTopoDS_FieldOfHArray1OfShape1.ixx
+M StdSchema:derivated:StdSchema_PTopoDS_FieldOfHArray1OfShape1.cxx /dn43/OCCT/tmp/results_31.05.2011/occt/release-sources-20110531/drv/StdSchema/StdSchema_PTopoDS_FieldOfHArray1OfShape1.cxx
+M StdSchema:pubinclude:StdSchema_PColStd_FieldOfHArray1OfInteger.hxx /dn43/OCCT/tmp/results_31.05.2011/occt/release-sources-20110531/inc/StdSchema_PColStd_FieldOfHArray1OfInteger.hxx
+M StdSchema:privinclude:StdSchema_PColStd_FieldOfHArray1OfInteger.ixx /dn43/OCCT/tmp/results_31.05.2011/occt/release-sources-20110531/drv/StdSchema/StdSchema_PColStd_FieldOfHArray1OfInteger.ixx
+M StdSchema:derivated:StdSchema_PColStd_FieldOfHArray1OfInteger.cxx /dn43/OCCT/tmp/results_31.05.2011/occt/release-sources-20110531/drv/StdSchema/StdSchema_PColStd_FieldOfHArray1OfInteger.cxx
+M StdSchema:pubinclude:StdSchema_DBC_VArrayOfExtCharacter.hxx /dn43/OCCT/tmp/results_31.05.2011/occt/release-sources-20110531/inc/StdSchema_DBC_VArrayOfExtCharacter.hxx
+M StdSchema:privinclude:StdSchema_DBC_VArrayOfExtCharacter.ixx /dn43/OCCT/tmp/results_31.05.2011/occt/release-sources-20110531/drv/StdSchema/StdSchema_DBC_VArrayOfExtCharacter.ixx
+M StdSchema:derivated:StdSchema_DBC_VArrayOfExtCharacter.cxx /dn43/OCCT/tmp/results_31.05.2011/occt/release-sources-20110531/drv/StdSchema/StdSchema_DBC_VArrayOfExtCharacter.cxx
+M StdSchema:pubinclude:StdSchema_gp_Dir.hxx /dn43/OCCT/tmp/results_31.05.2011/occt/release-sources-20110531/inc/StdSchema_gp_Dir.hxx
+M StdSchema:privinclude:StdSchema_gp_Dir.ixx /dn43/OCCT/tmp/results_31.05.2011/occt/release-sources-20110531/drv/StdSchema/StdSchema_gp_Dir.ixx
+M StdSchema:derivated:StdSchema_gp_Dir.cxx /dn43/OCCT/tmp/results_31.05.2011/occt/release-sources-20110531/drv/StdSchema/StdSchema_gp_Dir.cxx
+M StdSchema:pubinclude:StdSchema_gp_Ax3.hxx /dn43/OCCT/tmp/results_31.05.2011/occt/release-sources-20110531/inc/StdSchema_gp_Ax3.hxx
+M StdSchema:privinclude:StdSchema_gp_Ax3.ixx /dn43/OCCT/tmp/results_31.05.2011/occt/release-sources-20110531/drv/StdSchema/StdSchema_gp_Ax3.ixx
+M StdSchema:derivated:StdSchema_gp_Ax3.cxx /dn43/OCCT/tmp/results_31.05.2011/occt/release-sources-20110531/drv/StdSchema/StdSchema_gp_Ax3.cxx
+M StdSchema:pubinclude:StdSchema_gp_Mat.hxx /dn43/OCCT/tmp/results_31.05.2011/occt/release-sources-20110531/inc/StdSchema_gp_Mat.hxx
+M StdSchema:privinclude:StdSchema_gp_Mat.ixx /dn43/OCCT/tmp/results_31.05.2011/occt/release-sources-20110531/drv/StdSchema/StdSchema_gp_Mat.ixx
+M StdSchema:derivated:StdSchema_gp_Mat.cxx /dn43/OCCT/tmp/results_31.05.2011/occt/release-sources-20110531/drv/StdSchema/StdSchema_gp_Mat.cxx
+M StdSchema:pubinclude:StdSchema_gp_Trsf2d.hxx /dn43/OCCT/tmp/results_31.05.2011/occt/release-sources-20110531/inc/StdSchema_gp_Trsf2d.hxx
+M StdSchema:privinclude:StdSchema_gp_Trsf2d.ixx /dn43/OCCT/tmp/results_31.05.2011/occt/release-sources-20110531/drv/StdSchema/StdSchema_gp_Trsf2d.ixx
+M StdSchema:derivated:StdSchema_gp_Trsf2d.cxx /dn43/OCCT/tmp/results_31.05.2011/occt/release-sources-20110531/drv/StdSchema/StdSchema_gp_Trsf2d.cxx
+M StdSchema:pubinclude:StdSchema_PTopoDS_TShape1.hxx /dn43/OCCT/tmp/results_31.05.2011/occt/release-sources-20110531/inc/StdSchema_PTopoDS_TShape1.hxx
+M StdSchema:privinclude:StdSchema_PTopoDS_TShape1.ixx /dn43/OCCT/tmp/results_31.05.2011/occt/release-sources-20110531/drv/StdSchema/StdSchema_PTopoDS_TShape1.ixx
+M StdSchema:derivated:StdSchema_PTopoDS_TShape1.cxx /dn43/OCCT/tmp/results_31.05.2011/occt/release-sources-20110531/drv/StdSchema/StdSchema_PTopoDS_TShape1.cxx
+M StdSchema:pubinclude:StdSchema_PTopLoc_Location.hxx /dn43/OCCT/tmp/results_31.05.2011/occt/release-sources-20110531/inc/StdSchema_PTopLoc_Location.hxx
+M StdSchema:privinclude:StdSchema_PTopLoc_Location.ixx /dn43/OCCT/tmp/results_31.05.2011/occt/release-sources-20110531/drv/StdSchema/StdSchema_PTopLoc_Location.ixx
+M StdSchema:derivated:StdSchema_PTopLoc_Location.cxx /dn43/OCCT/tmp/results_31.05.2011/occt/release-sources-20110531/drv/StdSchema/StdSchema_PTopLoc_Location.cxx
+M StdSchema:pubinclude:StdSchema_gp_Ax2d.hxx /dn43/OCCT/tmp/results_31.05.2011/occt/release-sources-20110531/inc/StdSchema_gp_Ax2d.hxx
+M StdSchema:privinclude:StdSchema_gp_Ax2d.ixx /dn43/OCCT/tmp/results_31.05.2011/occt/release-sources-20110531/drv/StdSchema/StdSchema_gp_Ax2d.ixx
+M StdSchema:derivated:StdSchema_gp_Ax2d.cxx /dn43/OCCT/tmp/results_31.05.2011/occt/release-sources-20110531/drv/StdSchema/StdSchema_gp_Ax2d.cxx
+M StdSchema:pubinclude:StdSchema_gp_Mat2d.hxx /dn43/OCCT/tmp/results_31.05.2011/occt/release-sources-20110531/inc/StdSchema_gp_Mat2d.hxx
+M StdSchema:privinclude:StdSchema_gp_Mat2d.ixx /dn43/OCCT/tmp/results_31.05.2011/occt/release-sources-20110531/drv/StdSchema/StdSchema_gp_Mat2d.ixx
+M StdSchema:derivated:StdSchema_gp_Mat2d.cxx /dn43/OCCT/tmp/results_31.05.2011/occt/release-sources-20110531/drv/StdSchema/StdSchema_gp_Mat2d.cxx
+M StdSchema:pubinclude:StdSchema_gp_Pnt2d.hxx /dn43/OCCT/tmp/results_31.05.2011/occt/release-sources-20110531/inc/StdSchema_gp_Pnt2d.hxx
+M StdSchema:privinclude:StdSchema_gp_Pnt2d.ixx /dn43/OCCT/tmp/results_31.05.2011/occt/release-sources-20110531/drv/StdSchema/StdSchema_gp_Pnt2d.ixx
+M StdSchema:derivated:StdSchema_gp_Pnt2d.cxx /dn43/OCCT/tmp/results_31.05.2011/occt/release-sources-20110531/drv/StdSchema/StdSchema_gp_Pnt2d.cxx
+M StdSchema:pubinclude:StdSchema_gp_Vec2d.hxx /dn43/OCCT/tmp/results_31.05.2011/occt/release-sources-20110531/inc/StdSchema_gp_Vec2d.hxx
+M StdSchema:privinclude:StdSchema_gp_Vec2d.ixx /dn43/OCCT/tmp/results_31.05.2011/occt/release-sources-20110531/drv/StdSchema/StdSchema_gp_Vec2d.ixx
+M StdSchema:derivated:StdSchema_gp_Vec2d.cxx /dn43/OCCT/tmp/results_31.05.2011/occt/release-sources-20110531/drv/StdSchema/StdSchema_gp_Vec2d.cxx
+M StdSchema:pubinclude:StdSchema_gp_XY.hxx /dn43/OCCT/tmp/results_31.05.2011/occt/release-sources-20110531/inc/StdSchema_gp_XY.hxx
+M StdSchema:privinclude:StdSchema_gp_XY.ixx /dn43/OCCT/tmp/results_31.05.2011/occt/release-sources-20110531/drv/StdSchema/StdSchema_gp_XY.ixx
+M StdSchema:derivated:StdSchema_gp_XY.cxx /dn43/OCCT/tmp/results_31.05.2011/occt/release-sources-20110531/drv/StdSchema/StdSchema_gp_XY.cxx
+M StdSchema:pubinclude:StdSchema_PTopLoc_Datum3D.hxx /dn43/OCCT/tmp/results_31.05.2011/occt/release-sources-20110531/inc/StdSchema_PTopLoc_Datum3D.hxx
+M StdSchema:privinclude:StdSchema_PTopLoc_Datum3D.ixx /dn43/OCCT/tmp/results_31.05.2011/occt/release-sources-20110531/drv/StdSchema/StdSchema_PTopLoc_Datum3D.ixx
+M StdSchema:derivated:StdSchema_PTopLoc_Datum3D.cxx /dn43/OCCT/tmp/results_31.05.2011/occt/release-sources-20110531/drv/StdSchema/StdSchema_PTopLoc_Datum3D.cxx
+M StdSchema:pubinclude:StdSchema_PTopLoc_ItemLocation.hxx /dn43/OCCT/tmp/results_31.05.2011/occt/release-sources-20110531/inc/StdSchema_PTopLoc_ItemLocation.hxx
+M StdSchema:privinclude:StdSchema_PTopLoc_ItemLocation.ixx /dn43/OCCT/tmp/results_31.05.2011/occt/release-sources-20110531/drv/StdSchema/StdSchema_PTopLoc_ItemLocation.ixx
+M StdSchema:derivated:StdSchema_PTopLoc_ItemLocation.cxx /dn43/OCCT/tmp/results_31.05.2011/occt/release-sources-20110531/drv/StdSchema/StdSchema_PTopLoc_ItemLocation.cxx
+M StdSchema:pubinclude:StdSchema_gp_Dir2d.hxx /dn43/OCCT/tmp/results_31.05.2011/occt/release-sources-20110531/inc/StdSchema_gp_Dir2d.hxx
+M StdSchema:privinclude:StdSchema_gp_Dir2d.ixx /dn43/OCCT/tmp/results_31.05.2011/occt/release-sources-20110531/drv/StdSchema/StdSchema_gp_Dir2d.ixx
+M StdSchema:derivated:StdSchema_gp_Dir2d.cxx /dn43/OCCT/tmp/results_31.05.2011/occt/release-sources-20110531/drv/StdSchema/StdSchema_gp_Dir2d.cxx
+M StdSchema:dbadmfile:StdSchema_xcpp_sch.In /dn43/OCCT/tmp/results_31.05.2011/occt/release-sources-20110531/drv/StdSchema/.adm/StdSchema_xcpp_sch.In
+M StdSchema:dbadmfile:StdSchema_xcpp_sch.Out /dn43/OCCT/tmp/results_31.05.2011/occt/release-sources-20110531/drv/StdSchema/.adm/StdSchema_xcpp_sch.Out
+M StdSchema:dbadmfile:StdSchema_xcpp_sch.Dep /dn43/OCCT/tmp/results_31.05.2011/occt/release-sources-20110531/drv/StdSchema/.adm/StdSchema_xcpp_sch.Dep
