+M OpenGl:pubinclude:OpenGl_FontMgr.hxx /dn43/OCCT/tmp/results_28.02.2011/occt/release-sources-20110228/inc/OpenGl_FontMgr.hxx
+M OpenGl:pubinclude:OpenGl_AVIWriter.hxx /dn43/OCCT/tmp/results_28.02.2011/occt/release-sources-20110228/inc/OpenGl_AVIWriter.hxx
+M OpenGl:pubinclude:OpenGl_animation.hxx /dn43/OCCT/tmp/results_28.02.2011/occt/release-sources-20110228/inc/OpenGl_animation.hxx
+M OpenGl:pubinclude:OpenGl_cmn_varargs.hxx /dn43/OCCT/tmp/results_28.02.2011/occt/release-sources-20110228/inc/OpenGl_cmn_varargs.hxx
+M OpenGl:pubinclude:OpenGl_context.hxx /dn43/OCCT/tmp/results_28.02.2011/occt/release-sources-20110228/inc/OpenGl_context.hxx
+M OpenGl:pubinclude:OpenGl_degeneration.hxx /dn43/OCCT/tmp/results_28.02.2011/occt/release-sources-20110228/inc/OpenGl_degeneration.hxx
+M OpenGl:pubinclude:OpenGl_Extension.hxx /dn43/OCCT/tmp/results_28.02.2011/occt/release-sources-20110228/inc/OpenGl_Extension.hxx
+M OpenGl:pubinclude:OpenGl_ImageBox.hxx /dn43/OCCT/tmp/results_28.02.2011/occt/release-sources-20110228/inc/OpenGl_ImageBox.hxx
+M OpenGl:pubinclude:OpenGl_inquire.hxx /dn43/OCCT/tmp/results_28.02.2011/occt/release-sources-20110228/inc/OpenGl_inquire.hxx
+M OpenGl:pubinclude:OpenGl_LightBox.hxx /dn43/OCCT/tmp/results_28.02.2011/occt/release-sources-20110228/inc/OpenGl_LightBox.hxx
+M OpenGl:pubinclude:OpenGl_telem.hxx /dn43/OCCT/tmp/results_28.02.2011/occt/release-sources-20110228/inc/OpenGl_telem.hxx
+M OpenGl:pubinclude:OpenGl_telem_attri.hxx /dn43/OCCT/tmp/results_28.02.2011/occt/release-sources-20110228/inc/OpenGl_telem_attri.hxx
+M OpenGl:pubinclude:OpenGl_telem_depthcue.hxx /dn43/OCCT/tmp/results_28.02.2011/occt/release-sources-20110228/inc/OpenGl_telem_depthcue.hxx
+M OpenGl:pubinclude:OpenGl_telem_filters.hxx /dn43/OCCT/tmp/results_28.02.2011/occt/release-sources-20110228/inc/OpenGl_telem_filters.hxx
+M OpenGl:pubinclude:OpenGl_telem_highlight.hxx /dn43/OCCT/tmp/results_28.02.2011/occt/release-sources-20110228/inc/OpenGl_telem_highlight.hxx
+M OpenGl:pubinclude:OpenGl_telem_inquire.hxx /dn43/OCCT/tmp/results_28.02.2011/occt/release-sources-20110228/inc/OpenGl_telem_inquire.hxx
+M OpenGl:pubinclude:OpenGl_telem_pick.hxx /dn43/OCCT/tmp/results_28.02.2011/occt/release-sources-20110228/inc/OpenGl_telem_pick.hxx
+M OpenGl:pubinclude:OpenGl_telem_util.hxx /dn43/OCCT/tmp/results_28.02.2011/occt/release-sources-20110228/inc/OpenGl_telem_util.hxx
+M OpenGl:pubinclude:OpenGl_telem_view.hxx /dn43/OCCT/tmp/results_28.02.2011/occt/release-sources-20110228/inc/OpenGl_telem_view.hxx
+M OpenGl:pubinclude:OpenGl_TextureBox.hxx /dn43/OCCT/tmp/results_28.02.2011/occt/release-sources-20110228/inc/OpenGl_TextureBox.hxx
+M OpenGl:pubinclude:OpenGl_tgl.hxx /dn43/OCCT/tmp/results_28.02.2011/occt/release-sources-20110228/inc/OpenGl_tgl.hxx
+M OpenGl:pubinclude:OpenGl_tgl_all.hxx /dn43/OCCT/tmp/results_28.02.2011/occt/release-sources-20110228/inc/OpenGl_tgl_all.hxx
+M OpenGl:pubinclude:OpenGl_tgl_elems.hxx /dn43/OCCT/tmp/results_28.02.2011/occt/release-sources-20110228/inc/OpenGl_tgl_elems.hxx
+M OpenGl:pubinclude:OpenGl_tgl_funcs.hxx /dn43/OCCT/tmp/results_28.02.2011/occt/release-sources-20110228/inc/OpenGl_tgl_funcs.hxx
+M OpenGl:pubinclude:OpenGl_tgl_pick.hxx /dn43/OCCT/tmp/results_28.02.2011/occt/release-sources-20110228/inc/OpenGl_tgl_pick.hxx
+M OpenGl:pubinclude:OpenGl_tgl_subrs.hxx /dn43/OCCT/tmp/results_28.02.2011/occt/release-sources-20110228/inc/OpenGl_tgl_subrs.hxx
+M OpenGl:pubinclude:OpenGl_tgl_subrvis.hxx /dn43/OCCT/tmp/results_28.02.2011/occt/release-sources-20110228/inc/OpenGl_tgl_subrvis.hxx
+M OpenGl:pubinclude:OpenGl_tgl_tox.hxx /dn43/OCCT/tmp/results_28.02.2011/occt/release-sources-20110228/inc/OpenGl_tgl_tox.hxx
+M OpenGl:pubinclude:OpenGl_tgl_util.hxx /dn43/OCCT/tmp/results_28.02.2011/occt/release-sources-20110228/inc/OpenGl_tgl_util.hxx
+M OpenGl:pubinclude:OpenGl_tgl_utilgr.hxx /dn43/OCCT/tmp/results_28.02.2011/occt/release-sources-20110228/inc/OpenGl_tgl_utilgr.hxx
+M OpenGl:pubinclude:OpenGl_tgl_vis.hxx /dn43/OCCT/tmp/results_28.02.2011/occt/release-sources-20110228/inc/OpenGl_tgl_vis.hxx
+M OpenGl:pubinclude:OpenGl_trsf_stack.hxx /dn43/OCCT/tmp/results_28.02.2011/occt/release-sources-20110228/inc/OpenGl_trsf_stack.hxx
+M OpenGl:pubinclude:OpenGl_tsm.hxx /dn43/OCCT/tmp/results_28.02.2011/occt/release-sources-20110228/inc/OpenGl_tsm.hxx
+M OpenGl:pubinclude:OpenGl_tsm_ws.hxx /dn43/OCCT/tmp/results_28.02.2011/occt/release-sources-20110228/inc/OpenGl_tsm_ws.hxx
+M OpenGl:pubinclude:OpenGl_txgl.hxx /dn43/OCCT/tmp/results_28.02.2011/occt/release-sources-20110228/inc/OpenGl_txgl.hxx
+M OpenGl:pubinclude:OpenGl_triedron.hxx /dn43/OCCT/tmp/results_28.02.2011/occt/release-sources-20110228/inc/OpenGl_triedron.hxx
+M OpenGl:pubinclude:OpenGl_traces.hxx /dn43/OCCT/tmp/results_28.02.2011/occt/release-sources-20110228/inc/OpenGl_traces.hxx
+M OpenGl:pubinclude:OpenGl_transform_persistence.hxx /dn43/OCCT/tmp/results_28.02.2011/occt/release-sources-20110228/inc/OpenGl_transform_persistence.hxx
+M OpenGl:pubinclude:OpenGl_callback.hxx /dn43/OCCT/tmp/results_28.02.2011/occt/release-sources-20110228/inc/OpenGl_callback.hxx
+M OpenGl:pubinclude:OpenGl_Memory.hxx /dn43/OCCT/tmp/results_28.02.2011/occt/release-sources-20110228/inc/OpenGl_Memory.hxx
+M OpenGl:pubinclude:OpenGl_TextRender.hxx /dn43/OCCT/tmp/results_28.02.2011/occt/release-sources-20110228/inc/OpenGl_TextRender.hxx
+M OpenGl:pubinclude:OpenGl_graduatedtrihedron.hxx /dn43/OCCT/tmp/results_28.02.2011/occt/release-sources-20110228/inc/OpenGl_graduatedtrihedron.hxx
+M OpenGl:pubinclude:OpenGl_FrameBuffer.hxx /dn43/OCCT/tmp/results_28.02.2011/occt/release-sources-20110228/inc/OpenGl_FrameBuffer.hxx
+M OpenGl:dbadmfile:OpenGl_obj_inc.In /dn43/OCCT/tmp/results_28.02.2011/occt/release-sources-20110228/drv/OpenGl/.adm/OpenGl_obj_inc.In
+M OpenGl:dbadmfile:OpenGl_obj_inc.Out /dn43/OCCT/tmp/results_28.02.2011/occt/release-sources-20110228/drv/OpenGl/.adm/OpenGl_obj_inc.Out
+M OpenGl:dbadmfile:OpenGl_obj_inc.Dep /dn43/OCCT/tmp/results_28.02.2011/occt/release-sources-20110228/drv/OpenGl/.adm/OpenGl_obj_inc.Dep
