+M IntCurve:pubinclude:IntCurve_IntConicConic.hxx /dn43/OCCT/tmp/results_30.09.2011/occt/release-sources-20110930/inc/IntCurve_IntConicConic.hxx
+M IntCurve:privinclude:IntCurve_IntConicConic.jxx /dn43/OCCT/tmp/results_30.09.2011/occt/release-sources-20110930/drv/IntCurve/IntCurve_IntConicConic.jxx
+M IntCurve:privinclude:IntCurve_IntConicConic.ixx /dn43/OCCT/tmp/results_30.09.2011/occt/release-sources-20110930/drv/IntCurve/IntCurve_IntConicConic.ixx
+M IntCurve:pubinclude:IntCurve_ProjectOnPConicTool.hxx /dn43/OCCT/tmp/results_30.09.2011/occt/release-sources-20110930/inc/IntCurve_ProjectOnPConicTool.hxx
+M IntCurve:privinclude:IntCurve_ProjectOnPConicTool.jxx /dn43/OCCT/tmp/results_30.09.2011/occt/release-sources-20110930/drv/IntCurve/IntCurve_ProjectOnPConicTool.jxx
+M IntCurve:privinclude:IntCurve_ProjectOnPConicTool.ixx /dn43/OCCT/tmp/results_30.09.2011/occt/release-sources-20110930/drv/IntCurve/IntCurve_ProjectOnPConicTool.ixx
+M IntCurve:pubinclude:IntCurve_PConic.hxx /dn43/OCCT/tmp/results_30.09.2011/occt/release-sources-20110930/inc/IntCurve_PConic.hxx
+M IntCurve:privinclude:IntCurve_PConic.jxx /dn43/OCCT/tmp/results_30.09.2011/occt/release-sources-20110930/drv/IntCurve/IntCurve_PConic.jxx
+M IntCurve:privinclude:IntCurve_PConic.ixx /dn43/OCCT/tmp/results_30.09.2011/occt/release-sources-20110930/drv/IntCurve/IntCurve_PConic.ixx
+M IntCurve:pubinclude:IntCurve_IConicTool.hxx /dn43/OCCT/tmp/results_30.09.2011/occt/release-sources-20110930/inc/IntCurve_IConicTool.hxx
+M IntCurve:privinclude:IntCurve_IConicTool.jxx /dn43/OCCT/tmp/results_30.09.2011/occt/release-sources-20110930/drv/IntCurve/IntCurve_IConicTool.jxx
+M IntCurve:privinclude:IntCurve_IConicTool.ixx /dn43/OCCT/tmp/results_30.09.2011/occt/release-sources-20110930/drv/IntCurve/IntCurve_IConicTool.ixx
+M IntCurve:pubinclude:IntCurve_PConicTool.hxx /dn43/OCCT/tmp/results_30.09.2011/occt/release-sources-20110930/inc/IntCurve_PConicTool.hxx
+M IntCurve:privinclude:IntCurve_PConicTool.jxx /dn43/OCCT/tmp/results_30.09.2011/occt/release-sources-20110930/drv/IntCurve/IntCurve_PConicTool.jxx
+M IntCurve:privinclude:IntCurve_PConicTool.ixx /dn43/OCCT/tmp/results_30.09.2011/occt/release-sources-20110930/drv/IntCurve/IntCurve_PConicTool.ixx
+M IntCurve:pubinclude:IntCurve_IntImpConicParConic.hxx /dn43/OCCT/tmp/results_30.09.2011/occt/release-sources-20110930/inc/IntCurve_IntImpConicParConic.hxx
+M IntCurve:derivated:IntCurve_IntImpConicParConic_0.cxx /dn43/OCCT/tmp/results_30.09.2011/occt/release-sources-20110930/drv/IntCurve/IntCurve_IntImpConicParConic_0.cxx
+M IntCurve:pubinclude:IntCurve_MyImpParToolOfIntImpConicParConic.hxx /dn43/OCCT/tmp/results_30.09.2011/occt/release-sources-20110930/inc/IntCurve_MyImpParToolOfIntImpConicParConic.hxx
+M IntCurve:derivated:IntCurve_MyImpParToolOfIntImpConicParConic_0.cxx /dn43/OCCT/tmp/results_30.09.2011/occt/release-sources-20110930/drv/IntCurve/IntCurve_MyImpParToolOfIntImpConicParConic_0.cxx
+M IntCurve:dbadmfile:IntCurve_xcpp_header.In /dn43/OCCT/tmp/results_30.09.2011/occt/release-sources-20110930/drv/IntCurve/.adm/IntCurve_xcpp_header.In
+M IntCurve:dbadmfile:IntCurve_xcpp_header.Out /dn43/OCCT/tmp/results_30.09.2011/occt/release-sources-20110930/drv/IntCurve/.adm/IntCurve_xcpp_header.Out
+M IntCurve:dbadmfile:IntCurve_xcpp_header.Dep /dn43/OCCT/tmp/results_30.09.2011/occt/release-sources-20110930/drv/IntCurve/.adm/IntCurve_xcpp_header.Dep
