+M IntCurve:pubinclude:IntCurve_ToolPolygon.gxx /dn43/OCCT/tmp/results_30.09.2011/occt/release-sources-20110930/inc/IntCurve_ToolPolygon.gxx
+M IntCurve:pubinclude:IntCurve_IntConicConic_1.hxx /dn43/OCCT/tmp/results_30.09.2011/occt/release-sources-20110930/inc/IntCurve_IntConicConic_1.hxx
+M IntCurve:pubinclude:IntCurve_IntConicConic_Tool.hxx /dn43/OCCT/tmp/results_30.09.2011/occt/release-sources-20110930/inc/IntCurve_IntConicConic_Tool.hxx
+M IntCurve:pubinclude:IntCurve_IntConicConic.lxx /dn43/OCCT/tmp/results_30.09.2011/occt/release-sources-20110930/inc/IntCurve_IntConicConic.lxx
+M IntCurve:pubinclude:IntCurve_DistBetweenPCurvesGen.gxx /dn43/OCCT/tmp/results_30.09.2011/occt/release-sources-20110930/inc/IntCurve_DistBetweenPCurvesGen.gxx
+M IntCurve:pubinclude:IntCurve_Polygon2dGen.gxx /dn43/OCCT/tmp/results_30.09.2011/occt/release-sources-20110930/inc/IntCurve_Polygon2dGen.gxx
+M IntCurve:pubinclude:IntCurve_Polygon2dGen.lxx /dn43/OCCT/tmp/results_30.09.2011/occt/release-sources-20110930/inc/IntCurve_Polygon2dGen.lxx
+M IntCurve:pubinclude:IntCurve_ToolPolygon.lxx /dn43/OCCT/tmp/results_30.09.2011/occt/release-sources-20110930/inc/IntCurve_ToolPolygon.lxx
+M IntCurve:pubinclude:IntCurve_IntPolyPolyGen.gxx /dn43/OCCT/tmp/results_30.09.2011/occt/release-sources-20110930/inc/IntCurve_IntPolyPolyGen.gxx
+M IntCurve:pubinclude:IntCurve_ExactIntersectionPoint.gxx /dn43/OCCT/tmp/results_30.09.2011/occt/release-sources-20110930/inc/IntCurve_ExactIntersectionPoint.gxx
+M IntCurve:pubinclude:IntCurve_UserIntConicCurveGen.gxx /dn43/OCCT/tmp/results_30.09.2011/occt/release-sources-20110930/inc/IntCurve_UserIntConicCurveGen.gxx
+M IntCurve:pubinclude:IntCurve_ProjPCurGen.gxx /dn43/OCCT/tmp/results_30.09.2011/occt/release-sources-20110930/inc/IntCurve_ProjPCurGen.gxx
+M IntCurve:pubinclude:IntCurve_IntConicCurveGen.gxx /dn43/OCCT/tmp/results_30.09.2011/occt/release-sources-20110930/inc/IntCurve_IntConicCurveGen.gxx
+M IntCurve:pubinclude:IntCurve_IntConicCurveGen.lxx /dn43/OCCT/tmp/results_30.09.2011/occt/release-sources-20110930/inc/IntCurve_IntConicCurveGen.lxx
+M IntCurve:pubinclude:IntCurve_IntCurveCurveGen.gxx /dn43/OCCT/tmp/results_30.09.2011/occt/release-sources-20110930/inc/IntCurve_IntCurveCurveGen.gxx
+M IntCurve:pubinclude:IntCurve_IntCurveCurveGen.lxx /dn43/OCCT/tmp/results_30.09.2011/occt/release-sources-20110930/inc/IntCurve_IntCurveCurveGen.lxx
+M IntCurve:pubinclude:IntCurve_PConic.lxx /dn43/OCCT/tmp/results_30.09.2011/occt/release-sources-20110930/inc/IntCurve_PConic.lxx
+M IntCurve:dbadmfile:IntCurve_obj_inc.In /dn43/OCCT/tmp/results_30.09.2011/occt/release-sources-20110930/drv/IntCurve/.adm/IntCurve_obj_inc.In
+M IntCurve:dbadmfile:IntCurve_obj_inc.Out /dn43/OCCT/tmp/results_30.09.2011/occt/release-sources-20110930/drv/IntCurve/.adm/IntCurve_obj_inc.Out
+M IntCurve:dbadmfile:IntCurve_obj_inc.Dep /dn43/OCCT/tmp/results_30.09.2011/occt/release-sources-20110930/drv/IntCurve/.adm/IntCurve_obj_inc.Dep
