+M StepVisual:pubinclude:StepVisual_BoxCharacteristicSelect.hxx /dn43/OCCT/tmp/results_31.05.2011/occt/release-sources-20110531/inc/StepVisual_BoxCharacteristicSelect.hxx
+M StepVisual:privinclude:StepVisual_BoxCharacteristicSelect.jxx /dn43/OCCT/tmp/results_31.05.2011/occt/release-sources-20110531/drv/StepVisual/StepVisual_BoxCharacteristicSelect.jxx
+M StepVisual:privinclude:StepVisual_BoxCharacteristicSelect.ixx /dn43/OCCT/tmp/results_31.05.2011/occt/release-sources-20110531/drv/StepVisual/StepVisual_BoxCharacteristicSelect.ixx
+M StepVisual:pubinclude:StepVisual_DirectionCountSelect.hxx /dn43/OCCT/tmp/results_31.05.2011/occt/release-sources-20110531/inc/StepVisual_DirectionCountSelect.hxx
+M StepVisual:privinclude:StepVisual_DirectionCountSelect.jxx /dn43/OCCT/tmp/results_31.05.2011/occt/release-sources-20110531/drv/StepVisual/StepVisual_DirectionCountSelect.jxx
+M StepVisual:privinclude:StepVisual_DirectionCountSelect.ixx /dn43/OCCT/tmp/results_31.05.2011/occt/release-sources-20110531/drv/StepVisual/StepVisual_DirectionCountSelect.ixx
+M StepVisual:pubinclude:StepVisual_AreaOrView.hxx /dn43/OCCT/tmp/results_31.05.2011/occt/release-sources-20110531/inc/StepVisual_AreaOrView.hxx
+M StepVisual:privinclude:StepVisual_AreaOrView.jxx /dn43/OCCT/tmp/results_31.05.2011/occt/release-sources-20110531/drv/StepVisual/StepVisual_AreaOrView.jxx
+M StepVisual:privinclude:StepVisual_AreaOrView.ixx /dn43/OCCT/tmp/results_31.05.2011/occt/release-sources-20110531/drv/StepVisual/StepVisual_AreaOrView.ixx
+M StepVisual:pubinclude:StepVisual_CurveStyleFontSelect.hxx /dn43/OCCT/tmp/results_31.05.2011/occt/release-sources-20110531/inc/StepVisual_CurveStyleFontSelect.hxx
+M StepVisual:privinclude:StepVisual_CurveStyleFontSelect.jxx /dn43/OCCT/tmp/results_31.05.2011/occt/release-sources-20110531/drv/StepVisual/StepVisual_CurveStyleFontSelect.jxx
+M StepVisual:privinclude:StepVisual_CurveStyleFontSelect.ixx /dn43/OCCT/tmp/results_31.05.2011/occt/release-sources-20110531/drv/StepVisual/StepVisual_CurveStyleFontSelect.ixx
+M StepVisual:pubinclude:StepVisual_FillStyleSelect.hxx /dn43/OCCT/tmp/results_31.05.2011/occt/release-sources-20110531/inc/StepVisual_FillStyleSelect.hxx
+M StepVisual:privinclude:StepVisual_FillStyleSelect.jxx /dn43/OCCT/tmp/results_31.05.2011/occt/release-sources-20110531/drv/StepVisual/StepVisual_FillStyleSelect.jxx
+M StepVisual:privinclude:StepVisual_FillStyleSelect.ixx /dn43/OCCT/tmp/results_31.05.2011/occt/release-sources-20110531/drv/StepVisual/StepVisual_FillStyleSelect.ixx
+M StepVisual:pubinclude:StepVisual_FontSelect.hxx /dn43/OCCT/tmp/results_31.05.2011/occt/release-sources-20110531/inc/StepVisual_FontSelect.hxx
+M StepVisual:privinclude:StepVisual_FontSelect.jxx /dn43/OCCT/tmp/results_31.05.2011/occt/release-sources-20110531/drv/StepVisual/StepVisual_FontSelect.jxx
+M StepVisual:privinclude:StepVisual_FontSelect.ixx /dn43/OCCT/tmp/results_31.05.2011/occt/release-sources-20110531/drv/StepVisual/StepVisual_FontSelect.ixx
+M StepVisual:pubinclude:StepVisual_InvisibilityContext.hxx /dn43/OCCT/tmp/results_31.05.2011/occt/release-sources-20110531/inc/StepVisual_InvisibilityContext.hxx
+M StepVisual:privinclude:StepVisual_InvisibilityContext.jxx /dn43/OCCT/tmp/results_31.05.2011/occt/release-sources-20110531/drv/StepVisual/StepVisual_InvisibilityContext.jxx
+M StepVisual:privinclude:StepVisual_InvisibilityContext.ixx /dn43/OCCT/tmp/results_31.05.2011/occt/release-sources-20110531/drv/StepVisual/StepVisual_InvisibilityContext.ixx
+M StepVisual:pubinclude:StepVisual_InvisibleItem.hxx /dn43/OCCT/tmp/results_31.05.2011/occt/release-sources-20110531/inc/StepVisual_InvisibleItem.hxx
+M StepVisual:privinclude:StepVisual_InvisibleItem.jxx /dn43/OCCT/tmp/results_31.05.2011/occt/release-sources-20110531/drv/StepVisual/StepVisual_InvisibleItem.jxx
+M StepVisual:privinclude:StepVisual_InvisibleItem.ixx /dn43/OCCT/tmp/results_31.05.2011/occt/release-sources-20110531/drv/StepVisual/StepVisual_InvisibleItem.ixx
+M StepVisual:pubinclude:StepVisual_LayeredItem.hxx /dn43/OCCT/tmp/results_31.05.2011/occt/release-sources-20110531/inc/StepVisual_LayeredItem.hxx
+M StepVisual:privinclude:StepVisual_LayeredItem.jxx /dn43/OCCT/tmp/results_31.05.2011/occt/release-sources-20110531/drv/StepVisual/StepVisual_LayeredItem.jxx
+M StepVisual:privinclude:StepVisual_LayeredItem.ixx /dn43/OCCT/tmp/results_31.05.2011/occt/release-sources-20110531/drv/StepVisual/StepVisual_LayeredItem.ixx
+M StepVisual:pubinclude:StepVisual_MarkerSelect.hxx /dn43/OCCT/tmp/results_31.05.2011/occt/release-sources-20110531/inc/StepVisual_MarkerSelect.hxx
+M StepVisual:privinclude:StepVisual_MarkerSelect.jxx /dn43/OCCT/tmp/results_31.05.2011/occt/release-sources-20110531/drv/StepVisual/StepVisual_MarkerSelect.jxx
+M StepVisual:privinclude:StepVisual_MarkerSelect.ixx /dn43/OCCT/tmp/results_31.05.2011/occt/release-sources-20110531/drv/StepVisual/StepVisual_MarkerSelect.ixx
+M StepVisual:pubinclude:Handle_StepVisual_MarkerMember.hxx /dn43/OCCT/tmp/results_31.05.2011/occt/release-sources-20110531/inc/Handle_StepVisual_MarkerMember.hxx
+M StepVisual:pubinclude:StepVisual_MarkerMember.hxx /dn43/OCCT/tmp/results_31.05.2011/occt/release-sources-20110531/inc/StepVisual_MarkerMember.hxx
+M StepVisual:privinclude:StepVisual_MarkerMember.jxx /dn43/OCCT/tmp/results_31.05.2011/occt/release-sources-20110531/drv/StepVisual/StepVisual_MarkerMember.jxx
+M StepVisual:privinclude:StepVisual_MarkerMember.ixx /dn43/OCCT/tmp/results_31.05.2011/occt/release-sources-20110531/drv/StepVisual/StepVisual_MarkerMember.ixx
+M StepVisual:pubinclude:StepVisual_PresentationRepresentationSelect.hxx /dn43/OCCT/tmp/results_31.05.2011/occt/release-sources-20110531/inc/StepVisual_PresentationRepresentationSelect.hxx
+M StepVisual:privinclude:StepVisual_PresentationRepresentationSelect.jxx /dn43/OCCT/tmp/results_31.05.2011/occt/release-sources-20110531/drv/StepVisual/StepVisual_PresentationRepresentationSelect.jxx
+M StepVisual:privinclude:StepVisual_PresentationRepresentationSelect.ixx /dn43/OCCT/tmp/results_31.05.2011/occt/release-sources-20110531/drv/StepVisual/StepVisual_PresentationRepresentationSelect.ixx
+M StepVisual:pubinclude:StepVisual_PresentationSizeAssignmentSelect.hxx /dn43/OCCT/tmp/results_31.05.2011/occt/release-sources-20110531/inc/StepVisual_PresentationSizeAssignmentSelect.hxx
+M StepVisual:privinclude:StepVisual_PresentationSizeAssignmentSelect.jxx /dn43/OCCT/tmp/results_31.05.2011/occt/release-sources-20110531/drv/StepVisual/StepVisual_PresentationSizeAssignmentSelect.jxx
+M StepVisual:privinclude:StepVisual_PresentationSizeAssignmentSelect.ixx /dn43/OCCT/tmp/results_31.05.2011/occt/release-sources-20110531/drv/StepVisual/StepVisual_PresentationSizeAssignmentSelect.ixx
+M StepVisual:pubinclude:StepVisual_PresentationStyleSelect.hxx /dn43/OCCT/tmp/results_31.05.2011/occt/release-sources-20110531/inc/StepVisual_PresentationStyleSelect.hxx
+M StepVisual:privinclude:StepVisual_PresentationStyleSelect.jxx /dn43/OCCT/tmp/results_31.05.2011/occt/release-sources-20110531/drv/StepVisual/StepVisual_PresentationStyleSelect.jxx
+M StepVisual:privinclude:StepVisual_PresentationStyleSelect.ixx /dn43/OCCT/tmp/results_31.05.2011/occt/release-sources-20110531/drv/StepVisual/StepVisual_PresentationStyleSelect.ixx
+M StepVisual:pubinclude:StepVisual_StyleContextSelect.hxx /dn43/OCCT/tmp/results_31.05.2011/occt/release-sources-20110531/inc/StepVisual_StyleContextSelect.hxx
+M StepVisual:privinclude:StepVisual_StyleContextSelect.jxx /dn43/OCCT/tmp/results_31.05.2011/occt/release-sources-20110531/drv/StepVisual/StepVisual_StyleContextSelect.jxx
+M StepVisual:privinclude:StepVisual_StyleContextSelect.ixx /dn43/OCCT/tmp/results_31.05.2011/occt/release-sources-20110531/drv/StepVisual/StepVisual_StyleContextSelect.ixx
+M StepVisual:pubinclude:StepVisual_SurfaceStyleElementSelect.hxx /dn43/OCCT/tmp/results_31.05.2011/occt/release-sources-20110531/inc/StepVisual_SurfaceStyleElementSelect.hxx
+M StepVisual:privinclude:StepVisual_SurfaceStyleElementSelect.jxx /dn43/OCCT/tmp/results_31.05.2011/occt/release-sources-20110531/drv/StepVisual/StepVisual_SurfaceStyleElementSelect.jxx
+M StepVisual:privinclude:StepVisual_SurfaceStyleElementSelect.ixx /dn43/OCCT/tmp/results_31.05.2011/occt/release-sources-20110531/drv/StepVisual/StepVisual_SurfaceStyleElementSelect.ixx
+M StepVisual:pubinclude:StepVisual_TextOrCharacter.hxx /dn43/OCCT/tmp/results_31.05.2011/occt/release-sources-20110531/inc/StepVisual_TextOrCharacter.hxx
+M StepVisual:privinclude:StepVisual_TextOrCharacter.jxx /dn43/OCCT/tmp/results_31.05.2011/occt/release-sources-20110531/drv/StepVisual/StepVisual_TextOrCharacter.jxx
+M StepVisual:privinclude:StepVisual_TextOrCharacter.ixx /dn43/OCCT/tmp/results_31.05.2011/occt/release-sources-20110531/drv/StepVisual/StepVisual_TextOrCharacter.ixx
+M StepVisual:pubinclude:Handle_StepVisual_AreaInSet.hxx /dn43/OCCT/tmp/results_31.05.2011/occt/release-sources-20110531/inc/Handle_StepVisual_AreaInSet.hxx
+M StepVisual:pubinclude:StepVisual_AreaInSet.hxx /dn43/OCCT/tmp/results_31.05.2011/occt/release-sources-20110531/inc/StepVisual_AreaInSet.hxx
+M StepVisual:privinclude:StepVisual_AreaInSet.jxx /dn43/OCCT/tmp/results_31.05.2011/occt/release-sources-20110531/drv/StepVisual/StepVisual_AreaInSet.jxx
+M StepVisual:privinclude:StepVisual_AreaInSet.ixx /dn43/OCCT/tmp/results_31.05.2011/occt/release-sources-20110531/drv/StepVisual/StepVisual_AreaInSet.ixx
+M StepVisual:pubinclude:Handle_StepVisual_Colour.hxx /dn43/OCCT/tmp/results_31.05.2011/occt/release-sources-20110531/inc/Handle_StepVisual_Colour.hxx
+M StepVisual:pubinclude:StepVisual_Colour.hxx /dn43/OCCT/tmp/results_31.05.2011/occt/release-sources-20110531/inc/StepVisual_Colour.hxx
+M StepVisual:privinclude:StepVisual_Colour.jxx /dn43/OCCT/tmp/results_31.05.2011/occt/release-sources-20110531/drv/StepVisual/StepVisual_Colour.jxx
+M StepVisual:privinclude:StepVisual_Colour.ixx /dn43/OCCT/tmp/results_31.05.2011/occt/release-sources-20110531/drv/StepVisual/StepVisual_Colour.ixx
+M StepVisual:pubinclude:Handle_StepVisual_BackgroundColour.hxx /dn43/OCCT/tmp/results_31.05.2011/occt/release-sources-20110531/inc/Handle_StepVisual_BackgroundColour.hxx
+M StepVisual:pubinclude:StepVisual_BackgroundColour.hxx /dn43/OCCT/tmp/results_31.05.2011/occt/release-sources-20110531/inc/StepVisual_BackgroundColour.hxx
+M StepVisual:privinclude:StepVisual_BackgroundColour.jxx /dn43/OCCT/tmp/results_31.05.2011/occt/release-sources-20110531/drv/StepVisual/StepVisual_BackgroundColour.jxx
+M StepVisual:privinclude:StepVisual_BackgroundColour.ixx /dn43/OCCT/tmp/results_31.05.2011/occt/release-sources-20110531/drv/StepVisual/StepVisual_BackgroundColour.ixx
+M StepVisual:pubinclude:Handle_StepVisual_ColourSpecification.hxx /dn43/OCCT/tmp/results_31.05.2011/occt/release-sources-20110531/inc/Handle_StepVisual_ColourSpecification.hxx
+M StepVisual:pubinclude:StepVisual_ColourSpecification.hxx /dn43/OCCT/tmp/results_31.05.2011/occt/release-sources-20110531/inc/StepVisual_ColourSpecification.hxx
+M StepVisual:privinclude:StepVisual_ColourSpecification.jxx /dn43/OCCT/tmp/results_31.05.2011/occt/release-sources-20110531/drv/StepVisual/StepVisual_ColourSpecification.jxx
+M StepVisual:privinclude:StepVisual_ColourSpecification.ixx /dn43/OCCT/tmp/results_31.05.2011/occt/release-sources-20110531/drv/StepVisual/StepVisual_ColourSpecification.ixx
+M StepVisual:pubinclude:Handle_StepVisual_ColourRgb.hxx /dn43/OCCT/tmp/results_31.05.2011/occt/release-sources-20110531/inc/Handle_StepVisual_ColourRgb.hxx
+M StepVisual:pubinclude:StepVisual_ColourRgb.hxx /dn43/OCCT/tmp/results_31.05.2011/occt/release-sources-20110531/inc/StepVisual_ColourRgb.hxx
+M StepVisual:privinclude:StepVisual_ColourRgb.jxx /dn43/OCCT/tmp/results_31.05.2011/occt/release-sources-20110531/drv/StepVisual/StepVisual_ColourRgb.jxx
+M StepVisual:privinclude:StepVisual_ColourRgb.ixx /dn43/OCCT/tmp/results_31.05.2011/occt/release-sources-20110531/drv/StepVisual/StepVisual_ColourRgb.ixx
+M StepVisual:pubinclude:Handle_StepVisual_CurveStyle.hxx /dn43/OCCT/tmp/results_31.05.2011/occt/release-sources-20110531/inc/Handle_StepVisual_CurveStyle.hxx
+M StepVisual:pubinclude:StepVisual_CurveStyle.hxx /dn43/OCCT/tmp/results_31.05.2011/occt/release-sources-20110531/inc/StepVisual_CurveStyle.hxx
+M StepVisual:privinclude:StepVisual_CurveStyle.jxx /dn43/OCCT/tmp/results_31.05.2011/occt/release-sources-20110531/drv/StepVisual/StepVisual_CurveStyle.jxx
+M StepVisual:privinclude:StepVisual_CurveStyle.ixx /dn43/OCCT/tmp/results_31.05.2011/occt/release-sources-20110531/drv/StepVisual/StepVisual_CurveStyle.ixx
+M StepVisual:pubinclude:Handle_StepVisual_CurveStyleFont.hxx /dn43/OCCT/tmp/results_31.05.2011/occt/release-sources-20110531/inc/Handle_StepVisual_CurveStyleFont.hxx
+M StepVisual:pubinclude:StepVisual_CurveStyleFont.hxx /dn43/OCCT/tmp/results_31.05.2011/occt/release-sources-20110531/inc/StepVisual_CurveStyleFont.hxx
+M StepVisual:privinclude:StepVisual_CurveStyleFont.jxx /dn43/OCCT/tmp/results_31.05.2011/occt/release-sources-20110531/drv/StepVisual/StepVisual_CurveStyleFont.jxx
+M StepVisual:privinclude:StepVisual_CurveStyleFont.ixx /dn43/OCCT/tmp/results_31.05.2011/occt/release-sources-20110531/drv/StepVisual/StepVisual_CurveStyleFont.ixx
+M StepVisual:pubinclude:Handle_StepVisual_CurveStyleFontPattern.hxx /dn43/OCCT/tmp/results_31.05.2011/occt/release-sources-20110531/inc/Handle_StepVisual_CurveStyleFontPattern.hxx
+M StepVisual:pubinclude:StepVisual_CurveStyleFontPattern.hxx /dn43/OCCT/tmp/results_31.05.2011/occt/release-sources-20110531/inc/StepVisual_CurveStyleFontPattern.hxx
+M StepVisual:privinclude:StepVisual_CurveStyleFontPattern.jxx /dn43/OCCT/tmp/results_31.05.2011/occt/release-sources-20110531/drv/StepVisual/StepVisual_CurveStyleFontPattern.jxx
+M StepVisual:privinclude:StepVisual_CurveStyleFontPattern.ixx /dn43/OCCT/tmp/results_31.05.2011/occt/release-sources-20110531/drv/StepVisual/StepVisual_CurveStyleFontPattern.ixx
+M StepVisual:pubinclude:Handle_StepVisual_ExternallyDefinedCurveFont.hxx /dn43/OCCT/tmp/results_31.05.2011/occt/release-sources-20110531/inc/Handle_StepVisual_ExternallyDefinedCurveFont.hxx
+M StepVisual:pubinclude:StepVisual_ExternallyDefinedCurveFont.hxx /dn43/OCCT/tmp/results_31.05.2011/occt/release-sources-20110531/inc/StepVisual_ExternallyDefinedCurveFont.hxx
+M StepVisual:privinclude:StepVisual_ExternallyDefinedCurveFont.jxx /dn43/OCCT/tmp/results_31.05.2011/occt/release-sources-20110531/drv/StepVisual/StepVisual_ExternallyDefinedCurveFont.jxx
+M StepVisual:privinclude:StepVisual_ExternallyDefinedCurveFont.ixx /dn43/OCCT/tmp/results_31.05.2011/occt/release-sources-20110531/drv/StepVisual/StepVisual_ExternallyDefinedCurveFont.ixx
+M StepVisual:pubinclude:Handle_StepVisual_ExternallyDefinedTextFont.hxx /dn43/OCCT/tmp/results_31.05.2011/occt/release-sources-20110531/inc/Handle_StepVisual_ExternallyDefinedTextFont.hxx
+M StepVisual:pubinclude:StepVisual_ExternallyDefinedTextFont.hxx /dn43/OCCT/tmp/results_31.05.2011/occt/release-sources-20110531/inc/StepVisual_ExternallyDefinedTextFont.hxx
+M StepVisual:privinclude:StepVisual_ExternallyDefinedTextFont.jxx /dn43/OCCT/tmp/results_31.05.2011/occt/release-sources-20110531/drv/StepVisual/StepVisual_ExternallyDefinedTextFont.jxx
+M StepVisual:privinclude:StepVisual_ExternallyDefinedTextFont.ixx /dn43/OCCT/tmp/results_31.05.2011/occt/release-sources-20110531/drv/StepVisual/StepVisual_ExternallyDefinedTextFont.ixx
+M StepVisual:pubinclude:Handle_StepVisual_FillAreaStyle.hxx /dn43/OCCT/tmp/results_31.05.2011/occt/release-sources-20110531/inc/Handle_StepVisual_FillAreaStyle.hxx
+M StepVisual:pubinclude:StepVisual_FillAreaStyle.hxx /dn43/OCCT/tmp/results_31.05.2011/occt/release-sources-20110531/inc/StepVisual_FillAreaStyle.hxx
+M StepVisual:privinclude:StepVisual_FillAreaStyle.jxx /dn43/OCCT/tmp/results_31.05.2011/occt/release-sources-20110531/drv/StepVisual/StepVisual_FillAreaStyle.jxx
+M StepVisual:privinclude:StepVisual_FillAreaStyle.ixx /dn43/OCCT/tmp/results_31.05.2011/occt/release-sources-20110531/drv/StepVisual/StepVisual_FillAreaStyle.ixx
+M StepVisual:pubinclude:Handle_StepVisual_FillAreaStyleColour.hxx /dn43/OCCT/tmp/results_31.05.2011/occt/release-sources-20110531/inc/Handle_StepVisual_FillAreaStyleColour.hxx
+M StepVisual:pubinclude:StepVisual_FillAreaStyleColour.hxx /dn43/OCCT/tmp/results_31.05.2011/occt/release-sources-20110531/inc/StepVisual_FillAreaStyleColour.hxx
+M StepVisual:privinclude:StepVisual_FillAreaStyleColour.jxx /dn43/OCCT/tmp/results_31.05.2011/occt/release-sources-20110531/drv/StepVisual/StepVisual_FillAreaStyleColour.jxx
+M StepVisual:privinclude:StepVisual_FillAreaStyleColour.ixx /dn43/OCCT/tmp/results_31.05.2011/occt/release-sources-20110531/drv/StepVisual/StepVisual_FillAreaStyleColour.ixx
+M StepVisual:pubinclude:Handle_StepVisual_Invisibility.hxx /dn43/OCCT/tmp/results_31.05.2011/occt/release-sources-20110531/inc/Handle_StepVisual_Invisibility.hxx
+M StepVisual:pubinclude:StepVisual_Invisibility.hxx /dn43/OCCT/tmp/results_31.05.2011/occt/release-sources-20110531/inc/StepVisual_Invisibility.hxx
+M StepVisual:privinclude:StepVisual_Invisibility.jxx /dn43/OCCT/tmp/results_31.05.2011/occt/release-sources-20110531/drv/StepVisual/StepVisual_Invisibility.jxx
+M StepVisual:privinclude:StepVisual_Invisibility.ixx /dn43/OCCT/tmp/results_31.05.2011/occt/release-sources-20110531/drv/StepVisual/StepVisual_Invisibility.ixx
+M StepVisual:pubinclude:Handle_StepVisual_ContextDependentInvisibility.hxx /dn43/OCCT/tmp/results_31.05.2011/occt/release-sources-20110531/inc/Handle_StepVisual_ContextDependentInvisibility.hxx
+M StepVisual:pubinclude:StepVisual_ContextDependentInvisibility.hxx /dn43/OCCT/tmp/results_31.05.2011/occt/release-sources-20110531/inc/StepVisual_ContextDependentInvisibility.hxx
+M StepVisual:privinclude:StepVisual_ContextDependentInvisibility.jxx /dn43/OCCT/tmp/results_31.05.2011/occt/release-sources-20110531/drv/StepVisual/StepVisual_ContextDependentInvisibility.jxx
+M StepVisual:privinclude:StepVisual_ContextDependentInvisibility.ixx /dn43/OCCT/tmp/results_31.05.2011/occt/release-sources-20110531/drv/StepVisual/StepVisual_ContextDependentInvisibility.ixx
+M StepVisual:pubinclude:Handle_StepVisual_PointStyle.hxx /dn43/OCCT/tmp/results_31.05.2011/occt/release-sources-20110531/inc/Handle_StepVisual_PointStyle.hxx
+M StepVisual:pubinclude:StepVisual_PointStyle.hxx /dn43/OCCT/tmp/results_31.05.2011/occt/release-sources-20110531/inc/StepVisual_PointStyle.hxx
+M StepVisual:privinclude:StepVisual_PointStyle.jxx /dn43/OCCT/tmp/results_31.05.2011/occt/release-sources-20110531/drv/StepVisual/StepVisual_PointStyle.jxx
+M StepVisual:privinclude:StepVisual_PointStyle.ixx /dn43/OCCT/tmp/results_31.05.2011/occt/release-sources-20110531/drv/StepVisual/StepVisual_PointStyle.ixx
+M StepVisual:pubinclude:Handle_StepVisual_PreDefinedItem.hxx /dn43/OCCT/tmp/results_31.05.2011/occt/release-sources-20110531/inc/Handle_StepVisual_PreDefinedItem.hxx
+M StepVisual:pubinclude:StepVisual_PreDefinedItem.hxx /dn43/OCCT/tmp/results_31.05.2011/occt/release-sources-20110531/inc/StepVisual_PreDefinedItem.hxx
+M StepVisual:privinclude:StepVisual_PreDefinedItem.jxx /dn43/OCCT/tmp/results_31.05.2011/occt/release-sources-20110531/drv/StepVisual/StepVisual_PreDefinedItem.jxx
+M StepVisual:privinclude:StepVisual_PreDefinedItem.ixx /dn43/OCCT/tmp/results_31.05.2011/occt/release-sources-20110531/drv/StepVisual/StepVisual_PreDefinedItem.ixx
+M StepVisual:pubinclude:Handle_StepVisual_PreDefinedColour.hxx /dn43/OCCT/tmp/results_31.05.2011/occt/release-sources-20110531/inc/Handle_StepVisual_PreDefinedColour.hxx
+M StepVisual:pubinclude:StepVisual_PreDefinedColour.hxx /dn43/OCCT/tmp/results_31.05.2011/occt/release-sources-20110531/inc/StepVisual_PreDefinedColour.hxx
+M StepVisual:privinclude:StepVisual_PreDefinedColour.jxx /dn43/OCCT/tmp/results_31.05.2011/occt/release-sources-20110531/drv/StepVisual/StepVisual_PreDefinedColour.jxx
+M StepVisual:privinclude:StepVisual_PreDefinedColour.ixx /dn43/OCCT/tmp/results_31.05.2011/occt/release-sources-20110531/drv/StepVisual/StepVisual_PreDefinedColour.ixx
+M StepVisual:pubinclude:Handle_StepVisual_DraughtingPreDefinedColour.hxx /dn43/OCCT/tmp/results_31.05.2011/occt/release-sources-20110531/inc/Handle_StepVisual_DraughtingPreDefinedColour.hxx
+M StepVisual:pubinclude:StepVisual_DraughtingPreDefinedColour.hxx /dn43/OCCT/tmp/results_31.05.2011/occt/release-sources-20110531/inc/StepVisual_DraughtingPreDefinedColour.hxx
+M StepVisual:privinclude:StepVisual_DraughtingPreDefinedColour.jxx /dn43/OCCT/tmp/results_31.05.2011/occt/release-sources-20110531/drv/StepVisual/StepVisual_DraughtingPreDefinedColour.jxx
+M StepVisual:privinclude:StepVisual_DraughtingPreDefinedColour.ixx /dn43/OCCT/tmp/results_31.05.2011/occt/release-sources-20110531/drv/StepVisual/StepVisual_DraughtingPreDefinedColour.ixx
+M StepVisual:pubinclude:Handle_StepVisual_PreDefinedCurveFont.hxx /dn43/OCCT/tmp/results_31.05.2011/occt/release-sources-20110531/inc/Handle_StepVisual_PreDefinedCurveFont.hxx
+M StepVisual:pubinclude:StepVisual_PreDefinedCurveFont.hxx /dn43/OCCT/tmp/results_31.05.2011/occt/release-sources-20110531/inc/StepVisual_PreDefinedCurveFont.hxx
+M StepVisual:privinclude:StepVisual_PreDefinedCurveFont.jxx /dn43/OCCT/tmp/results_31.05.2011/occt/release-sources-20110531/drv/StepVisual/StepVisual_PreDefinedCurveFont.jxx
+M StepVisual:privinclude:StepVisual_PreDefinedCurveFont.ixx /dn43/OCCT/tmp/results_31.05.2011/occt/release-sources-20110531/drv/StepVisual/StepVisual_PreDefinedCurveFont.ixx
+M StepVisual:pubinclude:Handle_StepVisual_DraughtingPreDefinedCurveFont.hxx /dn43/OCCT/tmp/results_31.05.2011/occt/release-sources-20110531/inc/Handle_StepVisual_DraughtingPreDefinedCurveFont.hxx
+M StepVisual:pubinclude:StepVisual_DraughtingPreDefinedCurveFont.hxx /dn43/OCCT/tmp/results_31.05.2011/occt/release-sources-20110531/inc/StepVisual_DraughtingPreDefinedCurveFont.hxx
+M StepVisual:privinclude:StepVisual_DraughtingPreDefinedCurveFont.jxx /dn43/OCCT/tmp/results_31.05.2011/occt/release-sources-20110531/drv/StepVisual/StepVisual_DraughtingPreDefinedCurveFont.jxx
+M StepVisual:privinclude:StepVisual_DraughtingPreDefinedCurveFont.ixx /dn43/OCCT/tmp/results_31.05.2011/occt/release-sources-20110531/drv/StepVisual/StepVisual_DraughtingPreDefinedCurveFont.ixx
+M StepVisual:pubinclude:Handle_StepVisual_DraughtingModel.hxx /dn43/OCCT/tmp/results_31.05.2011/occt/release-sources-20110531/inc/Handle_StepVisual_DraughtingModel.hxx
+M StepVisual:pubinclude:StepVisual_DraughtingModel.hxx /dn43/OCCT/tmp/results_31.05.2011/occt/release-sources-20110531/inc/StepVisual_DraughtingModel.hxx
+M StepVisual:privinclude:StepVisual_DraughtingModel.jxx /dn43/OCCT/tmp/results_31.05.2011/occt/release-sources-20110531/drv/StepVisual/StepVisual_DraughtingModel.jxx
+M StepVisual:privinclude:StepVisual_DraughtingModel.ixx /dn43/OCCT/tmp/results_31.05.2011/occt/release-sources-20110531/drv/StepVisual/StepVisual_DraughtingModel.ixx
+M StepVisual:pubinclude:Handle_StepVisual_PreDefinedTextFont.hxx /dn43/OCCT/tmp/results_31.05.2011/occt/release-sources-20110531/inc/Handle_StepVisual_PreDefinedTextFont.hxx
+M StepVisual:pubinclude:StepVisual_PreDefinedTextFont.hxx /dn43/OCCT/tmp/results_31.05.2011/occt/release-sources-20110531/inc/StepVisual_PreDefinedTextFont.hxx
+M StepVisual:privinclude:StepVisual_PreDefinedTextFont.jxx /dn43/OCCT/tmp/results_31.05.2011/occt/release-sources-20110531/drv/StepVisual/StepVisual_PreDefinedTextFont.jxx
+M StepVisual:privinclude:StepVisual_PreDefinedTextFont.ixx /dn43/OCCT/tmp/results_31.05.2011/occt/release-sources-20110531/drv/StepVisual/StepVisual_PreDefinedTextFont.ixx
+M StepVisual:pubinclude:Handle_StepVisual_PresentationLayerAssignment.hxx /dn43/OCCT/tmp/results_31.05.2011/occt/release-sources-20110531/inc/Handle_StepVisual_PresentationLayerAssignment.hxx
+M StepVisual:pubinclude:StepVisual_PresentationLayerAssignment.hxx /dn43/OCCT/tmp/results_31.05.2011/occt/release-sources-20110531/inc/StepVisual_PresentationLayerAssignment.hxx
+M StepVisual:privinclude:StepVisual_PresentationLayerAssignment.jxx /dn43/OCCT/tmp/results_31.05.2011/occt/release-sources-20110531/drv/StepVisual/StepVisual_PresentationLayerAssignment.jxx
+M StepVisual:privinclude:StepVisual_PresentationLayerAssignment.ixx /dn43/OCCT/tmp/results_31.05.2011/occt/release-sources-20110531/drv/StepVisual/StepVisual_PresentationLayerAssignment.ixx
+M StepVisual:pubinclude:Handle_StepVisual_PresentationSet.hxx /dn43/OCCT/tmp/results_31.05.2011/occt/release-sources-20110531/inc/Handle_StepVisual_PresentationSet.hxx
+M StepVisual:pubinclude:StepVisual_PresentationSet.hxx /dn43/OCCT/tmp/results_31.05.2011/occt/release-sources-20110531/inc/StepVisual_PresentationSet.hxx
+M StepVisual:privinclude:StepVisual_PresentationSet.jxx /dn43/OCCT/tmp/results_31.05.2011/occt/release-sources-20110531/drv/StepVisual/StepVisual_PresentationSet.jxx
+M StepVisual:privinclude:StepVisual_PresentationSet.ixx /dn43/OCCT/tmp/results_31.05.2011/occt/release-sources-20110531/drv/StepVisual/StepVisual_PresentationSet.ixx
+M StepVisual:pubinclude:Handle_StepVisual_PresentationSize.hxx /dn43/OCCT/tmp/results_31.05.2011/occt/release-sources-20110531/inc/Handle_StepVisual_PresentationSize.hxx
+M StepVisual:pubinclude:StepVisual_PresentationSize.hxx /dn43/OCCT/tmp/results_31.05.2011/occt/release-sources-20110531/inc/StepVisual_PresentationSize.hxx
+M StepVisual:privinclude:StepVisual_PresentationSize.jxx /dn43/OCCT/tmp/results_31.05.2011/occt/release-sources-20110531/drv/StepVisual/StepVisual_PresentationSize.jxx
+M StepVisual:privinclude:StepVisual_PresentationSize.ixx /dn43/OCCT/tmp/results_31.05.2011/occt/release-sources-20110531/drv/StepVisual/StepVisual_PresentationSize.ixx
+M StepVisual:pubinclude:Handle_StepVisual_PresentationStyleAssignment.hxx /dn43/OCCT/tmp/results_31.05.2011/occt/release-sources-20110531/inc/Handle_StepVisual_PresentationStyleAssignment.hxx
+M StepVisual:pubinclude:StepVisual_PresentationStyleAssignment.hxx /dn43/OCCT/tmp/results_31.05.2011/occt/release-sources-20110531/inc/StepVisual_PresentationStyleAssignment.hxx
+M StepVisual:privinclude:StepVisual_PresentationStyleAssignment.jxx /dn43/OCCT/tmp/results_31.05.2011/occt/release-sources-20110531/drv/StepVisual/StepVisual_PresentationStyleAssignment.jxx
+M StepVisual:privinclude:StepVisual_PresentationStyleAssignment.ixx /dn43/OCCT/tmp/results_31.05.2011/occt/release-sources-20110531/drv/StepVisual/StepVisual_PresentationStyleAssignment.ixx
+M StepVisual:pubinclude:Handle_StepVisual_PresentationStyleByContext.hxx /dn43/OCCT/tmp/results_31.05.2011/occt/release-sources-20110531/inc/Handle_StepVisual_PresentationStyleByContext.hxx
+M StepVisual:pubinclude:StepVisual_PresentationStyleByContext.hxx /dn43/OCCT/tmp/results_31.05.2011/occt/release-sources-20110531/inc/StepVisual_PresentationStyleByContext.hxx
+M StepVisual:privinclude:StepVisual_PresentationStyleByContext.jxx /dn43/OCCT/tmp/results_31.05.2011/occt/release-sources-20110531/drv/StepVisual/StepVisual_PresentationStyleByContext.jxx
+M StepVisual:privinclude:StepVisual_PresentationStyleByContext.ixx /dn43/OCCT/tmp/results_31.05.2011/occt/release-sources-20110531/drv/StepVisual/StepVisual_PresentationStyleByContext.ixx
+M StepVisual:pubinclude:Handle_StepVisual_PresentedItem.hxx /dn43/OCCT/tmp/results_31.05.2011/occt/release-sources-20110531/inc/Handle_StepVisual_PresentedItem.hxx
+M StepVisual:pubinclude:StepVisual_PresentedItem.hxx /dn43/OCCT/tmp/results_31.05.2011/occt/release-sources-20110531/inc/StepVisual_PresentedItem.hxx
+M StepVisual:privinclude:StepVisual_PresentedItem.jxx /dn43/OCCT/tmp/results_31.05.2011/occt/release-sources-20110531/drv/StepVisual/StepVisual_PresentedItem.jxx
+M StepVisual:privinclude:StepVisual_PresentedItem.ixx /dn43/OCCT/tmp/results_31.05.2011/occt/release-sources-20110531/drv/StepVisual/StepVisual_PresentedItem.ixx
+M StepVisual:pubinclude:Handle_StepVisual_PresentationRepresentation.hxx /dn43/OCCT/tmp/results_31.05.2011/occt/release-sources-20110531/inc/Handle_StepVisual_PresentationRepresentation.hxx
+M StepVisual:pubinclude:StepVisual_PresentationRepresentation.hxx /dn43/OCCT/tmp/results_31.05.2011/occt/release-sources-20110531/inc/StepVisual_PresentationRepresentation.hxx
+M StepVisual:privinclude:StepVisual_PresentationRepresentation.jxx /dn43/OCCT/tmp/results_31.05.2011/occt/release-sources-20110531/drv/StepVisual/StepVisual_PresentationRepresentation.jxx
+M StepVisual:privinclude:StepVisual_PresentationRepresentation.ixx /dn43/OCCT/tmp/results_31.05.2011/occt/release-sources-20110531/drv/StepVisual/StepVisual_PresentationRepresentation.ixx
+M StepVisual:pubinclude:Handle_StepVisual_MechanicalDesignGeometricPresentationRepresentation.hxx /dn43/OCCT/tmp/results_31.05.2011/occt/release-sources-20110531/inc/Handle_StepVisual_MechanicalDesignGeometricPresentationRepresentation.hxx
+M StepVisual:pubinclude:StepVisual_MechanicalDesignGeometricPresentationRepresentation.hxx /dn43/OCCT/tmp/results_31.05.2011/occt/release-sources-20110531/inc/StepVisual_MechanicalDesignGeometricPresentationRepresentation.hxx
+M StepVisual:privinclude:StepVisual_MechanicalDesignGeometricPresentationRepresentation.jxx /dn43/OCCT/tmp/results_31.05.2011/occt/release-sources-20110531/drv/StepVisual/StepVisual_MechanicalDesignGeometricPresentationRepresentation.jxx
+M StepVisual:privinclude:StepVisual_MechanicalDesignGeometricPresentationRepresentation.ixx /dn43/OCCT/tmp/results_31.05.2011/occt/release-sources-20110531/drv/StepVisual/StepVisual_MechanicalDesignGeometricPresentationRepresentation.ixx
+M StepVisual:pubinclude:Handle_StepVisual_PresentationArea.hxx /dn43/OCCT/tmp/results_31.05.2011/occt/release-sources-20110531/inc/Handle_StepVisual_PresentationArea.hxx
+M StepVisual:pubinclude:StepVisual_PresentationArea.hxx /dn43/OCCT/tmp/results_31.05.2011/occt/release-sources-20110531/inc/StepVisual_PresentationArea.hxx
+M StepVisual:privinclude:StepVisual_PresentationArea.jxx /dn43/OCCT/tmp/results_31.05.2011/occt/release-sources-20110531/drv/StepVisual/StepVisual_PresentationArea.jxx
+M StepVisual:privinclude:StepVisual_PresentationArea.ixx /dn43/OCCT/tmp/results_31.05.2011/occt/release-sources-20110531/drv/StepVisual/StepVisual_PresentationArea.ixx
+M StepVisual:pubinclude:Handle_StepVisual_MechanicalDesignGeometricPresentationArea.hxx /dn43/OCCT/tmp/results_31.05.2011/occt/release-sources-20110531/inc/Handle_StepVisual_MechanicalDesignGeometricPresentationArea.hxx
+M StepVisual:pubinclude:StepVisual_MechanicalDesignGeometricPresentationArea.hxx /dn43/OCCT/tmp/results_31.05.2011/occt/release-sources-20110531/inc/StepVisual_MechanicalDesignGeometricPresentationArea.hxx
+M StepVisual:privinclude:StepVisual_MechanicalDesignGeometricPresentationArea.jxx /dn43/OCCT/tmp/results_31.05.2011/occt/release-sources-20110531/drv/StepVisual/StepVisual_MechanicalDesignGeometricPresentationArea.jxx
+M StepVisual:privinclude:StepVisual_MechanicalDesignGeometricPresentationArea.ixx /dn43/OCCT/tmp/results_31.05.2011/occt/release-sources-20110531/drv/StepVisual/StepVisual_MechanicalDesignGeometricPresentationArea.ixx
+M StepVisual:pubinclude:Handle_StepVisual_PresentationView.hxx /dn43/OCCT/tmp/results_31.05.2011/occt/release-sources-20110531/inc/Handle_StepVisual_PresentationView.hxx
+M StepVisual:pubinclude:StepVisual_PresentationView.hxx /dn43/OCCT/tmp/results_31.05.2011/occt/release-sources-20110531/inc/StepVisual_PresentationView.hxx
+M StepVisual:privinclude:StepVisual_PresentationView.jxx /dn43/OCCT/tmp/results_31.05.2011/occt/release-sources-20110531/drv/StepVisual/StepVisual_PresentationView.jxx
+M StepVisual:privinclude:StepVisual_PresentationView.ixx /dn43/OCCT/tmp/results_31.05.2011/occt/release-sources-20110531/drv/StepVisual/StepVisual_PresentationView.ixx
+M StepVisual:pubinclude:Handle_StepVisual_Template.hxx /dn43/OCCT/tmp/results_31.05.2011/occt/release-sources-20110531/inc/Handle_StepVisual_Template.hxx
+M StepVisual:pubinclude:StepVisual_Template.hxx /dn43/OCCT/tmp/results_31.05.2011/occt/release-sources-20110531/inc/StepVisual_Template.hxx
+M StepVisual:privinclude:StepVisual_Template.jxx /dn43/OCCT/tmp/results_31.05.2011/occt/release-sources-20110531/drv/StepVisual/StepVisual_Template.jxx
+M StepVisual:privinclude:StepVisual_Template.ixx /dn43/OCCT/tmp/results_31.05.2011/occt/release-sources-20110531/drv/StepVisual/StepVisual_Template.ixx
+M StepVisual:pubinclude:Handle_StepVisual_CameraModel.hxx /dn43/OCCT/tmp/results_31.05.2011/occt/release-sources-20110531/inc/Handle_StepVisual_CameraModel.hxx
+M StepVisual:pubinclude:StepVisual_CameraModel.hxx /dn43/OCCT/tmp/results_31.05.2011/occt/release-sources-20110531/inc/StepVisual_CameraModel.hxx
+M StepVisual:privinclude:StepVisual_CameraModel.jxx /dn43/OCCT/tmp/results_31.05.2011/occt/release-sources-20110531/drv/StepVisual/StepVisual_CameraModel.jxx
+M StepVisual:privinclude:StepVisual_CameraModel.ixx /dn43/OCCT/tmp/results_31.05.2011/occt/release-sources-20110531/drv/StepVisual/StepVisual_CameraModel.ixx
+M StepVisual:pubinclude:Handle_StepVisual_CameraModelD2.hxx /dn43/OCCT/tmp/results_31.05.2011/occt/release-sources-20110531/inc/Handle_StepVisual_CameraModelD2.hxx
+M StepVisual:pubinclude:StepVisual_CameraModelD2.hxx /dn43/OCCT/tmp/results_31.05.2011/occt/release-sources-20110531/inc/StepVisual_CameraModelD2.hxx
+M StepVisual:privinclude:StepVisual_CameraModelD2.jxx /dn43/OCCT/tmp/results_31.05.2011/occt/release-sources-20110531/drv/StepVisual/StepVisual_CameraModelD2.jxx
+M StepVisual:privinclude:StepVisual_CameraModelD2.ixx /dn43/OCCT/tmp/results_31.05.2011/occt/release-sources-20110531/drv/StepVisual/StepVisual_CameraModelD2.ixx
+M StepVisual:pubinclude:Handle_StepVisual_CameraModelD3.hxx /dn43/OCCT/tmp/results_31.05.2011/occt/release-sources-20110531/inc/Handle_StepVisual_CameraModelD3.hxx
+M StepVisual:pubinclude:StepVisual_CameraModelD3.hxx /dn43/OCCT/tmp/results_31.05.2011/occt/release-sources-20110531/inc/StepVisual_CameraModelD3.hxx
+M StepVisual:privinclude:StepVisual_CameraModelD3.jxx /dn43/OCCT/tmp/results_31.05.2011/occt/release-sources-20110531/drv/StepVisual/StepVisual_CameraModelD3.jxx
+M StepVisual:privinclude:StepVisual_CameraModelD3.ixx /dn43/OCCT/tmp/results_31.05.2011/occt/release-sources-20110531/drv/StepVisual/StepVisual_CameraModelD3.ixx
+M StepVisual:pubinclude:Handle_StepVisual_CompositeText.hxx /dn43/OCCT/tmp/results_31.05.2011/occt/release-sources-20110531/inc/Handle_StepVisual_CompositeText.hxx
+M StepVisual:pubinclude:StepVisual_CompositeText.hxx /dn43/OCCT/tmp/results_31.05.2011/occt/release-sources-20110531/inc/StepVisual_CompositeText.hxx
+M StepVisual:privinclude:StepVisual_CompositeText.jxx /dn43/OCCT/tmp/results_31.05.2011/occt/release-sources-20110531/drv/StepVisual/StepVisual_CompositeText.jxx
+M StepVisual:privinclude:StepVisual_CompositeText.ixx /dn43/OCCT/tmp/results_31.05.2011/occt/release-sources-20110531/drv/StepVisual/StepVisual_CompositeText.ixx
+M StepVisual:pubinclude:Handle_StepVisual_CompositeTextWithExtent.hxx /dn43/OCCT/tmp/results_31.05.2011/occt/release-sources-20110531/inc/Handle_StepVisual_CompositeTextWithExtent.hxx
+M StepVisual:pubinclude:StepVisual_CompositeTextWithExtent.hxx /dn43/OCCT/tmp/results_31.05.2011/occt/release-sources-20110531/inc/StepVisual_CompositeTextWithExtent.hxx
+M StepVisual:privinclude:StepVisual_CompositeTextWithExtent.jxx /dn43/OCCT/tmp/results_31.05.2011/occt/release-sources-20110531/drv/StepVisual/StepVisual_CompositeTextWithExtent.jxx
+M StepVisual:privinclude:StepVisual_CompositeTextWithExtent.ixx /dn43/OCCT/tmp/results_31.05.2011/occt/release-sources-20110531/drv/StepVisual/StepVisual_CompositeTextWithExtent.ixx
+M StepVisual:pubinclude:Handle_StepVisual_PlanarExtent.hxx /dn43/OCCT/tmp/results_31.05.2011/occt/release-sources-20110531/inc/Handle_StepVisual_PlanarExtent.hxx
+M StepVisual:pubinclude:StepVisual_PlanarExtent.hxx /dn43/OCCT/tmp/results_31.05.2011/occt/release-sources-20110531/inc/StepVisual_PlanarExtent.hxx
+M StepVisual:privinclude:StepVisual_PlanarExtent.jxx /dn43/OCCT/tmp/results_31.05.2011/occt/release-sources-20110531/drv/StepVisual/StepVisual_PlanarExtent.jxx
+M StepVisual:privinclude:StepVisual_PlanarExtent.ixx /dn43/OCCT/tmp/results_31.05.2011/occt/release-sources-20110531/drv/StepVisual/StepVisual_PlanarExtent.ixx
+M StepVisual:pubinclude:Handle_StepVisual_PlanarBox.hxx /dn43/OCCT/tmp/results_31.05.2011/occt/release-sources-20110531/inc/Handle_StepVisual_PlanarBox.hxx
+M StepVisual:pubinclude:StepVisual_PlanarBox.hxx /dn43/OCCT/tmp/results_31.05.2011/occt/release-sources-20110531/inc/StepVisual_PlanarBox.hxx
+M StepVisual:privinclude:StepVisual_PlanarBox.jxx /dn43/OCCT/tmp/results_31.05.2011/occt/release-sources-20110531/drv/StepVisual/StepVisual_PlanarBox.jxx
+M StepVisual:privinclude:StepVisual_PlanarBox.ixx /dn43/OCCT/tmp/results_31.05.2011/occt/release-sources-20110531/drv/StepVisual/StepVisual_PlanarBox.ixx
+M StepVisual:pubinclude:Handle_StepVisual_TextLiteral.hxx /dn43/OCCT/tmp/results_31.05.2011/occt/release-sources-20110531/inc/Handle_StepVisual_TextLiteral.hxx
+M StepVisual:pubinclude:StepVisual_TextLiteral.hxx /dn43/OCCT/tmp/results_31.05.2011/occt/release-sources-20110531/inc/StepVisual_TextLiteral.hxx
+M StepVisual:privinclude:StepVisual_TextLiteral.jxx /dn43/OCCT/tmp/results_31.05.2011/occt/release-sources-20110531/drv/StepVisual/StepVisual_TextLiteral.jxx
+M StepVisual:privinclude:StepVisual_TextLiteral.ixx /dn43/OCCT/tmp/results_31.05.2011/occt/release-sources-20110531/drv/StepVisual/StepVisual_TextLiteral.ixx
+M StepVisual:pubinclude:Handle_StepVisual_AnnotationText.hxx /dn43/OCCT/tmp/results_31.05.2011/occt/release-sources-20110531/inc/Handle_StepVisual_AnnotationText.hxx
+M StepVisual:pubinclude:StepVisual_AnnotationText.hxx /dn43/OCCT/tmp/results_31.05.2011/occt/release-sources-20110531/inc/StepVisual_AnnotationText.hxx
+M StepVisual:privinclude:StepVisual_AnnotationText.jxx /dn43/OCCT/tmp/results_31.05.2011/occt/release-sources-20110531/drv/StepVisual/StepVisual_AnnotationText.jxx
+M StepVisual:privinclude:StepVisual_AnnotationText.ixx /dn43/OCCT/tmp/results_31.05.2011/occt/release-sources-20110531/drv/StepVisual/StepVisual_AnnotationText.ixx
+M StepVisual:pubinclude:Handle_StepVisual_CameraImage.hxx /dn43/OCCT/tmp/results_31.05.2011/occt/release-sources-20110531/inc/Handle_StepVisual_CameraImage.hxx
+M StepVisual:pubinclude:StepVisual_CameraImage.hxx /dn43/OCCT/tmp/results_31.05.2011/occt/release-sources-20110531/inc/StepVisual_CameraImage.hxx
+M StepVisual:privinclude:StepVisual_CameraImage.jxx /dn43/OCCT/tmp/results_31.05.2011/occt/release-sources-20110531/drv/StepVisual/StepVisual_CameraImage.jxx
+M StepVisual:privinclude:StepVisual_CameraImage.ixx /dn43/OCCT/tmp/results_31.05.2011/occt/release-sources-20110531/drv/StepVisual/StepVisual_CameraImage.ixx
+M StepVisual:pubinclude:Handle_StepVisual_TemplateInstance.hxx /dn43/OCCT/tmp/results_31.05.2011/occt/release-sources-20110531/inc/Handle_StepVisual_TemplateInstance.hxx
+M StepVisual:pubinclude:StepVisual_TemplateInstance.hxx /dn43/OCCT/tmp/results_31.05.2011/occt/release-sources-20110531/inc/StepVisual_TemplateInstance.hxx
+M StepVisual:privinclude:StepVisual_TemplateInstance.jxx /dn43/OCCT/tmp/results_31.05.2011/occt/release-sources-20110531/drv/StepVisual/StepVisual_TemplateInstance.jxx
+M StepVisual:privinclude:StepVisual_TemplateInstance.ixx /dn43/OCCT/tmp/results_31.05.2011/occt/release-sources-20110531/drv/StepVisual/StepVisual_TemplateInstance.ixx
+M StepVisual:pubinclude:Handle_StepVisual_StyledItem.hxx /dn43/OCCT/tmp/results_31.05.2011/occt/release-sources-20110531/inc/Handle_StepVisual_StyledItem.hxx
+M StepVisual:pubinclude:StepVisual_StyledItem.hxx /dn43/OCCT/tmp/results_31.05.2011/occt/release-sources-20110531/inc/StepVisual_StyledItem.hxx
+M StepVisual:privinclude:StepVisual_StyledItem.jxx /dn43/OCCT/tmp/results_31.05.2011/occt/release-sources-20110531/drv/StepVisual/StepVisual_StyledItem.jxx
+M StepVisual:privinclude:StepVisual_StyledItem.ixx /dn43/OCCT/tmp/results_31.05.2011/occt/release-sources-20110531/drv/StepVisual/StepVisual_StyledItem.ixx
+M StepVisual:pubinclude:Handle_StepVisual_AnnotationOccurrence.hxx /dn43/OCCT/tmp/results_31.05.2011/occt/release-sources-20110531/inc/Handle_StepVisual_AnnotationOccurrence.hxx
+M StepVisual:pubinclude:StepVisual_AnnotationOccurrence.hxx /dn43/OCCT/tmp/results_31.05.2011/occt/release-sources-20110531/inc/StepVisual_AnnotationOccurrence.hxx
+M StepVisual:privinclude:StepVisual_AnnotationOccurrence.jxx /dn43/OCCT/tmp/results_31.05.2011/occt/release-sources-20110531/drv/StepVisual/StepVisual_AnnotationOccurrence.jxx
+M StepVisual:privinclude:StepVisual_AnnotationOccurrence.ixx /dn43/OCCT/tmp/results_31.05.2011/occt/release-sources-20110531/drv/StepVisual/StepVisual_AnnotationOccurrence.ixx
+M StepVisual:pubinclude:Handle_StepVisual_AnnotationTextOccurrence.hxx /dn43/OCCT/tmp/results_31.05.2011/occt/release-sources-20110531/inc/Handle_StepVisual_AnnotationTextOccurrence.hxx
+M StepVisual:pubinclude:StepVisual_AnnotationTextOccurrence.hxx /dn43/OCCT/tmp/results_31.05.2011/occt/release-sources-20110531/inc/StepVisual_AnnotationTextOccurrence.hxx
+M StepVisual:privinclude:StepVisual_AnnotationTextOccurrence.jxx /dn43/OCCT/tmp/results_31.05.2011/occt/release-sources-20110531/drv/StepVisual/StepVisual_AnnotationTextOccurrence.jxx
+M StepVisual:privinclude:StepVisual_AnnotationTextOccurrence.ixx /dn43/OCCT/tmp/results_31.05.2011/occt/release-sources-20110531/drv/StepVisual/StepVisual_AnnotationTextOccurrence.ixx
+M StepVisual:pubinclude:Handle_StepVisual_DraughtingAnnotationOccurrence.hxx /dn43/OCCT/tmp/results_31.05.2011/occt/release-sources-20110531/inc/Handle_StepVisual_DraughtingAnnotationOccurrence.hxx
+M StepVisual:pubinclude:StepVisual_DraughtingAnnotationOccurrence.hxx /dn43/OCCT/tmp/results_31.05.2011/occt/release-sources-20110531/inc/StepVisual_DraughtingAnnotationOccurrence.hxx
+M StepVisual:privinclude:StepVisual_DraughtingAnnotationOccurrence.jxx /dn43/OCCT/tmp/results_31.05.2011/occt/release-sources-20110531/drv/StepVisual/StepVisual_DraughtingAnnotationOccurrence.jxx
+M StepVisual:privinclude:StepVisual_DraughtingAnnotationOccurrence.ixx /dn43/OCCT/tmp/results_31.05.2011/occt/release-sources-20110531/drv/StepVisual/StepVisual_DraughtingAnnotationOccurrence.ixx
+M StepVisual:pubinclude:Handle_StepVisual_OverRidingStyledItem.hxx /dn43/OCCT/tmp/results_31.05.2011/occt/release-sources-20110531/inc/Handle_StepVisual_OverRidingStyledItem.hxx
+M StepVisual:pubinclude:StepVisual_OverRidingStyledItem.hxx /dn43/OCCT/tmp/results_31.05.2011/occt/release-sources-20110531/inc/StepVisual_OverRidingStyledItem.hxx
+M StepVisual:privinclude:StepVisual_OverRidingStyledItem.jxx /dn43/OCCT/tmp/results_31.05.2011/occt/release-sources-20110531/drv/StepVisual/StepVisual_OverRidingStyledItem.jxx
+M StepVisual:privinclude:StepVisual_OverRidingStyledItem.ixx /dn43/OCCT/tmp/results_31.05.2011/occt/release-sources-20110531/drv/StepVisual/StepVisual_OverRidingStyledItem.ixx
+M StepVisual:pubinclude:Handle_StepVisual_ContextDependentOverRidingStyledItem.hxx /dn43/OCCT/tmp/results_31.05.2011/occt/release-sources-20110531/inc/Handle_StepVisual_ContextDependentOverRidingStyledItem.hxx
+M StepVisual:pubinclude:StepVisual_ContextDependentOverRidingStyledItem.hxx /dn43/OCCT/tmp/results_31.05.2011/occt/release-sources-20110531/inc/StepVisual_ContextDependentOverRidingStyledItem.hxx
+M StepVisual:privinclude:StepVisual_ContextDependentOverRidingStyledItem.jxx /dn43/OCCT/tmp/results_31.05.2011/occt/release-sources-20110531/drv/StepVisual/StepVisual_ContextDependentOverRidingStyledItem.jxx
+M StepVisual:privinclude:StepVisual_ContextDependentOverRidingStyledItem.ixx /dn43/OCCT/tmp/results_31.05.2011/occt/release-sources-20110531/drv/StepVisual/StepVisual_ContextDependentOverRidingStyledItem.ixx
+M StepVisual:pubinclude:Handle_StepVisual_CameraUsage.hxx /dn43/OCCT/tmp/results_31.05.2011/occt/release-sources-20110531/inc/Handle_StepVisual_CameraUsage.hxx
+M StepVisual:pubinclude:StepVisual_CameraUsage.hxx /dn43/OCCT/tmp/results_31.05.2011/occt/release-sources-20110531/inc/StepVisual_CameraUsage.hxx
+M StepVisual:privinclude:StepVisual_CameraUsage.jxx /dn43/OCCT/tmp/results_31.05.2011/occt/release-sources-20110531/drv/StepVisual/StepVisual_CameraUsage.jxx
+M StepVisual:privinclude:StepVisual_CameraUsage.ixx /dn43/OCCT/tmp/results_31.05.2011/occt/release-sources-20110531/drv/StepVisual/StepVisual_CameraUsage.ixx
+M StepVisual:pubinclude:Handle_StepVisual_SurfaceSideStyle.hxx /dn43/OCCT/tmp/results_31.05.2011/occt/release-sources-20110531/inc/Handle_StepVisual_SurfaceSideStyle.hxx
+M StepVisual:pubinclude:StepVisual_SurfaceSideStyle.hxx /dn43/OCCT/tmp/results_31.05.2011/occt/release-sources-20110531/inc/StepVisual_SurfaceSideStyle.hxx
+M StepVisual:privinclude:StepVisual_SurfaceSideStyle.jxx /dn43/OCCT/tmp/results_31.05.2011/occt/release-sources-20110531/drv/StepVisual/StepVisual_SurfaceSideStyle.jxx
+M StepVisual:privinclude:StepVisual_SurfaceSideStyle.ixx /dn43/OCCT/tmp/results_31.05.2011/occt/release-sources-20110531/drv/StepVisual/StepVisual_SurfaceSideStyle.ixx
+M StepVisual:pubinclude:Handle_StepVisual_SurfaceStyleBoundary.hxx /dn43/OCCT/tmp/results_31.05.2011/occt/release-sources-20110531/inc/Handle_StepVisual_SurfaceStyleBoundary.hxx
+M StepVisual:pubinclude:StepVisual_SurfaceStyleBoundary.hxx /dn43/OCCT/tmp/results_31.05.2011/occt/release-sources-20110531/inc/StepVisual_SurfaceStyleBoundary.hxx
+M StepVisual:privinclude:StepVisual_SurfaceStyleBoundary.jxx /dn43/OCCT/tmp/results_31.05.2011/occt/release-sources-20110531/drv/StepVisual/StepVisual_SurfaceStyleBoundary.jxx
+M StepVisual:privinclude:StepVisual_SurfaceStyleBoundary.ixx /dn43/OCCT/tmp/results_31.05.2011/occt/release-sources-20110531/drv/StepVisual/StepVisual_SurfaceStyleBoundary.ixx
+M StepVisual:pubinclude:Handle_StepVisual_SurfaceStyleControlGrid.hxx /dn43/OCCT/tmp/results_31.05.2011/occt/release-sources-20110531/inc/Handle_StepVisual_SurfaceStyleControlGrid.hxx
+M StepVisual:pubinclude:StepVisual_SurfaceStyleControlGrid.hxx /dn43/OCCT/tmp/results_31.05.2011/occt/release-sources-20110531/inc/StepVisual_SurfaceStyleControlGrid.hxx
+M StepVisual:privinclude:StepVisual_SurfaceStyleControlGrid.jxx /dn43/OCCT/tmp/results_31.05.2011/occt/release-sources-20110531/drv/StepVisual/StepVisual_SurfaceStyleControlGrid.jxx
+M StepVisual:privinclude:StepVisual_SurfaceStyleControlGrid.ixx /dn43/OCCT/tmp/results_31.05.2011/occt/release-sources-20110531/drv/StepVisual/StepVisual_SurfaceStyleControlGrid.ixx
+M StepVisual:pubinclude:Handle_StepVisual_SurfaceStyleFillArea.hxx /dn43/OCCT/tmp/results_31.05.2011/occt/release-sources-20110531/inc/Handle_StepVisual_SurfaceStyleFillArea.hxx
+M StepVisual:pubinclude:StepVisual_SurfaceStyleFillArea.hxx /dn43/OCCT/tmp/results_31.05.2011/occt/release-sources-20110531/inc/StepVisual_SurfaceStyleFillArea.hxx
+M StepVisual:privinclude:StepVisual_SurfaceStyleFillArea.jxx /dn43/OCCT/tmp/results_31.05.2011/occt/release-sources-20110531/drv/StepVisual/StepVisual_SurfaceStyleFillArea.jxx
+M StepVisual:privinclude:StepVisual_SurfaceStyleFillArea.ixx /dn43/OCCT/tmp/results_31.05.2011/occt/release-sources-20110531/drv/StepVisual/StepVisual_SurfaceStyleFillArea.ixx
+M StepVisual:pubinclude:Handle_StepVisual_SurfaceStyleParameterLine.hxx /dn43/OCCT/tmp/results_31.05.2011/occt/release-sources-20110531/inc/Handle_StepVisual_SurfaceStyleParameterLine.hxx
+M StepVisual:pubinclude:StepVisual_SurfaceStyleParameterLine.hxx /dn43/OCCT/tmp/results_31.05.2011/occt/release-sources-20110531/inc/StepVisual_SurfaceStyleParameterLine.hxx
+M StepVisual:privinclude:StepVisual_SurfaceStyleParameterLine.jxx /dn43/OCCT/tmp/results_31.05.2011/occt/release-sources-20110531/drv/StepVisual/StepVisual_SurfaceStyleParameterLine.jxx
+M StepVisual:privinclude:StepVisual_SurfaceStyleParameterLine.ixx /dn43/OCCT/tmp/results_31.05.2011/occt/release-sources-20110531/drv/StepVisual/StepVisual_SurfaceStyleParameterLine.ixx
+M StepVisual:pubinclude:Handle_StepVisual_SurfaceStyleSegmentationCurve.hxx /dn43/OCCT/tmp/results_31.05.2011/occt/release-sources-20110531/inc/Handle_StepVisual_SurfaceStyleSegmentationCurve.hxx
+M StepVisual:pubinclude:StepVisual_SurfaceStyleSegmentationCurve.hxx /dn43/OCCT/tmp/results_31.05.2011/occt/release-sources-20110531/inc/StepVisual_SurfaceStyleSegmentationCurve.hxx
+M StepVisual:privinclude:StepVisual_SurfaceStyleSegmentationCurve.jxx /dn43/OCCT/tmp/results_31.05.2011/occt/release-sources-20110531/drv/StepVisual/StepVisual_SurfaceStyleSegmentationCurve.jxx
+M StepVisual:privinclude:StepVisual_SurfaceStyleSegmentationCurve.ixx /dn43/OCCT/tmp/results_31.05.2011/occt/release-sources-20110531/drv/StepVisual/StepVisual_SurfaceStyleSegmentationCurve.ixx
+M StepVisual:pubinclude:Handle_StepVisual_SurfaceStyleSilhouette.hxx /dn43/OCCT/tmp/results_31.05.2011/occt/release-sources-20110531/inc/Handle_StepVisual_SurfaceStyleSilhouette.hxx
+M StepVisual:pubinclude:StepVisual_SurfaceStyleSilhouette.hxx /dn43/OCCT/tmp/results_31.05.2011/occt/release-sources-20110531/inc/StepVisual_SurfaceStyleSilhouette.hxx
+M StepVisual:privinclude:StepVisual_SurfaceStyleSilhouette.jxx /dn43/OCCT/tmp/results_31.05.2011/occt/release-sources-20110531/drv/StepVisual/StepVisual_SurfaceStyleSilhouette.jxx
+M StepVisual:privinclude:StepVisual_SurfaceStyleSilhouette.ixx /dn43/OCCT/tmp/results_31.05.2011/occt/release-sources-20110531/drv/StepVisual/StepVisual_SurfaceStyleSilhouette.ixx
+M StepVisual:pubinclude:Handle_StepVisual_SurfaceStyleUsage.hxx /dn43/OCCT/tmp/results_31.05.2011/occt/release-sources-20110531/inc/Handle_StepVisual_SurfaceStyleUsage.hxx
+M StepVisual:pubinclude:StepVisual_SurfaceStyleUsage.hxx /dn43/OCCT/tmp/results_31.05.2011/occt/release-sources-20110531/inc/StepVisual_SurfaceStyleUsage.hxx
+M StepVisual:privinclude:StepVisual_SurfaceStyleUsage.jxx /dn43/OCCT/tmp/results_31.05.2011/occt/release-sources-20110531/drv/StepVisual/StepVisual_SurfaceStyleUsage.jxx
+M StepVisual:privinclude:StepVisual_SurfaceStyleUsage.ixx /dn43/OCCT/tmp/results_31.05.2011/occt/release-sources-20110531/drv/StepVisual/StepVisual_SurfaceStyleUsage.ixx
+M StepVisual:pubinclude:Handle_StepVisual_TextStyle.hxx /dn43/OCCT/tmp/results_31.05.2011/occt/release-sources-20110531/inc/Handle_StepVisual_TextStyle.hxx
+M StepVisual:pubinclude:StepVisual_TextStyle.hxx /dn43/OCCT/tmp/results_31.05.2011/occt/release-sources-20110531/inc/StepVisual_TextStyle.hxx
+M StepVisual:privinclude:StepVisual_TextStyle.jxx /dn43/OCCT/tmp/results_31.05.2011/occt/release-sources-20110531/drv/StepVisual/StepVisual_TextStyle.jxx
+M StepVisual:privinclude:StepVisual_TextStyle.ixx /dn43/OCCT/tmp/results_31.05.2011/occt/release-sources-20110531/drv/StepVisual/StepVisual_TextStyle.ixx
+M StepVisual:pubinclude:Handle_StepVisual_TextStyleWithBoxCharacteristics.hxx /dn43/OCCT/tmp/results_31.05.2011/occt/release-sources-20110531/inc/Handle_StepVisual_TextStyleWithBoxCharacteristics.hxx
+M StepVisual:pubinclude:StepVisual_TextStyleWithBoxCharacteristics.hxx /dn43/OCCT/tmp/results_31.05.2011/occt/release-sources-20110531/inc/StepVisual_TextStyleWithBoxCharacteristics.hxx
+M StepVisual:privinclude:StepVisual_TextStyleWithBoxCharacteristics.jxx /dn43/OCCT/tmp/results_31.05.2011/occt/release-sources-20110531/drv/StepVisual/StepVisual_TextStyleWithBoxCharacteristics.jxx
+M StepVisual:privinclude:StepVisual_TextStyleWithBoxCharacteristics.ixx /dn43/OCCT/tmp/results_31.05.2011/occt/release-sources-20110531/drv/StepVisual/StepVisual_TextStyleWithBoxCharacteristics.ixx
+M StepVisual:pubinclude:Handle_StepVisual_TextStyleForDefinedFont.hxx /dn43/OCCT/tmp/results_31.05.2011/occt/release-sources-20110531/inc/Handle_StepVisual_TextStyleForDefinedFont.hxx
+M StepVisual:pubinclude:StepVisual_TextStyleForDefinedFont.hxx /dn43/OCCT/tmp/results_31.05.2011/occt/release-sources-20110531/inc/StepVisual_TextStyleForDefinedFont.hxx
+M StepVisual:privinclude:StepVisual_TextStyleForDefinedFont.jxx /dn43/OCCT/tmp/results_31.05.2011/occt/release-sources-20110531/drv/StepVisual/StepVisual_TextStyleForDefinedFont.jxx
+M StepVisual:privinclude:StepVisual_TextStyleForDefinedFont.ixx /dn43/OCCT/tmp/results_31.05.2011/occt/release-sources-20110531/drv/StepVisual/StepVisual_TextStyleForDefinedFont.ixx
+M StepVisual:pubinclude:Handle_StepVisual_ViewVolume.hxx /dn43/OCCT/tmp/results_31.05.2011/occt/release-sources-20110531/inc/Handle_StepVisual_ViewVolume.hxx
+M StepVisual:pubinclude:StepVisual_ViewVolume.hxx /dn43/OCCT/tmp/results_31.05.2011/occt/release-sources-20110531/inc/StepVisual_ViewVolume.hxx
+M StepVisual:privinclude:StepVisual_ViewVolume.jxx /dn43/OCCT/tmp/results_31.05.2011/occt/release-sources-20110531/drv/StepVisual/StepVisual_ViewVolume.jxx
+M StepVisual:privinclude:StepVisual_ViewVolume.ixx /dn43/OCCT/tmp/results_31.05.2011/occt/release-sources-20110531/drv/StepVisual/StepVisual_ViewVolume.ixx
+M StepVisual:pubinclude:Handle_StepVisual_CameraImage2dWithScale.hxx /dn43/OCCT/tmp/results_31.05.2011/occt/release-sources-20110531/inc/Handle_StepVisual_CameraImage2dWithScale.hxx
+M StepVisual:pubinclude:StepVisual_CameraImage2dWithScale.hxx /dn43/OCCT/tmp/results_31.05.2011/occt/release-sources-20110531/inc/StepVisual_CameraImage2dWithScale.hxx
+M StepVisual:privinclude:StepVisual_CameraImage2dWithScale.jxx /dn43/OCCT/tmp/results_31.05.2011/occt/release-sources-20110531/drv/StepVisual/StepVisual_CameraImage2dWithScale.jxx
+M StepVisual:privinclude:StepVisual_CameraImage2dWithScale.ixx /dn43/OCCT/tmp/results_31.05.2011/occt/release-sources-20110531/drv/StepVisual/StepVisual_CameraImage2dWithScale.ixx
+M StepVisual:pubinclude:Handle_StepVisual_CameraImage3dWithScale.hxx /dn43/OCCT/tmp/results_31.05.2011/occt/release-sources-20110531/inc/Handle_StepVisual_CameraImage3dWithScale.hxx
+M StepVisual:pubinclude:StepVisual_CameraImage3dWithScale.hxx /dn43/OCCT/tmp/results_31.05.2011/occt/release-sources-20110531/inc/StepVisual_CameraImage3dWithScale.hxx
+M StepVisual:privinclude:StepVisual_CameraImage3dWithScale.jxx /dn43/OCCT/tmp/results_31.05.2011/occt/release-sources-20110531/drv/StepVisual/StepVisual_CameraImage3dWithScale.jxx
+M StepVisual:privinclude:StepVisual_CameraImage3dWithScale.ixx /dn43/OCCT/tmp/results_31.05.2011/occt/release-sources-20110531/drv/StepVisual/StepVisual_CameraImage3dWithScale.ixx
+M StepVisual:pubinclude:Handle_StepVisual_PresentedItemRepresentation.hxx /dn43/OCCT/tmp/results_31.05.2011/occt/release-sources-20110531/inc/Handle_StepVisual_PresentedItemRepresentation.hxx
+M StepVisual:pubinclude:StepVisual_PresentedItemRepresentation.hxx /dn43/OCCT/tmp/results_31.05.2011/occt/release-sources-20110531/inc/StepVisual_PresentedItemRepresentation.hxx
+M StepVisual:privinclude:StepVisual_PresentedItemRepresentation.jxx /dn43/OCCT/tmp/results_31.05.2011/occt/release-sources-20110531/drv/StepVisual/StepVisual_PresentedItemRepresentation.jxx
+M StepVisual:privinclude:StepVisual_PresentedItemRepresentation.ixx /dn43/OCCT/tmp/results_31.05.2011/occt/release-sources-20110531/drv/StepVisual/StepVisual_PresentedItemRepresentation.ixx
+M StepVisual:pubinclude:Handle_StepVisual_PresentationLayerUsage.hxx /dn43/OCCT/tmp/results_31.05.2011/occt/release-sources-20110531/inc/Handle_StepVisual_PresentationLayerUsage.hxx
+M StepVisual:pubinclude:StepVisual_PresentationLayerUsage.hxx /dn43/OCCT/tmp/results_31.05.2011/occt/release-sources-20110531/inc/StepVisual_PresentationLayerUsage.hxx
+M StepVisual:privinclude:StepVisual_PresentationLayerUsage.jxx /dn43/OCCT/tmp/results_31.05.2011/occt/release-sources-20110531/drv/StepVisual/StepVisual_PresentationLayerUsage.jxx
+M StepVisual:privinclude:StepVisual_PresentationLayerUsage.ixx /dn43/OCCT/tmp/results_31.05.2011/occt/release-sources-20110531/drv/StepVisual/StepVisual_PresentationLayerUsage.ixx
+M StepVisual:pubinclude:StepVisual_Array1OfTextOrCharacter.hxx /dn43/OCCT/tmp/results_31.05.2011/occt/release-sources-20110531/inc/StepVisual_Array1OfTextOrCharacter.hxx
+M StepVisual:derivated:StepVisual_Array1OfTextOrCharacter_0.cxx /dn43/OCCT/tmp/results_31.05.2011/occt/release-sources-20110531/drv/StepVisual/StepVisual_Array1OfTextOrCharacter_0.cxx
+M StepVisual:pubinclude:Handle_StepVisual_HArray1OfTextOrCharacter.hxx /dn43/OCCT/tmp/results_31.05.2011/occt/release-sources-20110531/inc/Handle_StepVisual_HArray1OfTextOrCharacter.hxx
+M StepVisual:pubinclude:StepVisual_HArray1OfTextOrCharacter.hxx /dn43/OCCT/tmp/results_31.05.2011/occt/release-sources-20110531/inc/StepVisual_HArray1OfTextOrCharacter.hxx
+M StepVisual:derivated:StepVisual_HArray1OfTextOrCharacter_0.cxx /dn43/OCCT/tmp/results_31.05.2011/occt/release-sources-20110531/drv/StepVisual/StepVisual_HArray1OfTextOrCharacter_0.cxx
+M StepVisual:pubinclude:StepVisual_Array1OfStyleContextSelect.hxx /dn43/OCCT/tmp/results_31.05.2011/occt/release-sources-20110531/inc/StepVisual_Array1OfStyleContextSelect.hxx
+M StepVisual:derivated:StepVisual_Array1OfStyleContextSelect_0.cxx /dn43/OCCT/tmp/results_31.05.2011/occt/release-sources-20110531/drv/StepVisual/StepVisual_Array1OfStyleContextSelect_0.cxx
+M StepVisual:pubinclude:Handle_StepVisual_HArray1OfStyleContextSelect.hxx /dn43/OCCT/tmp/results_31.05.2011/occt/release-sources-20110531/inc/Handle_StepVisual_HArray1OfStyleContextSelect.hxx
+M StepVisual:pubinclude:StepVisual_HArray1OfStyleContextSelect.hxx /dn43/OCCT/tmp/results_31.05.2011/occt/release-sources-20110531/inc/StepVisual_HArray1OfStyleContextSelect.hxx
+M StepVisual:derivated:StepVisual_HArray1OfStyleContextSelect_0.cxx /dn43/OCCT/tmp/results_31.05.2011/occt/release-sources-20110531/drv/StepVisual/StepVisual_HArray1OfStyleContextSelect_0.cxx
+M StepVisual:pubinclude:StepVisual_Array1OfCurveStyleFontPattern.hxx /dn43/OCCT/tmp/results_31.05.2011/occt/release-sources-20110531/inc/StepVisual_Array1OfCurveStyleFontPattern.hxx
+M StepVisual:derivated:StepVisual_Array1OfCurveStyleFontPattern_0.cxx /dn43/OCCT/tmp/results_31.05.2011/occt/release-sources-20110531/drv/StepVisual/StepVisual_Array1OfCurveStyleFontPattern_0.cxx
+M StepVisual:pubinclude:Handle_StepVisual_HArray1OfCurveStyleFontPattern.hxx /dn43/OCCT/tmp/results_31.05.2011/occt/release-sources-20110531/inc/Handle_StepVisual_HArray1OfCurveStyleFontPattern.hxx
+M StepVisual:pubinclude:StepVisual_HArray1OfCurveStyleFontPattern.hxx /dn43/OCCT/tmp/results_31.05.2011/occt/release-sources-20110531/inc/StepVisual_HArray1OfCurveStyleFontPattern.hxx
+M StepVisual:derivated:StepVisual_HArray1OfCurveStyleFontPattern_0.cxx /dn43/OCCT/tmp/results_31.05.2011/occt/release-sources-20110531/drv/StepVisual/StepVisual_HArray1OfCurveStyleFontPattern_0.cxx
+M StepVisual:pubinclude:StepVisual_Array1OfFillStyleSelect.hxx /dn43/OCCT/tmp/results_31.05.2011/occt/release-sources-20110531/inc/StepVisual_Array1OfFillStyleSelect.hxx
+M StepVisual:derivated:StepVisual_Array1OfFillStyleSelect_0.cxx /dn43/OCCT/tmp/results_31.05.2011/occt/release-sources-20110531/drv/StepVisual/StepVisual_Array1OfFillStyleSelect_0.cxx
+M StepVisual:pubinclude:Handle_StepVisual_HArray1OfFillStyleSelect.hxx /dn43/OCCT/tmp/results_31.05.2011/occt/release-sources-20110531/inc/Handle_StepVisual_HArray1OfFillStyleSelect.hxx
+M StepVisual:pubinclude:StepVisual_HArray1OfFillStyleSelect.hxx /dn43/OCCT/tmp/results_31.05.2011/occt/release-sources-20110531/inc/StepVisual_HArray1OfFillStyleSelect.hxx
+M StepVisual:derivated:StepVisual_HArray1OfFillStyleSelect_0.cxx /dn43/OCCT/tmp/results_31.05.2011/occt/release-sources-20110531/drv/StepVisual/StepVisual_HArray1OfFillStyleSelect_0.cxx
+M StepVisual:pubinclude:StepVisual_Array1OfInvisibleItem.hxx /dn43/OCCT/tmp/results_31.05.2011/occt/release-sources-20110531/inc/StepVisual_Array1OfInvisibleItem.hxx
+M StepVisual:derivated:StepVisual_Array1OfInvisibleItem_0.cxx /dn43/OCCT/tmp/results_31.05.2011/occt/release-sources-20110531/drv/StepVisual/StepVisual_Array1OfInvisibleItem_0.cxx
+M StepVisual:pubinclude:Handle_StepVisual_HArray1OfInvisibleItem.hxx /dn43/OCCT/tmp/results_31.05.2011/occt/release-sources-20110531/inc/Handle_StepVisual_HArray1OfInvisibleItem.hxx
+M StepVisual:pubinclude:StepVisual_HArray1OfInvisibleItem.hxx /dn43/OCCT/tmp/results_31.05.2011/occt/release-sources-20110531/inc/StepVisual_HArray1OfInvisibleItem.hxx
+M StepVisual:derivated:StepVisual_HArray1OfInvisibleItem_0.cxx /dn43/OCCT/tmp/results_31.05.2011/occt/release-sources-20110531/drv/StepVisual/StepVisual_HArray1OfInvisibleItem_0.cxx
+M StepVisual:pubinclude:StepVisual_Array1OfLayeredItem.hxx /dn43/OCCT/tmp/results_31.05.2011/occt/release-sources-20110531/inc/StepVisual_Array1OfLayeredItem.hxx
+M StepVisual:derivated:StepVisual_Array1OfLayeredItem_0.cxx /dn43/OCCT/tmp/results_31.05.2011/occt/release-sources-20110531/drv/StepVisual/StepVisual_Array1OfLayeredItem_0.cxx
+M StepVisual:pubinclude:Handle_StepVisual_HArray1OfLayeredItem.hxx /dn43/OCCT/tmp/results_31.05.2011/occt/release-sources-20110531/inc/Handle_StepVisual_HArray1OfLayeredItem.hxx
+M StepVisual:pubinclude:StepVisual_HArray1OfLayeredItem.hxx /dn43/OCCT/tmp/results_31.05.2011/occt/release-sources-20110531/inc/StepVisual_HArray1OfLayeredItem.hxx
+M StepVisual:derivated:StepVisual_HArray1OfLayeredItem_0.cxx /dn43/OCCT/tmp/results_31.05.2011/occt/release-sources-20110531/drv/StepVisual/StepVisual_HArray1OfLayeredItem_0.cxx
+M StepVisual:pubinclude:StepVisual_Array1OfPresentationStyleSelect.hxx /dn43/OCCT/tmp/results_31.05.2011/occt/release-sources-20110531/inc/StepVisual_Array1OfPresentationStyleSelect.hxx
+M StepVisual:derivated:StepVisual_Array1OfPresentationStyleSelect_0.cxx /dn43/OCCT/tmp/results_31.05.2011/occt/release-sources-20110531/drv/StepVisual/StepVisual_Array1OfPresentationStyleSelect_0.cxx
+M StepVisual:pubinclude:Handle_StepVisual_HArray1OfPresentationStyleSelect.hxx /dn43/OCCT/tmp/results_31.05.2011/occt/release-sources-20110531/inc/Handle_StepVisual_HArray1OfPresentationStyleSelect.hxx
+M StepVisual:pubinclude:StepVisual_HArray1OfPresentationStyleSelect.hxx /dn43/OCCT/tmp/results_31.05.2011/occt/release-sources-20110531/inc/StepVisual_HArray1OfPresentationStyleSelect.hxx
+M StepVisual:derivated:StepVisual_HArray1OfPresentationStyleSelect_0.cxx /dn43/OCCT/tmp/results_31.05.2011/occt/release-sources-20110531/drv/StepVisual/StepVisual_HArray1OfPresentationStyleSelect_0.cxx
+M StepVisual:pubinclude:StepVisual_Array1OfPresentationStyleAssignment.hxx /dn43/OCCT/tmp/results_31.05.2011/occt/release-sources-20110531/inc/StepVisual_Array1OfPresentationStyleAssignment.hxx
+M StepVisual:derivated:StepVisual_Array1OfPresentationStyleAssignment_0.cxx /dn43/OCCT/tmp/results_31.05.2011/occt/release-sources-20110531/drv/StepVisual/StepVisual_Array1OfPresentationStyleAssignment_0.cxx
+M StepVisual:pubinclude:Handle_StepVisual_HArray1OfPresentationStyleAssignment.hxx /dn43/OCCT/tmp/results_31.05.2011/occt/release-sources-20110531/inc/Handle_StepVisual_HArray1OfPresentationStyleAssignment.hxx
+M StepVisual:pubinclude:StepVisual_HArray1OfPresentationStyleAssignment.hxx /dn43/OCCT/tmp/results_31.05.2011/occt/release-sources-20110531/inc/StepVisual_HArray1OfPresentationStyleAssignment.hxx
+M StepVisual:derivated:StepVisual_HArray1OfPresentationStyleAssignment_0.cxx /dn43/OCCT/tmp/results_31.05.2011/occt/release-sources-20110531/drv/StepVisual/StepVisual_HArray1OfPresentationStyleAssignment_0.cxx
+M StepVisual:pubinclude:StepVisual_Array1OfSurfaceStyleElementSelect.hxx /dn43/OCCT/tmp/results_31.05.2011/occt/release-sources-20110531/inc/StepVisual_Array1OfSurfaceStyleElementSelect.hxx
+M StepVisual:derivated:StepVisual_Array1OfSurfaceStyleElementSelect_0.cxx /dn43/OCCT/tmp/results_31.05.2011/occt/release-sources-20110531/drv/StepVisual/StepVisual_Array1OfSurfaceStyleElementSelect_0.cxx
+M StepVisual:pubinclude:Handle_StepVisual_HArray1OfSurfaceStyleElementSelect.hxx /dn43/OCCT/tmp/results_31.05.2011/occt/release-sources-20110531/inc/Handle_StepVisual_HArray1OfSurfaceStyleElementSelect.hxx
+M StepVisual:pubinclude:StepVisual_HArray1OfSurfaceStyleElementSelect.hxx /dn43/OCCT/tmp/results_31.05.2011/occt/release-sources-20110531/inc/StepVisual_HArray1OfSurfaceStyleElementSelect.hxx
+M StepVisual:derivated:StepVisual_HArray1OfSurfaceStyleElementSelect_0.cxx /dn43/OCCT/tmp/results_31.05.2011/occt/release-sources-20110531/drv/StepVisual/StepVisual_HArray1OfSurfaceStyleElementSelect_0.cxx
+M StepVisual:pubinclude:StepVisual_Array1OfDirectionCountSelect.hxx /dn43/OCCT/tmp/results_31.05.2011/occt/release-sources-20110531/inc/StepVisual_Array1OfDirectionCountSelect.hxx
+M StepVisual:derivated:StepVisual_Array1OfDirectionCountSelect_0.cxx /dn43/OCCT/tmp/results_31.05.2011/occt/release-sources-20110531/drv/StepVisual/StepVisual_Array1OfDirectionCountSelect_0.cxx
+M StepVisual:pubinclude:Handle_StepVisual_HArray1OfDirectionCountSelect.hxx /dn43/OCCT/tmp/results_31.05.2011/occt/release-sources-20110531/inc/Handle_StepVisual_HArray1OfDirectionCountSelect.hxx
+M StepVisual:pubinclude:StepVisual_HArray1OfDirectionCountSelect.hxx /dn43/OCCT/tmp/results_31.05.2011/occt/release-sources-20110531/inc/StepVisual_HArray1OfDirectionCountSelect.hxx
+M StepVisual:derivated:StepVisual_HArray1OfDirectionCountSelect_0.cxx /dn43/OCCT/tmp/results_31.05.2011/occt/release-sources-20110531/drv/StepVisual/StepVisual_HArray1OfDirectionCountSelect_0.cxx
+M StepVisual:pubinclude:StepVisual_Array1OfBoxCharacteristicSelect.hxx /dn43/OCCT/tmp/results_31.05.2011/occt/release-sources-20110531/inc/StepVisual_Array1OfBoxCharacteristicSelect.hxx
+M StepVisual:derivated:StepVisual_Array1OfBoxCharacteristicSelect_0.cxx /dn43/OCCT/tmp/results_31.05.2011/occt/release-sources-20110531/drv/StepVisual/StepVisual_Array1OfBoxCharacteristicSelect_0.cxx
+M StepVisual:pubinclude:Handle_StepVisual_HArray1OfBoxCharacteristicSelect.hxx /dn43/OCCT/tmp/results_31.05.2011/occt/release-sources-20110531/inc/Handle_StepVisual_HArray1OfBoxCharacteristicSelect.hxx
+M StepVisual:pubinclude:StepVisual_HArray1OfBoxCharacteristicSelect.hxx /dn43/OCCT/tmp/results_31.05.2011/occt/release-sources-20110531/inc/StepVisual_HArray1OfBoxCharacteristicSelect.hxx
+M StepVisual:derivated:StepVisual_HArray1OfBoxCharacteristicSelect_0.cxx /dn43/OCCT/tmp/results_31.05.2011/occt/release-sources-20110531/drv/StepVisual/StepVisual_HArray1OfBoxCharacteristicSelect_0.cxx
+M StepVisual:pubinclude:StepVisual_CentralOrParallel.hxx /dn43/OCCT/tmp/results_31.05.2011/occt/release-sources-20110531/inc/StepVisual_CentralOrParallel.hxx
+M StepVisual:pubinclude:StepVisual_MarkerType.hxx /dn43/OCCT/tmp/results_31.05.2011/occt/release-sources-20110531/inc/StepVisual_MarkerType.hxx
+M StepVisual:pubinclude:StepVisual_SurfaceSide.hxx /dn43/OCCT/tmp/results_31.05.2011/occt/release-sources-20110531/inc/StepVisual_SurfaceSide.hxx
+M StepVisual:pubinclude:StepVisual_TextPath.hxx /dn43/OCCT/tmp/results_31.05.2011/occt/release-sources-20110531/inc/StepVisual_TextPath.hxx
+M StepVisual:dbadmfile:StepVisual_xcpp_header.In /dn43/OCCT/tmp/results_31.05.2011/occt/release-sources-20110531/drv/StepVisual/.adm/StepVisual_xcpp_header.In
+M StepVisual:dbadmfile:StepVisual_xcpp_header.Out /dn43/OCCT/tmp/results_31.05.2011/occt/release-sources-20110531/drv/StepVisual/.adm/StepVisual_xcpp_header.Out
+M StepVisual:dbadmfile:StepVisual_xcpp_header.Dep /dn43/OCCT/tmp/results_31.05.2011/occt/release-sources-20110531/drv/StepVisual/.adm/StepVisual_xcpp_header.Dep
