+M Approx:pubinclude:Approx_SweepApproximation.hxx /dn43/OCCT/tmp/results_28.02.2011/occt/release-sources-20110228/inc/Approx_SweepApproximation.hxx
+M Approx:privinclude:Approx_SweepApproximation.jxx /dn43/OCCT/tmp/results_28.02.2011/occt/release-sources-20110228/drv/Approx/Approx_SweepApproximation.jxx
+M Approx:privinclude:Approx_SweepApproximation.ixx /dn43/OCCT/tmp/results_28.02.2011/occt/release-sources-20110228/drv/Approx/Approx_SweepApproximation.ixx
+M Approx:pubinclude:Handle_Approx_SweepFunction.hxx /dn43/OCCT/tmp/results_28.02.2011/occt/release-sources-20110228/inc/Handle_Approx_SweepFunction.hxx
+M Approx:pubinclude:Approx_SweepFunction.hxx /dn43/OCCT/tmp/results_28.02.2011/occt/release-sources-20110228/inc/Approx_SweepFunction.hxx
+M Approx:privinclude:Approx_SweepFunction.jxx /dn43/OCCT/tmp/results_28.02.2011/occt/release-sources-20110228/drv/Approx/Approx_SweepFunction.jxx
+M Approx:privinclude:Approx_SweepFunction.ixx /dn43/OCCT/tmp/results_28.02.2011/occt/release-sources-20110228/drv/Approx/Approx_SweepFunction.ixx
+M Approx:pubinclude:Approx_MCurvesToBSpCurve.hxx /dn43/OCCT/tmp/results_28.02.2011/occt/release-sources-20110228/inc/Approx_MCurvesToBSpCurve.hxx
+M Approx:privinclude:Approx_MCurvesToBSpCurve.jxx /dn43/OCCT/tmp/results_28.02.2011/occt/release-sources-20110228/drv/Approx/Approx_MCurvesToBSpCurve.jxx
+M Approx:privinclude:Approx_MCurvesToBSpCurve.ixx /dn43/OCCT/tmp/results_28.02.2011/occt/release-sources-20110228/drv/Approx/Approx_MCurvesToBSpCurve.ixx
+M Approx:pubinclude:Approx_CurveOnSurface.hxx /dn43/OCCT/tmp/results_28.02.2011/occt/release-sources-20110228/inc/Approx_CurveOnSurface.hxx
+M Approx:privinclude:Approx_CurveOnSurface.jxx /dn43/OCCT/tmp/results_28.02.2011/occt/release-sources-20110228/drv/Approx/Approx_CurveOnSurface.jxx
+M Approx:privinclude:Approx_CurveOnSurface.ixx /dn43/OCCT/tmp/results_28.02.2011/occt/release-sources-20110228/drv/Approx/Approx_CurveOnSurface.ixx
+M Approx:pubinclude:Approx_Curve3d.hxx /dn43/OCCT/tmp/results_28.02.2011/occt/release-sources-20110228/inc/Approx_Curve3d.hxx
+M Approx:privinclude:Approx_Curve3d.jxx /dn43/OCCT/tmp/results_28.02.2011/occt/release-sources-20110228/drv/Approx/Approx_Curve3d.jxx
+M Approx:privinclude:Approx_Curve3d.ixx /dn43/OCCT/tmp/results_28.02.2011/occt/release-sources-20110228/drv/Approx/Approx_Curve3d.ixx
+M Approx:pubinclude:Approx_Curve2d.hxx /dn43/OCCT/tmp/results_28.02.2011/occt/release-sources-20110228/inc/Approx_Curve2d.hxx
+M Approx:privinclude:Approx_Curve2d.jxx /dn43/OCCT/tmp/results_28.02.2011/occt/release-sources-20110228/drv/Approx/Approx_Curve2d.jxx
+M Approx:privinclude:Approx_Curve2d.ixx /dn43/OCCT/tmp/results_28.02.2011/occt/release-sources-20110228/drv/Approx/Approx_Curve2d.ixx
+M Approx:pubinclude:Approx_CurvilinearParameter.hxx /dn43/OCCT/tmp/results_28.02.2011/occt/release-sources-20110228/inc/Approx_CurvilinearParameter.hxx
+M Approx:privinclude:Approx_CurvilinearParameter.jxx /dn43/OCCT/tmp/results_28.02.2011/occt/release-sources-20110228/drv/Approx/Approx_CurvilinearParameter.jxx
+M Approx:privinclude:Approx_CurvilinearParameter.ixx /dn43/OCCT/tmp/results_28.02.2011/occt/release-sources-20110228/drv/Approx/Approx_CurvilinearParameter.ixx
+M Approx:pubinclude:Handle_Approx_CurvlinFunc.hxx /dn43/OCCT/tmp/results_28.02.2011/occt/release-sources-20110228/inc/Handle_Approx_CurvlinFunc.hxx
+M Approx:pubinclude:Approx_CurvlinFunc.hxx /dn43/OCCT/tmp/results_28.02.2011/occt/release-sources-20110228/inc/Approx_CurvlinFunc.hxx
+M Approx:privinclude:Approx_CurvlinFunc.jxx /dn43/OCCT/tmp/results_28.02.2011/occt/release-sources-20110228/drv/Approx/Approx_CurvlinFunc.jxx
+M Approx:privinclude:Approx_CurvlinFunc.ixx /dn43/OCCT/tmp/results_28.02.2011/occt/release-sources-20110228/drv/Approx/Approx_CurvlinFunc.ixx
+M Approx:pubinclude:Approx_SequenceOfHArray1OfReal.hxx /dn43/OCCT/tmp/results_28.02.2011/occt/release-sources-20110228/inc/Approx_SequenceOfHArray1OfReal.hxx
+M Approx:derivated:Approx_SequenceOfHArray1OfReal_0.cxx /dn43/OCCT/tmp/results_28.02.2011/occt/release-sources-20110228/drv/Approx/Approx_SequenceOfHArray1OfReal_0.cxx
+M Approx:pubinclude:Approx_FitAndDivide.hxx /dn43/OCCT/tmp/results_28.02.2011/occt/release-sources-20110228/inc/Approx_FitAndDivide.hxx
+M Approx:derivated:Approx_FitAndDivide_0.cxx /dn43/OCCT/tmp/results_28.02.2011/occt/release-sources-20110228/drv/Approx/Approx_FitAndDivide_0.cxx
+M Approx:pubinclude:Approx_FitAndDivide2d.hxx /dn43/OCCT/tmp/results_28.02.2011/occt/release-sources-20110228/inc/Approx_FitAndDivide2d.hxx
+M Approx:derivated:Approx_FitAndDivide2d_0.cxx /dn43/OCCT/tmp/results_28.02.2011/occt/release-sources-20110228/drv/Approx/Approx_FitAndDivide2d_0.cxx
+M Approx:pubinclude:Approx_SameParameter.hxx /dn43/OCCT/tmp/results_28.02.2011/occt/release-sources-20110228/inc/Approx_SameParameter.hxx
+M Approx:privinclude:Approx_SameParameter.jxx /dn43/OCCT/tmp/results_28.02.2011/occt/release-sources-20110228/drv/Approx/Approx_SameParameter.jxx
+M Approx:privinclude:Approx_SameParameter.ixx /dn43/OCCT/tmp/results_28.02.2011/occt/release-sources-20110228/drv/Approx/Approx_SameParameter.ixx
+M Approx:pubinclude:Approx_Array1OfAdHSurface.hxx /dn43/OCCT/tmp/results_28.02.2011/occt/release-sources-20110228/inc/Approx_Array1OfAdHSurface.hxx
+M Approx:derivated:Approx_Array1OfAdHSurface_0.cxx /dn43/OCCT/tmp/results_28.02.2011/occt/release-sources-20110228/drv/Approx/Approx_Array1OfAdHSurface_0.cxx
+M Approx:pubinclude:Handle_Approx_HArray1OfAdHSurface.hxx /dn43/OCCT/tmp/results_28.02.2011/occt/release-sources-20110228/inc/Handle_Approx_HArray1OfAdHSurface.hxx
+M Approx:pubinclude:Approx_HArray1OfAdHSurface.hxx /dn43/OCCT/tmp/results_28.02.2011/occt/release-sources-20110228/inc/Approx_HArray1OfAdHSurface.hxx
+M Approx:derivated:Approx_HArray1OfAdHSurface_0.cxx /dn43/OCCT/tmp/results_28.02.2011/occt/release-sources-20110228/drv/Approx/Approx_HArray1OfAdHSurface_0.cxx
+M Approx:pubinclude:Approx_Array1OfGTrsf2d.hxx /dn43/OCCT/tmp/results_28.02.2011/occt/release-sources-20110228/inc/Approx_Array1OfGTrsf2d.hxx
+M Approx:derivated:Approx_Array1OfGTrsf2d_0.cxx /dn43/OCCT/tmp/results_28.02.2011/occt/release-sources-20110228/drv/Approx/Approx_Array1OfGTrsf2d_0.cxx
+M Approx:pubinclude:Handle_Approx_HArray1OfGTrsf2d.hxx /dn43/OCCT/tmp/results_28.02.2011/occt/release-sources-20110228/inc/Handle_Approx_HArray1OfGTrsf2d.hxx
+M Approx:pubinclude:Approx_HArray1OfGTrsf2d.hxx /dn43/OCCT/tmp/results_28.02.2011/occt/release-sources-20110228/inc/Approx_HArray1OfGTrsf2d.hxx
+M Approx:derivated:Approx_HArray1OfGTrsf2d_0.cxx /dn43/OCCT/tmp/results_28.02.2011/occt/release-sources-20110228/drv/Approx/Approx_HArray1OfGTrsf2d_0.cxx
+M Approx:pubinclude:Handle_Approx_SequenceNodeOfSequenceOfHArray1OfReal.hxx /dn43/OCCT/tmp/results_28.02.2011/occt/release-sources-20110228/inc/Handle_Approx_SequenceNodeOfSequenceOfHArray1OfReal.hxx
+M Approx:pubinclude:Approx_SequenceNodeOfSequenceOfHArray1OfReal.hxx /dn43/OCCT/tmp/results_28.02.2011/occt/release-sources-20110228/inc/Approx_SequenceNodeOfSequenceOfHArray1OfReal.hxx
+M Approx:derivated:Approx_SequenceNodeOfSequenceOfHArray1OfReal_0.cxx /dn43/OCCT/tmp/results_28.02.2011/occt/release-sources-20110228/drv/Approx/Approx_SequenceNodeOfSequenceOfHArray1OfReal_0.cxx
+M Approx:pubinclude:Approx_MyLeastSquareOfFitAndDivide.hxx /dn43/OCCT/tmp/results_28.02.2011/occt/release-sources-20110228/inc/Approx_MyLeastSquareOfFitAndDivide.hxx
+M Approx:derivated:Approx_MyLeastSquareOfFitAndDivide_0.cxx /dn43/OCCT/tmp/results_28.02.2011/occt/release-sources-20110228/drv/Approx/Approx_MyLeastSquareOfFitAndDivide_0.cxx
+M Approx:pubinclude:Approx_MyLeastSquareOfFitAndDivide2d.hxx /dn43/OCCT/tmp/results_28.02.2011/occt/release-sources-20110228/inc/Approx_MyLeastSquareOfFitAndDivide2d.hxx
+M Approx:derivated:Approx_MyLeastSquareOfFitAndDivide2d_0.cxx /dn43/OCCT/tmp/results_28.02.2011/occt/release-sources-20110228/drv/Approx/Approx_MyLeastSquareOfFitAndDivide2d_0.cxx
+M Approx:pubinclude:Approx_ParametrizationType.hxx /dn43/OCCT/tmp/results_28.02.2011/occt/release-sources-20110228/inc/Approx_ParametrizationType.hxx
+M Approx:pubinclude:Approx_Status.hxx /dn43/OCCT/tmp/results_28.02.2011/occt/release-sources-20110228/inc/Approx_Status.hxx
+M Approx:dbadmfile:Approx_xcpp_header.In /dn43/OCCT/tmp/results_28.02.2011/occt/release-sources-20110228/drv/Approx/.adm/Approx_xcpp_header.In
+M Approx:dbadmfile:Approx_xcpp_header.Out /dn43/OCCT/tmp/results_28.02.2011/occt/release-sources-20110228/drv/Approx/.adm/Approx_xcpp_header.Out
+M Approx:dbadmfile:Approx_xcpp_header.Dep /dn43/OCCT/tmp/results_28.02.2011/occt/release-sources-20110228/drv/Approx/.adm/Approx_xcpp_header.Dep
