\BOOKMARK [1][-]{section.1}{\376\377\000O\000v\000e\000r\000v\000i\000e\000w}{}% 1
\BOOKMARK [2][-]{subsection.1.1}{\376\377\000P\000r\000e\000r\000e\000q\000u\000i\000s\000i\000t\000e\000s}{section.1}% 2
\BOOKMARK [2][-]{subsection.1.2}{\376\377\000T\000h\000e\000\040\000M\000o\000d\000e\000l}{section.1}% 3
\BOOKMARK [2][-]{subsection.1.3}{\376\377\000M\000o\000d\000e\000l\000\040\000S\000p\000e\000c\000i\000f\000i\000c\000a\000t\000i\000o\000n\000s}{section.1}% 4
\BOOKMARK [1][-]{section.2}{\376\377\000B\000u\000i\000l\000d\000i\000n\000g\000\040\000t\000h\000e\000\040\000P\000r\000o\000f\000i\000l\000e}{}% 5
\BOOKMARK [2][-]{subsection.2.1}{\376\377\000D\000e\000f\000i\000n\000i\000n\000g\000\040\000S\000u\000p\000p\000o\000r\000t\000\040\000P\000o\000i\000n\000t\000s}{section.2}% 6
\BOOKMARK [2][-]{subsection.2.2}{\376\377\000P\000r\000o\000f\000i\000l\000e\000:\000\040\000D\000e\000f\000i\000n\000i\000n\000g\000\040\000t\000h\000e\000\040\000G\000e\000o\000m\000e\000t\000r\000y}{section.2}% 7
\BOOKMARK [2][-]{subsection.2.3}{\376\377\000P\000r\000o\000f\000i\000l\000e\000:\000\040\000D\000e\000f\000i\000n\000i\000n\000g\000\040\000t\000h\000e\000\040\000T\000o\000p\000o\000l\000o\000g\000y}{section.2}% 8
\BOOKMARK [2][-]{subsection.2.4}{\376\377\000P\000r\000o\000f\000i\000l\000e\000:\000\040\000C\000o\000m\000p\000l\000e\000t\000i\000n\000g\000\040\000t\000h\000e\000\040\000P\000r\000o\000f\000i\000l\000e}{section.2}% 9
\BOOKMARK [1][-]{section.3}{\376\377\000B\000u\000i\000l\000d\000i\000n\000g\000\040\000t\000h\000e\000\040\000B\000o\000d\000y}{}% 10
\BOOKMARK [2][-]{subsection.3.1}{\376\377\000P\000r\000i\000s\000m\000\040\000t\000h\000e\000\040\000P\000r\000o\000f\000i\000l\000e}{section.3}% 11
\BOOKMARK [2][-]{subsection.3.2}{\376\377\000A\000p\000p\000l\000y\000i\000n\000g\000\040\000F\000i\000l\000l\000e\000t\000s}{section.3}% 12
\BOOKMARK [2][-]{subsection.3.3}{\376\377\000A\000d\000d\000i\000n\000g\000\040\000t\000h\000e\000\040\000N\000e\000c\000k}{section.3}% 13
\BOOKMARK [2][-]{subsection.3.4}{\376\377\000C\000r\000e\000a\000t\000i\000n\000g\000\040\000a\000\040\000H\000o\000l\000l\000o\000w\000e\000d\000\040\000S\000o\000l\000i\000d}{section.3}% 14
\BOOKMARK [1][-]{section.4}{\376\377\000B\000u\000i\000l\000d\000i\000n\000g\000\040\000t\000h\000e\000\040\000T\000h\000r\000e\000a\000d\000i\000n\000g}{}% 15
\BOOKMARK [2][-]{subsection.4.1}{\376\377\000C\000r\000e\000a\000t\000i\000n\000g\000\040\000S\000u\000r\000f\000a\000c\000e\000s}{section.4}% 16
\BOOKMARK [2][-]{subsection.4.2}{\376\377\000D\000e\000f\000i\000n\000i\000n\000g\000\040\0002\000D\000\040\000C\000u\000r\000v\000e\000s}{section.4}% 17
\BOOKMARK [2][-]{subsection.4.3}{\376\377\000B\000u\000i\000l\000d\000i\000n\000g\000\040\000E\000d\000g\000e\000s\000\040\000a\000n\000d\000\040\000W\000i\000r\000e\000s}{section.4}% 18
\BOOKMARK [2][-]{subsection.4.4}{\376\377\000C\000r\000e\000a\000t\000i\000n\000g\000\040\000T\000h\000r\000e\000a\000d\000i\000n\000g}{section.4}% 19
\BOOKMARK [1][-]{section.5}{\376\377\000B\000u\000i\000l\000d\000i\000n\000g\000\040\000t\000h\000e\000\040\000R\000e\000s\000u\000l\000t\000i\000n\000g\000\040\000C\000o\000m\000p\000o\000u\000n\000d}{}% 20
\BOOKMARK [1][-]{section.6}{\376\377\000A\000p\000p\000e\000n\000d\000i\000x}{}% 21
