+M Geom2dHatch:pubinclude:Geom2dHatch_Intersector.hxx /dn43/OCCT/tmp/results_28.02.2011/occt/release-sources-20110228/inc/Geom2dHatch_Intersector.hxx
+M Geom2dHatch:privinclude:Geom2dHatch_Intersector.jxx /dn43/OCCT/tmp/results_28.02.2011/occt/release-sources-20110228/drv/Geom2dHatch/Geom2dHatch_Intersector.jxx
+M Geom2dHatch:privinclude:Geom2dHatch_Intersector.ixx /dn43/OCCT/tmp/results_28.02.2011/occt/release-sources-20110228/drv/Geom2dHatch/Geom2dHatch_Intersector.ixx
+M Geom2dHatch:pubinclude:Geom2dHatch_Hatcher.hxx /dn43/OCCT/tmp/results_28.02.2011/occt/release-sources-20110228/inc/Geom2dHatch_Hatcher.hxx
+M Geom2dHatch:derivated:Geom2dHatch_Hatcher_0.cxx /dn43/OCCT/tmp/results_28.02.2011/occt/release-sources-20110228/drv/Geom2dHatch/Geom2dHatch_Hatcher_0.cxx
+M Geom2dHatch:pubinclude:Geom2dHatch_ElementOfHatcher.hxx /dn43/OCCT/tmp/results_28.02.2011/occt/release-sources-20110228/inc/Geom2dHatch_ElementOfHatcher.hxx
+M Geom2dHatch:derivated:Geom2dHatch_ElementOfHatcher_0.cxx /dn43/OCCT/tmp/results_28.02.2011/occt/release-sources-20110228/drv/Geom2dHatch/Geom2dHatch_ElementOfHatcher_0.cxx
+M Geom2dHatch:pubinclude:Handle_Geom2dHatch_DataMapNodeOfMapOfElementsOfElementsOfHatcher.hxx /dn43/OCCT/tmp/results_28.02.2011/occt/release-sources-20110228/inc/Handle_Geom2dHatch_DataMapNodeOfMapOfElementsOfElementsOfHatcher.hxx
+M Geom2dHatch:pubinclude:Geom2dHatch_DataMapNodeOfMapOfElementsOfElementsOfHatcher.hxx /dn43/OCCT/tmp/results_28.02.2011/occt/release-sources-20110228/inc/Geom2dHatch_DataMapNodeOfMapOfElementsOfElementsOfHatcher.hxx
+M Geom2dHatch:derivated:Geom2dHatch_DataMapNodeOfMapOfElementsOfElementsOfHatcher_0.cxx /dn43/OCCT/tmp/results_28.02.2011/occt/release-sources-20110228/drv/Geom2dHatch/Geom2dHatch_DataMapNodeOfMapOfElementsOfElementsOfHatcher_0.cxx
+M Geom2dHatch:pubinclude:Geom2dHatch_DataMapIteratorOfMapOfElementsOfElementsOfHatcher.hxx /dn43/OCCT/tmp/results_28.02.2011/occt/release-sources-20110228/inc/Geom2dHatch_DataMapIteratorOfMapOfElementsOfElementsOfHatcher.hxx
+M Geom2dHatch:derivated:Geom2dHatch_DataMapIteratorOfMapOfElementsOfElementsOfHatcher_0.cxx /dn43/OCCT/tmp/results_28.02.2011/occt/release-sources-20110228/drv/Geom2dHatch/Geom2dHatch_DataMapIteratorOfMapOfElementsOfElementsOfHatcher_0.cxx
+M Geom2dHatch:pubinclude:Geom2dHatch_MapOfElementsOfElementsOfHatcher.hxx /dn43/OCCT/tmp/results_28.02.2011/occt/release-sources-20110228/inc/Geom2dHatch_MapOfElementsOfElementsOfHatcher.hxx
+M Geom2dHatch:derivated:Geom2dHatch_MapOfElementsOfElementsOfHatcher_0.cxx /dn43/OCCT/tmp/results_28.02.2011/occt/release-sources-20110228/drv/Geom2dHatch/Geom2dHatch_MapOfElementsOfElementsOfHatcher_0.cxx
+M Geom2dHatch:pubinclude:Geom2dHatch_ElementsOfHatcher.hxx /dn43/OCCT/tmp/results_28.02.2011/occt/release-sources-20110228/inc/Geom2dHatch_ElementsOfHatcher.hxx
+M Geom2dHatch:derivated:Geom2dHatch_ElementsOfHatcher_0.cxx /dn43/OCCT/tmp/results_28.02.2011/occt/release-sources-20110228/drv/Geom2dHatch/Geom2dHatch_ElementsOfHatcher_0.cxx
+M Geom2dHatch:pubinclude:Geom2dHatch_HatchingOfHatcher.hxx /dn43/OCCT/tmp/results_28.02.2011/occt/release-sources-20110228/inc/Geom2dHatch_HatchingOfHatcher.hxx
+M Geom2dHatch:derivated:Geom2dHatch_HatchingOfHatcher_0.cxx /dn43/OCCT/tmp/results_28.02.2011/occt/release-sources-20110228/drv/Geom2dHatch/Geom2dHatch_HatchingOfHatcher_0.cxx
+M Geom2dHatch:pubinclude:Handle_Geom2dHatch_DataMapNodeOfHatchingsOfHatcher.hxx /dn43/OCCT/tmp/results_28.02.2011/occt/release-sources-20110228/inc/Handle_Geom2dHatch_DataMapNodeOfHatchingsOfHatcher.hxx
+M Geom2dHatch:pubinclude:Geom2dHatch_DataMapNodeOfHatchingsOfHatcher.hxx /dn43/OCCT/tmp/results_28.02.2011/occt/release-sources-20110228/inc/Geom2dHatch_DataMapNodeOfHatchingsOfHatcher.hxx
+M Geom2dHatch:derivated:Geom2dHatch_DataMapNodeOfHatchingsOfHatcher_0.cxx /dn43/OCCT/tmp/results_28.02.2011/occt/release-sources-20110228/drv/Geom2dHatch/Geom2dHatch_DataMapNodeOfHatchingsOfHatcher_0.cxx
+M Geom2dHatch:pubinclude:Geom2dHatch_DataMapIteratorOfHatchingsOfHatcher.hxx /dn43/OCCT/tmp/results_28.02.2011/occt/release-sources-20110228/inc/Geom2dHatch_DataMapIteratorOfHatchingsOfHatcher.hxx
+M Geom2dHatch:derivated:Geom2dHatch_DataMapIteratorOfHatchingsOfHatcher_0.cxx /dn43/OCCT/tmp/results_28.02.2011/occt/release-sources-20110228/drv/Geom2dHatch/Geom2dHatch_DataMapIteratorOfHatchingsOfHatcher_0.cxx
+M Geom2dHatch:pubinclude:Geom2dHatch_HatchingsOfHatcher.hxx /dn43/OCCT/tmp/results_28.02.2011/occt/release-sources-20110228/inc/Geom2dHatch_HatchingsOfHatcher.hxx
+M Geom2dHatch:derivated:Geom2dHatch_HatchingsOfHatcher_0.cxx /dn43/OCCT/tmp/results_28.02.2011/occt/release-sources-20110228/drv/Geom2dHatch/Geom2dHatch_HatchingsOfHatcher_0.cxx
+M Geom2dHatch:pubinclude:Geom2dHatch_FClass2dOfClassifierOfHatcher.hxx /dn43/OCCT/tmp/results_28.02.2011/occt/release-sources-20110228/inc/Geom2dHatch_FClass2dOfClassifierOfHatcher.hxx
+M Geom2dHatch:derivated:Geom2dHatch_FClass2dOfClassifierOfHatcher_0.cxx /dn43/OCCT/tmp/results_28.02.2011/occt/release-sources-20110228/drv/Geom2dHatch/Geom2dHatch_FClass2dOfClassifierOfHatcher_0.cxx
+M Geom2dHatch:pubinclude:Geom2dHatch_ClassifierOfHatcher.hxx /dn43/OCCT/tmp/results_28.02.2011/occt/release-sources-20110228/inc/Geom2dHatch_ClassifierOfHatcher.hxx
+M Geom2dHatch:derivated:Geom2dHatch_ClassifierOfHatcher_0.cxx /dn43/OCCT/tmp/results_28.02.2011/occt/release-sources-20110228/drv/Geom2dHatch/Geom2dHatch_ClassifierOfHatcher_0.cxx
+M Geom2dHatch:dbadmfile:Geom2dHatch_xcpp_header.In /dn43/OCCT/tmp/results_28.02.2011/occt/release-sources-20110228/drv/Geom2dHatch/.adm/Geom2dHatch_xcpp_header.In
+M Geom2dHatch:dbadmfile:Geom2dHatch_xcpp_header.Out /dn43/OCCT/tmp/results_28.02.2011/occt/release-sources-20110228/drv/Geom2dHatch/.adm/Geom2dHatch_xcpp_header.Out
+M Geom2dHatch:dbadmfile:Geom2dHatch_xcpp_header.Dep /dn43/OCCT/tmp/results_28.02.2011/occt/release-sources-20110228/drv/Geom2dHatch/.adm/Geom2dHatch_xcpp_header.Dep
