+M Poly:pubinclude:Poly.hxx /dn43/OCCT/tmp/results_28.02.2011/occt/release-sources-20110228/inc/Poly.hxx
+M Poly:privinclude:Poly.jxx /dn43/OCCT/tmp/results_28.02.2011/occt/release-sources-20110228/drv/Poly/Poly.jxx
+M Poly:privinclude:Poly.ixx /dn43/OCCT/tmp/results_28.02.2011/occt/release-sources-20110228/drv/Poly/Poly.ixx
+M Poly:pubinclude:Poly_Triangle.hxx /dn43/OCCT/tmp/results_28.02.2011/occt/release-sources-20110228/inc/Poly_Triangle.hxx
+M Poly:privinclude:Poly_Triangle.jxx /dn43/OCCT/tmp/results_28.02.2011/occt/release-sources-20110228/drv/Poly/Poly_Triangle.jxx
+M Poly:privinclude:Poly_Triangle.ixx /dn43/OCCT/tmp/results_28.02.2011/occt/release-sources-20110228/drv/Poly/Poly_Triangle.ixx
+M Poly:pubinclude:Poly_Array1OfTriangle.hxx /dn43/OCCT/tmp/results_28.02.2011/occt/release-sources-20110228/inc/Poly_Array1OfTriangle.hxx
+M Poly:derivated:Poly_Array1OfTriangle_0.cxx /dn43/OCCT/tmp/results_28.02.2011/occt/release-sources-20110228/drv/Poly/Poly_Array1OfTriangle_0.cxx
+M Poly:pubinclude:Handle_Poly_HArray1OfTriangle.hxx /dn43/OCCT/tmp/results_28.02.2011/occt/release-sources-20110228/inc/Handle_Poly_HArray1OfTriangle.hxx
+M Poly:pubinclude:Poly_HArray1OfTriangle.hxx /dn43/OCCT/tmp/results_28.02.2011/occt/release-sources-20110228/inc/Poly_HArray1OfTriangle.hxx
+M Poly:derivated:Poly_HArray1OfTriangle_0.cxx /dn43/OCCT/tmp/results_28.02.2011/occt/release-sources-20110228/drv/Poly/Poly_HArray1OfTriangle_0.cxx
+M Poly:pubinclude:Handle_Poly_Triangulation.hxx /dn43/OCCT/tmp/results_28.02.2011/occt/release-sources-20110228/inc/Handle_Poly_Triangulation.hxx
+M Poly:pubinclude:Poly_Triangulation.hxx /dn43/OCCT/tmp/results_28.02.2011/occt/release-sources-20110228/inc/Poly_Triangulation.hxx
+M Poly:privinclude:Poly_Triangulation.jxx /dn43/OCCT/tmp/results_28.02.2011/occt/release-sources-20110228/drv/Poly/Poly_Triangulation.jxx
+M Poly:privinclude:Poly_Triangulation.ixx /dn43/OCCT/tmp/results_28.02.2011/occt/release-sources-20110228/drv/Poly/Poly_Triangulation.ixx
+M Poly:pubinclude:Handle_Poly_Polygon3D.hxx /dn43/OCCT/tmp/results_28.02.2011/occt/release-sources-20110228/inc/Handle_Poly_Polygon3D.hxx
+M Poly:pubinclude:Poly_Polygon3D.hxx /dn43/OCCT/tmp/results_28.02.2011/occt/release-sources-20110228/inc/Poly_Polygon3D.hxx
+M Poly:privinclude:Poly_Polygon3D.jxx /dn43/OCCT/tmp/results_28.02.2011/occt/release-sources-20110228/drv/Poly/Poly_Polygon3D.jxx
+M Poly:privinclude:Poly_Polygon3D.ixx /dn43/OCCT/tmp/results_28.02.2011/occt/release-sources-20110228/drv/Poly/Poly_Polygon3D.ixx
+M Poly:pubinclude:Handle_Poly_Polygon2D.hxx /dn43/OCCT/tmp/results_28.02.2011/occt/release-sources-20110228/inc/Handle_Poly_Polygon2D.hxx
+M Poly:pubinclude:Poly_Polygon2D.hxx /dn43/OCCT/tmp/results_28.02.2011/occt/release-sources-20110228/inc/Poly_Polygon2D.hxx
+M Poly:privinclude:Poly_Polygon2D.jxx /dn43/OCCT/tmp/results_28.02.2011/occt/release-sources-20110228/drv/Poly/Poly_Polygon2D.jxx
+M Poly:privinclude:Poly_Polygon2D.ixx /dn43/OCCT/tmp/results_28.02.2011/occt/release-sources-20110228/drv/Poly/Poly_Polygon2D.ixx
+M Poly:pubinclude:Handle_Poly_PolygonOnTriangulation.hxx /dn43/OCCT/tmp/results_28.02.2011/occt/release-sources-20110228/inc/Handle_Poly_PolygonOnTriangulation.hxx
+M Poly:pubinclude:Poly_PolygonOnTriangulation.hxx /dn43/OCCT/tmp/results_28.02.2011/occt/release-sources-20110228/inc/Poly_PolygonOnTriangulation.hxx
+M Poly:privinclude:Poly_PolygonOnTriangulation.jxx /dn43/OCCT/tmp/results_28.02.2011/occt/release-sources-20110228/drv/Poly/Poly_PolygonOnTriangulation.jxx
+M Poly:privinclude:Poly_PolygonOnTriangulation.ixx /dn43/OCCT/tmp/results_28.02.2011/occt/release-sources-20110228/drv/Poly/Poly_PolygonOnTriangulation.ixx
+M Poly:pubinclude:Poly_Connect.hxx /dn43/OCCT/tmp/results_28.02.2011/occt/release-sources-20110228/inc/Poly_Connect.hxx
+M Poly:privinclude:Poly_Connect.jxx /dn43/OCCT/tmp/results_28.02.2011/occt/release-sources-20110228/drv/Poly/Poly_Connect.jxx
+M Poly:privinclude:Poly_Connect.ixx /dn43/OCCT/tmp/results_28.02.2011/occt/release-sources-20110228/drv/Poly/Poly_Connect.ixx
+M Poly:dbadmfile:Poly_xcpp_header.In /dn43/OCCT/tmp/results_28.02.2011/occt/release-sources-20110228/drv/Poly/.adm/Poly_xcpp_header.In
+M Poly:dbadmfile:Poly_xcpp_header.Out /dn43/OCCT/tmp/results_28.02.2011/occt/release-sources-20110228/drv/Poly/.adm/Poly_xcpp_header.Out
+M Poly:dbadmfile:Poly_xcpp_header.Dep /dn43/OCCT/tmp/results_28.02.2011/occt/release-sources-20110228/drv/Poly/.adm/Poly_xcpp_header.Dep
