+M BRepAlgo:pubinclude:BRepAlgo.hxx /dn43/OCCT/tmp/results_31.05.2011/occt/release-sources-20110531/inc/BRepAlgo.hxx
+M BRepAlgo:privinclude:BRepAlgo.jxx /dn43/OCCT/tmp/results_31.05.2011/occt/release-sources-20110531/drv/BRepAlgo/BRepAlgo.jxx
+M BRepAlgo:privinclude:BRepAlgo.ixx /dn43/OCCT/tmp/results_31.05.2011/occt/release-sources-20110531/drv/BRepAlgo/BRepAlgo.ixx
+M BRepAlgo:pubinclude:BRepAlgo_BooleanOperation.hxx /dn43/OCCT/tmp/results_31.05.2011/occt/release-sources-20110531/inc/BRepAlgo_BooleanOperation.hxx
+M BRepAlgo:privinclude:BRepAlgo_BooleanOperation.jxx /dn43/OCCT/tmp/results_31.05.2011/occt/release-sources-20110531/drv/BRepAlgo/BRepAlgo_BooleanOperation.jxx
+M BRepAlgo:privinclude:BRepAlgo_BooleanOperation.ixx /dn43/OCCT/tmp/results_31.05.2011/occt/release-sources-20110531/drv/BRepAlgo/BRepAlgo_BooleanOperation.ixx
+M BRepAlgo:pubinclude:BRepAlgo_Fuse.hxx /dn43/OCCT/tmp/results_31.05.2011/occt/release-sources-20110531/inc/BRepAlgo_Fuse.hxx
+M BRepAlgo:privinclude:BRepAlgo_Fuse.jxx /dn43/OCCT/tmp/results_31.05.2011/occt/release-sources-20110531/drv/BRepAlgo/BRepAlgo_Fuse.jxx
+M BRepAlgo:privinclude:BRepAlgo_Fuse.ixx /dn43/OCCT/tmp/results_31.05.2011/occt/release-sources-20110531/drv/BRepAlgo/BRepAlgo_Fuse.ixx
+M BRepAlgo:pubinclude:BRepAlgo_Cut.hxx /dn43/OCCT/tmp/results_31.05.2011/occt/release-sources-20110531/inc/BRepAlgo_Cut.hxx
+M BRepAlgo:privinclude:BRepAlgo_Cut.jxx /dn43/OCCT/tmp/results_31.05.2011/occt/release-sources-20110531/drv/BRepAlgo/BRepAlgo_Cut.jxx
+M BRepAlgo:privinclude:BRepAlgo_Cut.ixx /dn43/OCCT/tmp/results_31.05.2011/occt/release-sources-20110531/drv/BRepAlgo/BRepAlgo_Cut.ixx
+M BRepAlgo:pubinclude:BRepAlgo_Common.hxx /dn43/OCCT/tmp/results_31.05.2011/occt/release-sources-20110531/inc/BRepAlgo_Common.hxx
+M BRepAlgo:privinclude:BRepAlgo_Common.jxx /dn43/OCCT/tmp/results_31.05.2011/occt/release-sources-20110531/drv/BRepAlgo/BRepAlgo_Common.jxx
+M BRepAlgo:privinclude:BRepAlgo_Common.ixx /dn43/OCCT/tmp/results_31.05.2011/occt/release-sources-20110531/drv/BRepAlgo/BRepAlgo_Common.ixx
+M BRepAlgo:pubinclude:BRepAlgo_Section.hxx /dn43/OCCT/tmp/results_31.05.2011/occt/release-sources-20110531/inc/BRepAlgo_Section.hxx
+M BRepAlgo:privinclude:BRepAlgo_Section.jxx /dn43/OCCT/tmp/results_31.05.2011/occt/release-sources-20110531/drv/BRepAlgo/BRepAlgo_Section.jxx
+M BRepAlgo:privinclude:BRepAlgo_Section.ixx /dn43/OCCT/tmp/results_31.05.2011/occt/release-sources-20110531/drv/BRepAlgo/BRepAlgo_Section.ixx
+M BRepAlgo:pubinclude:BRepAlgo_Loop.hxx /dn43/OCCT/tmp/results_31.05.2011/occt/release-sources-20110531/inc/BRepAlgo_Loop.hxx
+M BRepAlgo:privinclude:BRepAlgo_Loop.jxx /dn43/OCCT/tmp/results_31.05.2011/occt/release-sources-20110531/drv/BRepAlgo/BRepAlgo_Loop.jxx
+M BRepAlgo:privinclude:BRepAlgo_Loop.ixx /dn43/OCCT/tmp/results_31.05.2011/occt/release-sources-20110531/drv/BRepAlgo/BRepAlgo_Loop.ixx
+M BRepAlgo:pubinclude:BRepAlgo_Tool.hxx /dn43/OCCT/tmp/results_31.05.2011/occt/release-sources-20110531/inc/BRepAlgo_Tool.hxx
+M BRepAlgo:privinclude:BRepAlgo_Tool.jxx /dn43/OCCT/tmp/results_31.05.2011/occt/release-sources-20110531/drv/BRepAlgo/BRepAlgo_Tool.jxx
+M BRepAlgo:privinclude:BRepAlgo_Tool.ixx /dn43/OCCT/tmp/results_31.05.2011/occt/release-sources-20110531/drv/BRepAlgo/BRepAlgo_Tool.ixx
+M BRepAlgo:pubinclude:BRepAlgo_Image.hxx /dn43/OCCT/tmp/results_31.05.2011/occt/release-sources-20110531/inc/BRepAlgo_Image.hxx
+M BRepAlgo:privinclude:BRepAlgo_Image.jxx /dn43/OCCT/tmp/results_31.05.2011/occt/release-sources-20110531/drv/BRepAlgo/BRepAlgo_Image.jxx
+M BRepAlgo:privinclude:BRepAlgo_Image.ixx /dn43/OCCT/tmp/results_31.05.2011/occt/release-sources-20110531/drv/BRepAlgo/BRepAlgo_Image.ixx
+M BRepAlgo:pubinclude:Handle_BRepAlgo_AsDes.hxx /dn43/OCCT/tmp/results_31.05.2011/occt/release-sources-20110531/inc/Handle_BRepAlgo_AsDes.hxx
+M BRepAlgo:pubinclude:BRepAlgo_AsDes.hxx /dn43/OCCT/tmp/results_31.05.2011/occt/release-sources-20110531/inc/BRepAlgo_AsDes.hxx
+M BRepAlgo:privinclude:BRepAlgo_AsDes.jxx /dn43/OCCT/tmp/results_31.05.2011/occt/release-sources-20110531/drv/BRepAlgo/BRepAlgo_AsDes.jxx
+M BRepAlgo:privinclude:BRepAlgo_AsDes.ixx /dn43/OCCT/tmp/results_31.05.2011/occt/release-sources-20110531/drv/BRepAlgo/BRepAlgo_AsDes.ixx
+M BRepAlgo:pubinclude:BRepAlgo_FaceRestrictor.hxx /dn43/OCCT/tmp/results_31.05.2011/occt/release-sources-20110531/inc/BRepAlgo_FaceRestrictor.hxx
+M BRepAlgo:privinclude:BRepAlgo_FaceRestrictor.jxx /dn43/OCCT/tmp/results_31.05.2011/occt/release-sources-20110531/drv/BRepAlgo/BRepAlgo_FaceRestrictor.jxx
+M BRepAlgo:privinclude:BRepAlgo_FaceRestrictor.ixx /dn43/OCCT/tmp/results_31.05.2011/occt/release-sources-20110531/drv/BRepAlgo/BRepAlgo_FaceRestrictor.ixx
+M BRepAlgo:pubinclude:BRepAlgo_BooleanOperations.hxx /dn43/OCCT/tmp/results_31.05.2011/occt/release-sources-20110531/inc/BRepAlgo_BooleanOperations.hxx
+M BRepAlgo:privinclude:BRepAlgo_BooleanOperations.jxx /dn43/OCCT/tmp/results_31.05.2011/occt/release-sources-20110531/drv/BRepAlgo/BRepAlgo_BooleanOperations.jxx
+M BRepAlgo:privinclude:BRepAlgo_BooleanOperations.ixx /dn43/OCCT/tmp/results_31.05.2011/occt/release-sources-20110531/drv/BRepAlgo/BRepAlgo_BooleanOperations.ixx
+M BRepAlgo:pubinclude:BRepAlgo_DSAccess.hxx /dn43/OCCT/tmp/results_31.05.2011/occt/release-sources-20110531/inc/BRepAlgo_DSAccess.hxx
+M BRepAlgo:privinclude:BRepAlgo_DSAccess.jxx /dn43/OCCT/tmp/results_31.05.2011/occt/release-sources-20110531/drv/BRepAlgo/BRepAlgo_DSAccess.jxx
+M BRepAlgo:privinclude:BRepAlgo_DSAccess.ixx /dn43/OCCT/tmp/results_31.05.2011/occt/release-sources-20110531/drv/BRepAlgo/BRepAlgo_DSAccess.ixx
+M BRepAlgo:pubinclude:BRepAlgo_TopOpe.hxx /dn43/OCCT/tmp/results_31.05.2011/occt/release-sources-20110531/inc/BRepAlgo_TopOpe.hxx
+M BRepAlgo:privinclude:BRepAlgo_TopOpe.jxx /dn43/OCCT/tmp/results_31.05.2011/occt/release-sources-20110531/drv/BRepAlgo/BRepAlgo_TopOpe.jxx
+M BRepAlgo:privinclude:BRepAlgo_TopOpe.ixx /dn43/OCCT/tmp/results_31.05.2011/occt/release-sources-20110531/drv/BRepAlgo/BRepAlgo_TopOpe.ixx
+M BRepAlgo:pubinclude:Handle_BRepAlgo_EdgeConnector.hxx /dn43/OCCT/tmp/results_31.05.2011/occt/release-sources-20110531/inc/Handle_BRepAlgo_EdgeConnector.hxx
+M BRepAlgo:pubinclude:BRepAlgo_EdgeConnector.hxx /dn43/OCCT/tmp/results_31.05.2011/occt/release-sources-20110531/inc/BRepAlgo_EdgeConnector.hxx
+M BRepAlgo:privinclude:BRepAlgo_EdgeConnector.jxx /dn43/OCCT/tmp/results_31.05.2011/occt/release-sources-20110531/drv/BRepAlgo/BRepAlgo_EdgeConnector.jxx
+M BRepAlgo:privinclude:BRepAlgo_EdgeConnector.ixx /dn43/OCCT/tmp/results_31.05.2011/occt/release-sources-20110531/drv/BRepAlgo/BRepAlgo_EdgeConnector.ixx
+M BRepAlgo:pubinclude:BRepAlgo_NormalProjection.hxx /dn43/OCCT/tmp/results_31.05.2011/occt/release-sources-20110531/inc/BRepAlgo_NormalProjection.hxx
+M BRepAlgo:privinclude:BRepAlgo_NormalProjection.jxx /dn43/OCCT/tmp/results_31.05.2011/occt/release-sources-20110531/drv/BRepAlgo/BRepAlgo_NormalProjection.jxx
+M BRepAlgo:privinclude:BRepAlgo_NormalProjection.ixx /dn43/OCCT/tmp/results_31.05.2011/occt/release-sources-20110531/drv/BRepAlgo/BRepAlgo_NormalProjection.ixx
+M BRepAlgo:pubinclude:BRepAlgo_DataMapOfShapeBoolean.hxx /dn43/OCCT/tmp/results_31.05.2011/occt/release-sources-20110531/inc/BRepAlgo_DataMapOfShapeBoolean.hxx
+M BRepAlgo:derivated:BRepAlgo_DataMapOfShapeBoolean_0.cxx /dn43/OCCT/tmp/results_31.05.2011/occt/release-sources-20110531/drv/BRepAlgo/BRepAlgo_DataMapOfShapeBoolean_0.cxx
+M BRepAlgo:pubinclude:BRepAlgo_DataMapOfShapeInterference.hxx /dn43/OCCT/tmp/results_31.05.2011/occt/release-sources-20110531/inc/BRepAlgo_DataMapOfShapeInterference.hxx
+M BRepAlgo:derivated:BRepAlgo_DataMapOfShapeInterference_0.cxx /dn43/OCCT/tmp/results_31.05.2011/occt/release-sources-20110531/drv/BRepAlgo/BRepAlgo_DataMapOfShapeInterference_0.cxx
+M BRepAlgo:pubinclude:BRepAlgo_SequenceOfSequenceOfInteger.hxx /dn43/OCCT/tmp/results_31.05.2011/occt/release-sources-20110531/inc/BRepAlgo_SequenceOfSequenceOfInteger.hxx
+M BRepAlgo:derivated:BRepAlgo_SequenceOfSequenceOfInteger_0.cxx /dn43/OCCT/tmp/results_31.05.2011/occt/release-sources-20110531/drv/BRepAlgo/BRepAlgo_SequenceOfSequenceOfInteger_0.cxx
+M BRepAlgo:pubinclude:Handle_BRepAlgo_DataMapNodeOfDataMapOfShapeBoolean.hxx /dn43/OCCT/tmp/results_31.05.2011/occt/release-sources-20110531/inc/Handle_BRepAlgo_DataMapNodeOfDataMapOfShapeBoolean.hxx
+M BRepAlgo:pubinclude:BRepAlgo_DataMapNodeOfDataMapOfShapeBoolean.hxx /dn43/OCCT/tmp/results_31.05.2011/occt/release-sources-20110531/inc/BRepAlgo_DataMapNodeOfDataMapOfShapeBoolean.hxx
+M BRepAlgo:derivated:BRepAlgo_DataMapNodeOfDataMapOfShapeBoolean_0.cxx /dn43/OCCT/tmp/results_31.05.2011/occt/release-sources-20110531/drv/BRepAlgo/BRepAlgo_DataMapNodeOfDataMapOfShapeBoolean_0.cxx
+M BRepAlgo:pubinclude:BRepAlgo_DataMapIteratorOfDataMapOfShapeBoolean.hxx /dn43/OCCT/tmp/results_31.05.2011/occt/release-sources-20110531/inc/BRepAlgo_DataMapIteratorOfDataMapOfShapeBoolean.hxx
+M BRepAlgo:derivated:BRepAlgo_DataMapIteratorOfDataMapOfShapeBoolean_0.cxx /dn43/OCCT/tmp/results_31.05.2011/occt/release-sources-20110531/drv/BRepAlgo/BRepAlgo_DataMapIteratorOfDataMapOfShapeBoolean_0.cxx
+M BRepAlgo:pubinclude:Handle_BRepAlgo_DataMapNodeOfDataMapOfShapeInterference.hxx /dn43/OCCT/tmp/results_31.05.2011/occt/release-sources-20110531/inc/Handle_BRepAlgo_DataMapNodeOfDataMapOfShapeInterference.hxx
+M BRepAlgo:pubinclude:BRepAlgo_DataMapNodeOfDataMapOfShapeInterference.hxx /dn43/OCCT/tmp/results_31.05.2011/occt/release-sources-20110531/inc/BRepAlgo_DataMapNodeOfDataMapOfShapeInterference.hxx
+M BRepAlgo:derivated:BRepAlgo_DataMapNodeOfDataMapOfShapeInterference_0.cxx /dn43/OCCT/tmp/results_31.05.2011/occt/release-sources-20110531/drv/BRepAlgo/BRepAlgo_DataMapNodeOfDataMapOfShapeInterference_0.cxx
+M BRepAlgo:pubinclude:BRepAlgo_DataMapIteratorOfDataMapOfShapeInterference.hxx /dn43/OCCT/tmp/results_31.05.2011/occt/release-sources-20110531/inc/BRepAlgo_DataMapIteratorOfDataMapOfShapeInterference.hxx
+M BRepAlgo:derivated:BRepAlgo_DataMapIteratorOfDataMapOfShapeInterference_0.cxx /dn43/OCCT/tmp/results_31.05.2011/occt/release-sources-20110531/drv/BRepAlgo/BRepAlgo_DataMapIteratorOfDataMapOfShapeInterference_0.cxx
+M BRepAlgo:pubinclude:Handle_BRepAlgo_SequenceNodeOfSequenceOfSequenceOfInteger.hxx /dn43/OCCT/tmp/results_31.05.2011/occt/release-sources-20110531/inc/Handle_BRepAlgo_SequenceNodeOfSequenceOfSequenceOfInteger.hxx
+M BRepAlgo:pubinclude:BRepAlgo_SequenceNodeOfSequenceOfSequenceOfInteger.hxx /dn43/OCCT/tmp/results_31.05.2011/occt/release-sources-20110531/inc/BRepAlgo_SequenceNodeOfSequenceOfSequenceOfInteger.hxx
+M BRepAlgo:derivated:BRepAlgo_SequenceNodeOfSequenceOfSequenceOfInteger_0.cxx /dn43/OCCT/tmp/results_31.05.2011/occt/release-sources-20110531/drv/BRepAlgo/BRepAlgo_SequenceNodeOfSequenceOfSequenceOfInteger_0.cxx
+M BRepAlgo:pubinclude:BRepAlgo_CheckStatus.hxx /dn43/OCCT/tmp/results_31.05.2011/occt/release-sources-20110531/inc/BRepAlgo_CheckStatus.hxx
+M BRepAlgo:dbadmfile:BRepAlgo_xcpp_header.In /dn43/OCCT/tmp/results_31.05.2011/occt/release-sources-20110531/drv/BRepAlgo/.adm/BRepAlgo_xcpp_header.In
+M BRepAlgo:dbadmfile:BRepAlgo_xcpp_header.Out /dn43/OCCT/tmp/results_31.05.2011/occt/release-sources-20110531/drv/BRepAlgo/.adm/BRepAlgo_xcpp_header.Out
+M BRepAlgo:dbadmfile:BRepAlgo_xcpp_header.Dep /dn43/OCCT/tmp/results_31.05.2011/occt/release-sources-20110531/drv/BRepAlgo/.adm/BRepAlgo_xcpp_header.Dep
