+M BOPTColStd:pubinclude:BOPTColStd_Dump.hxx /dn43/OCCT/tmp/results_31.05.2011/occt/release-sources-20110531/inc/BOPTColStd_Dump.hxx
+M BOPTColStd:privinclude:BOPTColStd_Dump.jxx /dn43/OCCT/tmp/results_31.05.2011/occt/release-sources-20110531/drv/BOPTColStd/BOPTColStd_Dump.jxx
+M BOPTColStd:privinclude:BOPTColStd_Dump.ixx /dn43/OCCT/tmp/results_31.05.2011/occt/release-sources-20110531/drv/BOPTColStd/BOPTColStd_Dump.ixx
+M BOPTColStd:pubinclude:BOPTColStd_Failure.hxx /dn43/OCCT/tmp/results_31.05.2011/occt/release-sources-20110531/inc/BOPTColStd_Failure.hxx
+M BOPTColStd:privinclude:BOPTColStd_Failure.jxx /dn43/OCCT/tmp/results_31.05.2011/occt/release-sources-20110531/drv/BOPTColStd/BOPTColStd_Failure.jxx
+M BOPTColStd:privinclude:BOPTColStd_Failure.ixx /dn43/OCCT/tmp/results_31.05.2011/occt/release-sources-20110531/drv/BOPTColStd/BOPTColStd_Failure.ixx
+M BOPTColStd:pubinclude:BOPTColStd_ShapeWithRank.hxx /dn43/OCCT/tmp/results_31.05.2011/occt/release-sources-20110531/inc/BOPTColStd_ShapeWithRank.hxx
+M BOPTColStd:privinclude:BOPTColStd_ShapeWithRank.jxx /dn43/OCCT/tmp/results_31.05.2011/occt/release-sources-20110531/drv/BOPTColStd/BOPTColStd_ShapeWithRank.jxx
+M BOPTColStd:privinclude:BOPTColStd_ShapeWithRank.ixx /dn43/OCCT/tmp/results_31.05.2011/occt/release-sources-20110531/drv/BOPTColStd/BOPTColStd_ShapeWithRank.ixx
+M BOPTColStd:pubinclude:BOPTColStd_ShapeWithRankHasher.hxx /dn43/OCCT/tmp/results_31.05.2011/occt/release-sources-20110531/inc/BOPTColStd_ShapeWithRankHasher.hxx
+M BOPTColStd:privinclude:BOPTColStd_ShapeWithRankHasher.jxx /dn43/OCCT/tmp/results_31.05.2011/occt/release-sources-20110531/drv/BOPTColStd/BOPTColStd_ShapeWithRankHasher.jxx
+M BOPTColStd:privinclude:BOPTColStd_ShapeWithRankHasher.ixx /dn43/OCCT/tmp/results_31.05.2011/occt/release-sources-20110531/drv/BOPTColStd/BOPTColStd_ShapeWithRankHasher.ixx
+M BOPTColStd:pubinclude:BOPTColStd_CArray1OfInteger.hxx /dn43/OCCT/tmp/results_31.05.2011/occt/release-sources-20110531/inc/BOPTColStd_CArray1OfInteger.hxx
+M BOPTColStd:derivated:BOPTColStd_CArray1OfInteger_0.cxx /dn43/OCCT/tmp/results_31.05.2011/occt/release-sources-20110531/drv/BOPTColStd/BOPTColStd_CArray1OfInteger_0.cxx
+M BOPTColStd:pubinclude:BOPTColStd_CArray1OfShape.hxx /dn43/OCCT/tmp/results_31.05.2011/occt/release-sources-20110531/inc/BOPTColStd_CArray1OfShape.hxx
+M BOPTColStd:derivated:BOPTColStd_CArray1OfShape_0.cxx /dn43/OCCT/tmp/results_31.05.2011/occt/release-sources-20110531/drv/BOPTColStd/BOPTColStd_CArray1OfShape_0.cxx
+M BOPTColStd:pubinclude:BOPTColStd_CArray1OfPnt2d.hxx /dn43/OCCT/tmp/results_31.05.2011/occt/release-sources-20110531/inc/BOPTColStd_CArray1OfPnt2d.hxx
+M BOPTColStd:derivated:BOPTColStd_CArray1OfPnt2d_0.cxx /dn43/OCCT/tmp/results_31.05.2011/occt/release-sources-20110531/drv/BOPTColStd/BOPTColStd_CArray1OfPnt2d_0.cxx
+M BOPTColStd:pubinclude:BOPTColStd_IndexedDataMapOfIntegerInteger.hxx /dn43/OCCT/tmp/results_31.05.2011/occt/release-sources-20110531/inc/BOPTColStd_IndexedDataMapOfIntegerInteger.hxx
+M BOPTColStd:derivated:BOPTColStd_IndexedDataMapOfIntegerInteger_0.cxx /dn43/OCCT/tmp/results_31.05.2011/occt/release-sources-20110531/drv/BOPTColStd/BOPTColStd_IndexedDataMapOfIntegerInteger_0.cxx
+M BOPTColStd:pubinclude:BOPTColStd_ListOfListOfShape.hxx /dn43/OCCT/tmp/results_31.05.2011/occt/release-sources-20110531/inc/BOPTColStd_ListOfListOfShape.hxx
+M BOPTColStd:derivated:BOPTColStd_ListOfListOfShape_0.cxx /dn43/OCCT/tmp/results_31.05.2011/occt/release-sources-20110531/drv/BOPTColStd/BOPTColStd_ListOfListOfShape_0.cxx
+M BOPTColStd:pubinclude:BOPTColStd_IndexedDataMapOfIntegerIndexedMapOfInteger.hxx /dn43/OCCT/tmp/results_31.05.2011/occt/release-sources-20110531/inc/BOPTColStd_IndexedDataMapOfIntegerIndexedMapOfInteger.hxx
+M BOPTColStd:derivated:BOPTColStd_IndexedDataMapOfIntegerIndexedMapOfInteger_0.cxx /dn43/OCCT/tmp/results_31.05.2011/occt/release-sources-20110531/drv/BOPTColStd/BOPTColStd_IndexedDataMapOfIntegerIndexedMapOfInteger_0.cxx
+M BOPTColStd:pubinclude:BOPTColStd_IndexedDataMapOfSWRInteger.hxx /dn43/OCCT/tmp/results_31.05.2011/occt/release-sources-20110531/inc/BOPTColStd_IndexedDataMapOfSWRInteger.hxx
+M BOPTColStd:derivated:BOPTColStd_IndexedDataMapOfSWRInteger_0.cxx /dn43/OCCT/tmp/results_31.05.2011/occt/release-sources-20110531/drv/BOPTColStd/BOPTColStd_IndexedDataMapOfSWRInteger_0.cxx
+M BOPTColStd:pubinclude:Handle_BOPTColStd_IndexedDataMapNodeOfIndexedDataMapOfIntegerInteger.hxx /dn43/OCCT/tmp/results_31.05.2011/occt/release-sources-20110531/inc/Handle_BOPTColStd_IndexedDataMapNodeOfIndexedDataMapOfIntegerInteger.hxx
+M BOPTColStd:pubinclude:BOPTColStd_IndexedDataMapNodeOfIndexedDataMapOfIntegerInteger.hxx /dn43/OCCT/tmp/results_31.05.2011/occt/release-sources-20110531/inc/BOPTColStd_IndexedDataMapNodeOfIndexedDataMapOfIntegerInteger.hxx
+M BOPTColStd:derivated:BOPTColStd_IndexedDataMapNodeOfIndexedDataMapOfIntegerInteger_0.cxx /dn43/OCCT/tmp/results_31.05.2011/occt/release-sources-20110531/drv/BOPTColStd/BOPTColStd_IndexedDataMapNodeOfIndexedDataMapOfIntegerInteger_0.cxx
+M BOPTColStd:pubinclude:Handle_BOPTColStd_ListNodeOfListOfListOfShape.hxx /dn43/OCCT/tmp/results_31.05.2011/occt/release-sources-20110531/inc/Handle_BOPTColStd_ListNodeOfListOfListOfShape.hxx
+M BOPTColStd:pubinclude:BOPTColStd_ListNodeOfListOfListOfShape.hxx /dn43/OCCT/tmp/results_31.05.2011/occt/release-sources-20110531/inc/BOPTColStd_ListNodeOfListOfListOfShape.hxx
+M BOPTColStd:derivated:BOPTColStd_ListNodeOfListOfListOfShape_0.cxx /dn43/OCCT/tmp/results_31.05.2011/occt/release-sources-20110531/drv/BOPTColStd/BOPTColStd_ListNodeOfListOfListOfShape_0.cxx
+M BOPTColStd:pubinclude:BOPTColStd_ListIteratorOfListOfListOfShape.hxx /dn43/OCCT/tmp/results_31.05.2011/occt/release-sources-20110531/inc/BOPTColStd_ListIteratorOfListOfListOfShape.hxx
+M BOPTColStd:derivated:BOPTColStd_ListIteratorOfListOfListOfShape_0.cxx /dn43/OCCT/tmp/results_31.05.2011/occt/release-sources-20110531/drv/BOPTColStd/BOPTColStd_ListIteratorOfListOfListOfShape_0.cxx
+M BOPTColStd:pubinclude:Handle_BOPTColStd_IndexedDataMapNodeOfIndexedDataMapOfIntegerIndexedMapOfInteger.hxx /dn43/OCCT/tmp/results_31.05.2011/occt/release-sources-20110531/inc/Handle_BOPTColStd_IndexedDataMapNodeOfIndexedDataMapOfIntegerIndexedMapOfInteger.hxx
+M BOPTColStd:pubinclude:BOPTColStd_IndexedDataMapNodeOfIndexedDataMapOfIntegerIndexedMapOfInteger.hxx /dn43/OCCT/tmp/results_31.05.2011/occt/release-sources-20110531/inc/BOPTColStd_IndexedDataMapNodeOfIndexedDataMapOfIntegerIndexedMapOfInteger.hxx
+M BOPTColStd:derivated:BOPTColStd_IndexedDataMapNodeOfIndexedDataMapOfIntegerIndexedMapOfInteger_0.cxx /dn43/OCCT/tmp/results_31.05.2011/occt/release-sources-20110531/drv/BOPTColStd/BOPTColStd_IndexedDataMapNodeOfIndexedDataMapOfIntegerIndexedMapOfInteger_0.cxx
+M BOPTColStd:pubinclude:Handle_BOPTColStd_IndexedDataMapNodeOfIndexedDataMapOfSWRInteger.hxx /dn43/OCCT/tmp/results_31.05.2011/occt/release-sources-20110531/inc/Handle_BOPTColStd_IndexedDataMapNodeOfIndexedDataMapOfSWRInteger.hxx
+M BOPTColStd:pubinclude:BOPTColStd_IndexedDataMapNodeOfIndexedDataMapOfSWRInteger.hxx /dn43/OCCT/tmp/results_31.05.2011/occt/release-sources-20110531/inc/BOPTColStd_IndexedDataMapNodeOfIndexedDataMapOfSWRInteger.hxx
+M BOPTColStd:derivated:BOPTColStd_IndexedDataMapNodeOfIndexedDataMapOfSWRInteger_0.cxx /dn43/OCCT/tmp/results_31.05.2011/occt/release-sources-20110531/drv/BOPTColStd/BOPTColStd_IndexedDataMapNodeOfIndexedDataMapOfSWRInteger_0.cxx
+M BOPTColStd:dbadmfile:BOPTColStd_xcpp_header.In /dn43/OCCT/tmp/results_31.05.2011/occt/release-sources-20110531/drv/BOPTColStd/.adm/BOPTColStd_xcpp_header.In
+M BOPTColStd:dbadmfile:BOPTColStd_xcpp_header.Out /dn43/OCCT/tmp/results_31.05.2011/occt/release-sources-20110531/drv/BOPTColStd/.adm/BOPTColStd_xcpp_header.Out
+M BOPTColStd:dbadmfile:BOPTColStd_xcpp_header.Dep /dn43/OCCT/tmp/results_31.05.2011/occt/release-sources-20110531/drv/BOPTColStd/.adm/BOPTColStd_xcpp_header.Dep
