+M PCDM:pubinclude:PCDM.hxx /dn43/OCCT/tmp/results_30.09.2011/occt/release-sources-20110930/inc/PCDM.hxx
+M PCDM:privinclude:PCDM.jxx /dn43/OCCT/tmp/results_30.09.2011/occt/release-sources-20110930/drv/PCDM/PCDM.jxx
+M PCDM:privinclude:PCDM.ixx /dn43/OCCT/tmp/results_30.09.2011/occt/release-sources-20110930/drv/PCDM/PCDM.ixx
+M PCDM:pubinclude:Handle_PCDM_Document.hxx /dn43/OCCT/tmp/results_30.09.2011/occt/release-sources-20110930/inc/Handle_PCDM_Document.hxx
+M PCDM:pubinclude:PCDM_Document.hxx /dn43/OCCT/tmp/results_30.09.2011/occt/release-sources-20110930/inc/PCDM_Document.hxx
+M PCDM:privinclude:PCDM_Document.jxx /dn43/OCCT/tmp/results_30.09.2011/occt/release-sources-20110930/drv/PCDM/PCDM_Document.jxx
+M PCDM:privinclude:PCDM_Document.ixx /dn43/OCCT/tmp/results_30.09.2011/occt/release-sources-20110930/drv/PCDM/PCDM_Document.ixx
+M PCDM:pubinclude:PCDM_SequenceOfDocument.hxx /dn43/OCCT/tmp/results_30.09.2011/occt/release-sources-20110930/inc/PCDM_SequenceOfDocument.hxx
+M PCDM:derivated:PCDM_SequenceOfDocument_0.cxx /dn43/OCCT/tmp/results_30.09.2011/occt/release-sources-20110930/drv/PCDM/PCDM_SequenceOfDocument_0.cxx
+M PCDM:pubinclude:Handle_PCDM_Reader.hxx /dn43/OCCT/tmp/results_30.09.2011/occt/release-sources-20110930/inc/Handle_PCDM_Reader.hxx
+M PCDM:pubinclude:PCDM_Reader.hxx /dn43/OCCT/tmp/results_30.09.2011/occt/release-sources-20110930/inc/PCDM_Reader.hxx
+M PCDM:privinclude:PCDM_Reader.jxx /dn43/OCCT/tmp/results_30.09.2011/occt/release-sources-20110930/drv/PCDM/PCDM_Reader.jxx
+M PCDM:privinclude:PCDM_Reader.ixx /dn43/OCCT/tmp/results_30.09.2011/occt/release-sources-20110930/drv/PCDM/PCDM_Reader.ixx
+M PCDM:pubinclude:Handle_PCDM_Writer.hxx /dn43/OCCT/tmp/results_30.09.2011/occt/release-sources-20110930/inc/Handle_PCDM_Writer.hxx
+M PCDM:pubinclude:PCDM_Writer.hxx /dn43/OCCT/tmp/results_30.09.2011/occt/release-sources-20110930/inc/PCDM_Writer.hxx
+M PCDM:privinclude:PCDM_Writer.jxx /dn43/OCCT/tmp/results_30.09.2011/occt/release-sources-20110930/drv/PCDM/PCDM_Writer.jxx
+M PCDM:privinclude:PCDM_Writer.ixx /dn43/OCCT/tmp/results_30.09.2011/occt/release-sources-20110930/drv/PCDM/PCDM_Writer.ixx
+M PCDM:pubinclude:Handle_PCDM_RetrievalDriver.hxx /dn43/OCCT/tmp/results_30.09.2011/occt/release-sources-20110930/inc/Handle_PCDM_RetrievalDriver.hxx
+M PCDM:pubinclude:PCDM_RetrievalDriver.hxx /dn43/OCCT/tmp/results_30.09.2011/occt/release-sources-20110930/inc/PCDM_RetrievalDriver.hxx
+M PCDM:privinclude:PCDM_RetrievalDriver.jxx /dn43/OCCT/tmp/results_30.09.2011/occt/release-sources-20110930/drv/PCDM/PCDM_RetrievalDriver.jxx
+M PCDM:privinclude:PCDM_RetrievalDriver.ixx /dn43/OCCT/tmp/results_30.09.2011/occt/release-sources-20110930/drv/PCDM/PCDM_RetrievalDriver.ixx
+M PCDM:pubinclude:Handle_PCDM_StorageDriver.hxx /dn43/OCCT/tmp/results_30.09.2011/occt/release-sources-20110930/inc/Handle_PCDM_StorageDriver.hxx
+M PCDM:pubinclude:PCDM_StorageDriver.hxx /dn43/OCCT/tmp/results_30.09.2011/occt/release-sources-20110930/inc/PCDM_StorageDriver.hxx
+M PCDM:privinclude:PCDM_StorageDriver.jxx /dn43/OCCT/tmp/results_30.09.2011/occt/release-sources-20110930/drv/PCDM/PCDM_StorageDriver.jxx
+M PCDM:privinclude:PCDM_StorageDriver.ixx /dn43/OCCT/tmp/results_30.09.2011/occt/release-sources-20110930/drv/PCDM/PCDM_StorageDriver.ixx
+M PCDM:pubinclude:Handle_PCDM_ReferenceIterator.hxx /dn43/OCCT/tmp/results_30.09.2011/occt/release-sources-20110930/inc/Handle_PCDM_ReferenceIterator.hxx
+M PCDM:pubinclude:PCDM_ReferenceIterator.hxx /dn43/OCCT/tmp/results_30.09.2011/occt/release-sources-20110930/inc/PCDM_ReferenceIterator.hxx
+M PCDM:privinclude:PCDM_ReferenceIterator.jxx /dn43/OCCT/tmp/results_30.09.2011/occt/release-sources-20110930/drv/PCDM/PCDM_ReferenceIterator.jxx
+M PCDM:privinclude:PCDM_ReferenceIterator.ixx /dn43/OCCT/tmp/results_30.09.2011/occt/release-sources-20110930/drv/PCDM/PCDM_ReferenceIterator.ixx
+M PCDM:pubinclude:PCDM_Reference.hxx /dn43/OCCT/tmp/results_30.09.2011/occt/release-sources-20110930/inc/PCDM_Reference.hxx
+M PCDM:privinclude:PCDM_Reference.jxx /dn43/OCCT/tmp/results_30.09.2011/occt/release-sources-20110930/drv/PCDM/PCDM_Reference.jxx
+M PCDM:privinclude:PCDM_Reference.ixx /dn43/OCCT/tmp/results_30.09.2011/occt/release-sources-20110930/drv/PCDM/PCDM_Reference.ixx
+M PCDM:pubinclude:PCDM_SequenceOfReference.hxx /dn43/OCCT/tmp/results_30.09.2011/occt/release-sources-20110930/inc/PCDM_SequenceOfReference.hxx
+M PCDM:derivated:PCDM_SequenceOfReference_0.cxx /dn43/OCCT/tmp/results_30.09.2011/occt/release-sources-20110930/drv/PCDM/PCDM_SequenceOfReference_0.cxx
+M PCDM:pubinclude:Handle_PCDM_ReadWriter.hxx /dn43/OCCT/tmp/results_30.09.2011/occt/release-sources-20110930/inc/Handle_PCDM_ReadWriter.hxx
+M PCDM:pubinclude:PCDM_ReadWriter.hxx /dn43/OCCT/tmp/results_30.09.2011/occt/release-sources-20110930/inc/PCDM_ReadWriter.hxx
+M PCDM:privinclude:PCDM_ReadWriter.jxx /dn43/OCCT/tmp/results_30.09.2011/occt/release-sources-20110930/drv/PCDM/PCDM_ReadWriter.jxx
+M PCDM:privinclude:PCDM_ReadWriter.ixx /dn43/OCCT/tmp/results_30.09.2011/occt/release-sources-20110930/drv/PCDM/PCDM_ReadWriter.ixx
+M PCDM:pubinclude:Handle_PCDM_ReadWriter_1.hxx /dn43/OCCT/tmp/results_30.09.2011/occt/release-sources-20110930/inc/Handle_PCDM_ReadWriter_1.hxx
+M PCDM:pubinclude:PCDM_ReadWriter_1.hxx /dn43/OCCT/tmp/results_30.09.2011/occt/release-sources-20110930/inc/PCDM_ReadWriter_1.hxx
+M PCDM:privinclude:PCDM_ReadWriter_1.jxx /dn43/OCCT/tmp/results_30.09.2011/occt/release-sources-20110930/drv/PCDM/PCDM_ReadWriter_1.jxx
+M PCDM:privinclude:PCDM_ReadWriter_1.ixx /dn43/OCCT/tmp/results_30.09.2011/occt/release-sources-20110930/drv/PCDM/PCDM_ReadWriter_1.ixx
+M PCDM:pubinclude:Handle_PCDM_SequenceNodeOfSequenceOfDocument.hxx /dn43/OCCT/tmp/results_30.09.2011/occt/release-sources-20110930/inc/Handle_PCDM_SequenceNodeOfSequenceOfDocument.hxx
+M PCDM:pubinclude:PCDM_SequenceNodeOfSequenceOfDocument.hxx /dn43/OCCT/tmp/results_30.09.2011/occt/release-sources-20110930/inc/PCDM_SequenceNodeOfSequenceOfDocument.hxx
+M PCDM:derivated:PCDM_SequenceNodeOfSequenceOfDocument_0.cxx /dn43/OCCT/tmp/results_30.09.2011/occt/release-sources-20110930/drv/PCDM/PCDM_SequenceNodeOfSequenceOfDocument_0.cxx
+M PCDM:pubinclude:Handle_PCDM_SequenceNodeOfSequenceOfReference.hxx /dn43/OCCT/tmp/results_30.09.2011/occt/release-sources-20110930/inc/Handle_PCDM_SequenceNodeOfSequenceOfReference.hxx
+M PCDM:pubinclude:PCDM_SequenceNodeOfSequenceOfReference.hxx /dn43/OCCT/tmp/results_30.09.2011/occt/release-sources-20110930/inc/PCDM_SequenceNodeOfSequenceOfReference.hxx
+M PCDM:derivated:PCDM_SequenceNodeOfSequenceOfReference_0.cxx /dn43/OCCT/tmp/results_30.09.2011/occt/release-sources-20110930/drv/PCDM/PCDM_SequenceNodeOfSequenceOfReference_0.cxx
+M PCDM:pubinclude:Handle_PCDM_DriverError.hxx /dn43/OCCT/tmp/results_30.09.2011/occt/release-sources-20110930/inc/Handle_PCDM_DriverError.hxx
+M PCDM:pubinclude:PCDM_DriverError.hxx /dn43/OCCT/tmp/results_30.09.2011/occt/release-sources-20110930/inc/PCDM_DriverError.hxx
+M PCDM:derivated:PCDM_DriverError_0.cxx /dn43/OCCT/tmp/results_30.09.2011/occt/release-sources-20110930/drv/PCDM/PCDM_DriverError_0.cxx
+M PCDM:pubinclude:PCDM_ReaderStatus.hxx /dn43/OCCT/tmp/results_30.09.2011/occt/release-sources-20110930/inc/PCDM_ReaderStatus.hxx
+M PCDM:pubinclude:PCDM_StoreStatus.hxx /dn43/OCCT/tmp/results_30.09.2011/occt/release-sources-20110930/inc/PCDM_StoreStatus.hxx
+M PCDM:pubinclude:PCDM_TypeOfFileDriver.hxx /dn43/OCCT/tmp/results_30.09.2011/occt/release-sources-20110930/inc/PCDM_TypeOfFileDriver.hxx
+M PCDM:pubinclude:PCDM_BaseDriverPointer.hxx /dn43/OCCT/tmp/results_30.09.2011/occt/release-sources-20110930/inc/PCDM_BaseDriverPointer.hxx
+M PCDM:dbadmfile:PCDM_xcpp_header.In /dn43/OCCT/tmp/results_30.09.2011/occt/release-sources-20110930/drv/PCDM/.adm/PCDM_xcpp_header.In
+M PCDM:dbadmfile:PCDM_xcpp_header.Out /dn43/OCCT/tmp/results_30.09.2011/occt/release-sources-20110930/drv/PCDM/.adm/PCDM_xcpp_header.Out
+M PCDM:dbadmfile:PCDM_xcpp_header.Dep /dn43/OCCT/tmp/results_30.09.2011/occt/release-sources-20110930/drv/PCDM/.adm/PCDM_xcpp_header.Dep
