+M Graphic2d:pubinclude:Handle_Graphic2d_Primitive.hxx /dn43/OCCT/tmp/results_31.05.2011/occt/release-sources-20110531/inc/Handle_Graphic2d_Primitive.hxx
+M Graphic2d:pubinclude:Graphic2d_Primitive.hxx /dn43/OCCT/tmp/results_31.05.2011/occt/release-sources-20110531/inc/Graphic2d_Primitive.hxx
+M Graphic2d:privinclude:Graphic2d_Primitive.jxx /dn43/OCCT/tmp/results_31.05.2011/occt/release-sources-20110531/drv/Graphic2d/Graphic2d_Primitive.jxx
+M Graphic2d:privinclude:Graphic2d_Primitive.ixx /dn43/OCCT/tmp/results_31.05.2011/occt/release-sources-20110531/drv/Graphic2d/Graphic2d_Primitive.ixx
+M Graphic2d:pubinclude:Handle_Graphic2d_Line.hxx /dn43/OCCT/tmp/results_31.05.2011/occt/release-sources-20110531/inc/Handle_Graphic2d_Line.hxx
+M Graphic2d:pubinclude:Graphic2d_Line.hxx /dn43/OCCT/tmp/results_31.05.2011/occt/release-sources-20110531/inc/Graphic2d_Line.hxx
+M Graphic2d:privinclude:Graphic2d_Line.jxx /dn43/OCCT/tmp/results_31.05.2011/occt/release-sources-20110531/drv/Graphic2d/Graphic2d_Line.jxx
+M Graphic2d:privinclude:Graphic2d_Line.ixx /dn43/OCCT/tmp/results_31.05.2011/occt/release-sources-20110531/drv/Graphic2d/Graphic2d_Line.ixx
+M Graphic2d:pubinclude:Handle_Graphic2d_VectorialMarker.hxx /dn43/OCCT/tmp/results_31.05.2011/occt/release-sources-20110531/inc/Handle_Graphic2d_VectorialMarker.hxx
+M Graphic2d:pubinclude:Graphic2d_VectorialMarker.hxx /dn43/OCCT/tmp/results_31.05.2011/occt/release-sources-20110531/inc/Graphic2d_VectorialMarker.hxx
+M Graphic2d:privinclude:Graphic2d_VectorialMarker.jxx /dn43/OCCT/tmp/results_31.05.2011/occt/release-sources-20110531/drv/Graphic2d/Graphic2d_VectorialMarker.jxx
+M Graphic2d:privinclude:Graphic2d_VectorialMarker.ixx /dn43/OCCT/tmp/results_31.05.2011/occt/release-sources-20110531/drv/Graphic2d/Graphic2d_VectorialMarker.ixx
+M Graphic2d:pubinclude:Handle_Graphic2d_Buffer.hxx /dn43/OCCT/tmp/results_31.05.2011/occt/release-sources-20110531/inc/Handle_Graphic2d_Buffer.hxx
+M Graphic2d:pubinclude:Graphic2d_Buffer.hxx /dn43/OCCT/tmp/results_31.05.2011/occt/release-sources-20110531/inc/Graphic2d_Buffer.hxx
+M Graphic2d:privinclude:Graphic2d_Buffer.jxx /dn43/OCCT/tmp/results_31.05.2011/occt/release-sources-20110531/drv/Graphic2d/Graphic2d_Buffer.jxx
+M Graphic2d:privinclude:Graphic2d_Buffer.ixx /dn43/OCCT/tmp/results_31.05.2011/occt/release-sources-20110531/drv/Graphic2d/Graphic2d_Buffer.ixx
+M Graphic2d:pubinclude:Handle_Graphic2d_Drawer.hxx /dn43/OCCT/tmp/results_31.05.2011/occt/release-sources-20110531/inc/Handle_Graphic2d_Drawer.hxx
+M Graphic2d:pubinclude:Graphic2d_Drawer.hxx /dn43/OCCT/tmp/results_31.05.2011/occt/release-sources-20110531/inc/Graphic2d_Drawer.hxx
+M Graphic2d:privinclude:Graphic2d_Drawer.jxx /dn43/OCCT/tmp/results_31.05.2011/occt/release-sources-20110531/drv/Graphic2d/Graphic2d_Drawer.jxx
+M Graphic2d:privinclude:Graphic2d_Drawer.ixx /dn43/OCCT/tmp/results_31.05.2011/occt/release-sources-20110531/drv/Graphic2d/Graphic2d_Drawer.ixx
+M Graphic2d:pubinclude:Handle_Graphic2d_GraphicObject.hxx /dn43/OCCT/tmp/results_31.05.2011/occt/release-sources-20110531/inc/Handle_Graphic2d_GraphicObject.hxx
+M Graphic2d:pubinclude:Graphic2d_GraphicObject.hxx /dn43/OCCT/tmp/results_31.05.2011/occt/release-sources-20110531/inc/Graphic2d_GraphicObject.hxx
+M Graphic2d:privinclude:Graphic2d_GraphicObject.jxx /dn43/OCCT/tmp/results_31.05.2011/occt/release-sources-20110531/drv/Graphic2d/Graphic2d_GraphicObject.jxx
+M Graphic2d:privinclude:Graphic2d_GraphicObject.ixx /dn43/OCCT/tmp/results_31.05.2011/occt/release-sources-20110531/drv/Graphic2d/Graphic2d_GraphicObject.ixx
+M Graphic2d:pubinclude:Handle_Graphic2d_HidingGraphicObject.hxx /dn43/OCCT/tmp/results_31.05.2011/occt/release-sources-20110531/inc/Handle_Graphic2d_HidingGraphicObject.hxx
+M Graphic2d:pubinclude:Graphic2d_HidingGraphicObject.hxx /dn43/OCCT/tmp/results_31.05.2011/occt/release-sources-20110531/inc/Graphic2d_HidingGraphicObject.hxx
+M Graphic2d:privinclude:Graphic2d_HidingGraphicObject.jxx /dn43/OCCT/tmp/results_31.05.2011/occt/release-sources-20110531/drv/Graphic2d/Graphic2d_HidingGraphicObject.jxx
+M Graphic2d:privinclude:Graphic2d_HidingGraphicObject.ixx /dn43/OCCT/tmp/results_31.05.2011/occt/release-sources-20110531/drv/Graphic2d/Graphic2d_HidingGraphicObject.ixx
+M Graphic2d:pubinclude:Graphic2d_Vertex.hxx /dn43/OCCT/tmp/results_31.05.2011/occt/release-sources-20110531/inc/Graphic2d_Vertex.hxx
+M Graphic2d:privinclude:Graphic2d_Vertex.jxx /dn43/OCCT/tmp/results_31.05.2011/occt/release-sources-20110531/drv/Graphic2d/Graphic2d_Vertex.jxx
+M Graphic2d:privinclude:Graphic2d_Vertex.ixx /dn43/OCCT/tmp/results_31.05.2011/occt/release-sources-20110531/drv/Graphic2d/Graphic2d_Vertex.ixx
+M Graphic2d:pubinclude:Handle_Graphic2d_View.hxx /dn43/OCCT/tmp/results_31.05.2011/occt/release-sources-20110531/inc/Handle_Graphic2d_View.hxx
+M Graphic2d:pubinclude:Graphic2d_View.hxx /dn43/OCCT/tmp/results_31.05.2011/occt/release-sources-20110531/inc/Graphic2d_View.hxx
+M Graphic2d:privinclude:Graphic2d_View.jxx /dn43/OCCT/tmp/results_31.05.2011/occt/release-sources-20110531/drv/Graphic2d/Graphic2d_View.jxx
+M Graphic2d:privinclude:Graphic2d_View.ixx /dn43/OCCT/tmp/results_31.05.2011/occt/release-sources-20110531/drv/Graphic2d/Graphic2d_View.ixx
+M Graphic2d:pubinclude:Handle_Graphic2d_ViewMapping.hxx /dn43/OCCT/tmp/results_31.05.2011/occt/release-sources-20110531/inc/Handle_Graphic2d_ViewMapping.hxx
+M Graphic2d:pubinclude:Graphic2d_ViewMapping.hxx /dn43/OCCT/tmp/results_31.05.2011/occt/release-sources-20110531/inc/Graphic2d_ViewMapping.hxx
+M Graphic2d:privinclude:Graphic2d_ViewMapping.jxx /dn43/OCCT/tmp/results_31.05.2011/occt/release-sources-20110531/drv/Graphic2d/Graphic2d_ViewMapping.jxx
+M Graphic2d:privinclude:Graphic2d_ViewMapping.ixx /dn43/OCCT/tmp/results_31.05.2011/occt/release-sources-20110531/drv/Graphic2d/Graphic2d_ViewMapping.ixx
+M Graphic2d:pubinclude:Handle_Graphic2d_TransientManager.hxx /dn43/OCCT/tmp/results_31.05.2011/occt/release-sources-20110531/inc/Handle_Graphic2d_TransientManager.hxx
+M Graphic2d:pubinclude:Graphic2d_TransientManager.hxx /dn43/OCCT/tmp/results_31.05.2011/occt/release-sources-20110531/inc/Graphic2d_TransientManager.hxx
+M Graphic2d:privinclude:Graphic2d_TransientManager.jxx /dn43/OCCT/tmp/results_31.05.2011/occt/release-sources-20110531/drv/Graphic2d/Graphic2d_TransientManager.jxx
+M Graphic2d:privinclude:Graphic2d_TransientManager.ixx /dn43/OCCT/tmp/results_31.05.2011/occt/release-sources-20110531/drv/Graphic2d/Graphic2d_TransientManager.ixx
+M Graphic2d:pubinclude:Handle_Graphic2d_Circle.hxx /dn43/OCCT/tmp/results_31.05.2011/occt/release-sources-20110531/inc/Handle_Graphic2d_Circle.hxx
+M Graphic2d:pubinclude:Graphic2d_Circle.hxx /dn43/OCCT/tmp/results_31.05.2011/occt/release-sources-20110531/inc/Graphic2d_Circle.hxx
+M Graphic2d:privinclude:Graphic2d_Circle.jxx /dn43/OCCT/tmp/results_31.05.2011/occt/release-sources-20110531/drv/Graphic2d/Graphic2d_Circle.jxx
+M Graphic2d:privinclude:Graphic2d_Circle.ixx /dn43/OCCT/tmp/results_31.05.2011/occt/release-sources-20110531/drv/Graphic2d/Graphic2d_Circle.ixx
+M Graphic2d:pubinclude:Handle_Graphic2d_Ellips.hxx /dn43/OCCT/tmp/results_31.05.2011/occt/release-sources-20110531/inc/Handle_Graphic2d_Ellips.hxx
+M Graphic2d:pubinclude:Graphic2d_Ellips.hxx /dn43/OCCT/tmp/results_31.05.2011/occt/release-sources-20110531/inc/Graphic2d_Ellips.hxx
+M Graphic2d:privinclude:Graphic2d_Ellips.jxx /dn43/OCCT/tmp/results_31.05.2011/occt/release-sources-20110531/drv/Graphic2d/Graphic2d_Ellips.jxx
+M Graphic2d:privinclude:Graphic2d_Ellips.ixx /dn43/OCCT/tmp/results_31.05.2011/occt/release-sources-20110531/drv/Graphic2d/Graphic2d_Ellips.ixx
+M Graphic2d:pubinclude:Handle_Graphic2d_Image.hxx /dn43/OCCT/tmp/results_31.05.2011/occt/release-sources-20110531/inc/Handle_Graphic2d_Image.hxx
+M Graphic2d:pubinclude:Graphic2d_Image.hxx /dn43/OCCT/tmp/results_31.05.2011/occt/release-sources-20110531/inc/Graphic2d_Image.hxx
+M Graphic2d:privinclude:Graphic2d_Image.jxx /dn43/OCCT/tmp/results_31.05.2011/occt/release-sources-20110531/drv/Graphic2d/Graphic2d_Image.jxx
+M Graphic2d:privinclude:Graphic2d_Image.ixx /dn43/OCCT/tmp/results_31.05.2011/occt/release-sources-20110531/drv/Graphic2d/Graphic2d_Image.ixx
+M Graphic2d:pubinclude:Handle_Graphic2d_ImageFile.hxx /dn43/OCCT/tmp/results_31.05.2011/occt/release-sources-20110531/inc/Handle_Graphic2d_ImageFile.hxx
+M Graphic2d:pubinclude:Graphic2d_ImageFile.hxx /dn43/OCCT/tmp/results_31.05.2011/occt/release-sources-20110531/inc/Graphic2d_ImageFile.hxx
+M Graphic2d:privinclude:Graphic2d_ImageFile.jxx /dn43/OCCT/tmp/results_31.05.2011/occt/release-sources-20110531/drv/Graphic2d/Graphic2d_ImageFile.jxx
+M Graphic2d:privinclude:Graphic2d_ImageFile.ixx /dn43/OCCT/tmp/results_31.05.2011/occt/release-sources-20110531/drv/Graphic2d/Graphic2d_ImageFile.ixx
+M Graphic2d:pubinclude:Handle_Graphic2d_InfiniteLine.hxx /dn43/OCCT/tmp/results_31.05.2011/occt/release-sources-20110531/inc/Handle_Graphic2d_InfiniteLine.hxx
+M Graphic2d:pubinclude:Graphic2d_InfiniteLine.hxx /dn43/OCCT/tmp/results_31.05.2011/occt/release-sources-20110531/inc/Graphic2d_InfiniteLine.hxx
+M Graphic2d:privinclude:Graphic2d_InfiniteLine.jxx /dn43/OCCT/tmp/results_31.05.2011/occt/release-sources-20110531/drv/Graphic2d/Graphic2d_InfiniteLine.jxx
+M Graphic2d:privinclude:Graphic2d_InfiniteLine.ixx /dn43/OCCT/tmp/results_31.05.2011/occt/release-sources-20110531/drv/Graphic2d/Graphic2d_InfiniteLine.ixx
+M Graphic2d:pubinclude:Handle_Graphic2d_Marker.hxx /dn43/OCCT/tmp/results_31.05.2011/occt/release-sources-20110531/inc/Handle_Graphic2d_Marker.hxx
+M Graphic2d:pubinclude:Graphic2d_Marker.hxx /dn43/OCCT/tmp/results_31.05.2011/occt/release-sources-20110531/inc/Graphic2d_Marker.hxx
+M Graphic2d:privinclude:Graphic2d_Marker.jxx /dn43/OCCT/tmp/results_31.05.2011/occt/release-sources-20110531/drv/Graphic2d/Graphic2d_Marker.jxx
+M Graphic2d:privinclude:Graphic2d_Marker.ixx /dn43/OCCT/tmp/results_31.05.2011/occt/release-sources-20110531/drv/Graphic2d/Graphic2d_Marker.ixx
+M Graphic2d:pubinclude:Handle_Graphic2d_Polyline.hxx /dn43/OCCT/tmp/results_31.05.2011/occt/release-sources-20110531/inc/Handle_Graphic2d_Polyline.hxx
+M Graphic2d:pubinclude:Graphic2d_Polyline.hxx /dn43/OCCT/tmp/results_31.05.2011/occt/release-sources-20110531/inc/Graphic2d_Polyline.hxx
+M Graphic2d:privinclude:Graphic2d_Polyline.jxx /dn43/OCCT/tmp/results_31.05.2011/occt/release-sources-20110531/drv/Graphic2d/Graphic2d_Polyline.jxx
+M Graphic2d:privinclude:Graphic2d_Polyline.ixx /dn43/OCCT/tmp/results_31.05.2011/occt/release-sources-20110531/drv/Graphic2d/Graphic2d_Polyline.ixx
+M Graphic2d:pubinclude:Handle_Graphic2d_Segment.hxx /dn43/OCCT/tmp/results_31.05.2011/occt/release-sources-20110531/inc/Handle_Graphic2d_Segment.hxx
+M Graphic2d:pubinclude:Graphic2d_Segment.hxx /dn43/OCCT/tmp/results_31.05.2011/occt/release-sources-20110531/inc/Graphic2d_Segment.hxx
+M Graphic2d:privinclude:Graphic2d_Segment.jxx /dn43/OCCT/tmp/results_31.05.2011/occt/release-sources-20110531/drv/Graphic2d/Graphic2d_Segment.jxx
+M Graphic2d:privinclude:Graphic2d_Segment.ixx /dn43/OCCT/tmp/results_31.05.2011/occt/release-sources-20110531/drv/Graphic2d/Graphic2d_Segment.ixx
+M Graphic2d:pubinclude:Handle_Graphic2d_Text.hxx /dn43/OCCT/tmp/results_31.05.2011/occt/release-sources-20110531/inc/Handle_Graphic2d_Text.hxx
+M Graphic2d:pubinclude:Graphic2d_Text.hxx /dn43/OCCT/tmp/results_31.05.2011/occt/release-sources-20110531/inc/Graphic2d_Text.hxx
+M Graphic2d:privinclude:Graphic2d_Text.jxx /dn43/OCCT/tmp/results_31.05.2011/occt/release-sources-20110531/drv/Graphic2d/Graphic2d_Text.jxx
+M Graphic2d:privinclude:Graphic2d_Text.ixx /dn43/OCCT/tmp/results_31.05.2011/occt/release-sources-20110531/drv/Graphic2d/Graphic2d_Text.ixx
+M Graphic2d:pubinclude:Handle_Graphic2d_HidingText.hxx /dn43/OCCT/tmp/results_31.05.2011/occt/release-sources-20110531/inc/Handle_Graphic2d_HidingText.hxx
+M Graphic2d:pubinclude:Graphic2d_HidingText.hxx /dn43/OCCT/tmp/results_31.05.2011/occt/release-sources-20110531/inc/Graphic2d_HidingText.hxx
+M Graphic2d:privinclude:Graphic2d_HidingText.jxx /dn43/OCCT/tmp/results_31.05.2011/occt/release-sources-20110531/drv/Graphic2d/Graphic2d_HidingText.jxx
+M Graphic2d:privinclude:Graphic2d_HidingText.ixx /dn43/OCCT/tmp/results_31.05.2011/occt/release-sources-20110531/drv/Graphic2d/Graphic2d_HidingText.ixx
+M Graphic2d:pubinclude:Handle_Graphic2d_FramedText.hxx /dn43/OCCT/tmp/results_31.05.2011/occt/release-sources-20110531/inc/Handle_Graphic2d_FramedText.hxx
+M Graphic2d:pubinclude:Graphic2d_FramedText.hxx /dn43/OCCT/tmp/results_31.05.2011/occt/release-sources-20110531/inc/Graphic2d_FramedText.hxx
+M Graphic2d:privinclude:Graphic2d_FramedText.jxx /dn43/OCCT/tmp/results_31.05.2011/occt/release-sources-20110531/drv/Graphic2d/Graphic2d_FramedText.jxx
+M Graphic2d:privinclude:Graphic2d_FramedText.ixx /dn43/OCCT/tmp/results_31.05.2011/occt/release-sources-20110531/drv/Graphic2d/Graphic2d_FramedText.ixx
+M Graphic2d:pubinclude:Handle_Graphic2d_Paragraph.hxx /dn43/OCCT/tmp/results_31.05.2011/occt/release-sources-20110531/inc/Handle_Graphic2d_Paragraph.hxx
+M Graphic2d:pubinclude:Graphic2d_Paragraph.hxx /dn43/OCCT/tmp/results_31.05.2011/occt/release-sources-20110531/inc/Graphic2d_Paragraph.hxx
+M Graphic2d:privinclude:Graphic2d_Paragraph.jxx /dn43/OCCT/tmp/results_31.05.2011/occt/release-sources-20110531/drv/Graphic2d/Graphic2d_Paragraph.jxx
+M Graphic2d:privinclude:Graphic2d_Paragraph.ixx /dn43/OCCT/tmp/results_31.05.2011/occt/release-sources-20110531/drv/Graphic2d/Graphic2d_Paragraph.ixx
+M Graphic2d:pubinclude:Handle_Graphic2d_CircleMarker.hxx /dn43/OCCT/tmp/results_31.05.2011/occt/release-sources-20110531/inc/Handle_Graphic2d_CircleMarker.hxx
+M Graphic2d:pubinclude:Graphic2d_CircleMarker.hxx /dn43/OCCT/tmp/results_31.05.2011/occt/release-sources-20110531/inc/Graphic2d_CircleMarker.hxx
+M Graphic2d:privinclude:Graphic2d_CircleMarker.jxx /dn43/OCCT/tmp/results_31.05.2011/occt/release-sources-20110531/drv/Graphic2d/Graphic2d_CircleMarker.jxx
+M Graphic2d:privinclude:Graphic2d_CircleMarker.ixx /dn43/OCCT/tmp/results_31.05.2011/occt/release-sources-20110531/drv/Graphic2d/Graphic2d_CircleMarker.ixx
+M Graphic2d:pubinclude:Handle_Graphic2d_PolylineMarker.hxx /dn43/OCCT/tmp/results_31.05.2011/occt/release-sources-20110531/inc/Handle_Graphic2d_PolylineMarker.hxx
+M Graphic2d:pubinclude:Graphic2d_PolylineMarker.hxx /dn43/OCCT/tmp/results_31.05.2011/occt/release-sources-20110531/inc/Graphic2d_PolylineMarker.hxx
+M Graphic2d:privinclude:Graphic2d_PolylineMarker.jxx /dn43/OCCT/tmp/results_31.05.2011/occt/release-sources-20110531/drv/Graphic2d/Graphic2d_PolylineMarker.jxx
+M Graphic2d:privinclude:Graphic2d_PolylineMarker.ixx /dn43/OCCT/tmp/results_31.05.2011/occt/release-sources-20110531/drv/Graphic2d/Graphic2d_PolylineMarker.ixx
+M Graphic2d:pubinclude:Handle_Graphic2d_EllipsMarker.hxx /dn43/OCCT/tmp/results_31.05.2011/occt/release-sources-20110531/inc/Handle_Graphic2d_EllipsMarker.hxx
+M Graphic2d:pubinclude:Graphic2d_EllipsMarker.hxx /dn43/OCCT/tmp/results_31.05.2011/occt/release-sources-20110531/inc/Graphic2d_EllipsMarker.hxx
+M Graphic2d:privinclude:Graphic2d_EllipsMarker.jxx /dn43/OCCT/tmp/results_31.05.2011/occt/release-sources-20110531/drv/Graphic2d/Graphic2d_EllipsMarker.jxx
+M Graphic2d:privinclude:Graphic2d_EllipsMarker.ixx /dn43/OCCT/tmp/results_31.05.2011/occt/release-sources-20110531/drv/Graphic2d/Graphic2d_EllipsMarker.ixx
+M Graphic2d:pubinclude:Handle_Graphic2d_SetOfSegments.hxx /dn43/OCCT/tmp/results_31.05.2011/occt/release-sources-20110531/inc/Handle_Graphic2d_SetOfSegments.hxx
+M Graphic2d:pubinclude:Graphic2d_SetOfSegments.hxx /dn43/OCCT/tmp/results_31.05.2011/occt/release-sources-20110531/inc/Graphic2d_SetOfSegments.hxx
+M Graphic2d:privinclude:Graphic2d_SetOfSegments.jxx /dn43/OCCT/tmp/results_31.05.2011/occt/release-sources-20110531/drv/Graphic2d/Graphic2d_SetOfSegments.jxx
+M Graphic2d:privinclude:Graphic2d_SetOfSegments.ixx /dn43/OCCT/tmp/results_31.05.2011/occt/release-sources-20110531/drv/Graphic2d/Graphic2d_SetOfSegments.ixx
+M Graphic2d:pubinclude:Handle_Graphic2d_SetOfMarkers.hxx /dn43/OCCT/tmp/results_31.05.2011/occt/release-sources-20110531/inc/Handle_Graphic2d_SetOfMarkers.hxx
+M Graphic2d:pubinclude:Graphic2d_SetOfMarkers.hxx /dn43/OCCT/tmp/results_31.05.2011/occt/release-sources-20110531/inc/Graphic2d_SetOfMarkers.hxx
+M Graphic2d:privinclude:Graphic2d_SetOfMarkers.jxx /dn43/OCCT/tmp/results_31.05.2011/occt/release-sources-20110531/drv/Graphic2d/Graphic2d_SetOfMarkers.jxx
+M Graphic2d:privinclude:Graphic2d_SetOfMarkers.ixx /dn43/OCCT/tmp/results_31.05.2011/occt/release-sources-20110531/drv/Graphic2d/Graphic2d_SetOfMarkers.ixx
+M Graphic2d:pubinclude:Handle_Graphic2d_SetOfPolylines.hxx /dn43/OCCT/tmp/results_31.05.2011/occt/release-sources-20110531/inc/Handle_Graphic2d_SetOfPolylines.hxx
+M Graphic2d:pubinclude:Graphic2d_SetOfPolylines.hxx /dn43/OCCT/tmp/results_31.05.2011/occt/release-sources-20110531/inc/Graphic2d_SetOfPolylines.hxx
+M Graphic2d:privinclude:Graphic2d_SetOfPolylines.jxx /dn43/OCCT/tmp/results_31.05.2011/occt/release-sources-20110531/drv/Graphic2d/Graphic2d_SetOfPolylines.jxx
+M Graphic2d:privinclude:Graphic2d_SetOfPolylines.ixx /dn43/OCCT/tmp/results_31.05.2011/occt/release-sources-20110531/drv/Graphic2d/Graphic2d_SetOfPolylines.ixx
+M Graphic2d:pubinclude:Graphic2d_SequenceOfBuffer.hxx /dn43/OCCT/tmp/results_31.05.2011/occt/release-sources-20110531/inc/Graphic2d_SequenceOfBuffer.hxx
+M Graphic2d:derivated:Graphic2d_SequenceOfBuffer_0.cxx /dn43/OCCT/tmp/results_31.05.2011/occt/release-sources-20110531/drv/Graphic2d/Graphic2d_SequenceOfBuffer_0.cxx
+M Graphic2d:pubinclude:Handle_Graphic2d_BufferList.hxx /dn43/OCCT/tmp/results_31.05.2011/occt/release-sources-20110531/inc/Handle_Graphic2d_BufferList.hxx
+M Graphic2d:pubinclude:Graphic2d_BufferList.hxx /dn43/OCCT/tmp/results_31.05.2011/occt/release-sources-20110531/inc/Graphic2d_BufferList.hxx
+M Graphic2d:derivated:Graphic2d_BufferList_0.cxx /dn43/OCCT/tmp/results_31.05.2011/occt/release-sources-20110531/drv/Graphic2d/Graphic2d_BufferList_0.cxx
+M Graphic2d:pubinclude:Graphic2d_SequenceOfGraphicObject.hxx /dn43/OCCT/tmp/results_31.05.2011/occt/release-sources-20110531/inc/Graphic2d_SequenceOfGraphicObject.hxx
+M Graphic2d:derivated:Graphic2d_SequenceOfGraphicObject_0.cxx /dn43/OCCT/tmp/results_31.05.2011/occt/release-sources-20110531/drv/Graphic2d/Graphic2d_SequenceOfGraphicObject_0.cxx
+M Graphic2d:pubinclude:Handle_Graphic2d_DisplayList.hxx /dn43/OCCT/tmp/results_31.05.2011/occt/release-sources-20110531/inc/Handle_Graphic2d_DisplayList.hxx
+M Graphic2d:pubinclude:Graphic2d_DisplayList.hxx /dn43/OCCT/tmp/results_31.05.2011/occt/release-sources-20110531/inc/Graphic2d_DisplayList.hxx
+M Graphic2d:derivated:Graphic2d_DisplayList_0.cxx /dn43/OCCT/tmp/results_31.05.2011/occt/release-sources-20110531/drv/Graphic2d/Graphic2d_DisplayList_0.cxx
+M Graphic2d:pubinclude:Graphic2d_SequenceOfPrimitives.hxx /dn43/OCCT/tmp/results_31.05.2011/occt/release-sources-20110531/inc/Graphic2d_SequenceOfPrimitives.hxx
+M Graphic2d:derivated:Graphic2d_SequenceOfPrimitives_0.cxx /dn43/OCCT/tmp/results_31.05.2011/occt/release-sources-20110531/drv/Graphic2d/Graphic2d_SequenceOfPrimitives_0.cxx
+M Graphic2d:pubinclude:Handle_Graphic2d_HSequenceOfPrimitives.hxx /dn43/OCCT/tmp/results_31.05.2011/occt/release-sources-20110531/inc/Handle_Graphic2d_HSequenceOfPrimitives.hxx
+M Graphic2d:pubinclude:Graphic2d_HSequenceOfPrimitives.hxx /dn43/OCCT/tmp/results_31.05.2011/occt/release-sources-20110531/inc/Graphic2d_HSequenceOfPrimitives.hxx
+M Graphic2d:derivated:Graphic2d_HSequenceOfPrimitives_0.cxx /dn43/OCCT/tmp/results_31.05.2011/occt/release-sources-20110531/drv/Graphic2d/Graphic2d_HSequenceOfPrimitives_0.cxx
+M Graphic2d:pubinclude:Graphic2d_Array1OfVertex.hxx /dn43/OCCT/tmp/results_31.05.2011/occt/release-sources-20110531/inc/Graphic2d_Array1OfVertex.hxx
+M Graphic2d:derivated:Graphic2d_Array1OfVertex_0.cxx /dn43/OCCT/tmp/results_31.05.2011/occt/release-sources-20110531/drv/Graphic2d/Graphic2d_Array1OfVertex_0.cxx
+M Graphic2d:pubinclude:Handle_Graphic2d_HArray1OfVertex.hxx /dn43/OCCT/tmp/results_31.05.2011/occt/release-sources-20110531/inc/Handle_Graphic2d_HArray1OfVertex.hxx
+M Graphic2d:pubinclude:Graphic2d_HArray1OfVertex.hxx /dn43/OCCT/tmp/results_31.05.2011/occt/release-sources-20110531/inc/Graphic2d_HArray1OfVertex.hxx
+M Graphic2d:derivated:Graphic2d_HArray1OfVertex_0.cxx /dn43/OCCT/tmp/results_31.05.2011/occt/release-sources-20110531/drv/Graphic2d/Graphic2d_HArray1OfVertex_0.cxx
+M Graphic2d:pubinclude:Graphic2d_SequenceOfVertex.hxx /dn43/OCCT/tmp/results_31.05.2011/occt/release-sources-20110531/inc/Graphic2d_SequenceOfVertex.hxx
+M Graphic2d:derivated:Graphic2d_SequenceOfVertex_0.cxx /dn43/OCCT/tmp/results_31.05.2011/occt/release-sources-20110531/drv/Graphic2d/Graphic2d_SequenceOfVertex_0.cxx
+M Graphic2d:pubinclude:Handle_Graphic2d_HSequenceOfVertex.hxx /dn43/OCCT/tmp/results_31.05.2011/occt/release-sources-20110531/inc/Handle_Graphic2d_HSequenceOfVertex.hxx
+M Graphic2d:pubinclude:Graphic2d_HSequenceOfVertex.hxx /dn43/OCCT/tmp/results_31.05.2011/occt/release-sources-20110531/inc/Graphic2d_HSequenceOfVertex.hxx
+M Graphic2d:derivated:Graphic2d_HSequenceOfVertex_0.cxx /dn43/OCCT/tmp/results_31.05.2011/occt/release-sources-20110531/drv/Graphic2d/Graphic2d_HSequenceOfVertex_0.cxx
+M Graphic2d:pubinclude:Graphic2d_SequenceOfPolyline.hxx /dn43/OCCT/tmp/results_31.05.2011/occt/release-sources-20110531/inc/Graphic2d_SequenceOfPolyline.hxx
+M Graphic2d:derivated:Graphic2d_SequenceOfPolyline_0.cxx /dn43/OCCT/tmp/results_31.05.2011/occt/release-sources-20110531/drv/Graphic2d/Graphic2d_SequenceOfPolyline_0.cxx
+M Graphic2d:pubinclude:Handle_Graphic2d_SequenceNodeOfSequenceOfBuffer.hxx /dn43/OCCT/tmp/results_31.05.2011/occt/release-sources-20110531/inc/Handle_Graphic2d_SequenceNodeOfSequenceOfBuffer.hxx
+M Graphic2d:pubinclude:Graphic2d_SequenceNodeOfSequenceOfBuffer.hxx /dn43/OCCT/tmp/results_31.05.2011/occt/release-sources-20110531/inc/Graphic2d_SequenceNodeOfSequenceOfBuffer.hxx
+M Graphic2d:derivated:Graphic2d_SequenceNodeOfSequenceOfBuffer_0.cxx /dn43/OCCT/tmp/results_31.05.2011/occt/release-sources-20110531/drv/Graphic2d/Graphic2d_SequenceNodeOfSequenceOfBuffer_0.cxx
+M Graphic2d:pubinclude:Handle_Graphic2d_SequenceNodeOfSequenceOfGraphicObject.hxx /dn43/OCCT/tmp/results_31.05.2011/occt/release-sources-20110531/inc/Handle_Graphic2d_SequenceNodeOfSequenceOfGraphicObject.hxx
+M Graphic2d:pubinclude:Graphic2d_SequenceNodeOfSequenceOfGraphicObject.hxx /dn43/OCCT/tmp/results_31.05.2011/occt/release-sources-20110531/inc/Graphic2d_SequenceNodeOfSequenceOfGraphicObject.hxx
+M Graphic2d:derivated:Graphic2d_SequenceNodeOfSequenceOfGraphicObject_0.cxx /dn43/OCCT/tmp/results_31.05.2011/occt/release-sources-20110531/drv/Graphic2d/Graphic2d_SequenceNodeOfSequenceOfGraphicObject_0.cxx
+M Graphic2d:pubinclude:Handle_Graphic2d_SequenceNodeOfSequenceOfPrimitives.hxx /dn43/OCCT/tmp/results_31.05.2011/occt/release-sources-20110531/inc/Handle_Graphic2d_SequenceNodeOfSequenceOfPrimitives.hxx
+M Graphic2d:pubinclude:Graphic2d_SequenceNodeOfSequenceOfPrimitives.hxx /dn43/OCCT/tmp/results_31.05.2011/occt/release-sources-20110531/inc/Graphic2d_SequenceNodeOfSequenceOfPrimitives.hxx
+M Graphic2d:derivated:Graphic2d_SequenceNodeOfSequenceOfPrimitives_0.cxx /dn43/OCCT/tmp/results_31.05.2011/occt/release-sources-20110531/drv/Graphic2d/Graphic2d_SequenceNodeOfSequenceOfPrimitives_0.cxx
+M Graphic2d:pubinclude:Handle_Graphic2d_SequenceNodeOfSequenceOfVertex.hxx /dn43/OCCT/tmp/results_31.05.2011/occt/release-sources-20110531/inc/Handle_Graphic2d_SequenceNodeOfSequenceOfVertex.hxx
+M Graphic2d:pubinclude:Graphic2d_SequenceNodeOfSequenceOfVertex.hxx /dn43/OCCT/tmp/results_31.05.2011/occt/release-sources-20110531/inc/Graphic2d_SequenceNodeOfSequenceOfVertex.hxx
+M Graphic2d:derivated:Graphic2d_SequenceNodeOfSequenceOfVertex_0.cxx /dn43/OCCT/tmp/results_31.05.2011/occt/release-sources-20110531/drv/Graphic2d/Graphic2d_SequenceNodeOfSequenceOfVertex_0.cxx
+M Graphic2d:pubinclude:Handle_Graphic2d_SequenceNodeOfSequenceOfPolyline.hxx /dn43/OCCT/tmp/results_31.05.2011/occt/release-sources-20110531/inc/Handle_Graphic2d_SequenceNodeOfSequenceOfPolyline.hxx
+M Graphic2d:pubinclude:Graphic2d_SequenceNodeOfSequenceOfPolyline.hxx /dn43/OCCT/tmp/results_31.05.2011/occt/release-sources-20110531/inc/Graphic2d_SequenceNodeOfSequenceOfPolyline.hxx
+M Graphic2d:derivated:Graphic2d_SequenceNodeOfSequenceOfPolyline_0.cxx /dn43/OCCT/tmp/results_31.05.2011/occt/release-sources-20110531/drv/Graphic2d/Graphic2d_SequenceNodeOfSequenceOfPolyline_0.cxx
+M Graphic2d:pubinclude:Handle_Graphic2d_CircleDefinitionError.hxx /dn43/OCCT/tmp/results_31.05.2011/occt/release-sources-20110531/inc/Handle_Graphic2d_CircleDefinitionError.hxx
+M Graphic2d:pubinclude:Graphic2d_CircleDefinitionError.hxx /dn43/OCCT/tmp/results_31.05.2011/occt/release-sources-20110531/inc/Graphic2d_CircleDefinitionError.hxx
+M Graphic2d:derivated:Graphic2d_CircleDefinitionError_0.cxx /dn43/OCCT/tmp/results_31.05.2011/occt/release-sources-20110531/drv/Graphic2d/Graphic2d_CircleDefinitionError_0.cxx
+M Graphic2d:pubinclude:Handle_Graphic2d_EllipsDefinitionError.hxx /dn43/OCCT/tmp/results_31.05.2011/occt/release-sources-20110531/inc/Handle_Graphic2d_EllipsDefinitionError.hxx
+M Graphic2d:pubinclude:Graphic2d_EllipsDefinitionError.hxx /dn43/OCCT/tmp/results_31.05.2011/occt/release-sources-20110531/inc/Graphic2d_EllipsDefinitionError.hxx
+M Graphic2d:derivated:Graphic2d_EllipsDefinitionError_0.cxx /dn43/OCCT/tmp/results_31.05.2011/occt/release-sources-20110531/drv/Graphic2d/Graphic2d_EllipsDefinitionError_0.cxx
+M Graphic2d:pubinclude:Handle_Graphic2d_ImageDefinitionError.hxx /dn43/OCCT/tmp/results_31.05.2011/occt/release-sources-20110531/inc/Handle_Graphic2d_ImageDefinitionError.hxx
+M Graphic2d:pubinclude:Graphic2d_ImageDefinitionError.hxx /dn43/OCCT/tmp/results_31.05.2011/occt/release-sources-20110531/inc/Graphic2d_ImageDefinitionError.hxx
+M Graphic2d:derivated:Graphic2d_ImageDefinitionError_0.cxx /dn43/OCCT/tmp/results_31.05.2011/occt/release-sources-20110531/drv/Graphic2d/Graphic2d_ImageDefinitionError_0.cxx
+M Graphic2d:pubinclude:Handle_Graphic2d_InfiniteLineDefinitionError.hxx /dn43/OCCT/tmp/results_31.05.2011/occt/release-sources-20110531/inc/Handle_Graphic2d_InfiniteLineDefinitionError.hxx
+M Graphic2d:pubinclude:Graphic2d_InfiniteLineDefinitionError.hxx /dn43/OCCT/tmp/results_31.05.2011/occt/release-sources-20110531/inc/Graphic2d_InfiniteLineDefinitionError.hxx
+M Graphic2d:derivated:Graphic2d_InfiniteLineDefinitionError_0.cxx /dn43/OCCT/tmp/results_31.05.2011/occt/release-sources-20110531/drv/Graphic2d/Graphic2d_InfiniteLineDefinitionError_0.cxx
+M Graphic2d:pubinclude:Handle_Graphic2d_MarkerDefinitionError.hxx /dn43/OCCT/tmp/results_31.05.2011/occt/release-sources-20110531/inc/Handle_Graphic2d_MarkerDefinitionError.hxx
+M Graphic2d:pubinclude:Graphic2d_MarkerDefinitionError.hxx /dn43/OCCT/tmp/results_31.05.2011/occt/release-sources-20110531/inc/Graphic2d_MarkerDefinitionError.hxx
+M Graphic2d:derivated:Graphic2d_MarkerDefinitionError_0.cxx /dn43/OCCT/tmp/results_31.05.2011/occt/release-sources-20110531/drv/Graphic2d/Graphic2d_MarkerDefinitionError_0.cxx
+M Graphic2d:pubinclude:Handle_Graphic2d_PolylineDefinitionError.hxx /dn43/OCCT/tmp/results_31.05.2011/occt/release-sources-20110531/inc/Handle_Graphic2d_PolylineDefinitionError.hxx
+M Graphic2d:pubinclude:Graphic2d_PolylineDefinitionError.hxx /dn43/OCCT/tmp/results_31.05.2011/occt/release-sources-20110531/inc/Graphic2d_PolylineDefinitionError.hxx
+M Graphic2d:derivated:Graphic2d_PolylineDefinitionError_0.cxx /dn43/OCCT/tmp/results_31.05.2011/occt/release-sources-20110531/drv/Graphic2d/Graphic2d_PolylineDefinitionError_0.cxx
+M Graphic2d:pubinclude:Handle_Graphic2d_SegmentDefinitionError.hxx /dn43/OCCT/tmp/results_31.05.2011/occt/release-sources-20110531/inc/Handle_Graphic2d_SegmentDefinitionError.hxx
+M Graphic2d:pubinclude:Graphic2d_SegmentDefinitionError.hxx /dn43/OCCT/tmp/results_31.05.2011/occt/release-sources-20110531/inc/Graphic2d_SegmentDefinitionError.hxx
+M Graphic2d:derivated:Graphic2d_SegmentDefinitionError_0.cxx /dn43/OCCT/tmp/results_31.05.2011/occt/release-sources-20110531/drv/Graphic2d/Graphic2d_SegmentDefinitionError_0.cxx
+M Graphic2d:pubinclude:Handle_Graphic2d_TextDefinitionError.hxx /dn43/OCCT/tmp/results_31.05.2011/occt/release-sources-20110531/inc/Handle_Graphic2d_TextDefinitionError.hxx
+M Graphic2d:pubinclude:Graphic2d_TextDefinitionError.hxx /dn43/OCCT/tmp/results_31.05.2011/occt/release-sources-20110531/inc/Graphic2d_TextDefinitionError.hxx
+M Graphic2d:derivated:Graphic2d_TextDefinitionError_0.cxx /dn43/OCCT/tmp/results_31.05.2011/occt/release-sources-20110531/drv/Graphic2d/Graphic2d_TextDefinitionError_0.cxx
+M Graphic2d:pubinclude:Handle_Graphic2d_DrawerDefinitionError.hxx /dn43/OCCT/tmp/results_31.05.2011/occt/release-sources-20110531/inc/Handle_Graphic2d_DrawerDefinitionError.hxx
+M Graphic2d:pubinclude:Graphic2d_DrawerDefinitionError.hxx /dn43/OCCT/tmp/results_31.05.2011/occt/release-sources-20110531/inc/Graphic2d_DrawerDefinitionError.hxx
+M Graphic2d:derivated:Graphic2d_DrawerDefinitionError_0.cxx /dn43/OCCT/tmp/results_31.05.2011/occt/release-sources-20110531/drv/Graphic2d/Graphic2d_DrawerDefinitionError_0.cxx
+M Graphic2d:pubinclude:Handle_Graphic2d_OverrideColorError.hxx /dn43/OCCT/tmp/results_31.05.2011/occt/release-sources-20110531/inc/Handle_Graphic2d_OverrideColorError.hxx
+M Graphic2d:pubinclude:Graphic2d_OverrideColorError.hxx /dn43/OCCT/tmp/results_31.05.2011/occt/release-sources-20110531/inc/Graphic2d_OverrideColorError.hxx
+M Graphic2d:derivated:Graphic2d_OverrideColorError_0.cxx /dn43/OCCT/tmp/results_31.05.2011/occt/release-sources-20110531/drv/Graphic2d/Graphic2d_OverrideColorError_0.cxx
+M Graphic2d:pubinclude:Handle_Graphic2d_DetectionColorError.hxx /dn43/OCCT/tmp/results_31.05.2011/occt/release-sources-20110531/inc/Handle_Graphic2d_DetectionColorError.hxx
+M Graphic2d:pubinclude:Graphic2d_DetectionColorError.hxx /dn43/OCCT/tmp/results_31.05.2011/occt/release-sources-20110531/inc/Graphic2d_DetectionColorError.hxx
+M Graphic2d:derivated:Graphic2d_DetectionColorError_0.cxx /dn43/OCCT/tmp/results_31.05.2011/occt/release-sources-20110531/drv/Graphic2d/Graphic2d_DetectionColorError_0.cxx
+M Graphic2d:pubinclude:Handle_Graphic2d_TransientDefinitionError.hxx /dn43/OCCT/tmp/results_31.05.2011/occt/release-sources-20110531/inc/Handle_Graphic2d_TransientDefinitionError.hxx
+M Graphic2d:pubinclude:Graphic2d_TransientDefinitionError.hxx /dn43/OCCT/tmp/results_31.05.2011/occt/release-sources-20110531/inc/Graphic2d_TransientDefinitionError.hxx
+M Graphic2d:derivated:Graphic2d_TransientDefinitionError_0.cxx /dn43/OCCT/tmp/results_31.05.2011/occt/release-sources-20110531/drv/Graphic2d/Graphic2d_TransientDefinitionError_0.cxx
+M Graphic2d:pubinclude:Graphic2d_TypeOfPolygonFilling.hxx /dn43/OCCT/tmp/results_31.05.2011/occt/release-sources-20110531/inc/Graphic2d_TypeOfPolygonFilling.hxx
+M Graphic2d:pubinclude:Graphic2d_TypeOfAlignment.hxx /dn43/OCCT/tmp/results_31.05.2011/occt/release-sources-20110531/inc/Graphic2d_TypeOfAlignment.hxx
+M Graphic2d:pubinclude:Graphic2d_TypeOfComposition.hxx /dn43/OCCT/tmp/results_31.05.2011/occt/release-sources-20110531/inc/Graphic2d_TypeOfComposition.hxx
+M Graphic2d:pubinclude:Graphic2d_TypeOfFrame.hxx /dn43/OCCT/tmp/results_31.05.2011/occt/release-sources-20110531/inc/Graphic2d_TypeOfFrame.hxx
+M Graphic2d:pubinclude:Graphic2d_TypeOfPrimitive.hxx /dn43/OCCT/tmp/results_31.05.2011/occt/release-sources-20110531/inc/Graphic2d_TypeOfPrimitive.hxx
+M Graphic2d:pubinclude:Graphic2d_PickMode.hxx /dn43/OCCT/tmp/results_31.05.2011/occt/release-sources-20110531/inc/Graphic2d_PickMode.hxx
+M Graphic2d:pubinclude:Graphic2d_DisplayStatus.hxx /dn43/OCCT/tmp/results_31.05.2011/occt/release-sources-20110531/inc/Graphic2d_DisplayStatus.hxx
+M Graphic2d:pubinclude:Graphic2d_ViewPtr.hxx /dn43/OCCT/tmp/results_31.05.2011/occt/release-sources-20110531/inc/Graphic2d_ViewPtr.hxx
+M Graphic2d:pubinclude:Graphic2d_GOPtr.hxx /dn43/OCCT/tmp/results_31.05.2011/occt/release-sources-20110531/inc/Graphic2d_GOPtr.hxx
+M Graphic2d:dbadmfile:Graphic2d_xcpp_header.In /dn43/OCCT/tmp/results_31.05.2011/occt/release-sources-20110531/drv/Graphic2d/.adm/Graphic2d_xcpp_header.In
+M Graphic2d:dbadmfile:Graphic2d_xcpp_header.Out /dn43/OCCT/tmp/results_31.05.2011/occt/release-sources-20110531/drv/Graphic2d/.adm/Graphic2d_xcpp_header.Out
+M Graphic2d:dbadmfile:Graphic2d_xcpp_header.Dep /dn43/OCCT/tmp/results_31.05.2011/occt/release-sources-20110531/drv/Graphic2d/.adm/Graphic2d_xcpp_header.Dep
