+M StepData:pubinclude:StepData.hxx /dn43/OCCT/tmp/results_28.02.2011/occt/release-sources-20110228/inc/StepData.hxx
+M StepData:privinclude:StepData.jxx /dn43/OCCT/tmp/results_28.02.2011/occt/release-sources-20110228/drv/StepData/StepData.jxx
+M StepData:privinclude:StepData.ixx /dn43/OCCT/tmp/results_28.02.2011/occt/release-sources-20110228/drv/StepData/StepData.ixx
+M StepData:pubinclude:Handle_StepData_StepModel.hxx /dn43/OCCT/tmp/results_28.02.2011/occt/release-sources-20110228/inc/Handle_StepData_StepModel.hxx
+M StepData:pubinclude:StepData_StepModel.hxx /dn43/OCCT/tmp/results_28.02.2011/occt/release-sources-20110228/inc/StepData_StepModel.hxx
+M StepData:privinclude:StepData_StepModel.jxx /dn43/OCCT/tmp/results_28.02.2011/occt/release-sources-20110228/drv/StepData/StepData_StepModel.jxx
+M StepData:privinclude:StepData_StepModel.ixx /dn43/OCCT/tmp/results_28.02.2011/occt/release-sources-20110228/drv/StepData/StepData_StepModel.ixx
+M StepData:pubinclude:Handle_StepData_UndefinedEntity.hxx /dn43/OCCT/tmp/results_28.02.2011/occt/release-sources-20110228/inc/Handle_StepData_UndefinedEntity.hxx
+M StepData:pubinclude:StepData_UndefinedEntity.hxx /dn43/OCCT/tmp/results_28.02.2011/occt/release-sources-20110228/inc/StepData_UndefinedEntity.hxx
+M StepData:privinclude:StepData_UndefinedEntity.jxx /dn43/OCCT/tmp/results_28.02.2011/occt/release-sources-20110228/drv/StepData/StepData_UndefinedEntity.jxx
+M StepData:privinclude:StepData_UndefinedEntity.ixx /dn43/OCCT/tmp/results_28.02.2011/occt/release-sources-20110228/drv/StepData/StepData_UndefinedEntity.ixx
+M StepData:pubinclude:StepData_SelectType.hxx /dn43/OCCT/tmp/results_28.02.2011/occt/release-sources-20110228/inc/StepData_SelectType.hxx
+M StepData:privinclude:StepData_SelectType.jxx /dn43/OCCT/tmp/results_28.02.2011/occt/release-sources-20110228/drv/StepData/StepData_SelectType.jxx
+M StepData:privinclude:StepData_SelectType.ixx /dn43/OCCT/tmp/results_28.02.2011/occt/release-sources-20110228/drv/StepData/StepData_SelectType.ixx
+M StepData:pubinclude:StepData_Field.hxx /dn43/OCCT/tmp/results_28.02.2011/occt/release-sources-20110228/inc/StepData_Field.hxx
+M StepData:privinclude:StepData_Field.jxx /dn43/OCCT/tmp/results_28.02.2011/occt/release-sources-20110228/drv/StepData/StepData_Field.jxx
+M StepData:privinclude:StepData_Field.ixx /dn43/OCCT/tmp/results_28.02.2011/occt/release-sources-20110228/drv/StepData/StepData_Field.ixx
+M StepData:pubinclude:Handle_StepData_SelectMember.hxx /dn43/OCCT/tmp/results_28.02.2011/occt/release-sources-20110228/inc/Handle_StepData_SelectMember.hxx
+M StepData:pubinclude:StepData_SelectMember.hxx /dn43/OCCT/tmp/results_28.02.2011/occt/release-sources-20110228/inc/StepData_SelectMember.hxx
+M StepData:privinclude:StepData_SelectMember.jxx /dn43/OCCT/tmp/results_28.02.2011/occt/release-sources-20110228/drv/StepData/StepData_SelectMember.jxx
+M StepData:privinclude:StepData_SelectMember.ixx /dn43/OCCT/tmp/results_28.02.2011/occt/release-sources-20110228/drv/StepData/StepData_SelectMember.ixx
+M StepData:pubinclude:Handle_StepData_SelectInt.hxx /dn43/OCCT/tmp/results_28.02.2011/occt/release-sources-20110228/inc/Handle_StepData_SelectInt.hxx
+M StepData:pubinclude:StepData_SelectInt.hxx /dn43/OCCT/tmp/results_28.02.2011/occt/release-sources-20110228/inc/StepData_SelectInt.hxx
+M StepData:privinclude:StepData_SelectInt.jxx /dn43/OCCT/tmp/results_28.02.2011/occt/release-sources-20110228/drv/StepData/StepData_SelectInt.jxx
+M StepData:privinclude:StepData_SelectInt.ixx /dn43/OCCT/tmp/results_28.02.2011/occt/release-sources-20110228/drv/StepData/StepData_SelectInt.ixx
+M StepData:pubinclude:Handle_StepData_SelectReal.hxx /dn43/OCCT/tmp/results_28.02.2011/occt/release-sources-20110228/inc/Handle_StepData_SelectReal.hxx
+M StepData:pubinclude:StepData_SelectReal.hxx /dn43/OCCT/tmp/results_28.02.2011/occt/release-sources-20110228/inc/StepData_SelectReal.hxx
+M StepData:privinclude:StepData_SelectReal.jxx /dn43/OCCT/tmp/results_28.02.2011/occt/release-sources-20110228/drv/StepData/StepData_SelectReal.jxx
+M StepData:privinclude:StepData_SelectReal.ixx /dn43/OCCT/tmp/results_28.02.2011/occt/release-sources-20110228/drv/StepData/StepData_SelectReal.ixx
+M StepData:pubinclude:Handle_StepData_SelectNamed.hxx /dn43/OCCT/tmp/results_28.02.2011/occt/release-sources-20110228/inc/Handle_StepData_SelectNamed.hxx
+M StepData:pubinclude:StepData_SelectNamed.hxx /dn43/OCCT/tmp/results_28.02.2011/occt/release-sources-20110228/inc/StepData_SelectNamed.hxx
+M StepData:privinclude:StepData_SelectNamed.jxx /dn43/OCCT/tmp/results_28.02.2011/occt/release-sources-20110228/drv/StepData/StepData_SelectNamed.jxx
+M StepData:privinclude:StepData_SelectNamed.ixx /dn43/OCCT/tmp/results_28.02.2011/occt/release-sources-20110228/drv/StepData/StepData_SelectNamed.ixx
+M StepData:pubinclude:Handle_StepData_SelectArrReal.hxx /dn43/OCCT/tmp/results_28.02.2011/occt/release-sources-20110228/inc/Handle_StepData_SelectArrReal.hxx
+M StepData:pubinclude:StepData_SelectArrReal.hxx /dn43/OCCT/tmp/results_28.02.2011/occt/release-sources-20110228/inc/StepData_SelectArrReal.hxx
+M StepData:privinclude:StepData_SelectArrReal.jxx /dn43/OCCT/tmp/results_28.02.2011/occt/release-sources-20110228/drv/StepData/StepData_SelectArrReal.jxx
+M StepData:privinclude:StepData_SelectArrReal.ixx /dn43/OCCT/tmp/results_28.02.2011/occt/release-sources-20110228/drv/StepData/StepData_SelectArrReal.ixx
+M StepData:pubinclude:Handle_StepData_PDescr.hxx /dn43/OCCT/tmp/results_28.02.2011/occt/release-sources-20110228/inc/Handle_StepData_PDescr.hxx
+M StepData:pubinclude:StepData_PDescr.hxx /dn43/OCCT/tmp/results_28.02.2011/occt/release-sources-20110228/inc/StepData_PDescr.hxx
+M StepData:privinclude:StepData_PDescr.jxx /dn43/OCCT/tmp/results_28.02.2011/occt/release-sources-20110228/drv/StepData/StepData_PDescr.jxx
+M StepData:privinclude:StepData_PDescr.ixx /dn43/OCCT/tmp/results_28.02.2011/occt/release-sources-20110228/drv/StepData/StepData_PDescr.ixx
+M StepData:pubinclude:StepData_FieldList.hxx /dn43/OCCT/tmp/results_28.02.2011/occt/release-sources-20110228/inc/StepData_FieldList.hxx
+M StepData:privinclude:StepData_FieldList.jxx /dn43/OCCT/tmp/results_28.02.2011/occt/release-sources-20110228/drv/StepData/StepData_FieldList.jxx
+M StepData:privinclude:StepData_FieldList.ixx /dn43/OCCT/tmp/results_28.02.2011/occt/release-sources-20110228/drv/StepData/StepData_FieldList.ixx
+M StepData:pubinclude:StepData_FieldList1.hxx /dn43/OCCT/tmp/results_28.02.2011/occt/release-sources-20110228/inc/StepData_FieldList1.hxx
+M StepData:privinclude:StepData_FieldList1.jxx /dn43/OCCT/tmp/results_28.02.2011/occt/release-sources-20110228/drv/StepData/StepData_FieldList1.jxx
+M StepData:privinclude:StepData_FieldList1.ixx /dn43/OCCT/tmp/results_28.02.2011/occt/release-sources-20110228/drv/StepData/StepData_FieldList1.ixx
+M StepData:pubinclude:StepData_FieldListN.hxx /dn43/OCCT/tmp/results_28.02.2011/occt/release-sources-20110228/inc/StepData_FieldListN.hxx
+M StepData:privinclude:StepData_FieldListN.jxx /dn43/OCCT/tmp/results_28.02.2011/occt/release-sources-20110228/drv/StepData/StepData_FieldListN.jxx
+M StepData:privinclude:StepData_FieldListN.ixx /dn43/OCCT/tmp/results_28.02.2011/occt/release-sources-20110228/drv/StepData/StepData_FieldListN.ixx
+M StepData:pubinclude:StepData_FieldListD.hxx /dn43/OCCT/tmp/results_28.02.2011/occt/release-sources-20110228/inc/StepData_FieldListD.hxx
+M StepData:privinclude:StepData_FieldListD.jxx /dn43/OCCT/tmp/results_28.02.2011/occt/release-sources-20110228/drv/StepData/StepData_FieldListD.jxx
+M StepData:privinclude:StepData_FieldListD.ixx /dn43/OCCT/tmp/results_28.02.2011/occt/release-sources-20110228/drv/StepData/StepData_FieldListD.ixx
+M StepData:pubinclude:Handle_StepData_EDescr.hxx /dn43/OCCT/tmp/results_28.02.2011/occt/release-sources-20110228/inc/Handle_StepData_EDescr.hxx
+M StepData:pubinclude:StepData_EDescr.hxx /dn43/OCCT/tmp/results_28.02.2011/occt/release-sources-20110228/inc/StepData_EDescr.hxx
+M StepData:privinclude:StepData_EDescr.jxx /dn43/OCCT/tmp/results_28.02.2011/occt/release-sources-20110228/drv/StepData/StepData_EDescr.jxx
+M StepData:privinclude:StepData_EDescr.ixx /dn43/OCCT/tmp/results_28.02.2011/occt/release-sources-20110228/drv/StepData/StepData_EDescr.ixx
+M StepData:pubinclude:Handle_StepData_ESDescr.hxx /dn43/OCCT/tmp/results_28.02.2011/occt/release-sources-20110228/inc/Handle_StepData_ESDescr.hxx
+M StepData:pubinclude:StepData_ESDescr.hxx /dn43/OCCT/tmp/results_28.02.2011/occt/release-sources-20110228/inc/StepData_ESDescr.hxx
+M StepData:privinclude:StepData_ESDescr.jxx /dn43/OCCT/tmp/results_28.02.2011/occt/release-sources-20110228/drv/StepData/StepData_ESDescr.jxx
+M StepData:privinclude:StepData_ESDescr.ixx /dn43/OCCT/tmp/results_28.02.2011/occt/release-sources-20110228/drv/StepData/StepData_ESDescr.ixx
+M StepData:pubinclude:Handle_StepData_ECDescr.hxx /dn43/OCCT/tmp/results_28.02.2011/occt/release-sources-20110228/inc/Handle_StepData_ECDescr.hxx
+M StepData:pubinclude:StepData_ECDescr.hxx /dn43/OCCT/tmp/results_28.02.2011/occt/release-sources-20110228/inc/StepData_ECDescr.hxx
+M StepData:privinclude:StepData_ECDescr.jxx /dn43/OCCT/tmp/results_28.02.2011/occt/release-sources-20110228/drv/StepData/StepData_ECDescr.jxx
+M StepData:privinclude:StepData_ECDescr.ixx /dn43/OCCT/tmp/results_28.02.2011/occt/release-sources-20110228/drv/StepData/StepData_ECDescr.ixx
+M StepData:pubinclude:Handle_StepData_Described.hxx /dn43/OCCT/tmp/results_28.02.2011/occt/release-sources-20110228/inc/Handle_StepData_Described.hxx
+M StepData:pubinclude:StepData_Described.hxx /dn43/OCCT/tmp/results_28.02.2011/occt/release-sources-20110228/inc/StepData_Described.hxx
+M StepData:privinclude:StepData_Described.jxx /dn43/OCCT/tmp/results_28.02.2011/occt/release-sources-20110228/drv/StepData/StepData_Described.jxx
+M StepData:privinclude:StepData_Described.ixx /dn43/OCCT/tmp/results_28.02.2011/occt/release-sources-20110228/drv/StepData/StepData_Described.ixx
+M StepData:pubinclude:Handle_StepData_Simple.hxx /dn43/OCCT/tmp/results_28.02.2011/occt/release-sources-20110228/inc/Handle_StepData_Simple.hxx
+M StepData:pubinclude:StepData_Simple.hxx /dn43/OCCT/tmp/results_28.02.2011/occt/release-sources-20110228/inc/StepData_Simple.hxx
+M StepData:privinclude:StepData_Simple.jxx /dn43/OCCT/tmp/results_28.02.2011/occt/release-sources-20110228/drv/StepData/StepData_Simple.jxx
+M StepData:privinclude:StepData_Simple.ixx /dn43/OCCT/tmp/results_28.02.2011/occt/release-sources-20110228/drv/StepData/StepData_Simple.ixx
+M StepData:pubinclude:Handle_StepData_Plex.hxx /dn43/OCCT/tmp/results_28.02.2011/occt/release-sources-20110228/inc/Handle_StepData_Plex.hxx
+M StepData:pubinclude:StepData_Plex.hxx /dn43/OCCT/tmp/results_28.02.2011/occt/release-sources-20110228/inc/StepData_Plex.hxx
+M StepData:privinclude:StepData_Plex.jxx /dn43/OCCT/tmp/results_28.02.2011/occt/release-sources-20110228/drv/StepData/StepData_Plex.jxx
+M StepData:privinclude:StepData_Plex.ixx /dn43/OCCT/tmp/results_28.02.2011/occt/release-sources-20110228/drv/StepData/StepData_Plex.ixx
+M StepData:pubinclude:Handle_StepData_FreeFormEntity.hxx /dn43/OCCT/tmp/results_28.02.2011/occt/release-sources-20110228/inc/Handle_StepData_FreeFormEntity.hxx
+M StepData:pubinclude:StepData_FreeFormEntity.hxx /dn43/OCCT/tmp/results_28.02.2011/occt/release-sources-20110228/inc/StepData_FreeFormEntity.hxx
+M StepData:privinclude:StepData_FreeFormEntity.jxx /dn43/OCCT/tmp/results_28.02.2011/occt/release-sources-20110228/drv/StepData/StepData_FreeFormEntity.jxx
+M StepData:privinclude:StepData_FreeFormEntity.ixx /dn43/OCCT/tmp/results_28.02.2011/occt/release-sources-20110228/drv/StepData/StepData_FreeFormEntity.ixx
+M StepData:pubinclude:Handle_StepData_Protocol.hxx /dn43/OCCT/tmp/results_28.02.2011/occt/release-sources-20110228/inc/Handle_StepData_Protocol.hxx
+M StepData:pubinclude:StepData_Protocol.hxx /dn43/OCCT/tmp/results_28.02.2011/occt/release-sources-20110228/inc/StepData_Protocol.hxx
+M StepData:privinclude:StepData_Protocol.jxx /dn43/OCCT/tmp/results_28.02.2011/occt/release-sources-20110228/drv/StepData/StepData_Protocol.jxx
+M StepData:privinclude:StepData_Protocol.ixx /dn43/OCCT/tmp/results_28.02.2011/occt/release-sources-20110228/drv/StepData/StepData_Protocol.ixx
+M StepData:pubinclude:Handle_StepData_GeneralModule.hxx /dn43/OCCT/tmp/results_28.02.2011/occt/release-sources-20110228/inc/Handle_StepData_GeneralModule.hxx
+M StepData:pubinclude:StepData_GeneralModule.hxx /dn43/OCCT/tmp/results_28.02.2011/occt/release-sources-20110228/inc/StepData_GeneralModule.hxx
+M StepData:privinclude:StepData_GeneralModule.jxx /dn43/OCCT/tmp/results_28.02.2011/occt/release-sources-20110228/drv/StepData/StepData_GeneralModule.jxx
+M StepData:privinclude:StepData_GeneralModule.ixx /dn43/OCCT/tmp/results_28.02.2011/occt/release-sources-20110228/drv/StepData/StepData_GeneralModule.ixx
+M StepData:pubinclude:Handle_StepData_FileRecognizer.hxx /dn43/OCCT/tmp/results_28.02.2011/occt/release-sources-20110228/inc/Handle_StepData_FileRecognizer.hxx
+M StepData:pubinclude:StepData_FileRecognizer.hxx /dn43/OCCT/tmp/results_28.02.2011/occt/release-sources-20110228/inc/StepData_FileRecognizer.hxx
+M StepData:derivated:StepData_FileRecognizer_0.cxx /dn43/OCCT/tmp/results_28.02.2011/occt/release-sources-20110228/drv/StepData/StepData_FileRecognizer_0.cxx
+M StepData:pubinclude:Handle_StepData_FileProtocol.hxx /dn43/OCCT/tmp/results_28.02.2011/occt/release-sources-20110228/inc/Handle_StepData_FileProtocol.hxx
+M StepData:pubinclude:StepData_FileProtocol.hxx /dn43/OCCT/tmp/results_28.02.2011/occt/release-sources-20110228/inc/StepData_FileProtocol.hxx
+M StepData:privinclude:StepData_FileProtocol.jxx /dn43/OCCT/tmp/results_28.02.2011/occt/release-sources-20110228/drv/StepData/StepData_FileProtocol.jxx
+M StepData:privinclude:StepData_FileProtocol.ixx /dn43/OCCT/tmp/results_28.02.2011/occt/release-sources-20110228/drv/StepData/StepData_FileProtocol.ixx
+M StepData:pubinclude:StepData_HeaderTool.hxx /dn43/OCCT/tmp/results_28.02.2011/occt/release-sources-20110228/inc/StepData_HeaderTool.hxx
+M StepData:privinclude:StepData_HeaderTool.jxx /dn43/OCCT/tmp/results_28.02.2011/occt/release-sources-20110228/drv/StepData/StepData_HeaderTool.jxx
+M StepData:privinclude:StepData_HeaderTool.ixx /dn43/OCCT/tmp/results_28.02.2011/occt/release-sources-20110228/drv/StepData/StepData_HeaderTool.ixx
+M StepData:pubinclude:StepData_EnumTool.hxx /dn43/OCCT/tmp/results_28.02.2011/occt/release-sources-20110228/inc/StepData_EnumTool.hxx
+M StepData:privinclude:StepData_EnumTool.jxx /dn43/OCCT/tmp/results_28.02.2011/occt/release-sources-20110228/drv/StepData/StepData_EnumTool.jxx
+M StepData:privinclude:StepData_EnumTool.ixx /dn43/OCCT/tmp/results_28.02.2011/occt/release-sources-20110228/drv/StepData/StepData_EnumTool.ixx
+M StepData:pubinclude:Handle_StepData_DescrProtocol.hxx /dn43/OCCT/tmp/results_28.02.2011/occt/release-sources-20110228/inc/Handle_StepData_DescrProtocol.hxx
+M StepData:pubinclude:StepData_DescrProtocol.hxx /dn43/OCCT/tmp/results_28.02.2011/occt/release-sources-20110228/inc/StepData_DescrProtocol.hxx
+M StepData:privinclude:StepData_DescrProtocol.jxx /dn43/OCCT/tmp/results_28.02.2011/occt/release-sources-20110228/drv/StepData/StepData_DescrProtocol.jxx
+M StepData:privinclude:StepData_DescrProtocol.ixx /dn43/OCCT/tmp/results_28.02.2011/occt/release-sources-20110228/drv/StepData/StepData_DescrProtocol.ixx
+M StepData:pubinclude:Handle_StepData_DescrGeneral.hxx /dn43/OCCT/tmp/results_28.02.2011/occt/release-sources-20110228/inc/Handle_StepData_DescrGeneral.hxx
+M StepData:pubinclude:StepData_DescrGeneral.hxx /dn43/OCCT/tmp/results_28.02.2011/occt/release-sources-20110228/inc/StepData_DescrGeneral.hxx
+M StepData:privinclude:StepData_DescrGeneral.jxx /dn43/OCCT/tmp/results_28.02.2011/occt/release-sources-20110228/drv/StepData/StepData_DescrGeneral.jxx
+M StepData:privinclude:StepData_DescrGeneral.ixx /dn43/OCCT/tmp/results_28.02.2011/occt/release-sources-20110228/drv/StepData/StepData_DescrGeneral.ixx
+M StepData:pubinclude:Handle_StepData_DescrReadWrite.hxx /dn43/OCCT/tmp/results_28.02.2011/occt/release-sources-20110228/inc/Handle_StepData_DescrReadWrite.hxx
+M StepData:pubinclude:StepData_DescrReadWrite.hxx /dn43/OCCT/tmp/results_28.02.2011/occt/release-sources-20110228/inc/StepData_DescrReadWrite.hxx
+M StepData:privinclude:StepData_DescrReadWrite.jxx /dn43/OCCT/tmp/results_28.02.2011/occt/release-sources-20110228/drv/StepData/StepData_DescrReadWrite.jxx
+M StepData:privinclude:StepData_DescrReadWrite.ixx /dn43/OCCT/tmp/results_28.02.2011/occt/release-sources-20110228/drv/StepData/StepData_DescrReadWrite.ixx
+M StepData:pubinclude:Handle_StepData_StepReaderData.hxx /dn43/OCCT/tmp/results_28.02.2011/occt/release-sources-20110228/inc/Handle_StepData_StepReaderData.hxx
+M StepData:pubinclude:StepData_StepReaderData.hxx /dn43/OCCT/tmp/results_28.02.2011/occt/release-sources-20110228/inc/StepData_StepReaderData.hxx
+M StepData:privinclude:StepData_StepReaderData.jxx /dn43/OCCT/tmp/results_28.02.2011/occt/release-sources-20110228/drv/StepData/StepData_StepReaderData.jxx
+M StepData:privinclude:StepData_StepReaderData.ixx /dn43/OCCT/tmp/results_28.02.2011/occt/release-sources-20110228/drv/StepData/StepData_StepReaderData.ixx
+M StepData:pubinclude:StepData_StepReaderTool.hxx /dn43/OCCT/tmp/results_28.02.2011/occt/release-sources-20110228/inc/StepData_StepReaderTool.hxx
+M StepData:privinclude:StepData_StepReaderTool.jxx /dn43/OCCT/tmp/results_28.02.2011/occt/release-sources-20110228/drv/StepData/StepData_StepReaderTool.jxx
+M StepData:privinclude:StepData_StepReaderTool.ixx /dn43/OCCT/tmp/results_28.02.2011/occt/release-sources-20110228/drv/StepData/StepData_StepReaderTool.ixx
+M StepData:pubinclude:Handle_StepData_ReadWriteModule.hxx /dn43/OCCT/tmp/results_28.02.2011/occt/release-sources-20110228/inc/Handle_StepData_ReadWriteModule.hxx
+M StepData:pubinclude:StepData_ReadWriteModule.hxx /dn43/OCCT/tmp/results_28.02.2011/occt/release-sources-20110228/inc/StepData_ReadWriteModule.hxx
+M StepData:privinclude:StepData_ReadWriteModule.jxx /dn43/OCCT/tmp/results_28.02.2011/occt/release-sources-20110228/drv/StepData/StepData_ReadWriteModule.jxx
+M StepData:privinclude:StepData_ReadWriteModule.ixx /dn43/OCCT/tmp/results_28.02.2011/occt/release-sources-20110228/drv/StepData/StepData_ReadWriteModule.ixx
+M StepData:pubinclude:StepData_StepWriter.hxx /dn43/OCCT/tmp/results_28.02.2011/occt/release-sources-20110228/inc/StepData_StepWriter.hxx
+M StepData:privinclude:StepData_StepWriter.jxx /dn43/OCCT/tmp/results_28.02.2011/occt/release-sources-20110228/drv/StepData/StepData_StepWriter.jxx
+M StepData:privinclude:StepData_StepWriter.ixx /dn43/OCCT/tmp/results_28.02.2011/occt/release-sources-20110228/drv/StepData/StepData_StepWriter.ixx
+M StepData:pubinclude:StepData_StepDumper.hxx /dn43/OCCT/tmp/results_28.02.2011/occt/release-sources-20110228/inc/StepData_StepDumper.hxx
+M StepData:privinclude:StepData_StepDumper.jxx /dn43/OCCT/tmp/results_28.02.2011/occt/release-sources-20110228/drv/StepData/StepData_StepDumper.jxx
+M StepData:privinclude:StepData_StepDumper.ixx /dn43/OCCT/tmp/results_28.02.2011/occt/release-sources-20110228/drv/StepData/StepData_StepDumper.ixx
+M StepData:pubinclude:StepData_WriterLib.hxx /dn43/OCCT/tmp/results_28.02.2011/occt/release-sources-20110228/inc/StepData_WriterLib.hxx
+M StepData:derivated:StepData_WriterLib_0.cxx /dn43/OCCT/tmp/results_28.02.2011/occt/release-sources-20110228/drv/StepData/StepData_WriterLib_0.cxx
+M StepData:pubinclude:Handle_StepData_DefaultGeneral.hxx /dn43/OCCT/tmp/results_28.02.2011/occt/release-sources-20110228/inc/Handle_StepData_DefaultGeneral.hxx
+M StepData:pubinclude:StepData_DefaultGeneral.hxx /dn43/OCCT/tmp/results_28.02.2011/occt/release-sources-20110228/inc/StepData_DefaultGeneral.hxx
+M StepData:privinclude:StepData_DefaultGeneral.jxx /dn43/OCCT/tmp/results_28.02.2011/occt/release-sources-20110228/drv/StepData/StepData_DefaultGeneral.jxx
+M StepData:privinclude:StepData_DefaultGeneral.ixx /dn43/OCCT/tmp/results_28.02.2011/occt/release-sources-20110228/drv/StepData/StepData_DefaultGeneral.ixx
+M StepData:pubinclude:StepData_Array1OfField.hxx /dn43/OCCT/tmp/results_28.02.2011/occt/release-sources-20110228/inc/StepData_Array1OfField.hxx
+M StepData:derivated:StepData_Array1OfField_0.cxx /dn43/OCCT/tmp/results_28.02.2011/occt/release-sources-20110228/drv/StepData/StepData_Array1OfField_0.cxx
+M StepData:pubinclude:Handle_StepData_HArray1OfField.hxx /dn43/OCCT/tmp/results_28.02.2011/occt/release-sources-20110228/inc/Handle_StepData_HArray1OfField.hxx
+M StepData:pubinclude:StepData_HArray1OfField.hxx /dn43/OCCT/tmp/results_28.02.2011/occt/release-sources-20110228/inc/StepData_HArray1OfField.hxx
+M StepData:derivated:StepData_HArray1OfField_0.cxx /dn43/OCCT/tmp/results_28.02.2011/occt/release-sources-20110228/drv/StepData/StepData_HArray1OfField_0.cxx
+M StepData:pubinclude:Handle_StepData_GlobalNodeOfWriterLib.hxx /dn43/OCCT/tmp/results_28.02.2011/occt/release-sources-20110228/inc/Handle_StepData_GlobalNodeOfWriterLib.hxx
+M StepData:pubinclude:StepData_GlobalNodeOfWriterLib.hxx /dn43/OCCT/tmp/results_28.02.2011/occt/release-sources-20110228/inc/StepData_GlobalNodeOfWriterLib.hxx
+M StepData:derivated:StepData_GlobalNodeOfWriterLib_0.cxx /dn43/OCCT/tmp/results_28.02.2011/occt/release-sources-20110228/drv/StepData/StepData_GlobalNodeOfWriterLib_0.cxx
+M StepData:pubinclude:Handle_StepData_NodeOfWriterLib.hxx /dn43/OCCT/tmp/results_28.02.2011/occt/release-sources-20110228/inc/Handle_StepData_NodeOfWriterLib.hxx
+M StepData:pubinclude:StepData_NodeOfWriterLib.hxx /dn43/OCCT/tmp/results_28.02.2011/occt/release-sources-20110228/inc/StepData_NodeOfWriterLib.hxx
+M StepData:derivated:StepData_NodeOfWriterLib_0.cxx /dn43/OCCT/tmp/results_28.02.2011/occt/release-sources-20110228/drv/StepData/StepData_NodeOfWriterLib_0.cxx
+M StepData:pubinclude:StepData_Logical.hxx /dn43/OCCT/tmp/results_28.02.2011/occt/release-sources-20110228/inc/StepData_Logical.hxx
+M StepData:dbadmfile:StepData_xcpp_header.In /dn43/OCCT/tmp/results_28.02.2011/occt/release-sources-20110228/drv/StepData/.adm/StepData_xcpp_header.In
+M StepData:dbadmfile:StepData_xcpp_header.Out /dn43/OCCT/tmp/results_28.02.2011/occt/release-sources-20110228/drv/StepData/.adm/StepData_xcpp_header.Out
+M StepData:dbadmfile:StepData_xcpp_header.Dep /dn43/OCCT/tmp/results_28.02.2011/occt/release-sources-20110228/drv/StepData/.adm/StepData_xcpp_header.Dep
