+M TObj:pubinclude:Handle_TObj_Model.hxx /dn43/OCCT/tmp/results_30.09.2011/occt/release-sources-20110930/inc/Handle_TObj_Model.hxx
+M TObj:pubinclude:Handle_TObj_Object.hxx /dn43/OCCT/tmp/results_30.09.2011/occt/release-sources-20110930/inc/Handle_TObj_Object.hxx
+M TObj:pubinclude:TObj_Application.hxx /dn43/OCCT/tmp/results_30.09.2011/occt/release-sources-20110930/inc/TObj_Application.hxx
+M TObj:pubinclude:TObj_Assistant.hxx /dn43/OCCT/tmp/results_30.09.2011/occt/release-sources-20110930/inc/TObj_Assistant.hxx
+M TObj:pubinclude:TObj_CheckModel.hxx /dn43/OCCT/tmp/results_30.09.2011/occt/release-sources-20110930/inc/TObj_CheckModel.hxx
+M TObj:pubinclude:TObj_Common.hxx /dn43/OCCT/tmp/results_30.09.2011/occt/release-sources-20110930/inc/TObj_Common.hxx
+M TObj:pubinclude:TObj_Container.hxx /dn43/OCCT/tmp/results_30.09.2011/occt/release-sources-20110930/inc/TObj_Container.hxx
+M TObj:pubinclude:TObj_DeletingMode.hxx /dn43/OCCT/tmp/results_30.09.2011/occt/release-sources-20110930/inc/TObj_DeletingMode.hxx
+M TObj:pubinclude:TObj_HiddenPartition.hxx /dn43/OCCT/tmp/results_30.09.2011/occt/release-sources-20110930/inc/TObj_HiddenPartition.hxx
+M TObj:pubinclude:TObj_LabelIterator.hxx /dn43/OCCT/tmp/results_30.09.2011/occt/release-sources-20110930/inc/TObj_LabelIterator.hxx
+M TObj:pubinclude:TObj_Model.hxx /dn43/OCCT/tmp/results_30.09.2011/occt/release-sources-20110930/inc/TObj_Model.hxx
+M TObj:pubinclude:TObj_ModelIterator.hxx /dn43/OCCT/tmp/results_30.09.2011/occt/release-sources-20110930/inc/TObj_ModelIterator.hxx
+M TObj:pubinclude:TObj_Object.hxx /dn43/OCCT/tmp/results_30.09.2011/occt/release-sources-20110930/inc/TObj_Object.hxx
+M TObj:pubinclude:TObj_ObjectIterator.hxx /dn43/OCCT/tmp/results_30.09.2011/occt/release-sources-20110930/inc/TObj_ObjectIterator.hxx
+M TObj:pubinclude:TObj_OcafObjectIterator.hxx /dn43/OCCT/tmp/results_30.09.2011/occt/release-sources-20110930/inc/TObj_OcafObjectIterator.hxx
+M TObj:pubinclude:TObj_Partition.hxx /dn43/OCCT/tmp/results_30.09.2011/occt/release-sources-20110930/inc/TObj_Partition.hxx
+M TObj:pubinclude:TObj_Persistence.hxx /dn43/OCCT/tmp/results_30.09.2011/occt/release-sources-20110930/inc/TObj_Persistence.hxx
+M TObj:pubinclude:TObj_ReferenceIterator.hxx /dn43/OCCT/tmp/results_30.09.2011/occt/release-sources-20110930/inc/TObj_ReferenceIterator.hxx
+M TObj:pubinclude:TObj_SequenceIterator.hxx /dn43/OCCT/tmp/results_30.09.2011/occt/release-sources-20110930/inc/TObj_SequenceIterator.hxx
+M TObj:pubinclude:TObj_SequenceOfIterator.hxx /dn43/OCCT/tmp/results_30.09.2011/occt/release-sources-20110930/inc/TObj_SequenceOfIterator.hxx
+M TObj:pubinclude:TObj_SequenceOfObject.hxx /dn43/OCCT/tmp/results_30.09.2011/occt/release-sources-20110930/inc/TObj_SequenceOfObject.hxx
+M TObj:pubinclude:TObj_TIntSparseArray.hxx /dn43/OCCT/tmp/results_30.09.2011/occt/release-sources-20110930/inc/TObj_TIntSparseArray.hxx
+M TObj:pubinclude:TObj_TModel.hxx /dn43/OCCT/tmp/results_30.09.2011/occt/release-sources-20110930/inc/TObj_TModel.hxx
+M TObj:pubinclude:TObj_TNameContainer.hxx /dn43/OCCT/tmp/results_30.09.2011/occt/release-sources-20110930/inc/TObj_TNameContainer.hxx
+M TObj:pubinclude:TObj_TObject.hxx /dn43/OCCT/tmp/results_30.09.2011/occt/release-sources-20110930/inc/TObj_TObject.hxx
+M TObj:pubinclude:TObj_TReference.hxx /dn43/OCCT/tmp/results_30.09.2011/occt/release-sources-20110930/inc/TObj_TReference.hxx
+M TObj:pubinclude:TObj_TXYZ.hxx /dn43/OCCT/tmp/results_30.09.2011/occt/release-sources-20110930/inc/TObj_TXYZ.hxx
+M TObj:dbadmfile:TObj_obj_inc.In /dn43/OCCT/tmp/results_30.09.2011/occt/release-sources-20110930/drv/TObj/.adm/TObj_obj_inc.In
+M TObj:dbadmfile:TObj_obj_inc.Out /dn43/OCCT/tmp/results_30.09.2011/occt/release-sources-20110930/drv/TObj/.adm/TObj_obj_inc.Out
+M TObj:dbadmfile:TObj_obj_inc.Dep /dn43/OCCT/tmp/results_30.09.2011/occt/release-sources-20110930/drv/TObj/.adm/TObj_obj_inc.Dep
