+M ShapeFix:pubinclude:ShapeFix.hxx /dn43/OCCT/tmp/results_28.02.2011/occt/release-sources-20110228/inc/ShapeFix.hxx
+M ShapeFix:privinclude:ShapeFix.jxx /dn43/OCCT/tmp/results_28.02.2011/occt/release-sources-20110228/drv/ShapeFix/ShapeFix.jxx
+M ShapeFix:privinclude:ShapeFix.ixx /dn43/OCCT/tmp/results_28.02.2011/occt/release-sources-20110228/drv/ShapeFix/ShapeFix.ixx
+M ShapeFix:pubinclude:Handle_ShapeFix_Root.hxx /dn43/OCCT/tmp/results_28.02.2011/occt/release-sources-20110228/inc/Handle_ShapeFix_Root.hxx
+M ShapeFix:pubinclude:ShapeFix_Root.hxx /dn43/OCCT/tmp/results_28.02.2011/occt/release-sources-20110228/inc/ShapeFix_Root.hxx
+M ShapeFix:privinclude:ShapeFix_Root.jxx /dn43/OCCT/tmp/results_28.02.2011/occt/release-sources-20110228/drv/ShapeFix/ShapeFix_Root.jxx
+M ShapeFix:privinclude:ShapeFix_Root.ixx /dn43/OCCT/tmp/results_28.02.2011/occt/release-sources-20110228/drv/ShapeFix/ShapeFix_Root.ixx
+M ShapeFix:pubinclude:Handle_ShapeFix_EdgeProjAux.hxx /dn43/OCCT/tmp/results_28.02.2011/occt/release-sources-20110228/inc/Handle_ShapeFix_EdgeProjAux.hxx
+M ShapeFix:pubinclude:ShapeFix_EdgeProjAux.hxx /dn43/OCCT/tmp/results_28.02.2011/occt/release-sources-20110228/inc/ShapeFix_EdgeProjAux.hxx
+M ShapeFix:privinclude:ShapeFix_EdgeProjAux.jxx /dn43/OCCT/tmp/results_28.02.2011/occt/release-sources-20110228/drv/ShapeFix/ShapeFix_EdgeProjAux.jxx
+M ShapeFix:privinclude:ShapeFix_EdgeProjAux.ixx /dn43/OCCT/tmp/results_28.02.2011/occt/release-sources-20110228/drv/ShapeFix/ShapeFix_EdgeProjAux.ixx
+M ShapeFix:pubinclude:Handle_ShapeFix_Edge.hxx /dn43/OCCT/tmp/results_28.02.2011/occt/release-sources-20110228/inc/Handle_ShapeFix_Edge.hxx
+M ShapeFix:pubinclude:ShapeFix_Edge.hxx /dn43/OCCT/tmp/results_28.02.2011/occt/release-sources-20110228/inc/ShapeFix_Edge.hxx
+M ShapeFix:privinclude:ShapeFix_Edge.jxx /dn43/OCCT/tmp/results_28.02.2011/occt/release-sources-20110228/drv/ShapeFix/ShapeFix_Edge.jxx
+M ShapeFix:privinclude:ShapeFix_Edge.ixx /dn43/OCCT/tmp/results_28.02.2011/occt/release-sources-20110228/drv/ShapeFix/ShapeFix_Edge.ixx
+M ShapeFix:pubinclude:Handle_ShapeFix_Wire.hxx /dn43/OCCT/tmp/results_28.02.2011/occt/release-sources-20110228/inc/Handle_ShapeFix_Wire.hxx
+M ShapeFix:pubinclude:ShapeFix_Wire.hxx /dn43/OCCT/tmp/results_28.02.2011/occt/release-sources-20110228/inc/ShapeFix_Wire.hxx
+M ShapeFix:privinclude:ShapeFix_Wire.jxx /dn43/OCCT/tmp/results_28.02.2011/occt/release-sources-20110228/drv/ShapeFix/ShapeFix_Wire.jxx
+M ShapeFix:privinclude:ShapeFix_Wire.ixx /dn43/OCCT/tmp/results_28.02.2011/occt/release-sources-20110228/drv/ShapeFix/ShapeFix_Wire.ixx
+M ShapeFix:pubinclude:Handle_ShapeFix_Face.hxx /dn43/OCCT/tmp/results_28.02.2011/occt/release-sources-20110228/inc/Handle_ShapeFix_Face.hxx
+M ShapeFix:pubinclude:ShapeFix_Face.hxx /dn43/OCCT/tmp/results_28.02.2011/occt/release-sources-20110228/inc/ShapeFix_Face.hxx
+M ShapeFix:privinclude:ShapeFix_Face.jxx /dn43/OCCT/tmp/results_28.02.2011/occt/release-sources-20110228/drv/ShapeFix/ShapeFix_Face.jxx
+M ShapeFix:privinclude:ShapeFix_Face.ixx /dn43/OCCT/tmp/results_28.02.2011/occt/release-sources-20110228/drv/ShapeFix/ShapeFix_Face.ixx
+M ShapeFix:pubinclude:Handle_ShapeFix_FixSmallFace.hxx /dn43/OCCT/tmp/results_28.02.2011/occt/release-sources-20110228/inc/Handle_ShapeFix_FixSmallFace.hxx
+M ShapeFix:pubinclude:ShapeFix_FixSmallFace.hxx /dn43/OCCT/tmp/results_28.02.2011/occt/release-sources-20110228/inc/ShapeFix_FixSmallFace.hxx
+M ShapeFix:privinclude:ShapeFix_FixSmallFace.jxx /dn43/OCCT/tmp/results_28.02.2011/occt/release-sources-20110228/drv/ShapeFix/ShapeFix_FixSmallFace.jxx
+M ShapeFix:privinclude:ShapeFix_FixSmallFace.ixx /dn43/OCCT/tmp/results_28.02.2011/occt/release-sources-20110228/drv/ShapeFix/ShapeFix_FixSmallFace.ixx
+M ShapeFix:pubinclude:ShapeFix_WireVertex.hxx /dn43/OCCT/tmp/results_28.02.2011/occt/release-sources-20110228/inc/ShapeFix_WireVertex.hxx
+M ShapeFix:privinclude:ShapeFix_WireVertex.jxx /dn43/OCCT/tmp/results_28.02.2011/occt/release-sources-20110228/drv/ShapeFix/ShapeFix_WireVertex.jxx
+M ShapeFix:privinclude:ShapeFix_WireVertex.ixx /dn43/OCCT/tmp/results_28.02.2011/occt/release-sources-20110228/drv/ShapeFix/ShapeFix_WireVertex.ixx
+M ShapeFix:pubinclude:Handle_ShapeFix_Wireframe.hxx /dn43/OCCT/tmp/results_28.02.2011/occt/release-sources-20110228/inc/Handle_ShapeFix_Wireframe.hxx
+M ShapeFix:pubinclude:ShapeFix_Wireframe.hxx /dn43/OCCT/tmp/results_28.02.2011/occt/release-sources-20110228/inc/ShapeFix_Wireframe.hxx
+M ShapeFix:privinclude:ShapeFix_Wireframe.jxx /dn43/OCCT/tmp/results_28.02.2011/occt/release-sources-20110228/drv/ShapeFix/ShapeFix_Wireframe.jxx
+M ShapeFix:privinclude:ShapeFix_Wireframe.ixx /dn43/OCCT/tmp/results_28.02.2011/occt/release-sources-20110228/drv/ShapeFix/ShapeFix_Wireframe.ixx
+M ShapeFix:pubinclude:ShapeFix_FreeBounds.hxx /dn43/OCCT/tmp/results_28.02.2011/occt/release-sources-20110228/inc/ShapeFix_FreeBounds.hxx
+M ShapeFix:privinclude:ShapeFix_FreeBounds.jxx /dn43/OCCT/tmp/results_28.02.2011/occt/release-sources-20110228/drv/ShapeFix/ShapeFix_FreeBounds.jxx
+M ShapeFix:privinclude:ShapeFix_FreeBounds.ixx /dn43/OCCT/tmp/results_28.02.2011/occt/release-sources-20110228/drv/ShapeFix/ShapeFix_FreeBounds.ixx
+M ShapeFix:pubinclude:ShapeFix_FaceConnect.hxx /dn43/OCCT/tmp/results_28.02.2011/occt/release-sources-20110228/inc/ShapeFix_FaceConnect.hxx
+M ShapeFix:privinclude:ShapeFix_FaceConnect.jxx /dn43/OCCT/tmp/results_28.02.2011/occt/release-sources-20110228/drv/ShapeFix/ShapeFix_FaceConnect.jxx
+M ShapeFix:privinclude:ShapeFix_FaceConnect.ixx /dn43/OCCT/tmp/results_28.02.2011/occt/release-sources-20110228/drv/ShapeFix/ShapeFix_FaceConnect.ixx
+M ShapeFix:pubinclude:Handle_ShapeFix_Shell.hxx /dn43/OCCT/tmp/results_28.02.2011/occt/release-sources-20110228/inc/Handle_ShapeFix_Shell.hxx
+M ShapeFix:pubinclude:ShapeFix_Shell.hxx /dn43/OCCT/tmp/results_28.02.2011/occt/release-sources-20110228/inc/ShapeFix_Shell.hxx
+M ShapeFix:privinclude:ShapeFix_Shell.jxx /dn43/OCCT/tmp/results_28.02.2011/occt/release-sources-20110228/drv/ShapeFix/ShapeFix_Shell.jxx
+M ShapeFix:privinclude:ShapeFix_Shell.ixx /dn43/OCCT/tmp/results_28.02.2011/occt/release-sources-20110228/drv/ShapeFix/ShapeFix_Shell.ixx
+M ShapeFix:pubinclude:Handle_ShapeFix_Solid.hxx /dn43/OCCT/tmp/results_28.02.2011/occt/release-sources-20110228/inc/Handle_ShapeFix_Solid.hxx
+M ShapeFix:pubinclude:ShapeFix_Solid.hxx /dn43/OCCT/tmp/results_28.02.2011/occt/release-sources-20110228/inc/ShapeFix_Solid.hxx
+M ShapeFix:privinclude:ShapeFix_Solid.jxx /dn43/OCCT/tmp/results_28.02.2011/occt/release-sources-20110228/drv/ShapeFix/ShapeFix_Solid.jxx
+M ShapeFix:privinclude:ShapeFix_Solid.ixx /dn43/OCCT/tmp/results_28.02.2011/occt/release-sources-20110228/drv/ShapeFix/ShapeFix_Solid.ixx
+M ShapeFix:pubinclude:ShapeFix_ShapeTolerance.hxx /dn43/OCCT/tmp/results_28.02.2011/occt/release-sources-20110228/inc/ShapeFix_ShapeTolerance.hxx
+M ShapeFix:privinclude:ShapeFix_ShapeTolerance.jxx /dn43/OCCT/tmp/results_28.02.2011/occt/release-sources-20110228/drv/ShapeFix/ShapeFix_ShapeTolerance.jxx
+M ShapeFix:privinclude:ShapeFix_ShapeTolerance.ixx /dn43/OCCT/tmp/results_28.02.2011/occt/release-sources-20110228/drv/ShapeFix/ShapeFix_ShapeTolerance.ixx
+M ShapeFix:pubinclude:Handle_ShapeFix_Shape.hxx /dn43/OCCT/tmp/results_28.02.2011/occt/release-sources-20110228/inc/Handle_ShapeFix_Shape.hxx
+M ShapeFix:pubinclude:ShapeFix_Shape.hxx /dn43/OCCT/tmp/results_28.02.2011/occt/release-sources-20110228/inc/ShapeFix_Shape.hxx
+M ShapeFix:privinclude:ShapeFix_Shape.jxx /dn43/OCCT/tmp/results_28.02.2011/occt/release-sources-20110228/drv/ShapeFix/ShapeFix_Shape.jxx
+M ShapeFix:privinclude:ShapeFix_Shape.ixx /dn43/OCCT/tmp/results_28.02.2011/occt/release-sources-20110228/drv/ShapeFix/ShapeFix_Shape.ixx
+M ShapeFix:pubinclude:ShapeFix_EdgeConnect.hxx /dn43/OCCT/tmp/results_28.02.2011/occt/release-sources-20110228/inc/ShapeFix_EdgeConnect.hxx
+M ShapeFix:privinclude:ShapeFix_EdgeConnect.jxx /dn43/OCCT/tmp/results_28.02.2011/occt/release-sources-20110228/drv/ShapeFix/ShapeFix_EdgeConnect.jxx
+M ShapeFix:privinclude:ShapeFix_EdgeConnect.ixx /dn43/OCCT/tmp/results_28.02.2011/occt/release-sources-20110228/drv/ShapeFix/ShapeFix_EdgeConnect.ixx
+M ShapeFix:pubinclude:Handle_ShapeFix_ComposeShell.hxx /dn43/OCCT/tmp/results_28.02.2011/occt/release-sources-20110228/inc/Handle_ShapeFix_ComposeShell.hxx
+M ShapeFix:pubinclude:ShapeFix_ComposeShell.hxx /dn43/OCCT/tmp/results_28.02.2011/occt/release-sources-20110228/inc/ShapeFix_ComposeShell.hxx
+M ShapeFix:privinclude:ShapeFix_ComposeShell.jxx /dn43/OCCT/tmp/results_28.02.2011/occt/release-sources-20110228/drv/ShapeFix/ShapeFix_ComposeShell.jxx
+M ShapeFix:privinclude:ShapeFix_ComposeShell.ixx /dn43/OCCT/tmp/results_28.02.2011/occt/release-sources-20110228/drv/ShapeFix/ShapeFix_ComposeShell.ixx
+M ShapeFix:pubinclude:Handle_ShapeFix_SplitCommonVertex.hxx /dn43/OCCT/tmp/results_28.02.2011/occt/release-sources-20110228/inc/Handle_ShapeFix_SplitCommonVertex.hxx
+M ShapeFix:pubinclude:ShapeFix_SplitCommonVertex.hxx /dn43/OCCT/tmp/results_28.02.2011/occt/release-sources-20110228/inc/ShapeFix_SplitCommonVertex.hxx
+M ShapeFix:privinclude:ShapeFix_SplitCommonVertex.jxx /dn43/OCCT/tmp/results_28.02.2011/occt/release-sources-20110228/drv/ShapeFix/ShapeFix_SplitCommonVertex.jxx
+M ShapeFix:privinclude:ShapeFix_SplitCommonVertex.ixx /dn43/OCCT/tmp/results_28.02.2011/occt/release-sources-20110228/drv/ShapeFix/ShapeFix_SplitCommonVertex.ixx
+M ShapeFix:pubinclude:ShapeFix_WireSegment.hxx /dn43/OCCT/tmp/results_28.02.2011/occt/release-sources-20110228/inc/ShapeFix_WireSegment.hxx
+M ShapeFix:privinclude:ShapeFix_WireSegment.jxx /dn43/OCCT/tmp/results_28.02.2011/occt/release-sources-20110228/drv/ShapeFix/ShapeFix_WireSegment.jxx
+M ShapeFix:privinclude:ShapeFix_WireSegment.ixx /dn43/OCCT/tmp/results_28.02.2011/occt/release-sources-20110228/drv/ShapeFix/ShapeFix_WireSegment.ixx
+M ShapeFix:pubinclude:ShapeFix_IntersectionTool.hxx /dn43/OCCT/tmp/results_28.02.2011/occt/release-sources-20110228/inc/ShapeFix_IntersectionTool.hxx
+M ShapeFix:privinclude:ShapeFix_IntersectionTool.jxx /dn43/OCCT/tmp/results_28.02.2011/occt/release-sources-20110228/drv/ShapeFix/ShapeFix_IntersectionTool.jxx
+M ShapeFix:privinclude:ShapeFix_IntersectionTool.ixx /dn43/OCCT/tmp/results_28.02.2011/occt/release-sources-20110228/drv/ShapeFix/ShapeFix_IntersectionTool.ixx
+M ShapeFix:pubinclude:ShapeFix_SplitTool.hxx /dn43/OCCT/tmp/results_28.02.2011/occt/release-sources-20110228/inc/ShapeFix_SplitTool.hxx
+M ShapeFix:privinclude:ShapeFix_SplitTool.jxx /dn43/OCCT/tmp/results_28.02.2011/occt/release-sources-20110228/drv/ShapeFix/ShapeFix_SplitTool.jxx
+M ShapeFix:privinclude:ShapeFix_SplitTool.ixx /dn43/OCCT/tmp/results_28.02.2011/occt/release-sources-20110228/drv/ShapeFix/ShapeFix_SplitTool.ixx
+M ShapeFix:pubinclude:ShapeFix_SequenceOfWireSegment.hxx /dn43/OCCT/tmp/results_28.02.2011/occt/release-sources-20110228/inc/ShapeFix_SequenceOfWireSegment.hxx
+M ShapeFix:derivated:ShapeFix_SequenceOfWireSegment_0.cxx /dn43/OCCT/tmp/results_28.02.2011/occt/release-sources-20110228/drv/ShapeFix/ShapeFix_SequenceOfWireSegment_0.cxx
+M ShapeFix:pubinclude:ShapeFix_DataMapOfShapeBox2d.hxx /dn43/OCCT/tmp/results_28.02.2011/occt/release-sources-20110228/inc/ShapeFix_DataMapOfShapeBox2d.hxx
+M ShapeFix:derivated:ShapeFix_DataMapOfShapeBox2d_0.cxx /dn43/OCCT/tmp/results_28.02.2011/occt/release-sources-20110228/drv/ShapeFix/ShapeFix_DataMapOfShapeBox2d_0.cxx
+M ShapeFix:pubinclude:Handle_ShapeFix_SequenceNodeOfSequenceOfWireSegment.hxx /dn43/OCCT/tmp/results_28.02.2011/occt/release-sources-20110228/inc/Handle_ShapeFix_SequenceNodeOfSequenceOfWireSegment.hxx
+M ShapeFix:pubinclude:ShapeFix_SequenceNodeOfSequenceOfWireSegment.hxx /dn43/OCCT/tmp/results_28.02.2011/occt/release-sources-20110228/inc/ShapeFix_SequenceNodeOfSequenceOfWireSegment.hxx
+M ShapeFix:derivated:ShapeFix_SequenceNodeOfSequenceOfWireSegment_0.cxx /dn43/OCCT/tmp/results_28.02.2011/occt/release-sources-20110228/drv/ShapeFix/ShapeFix_SequenceNodeOfSequenceOfWireSegment_0.cxx
+M ShapeFix:pubinclude:Handle_ShapeFix_DataMapNodeOfDataMapOfShapeBox2d.hxx /dn43/OCCT/tmp/results_28.02.2011/occt/release-sources-20110228/inc/Handle_ShapeFix_DataMapNodeOfDataMapOfShapeBox2d.hxx
+M ShapeFix:pubinclude:ShapeFix_DataMapNodeOfDataMapOfShapeBox2d.hxx /dn43/OCCT/tmp/results_28.02.2011/occt/release-sources-20110228/inc/ShapeFix_DataMapNodeOfDataMapOfShapeBox2d.hxx
+M ShapeFix:derivated:ShapeFix_DataMapNodeOfDataMapOfShapeBox2d_0.cxx /dn43/OCCT/tmp/results_28.02.2011/occt/release-sources-20110228/drv/ShapeFix/ShapeFix_DataMapNodeOfDataMapOfShapeBox2d_0.cxx
+M ShapeFix:pubinclude:ShapeFix_DataMapIteratorOfDataMapOfShapeBox2d.hxx /dn43/OCCT/tmp/results_28.02.2011/occt/release-sources-20110228/inc/ShapeFix_DataMapIteratorOfDataMapOfShapeBox2d.hxx
+M ShapeFix:derivated:ShapeFix_DataMapIteratorOfDataMapOfShapeBox2d_0.cxx /dn43/OCCT/tmp/results_28.02.2011/occt/release-sources-20110228/drv/ShapeFix/ShapeFix_DataMapIteratorOfDataMapOfShapeBox2d_0.cxx
+M ShapeFix:dbadmfile:ShapeFix_xcpp_header.In /dn43/OCCT/tmp/results_28.02.2011/occt/release-sources-20110228/drv/ShapeFix/.adm/ShapeFix_xcpp_header.In
+M ShapeFix:dbadmfile:ShapeFix_xcpp_header.Out /dn43/OCCT/tmp/results_28.02.2011/occt/release-sources-20110228/drv/ShapeFix/.adm/ShapeFix_xcpp_header.Out
+M ShapeFix:dbadmfile:ShapeFix_xcpp_header.Dep /dn43/OCCT/tmp/results_28.02.2011/occt/release-sources-20110228/drv/ShapeFix/.adm/ShapeFix_xcpp_header.Dep
