+M TopOpeBRep:pubinclude:TopOpeBRep.hxx /dn43/OCCT/tmp/results_28.02.2011/occt/release-sources-20110228/inc/TopOpeBRep.hxx
+M TopOpeBRep:privinclude:TopOpeBRep.jxx /dn43/OCCT/tmp/results_28.02.2011/occt/release-sources-20110228/drv/TopOpeBRep/TopOpeBRep.jxx
+M TopOpeBRep:privinclude:TopOpeBRep.ixx /dn43/OCCT/tmp/results_28.02.2011/occt/release-sources-20110228/drv/TopOpeBRep/TopOpeBRep.ixx
+M TopOpeBRep:pubinclude:TopOpeBRep_VPointInter.hxx /dn43/OCCT/tmp/results_28.02.2011/occt/release-sources-20110228/inc/TopOpeBRep_VPointInter.hxx
+M TopOpeBRep:privinclude:TopOpeBRep_VPointInter.jxx /dn43/OCCT/tmp/results_28.02.2011/occt/release-sources-20110228/drv/TopOpeBRep/TopOpeBRep_VPointInter.jxx
+M TopOpeBRep:privinclude:TopOpeBRep_VPointInter.ixx /dn43/OCCT/tmp/results_28.02.2011/occt/release-sources-20110228/drv/TopOpeBRep/TopOpeBRep_VPointInter.ixx
+M TopOpeBRep:pubinclude:TopOpeBRep_Array1OfVPointInter.hxx /dn43/OCCT/tmp/results_28.02.2011/occt/release-sources-20110228/inc/TopOpeBRep_Array1OfVPointInter.hxx
+M TopOpeBRep:derivated:TopOpeBRep_Array1OfVPointInter_0.cxx /dn43/OCCT/tmp/results_28.02.2011/occt/release-sources-20110228/drv/TopOpeBRep/TopOpeBRep_Array1OfVPointInter_0.cxx
+M TopOpeBRep:pubinclude:Handle_TopOpeBRep_HArray1OfVPointInter.hxx /dn43/OCCT/tmp/results_28.02.2011/occt/release-sources-20110228/inc/Handle_TopOpeBRep_HArray1OfVPointInter.hxx
+M TopOpeBRep:pubinclude:TopOpeBRep_HArray1OfVPointInter.hxx /dn43/OCCT/tmp/results_28.02.2011/occt/release-sources-20110228/inc/TopOpeBRep_HArray1OfVPointInter.hxx
+M TopOpeBRep:derivated:TopOpeBRep_HArray1OfVPointInter_0.cxx /dn43/OCCT/tmp/results_28.02.2011/occt/release-sources-20110228/drv/TopOpeBRep/TopOpeBRep_HArray1OfVPointInter_0.cxx
+M TopOpeBRep:pubinclude:TopOpeBRep_VPointInterIterator.hxx /dn43/OCCT/tmp/results_28.02.2011/occt/release-sources-20110228/inc/TopOpeBRep_VPointInterIterator.hxx
+M TopOpeBRep:privinclude:TopOpeBRep_VPointInterIterator.jxx /dn43/OCCT/tmp/results_28.02.2011/occt/release-sources-20110228/drv/TopOpeBRep/TopOpeBRep_VPointInterIterator.jxx
+M TopOpeBRep:privinclude:TopOpeBRep_VPointInterIterator.ixx /dn43/OCCT/tmp/results_28.02.2011/occt/release-sources-20110228/drv/TopOpeBRep/TopOpeBRep_VPointInterIterator.ixx
+M TopOpeBRep:pubinclude:TopOpeBRep_WPointInter.hxx /dn43/OCCT/tmp/results_28.02.2011/occt/release-sources-20110228/inc/TopOpeBRep_WPointInter.hxx
+M TopOpeBRep:privinclude:TopOpeBRep_WPointInter.jxx /dn43/OCCT/tmp/results_28.02.2011/occt/release-sources-20110228/drv/TopOpeBRep/TopOpeBRep_WPointInter.jxx
+M TopOpeBRep:privinclude:TopOpeBRep_WPointInter.ixx /dn43/OCCT/tmp/results_28.02.2011/occt/release-sources-20110228/drv/TopOpeBRep/TopOpeBRep_WPointInter.ixx
+M TopOpeBRep:pubinclude:TopOpeBRep_WPointInterIterator.hxx /dn43/OCCT/tmp/results_28.02.2011/occt/release-sources-20110228/inc/TopOpeBRep_WPointInterIterator.hxx
+M TopOpeBRep:privinclude:TopOpeBRep_WPointInterIterator.jxx /dn43/OCCT/tmp/results_28.02.2011/occt/release-sources-20110228/drv/TopOpeBRep/TopOpeBRep_WPointInterIterator.jxx
+M TopOpeBRep:privinclude:TopOpeBRep_WPointInterIterator.ixx /dn43/OCCT/tmp/results_28.02.2011/occt/release-sources-20110228/drv/TopOpeBRep/TopOpeBRep_WPointInterIterator.ixx
+M TopOpeBRep:pubinclude:TopOpeBRep_LineInter.hxx /dn43/OCCT/tmp/results_28.02.2011/occt/release-sources-20110228/inc/TopOpeBRep_LineInter.hxx
+M TopOpeBRep:privinclude:TopOpeBRep_LineInter.jxx /dn43/OCCT/tmp/results_28.02.2011/occt/release-sources-20110228/drv/TopOpeBRep/TopOpeBRep_LineInter.jxx
+M TopOpeBRep:privinclude:TopOpeBRep_LineInter.ixx /dn43/OCCT/tmp/results_28.02.2011/occt/release-sources-20110228/drv/TopOpeBRep/TopOpeBRep_LineInter.ixx
+M TopOpeBRep:pubinclude:TopOpeBRep_Array1OfLineInter.hxx /dn43/OCCT/tmp/results_28.02.2011/occt/release-sources-20110228/inc/TopOpeBRep_Array1OfLineInter.hxx
+M TopOpeBRep:derivated:TopOpeBRep_Array1OfLineInter_0.cxx /dn43/OCCT/tmp/results_28.02.2011/occt/release-sources-20110228/drv/TopOpeBRep/TopOpeBRep_Array1OfLineInter_0.cxx
+M TopOpeBRep:pubinclude:Handle_TopOpeBRep_HArray1OfLineInter.hxx /dn43/OCCT/tmp/results_28.02.2011/occt/release-sources-20110228/inc/Handle_TopOpeBRep_HArray1OfLineInter.hxx
+M TopOpeBRep:pubinclude:TopOpeBRep_HArray1OfLineInter.hxx /dn43/OCCT/tmp/results_28.02.2011/occt/release-sources-20110228/inc/TopOpeBRep_HArray1OfLineInter.hxx
+M TopOpeBRep:derivated:TopOpeBRep_HArray1OfLineInter_0.cxx /dn43/OCCT/tmp/results_28.02.2011/occt/release-sources-20110228/drv/TopOpeBRep/TopOpeBRep_HArray1OfLineInter_0.cxx
+M TopOpeBRep:pubinclude:TopOpeBRep_DataMapOfTopolTool.hxx /dn43/OCCT/tmp/results_28.02.2011/occt/release-sources-20110228/inc/TopOpeBRep_DataMapOfTopolTool.hxx
+M TopOpeBRep:derivated:TopOpeBRep_DataMapOfTopolTool_0.cxx /dn43/OCCT/tmp/results_28.02.2011/occt/release-sources-20110228/drv/TopOpeBRep/TopOpeBRep_DataMapOfTopolTool_0.cxx
+M TopOpeBRep:pubinclude:Handle_TopOpeBRep_Hctxff2d.hxx /dn43/OCCT/tmp/results_28.02.2011/occt/release-sources-20110228/inc/Handle_TopOpeBRep_Hctxff2d.hxx
+M TopOpeBRep:pubinclude:TopOpeBRep_Hctxff2d.hxx /dn43/OCCT/tmp/results_28.02.2011/occt/release-sources-20110228/inc/TopOpeBRep_Hctxff2d.hxx
+M TopOpeBRep:privinclude:TopOpeBRep_Hctxff2d.jxx /dn43/OCCT/tmp/results_28.02.2011/occt/release-sources-20110228/drv/TopOpeBRep/TopOpeBRep_Hctxff2d.jxx
+M TopOpeBRep:privinclude:TopOpeBRep_Hctxff2d.ixx /dn43/OCCT/tmp/results_28.02.2011/occt/release-sources-20110228/drv/TopOpeBRep/TopOpeBRep_Hctxff2d.ixx
+M TopOpeBRep:pubinclude:Handle_TopOpeBRep_Hctxee2d.hxx /dn43/OCCT/tmp/results_28.02.2011/occt/release-sources-20110228/inc/Handle_TopOpeBRep_Hctxee2d.hxx
+M TopOpeBRep:pubinclude:TopOpeBRep_Hctxee2d.hxx /dn43/OCCT/tmp/results_28.02.2011/occt/release-sources-20110228/inc/TopOpeBRep_Hctxee2d.hxx
+M TopOpeBRep:privinclude:TopOpeBRep_Hctxee2d.jxx /dn43/OCCT/tmp/results_28.02.2011/occt/release-sources-20110228/drv/TopOpeBRep/TopOpeBRep_Hctxee2d.jxx
+M TopOpeBRep:privinclude:TopOpeBRep_Hctxee2d.ixx /dn43/OCCT/tmp/results_28.02.2011/occt/release-sources-20110228/drv/TopOpeBRep/TopOpeBRep_Hctxee2d.ixx
+M TopOpeBRep:pubinclude:TopOpeBRep_Point2d.hxx /dn43/OCCT/tmp/results_28.02.2011/occt/release-sources-20110228/inc/TopOpeBRep_Point2d.hxx
+M TopOpeBRep:privinclude:TopOpeBRep_Point2d.jxx /dn43/OCCT/tmp/results_28.02.2011/occt/release-sources-20110228/drv/TopOpeBRep/TopOpeBRep_Point2d.jxx
+M TopOpeBRep:privinclude:TopOpeBRep_Point2d.ixx /dn43/OCCT/tmp/results_28.02.2011/occt/release-sources-20110228/drv/TopOpeBRep/TopOpeBRep_Point2d.ixx
+M TopOpeBRep:pubinclude:TopOpeBRep_SequenceOfPoint2d.hxx /dn43/OCCT/tmp/results_28.02.2011/occt/release-sources-20110228/inc/TopOpeBRep_SequenceOfPoint2d.hxx
+M TopOpeBRep:derivated:TopOpeBRep_SequenceOfPoint2d_0.cxx /dn43/OCCT/tmp/results_28.02.2011/occt/release-sources-20110228/drv/TopOpeBRep/TopOpeBRep_SequenceOfPoint2d_0.cxx
+M TopOpeBRep:pubinclude:TopOpeBRep_PointClassifier.hxx /dn43/OCCT/tmp/results_28.02.2011/occt/release-sources-20110228/inc/TopOpeBRep_PointClassifier.hxx
+M TopOpeBRep:privinclude:TopOpeBRep_PointClassifier.jxx /dn43/OCCT/tmp/results_28.02.2011/occt/release-sources-20110228/drv/TopOpeBRep/TopOpeBRep_PointClassifier.jxx
+M TopOpeBRep:privinclude:TopOpeBRep_PointClassifier.ixx /dn43/OCCT/tmp/results_28.02.2011/occt/release-sources-20110228/drv/TopOpeBRep/TopOpeBRep_PointClassifier.ixx
+M TopOpeBRep:pubinclude:TopOpeBRep_VPointInterClassifier.hxx /dn43/OCCT/tmp/results_28.02.2011/occt/release-sources-20110228/inc/TopOpeBRep_VPointInterClassifier.hxx
+M TopOpeBRep:privinclude:TopOpeBRep_VPointInterClassifier.jxx /dn43/OCCT/tmp/results_28.02.2011/occt/release-sources-20110228/drv/TopOpeBRep/TopOpeBRep_VPointInterClassifier.jxx
+M TopOpeBRep:privinclude:TopOpeBRep_VPointInterClassifier.ixx /dn43/OCCT/tmp/results_28.02.2011/occt/release-sources-20110228/drv/TopOpeBRep/TopOpeBRep_VPointInterClassifier.ixx
+M TopOpeBRep:pubinclude:TopOpeBRep_GeomTool.hxx /dn43/OCCT/tmp/results_28.02.2011/occt/release-sources-20110228/inc/TopOpeBRep_GeomTool.hxx
+M TopOpeBRep:privinclude:TopOpeBRep_GeomTool.jxx /dn43/OCCT/tmp/results_28.02.2011/occt/release-sources-20110228/drv/TopOpeBRep/TopOpeBRep_GeomTool.jxx
+M TopOpeBRep:privinclude:TopOpeBRep_GeomTool.ixx /dn43/OCCT/tmp/results_28.02.2011/occt/release-sources-20110228/drv/TopOpeBRep/TopOpeBRep_GeomTool.ixx
+M TopOpeBRep:pubinclude:TopOpeBRep_FacesIntersector.hxx /dn43/OCCT/tmp/results_28.02.2011/occt/release-sources-20110228/inc/TopOpeBRep_FacesIntersector.hxx
+M TopOpeBRep:privinclude:TopOpeBRep_FacesIntersector.jxx /dn43/OCCT/tmp/results_28.02.2011/occt/release-sources-20110228/drv/TopOpeBRep/TopOpeBRep_FacesIntersector.jxx
+M TopOpeBRep:privinclude:TopOpeBRep_FacesIntersector.ixx /dn43/OCCT/tmp/results_28.02.2011/occt/release-sources-20110228/drv/TopOpeBRep/TopOpeBRep_FacesIntersector.ixx
+M TopOpeBRep:pubinclude:TopOpeBRep_EdgesIntersector.hxx /dn43/OCCT/tmp/results_28.02.2011/occt/release-sources-20110228/inc/TopOpeBRep_EdgesIntersector.hxx
+M TopOpeBRep:privinclude:TopOpeBRep_EdgesIntersector.jxx /dn43/OCCT/tmp/results_28.02.2011/occt/release-sources-20110228/drv/TopOpeBRep/TopOpeBRep_EdgesIntersector.jxx
+M TopOpeBRep:privinclude:TopOpeBRep_EdgesIntersector.ixx /dn43/OCCT/tmp/results_28.02.2011/occt/release-sources-20110228/drv/TopOpeBRep/TopOpeBRep_EdgesIntersector.ixx
+M TopOpeBRep:pubinclude:TopOpeBRep_FaceEdgeIntersector.hxx /dn43/OCCT/tmp/results_28.02.2011/occt/release-sources-20110228/inc/TopOpeBRep_FaceEdgeIntersector.hxx
+M TopOpeBRep:privinclude:TopOpeBRep_FaceEdgeIntersector.jxx /dn43/OCCT/tmp/results_28.02.2011/occt/release-sources-20110228/drv/TopOpeBRep/TopOpeBRep_FaceEdgeIntersector.jxx
+M TopOpeBRep:privinclude:TopOpeBRep_FaceEdgeIntersector.ixx /dn43/OCCT/tmp/results_28.02.2011/occt/release-sources-20110228/drv/TopOpeBRep/TopOpeBRep_FaceEdgeIntersector.ixx
+M TopOpeBRep:pubinclude:TopOpeBRep_ShapeScanner.hxx /dn43/OCCT/tmp/results_28.02.2011/occt/release-sources-20110228/inc/TopOpeBRep_ShapeScanner.hxx
+M TopOpeBRep:privinclude:TopOpeBRep_ShapeScanner.jxx /dn43/OCCT/tmp/results_28.02.2011/occt/release-sources-20110228/drv/TopOpeBRep/TopOpeBRep_ShapeScanner.jxx
+M TopOpeBRep:privinclude:TopOpeBRep_ShapeScanner.ixx /dn43/OCCT/tmp/results_28.02.2011/occt/release-sources-20110228/drv/TopOpeBRep/TopOpeBRep_ShapeScanner.ixx
+M TopOpeBRep:pubinclude:TopOpeBRep_ShapeIntersector.hxx /dn43/OCCT/tmp/results_28.02.2011/occt/release-sources-20110228/inc/TopOpeBRep_ShapeIntersector.hxx
+M TopOpeBRep:privinclude:TopOpeBRep_ShapeIntersector.jxx /dn43/OCCT/tmp/results_28.02.2011/occt/release-sources-20110228/drv/TopOpeBRep/TopOpeBRep_ShapeIntersector.jxx
+M TopOpeBRep:privinclude:TopOpeBRep_ShapeIntersector.ixx /dn43/OCCT/tmp/results_28.02.2011/occt/release-sources-20110228/drv/TopOpeBRep/TopOpeBRep_ShapeIntersector.ixx
+M TopOpeBRep:pubinclude:TopOpeBRep_ShapeIntersector2d.hxx /dn43/OCCT/tmp/results_28.02.2011/occt/release-sources-20110228/inc/TopOpeBRep_ShapeIntersector2d.hxx
+M TopOpeBRep:privinclude:TopOpeBRep_ShapeIntersector2d.jxx /dn43/OCCT/tmp/results_28.02.2011/occt/release-sources-20110228/drv/TopOpeBRep/TopOpeBRep_ShapeIntersector2d.jxx
+M TopOpeBRep:privinclude:TopOpeBRep_ShapeIntersector2d.ixx /dn43/OCCT/tmp/results_28.02.2011/occt/release-sources-20110228/drv/TopOpeBRep/TopOpeBRep_ShapeIntersector2d.ixx
+M TopOpeBRep:pubinclude:TopOpeBRep_PointGeomTool.hxx /dn43/OCCT/tmp/results_28.02.2011/occt/release-sources-20110228/inc/TopOpeBRep_PointGeomTool.hxx
+M TopOpeBRep:privinclude:TopOpeBRep_PointGeomTool.jxx /dn43/OCCT/tmp/results_28.02.2011/occt/release-sources-20110228/drv/TopOpeBRep/TopOpeBRep_PointGeomTool.jxx
+M TopOpeBRep:privinclude:TopOpeBRep_PointGeomTool.ixx /dn43/OCCT/tmp/results_28.02.2011/occt/release-sources-20110228/drv/TopOpeBRep/TopOpeBRep_PointGeomTool.ixx
+M TopOpeBRep:pubinclude:TopOpeBRep_FFTransitionTool.hxx /dn43/OCCT/tmp/results_28.02.2011/occt/release-sources-20110228/inc/TopOpeBRep_FFTransitionTool.hxx
+M TopOpeBRep:privinclude:TopOpeBRep_FFTransitionTool.jxx /dn43/OCCT/tmp/results_28.02.2011/occt/release-sources-20110228/drv/TopOpeBRep/TopOpeBRep_FFTransitionTool.jxx
+M TopOpeBRep:privinclude:TopOpeBRep_FFTransitionTool.ixx /dn43/OCCT/tmp/results_28.02.2011/occt/release-sources-20110228/drv/TopOpeBRep/TopOpeBRep_FFTransitionTool.ixx
+M TopOpeBRep:pubinclude:TopOpeBRep_Bipoint.hxx /dn43/OCCT/tmp/results_28.02.2011/occt/release-sources-20110228/inc/TopOpeBRep_Bipoint.hxx
+M TopOpeBRep:privinclude:TopOpeBRep_Bipoint.jxx /dn43/OCCT/tmp/results_28.02.2011/occt/release-sources-20110228/drv/TopOpeBRep/TopOpeBRep_Bipoint.jxx
+M TopOpeBRep:privinclude:TopOpeBRep_Bipoint.ixx /dn43/OCCT/tmp/results_28.02.2011/occt/release-sources-20110228/drv/TopOpeBRep/TopOpeBRep_Bipoint.ixx
+M TopOpeBRep:pubinclude:TopOpeBRep_ListOfBipoint.hxx /dn43/OCCT/tmp/results_28.02.2011/occt/release-sources-20110228/inc/TopOpeBRep_ListOfBipoint.hxx
+M TopOpeBRep:derivated:TopOpeBRep_ListOfBipoint_0.cxx /dn43/OCCT/tmp/results_28.02.2011/occt/release-sources-20110228/drv/TopOpeBRep/TopOpeBRep_ListOfBipoint_0.cxx
+M TopOpeBRep:pubinclude:TopOpeBRep_FacesFiller.hxx /dn43/OCCT/tmp/results_28.02.2011/occt/release-sources-20110228/inc/TopOpeBRep_FacesFiller.hxx
+M TopOpeBRep:privinclude:TopOpeBRep_FacesFiller.jxx /dn43/OCCT/tmp/results_28.02.2011/occt/release-sources-20110228/drv/TopOpeBRep/TopOpeBRep_FacesFiller.jxx
+M TopOpeBRep:privinclude:TopOpeBRep_FacesFiller.ixx /dn43/OCCT/tmp/results_28.02.2011/occt/release-sources-20110228/drv/TopOpeBRep/TopOpeBRep_FacesFiller.ixx
+M TopOpeBRep:pubinclude:Handle_TopOpeBRep_FFDumper.hxx /dn43/OCCT/tmp/results_28.02.2011/occt/release-sources-20110228/inc/Handle_TopOpeBRep_FFDumper.hxx
+M TopOpeBRep:pubinclude:TopOpeBRep_FFDumper.hxx /dn43/OCCT/tmp/results_28.02.2011/occt/release-sources-20110228/inc/TopOpeBRep_FFDumper.hxx
+M TopOpeBRep:privinclude:TopOpeBRep_FFDumper.jxx /dn43/OCCT/tmp/results_28.02.2011/occt/release-sources-20110228/drv/TopOpeBRep/TopOpeBRep_FFDumper.jxx
+M TopOpeBRep:privinclude:TopOpeBRep_FFDumper.ixx /dn43/OCCT/tmp/results_28.02.2011/occt/release-sources-20110228/drv/TopOpeBRep/TopOpeBRep_FFDumper.ixx
+M TopOpeBRep:pubinclude:TopOpeBRep_EdgesFiller.hxx /dn43/OCCT/tmp/results_28.02.2011/occt/release-sources-20110228/inc/TopOpeBRep_EdgesFiller.hxx
+M TopOpeBRep:privinclude:TopOpeBRep_EdgesFiller.jxx /dn43/OCCT/tmp/results_28.02.2011/occt/release-sources-20110228/drv/TopOpeBRep/TopOpeBRep_EdgesFiller.jxx
+M TopOpeBRep:privinclude:TopOpeBRep_EdgesFiller.ixx /dn43/OCCT/tmp/results_28.02.2011/occt/release-sources-20110228/drv/TopOpeBRep/TopOpeBRep_EdgesFiller.ixx
+M TopOpeBRep:pubinclude:TopOpeBRep_FaceEdgeFiller.hxx /dn43/OCCT/tmp/results_28.02.2011/occt/release-sources-20110228/inc/TopOpeBRep_FaceEdgeFiller.hxx
+M TopOpeBRep:privinclude:TopOpeBRep_FaceEdgeFiller.jxx /dn43/OCCT/tmp/results_28.02.2011/occt/release-sources-20110228/drv/TopOpeBRep/TopOpeBRep_FaceEdgeFiller.jxx
+M TopOpeBRep:privinclude:TopOpeBRep_FaceEdgeFiller.ixx /dn43/OCCT/tmp/results_28.02.2011/occt/release-sources-20110228/drv/TopOpeBRep/TopOpeBRep_FaceEdgeFiller.ixx
+M TopOpeBRep:pubinclude:TopOpeBRep_DSFiller.hxx /dn43/OCCT/tmp/results_28.02.2011/occt/release-sources-20110228/inc/TopOpeBRep_DSFiller.hxx
+M TopOpeBRep:privinclude:TopOpeBRep_DSFiller.jxx /dn43/OCCT/tmp/results_28.02.2011/occt/release-sources-20110228/drv/TopOpeBRep/TopOpeBRep_DSFiller.jxx
+M TopOpeBRep:privinclude:TopOpeBRep_DSFiller.ixx /dn43/OCCT/tmp/results_28.02.2011/occt/release-sources-20110228/drv/TopOpeBRep/TopOpeBRep_DSFiller.ixx
+M TopOpeBRep:pubinclude:Handle_TopOpeBRep_DataMapNodeOfDataMapOfTopolTool.hxx /dn43/OCCT/tmp/results_28.02.2011/occt/release-sources-20110228/inc/Handle_TopOpeBRep_DataMapNodeOfDataMapOfTopolTool.hxx
+M TopOpeBRep:pubinclude:TopOpeBRep_DataMapNodeOfDataMapOfTopolTool.hxx /dn43/OCCT/tmp/results_28.02.2011/occt/release-sources-20110228/inc/TopOpeBRep_DataMapNodeOfDataMapOfTopolTool.hxx
+M TopOpeBRep:derivated:TopOpeBRep_DataMapNodeOfDataMapOfTopolTool_0.cxx /dn43/OCCT/tmp/results_28.02.2011/occt/release-sources-20110228/drv/TopOpeBRep/TopOpeBRep_DataMapNodeOfDataMapOfTopolTool_0.cxx
+M TopOpeBRep:pubinclude:TopOpeBRep_DataMapIteratorOfDataMapOfTopolTool.hxx /dn43/OCCT/tmp/results_28.02.2011/occt/release-sources-20110228/inc/TopOpeBRep_DataMapIteratorOfDataMapOfTopolTool.hxx
+M TopOpeBRep:derivated:TopOpeBRep_DataMapIteratorOfDataMapOfTopolTool_0.cxx /dn43/OCCT/tmp/results_28.02.2011/occt/release-sources-20110228/drv/TopOpeBRep/TopOpeBRep_DataMapIteratorOfDataMapOfTopolTool_0.cxx
+M TopOpeBRep:pubinclude:Handle_TopOpeBRep_SequenceNodeOfSequenceOfPoint2d.hxx /dn43/OCCT/tmp/results_28.02.2011/occt/release-sources-20110228/inc/Handle_TopOpeBRep_SequenceNodeOfSequenceOfPoint2d.hxx
+M TopOpeBRep:pubinclude:TopOpeBRep_SequenceNodeOfSequenceOfPoint2d.hxx /dn43/OCCT/tmp/results_28.02.2011/occt/release-sources-20110228/inc/TopOpeBRep_SequenceNodeOfSequenceOfPoint2d.hxx
+M TopOpeBRep:derivated:TopOpeBRep_SequenceNodeOfSequenceOfPoint2d_0.cxx /dn43/OCCT/tmp/results_28.02.2011/occt/release-sources-20110228/drv/TopOpeBRep/TopOpeBRep_SequenceNodeOfSequenceOfPoint2d_0.cxx
+M TopOpeBRep:pubinclude:Handle_TopOpeBRep_ListNodeOfListOfBipoint.hxx /dn43/OCCT/tmp/results_28.02.2011/occt/release-sources-20110228/inc/Handle_TopOpeBRep_ListNodeOfListOfBipoint.hxx
+M TopOpeBRep:pubinclude:TopOpeBRep_ListNodeOfListOfBipoint.hxx /dn43/OCCT/tmp/results_28.02.2011/occt/release-sources-20110228/inc/TopOpeBRep_ListNodeOfListOfBipoint.hxx
+M TopOpeBRep:derivated:TopOpeBRep_ListNodeOfListOfBipoint_0.cxx /dn43/OCCT/tmp/results_28.02.2011/occt/release-sources-20110228/drv/TopOpeBRep/TopOpeBRep_ListNodeOfListOfBipoint_0.cxx
+M TopOpeBRep:pubinclude:TopOpeBRep_ListIteratorOfListOfBipoint.hxx /dn43/OCCT/tmp/results_28.02.2011/occt/release-sources-20110228/inc/TopOpeBRep_ListIteratorOfListOfBipoint.hxx
+M TopOpeBRep:derivated:TopOpeBRep_ListIteratorOfListOfBipoint_0.cxx /dn43/OCCT/tmp/results_28.02.2011/occt/release-sources-20110228/drv/TopOpeBRep/TopOpeBRep_ListIteratorOfListOfBipoint_0.cxx
+M TopOpeBRep:pubinclude:TopOpeBRep_TypeLineCurve.hxx /dn43/OCCT/tmp/results_28.02.2011/occt/release-sources-20110228/inc/TopOpeBRep_TypeLineCurve.hxx
+M TopOpeBRep:pubinclude:TopOpeBRep_P2Dstatus.hxx /dn43/OCCT/tmp/results_28.02.2011/occt/release-sources-20110228/inc/TopOpeBRep_P2Dstatus.hxx
+M TopOpeBRep:pubinclude:TopOpeBRep_PThePointOfIntersection.hxx /dn43/OCCT/tmp/results_28.02.2011/occt/release-sources-20110228/inc/TopOpeBRep_PThePointOfIntersection.hxx
+M TopOpeBRep:pubinclude:TopOpeBRep_PPntOn2S.hxx /dn43/OCCT/tmp/results_28.02.2011/occt/release-sources-20110228/inc/TopOpeBRep_PPntOn2S.hxx
+M TopOpeBRep:pubinclude:TopOpeBRep_PLineInter.hxx /dn43/OCCT/tmp/results_28.02.2011/occt/release-sources-20110228/inc/TopOpeBRep_PLineInter.hxx
+M TopOpeBRep:pubinclude:TopOpeBRep_PIntRes2d_IntersectionPoint.hxx /dn43/OCCT/tmp/results_28.02.2011/occt/release-sources-20110228/inc/TopOpeBRep_PIntRes2d_IntersectionPoint.hxx
+M TopOpeBRep:pubinclude:TopOpeBRep_PFacesIntersector.hxx /dn43/OCCT/tmp/results_28.02.2011/occt/release-sources-20110228/inc/TopOpeBRep_PFacesIntersector.hxx
+M TopOpeBRep:pubinclude:TopOpeBRep_PEdgesIntersector.hxx /dn43/OCCT/tmp/results_28.02.2011/occt/release-sources-20110228/inc/TopOpeBRep_PEdgesIntersector.hxx
+M TopOpeBRep:pubinclude:TopOpeBRep_PFacesFiller.hxx /dn43/OCCT/tmp/results_28.02.2011/occt/release-sources-20110228/inc/TopOpeBRep_PFacesFiller.hxx
+M TopOpeBRep:dbadmfile:TopOpeBRep_xcpp_header.In /dn43/OCCT/tmp/results_28.02.2011/occt/release-sources-20110228/drv/TopOpeBRep/.adm/TopOpeBRep_xcpp_header.In
+M TopOpeBRep:dbadmfile:TopOpeBRep_xcpp_header.Out /dn43/OCCT/tmp/results_28.02.2011/occt/release-sources-20110228/drv/TopOpeBRep/.adm/TopOpeBRep_xcpp_header.Out
+M TopOpeBRep:dbadmfile:TopOpeBRep_xcpp_header.Dep /dn43/OCCT/tmp/results_28.02.2011/occt/release-sources-20110228/drv/TopOpeBRep/.adm/TopOpeBRep_xcpp_header.Dep
