+M BRepPrimAPI:pubinclude:BRepPrimAPI_MakeHalfSpace.hxx /dn43/OCCT/tmp/results_28.02.2011/occt/release-sources-20110228/inc/BRepPrimAPI_MakeHalfSpace.hxx
+M BRepPrimAPI:privinclude:BRepPrimAPI_MakeHalfSpace.jxx /dn43/OCCT/tmp/results_28.02.2011/occt/release-sources-20110228/drv/BRepPrimAPI/BRepPrimAPI_MakeHalfSpace.jxx
+M BRepPrimAPI:privinclude:BRepPrimAPI_MakeHalfSpace.ixx /dn43/OCCT/tmp/results_28.02.2011/occt/release-sources-20110228/drv/BRepPrimAPI/BRepPrimAPI_MakeHalfSpace.ixx
+M BRepPrimAPI:pubinclude:BRepPrimAPI_MakeBox.hxx /dn43/OCCT/tmp/results_28.02.2011/occt/release-sources-20110228/inc/BRepPrimAPI_MakeBox.hxx
+M BRepPrimAPI:privinclude:BRepPrimAPI_MakeBox.jxx /dn43/OCCT/tmp/results_28.02.2011/occt/release-sources-20110228/drv/BRepPrimAPI/BRepPrimAPI_MakeBox.jxx
+M BRepPrimAPI:privinclude:BRepPrimAPI_MakeBox.ixx /dn43/OCCT/tmp/results_28.02.2011/occt/release-sources-20110228/drv/BRepPrimAPI/BRepPrimAPI_MakeBox.ixx
+M BRepPrimAPI:pubinclude:BRepPrimAPI_MakeWedge.hxx /dn43/OCCT/tmp/results_28.02.2011/occt/release-sources-20110228/inc/BRepPrimAPI_MakeWedge.hxx
+M BRepPrimAPI:privinclude:BRepPrimAPI_MakeWedge.jxx /dn43/OCCT/tmp/results_28.02.2011/occt/release-sources-20110228/drv/BRepPrimAPI/BRepPrimAPI_MakeWedge.jxx
+M BRepPrimAPI:privinclude:BRepPrimAPI_MakeWedge.ixx /dn43/OCCT/tmp/results_28.02.2011/occt/release-sources-20110228/drv/BRepPrimAPI/BRepPrimAPI_MakeWedge.ixx
+M BRepPrimAPI:pubinclude:BRepPrimAPI_MakeOneAxis.hxx /dn43/OCCT/tmp/results_28.02.2011/occt/release-sources-20110228/inc/BRepPrimAPI_MakeOneAxis.hxx
+M BRepPrimAPI:privinclude:BRepPrimAPI_MakeOneAxis.jxx /dn43/OCCT/tmp/results_28.02.2011/occt/release-sources-20110228/drv/BRepPrimAPI/BRepPrimAPI_MakeOneAxis.jxx
+M BRepPrimAPI:privinclude:BRepPrimAPI_MakeOneAxis.ixx /dn43/OCCT/tmp/results_28.02.2011/occt/release-sources-20110228/drv/BRepPrimAPI/BRepPrimAPI_MakeOneAxis.ixx
+M BRepPrimAPI:pubinclude:BRepPrimAPI_MakeCylinder.hxx /dn43/OCCT/tmp/results_28.02.2011/occt/release-sources-20110228/inc/BRepPrimAPI_MakeCylinder.hxx
+M BRepPrimAPI:privinclude:BRepPrimAPI_MakeCylinder.jxx /dn43/OCCT/tmp/results_28.02.2011/occt/release-sources-20110228/drv/BRepPrimAPI/BRepPrimAPI_MakeCylinder.jxx
+M BRepPrimAPI:privinclude:BRepPrimAPI_MakeCylinder.ixx /dn43/OCCT/tmp/results_28.02.2011/occt/release-sources-20110228/drv/BRepPrimAPI/BRepPrimAPI_MakeCylinder.ixx
+M BRepPrimAPI:pubinclude:BRepPrimAPI_MakeCone.hxx /dn43/OCCT/tmp/results_28.02.2011/occt/release-sources-20110228/inc/BRepPrimAPI_MakeCone.hxx
+M BRepPrimAPI:privinclude:BRepPrimAPI_MakeCone.jxx /dn43/OCCT/tmp/results_28.02.2011/occt/release-sources-20110228/drv/BRepPrimAPI/BRepPrimAPI_MakeCone.jxx
+M BRepPrimAPI:privinclude:BRepPrimAPI_MakeCone.ixx /dn43/OCCT/tmp/results_28.02.2011/occt/release-sources-20110228/drv/BRepPrimAPI/BRepPrimAPI_MakeCone.ixx
+M BRepPrimAPI:pubinclude:BRepPrimAPI_MakeSphere.hxx /dn43/OCCT/tmp/results_28.02.2011/occt/release-sources-20110228/inc/BRepPrimAPI_MakeSphere.hxx
+M BRepPrimAPI:privinclude:BRepPrimAPI_MakeSphere.jxx /dn43/OCCT/tmp/results_28.02.2011/occt/release-sources-20110228/drv/BRepPrimAPI/BRepPrimAPI_MakeSphere.jxx
+M BRepPrimAPI:privinclude:BRepPrimAPI_MakeSphere.ixx /dn43/OCCT/tmp/results_28.02.2011/occt/release-sources-20110228/drv/BRepPrimAPI/BRepPrimAPI_MakeSphere.ixx
+M BRepPrimAPI:pubinclude:BRepPrimAPI_MakeTorus.hxx /dn43/OCCT/tmp/results_28.02.2011/occt/release-sources-20110228/inc/BRepPrimAPI_MakeTorus.hxx
+M BRepPrimAPI:privinclude:BRepPrimAPI_MakeTorus.jxx /dn43/OCCT/tmp/results_28.02.2011/occt/release-sources-20110228/drv/BRepPrimAPI/BRepPrimAPI_MakeTorus.jxx
+M BRepPrimAPI:privinclude:BRepPrimAPI_MakeTorus.ixx /dn43/OCCT/tmp/results_28.02.2011/occt/release-sources-20110228/drv/BRepPrimAPI/BRepPrimAPI_MakeTorus.ixx
+M BRepPrimAPI:pubinclude:BRepPrimAPI_MakeRevolution.hxx /dn43/OCCT/tmp/results_28.02.2011/occt/release-sources-20110228/inc/BRepPrimAPI_MakeRevolution.hxx
+M BRepPrimAPI:privinclude:BRepPrimAPI_MakeRevolution.jxx /dn43/OCCT/tmp/results_28.02.2011/occt/release-sources-20110228/drv/BRepPrimAPI/BRepPrimAPI_MakeRevolution.jxx
+M BRepPrimAPI:privinclude:BRepPrimAPI_MakeRevolution.ixx /dn43/OCCT/tmp/results_28.02.2011/occt/release-sources-20110228/drv/BRepPrimAPI/BRepPrimAPI_MakeRevolution.ixx
+M BRepPrimAPI:pubinclude:BRepPrimAPI_MakeSweep.hxx /dn43/OCCT/tmp/results_28.02.2011/occt/release-sources-20110228/inc/BRepPrimAPI_MakeSweep.hxx
+M BRepPrimAPI:privinclude:BRepPrimAPI_MakeSweep.jxx /dn43/OCCT/tmp/results_28.02.2011/occt/release-sources-20110228/drv/BRepPrimAPI/BRepPrimAPI_MakeSweep.jxx
+M BRepPrimAPI:privinclude:BRepPrimAPI_MakeSweep.ixx /dn43/OCCT/tmp/results_28.02.2011/occt/release-sources-20110228/drv/BRepPrimAPI/BRepPrimAPI_MakeSweep.ixx
+M BRepPrimAPI:pubinclude:BRepPrimAPI_MakePrism.hxx /dn43/OCCT/tmp/results_28.02.2011/occt/release-sources-20110228/inc/BRepPrimAPI_MakePrism.hxx
+M BRepPrimAPI:privinclude:BRepPrimAPI_MakePrism.jxx /dn43/OCCT/tmp/results_28.02.2011/occt/release-sources-20110228/drv/BRepPrimAPI/BRepPrimAPI_MakePrism.jxx
+M BRepPrimAPI:privinclude:BRepPrimAPI_MakePrism.ixx /dn43/OCCT/tmp/results_28.02.2011/occt/release-sources-20110228/drv/BRepPrimAPI/BRepPrimAPI_MakePrism.ixx
+M BRepPrimAPI:pubinclude:BRepPrimAPI_MakeRevol.hxx /dn43/OCCT/tmp/results_28.02.2011/occt/release-sources-20110228/inc/BRepPrimAPI_MakeRevol.hxx
+M BRepPrimAPI:privinclude:BRepPrimAPI_MakeRevol.jxx /dn43/OCCT/tmp/results_28.02.2011/occt/release-sources-20110228/drv/BRepPrimAPI/BRepPrimAPI_MakeRevol.jxx
+M BRepPrimAPI:privinclude:BRepPrimAPI_MakeRevol.ixx /dn43/OCCT/tmp/results_28.02.2011/occt/release-sources-20110228/drv/BRepPrimAPI/BRepPrimAPI_MakeRevol.ixx
+M BRepPrimAPI:dbadmfile:BRepPrimAPI_xcpp_header.In /dn43/OCCT/tmp/results_28.02.2011/occt/release-sources-20110228/drv/BRepPrimAPI/.adm/BRepPrimAPI_xcpp_header.In
+M BRepPrimAPI:dbadmfile:BRepPrimAPI_xcpp_header.Out /dn43/OCCT/tmp/results_28.02.2011/occt/release-sources-20110228/drv/BRepPrimAPI/.adm/BRepPrimAPI_xcpp_header.Out
+M BRepPrimAPI:dbadmfile:BRepPrimAPI_xcpp_header.Dep /dn43/OCCT/tmp/results_28.02.2011/occt/release-sources-20110228/drv/BRepPrimAPI/.adm/BRepPrimAPI_xcpp_header.Dep
