+M Geom:pubinclude:Geom_SequenceOfBSplineSurface.hxx /dn43/OCCT/tmp/results_30.09.2011/occt/release-sources-20110930/inc/Geom_SequenceOfBSplineSurface.hxx
+M Geom:derivated:Geom_SequenceOfBSplineSurface_0.cxx /dn43/OCCT/tmp/results_30.09.2011/occt/release-sources-20110930/drv/Geom/Geom_SequenceOfBSplineSurface_0.cxx
+M Geom:pubinclude:Handle_Geom_HSequenceOfBSplineSurface.hxx /dn43/OCCT/tmp/results_30.09.2011/occt/release-sources-20110930/inc/Handle_Geom_HSequenceOfBSplineSurface.hxx
+M Geom:pubinclude:Geom_HSequenceOfBSplineSurface.hxx /dn43/OCCT/tmp/results_30.09.2011/occt/release-sources-20110930/inc/Geom_HSequenceOfBSplineSurface.hxx
+M Geom:derivated:Geom_HSequenceOfBSplineSurface_0.cxx /dn43/OCCT/tmp/results_30.09.2011/occt/release-sources-20110930/drv/Geom/Geom_HSequenceOfBSplineSurface_0.cxx
+M Geom:pubinclude:Geom_SequenceOfSurface.hxx /dn43/OCCT/tmp/results_30.09.2011/occt/release-sources-20110930/inc/Geom_SequenceOfSurface.hxx
+M Geom:derivated:Geom_SequenceOfSurface_0.cxx /dn43/OCCT/tmp/results_30.09.2011/occt/release-sources-20110930/drv/Geom/Geom_SequenceOfSurface_0.cxx
+M Geom:pubinclude:Handle_Geom_HSequenceOfSurface.hxx /dn43/OCCT/tmp/results_30.09.2011/occt/release-sources-20110930/inc/Handle_Geom_HSequenceOfSurface.hxx
+M Geom:pubinclude:Geom_HSequenceOfSurface.hxx /dn43/OCCT/tmp/results_30.09.2011/occt/release-sources-20110930/inc/Geom_HSequenceOfSurface.hxx
+M Geom:derivated:Geom_HSequenceOfSurface_0.cxx /dn43/OCCT/tmp/results_30.09.2011/occt/release-sources-20110930/drv/Geom/Geom_HSequenceOfSurface_0.cxx
+M Geom:pubinclude:Handle_Geom_Transformation.hxx /dn43/OCCT/tmp/results_30.09.2011/occt/release-sources-20110930/inc/Handle_Geom_Transformation.hxx
+M Geom:pubinclude:Geom_Transformation.hxx /dn43/OCCT/tmp/results_30.09.2011/occt/release-sources-20110930/inc/Geom_Transformation.hxx
+M Geom:privinclude:Geom_Transformation.jxx /dn43/OCCT/tmp/results_30.09.2011/occt/release-sources-20110930/drv/Geom/Geom_Transformation.jxx
+M Geom:privinclude:Geom_Transformation.ixx /dn43/OCCT/tmp/results_30.09.2011/occt/release-sources-20110930/drv/Geom/Geom_Transformation.ixx
+M Geom:pubinclude:Handle_Geom_Geometry.hxx /dn43/OCCT/tmp/results_30.09.2011/occt/release-sources-20110930/inc/Handle_Geom_Geometry.hxx
+M Geom:pubinclude:Geom_Geometry.hxx /dn43/OCCT/tmp/results_30.09.2011/occt/release-sources-20110930/inc/Geom_Geometry.hxx
+M Geom:privinclude:Geom_Geometry.jxx /dn43/OCCT/tmp/results_30.09.2011/occt/release-sources-20110930/drv/Geom/Geom_Geometry.jxx
+M Geom:privinclude:Geom_Geometry.ixx /dn43/OCCT/tmp/results_30.09.2011/occt/release-sources-20110930/drv/Geom/Geom_Geometry.ixx
+M Geom:pubinclude:Handle_Geom_Point.hxx /dn43/OCCT/tmp/results_30.09.2011/occt/release-sources-20110930/inc/Handle_Geom_Point.hxx
+M Geom:pubinclude:Geom_Point.hxx /dn43/OCCT/tmp/results_30.09.2011/occt/release-sources-20110930/inc/Geom_Point.hxx
+M Geom:privinclude:Geom_Point.jxx /dn43/OCCT/tmp/results_30.09.2011/occt/release-sources-20110930/drv/Geom/Geom_Point.jxx
+M Geom:privinclude:Geom_Point.ixx /dn43/OCCT/tmp/results_30.09.2011/occt/release-sources-20110930/drv/Geom/Geom_Point.ixx
+M Geom:pubinclude:Handle_Geom_CartesianPoint.hxx /dn43/OCCT/tmp/results_30.09.2011/occt/release-sources-20110930/inc/Handle_Geom_CartesianPoint.hxx
+M Geom:pubinclude:Geom_CartesianPoint.hxx /dn43/OCCT/tmp/results_30.09.2011/occt/release-sources-20110930/inc/Geom_CartesianPoint.hxx
+M Geom:privinclude:Geom_CartesianPoint.jxx /dn43/OCCT/tmp/results_30.09.2011/occt/release-sources-20110930/drv/Geom/Geom_CartesianPoint.jxx
+M Geom:privinclude:Geom_CartesianPoint.ixx /dn43/OCCT/tmp/results_30.09.2011/occt/release-sources-20110930/drv/Geom/Geom_CartesianPoint.ixx
+M Geom:pubinclude:Handle_Geom_Vector.hxx /dn43/OCCT/tmp/results_30.09.2011/occt/release-sources-20110930/inc/Handle_Geom_Vector.hxx
+M Geom:pubinclude:Geom_Vector.hxx /dn43/OCCT/tmp/results_30.09.2011/occt/release-sources-20110930/inc/Geom_Vector.hxx
+M Geom:privinclude:Geom_Vector.jxx /dn43/OCCT/tmp/results_30.09.2011/occt/release-sources-20110930/drv/Geom/Geom_Vector.jxx
+M Geom:privinclude:Geom_Vector.ixx /dn43/OCCT/tmp/results_30.09.2011/occt/release-sources-20110930/drv/Geom/Geom_Vector.ixx
+M Geom:pubinclude:Handle_Geom_Direction.hxx /dn43/OCCT/tmp/results_30.09.2011/occt/release-sources-20110930/inc/Handle_Geom_Direction.hxx
+M Geom:pubinclude:Geom_Direction.hxx /dn43/OCCT/tmp/results_30.09.2011/occt/release-sources-20110930/inc/Geom_Direction.hxx
+M Geom:privinclude:Geom_Direction.jxx /dn43/OCCT/tmp/results_30.09.2011/occt/release-sources-20110930/drv/Geom/Geom_Direction.jxx
+M Geom:privinclude:Geom_Direction.ixx /dn43/OCCT/tmp/results_30.09.2011/occt/release-sources-20110930/drv/Geom/Geom_Direction.ixx
+M Geom:pubinclude:Handle_Geom_VectorWithMagnitude.hxx /dn43/OCCT/tmp/results_30.09.2011/occt/release-sources-20110930/inc/Handle_Geom_VectorWithMagnitude.hxx
+M Geom:pubinclude:Geom_VectorWithMagnitude.hxx /dn43/OCCT/tmp/results_30.09.2011/occt/release-sources-20110930/inc/Geom_VectorWithMagnitude.hxx
+M Geom:privinclude:Geom_VectorWithMagnitude.jxx /dn43/OCCT/tmp/results_30.09.2011/occt/release-sources-20110930/drv/Geom/Geom_VectorWithMagnitude.jxx
+M Geom:privinclude:Geom_VectorWithMagnitude.ixx /dn43/OCCT/tmp/results_30.09.2011/occt/release-sources-20110930/drv/Geom/Geom_VectorWithMagnitude.ixx
+M Geom:pubinclude:Handle_Geom_AxisPlacement.hxx /dn43/OCCT/tmp/results_30.09.2011/occt/release-sources-20110930/inc/Handle_Geom_AxisPlacement.hxx
+M Geom:pubinclude:Geom_AxisPlacement.hxx /dn43/OCCT/tmp/results_30.09.2011/occt/release-sources-20110930/inc/Geom_AxisPlacement.hxx
+M Geom:privinclude:Geom_AxisPlacement.jxx /dn43/OCCT/tmp/results_30.09.2011/occt/release-sources-20110930/drv/Geom/Geom_AxisPlacement.jxx
+M Geom:privinclude:Geom_AxisPlacement.ixx /dn43/OCCT/tmp/results_30.09.2011/occt/release-sources-20110930/drv/Geom/Geom_AxisPlacement.ixx
+M Geom:pubinclude:Handle_Geom_Axis1Placement.hxx /dn43/OCCT/tmp/results_30.09.2011/occt/release-sources-20110930/inc/Handle_Geom_Axis1Placement.hxx
+M Geom:pubinclude:Geom_Axis1Placement.hxx /dn43/OCCT/tmp/results_30.09.2011/occt/release-sources-20110930/inc/Geom_Axis1Placement.hxx
+M Geom:privinclude:Geom_Axis1Placement.jxx /dn43/OCCT/tmp/results_30.09.2011/occt/release-sources-20110930/drv/Geom/Geom_Axis1Placement.jxx
+M Geom:privinclude:Geom_Axis1Placement.ixx /dn43/OCCT/tmp/results_30.09.2011/occt/release-sources-20110930/drv/Geom/Geom_Axis1Placement.ixx
+M Geom:pubinclude:Handle_Geom_Axis2Placement.hxx /dn43/OCCT/tmp/results_30.09.2011/occt/release-sources-20110930/inc/Handle_Geom_Axis2Placement.hxx
+M Geom:pubinclude:Geom_Axis2Placement.hxx /dn43/OCCT/tmp/results_30.09.2011/occt/release-sources-20110930/inc/Geom_Axis2Placement.hxx
+M Geom:privinclude:Geom_Axis2Placement.jxx /dn43/OCCT/tmp/results_30.09.2011/occt/release-sources-20110930/drv/Geom/Geom_Axis2Placement.jxx
+M Geom:privinclude:Geom_Axis2Placement.ixx /dn43/OCCT/tmp/results_30.09.2011/occt/release-sources-20110930/drv/Geom/Geom_Axis2Placement.ixx
+M Geom:pubinclude:Handle_Geom_Curve.hxx /dn43/OCCT/tmp/results_30.09.2011/occt/release-sources-20110930/inc/Handle_Geom_Curve.hxx
+M Geom:pubinclude:Geom_Curve.hxx /dn43/OCCT/tmp/results_30.09.2011/occt/release-sources-20110930/inc/Geom_Curve.hxx
+M Geom:privinclude:Geom_Curve.jxx /dn43/OCCT/tmp/results_30.09.2011/occt/release-sources-20110930/drv/Geom/Geom_Curve.jxx
+M Geom:privinclude:Geom_Curve.ixx /dn43/OCCT/tmp/results_30.09.2011/occt/release-sources-20110930/drv/Geom/Geom_Curve.ixx
+M Geom:pubinclude:Handle_Geom_Line.hxx /dn43/OCCT/tmp/results_30.09.2011/occt/release-sources-20110930/inc/Handle_Geom_Line.hxx
+M Geom:pubinclude:Geom_Line.hxx /dn43/OCCT/tmp/results_30.09.2011/occt/release-sources-20110930/inc/Geom_Line.hxx
+M Geom:privinclude:Geom_Line.jxx /dn43/OCCT/tmp/results_30.09.2011/occt/release-sources-20110930/drv/Geom/Geom_Line.jxx
+M Geom:privinclude:Geom_Line.ixx /dn43/OCCT/tmp/results_30.09.2011/occt/release-sources-20110930/drv/Geom/Geom_Line.ixx
+M Geom:pubinclude:Handle_Geom_Conic.hxx /dn43/OCCT/tmp/results_30.09.2011/occt/release-sources-20110930/inc/Handle_Geom_Conic.hxx
+M Geom:pubinclude:Geom_Conic.hxx /dn43/OCCT/tmp/results_30.09.2011/occt/release-sources-20110930/inc/Geom_Conic.hxx
+M Geom:privinclude:Geom_Conic.jxx /dn43/OCCT/tmp/results_30.09.2011/occt/release-sources-20110930/drv/Geom/Geom_Conic.jxx
+M Geom:privinclude:Geom_Conic.ixx /dn43/OCCT/tmp/results_30.09.2011/occt/release-sources-20110930/drv/Geom/Geom_Conic.ixx
+M Geom:pubinclude:Handle_Geom_Circle.hxx /dn43/OCCT/tmp/results_30.09.2011/occt/release-sources-20110930/inc/Handle_Geom_Circle.hxx
+M Geom:pubinclude:Geom_Circle.hxx /dn43/OCCT/tmp/results_30.09.2011/occt/release-sources-20110930/inc/Geom_Circle.hxx
+M Geom:privinclude:Geom_Circle.jxx /dn43/OCCT/tmp/results_30.09.2011/occt/release-sources-20110930/drv/Geom/Geom_Circle.jxx
+M Geom:privinclude:Geom_Circle.ixx /dn43/OCCT/tmp/results_30.09.2011/occt/release-sources-20110930/drv/Geom/Geom_Circle.ixx
+M Geom:pubinclude:Handle_Geom_Ellipse.hxx /dn43/OCCT/tmp/results_30.09.2011/occt/release-sources-20110930/inc/Handle_Geom_Ellipse.hxx
+M Geom:pubinclude:Geom_Ellipse.hxx /dn43/OCCT/tmp/results_30.09.2011/occt/release-sources-20110930/inc/Geom_Ellipse.hxx
+M Geom:privinclude:Geom_Ellipse.jxx /dn43/OCCT/tmp/results_30.09.2011/occt/release-sources-20110930/drv/Geom/Geom_Ellipse.jxx
+M Geom:privinclude:Geom_Ellipse.ixx /dn43/OCCT/tmp/results_30.09.2011/occt/release-sources-20110930/drv/Geom/Geom_Ellipse.ixx
+M Geom:pubinclude:Handle_Geom_Hyperbola.hxx /dn43/OCCT/tmp/results_30.09.2011/occt/release-sources-20110930/inc/Handle_Geom_Hyperbola.hxx
+M Geom:pubinclude:Geom_Hyperbola.hxx /dn43/OCCT/tmp/results_30.09.2011/occt/release-sources-20110930/inc/Geom_Hyperbola.hxx
+M Geom:privinclude:Geom_Hyperbola.jxx /dn43/OCCT/tmp/results_30.09.2011/occt/release-sources-20110930/drv/Geom/Geom_Hyperbola.jxx
+M Geom:privinclude:Geom_Hyperbola.ixx /dn43/OCCT/tmp/results_30.09.2011/occt/release-sources-20110930/drv/Geom/Geom_Hyperbola.ixx
+M Geom:pubinclude:Handle_Geom_Parabola.hxx /dn43/OCCT/tmp/results_30.09.2011/occt/release-sources-20110930/inc/Handle_Geom_Parabola.hxx
+M Geom:pubinclude:Geom_Parabola.hxx /dn43/OCCT/tmp/results_30.09.2011/occt/release-sources-20110930/inc/Geom_Parabola.hxx
+M Geom:privinclude:Geom_Parabola.jxx /dn43/OCCT/tmp/results_30.09.2011/occt/release-sources-20110930/drv/Geom/Geom_Parabola.jxx
+M Geom:privinclude:Geom_Parabola.ixx /dn43/OCCT/tmp/results_30.09.2011/occt/release-sources-20110930/drv/Geom/Geom_Parabola.ixx
+M Geom:pubinclude:Handle_Geom_BoundedCurve.hxx /dn43/OCCT/tmp/results_30.09.2011/occt/release-sources-20110930/inc/Handle_Geom_BoundedCurve.hxx
+M Geom:pubinclude:Geom_BoundedCurve.hxx /dn43/OCCT/tmp/results_30.09.2011/occt/release-sources-20110930/inc/Geom_BoundedCurve.hxx
+M Geom:privinclude:Geom_BoundedCurve.jxx /dn43/OCCT/tmp/results_30.09.2011/occt/release-sources-20110930/drv/Geom/Geom_BoundedCurve.jxx
+M Geom:privinclude:Geom_BoundedCurve.ixx /dn43/OCCT/tmp/results_30.09.2011/occt/release-sources-20110930/drv/Geom/Geom_BoundedCurve.ixx
+M Geom:pubinclude:Handle_Geom_BezierCurve.hxx /dn43/OCCT/tmp/results_30.09.2011/occt/release-sources-20110930/inc/Handle_Geom_BezierCurve.hxx
+M Geom:pubinclude:Geom_BezierCurve.hxx /dn43/OCCT/tmp/results_30.09.2011/occt/release-sources-20110930/inc/Geom_BezierCurve.hxx
+M Geom:privinclude:Geom_BezierCurve.jxx /dn43/OCCT/tmp/results_30.09.2011/occt/release-sources-20110930/drv/Geom/Geom_BezierCurve.jxx
+M Geom:privinclude:Geom_BezierCurve.ixx /dn43/OCCT/tmp/results_30.09.2011/occt/release-sources-20110930/drv/Geom/Geom_BezierCurve.ixx
+M Geom:pubinclude:Handle_Geom_BSplineCurve.hxx /dn43/OCCT/tmp/results_30.09.2011/occt/release-sources-20110930/inc/Handle_Geom_BSplineCurve.hxx
+M Geom:pubinclude:Geom_BSplineCurve.hxx /dn43/OCCT/tmp/results_30.09.2011/occt/release-sources-20110930/inc/Geom_BSplineCurve.hxx
+M Geom:privinclude:Geom_BSplineCurve.jxx /dn43/OCCT/tmp/results_30.09.2011/occt/release-sources-20110930/drv/Geom/Geom_BSplineCurve.jxx
+M Geom:privinclude:Geom_BSplineCurve.ixx /dn43/OCCT/tmp/results_30.09.2011/occt/release-sources-20110930/drv/Geom/Geom_BSplineCurve.ixx
+M Geom:pubinclude:Handle_Geom_TrimmedCurve.hxx /dn43/OCCT/tmp/results_30.09.2011/occt/release-sources-20110930/inc/Handle_Geom_TrimmedCurve.hxx
+M Geom:pubinclude:Geom_TrimmedCurve.hxx /dn43/OCCT/tmp/results_30.09.2011/occt/release-sources-20110930/inc/Geom_TrimmedCurve.hxx
+M Geom:privinclude:Geom_TrimmedCurve.jxx /dn43/OCCT/tmp/results_30.09.2011/occt/release-sources-20110930/drv/Geom/Geom_TrimmedCurve.jxx
+M Geom:privinclude:Geom_TrimmedCurve.ixx /dn43/OCCT/tmp/results_30.09.2011/occt/release-sources-20110930/drv/Geom/Geom_TrimmedCurve.ixx
+M Geom:pubinclude:Handle_Geom_OffsetCurve.hxx /dn43/OCCT/tmp/results_30.09.2011/occt/release-sources-20110930/inc/Handle_Geom_OffsetCurve.hxx
+M Geom:pubinclude:Geom_OffsetCurve.hxx /dn43/OCCT/tmp/results_30.09.2011/occt/release-sources-20110930/inc/Geom_OffsetCurve.hxx
+M Geom:privinclude:Geom_OffsetCurve.jxx /dn43/OCCT/tmp/results_30.09.2011/occt/release-sources-20110930/drv/Geom/Geom_OffsetCurve.jxx
+M Geom:privinclude:Geom_OffsetCurve.ixx /dn43/OCCT/tmp/results_30.09.2011/occt/release-sources-20110930/drv/Geom/Geom_OffsetCurve.ixx
+M Geom:pubinclude:Handle_Geom_Surface.hxx /dn43/OCCT/tmp/results_30.09.2011/occt/release-sources-20110930/inc/Handle_Geom_Surface.hxx
+M Geom:pubinclude:Geom_Surface.hxx /dn43/OCCT/tmp/results_30.09.2011/occt/release-sources-20110930/inc/Geom_Surface.hxx
+M Geom:privinclude:Geom_Surface.jxx /dn43/OCCT/tmp/results_30.09.2011/occt/release-sources-20110930/drv/Geom/Geom_Surface.jxx
+M Geom:privinclude:Geom_Surface.ixx /dn43/OCCT/tmp/results_30.09.2011/occt/release-sources-20110930/drv/Geom/Geom_Surface.ixx
+M Geom:pubinclude:Handle_Geom_ElementarySurface.hxx /dn43/OCCT/tmp/results_30.09.2011/occt/release-sources-20110930/inc/Handle_Geom_ElementarySurface.hxx
+M Geom:pubinclude:Geom_ElementarySurface.hxx /dn43/OCCT/tmp/results_30.09.2011/occt/release-sources-20110930/inc/Geom_ElementarySurface.hxx
+M Geom:privinclude:Geom_ElementarySurface.jxx /dn43/OCCT/tmp/results_30.09.2011/occt/release-sources-20110930/drv/Geom/Geom_ElementarySurface.jxx
+M Geom:privinclude:Geom_ElementarySurface.ixx /dn43/OCCT/tmp/results_30.09.2011/occt/release-sources-20110930/drv/Geom/Geom_ElementarySurface.ixx
+M Geom:pubinclude:Handle_Geom_Plane.hxx /dn43/OCCT/tmp/results_30.09.2011/occt/release-sources-20110930/inc/Handle_Geom_Plane.hxx
+M Geom:pubinclude:Geom_Plane.hxx /dn43/OCCT/tmp/results_30.09.2011/occt/release-sources-20110930/inc/Geom_Plane.hxx
+M Geom:privinclude:Geom_Plane.jxx /dn43/OCCT/tmp/results_30.09.2011/occt/release-sources-20110930/drv/Geom/Geom_Plane.jxx
+M Geom:privinclude:Geom_Plane.ixx /dn43/OCCT/tmp/results_30.09.2011/occt/release-sources-20110930/drv/Geom/Geom_Plane.ixx
+M Geom:pubinclude:Handle_Geom_ConicalSurface.hxx /dn43/OCCT/tmp/results_30.09.2011/occt/release-sources-20110930/inc/Handle_Geom_ConicalSurface.hxx
+M Geom:pubinclude:Geom_ConicalSurface.hxx /dn43/OCCT/tmp/results_30.09.2011/occt/release-sources-20110930/inc/Geom_ConicalSurface.hxx
+M Geom:privinclude:Geom_ConicalSurface.jxx /dn43/OCCT/tmp/results_30.09.2011/occt/release-sources-20110930/drv/Geom/Geom_ConicalSurface.jxx
+M Geom:privinclude:Geom_ConicalSurface.ixx /dn43/OCCT/tmp/results_30.09.2011/occt/release-sources-20110930/drv/Geom/Geom_ConicalSurface.ixx
+M Geom:pubinclude:Handle_Geom_CylindricalSurface.hxx /dn43/OCCT/tmp/results_30.09.2011/occt/release-sources-20110930/inc/Handle_Geom_CylindricalSurface.hxx
+M Geom:pubinclude:Geom_CylindricalSurface.hxx /dn43/OCCT/tmp/results_30.09.2011/occt/release-sources-20110930/inc/Geom_CylindricalSurface.hxx
+M Geom:privinclude:Geom_CylindricalSurface.jxx /dn43/OCCT/tmp/results_30.09.2011/occt/release-sources-20110930/drv/Geom/Geom_CylindricalSurface.jxx
+M Geom:privinclude:Geom_CylindricalSurface.ixx /dn43/OCCT/tmp/results_30.09.2011/occt/release-sources-20110930/drv/Geom/Geom_CylindricalSurface.ixx
+M Geom:pubinclude:Handle_Geom_SphericalSurface.hxx /dn43/OCCT/tmp/results_30.09.2011/occt/release-sources-20110930/inc/Handle_Geom_SphericalSurface.hxx
+M Geom:pubinclude:Geom_SphericalSurface.hxx /dn43/OCCT/tmp/results_30.09.2011/occt/release-sources-20110930/inc/Geom_SphericalSurface.hxx
+M Geom:privinclude:Geom_SphericalSurface.jxx /dn43/OCCT/tmp/results_30.09.2011/occt/release-sources-20110930/drv/Geom/Geom_SphericalSurface.jxx
+M Geom:privinclude:Geom_SphericalSurface.ixx /dn43/OCCT/tmp/results_30.09.2011/occt/release-sources-20110930/drv/Geom/Geom_SphericalSurface.ixx
+M Geom:pubinclude:Handle_Geom_ToroidalSurface.hxx /dn43/OCCT/tmp/results_30.09.2011/occt/release-sources-20110930/inc/Handle_Geom_ToroidalSurface.hxx
+M Geom:pubinclude:Geom_ToroidalSurface.hxx /dn43/OCCT/tmp/results_30.09.2011/occt/release-sources-20110930/inc/Geom_ToroidalSurface.hxx
+M Geom:privinclude:Geom_ToroidalSurface.jxx /dn43/OCCT/tmp/results_30.09.2011/occt/release-sources-20110930/drv/Geom/Geom_ToroidalSurface.jxx
+M Geom:privinclude:Geom_ToroidalSurface.ixx /dn43/OCCT/tmp/results_30.09.2011/occt/release-sources-20110930/drv/Geom/Geom_ToroidalSurface.ixx
+M Geom:pubinclude:Handle_Geom_SweptSurface.hxx /dn43/OCCT/tmp/results_30.09.2011/occt/release-sources-20110930/inc/Handle_Geom_SweptSurface.hxx
+M Geom:pubinclude:Geom_SweptSurface.hxx /dn43/OCCT/tmp/results_30.09.2011/occt/release-sources-20110930/inc/Geom_SweptSurface.hxx
+M Geom:privinclude:Geom_SweptSurface.jxx /dn43/OCCT/tmp/results_30.09.2011/occt/release-sources-20110930/drv/Geom/Geom_SweptSurface.jxx
+M Geom:privinclude:Geom_SweptSurface.ixx /dn43/OCCT/tmp/results_30.09.2011/occt/release-sources-20110930/drv/Geom/Geom_SweptSurface.ixx
+M Geom:pubinclude:Handle_Geom_SurfaceOfLinearExtrusion.hxx /dn43/OCCT/tmp/results_30.09.2011/occt/release-sources-20110930/inc/Handle_Geom_SurfaceOfLinearExtrusion.hxx
+M Geom:pubinclude:Geom_SurfaceOfLinearExtrusion.hxx /dn43/OCCT/tmp/results_30.09.2011/occt/release-sources-20110930/inc/Geom_SurfaceOfLinearExtrusion.hxx
+M Geom:privinclude:Geom_SurfaceOfLinearExtrusion.jxx /dn43/OCCT/tmp/results_30.09.2011/occt/release-sources-20110930/drv/Geom/Geom_SurfaceOfLinearExtrusion.jxx
+M Geom:privinclude:Geom_SurfaceOfLinearExtrusion.ixx /dn43/OCCT/tmp/results_30.09.2011/occt/release-sources-20110930/drv/Geom/Geom_SurfaceOfLinearExtrusion.ixx
+M Geom:pubinclude:Handle_Geom_SurfaceOfRevolution.hxx /dn43/OCCT/tmp/results_30.09.2011/occt/release-sources-20110930/inc/Handle_Geom_SurfaceOfRevolution.hxx
+M Geom:pubinclude:Geom_SurfaceOfRevolution.hxx /dn43/OCCT/tmp/results_30.09.2011/occt/release-sources-20110930/inc/Geom_SurfaceOfRevolution.hxx
+M Geom:privinclude:Geom_SurfaceOfRevolution.jxx /dn43/OCCT/tmp/results_30.09.2011/occt/release-sources-20110930/drv/Geom/Geom_SurfaceOfRevolution.jxx
+M Geom:privinclude:Geom_SurfaceOfRevolution.ixx /dn43/OCCT/tmp/results_30.09.2011/occt/release-sources-20110930/drv/Geom/Geom_SurfaceOfRevolution.ixx
+M Geom:pubinclude:Handle_Geom_BoundedSurface.hxx /dn43/OCCT/tmp/results_30.09.2011/occt/release-sources-20110930/inc/Handle_Geom_BoundedSurface.hxx
+M Geom:pubinclude:Geom_BoundedSurface.hxx /dn43/OCCT/tmp/results_30.09.2011/occt/release-sources-20110930/inc/Geom_BoundedSurface.hxx
+M Geom:privinclude:Geom_BoundedSurface.jxx /dn43/OCCT/tmp/results_30.09.2011/occt/release-sources-20110930/drv/Geom/Geom_BoundedSurface.jxx
+M Geom:privinclude:Geom_BoundedSurface.ixx /dn43/OCCT/tmp/results_30.09.2011/occt/release-sources-20110930/drv/Geom/Geom_BoundedSurface.ixx
+M Geom:pubinclude:Handle_Geom_BezierSurface.hxx /dn43/OCCT/tmp/results_30.09.2011/occt/release-sources-20110930/inc/Handle_Geom_BezierSurface.hxx
+M Geom:pubinclude:Geom_BezierSurface.hxx /dn43/OCCT/tmp/results_30.09.2011/occt/release-sources-20110930/inc/Geom_BezierSurface.hxx
+M Geom:privinclude:Geom_BezierSurface.jxx /dn43/OCCT/tmp/results_30.09.2011/occt/release-sources-20110930/drv/Geom/Geom_BezierSurface.jxx
+M Geom:privinclude:Geom_BezierSurface.ixx /dn43/OCCT/tmp/results_30.09.2011/occt/release-sources-20110930/drv/Geom/Geom_BezierSurface.ixx
+M Geom:pubinclude:Handle_Geom_BSplineSurface.hxx /dn43/OCCT/tmp/results_30.09.2011/occt/release-sources-20110930/inc/Handle_Geom_BSplineSurface.hxx
+M Geom:pubinclude:Geom_BSplineSurface.hxx /dn43/OCCT/tmp/results_30.09.2011/occt/release-sources-20110930/inc/Geom_BSplineSurface.hxx
+M Geom:privinclude:Geom_BSplineSurface.jxx /dn43/OCCT/tmp/results_30.09.2011/occt/release-sources-20110930/drv/Geom/Geom_BSplineSurface.jxx
+M Geom:privinclude:Geom_BSplineSurface.ixx /dn43/OCCT/tmp/results_30.09.2011/occt/release-sources-20110930/drv/Geom/Geom_BSplineSurface.ixx
+M Geom:pubinclude:Handle_Geom_RectangularTrimmedSurface.hxx /dn43/OCCT/tmp/results_30.09.2011/occt/release-sources-20110930/inc/Handle_Geom_RectangularTrimmedSurface.hxx
+M Geom:pubinclude:Geom_RectangularTrimmedSurface.hxx /dn43/OCCT/tmp/results_30.09.2011/occt/release-sources-20110930/inc/Geom_RectangularTrimmedSurface.hxx
+M Geom:privinclude:Geom_RectangularTrimmedSurface.jxx /dn43/OCCT/tmp/results_30.09.2011/occt/release-sources-20110930/drv/Geom/Geom_RectangularTrimmedSurface.jxx
+M Geom:privinclude:Geom_RectangularTrimmedSurface.ixx /dn43/OCCT/tmp/results_30.09.2011/occt/release-sources-20110930/drv/Geom/Geom_RectangularTrimmedSurface.ixx
+M Geom:pubinclude:Handle_Geom_OffsetSurface.hxx /dn43/OCCT/tmp/results_30.09.2011/occt/release-sources-20110930/inc/Handle_Geom_OffsetSurface.hxx
+M Geom:pubinclude:Geom_OffsetSurface.hxx /dn43/OCCT/tmp/results_30.09.2011/occt/release-sources-20110930/inc/Geom_OffsetSurface.hxx
+M Geom:privinclude:Geom_OffsetSurface.jxx /dn43/OCCT/tmp/results_30.09.2011/occt/release-sources-20110930/drv/Geom/Geom_OffsetSurface.jxx
+M Geom:privinclude:Geom_OffsetSurface.ixx /dn43/OCCT/tmp/results_30.09.2011/occt/release-sources-20110930/drv/Geom/Geom_OffsetSurface.ixx
+M Geom:pubinclude:Geom_OsculatingSurface.hxx /dn43/OCCT/tmp/results_30.09.2011/occt/release-sources-20110930/inc/Geom_OsculatingSurface.hxx
+M Geom:privinclude:Geom_OsculatingSurface.jxx /dn43/OCCT/tmp/results_30.09.2011/occt/release-sources-20110930/drv/Geom/Geom_OsculatingSurface.jxx
+M Geom:privinclude:Geom_OsculatingSurface.ixx /dn43/OCCT/tmp/results_30.09.2011/occt/release-sources-20110930/drv/Geom/Geom_OsculatingSurface.ixx
+M Geom:pubinclude:Handle_Geom_SequenceNodeOfSequenceOfBSplineSurface.hxx /dn43/OCCT/tmp/results_30.09.2011/occt/release-sources-20110930/inc/Handle_Geom_SequenceNodeOfSequenceOfBSplineSurface.hxx
+M Geom:pubinclude:Geom_SequenceNodeOfSequenceOfBSplineSurface.hxx /dn43/OCCT/tmp/results_30.09.2011/occt/release-sources-20110930/inc/Geom_SequenceNodeOfSequenceOfBSplineSurface.hxx
+M Geom:derivated:Geom_SequenceNodeOfSequenceOfBSplineSurface_0.cxx /dn43/OCCT/tmp/results_30.09.2011/occt/release-sources-20110930/drv/Geom/Geom_SequenceNodeOfSequenceOfBSplineSurface_0.cxx
+M Geom:pubinclude:Handle_Geom_SequenceNodeOfSequenceOfSurface.hxx /dn43/OCCT/tmp/results_30.09.2011/occt/release-sources-20110930/inc/Handle_Geom_SequenceNodeOfSequenceOfSurface.hxx
+M Geom:pubinclude:Geom_SequenceNodeOfSequenceOfSurface.hxx /dn43/OCCT/tmp/results_30.09.2011/occt/release-sources-20110930/inc/Geom_SequenceNodeOfSequenceOfSurface.hxx
+M Geom:derivated:Geom_SequenceNodeOfSequenceOfSurface_0.cxx /dn43/OCCT/tmp/results_30.09.2011/occt/release-sources-20110930/drv/Geom/Geom_SequenceNodeOfSequenceOfSurface_0.cxx
+M Geom:pubinclude:Handle_Geom_UndefinedDerivative.hxx /dn43/OCCT/tmp/results_30.09.2011/occt/release-sources-20110930/inc/Handle_Geom_UndefinedDerivative.hxx
+M Geom:pubinclude:Geom_UndefinedDerivative.hxx /dn43/OCCT/tmp/results_30.09.2011/occt/release-sources-20110930/inc/Geom_UndefinedDerivative.hxx
+M Geom:derivated:Geom_UndefinedDerivative_0.cxx /dn43/OCCT/tmp/results_30.09.2011/occt/release-sources-20110930/drv/Geom/Geom_UndefinedDerivative_0.cxx
+M Geom:pubinclude:Handle_Geom_UndefinedValue.hxx /dn43/OCCT/tmp/results_30.09.2011/occt/release-sources-20110930/inc/Handle_Geom_UndefinedValue.hxx
+M Geom:pubinclude:Geom_UndefinedValue.hxx /dn43/OCCT/tmp/results_30.09.2011/occt/release-sources-20110930/inc/Geom_UndefinedValue.hxx
+M Geom:derivated:Geom_UndefinedValue_0.cxx /dn43/OCCT/tmp/results_30.09.2011/occt/release-sources-20110930/drv/Geom/Geom_UndefinedValue_0.cxx
+M Geom:dbadmfile:Geom_xcpp_header.In /dn43/OCCT/tmp/results_30.09.2011/occt/release-sources-20110930/drv/Geom/.adm/Geom_xcpp_header.In
+M Geom:dbadmfile:Geom_xcpp_header.Out /dn43/OCCT/tmp/results_30.09.2011/occt/release-sources-20110930/drv/Geom/.adm/Geom_xcpp_header.Out
+M Geom:dbadmfile:Geom_xcpp_header.Dep /dn43/OCCT/tmp/results_30.09.2011/occt/release-sources-20110930/drv/Geom/.adm/Geom_xcpp_header.Dep
