+M BinMXCAFDoc:pubinclude:BinMXCAFDoc.hxx /dn43/OCCT/tmp/results_28.02.2011/occt/release-sources-20110228/inc/BinMXCAFDoc.hxx
+M BinMXCAFDoc:privinclude:BinMXCAFDoc.jxx /dn43/OCCT/tmp/results_28.02.2011/occt/release-sources-20110228/drv/BinMXCAFDoc/BinMXCAFDoc.jxx
+M BinMXCAFDoc:privinclude:BinMXCAFDoc.ixx /dn43/OCCT/tmp/results_28.02.2011/occt/release-sources-20110228/drv/BinMXCAFDoc/BinMXCAFDoc.ixx
+M BinMXCAFDoc:pubinclude:Handle_BinMXCAFDoc_AreaDriver.hxx /dn43/OCCT/tmp/results_28.02.2011/occt/release-sources-20110228/inc/Handle_BinMXCAFDoc_AreaDriver.hxx
+M BinMXCAFDoc:pubinclude:BinMXCAFDoc_AreaDriver.hxx /dn43/OCCT/tmp/results_28.02.2011/occt/release-sources-20110228/inc/BinMXCAFDoc_AreaDriver.hxx
+M BinMXCAFDoc:privinclude:BinMXCAFDoc_AreaDriver.jxx /dn43/OCCT/tmp/results_28.02.2011/occt/release-sources-20110228/drv/BinMXCAFDoc/BinMXCAFDoc_AreaDriver.jxx
+M BinMXCAFDoc:privinclude:BinMXCAFDoc_AreaDriver.ixx /dn43/OCCT/tmp/results_28.02.2011/occt/release-sources-20110228/drv/BinMXCAFDoc/BinMXCAFDoc_AreaDriver.ixx
+M BinMXCAFDoc:pubinclude:Handle_BinMXCAFDoc_CentroidDriver.hxx /dn43/OCCT/tmp/results_28.02.2011/occt/release-sources-20110228/inc/Handle_BinMXCAFDoc_CentroidDriver.hxx
+M BinMXCAFDoc:pubinclude:BinMXCAFDoc_CentroidDriver.hxx /dn43/OCCT/tmp/results_28.02.2011/occt/release-sources-20110228/inc/BinMXCAFDoc_CentroidDriver.hxx
+M BinMXCAFDoc:privinclude:BinMXCAFDoc_CentroidDriver.jxx /dn43/OCCT/tmp/results_28.02.2011/occt/release-sources-20110228/drv/BinMXCAFDoc/BinMXCAFDoc_CentroidDriver.jxx
+M BinMXCAFDoc:privinclude:BinMXCAFDoc_CentroidDriver.ixx /dn43/OCCT/tmp/results_28.02.2011/occt/release-sources-20110228/drv/BinMXCAFDoc/BinMXCAFDoc_CentroidDriver.ixx
+M BinMXCAFDoc:pubinclude:Handle_BinMXCAFDoc_ColorDriver.hxx /dn43/OCCT/tmp/results_28.02.2011/occt/release-sources-20110228/inc/Handle_BinMXCAFDoc_ColorDriver.hxx
+M BinMXCAFDoc:pubinclude:BinMXCAFDoc_ColorDriver.hxx /dn43/OCCT/tmp/results_28.02.2011/occt/release-sources-20110228/inc/BinMXCAFDoc_ColorDriver.hxx
+M BinMXCAFDoc:privinclude:BinMXCAFDoc_ColorDriver.jxx /dn43/OCCT/tmp/results_28.02.2011/occt/release-sources-20110228/drv/BinMXCAFDoc/BinMXCAFDoc_ColorDriver.jxx
+M BinMXCAFDoc:privinclude:BinMXCAFDoc_ColorDriver.ixx /dn43/OCCT/tmp/results_28.02.2011/occt/release-sources-20110228/drv/BinMXCAFDoc/BinMXCAFDoc_ColorDriver.ixx
+M BinMXCAFDoc:pubinclude:Handle_BinMXCAFDoc_GraphNodeDriver.hxx /dn43/OCCT/tmp/results_28.02.2011/occt/release-sources-20110228/inc/Handle_BinMXCAFDoc_GraphNodeDriver.hxx
+M BinMXCAFDoc:pubinclude:BinMXCAFDoc_GraphNodeDriver.hxx /dn43/OCCT/tmp/results_28.02.2011/occt/release-sources-20110228/inc/BinMXCAFDoc_GraphNodeDriver.hxx
+M BinMXCAFDoc:privinclude:BinMXCAFDoc_GraphNodeDriver.jxx /dn43/OCCT/tmp/results_28.02.2011/occt/release-sources-20110228/drv/BinMXCAFDoc/BinMXCAFDoc_GraphNodeDriver.jxx
+M BinMXCAFDoc:privinclude:BinMXCAFDoc_GraphNodeDriver.ixx /dn43/OCCT/tmp/results_28.02.2011/occt/release-sources-20110228/drv/BinMXCAFDoc/BinMXCAFDoc_GraphNodeDriver.ixx
+M BinMXCAFDoc:pubinclude:Handle_BinMXCAFDoc_LocationDriver.hxx /dn43/OCCT/tmp/results_28.02.2011/occt/release-sources-20110228/inc/Handle_BinMXCAFDoc_LocationDriver.hxx
+M BinMXCAFDoc:pubinclude:BinMXCAFDoc_LocationDriver.hxx /dn43/OCCT/tmp/results_28.02.2011/occt/release-sources-20110228/inc/BinMXCAFDoc_LocationDriver.hxx
+M BinMXCAFDoc:privinclude:BinMXCAFDoc_LocationDriver.jxx /dn43/OCCT/tmp/results_28.02.2011/occt/release-sources-20110228/drv/BinMXCAFDoc/BinMXCAFDoc_LocationDriver.jxx
+M BinMXCAFDoc:privinclude:BinMXCAFDoc_LocationDriver.ixx /dn43/OCCT/tmp/results_28.02.2011/occt/release-sources-20110228/drv/BinMXCAFDoc/BinMXCAFDoc_LocationDriver.ixx
+M BinMXCAFDoc:pubinclude:Handle_BinMXCAFDoc_VolumeDriver.hxx /dn43/OCCT/tmp/results_28.02.2011/occt/release-sources-20110228/inc/Handle_BinMXCAFDoc_VolumeDriver.hxx
+M BinMXCAFDoc:pubinclude:BinMXCAFDoc_VolumeDriver.hxx /dn43/OCCT/tmp/results_28.02.2011/occt/release-sources-20110228/inc/BinMXCAFDoc_VolumeDriver.hxx
+M BinMXCAFDoc:privinclude:BinMXCAFDoc_VolumeDriver.jxx /dn43/OCCT/tmp/results_28.02.2011/occt/release-sources-20110228/drv/BinMXCAFDoc/BinMXCAFDoc_VolumeDriver.jxx
+M BinMXCAFDoc:privinclude:BinMXCAFDoc_VolumeDriver.ixx /dn43/OCCT/tmp/results_28.02.2011/occt/release-sources-20110228/drv/BinMXCAFDoc/BinMXCAFDoc_VolumeDriver.ixx
+M BinMXCAFDoc:pubinclude:Handle_BinMXCAFDoc_DatumDriver.hxx /dn43/OCCT/tmp/results_28.02.2011/occt/release-sources-20110228/inc/Handle_BinMXCAFDoc_DatumDriver.hxx
+M BinMXCAFDoc:pubinclude:BinMXCAFDoc_DatumDriver.hxx /dn43/OCCT/tmp/results_28.02.2011/occt/release-sources-20110228/inc/BinMXCAFDoc_DatumDriver.hxx
+M BinMXCAFDoc:privinclude:BinMXCAFDoc_DatumDriver.jxx /dn43/OCCT/tmp/results_28.02.2011/occt/release-sources-20110228/drv/BinMXCAFDoc/BinMXCAFDoc_DatumDriver.jxx
+M BinMXCAFDoc:privinclude:BinMXCAFDoc_DatumDriver.ixx /dn43/OCCT/tmp/results_28.02.2011/occt/release-sources-20110228/drv/BinMXCAFDoc/BinMXCAFDoc_DatumDriver.ixx
+M BinMXCAFDoc:pubinclude:Handle_BinMXCAFDoc_DimTolDriver.hxx /dn43/OCCT/tmp/results_28.02.2011/occt/release-sources-20110228/inc/Handle_BinMXCAFDoc_DimTolDriver.hxx
+M BinMXCAFDoc:pubinclude:BinMXCAFDoc_DimTolDriver.hxx /dn43/OCCT/tmp/results_28.02.2011/occt/release-sources-20110228/inc/BinMXCAFDoc_DimTolDriver.hxx
+M BinMXCAFDoc:privinclude:BinMXCAFDoc_DimTolDriver.jxx /dn43/OCCT/tmp/results_28.02.2011/occt/release-sources-20110228/drv/BinMXCAFDoc/BinMXCAFDoc_DimTolDriver.jxx
+M BinMXCAFDoc:privinclude:BinMXCAFDoc_DimTolDriver.ixx /dn43/OCCT/tmp/results_28.02.2011/occt/release-sources-20110228/drv/BinMXCAFDoc/BinMXCAFDoc_DimTolDriver.ixx
+M BinMXCAFDoc:pubinclude:Handle_BinMXCAFDoc_MaterialDriver.hxx /dn43/OCCT/tmp/results_28.02.2011/occt/release-sources-20110228/inc/Handle_BinMXCAFDoc_MaterialDriver.hxx
+M BinMXCAFDoc:pubinclude:BinMXCAFDoc_MaterialDriver.hxx /dn43/OCCT/tmp/results_28.02.2011/occt/release-sources-20110228/inc/BinMXCAFDoc_MaterialDriver.hxx
+M BinMXCAFDoc:privinclude:BinMXCAFDoc_MaterialDriver.jxx /dn43/OCCT/tmp/results_28.02.2011/occt/release-sources-20110228/drv/BinMXCAFDoc/BinMXCAFDoc_MaterialDriver.jxx
+M BinMXCAFDoc:privinclude:BinMXCAFDoc_MaterialDriver.ixx /dn43/OCCT/tmp/results_28.02.2011/occt/release-sources-20110228/drv/BinMXCAFDoc/BinMXCAFDoc_MaterialDriver.ixx
+M BinMXCAFDoc:pubinclude:Handle_BinMXCAFDoc_ColorToolDriver.hxx /dn43/OCCT/tmp/results_28.02.2011/occt/release-sources-20110228/inc/Handle_BinMXCAFDoc_ColorToolDriver.hxx
+M BinMXCAFDoc:pubinclude:BinMXCAFDoc_ColorToolDriver.hxx /dn43/OCCT/tmp/results_28.02.2011/occt/release-sources-20110228/inc/BinMXCAFDoc_ColorToolDriver.hxx
+M BinMXCAFDoc:privinclude:BinMXCAFDoc_ColorToolDriver.jxx /dn43/OCCT/tmp/results_28.02.2011/occt/release-sources-20110228/drv/BinMXCAFDoc/BinMXCAFDoc_ColorToolDriver.jxx
+M BinMXCAFDoc:privinclude:BinMXCAFDoc_ColorToolDriver.ixx /dn43/OCCT/tmp/results_28.02.2011/occt/release-sources-20110228/drv/BinMXCAFDoc/BinMXCAFDoc_ColorToolDriver.ixx
+M BinMXCAFDoc:pubinclude:Handle_BinMXCAFDoc_DocumentToolDriver.hxx /dn43/OCCT/tmp/results_28.02.2011/occt/release-sources-20110228/inc/Handle_BinMXCAFDoc_DocumentToolDriver.hxx
+M BinMXCAFDoc:pubinclude:BinMXCAFDoc_DocumentToolDriver.hxx /dn43/OCCT/tmp/results_28.02.2011/occt/release-sources-20110228/inc/BinMXCAFDoc_DocumentToolDriver.hxx
+M BinMXCAFDoc:privinclude:BinMXCAFDoc_DocumentToolDriver.jxx /dn43/OCCT/tmp/results_28.02.2011/occt/release-sources-20110228/drv/BinMXCAFDoc/BinMXCAFDoc_DocumentToolDriver.jxx
+M BinMXCAFDoc:privinclude:BinMXCAFDoc_DocumentToolDriver.ixx /dn43/OCCT/tmp/results_28.02.2011/occt/release-sources-20110228/drv/BinMXCAFDoc/BinMXCAFDoc_DocumentToolDriver.ixx
+M BinMXCAFDoc:pubinclude:Handle_BinMXCAFDoc_LayerToolDriver.hxx /dn43/OCCT/tmp/results_28.02.2011/occt/release-sources-20110228/inc/Handle_BinMXCAFDoc_LayerToolDriver.hxx
+M BinMXCAFDoc:pubinclude:BinMXCAFDoc_LayerToolDriver.hxx /dn43/OCCT/tmp/results_28.02.2011/occt/release-sources-20110228/inc/BinMXCAFDoc_LayerToolDriver.hxx
+M BinMXCAFDoc:privinclude:BinMXCAFDoc_LayerToolDriver.jxx /dn43/OCCT/tmp/results_28.02.2011/occt/release-sources-20110228/drv/BinMXCAFDoc/BinMXCAFDoc_LayerToolDriver.jxx
+M BinMXCAFDoc:privinclude:BinMXCAFDoc_LayerToolDriver.ixx /dn43/OCCT/tmp/results_28.02.2011/occt/release-sources-20110228/drv/BinMXCAFDoc/BinMXCAFDoc_LayerToolDriver.ixx
+M BinMXCAFDoc:pubinclude:Handle_BinMXCAFDoc_ShapeToolDriver.hxx /dn43/OCCT/tmp/results_28.02.2011/occt/release-sources-20110228/inc/Handle_BinMXCAFDoc_ShapeToolDriver.hxx
+M BinMXCAFDoc:pubinclude:BinMXCAFDoc_ShapeToolDriver.hxx /dn43/OCCT/tmp/results_28.02.2011/occt/release-sources-20110228/inc/BinMXCAFDoc_ShapeToolDriver.hxx
+M BinMXCAFDoc:privinclude:BinMXCAFDoc_ShapeToolDriver.jxx /dn43/OCCT/tmp/results_28.02.2011/occt/release-sources-20110228/drv/BinMXCAFDoc/BinMXCAFDoc_ShapeToolDriver.jxx
+M BinMXCAFDoc:privinclude:BinMXCAFDoc_ShapeToolDriver.ixx /dn43/OCCT/tmp/results_28.02.2011/occt/release-sources-20110228/drv/BinMXCAFDoc/BinMXCAFDoc_ShapeToolDriver.ixx
+M BinMXCAFDoc:pubinclude:Handle_BinMXCAFDoc_DimTolToolDriver.hxx /dn43/OCCT/tmp/results_28.02.2011/occt/release-sources-20110228/inc/Handle_BinMXCAFDoc_DimTolToolDriver.hxx
+M BinMXCAFDoc:pubinclude:BinMXCAFDoc_DimTolToolDriver.hxx /dn43/OCCT/tmp/results_28.02.2011/occt/release-sources-20110228/inc/BinMXCAFDoc_DimTolToolDriver.hxx
+M BinMXCAFDoc:privinclude:BinMXCAFDoc_DimTolToolDriver.jxx /dn43/OCCT/tmp/results_28.02.2011/occt/release-sources-20110228/drv/BinMXCAFDoc/BinMXCAFDoc_DimTolToolDriver.jxx
+M BinMXCAFDoc:privinclude:BinMXCAFDoc_DimTolToolDriver.ixx /dn43/OCCT/tmp/results_28.02.2011/occt/release-sources-20110228/drv/BinMXCAFDoc/BinMXCAFDoc_DimTolToolDriver.ixx
+M BinMXCAFDoc:pubinclude:Handle_BinMXCAFDoc_MaterialToolDriver.hxx /dn43/OCCT/tmp/results_28.02.2011/occt/release-sources-20110228/inc/Handle_BinMXCAFDoc_MaterialToolDriver.hxx
+M BinMXCAFDoc:pubinclude:BinMXCAFDoc_MaterialToolDriver.hxx /dn43/OCCT/tmp/results_28.02.2011/occt/release-sources-20110228/inc/BinMXCAFDoc_MaterialToolDriver.hxx
+M BinMXCAFDoc:privinclude:BinMXCAFDoc_MaterialToolDriver.jxx /dn43/OCCT/tmp/results_28.02.2011/occt/release-sources-20110228/drv/BinMXCAFDoc/BinMXCAFDoc_MaterialToolDriver.jxx
+M BinMXCAFDoc:privinclude:BinMXCAFDoc_MaterialToolDriver.ixx /dn43/OCCT/tmp/results_28.02.2011/occt/release-sources-20110228/drv/BinMXCAFDoc/BinMXCAFDoc_MaterialToolDriver.ixx
+M BinMXCAFDoc:dbadmfile:BinMXCAFDoc_xcpp_header.In /dn43/OCCT/tmp/results_28.02.2011/occt/release-sources-20110228/drv/BinMXCAFDoc/.adm/BinMXCAFDoc_xcpp_header.In
+M BinMXCAFDoc:dbadmfile:BinMXCAFDoc_xcpp_header.Out /dn43/OCCT/tmp/results_28.02.2011/occt/release-sources-20110228/drv/BinMXCAFDoc/.adm/BinMXCAFDoc_xcpp_header.Out
+M BinMXCAFDoc:dbadmfile:BinMXCAFDoc_xcpp_header.Dep /dn43/OCCT/tmp/results_28.02.2011/occt/release-sources-20110228/drv/BinMXCAFDoc/.adm/BinMXCAFDoc_xcpp_header.Dep
