+M GeomInt:pubinclude:GeomInt_IntSS.hxx /dn43/OCCT/tmp/results_30.09.2011/occt/release-sources-20110930/inc/GeomInt_IntSS.hxx
+M GeomInt:privinclude:GeomInt_IntSS.jxx /dn43/OCCT/tmp/results_30.09.2011/occt/release-sources-20110930/drv/GeomInt/GeomInt_IntSS.jxx
+M GeomInt:privinclude:GeomInt_IntSS.ixx /dn43/OCCT/tmp/results_30.09.2011/occt/release-sources-20110930/drv/GeomInt/GeomInt_IntSS.ixx
+M GeomInt:pubinclude:GeomInt_LineConstructor.hxx /dn43/OCCT/tmp/results_30.09.2011/occt/release-sources-20110930/inc/GeomInt_LineConstructor.hxx
+M GeomInt:privinclude:GeomInt_LineConstructor.jxx /dn43/OCCT/tmp/results_30.09.2011/occt/release-sources-20110930/drv/GeomInt/GeomInt_LineConstructor.jxx
+M GeomInt:privinclude:GeomInt_LineConstructor.ixx /dn43/OCCT/tmp/results_30.09.2011/occt/release-sources-20110930/drv/GeomInt/GeomInt_LineConstructor.ixx
+M GeomInt:pubinclude:GeomInt_LineTool.hxx /dn43/OCCT/tmp/results_30.09.2011/occt/release-sources-20110930/inc/GeomInt_LineTool.hxx
+M GeomInt:privinclude:GeomInt_LineTool.jxx /dn43/OCCT/tmp/results_30.09.2011/occt/release-sources-20110930/drv/GeomInt/GeomInt_LineTool.jxx
+M GeomInt:privinclude:GeomInt_LineTool.ixx /dn43/OCCT/tmp/results_30.09.2011/occt/release-sources-20110930/drv/GeomInt/GeomInt_LineTool.ixx
+M GeomInt:pubinclude:GeomInt_WLApprox.hxx /dn43/OCCT/tmp/results_30.09.2011/occt/release-sources-20110930/inc/GeomInt_WLApprox.hxx
+M GeomInt:derivated:GeomInt_WLApprox_0.cxx /dn43/OCCT/tmp/results_30.09.2011/occt/release-sources-20110930/drv/GeomInt/GeomInt_WLApprox_0.cxx
+M GeomInt:pubinclude:GeomInt_ParameterAndOrientation.hxx /dn43/OCCT/tmp/results_30.09.2011/occt/release-sources-20110930/inc/GeomInt_ParameterAndOrientation.hxx
+M GeomInt:privinclude:GeomInt_ParameterAndOrientation.jxx /dn43/OCCT/tmp/results_30.09.2011/occt/release-sources-20110930/drv/GeomInt/GeomInt_ParameterAndOrientation.jxx
+M GeomInt:privinclude:GeomInt_ParameterAndOrientation.ixx /dn43/OCCT/tmp/results_30.09.2011/occt/release-sources-20110930/drv/GeomInt/GeomInt_ParameterAndOrientation.ixx
+M GeomInt:pubinclude:GeomInt_SequenceOfParameterAndOrientation.hxx /dn43/OCCT/tmp/results_30.09.2011/occt/release-sources-20110930/inc/GeomInt_SequenceOfParameterAndOrientation.hxx
+M GeomInt:derivated:GeomInt_SequenceOfParameterAndOrientation_0.cxx /dn43/OCCT/tmp/results_30.09.2011/occt/release-sources-20110930/drv/GeomInt/GeomInt_SequenceOfParameterAndOrientation_0.cxx
+M GeomInt:pubinclude:GeomInt_TheFunctionOfTheInt2SOfThePrmPrmSvSurfacesOfWLApprox.hxx /dn43/OCCT/tmp/results_30.09.2011/occt/release-sources-20110930/inc/GeomInt_TheFunctionOfTheInt2SOfThePrmPrmSvSurfacesOfWLApprox.hxx
+M GeomInt:derivated:GeomInt_TheFunctionOfTheInt2SOfThePrmPrmSvSurfacesOfWLApprox_0.cxx /dn43/OCCT/tmp/results_30.09.2011/occt/release-sources-20110930/drv/GeomInt/GeomInt_TheFunctionOfTheInt2SOfThePrmPrmSvSurfacesOfWLApprox_0.cxx
+M GeomInt:pubinclude:GeomInt_TheInt2SOfThePrmPrmSvSurfacesOfWLApprox.hxx /dn43/OCCT/tmp/results_30.09.2011/occt/release-sources-20110930/inc/GeomInt_TheInt2SOfThePrmPrmSvSurfacesOfWLApprox.hxx
+M GeomInt:derivated:GeomInt_TheInt2SOfThePrmPrmSvSurfacesOfWLApprox_0.cxx /dn43/OCCT/tmp/results_30.09.2011/occt/release-sources-20110930/drv/GeomInt/GeomInt_TheInt2SOfThePrmPrmSvSurfacesOfWLApprox_0.cxx
+M GeomInt:pubinclude:GeomInt_ThePrmPrmSvSurfacesOfWLApprox.hxx /dn43/OCCT/tmp/results_30.09.2011/occt/release-sources-20110930/inc/GeomInt_ThePrmPrmSvSurfacesOfWLApprox.hxx
+M GeomInt:derivated:GeomInt_ThePrmPrmSvSurfacesOfWLApprox_0.cxx /dn43/OCCT/tmp/results_30.09.2011/occt/release-sources-20110930/drv/GeomInt/GeomInt_ThePrmPrmSvSurfacesOfWLApprox_0.cxx
+M GeomInt:pubinclude:GeomInt_TheZerImpFuncOfTheImpPrmSvSurfacesOfWLApprox.hxx /dn43/OCCT/tmp/results_30.09.2011/occt/release-sources-20110930/inc/GeomInt_TheZerImpFuncOfTheImpPrmSvSurfacesOfWLApprox.hxx
+M GeomInt:derivated:GeomInt_TheZerImpFuncOfTheImpPrmSvSurfacesOfWLApprox_0.cxx /dn43/OCCT/tmp/results_30.09.2011/occt/release-sources-20110930/drv/GeomInt/GeomInt_TheZerImpFuncOfTheImpPrmSvSurfacesOfWLApprox_0.cxx
+M GeomInt:pubinclude:GeomInt_TheImpPrmSvSurfacesOfWLApprox.hxx /dn43/OCCT/tmp/results_30.09.2011/occt/release-sources-20110930/inc/GeomInt_TheImpPrmSvSurfacesOfWLApprox.hxx
+M GeomInt:derivated:GeomInt_TheImpPrmSvSurfacesOfWLApprox_0.cxx /dn43/OCCT/tmp/results_30.09.2011/occt/release-sources-20110930/drv/GeomInt/GeomInt_TheImpPrmSvSurfacesOfWLApprox_0.cxx
+M GeomInt:pubinclude:GeomInt_TheMultiLineOfWLApprox.hxx /dn43/OCCT/tmp/results_30.09.2011/occt/release-sources-20110930/inc/GeomInt_TheMultiLineOfWLApprox.hxx
+M GeomInt:derivated:GeomInt_TheMultiLineOfWLApprox_0.cxx /dn43/OCCT/tmp/results_30.09.2011/occt/release-sources-20110930/drv/GeomInt/GeomInt_TheMultiLineOfWLApprox_0.cxx
+M GeomInt:pubinclude:GeomInt_TheMultiLineToolOfWLApprox.hxx /dn43/OCCT/tmp/results_30.09.2011/occt/release-sources-20110930/inc/GeomInt_TheMultiLineToolOfWLApprox.hxx
+M GeomInt:derivated:GeomInt_TheMultiLineToolOfWLApprox_0.cxx /dn43/OCCT/tmp/results_30.09.2011/occt/release-sources-20110930/drv/GeomInt/GeomInt_TheMultiLineToolOfWLApprox_0.cxx
+M GeomInt:pubinclude:GeomInt_BSpParLeastSquareOfMyBSplGradientOfTheComputeLineOfWLApprox.hxx /dn43/OCCT/tmp/results_30.09.2011/occt/release-sources-20110930/inc/GeomInt_BSpParLeastSquareOfMyBSplGradientOfTheComputeLineOfWLApprox.hxx
+M GeomInt:derivated:GeomInt_BSpParLeastSquareOfMyBSplGradientOfTheComputeLineOfWLApprox_0.cxx /dn43/OCCT/tmp/results_30.09.2011/occt/release-sources-20110930/drv/GeomInt/GeomInt_BSpParLeastSquareOfMyBSplGradientOfTheComputeLineOfWLApprox_0.cxx
+M GeomInt:pubinclude:GeomInt_BSpParFunctionOfMyBSplGradientOfTheComputeLineOfWLApprox.hxx /dn43/OCCT/tmp/results_30.09.2011/occt/release-sources-20110930/inc/GeomInt_BSpParFunctionOfMyBSplGradientOfTheComputeLineOfWLApprox.hxx
+M GeomInt:derivated:GeomInt_BSpParFunctionOfMyBSplGradientOfTheComputeLineOfWLApprox_0.cxx /dn43/OCCT/tmp/results_30.09.2011/occt/release-sources-20110930/drv/GeomInt/GeomInt_BSpParFunctionOfMyBSplGradientOfTheComputeLineOfWLApprox_0.cxx
+M GeomInt:pubinclude:GeomInt_BSpGradient_BFGSOfMyBSplGradientOfTheComputeLineOfWLApprox.hxx /dn43/OCCT/tmp/results_30.09.2011/occt/release-sources-20110930/inc/GeomInt_BSpGradient_BFGSOfMyBSplGradientOfTheComputeLineOfWLApprox.hxx
+M GeomInt:derivated:GeomInt_BSpGradient_BFGSOfMyBSplGradientOfTheComputeLineOfWLApprox_0.cxx /dn43/OCCT/tmp/results_30.09.2011/occt/release-sources-20110930/drv/GeomInt/GeomInt_BSpGradient_BFGSOfMyBSplGradientOfTheComputeLineOfWLApprox_0.cxx
+M GeomInt:pubinclude:GeomInt_MyBSplGradientOfTheComputeLineOfWLApprox.hxx /dn43/OCCT/tmp/results_30.09.2011/occt/release-sources-20110930/inc/GeomInt_MyBSplGradientOfTheComputeLineOfWLApprox.hxx
+M GeomInt:derivated:GeomInt_MyBSplGradientOfTheComputeLineOfWLApprox_0.cxx /dn43/OCCT/tmp/results_30.09.2011/occt/release-sources-20110930/drv/GeomInt/GeomInt_MyBSplGradientOfTheComputeLineOfWLApprox_0.cxx
+M GeomInt:pubinclude:GeomInt_ParLeastSquareOfMyGradientbisOfTheComputeLineOfWLApprox.hxx /dn43/OCCT/tmp/results_30.09.2011/occt/release-sources-20110930/inc/GeomInt_ParLeastSquareOfMyGradientbisOfTheComputeLineOfWLApprox.hxx
+M GeomInt:derivated:GeomInt_ParLeastSquareOfMyGradientbisOfTheComputeLineOfWLApprox_0.cxx /dn43/OCCT/tmp/results_30.09.2011/occt/release-sources-20110930/drv/GeomInt/GeomInt_ParLeastSquareOfMyGradientbisOfTheComputeLineOfWLApprox_0.cxx
+M GeomInt:pubinclude:GeomInt_ResConstraintOfMyGradientbisOfTheComputeLineOfWLApprox.hxx /dn43/OCCT/tmp/results_30.09.2011/occt/release-sources-20110930/inc/GeomInt_ResConstraintOfMyGradientbisOfTheComputeLineOfWLApprox.hxx
+M GeomInt:derivated:GeomInt_ResConstraintOfMyGradientbisOfTheComputeLineOfWLApprox_0.cxx /dn43/OCCT/tmp/results_30.09.2011/occt/release-sources-20110930/drv/GeomInt/GeomInt_ResConstraintOfMyGradientbisOfTheComputeLineOfWLApprox_0.cxx
+M GeomInt:pubinclude:GeomInt_ParFunctionOfMyGradientbisOfTheComputeLineOfWLApprox.hxx /dn43/OCCT/tmp/results_30.09.2011/occt/release-sources-20110930/inc/GeomInt_ParFunctionOfMyGradientbisOfTheComputeLineOfWLApprox.hxx
+M GeomInt:derivated:GeomInt_ParFunctionOfMyGradientbisOfTheComputeLineOfWLApprox_0.cxx /dn43/OCCT/tmp/results_30.09.2011/occt/release-sources-20110930/drv/GeomInt/GeomInt_ParFunctionOfMyGradientbisOfTheComputeLineOfWLApprox_0.cxx
+M GeomInt:pubinclude:GeomInt_Gradient_BFGSOfMyGradientbisOfTheComputeLineOfWLApprox.hxx /dn43/OCCT/tmp/results_30.09.2011/occt/release-sources-20110930/inc/GeomInt_Gradient_BFGSOfMyGradientbisOfTheComputeLineOfWLApprox.hxx
+M GeomInt:derivated:GeomInt_Gradient_BFGSOfMyGradientbisOfTheComputeLineOfWLApprox_0.cxx /dn43/OCCT/tmp/results_30.09.2011/occt/release-sources-20110930/drv/GeomInt/GeomInt_Gradient_BFGSOfMyGradientbisOfTheComputeLineOfWLApprox_0.cxx
+M GeomInt:pubinclude:GeomInt_MyGradientbisOfTheComputeLineOfWLApprox.hxx /dn43/OCCT/tmp/results_30.09.2011/occt/release-sources-20110930/inc/GeomInt_MyGradientbisOfTheComputeLineOfWLApprox.hxx
+M GeomInt:derivated:GeomInt_MyGradientbisOfTheComputeLineOfWLApprox_0.cxx /dn43/OCCT/tmp/results_30.09.2011/occt/release-sources-20110930/drv/GeomInt/GeomInt_MyGradientbisOfTheComputeLineOfWLApprox_0.cxx
+M GeomInt:pubinclude:GeomInt_TheComputeLineOfWLApprox.hxx /dn43/OCCT/tmp/results_30.09.2011/occt/release-sources-20110930/inc/GeomInt_TheComputeLineOfWLApprox.hxx
+M GeomInt:derivated:GeomInt_TheComputeLineOfWLApprox_0.cxx /dn43/OCCT/tmp/results_30.09.2011/occt/release-sources-20110930/drv/GeomInt/GeomInt_TheComputeLineOfWLApprox_0.cxx
+M GeomInt:pubinclude:GeomInt_ParLeastSquareOfMyGradientOfTheComputeLineBezierOfWLApprox.hxx /dn43/OCCT/tmp/results_30.09.2011/occt/release-sources-20110930/inc/GeomInt_ParLeastSquareOfMyGradientOfTheComputeLineBezierOfWLApprox.hxx
+M GeomInt:derivated:GeomInt_ParLeastSquareOfMyGradientOfTheComputeLineBezierOfWLApprox_0.cxx /dn43/OCCT/tmp/results_30.09.2011/occt/release-sources-20110930/drv/GeomInt/GeomInt_ParLeastSquareOfMyGradientOfTheComputeLineBezierOfWLApprox_0.cxx
+M GeomInt:pubinclude:GeomInt_ResConstraintOfMyGradientOfTheComputeLineBezierOfWLApprox.hxx /dn43/OCCT/tmp/results_30.09.2011/occt/release-sources-20110930/inc/GeomInt_ResConstraintOfMyGradientOfTheComputeLineBezierOfWLApprox.hxx
+M GeomInt:derivated:GeomInt_ResConstraintOfMyGradientOfTheComputeLineBezierOfWLApprox_0.cxx /dn43/OCCT/tmp/results_30.09.2011/occt/release-sources-20110930/drv/GeomInt/GeomInt_ResConstraintOfMyGradientOfTheComputeLineBezierOfWLApprox_0.cxx
+M GeomInt:pubinclude:GeomInt_ParFunctionOfMyGradientOfTheComputeLineBezierOfWLApprox.hxx /dn43/OCCT/tmp/results_30.09.2011/occt/release-sources-20110930/inc/GeomInt_ParFunctionOfMyGradientOfTheComputeLineBezierOfWLApprox.hxx
+M GeomInt:derivated:GeomInt_ParFunctionOfMyGradientOfTheComputeLineBezierOfWLApprox_0.cxx /dn43/OCCT/tmp/results_30.09.2011/occt/release-sources-20110930/drv/GeomInt/GeomInt_ParFunctionOfMyGradientOfTheComputeLineBezierOfWLApprox_0.cxx
+M GeomInt:pubinclude:GeomInt_Gradient_BFGSOfMyGradientOfTheComputeLineBezierOfWLApprox.hxx /dn43/OCCT/tmp/results_30.09.2011/occt/release-sources-20110930/inc/GeomInt_Gradient_BFGSOfMyGradientOfTheComputeLineBezierOfWLApprox.hxx
+M GeomInt:derivated:GeomInt_Gradient_BFGSOfMyGradientOfTheComputeLineBezierOfWLApprox_0.cxx /dn43/OCCT/tmp/results_30.09.2011/occt/release-sources-20110930/drv/GeomInt/GeomInt_Gradient_BFGSOfMyGradientOfTheComputeLineBezierOfWLApprox_0.cxx
+M GeomInt:pubinclude:GeomInt_MyGradientOfTheComputeLineBezierOfWLApprox.hxx /dn43/OCCT/tmp/results_30.09.2011/occt/release-sources-20110930/inc/GeomInt_MyGradientOfTheComputeLineBezierOfWLApprox.hxx
+M GeomInt:derivated:GeomInt_MyGradientOfTheComputeLineBezierOfWLApprox_0.cxx /dn43/OCCT/tmp/results_30.09.2011/occt/release-sources-20110930/drv/GeomInt/GeomInt_MyGradientOfTheComputeLineBezierOfWLApprox_0.cxx
+M GeomInt:pubinclude:GeomInt_TheComputeLineBezierOfWLApprox.hxx /dn43/OCCT/tmp/results_30.09.2011/occt/release-sources-20110930/inc/GeomInt_TheComputeLineBezierOfWLApprox.hxx
+M GeomInt:derivated:GeomInt_TheComputeLineBezierOfWLApprox_0.cxx /dn43/OCCT/tmp/results_30.09.2011/occt/release-sources-20110930/drv/GeomInt/GeomInt_TheComputeLineBezierOfWLApprox_0.cxx
+M GeomInt:pubinclude:Handle_GeomInt_SequenceNodeOfSequenceOfParameterAndOrientation.hxx /dn43/OCCT/tmp/results_30.09.2011/occt/release-sources-20110930/inc/Handle_GeomInt_SequenceNodeOfSequenceOfParameterAndOrientation.hxx
+M GeomInt:pubinclude:GeomInt_SequenceNodeOfSequenceOfParameterAndOrientation.hxx /dn43/OCCT/tmp/results_30.09.2011/occt/release-sources-20110930/inc/GeomInt_SequenceNodeOfSequenceOfParameterAndOrientation.hxx
+M GeomInt:derivated:GeomInt_SequenceNodeOfSequenceOfParameterAndOrientation_0.cxx /dn43/OCCT/tmp/results_30.09.2011/occt/release-sources-20110930/drv/GeomInt/GeomInt_SequenceNodeOfSequenceOfParameterAndOrientation_0.cxx
+M GeomInt:dbadmfile:GeomInt_xcpp_header.In /dn43/OCCT/tmp/results_30.09.2011/occt/release-sources-20110930/drv/GeomInt/.adm/GeomInt_xcpp_header.In
+M GeomInt:dbadmfile:GeomInt_xcpp_header.Out /dn43/OCCT/tmp/results_30.09.2011/occt/release-sources-20110930/drv/GeomInt/.adm/GeomInt_xcpp_header.Out
+M GeomInt:dbadmfile:GeomInt_xcpp_header.Dep /dn43/OCCT/tmp/results_30.09.2011/occt/release-sources-20110930/drv/GeomInt/.adm/GeomInt_xcpp_header.Dep
