+M Visual3d:pubinclude:Handle_Visual3d_ClipPlane.hxx /dn43/OCCT/tmp/results_31.05.2011/occt/release-sources-20110531/inc/Handle_Visual3d_ClipPlane.hxx
+M Visual3d:pubinclude:Visual3d_ClipPlane.hxx /dn43/OCCT/tmp/results_31.05.2011/occt/release-sources-20110531/inc/Visual3d_ClipPlane.hxx
+M Visual3d:privinclude:Visual3d_ClipPlane.jxx /dn43/OCCT/tmp/results_31.05.2011/occt/release-sources-20110531/drv/Visual3d/Visual3d_ClipPlane.jxx
+M Visual3d:privinclude:Visual3d_ClipPlane.ixx /dn43/OCCT/tmp/results_31.05.2011/occt/release-sources-20110531/drv/Visual3d/Visual3d_ClipPlane.ixx
+M Visual3d:pubinclude:Visual3d_ContextPick.hxx /dn43/OCCT/tmp/results_31.05.2011/occt/release-sources-20110531/inc/Visual3d_ContextPick.hxx
+M Visual3d:privinclude:Visual3d_ContextPick.jxx /dn43/OCCT/tmp/results_31.05.2011/occt/release-sources-20110531/drv/Visual3d/Visual3d_ContextPick.jxx
+M Visual3d:privinclude:Visual3d_ContextPick.ixx /dn43/OCCT/tmp/results_31.05.2011/occt/release-sources-20110531/drv/Visual3d/Visual3d_ContextPick.ixx
+M Visual3d:pubinclude:Visual3d_ContextView.hxx /dn43/OCCT/tmp/results_31.05.2011/occt/release-sources-20110531/inc/Visual3d_ContextView.hxx
+M Visual3d:privinclude:Visual3d_ContextView.jxx /dn43/OCCT/tmp/results_31.05.2011/occt/release-sources-20110531/drv/Visual3d/Visual3d_ContextView.jxx
+M Visual3d:privinclude:Visual3d_ContextView.ixx /dn43/OCCT/tmp/results_31.05.2011/occt/release-sources-20110531/drv/Visual3d/Visual3d_ContextView.ixx
+M Visual3d:pubinclude:Handle_Visual3d_Light.hxx /dn43/OCCT/tmp/results_31.05.2011/occt/release-sources-20110531/inc/Handle_Visual3d_Light.hxx
+M Visual3d:pubinclude:Visual3d_Light.hxx /dn43/OCCT/tmp/results_31.05.2011/occt/release-sources-20110531/inc/Visual3d_Light.hxx
+M Visual3d:privinclude:Visual3d_Light.jxx /dn43/OCCT/tmp/results_31.05.2011/occt/release-sources-20110531/drv/Visual3d/Visual3d_Light.jxx
+M Visual3d:privinclude:Visual3d_Light.ixx /dn43/OCCT/tmp/results_31.05.2011/occt/release-sources-20110531/drv/Visual3d/Visual3d_Light.ixx
+M Visual3d:pubinclude:Visual3d_PickDescriptor.hxx /dn43/OCCT/tmp/results_31.05.2011/occt/release-sources-20110531/inc/Visual3d_PickDescriptor.hxx
+M Visual3d:privinclude:Visual3d_PickDescriptor.jxx /dn43/OCCT/tmp/results_31.05.2011/occt/release-sources-20110531/drv/Visual3d/Visual3d_PickDescriptor.jxx
+M Visual3d:privinclude:Visual3d_PickDescriptor.ixx /dn43/OCCT/tmp/results_31.05.2011/occt/release-sources-20110531/drv/Visual3d/Visual3d_PickDescriptor.ixx
+M Visual3d:pubinclude:Visual3d_PickPath.hxx /dn43/OCCT/tmp/results_31.05.2011/occt/release-sources-20110531/inc/Visual3d_PickPath.hxx
+M Visual3d:privinclude:Visual3d_PickPath.jxx /dn43/OCCT/tmp/results_31.05.2011/occt/release-sources-20110531/drv/Visual3d/Visual3d_PickPath.jxx
+M Visual3d:privinclude:Visual3d_PickPath.ixx /dn43/OCCT/tmp/results_31.05.2011/occt/release-sources-20110531/drv/Visual3d/Visual3d_PickPath.ixx
+M Visual3d:pubinclude:Handle_Visual3d_View.hxx /dn43/OCCT/tmp/results_31.05.2011/occt/release-sources-20110531/inc/Handle_Visual3d_View.hxx
+M Visual3d:pubinclude:Visual3d_View.hxx /dn43/OCCT/tmp/results_31.05.2011/occt/release-sources-20110531/inc/Visual3d_View.hxx
+M Visual3d:privinclude:Visual3d_View.jxx /dn43/OCCT/tmp/results_31.05.2011/occt/release-sources-20110531/drv/Visual3d/Visual3d_View.jxx
+M Visual3d:privinclude:Visual3d_View.ixx /dn43/OCCT/tmp/results_31.05.2011/occt/release-sources-20110531/drv/Visual3d/Visual3d_View.ixx
+M Visual3d:pubinclude:Handle_Visual3d_ViewManager.hxx /dn43/OCCT/tmp/results_31.05.2011/occt/release-sources-20110531/inc/Handle_Visual3d_ViewManager.hxx
+M Visual3d:pubinclude:Visual3d_ViewManager.hxx /dn43/OCCT/tmp/results_31.05.2011/occt/release-sources-20110531/inc/Visual3d_ViewManager.hxx
+M Visual3d:privinclude:Visual3d_ViewManager.jxx /dn43/OCCT/tmp/results_31.05.2011/occt/release-sources-20110531/drv/Visual3d/Visual3d_ViewManager.jxx
+M Visual3d:privinclude:Visual3d_ViewManager.ixx /dn43/OCCT/tmp/results_31.05.2011/occt/release-sources-20110531/drv/Visual3d/Visual3d_ViewManager.ixx
+M Visual3d:pubinclude:Visual3d_ViewMapping.hxx /dn43/OCCT/tmp/results_31.05.2011/occt/release-sources-20110531/inc/Visual3d_ViewMapping.hxx
+M Visual3d:privinclude:Visual3d_ViewMapping.jxx /dn43/OCCT/tmp/results_31.05.2011/occt/release-sources-20110531/drv/Visual3d/Visual3d_ViewMapping.jxx
+M Visual3d:privinclude:Visual3d_ViewMapping.ixx /dn43/OCCT/tmp/results_31.05.2011/occt/release-sources-20110531/drv/Visual3d/Visual3d_ViewMapping.ixx
+M Visual3d:pubinclude:Visual3d_ViewOrientation.hxx /dn43/OCCT/tmp/results_31.05.2011/occt/release-sources-20110531/inc/Visual3d_ViewOrientation.hxx
+M Visual3d:privinclude:Visual3d_ViewOrientation.jxx /dn43/OCCT/tmp/results_31.05.2011/occt/release-sources-20110531/drv/Visual3d/Visual3d_ViewOrientation.jxx
+M Visual3d:privinclude:Visual3d_ViewOrientation.ixx /dn43/OCCT/tmp/results_31.05.2011/occt/release-sources-20110531/drv/Visual3d/Visual3d_ViewOrientation.ixx
+M Visual3d:pubinclude:Handle_Visual3d_TransientManager.hxx /dn43/OCCT/tmp/results_31.05.2011/occt/release-sources-20110531/inc/Handle_Visual3d_TransientManager.hxx
+M Visual3d:pubinclude:Visual3d_TransientManager.hxx /dn43/OCCT/tmp/results_31.05.2011/occt/release-sources-20110531/inc/Visual3d_TransientManager.hxx
+M Visual3d:privinclude:Visual3d_TransientManager.jxx /dn43/OCCT/tmp/results_31.05.2011/occt/release-sources-20110531/drv/Visual3d/Visual3d_TransientManager.jxx
+M Visual3d:privinclude:Visual3d_TransientManager.ixx /dn43/OCCT/tmp/results_31.05.2011/occt/release-sources-20110531/drv/Visual3d/Visual3d_TransientManager.ixx
+M Visual3d:pubinclude:Handle_Visual3d_Layer.hxx /dn43/OCCT/tmp/results_31.05.2011/occt/release-sources-20110531/inc/Handle_Visual3d_Layer.hxx
+M Visual3d:pubinclude:Visual3d_Layer.hxx /dn43/OCCT/tmp/results_31.05.2011/occt/release-sources-20110531/inc/Visual3d_Layer.hxx
+M Visual3d:privinclude:Visual3d_Layer.jxx /dn43/OCCT/tmp/results_31.05.2011/occt/release-sources-20110531/drv/Visual3d/Visual3d_Layer.jxx
+M Visual3d:privinclude:Visual3d_Layer.ixx /dn43/OCCT/tmp/results_31.05.2011/occt/release-sources-20110531/drv/Visual3d/Visual3d_Layer.ixx
+M Visual3d:pubinclude:Handle_Visual3d_LayerItem.hxx /dn43/OCCT/tmp/results_31.05.2011/occt/release-sources-20110531/inc/Handle_Visual3d_LayerItem.hxx
+M Visual3d:pubinclude:Visual3d_LayerItem.hxx /dn43/OCCT/tmp/results_31.05.2011/occt/release-sources-20110531/inc/Visual3d_LayerItem.hxx
+M Visual3d:privinclude:Visual3d_LayerItem.jxx /dn43/OCCT/tmp/results_31.05.2011/occt/release-sources-20110531/drv/Visual3d/Visual3d_LayerItem.jxx
+M Visual3d:privinclude:Visual3d_LayerItem.ixx /dn43/OCCT/tmp/results_31.05.2011/occt/release-sources-20110531/drv/Visual3d/Visual3d_LayerItem.ixx
+M Visual3d:pubinclude:Visual3d_SequenceOfPickPath.hxx /dn43/OCCT/tmp/results_31.05.2011/occt/release-sources-20110531/inc/Visual3d_SequenceOfPickPath.hxx
+M Visual3d:derivated:Visual3d_SequenceOfPickPath_0.cxx /dn43/OCCT/tmp/results_31.05.2011/occt/release-sources-20110531/drv/Visual3d/Visual3d_SequenceOfPickPath_0.cxx
+M Visual3d:pubinclude:Handle_Visual3d_HSequenceOfPickPath.hxx /dn43/OCCT/tmp/results_31.05.2011/occt/release-sources-20110531/inc/Handle_Visual3d_HSequenceOfPickPath.hxx
+M Visual3d:pubinclude:Visual3d_HSequenceOfPickPath.hxx /dn43/OCCT/tmp/results_31.05.2011/occt/release-sources-20110531/inc/Visual3d_HSequenceOfPickPath.hxx
+M Visual3d:derivated:Visual3d_HSequenceOfPickPath_0.cxx /dn43/OCCT/tmp/results_31.05.2011/occt/release-sources-20110531/drv/Visual3d/Visual3d_HSequenceOfPickPath_0.cxx
+M Visual3d:pubinclude:Visual3d_SetOfClipPlane.hxx /dn43/OCCT/tmp/results_31.05.2011/occt/release-sources-20110531/inc/Visual3d_SetOfClipPlane.hxx
+M Visual3d:derivated:Visual3d_SetOfClipPlane_0.cxx /dn43/OCCT/tmp/results_31.05.2011/occt/release-sources-20110531/drv/Visual3d/Visual3d_SetOfClipPlane_0.cxx
+M Visual3d:pubinclude:Handle_Visual3d_HSetOfClipPlane.hxx /dn43/OCCT/tmp/results_31.05.2011/occt/release-sources-20110531/inc/Handle_Visual3d_HSetOfClipPlane.hxx
+M Visual3d:pubinclude:Visual3d_HSetOfClipPlane.hxx /dn43/OCCT/tmp/results_31.05.2011/occt/release-sources-20110531/inc/Visual3d_HSetOfClipPlane.hxx
+M Visual3d:derivated:Visual3d_HSetOfClipPlane_0.cxx /dn43/OCCT/tmp/results_31.05.2011/occt/release-sources-20110531/drv/Visual3d/Visual3d_HSetOfClipPlane_0.cxx
+M Visual3d:pubinclude:Visual3d_SetOfLight.hxx /dn43/OCCT/tmp/results_31.05.2011/occt/release-sources-20110531/inc/Visual3d_SetOfLight.hxx
+M Visual3d:derivated:Visual3d_SetOfLight_0.cxx /dn43/OCCT/tmp/results_31.05.2011/occt/release-sources-20110531/drv/Visual3d/Visual3d_SetOfLight_0.cxx
+M Visual3d:pubinclude:Handle_Visual3d_HSetOfLight.hxx /dn43/OCCT/tmp/results_31.05.2011/occt/release-sources-20110531/inc/Handle_Visual3d_HSetOfLight.hxx
+M Visual3d:pubinclude:Visual3d_HSetOfLight.hxx /dn43/OCCT/tmp/results_31.05.2011/occt/release-sources-20110531/inc/Visual3d_HSetOfLight.hxx
+M Visual3d:derivated:Visual3d_HSetOfLight_0.cxx /dn43/OCCT/tmp/results_31.05.2011/occt/release-sources-20110531/drv/Visual3d/Visual3d_HSetOfLight_0.cxx
+M Visual3d:pubinclude:Visual3d_SetOfView.hxx /dn43/OCCT/tmp/results_31.05.2011/occt/release-sources-20110531/inc/Visual3d_SetOfView.hxx
+M Visual3d:derivated:Visual3d_SetOfView_0.cxx /dn43/OCCT/tmp/results_31.05.2011/occt/release-sources-20110531/drv/Visual3d/Visual3d_SetOfView_0.cxx
+M Visual3d:pubinclude:Handle_Visual3d_HSetOfView.hxx /dn43/OCCT/tmp/results_31.05.2011/occt/release-sources-20110531/inc/Handle_Visual3d_HSetOfView.hxx
+M Visual3d:pubinclude:Visual3d_HSetOfView.hxx /dn43/OCCT/tmp/results_31.05.2011/occt/release-sources-20110531/inc/Visual3d_HSetOfView.hxx
+M Visual3d:derivated:Visual3d_HSetOfView_0.cxx /dn43/OCCT/tmp/results_31.05.2011/occt/release-sources-20110531/drv/Visual3d/Visual3d_HSetOfView_0.cxx
+M Visual3d:pubinclude:Handle_Visual3d_SequenceNodeOfSequenceOfPickPath.hxx /dn43/OCCT/tmp/results_31.05.2011/occt/release-sources-20110531/inc/Handle_Visual3d_SequenceNodeOfSequenceOfPickPath.hxx
+M Visual3d:pubinclude:Visual3d_SequenceNodeOfSequenceOfPickPath.hxx /dn43/OCCT/tmp/results_31.05.2011/occt/release-sources-20110531/inc/Visual3d_SequenceNodeOfSequenceOfPickPath.hxx
+M Visual3d:derivated:Visual3d_SequenceNodeOfSequenceOfPickPath_0.cxx /dn43/OCCT/tmp/results_31.05.2011/occt/release-sources-20110531/drv/Visual3d/Visual3d_SequenceNodeOfSequenceOfPickPath_0.cxx
+M Visual3d:pubinclude:Handle_Visual3d_ListNodeOfSetListOfSetOfClipPlane.hxx /dn43/OCCT/tmp/results_31.05.2011/occt/release-sources-20110531/inc/Handle_Visual3d_ListNodeOfSetListOfSetOfClipPlane.hxx
+M Visual3d:pubinclude:Visual3d_ListNodeOfSetListOfSetOfClipPlane.hxx /dn43/OCCT/tmp/results_31.05.2011/occt/release-sources-20110531/inc/Visual3d_ListNodeOfSetListOfSetOfClipPlane.hxx
+M Visual3d:derivated:Visual3d_ListNodeOfSetListOfSetOfClipPlane_0.cxx /dn43/OCCT/tmp/results_31.05.2011/occt/release-sources-20110531/drv/Visual3d/Visual3d_ListNodeOfSetListOfSetOfClipPlane_0.cxx
+M Visual3d:pubinclude:Visual3d_ListIteratorOfSetListOfSetOfClipPlane.hxx /dn43/OCCT/tmp/results_31.05.2011/occt/release-sources-20110531/inc/Visual3d_ListIteratorOfSetListOfSetOfClipPlane.hxx
+M Visual3d:derivated:Visual3d_ListIteratorOfSetListOfSetOfClipPlane_0.cxx /dn43/OCCT/tmp/results_31.05.2011/occt/release-sources-20110531/drv/Visual3d/Visual3d_ListIteratorOfSetListOfSetOfClipPlane_0.cxx
+M Visual3d:pubinclude:Visual3d_SetListOfSetOfClipPlane.hxx /dn43/OCCT/tmp/results_31.05.2011/occt/release-sources-20110531/inc/Visual3d_SetListOfSetOfClipPlane.hxx
+M Visual3d:derivated:Visual3d_SetListOfSetOfClipPlane_0.cxx /dn43/OCCT/tmp/results_31.05.2011/occt/release-sources-20110531/drv/Visual3d/Visual3d_SetListOfSetOfClipPlane_0.cxx
+M Visual3d:pubinclude:Visual3d_SetIteratorOfSetOfClipPlane.hxx /dn43/OCCT/tmp/results_31.05.2011/occt/release-sources-20110531/inc/Visual3d_SetIteratorOfSetOfClipPlane.hxx
+M Visual3d:derivated:Visual3d_SetIteratorOfSetOfClipPlane_0.cxx /dn43/OCCT/tmp/results_31.05.2011/occt/release-sources-20110531/drv/Visual3d/Visual3d_SetIteratorOfSetOfClipPlane_0.cxx
+M Visual3d:pubinclude:Handle_Visual3d_ListNodeOfSetListOfSetOfLight.hxx /dn43/OCCT/tmp/results_31.05.2011/occt/release-sources-20110531/inc/Handle_Visual3d_ListNodeOfSetListOfSetOfLight.hxx
+M Visual3d:pubinclude:Visual3d_ListNodeOfSetListOfSetOfLight.hxx /dn43/OCCT/tmp/results_31.05.2011/occt/release-sources-20110531/inc/Visual3d_ListNodeOfSetListOfSetOfLight.hxx
+M Visual3d:derivated:Visual3d_ListNodeOfSetListOfSetOfLight_0.cxx /dn43/OCCT/tmp/results_31.05.2011/occt/release-sources-20110531/drv/Visual3d/Visual3d_ListNodeOfSetListOfSetOfLight_0.cxx
+M Visual3d:pubinclude:Visual3d_ListIteratorOfSetListOfSetOfLight.hxx /dn43/OCCT/tmp/results_31.05.2011/occt/release-sources-20110531/inc/Visual3d_ListIteratorOfSetListOfSetOfLight.hxx
+M Visual3d:derivated:Visual3d_ListIteratorOfSetListOfSetOfLight_0.cxx /dn43/OCCT/tmp/results_31.05.2011/occt/release-sources-20110531/drv/Visual3d/Visual3d_ListIteratorOfSetListOfSetOfLight_0.cxx
+M Visual3d:pubinclude:Visual3d_SetListOfSetOfLight.hxx /dn43/OCCT/tmp/results_31.05.2011/occt/release-sources-20110531/inc/Visual3d_SetListOfSetOfLight.hxx
+M Visual3d:derivated:Visual3d_SetListOfSetOfLight_0.cxx /dn43/OCCT/tmp/results_31.05.2011/occt/release-sources-20110531/drv/Visual3d/Visual3d_SetListOfSetOfLight_0.cxx
+M Visual3d:pubinclude:Visual3d_SetIteratorOfSetOfLight.hxx /dn43/OCCT/tmp/results_31.05.2011/occt/release-sources-20110531/inc/Visual3d_SetIteratorOfSetOfLight.hxx
+M Visual3d:derivated:Visual3d_SetIteratorOfSetOfLight_0.cxx /dn43/OCCT/tmp/results_31.05.2011/occt/release-sources-20110531/drv/Visual3d/Visual3d_SetIteratorOfSetOfLight_0.cxx
+M Visual3d:pubinclude:Handle_Visual3d_ListNodeOfSetListOfSetOfView.hxx /dn43/OCCT/tmp/results_31.05.2011/occt/release-sources-20110531/inc/Handle_Visual3d_ListNodeOfSetListOfSetOfView.hxx
+M Visual3d:pubinclude:Visual3d_ListNodeOfSetListOfSetOfView.hxx /dn43/OCCT/tmp/results_31.05.2011/occt/release-sources-20110531/inc/Visual3d_ListNodeOfSetListOfSetOfView.hxx
+M Visual3d:derivated:Visual3d_ListNodeOfSetListOfSetOfView_0.cxx /dn43/OCCT/tmp/results_31.05.2011/occt/release-sources-20110531/drv/Visual3d/Visual3d_ListNodeOfSetListOfSetOfView_0.cxx
+M Visual3d:pubinclude:Visual3d_ListIteratorOfSetListOfSetOfView.hxx /dn43/OCCT/tmp/results_31.05.2011/occt/release-sources-20110531/inc/Visual3d_ListIteratorOfSetListOfSetOfView.hxx
+M Visual3d:derivated:Visual3d_ListIteratorOfSetListOfSetOfView_0.cxx /dn43/OCCT/tmp/results_31.05.2011/occt/release-sources-20110531/drv/Visual3d/Visual3d_ListIteratorOfSetListOfSetOfView_0.cxx
+M Visual3d:pubinclude:Visual3d_SetListOfSetOfView.hxx /dn43/OCCT/tmp/results_31.05.2011/occt/release-sources-20110531/inc/Visual3d_SetListOfSetOfView.hxx
+M Visual3d:derivated:Visual3d_SetListOfSetOfView_0.cxx /dn43/OCCT/tmp/results_31.05.2011/occt/release-sources-20110531/drv/Visual3d/Visual3d_SetListOfSetOfView_0.cxx
+M Visual3d:pubinclude:Visual3d_SetIteratorOfSetOfView.hxx /dn43/OCCT/tmp/results_31.05.2011/occt/release-sources-20110531/inc/Visual3d_SetIteratorOfSetOfView.hxx
+M Visual3d:derivated:Visual3d_SetIteratorOfSetOfView_0.cxx /dn43/OCCT/tmp/results_31.05.2011/occt/release-sources-20110531/drv/Visual3d/Visual3d_SetIteratorOfSetOfView_0.cxx
+M Visual3d:pubinclude:Handle_Visual3d_ClipDefinitionError.hxx /dn43/OCCT/tmp/results_31.05.2011/occt/release-sources-20110531/inc/Handle_Visual3d_ClipDefinitionError.hxx
+M Visual3d:pubinclude:Visual3d_ClipDefinitionError.hxx /dn43/OCCT/tmp/results_31.05.2011/occt/release-sources-20110531/inc/Visual3d_ClipDefinitionError.hxx
+M Visual3d:derivated:Visual3d_ClipDefinitionError_0.cxx /dn43/OCCT/tmp/results_31.05.2011/occt/release-sources-20110531/drv/Visual3d/Visual3d_ClipDefinitionError_0.cxx
+M Visual3d:pubinclude:Handle_Visual3d_ContextPickDefinitionError.hxx /dn43/OCCT/tmp/results_31.05.2011/occt/release-sources-20110531/inc/Handle_Visual3d_ContextPickDefinitionError.hxx
+M Visual3d:pubinclude:Visual3d_ContextPickDefinitionError.hxx /dn43/OCCT/tmp/results_31.05.2011/occt/release-sources-20110531/inc/Visual3d_ContextPickDefinitionError.hxx
+M Visual3d:derivated:Visual3d_ContextPickDefinitionError_0.cxx /dn43/OCCT/tmp/results_31.05.2011/occt/release-sources-20110531/drv/Visual3d/Visual3d_ContextPickDefinitionError_0.cxx
+M Visual3d:pubinclude:Handle_Visual3d_DepthCueingDefinitionError.hxx /dn43/OCCT/tmp/results_31.05.2011/occt/release-sources-20110531/inc/Handle_Visual3d_DepthCueingDefinitionError.hxx
+M Visual3d:pubinclude:Visual3d_DepthCueingDefinitionError.hxx /dn43/OCCT/tmp/results_31.05.2011/occt/release-sources-20110531/inc/Visual3d_DepthCueingDefinitionError.hxx
+M Visual3d:derivated:Visual3d_DepthCueingDefinitionError_0.cxx /dn43/OCCT/tmp/results_31.05.2011/occt/release-sources-20110531/drv/Visual3d/Visual3d_DepthCueingDefinitionError_0.cxx
+M Visual3d:pubinclude:Handle_Visual3d_LightDefinitionError.hxx /dn43/OCCT/tmp/results_31.05.2011/occt/release-sources-20110531/inc/Handle_Visual3d_LightDefinitionError.hxx
+M Visual3d:pubinclude:Visual3d_LightDefinitionError.hxx /dn43/OCCT/tmp/results_31.05.2011/occt/release-sources-20110531/inc/Visual3d_LightDefinitionError.hxx
+M Visual3d:derivated:Visual3d_LightDefinitionError_0.cxx /dn43/OCCT/tmp/results_31.05.2011/occt/release-sources-20110531/drv/Visual3d/Visual3d_LightDefinitionError_0.cxx
+M Visual3d:pubinclude:Handle_Visual3d_PickError.hxx /dn43/OCCT/tmp/results_31.05.2011/occt/release-sources-20110531/inc/Handle_Visual3d_PickError.hxx
+M Visual3d:pubinclude:Visual3d_PickError.hxx /dn43/OCCT/tmp/results_31.05.2011/occt/release-sources-20110531/inc/Visual3d_PickError.hxx
+M Visual3d:derivated:Visual3d_PickError_0.cxx /dn43/OCCT/tmp/results_31.05.2011/occt/release-sources-20110531/drv/Visual3d/Visual3d_PickError_0.cxx
+M Visual3d:pubinclude:Handle_Visual3d_TransformError.hxx /dn43/OCCT/tmp/results_31.05.2011/occt/release-sources-20110531/inc/Handle_Visual3d_TransformError.hxx
+M Visual3d:pubinclude:Visual3d_TransformError.hxx /dn43/OCCT/tmp/results_31.05.2011/occt/release-sources-20110531/inc/Visual3d_TransformError.hxx
+M Visual3d:derivated:Visual3d_TransformError_0.cxx /dn43/OCCT/tmp/results_31.05.2011/occt/release-sources-20110531/drv/Visual3d/Visual3d_TransformError_0.cxx
+M Visual3d:pubinclude:Handle_Visual3d_ViewDefinitionError.hxx /dn43/OCCT/tmp/results_31.05.2011/occt/release-sources-20110531/inc/Handle_Visual3d_ViewDefinitionError.hxx
+M Visual3d:pubinclude:Visual3d_ViewDefinitionError.hxx /dn43/OCCT/tmp/results_31.05.2011/occt/release-sources-20110531/inc/Visual3d_ViewDefinitionError.hxx
+M Visual3d:derivated:Visual3d_ViewDefinitionError_0.cxx /dn43/OCCT/tmp/results_31.05.2011/occt/release-sources-20110531/drv/Visual3d/Visual3d_ViewDefinitionError_0.cxx
+M Visual3d:pubinclude:Handle_Visual3d_ViewManagerDefinitionError.hxx /dn43/OCCT/tmp/results_31.05.2011/occt/release-sources-20110531/inc/Handle_Visual3d_ViewManagerDefinitionError.hxx
+M Visual3d:pubinclude:Visual3d_ViewManagerDefinitionError.hxx /dn43/OCCT/tmp/results_31.05.2011/occt/release-sources-20110531/inc/Visual3d_ViewManagerDefinitionError.hxx
+M Visual3d:derivated:Visual3d_ViewManagerDefinitionError_0.cxx /dn43/OCCT/tmp/results_31.05.2011/occt/release-sources-20110531/drv/Visual3d/Visual3d_ViewManagerDefinitionError_0.cxx
+M Visual3d:pubinclude:Handle_Visual3d_ViewMappingDefinitionError.hxx /dn43/OCCT/tmp/results_31.05.2011/occt/release-sources-20110531/inc/Handle_Visual3d_ViewMappingDefinitionError.hxx
+M Visual3d:pubinclude:Visual3d_ViewMappingDefinitionError.hxx /dn43/OCCT/tmp/results_31.05.2011/occt/release-sources-20110531/inc/Visual3d_ViewMappingDefinitionError.hxx
+M Visual3d:derivated:Visual3d_ViewMappingDefinitionError_0.cxx /dn43/OCCT/tmp/results_31.05.2011/occt/release-sources-20110531/drv/Visual3d/Visual3d_ViewMappingDefinitionError_0.cxx
+M Visual3d:pubinclude:Handle_Visual3d_ViewOrientationDefinitionError.hxx /dn43/OCCT/tmp/results_31.05.2011/occt/release-sources-20110531/inc/Handle_Visual3d_ViewOrientationDefinitionError.hxx
+M Visual3d:pubinclude:Visual3d_ViewOrientationDefinitionError.hxx /dn43/OCCT/tmp/results_31.05.2011/occt/release-sources-20110531/inc/Visual3d_ViewOrientationDefinitionError.hxx
+M Visual3d:derivated:Visual3d_ViewOrientationDefinitionError_0.cxx /dn43/OCCT/tmp/results_31.05.2011/occt/release-sources-20110531/drv/Visual3d/Visual3d_ViewOrientationDefinitionError_0.cxx
+M Visual3d:pubinclude:Handle_Visual3d_ZClippingDefinitionError.hxx /dn43/OCCT/tmp/results_31.05.2011/occt/release-sources-20110531/inc/Handle_Visual3d_ZClippingDefinitionError.hxx
+M Visual3d:pubinclude:Visual3d_ZClippingDefinitionError.hxx /dn43/OCCT/tmp/results_31.05.2011/occt/release-sources-20110531/inc/Visual3d_ZClippingDefinitionError.hxx
+M Visual3d:derivated:Visual3d_ZClippingDefinitionError_0.cxx /dn43/OCCT/tmp/results_31.05.2011/occt/release-sources-20110531/drv/Visual3d/Visual3d_ZClippingDefinitionError_0.cxx
+M Visual3d:pubinclude:Handle_Visual3d_TransientDefinitionError.hxx /dn43/OCCT/tmp/results_31.05.2011/occt/release-sources-20110531/inc/Handle_Visual3d_TransientDefinitionError.hxx
+M Visual3d:pubinclude:Visual3d_TransientDefinitionError.hxx /dn43/OCCT/tmp/results_31.05.2011/occt/release-sources-20110531/inc/Visual3d_TransientDefinitionError.hxx
+M Visual3d:derivated:Visual3d_TransientDefinitionError_0.cxx /dn43/OCCT/tmp/results_31.05.2011/occt/release-sources-20110531/drv/Visual3d/Visual3d_TransientDefinitionError_0.cxx
+M Visual3d:pubinclude:Handle_Visual3d_LayerDefinitionError.hxx /dn43/OCCT/tmp/results_31.05.2011/occt/release-sources-20110531/inc/Handle_Visual3d_LayerDefinitionError.hxx
+M Visual3d:pubinclude:Visual3d_LayerDefinitionError.hxx /dn43/OCCT/tmp/results_31.05.2011/occt/release-sources-20110531/inc/Visual3d_LayerDefinitionError.hxx
+M Visual3d:derivated:Visual3d_LayerDefinitionError_0.cxx /dn43/OCCT/tmp/results_31.05.2011/occt/release-sources-20110531/drv/Visual3d/Visual3d_LayerDefinitionError_0.cxx
+M Visual3d:pubinclude:Visual3d_TypeOfAnswer.hxx /dn43/OCCT/tmp/results_31.05.2011/occt/release-sources-20110531/inc/Visual3d_TypeOfAnswer.hxx
+M Visual3d:pubinclude:Visual3d_TypeOfLightSource.hxx /dn43/OCCT/tmp/results_31.05.2011/occt/release-sources-20110531/inc/Visual3d_TypeOfLightSource.hxx
+M Visual3d:pubinclude:Visual3d_TypeOfModel.hxx /dn43/OCCT/tmp/results_31.05.2011/occt/release-sources-20110531/inc/Visual3d_TypeOfModel.hxx
+M Visual3d:pubinclude:Visual3d_TypeOfOrder.hxx /dn43/OCCT/tmp/results_31.05.2011/occt/release-sources-20110531/inc/Visual3d_TypeOfOrder.hxx
+M Visual3d:pubinclude:Visual3d_TypeOfProjection.hxx /dn43/OCCT/tmp/results_31.05.2011/occt/release-sources-20110531/inc/Visual3d_TypeOfProjection.hxx
+M Visual3d:pubinclude:Visual3d_TypeOfVisualization.hxx /dn43/OCCT/tmp/results_31.05.2011/occt/release-sources-20110531/inc/Visual3d_TypeOfVisualization.hxx
+M Visual3d:pubinclude:Visual3d_TypeOfSurfaceDetail.hxx /dn43/OCCT/tmp/results_31.05.2011/occt/release-sources-20110531/inc/Visual3d_TypeOfSurfaceDetail.hxx
+M Visual3d:pubinclude:Visual3d_TypeOfBackfacingModel.hxx /dn43/OCCT/tmp/results_31.05.2011/occt/release-sources-20110531/inc/Visual3d_TypeOfBackfacingModel.hxx
+M Visual3d:pubinclude:Visual3d_ViewPtr.hxx /dn43/OCCT/tmp/results_31.05.2011/occt/release-sources-20110531/inc/Visual3d_ViewPtr.hxx
+M Visual3d:pubinclude:Visual3d_ViewManagerPtr.hxx /dn43/OCCT/tmp/results_31.05.2011/occt/release-sources-20110531/inc/Visual3d_ViewManagerPtr.hxx
+M Visual3d:dbadmfile:Visual3d_xcpp_header.In /dn43/OCCT/tmp/results_31.05.2011/occt/release-sources-20110531/drv/Visual3d/.adm/Visual3d_xcpp_header.In
+M Visual3d:dbadmfile:Visual3d_xcpp_header.Out /dn43/OCCT/tmp/results_31.05.2011/occt/release-sources-20110531/drv/Visual3d/.adm/Visual3d_xcpp_header.Out
+M Visual3d:dbadmfile:Visual3d_xcpp_header.Dep /dn43/OCCT/tmp/results_31.05.2011/occt/release-sources-20110531/drv/Visual3d/.adm/Visual3d_xcpp_header.Dep
