+M FEmTool:pubinclude:FEmTool_Assembly.hxx /dn43/OCCT/tmp/results_30.09.2011/occt/release-sources-20110930/inc/FEmTool_Assembly.hxx
+M FEmTool:privinclude:FEmTool_Assembly.jxx /dn43/OCCT/tmp/results_30.09.2011/occt/release-sources-20110930/drv/FEmTool/FEmTool_Assembly.jxx
+M FEmTool:privinclude:FEmTool_Assembly.ixx /dn43/OCCT/tmp/results_30.09.2011/occt/release-sources-20110930/drv/FEmTool/FEmTool_Assembly.ixx
+M FEmTool:pubinclude:Handle_FEmTool_ElementaryCriterion.hxx /dn43/OCCT/tmp/results_30.09.2011/occt/release-sources-20110930/inc/Handle_FEmTool_ElementaryCriterion.hxx
+M FEmTool:pubinclude:FEmTool_ElementaryCriterion.hxx /dn43/OCCT/tmp/results_30.09.2011/occt/release-sources-20110930/inc/FEmTool_ElementaryCriterion.hxx
+M FEmTool:privinclude:FEmTool_ElementaryCriterion.jxx /dn43/OCCT/tmp/results_30.09.2011/occt/release-sources-20110930/drv/FEmTool/FEmTool_ElementaryCriterion.jxx
+M FEmTool:privinclude:FEmTool_ElementaryCriterion.ixx /dn43/OCCT/tmp/results_30.09.2011/occt/release-sources-20110930/drv/FEmTool/FEmTool_ElementaryCriterion.ixx
+M FEmTool:pubinclude:Handle_FEmTool_LinearTension.hxx /dn43/OCCT/tmp/results_30.09.2011/occt/release-sources-20110930/inc/Handle_FEmTool_LinearTension.hxx
+M FEmTool:pubinclude:FEmTool_LinearTension.hxx /dn43/OCCT/tmp/results_30.09.2011/occt/release-sources-20110930/inc/FEmTool_LinearTension.hxx
+M FEmTool:privinclude:FEmTool_LinearTension.jxx /dn43/OCCT/tmp/results_30.09.2011/occt/release-sources-20110930/drv/FEmTool/FEmTool_LinearTension.jxx
+M FEmTool:privinclude:FEmTool_LinearTension.ixx /dn43/OCCT/tmp/results_30.09.2011/occt/release-sources-20110930/drv/FEmTool/FEmTool_LinearTension.ixx
+M FEmTool:pubinclude:Handle_FEmTool_LinearFlexion.hxx /dn43/OCCT/tmp/results_30.09.2011/occt/release-sources-20110930/inc/Handle_FEmTool_LinearFlexion.hxx
+M FEmTool:pubinclude:FEmTool_LinearFlexion.hxx /dn43/OCCT/tmp/results_30.09.2011/occt/release-sources-20110930/inc/FEmTool_LinearFlexion.hxx
+M FEmTool:privinclude:FEmTool_LinearFlexion.jxx /dn43/OCCT/tmp/results_30.09.2011/occt/release-sources-20110930/drv/FEmTool/FEmTool_LinearFlexion.jxx
+M FEmTool:privinclude:FEmTool_LinearFlexion.ixx /dn43/OCCT/tmp/results_30.09.2011/occt/release-sources-20110930/drv/FEmTool/FEmTool_LinearFlexion.ixx
+M FEmTool:pubinclude:Handle_FEmTool_LinearJerk.hxx /dn43/OCCT/tmp/results_30.09.2011/occt/release-sources-20110930/inc/Handle_FEmTool_LinearJerk.hxx
+M FEmTool:pubinclude:FEmTool_LinearJerk.hxx /dn43/OCCT/tmp/results_30.09.2011/occt/release-sources-20110930/inc/FEmTool_LinearJerk.hxx
+M FEmTool:privinclude:FEmTool_LinearJerk.jxx /dn43/OCCT/tmp/results_30.09.2011/occt/release-sources-20110930/drv/FEmTool/FEmTool_LinearJerk.jxx
+M FEmTool:privinclude:FEmTool_LinearJerk.ixx /dn43/OCCT/tmp/results_30.09.2011/occt/release-sources-20110930/drv/FEmTool/FEmTool_LinearJerk.ixx
+M FEmTool:pubinclude:Handle_FEmTool_SparseMatrix.hxx /dn43/OCCT/tmp/results_30.09.2011/occt/release-sources-20110930/inc/Handle_FEmTool_SparseMatrix.hxx
+M FEmTool:pubinclude:FEmTool_SparseMatrix.hxx /dn43/OCCT/tmp/results_30.09.2011/occt/release-sources-20110930/inc/FEmTool_SparseMatrix.hxx
+M FEmTool:privinclude:FEmTool_SparseMatrix.jxx /dn43/OCCT/tmp/results_30.09.2011/occt/release-sources-20110930/drv/FEmTool/FEmTool_SparseMatrix.jxx
+M FEmTool:privinclude:FEmTool_SparseMatrix.ixx /dn43/OCCT/tmp/results_30.09.2011/occt/release-sources-20110930/drv/FEmTool/FEmTool_SparseMatrix.ixx
+M FEmTool:pubinclude:Handle_FEmTool_ProfileMatrix.hxx /dn43/OCCT/tmp/results_30.09.2011/occt/release-sources-20110930/inc/Handle_FEmTool_ProfileMatrix.hxx
+M FEmTool:pubinclude:FEmTool_ProfileMatrix.hxx /dn43/OCCT/tmp/results_30.09.2011/occt/release-sources-20110930/inc/FEmTool_ProfileMatrix.hxx
+M FEmTool:privinclude:FEmTool_ProfileMatrix.jxx /dn43/OCCT/tmp/results_30.09.2011/occt/release-sources-20110930/drv/FEmTool/FEmTool_ProfileMatrix.jxx
+M FEmTool:privinclude:FEmTool_ProfileMatrix.ixx /dn43/OCCT/tmp/results_30.09.2011/occt/release-sources-20110930/drv/FEmTool/FEmTool_ProfileMatrix.ixx
+M FEmTool:pubinclude:Handle_FEmTool_Curve.hxx /dn43/OCCT/tmp/results_30.09.2011/occt/release-sources-20110930/inc/Handle_FEmTool_Curve.hxx
+M FEmTool:pubinclude:FEmTool_Curve.hxx /dn43/OCCT/tmp/results_30.09.2011/occt/release-sources-20110930/inc/FEmTool_Curve.hxx
+M FEmTool:privinclude:FEmTool_Curve.jxx /dn43/OCCT/tmp/results_30.09.2011/occt/release-sources-20110930/drv/FEmTool/FEmTool_Curve.jxx
+M FEmTool:privinclude:FEmTool_Curve.ixx /dn43/OCCT/tmp/results_30.09.2011/occt/release-sources-20110930/drv/FEmTool/FEmTool_Curve.ixx
+M FEmTool:pubinclude:FEmTool_ElementsOfRefMatrix.hxx /dn43/OCCT/tmp/results_30.09.2011/occt/release-sources-20110930/inc/FEmTool_ElementsOfRefMatrix.hxx
+M FEmTool:privinclude:FEmTool_ElementsOfRefMatrix.jxx /dn43/OCCT/tmp/results_30.09.2011/occt/release-sources-20110930/drv/FEmTool/FEmTool_ElementsOfRefMatrix.jxx
+M FEmTool:privinclude:FEmTool_ElementsOfRefMatrix.ixx /dn43/OCCT/tmp/results_30.09.2011/occt/release-sources-20110930/drv/FEmTool/FEmTool_ElementsOfRefMatrix.ixx
+M FEmTool:pubinclude:FEmTool_AssemblyTable.hxx /dn43/OCCT/tmp/results_30.09.2011/occt/release-sources-20110930/inc/FEmTool_AssemblyTable.hxx
+M FEmTool:derivated:FEmTool_AssemblyTable_0.cxx /dn43/OCCT/tmp/results_30.09.2011/occt/release-sources-20110930/drv/FEmTool/FEmTool_AssemblyTable_0.cxx
+M FEmTool:pubinclude:Handle_FEmTool_HAssemblyTable.hxx /dn43/OCCT/tmp/results_30.09.2011/occt/release-sources-20110930/inc/Handle_FEmTool_HAssemblyTable.hxx
+M FEmTool:pubinclude:FEmTool_HAssemblyTable.hxx /dn43/OCCT/tmp/results_30.09.2011/occt/release-sources-20110930/inc/FEmTool_HAssemblyTable.hxx
+M FEmTool:derivated:FEmTool_HAssemblyTable_0.cxx /dn43/OCCT/tmp/results_30.09.2011/occt/release-sources-20110930/drv/FEmTool/FEmTool_HAssemblyTable_0.cxx
+M FEmTool:pubinclude:FEmTool_ListOfVectors.hxx /dn43/OCCT/tmp/results_30.09.2011/occt/release-sources-20110930/inc/FEmTool_ListOfVectors.hxx
+M FEmTool:derivated:FEmTool_ListOfVectors_0.cxx /dn43/OCCT/tmp/results_30.09.2011/occt/release-sources-20110930/drv/FEmTool/FEmTool_ListOfVectors_0.cxx
+M FEmTool:pubinclude:FEmTool_SeqOfLinConstr.hxx /dn43/OCCT/tmp/results_30.09.2011/occt/release-sources-20110930/inc/FEmTool_SeqOfLinConstr.hxx
+M FEmTool:derivated:FEmTool_SeqOfLinConstr_0.cxx /dn43/OCCT/tmp/results_30.09.2011/occt/release-sources-20110930/drv/FEmTool/FEmTool_SeqOfLinConstr_0.cxx
+M FEmTool:pubinclude:Handle_FEmTool_ListNodeOfListOfVectors.hxx /dn43/OCCT/tmp/results_30.09.2011/occt/release-sources-20110930/inc/Handle_FEmTool_ListNodeOfListOfVectors.hxx
+M FEmTool:pubinclude:FEmTool_ListNodeOfListOfVectors.hxx /dn43/OCCT/tmp/results_30.09.2011/occt/release-sources-20110930/inc/FEmTool_ListNodeOfListOfVectors.hxx
+M FEmTool:derivated:FEmTool_ListNodeOfListOfVectors_0.cxx /dn43/OCCT/tmp/results_30.09.2011/occt/release-sources-20110930/drv/FEmTool/FEmTool_ListNodeOfListOfVectors_0.cxx
+M FEmTool:pubinclude:FEmTool_ListIteratorOfListOfVectors.hxx /dn43/OCCT/tmp/results_30.09.2011/occt/release-sources-20110930/inc/FEmTool_ListIteratorOfListOfVectors.hxx
+M FEmTool:derivated:FEmTool_ListIteratorOfListOfVectors_0.cxx /dn43/OCCT/tmp/results_30.09.2011/occt/release-sources-20110930/drv/FEmTool/FEmTool_ListIteratorOfListOfVectors_0.cxx
+M FEmTool:pubinclude:Handle_FEmTool_SequenceNodeOfSeqOfLinConstr.hxx /dn43/OCCT/tmp/results_30.09.2011/occt/release-sources-20110930/inc/Handle_FEmTool_SequenceNodeOfSeqOfLinConstr.hxx
+M FEmTool:pubinclude:FEmTool_SequenceNodeOfSeqOfLinConstr.hxx /dn43/OCCT/tmp/results_30.09.2011/occt/release-sources-20110930/inc/FEmTool_SequenceNodeOfSeqOfLinConstr.hxx
+M FEmTool:derivated:FEmTool_SequenceNodeOfSeqOfLinConstr_0.cxx /dn43/OCCT/tmp/results_30.09.2011/occt/release-sources-20110930/drv/FEmTool/FEmTool_SequenceNodeOfSeqOfLinConstr_0.cxx
+M FEmTool:dbadmfile:FEmTool_xcpp_header.In /dn43/OCCT/tmp/results_30.09.2011/occt/release-sources-20110930/drv/FEmTool/.adm/FEmTool_xcpp_header.In
+M FEmTool:dbadmfile:FEmTool_xcpp_header.Out /dn43/OCCT/tmp/results_30.09.2011/occt/release-sources-20110930/drv/FEmTool/.adm/FEmTool_xcpp_header.Out
+M FEmTool:dbadmfile:FEmTool_xcpp_header.Dep /dn43/OCCT/tmp/results_30.09.2011/occt/release-sources-20110930/drv/FEmTool/.adm/FEmTool_xcpp_header.Dep
