+M SelectBasics:pubinclude:SelectBasics.hxx /dn43/OCCT/tmp/results_31.05.2011/occt/release-sources-20110531/inc/SelectBasics.hxx
+M SelectBasics:privinclude:SelectBasics.jxx /dn43/OCCT/tmp/results_31.05.2011/occt/release-sources-20110531/drv/SelectBasics/SelectBasics.jxx
+M SelectBasics:privinclude:SelectBasics.ixx /dn43/OCCT/tmp/results_31.05.2011/occt/release-sources-20110531/drv/SelectBasics/SelectBasics.ixx
+M SelectBasics:pubinclude:Handle_SelectBasics_EntityOwner.hxx /dn43/OCCT/tmp/results_31.05.2011/occt/release-sources-20110531/inc/Handle_SelectBasics_EntityOwner.hxx
+M SelectBasics:pubinclude:SelectBasics_EntityOwner.hxx /dn43/OCCT/tmp/results_31.05.2011/occt/release-sources-20110531/inc/SelectBasics_EntityOwner.hxx
+M SelectBasics:privinclude:SelectBasics_EntityOwner.jxx /dn43/OCCT/tmp/results_31.05.2011/occt/release-sources-20110531/drv/SelectBasics/SelectBasics_EntityOwner.jxx
+M SelectBasics:privinclude:SelectBasics_EntityOwner.ixx /dn43/OCCT/tmp/results_31.05.2011/occt/release-sources-20110531/drv/SelectBasics/SelectBasics_EntityOwner.ixx
+M SelectBasics:pubinclude:SelectBasics_SortAlgo.hxx /dn43/OCCT/tmp/results_31.05.2011/occt/release-sources-20110531/inc/SelectBasics_SortAlgo.hxx
+M SelectBasics:privinclude:SelectBasics_SortAlgo.jxx /dn43/OCCT/tmp/results_31.05.2011/occt/release-sources-20110531/drv/SelectBasics/SelectBasics_SortAlgo.jxx
+M SelectBasics:privinclude:SelectBasics_SortAlgo.ixx /dn43/OCCT/tmp/results_31.05.2011/occt/release-sources-20110531/drv/SelectBasics/SelectBasics_SortAlgo.ixx
+M SelectBasics:pubinclude:SelectBasics_BasicTool.hxx /dn43/OCCT/tmp/results_31.05.2011/occt/release-sources-20110531/inc/SelectBasics_BasicTool.hxx
+M SelectBasics:privinclude:SelectBasics_BasicTool.jxx /dn43/OCCT/tmp/results_31.05.2011/occt/release-sources-20110531/drv/SelectBasics/SelectBasics_BasicTool.jxx
+M SelectBasics:privinclude:SelectBasics_BasicTool.ixx /dn43/OCCT/tmp/results_31.05.2011/occt/release-sources-20110531/drv/SelectBasics/SelectBasics_BasicTool.ixx
+M SelectBasics:pubinclude:SelectBasics_ListOfBox2d.hxx /dn43/OCCT/tmp/results_31.05.2011/occt/release-sources-20110531/inc/SelectBasics_ListOfBox2d.hxx
+M SelectBasics:derivated:SelectBasics_ListOfBox2d_0.cxx /dn43/OCCT/tmp/results_31.05.2011/occt/release-sources-20110531/drv/SelectBasics/SelectBasics_ListOfBox2d_0.cxx
+M SelectBasics:pubinclude:SelectBasics_SequenceOfOwner.hxx /dn43/OCCT/tmp/results_31.05.2011/occt/release-sources-20110531/inc/SelectBasics_SequenceOfOwner.hxx
+M SelectBasics:derivated:SelectBasics_SequenceOfOwner_0.cxx /dn43/OCCT/tmp/results_31.05.2011/occt/release-sources-20110531/drv/SelectBasics/SelectBasics_SequenceOfOwner_0.cxx
+M SelectBasics:pubinclude:Handle_SelectBasics_SensitiveEntity.hxx /dn43/OCCT/tmp/results_31.05.2011/occt/release-sources-20110531/inc/Handle_SelectBasics_SensitiveEntity.hxx
+M SelectBasics:pubinclude:SelectBasics_SensitiveEntity.hxx /dn43/OCCT/tmp/results_31.05.2011/occt/release-sources-20110531/inc/SelectBasics_SensitiveEntity.hxx
+M SelectBasics:privinclude:SelectBasics_SensitiveEntity.jxx /dn43/OCCT/tmp/results_31.05.2011/occt/release-sources-20110531/drv/SelectBasics/SelectBasics_SensitiveEntity.jxx
+M SelectBasics:privinclude:SelectBasics_SensitiveEntity.ixx /dn43/OCCT/tmp/results_31.05.2011/occt/release-sources-20110531/drv/SelectBasics/SelectBasics_SensitiveEntity.ixx
+M SelectBasics:pubinclude:SelectBasics_ListOfSensitive.hxx /dn43/OCCT/tmp/results_31.05.2011/occt/release-sources-20110531/inc/SelectBasics_ListOfSensitive.hxx
+M SelectBasics:derivated:SelectBasics_ListOfSensitive_0.cxx /dn43/OCCT/tmp/results_31.05.2011/occt/release-sources-20110531/drv/SelectBasics/SelectBasics_ListOfSensitive_0.cxx
+M SelectBasics:pubinclude:Handle_SelectBasics_ListNodeOfListOfBox2d.hxx /dn43/OCCT/tmp/results_31.05.2011/occt/release-sources-20110531/inc/Handle_SelectBasics_ListNodeOfListOfBox2d.hxx
+M SelectBasics:pubinclude:SelectBasics_ListNodeOfListOfBox2d.hxx /dn43/OCCT/tmp/results_31.05.2011/occt/release-sources-20110531/inc/SelectBasics_ListNodeOfListOfBox2d.hxx
+M SelectBasics:derivated:SelectBasics_ListNodeOfListOfBox2d_0.cxx /dn43/OCCT/tmp/results_31.05.2011/occt/release-sources-20110531/drv/SelectBasics/SelectBasics_ListNodeOfListOfBox2d_0.cxx
+M SelectBasics:pubinclude:SelectBasics_ListIteratorOfListOfBox2d.hxx /dn43/OCCT/tmp/results_31.05.2011/occt/release-sources-20110531/inc/SelectBasics_ListIteratorOfListOfBox2d.hxx
+M SelectBasics:derivated:SelectBasics_ListIteratorOfListOfBox2d_0.cxx /dn43/OCCT/tmp/results_31.05.2011/occt/release-sources-20110531/drv/SelectBasics/SelectBasics_ListIteratorOfListOfBox2d_0.cxx
+M SelectBasics:pubinclude:Handle_SelectBasics_SequenceNodeOfSequenceOfOwner.hxx /dn43/OCCT/tmp/results_31.05.2011/occt/release-sources-20110531/inc/Handle_SelectBasics_SequenceNodeOfSequenceOfOwner.hxx
+M SelectBasics:pubinclude:SelectBasics_SequenceNodeOfSequenceOfOwner.hxx /dn43/OCCT/tmp/results_31.05.2011/occt/release-sources-20110531/inc/SelectBasics_SequenceNodeOfSequenceOfOwner.hxx
+M SelectBasics:derivated:SelectBasics_SequenceNodeOfSequenceOfOwner_0.cxx /dn43/OCCT/tmp/results_31.05.2011/occt/release-sources-20110531/drv/SelectBasics/SelectBasics_SequenceNodeOfSequenceOfOwner_0.cxx
+M SelectBasics:pubinclude:Handle_SelectBasics_ListNodeOfListOfSensitive.hxx /dn43/OCCT/tmp/results_31.05.2011/occt/release-sources-20110531/inc/Handle_SelectBasics_ListNodeOfListOfSensitive.hxx
+M SelectBasics:pubinclude:SelectBasics_ListNodeOfListOfSensitive.hxx /dn43/OCCT/tmp/results_31.05.2011/occt/release-sources-20110531/inc/SelectBasics_ListNodeOfListOfSensitive.hxx
+M SelectBasics:derivated:SelectBasics_ListNodeOfListOfSensitive_0.cxx /dn43/OCCT/tmp/results_31.05.2011/occt/release-sources-20110531/drv/SelectBasics/SelectBasics_ListNodeOfListOfSensitive_0.cxx
+M SelectBasics:pubinclude:SelectBasics_ListIteratorOfListOfSensitive.hxx /dn43/OCCT/tmp/results_31.05.2011/occt/release-sources-20110531/inc/SelectBasics_ListIteratorOfListOfSensitive.hxx
+M SelectBasics:derivated:SelectBasics_ListIteratorOfListOfSensitive_0.cxx /dn43/OCCT/tmp/results_31.05.2011/occt/release-sources-20110531/drv/SelectBasics/SelectBasics_ListIteratorOfListOfSensitive_0.cxx
+M SelectBasics:dbadmfile:SelectBasics_xcpp_header.In /dn43/OCCT/tmp/results_31.05.2011/occt/release-sources-20110531/drv/SelectBasics/.adm/SelectBasics_xcpp_header.In
+M SelectBasics:dbadmfile:SelectBasics_xcpp_header.Out /dn43/OCCT/tmp/results_31.05.2011/occt/release-sources-20110531/drv/SelectBasics/.adm/SelectBasics_xcpp_header.Out
+M SelectBasics:dbadmfile:SelectBasics_xcpp_header.Dep /dn43/OCCT/tmp/results_31.05.2011/occt/release-sources-20110531/drv/SelectBasics/.adm/SelectBasics_xcpp_header.Dep
