+M VrmlConverter:pubinclude:Handle_VrmlConverter_Drawer.hxx /dn43/OCCT/tmp/results_30.09.2011/occt/release-sources-20110930/inc/Handle_VrmlConverter_Drawer.hxx
+M VrmlConverter:pubinclude:VrmlConverter_Drawer.hxx /dn43/OCCT/tmp/results_30.09.2011/occt/release-sources-20110930/inc/VrmlConverter_Drawer.hxx
+M VrmlConverter:privinclude:VrmlConverter_Drawer.jxx /dn43/OCCT/tmp/results_30.09.2011/occt/release-sources-20110930/drv/VrmlConverter/VrmlConverter_Drawer.jxx
+M VrmlConverter:privinclude:VrmlConverter_Drawer.ixx /dn43/OCCT/tmp/results_30.09.2011/occt/release-sources-20110930/drv/VrmlConverter/VrmlConverter_Drawer.ixx
+M VrmlConverter:pubinclude:Handle_VrmlConverter_ShadingAspect.hxx /dn43/OCCT/tmp/results_30.09.2011/occt/release-sources-20110930/inc/Handle_VrmlConverter_ShadingAspect.hxx
+M VrmlConverter:pubinclude:VrmlConverter_ShadingAspect.hxx /dn43/OCCT/tmp/results_30.09.2011/occt/release-sources-20110930/inc/VrmlConverter_ShadingAspect.hxx
+M VrmlConverter:privinclude:VrmlConverter_ShadingAspect.jxx /dn43/OCCT/tmp/results_30.09.2011/occt/release-sources-20110930/drv/VrmlConverter/VrmlConverter_ShadingAspect.jxx
+M VrmlConverter:privinclude:VrmlConverter_ShadingAspect.ixx /dn43/OCCT/tmp/results_30.09.2011/occt/release-sources-20110930/drv/VrmlConverter/VrmlConverter_ShadingAspect.ixx
+M VrmlConverter:pubinclude:Handle_VrmlConverter_LineAspect.hxx /dn43/OCCT/tmp/results_30.09.2011/occt/release-sources-20110930/inc/Handle_VrmlConverter_LineAspect.hxx
+M VrmlConverter:pubinclude:VrmlConverter_LineAspect.hxx /dn43/OCCT/tmp/results_30.09.2011/occt/release-sources-20110930/inc/VrmlConverter_LineAspect.hxx
+M VrmlConverter:privinclude:VrmlConverter_LineAspect.jxx /dn43/OCCT/tmp/results_30.09.2011/occt/release-sources-20110930/drv/VrmlConverter/VrmlConverter_LineAspect.jxx
+M VrmlConverter:privinclude:VrmlConverter_LineAspect.ixx /dn43/OCCT/tmp/results_30.09.2011/occt/release-sources-20110930/drv/VrmlConverter/VrmlConverter_LineAspect.ixx
+M VrmlConverter:pubinclude:Handle_VrmlConverter_IsoAspect.hxx /dn43/OCCT/tmp/results_30.09.2011/occt/release-sources-20110930/inc/Handle_VrmlConverter_IsoAspect.hxx
+M VrmlConverter:pubinclude:VrmlConverter_IsoAspect.hxx /dn43/OCCT/tmp/results_30.09.2011/occt/release-sources-20110930/inc/VrmlConverter_IsoAspect.hxx
+M VrmlConverter:privinclude:VrmlConverter_IsoAspect.jxx /dn43/OCCT/tmp/results_30.09.2011/occt/release-sources-20110930/drv/VrmlConverter/VrmlConverter_IsoAspect.jxx
+M VrmlConverter:privinclude:VrmlConverter_IsoAspect.ixx /dn43/OCCT/tmp/results_30.09.2011/occt/release-sources-20110930/drv/VrmlConverter/VrmlConverter_IsoAspect.ixx
+M VrmlConverter:pubinclude:Handle_VrmlConverter_PointAspect.hxx /dn43/OCCT/tmp/results_30.09.2011/occt/release-sources-20110930/inc/Handle_VrmlConverter_PointAspect.hxx
+M VrmlConverter:pubinclude:VrmlConverter_PointAspect.hxx /dn43/OCCT/tmp/results_30.09.2011/occt/release-sources-20110930/inc/VrmlConverter_PointAspect.hxx
+M VrmlConverter:privinclude:VrmlConverter_PointAspect.jxx /dn43/OCCT/tmp/results_30.09.2011/occt/release-sources-20110930/drv/VrmlConverter/VrmlConverter_PointAspect.jxx
+M VrmlConverter:privinclude:VrmlConverter_PointAspect.ixx /dn43/OCCT/tmp/results_30.09.2011/occt/release-sources-20110930/drv/VrmlConverter/VrmlConverter_PointAspect.ixx
+M VrmlConverter:pubinclude:VrmlConverter_ShadedShape.hxx /dn43/OCCT/tmp/results_30.09.2011/occt/release-sources-20110930/inc/VrmlConverter_ShadedShape.hxx
+M VrmlConverter:privinclude:VrmlConverter_ShadedShape.jxx /dn43/OCCT/tmp/results_30.09.2011/occt/release-sources-20110930/drv/VrmlConverter/VrmlConverter_ShadedShape.jxx
+M VrmlConverter:privinclude:VrmlConverter_ShadedShape.ixx /dn43/OCCT/tmp/results_30.09.2011/occt/release-sources-20110930/drv/VrmlConverter/VrmlConverter_ShadedShape.ixx
+M VrmlConverter:pubinclude:VrmlConverter_Curve.hxx /dn43/OCCT/tmp/results_30.09.2011/occt/release-sources-20110930/inc/VrmlConverter_Curve.hxx
+M VrmlConverter:privinclude:VrmlConverter_Curve.jxx /dn43/OCCT/tmp/results_30.09.2011/occt/release-sources-20110930/drv/VrmlConverter/VrmlConverter_Curve.jxx
+M VrmlConverter:privinclude:VrmlConverter_Curve.ixx /dn43/OCCT/tmp/results_30.09.2011/occt/release-sources-20110930/drv/VrmlConverter/VrmlConverter_Curve.ixx
+M VrmlConverter:pubinclude:VrmlConverter_DeflectionCurve.hxx /dn43/OCCT/tmp/results_30.09.2011/occt/release-sources-20110930/inc/VrmlConverter_DeflectionCurve.hxx
+M VrmlConverter:privinclude:VrmlConverter_DeflectionCurve.jxx /dn43/OCCT/tmp/results_30.09.2011/occt/release-sources-20110930/drv/VrmlConverter/VrmlConverter_DeflectionCurve.jxx
+M VrmlConverter:privinclude:VrmlConverter_DeflectionCurve.ixx /dn43/OCCT/tmp/results_30.09.2011/occt/release-sources-20110930/drv/VrmlConverter/VrmlConverter_DeflectionCurve.ixx
+M VrmlConverter:pubinclude:VrmlConverter_WFRestrictedFace.hxx /dn43/OCCT/tmp/results_30.09.2011/occt/release-sources-20110930/inc/VrmlConverter_WFRestrictedFace.hxx
+M VrmlConverter:privinclude:VrmlConverter_WFRestrictedFace.jxx /dn43/OCCT/tmp/results_30.09.2011/occt/release-sources-20110930/drv/VrmlConverter/VrmlConverter_WFRestrictedFace.jxx
+M VrmlConverter:privinclude:VrmlConverter_WFRestrictedFace.ixx /dn43/OCCT/tmp/results_30.09.2011/occt/release-sources-20110930/drv/VrmlConverter/VrmlConverter_WFRestrictedFace.ixx
+M VrmlConverter:pubinclude:VrmlConverter_WFDeflectionRestrictedFace.hxx /dn43/OCCT/tmp/results_30.09.2011/occt/release-sources-20110930/inc/VrmlConverter_WFDeflectionRestrictedFace.hxx
+M VrmlConverter:privinclude:VrmlConverter_WFDeflectionRestrictedFace.jxx /dn43/OCCT/tmp/results_30.09.2011/occt/release-sources-20110930/drv/VrmlConverter/VrmlConverter_WFDeflectionRestrictedFace.jxx
+M VrmlConverter:privinclude:VrmlConverter_WFDeflectionRestrictedFace.ixx /dn43/OCCT/tmp/results_30.09.2011/occt/release-sources-20110930/drv/VrmlConverter/VrmlConverter_WFDeflectionRestrictedFace.ixx
+M VrmlConverter:pubinclude:VrmlConverter_WFShape.hxx /dn43/OCCT/tmp/results_30.09.2011/occt/release-sources-20110930/inc/VrmlConverter_WFShape.hxx
+M VrmlConverter:privinclude:VrmlConverter_WFShape.jxx /dn43/OCCT/tmp/results_30.09.2011/occt/release-sources-20110930/drv/VrmlConverter/VrmlConverter_WFShape.jxx
+M VrmlConverter:privinclude:VrmlConverter_WFShape.ixx /dn43/OCCT/tmp/results_30.09.2011/occt/release-sources-20110930/drv/VrmlConverter/VrmlConverter_WFShape.ixx
+M VrmlConverter:pubinclude:VrmlConverter_WFDeflectionShape.hxx /dn43/OCCT/tmp/results_30.09.2011/occt/release-sources-20110930/inc/VrmlConverter_WFDeflectionShape.hxx
+M VrmlConverter:privinclude:VrmlConverter_WFDeflectionShape.jxx /dn43/OCCT/tmp/results_30.09.2011/occt/release-sources-20110930/drv/VrmlConverter/VrmlConverter_WFDeflectionShape.jxx
+M VrmlConverter:privinclude:VrmlConverter_WFDeflectionShape.ixx /dn43/OCCT/tmp/results_30.09.2011/occt/release-sources-20110930/drv/VrmlConverter/VrmlConverter_WFDeflectionShape.ixx
+M VrmlConverter:pubinclude:VrmlConverter_HLRShape.hxx /dn43/OCCT/tmp/results_30.09.2011/occt/release-sources-20110930/inc/VrmlConverter_HLRShape.hxx
+M VrmlConverter:privinclude:VrmlConverter_HLRShape.jxx /dn43/OCCT/tmp/results_30.09.2011/occt/release-sources-20110930/drv/VrmlConverter/VrmlConverter_HLRShape.jxx
+M VrmlConverter:privinclude:VrmlConverter_HLRShape.ixx /dn43/OCCT/tmp/results_30.09.2011/occt/release-sources-20110930/drv/VrmlConverter/VrmlConverter_HLRShape.ixx
+M VrmlConverter:pubinclude:Handle_VrmlConverter_Projector.hxx /dn43/OCCT/tmp/results_30.09.2011/occt/release-sources-20110930/inc/Handle_VrmlConverter_Projector.hxx
+M VrmlConverter:pubinclude:VrmlConverter_Projector.hxx /dn43/OCCT/tmp/results_30.09.2011/occt/release-sources-20110930/inc/VrmlConverter_Projector.hxx
+M VrmlConverter:privinclude:VrmlConverter_Projector.jxx /dn43/OCCT/tmp/results_30.09.2011/occt/release-sources-20110930/drv/VrmlConverter/VrmlConverter_Projector.jxx
+M VrmlConverter:privinclude:VrmlConverter_Projector.ixx /dn43/OCCT/tmp/results_30.09.2011/occt/release-sources-20110930/drv/VrmlConverter/VrmlConverter_Projector.ixx
+M VrmlConverter:pubinclude:VrmlConverter_TypeOfCamera.hxx /dn43/OCCT/tmp/results_30.09.2011/occt/release-sources-20110930/inc/VrmlConverter_TypeOfCamera.hxx
+M VrmlConverter:pubinclude:VrmlConverter_TypeOfLight.hxx /dn43/OCCT/tmp/results_30.09.2011/occt/release-sources-20110930/inc/VrmlConverter_TypeOfLight.hxx
+M VrmlConverter:dbadmfile:VrmlConverter_xcpp_header.In /dn43/OCCT/tmp/results_30.09.2011/occt/release-sources-20110930/drv/VrmlConverter/.adm/VrmlConverter_xcpp_header.In
+M VrmlConverter:dbadmfile:VrmlConverter_xcpp_header.Out /dn43/OCCT/tmp/results_30.09.2011/occt/release-sources-20110930/drv/VrmlConverter/.adm/VrmlConverter_xcpp_header.Out
+M VrmlConverter:dbadmfile:VrmlConverter_xcpp_header.Dep /dn43/OCCT/tmp/results_30.09.2011/occt/release-sources-20110930/drv/VrmlConverter/.adm/VrmlConverter_xcpp_header.Dep
