+M StepShape:pubinclude:StepShape_BooleanOperand.hxx /dn43/OCCT/tmp/results_28.02.2011/occt/release-sources-20110228/inc/StepShape_BooleanOperand.hxx
+M StepShape:privinclude:StepShape_BooleanOperand.jxx /dn43/OCCT/tmp/results_28.02.2011/occt/release-sources-20110228/drv/StepShape/StepShape_BooleanOperand.jxx
+M StepShape:privinclude:StepShape_BooleanOperand.ixx /dn43/OCCT/tmp/results_28.02.2011/occt/release-sources-20110228/drv/StepShape/StepShape_BooleanOperand.ixx
+M StepShape:pubinclude:StepShape_CsgPrimitive.hxx /dn43/OCCT/tmp/results_28.02.2011/occt/release-sources-20110228/inc/StepShape_CsgPrimitive.hxx
+M StepShape:privinclude:StepShape_CsgPrimitive.jxx /dn43/OCCT/tmp/results_28.02.2011/occt/release-sources-20110228/drv/StepShape/StepShape_CsgPrimitive.jxx
+M StepShape:privinclude:StepShape_CsgPrimitive.ixx /dn43/OCCT/tmp/results_28.02.2011/occt/release-sources-20110228/drv/StepShape/StepShape_CsgPrimitive.ixx
+M StepShape:pubinclude:StepShape_CsgSelect.hxx /dn43/OCCT/tmp/results_28.02.2011/occt/release-sources-20110228/inc/StepShape_CsgSelect.hxx
+M StepShape:privinclude:StepShape_CsgSelect.jxx /dn43/OCCT/tmp/results_28.02.2011/occt/release-sources-20110228/drv/StepShape/StepShape_CsgSelect.jxx
+M StepShape:privinclude:StepShape_CsgSelect.ixx /dn43/OCCT/tmp/results_28.02.2011/occt/release-sources-20110228/drv/StepShape/StepShape_CsgSelect.ixx
+M StepShape:pubinclude:StepShape_GeometricSetSelect.hxx /dn43/OCCT/tmp/results_28.02.2011/occt/release-sources-20110228/inc/StepShape_GeometricSetSelect.hxx
+M StepShape:privinclude:StepShape_GeometricSetSelect.jxx /dn43/OCCT/tmp/results_28.02.2011/occt/release-sources-20110228/drv/StepShape/StepShape_GeometricSetSelect.jxx
+M StepShape:privinclude:StepShape_GeometricSetSelect.ixx /dn43/OCCT/tmp/results_28.02.2011/occt/release-sources-20110228/drv/StepShape/StepShape_GeometricSetSelect.ixx
+M StepShape:pubinclude:StepShape_ReversibleTopologyItem.hxx /dn43/OCCT/tmp/results_28.02.2011/occt/release-sources-20110228/inc/StepShape_ReversibleTopologyItem.hxx
+M StepShape:privinclude:StepShape_ReversibleTopologyItem.jxx /dn43/OCCT/tmp/results_28.02.2011/occt/release-sources-20110228/drv/StepShape/StepShape_ReversibleTopologyItem.jxx
+M StepShape:privinclude:StepShape_ReversibleTopologyItem.ixx /dn43/OCCT/tmp/results_28.02.2011/occt/release-sources-20110228/drv/StepShape/StepShape_ReversibleTopologyItem.ixx
+M StepShape:pubinclude:StepShape_Shell.hxx /dn43/OCCT/tmp/results_28.02.2011/occt/release-sources-20110228/inc/StepShape_Shell.hxx
+M StepShape:privinclude:StepShape_Shell.jxx /dn43/OCCT/tmp/results_28.02.2011/occt/release-sources-20110228/drv/StepShape/StepShape_Shell.jxx
+M StepShape:privinclude:StepShape_Shell.ixx /dn43/OCCT/tmp/results_28.02.2011/occt/release-sources-20110228/drv/StepShape/StepShape_Shell.ixx
+M StepShape:pubinclude:StepShape_SurfaceModel.hxx /dn43/OCCT/tmp/results_28.02.2011/occt/release-sources-20110228/inc/StepShape_SurfaceModel.hxx
+M StepShape:privinclude:StepShape_SurfaceModel.jxx /dn43/OCCT/tmp/results_28.02.2011/occt/release-sources-20110228/drv/StepShape/StepShape_SurfaceModel.jxx
+M StepShape:privinclude:StepShape_SurfaceModel.ixx /dn43/OCCT/tmp/results_28.02.2011/occt/release-sources-20110228/drv/StepShape/StepShape_SurfaceModel.ixx
+M StepShape:pubinclude:Handle_StepShape_BoxDomain.hxx /dn43/OCCT/tmp/results_28.02.2011/occt/release-sources-20110228/inc/Handle_StepShape_BoxDomain.hxx
+M StepShape:pubinclude:StepShape_BoxDomain.hxx /dn43/OCCT/tmp/results_28.02.2011/occt/release-sources-20110228/inc/StepShape_BoxDomain.hxx
+M StepShape:privinclude:StepShape_BoxDomain.jxx /dn43/OCCT/tmp/results_28.02.2011/occt/release-sources-20110228/drv/StepShape/StepShape_BoxDomain.jxx
+M StepShape:privinclude:StepShape_BoxDomain.ixx /dn43/OCCT/tmp/results_28.02.2011/occt/release-sources-20110228/drv/StepShape/StepShape_BoxDomain.ixx
+M StepShape:pubinclude:Handle_StepShape_ShapeDefinitionRepresentation.hxx /dn43/OCCT/tmp/results_28.02.2011/occt/release-sources-20110228/inc/Handle_StepShape_ShapeDefinitionRepresentation.hxx
+M StepShape:pubinclude:StepShape_ShapeDefinitionRepresentation.hxx /dn43/OCCT/tmp/results_28.02.2011/occt/release-sources-20110228/inc/StepShape_ShapeDefinitionRepresentation.hxx
+M StepShape:privinclude:StepShape_ShapeDefinitionRepresentation.jxx /dn43/OCCT/tmp/results_28.02.2011/occt/release-sources-20110228/drv/StepShape/StepShape_ShapeDefinitionRepresentation.jxx
+M StepShape:privinclude:StepShape_ShapeDefinitionRepresentation.ixx /dn43/OCCT/tmp/results_28.02.2011/occt/release-sources-20110228/drv/StepShape/StepShape_ShapeDefinitionRepresentation.ixx
+M StepShape:pubinclude:Handle_StepShape_ShapeRepresentation.hxx /dn43/OCCT/tmp/results_28.02.2011/occt/release-sources-20110228/inc/Handle_StepShape_ShapeRepresentation.hxx
+M StepShape:pubinclude:StepShape_ShapeRepresentation.hxx /dn43/OCCT/tmp/results_28.02.2011/occt/release-sources-20110228/inc/StepShape_ShapeRepresentation.hxx
+M StepShape:privinclude:StepShape_ShapeRepresentation.jxx /dn43/OCCT/tmp/results_28.02.2011/occt/release-sources-20110228/drv/StepShape/StepShape_ShapeRepresentation.jxx
+M StepShape:privinclude:StepShape_ShapeRepresentation.ixx /dn43/OCCT/tmp/results_28.02.2011/occt/release-sources-20110228/drv/StepShape/StepShape_ShapeRepresentation.ixx
+M StepShape:pubinclude:Handle_StepShape_AdvancedBrepShapeRepresentation.hxx /dn43/OCCT/tmp/results_28.02.2011/occt/release-sources-20110228/inc/Handle_StepShape_AdvancedBrepShapeRepresentation.hxx
+M StepShape:pubinclude:StepShape_AdvancedBrepShapeRepresentation.hxx /dn43/OCCT/tmp/results_28.02.2011/occt/release-sources-20110228/inc/StepShape_AdvancedBrepShapeRepresentation.hxx
+M StepShape:privinclude:StepShape_AdvancedBrepShapeRepresentation.jxx /dn43/OCCT/tmp/results_28.02.2011/occt/release-sources-20110228/drv/StepShape/StepShape_AdvancedBrepShapeRepresentation.jxx
+M StepShape:privinclude:StepShape_AdvancedBrepShapeRepresentation.ixx /dn43/OCCT/tmp/results_28.02.2011/occt/release-sources-20110228/drv/StepShape/StepShape_AdvancedBrepShapeRepresentation.ixx
+M StepShape:pubinclude:Handle_StepShape_CsgShapeRepresentation.hxx /dn43/OCCT/tmp/results_28.02.2011/occt/release-sources-20110228/inc/Handle_StepShape_CsgShapeRepresentation.hxx
+M StepShape:pubinclude:StepShape_CsgShapeRepresentation.hxx /dn43/OCCT/tmp/results_28.02.2011/occt/release-sources-20110228/inc/StepShape_CsgShapeRepresentation.hxx
+M StepShape:privinclude:StepShape_CsgShapeRepresentation.jxx /dn43/OCCT/tmp/results_28.02.2011/occt/release-sources-20110228/drv/StepShape/StepShape_CsgShapeRepresentation.jxx
+M StepShape:privinclude:StepShape_CsgShapeRepresentation.ixx /dn43/OCCT/tmp/results_28.02.2011/occt/release-sources-20110228/drv/StepShape/StepShape_CsgShapeRepresentation.ixx
+M StepShape:pubinclude:Handle_StepShape_FacetedBrepShapeRepresentation.hxx /dn43/OCCT/tmp/results_28.02.2011/occt/release-sources-20110228/inc/Handle_StepShape_FacetedBrepShapeRepresentation.hxx
+M StepShape:pubinclude:StepShape_FacetedBrepShapeRepresentation.hxx /dn43/OCCT/tmp/results_28.02.2011/occt/release-sources-20110228/inc/StepShape_FacetedBrepShapeRepresentation.hxx
+M StepShape:privinclude:StepShape_FacetedBrepShapeRepresentation.jxx /dn43/OCCT/tmp/results_28.02.2011/occt/release-sources-20110228/drv/StepShape/StepShape_FacetedBrepShapeRepresentation.jxx
+M StepShape:privinclude:StepShape_FacetedBrepShapeRepresentation.ixx /dn43/OCCT/tmp/results_28.02.2011/occt/release-sources-20110228/drv/StepShape/StepShape_FacetedBrepShapeRepresentation.ixx
+M StepShape:pubinclude:Handle_StepShape_GeometricallyBoundedSurfaceShapeRepresentation.hxx /dn43/OCCT/tmp/results_28.02.2011/occt/release-sources-20110228/inc/Handle_StepShape_GeometricallyBoundedSurfaceShapeRepresentation.hxx
+M StepShape:pubinclude:StepShape_GeometricallyBoundedSurfaceShapeRepresentation.hxx /dn43/OCCT/tmp/results_28.02.2011/occt/release-sources-20110228/inc/StepShape_GeometricallyBoundedSurfaceShapeRepresentation.hxx
+M StepShape:privinclude:StepShape_GeometricallyBoundedSurfaceShapeRepresentation.jxx /dn43/OCCT/tmp/results_28.02.2011/occt/release-sources-20110228/drv/StepShape/StepShape_GeometricallyBoundedSurfaceShapeRepresentation.jxx
+M StepShape:privinclude:StepShape_GeometricallyBoundedSurfaceShapeRepresentation.ixx /dn43/OCCT/tmp/results_28.02.2011/occt/release-sources-20110228/drv/StepShape/StepShape_GeometricallyBoundedSurfaceShapeRepresentation.ixx
+M StepShape:pubinclude:Handle_StepShape_GeometricallyBoundedWireframeShapeRepresentation.hxx /dn43/OCCT/tmp/results_28.02.2011/occt/release-sources-20110228/inc/Handle_StepShape_GeometricallyBoundedWireframeShapeRepresentation.hxx
+M StepShape:pubinclude:StepShape_GeometricallyBoundedWireframeShapeRepresentation.hxx /dn43/OCCT/tmp/results_28.02.2011/occt/release-sources-20110228/inc/StepShape_GeometricallyBoundedWireframeShapeRepresentation.hxx
+M StepShape:privinclude:StepShape_GeometricallyBoundedWireframeShapeRepresentation.jxx /dn43/OCCT/tmp/results_28.02.2011/occt/release-sources-20110228/drv/StepShape/StepShape_GeometricallyBoundedWireframeShapeRepresentation.jxx
+M StepShape:privinclude:StepShape_GeometricallyBoundedWireframeShapeRepresentation.ixx /dn43/OCCT/tmp/results_28.02.2011/occt/release-sources-20110228/drv/StepShape/StepShape_GeometricallyBoundedWireframeShapeRepresentation.ixx
+M StepShape:pubinclude:Handle_StepShape_ManifoldSurfaceShapeRepresentation.hxx /dn43/OCCT/tmp/results_28.02.2011/occt/release-sources-20110228/inc/Handle_StepShape_ManifoldSurfaceShapeRepresentation.hxx
+M StepShape:pubinclude:StepShape_ManifoldSurfaceShapeRepresentation.hxx /dn43/OCCT/tmp/results_28.02.2011/occt/release-sources-20110228/inc/StepShape_ManifoldSurfaceShapeRepresentation.hxx
+M StepShape:privinclude:StepShape_ManifoldSurfaceShapeRepresentation.jxx /dn43/OCCT/tmp/results_28.02.2011/occt/release-sources-20110228/drv/StepShape/StepShape_ManifoldSurfaceShapeRepresentation.jxx
+M StepShape:privinclude:StepShape_ManifoldSurfaceShapeRepresentation.ixx /dn43/OCCT/tmp/results_28.02.2011/occt/release-sources-20110228/drv/StepShape/StepShape_ManifoldSurfaceShapeRepresentation.ixx
+M StepShape:pubinclude:Handle_StepShape_NonManifoldSurfaceShapeRepresentation.hxx /dn43/OCCT/tmp/results_28.02.2011/occt/release-sources-20110228/inc/Handle_StepShape_NonManifoldSurfaceShapeRepresentation.hxx
+M StepShape:pubinclude:StepShape_NonManifoldSurfaceShapeRepresentation.hxx /dn43/OCCT/tmp/results_28.02.2011/occt/release-sources-20110228/inc/StepShape_NonManifoldSurfaceShapeRepresentation.hxx
+M StepShape:privinclude:StepShape_NonManifoldSurfaceShapeRepresentation.jxx /dn43/OCCT/tmp/results_28.02.2011/occt/release-sources-20110228/drv/StepShape/StepShape_NonManifoldSurfaceShapeRepresentation.jxx
+M StepShape:privinclude:StepShape_NonManifoldSurfaceShapeRepresentation.ixx /dn43/OCCT/tmp/results_28.02.2011/occt/release-sources-20110228/drv/StepShape/StepShape_NonManifoldSurfaceShapeRepresentation.ixx
+M StepShape:pubinclude:Handle_StepShape_TransitionalShapeRepresentation.hxx /dn43/OCCT/tmp/results_28.02.2011/occt/release-sources-20110228/inc/Handle_StepShape_TransitionalShapeRepresentation.hxx
+M StepShape:pubinclude:StepShape_TransitionalShapeRepresentation.hxx /dn43/OCCT/tmp/results_28.02.2011/occt/release-sources-20110228/inc/StepShape_TransitionalShapeRepresentation.hxx
+M StepShape:privinclude:StepShape_TransitionalShapeRepresentation.jxx /dn43/OCCT/tmp/results_28.02.2011/occt/release-sources-20110228/drv/StepShape/StepShape_TransitionalShapeRepresentation.jxx
+M StepShape:privinclude:StepShape_TransitionalShapeRepresentation.ixx /dn43/OCCT/tmp/results_28.02.2011/occt/release-sources-20110228/drv/StepShape/StepShape_TransitionalShapeRepresentation.ixx
+M StepShape:pubinclude:Handle_StepShape_CompoundShapeRepresentation.hxx /dn43/OCCT/tmp/results_28.02.2011/occt/release-sources-20110228/inc/Handle_StepShape_CompoundShapeRepresentation.hxx
+M StepShape:pubinclude:StepShape_CompoundShapeRepresentation.hxx /dn43/OCCT/tmp/results_28.02.2011/occt/release-sources-20110228/inc/StepShape_CompoundShapeRepresentation.hxx
+M StepShape:privinclude:StepShape_CompoundShapeRepresentation.jxx /dn43/OCCT/tmp/results_28.02.2011/occt/release-sources-20110228/drv/StepShape/StepShape_CompoundShapeRepresentation.jxx
+M StepShape:privinclude:StepShape_CompoundShapeRepresentation.ixx /dn43/OCCT/tmp/results_28.02.2011/occt/release-sources-20110228/drv/StepShape/StepShape_CompoundShapeRepresentation.ixx
+M StepShape:pubinclude:Handle_StepShape_EdgeBasedWireframeShapeRepresentation.hxx /dn43/OCCT/tmp/results_28.02.2011/occt/release-sources-20110228/inc/Handle_StepShape_EdgeBasedWireframeShapeRepresentation.hxx
+M StepShape:pubinclude:StepShape_EdgeBasedWireframeShapeRepresentation.hxx /dn43/OCCT/tmp/results_28.02.2011/occt/release-sources-20110228/inc/StepShape_EdgeBasedWireframeShapeRepresentation.hxx
+M StepShape:privinclude:StepShape_EdgeBasedWireframeShapeRepresentation.jxx /dn43/OCCT/tmp/results_28.02.2011/occt/release-sources-20110228/drv/StepShape/StepShape_EdgeBasedWireframeShapeRepresentation.jxx
+M StepShape:privinclude:StepShape_EdgeBasedWireframeShapeRepresentation.ixx /dn43/OCCT/tmp/results_28.02.2011/occt/release-sources-20110228/drv/StepShape/StepShape_EdgeBasedWireframeShapeRepresentation.ixx
+M StepShape:pubinclude:Handle_StepShape_ConnectedFaceShapeRepresentation.hxx /dn43/OCCT/tmp/results_28.02.2011/occt/release-sources-20110228/inc/Handle_StepShape_ConnectedFaceShapeRepresentation.hxx
+M StepShape:pubinclude:StepShape_ConnectedFaceShapeRepresentation.hxx /dn43/OCCT/tmp/results_28.02.2011/occt/release-sources-20110228/inc/StepShape_ConnectedFaceShapeRepresentation.hxx
+M StepShape:privinclude:StepShape_ConnectedFaceShapeRepresentation.jxx /dn43/OCCT/tmp/results_28.02.2011/occt/release-sources-20110228/drv/StepShape/StepShape_ConnectedFaceShapeRepresentation.jxx
+M StepShape:privinclude:StepShape_ConnectedFaceShapeRepresentation.ixx /dn43/OCCT/tmp/results_28.02.2011/occt/release-sources-20110228/drv/StepShape/StepShape_ConnectedFaceShapeRepresentation.ixx
+M StepShape:pubinclude:Handle_StepShape_Block.hxx /dn43/OCCT/tmp/results_28.02.2011/occt/release-sources-20110228/inc/Handle_StepShape_Block.hxx
+M StepShape:pubinclude:StepShape_Block.hxx /dn43/OCCT/tmp/results_28.02.2011/occt/release-sources-20110228/inc/StepShape_Block.hxx
+M StepShape:privinclude:StepShape_Block.jxx /dn43/OCCT/tmp/results_28.02.2011/occt/release-sources-20110228/drv/StepShape/StepShape_Block.jxx
+M StepShape:privinclude:StepShape_Block.ixx /dn43/OCCT/tmp/results_28.02.2011/occt/release-sources-20110228/drv/StepShape/StepShape_Block.ixx
+M StepShape:pubinclude:Handle_StepShape_BooleanResult.hxx /dn43/OCCT/tmp/results_28.02.2011/occt/release-sources-20110228/inc/Handle_StepShape_BooleanResult.hxx
+M StepShape:pubinclude:StepShape_BooleanResult.hxx /dn43/OCCT/tmp/results_28.02.2011/occt/release-sources-20110228/inc/StepShape_BooleanResult.hxx
+M StepShape:privinclude:StepShape_BooleanResult.jxx /dn43/OCCT/tmp/results_28.02.2011/occt/release-sources-20110228/drv/StepShape/StepShape_BooleanResult.jxx
+M StepShape:privinclude:StepShape_BooleanResult.ixx /dn43/OCCT/tmp/results_28.02.2011/occt/release-sources-20110228/drv/StepShape/StepShape_BooleanResult.ixx
+M StepShape:pubinclude:Handle_StepShape_GeometricSet.hxx /dn43/OCCT/tmp/results_28.02.2011/occt/release-sources-20110228/inc/Handle_StepShape_GeometricSet.hxx
+M StepShape:pubinclude:StepShape_GeometricSet.hxx /dn43/OCCT/tmp/results_28.02.2011/occt/release-sources-20110228/inc/StepShape_GeometricSet.hxx
+M StepShape:privinclude:StepShape_GeometricSet.jxx /dn43/OCCT/tmp/results_28.02.2011/occt/release-sources-20110228/drv/StepShape/StepShape_GeometricSet.jxx
+M StepShape:privinclude:StepShape_GeometricSet.ixx /dn43/OCCT/tmp/results_28.02.2011/occt/release-sources-20110228/drv/StepShape/StepShape_GeometricSet.ixx
+M StepShape:pubinclude:Handle_StepShape_GeometricCurveSet.hxx /dn43/OCCT/tmp/results_28.02.2011/occt/release-sources-20110228/inc/Handle_StepShape_GeometricCurveSet.hxx
+M StepShape:pubinclude:StepShape_GeometricCurveSet.hxx /dn43/OCCT/tmp/results_28.02.2011/occt/release-sources-20110228/inc/StepShape_GeometricCurveSet.hxx
+M StepShape:privinclude:StepShape_GeometricCurveSet.jxx /dn43/OCCT/tmp/results_28.02.2011/occt/release-sources-20110228/drv/StepShape/StepShape_GeometricCurveSet.jxx
+M StepShape:privinclude:StepShape_GeometricCurveSet.ixx /dn43/OCCT/tmp/results_28.02.2011/occt/release-sources-20110228/drv/StepShape/StepShape_GeometricCurveSet.ixx
+M StepShape:pubinclude:Handle_StepShape_HalfSpaceSolid.hxx /dn43/OCCT/tmp/results_28.02.2011/occt/release-sources-20110228/inc/Handle_StepShape_HalfSpaceSolid.hxx
+M StepShape:pubinclude:StepShape_HalfSpaceSolid.hxx /dn43/OCCT/tmp/results_28.02.2011/occt/release-sources-20110228/inc/StepShape_HalfSpaceSolid.hxx
+M StepShape:privinclude:StepShape_HalfSpaceSolid.jxx /dn43/OCCT/tmp/results_28.02.2011/occt/release-sources-20110228/drv/StepShape/StepShape_HalfSpaceSolid.jxx
+M StepShape:privinclude:StepShape_HalfSpaceSolid.ixx /dn43/OCCT/tmp/results_28.02.2011/occt/release-sources-20110228/drv/StepShape/StepShape_HalfSpaceSolid.ixx
+M StepShape:pubinclude:Handle_StepShape_BoxedHalfSpace.hxx /dn43/OCCT/tmp/results_28.02.2011/occt/release-sources-20110228/inc/Handle_StepShape_BoxedHalfSpace.hxx
+M StepShape:pubinclude:StepShape_BoxedHalfSpace.hxx /dn43/OCCT/tmp/results_28.02.2011/occt/release-sources-20110228/inc/StepShape_BoxedHalfSpace.hxx
+M StepShape:privinclude:StepShape_BoxedHalfSpace.jxx /dn43/OCCT/tmp/results_28.02.2011/occt/release-sources-20110228/drv/StepShape/StepShape_BoxedHalfSpace.jxx
+M StepShape:privinclude:StepShape_BoxedHalfSpace.ixx /dn43/OCCT/tmp/results_28.02.2011/occt/release-sources-20110228/drv/StepShape/StepShape_BoxedHalfSpace.ixx
+M StepShape:pubinclude:Handle_StepShape_ConnectedEdgeSet.hxx /dn43/OCCT/tmp/results_28.02.2011/occt/release-sources-20110228/inc/Handle_StepShape_ConnectedEdgeSet.hxx
+M StepShape:pubinclude:StepShape_ConnectedEdgeSet.hxx /dn43/OCCT/tmp/results_28.02.2011/occt/release-sources-20110228/inc/StepShape_ConnectedEdgeSet.hxx
+M StepShape:privinclude:StepShape_ConnectedEdgeSet.jxx /dn43/OCCT/tmp/results_28.02.2011/occt/release-sources-20110228/drv/StepShape/StepShape_ConnectedEdgeSet.jxx
+M StepShape:privinclude:StepShape_ConnectedEdgeSet.ixx /dn43/OCCT/tmp/results_28.02.2011/occt/release-sources-20110228/drv/StepShape/StepShape_ConnectedEdgeSet.ixx
+M StepShape:pubinclude:Handle_StepShape_RightAngularWedge.hxx /dn43/OCCT/tmp/results_28.02.2011/occt/release-sources-20110228/inc/Handle_StepShape_RightAngularWedge.hxx
+M StepShape:pubinclude:StepShape_RightAngularWedge.hxx /dn43/OCCT/tmp/results_28.02.2011/occt/release-sources-20110228/inc/StepShape_RightAngularWedge.hxx
+M StepShape:privinclude:StepShape_RightAngularWedge.jxx /dn43/OCCT/tmp/results_28.02.2011/occt/release-sources-20110228/drv/StepShape/StepShape_RightAngularWedge.jxx
+M StepShape:privinclude:StepShape_RightAngularWedge.ixx /dn43/OCCT/tmp/results_28.02.2011/occt/release-sources-20110228/drv/StepShape/StepShape_RightAngularWedge.ixx
+M StepShape:pubinclude:Handle_StepShape_RightCircularCone.hxx /dn43/OCCT/tmp/results_28.02.2011/occt/release-sources-20110228/inc/Handle_StepShape_RightCircularCone.hxx
+M StepShape:pubinclude:StepShape_RightCircularCone.hxx /dn43/OCCT/tmp/results_28.02.2011/occt/release-sources-20110228/inc/StepShape_RightCircularCone.hxx
+M StepShape:privinclude:StepShape_RightCircularCone.jxx /dn43/OCCT/tmp/results_28.02.2011/occt/release-sources-20110228/drv/StepShape/StepShape_RightCircularCone.jxx
+M StepShape:privinclude:StepShape_RightCircularCone.ixx /dn43/OCCT/tmp/results_28.02.2011/occt/release-sources-20110228/drv/StepShape/StepShape_RightCircularCone.ixx
+M StepShape:pubinclude:Handle_StepShape_RightCircularCylinder.hxx /dn43/OCCT/tmp/results_28.02.2011/occt/release-sources-20110228/inc/Handle_StepShape_RightCircularCylinder.hxx
+M StepShape:pubinclude:StepShape_RightCircularCylinder.hxx /dn43/OCCT/tmp/results_28.02.2011/occt/release-sources-20110228/inc/StepShape_RightCircularCylinder.hxx
+M StepShape:privinclude:StepShape_RightCircularCylinder.jxx /dn43/OCCT/tmp/results_28.02.2011/occt/release-sources-20110228/drv/StepShape/StepShape_RightCircularCylinder.jxx
+M StepShape:privinclude:StepShape_RightCircularCylinder.ixx /dn43/OCCT/tmp/results_28.02.2011/occt/release-sources-20110228/drv/StepShape/StepShape_RightCircularCylinder.ixx
+M StepShape:pubinclude:Handle_StepShape_ShellBasedSurfaceModel.hxx /dn43/OCCT/tmp/results_28.02.2011/occt/release-sources-20110228/inc/Handle_StepShape_ShellBasedSurfaceModel.hxx
+M StepShape:pubinclude:StepShape_ShellBasedSurfaceModel.hxx /dn43/OCCT/tmp/results_28.02.2011/occt/release-sources-20110228/inc/StepShape_ShellBasedSurfaceModel.hxx
+M StepShape:privinclude:StepShape_ShellBasedSurfaceModel.jxx /dn43/OCCT/tmp/results_28.02.2011/occt/release-sources-20110228/drv/StepShape/StepShape_ShellBasedSurfaceModel.jxx
+M StepShape:privinclude:StepShape_ShellBasedSurfaceModel.ixx /dn43/OCCT/tmp/results_28.02.2011/occt/release-sources-20110228/drv/StepShape/StepShape_ShellBasedSurfaceModel.ixx
+M StepShape:pubinclude:Handle_StepShape_EdgeBasedWireframeModel.hxx /dn43/OCCT/tmp/results_28.02.2011/occt/release-sources-20110228/inc/Handle_StepShape_EdgeBasedWireframeModel.hxx
+M StepShape:pubinclude:StepShape_EdgeBasedWireframeModel.hxx /dn43/OCCT/tmp/results_28.02.2011/occt/release-sources-20110228/inc/StepShape_EdgeBasedWireframeModel.hxx
+M StepShape:privinclude:StepShape_EdgeBasedWireframeModel.jxx /dn43/OCCT/tmp/results_28.02.2011/occt/release-sources-20110228/drv/StepShape/StepShape_EdgeBasedWireframeModel.jxx
+M StepShape:privinclude:StepShape_EdgeBasedWireframeModel.ixx /dn43/OCCT/tmp/results_28.02.2011/occt/release-sources-20110228/drv/StepShape/StepShape_EdgeBasedWireframeModel.ixx
+M StepShape:pubinclude:Handle_StepShape_FaceBasedSurfaceModel.hxx /dn43/OCCT/tmp/results_28.02.2011/occt/release-sources-20110228/inc/Handle_StepShape_FaceBasedSurfaceModel.hxx
+M StepShape:pubinclude:StepShape_FaceBasedSurfaceModel.hxx /dn43/OCCT/tmp/results_28.02.2011/occt/release-sources-20110228/inc/StepShape_FaceBasedSurfaceModel.hxx
+M StepShape:privinclude:StepShape_FaceBasedSurfaceModel.jxx /dn43/OCCT/tmp/results_28.02.2011/occt/release-sources-20110228/drv/StepShape/StepShape_FaceBasedSurfaceModel.jxx
+M StepShape:privinclude:StepShape_FaceBasedSurfaceModel.ixx /dn43/OCCT/tmp/results_28.02.2011/occt/release-sources-20110228/drv/StepShape/StepShape_FaceBasedSurfaceModel.ixx
+M StepShape:pubinclude:Handle_StepShape_SolidModel.hxx /dn43/OCCT/tmp/results_28.02.2011/occt/release-sources-20110228/inc/Handle_StepShape_SolidModel.hxx
+M StepShape:pubinclude:StepShape_SolidModel.hxx /dn43/OCCT/tmp/results_28.02.2011/occt/release-sources-20110228/inc/StepShape_SolidModel.hxx
+M StepShape:privinclude:StepShape_SolidModel.jxx /dn43/OCCT/tmp/results_28.02.2011/occt/release-sources-20110228/drv/StepShape/StepShape_SolidModel.jxx
+M StepShape:privinclude:StepShape_SolidModel.ixx /dn43/OCCT/tmp/results_28.02.2011/occt/release-sources-20110228/drv/StepShape/StepShape_SolidModel.ixx
+M StepShape:pubinclude:Handle_StepShape_CsgSolid.hxx /dn43/OCCT/tmp/results_28.02.2011/occt/release-sources-20110228/inc/Handle_StepShape_CsgSolid.hxx
+M StepShape:pubinclude:StepShape_CsgSolid.hxx /dn43/OCCT/tmp/results_28.02.2011/occt/release-sources-20110228/inc/StepShape_CsgSolid.hxx
+M StepShape:privinclude:StepShape_CsgSolid.jxx /dn43/OCCT/tmp/results_28.02.2011/occt/release-sources-20110228/drv/StepShape/StepShape_CsgSolid.jxx
+M StepShape:privinclude:StepShape_CsgSolid.ixx /dn43/OCCT/tmp/results_28.02.2011/occt/release-sources-20110228/drv/StepShape/StepShape_CsgSolid.ixx
+M StepShape:pubinclude:Handle_StepShape_ManifoldSolidBrep.hxx /dn43/OCCT/tmp/results_28.02.2011/occt/release-sources-20110228/inc/Handle_StepShape_ManifoldSolidBrep.hxx
+M StepShape:pubinclude:StepShape_ManifoldSolidBrep.hxx /dn43/OCCT/tmp/results_28.02.2011/occt/release-sources-20110228/inc/StepShape_ManifoldSolidBrep.hxx
+M StepShape:privinclude:StepShape_ManifoldSolidBrep.jxx /dn43/OCCT/tmp/results_28.02.2011/occt/release-sources-20110228/drv/StepShape/StepShape_ManifoldSolidBrep.jxx
+M StepShape:privinclude:StepShape_ManifoldSolidBrep.ixx /dn43/OCCT/tmp/results_28.02.2011/occt/release-sources-20110228/drv/StepShape/StepShape_ManifoldSolidBrep.ixx
+M StepShape:pubinclude:Handle_StepShape_BrepWithVoids.hxx /dn43/OCCT/tmp/results_28.02.2011/occt/release-sources-20110228/inc/Handle_StepShape_BrepWithVoids.hxx
+M StepShape:pubinclude:StepShape_BrepWithVoids.hxx /dn43/OCCT/tmp/results_28.02.2011/occt/release-sources-20110228/inc/StepShape_BrepWithVoids.hxx
+M StepShape:privinclude:StepShape_BrepWithVoids.jxx /dn43/OCCT/tmp/results_28.02.2011/occt/release-sources-20110228/drv/StepShape/StepShape_BrepWithVoids.jxx
+M StepShape:privinclude:StepShape_BrepWithVoids.ixx /dn43/OCCT/tmp/results_28.02.2011/occt/release-sources-20110228/drv/StepShape/StepShape_BrepWithVoids.ixx
+M StepShape:pubinclude:Handle_StepShape_FacetedBrep.hxx /dn43/OCCT/tmp/results_28.02.2011/occt/release-sources-20110228/inc/Handle_StepShape_FacetedBrep.hxx
+M StepShape:pubinclude:StepShape_FacetedBrep.hxx /dn43/OCCT/tmp/results_28.02.2011/occt/release-sources-20110228/inc/StepShape_FacetedBrep.hxx
+M StepShape:privinclude:StepShape_FacetedBrep.jxx /dn43/OCCT/tmp/results_28.02.2011/occt/release-sources-20110228/drv/StepShape/StepShape_FacetedBrep.jxx
+M StepShape:privinclude:StepShape_FacetedBrep.ixx /dn43/OCCT/tmp/results_28.02.2011/occt/release-sources-20110228/drv/StepShape/StepShape_FacetedBrep.ixx
+M StepShape:pubinclude:Handle_StepShape_FacetedBrepAndBrepWithVoids.hxx /dn43/OCCT/tmp/results_28.02.2011/occt/release-sources-20110228/inc/Handle_StepShape_FacetedBrepAndBrepWithVoids.hxx
+M StepShape:pubinclude:StepShape_FacetedBrepAndBrepWithVoids.hxx /dn43/OCCT/tmp/results_28.02.2011/occt/release-sources-20110228/inc/StepShape_FacetedBrepAndBrepWithVoids.hxx
+M StepShape:privinclude:StepShape_FacetedBrepAndBrepWithVoids.jxx /dn43/OCCT/tmp/results_28.02.2011/occt/release-sources-20110228/drv/StepShape/StepShape_FacetedBrepAndBrepWithVoids.jxx
+M StepShape:privinclude:StepShape_FacetedBrepAndBrepWithVoids.ixx /dn43/OCCT/tmp/results_28.02.2011/occt/release-sources-20110228/drv/StepShape/StepShape_FacetedBrepAndBrepWithVoids.ixx
+M StepShape:pubinclude:Handle_StepShape_SolidReplica.hxx /dn43/OCCT/tmp/results_28.02.2011/occt/release-sources-20110228/inc/Handle_StepShape_SolidReplica.hxx
+M StepShape:pubinclude:StepShape_SolidReplica.hxx /dn43/OCCT/tmp/results_28.02.2011/occt/release-sources-20110228/inc/StepShape_SolidReplica.hxx
+M StepShape:privinclude:StepShape_SolidReplica.jxx /dn43/OCCT/tmp/results_28.02.2011/occt/release-sources-20110228/drv/StepShape/StepShape_SolidReplica.jxx
+M StepShape:privinclude:StepShape_SolidReplica.ixx /dn43/OCCT/tmp/results_28.02.2011/occt/release-sources-20110228/drv/StepShape/StepShape_SolidReplica.ixx
+M StepShape:pubinclude:Handle_StepShape_SweptAreaSolid.hxx /dn43/OCCT/tmp/results_28.02.2011/occt/release-sources-20110228/inc/Handle_StepShape_SweptAreaSolid.hxx
+M StepShape:pubinclude:StepShape_SweptAreaSolid.hxx /dn43/OCCT/tmp/results_28.02.2011/occt/release-sources-20110228/inc/StepShape_SweptAreaSolid.hxx
+M StepShape:privinclude:StepShape_SweptAreaSolid.jxx /dn43/OCCT/tmp/results_28.02.2011/occt/release-sources-20110228/drv/StepShape/StepShape_SweptAreaSolid.jxx
+M StepShape:privinclude:StepShape_SweptAreaSolid.ixx /dn43/OCCT/tmp/results_28.02.2011/occt/release-sources-20110228/drv/StepShape/StepShape_SweptAreaSolid.ixx
+M StepShape:pubinclude:Handle_StepShape_ExtrudedAreaSolid.hxx /dn43/OCCT/tmp/results_28.02.2011/occt/release-sources-20110228/inc/Handle_StepShape_ExtrudedAreaSolid.hxx
+M StepShape:pubinclude:StepShape_ExtrudedAreaSolid.hxx /dn43/OCCT/tmp/results_28.02.2011/occt/release-sources-20110228/inc/StepShape_ExtrudedAreaSolid.hxx
+M StepShape:privinclude:StepShape_ExtrudedAreaSolid.jxx /dn43/OCCT/tmp/results_28.02.2011/occt/release-sources-20110228/drv/StepShape/StepShape_ExtrudedAreaSolid.jxx
+M StepShape:privinclude:StepShape_ExtrudedAreaSolid.ixx /dn43/OCCT/tmp/results_28.02.2011/occt/release-sources-20110228/drv/StepShape/StepShape_ExtrudedAreaSolid.ixx
+M StepShape:pubinclude:Handle_StepShape_RevolvedAreaSolid.hxx /dn43/OCCT/tmp/results_28.02.2011/occt/release-sources-20110228/inc/Handle_StepShape_RevolvedAreaSolid.hxx
+M StepShape:pubinclude:StepShape_RevolvedAreaSolid.hxx /dn43/OCCT/tmp/results_28.02.2011/occt/release-sources-20110228/inc/StepShape_RevolvedAreaSolid.hxx
+M StepShape:privinclude:StepShape_RevolvedAreaSolid.jxx /dn43/OCCT/tmp/results_28.02.2011/occt/release-sources-20110228/drv/StepShape/StepShape_RevolvedAreaSolid.jxx
+M StepShape:privinclude:StepShape_RevolvedAreaSolid.ixx /dn43/OCCT/tmp/results_28.02.2011/occt/release-sources-20110228/drv/StepShape/StepShape_RevolvedAreaSolid.ixx
+M StepShape:pubinclude:Handle_StepShape_SweptFaceSolid.hxx /dn43/OCCT/tmp/results_28.02.2011/occt/release-sources-20110228/inc/Handle_StepShape_SweptFaceSolid.hxx
+M StepShape:pubinclude:StepShape_SweptFaceSolid.hxx /dn43/OCCT/tmp/results_28.02.2011/occt/release-sources-20110228/inc/StepShape_SweptFaceSolid.hxx
+M StepShape:privinclude:StepShape_SweptFaceSolid.jxx /dn43/OCCT/tmp/results_28.02.2011/occt/release-sources-20110228/drv/StepShape/StepShape_SweptFaceSolid.jxx
+M StepShape:privinclude:StepShape_SweptFaceSolid.ixx /dn43/OCCT/tmp/results_28.02.2011/occt/release-sources-20110228/drv/StepShape/StepShape_SweptFaceSolid.ixx
+M StepShape:pubinclude:Handle_StepShape_ExtrudedFaceSolid.hxx /dn43/OCCT/tmp/results_28.02.2011/occt/release-sources-20110228/inc/Handle_StepShape_ExtrudedFaceSolid.hxx
+M StepShape:pubinclude:StepShape_ExtrudedFaceSolid.hxx /dn43/OCCT/tmp/results_28.02.2011/occt/release-sources-20110228/inc/StepShape_ExtrudedFaceSolid.hxx
+M StepShape:privinclude:StepShape_ExtrudedFaceSolid.jxx /dn43/OCCT/tmp/results_28.02.2011/occt/release-sources-20110228/drv/StepShape/StepShape_ExtrudedFaceSolid.jxx
+M StepShape:privinclude:StepShape_ExtrudedFaceSolid.ixx /dn43/OCCT/tmp/results_28.02.2011/occt/release-sources-20110228/drv/StepShape/StepShape_ExtrudedFaceSolid.ixx
+M StepShape:pubinclude:Handle_StepShape_RevolvedFaceSolid.hxx /dn43/OCCT/tmp/results_28.02.2011/occt/release-sources-20110228/inc/Handle_StepShape_RevolvedFaceSolid.hxx
+M StepShape:pubinclude:StepShape_RevolvedFaceSolid.hxx /dn43/OCCT/tmp/results_28.02.2011/occt/release-sources-20110228/inc/StepShape_RevolvedFaceSolid.hxx
+M StepShape:privinclude:StepShape_RevolvedFaceSolid.jxx /dn43/OCCT/tmp/results_28.02.2011/occt/release-sources-20110228/drv/StepShape/StepShape_RevolvedFaceSolid.jxx
+M StepShape:privinclude:StepShape_RevolvedFaceSolid.ixx /dn43/OCCT/tmp/results_28.02.2011/occt/release-sources-20110228/drv/StepShape/StepShape_RevolvedFaceSolid.ixx
+M StepShape:pubinclude:Handle_StepShape_Sphere.hxx /dn43/OCCT/tmp/results_28.02.2011/occt/release-sources-20110228/inc/Handle_StepShape_Sphere.hxx
+M StepShape:pubinclude:StepShape_Sphere.hxx /dn43/OCCT/tmp/results_28.02.2011/occt/release-sources-20110228/inc/StepShape_Sphere.hxx
+M StepShape:privinclude:StepShape_Sphere.jxx /dn43/OCCT/tmp/results_28.02.2011/occt/release-sources-20110228/drv/StepShape/StepShape_Sphere.jxx
+M StepShape:privinclude:StepShape_Sphere.ixx /dn43/OCCT/tmp/results_28.02.2011/occt/release-sources-20110228/drv/StepShape/StepShape_Sphere.ixx
+M StepShape:pubinclude:Handle_StepShape_Torus.hxx /dn43/OCCT/tmp/results_28.02.2011/occt/release-sources-20110228/inc/Handle_StepShape_Torus.hxx
+M StepShape:pubinclude:StepShape_Torus.hxx /dn43/OCCT/tmp/results_28.02.2011/occt/release-sources-20110228/inc/StepShape_Torus.hxx
+M StepShape:privinclude:StepShape_Torus.jxx /dn43/OCCT/tmp/results_28.02.2011/occt/release-sources-20110228/drv/StepShape/StepShape_Torus.jxx
+M StepShape:privinclude:StepShape_Torus.ixx /dn43/OCCT/tmp/results_28.02.2011/occt/release-sources-20110228/drv/StepShape/StepShape_Torus.ixx
+M StepShape:pubinclude:Handle_StepShape_DefinitionalRepresentationAndShapeRepresentation.hxx /dn43/OCCT/tmp/results_28.02.2011/occt/release-sources-20110228/inc/Handle_StepShape_DefinitionalRepresentationAndShapeRepresentation.hxx
+M StepShape:pubinclude:StepShape_DefinitionalRepresentationAndShapeRepresentation.hxx /dn43/OCCT/tmp/results_28.02.2011/occt/release-sources-20110228/inc/StepShape_DefinitionalRepresentationAndShapeRepresentation.hxx
+M StepShape:privinclude:StepShape_DefinitionalRepresentationAndShapeRepresentation.jxx /dn43/OCCT/tmp/results_28.02.2011/occt/release-sources-20110228/drv/StepShape/StepShape_DefinitionalRepresentationAndShapeRepresentation.jxx
+M StepShape:privinclude:StepShape_DefinitionalRepresentationAndShapeRepresentation.ixx /dn43/OCCT/tmp/results_28.02.2011/occt/release-sources-20110228/drv/StepShape/StepShape_DefinitionalRepresentationAndShapeRepresentation.ixx
+M StepShape:pubinclude:Handle_StepShape_TopologicalRepresentationItem.hxx /dn43/OCCT/tmp/results_28.02.2011/occt/release-sources-20110228/inc/Handle_StepShape_TopologicalRepresentationItem.hxx
+M StepShape:pubinclude:StepShape_TopologicalRepresentationItem.hxx /dn43/OCCT/tmp/results_28.02.2011/occt/release-sources-20110228/inc/StepShape_TopologicalRepresentationItem.hxx
+M StepShape:privinclude:StepShape_TopologicalRepresentationItem.jxx /dn43/OCCT/tmp/results_28.02.2011/occt/release-sources-20110228/drv/StepShape/StepShape_TopologicalRepresentationItem.jxx
+M StepShape:privinclude:StepShape_TopologicalRepresentationItem.ixx /dn43/OCCT/tmp/results_28.02.2011/occt/release-sources-20110228/drv/StepShape/StepShape_TopologicalRepresentationItem.ixx
+M StepShape:pubinclude:Handle_StepShape_ConnectedFaceSet.hxx /dn43/OCCT/tmp/results_28.02.2011/occt/release-sources-20110228/inc/Handle_StepShape_ConnectedFaceSet.hxx
+M StepShape:pubinclude:StepShape_ConnectedFaceSet.hxx /dn43/OCCT/tmp/results_28.02.2011/occt/release-sources-20110228/inc/StepShape_ConnectedFaceSet.hxx
+M StepShape:privinclude:StepShape_ConnectedFaceSet.jxx /dn43/OCCT/tmp/results_28.02.2011/occt/release-sources-20110228/drv/StepShape/StepShape_ConnectedFaceSet.jxx
+M StepShape:privinclude:StepShape_ConnectedFaceSet.ixx /dn43/OCCT/tmp/results_28.02.2011/occt/release-sources-20110228/drv/StepShape/StepShape_ConnectedFaceSet.ixx
+M StepShape:pubinclude:Handle_StepShape_ClosedShell.hxx /dn43/OCCT/tmp/results_28.02.2011/occt/release-sources-20110228/inc/Handle_StepShape_ClosedShell.hxx
+M StepShape:pubinclude:StepShape_ClosedShell.hxx /dn43/OCCT/tmp/results_28.02.2011/occt/release-sources-20110228/inc/StepShape_ClosedShell.hxx
+M StepShape:privinclude:StepShape_ClosedShell.jxx /dn43/OCCT/tmp/results_28.02.2011/occt/release-sources-20110228/drv/StepShape/StepShape_ClosedShell.jxx
+M StepShape:privinclude:StepShape_ClosedShell.ixx /dn43/OCCT/tmp/results_28.02.2011/occt/release-sources-20110228/drv/StepShape/StepShape_ClosedShell.ixx
+M StepShape:pubinclude:Handle_StepShape_OrientedClosedShell.hxx /dn43/OCCT/tmp/results_28.02.2011/occt/release-sources-20110228/inc/Handle_StepShape_OrientedClosedShell.hxx
+M StepShape:pubinclude:StepShape_OrientedClosedShell.hxx /dn43/OCCT/tmp/results_28.02.2011/occt/release-sources-20110228/inc/StepShape_OrientedClosedShell.hxx
+M StepShape:privinclude:StepShape_OrientedClosedShell.jxx /dn43/OCCT/tmp/results_28.02.2011/occt/release-sources-20110228/drv/StepShape/StepShape_OrientedClosedShell.jxx
+M StepShape:privinclude:StepShape_OrientedClosedShell.ixx /dn43/OCCT/tmp/results_28.02.2011/occt/release-sources-20110228/drv/StepShape/StepShape_OrientedClosedShell.ixx
+M StepShape:pubinclude:Handle_StepShape_OpenShell.hxx /dn43/OCCT/tmp/results_28.02.2011/occt/release-sources-20110228/inc/Handle_StepShape_OpenShell.hxx
+M StepShape:pubinclude:StepShape_OpenShell.hxx /dn43/OCCT/tmp/results_28.02.2011/occt/release-sources-20110228/inc/StepShape_OpenShell.hxx
+M StepShape:privinclude:StepShape_OpenShell.jxx /dn43/OCCT/tmp/results_28.02.2011/occt/release-sources-20110228/drv/StepShape/StepShape_OpenShell.jxx
+M StepShape:privinclude:StepShape_OpenShell.ixx /dn43/OCCT/tmp/results_28.02.2011/occt/release-sources-20110228/drv/StepShape/StepShape_OpenShell.ixx
+M StepShape:pubinclude:Handle_StepShape_OrientedOpenShell.hxx /dn43/OCCT/tmp/results_28.02.2011/occt/release-sources-20110228/inc/Handle_StepShape_OrientedOpenShell.hxx
+M StepShape:pubinclude:StepShape_OrientedOpenShell.hxx /dn43/OCCT/tmp/results_28.02.2011/occt/release-sources-20110228/inc/StepShape_OrientedOpenShell.hxx
+M StepShape:privinclude:StepShape_OrientedOpenShell.jxx /dn43/OCCT/tmp/results_28.02.2011/occt/release-sources-20110228/drv/StepShape/StepShape_OrientedOpenShell.jxx
+M StepShape:privinclude:StepShape_OrientedOpenShell.ixx /dn43/OCCT/tmp/results_28.02.2011/occt/release-sources-20110228/drv/StepShape/StepShape_OrientedOpenShell.ixx
+M StepShape:pubinclude:Handle_StepShape_ConnectedFaceSubSet.hxx /dn43/OCCT/tmp/results_28.02.2011/occt/release-sources-20110228/inc/Handle_StepShape_ConnectedFaceSubSet.hxx
+M StepShape:pubinclude:StepShape_ConnectedFaceSubSet.hxx /dn43/OCCT/tmp/results_28.02.2011/occt/release-sources-20110228/inc/StepShape_ConnectedFaceSubSet.hxx
+M StepShape:privinclude:StepShape_ConnectedFaceSubSet.jxx /dn43/OCCT/tmp/results_28.02.2011/occt/release-sources-20110228/drv/StepShape/StepShape_ConnectedFaceSubSet.jxx
+M StepShape:privinclude:StepShape_ConnectedFaceSubSet.ixx /dn43/OCCT/tmp/results_28.02.2011/occt/release-sources-20110228/drv/StepShape/StepShape_ConnectedFaceSubSet.ixx
+M StepShape:pubinclude:Handle_StepShape_Edge.hxx /dn43/OCCT/tmp/results_28.02.2011/occt/release-sources-20110228/inc/Handle_StepShape_Edge.hxx
+M StepShape:pubinclude:StepShape_Edge.hxx /dn43/OCCT/tmp/results_28.02.2011/occt/release-sources-20110228/inc/StepShape_Edge.hxx
+M StepShape:privinclude:StepShape_Edge.jxx /dn43/OCCT/tmp/results_28.02.2011/occt/release-sources-20110228/drv/StepShape/StepShape_Edge.jxx
+M StepShape:privinclude:StepShape_Edge.ixx /dn43/OCCT/tmp/results_28.02.2011/occt/release-sources-20110228/drv/StepShape/StepShape_Edge.ixx
+M StepShape:pubinclude:Handle_StepShape_EdgeCurve.hxx /dn43/OCCT/tmp/results_28.02.2011/occt/release-sources-20110228/inc/Handle_StepShape_EdgeCurve.hxx
+M StepShape:pubinclude:StepShape_EdgeCurve.hxx /dn43/OCCT/tmp/results_28.02.2011/occt/release-sources-20110228/inc/StepShape_EdgeCurve.hxx
+M StepShape:privinclude:StepShape_EdgeCurve.jxx /dn43/OCCT/tmp/results_28.02.2011/occt/release-sources-20110228/drv/StepShape/StepShape_EdgeCurve.jxx
+M StepShape:privinclude:StepShape_EdgeCurve.ixx /dn43/OCCT/tmp/results_28.02.2011/occt/release-sources-20110228/drv/StepShape/StepShape_EdgeCurve.ixx
+M StepShape:pubinclude:Handle_StepShape_OrientedEdge.hxx /dn43/OCCT/tmp/results_28.02.2011/occt/release-sources-20110228/inc/Handle_StepShape_OrientedEdge.hxx
+M StepShape:pubinclude:StepShape_OrientedEdge.hxx /dn43/OCCT/tmp/results_28.02.2011/occt/release-sources-20110228/inc/StepShape_OrientedEdge.hxx
+M StepShape:privinclude:StepShape_OrientedEdge.jxx /dn43/OCCT/tmp/results_28.02.2011/occt/release-sources-20110228/drv/StepShape/StepShape_OrientedEdge.jxx
+M StepShape:privinclude:StepShape_OrientedEdge.ixx /dn43/OCCT/tmp/results_28.02.2011/occt/release-sources-20110228/drv/StepShape/StepShape_OrientedEdge.ixx
+M StepShape:pubinclude:Handle_StepShape_Subedge.hxx /dn43/OCCT/tmp/results_28.02.2011/occt/release-sources-20110228/inc/Handle_StepShape_Subedge.hxx
+M StepShape:pubinclude:StepShape_Subedge.hxx /dn43/OCCT/tmp/results_28.02.2011/occt/release-sources-20110228/inc/StepShape_Subedge.hxx
+M StepShape:privinclude:StepShape_Subedge.jxx /dn43/OCCT/tmp/results_28.02.2011/occt/release-sources-20110228/drv/StepShape/StepShape_Subedge.jxx
+M StepShape:privinclude:StepShape_Subedge.ixx /dn43/OCCT/tmp/results_28.02.2011/occt/release-sources-20110228/drv/StepShape/StepShape_Subedge.ixx
+M StepShape:pubinclude:Handle_StepShape_SeamEdge.hxx /dn43/OCCT/tmp/results_28.02.2011/occt/release-sources-20110228/inc/Handle_StepShape_SeamEdge.hxx
+M StepShape:pubinclude:StepShape_SeamEdge.hxx /dn43/OCCT/tmp/results_28.02.2011/occt/release-sources-20110228/inc/StepShape_SeamEdge.hxx
+M StepShape:privinclude:StepShape_SeamEdge.jxx /dn43/OCCT/tmp/results_28.02.2011/occt/release-sources-20110228/drv/StepShape/StepShape_SeamEdge.jxx
+M StepShape:privinclude:StepShape_SeamEdge.ixx /dn43/OCCT/tmp/results_28.02.2011/occt/release-sources-20110228/drv/StepShape/StepShape_SeamEdge.ixx
+M StepShape:pubinclude:Handle_StepShape_Face.hxx /dn43/OCCT/tmp/results_28.02.2011/occt/release-sources-20110228/inc/Handle_StepShape_Face.hxx
+M StepShape:pubinclude:StepShape_Face.hxx /dn43/OCCT/tmp/results_28.02.2011/occt/release-sources-20110228/inc/StepShape_Face.hxx
+M StepShape:privinclude:StepShape_Face.jxx /dn43/OCCT/tmp/results_28.02.2011/occt/release-sources-20110228/drv/StepShape/StepShape_Face.jxx
+M StepShape:privinclude:StepShape_Face.ixx /dn43/OCCT/tmp/results_28.02.2011/occt/release-sources-20110228/drv/StepShape/StepShape_Face.ixx
+M StepShape:pubinclude:Handle_StepShape_FaceSurface.hxx /dn43/OCCT/tmp/results_28.02.2011/occt/release-sources-20110228/inc/Handle_StepShape_FaceSurface.hxx
+M StepShape:pubinclude:StepShape_FaceSurface.hxx /dn43/OCCT/tmp/results_28.02.2011/occt/release-sources-20110228/inc/StepShape_FaceSurface.hxx
+M StepShape:privinclude:StepShape_FaceSurface.jxx /dn43/OCCT/tmp/results_28.02.2011/occt/release-sources-20110228/drv/StepShape/StepShape_FaceSurface.jxx
+M StepShape:privinclude:StepShape_FaceSurface.ixx /dn43/OCCT/tmp/results_28.02.2011/occt/release-sources-20110228/drv/StepShape/StepShape_FaceSurface.ixx
+M StepShape:pubinclude:Handle_StepShape_AdvancedFace.hxx /dn43/OCCT/tmp/results_28.02.2011/occt/release-sources-20110228/inc/Handle_StepShape_AdvancedFace.hxx
+M StepShape:pubinclude:StepShape_AdvancedFace.hxx /dn43/OCCT/tmp/results_28.02.2011/occt/release-sources-20110228/inc/StepShape_AdvancedFace.hxx
+M StepShape:privinclude:StepShape_AdvancedFace.jxx /dn43/OCCT/tmp/results_28.02.2011/occt/release-sources-20110228/drv/StepShape/StepShape_AdvancedFace.jxx
+M StepShape:privinclude:StepShape_AdvancedFace.ixx /dn43/OCCT/tmp/results_28.02.2011/occt/release-sources-20110228/drv/StepShape/StepShape_AdvancedFace.ixx
+M StepShape:pubinclude:Handle_StepShape_OrientedFace.hxx /dn43/OCCT/tmp/results_28.02.2011/occt/release-sources-20110228/inc/Handle_StepShape_OrientedFace.hxx
+M StepShape:pubinclude:StepShape_OrientedFace.hxx /dn43/OCCT/tmp/results_28.02.2011/occt/release-sources-20110228/inc/StepShape_OrientedFace.hxx
+M StepShape:privinclude:StepShape_OrientedFace.jxx /dn43/OCCT/tmp/results_28.02.2011/occt/release-sources-20110228/drv/StepShape/StepShape_OrientedFace.jxx
+M StepShape:privinclude:StepShape_OrientedFace.ixx /dn43/OCCT/tmp/results_28.02.2011/occt/release-sources-20110228/drv/StepShape/StepShape_OrientedFace.ixx
+M StepShape:pubinclude:Handle_StepShape_Subface.hxx /dn43/OCCT/tmp/results_28.02.2011/occt/release-sources-20110228/inc/Handle_StepShape_Subface.hxx
+M StepShape:pubinclude:StepShape_Subface.hxx /dn43/OCCT/tmp/results_28.02.2011/occt/release-sources-20110228/inc/StepShape_Subface.hxx
+M StepShape:privinclude:StepShape_Subface.jxx /dn43/OCCT/tmp/results_28.02.2011/occt/release-sources-20110228/drv/StepShape/StepShape_Subface.jxx
+M StepShape:privinclude:StepShape_Subface.ixx /dn43/OCCT/tmp/results_28.02.2011/occt/release-sources-20110228/drv/StepShape/StepShape_Subface.ixx
+M StepShape:pubinclude:Handle_StepShape_FaceBound.hxx /dn43/OCCT/tmp/results_28.02.2011/occt/release-sources-20110228/inc/Handle_StepShape_FaceBound.hxx
+M StepShape:pubinclude:StepShape_FaceBound.hxx /dn43/OCCT/tmp/results_28.02.2011/occt/release-sources-20110228/inc/StepShape_FaceBound.hxx
+M StepShape:privinclude:StepShape_FaceBound.jxx /dn43/OCCT/tmp/results_28.02.2011/occt/release-sources-20110228/drv/StepShape/StepShape_FaceBound.jxx
+M StepShape:privinclude:StepShape_FaceBound.ixx /dn43/OCCT/tmp/results_28.02.2011/occt/release-sources-20110228/drv/StepShape/StepShape_FaceBound.ixx
+M StepShape:pubinclude:Handle_StepShape_FaceOuterBound.hxx /dn43/OCCT/tmp/results_28.02.2011/occt/release-sources-20110228/inc/Handle_StepShape_FaceOuterBound.hxx
+M StepShape:pubinclude:StepShape_FaceOuterBound.hxx /dn43/OCCT/tmp/results_28.02.2011/occt/release-sources-20110228/inc/StepShape_FaceOuterBound.hxx
+M StepShape:privinclude:StepShape_FaceOuterBound.jxx /dn43/OCCT/tmp/results_28.02.2011/occt/release-sources-20110228/drv/StepShape/StepShape_FaceOuterBound.jxx
+M StepShape:privinclude:StepShape_FaceOuterBound.ixx /dn43/OCCT/tmp/results_28.02.2011/occt/release-sources-20110228/drv/StepShape/StepShape_FaceOuterBound.ixx
+M StepShape:pubinclude:Handle_StepShape_Loop.hxx /dn43/OCCT/tmp/results_28.02.2011/occt/release-sources-20110228/inc/Handle_StepShape_Loop.hxx
+M StepShape:pubinclude:StepShape_Loop.hxx /dn43/OCCT/tmp/results_28.02.2011/occt/release-sources-20110228/inc/StepShape_Loop.hxx
+M StepShape:privinclude:StepShape_Loop.jxx /dn43/OCCT/tmp/results_28.02.2011/occt/release-sources-20110228/drv/StepShape/StepShape_Loop.jxx
+M StepShape:privinclude:StepShape_Loop.ixx /dn43/OCCT/tmp/results_28.02.2011/occt/release-sources-20110228/drv/StepShape/StepShape_Loop.ixx
+M StepShape:pubinclude:Handle_StepShape_EdgeLoop.hxx /dn43/OCCT/tmp/results_28.02.2011/occt/release-sources-20110228/inc/Handle_StepShape_EdgeLoop.hxx
+M StepShape:pubinclude:StepShape_EdgeLoop.hxx /dn43/OCCT/tmp/results_28.02.2011/occt/release-sources-20110228/inc/StepShape_EdgeLoop.hxx
+M StepShape:privinclude:StepShape_EdgeLoop.jxx /dn43/OCCT/tmp/results_28.02.2011/occt/release-sources-20110228/drv/StepShape/StepShape_EdgeLoop.jxx
+M StepShape:privinclude:StepShape_EdgeLoop.ixx /dn43/OCCT/tmp/results_28.02.2011/occt/release-sources-20110228/drv/StepShape/StepShape_EdgeLoop.ixx
+M StepShape:pubinclude:Handle_StepShape_PolyLoop.hxx /dn43/OCCT/tmp/results_28.02.2011/occt/release-sources-20110228/inc/Handle_StepShape_PolyLoop.hxx
+M StepShape:pubinclude:StepShape_PolyLoop.hxx /dn43/OCCT/tmp/results_28.02.2011/occt/release-sources-20110228/inc/StepShape_PolyLoop.hxx
+M StepShape:privinclude:StepShape_PolyLoop.jxx /dn43/OCCT/tmp/results_28.02.2011/occt/release-sources-20110228/drv/StepShape/StepShape_PolyLoop.jxx
+M StepShape:privinclude:StepShape_PolyLoop.ixx /dn43/OCCT/tmp/results_28.02.2011/occt/release-sources-20110228/drv/StepShape/StepShape_PolyLoop.ixx
+M StepShape:pubinclude:Handle_StepShape_VertexLoop.hxx /dn43/OCCT/tmp/results_28.02.2011/occt/release-sources-20110228/inc/Handle_StepShape_VertexLoop.hxx
+M StepShape:pubinclude:StepShape_VertexLoop.hxx /dn43/OCCT/tmp/results_28.02.2011/occt/release-sources-20110228/inc/StepShape_VertexLoop.hxx
+M StepShape:privinclude:StepShape_VertexLoop.jxx /dn43/OCCT/tmp/results_28.02.2011/occt/release-sources-20110228/drv/StepShape/StepShape_VertexLoop.jxx
+M StepShape:privinclude:StepShape_VertexLoop.ixx /dn43/OCCT/tmp/results_28.02.2011/occt/release-sources-20110228/drv/StepShape/StepShape_VertexLoop.ixx
+M StepShape:pubinclude:Handle_StepShape_Path.hxx /dn43/OCCT/tmp/results_28.02.2011/occt/release-sources-20110228/inc/Handle_StepShape_Path.hxx
+M StepShape:pubinclude:StepShape_Path.hxx /dn43/OCCT/tmp/results_28.02.2011/occt/release-sources-20110228/inc/StepShape_Path.hxx
+M StepShape:privinclude:StepShape_Path.jxx /dn43/OCCT/tmp/results_28.02.2011/occt/release-sources-20110228/drv/StepShape/StepShape_Path.jxx
+M StepShape:privinclude:StepShape_Path.ixx /dn43/OCCT/tmp/results_28.02.2011/occt/release-sources-20110228/drv/StepShape/StepShape_Path.ixx
+M StepShape:pubinclude:Handle_StepShape_OrientedPath.hxx /dn43/OCCT/tmp/results_28.02.2011/occt/release-sources-20110228/inc/Handle_StepShape_OrientedPath.hxx
+M StepShape:pubinclude:StepShape_OrientedPath.hxx /dn43/OCCT/tmp/results_28.02.2011/occt/release-sources-20110228/inc/StepShape_OrientedPath.hxx
+M StepShape:privinclude:StepShape_OrientedPath.jxx /dn43/OCCT/tmp/results_28.02.2011/occt/release-sources-20110228/drv/StepShape/StepShape_OrientedPath.jxx
+M StepShape:privinclude:StepShape_OrientedPath.ixx /dn43/OCCT/tmp/results_28.02.2011/occt/release-sources-20110228/drv/StepShape/StepShape_OrientedPath.ixx
+M StepShape:pubinclude:Handle_StepShape_Vertex.hxx /dn43/OCCT/tmp/results_28.02.2011/occt/release-sources-20110228/inc/Handle_StepShape_Vertex.hxx
+M StepShape:pubinclude:StepShape_Vertex.hxx /dn43/OCCT/tmp/results_28.02.2011/occt/release-sources-20110228/inc/StepShape_Vertex.hxx
+M StepShape:privinclude:StepShape_Vertex.jxx /dn43/OCCT/tmp/results_28.02.2011/occt/release-sources-20110228/drv/StepShape/StepShape_Vertex.jxx
+M StepShape:privinclude:StepShape_Vertex.ixx /dn43/OCCT/tmp/results_28.02.2011/occt/release-sources-20110228/drv/StepShape/StepShape_Vertex.ixx
+M StepShape:pubinclude:Handle_StepShape_VertexPoint.hxx /dn43/OCCT/tmp/results_28.02.2011/occt/release-sources-20110228/inc/Handle_StepShape_VertexPoint.hxx
+M StepShape:pubinclude:StepShape_VertexPoint.hxx /dn43/OCCT/tmp/results_28.02.2011/occt/release-sources-20110228/inc/StepShape_VertexPoint.hxx
+M StepShape:privinclude:StepShape_VertexPoint.jxx /dn43/OCCT/tmp/results_28.02.2011/occt/release-sources-20110228/drv/StepShape/StepShape_VertexPoint.jxx
+M StepShape:privinclude:StepShape_VertexPoint.ixx /dn43/OCCT/tmp/results_28.02.2011/occt/release-sources-20110228/drv/StepShape/StepShape_VertexPoint.ixx
+M StepShape:pubinclude:Handle_StepShape_LoopAndPath.hxx /dn43/OCCT/tmp/results_28.02.2011/occt/release-sources-20110228/inc/Handle_StepShape_LoopAndPath.hxx
+M StepShape:pubinclude:StepShape_LoopAndPath.hxx /dn43/OCCT/tmp/results_28.02.2011/occt/release-sources-20110228/inc/StepShape_LoopAndPath.hxx
+M StepShape:privinclude:StepShape_LoopAndPath.jxx /dn43/OCCT/tmp/results_28.02.2011/occt/release-sources-20110228/drv/StepShape/StepShape_LoopAndPath.jxx
+M StepShape:privinclude:StepShape_LoopAndPath.ixx /dn43/OCCT/tmp/results_28.02.2011/occt/release-sources-20110228/drv/StepShape/StepShape_LoopAndPath.ixx
+M StepShape:pubinclude:Handle_StepShape_ShapeRepresentationWithParameters.hxx /dn43/OCCT/tmp/results_28.02.2011/occt/release-sources-20110228/inc/Handle_StepShape_ShapeRepresentationWithParameters.hxx
+M StepShape:pubinclude:StepShape_ShapeRepresentationWithParameters.hxx /dn43/OCCT/tmp/results_28.02.2011/occt/release-sources-20110228/inc/StepShape_ShapeRepresentationWithParameters.hxx
+M StepShape:privinclude:StepShape_ShapeRepresentationWithParameters.jxx /dn43/OCCT/tmp/results_28.02.2011/occt/release-sources-20110228/drv/StepShape/StepShape_ShapeRepresentationWithParameters.jxx
+M StepShape:privinclude:StepShape_ShapeRepresentationWithParameters.ixx /dn43/OCCT/tmp/results_28.02.2011/occt/release-sources-20110228/drv/StepShape/StepShape_ShapeRepresentationWithParameters.ixx
+M StepShape:pubinclude:Handle_StepShape_ContextDependentShapeRepresentation.hxx /dn43/OCCT/tmp/results_28.02.2011/occt/release-sources-20110228/inc/Handle_StepShape_ContextDependentShapeRepresentation.hxx
+M StepShape:pubinclude:StepShape_ContextDependentShapeRepresentation.hxx /dn43/OCCT/tmp/results_28.02.2011/occt/release-sources-20110228/inc/StepShape_ContextDependentShapeRepresentation.hxx
+M StepShape:privinclude:StepShape_ContextDependentShapeRepresentation.jxx /dn43/OCCT/tmp/results_28.02.2011/occt/release-sources-20110228/drv/StepShape/StepShape_ContextDependentShapeRepresentation.jxx
+M StepShape:privinclude:StepShape_ContextDependentShapeRepresentation.ixx /dn43/OCCT/tmp/results_28.02.2011/occt/release-sources-20110228/drv/StepShape/StepShape_ContextDependentShapeRepresentation.ixx
+M StepShape:pubinclude:StepShape_Array1OfOrientedClosedShell.hxx /dn43/OCCT/tmp/results_28.02.2011/occt/release-sources-20110228/inc/StepShape_Array1OfOrientedClosedShell.hxx
+M StepShape:derivated:StepShape_Array1OfOrientedClosedShell_0.cxx /dn43/OCCT/tmp/results_28.02.2011/occt/release-sources-20110228/drv/StepShape/StepShape_Array1OfOrientedClosedShell_0.cxx
+M StepShape:pubinclude:Handle_StepShape_HArray1OfOrientedClosedShell.hxx /dn43/OCCT/tmp/results_28.02.2011/occt/release-sources-20110228/inc/Handle_StepShape_HArray1OfOrientedClosedShell.hxx
+M StepShape:pubinclude:StepShape_HArray1OfOrientedClosedShell.hxx /dn43/OCCT/tmp/results_28.02.2011/occt/release-sources-20110228/inc/StepShape_HArray1OfOrientedClosedShell.hxx
+M StepShape:derivated:StepShape_HArray1OfOrientedClosedShell_0.cxx /dn43/OCCT/tmp/results_28.02.2011/occt/release-sources-20110228/drv/StepShape/StepShape_HArray1OfOrientedClosedShell_0.cxx
+M StepShape:pubinclude:StepShape_Array1OfEdge.hxx /dn43/OCCT/tmp/results_28.02.2011/occt/release-sources-20110228/inc/StepShape_Array1OfEdge.hxx
+M StepShape:derivated:StepShape_Array1OfEdge_0.cxx /dn43/OCCT/tmp/results_28.02.2011/occt/release-sources-20110228/drv/StepShape/StepShape_Array1OfEdge_0.cxx
+M StepShape:pubinclude:Handle_StepShape_HArray1OfEdge.hxx /dn43/OCCT/tmp/results_28.02.2011/occt/release-sources-20110228/inc/Handle_StepShape_HArray1OfEdge.hxx
+M StepShape:pubinclude:StepShape_HArray1OfEdge.hxx /dn43/OCCT/tmp/results_28.02.2011/occt/release-sources-20110228/inc/StepShape_HArray1OfEdge.hxx
+M StepShape:derivated:StepShape_HArray1OfEdge_0.cxx /dn43/OCCT/tmp/results_28.02.2011/occt/release-sources-20110228/drv/StepShape/StepShape_HArray1OfEdge_0.cxx
+M StepShape:pubinclude:StepShape_Array1OfFace.hxx /dn43/OCCT/tmp/results_28.02.2011/occt/release-sources-20110228/inc/StepShape_Array1OfFace.hxx
+M StepShape:derivated:StepShape_Array1OfFace_0.cxx /dn43/OCCT/tmp/results_28.02.2011/occt/release-sources-20110228/drv/StepShape/StepShape_Array1OfFace_0.cxx
+M StepShape:pubinclude:Handle_StepShape_HArray1OfFace.hxx /dn43/OCCT/tmp/results_28.02.2011/occt/release-sources-20110228/inc/Handle_StepShape_HArray1OfFace.hxx
+M StepShape:pubinclude:StepShape_HArray1OfFace.hxx /dn43/OCCT/tmp/results_28.02.2011/occt/release-sources-20110228/inc/StepShape_HArray1OfFace.hxx
+M StepShape:derivated:StepShape_HArray1OfFace_0.cxx /dn43/OCCT/tmp/results_28.02.2011/occt/release-sources-20110228/drv/StepShape/StepShape_HArray1OfFace_0.cxx
+M StepShape:pubinclude:StepShape_Array1OfFaceBound.hxx /dn43/OCCT/tmp/results_28.02.2011/occt/release-sources-20110228/inc/StepShape_Array1OfFaceBound.hxx
+M StepShape:derivated:StepShape_Array1OfFaceBound_0.cxx /dn43/OCCT/tmp/results_28.02.2011/occt/release-sources-20110228/drv/StepShape/StepShape_Array1OfFaceBound_0.cxx
+M StepShape:pubinclude:Handle_StepShape_HArray1OfFaceBound.hxx /dn43/OCCT/tmp/results_28.02.2011/occt/release-sources-20110228/inc/Handle_StepShape_HArray1OfFaceBound.hxx
+M StepShape:pubinclude:StepShape_HArray1OfFaceBound.hxx /dn43/OCCT/tmp/results_28.02.2011/occt/release-sources-20110228/inc/StepShape_HArray1OfFaceBound.hxx
+M StepShape:derivated:StepShape_HArray1OfFaceBound_0.cxx /dn43/OCCT/tmp/results_28.02.2011/occt/release-sources-20110228/drv/StepShape/StepShape_HArray1OfFaceBound_0.cxx
+M StepShape:pubinclude:StepShape_Array1OfConnectedEdgeSet.hxx /dn43/OCCT/tmp/results_28.02.2011/occt/release-sources-20110228/inc/StepShape_Array1OfConnectedEdgeSet.hxx
+M StepShape:derivated:StepShape_Array1OfConnectedEdgeSet_0.cxx /dn43/OCCT/tmp/results_28.02.2011/occt/release-sources-20110228/drv/StepShape/StepShape_Array1OfConnectedEdgeSet_0.cxx
+M StepShape:pubinclude:Handle_StepShape_HArray1OfConnectedEdgeSet.hxx /dn43/OCCT/tmp/results_28.02.2011/occt/release-sources-20110228/inc/Handle_StepShape_HArray1OfConnectedEdgeSet.hxx
+M StepShape:pubinclude:StepShape_HArray1OfConnectedEdgeSet.hxx /dn43/OCCT/tmp/results_28.02.2011/occt/release-sources-20110228/inc/StepShape_HArray1OfConnectedEdgeSet.hxx
+M StepShape:derivated:StepShape_HArray1OfConnectedEdgeSet_0.cxx /dn43/OCCT/tmp/results_28.02.2011/occt/release-sources-20110228/drv/StepShape/StepShape_HArray1OfConnectedEdgeSet_0.cxx
+M StepShape:pubinclude:StepShape_Array1OfConnectedFaceSet.hxx /dn43/OCCT/tmp/results_28.02.2011/occt/release-sources-20110228/inc/StepShape_Array1OfConnectedFaceSet.hxx
+M StepShape:derivated:StepShape_Array1OfConnectedFaceSet_0.cxx /dn43/OCCT/tmp/results_28.02.2011/occt/release-sources-20110228/drv/StepShape/StepShape_Array1OfConnectedFaceSet_0.cxx
+M StepShape:pubinclude:Handle_StepShape_HArray1OfConnectedFaceSet.hxx /dn43/OCCT/tmp/results_28.02.2011/occt/release-sources-20110228/inc/Handle_StepShape_HArray1OfConnectedFaceSet.hxx
+M StepShape:pubinclude:StepShape_HArray1OfConnectedFaceSet.hxx /dn43/OCCT/tmp/results_28.02.2011/occt/release-sources-20110228/inc/StepShape_HArray1OfConnectedFaceSet.hxx
+M StepShape:derivated:StepShape_HArray1OfConnectedFaceSet_0.cxx /dn43/OCCT/tmp/results_28.02.2011/occt/release-sources-20110228/drv/StepShape/StepShape_HArray1OfConnectedFaceSet_0.cxx
+M StepShape:pubinclude:StepShape_Array1OfGeometricSetSelect.hxx /dn43/OCCT/tmp/results_28.02.2011/occt/release-sources-20110228/inc/StepShape_Array1OfGeometricSetSelect.hxx
+M StepShape:derivated:StepShape_Array1OfGeometricSetSelect_0.cxx /dn43/OCCT/tmp/results_28.02.2011/occt/release-sources-20110228/drv/StepShape/StepShape_Array1OfGeometricSetSelect_0.cxx
+M StepShape:pubinclude:Handle_StepShape_HArray1OfGeometricSetSelect.hxx /dn43/OCCT/tmp/results_28.02.2011/occt/release-sources-20110228/inc/Handle_StepShape_HArray1OfGeometricSetSelect.hxx
+M StepShape:pubinclude:StepShape_HArray1OfGeometricSetSelect.hxx /dn43/OCCT/tmp/results_28.02.2011/occt/release-sources-20110228/inc/StepShape_HArray1OfGeometricSetSelect.hxx
+M StepShape:derivated:StepShape_HArray1OfGeometricSetSelect_0.cxx /dn43/OCCT/tmp/results_28.02.2011/occt/release-sources-20110228/drv/StepShape/StepShape_HArray1OfGeometricSetSelect_0.cxx
+M StepShape:pubinclude:StepShape_Array1OfOrientedEdge.hxx /dn43/OCCT/tmp/results_28.02.2011/occt/release-sources-20110228/inc/StepShape_Array1OfOrientedEdge.hxx
+M StepShape:derivated:StepShape_Array1OfOrientedEdge_0.cxx /dn43/OCCT/tmp/results_28.02.2011/occt/release-sources-20110228/drv/StepShape/StepShape_Array1OfOrientedEdge_0.cxx
+M StepShape:pubinclude:Handle_StepShape_HArray1OfOrientedEdge.hxx /dn43/OCCT/tmp/results_28.02.2011/occt/release-sources-20110228/inc/Handle_StepShape_HArray1OfOrientedEdge.hxx
+M StepShape:pubinclude:StepShape_HArray1OfOrientedEdge.hxx /dn43/OCCT/tmp/results_28.02.2011/occt/release-sources-20110228/inc/StepShape_HArray1OfOrientedEdge.hxx
+M StepShape:derivated:StepShape_HArray1OfOrientedEdge_0.cxx /dn43/OCCT/tmp/results_28.02.2011/occt/release-sources-20110228/drv/StepShape/StepShape_HArray1OfOrientedEdge_0.cxx
+M StepShape:pubinclude:StepShape_Array1OfShell.hxx /dn43/OCCT/tmp/results_28.02.2011/occt/release-sources-20110228/inc/StepShape_Array1OfShell.hxx
+M StepShape:derivated:StepShape_Array1OfShell_0.cxx /dn43/OCCT/tmp/results_28.02.2011/occt/release-sources-20110228/drv/StepShape/StepShape_Array1OfShell_0.cxx
+M StepShape:pubinclude:Handle_StepShape_HArray1OfShell.hxx /dn43/OCCT/tmp/results_28.02.2011/occt/release-sources-20110228/inc/Handle_StepShape_HArray1OfShell.hxx
+M StepShape:pubinclude:StepShape_HArray1OfShell.hxx /dn43/OCCT/tmp/results_28.02.2011/occt/release-sources-20110228/inc/StepShape_HArray1OfShell.hxx
+M StepShape:derivated:StepShape_HArray1OfShell_0.cxx /dn43/OCCT/tmp/results_28.02.2011/occt/release-sources-20110228/drv/StepShape/StepShape_HArray1OfShell_0.cxx
+M StepShape:pubinclude:StepShape_DimensionalCharacteristic.hxx /dn43/OCCT/tmp/results_28.02.2011/occt/release-sources-20110228/inc/StepShape_DimensionalCharacteristic.hxx
+M StepShape:privinclude:StepShape_DimensionalCharacteristic.jxx /dn43/OCCT/tmp/results_28.02.2011/occt/release-sources-20110228/drv/StepShape/StepShape_DimensionalCharacteristic.jxx
+M StepShape:privinclude:StepShape_DimensionalCharacteristic.ixx /dn43/OCCT/tmp/results_28.02.2011/occt/release-sources-20110228/drv/StepShape/StepShape_DimensionalCharacteristic.ixx
+M StepShape:pubinclude:Handle_StepShape_AngularLocation.hxx /dn43/OCCT/tmp/results_28.02.2011/occt/release-sources-20110228/inc/Handle_StepShape_AngularLocation.hxx
+M StepShape:pubinclude:StepShape_AngularLocation.hxx /dn43/OCCT/tmp/results_28.02.2011/occt/release-sources-20110228/inc/StepShape_AngularLocation.hxx
+M StepShape:privinclude:StepShape_AngularLocation.jxx /dn43/OCCT/tmp/results_28.02.2011/occt/release-sources-20110228/drv/StepShape/StepShape_AngularLocation.jxx
+M StepShape:privinclude:StepShape_AngularLocation.ixx /dn43/OCCT/tmp/results_28.02.2011/occt/release-sources-20110228/drv/StepShape/StepShape_AngularLocation.ixx
+M StepShape:pubinclude:Handle_StepShape_AngularSize.hxx /dn43/OCCT/tmp/results_28.02.2011/occt/release-sources-20110228/inc/Handle_StepShape_AngularSize.hxx
+M StepShape:pubinclude:StepShape_AngularSize.hxx /dn43/OCCT/tmp/results_28.02.2011/occt/release-sources-20110228/inc/StepShape_AngularSize.hxx
+M StepShape:privinclude:StepShape_AngularSize.jxx /dn43/OCCT/tmp/results_28.02.2011/occt/release-sources-20110228/drv/StepShape/StepShape_AngularSize.jxx
+M StepShape:privinclude:StepShape_AngularSize.ixx /dn43/OCCT/tmp/results_28.02.2011/occt/release-sources-20110228/drv/StepShape/StepShape_AngularSize.ixx
+M StepShape:pubinclude:Handle_StepShape_DimensionalCharacteristicRepresentation.hxx /dn43/OCCT/tmp/results_28.02.2011/occt/release-sources-20110228/inc/Handle_StepShape_DimensionalCharacteristicRepresentation.hxx
+M StepShape:pubinclude:StepShape_DimensionalCharacteristicRepresentation.hxx /dn43/OCCT/tmp/results_28.02.2011/occt/release-sources-20110228/inc/StepShape_DimensionalCharacteristicRepresentation.hxx
+M StepShape:privinclude:StepShape_DimensionalCharacteristicRepresentation.jxx /dn43/OCCT/tmp/results_28.02.2011/occt/release-sources-20110228/drv/StepShape/StepShape_DimensionalCharacteristicRepresentation.jxx
+M StepShape:privinclude:StepShape_DimensionalCharacteristicRepresentation.ixx /dn43/OCCT/tmp/results_28.02.2011/occt/release-sources-20110228/drv/StepShape/StepShape_DimensionalCharacteristicRepresentation.ixx
+M StepShape:pubinclude:Handle_StepShape_DimensionalLocation.hxx /dn43/OCCT/tmp/results_28.02.2011/occt/release-sources-20110228/inc/Handle_StepShape_DimensionalLocation.hxx
+M StepShape:pubinclude:StepShape_DimensionalLocation.hxx /dn43/OCCT/tmp/results_28.02.2011/occt/release-sources-20110228/inc/StepShape_DimensionalLocation.hxx
+M StepShape:privinclude:StepShape_DimensionalLocation.jxx /dn43/OCCT/tmp/results_28.02.2011/occt/release-sources-20110228/drv/StepShape/StepShape_DimensionalLocation.jxx
+M StepShape:privinclude:StepShape_DimensionalLocation.ixx /dn43/OCCT/tmp/results_28.02.2011/occt/release-sources-20110228/drv/StepShape/StepShape_DimensionalLocation.ixx
+M StepShape:pubinclude:Handle_StepShape_DirectedDimensionalLocation.hxx /dn43/OCCT/tmp/results_28.02.2011/occt/release-sources-20110228/inc/Handle_StepShape_DirectedDimensionalLocation.hxx
+M StepShape:pubinclude:StepShape_DirectedDimensionalLocation.hxx /dn43/OCCT/tmp/results_28.02.2011/occt/release-sources-20110228/inc/StepShape_DirectedDimensionalLocation.hxx
+M StepShape:privinclude:StepShape_DirectedDimensionalLocation.jxx /dn43/OCCT/tmp/results_28.02.2011/occt/release-sources-20110228/drv/StepShape/StepShape_DirectedDimensionalLocation.jxx
+M StepShape:privinclude:StepShape_DirectedDimensionalLocation.ixx /dn43/OCCT/tmp/results_28.02.2011/occt/release-sources-20110228/drv/StepShape/StepShape_DirectedDimensionalLocation.ixx
+M StepShape:pubinclude:Handle_StepShape_DimensionalLocationWithPath.hxx /dn43/OCCT/tmp/results_28.02.2011/occt/release-sources-20110228/inc/Handle_StepShape_DimensionalLocationWithPath.hxx
+M StepShape:pubinclude:StepShape_DimensionalLocationWithPath.hxx /dn43/OCCT/tmp/results_28.02.2011/occt/release-sources-20110228/inc/StepShape_DimensionalLocationWithPath.hxx
+M StepShape:privinclude:StepShape_DimensionalLocationWithPath.jxx /dn43/OCCT/tmp/results_28.02.2011/occt/release-sources-20110228/drv/StepShape/StepShape_DimensionalLocationWithPath.jxx
+M StepShape:privinclude:StepShape_DimensionalLocationWithPath.ixx /dn43/OCCT/tmp/results_28.02.2011/occt/release-sources-20110228/drv/StepShape/StepShape_DimensionalLocationWithPath.ixx
+M StepShape:pubinclude:Handle_StepShape_DimensionalSize.hxx /dn43/OCCT/tmp/results_28.02.2011/occt/release-sources-20110228/inc/Handle_StepShape_DimensionalSize.hxx
+M StepShape:pubinclude:StepShape_DimensionalSize.hxx /dn43/OCCT/tmp/results_28.02.2011/occt/release-sources-20110228/inc/StepShape_DimensionalSize.hxx
+M StepShape:privinclude:StepShape_DimensionalSize.jxx /dn43/OCCT/tmp/results_28.02.2011/occt/release-sources-20110228/drv/StepShape/StepShape_DimensionalSize.jxx
+M StepShape:privinclude:StepShape_DimensionalSize.ixx /dn43/OCCT/tmp/results_28.02.2011/occt/release-sources-20110228/drv/StepShape/StepShape_DimensionalSize.ixx
+M StepShape:pubinclude:Handle_StepShape_DimensionalSizeWithPath.hxx /dn43/OCCT/tmp/results_28.02.2011/occt/release-sources-20110228/inc/Handle_StepShape_DimensionalSizeWithPath.hxx
+M StepShape:pubinclude:StepShape_DimensionalSizeWithPath.hxx /dn43/OCCT/tmp/results_28.02.2011/occt/release-sources-20110228/inc/StepShape_DimensionalSizeWithPath.hxx
+M StepShape:privinclude:StepShape_DimensionalSizeWithPath.jxx /dn43/OCCT/tmp/results_28.02.2011/occt/release-sources-20110228/drv/StepShape/StepShape_DimensionalSizeWithPath.jxx
+M StepShape:privinclude:StepShape_DimensionalSizeWithPath.ixx /dn43/OCCT/tmp/results_28.02.2011/occt/release-sources-20110228/drv/StepShape/StepShape_DimensionalSizeWithPath.ixx
+M StepShape:pubinclude:Handle_StepShape_ShapeDimensionRepresentation.hxx /dn43/OCCT/tmp/results_28.02.2011/occt/release-sources-20110228/inc/Handle_StepShape_ShapeDimensionRepresentation.hxx
+M StepShape:pubinclude:StepShape_ShapeDimensionRepresentation.hxx /dn43/OCCT/tmp/results_28.02.2011/occt/release-sources-20110228/inc/StepShape_ShapeDimensionRepresentation.hxx
+M StepShape:privinclude:StepShape_ShapeDimensionRepresentation.jxx /dn43/OCCT/tmp/results_28.02.2011/occt/release-sources-20110228/drv/StepShape/StepShape_ShapeDimensionRepresentation.jxx
+M StepShape:privinclude:StepShape_ShapeDimensionRepresentation.ixx /dn43/OCCT/tmp/results_28.02.2011/occt/release-sources-20110228/drv/StepShape/StepShape_ShapeDimensionRepresentation.ixx
+M StepShape:pubinclude:Handle_StepShape_LimitsAndFits.hxx /dn43/OCCT/tmp/results_28.02.2011/occt/release-sources-20110228/inc/Handle_StepShape_LimitsAndFits.hxx
+M StepShape:pubinclude:StepShape_LimitsAndFits.hxx /dn43/OCCT/tmp/results_28.02.2011/occt/release-sources-20110228/inc/StepShape_LimitsAndFits.hxx
+M StepShape:privinclude:StepShape_LimitsAndFits.jxx /dn43/OCCT/tmp/results_28.02.2011/occt/release-sources-20110228/drv/StepShape/StepShape_LimitsAndFits.jxx
+M StepShape:privinclude:StepShape_LimitsAndFits.ixx /dn43/OCCT/tmp/results_28.02.2011/occt/release-sources-20110228/drv/StepShape/StepShape_LimitsAndFits.ixx
+M StepShape:pubinclude:Handle_StepShape_ToleranceValue.hxx /dn43/OCCT/tmp/results_28.02.2011/occt/release-sources-20110228/inc/Handle_StepShape_ToleranceValue.hxx
+M StepShape:pubinclude:StepShape_ToleranceValue.hxx /dn43/OCCT/tmp/results_28.02.2011/occt/release-sources-20110228/inc/StepShape_ToleranceValue.hxx
+M StepShape:privinclude:StepShape_ToleranceValue.jxx /dn43/OCCT/tmp/results_28.02.2011/occt/release-sources-20110228/drv/StepShape/StepShape_ToleranceValue.jxx
+M StepShape:privinclude:StepShape_ToleranceValue.ixx /dn43/OCCT/tmp/results_28.02.2011/occt/release-sources-20110228/drv/StepShape/StepShape_ToleranceValue.ixx
+M StepShape:pubinclude:Handle_StepShape_MeasureQualification.hxx /dn43/OCCT/tmp/results_28.02.2011/occt/release-sources-20110228/inc/Handle_StepShape_MeasureQualification.hxx
+M StepShape:pubinclude:StepShape_MeasureQualification.hxx /dn43/OCCT/tmp/results_28.02.2011/occt/release-sources-20110228/inc/StepShape_MeasureQualification.hxx
+M StepShape:privinclude:StepShape_MeasureQualification.jxx /dn43/OCCT/tmp/results_28.02.2011/occt/release-sources-20110228/drv/StepShape/StepShape_MeasureQualification.jxx
+M StepShape:privinclude:StepShape_MeasureQualification.ixx /dn43/OCCT/tmp/results_28.02.2011/occt/release-sources-20110228/drv/StepShape/StepShape_MeasureQualification.ixx
+M StepShape:pubinclude:Handle_StepShape_PlusMinusTolerance.hxx /dn43/OCCT/tmp/results_28.02.2011/occt/release-sources-20110228/inc/Handle_StepShape_PlusMinusTolerance.hxx
+M StepShape:pubinclude:StepShape_PlusMinusTolerance.hxx /dn43/OCCT/tmp/results_28.02.2011/occt/release-sources-20110228/inc/StepShape_PlusMinusTolerance.hxx
+M StepShape:privinclude:StepShape_PlusMinusTolerance.jxx /dn43/OCCT/tmp/results_28.02.2011/occt/release-sources-20110228/drv/StepShape/StepShape_PlusMinusTolerance.jxx
+M StepShape:privinclude:StepShape_PlusMinusTolerance.ixx /dn43/OCCT/tmp/results_28.02.2011/occt/release-sources-20110228/drv/StepShape/StepShape_PlusMinusTolerance.ixx
+M StepShape:pubinclude:Handle_StepShape_PrecisionQualifier.hxx /dn43/OCCT/tmp/results_28.02.2011/occt/release-sources-20110228/inc/Handle_StepShape_PrecisionQualifier.hxx
+M StepShape:pubinclude:StepShape_PrecisionQualifier.hxx /dn43/OCCT/tmp/results_28.02.2011/occt/release-sources-20110228/inc/StepShape_PrecisionQualifier.hxx
+M StepShape:privinclude:StepShape_PrecisionQualifier.jxx /dn43/OCCT/tmp/results_28.02.2011/occt/release-sources-20110228/drv/StepShape/StepShape_PrecisionQualifier.jxx
+M StepShape:privinclude:StepShape_PrecisionQualifier.ixx /dn43/OCCT/tmp/results_28.02.2011/occt/release-sources-20110228/drv/StepShape/StepShape_PrecisionQualifier.ixx
+M StepShape:pubinclude:Handle_StepShape_TypeQualifier.hxx /dn43/OCCT/tmp/results_28.02.2011/occt/release-sources-20110228/inc/Handle_StepShape_TypeQualifier.hxx
+M StepShape:pubinclude:StepShape_TypeQualifier.hxx /dn43/OCCT/tmp/results_28.02.2011/occt/release-sources-20110228/inc/StepShape_TypeQualifier.hxx
+M StepShape:privinclude:StepShape_TypeQualifier.jxx /dn43/OCCT/tmp/results_28.02.2011/occt/release-sources-20110228/drv/StepShape/StepShape_TypeQualifier.jxx
+M StepShape:privinclude:StepShape_TypeQualifier.ixx /dn43/OCCT/tmp/results_28.02.2011/occt/release-sources-20110228/drv/StepShape/StepShape_TypeQualifier.ixx
+M StepShape:pubinclude:StepShape_ValueQualifier.hxx /dn43/OCCT/tmp/results_28.02.2011/occt/release-sources-20110228/inc/StepShape_ValueQualifier.hxx
+M StepShape:privinclude:StepShape_ValueQualifier.jxx /dn43/OCCT/tmp/results_28.02.2011/occt/release-sources-20110228/drv/StepShape/StepShape_ValueQualifier.jxx
+M StepShape:privinclude:StepShape_ValueQualifier.ixx /dn43/OCCT/tmp/results_28.02.2011/occt/release-sources-20110228/drv/StepShape/StepShape_ValueQualifier.ixx
+M StepShape:pubinclude:StepShape_ToleranceMethodDefinition.hxx /dn43/OCCT/tmp/results_28.02.2011/occt/release-sources-20110228/inc/StepShape_ToleranceMethodDefinition.hxx
+M StepShape:privinclude:StepShape_ToleranceMethodDefinition.jxx /dn43/OCCT/tmp/results_28.02.2011/occt/release-sources-20110228/drv/StepShape/StepShape_ToleranceMethodDefinition.jxx
+M StepShape:privinclude:StepShape_ToleranceMethodDefinition.ixx /dn43/OCCT/tmp/results_28.02.2011/occt/release-sources-20110228/drv/StepShape/StepShape_ToleranceMethodDefinition.ixx
+M StepShape:pubinclude:Handle_StepShape_QualifiedRepresentationItem.hxx /dn43/OCCT/tmp/results_28.02.2011/occt/release-sources-20110228/inc/Handle_StepShape_QualifiedRepresentationItem.hxx
+M StepShape:pubinclude:StepShape_QualifiedRepresentationItem.hxx /dn43/OCCT/tmp/results_28.02.2011/occt/release-sources-20110228/inc/StepShape_QualifiedRepresentationItem.hxx
+M StepShape:privinclude:StepShape_QualifiedRepresentationItem.jxx /dn43/OCCT/tmp/results_28.02.2011/occt/release-sources-20110228/drv/StepShape/StepShape_QualifiedRepresentationItem.jxx
+M StepShape:privinclude:StepShape_QualifiedRepresentationItem.ixx /dn43/OCCT/tmp/results_28.02.2011/occt/release-sources-20110228/drv/StepShape/StepShape_QualifiedRepresentationItem.ixx
+M StepShape:pubinclude:Handle_StepShape_MeasureRepresentationItemAndQualifiedRepresentationItem.hxx /dn43/OCCT/tmp/results_28.02.2011/occt/release-sources-20110228/inc/Handle_StepShape_MeasureRepresentationItemAndQualifiedRepresentationItem.hxx
+M StepShape:pubinclude:StepShape_MeasureRepresentationItemAndQualifiedRepresentationItem.hxx /dn43/OCCT/tmp/results_28.02.2011/occt/release-sources-20110228/inc/StepShape_MeasureRepresentationItemAndQualifiedRepresentationItem.hxx
+M StepShape:privinclude:StepShape_MeasureRepresentationItemAndQualifiedRepresentationItem.jxx /dn43/OCCT/tmp/results_28.02.2011/occt/release-sources-20110228/drv/StepShape/StepShape_MeasureRepresentationItemAndQualifiedRepresentationItem.jxx
+M StepShape:privinclude:StepShape_MeasureRepresentationItemAndQualifiedRepresentationItem.ixx /dn43/OCCT/tmp/results_28.02.2011/occt/release-sources-20110228/drv/StepShape/StepShape_MeasureRepresentationItemAndQualifiedRepresentationItem.ixx
+M StepShape:pubinclude:StepShape_Array1OfValueQualifier.hxx /dn43/OCCT/tmp/results_28.02.2011/occt/release-sources-20110228/inc/StepShape_Array1OfValueQualifier.hxx
+M StepShape:derivated:StepShape_Array1OfValueQualifier_0.cxx /dn43/OCCT/tmp/results_28.02.2011/occt/release-sources-20110228/drv/StepShape/StepShape_Array1OfValueQualifier_0.cxx
+M StepShape:pubinclude:Handle_StepShape_HArray1OfValueQualifier.hxx /dn43/OCCT/tmp/results_28.02.2011/occt/release-sources-20110228/inc/Handle_StepShape_HArray1OfValueQualifier.hxx
+M StepShape:pubinclude:StepShape_HArray1OfValueQualifier.hxx /dn43/OCCT/tmp/results_28.02.2011/occt/release-sources-20110228/inc/StepShape_HArray1OfValueQualifier.hxx
+M StepShape:derivated:StepShape_HArray1OfValueQualifier_0.cxx /dn43/OCCT/tmp/results_28.02.2011/occt/release-sources-20110228/drv/StepShape/StepShape_HArray1OfValueQualifier_0.cxx
+M StepShape:pubinclude:Handle_StepShape_PointRepresentation.hxx /dn43/OCCT/tmp/results_28.02.2011/occt/release-sources-20110228/inc/Handle_StepShape_PointRepresentation.hxx
+M StepShape:pubinclude:StepShape_PointRepresentation.hxx /dn43/OCCT/tmp/results_28.02.2011/occt/release-sources-20110228/inc/StepShape_PointRepresentation.hxx
+M StepShape:privinclude:StepShape_PointRepresentation.jxx /dn43/OCCT/tmp/results_28.02.2011/occt/release-sources-20110228/drv/StepShape/StepShape_PointRepresentation.jxx
+M StepShape:privinclude:StepShape_PointRepresentation.ixx /dn43/OCCT/tmp/results_28.02.2011/occt/release-sources-20110228/drv/StepShape/StepShape_PointRepresentation.ixx
+M StepShape:pubinclude:StepShape_BooleanOperator.hxx /dn43/OCCT/tmp/results_28.02.2011/occt/release-sources-20110228/inc/StepShape_BooleanOperator.hxx
+M StepShape:pubinclude:StepShape_AngleRelator.hxx /dn43/OCCT/tmp/results_28.02.2011/occt/release-sources-20110228/inc/StepShape_AngleRelator.hxx
+M StepShape:dbadmfile:StepShape_xcpp_header.In /dn43/OCCT/tmp/results_28.02.2011/occt/release-sources-20110228/drv/StepShape/.adm/StepShape_xcpp_header.In
+M StepShape:dbadmfile:StepShape_xcpp_header.Out /dn43/OCCT/tmp/results_28.02.2011/occt/release-sources-20110228/drv/StepShape/.adm/StepShape_xcpp_header.Out
+M StepShape:dbadmfile:StepShape_xcpp_header.Dep /dn43/OCCT/tmp/results_28.02.2011/occt/release-sources-20110228/drv/StepShape/.adm/StepShape_xcpp_header.Dep
