+M Extrema:pubinclude:Extrema_CurveTool.lxx /dn43/OCCT/tmp/results_28.02.2011/occt/release-sources-20110228/inc/Extrema_CurveTool.lxx
+M Extrema:pubinclude:Extrema_Curve2dTool.lxx /dn43/OCCT/tmp/results_28.02.2011/occt/release-sources-20110228/inc/Extrema_Curve2dTool.lxx
+M Extrema:pubinclude:Extrema_Point.gxx /dn43/OCCT/tmp/results_28.02.2011/occt/release-sources-20110228/inc/Extrema_Point.gxx
+M Extrema:pubinclude:Extrema_Point.lxx /dn43/OCCT/tmp/results_28.02.2011/occt/release-sources-20110228/inc/Extrema_Point.lxx
+M Extrema:pubinclude:Extrema_POnSurf.lxx /dn43/OCCT/tmp/results_28.02.2011/occt/release-sources-20110228/inc/Extrema_POnSurf.lxx
+M Extrema:pubinclude:Extrema_ExtPSOfRev.gxx /dn43/OCCT/tmp/results_28.02.2011/occt/release-sources-20110228/inc/Extrema_ExtPSOfRev.gxx
+M Extrema:pubinclude:Extrema_FuncExtPC.gxx /dn43/OCCT/tmp/results_28.02.2011/occt/release-sources-20110228/inc/Extrema_FuncExtPC.gxx
+M Extrema:pubinclude:Extrema_GenExtPC.gxx /dn43/OCCT/tmp/results_28.02.2011/occt/release-sources-20110228/inc/Extrema_GenExtPC.gxx
+M Extrema:pubinclude:Extrema_GenLocateExtPC.gxx /dn43/OCCT/tmp/results_28.02.2011/occt/release-sources-20110228/inc/Extrema_GenLocateExtPC.gxx
+M Extrema:pubinclude:Extrema_FuncExtCC.gxx /dn43/OCCT/tmp/results_28.02.2011/occt/release-sources-20110228/inc/Extrema_FuncExtCC.gxx
+M Extrema:pubinclude:Extrema_FuncExtCC.lxx /dn43/OCCT/tmp/results_28.02.2011/occt/release-sources-20110228/inc/Extrema_FuncExtCC.lxx
+M Extrema:pubinclude:Extrema_GenExtCC.gxx /dn43/OCCT/tmp/results_28.02.2011/occt/release-sources-20110228/inc/Extrema_GenExtCC.gxx
+M Extrema:pubinclude:Extrema_GenLocateExtCC.gxx /dn43/OCCT/tmp/results_28.02.2011/occt/release-sources-20110228/inc/Extrema_GenLocateExtCC.gxx
+M Extrema:pubinclude:Extrema_CurveCache.gxx /dn43/OCCT/tmp/results_28.02.2011/occt/release-sources-20110228/inc/Extrema_CurveCache.gxx
+M Extrema:pubinclude:Extrema_CurveCache.lxx /dn43/OCCT/tmp/results_28.02.2011/occt/release-sources-20110228/inc/Extrema_CurveCache.lxx
+M Extrema:pubinclude:Extrema_GExtPC.gxx /dn43/OCCT/tmp/results_28.02.2011/occt/release-sources-20110228/inc/Extrema_GExtPC.gxx
+M Extrema:pubinclude:Extrema_GLocateExtPC.gxx /dn43/OCCT/tmp/results_28.02.2011/occt/release-sources-20110228/inc/Extrema_GLocateExtPC.gxx
+M Extrema:pubinclude:Extrema_GExtCC.gxx /dn43/OCCT/tmp/results_28.02.2011/occt/release-sources-20110228/inc/Extrema_GExtCC.gxx
+M Extrema:pubinclude:Extrema_GLocateExtCC.gxx /dn43/OCCT/tmp/results_28.02.2011/occt/release-sources-20110228/inc/Extrema_GLocateExtCC.gxx
+M Extrema:pubinclude:Extrema_GExtCC2d.gxx /dn43/OCCT/tmp/results_28.02.2011/occt/release-sources-20110228/inc/Extrema_GExtCC2d.gxx
+M Extrema:pubinclude:Extrema_GLocateExtCC2d.gxx /dn43/OCCT/tmp/results_28.02.2011/occt/release-sources-20110228/inc/Extrema_GLocateExtCC2d.gxx
+M Extrema:pubinclude:Extrema_CurveLocator.gxx /dn43/OCCT/tmp/results_28.02.2011/occt/release-sources-20110228/inc/Extrema_CurveLocator.gxx
+M Extrema:dbadmfile:Extrema_obj_inc.In /dn43/OCCT/tmp/results_28.02.2011/occt/release-sources-20110228/drv/Extrema/.adm/Extrema_obj_inc.In
+M Extrema:dbadmfile:Extrema_obj_inc.Out /dn43/OCCT/tmp/results_28.02.2011/occt/release-sources-20110228/drv/Extrema/.adm/Extrema_obj_inc.Out
+M Extrema:dbadmfile:Extrema_obj_inc.Dep /dn43/OCCT/tmp/results_28.02.2011/occt/release-sources-20110228/drv/Extrema/.adm/Extrema_obj_inc.Dep
