+M AIS:pubinclude:AIS_NListTransient.hxx /dn43/OCCT/tmp/results_28.02.2011/occt/release-sources-20110228/inc/AIS_NListTransient.hxx
+M AIS:pubinclude:AIS_NListIteratorOfListTransient.hxx /dn43/OCCT/tmp/results_28.02.2011/occt/release-sources-20110228/inc/AIS_NListIteratorOfListTransient.hxx
+M AIS:pubinclude:AIS_NDataMapOfTransientIteratorOfListTransient.hxx /dn43/OCCT/tmp/results_28.02.2011/occt/release-sources-20110228/inc/AIS_NDataMapOfTransientIteratorOfListTransient.hxx
+M AIS:pubinclude:AIS_Drawer.lxx /dn43/OCCT/tmp/results_28.02.2011/occt/release-sources-20110228/inc/AIS_Drawer.lxx
+M AIS:pubinclude:AIS_InteractiveContext.lxx /dn43/OCCT/tmp/results_28.02.2011/occt/release-sources-20110228/inc/AIS_InteractiveContext.lxx
+M AIS:pubinclude:AIS_LocalContext.lxx /dn43/OCCT/tmp/results_28.02.2011/occt/release-sources-20110228/inc/AIS_LocalContext.lxx
+M AIS:pubinclude:AIS_LocalStatus.lxx /dn43/OCCT/tmp/results_28.02.2011/occt/release-sources-20110228/inc/AIS_LocalStatus.lxx
+M AIS:pubinclude:AIS_GlobalStatus.lxx /dn43/OCCT/tmp/results_28.02.2011/occt/release-sources-20110228/inc/AIS_GlobalStatus.lxx
+M AIS:pubinclude:AIS_InteractiveObject.lxx /dn43/OCCT/tmp/results_28.02.2011/occt/release-sources-20110228/inc/AIS_InteractiveObject.lxx
+M AIS:pubinclude:AIS_Point.lxx /dn43/OCCT/tmp/results_28.02.2011/occt/release-sources-20110228/inc/AIS_Point.lxx
+M AIS:pubinclude:AIS_Axis.lxx /dn43/OCCT/tmp/results_28.02.2011/occt/release-sources-20110228/inc/AIS_Axis.lxx
+M AIS:pubinclude:AIS_Trihedron.lxx /dn43/OCCT/tmp/results_28.02.2011/occt/release-sources-20110228/inc/AIS_Trihedron.lxx
+M AIS:pubinclude:AIS_PlaneTrihedron.lxx /dn43/OCCT/tmp/results_28.02.2011/occt/release-sources-20110228/inc/AIS_PlaneTrihedron.lxx
+M AIS:pubinclude:AIS_Line.lxx /dn43/OCCT/tmp/results_28.02.2011/occt/release-sources-20110228/inc/AIS_Line.lxx
+M AIS:pubinclude:AIS_Circle.lxx /dn43/OCCT/tmp/results_28.02.2011/occt/release-sources-20110228/inc/AIS_Circle.lxx
+M AIS:pubinclude:AIS_Plane.lxx /dn43/OCCT/tmp/results_28.02.2011/occt/release-sources-20110228/inc/AIS_Plane.lxx
+M AIS:pubinclude:AIS_Shape.lxx /dn43/OCCT/tmp/results_28.02.2011/occt/release-sources-20110228/inc/AIS_Shape.lxx
+M AIS:pubinclude:AIS_MultipleConnectedShape.lxx /dn43/OCCT/tmp/results_28.02.2011/occt/release-sources-20110228/inc/AIS_MultipleConnectedShape.lxx
+M AIS:pubinclude:AIS_ConnectedInteractive.lxx /dn43/OCCT/tmp/results_28.02.2011/occt/release-sources-20110228/inc/AIS_ConnectedInteractive.lxx
+M AIS:pubinclude:AIS_MultipleConnectedInteractive.lxx /dn43/OCCT/tmp/results_28.02.2011/occt/release-sources-20110228/inc/AIS_MultipleConnectedInteractive.lxx
+M AIS:pubinclude:AIS_DimensionOwner.lxx /dn43/OCCT/tmp/results_28.02.2011/occt/release-sources-20110228/inc/AIS_DimensionOwner.lxx
+M AIS:pubinclude:AIS_Relation.lxx /dn43/OCCT/tmp/results_28.02.2011/occt/release-sources-20110228/inc/AIS_Relation.lxx
+M AIS:pubinclude:AIS_LengthDimension.lxx /dn43/OCCT/tmp/results_28.02.2011/occt/release-sources-20110228/inc/AIS_LengthDimension.lxx
+M AIS:pubinclude:AIS_AngleDimension.lxx /dn43/OCCT/tmp/results_28.02.2011/occt/release-sources-20110228/inc/AIS_AngleDimension.lxx
+M AIS:pubinclude:AIS_RadiusDimension.lxx /dn43/OCCT/tmp/results_28.02.2011/occt/release-sources-20110228/inc/AIS_RadiusDimension.lxx
+M AIS:pubinclude:AIS_DiameterDimension.lxx /dn43/OCCT/tmp/results_28.02.2011/occt/release-sources-20110228/inc/AIS_DiameterDimension.lxx
+M AIS:pubinclude:AIS_Chamf2dDimension.lxx /dn43/OCCT/tmp/results_28.02.2011/occt/release-sources-20110228/inc/AIS_Chamf2dDimension.lxx
+M AIS:pubinclude:AIS_Chamf3dDimension.lxx /dn43/OCCT/tmp/results_28.02.2011/occt/release-sources-20110228/inc/AIS_Chamf3dDimension.lxx
+M AIS:pubinclude:AIS_OffsetDimension.lxx /dn43/OCCT/tmp/results_28.02.2011/occt/release-sources-20110228/inc/AIS_OffsetDimension.lxx
+M AIS:pubinclude:AIS_FixRelation.lxx /dn43/OCCT/tmp/results_28.02.2011/occt/release-sources-20110228/inc/AIS_FixRelation.lxx
+M AIS:pubinclude:AIS_ParallelRelation.lxx /dn43/OCCT/tmp/results_28.02.2011/occt/release-sources-20110228/inc/AIS_ParallelRelation.lxx
+M AIS:pubinclude:AIS_IdenticRelation.lxx /dn43/OCCT/tmp/results_28.02.2011/occt/release-sources-20110228/inc/AIS_IdenticRelation.lxx
+M AIS:pubinclude:AIS_SymmetricRelation.lxx /dn43/OCCT/tmp/results_28.02.2011/occt/release-sources-20110228/inc/AIS_SymmetricRelation.lxx
+M AIS:pubinclude:AIS_MidPointRelation.lxx /dn43/OCCT/tmp/results_28.02.2011/occt/release-sources-20110228/inc/AIS_MidPointRelation.lxx
+M AIS:pubinclude:AIS_EqualDistanceRelation.lxx /dn43/OCCT/tmp/results_28.02.2011/occt/release-sources-20110228/inc/AIS_EqualDistanceRelation.lxx
+M AIS:pubinclude:AIS_ExclusionFilter.lxx /dn43/OCCT/tmp/results_28.02.2011/occt/release-sources-20110228/inc/AIS_ExclusionFilter.lxx
+M AIS:pubinclude:AIS_AttributeFilter.lxx /dn43/OCCT/tmp/results_28.02.2011/occt/release-sources-20110228/inc/AIS_AttributeFilter.lxx
+M AIS:pubinclude:AIS_Selection.lxx /dn43/OCCT/tmp/results_28.02.2011/occt/release-sources-20110228/inc/AIS_Selection.lxx
+M AIS:dbadmfile:AIS_obj_inc.In /dn43/OCCT/tmp/results_28.02.2011/occt/release-sources-20110228/drv/AIS/.adm/AIS_obj_inc.In
+M AIS:dbadmfile:AIS_obj_inc.Out /dn43/OCCT/tmp/results_28.02.2011/occt/release-sources-20110228/drv/AIS/.adm/AIS_obj_inc.Out
+M AIS:dbadmfile:AIS_obj_inc.Dep /dn43/OCCT/tmp/results_28.02.2011/occt/release-sources-20110228/drv/AIS/.adm/AIS_obj_inc.Dep
