+M TransferBRep:pubinclude:TransferBRep.hxx /dn43/OCCT/tmp/results_30.09.2011/occt/release-sources-20110930/inc/TransferBRep.hxx
+M TransferBRep:privinclude:TransferBRep.jxx /dn43/OCCT/tmp/results_30.09.2011/occt/release-sources-20110930/drv/TransferBRep/TransferBRep.jxx
+M TransferBRep:privinclude:TransferBRep.ixx /dn43/OCCT/tmp/results_30.09.2011/occt/release-sources-20110930/drv/TransferBRep/TransferBRep.ixx
+M TransferBRep:pubinclude:TransferBRep_Reader.hxx /dn43/OCCT/tmp/results_30.09.2011/occt/release-sources-20110930/inc/TransferBRep_Reader.hxx
+M TransferBRep:privinclude:TransferBRep_Reader.jxx /dn43/OCCT/tmp/results_30.09.2011/occt/release-sources-20110930/drv/TransferBRep/TransferBRep_Reader.jxx
+M TransferBRep:privinclude:TransferBRep_Reader.ixx /dn43/OCCT/tmp/results_30.09.2011/occt/release-sources-20110930/drv/TransferBRep/TransferBRep_Reader.ixx
+M TransferBRep:pubinclude:TransferBRep_ShapeInfo.hxx /dn43/OCCT/tmp/results_30.09.2011/occt/release-sources-20110930/inc/TransferBRep_ShapeInfo.hxx
+M TransferBRep:privinclude:TransferBRep_ShapeInfo.jxx /dn43/OCCT/tmp/results_30.09.2011/occt/release-sources-20110930/drv/TransferBRep/TransferBRep_ShapeInfo.jxx
+M TransferBRep:privinclude:TransferBRep_ShapeInfo.ixx /dn43/OCCT/tmp/results_30.09.2011/occt/release-sources-20110930/drv/TransferBRep/TransferBRep_ShapeInfo.ixx
+M TransferBRep:pubinclude:Handle_TransferBRep_BinderOfShape.hxx /dn43/OCCT/tmp/results_30.09.2011/occt/release-sources-20110930/inc/Handle_TransferBRep_BinderOfShape.hxx
+M TransferBRep:pubinclude:TransferBRep_BinderOfShape.hxx /dn43/OCCT/tmp/results_30.09.2011/occt/release-sources-20110930/inc/TransferBRep_BinderOfShape.hxx
+M TransferBRep:derivated:TransferBRep_BinderOfShape_0.cxx /dn43/OCCT/tmp/results_30.09.2011/occt/release-sources-20110930/drv/TransferBRep/TransferBRep_BinderOfShape_0.cxx
+M TransferBRep:pubinclude:Handle_TransferBRep_ShapeBinder.hxx /dn43/OCCT/tmp/results_30.09.2011/occt/release-sources-20110930/inc/Handle_TransferBRep_ShapeBinder.hxx
+M TransferBRep:pubinclude:TransferBRep_ShapeBinder.hxx /dn43/OCCT/tmp/results_30.09.2011/occt/release-sources-20110930/inc/TransferBRep_ShapeBinder.hxx
+M TransferBRep:privinclude:TransferBRep_ShapeBinder.jxx /dn43/OCCT/tmp/results_30.09.2011/occt/release-sources-20110930/drv/TransferBRep/TransferBRep_ShapeBinder.jxx
+M TransferBRep:privinclude:TransferBRep_ShapeBinder.ixx /dn43/OCCT/tmp/results_30.09.2011/occt/release-sources-20110930/drv/TransferBRep/TransferBRep_ShapeBinder.ixx
+M TransferBRep:pubinclude:Handle_TransferBRep_ShapeListBinder.hxx /dn43/OCCT/tmp/results_30.09.2011/occt/release-sources-20110930/inc/Handle_TransferBRep_ShapeListBinder.hxx
+M TransferBRep:pubinclude:TransferBRep_ShapeListBinder.hxx /dn43/OCCT/tmp/results_30.09.2011/occt/release-sources-20110930/inc/TransferBRep_ShapeListBinder.hxx
+M TransferBRep:privinclude:TransferBRep_ShapeListBinder.jxx /dn43/OCCT/tmp/results_30.09.2011/occt/release-sources-20110930/drv/TransferBRep/TransferBRep_ShapeListBinder.jxx
+M TransferBRep:privinclude:TransferBRep_ShapeListBinder.ixx /dn43/OCCT/tmp/results_30.09.2011/occt/release-sources-20110930/drv/TransferBRep/TransferBRep_ShapeListBinder.ixx
+M TransferBRep:pubinclude:Handle_TransferBRep_ShapeMapper.hxx /dn43/OCCT/tmp/results_30.09.2011/occt/release-sources-20110930/inc/Handle_TransferBRep_ShapeMapper.hxx
+M TransferBRep:pubinclude:TransferBRep_ShapeMapper.hxx /dn43/OCCT/tmp/results_30.09.2011/occt/release-sources-20110930/inc/TransferBRep_ShapeMapper.hxx
+M TransferBRep:derivated:TransferBRep_ShapeMapper_0.cxx /dn43/OCCT/tmp/results_30.09.2011/occt/release-sources-20110930/drv/TransferBRep/TransferBRep_ShapeMapper_0.cxx
+M TransferBRep:pubinclude:Handle_TransferBRep_OrientedShapeMapper.hxx /dn43/OCCT/tmp/results_30.09.2011/occt/release-sources-20110930/inc/Handle_TransferBRep_OrientedShapeMapper.hxx
+M TransferBRep:pubinclude:TransferBRep_OrientedShapeMapper.hxx /dn43/OCCT/tmp/results_30.09.2011/occt/release-sources-20110930/inc/TransferBRep_OrientedShapeMapper.hxx
+M TransferBRep:derivated:TransferBRep_OrientedShapeMapper_0.cxx /dn43/OCCT/tmp/results_30.09.2011/occt/release-sources-20110930/drv/TransferBRep/TransferBRep_OrientedShapeMapper_0.cxx
+M TransferBRep:pubinclude:Handle_TransferBRep_TransferResultInfo.hxx /dn43/OCCT/tmp/results_30.09.2011/occt/release-sources-20110930/inc/Handle_TransferBRep_TransferResultInfo.hxx
+M TransferBRep:pubinclude:TransferBRep_TransferResultInfo.hxx /dn43/OCCT/tmp/results_30.09.2011/occt/release-sources-20110930/inc/TransferBRep_TransferResultInfo.hxx
+M TransferBRep:privinclude:TransferBRep_TransferResultInfo.jxx /dn43/OCCT/tmp/results_30.09.2011/occt/release-sources-20110930/drv/TransferBRep/TransferBRep_TransferResultInfo.jxx
+M TransferBRep:privinclude:TransferBRep_TransferResultInfo.ixx /dn43/OCCT/tmp/results_30.09.2011/occt/release-sources-20110930/drv/TransferBRep/TransferBRep_TransferResultInfo.ixx
+M TransferBRep:pubinclude:TransferBRep_SequenceOfTransferResultInfo.hxx /dn43/OCCT/tmp/results_30.09.2011/occt/release-sources-20110930/inc/TransferBRep_SequenceOfTransferResultInfo.hxx
+M TransferBRep:derivated:TransferBRep_SequenceOfTransferResultInfo_0.cxx /dn43/OCCT/tmp/results_30.09.2011/occt/release-sources-20110930/drv/TransferBRep/TransferBRep_SequenceOfTransferResultInfo_0.cxx
+M TransferBRep:pubinclude:Handle_TransferBRep_HSequenceOfTransferResultInfo.hxx /dn43/OCCT/tmp/results_30.09.2011/occt/release-sources-20110930/inc/Handle_TransferBRep_HSequenceOfTransferResultInfo.hxx
+M TransferBRep:pubinclude:TransferBRep_HSequenceOfTransferResultInfo.hxx /dn43/OCCT/tmp/results_30.09.2011/occt/release-sources-20110930/inc/TransferBRep_HSequenceOfTransferResultInfo.hxx
+M TransferBRep:derivated:TransferBRep_HSequenceOfTransferResultInfo_0.cxx /dn43/OCCT/tmp/results_30.09.2011/occt/release-sources-20110930/drv/TransferBRep/TransferBRep_HSequenceOfTransferResultInfo_0.cxx
+M TransferBRep:pubinclude:Handle_TransferBRep_SequenceNodeOfSequenceOfTransferResultInfo.hxx /dn43/OCCT/tmp/results_30.09.2011/occt/release-sources-20110930/inc/Handle_TransferBRep_SequenceNodeOfSequenceOfTransferResultInfo.hxx
+M TransferBRep:pubinclude:TransferBRep_SequenceNodeOfSequenceOfTransferResultInfo.hxx /dn43/OCCT/tmp/results_30.09.2011/occt/release-sources-20110930/inc/TransferBRep_SequenceNodeOfSequenceOfTransferResultInfo.hxx
+M TransferBRep:derivated:TransferBRep_SequenceNodeOfSequenceOfTransferResultInfo_0.cxx /dn43/OCCT/tmp/results_30.09.2011/occt/release-sources-20110930/drv/TransferBRep/TransferBRep_SequenceNodeOfSequenceOfTransferResultInfo_0.cxx
+M TransferBRep:dbadmfile:TransferBRep_xcpp_header.In /dn43/OCCT/tmp/results_30.09.2011/occt/release-sources-20110930/drv/TransferBRep/.adm/TransferBRep_xcpp_header.In
+M TransferBRep:dbadmfile:TransferBRep_xcpp_header.Out /dn43/OCCT/tmp/results_30.09.2011/occt/release-sources-20110930/drv/TransferBRep/.adm/TransferBRep_xcpp_header.Out
+M TransferBRep:dbadmfile:TransferBRep_xcpp_header.Dep /dn43/OCCT/tmp/results_30.09.2011/occt/release-sources-20110930/drv/TransferBRep/.adm/TransferBRep_xcpp_header.Dep
