+M Contap:pubinclude:Contap_ContourGen_1.gxx /dn43/OCCT/tmp/results_31.05.2011/occt/release-sources-20110531/inc/Contap_ContourGen_1.gxx
+M Contap:pubinclude:Contap_ContourGen_2.gxx /dn43/OCCT/tmp/results_31.05.2011/occt/release-sources-20110531/inc/Contap_ContourGen_2.gxx
+M Contap:pubinclude:Contap_ContourGen_3.gxx /dn43/OCCT/tmp/results_31.05.2011/occt/release-sources-20110531/inc/Contap_ContourGen_3.gxx
+M Contap:pubinclude:Contap_ArcTool.gxx /dn43/OCCT/tmp/results_31.05.2011/occt/release-sources-20110531/inc/Contap_ArcTool.gxx
+M Contap:pubinclude:Contap_SurfaceTool.gxx /dn43/OCCT/tmp/results_31.05.2011/occt/release-sources-20110531/inc/Contap_SurfaceTool.gxx
+M Contap:pubinclude:Contap_TopolTool.gxx /dn43/OCCT/tmp/results_31.05.2011/occt/release-sources-20110531/inc/Contap_TopolTool.gxx
+M Contap:pubinclude:Contap_Point.gxx /dn43/OCCT/tmp/results_31.05.2011/occt/release-sources-20110531/inc/Contap_Point.gxx
+M Contap:pubinclude:Contap_Point.lxx /dn43/OCCT/tmp/results_31.05.2011/occt/release-sources-20110531/inc/Contap_Point.lxx
+M Contap:pubinclude:Contap_Line.gxx /dn43/OCCT/tmp/results_31.05.2011/occt/release-sources-20110531/inc/Contap_Line.gxx
+M Contap:pubinclude:Contap_Line.lxx /dn43/OCCT/tmp/results_31.05.2011/occt/release-sources-20110531/inc/Contap_Line.lxx
+M Contap:pubinclude:Contap_SurfFunction.gxx /dn43/OCCT/tmp/results_31.05.2011/occt/release-sources-20110531/inc/Contap_SurfFunction.gxx
+M Contap:pubinclude:Contap_SurfFunction.lxx /dn43/OCCT/tmp/results_31.05.2011/occt/release-sources-20110531/inc/Contap_SurfFunction.lxx
+M Contap:pubinclude:Contap_ArcFunction.gxx /dn43/OCCT/tmp/results_31.05.2011/occt/release-sources-20110531/inc/Contap_ArcFunction.gxx
+M Contap:pubinclude:Contap_ArcFunction.lxx /dn43/OCCT/tmp/results_31.05.2011/occt/release-sources-20110531/inc/Contap_ArcFunction.lxx
+M Contap:pubinclude:Contap_SurfProps.gxx /dn43/OCCT/tmp/results_31.05.2011/occt/release-sources-20110531/inc/Contap_SurfProps.gxx
+M Contap:pubinclude:Contap_ContourGen.gxx /dn43/OCCT/tmp/results_31.05.2011/occt/release-sources-20110531/inc/Contap_ContourGen.gxx
+M Contap:pubinclude:Contap_ContourGen.lxx /dn43/OCCT/tmp/results_31.05.2011/occt/release-sources-20110531/inc/Contap_ContourGen.lxx
+M Contap:pubinclude:Contap_ContAna.lxx /dn43/OCCT/tmp/results_31.05.2011/occt/release-sources-20110531/inc/Contap_ContAna.lxx
+M Contap:pubinclude:Contap_HContToolGen.gxx /dn43/OCCT/tmp/results_31.05.2011/occt/release-sources-20110531/inc/Contap_HContToolGen.gxx
+M Contap:pubinclude:Contap_HCurve2dToolGen.gxx /dn43/OCCT/tmp/results_31.05.2011/occt/release-sources-20110531/inc/Contap_HCurve2dToolGen.gxx
+M Contap:pubinclude:Contap_HCurve2dToolGen.lxx /dn43/OCCT/tmp/results_31.05.2011/occt/release-sources-20110531/inc/Contap_HCurve2dToolGen.lxx
+M Contap:dbadmfile:Contap_obj_inc.In /dn43/OCCT/tmp/results_31.05.2011/occt/release-sources-20110531/drv/Contap/.adm/Contap_obj_inc.In
+M Contap:dbadmfile:Contap_obj_inc.Out /dn43/OCCT/tmp/results_31.05.2011/occt/release-sources-20110531/drv/Contap/.adm/Contap_obj_inc.Out
+M Contap:dbadmfile:Contap_obj_inc.Dep /dn43/OCCT/tmp/results_31.05.2011/occt/release-sources-20110531/drv/Contap/.adm/Contap_obj_inc.Dep
