+M XSControl:pubinclude:XSControl.hxx /dn43/OCCT/tmp/results_28.02.2011/occt/release-sources-20110228/inc/XSControl.hxx
+M XSControl:privinclude:XSControl.jxx /dn43/OCCT/tmp/results_28.02.2011/occt/release-sources-20110228/drv/XSControl/XSControl.jxx
+M XSControl:privinclude:XSControl.ixx /dn43/OCCT/tmp/results_28.02.2011/occt/release-sources-20110228/drv/XSControl/XSControl.ixx
+M XSControl:pubinclude:Handle_XSControl_Controller.hxx /dn43/OCCT/tmp/results_28.02.2011/occt/release-sources-20110228/inc/Handle_XSControl_Controller.hxx
+M XSControl:pubinclude:XSControl_Controller.hxx /dn43/OCCT/tmp/results_28.02.2011/occt/release-sources-20110228/inc/XSControl_Controller.hxx
+M XSControl:privinclude:XSControl_Controller.jxx /dn43/OCCT/tmp/results_28.02.2011/occt/release-sources-20110228/drv/XSControl/XSControl_Controller.jxx
+M XSControl:privinclude:XSControl_Controller.ixx /dn43/OCCT/tmp/results_28.02.2011/occt/release-sources-20110228/drv/XSControl/XSControl_Controller.ixx
+M XSControl:pubinclude:Handle_XSControl_TransferReader.hxx /dn43/OCCT/tmp/results_28.02.2011/occt/release-sources-20110228/inc/Handle_XSControl_TransferReader.hxx
+M XSControl:pubinclude:XSControl_TransferReader.hxx /dn43/OCCT/tmp/results_28.02.2011/occt/release-sources-20110228/inc/XSControl_TransferReader.hxx
+M XSControl:privinclude:XSControl_TransferReader.jxx /dn43/OCCT/tmp/results_28.02.2011/occt/release-sources-20110228/drv/XSControl/XSControl_TransferReader.jxx
+M XSControl:privinclude:XSControl_TransferReader.ixx /dn43/OCCT/tmp/results_28.02.2011/occt/release-sources-20110228/drv/XSControl/XSControl_TransferReader.ixx
+M XSControl:pubinclude:Handle_XSControl_TransferWriter.hxx /dn43/OCCT/tmp/results_28.02.2011/occt/release-sources-20110228/inc/Handle_XSControl_TransferWriter.hxx
+M XSControl:pubinclude:XSControl_TransferWriter.hxx /dn43/OCCT/tmp/results_28.02.2011/occt/release-sources-20110228/inc/XSControl_TransferWriter.hxx
+M XSControl:privinclude:XSControl_TransferWriter.jxx /dn43/OCCT/tmp/results_28.02.2011/occt/release-sources-20110228/drv/XSControl/XSControl_TransferWriter.jxx
+M XSControl:privinclude:XSControl_TransferWriter.ixx /dn43/OCCT/tmp/results_28.02.2011/occt/release-sources-20110228/drv/XSControl/XSControl_TransferWriter.ixx
+M XSControl:pubinclude:Handle_XSControl_WorkSession.hxx /dn43/OCCT/tmp/results_28.02.2011/occt/release-sources-20110228/inc/Handle_XSControl_WorkSession.hxx
+M XSControl:pubinclude:XSControl_WorkSession.hxx /dn43/OCCT/tmp/results_28.02.2011/occt/release-sources-20110228/inc/XSControl_WorkSession.hxx
+M XSControl:privinclude:XSControl_WorkSession.jxx /dn43/OCCT/tmp/results_28.02.2011/occt/release-sources-20110228/drv/XSControl/XSControl_WorkSession.jxx
+M XSControl:privinclude:XSControl_WorkSession.ixx /dn43/OCCT/tmp/results_28.02.2011/occt/release-sources-20110228/drv/XSControl/XSControl_WorkSession.ixx
+M XSControl:pubinclude:Handle_XSControl_SelectForTransfer.hxx /dn43/OCCT/tmp/results_28.02.2011/occt/release-sources-20110228/inc/Handle_XSControl_SelectForTransfer.hxx
+M XSControl:pubinclude:XSControl_SelectForTransfer.hxx /dn43/OCCT/tmp/results_28.02.2011/occt/release-sources-20110228/inc/XSControl_SelectForTransfer.hxx
+M XSControl:privinclude:XSControl_SelectForTransfer.jxx /dn43/OCCT/tmp/results_28.02.2011/occt/release-sources-20110228/drv/XSControl/XSControl_SelectForTransfer.jxx
+M XSControl:privinclude:XSControl_SelectForTransfer.ixx /dn43/OCCT/tmp/results_28.02.2011/occt/release-sources-20110228/drv/XSControl/XSControl_SelectForTransfer.ixx
+M XSControl:pubinclude:Handle_XSControl_SignTransferStatus.hxx /dn43/OCCT/tmp/results_28.02.2011/occt/release-sources-20110228/inc/Handle_XSControl_SignTransferStatus.hxx
+M XSControl:pubinclude:XSControl_SignTransferStatus.hxx /dn43/OCCT/tmp/results_28.02.2011/occt/release-sources-20110228/inc/XSControl_SignTransferStatus.hxx
+M XSControl:privinclude:XSControl_SignTransferStatus.jxx /dn43/OCCT/tmp/results_28.02.2011/occt/release-sources-20110228/drv/XSControl/XSControl_SignTransferStatus.jxx
+M XSControl:privinclude:XSControl_SignTransferStatus.ixx /dn43/OCCT/tmp/results_28.02.2011/occt/release-sources-20110228/drv/XSControl/XSControl_SignTransferStatus.ixx
+M XSControl:pubinclude:Handle_XSControl_ConnectedShapes.hxx /dn43/OCCT/tmp/results_28.02.2011/occt/release-sources-20110228/inc/Handle_XSControl_ConnectedShapes.hxx
+M XSControl:pubinclude:XSControl_ConnectedShapes.hxx /dn43/OCCT/tmp/results_28.02.2011/occt/release-sources-20110228/inc/XSControl_ConnectedShapes.hxx
+M XSControl:privinclude:XSControl_ConnectedShapes.jxx /dn43/OCCT/tmp/results_28.02.2011/occt/release-sources-20110228/drv/XSControl/XSControl_ConnectedShapes.jxx
+M XSControl:privinclude:XSControl_ConnectedShapes.ixx /dn43/OCCT/tmp/results_28.02.2011/occt/release-sources-20110228/drv/XSControl/XSControl_ConnectedShapes.ixx
+M XSControl:pubinclude:XSControl_Reader.hxx /dn43/OCCT/tmp/results_28.02.2011/occt/release-sources-20110228/inc/XSControl_Reader.hxx
+M XSControl:privinclude:XSControl_Reader.jxx /dn43/OCCT/tmp/results_28.02.2011/occt/release-sources-20110228/drv/XSControl/XSControl_Reader.jxx
+M XSControl:privinclude:XSControl_Reader.ixx /dn43/OCCT/tmp/results_28.02.2011/occt/release-sources-20110228/drv/XSControl/XSControl_Reader.ixx
+M XSControl:pubinclude:XSControl_Writer.hxx /dn43/OCCT/tmp/results_28.02.2011/occt/release-sources-20110228/inc/XSControl_Writer.hxx
+M XSControl:privinclude:XSControl_Writer.jxx /dn43/OCCT/tmp/results_28.02.2011/occt/release-sources-20110228/drv/XSControl/XSControl_Writer.jxx
+M XSControl:privinclude:XSControl_Writer.ixx /dn43/OCCT/tmp/results_28.02.2011/occt/release-sources-20110228/drv/XSControl/XSControl_Writer.ixx
+M XSControl:pubinclude:XSControl_Functions.hxx /dn43/OCCT/tmp/results_28.02.2011/occt/release-sources-20110228/inc/XSControl_Functions.hxx
+M XSControl:privinclude:XSControl_Functions.jxx /dn43/OCCT/tmp/results_28.02.2011/occt/release-sources-20110228/drv/XSControl/XSControl_Functions.jxx
+M XSControl:privinclude:XSControl_Functions.ixx /dn43/OCCT/tmp/results_28.02.2011/occt/release-sources-20110228/drv/XSControl/XSControl_Functions.ixx
+M XSControl:pubinclude:XSControl_FuncShape.hxx /dn43/OCCT/tmp/results_28.02.2011/occt/release-sources-20110228/inc/XSControl_FuncShape.hxx
+M XSControl:privinclude:XSControl_FuncShape.jxx /dn43/OCCT/tmp/results_28.02.2011/occt/release-sources-20110228/drv/XSControl/XSControl_FuncShape.jxx
+M XSControl:privinclude:XSControl_FuncShape.ixx /dn43/OCCT/tmp/results_28.02.2011/occt/release-sources-20110228/drv/XSControl/XSControl_FuncShape.ixx
+M XSControl:pubinclude:XSControl_Utils.hxx /dn43/OCCT/tmp/results_28.02.2011/occt/release-sources-20110228/inc/XSControl_Utils.hxx
+M XSControl:privinclude:XSControl_Utils.jxx /dn43/OCCT/tmp/results_28.02.2011/occt/release-sources-20110228/drv/XSControl/XSControl_Utils.jxx
+M XSControl:privinclude:XSControl_Utils.ixx /dn43/OCCT/tmp/results_28.02.2011/occt/release-sources-20110228/drv/XSControl/XSControl_Utils.ixx
+M XSControl:pubinclude:Handle_XSControl_Vars.hxx /dn43/OCCT/tmp/results_28.02.2011/occt/release-sources-20110228/inc/Handle_XSControl_Vars.hxx
+M XSControl:pubinclude:XSControl_Vars.hxx /dn43/OCCT/tmp/results_28.02.2011/occt/release-sources-20110228/inc/XSControl_Vars.hxx
+M XSControl:privinclude:XSControl_Vars.jxx /dn43/OCCT/tmp/results_28.02.2011/occt/release-sources-20110228/drv/XSControl/XSControl_Vars.jxx
+M XSControl:privinclude:XSControl_Vars.ixx /dn43/OCCT/tmp/results_28.02.2011/occt/release-sources-20110228/drv/XSControl/XSControl_Vars.ixx
+M XSControl:dbadmfile:XSControl_xcpp_header.In /dn43/OCCT/tmp/results_28.02.2011/occt/release-sources-20110228/drv/XSControl/.adm/XSControl_xcpp_header.In
+M XSControl:dbadmfile:XSControl_xcpp_header.Out /dn43/OCCT/tmp/results_28.02.2011/occt/release-sources-20110228/drv/XSControl/.adm/XSControl_xcpp_header.Out
+M XSControl:dbadmfile:XSControl_xcpp_header.Dep /dn43/OCCT/tmp/results_28.02.2011/occt/release-sources-20110228/drv/XSControl/.adm/XSControl_xcpp_header.Dep
