+M PLib:pubinclude:PLib.hxx /dn43/OCCT/tmp/results_31.05.2011/occt/release-sources-20110531/inc/PLib.hxx
+M PLib:privinclude:PLib.jxx /dn43/OCCT/tmp/results_31.05.2011/occt/release-sources-20110531/drv/PLib/PLib.jxx
+M PLib:privinclude:PLib.ixx /dn43/OCCT/tmp/results_31.05.2011/occt/release-sources-20110531/drv/PLib/PLib.ixx
+M PLib:pubinclude:Handle_PLib_Base.hxx /dn43/OCCT/tmp/results_31.05.2011/occt/release-sources-20110531/inc/Handle_PLib_Base.hxx
+M PLib:pubinclude:PLib_Base.hxx /dn43/OCCT/tmp/results_31.05.2011/occt/release-sources-20110531/inc/PLib_Base.hxx
+M PLib:privinclude:PLib_Base.jxx /dn43/OCCT/tmp/results_31.05.2011/occt/release-sources-20110531/drv/PLib/PLib_Base.jxx
+M PLib:privinclude:PLib_Base.ixx /dn43/OCCT/tmp/results_31.05.2011/occt/release-sources-20110531/drv/PLib/PLib_Base.ixx
+M PLib:pubinclude:Handle_PLib_JacobiPolynomial.hxx /dn43/OCCT/tmp/results_31.05.2011/occt/release-sources-20110531/inc/Handle_PLib_JacobiPolynomial.hxx
+M PLib:pubinclude:PLib_JacobiPolynomial.hxx /dn43/OCCT/tmp/results_31.05.2011/occt/release-sources-20110531/inc/PLib_JacobiPolynomial.hxx
+M PLib:privinclude:PLib_JacobiPolynomial.jxx /dn43/OCCT/tmp/results_31.05.2011/occt/release-sources-20110531/drv/PLib/PLib_JacobiPolynomial.jxx
+M PLib:privinclude:PLib_JacobiPolynomial.ixx /dn43/OCCT/tmp/results_31.05.2011/occt/release-sources-20110531/drv/PLib/PLib_JacobiPolynomial.ixx
+M PLib:pubinclude:Handle_PLib_HermitJacobi.hxx /dn43/OCCT/tmp/results_31.05.2011/occt/release-sources-20110531/inc/Handle_PLib_HermitJacobi.hxx
+M PLib:pubinclude:PLib_HermitJacobi.hxx /dn43/OCCT/tmp/results_31.05.2011/occt/release-sources-20110531/inc/PLib_HermitJacobi.hxx
+M PLib:privinclude:PLib_HermitJacobi.jxx /dn43/OCCT/tmp/results_31.05.2011/occt/release-sources-20110531/drv/PLib/PLib_HermitJacobi.jxx
+M PLib:privinclude:PLib_HermitJacobi.ixx /dn43/OCCT/tmp/results_31.05.2011/occt/release-sources-20110531/drv/PLib/PLib_HermitJacobi.ixx
+M PLib:pubinclude:PLib_DoubleJacobiPolynomial.hxx /dn43/OCCT/tmp/results_31.05.2011/occt/release-sources-20110531/inc/PLib_DoubleJacobiPolynomial.hxx
+M PLib:privinclude:PLib_DoubleJacobiPolynomial.jxx /dn43/OCCT/tmp/results_31.05.2011/occt/release-sources-20110531/drv/PLib/PLib_DoubleJacobiPolynomial.jxx
+M PLib:privinclude:PLib_DoubleJacobiPolynomial.ixx /dn43/OCCT/tmp/results_31.05.2011/occt/release-sources-20110531/drv/PLib/PLib_DoubleJacobiPolynomial.ixx
+M PLib:dbadmfile:PLib_xcpp_header.In /dn43/OCCT/tmp/results_31.05.2011/occt/release-sources-20110531/drv/PLib/.adm/PLib_xcpp_header.In
+M PLib:dbadmfile:PLib_xcpp_header.Out /dn43/OCCT/tmp/results_31.05.2011/occt/release-sources-20110531/drv/PLib/.adm/PLib_xcpp_header.Out
+M PLib:dbadmfile:PLib_xcpp_header.Dep /dn43/OCCT/tmp/results_31.05.2011/occt/release-sources-20110531/drv/PLib/.adm/PLib_xcpp_header.Dep
