+M Message:pubinclude:Message.hxx /dn43/OCCT/tmp/results_31.05.2011/occt/release-sources-20110531/inc/Message.hxx
+M Message:privinclude:Message.jxx /dn43/OCCT/tmp/results_31.05.2011/occt/release-sources-20110531/drv/Message/Message.jxx
+M Message:privinclude:Message.ixx /dn43/OCCT/tmp/results_31.05.2011/occt/release-sources-20110531/drv/Message/Message.ixx
+M Message:pubinclude:Message_Msg.hxx /dn43/OCCT/tmp/results_31.05.2011/occt/release-sources-20110531/inc/Message_Msg.hxx
+M Message:privinclude:Message_Msg.jxx /dn43/OCCT/tmp/results_31.05.2011/occt/release-sources-20110531/drv/Message/Message_Msg.jxx
+M Message:privinclude:Message_Msg.ixx /dn43/OCCT/tmp/results_31.05.2011/occt/release-sources-20110531/drv/Message/Message_Msg.ixx
+M Message:pubinclude:Message_MsgFile.hxx /dn43/OCCT/tmp/results_31.05.2011/occt/release-sources-20110531/inc/Message_MsgFile.hxx
+M Message:privinclude:Message_MsgFile.jxx /dn43/OCCT/tmp/results_31.05.2011/occt/release-sources-20110531/drv/Message/Message_MsgFile.jxx
+M Message:privinclude:Message_MsgFile.ixx /dn43/OCCT/tmp/results_31.05.2011/occt/release-sources-20110531/drv/Message/Message_MsgFile.ixx
+M Message:pubinclude:Handle_Message_Messenger.hxx /dn43/OCCT/tmp/results_31.05.2011/occt/release-sources-20110531/inc/Handle_Message_Messenger.hxx
+M Message:pubinclude:Message_Messenger.hxx /dn43/OCCT/tmp/results_31.05.2011/occt/release-sources-20110531/inc/Message_Messenger.hxx
+M Message:privinclude:Message_Messenger.jxx /dn43/OCCT/tmp/results_31.05.2011/occt/release-sources-20110531/drv/Message/Message_Messenger.jxx
+M Message:privinclude:Message_Messenger.ixx /dn43/OCCT/tmp/results_31.05.2011/occt/release-sources-20110531/drv/Message/Message_Messenger.ixx
+M Message:pubinclude:Handle_Message_Algorithm.hxx /dn43/OCCT/tmp/results_31.05.2011/occt/release-sources-20110531/inc/Handle_Message_Algorithm.hxx
+M Message:pubinclude:Message_Algorithm.hxx /dn43/OCCT/tmp/results_31.05.2011/occt/release-sources-20110531/inc/Message_Algorithm.hxx
+M Message:privinclude:Message_Algorithm.jxx /dn43/OCCT/tmp/results_31.05.2011/occt/release-sources-20110531/drv/Message/Message_Algorithm.jxx
+M Message:privinclude:Message_Algorithm.ixx /dn43/OCCT/tmp/results_31.05.2011/occt/release-sources-20110531/drv/Message/Message_Algorithm.ixx
+M Message:pubinclude:Handle_Message_Printer.hxx /dn43/OCCT/tmp/results_31.05.2011/occt/release-sources-20110531/inc/Handle_Message_Printer.hxx
+M Message:pubinclude:Message_Printer.hxx /dn43/OCCT/tmp/results_31.05.2011/occt/release-sources-20110531/inc/Message_Printer.hxx
+M Message:privinclude:Message_Printer.jxx /dn43/OCCT/tmp/results_31.05.2011/occt/release-sources-20110531/drv/Message/Message_Printer.jxx
+M Message:privinclude:Message_Printer.ixx /dn43/OCCT/tmp/results_31.05.2011/occt/release-sources-20110531/drv/Message/Message_Printer.ixx
+M Message:pubinclude:Handle_Message_PrinterOStream.hxx /dn43/OCCT/tmp/results_31.05.2011/occt/release-sources-20110531/inc/Handle_Message_PrinterOStream.hxx
+M Message:pubinclude:Message_PrinterOStream.hxx /dn43/OCCT/tmp/results_31.05.2011/occt/release-sources-20110531/inc/Message_PrinterOStream.hxx
+M Message:privinclude:Message_PrinterOStream.jxx /dn43/OCCT/tmp/results_31.05.2011/occt/release-sources-20110531/drv/Message/Message_PrinterOStream.jxx
+M Message:privinclude:Message_PrinterOStream.ixx /dn43/OCCT/tmp/results_31.05.2011/occt/release-sources-20110531/drv/Message/Message_PrinterOStream.ixx
+M Message:pubinclude:Message_ListOfMsg.hxx /dn43/OCCT/tmp/results_31.05.2011/occt/release-sources-20110531/inc/Message_ListOfMsg.hxx
+M Message:derivated:Message_ListOfMsg_0.cxx /dn43/OCCT/tmp/results_31.05.2011/occt/release-sources-20110531/drv/Message/Message_ListOfMsg_0.cxx
+M Message:pubinclude:Message_SequenceOfPrinters.hxx /dn43/OCCT/tmp/results_31.05.2011/occt/release-sources-20110531/inc/Message_SequenceOfPrinters.hxx
+M Message:derivated:Message_SequenceOfPrinters_0.cxx /dn43/OCCT/tmp/results_31.05.2011/occt/release-sources-20110531/drv/Message/Message_SequenceOfPrinters_0.cxx
+M Message:pubinclude:Handle_Message_ProgressIndicator.hxx /dn43/OCCT/tmp/results_31.05.2011/occt/release-sources-20110531/inc/Handle_Message_ProgressIndicator.hxx
+M Message:pubinclude:Message_ProgressIndicator.hxx /dn43/OCCT/tmp/results_31.05.2011/occt/release-sources-20110531/inc/Message_ProgressIndicator.hxx
+M Message:privinclude:Message_ProgressIndicator.jxx /dn43/OCCT/tmp/results_31.05.2011/occt/release-sources-20110531/drv/Message/Message_ProgressIndicator.jxx
+M Message:privinclude:Message_ProgressIndicator.ixx /dn43/OCCT/tmp/results_31.05.2011/occt/release-sources-20110531/drv/Message/Message_ProgressIndicator.ixx
+M Message:pubinclude:Message_ProgressScale.hxx /dn43/OCCT/tmp/results_31.05.2011/occt/release-sources-20110531/inc/Message_ProgressScale.hxx
+M Message:privinclude:Message_ProgressScale.jxx /dn43/OCCT/tmp/results_31.05.2011/occt/release-sources-20110531/drv/Message/Message_ProgressScale.jxx
+M Message:privinclude:Message_ProgressScale.ixx /dn43/OCCT/tmp/results_31.05.2011/occt/release-sources-20110531/drv/Message/Message_ProgressScale.ixx
+M Message:pubinclude:Message_ProgressSentry.hxx /dn43/OCCT/tmp/results_31.05.2011/occt/release-sources-20110531/inc/Message_ProgressSentry.hxx
+M Message:privinclude:Message_ProgressSentry.jxx /dn43/OCCT/tmp/results_31.05.2011/occt/release-sources-20110531/drv/Message/Message_ProgressSentry.jxx
+M Message:privinclude:Message_ProgressSentry.ixx /dn43/OCCT/tmp/results_31.05.2011/occt/release-sources-20110531/drv/Message/Message_ProgressSentry.ixx
+M Message:pubinclude:Message_SequenceOfProgressScale.hxx /dn43/OCCT/tmp/results_31.05.2011/occt/release-sources-20110531/inc/Message_SequenceOfProgressScale.hxx
+M Message:derivated:Message_SequenceOfProgressScale_0.cxx /dn43/OCCT/tmp/results_31.05.2011/occt/release-sources-20110531/drv/Message/Message_SequenceOfProgressScale_0.cxx
+M Message:pubinclude:Handle_Message_ListNodeOfListOfMsg.hxx /dn43/OCCT/tmp/results_31.05.2011/occt/release-sources-20110531/inc/Handle_Message_ListNodeOfListOfMsg.hxx
+M Message:pubinclude:Message_ListNodeOfListOfMsg.hxx /dn43/OCCT/tmp/results_31.05.2011/occt/release-sources-20110531/inc/Message_ListNodeOfListOfMsg.hxx
+M Message:derivated:Message_ListNodeOfListOfMsg_0.cxx /dn43/OCCT/tmp/results_31.05.2011/occt/release-sources-20110531/drv/Message/Message_ListNodeOfListOfMsg_0.cxx
+M Message:pubinclude:Message_ListIteratorOfListOfMsg.hxx /dn43/OCCT/tmp/results_31.05.2011/occt/release-sources-20110531/inc/Message_ListIteratorOfListOfMsg.hxx
+M Message:derivated:Message_ListIteratorOfListOfMsg_0.cxx /dn43/OCCT/tmp/results_31.05.2011/occt/release-sources-20110531/drv/Message/Message_ListIteratorOfListOfMsg_0.cxx
+M Message:pubinclude:Handle_Message_SequenceNodeOfSequenceOfPrinters.hxx /dn43/OCCT/tmp/results_31.05.2011/occt/release-sources-20110531/inc/Handle_Message_SequenceNodeOfSequenceOfPrinters.hxx
+M Message:pubinclude:Message_SequenceNodeOfSequenceOfPrinters.hxx /dn43/OCCT/tmp/results_31.05.2011/occt/release-sources-20110531/inc/Message_SequenceNodeOfSequenceOfPrinters.hxx
+M Message:derivated:Message_SequenceNodeOfSequenceOfPrinters_0.cxx /dn43/OCCT/tmp/results_31.05.2011/occt/release-sources-20110531/drv/Message/Message_SequenceNodeOfSequenceOfPrinters_0.cxx
+M Message:pubinclude:Handle_Message_SequenceNodeOfSequenceOfProgressScale.hxx /dn43/OCCT/tmp/results_31.05.2011/occt/release-sources-20110531/inc/Handle_Message_SequenceNodeOfSequenceOfProgressScale.hxx
+M Message:pubinclude:Message_SequenceNodeOfSequenceOfProgressScale.hxx /dn43/OCCT/tmp/results_31.05.2011/occt/release-sources-20110531/inc/Message_SequenceNodeOfSequenceOfProgressScale.hxx
+M Message:derivated:Message_SequenceNodeOfSequenceOfProgressScale_0.cxx /dn43/OCCT/tmp/results_31.05.2011/occt/release-sources-20110531/drv/Message/Message_SequenceNodeOfSequenceOfProgressScale_0.cxx
+M Message:pubinclude:Message_Gravity.hxx /dn43/OCCT/tmp/results_31.05.2011/occt/release-sources-20110531/inc/Message_Gravity.hxx
+M Message:dbadmfile:Message_xcpp_header.In /dn43/OCCT/tmp/results_31.05.2011/occt/release-sources-20110531/drv/Message/.adm/Message_xcpp_header.In
+M Message:dbadmfile:Message_xcpp_header.Out /dn43/OCCT/tmp/results_31.05.2011/occt/release-sources-20110531/drv/Message/.adm/Message_xcpp_header.Out
+M Message:dbadmfile:Message_xcpp_header.Dep /dn43/OCCT/tmp/results_31.05.2011/occt/release-sources-20110531/drv/Message/.adm/Message_xcpp_header.Dep
