+M Bnd:pubinclude:Bnd_Box.hxx /dn43/OCCT/tmp/results_31.05.2011/occt/release-sources-20110531/inc/Bnd_Box.hxx
+M Bnd:privinclude:Bnd_Box.jxx /dn43/OCCT/tmp/results_31.05.2011/occt/release-sources-20110531/drv/Bnd/Bnd_Box.jxx
+M Bnd:privinclude:Bnd_Box.ixx /dn43/OCCT/tmp/results_31.05.2011/occt/release-sources-20110531/drv/Bnd/Bnd_Box.ixx
+M Bnd:pubinclude:Bnd_Array1OfBox.hxx /dn43/OCCT/tmp/results_31.05.2011/occt/release-sources-20110531/inc/Bnd_Array1OfBox.hxx
+M Bnd:derivated:Bnd_Array1OfBox_0.cxx /dn43/OCCT/tmp/results_31.05.2011/occt/release-sources-20110531/drv/Bnd/Bnd_Array1OfBox_0.cxx
+M Bnd:pubinclude:Handle_Bnd_HArray1OfBox.hxx /dn43/OCCT/tmp/results_31.05.2011/occt/release-sources-20110531/inc/Handle_Bnd_HArray1OfBox.hxx
+M Bnd:pubinclude:Bnd_HArray1OfBox.hxx /dn43/OCCT/tmp/results_31.05.2011/occt/release-sources-20110531/inc/Bnd_HArray1OfBox.hxx
+M Bnd:derivated:Bnd_HArray1OfBox_0.cxx /dn43/OCCT/tmp/results_31.05.2011/occt/release-sources-20110531/drv/Bnd/Bnd_HArray1OfBox_0.cxx
+M Bnd:pubinclude:Bnd_Sphere.hxx /dn43/OCCT/tmp/results_31.05.2011/occt/release-sources-20110531/inc/Bnd_Sphere.hxx
+M Bnd:privinclude:Bnd_Sphere.jxx /dn43/OCCT/tmp/results_31.05.2011/occt/release-sources-20110531/drv/Bnd/Bnd_Sphere.jxx
+M Bnd:privinclude:Bnd_Sphere.ixx /dn43/OCCT/tmp/results_31.05.2011/occt/release-sources-20110531/drv/Bnd/Bnd_Sphere.ixx
+M Bnd:pubinclude:Bnd_Array1OfSphere.hxx /dn43/OCCT/tmp/results_31.05.2011/occt/release-sources-20110531/inc/Bnd_Array1OfSphere.hxx
+M Bnd:derivated:Bnd_Array1OfSphere_0.cxx /dn43/OCCT/tmp/results_31.05.2011/occt/release-sources-20110531/drv/Bnd/Bnd_Array1OfSphere_0.cxx
+M Bnd:pubinclude:Handle_Bnd_HArray1OfSphere.hxx /dn43/OCCT/tmp/results_31.05.2011/occt/release-sources-20110531/inc/Handle_Bnd_HArray1OfSphere.hxx
+M Bnd:pubinclude:Bnd_HArray1OfSphere.hxx /dn43/OCCT/tmp/results_31.05.2011/occt/release-sources-20110531/inc/Bnd_HArray1OfSphere.hxx
+M Bnd:derivated:Bnd_HArray1OfSphere_0.cxx /dn43/OCCT/tmp/results_31.05.2011/occt/release-sources-20110531/drv/Bnd/Bnd_HArray1OfSphere_0.cxx
+M Bnd:pubinclude:Bnd_Box2d.hxx /dn43/OCCT/tmp/results_31.05.2011/occt/release-sources-20110531/inc/Bnd_Box2d.hxx
+M Bnd:privinclude:Bnd_Box2d.jxx /dn43/OCCT/tmp/results_31.05.2011/occt/release-sources-20110531/drv/Bnd/Bnd_Box2d.jxx
+M Bnd:privinclude:Bnd_Box2d.ixx /dn43/OCCT/tmp/results_31.05.2011/occt/release-sources-20110531/drv/Bnd/Bnd_Box2d.ixx
+M Bnd:pubinclude:Bnd_Array1OfBox2d.hxx /dn43/OCCT/tmp/results_31.05.2011/occt/release-sources-20110531/inc/Bnd_Array1OfBox2d.hxx
+M Bnd:derivated:Bnd_Array1OfBox2d_0.cxx /dn43/OCCT/tmp/results_31.05.2011/occt/release-sources-20110531/drv/Bnd/Bnd_Array1OfBox2d_0.cxx
+M Bnd:pubinclude:Handle_Bnd_HArray1OfBox2d.hxx /dn43/OCCT/tmp/results_31.05.2011/occt/release-sources-20110531/inc/Handle_Bnd_HArray1OfBox2d.hxx
+M Bnd:pubinclude:Bnd_HArray1OfBox2d.hxx /dn43/OCCT/tmp/results_31.05.2011/occt/release-sources-20110531/inc/Bnd_HArray1OfBox2d.hxx
+M Bnd:derivated:Bnd_HArray1OfBox2d_0.cxx /dn43/OCCT/tmp/results_31.05.2011/occt/release-sources-20110531/drv/Bnd/Bnd_HArray1OfBox2d_0.cxx
+M Bnd:pubinclude:Bnd_BoundSortBox2d.hxx /dn43/OCCT/tmp/results_31.05.2011/occt/release-sources-20110531/inc/Bnd_BoundSortBox2d.hxx
+M Bnd:privinclude:Bnd_BoundSortBox2d.jxx /dn43/OCCT/tmp/results_31.05.2011/occt/release-sources-20110531/drv/Bnd/Bnd_BoundSortBox2d.jxx
+M Bnd:privinclude:Bnd_BoundSortBox2d.ixx /dn43/OCCT/tmp/results_31.05.2011/occt/release-sources-20110531/drv/Bnd/Bnd_BoundSortBox2d.ixx
+M Bnd:pubinclude:Bnd_BoundSortBox.hxx /dn43/OCCT/tmp/results_31.05.2011/occt/release-sources-20110531/inc/Bnd_BoundSortBox.hxx
+M Bnd:privinclude:Bnd_BoundSortBox.jxx /dn43/OCCT/tmp/results_31.05.2011/occt/release-sources-20110531/drv/Bnd/Bnd_BoundSortBox.jxx
+M Bnd:privinclude:Bnd_BoundSortBox.ixx /dn43/OCCT/tmp/results_31.05.2011/occt/release-sources-20110531/drv/Bnd/Bnd_BoundSortBox.ixx
+M Bnd:pubinclude:Bnd_SeqOfBox.hxx /dn43/OCCT/tmp/results_31.05.2011/occt/release-sources-20110531/inc/Bnd_SeqOfBox.hxx
+M Bnd:derivated:Bnd_SeqOfBox_0.cxx /dn43/OCCT/tmp/results_31.05.2011/occt/release-sources-20110531/drv/Bnd/Bnd_SeqOfBox_0.cxx
+M Bnd:pubinclude:Bnd_B2d.hxx /dn43/OCCT/tmp/results_31.05.2011/occt/release-sources-20110531/inc/Bnd_B2d.hxx
+M Bnd:derivated:Bnd_B2d_0.cxx /dn43/OCCT/tmp/results_31.05.2011/occt/release-sources-20110531/drv/Bnd/Bnd_B2d_0.cxx
+M Bnd:pubinclude:Bnd_B2f.hxx /dn43/OCCT/tmp/results_31.05.2011/occt/release-sources-20110531/inc/Bnd_B2f.hxx
+M Bnd:derivated:Bnd_B2f_0.cxx /dn43/OCCT/tmp/results_31.05.2011/occt/release-sources-20110531/drv/Bnd/Bnd_B2f_0.cxx
+M Bnd:pubinclude:Bnd_B3d.hxx /dn43/OCCT/tmp/results_31.05.2011/occt/release-sources-20110531/inc/Bnd_B3d.hxx
+M Bnd:derivated:Bnd_B3d_0.cxx /dn43/OCCT/tmp/results_31.05.2011/occt/release-sources-20110531/drv/Bnd/Bnd_B3d_0.cxx
+M Bnd:pubinclude:Bnd_B3f.hxx /dn43/OCCT/tmp/results_31.05.2011/occt/release-sources-20110531/inc/Bnd_B3f.hxx
+M Bnd:derivated:Bnd_B3f_0.cxx /dn43/OCCT/tmp/results_31.05.2011/occt/release-sources-20110531/drv/Bnd/Bnd_B3f_0.cxx
+M Bnd:pubinclude:Handle_Bnd_SequenceNodeOfSeqOfBox.hxx /dn43/OCCT/tmp/results_31.05.2011/occt/release-sources-20110531/inc/Handle_Bnd_SequenceNodeOfSeqOfBox.hxx
+M Bnd:pubinclude:Bnd_SequenceNodeOfSeqOfBox.hxx /dn43/OCCT/tmp/results_31.05.2011/occt/release-sources-20110531/inc/Bnd_SequenceNodeOfSeqOfBox.hxx
+M Bnd:derivated:Bnd_SequenceNodeOfSeqOfBox_0.cxx /dn43/OCCT/tmp/results_31.05.2011/occt/release-sources-20110531/drv/Bnd/Bnd_SequenceNodeOfSeqOfBox_0.cxx
+M Bnd:dbadmfile:Bnd_xcpp_header.In /dn43/OCCT/tmp/results_31.05.2011/occt/release-sources-20110531/drv/Bnd/.adm/Bnd_xcpp_header.In
+M Bnd:dbadmfile:Bnd_xcpp_header.Out /dn43/OCCT/tmp/results_31.05.2011/occt/release-sources-20110531/drv/Bnd/.adm/Bnd_xcpp_header.Out
+M Bnd:dbadmfile:Bnd_xcpp_header.Dep /dn43/OCCT/tmp/results_31.05.2011/occt/release-sources-20110531/drv/Bnd/.adm/Bnd_xcpp_header.Dep
