+M RWStepElement:pubinclude:RWStepElement_RWAnalysisItemWithinRepresentation.hxx /dn43/OCCT/tmp/results_30.09.2011/occt/release-sources-20110930/inc/RWStepElement_RWAnalysisItemWithinRepresentation.hxx
+M RWStepElement:privinclude:RWStepElement_RWAnalysisItemWithinRepresentation.jxx /dn43/OCCT/tmp/results_30.09.2011/occt/release-sources-20110930/drv/RWStepElement/RWStepElement_RWAnalysisItemWithinRepresentation.jxx
+M RWStepElement:privinclude:RWStepElement_RWAnalysisItemWithinRepresentation.ixx /dn43/OCCT/tmp/results_30.09.2011/occt/release-sources-20110930/drv/RWStepElement/RWStepElement_RWAnalysisItemWithinRepresentation.ixx
+M RWStepElement:pubinclude:RWStepElement_RWCurve3dElementDescriptor.hxx /dn43/OCCT/tmp/results_30.09.2011/occt/release-sources-20110930/inc/RWStepElement_RWCurve3dElementDescriptor.hxx
+M RWStepElement:privinclude:RWStepElement_RWCurve3dElementDescriptor.jxx /dn43/OCCT/tmp/results_30.09.2011/occt/release-sources-20110930/drv/RWStepElement/RWStepElement_RWCurve3dElementDescriptor.jxx
+M RWStepElement:privinclude:RWStepElement_RWCurve3dElementDescriptor.ixx /dn43/OCCT/tmp/results_30.09.2011/occt/release-sources-20110930/drv/RWStepElement/RWStepElement_RWCurve3dElementDescriptor.ixx
+M RWStepElement:pubinclude:RWStepElement_RWCurveElementEndReleasePacket.hxx /dn43/OCCT/tmp/results_30.09.2011/occt/release-sources-20110930/inc/RWStepElement_RWCurveElementEndReleasePacket.hxx
+M RWStepElement:privinclude:RWStepElement_RWCurveElementEndReleasePacket.jxx /dn43/OCCT/tmp/results_30.09.2011/occt/release-sources-20110930/drv/RWStepElement/RWStepElement_RWCurveElementEndReleasePacket.jxx
+M RWStepElement:privinclude:RWStepElement_RWCurveElementEndReleasePacket.ixx /dn43/OCCT/tmp/results_30.09.2011/occt/release-sources-20110930/drv/RWStepElement/RWStepElement_RWCurveElementEndReleasePacket.ixx
+M RWStepElement:pubinclude:RWStepElement_RWCurveElementSectionDefinition.hxx /dn43/OCCT/tmp/results_30.09.2011/occt/release-sources-20110930/inc/RWStepElement_RWCurveElementSectionDefinition.hxx
+M RWStepElement:privinclude:RWStepElement_RWCurveElementSectionDefinition.jxx /dn43/OCCT/tmp/results_30.09.2011/occt/release-sources-20110930/drv/RWStepElement/RWStepElement_RWCurveElementSectionDefinition.jxx
+M RWStepElement:privinclude:RWStepElement_RWCurveElementSectionDefinition.ixx /dn43/OCCT/tmp/results_30.09.2011/occt/release-sources-20110930/drv/RWStepElement/RWStepElement_RWCurveElementSectionDefinition.ixx
+M RWStepElement:pubinclude:RWStepElement_RWCurveElementSectionDerivedDefinitions.hxx /dn43/OCCT/tmp/results_30.09.2011/occt/release-sources-20110930/inc/RWStepElement_RWCurveElementSectionDerivedDefinitions.hxx
+M RWStepElement:privinclude:RWStepElement_RWCurveElementSectionDerivedDefinitions.jxx /dn43/OCCT/tmp/results_30.09.2011/occt/release-sources-20110930/drv/RWStepElement/RWStepElement_RWCurveElementSectionDerivedDefinitions.jxx
+M RWStepElement:privinclude:RWStepElement_RWCurveElementSectionDerivedDefinitions.ixx /dn43/OCCT/tmp/results_30.09.2011/occt/release-sources-20110930/drv/RWStepElement/RWStepElement_RWCurveElementSectionDerivedDefinitions.ixx
+M RWStepElement:pubinclude:RWStepElement_RWElementDescriptor.hxx /dn43/OCCT/tmp/results_30.09.2011/occt/release-sources-20110930/inc/RWStepElement_RWElementDescriptor.hxx
+M RWStepElement:privinclude:RWStepElement_RWElementDescriptor.jxx /dn43/OCCT/tmp/results_30.09.2011/occt/release-sources-20110930/drv/RWStepElement/RWStepElement_RWElementDescriptor.jxx
+M RWStepElement:privinclude:RWStepElement_RWElementDescriptor.ixx /dn43/OCCT/tmp/results_30.09.2011/occt/release-sources-20110930/drv/RWStepElement/RWStepElement_RWElementDescriptor.ixx
+M RWStepElement:pubinclude:RWStepElement_RWElementMaterial.hxx /dn43/OCCT/tmp/results_30.09.2011/occt/release-sources-20110930/inc/RWStepElement_RWElementMaterial.hxx
+M RWStepElement:privinclude:RWStepElement_RWElementMaterial.jxx /dn43/OCCT/tmp/results_30.09.2011/occt/release-sources-20110930/drv/RWStepElement/RWStepElement_RWElementMaterial.jxx
+M RWStepElement:privinclude:RWStepElement_RWElementMaterial.ixx /dn43/OCCT/tmp/results_30.09.2011/occt/release-sources-20110930/drv/RWStepElement/RWStepElement_RWElementMaterial.ixx
+M RWStepElement:pubinclude:RWStepElement_RWSurface3dElementDescriptor.hxx /dn43/OCCT/tmp/results_30.09.2011/occt/release-sources-20110930/inc/RWStepElement_RWSurface3dElementDescriptor.hxx
+M RWStepElement:privinclude:RWStepElement_RWSurface3dElementDescriptor.jxx /dn43/OCCT/tmp/results_30.09.2011/occt/release-sources-20110930/drv/RWStepElement/RWStepElement_RWSurface3dElementDescriptor.jxx
+M RWStepElement:privinclude:RWStepElement_RWSurface3dElementDescriptor.ixx /dn43/OCCT/tmp/results_30.09.2011/occt/release-sources-20110930/drv/RWStepElement/RWStepElement_RWSurface3dElementDescriptor.ixx
+M RWStepElement:pubinclude:RWStepElement_RWSurfaceElementProperty.hxx /dn43/OCCT/tmp/results_30.09.2011/occt/release-sources-20110930/inc/RWStepElement_RWSurfaceElementProperty.hxx
+M RWStepElement:privinclude:RWStepElement_RWSurfaceElementProperty.jxx /dn43/OCCT/tmp/results_30.09.2011/occt/release-sources-20110930/drv/RWStepElement/RWStepElement_RWSurfaceElementProperty.jxx
+M RWStepElement:privinclude:RWStepElement_RWSurfaceElementProperty.ixx /dn43/OCCT/tmp/results_30.09.2011/occt/release-sources-20110930/drv/RWStepElement/RWStepElement_RWSurfaceElementProperty.ixx
+M RWStepElement:pubinclude:RWStepElement_RWSurfaceSection.hxx /dn43/OCCT/tmp/results_30.09.2011/occt/release-sources-20110930/inc/RWStepElement_RWSurfaceSection.hxx
+M RWStepElement:privinclude:RWStepElement_RWSurfaceSection.jxx /dn43/OCCT/tmp/results_30.09.2011/occt/release-sources-20110930/drv/RWStepElement/RWStepElement_RWSurfaceSection.jxx
+M RWStepElement:privinclude:RWStepElement_RWSurfaceSection.ixx /dn43/OCCT/tmp/results_30.09.2011/occt/release-sources-20110930/drv/RWStepElement/RWStepElement_RWSurfaceSection.ixx
+M RWStepElement:pubinclude:RWStepElement_RWSurfaceSectionField.hxx /dn43/OCCT/tmp/results_30.09.2011/occt/release-sources-20110930/inc/RWStepElement_RWSurfaceSectionField.hxx
+M RWStepElement:privinclude:RWStepElement_RWSurfaceSectionField.jxx /dn43/OCCT/tmp/results_30.09.2011/occt/release-sources-20110930/drv/RWStepElement/RWStepElement_RWSurfaceSectionField.jxx
+M RWStepElement:privinclude:RWStepElement_RWSurfaceSectionField.ixx /dn43/OCCT/tmp/results_30.09.2011/occt/release-sources-20110930/drv/RWStepElement/RWStepElement_RWSurfaceSectionField.ixx
+M RWStepElement:pubinclude:RWStepElement_RWSurfaceSectionFieldConstant.hxx /dn43/OCCT/tmp/results_30.09.2011/occt/release-sources-20110930/inc/RWStepElement_RWSurfaceSectionFieldConstant.hxx
+M RWStepElement:privinclude:RWStepElement_RWSurfaceSectionFieldConstant.jxx /dn43/OCCT/tmp/results_30.09.2011/occt/release-sources-20110930/drv/RWStepElement/RWStepElement_RWSurfaceSectionFieldConstant.jxx
+M RWStepElement:privinclude:RWStepElement_RWSurfaceSectionFieldConstant.ixx /dn43/OCCT/tmp/results_30.09.2011/occt/release-sources-20110930/drv/RWStepElement/RWStepElement_RWSurfaceSectionFieldConstant.ixx
+M RWStepElement:pubinclude:RWStepElement_RWSurfaceSectionFieldVarying.hxx /dn43/OCCT/tmp/results_30.09.2011/occt/release-sources-20110930/inc/RWStepElement_RWSurfaceSectionFieldVarying.hxx
+M RWStepElement:privinclude:RWStepElement_RWSurfaceSectionFieldVarying.jxx /dn43/OCCT/tmp/results_30.09.2011/occt/release-sources-20110930/drv/RWStepElement/RWStepElement_RWSurfaceSectionFieldVarying.jxx
+M RWStepElement:privinclude:RWStepElement_RWSurfaceSectionFieldVarying.ixx /dn43/OCCT/tmp/results_30.09.2011/occt/release-sources-20110930/drv/RWStepElement/RWStepElement_RWSurfaceSectionFieldVarying.ixx
+M RWStepElement:pubinclude:RWStepElement_RWUniformSurfaceSection.hxx /dn43/OCCT/tmp/results_30.09.2011/occt/release-sources-20110930/inc/RWStepElement_RWUniformSurfaceSection.hxx
+M RWStepElement:privinclude:RWStepElement_RWUniformSurfaceSection.jxx /dn43/OCCT/tmp/results_30.09.2011/occt/release-sources-20110930/drv/RWStepElement/RWStepElement_RWUniformSurfaceSection.jxx
+M RWStepElement:privinclude:RWStepElement_RWUniformSurfaceSection.ixx /dn43/OCCT/tmp/results_30.09.2011/occt/release-sources-20110930/drv/RWStepElement/RWStepElement_RWUniformSurfaceSection.ixx
+M RWStepElement:pubinclude:RWStepElement_RWVolume3dElementDescriptor.hxx /dn43/OCCT/tmp/results_30.09.2011/occt/release-sources-20110930/inc/RWStepElement_RWVolume3dElementDescriptor.hxx
+M RWStepElement:privinclude:RWStepElement_RWVolume3dElementDescriptor.jxx /dn43/OCCT/tmp/results_30.09.2011/occt/release-sources-20110930/drv/RWStepElement/RWStepElement_RWVolume3dElementDescriptor.jxx
+M RWStepElement:privinclude:RWStepElement_RWVolume3dElementDescriptor.ixx /dn43/OCCT/tmp/results_30.09.2011/occt/release-sources-20110930/drv/RWStepElement/RWStepElement_RWVolume3dElementDescriptor.ixx
+M RWStepElement:dbadmfile:RWStepElement_xcpp_header.In /dn43/OCCT/tmp/results_30.09.2011/occt/release-sources-20110930/drv/RWStepElement/.adm/RWStepElement_xcpp_header.In
+M RWStepElement:dbadmfile:RWStepElement_xcpp_header.Out /dn43/OCCT/tmp/results_30.09.2011/occt/release-sources-20110930/drv/RWStepElement/.adm/RWStepElement_xcpp_header.Out
+M RWStepElement:dbadmfile:RWStepElement_xcpp_header.Dep /dn43/OCCT/tmp/results_30.09.2011/occt/release-sources-20110930/drv/RWStepElement/.adm/RWStepElement_xcpp_header.Dep
