+M AppParCurves:pubinclude:AppParCurves_Variational_1.gxx /dn43/OCCT/tmp/results_31.05.2011/occt/release-sources-20110531/inc/AppParCurves_Variational_1.gxx
+M AppParCurves:pubinclude:AppParCurves_Variational_2.gxx /dn43/OCCT/tmp/results_31.05.2011/occt/release-sources-20110531/inc/AppParCurves_Variational_2.gxx
+M AppParCurves:pubinclude:AppParCurves_Variational_3.gxx /dn43/OCCT/tmp/results_31.05.2011/occt/release-sources-20110531/inc/AppParCurves_Variational_3.gxx
+M AppParCurves:pubinclude:AppParCurves_Variational_4.gxx /dn43/OCCT/tmp/results_31.05.2011/occt/release-sources-20110531/inc/AppParCurves_Variational_4.gxx
+M AppParCurves:pubinclude:AppParCurves_Variational_5.gxx /dn43/OCCT/tmp/results_31.05.2011/occt/release-sources-20110531/inc/AppParCurves_Variational_5.gxx
+M AppParCurves:pubinclude:AppParCurves_Variational_6.gxx /dn43/OCCT/tmp/results_31.05.2011/occt/release-sources-20110531/inc/AppParCurves_Variational_6.gxx
+M AppParCurves:pubinclude:AppParCurves_Variational_7.gxx /dn43/OCCT/tmp/results_31.05.2011/occt/release-sources-20110531/inc/AppParCurves_Variational_7.gxx
+M AppParCurves:pubinclude:AppParCurves_Variational_8.gxx /dn43/OCCT/tmp/results_31.05.2011/occt/release-sources-20110531/inc/AppParCurves_Variational_8.gxx
+M AppParCurves:pubinclude:AppParCurves_Variational_9.gxx /dn43/OCCT/tmp/results_31.05.2011/occt/release-sources-20110531/inc/AppParCurves_Variational_9.gxx
+M AppParCurves:pubinclude:AppParCurves_MLineTool.gxx /dn43/OCCT/tmp/results_31.05.2011/occt/release-sources-20110531/inc/AppParCurves_MLineTool.gxx
+M AppParCurves:pubinclude:AppParCurves_MultiPoint.lxx /dn43/OCCT/tmp/results_31.05.2011/occt/release-sources-20110531/inc/AppParCurves_MultiPoint.lxx
+M AppParCurves:pubinclude:AppParCurves_LeastSquare.gxx /dn43/OCCT/tmp/results_31.05.2011/occt/release-sources-20110531/inc/AppParCurves_LeastSquare.gxx
+M AppParCurves:pubinclude:AppParCurves_ResolConstraint.gxx /dn43/OCCT/tmp/results_31.05.2011/occt/release-sources-20110531/inc/AppParCurves_ResolConstraint.gxx
+M AppParCurves:pubinclude:AppParCurves_Function.gxx /dn43/OCCT/tmp/results_31.05.2011/occt/release-sources-20110531/inc/AppParCurves_Function.gxx
+M AppParCurves:pubinclude:AppParCurves_BSpFunction.gxx /dn43/OCCT/tmp/results_31.05.2011/occt/release-sources-20110531/inc/AppParCurves_BSpFunction.gxx
+M AppParCurves:pubinclude:AppParCurves_Gradient.gxx /dn43/OCCT/tmp/results_31.05.2011/occt/release-sources-20110531/inc/AppParCurves_Gradient.gxx
+M AppParCurves:pubinclude:AppParCurves_Gradient_BFGS.gxx /dn43/OCCT/tmp/results_31.05.2011/occt/release-sources-20110531/inc/AppParCurves_Gradient_BFGS.gxx
+M AppParCurves:pubinclude:AppParCurves_BSpGradient.gxx /dn43/OCCT/tmp/results_31.05.2011/occt/release-sources-20110531/inc/AppParCurves_BSpGradient.gxx
+M AppParCurves:pubinclude:AppParCurves_BSpGradient_BFGS.gxx /dn43/OCCT/tmp/results_31.05.2011/occt/release-sources-20110531/inc/AppParCurves_BSpGradient_BFGS.gxx
+M AppParCurves:pubinclude:AppParCurves_Projection.gxx /dn43/OCCT/tmp/results_31.05.2011/occt/release-sources-20110531/inc/AppParCurves_Projection.gxx
+M AppParCurves:pubinclude:AppParCurves_LinearCriteria.gxx /dn43/OCCT/tmp/results_31.05.2011/occt/release-sources-20110531/inc/AppParCurves_LinearCriteria.gxx
+M AppParCurves:pubinclude:AppParCurves_Variational.gxx /dn43/OCCT/tmp/results_31.05.2011/occt/release-sources-20110531/inc/AppParCurves_Variational.gxx
+M AppParCurves:dbadmfile:AppParCurves_obj_inc.In /dn43/OCCT/tmp/results_31.05.2011/occt/release-sources-20110531/drv/AppParCurves/.adm/AppParCurves_obj_inc.In
+M AppParCurves:dbadmfile:AppParCurves_obj_inc.Out /dn43/OCCT/tmp/results_31.05.2011/occt/release-sources-20110531/drv/AppParCurves/.adm/AppParCurves_obj_inc.Out
+M AppParCurves:dbadmfile:AppParCurves_obj_inc.Dep /dn43/OCCT/tmp/results_31.05.2011/occt/release-sources-20110531/drv/AppParCurves/.adm/AppParCurves_obj_inc.Dep
