+M AppParCurves:pubinclude:AppParCurves.hxx /dn43/OCCT/tmp/results_31.05.2011/occt/release-sources-20110531/inc/AppParCurves.hxx
+M AppParCurves:privinclude:AppParCurves.jxx /dn43/OCCT/tmp/results_31.05.2011/occt/release-sources-20110531/drv/AppParCurves/AppParCurves.jxx
+M AppParCurves:privinclude:AppParCurves.ixx /dn43/OCCT/tmp/results_31.05.2011/occt/release-sources-20110531/drv/AppParCurves/AppParCurves.ixx
+M AppParCurves:pubinclude:AppParCurves_MultiPoint.hxx /dn43/OCCT/tmp/results_31.05.2011/occt/release-sources-20110531/inc/AppParCurves_MultiPoint.hxx
+M AppParCurves:privinclude:AppParCurves_MultiPoint.jxx /dn43/OCCT/tmp/results_31.05.2011/occt/release-sources-20110531/drv/AppParCurves/AppParCurves_MultiPoint.jxx
+M AppParCurves:privinclude:AppParCurves_MultiPoint.ixx /dn43/OCCT/tmp/results_31.05.2011/occt/release-sources-20110531/drv/AppParCurves/AppParCurves_MultiPoint.ixx
+M AppParCurves:pubinclude:AppParCurves_MultiCurve.hxx /dn43/OCCT/tmp/results_31.05.2011/occt/release-sources-20110531/inc/AppParCurves_MultiCurve.hxx
+M AppParCurves:privinclude:AppParCurves_MultiCurve.jxx /dn43/OCCT/tmp/results_31.05.2011/occt/release-sources-20110531/drv/AppParCurves/AppParCurves_MultiCurve.jxx
+M AppParCurves:privinclude:AppParCurves_MultiCurve.ixx /dn43/OCCT/tmp/results_31.05.2011/occt/release-sources-20110531/drv/AppParCurves/AppParCurves_MultiCurve.ixx
+M AppParCurves:pubinclude:AppParCurves_MultiBSpCurve.hxx /dn43/OCCT/tmp/results_31.05.2011/occt/release-sources-20110531/inc/AppParCurves_MultiBSpCurve.hxx
+M AppParCurves:privinclude:AppParCurves_MultiBSpCurve.jxx /dn43/OCCT/tmp/results_31.05.2011/occt/release-sources-20110531/drv/AppParCurves/AppParCurves_MultiBSpCurve.jxx
+M AppParCurves:privinclude:AppParCurves_MultiBSpCurve.ixx /dn43/OCCT/tmp/results_31.05.2011/occt/release-sources-20110531/drv/AppParCurves/AppParCurves_MultiBSpCurve.ixx
+M AppParCurves:pubinclude:AppParCurves_ConstraintCouple.hxx /dn43/OCCT/tmp/results_31.05.2011/occt/release-sources-20110531/inc/AppParCurves_ConstraintCouple.hxx
+M AppParCurves:privinclude:AppParCurves_ConstraintCouple.jxx /dn43/OCCT/tmp/results_31.05.2011/occt/release-sources-20110531/drv/AppParCurves/AppParCurves_ConstraintCouple.jxx
+M AppParCurves:privinclude:AppParCurves_ConstraintCouple.ixx /dn43/OCCT/tmp/results_31.05.2011/occt/release-sources-20110531/drv/AppParCurves/AppParCurves_ConstraintCouple.ixx
+M AppParCurves:pubinclude:Handle_AppParCurves_SmoothCriterion.hxx /dn43/OCCT/tmp/results_31.05.2011/occt/release-sources-20110531/inc/Handle_AppParCurves_SmoothCriterion.hxx
+M AppParCurves:pubinclude:AppParCurves_SmoothCriterion.hxx /dn43/OCCT/tmp/results_31.05.2011/occt/release-sources-20110531/inc/AppParCurves_SmoothCriterion.hxx
+M AppParCurves:privinclude:AppParCurves_SmoothCriterion.jxx /dn43/OCCT/tmp/results_31.05.2011/occt/release-sources-20110531/drv/AppParCurves/AppParCurves_SmoothCriterion.jxx
+M AppParCurves:privinclude:AppParCurves_SmoothCriterion.ixx /dn43/OCCT/tmp/results_31.05.2011/occt/release-sources-20110531/drv/AppParCurves/AppParCurves_SmoothCriterion.ixx
+M AppParCurves:pubinclude:AppParCurves_Array1OfConstraintCouple.hxx /dn43/OCCT/tmp/results_31.05.2011/occt/release-sources-20110531/inc/AppParCurves_Array1OfConstraintCouple.hxx
+M AppParCurves:derivated:AppParCurves_Array1OfConstraintCouple_0.cxx /dn43/OCCT/tmp/results_31.05.2011/occt/release-sources-20110531/drv/AppParCurves/AppParCurves_Array1OfConstraintCouple_0.cxx
+M AppParCurves:pubinclude:Handle_AppParCurves_HArray1OfConstraintCouple.hxx /dn43/OCCT/tmp/results_31.05.2011/occt/release-sources-20110531/inc/Handle_AppParCurves_HArray1OfConstraintCouple.hxx
+M AppParCurves:pubinclude:AppParCurves_HArray1OfConstraintCouple.hxx /dn43/OCCT/tmp/results_31.05.2011/occt/release-sources-20110531/inc/AppParCurves_HArray1OfConstraintCouple.hxx
+M AppParCurves:derivated:AppParCurves_HArray1OfConstraintCouple_0.cxx /dn43/OCCT/tmp/results_31.05.2011/occt/release-sources-20110531/drv/AppParCurves/AppParCurves_HArray1OfConstraintCouple_0.cxx
+M AppParCurves:pubinclude:AppParCurves_Array1OfMultiPoint.hxx /dn43/OCCT/tmp/results_31.05.2011/occt/release-sources-20110531/inc/AppParCurves_Array1OfMultiPoint.hxx
+M AppParCurves:derivated:AppParCurves_Array1OfMultiPoint_0.cxx /dn43/OCCT/tmp/results_31.05.2011/occt/release-sources-20110531/drv/AppParCurves/AppParCurves_Array1OfMultiPoint_0.cxx
+M AppParCurves:pubinclude:Handle_AppParCurves_HArray1OfMultiPoint.hxx /dn43/OCCT/tmp/results_31.05.2011/occt/release-sources-20110531/inc/Handle_AppParCurves_HArray1OfMultiPoint.hxx
+M AppParCurves:pubinclude:AppParCurves_HArray1OfMultiPoint.hxx /dn43/OCCT/tmp/results_31.05.2011/occt/release-sources-20110531/inc/AppParCurves_HArray1OfMultiPoint.hxx
+M AppParCurves:derivated:AppParCurves_HArray1OfMultiPoint_0.cxx /dn43/OCCT/tmp/results_31.05.2011/occt/release-sources-20110531/drv/AppParCurves/AppParCurves_HArray1OfMultiPoint_0.cxx
+M AppParCurves:pubinclude:AppParCurves_Array1OfMultiCurve.hxx /dn43/OCCT/tmp/results_31.05.2011/occt/release-sources-20110531/inc/AppParCurves_Array1OfMultiCurve.hxx
+M AppParCurves:derivated:AppParCurves_Array1OfMultiCurve_0.cxx /dn43/OCCT/tmp/results_31.05.2011/occt/release-sources-20110531/drv/AppParCurves/AppParCurves_Array1OfMultiCurve_0.cxx
+M AppParCurves:pubinclude:Handle_AppParCurves_HArray1OfMultiCurve.hxx /dn43/OCCT/tmp/results_31.05.2011/occt/release-sources-20110531/inc/Handle_AppParCurves_HArray1OfMultiCurve.hxx
+M AppParCurves:pubinclude:AppParCurves_HArray1OfMultiCurve.hxx /dn43/OCCT/tmp/results_31.05.2011/occt/release-sources-20110531/inc/AppParCurves_HArray1OfMultiCurve.hxx
+M AppParCurves:derivated:AppParCurves_HArray1OfMultiCurve_0.cxx /dn43/OCCT/tmp/results_31.05.2011/occt/release-sources-20110531/drv/AppParCurves/AppParCurves_HArray1OfMultiCurve_0.cxx
+M AppParCurves:pubinclude:AppParCurves_SequenceOfMultiCurve.hxx /dn43/OCCT/tmp/results_31.05.2011/occt/release-sources-20110531/inc/AppParCurves_SequenceOfMultiCurve.hxx
+M AppParCurves:derivated:AppParCurves_SequenceOfMultiCurve_0.cxx /dn43/OCCT/tmp/results_31.05.2011/occt/release-sources-20110531/drv/AppParCurves/AppParCurves_SequenceOfMultiCurve_0.cxx
+M AppParCurves:pubinclude:AppParCurves_Array1OfMultiBSpCurve.hxx /dn43/OCCT/tmp/results_31.05.2011/occt/release-sources-20110531/inc/AppParCurves_Array1OfMultiBSpCurve.hxx
+M AppParCurves:derivated:AppParCurves_Array1OfMultiBSpCurve_0.cxx /dn43/OCCT/tmp/results_31.05.2011/occt/release-sources-20110531/drv/AppParCurves/AppParCurves_Array1OfMultiBSpCurve_0.cxx
+M AppParCurves:pubinclude:Handle_AppParCurves_HArray1OfMultiBSpCurve.hxx /dn43/OCCT/tmp/results_31.05.2011/occt/release-sources-20110531/inc/Handle_AppParCurves_HArray1OfMultiBSpCurve.hxx
+M AppParCurves:pubinclude:AppParCurves_HArray1OfMultiBSpCurve.hxx /dn43/OCCT/tmp/results_31.05.2011/occt/release-sources-20110531/inc/AppParCurves_HArray1OfMultiBSpCurve.hxx
+M AppParCurves:derivated:AppParCurves_HArray1OfMultiBSpCurve_0.cxx /dn43/OCCT/tmp/results_31.05.2011/occt/release-sources-20110531/drv/AppParCurves/AppParCurves_HArray1OfMultiBSpCurve_0.cxx
+M AppParCurves:pubinclude:AppParCurves_SequenceOfMultiBSpCurve.hxx /dn43/OCCT/tmp/results_31.05.2011/occt/release-sources-20110531/inc/AppParCurves_SequenceOfMultiBSpCurve.hxx
+M AppParCurves:derivated:AppParCurves_SequenceOfMultiBSpCurve_0.cxx /dn43/OCCT/tmp/results_31.05.2011/occt/release-sources-20110531/drv/AppParCurves/AppParCurves_SequenceOfMultiBSpCurve_0.cxx
+M AppParCurves:pubinclude:Handle_AppParCurves_SequenceNodeOfSequenceOfMultiCurve.hxx /dn43/OCCT/tmp/results_31.05.2011/occt/release-sources-20110531/inc/Handle_AppParCurves_SequenceNodeOfSequenceOfMultiCurve.hxx
+M AppParCurves:pubinclude:AppParCurves_SequenceNodeOfSequenceOfMultiCurve.hxx /dn43/OCCT/tmp/results_31.05.2011/occt/release-sources-20110531/inc/AppParCurves_SequenceNodeOfSequenceOfMultiCurve.hxx
+M AppParCurves:derivated:AppParCurves_SequenceNodeOfSequenceOfMultiCurve_0.cxx /dn43/OCCT/tmp/results_31.05.2011/occt/release-sources-20110531/drv/AppParCurves/AppParCurves_SequenceNodeOfSequenceOfMultiCurve_0.cxx
+M AppParCurves:pubinclude:Handle_AppParCurves_SequenceNodeOfSequenceOfMultiBSpCurve.hxx /dn43/OCCT/tmp/results_31.05.2011/occt/release-sources-20110531/inc/Handle_AppParCurves_SequenceNodeOfSequenceOfMultiBSpCurve.hxx
+M AppParCurves:pubinclude:AppParCurves_SequenceNodeOfSequenceOfMultiBSpCurve.hxx /dn43/OCCT/tmp/results_31.05.2011/occt/release-sources-20110531/inc/AppParCurves_SequenceNodeOfSequenceOfMultiBSpCurve.hxx
+M AppParCurves:derivated:AppParCurves_SequenceNodeOfSequenceOfMultiBSpCurve_0.cxx /dn43/OCCT/tmp/results_31.05.2011/occt/release-sources-20110531/drv/AppParCurves/AppParCurves_SequenceNodeOfSequenceOfMultiBSpCurve_0.cxx
+M AppParCurves:pubinclude:AppParCurves_Constraint.hxx /dn43/OCCT/tmp/results_31.05.2011/occt/release-sources-20110531/inc/AppParCurves_Constraint.hxx
+M AppParCurves:dbadmfile:AppParCurves_xcpp_header.In /dn43/OCCT/tmp/results_31.05.2011/occt/release-sources-20110531/drv/AppParCurves/.adm/AppParCurves_xcpp_header.In
+M AppParCurves:dbadmfile:AppParCurves_xcpp_header.Out /dn43/OCCT/tmp/results_31.05.2011/occt/release-sources-20110531/drv/AppParCurves/.adm/AppParCurves_xcpp_header.Out
+M AppParCurves:dbadmfile:AppParCurves_xcpp_header.Dep /dn43/OCCT/tmp/results_31.05.2011/occt/release-sources-20110531/drv/AppParCurves/.adm/AppParCurves_xcpp_header.Dep
