+M RWStepAP214:pubinclude:RWStepAP214.hxx /dn43/OCCT/tmp/results_31.05.2011/occt/release-sources-20110531/inc/RWStepAP214.hxx
+M RWStepAP214:privinclude:RWStepAP214.jxx /dn43/OCCT/tmp/results_31.05.2011/occt/release-sources-20110531/drv/RWStepAP214/RWStepAP214.jxx
+M RWStepAP214:privinclude:RWStepAP214.ixx /dn43/OCCT/tmp/results_31.05.2011/occt/release-sources-20110531/drv/RWStepAP214/RWStepAP214.ixx
+M RWStepAP214:pubinclude:Handle_RWStepAP214_ReadWriteModule.hxx /dn43/OCCT/tmp/results_31.05.2011/occt/release-sources-20110531/inc/Handle_RWStepAP214_ReadWriteModule.hxx
+M RWStepAP214:pubinclude:RWStepAP214_ReadWriteModule.hxx /dn43/OCCT/tmp/results_31.05.2011/occt/release-sources-20110531/inc/RWStepAP214_ReadWriteModule.hxx
+M RWStepAP214:privinclude:RWStepAP214_ReadWriteModule.jxx /dn43/OCCT/tmp/results_31.05.2011/occt/release-sources-20110531/drv/RWStepAP214/RWStepAP214_ReadWriteModule.jxx
+M RWStepAP214:privinclude:RWStepAP214_ReadWriteModule.ixx /dn43/OCCT/tmp/results_31.05.2011/occt/release-sources-20110531/drv/RWStepAP214/RWStepAP214_ReadWriteModule.ixx
+M RWStepAP214:pubinclude:Handle_RWStepAP214_GeneralModule.hxx /dn43/OCCT/tmp/results_31.05.2011/occt/release-sources-20110531/inc/Handle_RWStepAP214_GeneralModule.hxx
+M RWStepAP214:pubinclude:RWStepAP214_GeneralModule.hxx /dn43/OCCT/tmp/results_31.05.2011/occt/release-sources-20110531/inc/RWStepAP214_GeneralModule.hxx
+M RWStepAP214:privinclude:RWStepAP214_GeneralModule.jxx /dn43/OCCT/tmp/results_31.05.2011/occt/release-sources-20110531/drv/RWStepAP214/RWStepAP214_GeneralModule.jxx
+M RWStepAP214:privinclude:RWStepAP214_GeneralModule.ixx /dn43/OCCT/tmp/results_31.05.2011/occt/release-sources-20110531/drv/RWStepAP214/RWStepAP214_GeneralModule.ixx
+M RWStepAP214:pubinclude:RWStepAP214_RWAutoDesignActualDateAndTimeAssignment.hxx /dn43/OCCT/tmp/results_31.05.2011/occt/release-sources-20110531/inc/RWStepAP214_RWAutoDesignActualDateAndTimeAssignment.hxx
+M RWStepAP214:privinclude:RWStepAP214_RWAutoDesignActualDateAndTimeAssignment.jxx /dn43/OCCT/tmp/results_31.05.2011/occt/release-sources-20110531/drv/RWStepAP214/RWStepAP214_RWAutoDesignActualDateAndTimeAssignment.jxx
+M RWStepAP214:privinclude:RWStepAP214_RWAutoDesignActualDateAndTimeAssignment.ixx /dn43/OCCT/tmp/results_31.05.2011/occt/release-sources-20110531/drv/RWStepAP214/RWStepAP214_RWAutoDesignActualDateAndTimeAssignment.ixx
+M RWStepAP214:pubinclude:RWStepAP214_RWAutoDesignActualDateAssignment.hxx /dn43/OCCT/tmp/results_31.05.2011/occt/release-sources-20110531/inc/RWStepAP214_RWAutoDesignActualDateAssignment.hxx
+M RWStepAP214:privinclude:RWStepAP214_RWAutoDesignActualDateAssignment.jxx /dn43/OCCT/tmp/results_31.05.2011/occt/release-sources-20110531/drv/RWStepAP214/RWStepAP214_RWAutoDesignActualDateAssignment.jxx
+M RWStepAP214:privinclude:RWStepAP214_RWAutoDesignActualDateAssignment.ixx /dn43/OCCT/tmp/results_31.05.2011/occt/release-sources-20110531/drv/RWStepAP214/RWStepAP214_RWAutoDesignActualDateAssignment.ixx
+M RWStepAP214:pubinclude:RWStepAP214_RWAutoDesignApprovalAssignment.hxx /dn43/OCCT/tmp/results_31.05.2011/occt/release-sources-20110531/inc/RWStepAP214_RWAutoDesignApprovalAssignment.hxx
+M RWStepAP214:privinclude:RWStepAP214_RWAutoDesignApprovalAssignment.jxx /dn43/OCCT/tmp/results_31.05.2011/occt/release-sources-20110531/drv/RWStepAP214/RWStepAP214_RWAutoDesignApprovalAssignment.jxx
+M RWStepAP214:privinclude:RWStepAP214_RWAutoDesignApprovalAssignment.ixx /dn43/OCCT/tmp/results_31.05.2011/occt/release-sources-20110531/drv/RWStepAP214/RWStepAP214_RWAutoDesignApprovalAssignment.ixx
+M RWStepAP214:pubinclude:RWStepAP214_RWAutoDesignDateAndPersonAssignment.hxx /dn43/OCCT/tmp/results_31.05.2011/occt/release-sources-20110531/inc/RWStepAP214_RWAutoDesignDateAndPersonAssignment.hxx
+M RWStepAP214:privinclude:RWStepAP214_RWAutoDesignDateAndPersonAssignment.jxx /dn43/OCCT/tmp/results_31.05.2011/occt/release-sources-20110531/drv/RWStepAP214/RWStepAP214_RWAutoDesignDateAndPersonAssignment.jxx
+M RWStepAP214:privinclude:RWStepAP214_RWAutoDesignDateAndPersonAssignment.ixx /dn43/OCCT/tmp/results_31.05.2011/occt/release-sources-20110531/drv/RWStepAP214/RWStepAP214_RWAutoDesignDateAndPersonAssignment.ixx
+M RWStepAP214:pubinclude:RWStepAP214_RWAutoDesignGroupAssignment.hxx /dn43/OCCT/tmp/results_31.05.2011/occt/release-sources-20110531/inc/RWStepAP214_RWAutoDesignGroupAssignment.hxx
+M RWStepAP214:privinclude:RWStepAP214_RWAutoDesignGroupAssignment.jxx /dn43/OCCT/tmp/results_31.05.2011/occt/release-sources-20110531/drv/RWStepAP214/RWStepAP214_RWAutoDesignGroupAssignment.jxx
+M RWStepAP214:privinclude:RWStepAP214_RWAutoDesignGroupAssignment.ixx /dn43/OCCT/tmp/results_31.05.2011/occt/release-sources-20110531/drv/RWStepAP214/RWStepAP214_RWAutoDesignGroupAssignment.ixx
+M RWStepAP214:pubinclude:RWStepAP214_RWAutoDesignNominalDateAndTimeAssignment.hxx /dn43/OCCT/tmp/results_31.05.2011/occt/release-sources-20110531/inc/RWStepAP214_RWAutoDesignNominalDateAndTimeAssignment.hxx
+M RWStepAP214:privinclude:RWStepAP214_RWAutoDesignNominalDateAndTimeAssignment.jxx /dn43/OCCT/tmp/results_31.05.2011/occt/release-sources-20110531/drv/RWStepAP214/RWStepAP214_RWAutoDesignNominalDateAndTimeAssignment.jxx
+M RWStepAP214:privinclude:RWStepAP214_RWAutoDesignNominalDateAndTimeAssignment.ixx /dn43/OCCT/tmp/results_31.05.2011/occt/release-sources-20110531/drv/RWStepAP214/RWStepAP214_RWAutoDesignNominalDateAndTimeAssignment.ixx
+M RWStepAP214:pubinclude:RWStepAP214_RWAutoDesignNominalDateAssignment.hxx /dn43/OCCT/tmp/results_31.05.2011/occt/release-sources-20110531/inc/RWStepAP214_RWAutoDesignNominalDateAssignment.hxx
+M RWStepAP214:privinclude:RWStepAP214_RWAutoDesignNominalDateAssignment.jxx /dn43/OCCT/tmp/results_31.05.2011/occt/release-sources-20110531/drv/RWStepAP214/RWStepAP214_RWAutoDesignNominalDateAssignment.jxx
+M RWStepAP214:privinclude:RWStepAP214_RWAutoDesignNominalDateAssignment.ixx /dn43/OCCT/tmp/results_31.05.2011/occt/release-sources-20110531/drv/RWStepAP214/RWStepAP214_RWAutoDesignNominalDateAssignment.ixx
+M RWStepAP214:pubinclude:RWStepAP214_RWAutoDesignOrganizationAssignment.hxx /dn43/OCCT/tmp/results_31.05.2011/occt/release-sources-20110531/inc/RWStepAP214_RWAutoDesignOrganizationAssignment.hxx
+M RWStepAP214:privinclude:RWStepAP214_RWAutoDesignOrganizationAssignment.jxx /dn43/OCCT/tmp/results_31.05.2011/occt/release-sources-20110531/drv/RWStepAP214/RWStepAP214_RWAutoDesignOrganizationAssignment.jxx
+M RWStepAP214:privinclude:RWStepAP214_RWAutoDesignOrganizationAssignment.ixx /dn43/OCCT/tmp/results_31.05.2011/occt/release-sources-20110531/drv/RWStepAP214/RWStepAP214_RWAutoDesignOrganizationAssignment.ixx
+M RWStepAP214:pubinclude:RWStepAP214_RWAutoDesignPersonAndOrganizationAssignment.hxx /dn43/OCCT/tmp/results_31.05.2011/occt/release-sources-20110531/inc/RWStepAP214_RWAutoDesignPersonAndOrganizationAssignment.hxx
+M RWStepAP214:privinclude:RWStepAP214_RWAutoDesignPersonAndOrganizationAssignment.jxx /dn43/OCCT/tmp/results_31.05.2011/occt/release-sources-20110531/drv/RWStepAP214/RWStepAP214_RWAutoDesignPersonAndOrganizationAssignment.jxx
+M RWStepAP214:privinclude:RWStepAP214_RWAutoDesignPersonAndOrganizationAssignment.ixx /dn43/OCCT/tmp/results_31.05.2011/occt/release-sources-20110531/drv/RWStepAP214/RWStepAP214_RWAutoDesignPersonAndOrganizationAssignment.ixx
+M RWStepAP214:pubinclude:RWStepAP214_RWAutoDesignPresentedItem.hxx /dn43/OCCT/tmp/results_31.05.2011/occt/release-sources-20110531/inc/RWStepAP214_RWAutoDesignPresentedItem.hxx
+M RWStepAP214:privinclude:RWStepAP214_RWAutoDesignPresentedItem.jxx /dn43/OCCT/tmp/results_31.05.2011/occt/release-sources-20110531/drv/RWStepAP214/RWStepAP214_RWAutoDesignPresentedItem.jxx
+M RWStepAP214:privinclude:RWStepAP214_RWAutoDesignPresentedItem.ixx /dn43/OCCT/tmp/results_31.05.2011/occt/release-sources-20110531/drv/RWStepAP214/RWStepAP214_RWAutoDesignPresentedItem.ixx
+M RWStepAP214:pubinclude:RWStepAP214_RWAutoDesignSecurityClassificationAssignment.hxx /dn43/OCCT/tmp/results_31.05.2011/occt/release-sources-20110531/inc/RWStepAP214_RWAutoDesignSecurityClassificationAssignment.hxx
+M RWStepAP214:privinclude:RWStepAP214_RWAutoDesignSecurityClassificationAssignment.jxx /dn43/OCCT/tmp/results_31.05.2011/occt/release-sources-20110531/drv/RWStepAP214/RWStepAP214_RWAutoDesignSecurityClassificationAssignment.jxx
+M RWStepAP214:privinclude:RWStepAP214_RWAutoDesignSecurityClassificationAssignment.ixx /dn43/OCCT/tmp/results_31.05.2011/occt/release-sources-20110531/drv/RWStepAP214/RWStepAP214_RWAutoDesignSecurityClassificationAssignment.ixx
+M RWStepAP214:pubinclude:RWStepAP214_RWAutoDesignDocumentReference.hxx /dn43/OCCT/tmp/results_31.05.2011/occt/release-sources-20110531/inc/RWStepAP214_RWAutoDesignDocumentReference.hxx
+M RWStepAP214:privinclude:RWStepAP214_RWAutoDesignDocumentReference.jxx /dn43/OCCT/tmp/results_31.05.2011/occt/release-sources-20110531/drv/RWStepAP214/RWStepAP214_RWAutoDesignDocumentReference.jxx
+M RWStepAP214:privinclude:RWStepAP214_RWAutoDesignDocumentReference.ixx /dn43/OCCT/tmp/results_31.05.2011/occt/release-sources-20110531/drv/RWStepAP214/RWStepAP214_RWAutoDesignDocumentReference.ixx
+M RWStepAP214:pubinclude:RWStepAP214_RWAppliedDateAndTimeAssignment.hxx /dn43/OCCT/tmp/results_31.05.2011/occt/release-sources-20110531/inc/RWStepAP214_RWAppliedDateAndTimeAssignment.hxx
+M RWStepAP214:privinclude:RWStepAP214_RWAppliedDateAndTimeAssignment.jxx /dn43/OCCT/tmp/results_31.05.2011/occt/release-sources-20110531/drv/RWStepAP214/RWStepAP214_RWAppliedDateAndTimeAssignment.jxx
+M RWStepAP214:privinclude:RWStepAP214_RWAppliedDateAndTimeAssignment.ixx /dn43/OCCT/tmp/results_31.05.2011/occt/release-sources-20110531/drv/RWStepAP214/RWStepAP214_RWAppliedDateAndTimeAssignment.ixx
+M RWStepAP214:pubinclude:RWStepAP214_RWAppliedDateAssignment.hxx /dn43/OCCT/tmp/results_31.05.2011/occt/release-sources-20110531/inc/RWStepAP214_RWAppliedDateAssignment.hxx
+M RWStepAP214:privinclude:RWStepAP214_RWAppliedDateAssignment.jxx /dn43/OCCT/tmp/results_31.05.2011/occt/release-sources-20110531/drv/RWStepAP214/RWStepAP214_RWAppliedDateAssignment.jxx
+M RWStepAP214:privinclude:RWStepAP214_RWAppliedDateAssignment.ixx /dn43/OCCT/tmp/results_31.05.2011/occt/release-sources-20110531/drv/RWStepAP214/RWStepAP214_RWAppliedDateAssignment.ixx
+M RWStepAP214:pubinclude:RWStepAP214_RWAppliedApprovalAssignment.hxx /dn43/OCCT/tmp/results_31.05.2011/occt/release-sources-20110531/inc/RWStepAP214_RWAppliedApprovalAssignment.hxx
+M RWStepAP214:privinclude:RWStepAP214_RWAppliedApprovalAssignment.jxx /dn43/OCCT/tmp/results_31.05.2011/occt/release-sources-20110531/drv/RWStepAP214/RWStepAP214_RWAppliedApprovalAssignment.jxx
+M RWStepAP214:privinclude:RWStepAP214_RWAppliedApprovalAssignment.ixx /dn43/OCCT/tmp/results_31.05.2011/occt/release-sources-20110531/drv/RWStepAP214/RWStepAP214_RWAppliedApprovalAssignment.ixx
+M RWStepAP214:pubinclude:RWStepAP214_RWAppliedGroupAssignment.hxx /dn43/OCCT/tmp/results_31.05.2011/occt/release-sources-20110531/inc/RWStepAP214_RWAppliedGroupAssignment.hxx
+M RWStepAP214:privinclude:RWStepAP214_RWAppliedGroupAssignment.jxx /dn43/OCCT/tmp/results_31.05.2011/occt/release-sources-20110531/drv/RWStepAP214/RWStepAP214_RWAppliedGroupAssignment.jxx
+M RWStepAP214:privinclude:RWStepAP214_RWAppliedGroupAssignment.ixx /dn43/OCCT/tmp/results_31.05.2011/occt/release-sources-20110531/drv/RWStepAP214/RWStepAP214_RWAppliedGroupAssignment.ixx
+M RWStepAP214:pubinclude:RWStepAP214_RWAppliedOrganizationAssignment.hxx /dn43/OCCT/tmp/results_31.05.2011/occt/release-sources-20110531/inc/RWStepAP214_RWAppliedOrganizationAssignment.hxx
+M RWStepAP214:privinclude:RWStepAP214_RWAppliedOrganizationAssignment.jxx /dn43/OCCT/tmp/results_31.05.2011/occt/release-sources-20110531/drv/RWStepAP214/RWStepAP214_RWAppliedOrganizationAssignment.jxx
+M RWStepAP214:privinclude:RWStepAP214_RWAppliedOrganizationAssignment.ixx /dn43/OCCT/tmp/results_31.05.2011/occt/release-sources-20110531/drv/RWStepAP214/RWStepAP214_RWAppliedOrganizationAssignment.ixx
+M RWStepAP214:pubinclude:RWStepAP214_RWAppliedPersonAndOrganizationAssignment.hxx /dn43/OCCT/tmp/results_31.05.2011/occt/release-sources-20110531/inc/RWStepAP214_RWAppliedPersonAndOrganizationAssignment.hxx
+M RWStepAP214:privinclude:RWStepAP214_RWAppliedPersonAndOrganizationAssignment.jxx /dn43/OCCT/tmp/results_31.05.2011/occt/release-sources-20110531/drv/RWStepAP214/RWStepAP214_RWAppliedPersonAndOrganizationAssignment.jxx
+M RWStepAP214:privinclude:RWStepAP214_RWAppliedPersonAndOrganizationAssignment.ixx /dn43/OCCT/tmp/results_31.05.2011/occt/release-sources-20110531/drv/RWStepAP214/RWStepAP214_RWAppliedPersonAndOrganizationAssignment.ixx
+M RWStepAP214:pubinclude:RWStepAP214_RWAppliedPresentedItem.hxx /dn43/OCCT/tmp/results_31.05.2011/occt/release-sources-20110531/inc/RWStepAP214_RWAppliedPresentedItem.hxx
+M RWStepAP214:privinclude:RWStepAP214_RWAppliedPresentedItem.jxx /dn43/OCCT/tmp/results_31.05.2011/occt/release-sources-20110531/drv/RWStepAP214/RWStepAP214_RWAppliedPresentedItem.jxx
+M RWStepAP214:privinclude:RWStepAP214_RWAppliedPresentedItem.ixx /dn43/OCCT/tmp/results_31.05.2011/occt/release-sources-20110531/drv/RWStepAP214/RWStepAP214_RWAppliedPresentedItem.ixx
+M RWStepAP214:pubinclude:RWStepAP214_RWAppliedSecurityClassificationAssignment.hxx /dn43/OCCT/tmp/results_31.05.2011/occt/release-sources-20110531/inc/RWStepAP214_RWAppliedSecurityClassificationAssignment.hxx
+M RWStepAP214:privinclude:RWStepAP214_RWAppliedSecurityClassificationAssignment.jxx /dn43/OCCT/tmp/results_31.05.2011/occt/release-sources-20110531/drv/RWStepAP214/RWStepAP214_RWAppliedSecurityClassificationAssignment.jxx
+M RWStepAP214:privinclude:RWStepAP214_RWAppliedSecurityClassificationAssignment.ixx /dn43/OCCT/tmp/results_31.05.2011/occt/release-sources-20110531/drv/RWStepAP214/RWStepAP214_RWAppliedSecurityClassificationAssignment.ixx
+M RWStepAP214:pubinclude:RWStepAP214_RWAppliedDocumentReference.hxx /dn43/OCCT/tmp/results_31.05.2011/occt/release-sources-20110531/inc/RWStepAP214_RWAppliedDocumentReference.hxx
+M RWStepAP214:privinclude:RWStepAP214_RWAppliedDocumentReference.jxx /dn43/OCCT/tmp/results_31.05.2011/occt/release-sources-20110531/drv/RWStepAP214/RWStepAP214_RWAppliedDocumentReference.jxx
+M RWStepAP214:privinclude:RWStepAP214_RWAppliedDocumentReference.ixx /dn43/OCCT/tmp/results_31.05.2011/occt/release-sources-20110531/drv/RWStepAP214/RWStepAP214_RWAppliedDocumentReference.ixx
+M RWStepAP214:pubinclude:RWStepAP214_RWAppliedExternalIdentificationAssignment.hxx /dn43/OCCT/tmp/results_31.05.2011/occt/release-sources-20110531/inc/RWStepAP214_RWAppliedExternalIdentificationAssignment.hxx
+M RWStepAP214:privinclude:RWStepAP214_RWAppliedExternalIdentificationAssignment.jxx /dn43/OCCT/tmp/results_31.05.2011/occt/release-sources-20110531/drv/RWStepAP214/RWStepAP214_RWAppliedExternalIdentificationAssignment.jxx
+M RWStepAP214:privinclude:RWStepAP214_RWAppliedExternalIdentificationAssignment.ixx /dn43/OCCT/tmp/results_31.05.2011/occt/release-sources-20110531/drv/RWStepAP214/RWStepAP214_RWAppliedExternalIdentificationAssignment.ixx
+M RWStepAP214:pubinclude:RWStepAP214_RWClass.hxx /dn43/OCCT/tmp/results_31.05.2011/occt/release-sources-20110531/inc/RWStepAP214_RWClass.hxx
+M RWStepAP214:privinclude:RWStepAP214_RWClass.jxx /dn43/OCCT/tmp/results_31.05.2011/occt/release-sources-20110531/drv/RWStepAP214/RWStepAP214_RWClass.jxx
+M RWStepAP214:privinclude:RWStepAP214_RWClass.ixx /dn43/OCCT/tmp/results_31.05.2011/occt/release-sources-20110531/drv/RWStepAP214/RWStepAP214_RWClass.ixx
+M RWStepAP214:pubinclude:RWStepAP214_RWExternallyDefinedClass.hxx /dn43/OCCT/tmp/results_31.05.2011/occt/release-sources-20110531/inc/RWStepAP214_RWExternallyDefinedClass.hxx
+M RWStepAP214:privinclude:RWStepAP214_RWExternallyDefinedClass.jxx /dn43/OCCT/tmp/results_31.05.2011/occt/release-sources-20110531/drv/RWStepAP214/RWStepAP214_RWExternallyDefinedClass.jxx
+M RWStepAP214:privinclude:RWStepAP214_RWExternallyDefinedClass.ixx /dn43/OCCT/tmp/results_31.05.2011/occt/release-sources-20110531/drv/RWStepAP214/RWStepAP214_RWExternallyDefinedClass.ixx
+M RWStepAP214:pubinclude:RWStepAP214_RWExternallyDefinedGeneralProperty.hxx /dn43/OCCT/tmp/results_31.05.2011/occt/release-sources-20110531/inc/RWStepAP214_RWExternallyDefinedGeneralProperty.hxx
+M RWStepAP214:privinclude:RWStepAP214_RWExternallyDefinedGeneralProperty.jxx /dn43/OCCT/tmp/results_31.05.2011/occt/release-sources-20110531/drv/RWStepAP214/RWStepAP214_RWExternallyDefinedGeneralProperty.jxx
+M RWStepAP214:privinclude:RWStepAP214_RWExternallyDefinedGeneralProperty.ixx /dn43/OCCT/tmp/results_31.05.2011/occt/release-sources-20110531/drv/RWStepAP214/RWStepAP214_RWExternallyDefinedGeneralProperty.ixx
+M RWStepAP214:pubinclude:RWStepAP214_RWRepItemGroup.hxx /dn43/OCCT/tmp/results_31.05.2011/occt/release-sources-20110531/inc/RWStepAP214_RWRepItemGroup.hxx
+M RWStepAP214:privinclude:RWStepAP214_RWRepItemGroup.jxx /dn43/OCCT/tmp/results_31.05.2011/occt/release-sources-20110531/drv/RWStepAP214/RWStepAP214_RWRepItemGroup.jxx
+M RWStepAP214:privinclude:RWStepAP214_RWRepItemGroup.ixx /dn43/OCCT/tmp/results_31.05.2011/occt/release-sources-20110531/drv/RWStepAP214/RWStepAP214_RWRepItemGroup.ixx
+M RWStepAP214:dbadmfile:RWStepAP214_xcpp_header.In /dn43/OCCT/tmp/results_31.05.2011/occt/release-sources-20110531/drv/RWStepAP214/.adm/RWStepAP214_xcpp_header.In
+M RWStepAP214:dbadmfile:RWStepAP214_xcpp_header.Out /dn43/OCCT/tmp/results_31.05.2011/occt/release-sources-20110531/drv/RWStepAP214/.adm/RWStepAP214_xcpp_header.Out
+M RWStepAP214:dbadmfile:RWStepAP214_xcpp_header.Dep /dn43/OCCT/tmp/results_31.05.2011/occt/release-sources-20110531/drv/RWStepAP214/.adm/RWStepAP214_xcpp_header.Dep
