+M DBC:pubinclude:DBC_BaseArray.hxx /dn43/OCCT/tmp/results_30.09.2011/occt/release-sources-20110930/inc/DBC_BaseArray.hxx
+M DBC:privinclude:DBC_BaseArray.jxx /dn43/OCCT/tmp/results_30.09.2011/occt/release-sources-20110930/drv/DBC/DBC_BaseArray.jxx
+M DBC:privinclude:DBC_BaseArray.ixx /dn43/OCCT/tmp/results_30.09.2011/occt/release-sources-20110930/drv/DBC/DBC_BaseArray.ixx
+M DBC:pubinclude:DBC_VArrayOfInteger.hxx /dn43/OCCT/tmp/results_30.09.2011/occt/release-sources-20110930/inc/DBC_VArrayOfInteger.hxx
+M DBC:derivated:DBC_VArrayOfInteger_0.cxx /dn43/OCCT/tmp/results_30.09.2011/occt/release-sources-20110930/drv/DBC/DBC_VArrayOfInteger_0.cxx
+M DBC:pubinclude:DBC_VArrayOfReal.hxx /dn43/OCCT/tmp/results_30.09.2011/occt/release-sources-20110930/inc/DBC_VArrayOfReal.hxx
+M DBC:derivated:DBC_VArrayOfReal_0.cxx /dn43/OCCT/tmp/results_30.09.2011/occt/release-sources-20110930/drv/DBC/DBC_VArrayOfReal_0.cxx
+M DBC:pubinclude:DBC_VArrayOfCharacter.hxx /dn43/OCCT/tmp/results_30.09.2011/occt/release-sources-20110930/inc/DBC_VArrayOfCharacter.hxx
+M DBC:derivated:DBC_VArrayOfCharacter_0.cxx /dn43/OCCT/tmp/results_30.09.2011/occt/release-sources-20110930/drv/DBC/DBC_VArrayOfCharacter_0.cxx
+M DBC:pubinclude:DBC_VArrayOfExtCharacter.hxx /dn43/OCCT/tmp/results_30.09.2011/occt/release-sources-20110930/inc/DBC_VArrayOfExtCharacter.hxx
+M DBC:derivated:DBC_VArrayOfExtCharacter_0.cxx /dn43/OCCT/tmp/results_30.09.2011/occt/release-sources-20110930/drv/DBC/DBC_VArrayOfExtCharacter_0.cxx
+M DBC:pubinclude:Handle_DBC_VArrayNodeOfVArrayOfInteger.hxx /dn43/OCCT/tmp/results_30.09.2011/occt/release-sources-20110930/inc/Handle_DBC_VArrayNodeOfVArrayOfInteger.hxx
+M DBC:pubinclude:DBC_VArrayNodeOfVArrayOfInteger.hxx /dn43/OCCT/tmp/results_30.09.2011/occt/release-sources-20110930/inc/DBC_VArrayNodeOfVArrayOfInteger.hxx
+M DBC:derivated:DBC_VArrayNodeOfVArrayOfInteger_0.cxx /dn43/OCCT/tmp/results_30.09.2011/occt/release-sources-20110930/drv/DBC/DBC_VArrayNodeOfVArrayOfInteger_0.cxx
+M DBC:pubinclude:DBC_VArrayTNodeOfVArrayOfInteger.hxx /dn43/OCCT/tmp/results_30.09.2011/occt/release-sources-20110930/inc/DBC_VArrayTNodeOfVArrayOfInteger.hxx
+M DBC:derivated:DBC_VArrayTNodeOfVArrayOfInteger_0.cxx /dn43/OCCT/tmp/results_30.09.2011/occt/release-sources-20110930/drv/DBC/DBC_VArrayTNodeOfVArrayOfInteger_0.cxx
+M DBC:pubinclude:Handle_DBC_VArrayNodeOfVArrayOfReal.hxx /dn43/OCCT/tmp/results_30.09.2011/occt/release-sources-20110930/inc/Handle_DBC_VArrayNodeOfVArrayOfReal.hxx
+M DBC:pubinclude:DBC_VArrayNodeOfVArrayOfReal.hxx /dn43/OCCT/tmp/results_30.09.2011/occt/release-sources-20110930/inc/DBC_VArrayNodeOfVArrayOfReal.hxx
+M DBC:derivated:DBC_VArrayNodeOfVArrayOfReal_0.cxx /dn43/OCCT/tmp/results_30.09.2011/occt/release-sources-20110930/drv/DBC/DBC_VArrayNodeOfVArrayOfReal_0.cxx
+M DBC:pubinclude:DBC_VArrayTNodeOfVArrayOfReal.hxx /dn43/OCCT/tmp/results_30.09.2011/occt/release-sources-20110930/inc/DBC_VArrayTNodeOfVArrayOfReal.hxx
+M DBC:derivated:DBC_VArrayTNodeOfVArrayOfReal_0.cxx /dn43/OCCT/tmp/results_30.09.2011/occt/release-sources-20110930/drv/DBC/DBC_VArrayTNodeOfVArrayOfReal_0.cxx
+M DBC:pubinclude:Handle_DBC_VArrayNodeOfVArrayOfCharacter.hxx /dn43/OCCT/tmp/results_30.09.2011/occt/release-sources-20110930/inc/Handle_DBC_VArrayNodeOfVArrayOfCharacter.hxx
+M DBC:pubinclude:DBC_VArrayNodeOfVArrayOfCharacter.hxx /dn43/OCCT/tmp/results_30.09.2011/occt/release-sources-20110930/inc/DBC_VArrayNodeOfVArrayOfCharacter.hxx
+M DBC:derivated:DBC_VArrayNodeOfVArrayOfCharacter_0.cxx /dn43/OCCT/tmp/results_30.09.2011/occt/release-sources-20110930/drv/DBC/DBC_VArrayNodeOfVArrayOfCharacter_0.cxx
+M DBC:pubinclude:DBC_VArrayTNodeOfVArrayOfCharacter.hxx /dn43/OCCT/tmp/results_30.09.2011/occt/release-sources-20110930/inc/DBC_VArrayTNodeOfVArrayOfCharacter.hxx
+M DBC:derivated:DBC_VArrayTNodeOfVArrayOfCharacter_0.cxx /dn43/OCCT/tmp/results_30.09.2011/occt/release-sources-20110930/drv/DBC/DBC_VArrayTNodeOfVArrayOfCharacter_0.cxx
+M DBC:pubinclude:Handle_DBC_VArrayNodeOfVArrayOfExtCharacter.hxx /dn43/OCCT/tmp/results_30.09.2011/occt/release-sources-20110930/inc/Handle_DBC_VArrayNodeOfVArrayOfExtCharacter.hxx
+M DBC:pubinclude:DBC_VArrayNodeOfVArrayOfExtCharacter.hxx /dn43/OCCT/tmp/results_30.09.2011/occt/release-sources-20110930/inc/DBC_VArrayNodeOfVArrayOfExtCharacter.hxx
+M DBC:derivated:DBC_VArrayNodeOfVArrayOfExtCharacter_0.cxx /dn43/OCCT/tmp/results_30.09.2011/occt/release-sources-20110930/drv/DBC/DBC_VArrayNodeOfVArrayOfExtCharacter_0.cxx
+M DBC:pubinclude:DBC_VArrayTNodeOfVArrayOfExtCharacter.hxx /dn43/OCCT/tmp/results_30.09.2011/occt/release-sources-20110930/inc/DBC_VArrayTNodeOfVArrayOfExtCharacter.hxx
+M DBC:derivated:DBC_VArrayTNodeOfVArrayOfExtCharacter_0.cxx /dn43/OCCT/tmp/results_30.09.2011/occt/release-sources-20110930/drv/DBC/DBC_VArrayTNodeOfVArrayOfExtCharacter_0.cxx
+M DBC:dbadmfile:DBC_xcpp_header.In /dn43/OCCT/tmp/results_30.09.2011/occt/release-sources-20110930/drv/DBC/.adm/DBC_xcpp_header.In
+M DBC:dbadmfile:DBC_xcpp_header.Out /dn43/OCCT/tmp/results_30.09.2011/occt/release-sources-20110930/drv/DBC/.adm/DBC_xcpp_header.Out
+M DBC:dbadmfile:DBC_xcpp_header.Dep /dn43/OCCT/tmp/results_30.09.2011/occt/release-sources-20110930/drv/DBC/.adm/DBC_xcpp_header.Dep
