+M HeaderSection:pubinclude:HeaderSection.hxx /dn43/OCCT/tmp/results_28.02.2011/occt/release-sources-20110228/inc/HeaderSection.hxx
+M HeaderSection:privinclude:HeaderSection.jxx /dn43/OCCT/tmp/results_28.02.2011/occt/release-sources-20110228/drv/HeaderSection/HeaderSection.jxx
+M HeaderSection:privinclude:HeaderSection.ixx /dn43/OCCT/tmp/results_28.02.2011/occt/release-sources-20110228/drv/HeaderSection/HeaderSection.ixx
+M HeaderSection:pubinclude:Handle_HeaderSection_Protocol.hxx /dn43/OCCT/tmp/results_28.02.2011/occt/release-sources-20110228/inc/Handle_HeaderSection_Protocol.hxx
+M HeaderSection:pubinclude:HeaderSection_Protocol.hxx /dn43/OCCT/tmp/results_28.02.2011/occt/release-sources-20110228/inc/HeaderSection_Protocol.hxx
+M HeaderSection:privinclude:HeaderSection_Protocol.jxx /dn43/OCCT/tmp/results_28.02.2011/occt/release-sources-20110228/drv/HeaderSection/HeaderSection_Protocol.jxx
+M HeaderSection:privinclude:HeaderSection_Protocol.ixx /dn43/OCCT/tmp/results_28.02.2011/occt/release-sources-20110228/drv/HeaderSection/HeaderSection_Protocol.ixx
+M HeaderSection:pubinclude:Handle_HeaderSection_FileName.hxx /dn43/OCCT/tmp/results_28.02.2011/occt/release-sources-20110228/inc/Handle_HeaderSection_FileName.hxx
+M HeaderSection:pubinclude:HeaderSection_FileName.hxx /dn43/OCCT/tmp/results_28.02.2011/occt/release-sources-20110228/inc/HeaderSection_FileName.hxx
+M HeaderSection:privinclude:HeaderSection_FileName.jxx /dn43/OCCT/tmp/results_28.02.2011/occt/release-sources-20110228/drv/HeaderSection/HeaderSection_FileName.jxx
+M HeaderSection:privinclude:HeaderSection_FileName.ixx /dn43/OCCT/tmp/results_28.02.2011/occt/release-sources-20110228/drv/HeaderSection/HeaderSection_FileName.ixx
+M HeaderSection:pubinclude:Handle_HeaderSection_FileDescription.hxx /dn43/OCCT/tmp/results_28.02.2011/occt/release-sources-20110228/inc/Handle_HeaderSection_FileDescription.hxx
+M HeaderSection:pubinclude:HeaderSection_FileDescription.hxx /dn43/OCCT/tmp/results_28.02.2011/occt/release-sources-20110228/inc/HeaderSection_FileDescription.hxx
+M HeaderSection:privinclude:HeaderSection_FileDescription.jxx /dn43/OCCT/tmp/results_28.02.2011/occt/release-sources-20110228/drv/HeaderSection/HeaderSection_FileDescription.jxx
+M HeaderSection:privinclude:HeaderSection_FileDescription.ixx /dn43/OCCT/tmp/results_28.02.2011/occt/release-sources-20110228/drv/HeaderSection/HeaderSection_FileDescription.ixx
+M HeaderSection:pubinclude:Handle_HeaderSection_FileSchema.hxx /dn43/OCCT/tmp/results_28.02.2011/occt/release-sources-20110228/inc/Handle_HeaderSection_FileSchema.hxx
+M HeaderSection:pubinclude:HeaderSection_FileSchema.hxx /dn43/OCCT/tmp/results_28.02.2011/occt/release-sources-20110228/inc/HeaderSection_FileSchema.hxx
+M HeaderSection:privinclude:HeaderSection_FileSchema.jxx /dn43/OCCT/tmp/results_28.02.2011/occt/release-sources-20110228/drv/HeaderSection/HeaderSection_FileSchema.jxx
+M HeaderSection:privinclude:HeaderSection_FileSchema.ixx /dn43/OCCT/tmp/results_28.02.2011/occt/release-sources-20110228/drv/HeaderSection/HeaderSection_FileSchema.ixx
+M HeaderSection:pubinclude:Handle_HeaderSection_HeaderRecognizer.hxx /dn43/OCCT/tmp/results_28.02.2011/occt/release-sources-20110228/inc/Handle_HeaderSection_HeaderRecognizer.hxx
+M HeaderSection:pubinclude:HeaderSection_HeaderRecognizer.hxx /dn43/OCCT/tmp/results_28.02.2011/occt/release-sources-20110228/inc/HeaderSection_HeaderRecognizer.hxx
+M HeaderSection:privinclude:HeaderSection_HeaderRecognizer.jxx /dn43/OCCT/tmp/results_28.02.2011/occt/release-sources-20110228/drv/HeaderSection/HeaderSection_HeaderRecognizer.jxx
+M HeaderSection:privinclude:HeaderSection_HeaderRecognizer.ixx /dn43/OCCT/tmp/results_28.02.2011/occt/release-sources-20110228/drv/HeaderSection/HeaderSection_HeaderRecognizer.ixx
+M HeaderSection:dbadmfile:HeaderSection_xcpp_header.In /dn43/OCCT/tmp/results_28.02.2011/occt/release-sources-20110228/drv/HeaderSection/.adm/HeaderSection_xcpp_header.In
+M HeaderSection:dbadmfile:HeaderSection_xcpp_header.Out /dn43/OCCT/tmp/results_28.02.2011/occt/release-sources-20110228/drv/HeaderSection/.adm/HeaderSection_xcpp_header.Out
+M HeaderSection:dbadmfile:HeaderSection_xcpp_header.Dep /dn43/OCCT/tmp/results_28.02.2011/occt/release-sources-20110228/drv/HeaderSection/.adm/HeaderSection_xcpp_header.Dep
