+M TopoDS:pubinclude:TopoDS.lxx /dn43/OCCT/tmp/results_28.02.2011/occt/release-sources-20110228/inc/TopoDS.lxx
+M TopoDS:pubinclude:TopoDS_Shape.lxx /dn43/OCCT/tmp/results_28.02.2011/occt/release-sources-20110228/inc/TopoDS_Shape.lxx
+M TopoDS:pubinclude:TopoDS_HShape.lxx /dn43/OCCT/tmp/results_28.02.2011/occt/release-sources-20110228/inc/TopoDS_HShape.lxx
+M TopoDS:pubinclude:TopoDS_TShape.lxx /dn43/OCCT/tmp/results_28.02.2011/occt/release-sources-20110228/inc/TopoDS_TShape.lxx
+M TopoDS:pubinclude:TopoDS_TVertex.lxx /dn43/OCCT/tmp/results_28.02.2011/occt/release-sources-20110228/inc/TopoDS_TVertex.lxx
+M TopoDS:pubinclude:TopoDS_Vertex.lxx /dn43/OCCT/tmp/results_28.02.2011/occt/release-sources-20110228/inc/TopoDS_Vertex.lxx
+M TopoDS:pubinclude:TopoDS_TEdge.lxx /dn43/OCCT/tmp/results_28.02.2011/occt/release-sources-20110228/inc/TopoDS_TEdge.lxx
+M TopoDS:pubinclude:TopoDS_Edge.lxx /dn43/OCCT/tmp/results_28.02.2011/occt/release-sources-20110228/inc/TopoDS_Edge.lxx
+M TopoDS:pubinclude:TopoDS_TWire.lxx /dn43/OCCT/tmp/results_28.02.2011/occt/release-sources-20110228/inc/TopoDS_TWire.lxx
+M TopoDS:pubinclude:TopoDS_Wire.lxx /dn43/OCCT/tmp/results_28.02.2011/occt/release-sources-20110228/inc/TopoDS_Wire.lxx
+M TopoDS:pubinclude:TopoDS_TFace.lxx /dn43/OCCT/tmp/results_28.02.2011/occt/release-sources-20110228/inc/TopoDS_TFace.lxx
+M TopoDS:pubinclude:TopoDS_Face.lxx /dn43/OCCT/tmp/results_28.02.2011/occt/release-sources-20110228/inc/TopoDS_Face.lxx
+M TopoDS:pubinclude:TopoDS_TShell.lxx /dn43/OCCT/tmp/results_28.02.2011/occt/release-sources-20110228/inc/TopoDS_TShell.lxx
+M TopoDS:pubinclude:TopoDS_Shell.lxx /dn43/OCCT/tmp/results_28.02.2011/occt/release-sources-20110228/inc/TopoDS_Shell.lxx
+M TopoDS:pubinclude:TopoDS_TSolid.lxx /dn43/OCCT/tmp/results_28.02.2011/occt/release-sources-20110228/inc/TopoDS_TSolid.lxx
+M TopoDS:pubinclude:TopoDS_Solid.lxx /dn43/OCCT/tmp/results_28.02.2011/occt/release-sources-20110228/inc/TopoDS_Solid.lxx
+M TopoDS:pubinclude:TopoDS_TCompSolid.lxx /dn43/OCCT/tmp/results_28.02.2011/occt/release-sources-20110228/inc/TopoDS_TCompSolid.lxx
+M TopoDS:pubinclude:TopoDS_CompSolid.lxx /dn43/OCCT/tmp/results_28.02.2011/occt/release-sources-20110228/inc/TopoDS_CompSolid.lxx
+M TopoDS:pubinclude:TopoDS_TCompound.lxx /dn43/OCCT/tmp/results_28.02.2011/occt/release-sources-20110228/inc/TopoDS_TCompound.lxx
+M TopoDS:pubinclude:TopoDS_Compound.lxx /dn43/OCCT/tmp/results_28.02.2011/occt/release-sources-20110228/inc/TopoDS_Compound.lxx
+M TopoDS:pubinclude:TopoDS_Builder.lxx /dn43/OCCT/tmp/results_28.02.2011/occt/release-sources-20110228/inc/TopoDS_Builder.lxx
+M TopoDS:pubinclude:TopoDS_Iterator.lxx /dn43/OCCT/tmp/results_28.02.2011/occt/release-sources-20110228/inc/TopoDS_Iterator.lxx
+M TopoDS:dbadmfile:TopoDS_obj_inc.In /dn43/OCCT/tmp/results_28.02.2011/occt/release-sources-20110228/drv/TopoDS/.adm/TopoDS_obj_inc.In
+M TopoDS:dbadmfile:TopoDS_obj_inc.Out /dn43/OCCT/tmp/results_28.02.2011/occt/release-sources-20110228/drv/TopoDS/.adm/TopoDS_obj_inc.Out
+M TopoDS:dbadmfile:TopoDS_obj_inc.Dep /dn43/OCCT/tmp/results_28.02.2011/occt/release-sources-20110228/drv/TopoDS/.adm/TopoDS_obj_inc.Dep
