+M GccInt:pubinclude:Handle_GccInt_Bisec.hxx /dn43/OCCT/tmp/results_31.05.2011/occt/release-sources-20110531/inc/Handle_GccInt_Bisec.hxx
+M GccInt:pubinclude:GccInt_Bisec.hxx /dn43/OCCT/tmp/results_31.05.2011/occt/release-sources-20110531/inc/GccInt_Bisec.hxx
+M GccInt:privinclude:GccInt_Bisec.jxx /dn43/OCCT/tmp/results_31.05.2011/occt/release-sources-20110531/drv/GccInt/GccInt_Bisec.jxx
+M GccInt:privinclude:GccInt_Bisec.ixx /dn43/OCCT/tmp/results_31.05.2011/occt/release-sources-20110531/drv/GccInt/GccInt_Bisec.ixx
+M GccInt:pubinclude:Handle_GccInt_BCirc.hxx /dn43/OCCT/tmp/results_31.05.2011/occt/release-sources-20110531/inc/Handle_GccInt_BCirc.hxx
+M GccInt:pubinclude:GccInt_BCirc.hxx /dn43/OCCT/tmp/results_31.05.2011/occt/release-sources-20110531/inc/GccInt_BCirc.hxx
+M GccInt:privinclude:GccInt_BCirc.jxx /dn43/OCCT/tmp/results_31.05.2011/occt/release-sources-20110531/drv/GccInt/GccInt_BCirc.jxx
+M GccInt:privinclude:GccInt_BCirc.ixx /dn43/OCCT/tmp/results_31.05.2011/occt/release-sources-20110531/drv/GccInt/GccInt_BCirc.ixx
+M GccInt:pubinclude:Handle_GccInt_BElips.hxx /dn43/OCCT/tmp/results_31.05.2011/occt/release-sources-20110531/inc/Handle_GccInt_BElips.hxx
+M GccInt:pubinclude:GccInt_BElips.hxx /dn43/OCCT/tmp/results_31.05.2011/occt/release-sources-20110531/inc/GccInt_BElips.hxx
+M GccInt:privinclude:GccInt_BElips.jxx /dn43/OCCT/tmp/results_31.05.2011/occt/release-sources-20110531/drv/GccInt/GccInt_BElips.jxx
+M GccInt:privinclude:GccInt_BElips.ixx /dn43/OCCT/tmp/results_31.05.2011/occt/release-sources-20110531/drv/GccInt/GccInt_BElips.ixx
+M GccInt:pubinclude:Handle_GccInt_BLine.hxx /dn43/OCCT/tmp/results_31.05.2011/occt/release-sources-20110531/inc/Handle_GccInt_BLine.hxx
+M GccInt:pubinclude:GccInt_BLine.hxx /dn43/OCCT/tmp/results_31.05.2011/occt/release-sources-20110531/inc/GccInt_BLine.hxx
+M GccInt:privinclude:GccInt_BLine.jxx /dn43/OCCT/tmp/results_31.05.2011/occt/release-sources-20110531/drv/GccInt/GccInt_BLine.jxx
+M GccInt:privinclude:GccInt_BLine.ixx /dn43/OCCT/tmp/results_31.05.2011/occt/release-sources-20110531/drv/GccInt/GccInt_BLine.ixx
+M GccInt:pubinclude:Handle_GccInt_BParab.hxx /dn43/OCCT/tmp/results_31.05.2011/occt/release-sources-20110531/inc/Handle_GccInt_BParab.hxx
+M GccInt:pubinclude:GccInt_BParab.hxx /dn43/OCCT/tmp/results_31.05.2011/occt/release-sources-20110531/inc/GccInt_BParab.hxx
+M GccInt:privinclude:GccInt_BParab.jxx /dn43/OCCT/tmp/results_31.05.2011/occt/release-sources-20110531/drv/GccInt/GccInt_BParab.jxx
+M GccInt:privinclude:GccInt_BParab.ixx /dn43/OCCT/tmp/results_31.05.2011/occt/release-sources-20110531/drv/GccInt/GccInt_BParab.ixx
+M GccInt:pubinclude:Handle_GccInt_BPoint.hxx /dn43/OCCT/tmp/results_31.05.2011/occt/release-sources-20110531/inc/Handle_GccInt_BPoint.hxx
+M GccInt:pubinclude:GccInt_BPoint.hxx /dn43/OCCT/tmp/results_31.05.2011/occt/release-sources-20110531/inc/GccInt_BPoint.hxx
+M GccInt:privinclude:GccInt_BPoint.jxx /dn43/OCCT/tmp/results_31.05.2011/occt/release-sources-20110531/drv/GccInt/GccInt_BPoint.jxx
+M GccInt:privinclude:GccInt_BPoint.ixx /dn43/OCCT/tmp/results_31.05.2011/occt/release-sources-20110531/drv/GccInt/GccInt_BPoint.ixx
+M GccInt:pubinclude:Handle_GccInt_BHyper.hxx /dn43/OCCT/tmp/results_31.05.2011/occt/release-sources-20110531/inc/Handle_GccInt_BHyper.hxx
+M GccInt:pubinclude:GccInt_BHyper.hxx /dn43/OCCT/tmp/results_31.05.2011/occt/release-sources-20110531/inc/GccInt_BHyper.hxx
+M GccInt:privinclude:GccInt_BHyper.jxx /dn43/OCCT/tmp/results_31.05.2011/occt/release-sources-20110531/drv/GccInt/GccInt_BHyper.jxx
+M GccInt:privinclude:GccInt_BHyper.ixx /dn43/OCCT/tmp/results_31.05.2011/occt/release-sources-20110531/drv/GccInt/GccInt_BHyper.ixx
+M GccInt:pubinclude:GccInt_IType.hxx /dn43/OCCT/tmp/results_31.05.2011/occt/release-sources-20110531/inc/GccInt_IType.hxx
+M GccInt:dbadmfile:GccInt_xcpp_header.In /dn43/OCCT/tmp/results_31.05.2011/occt/release-sources-20110531/drv/GccInt/.adm/GccInt_xcpp_header.In
+M GccInt:dbadmfile:GccInt_xcpp_header.Out /dn43/OCCT/tmp/results_31.05.2011/occt/release-sources-20110531/drv/GccInt/.adm/GccInt_xcpp_header.Out
+M GccInt:dbadmfile:GccInt_xcpp_header.Dep /dn43/OCCT/tmp/results_31.05.2011/occt/release-sources-20110531/drv/GccInt/.adm/GccInt_xcpp_header.Dep
