+M HatchGen:pubinclude:HatchGen_IntersectionPoint.hxx /dn43/OCCT/tmp/results_30.09.2011/occt/release-sources-20110930/inc/HatchGen_IntersectionPoint.hxx
+M HatchGen:privinclude:HatchGen_IntersectionPoint.jxx /dn43/OCCT/tmp/results_30.09.2011/occt/release-sources-20110930/drv/HatchGen/HatchGen_IntersectionPoint.jxx
+M HatchGen:privinclude:HatchGen_IntersectionPoint.ixx /dn43/OCCT/tmp/results_30.09.2011/occt/release-sources-20110930/drv/HatchGen/HatchGen_IntersectionPoint.ixx
+M HatchGen:pubinclude:HatchGen_PointOnHatching.hxx /dn43/OCCT/tmp/results_30.09.2011/occt/release-sources-20110930/inc/HatchGen_PointOnHatching.hxx
+M HatchGen:privinclude:HatchGen_PointOnHatching.jxx /dn43/OCCT/tmp/results_30.09.2011/occt/release-sources-20110930/drv/HatchGen/HatchGen_PointOnHatching.jxx
+M HatchGen:privinclude:HatchGen_PointOnHatching.ixx /dn43/OCCT/tmp/results_30.09.2011/occt/release-sources-20110930/drv/HatchGen/HatchGen_PointOnHatching.ixx
+M HatchGen:pubinclude:HatchGen_PointsOnHatching.hxx /dn43/OCCT/tmp/results_30.09.2011/occt/release-sources-20110930/inc/HatchGen_PointsOnHatching.hxx
+M HatchGen:derivated:HatchGen_PointsOnHatching_0.cxx /dn43/OCCT/tmp/results_30.09.2011/occt/release-sources-20110930/drv/HatchGen/HatchGen_PointsOnHatching_0.cxx
+M HatchGen:pubinclude:HatchGen_PointOnElement.hxx /dn43/OCCT/tmp/results_30.09.2011/occt/release-sources-20110930/inc/HatchGen_PointOnElement.hxx
+M HatchGen:privinclude:HatchGen_PointOnElement.jxx /dn43/OCCT/tmp/results_30.09.2011/occt/release-sources-20110930/drv/HatchGen/HatchGen_PointOnElement.jxx
+M HatchGen:privinclude:HatchGen_PointOnElement.ixx /dn43/OCCT/tmp/results_30.09.2011/occt/release-sources-20110930/drv/HatchGen/HatchGen_PointOnElement.ixx
+M HatchGen:pubinclude:HatchGen_PointsOnElement.hxx /dn43/OCCT/tmp/results_30.09.2011/occt/release-sources-20110930/inc/HatchGen_PointsOnElement.hxx
+M HatchGen:derivated:HatchGen_PointsOnElement_0.cxx /dn43/OCCT/tmp/results_30.09.2011/occt/release-sources-20110930/drv/HatchGen/HatchGen_PointsOnElement_0.cxx
+M HatchGen:pubinclude:HatchGen_Domain.hxx /dn43/OCCT/tmp/results_30.09.2011/occt/release-sources-20110930/inc/HatchGen_Domain.hxx
+M HatchGen:privinclude:HatchGen_Domain.jxx /dn43/OCCT/tmp/results_30.09.2011/occt/release-sources-20110930/drv/HatchGen/HatchGen_Domain.jxx
+M HatchGen:privinclude:HatchGen_Domain.ixx /dn43/OCCT/tmp/results_30.09.2011/occt/release-sources-20110930/drv/HatchGen/HatchGen_Domain.ixx
+M HatchGen:pubinclude:HatchGen_Domains.hxx /dn43/OCCT/tmp/results_30.09.2011/occt/release-sources-20110930/inc/HatchGen_Domains.hxx
+M HatchGen:derivated:HatchGen_Domains_0.cxx /dn43/OCCT/tmp/results_30.09.2011/occt/release-sources-20110930/drv/HatchGen/HatchGen_Domains_0.cxx
+M HatchGen:pubinclude:Handle_HatchGen_SequenceNodeOfPointsOnHatching.hxx /dn43/OCCT/tmp/results_30.09.2011/occt/release-sources-20110930/inc/Handle_HatchGen_SequenceNodeOfPointsOnHatching.hxx
+M HatchGen:pubinclude:HatchGen_SequenceNodeOfPointsOnHatching.hxx /dn43/OCCT/tmp/results_30.09.2011/occt/release-sources-20110930/inc/HatchGen_SequenceNodeOfPointsOnHatching.hxx
+M HatchGen:derivated:HatchGen_SequenceNodeOfPointsOnHatching_0.cxx /dn43/OCCT/tmp/results_30.09.2011/occt/release-sources-20110930/drv/HatchGen/HatchGen_SequenceNodeOfPointsOnHatching_0.cxx
+M HatchGen:pubinclude:Handle_HatchGen_SequenceNodeOfPointsOnElement.hxx /dn43/OCCT/tmp/results_30.09.2011/occt/release-sources-20110930/inc/Handle_HatchGen_SequenceNodeOfPointsOnElement.hxx
+M HatchGen:pubinclude:HatchGen_SequenceNodeOfPointsOnElement.hxx /dn43/OCCT/tmp/results_30.09.2011/occt/release-sources-20110930/inc/HatchGen_SequenceNodeOfPointsOnElement.hxx
+M HatchGen:derivated:HatchGen_SequenceNodeOfPointsOnElement_0.cxx /dn43/OCCT/tmp/results_30.09.2011/occt/release-sources-20110930/drv/HatchGen/HatchGen_SequenceNodeOfPointsOnElement_0.cxx
+M HatchGen:pubinclude:Handle_HatchGen_SequenceNodeOfDomains.hxx /dn43/OCCT/tmp/results_30.09.2011/occt/release-sources-20110930/inc/Handle_HatchGen_SequenceNodeOfDomains.hxx
+M HatchGen:pubinclude:HatchGen_SequenceNodeOfDomains.hxx /dn43/OCCT/tmp/results_30.09.2011/occt/release-sources-20110930/inc/HatchGen_SequenceNodeOfDomains.hxx
+M HatchGen:derivated:HatchGen_SequenceNodeOfDomains_0.cxx /dn43/OCCT/tmp/results_30.09.2011/occt/release-sources-20110930/drv/HatchGen/HatchGen_SequenceNodeOfDomains_0.cxx
+M HatchGen:pubinclude:HatchGen_IntersectionType.hxx /dn43/OCCT/tmp/results_30.09.2011/occt/release-sources-20110930/inc/HatchGen_IntersectionType.hxx
+M HatchGen:pubinclude:HatchGen_ErrorStatus.hxx /dn43/OCCT/tmp/results_30.09.2011/occt/release-sources-20110930/inc/HatchGen_ErrorStatus.hxx
+M HatchGen:dbadmfile:HatchGen_xcpp_header.In /dn43/OCCT/tmp/results_30.09.2011/occt/release-sources-20110930/drv/HatchGen/.adm/HatchGen_xcpp_header.In
+M HatchGen:dbadmfile:HatchGen_xcpp_header.Out /dn43/OCCT/tmp/results_30.09.2011/occt/release-sources-20110930/drv/HatchGen/.adm/HatchGen_xcpp_header.Out
+M HatchGen:dbadmfile:HatchGen_xcpp_header.Dep /dn43/OCCT/tmp/results_30.09.2011/occt/release-sources-20110930/drv/HatchGen/.adm/HatchGen_xcpp_header.Dep
