+M TDocStd:pubinclude:TDocStd.hxx /dn43/OCCT/tmp/results_30.09.2011/occt/release-sources-20110930/inc/TDocStd.hxx
+M TDocStd:privinclude:TDocStd.jxx /dn43/OCCT/tmp/results_30.09.2011/occt/release-sources-20110930/drv/TDocStd/TDocStd.jxx
+M TDocStd:privinclude:TDocStd.ixx /dn43/OCCT/tmp/results_30.09.2011/occt/release-sources-20110930/drv/TDocStd/TDocStd.ixx
+M TDocStd:pubinclude:Handle_TDocStd_Application.hxx /dn43/OCCT/tmp/results_30.09.2011/occt/release-sources-20110930/inc/Handle_TDocStd_Application.hxx
+M TDocStd:pubinclude:TDocStd_Application.hxx /dn43/OCCT/tmp/results_30.09.2011/occt/release-sources-20110930/inc/TDocStd_Application.hxx
+M TDocStd:privinclude:TDocStd_Application.jxx /dn43/OCCT/tmp/results_30.09.2011/occt/release-sources-20110930/drv/TDocStd/TDocStd_Application.jxx
+M TDocStd:privinclude:TDocStd_Application.ixx /dn43/OCCT/tmp/results_30.09.2011/occt/release-sources-20110930/drv/TDocStd/TDocStd_Application.ixx
+M TDocStd:pubinclude:Handle_TDocStd_Document.hxx /dn43/OCCT/tmp/results_30.09.2011/occt/release-sources-20110930/inc/Handle_TDocStd_Document.hxx
+M TDocStd:pubinclude:TDocStd_Document.hxx /dn43/OCCT/tmp/results_30.09.2011/occt/release-sources-20110930/inc/TDocStd_Document.hxx
+M TDocStd:privinclude:TDocStd_Document.jxx /dn43/OCCT/tmp/results_30.09.2011/occt/release-sources-20110930/drv/TDocStd/TDocStd_Document.jxx
+M TDocStd:privinclude:TDocStd_Document.ixx /dn43/OCCT/tmp/results_30.09.2011/occt/release-sources-20110930/drv/TDocStd/TDocStd_Document.ixx
+M TDocStd:pubinclude:TDocStd_Context.hxx /dn43/OCCT/tmp/results_30.09.2011/occt/release-sources-20110930/inc/TDocStd_Context.hxx
+M TDocStd:privinclude:TDocStd_Context.jxx /dn43/OCCT/tmp/results_30.09.2011/occt/release-sources-20110930/drv/TDocStd/TDocStd_Context.jxx
+M TDocStd:privinclude:TDocStd_Context.ixx /dn43/OCCT/tmp/results_30.09.2011/occt/release-sources-20110930/drv/TDocStd/TDocStd_Context.ixx
+M TDocStd:pubinclude:Handle_TDocStd_XLink.hxx /dn43/OCCT/tmp/results_30.09.2011/occt/release-sources-20110930/inc/Handle_TDocStd_XLink.hxx
+M TDocStd:pubinclude:TDocStd_XLink.hxx /dn43/OCCT/tmp/results_30.09.2011/occt/release-sources-20110930/inc/TDocStd_XLink.hxx
+M TDocStd:privinclude:TDocStd_XLink.jxx /dn43/OCCT/tmp/results_30.09.2011/occt/release-sources-20110930/drv/TDocStd/TDocStd_XLink.jxx
+M TDocStd:privinclude:TDocStd_XLink.ixx /dn43/OCCT/tmp/results_30.09.2011/occt/release-sources-20110930/drv/TDocStd/TDocStd_XLink.ixx
+M TDocStd:pubinclude:TDocStd_XLinkIterator.hxx /dn43/OCCT/tmp/results_30.09.2011/occt/release-sources-20110930/inc/TDocStd_XLinkIterator.hxx
+M TDocStd:privinclude:TDocStd_XLinkIterator.jxx /dn43/OCCT/tmp/results_30.09.2011/occt/release-sources-20110930/drv/TDocStd/TDocStd_XLinkIterator.jxx
+M TDocStd:privinclude:TDocStd_XLinkIterator.ixx /dn43/OCCT/tmp/results_30.09.2011/occt/release-sources-20110930/drv/TDocStd/TDocStd_XLinkIterator.ixx
+M TDocStd:pubinclude:TDocStd_XLinkTool.hxx /dn43/OCCT/tmp/results_30.09.2011/occt/release-sources-20110930/inc/TDocStd_XLinkTool.hxx
+M TDocStd:privinclude:TDocStd_XLinkTool.jxx /dn43/OCCT/tmp/results_30.09.2011/occt/release-sources-20110930/drv/TDocStd/TDocStd_XLinkTool.jxx
+M TDocStd:privinclude:TDocStd_XLinkTool.ixx /dn43/OCCT/tmp/results_30.09.2011/occt/release-sources-20110930/drv/TDocStd/TDocStd_XLinkTool.ixx
+M TDocStd:pubinclude:Handle_TDocStd_Owner.hxx /dn43/OCCT/tmp/results_30.09.2011/occt/release-sources-20110930/inc/Handle_TDocStd_Owner.hxx
+M TDocStd:pubinclude:TDocStd_Owner.hxx /dn43/OCCT/tmp/results_30.09.2011/occt/release-sources-20110930/inc/TDocStd_Owner.hxx
+M TDocStd:privinclude:TDocStd_Owner.jxx /dn43/OCCT/tmp/results_30.09.2011/occt/release-sources-20110930/drv/TDocStd/TDocStd_Owner.jxx
+M TDocStd:privinclude:TDocStd_Owner.ixx /dn43/OCCT/tmp/results_30.09.2011/occt/release-sources-20110930/drv/TDocStd/TDocStd_Owner.ixx
+M TDocStd:pubinclude:Handle_TDocStd_Modified.hxx /dn43/OCCT/tmp/results_30.09.2011/occt/release-sources-20110930/inc/Handle_TDocStd_Modified.hxx
+M TDocStd:pubinclude:TDocStd_Modified.hxx /dn43/OCCT/tmp/results_30.09.2011/occt/release-sources-20110930/inc/TDocStd_Modified.hxx
+M TDocStd:privinclude:TDocStd_Modified.jxx /dn43/OCCT/tmp/results_30.09.2011/occt/release-sources-20110930/drv/TDocStd/TDocStd_Modified.jxx
+M TDocStd:privinclude:TDocStd_Modified.ixx /dn43/OCCT/tmp/results_30.09.2011/occt/release-sources-20110930/drv/TDocStd/TDocStd_Modified.ixx
+M TDocStd:pubinclude:Handle_TDocStd_XLinkRoot.hxx /dn43/OCCT/tmp/results_30.09.2011/occt/release-sources-20110930/inc/Handle_TDocStd_XLinkRoot.hxx
+M TDocStd:pubinclude:TDocStd_XLinkRoot.hxx /dn43/OCCT/tmp/results_30.09.2011/occt/release-sources-20110930/inc/TDocStd_XLinkRoot.hxx
+M TDocStd:privinclude:TDocStd_XLinkRoot.jxx /dn43/OCCT/tmp/results_30.09.2011/occt/release-sources-20110930/drv/TDocStd/TDocStd_XLinkRoot.jxx
+M TDocStd:privinclude:TDocStd_XLinkRoot.ixx /dn43/OCCT/tmp/results_30.09.2011/occt/release-sources-20110930/drv/TDocStd/TDocStd_XLinkRoot.ixx
+M TDocStd:pubinclude:TDocStd_PathParser.hxx /dn43/OCCT/tmp/results_30.09.2011/occt/release-sources-20110930/inc/TDocStd_PathParser.hxx
+M TDocStd:privinclude:TDocStd_PathParser.jxx /dn43/OCCT/tmp/results_30.09.2011/occt/release-sources-20110930/drv/TDocStd/TDocStd_PathParser.jxx
+M TDocStd:privinclude:TDocStd_PathParser.ixx /dn43/OCCT/tmp/results_30.09.2011/occt/release-sources-20110930/drv/TDocStd/TDocStd_PathParser.ixx
+M TDocStd:pubinclude:Handle_TDocStd_CompoundDelta.hxx /dn43/OCCT/tmp/results_30.09.2011/occt/release-sources-20110930/inc/Handle_TDocStd_CompoundDelta.hxx
+M TDocStd:pubinclude:TDocStd_CompoundDelta.hxx /dn43/OCCT/tmp/results_30.09.2011/occt/release-sources-20110930/inc/TDocStd_CompoundDelta.hxx
+M TDocStd:privinclude:TDocStd_CompoundDelta.jxx /dn43/OCCT/tmp/results_30.09.2011/occt/release-sources-20110930/drv/TDocStd/TDocStd_CompoundDelta.jxx
+M TDocStd:privinclude:TDocStd_CompoundDelta.ixx /dn43/OCCT/tmp/results_30.09.2011/occt/release-sources-20110930/drv/TDocStd/TDocStd_CompoundDelta.ixx
+M TDocStd:pubinclude:TDocStd_LabelIDMapDataMap.hxx /dn43/OCCT/tmp/results_30.09.2011/occt/release-sources-20110930/inc/TDocStd_LabelIDMapDataMap.hxx
+M TDocStd:derivated:TDocStd_LabelIDMapDataMap_0.cxx /dn43/OCCT/tmp/results_30.09.2011/occt/release-sources-20110930/drv/TDocStd/TDocStd_LabelIDMapDataMap_0.cxx
+M TDocStd:pubinclude:Handle_TDocStd_ApplicationDelta.hxx /dn43/OCCT/tmp/results_30.09.2011/occt/release-sources-20110930/inc/Handle_TDocStd_ApplicationDelta.hxx
+M TDocStd:pubinclude:TDocStd_ApplicationDelta.hxx /dn43/OCCT/tmp/results_30.09.2011/occt/release-sources-20110930/inc/TDocStd_ApplicationDelta.hxx
+M TDocStd:privinclude:TDocStd_ApplicationDelta.jxx /dn43/OCCT/tmp/results_30.09.2011/occt/release-sources-20110930/drv/TDocStd/TDocStd_ApplicationDelta.jxx
+M TDocStd:privinclude:TDocStd_ApplicationDelta.ixx /dn43/OCCT/tmp/results_30.09.2011/occt/release-sources-20110930/drv/TDocStd/TDocStd_ApplicationDelta.ixx
+M TDocStd:pubinclude:Handle_TDocStd_MultiTransactionManager.hxx /dn43/OCCT/tmp/results_30.09.2011/occt/release-sources-20110930/inc/Handle_TDocStd_MultiTransactionManager.hxx
+M TDocStd:pubinclude:TDocStd_MultiTransactionManager.hxx /dn43/OCCT/tmp/results_30.09.2011/occt/release-sources-20110930/inc/TDocStd_MultiTransactionManager.hxx
+M TDocStd:privinclude:TDocStd_MultiTransactionManager.jxx /dn43/OCCT/tmp/results_30.09.2011/occt/release-sources-20110930/drv/TDocStd/TDocStd_MultiTransactionManager.jxx
+M TDocStd:privinclude:TDocStd_MultiTransactionManager.ixx /dn43/OCCT/tmp/results_30.09.2011/occt/release-sources-20110930/drv/TDocStd/TDocStd_MultiTransactionManager.ixx
+M TDocStd:pubinclude:TDocStd_SequenceOfApplicationDelta.hxx /dn43/OCCT/tmp/results_30.09.2011/occt/release-sources-20110930/inc/TDocStd_SequenceOfApplicationDelta.hxx
+M TDocStd:derivated:TDocStd_SequenceOfApplicationDelta_0.cxx /dn43/OCCT/tmp/results_30.09.2011/occt/release-sources-20110930/drv/TDocStd/TDocStd_SequenceOfApplicationDelta_0.cxx
+M TDocStd:pubinclude:TDocStd_SequenceOfDocument.hxx /dn43/OCCT/tmp/results_30.09.2011/occt/release-sources-20110930/inc/TDocStd_SequenceOfDocument.hxx
+M TDocStd:derivated:TDocStd_SequenceOfDocument_0.cxx /dn43/OCCT/tmp/results_30.09.2011/occt/release-sources-20110930/drv/TDocStd/TDocStd_SequenceOfDocument_0.cxx
+M TDocStd:pubinclude:Handle_TDocStd_DataMapNodeOfLabelIDMapDataMap.hxx /dn43/OCCT/tmp/results_30.09.2011/occt/release-sources-20110930/inc/Handle_TDocStd_DataMapNodeOfLabelIDMapDataMap.hxx
+M TDocStd:pubinclude:TDocStd_DataMapNodeOfLabelIDMapDataMap.hxx /dn43/OCCT/tmp/results_30.09.2011/occt/release-sources-20110930/inc/TDocStd_DataMapNodeOfLabelIDMapDataMap.hxx
+M TDocStd:derivated:TDocStd_DataMapNodeOfLabelIDMapDataMap_0.cxx /dn43/OCCT/tmp/results_30.09.2011/occt/release-sources-20110930/drv/TDocStd/TDocStd_DataMapNodeOfLabelIDMapDataMap_0.cxx
+M TDocStd:pubinclude:TDocStd_DataMapIteratorOfLabelIDMapDataMap.hxx /dn43/OCCT/tmp/results_30.09.2011/occt/release-sources-20110930/inc/TDocStd_DataMapIteratorOfLabelIDMapDataMap.hxx
+M TDocStd:derivated:TDocStd_DataMapIteratorOfLabelIDMapDataMap_0.cxx /dn43/OCCT/tmp/results_30.09.2011/occt/release-sources-20110930/drv/TDocStd/TDocStd_DataMapIteratorOfLabelIDMapDataMap_0.cxx
+M TDocStd:pubinclude:Handle_TDocStd_SequenceNodeOfSequenceOfApplicationDelta.hxx /dn43/OCCT/tmp/results_30.09.2011/occt/release-sources-20110930/inc/Handle_TDocStd_SequenceNodeOfSequenceOfApplicationDelta.hxx
+M TDocStd:pubinclude:TDocStd_SequenceNodeOfSequenceOfApplicationDelta.hxx /dn43/OCCT/tmp/results_30.09.2011/occt/release-sources-20110930/inc/TDocStd_SequenceNodeOfSequenceOfApplicationDelta.hxx
+M TDocStd:derivated:TDocStd_SequenceNodeOfSequenceOfApplicationDelta_0.cxx /dn43/OCCT/tmp/results_30.09.2011/occt/release-sources-20110930/drv/TDocStd/TDocStd_SequenceNodeOfSequenceOfApplicationDelta_0.cxx
+M TDocStd:pubinclude:Handle_TDocStd_SequenceNodeOfSequenceOfDocument.hxx /dn43/OCCT/tmp/results_30.09.2011/occt/release-sources-20110930/inc/Handle_TDocStd_SequenceNodeOfSequenceOfDocument.hxx
+M TDocStd:pubinclude:TDocStd_SequenceNodeOfSequenceOfDocument.hxx /dn43/OCCT/tmp/results_30.09.2011/occt/release-sources-20110930/inc/TDocStd_SequenceNodeOfSequenceOfDocument.hxx
+M TDocStd:derivated:TDocStd_SequenceNodeOfSequenceOfDocument_0.cxx /dn43/OCCT/tmp/results_30.09.2011/occt/release-sources-20110930/drv/TDocStd/TDocStd_SequenceNodeOfSequenceOfDocument_0.cxx
+M TDocStd:pubinclude:TDocStd_XLinkPtr.hxx /dn43/OCCT/tmp/results_30.09.2011/occt/release-sources-20110930/inc/TDocStd_XLinkPtr.hxx
+M TDocStd:dbadmfile:TDocStd_xcpp_header.In /dn43/OCCT/tmp/results_30.09.2011/occt/release-sources-20110930/drv/TDocStd/.adm/TDocStd_xcpp_header.In
+M TDocStd:dbadmfile:TDocStd_xcpp_header.Out /dn43/OCCT/tmp/results_30.09.2011/occt/release-sources-20110930/drv/TDocStd/.adm/TDocStd_xcpp_header.Out
+M TDocStd:dbadmfile:TDocStd_xcpp_header.Dep /dn43/OCCT/tmp/results_30.09.2011/occt/release-sources-20110930/drv/TDocStd/.adm/TDocStd_xcpp_header.Dep
