+M StdLSchema:pubinclude:StdLSchema.hxx /dn43/OCCT/tmp/results_30.09.2011/occt/release-sources-20110930/inc/StdLSchema.hxx
+M StdLSchema:derivated:StdLSchema.cxx /dn43/OCCT/tmp/results_30.09.2011/occt/release-sources-20110930/drv/StdLSchema/StdLSchema.cxx
+M StdLSchema:pubinclude:StdLSchema_PDF_Data.hxx /dn43/OCCT/tmp/results_30.09.2011/occt/release-sources-20110930/inc/StdLSchema_PDF_Data.hxx
+M StdLSchema:privinclude:StdLSchema_PDF_Data.ixx /dn43/OCCT/tmp/results_30.09.2011/occt/release-sources-20110930/drv/StdLSchema/StdLSchema_PDF_Data.ixx
+M StdLSchema:derivated:StdLSchema_PDF_Data.cxx /dn43/OCCT/tmp/results_30.09.2011/occt/release-sources-20110930/drv/StdLSchema/StdLSchema_PDF_Data.cxx
+M StdLSchema:pubinclude:StdLSchema_PDF_Attribute.hxx /dn43/OCCT/tmp/results_30.09.2011/occt/release-sources-20110930/inc/StdLSchema_PDF_Attribute.hxx
+M StdLSchema:privinclude:StdLSchema_PDF_Attribute.ixx /dn43/OCCT/tmp/results_30.09.2011/occt/release-sources-20110930/drv/StdLSchema/StdLSchema_PDF_Attribute.ixx
+M StdLSchema:derivated:StdLSchema_PDF_Attribute.cxx /dn43/OCCT/tmp/results_30.09.2011/occt/release-sources-20110930/drv/StdLSchema/StdLSchema_PDF_Attribute.cxx
+M StdLSchema:pubinclude:StdLSchema_PDF_TagSource.hxx /dn43/OCCT/tmp/results_30.09.2011/occt/release-sources-20110930/inc/StdLSchema_PDF_TagSource.hxx
+M StdLSchema:privinclude:StdLSchema_PDF_TagSource.ixx /dn43/OCCT/tmp/results_30.09.2011/occt/release-sources-20110930/drv/StdLSchema/StdLSchema_PDF_TagSource.ixx
+M StdLSchema:derivated:StdLSchema_PDF_TagSource.cxx /dn43/OCCT/tmp/results_30.09.2011/occt/release-sources-20110930/drv/StdLSchema/StdLSchema_PDF_TagSource.cxx
+M StdLSchema:pubinclude:StdLSchema_PDF_Reference.hxx /dn43/OCCT/tmp/results_30.09.2011/occt/release-sources-20110930/inc/StdLSchema_PDF_Reference.hxx
+M StdLSchema:privinclude:StdLSchema_PDF_Reference.ixx /dn43/OCCT/tmp/results_30.09.2011/occt/release-sources-20110930/drv/StdLSchema/StdLSchema_PDF_Reference.ixx
+M StdLSchema:derivated:StdLSchema_PDF_Reference.cxx /dn43/OCCT/tmp/results_30.09.2011/occt/release-sources-20110930/drv/StdLSchema/StdLSchema_PDF_Reference.cxx
+M StdLSchema:pubinclude:StdLSchema_PDF_HAttributeArray1.hxx /dn43/OCCT/tmp/results_30.09.2011/occt/release-sources-20110930/inc/StdLSchema_PDF_HAttributeArray1.hxx
+M StdLSchema:privinclude:StdLSchema_PDF_HAttributeArray1.ixx /dn43/OCCT/tmp/results_30.09.2011/occt/release-sources-20110930/drv/StdLSchema/StdLSchema_PDF_HAttributeArray1.ixx
+M StdLSchema:derivated:StdLSchema_PDF_HAttributeArray1.cxx /dn43/OCCT/tmp/results_30.09.2011/occt/release-sources-20110930/drv/StdLSchema/StdLSchema_PDF_HAttributeArray1.cxx
+M StdLSchema:pubinclude:StdLSchema_PDF_FieldOfHAttributeArray1.hxx /dn43/OCCT/tmp/results_30.09.2011/occt/release-sources-20110930/inc/StdLSchema_PDF_FieldOfHAttributeArray1.hxx
+M StdLSchema:privinclude:StdLSchema_PDF_FieldOfHAttributeArray1.ixx /dn43/OCCT/tmp/results_30.09.2011/occt/release-sources-20110930/drv/StdLSchema/StdLSchema_PDF_FieldOfHAttributeArray1.ixx
+M StdLSchema:derivated:StdLSchema_PDF_FieldOfHAttributeArray1.cxx /dn43/OCCT/tmp/results_30.09.2011/occt/release-sources-20110930/drv/StdLSchema/StdLSchema_PDF_FieldOfHAttributeArray1.cxx
+M StdLSchema:pubinclude:StdLSchema_PDataStd_Name.hxx /dn43/OCCT/tmp/results_30.09.2011/occt/release-sources-20110930/inc/StdLSchema_PDataStd_Name.hxx
+M StdLSchema:privinclude:StdLSchema_PDataStd_Name.ixx /dn43/OCCT/tmp/results_30.09.2011/occt/release-sources-20110930/drv/StdLSchema/StdLSchema_PDataStd_Name.ixx
+M StdLSchema:derivated:StdLSchema_PDataStd_Name.cxx /dn43/OCCT/tmp/results_30.09.2011/occt/release-sources-20110930/drv/StdLSchema/StdLSchema_PDataStd_Name.cxx
+M StdLSchema:pubinclude:StdLSchema_PDataStd_Comment.hxx /dn43/OCCT/tmp/results_30.09.2011/occt/release-sources-20110930/inc/StdLSchema_PDataStd_Comment.hxx
+M StdLSchema:privinclude:StdLSchema_PDataStd_Comment.ixx /dn43/OCCT/tmp/results_30.09.2011/occt/release-sources-20110930/drv/StdLSchema/StdLSchema_PDataStd_Comment.ixx
+M StdLSchema:derivated:StdLSchema_PDataStd_Comment.cxx /dn43/OCCT/tmp/results_30.09.2011/occt/release-sources-20110930/drv/StdLSchema/StdLSchema_PDataStd_Comment.cxx
+M StdLSchema:pubinclude:StdLSchema_PDataStd_Integer.hxx /dn43/OCCT/tmp/results_30.09.2011/occt/release-sources-20110930/inc/StdLSchema_PDataStd_Integer.hxx
+M StdLSchema:privinclude:StdLSchema_PDataStd_Integer.ixx /dn43/OCCT/tmp/results_30.09.2011/occt/release-sources-20110930/drv/StdLSchema/StdLSchema_PDataStd_Integer.ixx
+M StdLSchema:derivated:StdLSchema_PDataStd_Integer.cxx /dn43/OCCT/tmp/results_30.09.2011/occt/release-sources-20110930/drv/StdLSchema/StdLSchema_PDataStd_Integer.cxx
+M StdLSchema:pubinclude:StdLSchema_PDataStd_IntegerArray.hxx /dn43/OCCT/tmp/results_30.09.2011/occt/release-sources-20110930/inc/StdLSchema_PDataStd_IntegerArray.hxx
+M StdLSchema:privinclude:StdLSchema_PDataStd_IntegerArray.ixx /dn43/OCCT/tmp/results_30.09.2011/occt/release-sources-20110930/drv/StdLSchema/StdLSchema_PDataStd_IntegerArray.ixx
+M StdLSchema:derivated:StdLSchema_PDataStd_IntegerArray.cxx /dn43/OCCT/tmp/results_30.09.2011/occt/release-sources-20110930/drv/StdLSchema/StdLSchema_PDataStd_IntegerArray.cxx
+M StdLSchema:pubinclude:StdLSchema_PDataStd_IntegerArray_1.hxx /dn43/OCCT/tmp/results_30.09.2011/occt/release-sources-20110930/inc/StdLSchema_PDataStd_IntegerArray_1.hxx
+M StdLSchema:privinclude:StdLSchema_PDataStd_IntegerArray_1.ixx /dn43/OCCT/tmp/results_30.09.2011/occt/release-sources-20110930/drv/StdLSchema/StdLSchema_PDataStd_IntegerArray_1.ixx
+M StdLSchema:derivated:StdLSchema_PDataStd_IntegerArray_1.cxx /dn43/OCCT/tmp/results_30.09.2011/occt/release-sources-20110930/drv/StdLSchema/StdLSchema_PDataStd_IntegerArray_1.cxx
+M StdLSchema:pubinclude:StdLSchema_PDataStd_Real.hxx /dn43/OCCT/tmp/results_30.09.2011/occt/release-sources-20110930/inc/StdLSchema_PDataStd_Real.hxx
+M StdLSchema:privinclude:StdLSchema_PDataStd_Real.ixx /dn43/OCCT/tmp/results_30.09.2011/occt/release-sources-20110930/drv/StdLSchema/StdLSchema_PDataStd_Real.ixx
+M StdLSchema:derivated:StdLSchema_PDataStd_Real.cxx /dn43/OCCT/tmp/results_30.09.2011/occt/release-sources-20110930/drv/StdLSchema/StdLSchema_PDataStd_Real.cxx
+M StdLSchema:pubinclude:StdLSchema_PDataStd_RealArray.hxx /dn43/OCCT/tmp/results_30.09.2011/occt/release-sources-20110930/inc/StdLSchema_PDataStd_RealArray.hxx
+M StdLSchema:privinclude:StdLSchema_PDataStd_RealArray.ixx /dn43/OCCT/tmp/results_30.09.2011/occt/release-sources-20110930/drv/StdLSchema/StdLSchema_PDataStd_RealArray.ixx
+M StdLSchema:derivated:StdLSchema_PDataStd_RealArray.cxx /dn43/OCCT/tmp/results_30.09.2011/occt/release-sources-20110930/drv/StdLSchema/StdLSchema_PDataStd_RealArray.cxx
+M StdLSchema:pubinclude:StdLSchema_PDataStd_RealArray_1.hxx /dn43/OCCT/tmp/results_30.09.2011/occt/release-sources-20110930/inc/StdLSchema_PDataStd_RealArray_1.hxx
+M StdLSchema:privinclude:StdLSchema_PDataStd_RealArray_1.ixx /dn43/OCCT/tmp/results_30.09.2011/occt/release-sources-20110930/drv/StdLSchema/StdLSchema_PDataStd_RealArray_1.ixx
+M StdLSchema:derivated:StdLSchema_PDataStd_RealArray_1.cxx /dn43/OCCT/tmp/results_30.09.2011/occt/release-sources-20110930/drv/StdLSchema/StdLSchema_PDataStd_RealArray_1.cxx
+M StdLSchema:pubinclude:StdLSchema_PDataStd_ExtStringArray.hxx /dn43/OCCT/tmp/results_30.09.2011/occt/release-sources-20110930/inc/StdLSchema_PDataStd_ExtStringArray.hxx
+M StdLSchema:privinclude:StdLSchema_PDataStd_ExtStringArray.ixx /dn43/OCCT/tmp/results_30.09.2011/occt/release-sources-20110930/drv/StdLSchema/StdLSchema_PDataStd_ExtStringArray.ixx
+M StdLSchema:derivated:StdLSchema_PDataStd_ExtStringArray.cxx /dn43/OCCT/tmp/results_30.09.2011/occt/release-sources-20110930/drv/StdLSchema/StdLSchema_PDataStd_ExtStringArray.cxx
+M StdLSchema:pubinclude:StdLSchema_PDataStd_ExtStringArray_1.hxx /dn43/OCCT/tmp/results_30.09.2011/occt/release-sources-20110930/inc/StdLSchema_PDataStd_ExtStringArray_1.hxx
+M StdLSchema:privinclude:StdLSchema_PDataStd_ExtStringArray_1.ixx /dn43/OCCT/tmp/results_30.09.2011/occt/release-sources-20110930/drv/StdLSchema/StdLSchema_PDataStd_ExtStringArray_1.ixx
+M StdLSchema:derivated:StdLSchema_PDataStd_ExtStringArray_1.cxx /dn43/OCCT/tmp/results_30.09.2011/occt/release-sources-20110930/drv/StdLSchema/StdLSchema_PDataStd_ExtStringArray_1.cxx
+M StdLSchema:pubinclude:StdLSchema_PDataStd_TreeNode.hxx /dn43/OCCT/tmp/results_30.09.2011/occt/release-sources-20110930/inc/StdLSchema_PDataStd_TreeNode.hxx
+M StdLSchema:privinclude:StdLSchema_PDataStd_TreeNode.ixx /dn43/OCCT/tmp/results_30.09.2011/occt/release-sources-20110930/drv/StdLSchema/StdLSchema_PDataStd_TreeNode.ixx
+M StdLSchema:derivated:StdLSchema_PDataStd_TreeNode.cxx /dn43/OCCT/tmp/results_30.09.2011/occt/release-sources-20110930/drv/StdLSchema/StdLSchema_PDataStd_TreeNode.cxx
+M StdLSchema:pubinclude:StdLSchema_PDataStd_Expression.hxx /dn43/OCCT/tmp/results_30.09.2011/occt/release-sources-20110930/inc/StdLSchema_PDataStd_Expression.hxx
+M StdLSchema:privinclude:StdLSchema_PDataStd_Expression.ixx /dn43/OCCT/tmp/results_30.09.2011/occt/release-sources-20110930/drv/StdLSchema/StdLSchema_PDataStd_Expression.ixx
+M StdLSchema:derivated:StdLSchema_PDataStd_Expression.cxx /dn43/OCCT/tmp/results_30.09.2011/occt/release-sources-20110930/drv/StdLSchema/StdLSchema_PDataStd_Expression.cxx
+M StdLSchema:pubinclude:StdLSchema_PDataStd_Relation.hxx /dn43/OCCT/tmp/results_30.09.2011/occt/release-sources-20110930/inc/StdLSchema_PDataStd_Relation.hxx
+M StdLSchema:privinclude:StdLSchema_PDataStd_Relation.ixx /dn43/OCCT/tmp/results_30.09.2011/occt/release-sources-20110930/drv/StdLSchema/StdLSchema_PDataStd_Relation.ixx
+M StdLSchema:derivated:StdLSchema_PDataStd_Relation.cxx /dn43/OCCT/tmp/results_30.09.2011/occt/release-sources-20110930/drv/StdLSchema/StdLSchema_PDataStd_Relation.cxx
+M StdLSchema:pubinclude:StdLSchema_PDataStd_Variable.hxx /dn43/OCCT/tmp/results_30.09.2011/occt/release-sources-20110930/inc/StdLSchema_PDataStd_Variable.hxx
+M StdLSchema:privinclude:StdLSchema_PDataStd_Variable.ixx /dn43/OCCT/tmp/results_30.09.2011/occt/release-sources-20110930/drv/StdLSchema/StdLSchema_PDataStd_Variable.ixx
+M StdLSchema:derivated:StdLSchema_PDataStd_Variable.cxx /dn43/OCCT/tmp/results_30.09.2011/occt/release-sources-20110930/drv/StdLSchema/StdLSchema_PDataStd_Variable.cxx
+M StdLSchema:pubinclude:StdLSchema_PDataStd_NoteBook.hxx /dn43/OCCT/tmp/results_30.09.2011/occt/release-sources-20110930/inc/StdLSchema_PDataStd_NoteBook.hxx
+M StdLSchema:privinclude:StdLSchema_PDataStd_NoteBook.ixx /dn43/OCCT/tmp/results_30.09.2011/occt/release-sources-20110930/drv/StdLSchema/StdLSchema_PDataStd_NoteBook.ixx
+M StdLSchema:derivated:StdLSchema_PDataStd_NoteBook.cxx /dn43/OCCT/tmp/results_30.09.2011/occt/release-sources-20110930/drv/StdLSchema/StdLSchema_PDataStd_NoteBook.cxx
+M StdLSchema:pubinclude:StdLSchema_PDataStd_UAttribute.hxx /dn43/OCCT/tmp/results_30.09.2011/occt/release-sources-20110930/inc/StdLSchema_PDataStd_UAttribute.hxx
+M StdLSchema:privinclude:StdLSchema_PDataStd_UAttribute.ixx /dn43/OCCT/tmp/results_30.09.2011/occt/release-sources-20110930/drv/StdLSchema/StdLSchema_PDataStd_UAttribute.ixx
+M StdLSchema:derivated:StdLSchema_PDataStd_UAttribute.cxx /dn43/OCCT/tmp/results_30.09.2011/occt/release-sources-20110930/drv/StdLSchema/StdLSchema_PDataStd_UAttribute.cxx
+M StdLSchema:pubinclude:StdLSchema_PDataStd_Directory.hxx /dn43/OCCT/tmp/results_30.09.2011/occt/release-sources-20110930/inc/StdLSchema_PDataStd_Directory.hxx
+M StdLSchema:privinclude:StdLSchema_PDataStd_Directory.ixx /dn43/OCCT/tmp/results_30.09.2011/occt/release-sources-20110930/drv/StdLSchema/StdLSchema_PDataStd_Directory.ixx
+M StdLSchema:derivated:StdLSchema_PDataStd_Directory.cxx /dn43/OCCT/tmp/results_30.09.2011/occt/release-sources-20110930/drv/StdLSchema/StdLSchema_PDataStd_Directory.cxx
+M StdLSchema:pubinclude:StdLSchema_PDataStd_Tick.hxx /dn43/OCCT/tmp/results_30.09.2011/occt/release-sources-20110930/inc/StdLSchema_PDataStd_Tick.hxx
+M StdLSchema:privinclude:StdLSchema_PDataStd_Tick.ixx /dn43/OCCT/tmp/results_30.09.2011/occt/release-sources-20110930/drv/StdLSchema/StdLSchema_PDataStd_Tick.ixx
+M StdLSchema:derivated:StdLSchema_PDataStd_Tick.cxx /dn43/OCCT/tmp/results_30.09.2011/occt/release-sources-20110930/drv/StdLSchema/StdLSchema_PDataStd_Tick.cxx
+M StdLSchema:pubinclude:StdLSchema_PDataStd_IntegerList.hxx /dn43/OCCT/tmp/results_30.09.2011/occt/release-sources-20110930/inc/StdLSchema_PDataStd_IntegerList.hxx
+M StdLSchema:privinclude:StdLSchema_PDataStd_IntegerList.ixx /dn43/OCCT/tmp/results_30.09.2011/occt/release-sources-20110930/drv/StdLSchema/StdLSchema_PDataStd_IntegerList.ixx
+M StdLSchema:derivated:StdLSchema_PDataStd_IntegerList.cxx /dn43/OCCT/tmp/results_30.09.2011/occt/release-sources-20110930/drv/StdLSchema/StdLSchema_PDataStd_IntegerList.cxx
+M StdLSchema:pubinclude:StdLSchema_PDataStd_RealList.hxx /dn43/OCCT/tmp/results_30.09.2011/occt/release-sources-20110930/inc/StdLSchema_PDataStd_RealList.hxx
+M StdLSchema:privinclude:StdLSchema_PDataStd_RealList.ixx /dn43/OCCT/tmp/results_30.09.2011/occt/release-sources-20110930/drv/StdLSchema/StdLSchema_PDataStd_RealList.ixx
+M StdLSchema:derivated:StdLSchema_PDataStd_RealList.cxx /dn43/OCCT/tmp/results_30.09.2011/occt/release-sources-20110930/drv/StdLSchema/StdLSchema_PDataStd_RealList.cxx
+M StdLSchema:pubinclude:StdLSchema_PDataStd_ExtStringList.hxx /dn43/OCCT/tmp/results_30.09.2011/occt/release-sources-20110930/inc/StdLSchema_PDataStd_ExtStringList.hxx
+M StdLSchema:privinclude:StdLSchema_PDataStd_ExtStringList.ixx /dn43/OCCT/tmp/results_30.09.2011/occt/release-sources-20110930/drv/StdLSchema/StdLSchema_PDataStd_ExtStringList.ixx
+M StdLSchema:derivated:StdLSchema_PDataStd_ExtStringList.cxx /dn43/OCCT/tmp/results_30.09.2011/occt/release-sources-20110930/drv/StdLSchema/StdLSchema_PDataStd_ExtStringList.cxx
+M StdLSchema:pubinclude:StdLSchema_PDataStd_BooleanList.hxx /dn43/OCCT/tmp/results_30.09.2011/occt/release-sources-20110930/inc/StdLSchema_PDataStd_BooleanList.hxx
+M StdLSchema:privinclude:StdLSchema_PDataStd_BooleanList.ixx /dn43/OCCT/tmp/results_30.09.2011/occt/release-sources-20110930/drv/StdLSchema/StdLSchema_PDataStd_BooleanList.ixx
+M StdLSchema:derivated:StdLSchema_PDataStd_BooleanList.cxx /dn43/OCCT/tmp/results_30.09.2011/occt/release-sources-20110930/drv/StdLSchema/StdLSchema_PDataStd_BooleanList.cxx
+M StdLSchema:pubinclude:StdLSchema_PDataStd_ReferenceList.hxx /dn43/OCCT/tmp/results_30.09.2011/occt/release-sources-20110930/inc/StdLSchema_PDataStd_ReferenceList.hxx
+M StdLSchema:privinclude:StdLSchema_PDataStd_ReferenceList.ixx /dn43/OCCT/tmp/results_30.09.2011/occt/release-sources-20110930/drv/StdLSchema/StdLSchema_PDataStd_ReferenceList.ixx
+M StdLSchema:derivated:StdLSchema_PDataStd_ReferenceList.cxx /dn43/OCCT/tmp/results_30.09.2011/occt/release-sources-20110930/drv/StdLSchema/StdLSchema_PDataStd_ReferenceList.cxx
+M StdLSchema:pubinclude:StdLSchema_PDataStd_BooleanArray.hxx /dn43/OCCT/tmp/results_30.09.2011/occt/release-sources-20110930/inc/StdLSchema_PDataStd_BooleanArray.hxx
+M StdLSchema:privinclude:StdLSchema_PDataStd_BooleanArray.ixx /dn43/OCCT/tmp/results_30.09.2011/occt/release-sources-20110930/drv/StdLSchema/StdLSchema_PDataStd_BooleanArray.ixx
+M StdLSchema:derivated:StdLSchema_PDataStd_BooleanArray.cxx /dn43/OCCT/tmp/results_30.09.2011/occt/release-sources-20110930/drv/StdLSchema/StdLSchema_PDataStd_BooleanArray.cxx
+M StdLSchema:pubinclude:StdLSchema_PDataStd_ReferenceArray.hxx /dn43/OCCT/tmp/results_30.09.2011/occt/release-sources-20110930/inc/StdLSchema_PDataStd_ReferenceArray.hxx
+M StdLSchema:privinclude:StdLSchema_PDataStd_ReferenceArray.ixx /dn43/OCCT/tmp/results_30.09.2011/occt/release-sources-20110930/drv/StdLSchema/StdLSchema_PDataStd_ReferenceArray.ixx
+M StdLSchema:derivated:StdLSchema_PDataStd_ReferenceArray.cxx /dn43/OCCT/tmp/results_30.09.2011/occt/release-sources-20110930/drv/StdLSchema/StdLSchema_PDataStd_ReferenceArray.cxx
+M StdLSchema:pubinclude:StdLSchema_PDataStd_ByteArray.hxx /dn43/OCCT/tmp/results_30.09.2011/occt/release-sources-20110930/inc/StdLSchema_PDataStd_ByteArray.hxx
+M StdLSchema:privinclude:StdLSchema_PDataStd_ByteArray.ixx /dn43/OCCT/tmp/results_30.09.2011/occt/release-sources-20110930/drv/StdLSchema/StdLSchema_PDataStd_ByteArray.ixx
+M StdLSchema:derivated:StdLSchema_PDataStd_ByteArray.cxx /dn43/OCCT/tmp/results_30.09.2011/occt/release-sources-20110930/drv/StdLSchema/StdLSchema_PDataStd_ByteArray.cxx
+M StdLSchema:pubinclude:StdLSchema_PDataStd_ByteArray_1.hxx /dn43/OCCT/tmp/results_30.09.2011/occt/release-sources-20110930/inc/StdLSchema_PDataStd_ByteArray_1.hxx
+M StdLSchema:privinclude:StdLSchema_PDataStd_ByteArray_1.ixx /dn43/OCCT/tmp/results_30.09.2011/occt/release-sources-20110930/drv/StdLSchema/StdLSchema_PDataStd_ByteArray_1.ixx
+M StdLSchema:derivated:StdLSchema_PDataStd_ByteArray_1.cxx /dn43/OCCT/tmp/results_30.09.2011/occt/release-sources-20110930/drv/StdLSchema/StdLSchema_PDataStd_ByteArray_1.cxx
+M StdLSchema:pubinclude:StdLSchema_PDataStd_NamedData.hxx /dn43/OCCT/tmp/results_30.09.2011/occt/release-sources-20110930/inc/StdLSchema_PDataStd_NamedData.hxx
+M StdLSchema:privinclude:StdLSchema_PDataStd_NamedData.ixx /dn43/OCCT/tmp/results_30.09.2011/occt/release-sources-20110930/drv/StdLSchema/StdLSchema_PDataStd_NamedData.ixx
+M StdLSchema:derivated:StdLSchema_PDataStd_NamedData.cxx /dn43/OCCT/tmp/results_30.09.2011/occt/release-sources-20110930/drv/StdLSchema/StdLSchema_PDataStd_NamedData.cxx
+M StdLSchema:pubinclude:StdLSchema_PDataStd_AsciiString.hxx /dn43/OCCT/tmp/results_30.09.2011/occt/release-sources-20110930/inc/StdLSchema_PDataStd_AsciiString.hxx
+M StdLSchema:privinclude:StdLSchema_PDataStd_AsciiString.ixx /dn43/OCCT/tmp/results_30.09.2011/occt/release-sources-20110930/drv/StdLSchema/StdLSchema_PDataStd_AsciiString.ixx
+M StdLSchema:derivated:StdLSchema_PDataStd_AsciiString.cxx /dn43/OCCT/tmp/results_30.09.2011/occt/release-sources-20110930/drv/StdLSchema/StdLSchema_PDataStd_AsciiString.cxx
+M StdLSchema:pubinclude:StdLSchema_PDataStd_IntPackedMap.hxx /dn43/OCCT/tmp/results_30.09.2011/occt/release-sources-20110930/inc/StdLSchema_PDataStd_IntPackedMap.hxx
+M StdLSchema:privinclude:StdLSchema_PDataStd_IntPackedMap.ixx /dn43/OCCT/tmp/results_30.09.2011/occt/release-sources-20110930/drv/StdLSchema/StdLSchema_PDataStd_IntPackedMap.ixx
+M StdLSchema:derivated:StdLSchema_PDataStd_IntPackedMap.cxx /dn43/OCCT/tmp/results_30.09.2011/occt/release-sources-20110930/drv/StdLSchema/StdLSchema_PDataStd_IntPackedMap.cxx
+M StdLSchema:pubinclude:StdLSchema_PDataStd_IntPackedMap_1.hxx /dn43/OCCT/tmp/results_30.09.2011/occt/release-sources-20110930/inc/StdLSchema_PDataStd_IntPackedMap_1.hxx
+M StdLSchema:privinclude:StdLSchema_PDataStd_IntPackedMap_1.ixx /dn43/OCCT/tmp/results_30.09.2011/occt/release-sources-20110930/drv/StdLSchema/StdLSchema_PDataStd_IntPackedMap_1.ixx
+M StdLSchema:derivated:StdLSchema_PDataStd_IntPackedMap_1.cxx /dn43/OCCT/tmp/results_30.09.2011/occt/release-sources-20110930/drv/StdLSchema/StdLSchema_PDataStd_IntPackedMap_1.cxx
+M StdLSchema:pubinclude:StdLSchema_PDataStd_HArray1OfHAsciiString.hxx /dn43/OCCT/tmp/results_30.09.2011/occt/release-sources-20110930/inc/StdLSchema_PDataStd_HArray1OfHAsciiString.hxx
+M StdLSchema:privinclude:StdLSchema_PDataStd_HArray1OfHAsciiString.ixx /dn43/OCCT/tmp/results_30.09.2011/occt/release-sources-20110930/drv/StdLSchema/StdLSchema_PDataStd_HArray1OfHAsciiString.ixx
+M StdLSchema:derivated:StdLSchema_PDataStd_HArray1OfHAsciiString.cxx /dn43/OCCT/tmp/results_30.09.2011/occt/release-sources-20110930/drv/StdLSchema/StdLSchema_PDataStd_HArray1OfHAsciiString.cxx
+M StdLSchema:pubinclude:StdLSchema_PDataStd_FieldOfHArray1OfHAsciiString.hxx /dn43/OCCT/tmp/results_30.09.2011/occt/release-sources-20110930/inc/StdLSchema_PDataStd_FieldOfHArray1OfHAsciiString.hxx
+M StdLSchema:privinclude:StdLSchema_PDataStd_FieldOfHArray1OfHAsciiString.ixx /dn43/OCCT/tmp/results_30.09.2011/occt/release-sources-20110930/drv/StdLSchema/StdLSchema_PDataStd_FieldOfHArray1OfHAsciiString.ixx
+M StdLSchema:derivated:StdLSchema_PDataStd_FieldOfHArray1OfHAsciiString.cxx /dn43/OCCT/tmp/results_30.09.2011/occt/release-sources-20110930/drv/StdLSchema/StdLSchema_PDataStd_FieldOfHArray1OfHAsciiString.cxx
+M StdLSchema:pubinclude:StdLSchema_PDataStd_HArray1OfHArray1OfInteger.hxx /dn43/OCCT/tmp/results_30.09.2011/occt/release-sources-20110930/inc/StdLSchema_PDataStd_HArray1OfHArray1OfInteger.hxx
+M StdLSchema:privinclude:StdLSchema_PDataStd_HArray1OfHArray1OfInteger.ixx /dn43/OCCT/tmp/results_30.09.2011/occt/release-sources-20110930/drv/StdLSchema/StdLSchema_PDataStd_HArray1OfHArray1OfInteger.ixx
+M StdLSchema:derivated:StdLSchema_PDataStd_HArray1OfHArray1OfInteger.cxx /dn43/OCCT/tmp/results_30.09.2011/occt/release-sources-20110930/drv/StdLSchema/StdLSchema_PDataStd_HArray1OfHArray1OfInteger.cxx
+M StdLSchema:pubinclude:StdLSchema_PDataStd_FieldOfHArray1OfHArray1OfInteger.hxx /dn43/OCCT/tmp/results_30.09.2011/occt/release-sources-20110930/inc/StdLSchema_PDataStd_FieldOfHArray1OfHArray1OfInteger.hxx
+M StdLSchema:privinclude:StdLSchema_PDataStd_FieldOfHArray1OfHArray1OfInteger.ixx /dn43/OCCT/tmp/results_30.09.2011/occt/release-sources-20110930/drv/StdLSchema/StdLSchema_PDataStd_FieldOfHArray1OfHArray1OfInteger.ixx
+M StdLSchema:derivated:StdLSchema_PDataStd_FieldOfHArray1OfHArray1OfInteger.cxx /dn43/OCCT/tmp/results_30.09.2011/occt/release-sources-20110930/drv/StdLSchema/StdLSchema_PDataStd_FieldOfHArray1OfHArray1OfInteger.cxx
+M StdLSchema:pubinclude:StdLSchema_PDataStd_HArray1OfHArray1OfReal.hxx /dn43/OCCT/tmp/results_30.09.2011/occt/release-sources-20110930/inc/StdLSchema_PDataStd_HArray1OfHArray1OfReal.hxx
+M StdLSchema:privinclude:StdLSchema_PDataStd_HArray1OfHArray1OfReal.ixx /dn43/OCCT/tmp/results_30.09.2011/occt/release-sources-20110930/drv/StdLSchema/StdLSchema_PDataStd_HArray1OfHArray1OfReal.ixx
+M StdLSchema:derivated:StdLSchema_PDataStd_HArray1OfHArray1OfReal.cxx /dn43/OCCT/tmp/results_30.09.2011/occt/release-sources-20110930/drv/StdLSchema/StdLSchema_PDataStd_HArray1OfHArray1OfReal.cxx
+M StdLSchema:pubinclude:StdLSchema_PDataStd_FieldOfHArray1OfHArray1OfReal.hxx /dn43/OCCT/tmp/results_30.09.2011/occt/release-sources-20110930/inc/StdLSchema_PDataStd_FieldOfHArray1OfHArray1OfReal.hxx
+M StdLSchema:privinclude:StdLSchema_PDataStd_FieldOfHArray1OfHArray1OfReal.ixx /dn43/OCCT/tmp/results_30.09.2011/occt/release-sources-20110930/drv/StdLSchema/StdLSchema_PDataStd_FieldOfHArray1OfHArray1OfReal.ixx
+M StdLSchema:derivated:StdLSchema_PDataStd_FieldOfHArray1OfHArray1OfReal.cxx /dn43/OCCT/tmp/results_30.09.2011/occt/release-sources-20110930/drv/StdLSchema/StdLSchema_PDataStd_FieldOfHArray1OfHArray1OfReal.cxx
+M StdLSchema:pubinclude:StdLSchema_PDataStd_HArray1OfByte.hxx /dn43/OCCT/tmp/results_30.09.2011/occt/release-sources-20110930/inc/StdLSchema_PDataStd_HArray1OfByte.hxx
+M StdLSchema:privinclude:StdLSchema_PDataStd_HArray1OfByte.ixx /dn43/OCCT/tmp/results_30.09.2011/occt/release-sources-20110930/drv/StdLSchema/StdLSchema_PDataStd_HArray1OfByte.ixx
+M StdLSchema:derivated:StdLSchema_PDataStd_HArray1OfByte.cxx /dn43/OCCT/tmp/results_30.09.2011/occt/release-sources-20110930/drv/StdLSchema/StdLSchema_PDataStd_HArray1OfByte.cxx
+M StdLSchema:pubinclude:StdLSchema_PDataStd_FieldOfHArray1OfByte.hxx /dn43/OCCT/tmp/results_30.09.2011/occt/release-sources-20110930/inc/StdLSchema_PDataStd_FieldOfHArray1OfByte.hxx
+M StdLSchema:privinclude:StdLSchema_PDataStd_FieldOfHArray1OfByte.ixx /dn43/OCCT/tmp/results_30.09.2011/occt/release-sources-20110930/drv/StdLSchema/StdLSchema_PDataStd_FieldOfHArray1OfByte.ixx
+M StdLSchema:derivated:StdLSchema_PDataStd_FieldOfHArray1OfByte.cxx /dn43/OCCT/tmp/results_30.09.2011/occt/release-sources-20110930/drv/StdLSchema/StdLSchema_PDataStd_FieldOfHArray1OfByte.cxx
+M StdLSchema:pubinclude:StdLSchema_PFunction_Function.hxx /dn43/OCCT/tmp/results_30.09.2011/occt/release-sources-20110930/inc/StdLSchema_PFunction_Function.hxx
+M StdLSchema:privinclude:StdLSchema_PFunction_Function.ixx /dn43/OCCT/tmp/results_30.09.2011/occt/release-sources-20110930/drv/StdLSchema/StdLSchema_PFunction_Function.ixx
+M StdLSchema:derivated:StdLSchema_PFunction_Function.cxx /dn43/OCCT/tmp/results_30.09.2011/occt/release-sources-20110930/drv/StdLSchema/StdLSchema_PFunction_Function.cxx
+M StdLSchema:pubinclude:StdLSchema_PDocStd_Document.hxx /dn43/OCCT/tmp/results_30.09.2011/occt/release-sources-20110930/inc/StdLSchema_PDocStd_Document.hxx
+M StdLSchema:privinclude:StdLSchema_PDocStd_Document.ixx /dn43/OCCT/tmp/results_30.09.2011/occt/release-sources-20110930/drv/StdLSchema/StdLSchema_PDocStd_Document.ixx
+M StdLSchema:derivated:StdLSchema_PDocStd_Document.cxx /dn43/OCCT/tmp/results_30.09.2011/occt/release-sources-20110930/drv/StdLSchema/StdLSchema_PDocStd_Document.cxx
+M StdLSchema:pubinclude:StdLSchema_PDocStd_XLink.hxx /dn43/OCCT/tmp/results_30.09.2011/occt/release-sources-20110930/inc/StdLSchema_PDocStd_XLink.hxx
+M StdLSchema:privinclude:StdLSchema_PDocStd_XLink.ixx /dn43/OCCT/tmp/results_30.09.2011/occt/release-sources-20110930/drv/StdLSchema/StdLSchema_PDocStd_XLink.ixx
+M StdLSchema:derivated:StdLSchema_PDocStd_XLink.cxx /dn43/OCCT/tmp/results_30.09.2011/occt/release-sources-20110930/drv/StdLSchema/StdLSchema_PDocStd_XLink.cxx
+M StdLSchema:pubinclude:StdLSchema_PCDM_Document.hxx /dn43/OCCT/tmp/results_30.09.2011/occt/release-sources-20110930/inc/StdLSchema_PCDM_Document.hxx
+M StdLSchema:privinclude:StdLSchema_PCDM_Document.ixx /dn43/OCCT/tmp/results_30.09.2011/occt/release-sources-20110930/drv/StdLSchema/StdLSchema_PCDM_Document.ixx
+M StdLSchema:derivated:StdLSchema_PCDM_Document.cxx /dn43/OCCT/tmp/results_30.09.2011/occt/release-sources-20110930/drv/StdLSchema/StdLSchema_PCDM_Document.cxx
+M StdLSchema:pubinclude:StdLSchema_Standard_Persistent.hxx /dn43/OCCT/tmp/results_30.09.2011/occt/release-sources-20110930/inc/StdLSchema_Standard_Persistent.hxx
+M StdLSchema:privinclude:StdLSchema_Standard_Persistent.ixx /dn43/OCCT/tmp/results_30.09.2011/occt/release-sources-20110930/drv/StdLSchema/StdLSchema_Standard_Persistent.ixx
+M StdLSchema:derivated:StdLSchema_Standard_Persistent.cxx /dn43/OCCT/tmp/results_30.09.2011/occt/release-sources-20110930/drv/StdLSchema/StdLSchema_Standard_Persistent.cxx
+M StdLSchema:pubinclude:StdLSchema_Standard_Storable.hxx /dn43/OCCT/tmp/results_30.09.2011/occt/release-sources-20110930/inc/StdLSchema_Standard_Storable.hxx
+M StdLSchema:privinclude:StdLSchema_Standard_Storable.ixx /dn43/OCCT/tmp/results_30.09.2011/occt/release-sources-20110930/drv/StdLSchema/StdLSchema_Standard_Storable.ixx
+M StdLSchema:derivated:StdLSchema_Standard_Storable.cxx /dn43/OCCT/tmp/results_30.09.2011/occt/release-sources-20110930/drv/StdLSchema/StdLSchema_Standard_Storable.cxx
+M StdLSchema:pubinclude:StdLSchema_PColStd_HArray1OfInteger.hxx /dn43/OCCT/tmp/results_30.09.2011/occt/release-sources-20110930/inc/StdLSchema_PColStd_HArray1OfInteger.hxx
+M StdLSchema:privinclude:StdLSchema_PColStd_HArray1OfInteger.ixx /dn43/OCCT/tmp/results_30.09.2011/occt/release-sources-20110930/drv/StdLSchema/StdLSchema_PColStd_HArray1OfInteger.ixx
+M StdLSchema:derivated:StdLSchema_PColStd_HArray1OfInteger.cxx /dn43/OCCT/tmp/results_30.09.2011/occt/release-sources-20110930/drv/StdLSchema/StdLSchema_PColStd_HArray1OfInteger.cxx
+M StdLSchema:pubinclude:StdLSchema_PCollection_HAsciiString.hxx /dn43/OCCT/tmp/results_30.09.2011/occt/release-sources-20110930/inc/StdLSchema_PCollection_HAsciiString.hxx
+M StdLSchema:privinclude:StdLSchema_PCollection_HAsciiString.ixx /dn43/OCCT/tmp/results_30.09.2011/occt/release-sources-20110930/drv/StdLSchema/StdLSchema_PCollection_HAsciiString.ixx
+M StdLSchema:derivated:StdLSchema_PCollection_HAsciiString.cxx /dn43/OCCT/tmp/results_30.09.2011/occt/release-sources-20110930/drv/StdLSchema/StdLSchema_PCollection_HAsciiString.cxx
+M StdLSchema:pubinclude:StdLSchema_PCollection_HExtendedString.hxx /dn43/OCCT/tmp/results_30.09.2011/occt/release-sources-20110930/inc/StdLSchema_PCollection_HExtendedString.hxx
+M StdLSchema:privinclude:StdLSchema_PCollection_HExtendedString.ixx /dn43/OCCT/tmp/results_30.09.2011/occt/release-sources-20110930/drv/StdLSchema/StdLSchema_PCollection_HExtendedString.ixx
+M StdLSchema:derivated:StdLSchema_PCollection_HExtendedString.cxx /dn43/OCCT/tmp/results_30.09.2011/occt/release-sources-20110930/drv/StdLSchema/StdLSchema_PCollection_HExtendedString.cxx
+M StdLSchema:pubinclude:StdLSchema_PColStd_HArray1OfReal.hxx /dn43/OCCT/tmp/results_30.09.2011/occt/release-sources-20110930/inc/StdLSchema_PColStd_HArray1OfReal.hxx
+M StdLSchema:privinclude:StdLSchema_PColStd_HArray1OfReal.ixx /dn43/OCCT/tmp/results_30.09.2011/occt/release-sources-20110930/drv/StdLSchema/StdLSchema_PColStd_HArray1OfReal.ixx
+M StdLSchema:derivated:StdLSchema_PColStd_HArray1OfReal.cxx /dn43/OCCT/tmp/results_30.09.2011/occt/release-sources-20110930/drv/StdLSchema/StdLSchema_PColStd_HArray1OfReal.cxx
+M StdLSchema:pubinclude:StdLSchema_PColStd_HArray1OfExtendedString.hxx /dn43/OCCT/tmp/results_30.09.2011/occt/release-sources-20110930/inc/StdLSchema_PColStd_HArray1OfExtendedString.hxx
+M StdLSchema:privinclude:StdLSchema_PColStd_HArray1OfExtendedString.ixx /dn43/OCCT/tmp/results_30.09.2011/occt/release-sources-20110930/drv/StdLSchema/StdLSchema_PColStd_HArray1OfExtendedString.ixx
+M StdLSchema:derivated:StdLSchema_PColStd_HArray1OfExtendedString.cxx /dn43/OCCT/tmp/results_30.09.2011/occt/release-sources-20110930/drv/StdLSchema/StdLSchema_PColStd_HArray1OfExtendedString.cxx
+M StdLSchema:pubinclude:StdLSchema_Standard_GUID.hxx /dn43/OCCT/tmp/results_30.09.2011/occt/release-sources-20110930/inc/StdLSchema_Standard_GUID.hxx
+M StdLSchema:privinclude:StdLSchema_Standard_GUID.ixx /dn43/OCCT/tmp/results_30.09.2011/occt/release-sources-20110930/drv/StdLSchema/StdLSchema_Standard_GUID.ixx
+M StdLSchema:derivated:StdLSchema_Standard_GUID.cxx /dn43/OCCT/tmp/results_30.09.2011/occt/release-sources-20110930/drv/StdLSchema/StdLSchema_Standard_GUID.cxx
+M StdLSchema:pubinclude:StdLSchema_PColStd_HArray2OfInteger.hxx /dn43/OCCT/tmp/results_30.09.2011/occt/release-sources-20110930/inc/StdLSchema_PColStd_HArray2OfInteger.hxx
+M StdLSchema:privinclude:StdLSchema_PColStd_HArray2OfInteger.ixx /dn43/OCCT/tmp/results_30.09.2011/occt/release-sources-20110930/drv/StdLSchema/StdLSchema_PColStd_HArray2OfInteger.ixx
+M StdLSchema:derivated:StdLSchema_PColStd_HArray2OfInteger.cxx /dn43/OCCT/tmp/results_30.09.2011/occt/release-sources-20110930/drv/StdLSchema/StdLSchema_PColStd_HArray2OfInteger.cxx
+M StdLSchema:pubinclude:StdLSchema_PColStd_FieldOfHArray1OfInteger.hxx /dn43/OCCT/tmp/results_30.09.2011/occt/release-sources-20110930/inc/StdLSchema_PColStd_FieldOfHArray1OfInteger.hxx
+M StdLSchema:privinclude:StdLSchema_PColStd_FieldOfHArray1OfInteger.ixx /dn43/OCCT/tmp/results_30.09.2011/occt/release-sources-20110930/drv/StdLSchema/StdLSchema_PColStd_FieldOfHArray1OfInteger.ixx
+M StdLSchema:derivated:StdLSchema_PColStd_FieldOfHArray1OfInteger.cxx /dn43/OCCT/tmp/results_30.09.2011/occt/release-sources-20110930/drv/StdLSchema/StdLSchema_PColStd_FieldOfHArray1OfInteger.cxx
+M StdLSchema:pubinclude:StdLSchema_DBC_VArrayOfCharacter.hxx /dn43/OCCT/tmp/results_30.09.2011/occt/release-sources-20110930/inc/StdLSchema_DBC_VArrayOfCharacter.hxx
+M StdLSchema:privinclude:StdLSchema_DBC_VArrayOfCharacter.ixx /dn43/OCCT/tmp/results_30.09.2011/occt/release-sources-20110930/drv/StdLSchema/StdLSchema_DBC_VArrayOfCharacter.ixx
+M StdLSchema:derivated:StdLSchema_DBC_VArrayOfCharacter.cxx /dn43/OCCT/tmp/results_30.09.2011/occt/release-sources-20110930/drv/StdLSchema/StdLSchema_DBC_VArrayOfCharacter.cxx
+M StdLSchema:pubinclude:StdLSchema_DBC_VArrayOfExtCharacter.hxx /dn43/OCCT/tmp/results_30.09.2011/occt/release-sources-20110930/inc/StdLSchema_DBC_VArrayOfExtCharacter.hxx
+M StdLSchema:privinclude:StdLSchema_DBC_VArrayOfExtCharacter.ixx /dn43/OCCT/tmp/results_30.09.2011/occt/release-sources-20110930/drv/StdLSchema/StdLSchema_DBC_VArrayOfExtCharacter.ixx
+M StdLSchema:derivated:StdLSchema_DBC_VArrayOfExtCharacter.cxx /dn43/OCCT/tmp/results_30.09.2011/occt/release-sources-20110930/drv/StdLSchema/StdLSchema_DBC_VArrayOfExtCharacter.cxx
+M StdLSchema:pubinclude:StdLSchema_PColStd_FieldOfHArray1OfReal.hxx /dn43/OCCT/tmp/results_30.09.2011/occt/release-sources-20110930/inc/StdLSchema_PColStd_FieldOfHArray1OfReal.hxx
+M StdLSchema:privinclude:StdLSchema_PColStd_FieldOfHArray1OfReal.ixx /dn43/OCCT/tmp/results_30.09.2011/occt/release-sources-20110930/drv/StdLSchema/StdLSchema_PColStd_FieldOfHArray1OfReal.ixx
+M StdLSchema:derivated:StdLSchema_PColStd_FieldOfHArray1OfReal.cxx /dn43/OCCT/tmp/results_30.09.2011/occt/release-sources-20110930/drv/StdLSchema/StdLSchema_PColStd_FieldOfHArray1OfReal.cxx
+M StdLSchema:pubinclude:StdLSchema_PColStd_FieldOfHArray1OfExtendedString.hxx /dn43/OCCT/tmp/results_30.09.2011/occt/release-sources-20110930/inc/StdLSchema_PColStd_FieldOfHArray1OfExtendedString.hxx
+M StdLSchema:privinclude:StdLSchema_PColStd_FieldOfHArray1OfExtendedString.ixx /dn43/OCCT/tmp/results_30.09.2011/occt/release-sources-20110930/drv/StdLSchema/StdLSchema_PColStd_FieldOfHArray1OfExtendedString.ixx
+M StdLSchema:derivated:StdLSchema_PColStd_FieldOfHArray1OfExtendedString.cxx /dn43/OCCT/tmp/results_30.09.2011/occt/release-sources-20110930/drv/StdLSchema/StdLSchema_PColStd_FieldOfHArray1OfExtendedString.cxx
+M StdLSchema:pubinclude:StdLSchema_PColStd_FieldOfHArray2OfInteger.hxx /dn43/OCCT/tmp/results_30.09.2011/occt/release-sources-20110930/inc/StdLSchema_PColStd_FieldOfHArray2OfInteger.hxx
+M StdLSchema:privinclude:StdLSchema_PColStd_FieldOfHArray2OfInteger.ixx /dn43/OCCT/tmp/results_30.09.2011/occt/release-sources-20110930/drv/StdLSchema/StdLSchema_PColStd_FieldOfHArray2OfInteger.ixx
+M StdLSchema:derivated:StdLSchema_PColStd_FieldOfHArray2OfInteger.cxx /dn43/OCCT/tmp/results_30.09.2011/occt/release-sources-20110930/drv/StdLSchema/StdLSchema_PColStd_FieldOfHArray2OfInteger.cxx
+M StdLSchema:dbadmfile:StdLSchema_xcpp_sch.In /dn43/OCCT/tmp/results_30.09.2011/occt/release-sources-20110930/drv/StdLSchema/.adm/StdLSchema_xcpp_sch.In
+M StdLSchema:dbadmfile:StdLSchema_xcpp_sch.Out /dn43/OCCT/tmp/results_30.09.2011/occt/release-sources-20110930/drv/StdLSchema/.adm/StdLSchema_xcpp_sch.Out
+M StdLSchema:dbadmfile:StdLSchema_xcpp_sch.Dep /dn43/OCCT/tmp/results_30.09.2011/occt/release-sources-20110930/drv/StdLSchema/.adm/StdLSchema_xcpp_sch.Dep
