+M BRepExtrema:pubinclude:BRepExtrema_Poly.hxx /dn43/OCCT/tmp/results_28.02.2011/occt/release-sources-20110228/inc/BRepExtrema_Poly.hxx
+M BRepExtrema:privinclude:BRepExtrema_Poly.jxx /dn43/OCCT/tmp/results_28.02.2011/occt/release-sources-20110228/drv/BRepExtrema/BRepExtrema_Poly.jxx
+M BRepExtrema:privinclude:BRepExtrema_Poly.ixx /dn43/OCCT/tmp/results_28.02.2011/occt/release-sources-20110228/drv/BRepExtrema/BRepExtrema_Poly.ixx
+M BRepExtrema:pubinclude:BRepExtrema_ExtPC.hxx /dn43/OCCT/tmp/results_28.02.2011/occt/release-sources-20110228/inc/BRepExtrema_ExtPC.hxx
+M BRepExtrema:privinclude:BRepExtrema_ExtPC.jxx /dn43/OCCT/tmp/results_28.02.2011/occt/release-sources-20110228/drv/BRepExtrema/BRepExtrema_ExtPC.jxx
+M BRepExtrema:privinclude:BRepExtrema_ExtPC.ixx /dn43/OCCT/tmp/results_28.02.2011/occt/release-sources-20110228/drv/BRepExtrema/BRepExtrema_ExtPC.ixx
+M BRepExtrema:pubinclude:BRepExtrema_ExtCC.hxx /dn43/OCCT/tmp/results_28.02.2011/occt/release-sources-20110228/inc/BRepExtrema_ExtCC.hxx
+M BRepExtrema:privinclude:BRepExtrema_ExtCC.jxx /dn43/OCCT/tmp/results_28.02.2011/occt/release-sources-20110228/drv/BRepExtrema/BRepExtrema_ExtCC.jxx
+M BRepExtrema:privinclude:BRepExtrema_ExtCC.ixx /dn43/OCCT/tmp/results_28.02.2011/occt/release-sources-20110228/drv/BRepExtrema/BRepExtrema_ExtCC.ixx
+M BRepExtrema:pubinclude:BRepExtrema_ExtPF.hxx /dn43/OCCT/tmp/results_28.02.2011/occt/release-sources-20110228/inc/BRepExtrema_ExtPF.hxx
+M BRepExtrema:privinclude:BRepExtrema_ExtPF.jxx /dn43/OCCT/tmp/results_28.02.2011/occt/release-sources-20110228/drv/BRepExtrema/BRepExtrema_ExtPF.jxx
+M BRepExtrema:privinclude:BRepExtrema_ExtPF.ixx /dn43/OCCT/tmp/results_28.02.2011/occt/release-sources-20110228/drv/BRepExtrema/BRepExtrema_ExtPF.ixx
+M BRepExtrema:pubinclude:BRepExtrema_ExtCF.hxx /dn43/OCCT/tmp/results_28.02.2011/occt/release-sources-20110228/inc/BRepExtrema_ExtCF.hxx
+M BRepExtrema:privinclude:BRepExtrema_ExtCF.jxx /dn43/OCCT/tmp/results_28.02.2011/occt/release-sources-20110228/drv/BRepExtrema/BRepExtrema_ExtCF.jxx
+M BRepExtrema:privinclude:BRepExtrema_ExtCF.ixx /dn43/OCCT/tmp/results_28.02.2011/occt/release-sources-20110228/drv/BRepExtrema/BRepExtrema_ExtCF.ixx
+M BRepExtrema:pubinclude:BRepExtrema_ExtFF.hxx /dn43/OCCT/tmp/results_28.02.2011/occt/release-sources-20110228/inc/BRepExtrema_ExtFF.hxx
+M BRepExtrema:privinclude:BRepExtrema_ExtFF.jxx /dn43/OCCT/tmp/results_28.02.2011/occt/release-sources-20110228/drv/BRepExtrema/BRepExtrema_ExtFF.jxx
+M BRepExtrema:privinclude:BRepExtrema_ExtFF.ixx /dn43/OCCT/tmp/results_28.02.2011/occt/release-sources-20110228/drv/BRepExtrema/BRepExtrema_ExtFF.ixx
+M BRepExtrema:pubinclude:BRepExtrema_DistShapeShape.hxx /dn43/OCCT/tmp/results_28.02.2011/occt/release-sources-20110228/inc/BRepExtrema_DistShapeShape.hxx
+M BRepExtrema:privinclude:BRepExtrema_DistShapeShape.jxx /dn43/OCCT/tmp/results_28.02.2011/occt/release-sources-20110228/drv/BRepExtrema/BRepExtrema_DistShapeShape.jxx
+M BRepExtrema:privinclude:BRepExtrema_DistShapeShape.ixx /dn43/OCCT/tmp/results_28.02.2011/occt/release-sources-20110228/drv/BRepExtrema/BRepExtrema_DistShapeShape.ixx
+M BRepExtrema:pubinclude:BRepExtrema_SolutionElem.hxx /dn43/OCCT/tmp/results_28.02.2011/occt/release-sources-20110228/inc/BRepExtrema_SolutionElem.hxx
+M BRepExtrema:privinclude:BRepExtrema_SolutionElem.jxx /dn43/OCCT/tmp/results_28.02.2011/occt/release-sources-20110228/drv/BRepExtrema/BRepExtrema_SolutionElem.jxx
+M BRepExtrema:privinclude:BRepExtrema_SolutionElem.ixx /dn43/OCCT/tmp/results_28.02.2011/occt/release-sources-20110228/drv/BRepExtrema/BRepExtrema_SolutionElem.ixx
+M BRepExtrema:pubinclude:BRepExtrema_SeqOfSolution.hxx /dn43/OCCT/tmp/results_28.02.2011/occt/release-sources-20110228/inc/BRepExtrema_SeqOfSolution.hxx
+M BRepExtrema:derivated:BRepExtrema_SeqOfSolution_0.cxx /dn43/OCCT/tmp/results_28.02.2011/occt/release-sources-20110228/drv/BRepExtrema/BRepExtrema_SeqOfSolution_0.cxx
+M BRepExtrema:pubinclude:BRepExtrema_DistanceSS.hxx /dn43/OCCT/tmp/results_28.02.2011/occt/release-sources-20110228/inc/BRepExtrema_DistanceSS.hxx
+M BRepExtrema:privinclude:BRepExtrema_DistanceSS.jxx /dn43/OCCT/tmp/results_28.02.2011/occt/release-sources-20110228/drv/BRepExtrema/BRepExtrema_DistanceSS.jxx
+M BRepExtrema:privinclude:BRepExtrema_DistanceSS.ixx /dn43/OCCT/tmp/results_28.02.2011/occt/release-sources-20110228/drv/BRepExtrema/BRepExtrema_DistanceSS.ixx
+M BRepExtrema:pubinclude:Handle_BRepExtrema_SequenceNodeOfSeqOfSolution.hxx /dn43/OCCT/tmp/results_28.02.2011/occt/release-sources-20110228/inc/Handle_BRepExtrema_SequenceNodeOfSeqOfSolution.hxx
+M BRepExtrema:pubinclude:BRepExtrema_SequenceNodeOfSeqOfSolution.hxx /dn43/OCCT/tmp/results_28.02.2011/occt/release-sources-20110228/inc/BRepExtrema_SequenceNodeOfSeqOfSolution.hxx
+M BRepExtrema:derivated:BRepExtrema_SequenceNodeOfSeqOfSolution_0.cxx /dn43/OCCT/tmp/results_28.02.2011/occt/release-sources-20110228/drv/BRepExtrema/BRepExtrema_SequenceNodeOfSeqOfSolution_0.cxx
+M BRepExtrema:pubinclude:Handle_BRepExtrema_UnCompatibleShape.hxx /dn43/OCCT/tmp/results_28.02.2011/occt/release-sources-20110228/inc/Handle_BRepExtrema_UnCompatibleShape.hxx
+M BRepExtrema:pubinclude:BRepExtrema_UnCompatibleShape.hxx /dn43/OCCT/tmp/results_28.02.2011/occt/release-sources-20110228/inc/BRepExtrema_UnCompatibleShape.hxx
+M BRepExtrema:derivated:BRepExtrema_UnCompatibleShape_0.cxx /dn43/OCCT/tmp/results_28.02.2011/occt/release-sources-20110228/drv/BRepExtrema/BRepExtrema_UnCompatibleShape_0.cxx
+M BRepExtrema:pubinclude:BRepExtrema_SupportType.hxx /dn43/OCCT/tmp/results_28.02.2011/occt/release-sources-20110228/inc/BRepExtrema_SupportType.hxx
+M BRepExtrema:dbadmfile:BRepExtrema_xcpp_header.In /dn43/OCCT/tmp/results_28.02.2011/occt/release-sources-20110228/drv/BRepExtrema/.adm/BRepExtrema_xcpp_header.In
+M BRepExtrema:dbadmfile:BRepExtrema_xcpp_header.Out /dn43/OCCT/tmp/results_28.02.2011/occt/release-sources-20110228/drv/BRepExtrema/.adm/BRepExtrema_xcpp_header.Out
+M BRepExtrema:dbadmfile:BRepExtrema_xcpp_header.Dep /dn43/OCCT/tmp/results_28.02.2011/occt/release-sources-20110228/drv/BRepExtrema/.adm/BRepExtrema_xcpp_header.Dep
