+M XmlLDrivers:pubinclude:XmlLDrivers.hxx /dn43/OCCT/tmp/results_28.02.2011/occt/release-sources-20110228/inc/XmlLDrivers.hxx
+M XmlLDrivers:privinclude:XmlLDrivers.jxx /dn43/OCCT/tmp/results_28.02.2011/occt/release-sources-20110228/drv/XmlLDrivers/XmlLDrivers.jxx
+M XmlLDrivers:privinclude:XmlLDrivers.ixx /dn43/OCCT/tmp/results_28.02.2011/occt/release-sources-20110228/drv/XmlLDrivers/XmlLDrivers.ixx
+M XmlLDrivers:pubinclude:Handle_XmlLDrivers_DocumentStorageDriver.hxx /dn43/OCCT/tmp/results_28.02.2011/occt/release-sources-20110228/inc/Handle_XmlLDrivers_DocumentStorageDriver.hxx
+M XmlLDrivers:pubinclude:XmlLDrivers_DocumentStorageDriver.hxx /dn43/OCCT/tmp/results_28.02.2011/occt/release-sources-20110228/inc/XmlLDrivers_DocumentStorageDriver.hxx
+M XmlLDrivers:privinclude:XmlLDrivers_DocumentStorageDriver.jxx /dn43/OCCT/tmp/results_28.02.2011/occt/release-sources-20110228/drv/XmlLDrivers/XmlLDrivers_DocumentStorageDriver.jxx
+M XmlLDrivers:privinclude:XmlLDrivers_DocumentStorageDriver.ixx /dn43/OCCT/tmp/results_28.02.2011/occt/release-sources-20110228/drv/XmlLDrivers/XmlLDrivers_DocumentStorageDriver.ixx
+M XmlLDrivers:pubinclude:Handle_XmlLDrivers_DocumentRetrievalDriver.hxx /dn43/OCCT/tmp/results_28.02.2011/occt/release-sources-20110228/inc/Handle_XmlLDrivers_DocumentRetrievalDriver.hxx
+M XmlLDrivers:pubinclude:XmlLDrivers_DocumentRetrievalDriver.hxx /dn43/OCCT/tmp/results_28.02.2011/occt/release-sources-20110228/inc/XmlLDrivers_DocumentRetrievalDriver.hxx
+M XmlLDrivers:privinclude:XmlLDrivers_DocumentRetrievalDriver.jxx /dn43/OCCT/tmp/results_28.02.2011/occt/release-sources-20110228/drv/XmlLDrivers/XmlLDrivers_DocumentRetrievalDriver.jxx
+M XmlLDrivers:privinclude:XmlLDrivers_DocumentRetrievalDriver.ixx /dn43/OCCT/tmp/results_28.02.2011/occt/release-sources-20110228/drv/XmlLDrivers/XmlLDrivers_DocumentRetrievalDriver.ixx
+M XmlLDrivers:pubinclude:XmlLDrivers_NamespaceDef.hxx /dn43/OCCT/tmp/results_28.02.2011/occt/release-sources-20110228/inc/XmlLDrivers_NamespaceDef.hxx
+M XmlLDrivers:privinclude:XmlLDrivers_NamespaceDef.jxx /dn43/OCCT/tmp/results_28.02.2011/occt/release-sources-20110228/drv/XmlLDrivers/XmlLDrivers_NamespaceDef.jxx
+M XmlLDrivers:privinclude:XmlLDrivers_NamespaceDef.ixx /dn43/OCCT/tmp/results_28.02.2011/occt/release-sources-20110228/drv/XmlLDrivers/XmlLDrivers_NamespaceDef.ixx
+M XmlLDrivers:pubinclude:XmlLDrivers_SequenceOfNamespaceDef.hxx /dn43/OCCT/tmp/results_28.02.2011/occt/release-sources-20110228/inc/XmlLDrivers_SequenceOfNamespaceDef.hxx
+M XmlLDrivers:derivated:XmlLDrivers_SequenceOfNamespaceDef_0.cxx /dn43/OCCT/tmp/results_28.02.2011/occt/release-sources-20110228/drv/XmlLDrivers/XmlLDrivers_SequenceOfNamespaceDef_0.cxx
+M XmlLDrivers:pubinclude:Handle_XmlLDrivers_SequenceNodeOfSequenceOfNamespaceDef.hxx /dn43/OCCT/tmp/results_28.02.2011/occt/release-sources-20110228/inc/Handle_XmlLDrivers_SequenceNodeOfSequenceOfNamespaceDef.hxx
+M XmlLDrivers:pubinclude:XmlLDrivers_SequenceNodeOfSequenceOfNamespaceDef.hxx /dn43/OCCT/tmp/results_28.02.2011/occt/release-sources-20110228/inc/XmlLDrivers_SequenceNodeOfSequenceOfNamespaceDef.hxx
+M XmlLDrivers:derivated:XmlLDrivers_SequenceNodeOfSequenceOfNamespaceDef_0.cxx /dn43/OCCT/tmp/results_28.02.2011/occt/release-sources-20110228/drv/XmlLDrivers/XmlLDrivers_SequenceNodeOfSequenceOfNamespaceDef_0.cxx
+M XmlLDrivers:dbadmfile:XmlLDrivers_xcpp_header.In /dn43/OCCT/tmp/results_28.02.2011/occt/release-sources-20110228/drv/XmlLDrivers/.adm/XmlLDrivers_xcpp_header.In
+M XmlLDrivers:dbadmfile:XmlLDrivers_xcpp_header.Out /dn43/OCCT/tmp/results_28.02.2011/occt/release-sources-20110228/drv/XmlLDrivers/.adm/XmlLDrivers_xcpp_header.Out
+M XmlLDrivers:dbadmfile:XmlLDrivers_xcpp_header.Dep /dn43/OCCT/tmp/results_28.02.2011/occt/release-sources-20110228/drv/XmlLDrivers/.adm/XmlLDrivers_xcpp_header.Dep
