+M BinMDataXtd:pubinclude:BinMDataXtd.hxx /dn43/OCCT/tmp/results_30.09.2011/occt/release-sources-20110930/inc/BinMDataXtd.hxx
+M BinMDataXtd:privinclude:BinMDataXtd.jxx /dn43/OCCT/tmp/results_30.09.2011/occt/release-sources-20110930/drv/BinMDataXtd/BinMDataXtd.jxx
+M BinMDataXtd:privinclude:BinMDataXtd.ixx /dn43/OCCT/tmp/results_30.09.2011/occt/release-sources-20110930/drv/BinMDataXtd/BinMDataXtd.ixx
+M BinMDataXtd:pubinclude:Handle_BinMDataXtd_PointDriver.hxx /dn43/OCCT/tmp/results_30.09.2011/occt/release-sources-20110930/inc/Handle_BinMDataXtd_PointDriver.hxx
+M BinMDataXtd:pubinclude:BinMDataXtd_PointDriver.hxx /dn43/OCCT/tmp/results_30.09.2011/occt/release-sources-20110930/inc/BinMDataXtd_PointDriver.hxx
+M BinMDataXtd:privinclude:BinMDataXtd_PointDriver.jxx /dn43/OCCT/tmp/results_30.09.2011/occt/release-sources-20110930/drv/BinMDataXtd/BinMDataXtd_PointDriver.jxx
+M BinMDataXtd:privinclude:BinMDataXtd_PointDriver.ixx /dn43/OCCT/tmp/results_30.09.2011/occt/release-sources-20110930/drv/BinMDataXtd/BinMDataXtd_PointDriver.ixx
+M BinMDataXtd:pubinclude:Handle_BinMDataXtd_AxisDriver.hxx /dn43/OCCT/tmp/results_30.09.2011/occt/release-sources-20110930/inc/Handle_BinMDataXtd_AxisDriver.hxx
+M BinMDataXtd:pubinclude:BinMDataXtd_AxisDriver.hxx /dn43/OCCT/tmp/results_30.09.2011/occt/release-sources-20110930/inc/BinMDataXtd_AxisDriver.hxx
+M BinMDataXtd:privinclude:BinMDataXtd_AxisDriver.jxx /dn43/OCCT/tmp/results_30.09.2011/occt/release-sources-20110930/drv/BinMDataXtd/BinMDataXtd_AxisDriver.jxx
+M BinMDataXtd:privinclude:BinMDataXtd_AxisDriver.ixx /dn43/OCCT/tmp/results_30.09.2011/occt/release-sources-20110930/drv/BinMDataXtd/BinMDataXtd_AxisDriver.ixx
+M BinMDataXtd:pubinclude:Handle_BinMDataXtd_PlaneDriver.hxx /dn43/OCCT/tmp/results_30.09.2011/occt/release-sources-20110930/inc/Handle_BinMDataXtd_PlaneDriver.hxx
+M BinMDataXtd:pubinclude:BinMDataXtd_PlaneDriver.hxx /dn43/OCCT/tmp/results_30.09.2011/occt/release-sources-20110930/inc/BinMDataXtd_PlaneDriver.hxx
+M BinMDataXtd:privinclude:BinMDataXtd_PlaneDriver.jxx /dn43/OCCT/tmp/results_30.09.2011/occt/release-sources-20110930/drv/BinMDataXtd/BinMDataXtd_PlaneDriver.jxx
+M BinMDataXtd:privinclude:BinMDataXtd_PlaneDriver.ixx /dn43/OCCT/tmp/results_30.09.2011/occt/release-sources-20110930/drv/BinMDataXtd/BinMDataXtd_PlaneDriver.ixx
+M BinMDataXtd:pubinclude:Handle_BinMDataXtd_GeometryDriver.hxx /dn43/OCCT/tmp/results_30.09.2011/occt/release-sources-20110930/inc/Handle_BinMDataXtd_GeometryDriver.hxx
+M BinMDataXtd:pubinclude:BinMDataXtd_GeometryDriver.hxx /dn43/OCCT/tmp/results_30.09.2011/occt/release-sources-20110930/inc/BinMDataXtd_GeometryDriver.hxx
+M BinMDataXtd:privinclude:BinMDataXtd_GeometryDriver.jxx /dn43/OCCT/tmp/results_30.09.2011/occt/release-sources-20110930/drv/BinMDataXtd/BinMDataXtd_GeometryDriver.jxx
+M BinMDataXtd:privinclude:BinMDataXtd_GeometryDriver.ixx /dn43/OCCT/tmp/results_30.09.2011/occt/release-sources-20110930/drv/BinMDataXtd/BinMDataXtd_GeometryDriver.ixx
+M BinMDataXtd:pubinclude:Handle_BinMDataXtd_ConstraintDriver.hxx /dn43/OCCT/tmp/results_30.09.2011/occt/release-sources-20110930/inc/Handle_BinMDataXtd_ConstraintDriver.hxx
+M BinMDataXtd:pubinclude:BinMDataXtd_ConstraintDriver.hxx /dn43/OCCT/tmp/results_30.09.2011/occt/release-sources-20110930/inc/BinMDataXtd_ConstraintDriver.hxx
+M BinMDataXtd:privinclude:BinMDataXtd_ConstraintDriver.jxx /dn43/OCCT/tmp/results_30.09.2011/occt/release-sources-20110930/drv/BinMDataXtd/BinMDataXtd_ConstraintDriver.jxx
+M BinMDataXtd:privinclude:BinMDataXtd_ConstraintDriver.ixx /dn43/OCCT/tmp/results_30.09.2011/occt/release-sources-20110930/drv/BinMDataXtd/BinMDataXtd_ConstraintDriver.ixx
+M BinMDataXtd:pubinclude:Handle_BinMDataXtd_PlacementDriver.hxx /dn43/OCCT/tmp/results_30.09.2011/occt/release-sources-20110930/inc/Handle_BinMDataXtd_PlacementDriver.hxx
+M BinMDataXtd:pubinclude:BinMDataXtd_PlacementDriver.hxx /dn43/OCCT/tmp/results_30.09.2011/occt/release-sources-20110930/inc/BinMDataXtd_PlacementDriver.hxx
+M BinMDataXtd:privinclude:BinMDataXtd_PlacementDriver.jxx /dn43/OCCT/tmp/results_30.09.2011/occt/release-sources-20110930/drv/BinMDataXtd/BinMDataXtd_PlacementDriver.jxx
+M BinMDataXtd:privinclude:BinMDataXtd_PlacementDriver.ixx /dn43/OCCT/tmp/results_30.09.2011/occt/release-sources-20110930/drv/BinMDataXtd/BinMDataXtd_PlacementDriver.ixx
+M BinMDataXtd:pubinclude:Handle_BinMDataXtd_PatternStdDriver.hxx /dn43/OCCT/tmp/results_30.09.2011/occt/release-sources-20110930/inc/Handle_BinMDataXtd_PatternStdDriver.hxx
+M BinMDataXtd:pubinclude:BinMDataXtd_PatternStdDriver.hxx /dn43/OCCT/tmp/results_30.09.2011/occt/release-sources-20110930/inc/BinMDataXtd_PatternStdDriver.hxx
+M BinMDataXtd:privinclude:BinMDataXtd_PatternStdDriver.jxx /dn43/OCCT/tmp/results_30.09.2011/occt/release-sources-20110930/drv/BinMDataXtd/BinMDataXtd_PatternStdDriver.jxx
+M BinMDataXtd:privinclude:BinMDataXtd_PatternStdDriver.ixx /dn43/OCCT/tmp/results_30.09.2011/occt/release-sources-20110930/drv/BinMDataXtd/BinMDataXtd_PatternStdDriver.ixx
+M BinMDataXtd:pubinclude:Handle_BinMDataXtd_ShapeDriver.hxx /dn43/OCCT/tmp/results_30.09.2011/occt/release-sources-20110930/inc/Handle_BinMDataXtd_ShapeDriver.hxx
+M BinMDataXtd:pubinclude:BinMDataXtd_ShapeDriver.hxx /dn43/OCCT/tmp/results_30.09.2011/occt/release-sources-20110930/inc/BinMDataXtd_ShapeDriver.hxx
+M BinMDataXtd:privinclude:BinMDataXtd_ShapeDriver.jxx /dn43/OCCT/tmp/results_30.09.2011/occt/release-sources-20110930/drv/BinMDataXtd/BinMDataXtd_ShapeDriver.jxx
+M BinMDataXtd:privinclude:BinMDataXtd_ShapeDriver.ixx /dn43/OCCT/tmp/results_30.09.2011/occt/release-sources-20110930/drv/BinMDataXtd/BinMDataXtd_ShapeDriver.ixx
+M BinMDataXtd:dbadmfile:BinMDataXtd_xcpp_header.In /dn43/OCCT/tmp/results_30.09.2011/occt/release-sources-20110930/drv/BinMDataXtd/.adm/BinMDataXtd_xcpp_header.In
+M BinMDataXtd:dbadmfile:BinMDataXtd_xcpp_header.Out /dn43/OCCT/tmp/results_30.09.2011/occt/release-sources-20110930/drv/BinMDataXtd/.adm/BinMDataXtd_xcpp_header.Out
+M BinMDataXtd:dbadmfile:BinMDataXtd_xcpp_header.Dep /dn43/OCCT/tmp/results_30.09.2011/occt/release-sources-20110930/drv/BinMDataXtd/.adm/BinMDataXtd_xcpp_header.Dep
