+M CDM:pubinclude:Handle_CDM_MetaData.hxx /dn43/OCCT/tmp/results_31.05.2011/occt/release-sources-20110531/inc/Handle_CDM_MetaData.hxx
+M CDM:pubinclude:CDM_MetaData.hxx /dn43/OCCT/tmp/results_31.05.2011/occt/release-sources-20110531/inc/CDM_MetaData.hxx
+M CDM:privinclude:CDM_MetaData.jxx /dn43/OCCT/tmp/results_31.05.2011/occt/release-sources-20110531/drv/CDM/CDM_MetaData.jxx
+M CDM:privinclude:CDM_MetaData.ixx /dn43/OCCT/tmp/results_31.05.2011/occt/release-sources-20110531/drv/CDM/CDM_MetaData.ixx
+M CDM:pubinclude:Handle_CDM_MessageDriver.hxx /dn43/OCCT/tmp/results_31.05.2011/occt/release-sources-20110531/inc/Handle_CDM_MessageDriver.hxx
+M CDM:pubinclude:CDM_MessageDriver.hxx /dn43/OCCT/tmp/results_31.05.2011/occt/release-sources-20110531/inc/CDM_MessageDriver.hxx
+M CDM:privinclude:CDM_MessageDriver.jxx /dn43/OCCT/tmp/results_31.05.2011/occt/release-sources-20110531/drv/CDM/CDM_MessageDriver.jxx
+M CDM:privinclude:CDM_MessageDriver.ixx /dn43/OCCT/tmp/results_31.05.2011/occt/release-sources-20110531/drv/CDM/CDM_MessageDriver.ixx
+M CDM:pubinclude:Handle_CDM_Document.hxx /dn43/OCCT/tmp/results_31.05.2011/occt/release-sources-20110531/inc/Handle_CDM_Document.hxx
+M CDM:pubinclude:CDM_Document.hxx /dn43/OCCT/tmp/results_31.05.2011/occt/release-sources-20110531/inc/CDM_Document.hxx
+M CDM:privinclude:CDM_Document.jxx /dn43/OCCT/tmp/results_31.05.2011/occt/release-sources-20110531/drv/CDM/CDM_Document.jxx
+M CDM:privinclude:CDM_Document.ixx /dn43/OCCT/tmp/results_31.05.2011/occt/release-sources-20110531/drv/CDM/CDM_Document.ixx
+M CDM:pubinclude:CDM_ReferenceIterator.hxx /dn43/OCCT/tmp/results_31.05.2011/occt/release-sources-20110531/inc/CDM_ReferenceIterator.hxx
+M CDM:privinclude:CDM_ReferenceIterator.jxx /dn43/OCCT/tmp/results_31.05.2011/occt/release-sources-20110531/drv/CDM/CDM_ReferenceIterator.jxx
+M CDM:privinclude:CDM_ReferenceIterator.ixx /dn43/OCCT/tmp/results_31.05.2011/occt/release-sources-20110531/drv/CDM/CDM_ReferenceIterator.ixx
+M CDM:pubinclude:Handle_CDM_NullMessageDriver.hxx /dn43/OCCT/tmp/results_31.05.2011/occt/release-sources-20110531/inc/Handle_CDM_NullMessageDriver.hxx
+M CDM:pubinclude:CDM_NullMessageDriver.hxx /dn43/OCCT/tmp/results_31.05.2011/occt/release-sources-20110531/inc/CDM_NullMessageDriver.hxx
+M CDM:privinclude:CDM_NullMessageDriver.jxx /dn43/OCCT/tmp/results_31.05.2011/occt/release-sources-20110531/drv/CDM/CDM_NullMessageDriver.jxx
+M CDM:privinclude:CDM_NullMessageDriver.ixx /dn43/OCCT/tmp/results_31.05.2011/occt/release-sources-20110531/drv/CDM/CDM_NullMessageDriver.ixx
+M CDM:pubinclude:Handle_CDM_COutMessageDriver.hxx /dn43/OCCT/tmp/results_31.05.2011/occt/release-sources-20110531/inc/Handle_CDM_COutMessageDriver.hxx
+M CDM:pubinclude:CDM_COutMessageDriver.hxx /dn43/OCCT/tmp/results_31.05.2011/occt/release-sources-20110531/inc/CDM_COutMessageDriver.hxx
+M CDM:privinclude:CDM_COutMessageDriver.jxx /dn43/OCCT/tmp/results_31.05.2011/occt/release-sources-20110531/drv/CDM/CDM_COutMessageDriver.jxx
+M CDM:privinclude:CDM_COutMessageDriver.ixx /dn43/OCCT/tmp/results_31.05.2011/occt/release-sources-20110531/drv/CDM/CDM_COutMessageDriver.ixx
+M CDM:pubinclude:CDM_PresentationDirectory.hxx /dn43/OCCT/tmp/results_31.05.2011/occt/release-sources-20110531/inc/CDM_PresentationDirectory.hxx
+M CDM:derivated:CDM_PresentationDirectory_0.cxx /dn43/OCCT/tmp/results_31.05.2011/occt/release-sources-20110531/drv/CDM/CDM_PresentationDirectory_0.cxx
+M CDM:pubinclude:Handle_CDM_Reference.hxx /dn43/OCCT/tmp/results_31.05.2011/occt/release-sources-20110531/inc/Handle_CDM_Reference.hxx
+M CDM:pubinclude:CDM_Reference.hxx /dn43/OCCT/tmp/results_31.05.2011/occt/release-sources-20110531/inc/CDM_Reference.hxx
+M CDM:privinclude:CDM_Reference.jxx /dn43/OCCT/tmp/results_31.05.2011/occt/release-sources-20110531/drv/CDM/CDM_Reference.jxx
+M CDM:privinclude:CDM_Reference.ixx /dn43/OCCT/tmp/results_31.05.2011/occt/release-sources-20110531/drv/CDM/CDM_Reference.ixx
+M CDM:pubinclude:CDM_ListOfReferences.hxx /dn43/OCCT/tmp/results_31.05.2011/occt/release-sources-20110531/inc/CDM_ListOfReferences.hxx
+M CDM:derivated:CDM_ListOfReferences_0.cxx /dn43/OCCT/tmp/results_31.05.2011/occt/release-sources-20110531/drv/CDM/CDM_ListOfReferences_0.cxx
+M CDM:pubinclude:Handle_CDM_Application.hxx /dn43/OCCT/tmp/results_31.05.2011/occt/release-sources-20110531/inc/Handle_CDM_Application.hxx
+M CDM:pubinclude:CDM_Application.hxx /dn43/OCCT/tmp/results_31.05.2011/occt/release-sources-20110531/inc/CDM_Application.hxx
+M CDM:privinclude:CDM_Application.jxx /dn43/OCCT/tmp/results_31.05.2011/occt/release-sources-20110531/drv/CDM/CDM_Application.jxx
+M CDM:privinclude:CDM_Application.ixx /dn43/OCCT/tmp/results_31.05.2011/occt/release-sources-20110531/drv/CDM/CDM_Application.ixx
+M CDM:pubinclude:CDM_MetaDataLookUpTable.hxx /dn43/OCCT/tmp/results_31.05.2011/occt/release-sources-20110531/inc/CDM_MetaDataLookUpTable.hxx
+M CDM:derivated:CDM_MetaDataLookUpTable_0.cxx /dn43/OCCT/tmp/results_31.05.2011/occt/release-sources-20110531/drv/CDM/CDM_MetaDataLookUpTable_0.cxx
+M CDM:pubinclude:CDM_DocumentHasher.hxx /dn43/OCCT/tmp/results_31.05.2011/occt/release-sources-20110531/inc/CDM_DocumentHasher.hxx
+M CDM:derivated:CDM_DocumentHasher_0.cxx /dn43/OCCT/tmp/results_31.05.2011/occt/release-sources-20110531/drv/CDM/CDM_DocumentHasher_0.cxx
+M CDM:pubinclude:CDM_MapOfDocument.hxx /dn43/OCCT/tmp/results_31.05.2011/occt/release-sources-20110531/inc/CDM_MapOfDocument.hxx
+M CDM:derivated:CDM_MapOfDocument_0.cxx /dn43/OCCT/tmp/results_31.05.2011/occt/release-sources-20110531/drv/CDM/CDM_MapOfDocument_0.cxx
+M CDM:pubinclude:CDM_ListOfDocument.hxx /dn43/OCCT/tmp/results_31.05.2011/occt/release-sources-20110531/inc/CDM_ListOfDocument.hxx
+M CDM:derivated:CDM_ListOfDocument_0.cxx /dn43/OCCT/tmp/results_31.05.2011/occt/release-sources-20110531/drv/CDM/CDM_ListOfDocument_0.cxx
+M CDM:pubinclude:CDM_StackOfDocument.hxx /dn43/OCCT/tmp/results_31.05.2011/occt/release-sources-20110531/inc/CDM_StackOfDocument.hxx
+M CDM:derivated:CDM_StackOfDocument_0.cxx /dn43/OCCT/tmp/results_31.05.2011/occt/release-sources-20110531/drv/CDM/CDM_StackOfDocument_0.cxx
+M CDM:pubinclude:Handle_CDM_DataMapNodeOfPresentationDirectory.hxx /dn43/OCCT/tmp/results_31.05.2011/occt/release-sources-20110531/inc/Handle_CDM_DataMapNodeOfPresentationDirectory.hxx
+M CDM:pubinclude:CDM_DataMapNodeOfPresentationDirectory.hxx /dn43/OCCT/tmp/results_31.05.2011/occt/release-sources-20110531/inc/CDM_DataMapNodeOfPresentationDirectory.hxx
+M CDM:derivated:CDM_DataMapNodeOfPresentationDirectory_0.cxx /dn43/OCCT/tmp/results_31.05.2011/occt/release-sources-20110531/drv/CDM/CDM_DataMapNodeOfPresentationDirectory_0.cxx
+M CDM:pubinclude:CDM_DataMapIteratorOfPresentationDirectory.hxx /dn43/OCCT/tmp/results_31.05.2011/occt/release-sources-20110531/inc/CDM_DataMapIteratorOfPresentationDirectory.hxx
+M CDM:derivated:CDM_DataMapIteratorOfPresentationDirectory_0.cxx /dn43/OCCT/tmp/results_31.05.2011/occt/release-sources-20110531/drv/CDM/CDM_DataMapIteratorOfPresentationDirectory_0.cxx
+M CDM:pubinclude:Handle_CDM_ListNodeOfListOfReferences.hxx /dn43/OCCT/tmp/results_31.05.2011/occt/release-sources-20110531/inc/Handle_CDM_ListNodeOfListOfReferences.hxx
+M CDM:pubinclude:CDM_ListNodeOfListOfReferences.hxx /dn43/OCCT/tmp/results_31.05.2011/occt/release-sources-20110531/inc/CDM_ListNodeOfListOfReferences.hxx
+M CDM:derivated:CDM_ListNodeOfListOfReferences_0.cxx /dn43/OCCT/tmp/results_31.05.2011/occt/release-sources-20110531/drv/CDM/CDM_ListNodeOfListOfReferences_0.cxx
+M CDM:pubinclude:CDM_ListIteratorOfListOfReferences.hxx /dn43/OCCT/tmp/results_31.05.2011/occt/release-sources-20110531/inc/CDM_ListIteratorOfListOfReferences.hxx
+M CDM:derivated:CDM_ListIteratorOfListOfReferences_0.cxx /dn43/OCCT/tmp/results_31.05.2011/occt/release-sources-20110531/drv/CDM/CDM_ListIteratorOfListOfReferences_0.cxx
+M CDM:pubinclude:Handle_CDM_DataMapNodeOfMetaDataLookUpTable.hxx /dn43/OCCT/tmp/results_31.05.2011/occt/release-sources-20110531/inc/Handle_CDM_DataMapNodeOfMetaDataLookUpTable.hxx
+M CDM:pubinclude:CDM_DataMapNodeOfMetaDataLookUpTable.hxx /dn43/OCCT/tmp/results_31.05.2011/occt/release-sources-20110531/inc/CDM_DataMapNodeOfMetaDataLookUpTable.hxx
+M CDM:derivated:CDM_DataMapNodeOfMetaDataLookUpTable_0.cxx /dn43/OCCT/tmp/results_31.05.2011/occt/release-sources-20110531/drv/CDM/CDM_DataMapNodeOfMetaDataLookUpTable_0.cxx
+M CDM:pubinclude:CDM_DataMapIteratorOfMetaDataLookUpTable.hxx /dn43/OCCT/tmp/results_31.05.2011/occt/release-sources-20110531/inc/CDM_DataMapIteratorOfMetaDataLookUpTable.hxx
+M CDM:derivated:CDM_DataMapIteratorOfMetaDataLookUpTable_0.cxx /dn43/OCCT/tmp/results_31.05.2011/occt/release-sources-20110531/drv/CDM/CDM_DataMapIteratorOfMetaDataLookUpTable_0.cxx
+M CDM:pubinclude:Handle_CDM_StdMapNodeOfMapOfDocument.hxx /dn43/OCCT/tmp/results_31.05.2011/occt/release-sources-20110531/inc/Handle_CDM_StdMapNodeOfMapOfDocument.hxx
+M CDM:pubinclude:CDM_StdMapNodeOfMapOfDocument.hxx /dn43/OCCT/tmp/results_31.05.2011/occt/release-sources-20110531/inc/CDM_StdMapNodeOfMapOfDocument.hxx
+M CDM:derivated:CDM_StdMapNodeOfMapOfDocument_0.cxx /dn43/OCCT/tmp/results_31.05.2011/occt/release-sources-20110531/drv/CDM/CDM_StdMapNodeOfMapOfDocument_0.cxx
+M CDM:pubinclude:CDM_MapIteratorOfMapOfDocument.hxx /dn43/OCCT/tmp/results_31.05.2011/occt/release-sources-20110531/inc/CDM_MapIteratorOfMapOfDocument.hxx
+M CDM:derivated:CDM_MapIteratorOfMapOfDocument_0.cxx /dn43/OCCT/tmp/results_31.05.2011/occt/release-sources-20110531/drv/CDM/CDM_MapIteratorOfMapOfDocument_0.cxx
+M CDM:pubinclude:Handle_CDM_ListNodeOfListOfDocument.hxx /dn43/OCCT/tmp/results_31.05.2011/occt/release-sources-20110531/inc/Handle_CDM_ListNodeOfListOfDocument.hxx
+M CDM:pubinclude:CDM_ListNodeOfListOfDocument.hxx /dn43/OCCT/tmp/results_31.05.2011/occt/release-sources-20110531/inc/CDM_ListNodeOfListOfDocument.hxx
+M CDM:derivated:CDM_ListNodeOfListOfDocument_0.cxx /dn43/OCCT/tmp/results_31.05.2011/occt/release-sources-20110531/drv/CDM/CDM_ListNodeOfListOfDocument_0.cxx
+M CDM:pubinclude:CDM_ListIteratorOfListOfDocument.hxx /dn43/OCCT/tmp/results_31.05.2011/occt/release-sources-20110531/inc/CDM_ListIteratorOfListOfDocument.hxx
+M CDM:derivated:CDM_ListIteratorOfListOfDocument_0.cxx /dn43/OCCT/tmp/results_31.05.2011/occt/release-sources-20110531/drv/CDM/CDM_ListIteratorOfListOfDocument_0.cxx
+M CDM:pubinclude:Handle_CDM_StackNodeOfStackOfDocument.hxx /dn43/OCCT/tmp/results_31.05.2011/occt/release-sources-20110531/inc/Handle_CDM_StackNodeOfStackOfDocument.hxx
+M CDM:pubinclude:CDM_StackNodeOfStackOfDocument.hxx /dn43/OCCT/tmp/results_31.05.2011/occt/release-sources-20110531/inc/CDM_StackNodeOfStackOfDocument.hxx
+M CDM:derivated:CDM_StackNodeOfStackOfDocument_0.cxx /dn43/OCCT/tmp/results_31.05.2011/occt/release-sources-20110531/drv/CDM/CDM_StackNodeOfStackOfDocument_0.cxx
+M CDM:pubinclude:CDM_StackIteratorOfStackOfDocument.hxx /dn43/OCCT/tmp/results_31.05.2011/occt/release-sources-20110531/inc/CDM_StackIteratorOfStackOfDocument.hxx
+M CDM:derivated:CDM_StackIteratorOfStackOfDocument_0.cxx /dn43/OCCT/tmp/results_31.05.2011/occt/release-sources-20110531/drv/CDM/CDM_StackIteratorOfStackOfDocument_0.cxx
+M CDM:pubinclude:CDM_CanCloseStatus.hxx /dn43/OCCT/tmp/results_31.05.2011/occt/release-sources-20110531/inc/CDM_CanCloseStatus.hxx
+M CDM:pubinclude:CDM_NamesDirectory.hxx /dn43/OCCT/tmp/results_31.05.2011/occt/release-sources-20110531/inc/CDM_NamesDirectory.hxx
+M CDM:pubinclude:CDM_DocumentPointer.hxx /dn43/OCCT/tmp/results_31.05.2011/occt/release-sources-20110531/inc/CDM_DocumentPointer.hxx
+M CDM:dbadmfile:CDM_xcpp_header.In /dn43/OCCT/tmp/results_31.05.2011/occt/release-sources-20110531/drv/CDM/.adm/CDM_xcpp_header.In
+M CDM:dbadmfile:CDM_xcpp_header.Out /dn43/OCCT/tmp/results_31.05.2011/occt/release-sources-20110531/drv/CDM/.adm/CDM_xcpp_header.Out
+M CDM:dbadmfile:CDM_xcpp_header.Dep /dn43/OCCT/tmp/results_31.05.2011/occt/release-sources-20110531/drv/CDM/.adm/CDM_xcpp_header.Dep
