+M STEPConstruct:pubinclude:STEPConstruct.hxx /dn43/OCCT/tmp/results_31.05.2011/occt/release-sources-20110531/inc/STEPConstruct.hxx
+M STEPConstruct:privinclude:STEPConstruct.jxx /dn43/OCCT/tmp/results_31.05.2011/occt/release-sources-20110531/drv/STEPConstruct/STEPConstruct.jxx
+M STEPConstruct:privinclude:STEPConstruct.ixx /dn43/OCCT/tmp/results_31.05.2011/occt/release-sources-20110531/drv/STEPConstruct/STEPConstruct.ixx
+M STEPConstruct:pubinclude:STEPConstruct_Tool.hxx /dn43/OCCT/tmp/results_31.05.2011/occt/release-sources-20110531/inc/STEPConstruct_Tool.hxx
+M STEPConstruct:privinclude:STEPConstruct_Tool.jxx /dn43/OCCT/tmp/results_31.05.2011/occt/release-sources-20110531/drv/STEPConstruct/STEPConstruct_Tool.jxx
+M STEPConstruct:privinclude:STEPConstruct_Tool.ixx /dn43/OCCT/tmp/results_31.05.2011/occt/release-sources-20110531/drv/STEPConstruct/STEPConstruct_Tool.ixx
+M STEPConstruct:pubinclude:STEPConstruct_UnitContext.hxx /dn43/OCCT/tmp/results_31.05.2011/occt/release-sources-20110531/inc/STEPConstruct_UnitContext.hxx
+M STEPConstruct:privinclude:STEPConstruct_UnitContext.jxx /dn43/OCCT/tmp/results_31.05.2011/occt/release-sources-20110531/drv/STEPConstruct/STEPConstruct_UnitContext.jxx
+M STEPConstruct:privinclude:STEPConstruct_UnitContext.ixx /dn43/OCCT/tmp/results_31.05.2011/occt/release-sources-20110531/drv/STEPConstruct/STEPConstruct_UnitContext.ixx
+M STEPConstruct:pubinclude:STEPConstruct_Part.hxx /dn43/OCCT/tmp/results_31.05.2011/occt/release-sources-20110531/inc/STEPConstruct_Part.hxx
+M STEPConstruct:privinclude:STEPConstruct_Part.jxx /dn43/OCCT/tmp/results_31.05.2011/occt/release-sources-20110531/drv/STEPConstruct/STEPConstruct_Part.jxx
+M STEPConstruct:privinclude:STEPConstruct_Part.ixx /dn43/OCCT/tmp/results_31.05.2011/occt/release-sources-20110531/drv/STEPConstruct/STEPConstruct_Part.ixx
+M STEPConstruct:pubinclude:STEPConstruct_Assembly.hxx /dn43/OCCT/tmp/results_31.05.2011/occt/release-sources-20110531/inc/STEPConstruct_Assembly.hxx
+M STEPConstruct:privinclude:STEPConstruct_Assembly.jxx /dn43/OCCT/tmp/results_31.05.2011/occt/release-sources-20110531/drv/STEPConstruct/STEPConstruct_Assembly.jxx
+M STEPConstruct:privinclude:STEPConstruct_Assembly.ixx /dn43/OCCT/tmp/results_31.05.2011/occt/release-sources-20110531/drv/STEPConstruct/STEPConstruct_Assembly.ixx
+M STEPConstruct:pubinclude:STEPConstruct_Styles.hxx /dn43/OCCT/tmp/results_31.05.2011/occt/release-sources-20110531/inc/STEPConstruct_Styles.hxx
+M STEPConstruct:privinclude:STEPConstruct_Styles.jxx /dn43/OCCT/tmp/results_31.05.2011/occt/release-sources-20110531/drv/STEPConstruct/STEPConstruct_Styles.jxx
+M STEPConstruct:privinclude:STEPConstruct_Styles.ixx /dn43/OCCT/tmp/results_31.05.2011/occt/release-sources-20110531/drv/STEPConstruct/STEPConstruct_Styles.ixx
+M STEPConstruct:pubinclude:STEPConstruct_ValidationProps.hxx /dn43/OCCT/tmp/results_31.05.2011/occt/release-sources-20110531/inc/STEPConstruct_ValidationProps.hxx
+M STEPConstruct:privinclude:STEPConstruct_ValidationProps.jxx /dn43/OCCT/tmp/results_31.05.2011/occt/release-sources-20110531/drv/STEPConstruct/STEPConstruct_ValidationProps.jxx
+M STEPConstruct:privinclude:STEPConstruct_ValidationProps.ixx /dn43/OCCT/tmp/results_31.05.2011/occt/release-sources-20110531/drv/STEPConstruct/STEPConstruct_ValidationProps.ixx
+M STEPConstruct:pubinclude:STEPConstruct_ExternRefs.hxx /dn43/OCCT/tmp/results_31.05.2011/occt/release-sources-20110531/inc/STEPConstruct_ExternRefs.hxx
+M STEPConstruct:privinclude:STEPConstruct_ExternRefs.jxx /dn43/OCCT/tmp/results_31.05.2011/occt/release-sources-20110531/drv/STEPConstruct/STEPConstruct_ExternRefs.jxx
+M STEPConstruct:privinclude:STEPConstruct_ExternRefs.ixx /dn43/OCCT/tmp/results_31.05.2011/occt/release-sources-20110531/drv/STEPConstruct/STEPConstruct_ExternRefs.ixx
+M STEPConstruct:pubinclude:STEPConstruct_AP203Context.hxx /dn43/OCCT/tmp/results_31.05.2011/occt/release-sources-20110531/inc/STEPConstruct_AP203Context.hxx
+M STEPConstruct:privinclude:STEPConstruct_AP203Context.jxx /dn43/OCCT/tmp/results_31.05.2011/occt/release-sources-20110531/drv/STEPConstruct/STEPConstruct_AP203Context.jxx
+M STEPConstruct:privinclude:STEPConstruct_AP203Context.ixx /dn43/OCCT/tmp/results_31.05.2011/occt/release-sources-20110531/drv/STEPConstruct/STEPConstruct_AP203Context.ixx
+M STEPConstruct:pubinclude:STEPConstruct_ContextTool.hxx /dn43/OCCT/tmp/results_31.05.2011/occt/release-sources-20110531/inc/STEPConstruct_ContextTool.hxx
+M STEPConstruct:privinclude:STEPConstruct_ContextTool.jxx /dn43/OCCT/tmp/results_31.05.2011/occt/release-sources-20110531/drv/STEPConstruct/STEPConstruct_ContextTool.jxx
+M STEPConstruct:privinclude:STEPConstruct_ContextTool.ixx /dn43/OCCT/tmp/results_31.05.2011/occt/release-sources-20110531/drv/STEPConstruct/STEPConstruct_ContextTool.ixx
+M STEPConstruct:pubinclude:STEPConstruct_DataMapOfAsciiStringTransient.hxx /dn43/OCCT/tmp/results_31.05.2011/occt/release-sources-20110531/inc/STEPConstruct_DataMapOfAsciiStringTransient.hxx
+M STEPConstruct:derivated:STEPConstruct_DataMapOfAsciiStringTransient_0.cxx /dn43/OCCT/tmp/results_31.05.2011/occt/release-sources-20110531/drv/STEPConstruct/STEPConstruct_DataMapOfAsciiStringTransient_0.cxx
+M STEPConstruct:pubinclude:STEPConstruct_PointHasher.hxx /dn43/OCCT/tmp/results_31.05.2011/occt/release-sources-20110531/inc/STEPConstruct_PointHasher.hxx
+M STEPConstruct:privinclude:STEPConstruct_PointHasher.jxx /dn43/OCCT/tmp/results_31.05.2011/occt/release-sources-20110531/drv/STEPConstruct/STEPConstruct_PointHasher.jxx
+M STEPConstruct:privinclude:STEPConstruct_PointHasher.ixx /dn43/OCCT/tmp/results_31.05.2011/occt/release-sources-20110531/drv/STEPConstruct/STEPConstruct_PointHasher.ixx
+M STEPConstruct:pubinclude:STEPConstruct_DataMapOfPointTransient.hxx /dn43/OCCT/tmp/results_31.05.2011/occt/release-sources-20110531/inc/STEPConstruct_DataMapOfPointTransient.hxx
+M STEPConstruct:derivated:STEPConstruct_DataMapOfPointTransient_0.cxx /dn43/OCCT/tmp/results_31.05.2011/occt/release-sources-20110531/drv/STEPConstruct/STEPConstruct_DataMapOfPointTransient_0.cxx
+M STEPConstruct:pubinclude:Handle_STEPConstruct_DataMapNodeOfDataMapOfAsciiStringTransient.hxx /dn43/OCCT/tmp/results_31.05.2011/occt/release-sources-20110531/inc/Handle_STEPConstruct_DataMapNodeOfDataMapOfAsciiStringTransient.hxx
+M STEPConstruct:pubinclude:STEPConstruct_DataMapNodeOfDataMapOfAsciiStringTransient.hxx /dn43/OCCT/tmp/results_31.05.2011/occt/release-sources-20110531/inc/STEPConstruct_DataMapNodeOfDataMapOfAsciiStringTransient.hxx
+M STEPConstruct:derivated:STEPConstruct_DataMapNodeOfDataMapOfAsciiStringTransient_0.cxx /dn43/OCCT/tmp/results_31.05.2011/occt/release-sources-20110531/drv/STEPConstruct/STEPConstruct_DataMapNodeOfDataMapOfAsciiStringTransient_0.cxx
+M STEPConstruct:pubinclude:STEPConstruct_DataMapIteratorOfDataMapOfAsciiStringTransient.hxx /dn43/OCCT/tmp/results_31.05.2011/occt/release-sources-20110531/inc/STEPConstruct_DataMapIteratorOfDataMapOfAsciiStringTransient.hxx
+M STEPConstruct:derivated:STEPConstruct_DataMapIteratorOfDataMapOfAsciiStringTransient_0.cxx /dn43/OCCT/tmp/results_31.05.2011/occt/release-sources-20110531/drv/STEPConstruct/STEPConstruct_DataMapIteratorOfDataMapOfAsciiStringTransient_0.cxx
+M STEPConstruct:pubinclude:Handle_STEPConstruct_DataMapNodeOfDataMapOfPointTransient.hxx /dn43/OCCT/tmp/results_31.05.2011/occt/release-sources-20110531/inc/Handle_STEPConstruct_DataMapNodeOfDataMapOfPointTransient.hxx
+M STEPConstruct:pubinclude:STEPConstruct_DataMapNodeOfDataMapOfPointTransient.hxx /dn43/OCCT/tmp/results_31.05.2011/occt/release-sources-20110531/inc/STEPConstruct_DataMapNodeOfDataMapOfPointTransient.hxx
+M STEPConstruct:derivated:STEPConstruct_DataMapNodeOfDataMapOfPointTransient_0.cxx /dn43/OCCT/tmp/results_31.05.2011/occt/release-sources-20110531/drv/STEPConstruct/STEPConstruct_DataMapNodeOfDataMapOfPointTransient_0.cxx
+M STEPConstruct:pubinclude:STEPConstruct_DataMapIteratorOfDataMapOfPointTransient.hxx /dn43/OCCT/tmp/results_31.05.2011/occt/release-sources-20110531/inc/STEPConstruct_DataMapIteratorOfDataMapOfPointTransient.hxx
+M STEPConstruct:derivated:STEPConstruct_DataMapIteratorOfDataMapOfPointTransient_0.cxx /dn43/OCCT/tmp/results_31.05.2011/occt/release-sources-20110531/drv/STEPConstruct/STEPConstruct_DataMapIteratorOfDataMapOfPointTransient_0.cxx
+M STEPConstruct:dbadmfile:STEPConstruct_xcpp_header.In /dn43/OCCT/tmp/results_31.05.2011/occt/release-sources-20110531/drv/STEPConstruct/.adm/STEPConstruct_xcpp_header.In
+M STEPConstruct:dbadmfile:STEPConstruct_xcpp_header.Out /dn43/OCCT/tmp/results_31.05.2011/occt/release-sources-20110531/drv/STEPConstruct/.adm/STEPConstruct_xcpp_header.Out
+M STEPConstruct:dbadmfile:STEPConstruct_xcpp_header.Dep /dn43/OCCT/tmp/results_31.05.2011/occt/release-sources-20110531/drv/STEPConstruct/.adm/STEPConstruct_xcpp_header.Dep
