+M GccAna:pubinclude:GccAna_Lin2dTanPar.hxx /dn43/OCCT/tmp/results_31.05.2011/occt/release-sources-20110531/inc/GccAna_Lin2dTanPar.hxx
+M GccAna:privinclude:GccAna_Lin2dTanPar.jxx /dn43/OCCT/tmp/results_31.05.2011/occt/release-sources-20110531/drv/GccAna/GccAna_Lin2dTanPar.jxx
+M GccAna:privinclude:GccAna_Lin2dTanPar.ixx /dn43/OCCT/tmp/results_31.05.2011/occt/release-sources-20110531/drv/GccAna/GccAna_Lin2dTanPar.ixx
+M GccAna:pubinclude:GccAna_Lin2dTanPer.hxx /dn43/OCCT/tmp/results_31.05.2011/occt/release-sources-20110531/inc/GccAna_Lin2dTanPer.hxx
+M GccAna:privinclude:GccAna_Lin2dTanPer.jxx /dn43/OCCT/tmp/results_31.05.2011/occt/release-sources-20110531/drv/GccAna/GccAna_Lin2dTanPer.jxx
+M GccAna:privinclude:GccAna_Lin2dTanPer.ixx /dn43/OCCT/tmp/results_31.05.2011/occt/release-sources-20110531/drv/GccAna/GccAna_Lin2dTanPer.ixx
+M GccAna:pubinclude:GccAna_Lin2dTanObl.hxx /dn43/OCCT/tmp/results_31.05.2011/occt/release-sources-20110531/inc/GccAna_Lin2dTanObl.hxx
+M GccAna:privinclude:GccAna_Lin2dTanObl.jxx /dn43/OCCT/tmp/results_31.05.2011/occt/release-sources-20110531/drv/GccAna/GccAna_Lin2dTanObl.jxx
+M GccAna:privinclude:GccAna_Lin2dTanObl.ixx /dn43/OCCT/tmp/results_31.05.2011/occt/release-sources-20110531/drv/GccAna/GccAna_Lin2dTanObl.ixx
+M GccAna:pubinclude:GccAna_Lin2d2Tan.hxx /dn43/OCCT/tmp/results_31.05.2011/occt/release-sources-20110531/inc/GccAna_Lin2d2Tan.hxx
+M GccAna:privinclude:GccAna_Lin2d2Tan.jxx /dn43/OCCT/tmp/results_31.05.2011/occt/release-sources-20110531/drv/GccAna/GccAna_Lin2d2Tan.jxx
+M GccAna:privinclude:GccAna_Lin2d2Tan.ixx /dn43/OCCT/tmp/results_31.05.2011/occt/release-sources-20110531/drv/GccAna/GccAna_Lin2d2Tan.ixx
+M GccAna:pubinclude:GccAna_Lin2dBisec.hxx /dn43/OCCT/tmp/results_31.05.2011/occt/release-sources-20110531/inc/GccAna_Lin2dBisec.hxx
+M GccAna:privinclude:GccAna_Lin2dBisec.jxx /dn43/OCCT/tmp/results_31.05.2011/occt/release-sources-20110531/drv/GccAna/GccAna_Lin2dBisec.jxx
+M GccAna:privinclude:GccAna_Lin2dBisec.ixx /dn43/OCCT/tmp/results_31.05.2011/occt/release-sources-20110531/drv/GccAna/GccAna_Lin2dBisec.ixx
+M GccAna:pubinclude:GccAna_Circ2dTanCen.hxx /dn43/OCCT/tmp/results_31.05.2011/occt/release-sources-20110531/inc/GccAna_Circ2dTanCen.hxx
+M GccAna:privinclude:GccAna_Circ2dTanCen.jxx /dn43/OCCT/tmp/results_31.05.2011/occt/release-sources-20110531/drv/GccAna/GccAna_Circ2dTanCen.jxx
+M GccAna:privinclude:GccAna_Circ2dTanCen.ixx /dn43/OCCT/tmp/results_31.05.2011/occt/release-sources-20110531/drv/GccAna/GccAna_Circ2dTanCen.ixx
+M GccAna:pubinclude:GccAna_Circ2d3Tan.hxx /dn43/OCCT/tmp/results_31.05.2011/occt/release-sources-20110531/inc/GccAna_Circ2d3Tan.hxx
+M GccAna:privinclude:GccAna_Circ2d3Tan.jxx /dn43/OCCT/tmp/results_31.05.2011/occt/release-sources-20110531/drv/GccAna/GccAna_Circ2d3Tan.jxx
+M GccAna:privinclude:GccAna_Circ2d3Tan.ixx /dn43/OCCT/tmp/results_31.05.2011/occt/release-sources-20110531/drv/GccAna/GccAna_Circ2d3Tan.ixx
+M GccAna:pubinclude:GccAna_Circ2d2TanRad.hxx /dn43/OCCT/tmp/results_31.05.2011/occt/release-sources-20110531/inc/GccAna_Circ2d2TanRad.hxx
+M GccAna:privinclude:GccAna_Circ2d2TanRad.jxx /dn43/OCCT/tmp/results_31.05.2011/occt/release-sources-20110531/drv/GccAna/GccAna_Circ2d2TanRad.jxx
+M GccAna:privinclude:GccAna_Circ2d2TanRad.ixx /dn43/OCCT/tmp/results_31.05.2011/occt/release-sources-20110531/drv/GccAna/GccAna_Circ2d2TanRad.ixx
+M GccAna:pubinclude:GccAna_Circ2d2TanOn.hxx /dn43/OCCT/tmp/results_31.05.2011/occt/release-sources-20110531/inc/GccAna_Circ2d2TanOn.hxx
+M GccAna:privinclude:GccAna_Circ2d2TanOn.jxx /dn43/OCCT/tmp/results_31.05.2011/occt/release-sources-20110531/drv/GccAna/GccAna_Circ2d2TanOn.jxx
+M GccAna:privinclude:GccAna_Circ2d2TanOn.ixx /dn43/OCCT/tmp/results_31.05.2011/occt/release-sources-20110531/drv/GccAna/GccAna_Circ2d2TanOn.ixx
+M GccAna:pubinclude:GccAna_Circ2dTanOnRad.hxx /dn43/OCCT/tmp/results_31.05.2011/occt/release-sources-20110531/inc/GccAna_Circ2dTanOnRad.hxx
+M GccAna:privinclude:GccAna_Circ2dTanOnRad.jxx /dn43/OCCT/tmp/results_31.05.2011/occt/release-sources-20110531/drv/GccAna/GccAna_Circ2dTanOnRad.jxx
+M GccAna:privinclude:GccAna_Circ2dTanOnRad.ixx /dn43/OCCT/tmp/results_31.05.2011/occt/release-sources-20110531/drv/GccAna/GccAna_Circ2dTanOnRad.ixx
+M GccAna:pubinclude:GccAna_Pnt2dBisec.hxx /dn43/OCCT/tmp/results_31.05.2011/occt/release-sources-20110531/inc/GccAna_Pnt2dBisec.hxx
+M GccAna:privinclude:GccAna_Pnt2dBisec.jxx /dn43/OCCT/tmp/results_31.05.2011/occt/release-sources-20110531/drv/GccAna/GccAna_Pnt2dBisec.jxx
+M GccAna:privinclude:GccAna_Pnt2dBisec.ixx /dn43/OCCT/tmp/results_31.05.2011/occt/release-sources-20110531/drv/GccAna/GccAna_Pnt2dBisec.ixx
+M GccAna:pubinclude:GccAna_Circ2dBisec.hxx /dn43/OCCT/tmp/results_31.05.2011/occt/release-sources-20110531/inc/GccAna_Circ2dBisec.hxx
+M GccAna:privinclude:GccAna_Circ2dBisec.jxx /dn43/OCCT/tmp/results_31.05.2011/occt/release-sources-20110531/drv/GccAna/GccAna_Circ2dBisec.jxx
+M GccAna:privinclude:GccAna_Circ2dBisec.ixx /dn43/OCCT/tmp/results_31.05.2011/occt/release-sources-20110531/drv/GccAna/GccAna_Circ2dBisec.ixx
+M GccAna:pubinclude:GccAna_CircLin2dBisec.hxx /dn43/OCCT/tmp/results_31.05.2011/occt/release-sources-20110531/inc/GccAna_CircLin2dBisec.hxx
+M GccAna:privinclude:GccAna_CircLin2dBisec.jxx /dn43/OCCT/tmp/results_31.05.2011/occt/release-sources-20110531/drv/GccAna/GccAna_CircLin2dBisec.jxx
+M GccAna:privinclude:GccAna_CircLin2dBisec.ixx /dn43/OCCT/tmp/results_31.05.2011/occt/release-sources-20110531/drv/GccAna/GccAna_CircLin2dBisec.ixx
+M GccAna:pubinclude:GccAna_CircPnt2dBisec.hxx /dn43/OCCT/tmp/results_31.05.2011/occt/release-sources-20110531/inc/GccAna_CircPnt2dBisec.hxx
+M GccAna:privinclude:GccAna_CircPnt2dBisec.jxx /dn43/OCCT/tmp/results_31.05.2011/occt/release-sources-20110531/drv/GccAna/GccAna_CircPnt2dBisec.jxx
+M GccAna:privinclude:GccAna_CircPnt2dBisec.ixx /dn43/OCCT/tmp/results_31.05.2011/occt/release-sources-20110531/drv/GccAna/GccAna_CircPnt2dBisec.ixx
+M GccAna:pubinclude:GccAna_LinPnt2dBisec.hxx /dn43/OCCT/tmp/results_31.05.2011/occt/release-sources-20110531/inc/GccAna_LinPnt2dBisec.hxx
+M GccAna:privinclude:GccAna_LinPnt2dBisec.jxx /dn43/OCCT/tmp/results_31.05.2011/occt/release-sources-20110531/drv/GccAna/GccAna_LinPnt2dBisec.jxx
+M GccAna:privinclude:GccAna_LinPnt2dBisec.ixx /dn43/OCCT/tmp/results_31.05.2011/occt/release-sources-20110531/drv/GccAna/GccAna_LinPnt2dBisec.ixx
+M GccAna:pubinclude:Handle_GccAna_NoSolution.hxx /dn43/OCCT/tmp/results_31.05.2011/occt/release-sources-20110531/inc/Handle_GccAna_NoSolution.hxx
+M GccAna:pubinclude:GccAna_NoSolution.hxx /dn43/OCCT/tmp/results_31.05.2011/occt/release-sources-20110531/inc/GccAna_NoSolution.hxx
+M GccAna:derivated:GccAna_NoSolution_0.cxx /dn43/OCCT/tmp/results_31.05.2011/occt/release-sources-20110531/drv/GccAna/GccAna_NoSolution_0.cxx
+M GccAna:dbadmfile:GccAna_xcpp_header.In /dn43/OCCT/tmp/results_31.05.2011/occt/release-sources-20110531/drv/GccAna/.adm/GccAna_xcpp_header.In
+M GccAna:dbadmfile:GccAna_xcpp_header.Out /dn43/OCCT/tmp/results_31.05.2011/occt/release-sources-20110531/drv/GccAna/.adm/GccAna_xcpp_header.Out
+M GccAna:dbadmfile:GccAna_xcpp_header.Dep /dn43/OCCT/tmp/results_31.05.2011/occt/release-sources-20110531/drv/GccAna/.adm/GccAna_xcpp_header.Dep
