+M MoniTool:pubinclude:MoniTool_DataInfo.hxx /dn43/OCCT/tmp/results_28.02.2011/occt/release-sources-20110228/inc/MoniTool_DataInfo.hxx
+M MoniTool:privinclude:MoniTool_DataInfo.jxx /dn43/OCCT/tmp/results_28.02.2011/occt/release-sources-20110228/drv/MoniTool/MoniTool_DataInfo.jxx
+M MoniTool:privinclude:MoniTool_DataInfo.ixx /dn43/OCCT/tmp/results_28.02.2011/occt/release-sources-20110228/drv/MoniTool/MoniTool_DataInfo.ixx
+M MoniTool:pubinclude:Handle_MoniTool_Element.hxx /dn43/OCCT/tmp/results_28.02.2011/occt/release-sources-20110228/inc/Handle_MoniTool_Element.hxx
+M MoniTool:pubinclude:MoniTool_Element.hxx /dn43/OCCT/tmp/results_28.02.2011/occt/release-sources-20110228/inc/MoniTool_Element.hxx
+M MoniTool:privinclude:MoniTool_Element.jxx /dn43/OCCT/tmp/results_28.02.2011/occt/release-sources-20110228/drv/MoniTool/MoniTool_Element.jxx
+M MoniTool:privinclude:MoniTool_Element.ixx /dn43/OCCT/tmp/results_28.02.2011/occt/release-sources-20110228/drv/MoniTool/MoniTool_Element.ixx
+M MoniTool:pubinclude:Handle_MoniTool_TransientElem.hxx /dn43/OCCT/tmp/results_28.02.2011/occt/release-sources-20110228/inc/Handle_MoniTool_TransientElem.hxx
+M MoniTool:pubinclude:MoniTool_TransientElem.hxx /dn43/OCCT/tmp/results_28.02.2011/occt/release-sources-20110228/inc/MoniTool_TransientElem.hxx
+M MoniTool:derivated:MoniTool_TransientElem_0.cxx /dn43/OCCT/tmp/results_28.02.2011/occt/release-sources-20110228/drv/MoniTool/MoniTool_TransientElem_0.cxx
+M MoniTool:pubinclude:MoniTool_ElemHasher.hxx /dn43/OCCT/tmp/results_28.02.2011/occt/release-sources-20110228/inc/MoniTool_ElemHasher.hxx
+M MoniTool:privinclude:MoniTool_ElemHasher.jxx /dn43/OCCT/tmp/results_28.02.2011/occt/release-sources-20110228/drv/MoniTool/MoniTool_ElemHasher.jxx
+M MoniTool:privinclude:MoniTool_ElemHasher.ixx /dn43/OCCT/tmp/results_28.02.2011/occt/release-sources-20110228/drv/MoniTool/MoniTool_ElemHasher.ixx
+M MoniTool:pubinclude:Handle_MoniTool_IntVal.hxx /dn43/OCCT/tmp/results_28.02.2011/occt/release-sources-20110228/inc/Handle_MoniTool_IntVal.hxx
+M MoniTool:pubinclude:MoniTool_IntVal.hxx /dn43/OCCT/tmp/results_28.02.2011/occt/release-sources-20110228/inc/MoniTool_IntVal.hxx
+M MoniTool:privinclude:MoniTool_IntVal.jxx /dn43/OCCT/tmp/results_28.02.2011/occt/release-sources-20110228/drv/MoniTool/MoniTool_IntVal.jxx
+M MoniTool:privinclude:MoniTool_IntVal.ixx /dn43/OCCT/tmp/results_28.02.2011/occt/release-sources-20110228/drv/MoniTool/MoniTool_IntVal.ixx
+M MoniTool:pubinclude:Handle_MoniTool_RealVal.hxx /dn43/OCCT/tmp/results_28.02.2011/occt/release-sources-20110228/inc/Handle_MoniTool_RealVal.hxx
+M MoniTool:pubinclude:MoniTool_RealVal.hxx /dn43/OCCT/tmp/results_28.02.2011/occt/release-sources-20110228/inc/MoniTool_RealVal.hxx
+M MoniTool:privinclude:MoniTool_RealVal.jxx /dn43/OCCT/tmp/results_28.02.2011/occt/release-sources-20110228/drv/MoniTool/MoniTool_RealVal.jxx
+M MoniTool:privinclude:MoniTool_RealVal.ixx /dn43/OCCT/tmp/results_28.02.2011/occt/release-sources-20110228/drv/MoniTool/MoniTool_RealVal.ixx
+M MoniTool:pubinclude:MoniTool_AttrList.hxx /dn43/OCCT/tmp/results_28.02.2011/occt/release-sources-20110228/inc/MoniTool_AttrList.hxx
+M MoniTool:privinclude:MoniTool_AttrList.jxx /dn43/OCCT/tmp/results_28.02.2011/occt/release-sources-20110228/drv/MoniTool/MoniTool_AttrList.jxx
+M MoniTool:privinclude:MoniTool_AttrList.ixx /dn43/OCCT/tmp/results_28.02.2011/occt/release-sources-20110228/drv/MoniTool/MoniTool_AttrList.ixx
+M MoniTool:pubinclude:Handle_MoniTool_TypedValue.hxx /dn43/OCCT/tmp/results_28.02.2011/occt/release-sources-20110228/inc/Handle_MoniTool_TypedValue.hxx
+M MoniTool:pubinclude:MoniTool_TypedValue.hxx /dn43/OCCT/tmp/results_28.02.2011/occt/release-sources-20110228/inc/MoniTool_TypedValue.hxx
+M MoniTool:privinclude:MoniTool_TypedValue.jxx /dn43/OCCT/tmp/results_28.02.2011/occt/release-sources-20110228/drv/MoniTool/MoniTool_TypedValue.jxx
+M MoniTool:privinclude:MoniTool_TypedValue.ixx /dn43/OCCT/tmp/results_28.02.2011/occt/release-sources-20110228/drv/MoniTool/MoniTool_TypedValue.ixx
+M MoniTool:pubinclude:Handle_MoniTool_CaseData.hxx /dn43/OCCT/tmp/results_28.02.2011/occt/release-sources-20110228/inc/Handle_MoniTool_CaseData.hxx
+M MoniTool:pubinclude:MoniTool_CaseData.hxx /dn43/OCCT/tmp/results_28.02.2011/occt/release-sources-20110228/inc/MoniTool_CaseData.hxx
+M MoniTool:privinclude:MoniTool_CaseData.jxx /dn43/OCCT/tmp/results_28.02.2011/occt/release-sources-20110228/drv/MoniTool/MoniTool_CaseData.jxx
+M MoniTool:privinclude:MoniTool_CaseData.ixx /dn43/OCCT/tmp/results_28.02.2011/occt/release-sources-20110228/drv/MoniTool/MoniTool_CaseData.ixx
+M MoniTool:pubinclude:Handle_MoniTool_SignText.hxx /dn43/OCCT/tmp/results_28.02.2011/occt/release-sources-20110228/inc/Handle_MoniTool_SignText.hxx
+M MoniTool:pubinclude:MoniTool_SignText.hxx /dn43/OCCT/tmp/results_28.02.2011/occt/release-sources-20110228/inc/MoniTool_SignText.hxx
+M MoniTool:privinclude:MoniTool_SignText.jxx /dn43/OCCT/tmp/results_28.02.2011/occt/release-sources-20110228/drv/MoniTool/MoniTool_SignText.jxx
+M MoniTool:privinclude:MoniTool_SignText.ixx /dn43/OCCT/tmp/results_28.02.2011/occt/release-sources-20110228/drv/MoniTool/MoniTool_SignText.ixx
+M MoniTool:pubinclude:Handle_MoniTool_SignShape.hxx /dn43/OCCT/tmp/results_28.02.2011/occt/release-sources-20110228/inc/Handle_MoniTool_SignShape.hxx
+M MoniTool:pubinclude:MoniTool_SignShape.hxx /dn43/OCCT/tmp/results_28.02.2011/occt/release-sources-20110228/inc/MoniTool_SignShape.hxx
+M MoniTool:privinclude:MoniTool_SignShape.jxx /dn43/OCCT/tmp/results_28.02.2011/occt/release-sources-20110228/drv/MoniTool/MoniTool_SignShape.jxx
+M MoniTool:privinclude:MoniTool_SignShape.ixx /dn43/OCCT/tmp/results_28.02.2011/occt/release-sources-20110228/drv/MoniTool/MoniTool_SignShape.ixx
+M MoniTool:pubinclude:MoniTool_Stat.hxx /dn43/OCCT/tmp/results_28.02.2011/occt/release-sources-20110228/inc/MoniTool_Stat.hxx
+M MoniTool:privinclude:MoniTool_Stat.jxx /dn43/OCCT/tmp/results_28.02.2011/occt/release-sources-20110228/drv/MoniTool/MoniTool_Stat.jxx
+M MoniTool:privinclude:MoniTool_Stat.ixx /dn43/OCCT/tmp/results_28.02.2011/occt/release-sources-20110228/drv/MoniTool/MoniTool_Stat.ixx
+M MoniTool:pubinclude:Handle_MoniTool_Option.hxx /dn43/OCCT/tmp/results_28.02.2011/occt/release-sources-20110228/inc/Handle_MoniTool_Option.hxx
+M MoniTool:pubinclude:MoniTool_Option.hxx /dn43/OCCT/tmp/results_28.02.2011/occt/release-sources-20110228/inc/MoniTool_Option.hxx
+M MoniTool:privinclude:MoniTool_Option.jxx /dn43/OCCT/tmp/results_28.02.2011/occt/release-sources-20110228/drv/MoniTool/MoniTool_Option.jxx
+M MoniTool:privinclude:MoniTool_Option.ixx /dn43/OCCT/tmp/results_28.02.2011/occt/release-sources-20110228/drv/MoniTool/MoniTool_Option.ixx
+M MoniTool:pubinclude:Handle_MoniTool_Profile.hxx /dn43/OCCT/tmp/results_28.02.2011/occt/release-sources-20110228/inc/Handle_MoniTool_Profile.hxx
+M MoniTool:pubinclude:MoniTool_Profile.hxx /dn43/OCCT/tmp/results_28.02.2011/occt/release-sources-20110228/inc/MoniTool_Profile.hxx
+M MoniTool:privinclude:MoniTool_Profile.jxx /dn43/OCCT/tmp/results_28.02.2011/occt/release-sources-20110228/drv/MoniTool/MoniTool_Profile.jxx
+M MoniTool:privinclude:MoniTool_Profile.ixx /dn43/OCCT/tmp/results_28.02.2011/occt/release-sources-20110228/drv/MoniTool/MoniTool_Profile.ixx
+M MoniTool:pubinclude:MoniTool_OptValue.hxx /dn43/OCCT/tmp/results_28.02.2011/occt/release-sources-20110228/inc/MoniTool_OptValue.hxx
+M MoniTool:privinclude:MoniTool_OptValue.jxx /dn43/OCCT/tmp/results_28.02.2011/occt/release-sources-20110228/drv/MoniTool/MoniTool_OptValue.jxx
+M MoniTool:privinclude:MoniTool_OptValue.ixx /dn43/OCCT/tmp/results_28.02.2011/occt/release-sources-20110228/drv/MoniTool/MoniTool_OptValue.ixx
+M MoniTool:pubinclude:MoniTool_DataMapOfShapeTransient.hxx /dn43/OCCT/tmp/results_28.02.2011/occt/release-sources-20110228/inc/MoniTool_DataMapOfShapeTransient.hxx
+M MoniTool:derivated:MoniTool_DataMapOfShapeTransient_0.cxx /dn43/OCCT/tmp/results_28.02.2011/occt/release-sources-20110228/drv/MoniTool/MoniTool_DataMapOfShapeTransient_0.cxx
+M MoniTool:pubinclude:MoniTool_IndexedDataMapOfShapeTransient.hxx /dn43/OCCT/tmp/results_28.02.2011/occt/release-sources-20110228/inc/MoniTool_IndexedDataMapOfShapeTransient.hxx
+M MoniTool:derivated:MoniTool_IndexedDataMapOfShapeTransient_0.cxx /dn43/OCCT/tmp/results_28.02.2011/occt/release-sources-20110228/drv/MoniTool/MoniTool_IndexedDataMapOfShapeTransient_0.cxx
+M MoniTool:pubinclude:MoniTool_SequenceOfElement.hxx /dn43/OCCT/tmp/results_28.02.2011/occt/release-sources-20110228/inc/MoniTool_SequenceOfElement.hxx
+M MoniTool:derivated:MoniTool_SequenceOfElement_0.cxx /dn43/OCCT/tmp/results_28.02.2011/occt/release-sources-20110228/drv/MoniTool/MoniTool_SequenceOfElement_0.cxx
+M MoniTool:pubinclude:Handle_MoniTool_HSequenceOfElement.hxx /dn43/OCCT/tmp/results_28.02.2011/occt/release-sources-20110228/inc/Handle_MoniTool_HSequenceOfElement.hxx
+M MoniTool:pubinclude:MoniTool_HSequenceOfElement.hxx /dn43/OCCT/tmp/results_28.02.2011/occt/release-sources-20110228/inc/MoniTool_HSequenceOfElement.hxx
+M MoniTool:derivated:MoniTool_HSequenceOfElement_0.cxx /dn43/OCCT/tmp/results_28.02.2011/occt/release-sources-20110228/drv/MoniTool/MoniTool_HSequenceOfElement_0.cxx
+M MoniTool:pubinclude:Handle_MoniTool_Timer.hxx /dn43/OCCT/tmp/results_28.02.2011/occt/release-sources-20110228/inc/Handle_MoniTool_Timer.hxx
+M MoniTool:pubinclude:MoniTool_Timer.hxx /dn43/OCCT/tmp/results_28.02.2011/occt/release-sources-20110228/inc/MoniTool_Timer.hxx
+M MoniTool:privinclude:MoniTool_Timer.jxx /dn43/OCCT/tmp/results_28.02.2011/occt/release-sources-20110228/drv/MoniTool/MoniTool_Timer.jxx
+M MoniTool:privinclude:MoniTool_Timer.ixx /dn43/OCCT/tmp/results_28.02.2011/occt/release-sources-20110228/drv/MoniTool/MoniTool_Timer.ixx
+M MoniTool:pubinclude:MoniTool_TimerSentry.hxx /dn43/OCCT/tmp/results_28.02.2011/occt/release-sources-20110228/inc/MoniTool_TimerSentry.hxx
+M MoniTool:privinclude:MoniTool_TimerSentry.jxx /dn43/OCCT/tmp/results_28.02.2011/occt/release-sources-20110228/drv/MoniTool/MoniTool_TimerSentry.jxx
+M MoniTool:privinclude:MoniTool_TimerSentry.ixx /dn43/OCCT/tmp/results_28.02.2011/occt/release-sources-20110228/drv/MoniTool/MoniTool_TimerSentry.ixx
+M MoniTool:pubinclude:MoniTool_MTHasher.hxx /dn43/OCCT/tmp/results_28.02.2011/occt/release-sources-20110228/inc/MoniTool_MTHasher.hxx
+M MoniTool:privinclude:MoniTool_MTHasher.jxx /dn43/OCCT/tmp/results_28.02.2011/occt/release-sources-20110228/drv/MoniTool/MoniTool_MTHasher.jxx
+M MoniTool:privinclude:MoniTool_MTHasher.ixx /dn43/OCCT/tmp/results_28.02.2011/occt/release-sources-20110228/drv/MoniTool/MoniTool_MTHasher.ixx
+M MoniTool:pubinclude:MoniTool_DataMapOfTimer.hxx /dn43/OCCT/tmp/results_28.02.2011/occt/release-sources-20110228/inc/MoniTool_DataMapOfTimer.hxx
+M MoniTool:derivated:MoniTool_DataMapOfTimer_0.cxx /dn43/OCCT/tmp/results_28.02.2011/occt/release-sources-20110228/drv/MoniTool/MoniTool_DataMapOfTimer_0.cxx
+M MoniTool:pubinclude:Handle_MoniTool_DataMapNodeOfDataMapOfShapeTransient.hxx /dn43/OCCT/tmp/results_28.02.2011/occt/release-sources-20110228/inc/Handle_MoniTool_DataMapNodeOfDataMapOfShapeTransient.hxx
+M MoniTool:pubinclude:MoniTool_DataMapNodeOfDataMapOfShapeTransient.hxx /dn43/OCCT/tmp/results_28.02.2011/occt/release-sources-20110228/inc/MoniTool_DataMapNodeOfDataMapOfShapeTransient.hxx
+M MoniTool:derivated:MoniTool_DataMapNodeOfDataMapOfShapeTransient_0.cxx /dn43/OCCT/tmp/results_28.02.2011/occt/release-sources-20110228/drv/MoniTool/MoniTool_DataMapNodeOfDataMapOfShapeTransient_0.cxx
+M MoniTool:pubinclude:MoniTool_DataMapIteratorOfDataMapOfShapeTransient.hxx /dn43/OCCT/tmp/results_28.02.2011/occt/release-sources-20110228/inc/MoniTool_DataMapIteratorOfDataMapOfShapeTransient.hxx
+M MoniTool:derivated:MoniTool_DataMapIteratorOfDataMapOfShapeTransient_0.cxx /dn43/OCCT/tmp/results_28.02.2011/occt/release-sources-20110228/drv/MoniTool/MoniTool_DataMapIteratorOfDataMapOfShapeTransient_0.cxx
+M MoniTool:pubinclude:Handle_MoniTool_IndexedDataMapNodeOfIndexedDataMapOfShapeTransient.hxx /dn43/OCCT/tmp/results_28.02.2011/occt/release-sources-20110228/inc/Handle_MoniTool_IndexedDataMapNodeOfIndexedDataMapOfShapeTransient.hxx
+M MoniTool:pubinclude:MoniTool_IndexedDataMapNodeOfIndexedDataMapOfShapeTransient.hxx /dn43/OCCT/tmp/results_28.02.2011/occt/release-sources-20110228/inc/MoniTool_IndexedDataMapNodeOfIndexedDataMapOfShapeTransient.hxx
+M MoniTool:derivated:MoniTool_IndexedDataMapNodeOfIndexedDataMapOfShapeTransient_0.cxx /dn43/OCCT/tmp/results_28.02.2011/occt/release-sources-20110228/drv/MoniTool/MoniTool_IndexedDataMapNodeOfIndexedDataMapOfShapeTransient_0.cxx
+M MoniTool:pubinclude:Handle_MoniTool_SequenceNodeOfSequenceOfElement.hxx /dn43/OCCT/tmp/results_28.02.2011/occt/release-sources-20110228/inc/Handle_MoniTool_SequenceNodeOfSequenceOfElement.hxx
+M MoniTool:pubinclude:MoniTool_SequenceNodeOfSequenceOfElement.hxx /dn43/OCCT/tmp/results_28.02.2011/occt/release-sources-20110228/inc/MoniTool_SequenceNodeOfSequenceOfElement.hxx
+M MoniTool:derivated:MoniTool_SequenceNodeOfSequenceOfElement_0.cxx /dn43/OCCT/tmp/results_28.02.2011/occt/release-sources-20110228/drv/MoniTool/MoniTool_SequenceNodeOfSequenceOfElement_0.cxx
+M MoniTool:pubinclude:Handle_MoniTool_DataMapNodeOfDataMapOfTimer.hxx /dn43/OCCT/tmp/results_28.02.2011/occt/release-sources-20110228/inc/Handle_MoniTool_DataMapNodeOfDataMapOfTimer.hxx
+M MoniTool:pubinclude:MoniTool_DataMapNodeOfDataMapOfTimer.hxx /dn43/OCCT/tmp/results_28.02.2011/occt/release-sources-20110228/inc/MoniTool_DataMapNodeOfDataMapOfTimer.hxx
+M MoniTool:derivated:MoniTool_DataMapNodeOfDataMapOfTimer_0.cxx /dn43/OCCT/tmp/results_28.02.2011/occt/release-sources-20110228/drv/MoniTool/MoniTool_DataMapNodeOfDataMapOfTimer_0.cxx
+M MoniTool:pubinclude:MoniTool_DataMapIteratorOfDataMapOfTimer.hxx /dn43/OCCT/tmp/results_28.02.2011/occt/release-sources-20110228/inc/MoniTool_DataMapIteratorOfDataMapOfTimer.hxx
+M MoniTool:derivated:MoniTool_DataMapIteratorOfDataMapOfTimer_0.cxx /dn43/OCCT/tmp/results_28.02.2011/occt/release-sources-20110228/drv/MoniTool/MoniTool_DataMapIteratorOfDataMapOfTimer_0.cxx
+M MoniTool:pubinclude:MoniTool_ValueType.hxx /dn43/OCCT/tmp/results_28.02.2011/occt/release-sources-20110228/inc/MoniTool_ValueType.hxx
+M MoniTool:dbadmfile:MoniTool_xcpp_header.In /dn43/OCCT/tmp/results_28.02.2011/occt/release-sources-20110228/drv/MoniTool/.adm/MoniTool_xcpp_header.In
+M MoniTool:dbadmfile:MoniTool_xcpp_header.Out /dn43/OCCT/tmp/results_28.02.2011/occt/release-sources-20110228/drv/MoniTool/.adm/MoniTool_xcpp_header.Out
+M MoniTool:dbadmfile:MoniTool_xcpp_header.Dep /dn43/OCCT/tmp/results_28.02.2011/occt/release-sources-20110228/drv/MoniTool/.adm/MoniTool_xcpp_header.Dep
