+M StepToGeom:pubinclude:StepToGeom_Root.hxx /dn43/OCCT/tmp/results_28.02.2011/occt/release-sources-20110228/inc/StepToGeom_Root.hxx
+M StepToGeom:privinclude:StepToGeom_Root.jxx /dn43/OCCT/tmp/results_28.02.2011/occt/release-sources-20110228/drv/StepToGeom/StepToGeom_Root.jxx
+M StepToGeom:privinclude:StepToGeom_Root.ixx /dn43/OCCT/tmp/results_28.02.2011/occt/release-sources-20110228/drv/StepToGeom/StepToGeom_Root.ixx
+M StepToGeom:pubinclude:StepToGeom_MakeCartesianPoint.hxx /dn43/OCCT/tmp/results_28.02.2011/occt/release-sources-20110228/inc/StepToGeom_MakeCartesianPoint.hxx
+M StepToGeom:privinclude:StepToGeom_MakeCartesianPoint.jxx /dn43/OCCT/tmp/results_28.02.2011/occt/release-sources-20110228/drv/StepToGeom/StepToGeom_MakeCartesianPoint.jxx
+M StepToGeom:privinclude:StepToGeom_MakeCartesianPoint.ixx /dn43/OCCT/tmp/results_28.02.2011/occt/release-sources-20110228/drv/StepToGeom/StepToGeom_MakeCartesianPoint.ixx
+M StepToGeom:pubinclude:StepToGeom_MakeCartesianPoint2d.hxx /dn43/OCCT/tmp/results_28.02.2011/occt/release-sources-20110228/inc/StepToGeom_MakeCartesianPoint2d.hxx
+M StepToGeom:privinclude:StepToGeom_MakeCartesianPoint2d.jxx /dn43/OCCT/tmp/results_28.02.2011/occt/release-sources-20110228/drv/StepToGeom/StepToGeom_MakeCartesianPoint2d.jxx
+M StepToGeom:privinclude:StepToGeom_MakeCartesianPoint2d.ixx /dn43/OCCT/tmp/results_28.02.2011/occt/release-sources-20110228/drv/StepToGeom/StepToGeom_MakeCartesianPoint2d.ixx
+M StepToGeom:pubinclude:StepToGeom_MakeAxisPlacement.hxx /dn43/OCCT/tmp/results_28.02.2011/occt/release-sources-20110228/inc/StepToGeom_MakeAxisPlacement.hxx
+M StepToGeom:privinclude:StepToGeom_MakeAxisPlacement.jxx /dn43/OCCT/tmp/results_28.02.2011/occt/release-sources-20110228/drv/StepToGeom/StepToGeom_MakeAxisPlacement.jxx
+M StepToGeom:privinclude:StepToGeom_MakeAxisPlacement.ixx /dn43/OCCT/tmp/results_28.02.2011/occt/release-sources-20110228/drv/StepToGeom/StepToGeom_MakeAxisPlacement.ixx
+M StepToGeom:pubinclude:StepToGeom_MakeAxis1Placement.hxx /dn43/OCCT/tmp/results_28.02.2011/occt/release-sources-20110228/inc/StepToGeom_MakeAxis1Placement.hxx
+M StepToGeom:privinclude:StepToGeom_MakeAxis1Placement.jxx /dn43/OCCT/tmp/results_28.02.2011/occt/release-sources-20110228/drv/StepToGeom/StepToGeom_MakeAxis1Placement.jxx
+M StepToGeom:privinclude:StepToGeom_MakeAxis1Placement.ixx /dn43/OCCT/tmp/results_28.02.2011/occt/release-sources-20110228/drv/StepToGeom/StepToGeom_MakeAxis1Placement.ixx
+M StepToGeom:pubinclude:StepToGeom_MakeAxis2Placement.hxx /dn43/OCCT/tmp/results_28.02.2011/occt/release-sources-20110228/inc/StepToGeom_MakeAxis2Placement.hxx
+M StepToGeom:privinclude:StepToGeom_MakeAxis2Placement.jxx /dn43/OCCT/tmp/results_28.02.2011/occt/release-sources-20110228/drv/StepToGeom/StepToGeom_MakeAxis2Placement.jxx
+M StepToGeom:privinclude:StepToGeom_MakeAxis2Placement.ixx /dn43/OCCT/tmp/results_28.02.2011/occt/release-sources-20110228/drv/StepToGeom/StepToGeom_MakeAxis2Placement.ixx
+M StepToGeom:pubinclude:StepToGeom_MakeDirection.hxx /dn43/OCCT/tmp/results_28.02.2011/occt/release-sources-20110228/inc/StepToGeom_MakeDirection.hxx
+M StepToGeom:privinclude:StepToGeom_MakeDirection.jxx /dn43/OCCT/tmp/results_28.02.2011/occt/release-sources-20110228/drv/StepToGeom/StepToGeom_MakeDirection.jxx
+M StepToGeom:privinclude:StepToGeom_MakeDirection.ixx /dn43/OCCT/tmp/results_28.02.2011/occt/release-sources-20110228/drv/StepToGeom/StepToGeom_MakeDirection.ixx
+M StepToGeom:pubinclude:StepToGeom_MakeDirection2d.hxx /dn43/OCCT/tmp/results_28.02.2011/occt/release-sources-20110228/inc/StepToGeom_MakeDirection2d.hxx
+M StepToGeom:privinclude:StepToGeom_MakeDirection2d.jxx /dn43/OCCT/tmp/results_28.02.2011/occt/release-sources-20110228/drv/StepToGeom/StepToGeom_MakeDirection2d.jxx
+M StepToGeom:privinclude:StepToGeom_MakeDirection2d.ixx /dn43/OCCT/tmp/results_28.02.2011/occt/release-sources-20110228/drv/StepToGeom/StepToGeom_MakeDirection2d.ixx
+M StepToGeom:pubinclude:StepToGeom_MakeVectorWithMagnitude.hxx /dn43/OCCT/tmp/results_28.02.2011/occt/release-sources-20110228/inc/StepToGeom_MakeVectorWithMagnitude.hxx
+M StepToGeom:privinclude:StepToGeom_MakeVectorWithMagnitude.jxx /dn43/OCCT/tmp/results_28.02.2011/occt/release-sources-20110228/drv/StepToGeom/StepToGeom_MakeVectorWithMagnitude.jxx
+M StepToGeom:privinclude:StepToGeom_MakeVectorWithMagnitude.ixx /dn43/OCCT/tmp/results_28.02.2011/occt/release-sources-20110228/drv/StepToGeom/StepToGeom_MakeVectorWithMagnitude.ixx
+M StepToGeom:pubinclude:StepToGeom_MakeVectorWithMagnitude2d.hxx /dn43/OCCT/tmp/results_28.02.2011/occt/release-sources-20110228/inc/StepToGeom_MakeVectorWithMagnitude2d.hxx
+M StepToGeom:privinclude:StepToGeom_MakeVectorWithMagnitude2d.jxx /dn43/OCCT/tmp/results_28.02.2011/occt/release-sources-20110228/drv/StepToGeom/StepToGeom_MakeVectorWithMagnitude2d.jxx
+M StepToGeom:privinclude:StepToGeom_MakeVectorWithMagnitude2d.ixx /dn43/OCCT/tmp/results_28.02.2011/occt/release-sources-20110228/drv/StepToGeom/StepToGeom_MakeVectorWithMagnitude2d.ixx
+M StepToGeom:pubinclude:StepToGeom_MakeCurve.hxx /dn43/OCCT/tmp/results_28.02.2011/occt/release-sources-20110228/inc/StepToGeom_MakeCurve.hxx
+M StepToGeom:privinclude:StepToGeom_MakeCurve.jxx /dn43/OCCT/tmp/results_28.02.2011/occt/release-sources-20110228/drv/StepToGeom/StepToGeom_MakeCurve.jxx
+M StepToGeom:privinclude:StepToGeom_MakeCurve.ixx /dn43/OCCT/tmp/results_28.02.2011/occt/release-sources-20110228/drv/StepToGeom/StepToGeom_MakeCurve.ixx
+M StepToGeom:pubinclude:StepToGeom_MakeTrimmedCurve.hxx /dn43/OCCT/tmp/results_28.02.2011/occt/release-sources-20110228/inc/StepToGeom_MakeTrimmedCurve.hxx
+M StepToGeom:privinclude:StepToGeom_MakeTrimmedCurve.jxx /dn43/OCCT/tmp/results_28.02.2011/occt/release-sources-20110228/drv/StepToGeom/StepToGeom_MakeTrimmedCurve.jxx
+M StepToGeom:privinclude:StepToGeom_MakeTrimmedCurve.ixx /dn43/OCCT/tmp/results_28.02.2011/occt/release-sources-20110228/drv/StepToGeom/StepToGeom_MakeTrimmedCurve.ixx
+M StepToGeom:pubinclude:StepToGeom_MakeTrimmedCurve2d.hxx /dn43/OCCT/tmp/results_28.02.2011/occt/release-sources-20110228/inc/StepToGeom_MakeTrimmedCurve2d.hxx
+M StepToGeom:privinclude:StepToGeom_MakeTrimmedCurve2d.jxx /dn43/OCCT/tmp/results_28.02.2011/occt/release-sources-20110228/drv/StepToGeom/StepToGeom_MakeTrimmedCurve2d.jxx
+M StepToGeom:privinclude:StepToGeom_MakeTrimmedCurve2d.ixx /dn43/OCCT/tmp/results_28.02.2011/occt/release-sources-20110228/drv/StepToGeom/StepToGeom_MakeTrimmedCurve2d.ixx
+M StepToGeom:pubinclude:StepToGeom_MakeCurve2d.hxx /dn43/OCCT/tmp/results_28.02.2011/occt/release-sources-20110228/inc/StepToGeom_MakeCurve2d.hxx
+M StepToGeom:privinclude:StepToGeom_MakeCurve2d.jxx /dn43/OCCT/tmp/results_28.02.2011/occt/release-sources-20110228/drv/StepToGeom/StepToGeom_MakeCurve2d.jxx
+M StepToGeom:privinclude:StepToGeom_MakeCurve2d.ixx /dn43/OCCT/tmp/results_28.02.2011/occt/release-sources-20110228/drv/StepToGeom/StepToGeom_MakeCurve2d.ixx
+M StepToGeom:pubinclude:StepToGeom_MakeConic.hxx /dn43/OCCT/tmp/results_28.02.2011/occt/release-sources-20110228/inc/StepToGeom_MakeConic.hxx
+M StepToGeom:privinclude:StepToGeom_MakeConic.jxx /dn43/OCCT/tmp/results_28.02.2011/occt/release-sources-20110228/drv/StepToGeom/StepToGeom_MakeConic.jxx
+M StepToGeom:privinclude:StepToGeom_MakeConic.ixx /dn43/OCCT/tmp/results_28.02.2011/occt/release-sources-20110228/drv/StepToGeom/StepToGeom_MakeConic.ixx
+M StepToGeom:pubinclude:StepToGeom_MakeConic2d.hxx /dn43/OCCT/tmp/results_28.02.2011/occt/release-sources-20110228/inc/StepToGeom_MakeConic2d.hxx
+M StepToGeom:privinclude:StepToGeom_MakeConic2d.jxx /dn43/OCCT/tmp/results_28.02.2011/occt/release-sources-20110228/drv/StepToGeom/StepToGeom_MakeConic2d.jxx
+M StepToGeom:privinclude:StepToGeom_MakeConic2d.ixx /dn43/OCCT/tmp/results_28.02.2011/occt/release-sources-20110228/drv/StepToGeom/StepToGeom_MakeConic2d.ixx
+M StepToGeom:pubinclude:StepToGeom_MakeBoundedCurve.hxx /dn43/OCCT/tmp/results_28.02.2011/occt/release-sources-20110228/inc/StepToGeom_MakeBoundedCurve.hxx
+M StepToGeom:privinclude:StepToGeom_MakeBoundedCurve.jxx /dn43/OCCT/tmp/results_28.02.2011/occt/release-sources-20110228/drv/StepToGeom/StepToGeom_MakeBoundedCurve.jxx
+M StepToGeom:privinclude:StepToGeom_MakeBoundedCurve.ixx /dn43/OCCT/tmp/results_28.02.2011/occt/release-sources-20110228/drv/StepToGeom/StepToGeom_MakeBoundedCurve.ixx
+M StepToGeom:pubinclude:StepToGeom_MakeBoundedCurve2d.hxx /dn43/OCCT/tmp/results_28.02.2011/occt/release-sources-20110228/inc/StepToGeom_MakeBoundedCurve2d.hxx
+M StepToGeom:privinclude:StepToGeom_MakeBoundedCurve2d.jxx /dn43/OCCT/tmp/results_28.02.2011/occt/release-sources-20110228/drv/StepToGeom/StepToGeom_MakeBoundedCurve2d.jxx
+M StepToGeom:privinclude:StepToGeom_MakeBoundedCurve2d.ixx /dn43/OCCT/tmp/results_28.02.2011/occt/release-sources-20110228/drv/StepToGeom/StepToGeom_MakeBoundedCurve2d.ixx
+M StepToGeom:pubinclude:StepToGeom_MakeEllipse.hxx /dn43/OCCT/tmp/results_28.02.2011/occt/release-sources-20110228/inc/StepToGeom_MakeEllipse.hxx
+M StepToGeom:privinclude:StepToGeom_MakeEllipse.jxx /dn43/OCCT/tmp/results_28.02.2011/occt/release-sources-20110228/drv/StepToGeom/StepToGeom_MakeEllipse.jxx
+M StepToGeom:privinclude:StepToGeom_MakeEllipse.ixx /dn43/OCCT/tmp/results_28.02.2011/occt/release-sources-20110228/drv/StepToGeom/StepToGeom_MakeEllipse.ixx
+M StepToGeom:pubinclude:StepToGeom_MakeEllipse2d.hxx /dn43/OCCT/tmp/results_28.02.2011/occt/release-sources-20110228/inc/StepToGeom_MakeEllipse2d.hxx
+M StepToGeom:privinclude:StepToGeom_MakeEllipse2d.jxx /dn43/OCCT/tmp/results_28.02.2011/occt/release-sources-20110228/drv/StepToGeom/StepToGeom_MakeEllipse2d.jxx
+M StepToGeom:privinclude:StepToGeom_MakeEllipse2d.ixx /dn43/OCCT/tmp/results_28.02.2011/occt/release-sources-20110228/drv/StepToGeom/StepToGeom_MakeEllipse2d.ixx
+M StepToGeom:pubinclude:StepToGeom_MakeHyperbola.hxx /dn43/OCCT/tmp/results_28.02.2011/occt/release-sources-20110228/inc/StepToGeom_MakeHyperbola.hxx
+M StepToGeom:privinclude:StepToGeom_MakeHyperbola.jxx /dn43/OCCT/tmp/results_28.02.2011/occt/release-sources-20110228/drv/StepToGeom/StepToGeom_MakeHyperbola.jxx
+M StepToGeom:privinclude:StepToGeom_MakeHyperbola.ixx /dn43/OCCT/tmp/results_28.02.2011/occt/release-sources-20110228/drv/StepToGeom/StepToGeom_MakeHyperbola.ixx
+M StepToGeom:pubinclude:StepToGeom_MakeHyperbola2d.hxx /dn43/OCCT/tmp/results_28.02.2011/occt/release-sources-20110228/inc/StepToGeom_MakeHyperbola2d.hxx
+M StepToGeom:privinclude:StepToGeom_MakeHyperbola2d.jxx /dn43/OCCT/tmp/results_28.02.2011/occt/release-sources-20110228/drv/StepToGeom/StepToGeom_MakeHyperbola2d.jxx
+M StepToGeom:privinclude:StepToGeom_MakeHyperbola2d.ixx /dn43/OCCT/tmp/results_28.02.2011/occt/release-sources-20110228/drv/StepToGeom/StepToGeom_MakeHyperbola2d.ixx
+M StepToGeom:pubinclude:StepToGeom_MakeParabola.hxx /dn43/OCCT/tmp/results_28.02.2011/occt/release-sources-20110228/inc/StepToGeom_MakeParabola.hxx
+M StepToGeom:privinclude:StepToGeom_MakeParabola.jxx /dn43/OCCT/tmp/results_28.02.2011/occt/release-sources-20110228/drv/StepToGeom/StepToGeom_MakeParabola.jxx
+M StepToGeom:privinclude:StepToGeom_MakeParabola.ixx /dn43/OCCT/tmp/results_28.02.2011/occt/release-sources-20110228/drv/StepToGeom/StepToGeom_MakeParabola.ixx
+M StepToGeom:pubinclude:StepToGeom_MakeParabola2d.hxx /dn43/OCCT/tmp/results_28.02.2011/occt/release-sources-20110228/inc/StepToGeom_MakeParabola2d.hxx
+M StepToGeom:privinclude:StepToGeom_MakeParabola2d.jxx /dn43/OCCT/tmp/results_28.02.2011/occt/release-sources-20110228/drv/StepToGeom/StepToGeom_MakeParabola2d.jxx
+M StepToGeom:privinclude:StepToGeom_MakeParabola2d.ixx /dn43/OCCT/tmp/results_28.02.2011/occt/release-sources-20110228/drv/StepToGeom/StepToGeom_MakeParabola2d.ixx
+M StepToGeom:pubinclude:StepToGeom_MakeCircle.hxx /dn43/OCCT/tmp/results_28.02.2011/occt/release-sources-20110228/inc/StepToGeom_MakeCircle.hxx
+M StepToGeom:privinclude:StepToGeom_MakeCircle.jxx /dn43/OCCT/tmp/results_28.02.2011/occt/release-sources-20110228/drv/StepToGeom/StepToGeom_MakeCircle.jxx
+M StepToGeom:privinclude:StepToGeom_MakeCircle.ixx /dn43/OCCT/tmp/results_28.02.2011/occt/release-sources-20110228/drv/StepToGeom/StepToGeom_MakeCircle.ixx
+M StepToGeom:pubinclude:StepToGeom_MakeCircle2d.hxx /dn43/OCCT/tmp/results_28.02.2011/occt/release-sources-20110228/inc/StepToGeom_MakeCircle2d.hxx
+M StepToGeom:privinclude:StepToGeom_MakeCircle2d.jxx /dn43/OCCT/tmp/results_28.02.2011/occt/release-sources-20110228/drv/StepToGeom/StepToGeom_MakeCircle2d.jxx
+M StepToGeom:privinclude:StepToGeom_MakeCircle2d.ixx /dn43/OCCT/tmp/results_28.02.2011/occt/release-sources-20110228/drv/StepToGeom/StepToGeom_MakeCircle2d.ixx
+M StepToGeom:pubinclude:StepToGeom_MakeBSplineCurve.hxx /dn43/OCCT/tmp/results_28.02.2011/occt/release-sources-20110228/inc/StepToGeom_MakeBSplineCurve.hxx
+M StepToGeom:privinclude:StepToGeom_MakeBSplineCurve.jxx /dn43/OCCT/tmp/results_28.02.2011/occt/release-sources-20110228/drv/StepToGeom/StepToGeom_MakeBSplineCurve.jxx
+M StepToGeom:privinclude:StepToGeom_MakeBSplineCurve.ixx /dn43/OCCT/tmp/results_28.02.2011/occt/release-sources-20110228/drv/StepToGeom/StepToGeom_MakeBSplineCurve.ixx
+M StepToGeom:pubinclude:StepToGeom_MakeBSplineCurve2d.hxx /dn43/OCCT/tmp/results_28.02.2011/occt/release-sources-20110228/inc/StepToGeom_MakeBSplineCurve2d.hxx
+M StepToGeom:privinclude:StepToGeom_MakeBSplineCurve2d.jxx /dn43/OCCT/tmp/results_28.02.2011/occt/release-sources-20110228/drv/StepToGeom/StepToGeom_MakeBSplineCurve2d.jxx
+M StepToGeom:privinclude:StepToGeom_MakeBSplineCurve2d.ixx /dn43/OCCT/tmp/results_28.02.2011/occt/release-sources-20110228/drv/StepToGeom/StepToGeom_MakeBSplineCurve2d.ixx
+M StepToGeom:pubinclude:StepToGeom_MakeLine.hxx /dn43/OCCT/tmp/results_28.02.2011/occt/release-sources-20110228/inc/StepToGeom_MakeLine.hxx
+M StepToGeom:privinclude:StepToGeom_MakeLine.jxx /dn43/OCCT/tmp/results_28.02.2011/occt/release-sources-20110228/drv/StepToGeom/StepToGeom_MakeLine.jxx
+M StepToGeom:privinclude:StepToGeom_MakeLine.ixx /dn43/OCCT/tmp/results_28.02.2011/occt/release-sources-20110228/drv/StepToGeom/StepToGeom_MakeLine.ixx
+M StepToGeom:pubinclude:StepToGeom_MakeLine2d.hxx /dn43/OCCT/tmp/results_28.02.2011/occt/release-sources-20110228/inc/StepToGeom_MakeLine2d.hxx
+M StepToGeom:privinclude:StepToGeom_MakeLine2d.jxx /dn43/OCCT/tmp/results_28.02.2011/occt/release-sources-20110228/drv/StepToGeom/StepToGeom_MakeLine2d.jxx
+M StepToGeom:privinclude:StepToGeom_MakeLine2d.ixx /dn43/OCCT/tmp/results_28.02.2011/occt/release-sources-20110228/drv/StepToGeom/StepToGeom_MakeLine2d.ixx
+M StepToGeom:pubinclude:StepToGeom_MakePolyline.hxx /dn43/OCCT/tmp/results_28.02.2011/occt/release-sources-20110228/inc/StepToGeom_MakePolyline.hxx
+M StepToGeom:privinclude:StepToGeom_MakePolyline.jxx /dn43/OCCT/tmp/results_28.02.2011/occt/release-sources-20110228/drv/StepToGeom/StepToGeom_MakePolyline.jxx
+M StepToGeom:privinclude:StepToGeom_MakePolyline.ixx /dn43/OCCT/tmp/results_28.02.2011/occt/release-sources-20110228/drv/StepToGeom/StepToGeom_MakePolyline.ixx
+M StepToGeom:pubinclude:StepToGeom_MakePolyline2d.hxx /dn43/OCCT/tmp/results_28.02.2011/occt/release-sources-20110228/inc/StepToGeom_MakePolyline2d.hxx
+M StepToGeom:privinclude:StepToGeom_MakePolyline2d.jxx /dn43/OCCT/tmp/results_28.02.2011/occt/release-sources-20110228/drv/StepToGeom/StepToGeom_MakePolyline2d.jxx
+M StepToGeom:privinclude:StepToGeom_MakePolyline2d.ixx /dn43/OCCT/tmp/results_28.02.2011/occt/release-sources-20110228/drv/StepToGeom/StepToGeom_MakePolyline2d.ixx
+M StepToGeom:pubinclude:StepToGeom_MakePlane.hxx /dn43/OCCT/tmp/results_28.02.2011/occt/release-sources-20110228/inc/StepToGeom_MakePlane.hxx
+M StepToGeom:privinclude:StepToGeom_MakePlane.jxx /dn43/OCCT/tmp/results_28.02.2011/occt/release-sources-20110228/drv/StepToGeom/StepToGeom_MakePlane.jxx
+M StepToGeom:privinclude:StepToGeom_MakePlane.ixx /dn43/OCCT/tmp/results_28.02.2011/occt/release-sources-20110228/drv/StepToGeom/StepToGeom_MakePlane.ixx
+M StepToGeom:pubinclude:StepToGeom_MakeSurface.hxx /dn43/OCCT/tmp/results_28.02.2011/occt/release-sources-20110228/inc/StepToGeom_MakeSurface.hxx
+M StepToGeom:privinclude:StepToGeom_MakeSurface.jxx /dn43/OCCT/tmp/results_28.02.2011/occt/release-sources-20110228/drv/StepToGeom/StepToGeom_MakeSurface.jxx
+M StepToGeom:privinclude:StepToGeom_MakeSurface.ixx /dn43/OCCT/tmp/results_28.02.2011/occt/release-sources-20110228/drv/StepToGeom/StepToGeom_MakeSurface.ixx
+M StepToGeom:pubinclude:StepToGeom_MakeBoundedSurface.hxx /dn43/OCCT/tmp/results_28.02.2011/occt/release-sources-20110228/inc/StepToGeom_MakeBoundedSurface.hxx
+M StepToGeom:privinclude:StepToGeom_MakeBoundedSurface.jxx /dn43/OCCT/tmp/results_28.02.2011/occt/release-sources-20110228/drv/StepToGeom/StepToGeom_MakeBoundedSurface.jxx
+M StepToGeom:privinclude:StepToGeom_MakeBoundedSurface.ixx /dn43/OCCT/tmp/results_28.02.2011/occt/release-sources-20110228/drv/StepToGeom/StepToGeom_MakeBoundedSurface.ixx
+M StepToGeom:pubinclude:StepToGeom_MakeElementarySurface.hxx /dn43/OCCT/tmp/results_28.02.2011/occt/release-sources-20110228/inc/StepToGeom_MakeElementarySurface.hxx
+M StepToGeom:privinclude:StepToGeom_MakeElementarySurface.jxx /dn43/OCCT/tmp/results_28.02.2011/occt/release-sources-20110228/drv/StepToGeom/StepToGeom_MakeElementarySurface.jxx
+M StepToGeom:privinclude:StepToGeom_MakeElementarySurface.ixx /dn43/OCCT/tmp/results_28.02.2011/occt/release-sources-20110228/drv/StepToGeom/StepToGeom_MakeElementarySurface.ixx
+M StepToGeom:pubinclude:StepToGeom_MakeSweptSurface.hxx /dn43/OCCT/tmp/results_28.02.2011/occt/release-sources-20110228/inc/StepToGeom_MakeSweptSurface.hxx
+M StepToGeom:privinclude:StepToGeom_MakeSweptSurface.jxx /dn43/OCCT/tmp/results_28.02.2011/occt/release-sources-20110228/drv/StepToGeom/StepToGeom_MakeSweptSurface.jxx
+M StepToGeom:privinclude:StepToGeom_MakeSweptSurface.ixx /dn43/OCCT/tmp/results_28.02.2011/occt/release-sources-20110228/drv/StepToGeom/StepToGeom_MakeSweptSurface.ixx
+M StepToGeom:pubinclude:StepToGeom_MakeConicalSurface.hxx /dn43/OCCT/tmp/results_28.02.2011/occt/release-sources-20110228/inc/StepToGeom_MakeConicalSurface.hxx
+M StepToGeom:privinclude:StepToGeom_MakeConicalSurface.jxx /dn43/OCCT/tmp/results_28.02.2011/occt/release-sources-20110228/drv/StepToGeom/StepToGeom_MakeConicalSurface.jxx
+M StepToGeom:privinclude:StepToGeom_MakeConicalSurface.ixx /dn43/OCCT/tmp/results_28.02.2011/occt/release-sources-20110228/drv/StepToGeom/StepToGeom_MakeConicalSurface.ixx
+M StepToGeom:pubinclude:StepToGeom_MakeCylindricalSurface.hxx /dn43/OCCT/tmp/results_28.02.2011/occt/release-sources-20110228/inc/StepToGeom_MakeCylindricalSurface.hxx
+M StepToGeom:privinclude:StepToGeom_MakeCylindricalSurface.jxx /dn43/OCCT/tmp/results_28.02.2011/occt/release-sources-20110228/drv/StepToGeom/StepToGeom_MakeCylindricalSurface.jxx
+M StepToGeom:privinclude:StepToGeom_MakeCylindricalSurface.ixx /dn43/OCCT/tmp/results_28.02.2011/occt/release-sources-20110228/drv/StepToGeom/StepToGeom_MakeCylindricalSurface.ixx
+M StepToGeom:pubinclude:StepToGeom_MakeRectangularTrimmedSurface.hxx /dn43/OCCT/tmp/results_28.02.2011/occt/release-sources-20110228/inc/StepToGeom_MakeRectangularTrimmedSurface.hxx
+M StepToGeom:privinclude:StepToGeom_MakeRectangularTrimmedSurface.jxx /dn43/OCCT/tmp/results_28.02.2011/occt/release-sources-20110228/drv/StepToGeom/StepToGeom_MakeRectangularTrimmedSurface.jxx
+M StepToGeom:privinclude:StepToGeom_MakeRectangularTrimmedSurface.ixx /dn43/OCCT/tmp/results_28.02.2011/occt/release-sources-20110228/drv/StepToGeom/StepToGeom_MakeRectangularTrimmedSurface.ixx
+M StepToGeom:pubinclude:StepToGeom_MakeSphericalSurface.hxx /dn43/OCCT/tmp/results_28.02.2011/occt/release-sources-20110228/inc/StepToGeom_MakeSphericalSurface.hxx
+M StepToGeom:privinclude:StepToGeom_MakeSphericalSurface.jxx /dn43/OCCT/tmp/results_28.02.2011/occt/release-sources-20110228/drv/StepToGeom/StepToGeom_MakeSphericalSurface.jxx
+M StepToGeom:privinclude:StepToGeom_MakeSphericalSurface.ixx /dn43/OCCT/tmp/results_28.02.2011/occt/release-sources-20110228/drv/StepToGeom/StepToGeom_MakeSphericalSurface.ixx
+M StepToGeom:pubinclude:StepToGeom_MakeSurfaceOfLinearExtrusion.hxx /dn43/OCCT/tmp/results_28.02.2011/occt/release-sources-20110228/inc/StepToGeom_MakeSurfaceOfLinearExtrusion.hxx
+M StepToGeom:privinclude:StepToGeom_MakeSurfaceOfLinearExtrusion.jxx /dn43/OCCT/tmp/results_28.02.2011/occt/release-sources-20110228/drv/StepToGeom/StepToGeom_MakeSurfaceOfLinearExtrusion.jxx
+M StepToGeom:privinclude:StepToGeom_MakeSurfaceOfLinearExtrusion.ixx /dn43/OCCT/tmp/results_28.02.2011/occt/release-sources-20110228/drv/StepToGeom/StepToGeom_MakeSurfaceOfLinearExtrusion.ixx
+M StepToGeom:pubinclude:StepToGeom_MakeSurfaceOfRevolution.hxx /dn43/OCCT/tmp/results_28.02.2011/occt/release-sources-20110228/inc/StepToGeom_MakeSurfaceOfRevolution.hxx
+M StepToGeom:privinclude:StepToGeom_MakeSurfaceOfRevolution.jxx /dn43/OCCT/tmp/results_28.02.2011/occt/release-sources-20110228/drv/StepToGeom/StepToGeom_MakeSurfaceOfRevolution.jxx
+M StepToGeom:privinclude:StepToGeom_MakeSurfaceOfRevolution.ixx /dn43/OCCT/tmp/results_28.02.2011/occt/release-sources-20110228/drv/StepToGeom/StepToGeom_MakeSurfaceOfRevolution.ixx
+M StepToGeom:pubinclude:StepToGeom_MakeToroidalSurface.hxx /dn43/OCCT/tmp/results_28.02.2011/occt/release-sources-20110228/inc/StepToGeom_MakeToroidalSurface.hxx
+M StepToGeom:privinclude:StepToGeom_MakeToroidalSurface.jxx /dn43/OCCT/tmp/results_28.02.2011/occt/release-sources-20110228/drv/StepToGeom/StepToGeom_MakeToroidalSurface.jxx
+M StepToGeom:privinclude:StepToGeom_MakeToroidalSurface.ixx /dn43/OCCT/tmp/results_28.02.2011/occt/release-sources-20110228/drv/StepToGeom/StepToGeom_MakeToroidalSurface.ixx
+M StepToGeom:pubinclude:StepToGeom_MakeBSplineSurface.hxx /dn43/OCCT/tmp/results_28.02.2011/occt/release-sources-20110228/inc/StepToGeom_MakeBSplineSurface.hxx
+M StepToGeom:privinclude:StepToGeom_MakeBSplineSurface.jxx /dn43/OCCT/tmp/results_28.02.2011/occt/release-sources-20110228/drv/StepToGeom/StepToGeom_MakeBSplineSurface.jxx
+M StepToGeom:privinclude:StepToGeom_MakeBSplineSurface.ixx /dn43/OCCT/tmp/results_28.02.2011/occt/release-sources-20110228/drv/StepToGeom/StepToGeom_MakeBSplineSurface.ixx
+M StepToGeom:pubinclude:StepToGeom_MakeTransformation3d.hxx /dn43/OCCT/tmp/results_28.02.2011/occt/release-sources-20110228/inc/StepToGeom_MakeTransformation3d.hxx
+M StepToGeom:privinclude:StepToGeom_MakeTransformation3d.jxx /dn43/OCCT/tmp/results_28.02.2011/occt/release-sources-20110228/drv/StepToGeom/StepToGeom_MakeTransformation3d.jxx
+M StepToGeom:privinclude:StepToGeom_MakeTransformation3d.ixx /dn43/OCCT/tmp/results_28.02.2011/occt/release-sources-20110228/drv/StepToGeom/StepToGeom_MakeTransformation3d.ixx
+M StepToGeom:pubinclude:StepToGeom_MakeTransformation2d.hxx /dn43/OCCT/tmp/results_28.02.2011/occt/release-sources-20110228/inc/StepToGeom_MakeTransformation2d.hxx
+M StepToGeom:privinclude:StepToGeom_MakeTransformation2d.jxx /dn43/OCCT/tmp/results_28.02.2011/occt/release-sources-20110228/drv/StepToGeom/StepToGeom_MakeTransformation2d.jxx
+M StepToGeom:privinclude:StepToGeom_MakeTransformation2d.ixx /dn43/OCCT/tmp/results_28.02.2011/occt/release-sources-20110228/drv/StepToGeom/StepToGeom_MakeTransformation2d.ixx
+M StepToGeom:dbadmfile:StepToGeom_xcpp_header.In /dn43/OCCT/tmp/results_28.02.2011/occt/release-sources-20110228/drv/StepToGeom/.adm/StepToGeom_xcpp_header.In
+M StepToGeom:dbadmfile:StepToGeom_xcpp_header.Out /dn43/OCCT/tmp/results_28.02.2011/occt/release-sources-20110228/drv/StepToGeom/.adm/StepToGeom_xcpp_header.Out
+M StepToGeom:dbadmfile:StepToGeom_xcpp_header.Dep /dn43/OCCT/tmp/results_28.02.2011/occt/release-sources-20110228/drv/StepToGeom/.adm/StepToGeom_xcpp_header.Dep
