+M GeomToStep:pubinclude:GeomToStep_Root.hxx /dn43/OCCT/tmp/results_31.05.2011/occt/release-sources-20110531/inc/GeomToStep_Root.hxx
+M GeomToStep:privinclude:GeomToStep_Root.jxx /dn43/OCCT/tmp/results_31.05.2011/occt/release-sources-20110531/drv/GeomToStep/GeomToStep_Root.jxx
+M GeomToStep:privinclude:GeomToStep_Root.ixx /dn43/OCCT/tmp/results_31.05.2011/occt/release-sources-20110531/drv/GeomToStep/GeomToStep_Root.ixx
+M GeomToStep:pubinclude:GeomToStep_MakeCartesianPoint.hxx /dn43/OCCT/tmp/results_31.05.2011/occt/release-sources-20110531/inc/GeomToStep_MakeCartesianPoint.hxx
+M GeomToStep:privinclude:GeomToStep_MakeCartesianPoint.jxx /dn43/OCCT/tmp/results_31.05.2011/occt/release-sources-20110531/drv/GeomToStep/GeomToStep_MakeCartesianPoint.jxx
+M GeomToStep:privinclude:GeomToStep_MakeCartesianPoint.ixx /dn43/OCCT/tmp/results_31.05.2011/occt/release-sources-20110531/drv/GeomToStep/GeomToStep_MakeCartesianPoint.ixx
+M GeomToStep:pubinclude:GeomToStep_MakeAxis1Placement.hxx /dn43/OCCT/tmp/results_31.05.2011/occt/release-sources-20110531/inc/GeomToStep_MakeAxis1Placement.hxx
+M GeomToStep:privinclude:GeomToStep_MakeAxis1Placement.jxx /dn43/OCCT/tmp/results_31.05.2011/occt/release-sources-20110531/drv/GeomToStep/GeomToStep_MakeAxis1Placement.jxx
+M GeomToStep:privinclude:GeomToStep_MakeAxis1Placement.ixx /dn43/OCCT/tmp/results_31.05.2011/occt/release-sources-20110531/drv/GeomToStep/GeomToStep_MakeAxis1Placement.ixx
+M GeomToStep:pubinclude:GeomToStep_MakeAxis2Placement2d.hxx /dn43/OCCT/tmp/results_31.05.2011/occt/release-sources-20110531/inc/GeomToStep_MakeAxis2Placement2d.hxx
+M GeomToStep:privinclude:GeomToStep_MakeAxis2Placement2d.jxx /dn43/OCCT/tmp/results_31.05.2011/occt/release-sources-20110531/drv/GeomToStep/GeomToStep_MakeAxis2Placement2d.jxx
+M GeomToStep:privinclude:GeomToStep_MakeAxis2Placement2d.ixx /dn43/OCCT/tmp/results_31.05.2011/occt/release-sources-20110531/drv/GeomToStep/GeomToStep_MakeAxis2Placement2d.ixx
+M GeomToStep:pubinclude:GeomToStep_MakeAxis2Placement3d.hxx /dn43/OCCT/tmp/results_31.05.2011/occt/release-sources-20110531/inc/GeomToStep_MakeAxis2Placement3d.hxx
+M GeomToStep:privinclude:GeomToStep_MakeAxis2Placement3d.jxx /dn43/OCCT/tmp/results_31.05.2011/occt/release-sources-20110531/drv/GeomToStep/GeomToStep_MakeAxis2Placement3d.jxx
+M GeomToStep:privinclude:GeomToStep_MakeAxis2Placement3d.ixx /dn43/OCCT/tmp/results_31.05.2011/occt/release-sources-20110531/drv/GeomToStep/GeomToStep_MakeAxis2Placement3d.ixx
+M GeomToStep:pubinclude:GeomToStep_MakeDirection.hxx /dn43/OCCT/tmp/results_31.05.2011/occt/release-sources-20110531/inc/GeomToStep_MakeDirection.hxx
+M GeomToStep:privinclude:GeomToStep_MakeDirection.jxx /dn43/OCCT/tmp/results_31.05.2011/occt/release-sources-20110531/drv/GeomToStep/GeomToStep_MakeDirection.jxx
+M GeomToStep:privinclude:GeomToStep_MakeDirection.ixx /dn43/OCCT/tmp/results_31.05.2011/occt/release-sources-20110531/drv/GeomToStep/GeomToStep_MakeDirection.ixx
+M GeomToStep:pubinclude:GeomToStep_MakeVector.hxx /dn43/OCCT/tmp/results_31.05.2011/occt/release-sources-20110531/inc/GeomToStep_MakeVector.hxx
+M GeomToStep:privinclude:GeomToStep_MakeVector.jxx /dn43/OCCT/tmp/results_31.05.2011/occt/release-sources-20110531/drv/GeomToStep/GeomToStep_MakeVector.jxx
+M GeomToStep:privinclude:GeomToStep_MakeVector.ixx /dn43/OCCT/tmp/results_31.05.2011/occt/release-sources-20110531/drv/GeomToStep/GeomToStep_MakeVector.ixx
+M GeomToStep:pubinclude:GeomToStep_MakeCurve.hxx /dn43/OCCT/tmp/results_31.05.2011/occt/release-sources-20110531/inc/GeomToStep_MakeCurve.hxx
+M GeomToStep:privinclude:GeomToStep_MakeCurve.jxx /dn43/OCCT/tmp/results_31.05.2011/occt/release-sources-20110531/drv/GeomToStep/GeomToStep_MakeCurve.jxx
+M GeomToStep:privinclude:GeomToStep_MakeCurve.ixx /dn43/OCCT/tmp/results_31.05.2011/occt/release-sources-20110531/drv/GeomToStep/GeomToStep_MakeCurve.ixx
+M GeomToStep:pubinclude:GeomToStep_MakeConic.hxx /dn43/OCCT/tmp/results_31.05.2011/occt/release-sources-20110531/inc/GeomToStep_MakeConic.hxx
+M GeomToStep:privinclude:GeomToStep_MakeConic.jxx /dn43/OCCT/tmp/results_31.05.2011/occt/release-sources-20110531/drv/GeomToStep/GeomToStep_MakeConic.jxx
+M GeomToStep:privinclude:GeomToStep_MakeConic.ixx /dn43/OCCT/tmp/results_31.05.2011/occt/release-sources-20110531/drv/GeomToStep/GeomToStep_MakeConic.ixx
+M GeomToStep:pubinclude:GeomToStep_MakeBoundedCurve.hxx /dn43/OCCT/tmp/results_31.05.2011/occt/release-sources-20110531/inc/GeomToStep_MakeBoundedCurve.hxx
+M GeomToStep:privinclude:GeomToStep_MakeBoundedCurve.jxx /dn43/OCCT/tmp/results_31.05.2011/occt/release-sources-20110531/drv/GeomToStep/GeomToStep_MakeBoundedCurve.jxx
+M GeomToStep:privinclude:GeomToStep_MakeBoundedCurve.ixx /dn43/OCCT/tmp/results_31.05.2011/occt/release-sources-20110531/drv/GeomToStep/GeomToStep_MakeBoundedCurve.ixx
+M GeomToStep:pubinclude:GeomToStep_MakeCircle.hxx /dn43/OCCT/tmp/results_31.05.2011/occt/release-sources-20110531/inc/GeomToStep_MakeCircle.hxx
+M GeomToStep:privinclude:GeomToStep_MakeCircle.jxx /dn43/OCCT/tmp/results_31.05.2011/occt/release-sources-20110531/drv/GeomToStep/GeomToStep_MakeCircle.jxx
+M GeomToStep:privinclude:GeomToStep_MakeCircle.ixx /dn43/OCCT/tmp/results_31.05.2011/occt/release-sources-20110531/drv/GeomToStep/GeomToStep_MakeCircle.ixx
+M GeomToStep:pubinclude:GeomToStep_MakeEllipse.hxx /dn43/OCCT/tmp/results_31.05.2011/occt/release-sources-20110531/inc/GeomToStep_MakeEllipse.hxx
+M GeomToStep:privinclude:GeomToStep_MakeEllipse.jxx /dn43/OCCT/tmp/results_31.05.2011/occt/release-sources-20110531/drv/GeomToStep/GeomToStep_MakeEllipse.jxx
+M GeomToStep:privinclude:GeomToStep_MakeEllipse.ixx /dn43/OCCT/tmp/results_31.05.2011/occt/release-sources-20110531/drv/GeomToStep/GeomToStep_MakeEllipse.ixx
+M GeomToStep:pubinclude:GeomToStep_MakeHyperbola.hxx /dn43/OCCT/tmp/results_31.05.2011/occt/release-sources-20110531/inc/GeomToStep_MakeHyperbola.hxx
+M GeomToStep:privinclude:GeomToStep_MakeHyperbola.jxx /dn43/OCCT/tmp/results_31.05.2011/occt/release-sources-20110531/drv/GeomToStep/GeomToStep_MakeHyperbola.jxx
+M GeomToStep:privinclude:GeomToStep_MakeHyperbola.ixx /dn43/OCCT/tmp/results_31.05.2011/occt/release-sources-20110531/drv/GeomToStep/GeomToStep_MakeHyperbola.ixx
+M GeomToStep:pubinclude:GeomToStep_MakeParabola.hxx /dn43/OCCT/tmp/results_31.05.2011/occt/release-sources-20110531/inc/GeomToStep_MakeParabola.hxx
+M GeomToStep:privinclude:GeomToStep_MakeParabola.jxx /dn43/OCCT/tmp/results_31.05.2011/occt/release-sources-20110531/drv/GeomToStep/GeomToStep_MakeParabola.jxx
+M GeomToStep:privinclude:GeomToStep_MakeParabola.ixx /dn43/OCCT/tmp/results_31.05.2011/occt/release-sources-20110531/drv/GeomToStep/GeomToStep_MakeParabola.ixx
+M GeomToStep:pubinclude:GeomToStep_MakeBSplineCurveWithKnots.hxx /dn43/OCCT/tmp/results_31.05.2011/occt/release-sources-20110531/inc/GeomToStep_MakeBSplineCurveWithKnots.hxx
+M GeomToStep:privinclude:GeomToStep_MakeBSplineCurveWithKnots.jxx /dn43/OCCT/tmp/results_31.05.2011/occt/release-sources-20110531/drv/GeomToStep/GeomToStep_MakeBSplineCurveWithKnots.jxx
+M GeomToStep:privinclude:GeomToStep_MakeBSplineCurveWithKnots.ixx /dn43/OCCT/tmp/results_31.05.2011/occt/release-sources-20110531/drv/GeomToStep/GeomToStep_MakeBSplineCurveWithKnots.ixx
+M GeomToStep:pubinclude:GeomToStep_MakeBSplineCurveWithKnotsAndRationalBSplineCurve.hxx /dn43/OCCT/tmp/results_31.05.2011/occt/release-sources-20110531/inc/GeomToStep_MakeBSplineCurveWithKnotsAndRationalBSplineCurve.hxx
+M GeomToStep:privinclude:GeomToStep_MakeBSplineCurveWithKnotsAndRationalBSplineCurve.jxx /dn43/OCCT/tmp/results_31.05.2011/occt/release-sources-20110531/drv/GeomToStep/GeomToStep_MakeBSplineCurveWithKnotsAndRationalBSplineCurve.jxx
+M GeomToStep:privinclude:GeomToStep_MakeBSplineCurveWithKnotsAndRationalBSplineCurve.ixx /dn43/OCCT/tmp/results_31.05.2011/occt/release-sources-20110531/drv/GeomToStep/GeomToStep_MakeBSplineCurveWithKnotsAndRationalBSplineCurve.ixx
+M GeomToStep:pubinclude:GeomToStep_MakeLine.hxx /dn43/OCCT/tmp/results_31.05.2011/occt/release-sources-20110531/inc/GeomToStep_MakeLine.hxx
+M GeomToStep:privinclude:GeomToStep_MakeLine.jxx /dn43/OCCT/tmp/results_31.05.2011/occt/release-sources-20110531/drv/GeomToStep/GeomToStep_MakeLine.jxx
+M GeomToStep:privinclude:GeomToStep_MakeLine.ixx /dn43/OCCT/tmp/results_31.05.2011/occt/release-sources-20110531/drv/GeomToStep/GeomToStep_MakeLine.ixx
+M GeomToStep:pubinclude:GeomToStep_MakePolyline.hxx /dn43/OCCT/tmp/results_31.05.2011/occt/release-sources-20110531/inc/GeomToStep_MakePolyline.hxx
+M GeomToStep:privinclude:GeomToStep_MakePolyline.jxx /dn43/OCCT/tmp/results_31.05.2011/occt/release-sources-20110531/drv/GeomToStep/GeomToStep_MakePolyline.jxx
+M GeomToStep:privinclude:GeomToStep_MakePolyline.ixx /dn43/OCCT/tmp/results_31.05.2011/occt/release-sources-20110531/drv/GeomToStep/GeomToStep_MakePolyline.ixx
+M GeomToStep:pubinclude:GeomToStep_MakePlane.hxx /dn43/OCCT/tmp/results_31.05.2011/occt/release-sources-20110531/inc/GeomToStep_MakePlane.hxx
+M GeomToStep:privinclude:GeomToStep_MakePlane.jxx /dn43/OCCT/tmp/results_31.05.2011/occt/release-sources-20110531/drv/GeomToStep/GeomToStep_MakePlane.jxx
+M GeomToStep:privinclude:GeomToStep_MakePlane.ixx /dn43/OCCT/tmp/results_31.05.2011/occt/release-sources-20110531/drv/GeomToStep/GeomToStep_MakePlane.ixx
+M GeomToStep:pubinclude:GeomToStep_MakeSurface.hxx /dn43/OCCT/tmp/results_31.05.2011/occt/release-sources-20110531/inc/GeomToStep_MakeSurface.hxx
+M GeomToStep:privinclude:GeomToStep_MakeSurface.jxx /dn43/OCCT/tmp/results_31.05.2011/occt/release-sources-20110531/drv/GeomToStep/GeomToStep_MakeSurface.jxx
+M GeomToStep:privinclude:GeomToStep_MakeSurface.ixx /dn43/OCCT/tmp/results_31.05.2011/occt/release-sources-20110531/drv/GeomToStep/GeomToStep_MakeSurface.ixx
+M GeomToStep:pubinclude:GeomToStep_MakeBoundedSurface.hxx /dn43/OCCT/tmp/results_31.05.2011/occt/release-sources-20110531/inc/GeomToStep_MakeBoundedSurface.hxx
+M GeomToStep:privinclude:GeomToStep_MakeBoundedSurface.jxx /dn43/OCCT/tmp/results_31.05.2011/occt/release-sources-20110531/drv/GeomToStep/GeomToStep_MakeBoundedSurface.jxx
+M GeomToStep:privinclude:GeomToStep_MakeBoundedSurface.ixx /dn43/OCCT/tmp/results_31.05.2011/occt/release-sources-20110531/drv/GeomToStep/GeomToStep_MakeBoundedSurface.ixx
+M GeomToStep:pubinclude:GeomToStep_MakeElementarySurface.hxx /dn43/OCCT/tmp/results_31.05.2011/occt/release-sources-20110531/inc/GeomToStep_MakeElementarySurface.hxx
+M GeomToStep:privinclude:GeomToStep_MakeElementarySurface.jxx /dn43/OCCT/tmp/results_31.05.2011/occt/release-sources-20110531/drv/GeomToStep/GeomToStep_MakeElementarySurface.jxx
+M GeomToStep:privinclude:GeomToStep_MakeElementarySurface.ixx /dn43/OCCT/tmp/results_31.05.2011/occt/release-sources-20110531/drv/GeomToStep/GeomToStep_MakeElementarySurface.ixx
+M GeomToStep:pubinclude:GeomToStep_MakeSweptSurface.hxx /dn43/OCCT/tmp/results_31.05.2011/occt/release-sources-20110531/inc/GeomToStep_MakeSweptSurface.hxx
+M GeomToStep:privinclude:GeomToStep_MakeSweptSurface.jxx /dn43/OCCT/tmp/results_31.05.2011/occt/release-sources-20110531/drv/GeomToStep/GeomToStep_MakeSweptSurface.jxx
+M GeomToStep:privinclude:GeomToStep_MakeSweptSurface.ixx /dn43/OCCT/tmp/results_31.05.2011/occt/release-sources-20110531/drv/GeomToStep/GeomToStep_MakeSweptSurface.ixx
+M GeomToStep:pubinclude:GeomToStep_MakeConicalSurface.hxx /dn43/OCCT/tmp/results_31.05.2011/occt/release-sources-20110531/inc/GeomToStep_MakeConicalSurface.hxx
+M GeomToStep:privinclude:GeomToStep_MakeConicalSurface.jxx /dn43/OCCT/tmp/results_31.05.2011/occt/release-sources-20110531/drv/GeomToStep/GeomToStep_MakeConicalSurface.jxx
+M GeomToStep:privinclude:GeomToStep_MakeConicalSurface.ixx /dn43/OCCT/tmp/results_31.05.2011/occt/release-sources-20110531/drv/GeomToStep/GeomToStep_MakeConicalSurface.ixx
+M GeomToStep:pubinclude:GeomToStep_MakeCylindricalSurface.hxx /dn43/OCCT/tmp/results_31.05.2011/occt/release-sources-20110531/inc/GeomToStep_MakeCylindricalSurface.hxx
+M GeomToStep:privinclude:GeomToStep_MakeCylindricalSurface.jxx /dn43/OCCT/tmp/results_31.05.2011/occt/release-sources-20110531/drv/GeomToStep/GeomToStep_MakeCylindricalSurface.jxx
+M GeomToStep:privinclude:GeomToStep_MakeCylindricalSurface.ixx /dn43/OCCT/tmp/results_31.05.2011/occt/release-sources-20110531/drv/GeomToStep/GeomToStep_MakeCylindricalSurface.ixx
+M GeomToStep:pubinclude:GeomToStep_MakeRectangularTrimmedSurface.hxx /dn43/OCCT/tmp/results_31.05.2011/occt/release-sources-20110531/inc/GeomToStep_MakeRectangularTrimmedSurface.hxx
+M GeomToStep:privinclude:GeomToStep_MakeRectangularTrimmedSurface.jxx /dn43/OCCT/tmp/results_31.05.2011/occt/release-sources-20110531/drv/GeomToStep/GeomToStep_MakeRectangularTrimmedSurface.jxx
+M GeomToStep:privinclude:GeomToStep_MakeRectangularTrimmedSurface.ixx /dn43/OCCT/tmp/results_31.05.2011/occt/release-sources-20110531/drv/GeomToStep/GeomToStep_MakeRectangularTrimmedSurface.ixx
+M GeomToStep:pubinclude:GeomToStep_MakeSphericalSurface.hxx /dn43/OCCT/tmp/results_31.05.2011/occt/release-sources-20110531/inc/GeomToStep_MakeSphericalSurface.hxx
+M GeomToStep:privinclude:GeomToStep_MakeSphericalSurface.jxx /dn43/OCCT/tmp/results_31.05.2011/occt/release-sources-20110531/drv/GeomToStep/GeomToStep_MakeSphericalSurface.jxx
+M GeomToStep:privinclude:GeomToStep_MakeSphericalSurface.ixx /dn43/OCCT/tmp/results_31.05.2011/occt/release-sources-20110531/drv/GeomToStep/GeomToStep_MakeSphericalSurface.ixx
+M GeomToStep:pubinclude:GeomToStep_MakeSurfaceOfLinearExtrusion.hxx /dn43/OCCT/tmp/results_31.05.2011/occt/release-sources-20110531/inc/GeomToStep_MakeSurfaceOfLinearExtrusion.hxx
+M GeomToStep:privinclude:GeomToStep_MakeSurfaceOfLinearExtrusion.jxx /dn43/OCCT/tmp/results_31.05.2011/occt/release-sources-20110531/drv/GeomToStep/GeomToStep_MakeSurfaceOfLinearExtrusion.jxx
+M GeomToStep:privinclude:GeomToStep_MakeSurfaceOfLinearExtrusion.ixx /dn43/OCCT/tmp/results_31.05.2011/occt/release-sources-20110531/drv/GeomToStep/GeomToStep_MakeSurfaceOfLinearExtrusion.ixx
+M GeomToStep:pubinclude:GeomToStep_MakeSurfaceOfRevolution.hxx /dn43/OCCT/tmp/results_31.05.2011/occt/release-sources-20110531/inc/GeomToStep_MakeSurfaceOfRevolution.hxx
+M GeomToStep:privinclude:GeomToStep_MakeSurfaceOfRevolution.jxx /dn43/OCCT/tmp/results_31.05.2011/occt/release-sources-20110531/drv/GeomToStep/GeomToStep_MakeSurfaceOfRevolution.jxx
+M GeomToStep:privinclude:GeomToStep_MakeSurfaceOfRevolution.ixx /dn43/OCCT/tmp/results_31.05.2011/occt/release-sources-20110531/drv/GeomToStep/GeomToStep_MakeSurfaceOfRevolution.ixx
+M GeomToStep:pubinclude:GeomToStep_MakeToroidalSurface.hxx /dn43/OCCT/tmp/results_31.05.2011/occt/release-sources-20110531/inc/GeomToStep_MakeToroidalSurface.hxx
+M GeomToStep:privinclude:GeomToStep_MakeToroidalSurface.jxx /dn43/OCCT/tmp/results_31.05.2011/occt/release-sources-20110531/drv/GeomToStep/GeomToStep_MakeToroidalSurface.jxx
+M GeomToStep:privinclude:GeomToStep_MakeToroidalSurface.ixx /dn43/OCCT/tmp/results_31.05.2011/occt/release-sources-20110531/drv/GeomToStep/GeomToStep_MakeToroidalSurface.ixx
+M GeomToStep:pubinclude:GeomToStep_MakeBSplineSurfaceWithKnots.hxx /dn43/OCCT/tmp/results_31.05.2011/occt/release-sources-20110531/inc/GeomToStep_MakeBSplineSurfaceWithKnots.hxx
+M GeomToStep:privinclude:GeomToStep_MakeBSplineSurfaceWithKnots.jxx /dn43/OCCT/tmp/results_31.05.2011/occt/release-sources-20110531/drv/GeomToStep/GeomToStep_MakeBSplineSurfaceWithKnots.jxx
+M GeomToStep:privinclude:GeomToStep_MakeBSplineSurfaceWithKnots.ixx /dn43/OCCT/tmp/results_31.05.2011/occt/release-sources-20110531/drv/GeomToStep/GeomToStep_MakeBSplineSurfaceWithKnots.ixx
+M GeomToStep:pubinclude:GeomToStep_MakeBSplineSurfaceWithKnotsAndRationalBSplineSurface.hxx /dn43/OCCT/tmp/results_31.05.2011/occt/release-sources-20110531/inc/GeomToStep_MakeBSplineSurfaceWithKnotsAndRationalBSplineSurface.hxx
+M GeomToStep:privinclude:GeomToStep_MakeBSplineSurfaceWithKnotsAndRationalBSplineSurface.jxx /dn43/OCCT/tmp/results_31.05.2011/occt/release-sources-20110531/drv/GeomToStep/GeomToStep_MakeBSplineSurfaceWithKnotsAndRationalBSplineSurface.jxx
+M GeomToStep:privinclude:GeomToStep_MakeBSplineSurfaceWithKnotsAndRationalBSplineSurface.ixx /dn43/OCCT/tmp/results_31.05.2011/occt/release-sources-20110531/drv/GeomToStep/GeomToStep_MakeBSplineSurfaceWithKnotsAndRationalBSplineSurface.ixx
+M GeomToStep:dbadmfile:GeomToStep_xcpp_header.In /dn43/OCCT/tmp/results_31.05.2011/occt/release-sources-20110531/drv/GeomToStep/.adm/GeomToStep_xcpp_header.In
+M GeomToStep:dbadmfile:GeomToStep_xcpp_header.Out /dn43/OCCT/tmp/results_31.05.2011/occt/release-sources-20110531/drv/GeomToStep/.adm/GeomToStep_xcpp_header.Out
+M GeomToStep:dbadmfile:GeomToStep_xcpp_header.Dep /dn43/OCCT/tmp/results_31.05.2011/occt/release-sources-20110531/drv/GeomToStep/.adm/GeomToStep_xcpp_header.Dep
