+M Draw:pubinclude:Draw.hxx /dn43/OCCT/tmp/results_30.09.2011/occt/release-sources-20110930/inc/Draw.hxx
+M Draw:privinclude:Draw.jxx /dn43/OCCT/tmp/results_30.09.2011/occt/release-sources-20110930/drv/Draw/Draw.jxx
+M Draw:privinclude:Draw.ixx /dn43/OCCT/tmp/results_30.09.2011/occt/release-sources-20110930/drv/Draw/Draw.ixx
+M Draw:pubinclude:Handle_Draw_Drawable3D.hxx /dn43/OCCT/tmp/results_30.09.2011/occt/release-sources-20110930/inc/Handle_Draw_Drawable3D.hxx
+M Draw:pubinclude:Draw_Drawable3D.hxx /dn43/OCCT/tmp/results_30.09.2011/occt/release-sources-20110930/inc/Draw_Drawable3D.hxx
+M Draw:privinclude:Draw_Drawable3D.jxx /dn43/OCCT/tmp/results_30.09.2011/occt/release-sources-20110930/drv/Draw/Draw_Drawable3D.jxx
+M Draw:privinclude:Draw_Drawable3D.ixx /dn43/OCCT/tmp/results_30.09.2011/occt/release-sources-20110930/drv/Draw/Draw_Drawable3D.ixx
+M Draw:pubinclude:Handle_Draw_Drawable2D.hxx /dn43/OCCT/tmp/results_30.09.2011/occt/release-sources-20110930/inc/Handle_Draw_Drawable2D.hxx
+M Draw:pubinclude:Draw_Drawable2D.hxx /dn43/OCCT/tmp/results_30.09.2011/occt/release-sources-20110930/inc/Draw_Drawable2D.hxx
+M Draw:privinclude:Draw_Drawable2D.jxx /dn43/OCCT/tmp/results_30.09.2011/occt/release-sources-20110930/drv/Draw/Draw_Drawable2D.jxx
+M Draw:privinclude:Draw_Drawable2D.ixx /dn43/OCCT/tmp/results_30.09.2011/occt/release-sources-20110930/drv/Draw/Draw_Drawable2D.ixx
+M Draw:pubinclude:Draw_Color.hxx /dn43/OCCT/tmp/results_30.09.2011/occt/release-sources-20110930/inc/Draw_Color.hxx
+M Draw:privinclude:Draw_Color.jxx /dn43/OCCT/tmp/results_30.09.2011/occt/release-sources-20110930/drv/Draw/Draw_Color.jxx
+M Draw:privinclude:Draw_Color.ixx /dn43/OCCT/tmp/results_30.09.2011/occt/release-sources-20110930/drv/Draw/Draw_Color.ixx
+M Draw:pubinclude:Draw_Display.hxx /dn43/OCCT/tmp/results_30.09.2011/occt/release-sources-20110930/inc/Draw_Display.hxx
+M Draw:privinclude:Draw_Display.jxx /dn43/OCCT/tmp/results_30.09.2011/occt/release-sources-20110930/drv/Draw/Draw_Display.jxx
+M Draw:privinclude:Draw_Display.ixx /dn43/OCCT/tmp/results_30.09.2011/occt/release-sources-20110930/drv/Draw/Draw_Display.ixx
+M Draw:pubinclude:Handle_Draw_Segment3D.hxx /dn43/OCCT/tmp/results_30.09.2011/occt/release-sources-20110930/inc/Handle_Draw_Segment3D.hxx
+M Draw:pubinclude:Draw_Segment3D.hxx /dn43/OCCT/tmp/results_30.09.2011/occt/release-sources-20110930/inc/Draw_Segment3D.hxx
+M Draw:privinclude:Draw_Segment3D.jxx /dn43/OCCT/tmp/results_30.09.2011/occt/release-sources-20110930/drv/Draw/Draw_Segment3D.jxx
+M Draw:privinclude:Draw_Segment3D.ixx /dn43/OCCT/tmp/results_30.09.2011/occt/release-sources-20110930/drv/Draw/Draw_Segment3D.ixx
+M Draw:pubinclude:Handle_Draw_Segment2D.hxx /dn43/OCCT/tmp/results_30.09.2011/occt/release-sources-20110930/inc/Handle_Draw_Segment2D.hxx
+M Draw:pubinclude:Draw_Segment2D.hxx /dn43/OCCT/tmp/results_30.09.2011/occt/release-sources-20110930/inc/Draw_Segment2D.hxx
+M Draw:privinclude:Draw_Segment2D.jxx /dn43/OCCT/tmp/results_30.09.2011/occt/release-sources-20110930/drv/Draw/Draw_Segment2D.jxx
+M Draw:privinclude:Draw_Segment2D.ixx /dn43/OCCT/tmp/results_30.09.2011/occt/release-sources-20110930/drv/Draw/Draw_Segment2D.ixx
+M Draw:pubinclude:Handle_Draw_Marker3D.hxx /dn43/OCCT/tmp/results_30.09.2011/occt/release-sources-20110930/inc/Handle_Draw_Marker3D.hxx
+M Draw:pubinclude:Draw_Marker3D.hxx /dn43/OCCT/tmp/results_30.09.2011/occt/release-sources-20110930/inc/Draw_Marker3D.hxx
+M Draw:privinclude:Draw_Marker3D.jxx /dn43/OCCT/tmp/results_30.09.2011/occt/release-sources-20110930/drv/Draw/Draw_Marker3D.jxx
+M Draw:privinclude:Draw_Marker3D.ixx /dn43/OCCT/tmp/results_30.09.2011/occt/release-sources-20110930/drv/Draw/Draw_Marker3D.ixx
+M Draw:pubinclude:Handle_Draw_Marker2D.hxx /dn43/OCCT/tmp/results_30.09.2011/occt/release-sources-20110930/inc/Handle_Draw_Marker2D.hxx
+M Draw:pubinclude:Draw_Marker2D.hxx /dn43/OCCT/tmp/results_30.09.2011/occt/release-sources-20110930/inc/Draw_Marker2D.hxx
+M Draw:privinclude:Draw_Marker2D.jxx /dn43/OCCT/tmp/results_30.09.2011/occt/release-sources-20110930/drv/Draw/Draw_Marker2D.jxx
+M Draw:privinclude:Draw_Marker2D.ixx /dn43/OCCT/tmp/results_30.09.2011/occt/release-sources-20110930/drv/Draw/Draw_Marker2D.ixx
+M Draw:pubinclude:Handle_Draw_Axis3D.hxx /dn43/OCCT/tmp/results_30.09.2011/occt/release-sources-20110930/inc/Handle_Draw_Axis3D.hxx
+M Draw:pubinclude:Draw_Axis3D.hxx /dn43/OCCT/tmp/results_30.09.2011/occt/release-sources-20110930/inc/Draw_Axis3D.hxx
+M Draw:privinclude:Draw_Axis3D.jxx /dn43/OCCT/tmp/results_30.09.2011/occt/release-sources-20110930/drv/Draw/Draw_Axis3D.jxx
+M Draw:privinclude:Draw_Axis3D.ixx /dn43/OCCT/tmp/results_30.09.2011/occt/release-sources-20110930/drv/Draw/Draw_Axis3D.ixx
+M Draw:pubinclude:Handle_Draw_Axis2D.hxx /dn43/OCCT/tmp/results_30.09.2011/occt/release-sources-20110930/inc/Handle_Draw_Axis2D.hxx
+M Draw:pubinclude:Draw_Axis2D.hxx /dn43/OCCT/tmp/results_30.09.2011/occt/release-sources-20110930/inc/Draw_Axis2D.hxx
+M Draw:privinclude:Draw_Axis2D.jxx /dn43/OCCT/tmp/results_30.09.2011/occt/release-sources-20110930/drv/Draw/Draw_Axis2D.jxx
+M Draw:privinclude:Draw_Axis2D.ixx /dn43/OCCT/tmp/results_30.09.2011/occt/release-sources-20110930/drv/Draw/Draw_Axis2D.ixx
+M Draw:pubinclude:Handle_Draw_Text3D.hxx /dn43/OCCT/tmp/results_30.09.2011/occt/release-sources-20110930/inc/Handle_Draw_Text3D.hxx
+M Draw:pubinclude:Draw_Text3D.hxx /dn43/OCCT/tmp/results_30.09.2011/occt/release-sources-20110930/inc/Draw_Text3D.hxx
+M Draw:privinclude:Draw_Text3D.jxx /dn43/OCCT/tmp/results_30.09.2011/occt/release-sources-20110930/drv/Draw/Draw_Text3D.jxx
+M Draw:privinclude:Draw_Text3D.ixx /dn43/OCCT/tmp/results_30.09.2011/occt/release-sources-20110930/drv/Draw/Draw_Text3D.ixx
+M Draw:pubinclude:Handle_Draw_Text2D.hxx /dn43/OCCT/tmp/results_30.09.2011/occt/release-sources-20110930/inc/Handle_Draw_Text2D.hxx
+M Draw:pubinclude:Draw_Text2D.hxx /dn43/OCCT/tmp/results_30.09.2011/occt/release-sources-20110930/inc/Draw_Text2D.hxx
+M Draw:privinclude:Draw_Text2D.jxx /dn43/OCCT/tmp/results_30.09.2011/occt/release-sources-20110930/drv/Draw/Draw_Text2D.jxx
+M Draw:privinclude:Draw_Text2D.ixx /dn43/OCCT/tmp/results_30.09.2011/occt/release-sources-20110930/drv/Draw/Draw_Text2D.ixx
+M Draw:pubinclude:Handle_Draw_Circle3D.hxx /dn43/OCCT/tmp/results_30.09.2011/occt/release-sources-20110930/inc/Handle_Draw_Circle3D.hxx
+M Draw:pubinclude:Draw_Circle3D.hxx /dn43/OCCT/tmp/results_30.09.2011/occt/release-sources-20110930/inc/Draw_Circle3D.hxx
+M Draw:privinclude:Draw_Circle3D.jxx /dn43/OCCT/tmp/results_30.09.2011/occt/release-sources-20110930/drv/Draw/Draw_Circle3D.jxx
+M Draw:privinclude:Draw_Circle3D.ixx /dn43/OCCT/tmp/results_30.09.2011/occt/release-sources-20110930/drv/Draw/Draw_Circle3D.ixx
+M Draw:pubinclude:Handle_Draw_Circle2D.hxx /dn43/OCCT/tmp/results_30.09.2011/occt/release-sources-20110930/inc/Handle_Draw_Circle2D.hxx
+M Draw:pubinclude:Draw_Circle2D.hxx /dn43/OCCT/tmp/results_30.09.2011/occt/release-sources-20110930/inc/Draw_Circle2D.hxx
+M Draw:privinclude:Draw_Circle2D.jxx /dn43/OCCT/tmp/results_30.09.2011/occt/release-sources-20110930/drv/Draw/Draw_Circle2D.jxx
+M Draw:privinclude:Draw_Circle2D.ixx /dn43/OCCT/tmp/results_30.09.2011/occt/release-sources-20110930/drv/Draw/Draw_Circle2D.ixx
+M Draw:pubinclude:Handle_Draw_Number.hxx /dn43/OCCT/tmp/results_30.09.2011/occt/release-sources-20110930/inc/Handle_Draw_Number.hxx
+M Draw:pubinclude:Draw_Number.hxx /dn43/OCCT/tmp/results_30.09.2011/occt/release-sources-20110930/inc/Draw_Number.hxx
+M Draw:privinclude:Draw_Number.jxx /dn43/OCCT/tmp/results_30.09.2011/occt/release-sources-20110930/drv/Draw/Draw_Number.jxx
+M Draw:privinclude:Draw_Number.ixx /dn43/OCCT/tmp/results_30.09.2011/occt/release-sources-20110930/drv/Draw/Draw_Number.ixx
+M Draw:pubinclude:Handle_Draw_Chronometer.hxx /dn43/OCCT/tmp/results_30.09.2011/occt/release-sources-20110930/inc/Handle_Draw_Chronometer.hxx
+M Draw:pubinclude:Draw_Chronometer.hxx /dn43/OCCT/tmp/results_30.09.2011/occt/release-sources-20110930/inc/Draw_Chronometer.hxx
+M Draw:privinclude:Draw_Chronometer.jxx /dn43/OCCT/tmp/results_30.09.2011/occt/release-sources-20110930/drv/Draw/Draw_Chronometer.jxx
+M Draw:privinclude:Draw_Chronometer.ixx /dn43/OCCT/tmp/results_30.09.2011/occt/release-sources-20110930/drv/Draw/Draw_Chronometer.ixx
+M Draw:pubinclude:Handle_Draw_Grid.hxx /dn43/OCCT/tmp/results_30.09.2011/occt/release-sources-20110930/inc/Handle_Draw_Grid.hxx
+M Draw:pubinclude:Draw_Grid.hxx /dn43/OCCT/tmp/results_30.09.2011/occt/release-sources-20110930/inc/Draw_Grid.hxx
+M Draw:privinclude:Draw_Grid.jxx /dn43/OCCT/tmp/results_30.09.2011/occt/release-sources-20110930/drv/Draw/Draw_Grid.jxx
+M Draw:privinclude:Draw_Grid.ixx /dn43/OCCT/tmp/results_30.09.2011/occt/release-sources-20110930/drv/Draw/Draw_Grid.ixx
+M Draw:pubinclude:Handle_Draw_Box.hxx /dn43/OCCT/tmp/results_30.09.2011/occt/release-sources-20110930/inc/Handle_Draw_Box.hxx
+M Draw:pubinclude:Draw_Box.hxx /dn43/OCCT/tmp/results_30.09.2011/occt/release-sources-20110930/inc/Draw_Box.hxx
+M Draw:privinclude:Draw_Box.jxx /dn43/OCCT/tmp/results_30.09.2011/occt/release-sources-20110930/drv/Draw/Draw_Box.jxx
+M Draw:privinclude:Draw_Box.ixx /dn43/OCCT/tmp/results_30.09.2011/occt/release-sources-20110930/drv/Draw/Draw_Box.ixx
+M Draw:pubinclude:Draw_SequenceOfDrawable3D.hxx /dn43/OCCT/tmp/results_30.09.2011/occt/release-sources-20110930/inc/Draw_SequenceOfDrawable3D.hxx
+M Draw:derivated:Draw_SequenceOfDrawable3D_0.cxx /dn43/OCCT/tmp/results_30.09.2011/occt/release-sources-20110930/drv/Draw/Draw_SequenceOfDrawable3D_0.cxx
+M Draw:pubinclude:Handle_Draw_ProgressIndicator.hxx /dn43/OCCT/tmp/results_30.09.2011/occt/release-sources-20110930/inc/Handle_Draw_ProgressIndicator.hxx
+M Draw:pubinclude:Draw_ProgressIndicator.hxx /dn43/OCCT/tmp/results_30.09.2011/occt/release-sources-20110930/inc/Draw_ProgressIndicator.hxx
+M Draw:privinclude:Draw_ProgressIndicator.jxx /dn43/OCCT/tmp/results_30.09.2011/occt/release-sources-20110930/drv/Draw/Draw_ProgressIndicator.jxx
+M Draw:privinclude:Draw_ProgressIndicator.ixx /dn43/OCCT/tmp/results_30.09.2011/occt/release-sources-20110930/drv/Draw/Draw_ProgressIndicator.ixx
+M Draw:pubinclude:Draw_Interpretor.hxx /dn43/OCCT/tmp/results_30.09.2011/occt/release-sources-20110930/inc/Draw_Interpretor.hxx
+M Draw:privinclude:Draw_Interpretor.jxx /dn43/OCCT/tmp/results_30.09.2011/occt/release-sources-20110930/drv/Draw/Draw_Interpretor.jxx
+M Draw:privinclude:Draw_Interpretor.ixx /dn43/OCCT/tmp/results_30.09.2011/occt/release-sources-20110930/drv/Draw/Draw_Interpretor.ixx
+M Draw:pubinclude:Handle_Draw_Printer.hxx /dn43/OCCT/tmp/results_30.09.2011/occt/release-sources-20110930/inc/Handle_Draw_Printer.hxx
+M Draw:pubinclude:Draw_Printer.hxx /dn43/OCCT/tmp/results_30.09.2011/occt/release-sources-20110930/inc/Draw_Printer.hxx
+M Draw:privinclude:Draw_Printer.jxx /dn43/OCCT/tmp/results_30.09.2011/occt/release-sources-20110930/drv/Draw/Draw_Printer.jxx
+M Draw:privinclude:Draw_Printer.ixx /dn43/OCCT/tmp/results_30.09.2011/occt/release-sources-20110930/drv/Draw/Draw_Printer.ixx
+M Draw:pubinclude:Draw_VMap.hxx /dn43/OCCT/tmp/results_30.09.2011/occt/release-sources-20110930/inc/Draw_VMap.hxx
+M Draw:derivated:Draw_VMap_0.cxx /dn43/OCCT/tmp/results_30.09.2011/occt/release-sources-20110930/drv/Draw/Draw_VMap_0.cxx
+M Draw:pubinclude:Draw_MapOfFunctions.hxx /dn43/OCCT/tmp/results_30.09.2011/occt/release-sources-20110930/inc/Draw_MapOfFunctions.hxx
+M Draw:derivated:Draw_MapOfFunctions_0.cxx /dn43/OCCT/tmp/results_30.09.2011/occt/release-sources-20110930/drv/Draw/Draw_MapOfFunctions_0.cxx
+M Draw:pubinclude:Draw_MapOfAsciiString.hxx /dn43/OCCT/tmp/results_30.09.2011/occt/release-sources-20110930/inc/Draw_MapOfAsciiString.hxx
+M Draw:derivated:Draw_MapOfAsciiString_0.cxx /dn43/OCCT/tmp/results_30.09.2011/occt/release-sources-20110930/drv/Draw/Draw_MapOfAsciiString_0.cxx
+M Draw:pubinclude:Handle_Draw_SequenceNodeOfSequenceOfDrawable3D.hxx /dn43/OCCT/tmp/results_30.09.2011/occt/release-sources-20110930/inc/Handle_Draw_SequenceNodeOfSequenceOfDrawable3D.hxx
+M Draw:pubinclude:Draw_SequenceNodeOfSequenceOfDrawable3D.hxx /dn43/OCCT/tmp/results_30.09.2011/occt/release-sources-20110930/inc/Draw_SequenceNodeOfSequenceOfDrawable3D.hxx
+M Draw:derivated:Draw_SequenceNodeOfSequenceOfDrawable3D_0.cxx /dn43/OCCT/tmp/results_30.09.2011/occt/release-sources-20110930/drv/Draw/Draw_SequenceNodeOfSequenceOfDrawable3D_0.cxx
+M Draw:pubinclude:Handle_Draw_DataMapNodeOfVMap.hxx /dn43/OCCT/tmp/results_30.09.2011/occt/release-sources-20110930/inc/Handle_Draw_DataMapNodeOfVMap.hxx
+M Draw:pubinclude:Draw_DataMapNodeOfVMap.hxx /dn43/OCCT/tmp/results_30.09.2011/occt/release-sources-20110930/inc/Draw_DataMapNodeOfVMap.hxx
+M Draw:derivated:Draw_DataMapNodeOfVMap_0.cxx /dn43/OCCT/tmp/results_30.09.2011/occt/release-sources-20110930/drv/Draw/Draw_DataMapNodeOfVMap_0.cxx
+M Draw:pubinclude:Draw_DataMapIteratorOfVMap.hxx /dn43/OCCT/tmp/results_30.09.2011/occt/release-sources-20110930/inc/Draw_DataMapIteratorOfVMap.hxx
+M Draw:derivated:Draw_DataMapIteratorOfVMap_0.cxx /dn43/OCCT/tmp/results_30.09.2011/occt/release-sources-20110930/drv/Draw/Draw_DataMapIteratorOfVMap_0.cxx
+M Draw:pubinclude:Handle_Draw_DataMapNodeOfMapOfFunctions.hxx /dn43/OCCT/tmp/results_30.09.2011/occt/release-sources-20110930/inc/Handle_Draw_DataMapNodeOfMapOfFunctions.hxx
+M Draw:pubinclude:Draw_DataMapNodeOfMapOfFunctions.hxx /dn43/OCCT/tmp/results_30.09.2011/occt/release-sources-20110930/inc/Draw_DataMapNodeOfMapOfFunctions.hxx
+M Draw:derivated:Draw_DataMapNodeOfMapOfFunctions_0.cxx /dn43/OCCT/tmp/results_30.09.2011/occt/release-sources-20110930/drv/Draw/Draw_DataMapNodeOfMapOfFunctions_0.cxx
+M Draw:pubinclude:Draw_DataMapIteratorOfMapOfFunctions.hxx /dn43/OCCT/tmp/results_30.09.2011/occt/release-sources-20110930/inc/Draw_DataMapIteratorOfMapOfFunctions.hxx
+M Draw:derivated:Draw_DataMapIteratorOfMapOfFunctions_0.cxx /dn43/OCCT/tmp/results_30.09.2011/occt/release-sources-20110930/drv/Draw/Draw_DataMapIteratorOfMapOfFunctions_0.cxx
+M Draw:pubinclude:Handle_Draw_IndexedMapNodeOfMapOfAsciiString.hxx /dn43/OCCT/tmp/results_30.09.2011/occt/release-sources-20110930/inc/Handle_Draw_IndexedMapNodeOfMapOfAsciiString.hxx
+M Draw:pubinclude:Draw_IndexedMapNodeOfMapOfAsciiString.hxx /dn43/OCCT/tmp/results_30.09.2011/occt/release-sources-20110930/inc/Draw_IndexedMapNodeOfMapOfAsciiString.hxx
+M Draw:derivated:Draw_IndexedMapNodeOfMapOfAsciiString_0.cxx /dn43/OCCT/tmp/results_30.09.2011/occt/release-sources-20110930/drv/Draw/Draw_IndexedMapNodeOfMapOfAsciiString_0.cxx
+M Draw:pubinclude:Handle_Draw_Failure.hxx /dn43/OCCT/tmp/results_30.09.2011/occt/release-sources-20110930/inc/Handle_Draw_Failure.hxx
+M Draw:pubinclude:Draw_Failure.hxx /dn43/OCCT/tmp/results_30.09.2011/occt/release-sources-20110930/inc/Draw_Failure.hxx
+M Draw:derivated:Draw_Failure_0.cxx /dn43/OCCT/tmp/results_30.09.2011/occt/release-sources-20110930/drv/Draw/Draw_Failure_0.cxx
+M Draw:pubinclude:Draw_ColorKind.hxx /dn43/OCCT/tmp/results_30.09.2011/occt/release-sources-20110930/inc/Draw_ColorKind.hxx
+M Draw:pubinclude:Draw_MarkerShape.hxx /dn43/OCCT/tmp/results_30.09.2011/occt/release-sources-20110930/inc/Draw_MarkerShape.hxx
+M Draw:dbadmfile:Draw_xcpp_header.In /dn43/OCCT/tmp/results_30.09.2011/occt/release-sources-20110930/drv/Draw/.adm/Draw_xcpp_header.In
+M Draw:dbadmfile:Draw_xcpp_header.Out /dn43/OCCT/tmp/results_30.09.2011/occt/release-sources-20110930/drv/Draw/.adm/Draw_xcpp_header.Out
+M Draw:dbadmfile:Draw_xcpp_header.Dep /dn43/OCCT/tmp/results_30.09.2011/occt/release-sources-20110930/drv/Draw/.adm/Draw_xcpp_header.Dep
