+M IntPoly:pubinclude:IntPoly_SequenceOfSequenceOfPnt2d.hxx /dn43/OCCT/tmp/results_30.09.2011/occt/release-sources-20110930/inc/IntPoly_SequenceOfSequenceOfPnt2d.hxx
+M IntPoly:derivated:IntPoly_SequenceOfSequenceOfPnt2d_0.cxx /dn43/OCCT/tmp/results_30.09.2011/occt/release-sources-20110930/drv/IntPoly/IntPoly_SequenceOfSequenceOfPnt2d_0.cxx
+M IntPoly:pubinclude:IntPoly_Pnt2dHasher.hxx /dn43/OCCT/tmp/results_30.09.2011/occt/release-sources-20110930/inc/IntPoly_Pnt2dHasher.hxx
+M IntPoly:privinclude:IntPoly_Pnt2dHasher.jxx /dn43/OCCT/tmp/results_30.09.2011/occt/release-sources-20110930/drv/IntPoly/IntPoly_Pnt2dHasher.jxx
+M IntPoly:privinclude:IntPoly_Pnt2dHasher.ixx /dn43/OCCT/tmp/results_30.09.2011/occt/release-sources-20110930/drv/IntPoly/IntPoly_Pnt2dHasher.ixx
+M IntPoly:pubinclude:IntPoly_IndexedMapOfPnt2d.hxx /dn43/OCCT/tmp/results_30.09.2011/occt/release-sources-20110930/inc/IntPoly_IndexedMapOfPnt2d.hxx
+M IntPoly:derivated:IntPoly_IndexedMapOfPnt2d_0.cxx /dn43/OCCT/tmp/results_30.09.2011/occt/release-sources-20110930/drv/IntPoly/IntPoly_IndexedMapOfPnt2d_0.cxx
+M IntPoly:pubinclude:IntPoly_PlaneSection.hxx /dn43/OCCT/tmp/results_30.09.2011/occt/release-sources-20110930/inc/IntPoly_PlaneSection.hxx
+M IntPoly:privinclude:IntPoly_PlaneSection.jxx /dn43/OCCT/tmp/results_30.09.2011/occt/release-sources-20110930/drv/IntPoly/IntPoly_PlaneSection.jxx
+M IntPoly:privinclude:IntPoly_PlaneSection.ixx /dn43/OCCT/tmp/results_30.09.2011/occt/release-sources-20110930/drv/IntPoly/IntPoly_PlaneSection.ixx
+M IntPoly:pubinclude:IntPoly_SequenceOfSequenceOfPnt.hxx /dn43/OCCT/tmp/results_30.09.2011/occt/release-sources-20110930/inc/IntPoly_SequenceOfSequenceOfPnt.hxx
+M IntPoly:derivated:IntPoly_SequenceOfSequenceOfPnt_0.cxx /dn43/OCCT/tmp/results_30.09.2011/occt/release-sources-20110930/drv/IntPoly/IntPoly_SequenceOfSequenceOfPnt_0.cxx
+M IntPoly:pubinclude:IntPoly_PntHasher.hxx /dn43/OCCT/tmp/results_30.09.2011/occt/release-sources-20110930/inc/IntPoly_PntHasher.hxx
+M IntPoly:privinclude:IntPoly_PntHasher.jxx /dn43/OCCT/tmp/results_30.09.2011/occt/release-sources-20110930/drv/IntPoly/IntPoly_PntHasher.jxx
+M IntPoly:privinclude:IntPoly_PntHasher.ixx /dn43/OCCT/tmp/results_30.09.2011/occt/release-sources-20110930/drv/IntPoly/IntPoly_PntHasher.ixx
+M IntPoly:pubinclude:IntPoly_IndexedMapOfPnt.hxx /dn43/OCCT/tmp/results_30.09.2011/occt/release-sources-20110930/inc/IntPoly_IndexedMapOfPnt.hxx
+M IntPoly:derivated:IntPoly_IndexedMapOfPnt_0.cxx /dn43/OCCT/tmp/results_30.09.2011/occt/release-sources-20110930/drv/IntPoly/IntPoly_IndexedMapOfPnt_0.cxx
+M IntPoly:pubinclude:IntPoly_ShapeSection.hxx /dn43/OCCT/tmp/results_30.09.2011/occt/release-sources-20110930/inc/IntPoly_ShapeSection.hxx
+M IntPoly:privinclude:IntPoly_ShapeSection.jxx /dn43/OCCT/tmp/results_30.09.2011/occt/release-sources-20110930/drv/IntPoly/IntPoly_ShapeSection.jxx
+M IntPoly:privinclude:IntPoly_ShapeSection.ixx /dn43/OCCT/tmp/results_30.09.2011/occt/release-sources-20110930/drv/IntPoly/IntPoly_ShapeSection.ixx
+M IntPoly:pubinclude:Handle_IntPoly_SequenceNodeOfSequenceOfSequenceOfPnt2d.hxx /dn43/OCCT/tmp/results_30.09.2011/occt/release-sources-20110930/inc/Handle_IntPoly_SequenceNodeOfSequenceOfSequenceOfPnt2d.hxx
+M IntPoly:pubinclude:IntPoly_SequenceNodeOfSequenceOfSequenceOfPnt2d.hxx /dn43/OCCT/tmp/results_30.09.2011/occt/release-sources-20110930/inc/IntPoly_SequenceNodeOfSequenceOfSequenceOfPnt2d.hxx
+M IntPoly:derivated:IntPoly_SequenceNodeOfSequenceOfSequenceOfPnt2d_0.cxx /dn43/OCCT/tmp/results_30.09.2011/occt/release-sources-20110930/drv/IntPoly/IntPoly_SequenceNodeOfSequenceOfSequenceOfPnt2d_0.cxx
+M IntPoly:pubinclude:Handle_IntPoly_IndexedMapNodeOfIndexedMapOfPnt2d.hxx /dn43/OCCT/tmp/results_30.09.2011/occt/release-sources-20110930/inc/Handle_IntPoly_IndexedMapNodeOfIndexedMapOfPnt2d.hxx
+M IntPoly:pubinclude:IntPoly_IndexedMapNodeOfIndexedMapOfPnt2d.hxx /dn43/OCCT/tmp/results_30.09.2011/occt/release-sources-20110930/inc/IntPoly_IndexedMapNodeOfIndexedMapOfPnt2d.hxx
+M IntPoly:derivated:IntPoly_IndexedMapNodeOfIndexedMapOfPnt2d_0.cxx /dn43/OCCT/tmp/results_30.09.2011/occt/release-sources-20110930/drv/IntPoly/IntPoly_IndexedMapNodeOfIndexedMapOfPnt2d_0.cxx
+M IntPoly:pubinclude:Handle_IntPoly_SequenceNodeOfSequenceOfSequenceOfPnt.hxx /dn43/OCCT/tmp/results_30.09.2011/occt/release-sources-20110930/inc/Handle_IntPoly_SequenceNodeOfSequenceOfSequenceOfPnt.hxx
+M IntPoly:pubinclude:IntPoly_SequenceNodeOfSequenceOfSequenceOfPnt.hxx /dn43/OCCT/tmp/results_30.09.2011/occt/release-sources-20110930/inc/IntPoly_SequenceNodeOfSequenceOfSequenceOfPnt.hxx
+M IntPoly:derivated:IntPoly_SequenceNodeOfSequenceOfSequenceOfPnt_0.cxx /dn43/OCCT/tmp/results_30.09.2011/occt/release-sources-20110930/drv/IntPoly/IntPoly_SequenceNodeOfSequenceOfSequenceOfPnt_0.cxx
+M IntPoly:pubinclude:Handle_IntPoly_IndexedMapNodeOfIndexedMapOfPnt.hxx /dn43/OCCT/tmp/results_30.09.2011/occt/release-sources-20110930/inc/Handle_IntPoly_IndexedMapNodeOfIndexedMapOfPnt.hxx
+M IntPoly:pubinclude:IntPoly_IndexedMapNodeOfIndexedMapOfPnt.hxx /dn43/OCCT/tmp/results_30.09.2011/occt/release-sources-20110930/inc/IntPoly_IndexedMapNodeOfIndexedMapOfPnt.hxx
+M IntPoly:derivated:IntPoly_IndexedMapNodeOfIndexedMapOfPnt_0.cxx /dn43/OCCT/tmp/results_30.09.2011/occt/release-sources-20110930/drv/IntPoly/IntPoly_IndexedMapNodeOfIndexedMapOfPnt_0.cxx
+M IntPoly:dbadmfile:IntPoly_xcpp_header.In /dn43/OCCT/tmp/results_30.09.2011/occt/release-sources-20110930/drv/IntPoly/.adm/IntPoly_xcpp_header.In
+M IntPoly:dbadmfile:IntPoly_xcpp_header.Out /dn43/OCCT/tmp/results_30.09.2011/occt/release-sources-20110930/drv/IntPoly/.adm/IntPoly_xcpp_header.Out
+M IntPoly:dbadmfile:IntPoly_xcpp_header.Dep /dn43/OCCT/tmp/results_30.09.2011/occt/release-sources-20110930/drv/IntPoly/.adm/IntPoly_xcpp_header.Dep
