+M BRepGProp:pubinclude:BRepGProp.hxx /dn43/OCCT/tmp/results_30.09.2011/occt/release-sources-20110930/inc/BRepGProp.hxx
+M BRepGProp:privinclude:BRepGProp.jxx /dn43/OCCT/tmp/results_30.09.2011/occt/release-sources-20110930/drv/BRepGProp/BRepGProp.jxx
+M BRepGProp:privinclude:BRepGProp.ixx /dn43/OCCT/tmp/results_30.09.2011/occt/release-sources-20110930/drv/BRepGProp/BRepGProp.ixx
+M BRepGProp:pubinclude:BRepGProp_EdgeTool.hxx /dn43/OCCT/tmp/results_30.09.2011/occt/release-sources-20110930/inc/BRepGProp_EdgeTool.hxx
+M BRepGProp:privinclude:BRepGProp_EdgeTool.jxx /dn43/OCCT/tmp/results_30.09.2011/occt/release-sources-20110930/drv/BRepGProp/BRepGProp_EdgeTool.jxx
+M BRepGProp:privinclude:BRepGProp_EdgeTool.ixx /dn43/OCCT/tmp/results_30.09.2011/occt/release-sources-20110930/drv/BRepGProp/BRepGProp_EdgeTool.ixx
+M BRepGProp:pubinclude:BRepGProp_Face.hxx /dn43/OCCT/tmp/results_30.09.2011/occt/release-sources-20110930/inc/BRepGProp_Face.hxx
+M BRepGProp:privinclude:BRepGProp_Face.jxx /dn43/OCCT/tmp/results_30.09.2011/occt/release-sources-20110930/drv/BRepGProp/BRepGProp_Face.jxx
+M BRepGProp:privinclude:BRepGProp_Face.ixx /dn43/OCCT/tmp/results_30.09.2011/occt/release-sources-20110930/drv/BRepGProp/BRepGProp_Face.ixx
+M BRepGProp:pubinclude:BRepGProp_Domain.hxx /dn43/OCCT/tmp/results_30.09.2011/occt/release-sources-20110930/inc/BRepGProp_Domain.hxx
+M BRepGProp:privinclude:BRepGProp_Domain.jxx /dn43/OCCT/tmp/results_30.09.2011/occt/release-sources-20110930/drv/BRepGProp/BRepGProp_Domain.jxx
+M BRepGProp:privinclude:BRepGProp_Domain.ixx /dn43/OCCT/tmp/results_30.09.2011/occt/release-sources-20110930/drv/BRepGProp/BRepGProp_Domain.ixx
+M BRepGProp:pubinclude:BRepGProp_Cinert.hxx /dn43/OCCT/tmp/results_30.09.2011/occt/release-sources-20110930/inc/BRepGProp_Cinert.hxx
+M BRepGProp:derivated:BRepGProp_Cinert_0.cxx /dn43/OCCT/tmp/results_30.09.2011/occt/release-sources-20110930/drv/BRepGProp/BRepGProp_Cinert_0.cxx
+M BRepGProp:pubinclude:BRepGProp_Sinert.hxx /dn43/OCCT/tmp/results_30.09.2011/occt/release-sources-20110930/inc/BRepGProp_Sinert.hxx
+M BRepGProp:derivated:BRepGProp_Sinert_0.cxx /dn43/OCCT/tmp/results_30.09.2011/occt/release-sources-20110930/drv/BRepGProp/BRepGProp_Sinert_0.cxx
+M BRepGProp:pubinclude:BRepGProp_Vinert.hxx /dn43/OCCT/tmp/results_30.09.2011/occt/release-sources-20110930/inc/BRepGProp_Vinert.hxx
+M BRepGProp:derivated:BRepGProp_Vinert_0.cxx /dn43/OCCT/tmp/results_30.09.2011/occt/release-sources-20110930/drv/BRepGProp/BRepGProp_Vinert_0.cxx
+M BRepGProp:pubinclude:BRepGProp_VinertGK.hxx /dn43/OCCT/tmp/results_30.09.2011/occt/release-sources-20110930/inc/BRepGProp_VinertGK.hxx
+M BRepGProp:derivated:BRepGProp_VinertGK_0.cxx /dn43/OCCT/tmp/results_30.09.2011/occt/release-sources-20110930/drv/BRepGProp/BRepGProp_VinertGK_0.cxx
+M BRepGProp:pubinclude:BRepGProp_UFunctionOfVinertGK.hxx /dn43/OCCT/tmp/results_30.09.2011/occt/release-sources-20110930/inc/BRepGProp_UFunctionOfVinertGK.hxx
+M BRepGProp:derivated:BRepGProp_UFunctionOfVinertGK_0.cxx /dn43/OCCT/tmp/results_30.09.2011/occt/release-sources-20110930/drv/BRepGProp/BRepGProp_UFunctionOfVinertGK_0.cxx
+M BRepGProp:pubinclude:BRepGProp_TFunctionOfVinertGK.hxx /dn43/OCCT/tmp/results_30.09.2011/occt/release-sources-20110930/inc/BRepGProp_TFunctionOfVinertGK.hxx
+M BRepGProp:derivated:BRepGProp_TFunctionOfVinertGK_0.cxx /dn43/OCCT/tmp/results_30.09.2011/occt/release-sources-20110930/drv/BRepGProp/BRepGProp_TFunctionOfVinertGK_0.cxx
+M BRepGProp:dbadmfile:BRepGProp_xcpp_header.In /dn43/OCCT/tmp/results_30.09.2011/occt/release-sources-20110930/drv/BRepGProp/.adm/BRepGProp_xcpp_header.In
+M BRepGProp:dbadmfile:BRepGProp_xcpp_header.Out /dn43/OCCT/tmp/results_30.09.2011/occt/release-sources-20110930/drv/BRepGProp/.adm/BRepGProp_xcpp_header.Out
+M BRepGProp:dbadmfile:BRepGProp_xcpp_header.Dep /dn43/OCCT/tmp/results_30.09.2011/occt/release-sources-20110930/drv/BRepGProp/.adm/BRepGProp_xcpp_header.Dep
