+M LDOM:pubinclude:LDOM_DeclareSequence.hxx /dn43/OCCT/tmp/results_30.09.2011/occt/release-sources-20110930/inc/LDOM_DeclareSequence.hxx
+M LDOM:pubinclude:LDOM_Attr.hxx /dn43/OCCT/tmp/results_30.09.2011/occt/release-sources-20110930/inc/LDOM_Attr.hxx
+M LDOM:pubinclude:LDOM_BasicAttribute.hxx /dn43/OCCT/tmp/results_30.09.2011/occt/release-sources-20110930/inc/LDOM_BasicAttribute.hxx
+M LDOM:pubinclude:LDOM_BasicElement.hxx /dn43/OCCT/tmp/results_30.09.2011/occt/release-sources-20110930/inc/LDOM_BasicElement.hxx
+M LDOM:pubinclude:LDOM_BasicNode.hxx /dn43/OCCT/tmp/results_30.09.2011/occt/release-sources-20110930/inc/LDOM_BasicNode.hxx
+M LDOM:pubinclude:LDOM_BasicText.hxx /dn43/OCCT/tmp/results_30.09.2011/occt/release-sources-20110930/inc/LDOM_BasicText.hxx
+M LDOM:pubinclude:LDOM_CDATASection.hxx /dn43/OCCT/tmp/results_30.09.2011/occt/release-sources-20110930/inc/LDOM_CDATASection.hxx
+M LDOM:pubinclude:LDOM_CharReference.hxx /dn43/OCCT/tmp/results_30.09.2011/occt/release-sources-20110930/inc/LDOM_CharReference.hxx
+M LDOM:pubinclude:LDOM_CharacterData.hxx /dn43/OCCT/tmp/results_30.09.2011/occt/release-sources-20110930/inc/LDOM_CharacterData.hxx
+M LDOM:pubinclude:LDOM_Comment.hxx /dn43/OCCT/tmp/results_30.09.2011/occt/release-sources-20110930/inc/LDOM_Comment.hxx
+M LDOM:pubinclude:LDOM_Document.hxx /dn43/OCCT/tmp/results_30.09.2011/occt/release-sources-20110930/inc/LDOM_Document.hxx
+M LDOM:pubinclude:LDOM_DocumentType.hxx /dn43/OCCT/tmp/results_30.09.2011/occt/release-sources-20110930/inc/LDOM_DocumentType.hxx
+M LDOM:pubinclude:LDOM_Element.hxx /dn43/OCCT/tmp/results_30.09.2011/occt/release-sources-20110930/inc/LDOM_Element.hxx
+M LDOM:pubinclude:LDOM_LDOMImplementation.hxx /dn43/OCCT/tmp/results_30.09.2011/occt/release-sources-20110930/inc/LDOM_LDOMImplementation.hxx
+M LDOM:pubinclude:LDOM_MemManager.hxx /dn43/OCCT/tmp/results_30.09.2011/occt/release-sources-20110930/inc/LDOM_MemManager.hxx
+M LDOM:pubinclude:LDOM_Node.hxx /dn43/OCCT/tmp/results_30.09.2011/occt/release-sources-20110930/inc/LDOM_Node.hxx
+M LDOM:pubinclude:LDOM_NodeList.hxx /dn43/OCCT/tmp/results_30.09.2011/occt/release-sources-20110930/inc/LDOM_NodeList.hxx
+M LDOM:pubinclude:LDOM_Text.hxx /dn43/OCCT/tmp/results_30.09.2011/occt/release-sources-20110930/inc/LDOM_Text.hxx
+M LDOM:pubinclude:LDOM_XmlReader.hxx /dn43/OCCT/tmp/results_30.09.2011/occt/release-sources-20110930/inc/LDOM_XmlReader.hxx
+M LDOM:pubinclude:LDOM_XmlWriter.hxx /dn43/OCCT/tmp/results_30.09.2011/occt/release-sources-20110930/inc/LDOM_XmlWriter.hxx
+M LDOM:pubinclude:LDOMBasicString.hxx /dn43/OCCT/tmp/results_30.09.2011/occt/release-sources-20110930/inc/LDOMBasicString.hxx
+M LDOM:pubinclude:LDOMParser.hxx /dn43/OCCT/tmp/results_30.09.2011/occt/release-sources-20110930/inc/LDOMParser.hxx
+M LDOM:pubinclude:LDOMString.hxx /dn43/OCCT/tmp/results_30.09.2011/occt/release-sources-20110930/inc/LDOMString.hxx
+M LDOM:pubinclude:LDOM_OSStream.hxx /dn43/OCCT/tmp/results_30.09.2011/occt/release-sources-20110930/inc/LDOM_OSStream.hxx
+M LDOM:pubinclude:Handle_LDOM_MemManager.hxx /dn43/OCCT/tmp/results_30.09.2011/occt/release-sources-20110930/inc/Handle_LDOM_MemManager.hxx
+M LDOM:dbadmfile:LDOM_obj_inc.In /dn43/OCCT/tmp/results_30.09.2011/occt/release-sources-20110930/drv/LDOM/.adm/LDOM_obj_inc.In
+M LDOM:dbadmfile:LDOM_obj_inc.Out /dn43/OCCT/tmp/results_30.09.2011/occt/release-sources-20110930/drv/LDOM/.adm/LDOM_obj_inc.Out
+M LDOM:dbadmfile:LDOM_obj_inc.Dep /dn43/OCCT/tmp/results_30.09.2011/occt/release-sources-20110930/drv/LDOM/.adm/LDOM_obj_inc.Dep
