+M Prs2d:pubinclude:Handle_Prs2d_AspectRoot.hxx /dn43/OCCT/tmp/results_30.09.2011/occt/release-sources-20110930/inc/Handle_Prs2d_AspectRoot.hxx
+M Prs2d:pubinclude:Prs2d_AspectRoot.hxx /dn43/OCCT/tmp/results_30.09.2011/occt/release-sources-20110930/inc/Prs2d_AspectRoot.hxx
+M Prs2d:privinclude:Prs2d_AspectRoot.jxx /dn43/OCCT/tmp/results_30.09.2011/occt/release-sources-20110930/drv/Prs2d/Prs2d_AspectRoot.jxx
+M Prs2d:privinclude:Prs2d_AspectRoot.ixx /dn43/OCCT/tmp/results_30.09.2011/occt/release-sources-20110930/drv/Prs2d/Prs2d_AspectRoot.ixx
+M Prs2d:pubinclude:Handle_Prs2d_AspectLine.hxx /dn43/OCCT/tmp/results_30.09.2011/occt/release-sources-20110930/inc/Handle_Prs2d_AspectLine.hxx
+M Prs2d:pubinclude:Prs2d_AspectLine.hxx /dn43/OCCT/tmp/results_30.09.2011/occt/release-sources-20110930/inc/Prs2d_AspectLine.hxx
+M Prs2d:privinclude:Prs2d_AspectLine.jxx /dn43/OCCT/tmp/results_30.09.2011/occt/release-sources-20110930/drv/Prs2d/Prs2d_AspectLine.jxx
+M Prs2d:privinclude:Prs2d_AspectLine.ixx /dn43/OCCT/tmp/results_30.09.2011/occt/release-sources-20110930/drv/Prs2d/Prs2d_AspectLine.ixx
+M Prs2d:pubinclude:Handle_Prs2d_AspectText.hxx /dn43/OCCT/tmp/results_30.09.2011/occt/release-sources-20110930/inc/Handle_Prs2d_AspectText.hxx
+M Prs2d:pubinclude:Prs2d_AspectText.hxx /dn43/OCCT/tmp/results_30.09.2011/occt/release-sources-20110930/inc/Prs2d_AspectText.hxx
+M Prs2d:privinclude:Prs2d_AspectText.jxx /dn43/OCCT/tmp/results_30.09.2011/occt/release-sources-20110930/drv/Prs2d/Prs2d_AspectText.jxx
+M Prs2d:privinclude:Prs2d_AspectText.ixx /dn43/OCCT/tmp/results_30.09.2011/occt/release-sources-20110930/drv/Prs2d/Prs2d_AspectText.ixx
+M Prs2d:pubinclude:Handle_Prs2d_AspectHidingPoly.hxx /dn43/OCCT/tmp/results_30.09.2011/occt/release-sources-20110930/inc/Handle_Prs2d_AspectHidingPoly.hxx
+M Prs2d:pubinclude:Prs2d_AspectHidingPoly.hxx /dn43/OCCT/tmp/results_30.09.2011/occt/release-sources-20110930/inc/Prs2d_AspectHidingPoly.hxx
+M Prs2d:privinclude:Prs2d_AspectHidingPoly.jxx /dn43/OCCT/tmp/results_30.09.2011/occt/release-sources-20110930/drv/Prs2d/Prs2d_AspectHidingPoly.jxx
+M Prs2d:privinclude:Prs2d_AspectHidingPoly.ixx /dn43/OCCT/tmp/results_30.09.2011/occt/release-sources-20110930/drv/Prs2d/Prs2d_AspectHidingPoly.ixx
+M Prs2d:pubinclude:Handle_Prs2d_AspectHidingText.hxx /dn43/OCCT/tmp/results_30.09.2011/occt/release-sources-20110930/inc/Handle_Prs2d_AspectHidingText.hxx
+M Prs2d:pubinclude:Prs2d_AspectHidingText.hxx /dn43/OCCT/tmp/results_30.09.2011/occt/release-sources-20110930/inc/Prs2d_AspectHidingText.hxx
+M Prs2d:privinclude:Prs2d_AspectHidingText.jxx /dn43/OCCT/tmp/results_30.09.2011/occt/release-sources-20110930/drv/Prs2d/Prs2d_AspectHidingText.jxx
+M Prs2d:privinclude:Prs2d_AspectHidingText.ixx /dn43/OCCT/tmp/results_30.09.2011/occt/release-sources-20110930/drv/Prs2d/Prs2d_AspectHidingText.ixx
+M Prs2d:pubinclude:Handle_Prs2d_AspectFramedText.hxx /dn43/OCCT/tmp/results_30.09.2011/occt/release-sources-20110930/inc/Handle_Prs2d_AspectFramedText.hxx
+M Prs2d:pubinclude:Prs2d_AspectFramedText.hxx /dn43/OCCT/tmp/results_30.09.2011/occt/release-sources-20110930/inc/Prs2d_AspectFramedText.hxx
+M Prs2d:privinclude:Prs2d_AspectFramedText.jxx /dn43/OCCT/tmp/results_30.09.2011/occt/release-sources-20110930/drv/Prs2d/Prs2d_AspectFramedText.jxx
+M Prs2d:privinclude:Prs2d_AspectFramedText.ixx /dn43/OCCT/tmp/results_30.09.2011/occt/release-sources-20110930/drv/Prs2d/Prs2d_AspectFramedText.ixx
+M Prs2d:pubinclude:Handle_Prs2d_Point.hxx /dn43/OCCT/tmp/results_30.09.2011/occt/release-sources-20110930/inc/Handle_Prs2d_Point.hxx
+M Prs2d:pubinclude:Prs2d_Point.hxx /dn43/OCCT/tmp/results_30.09.2011/occt/release-sources-20110930/inc/Prs2d_Point.hxx
+M Prs2d:privinclude:Prs2d_Point.jxx /dn43/OCCT/tmp/results_30.09.2011/occt/release-sources-20110930/drv/Prs2d/Prs2d_Point.jxx
+M Prs2d:privinclude:Prs2d_Point.ixx /dn43/OCCT/tmp/results_30.09.2011/occt/release-sources-20110930/drv/Prs2d/Prs2d_Point.ixx
+M Prs2d:pubinclude:Handle_Prs2d_Axis.hxx /dn43/OCCT/tmp/results_30.09.2011/occt/release-sources-20110930/inc/Handle_Prs2d_Axis.hxx
+M Prs2d:pubinclude:Prs2d_Axis.hxx /dn43/OCCT/tmp/results_30.09.2011/occt/release-sources-20110930/inc/Prs2d_Axis.hxx
+M Prs2d:privinclude:Prs2d_Axis.jxx /dn43/OCCT/tmp/results_30.09.2011/occt/release-sources-20110930/drv/Prs2d/Prs2d_Axis.jxx
+M Prs2d:privinclude:Prs2d_Axis.ixx /dn43/OCCT/tmp/results_30.09.2011/occt/release-sources-20110930/drv/Prs2d/Prs2d_Axis.ixx
+M Prs2d:pubinclude:Handle_Prs2d_Arrow.hxx /dn43/OCCT/tmp/results_30.09.2011/occt/release-sources-20110930/inc/Handle_Prs2d_Arrow.hxx
+M Prs2d:pubinclude:Prs2d_Arrow.hxx /dn43/OCCT/tmp/results_30.09.2011/occt/release-sources-20110930/inc/Prs2d_Arrow.hxx
+M Prs2d:privinclude:Prs2d_Arrow.jxx /dn43/OCCT/tmp/results_30.09.2011/occt/release-sources-20110930/drv/Prs2d/Prs2d_Arrow.jxx
+M Prs2d:privinclude:Prs2d_Arrow.ixx /dn43/OCCT/tmp/results_30.09.2011/occt/release-sources-20110930/drv/Prs2d/Prs2d_Arrow.ixx
+M Prs2d:pubinclude:Handle_Prs2d_Dimension.hxx /dn43/OCCT/tmp/results_30.09.2011/occt/release-sources-20110930/inc/Handle_Prs2d_Dimension.hxx
+M Prs2d:pubinclude:Prs2d_Dimension.hxx /dn43/OCCT/tmp/results_30.09.2011/occt/release-sources-20110930/inc/Prs2d_Dimension.hxx
+M Prs2d:privinclude:Prs2d_Dimension.jxx /dn43/OCCT/tmp/results_30.09.2011/occt/release-sources-20110930/drv/Prs2d/Prs2d_Dimension.jxx
+M Prs2d:privinclude:Prs2d_Dimension.ixx /dn43/OCCT/tmp/results_30.09.2011/occt/release-sources-20110930/drv/Prs2d/Prs2d_Dimension.ixx
+M Prs2d:pubinclude:Handle_Prs2d_Angle.hxx /dn43/OCCT/tmp/results_30.09.2011/occt/release-sources-20110930/inc/Handle_Prs2d_Angle.hxx
+M Prs2d:pubinclude:Prs2d_Angle.hxx /dn43/OCCT/tmp/results_30.09.2011/occt/release-sources-20110930/inc/Prs2d_Angle.hxx
+M Prs2d:privinclude:Prs2d_Angle.jxx /dn43/OCCT/tmp/results_30.09.2011/occt/release-sources-20110930/drv/Prs2d/Prs2d_Angle.jxx
+M Prs2d:privinclude:Prs2d_Angle.ixx /dn43/OCCT/tmp/results_30.09.2011/occt/release-sources-20110930/drv/Prs2d/Prs2d_Angle.ixx
+M Prs2d:pubinclude:Handle_Prs2d_Length.hxx /dn43/OCCT/tmp/results_30.09.2011/occt/release-sources-20110930/inc/Handle_Prs2d_Length.hxx
+M Prs2d:pubinclude:Prs2d_Length.hxx /dn43/OCCT/tmp/results_30.09.2011/occt/release-sources-20110930/inc/Prs2d_Length.hxx
+M Prs2d:privinclude:Prs2d_Length.jxx /dn43/OCCT/tmp/results_30.09.2011/occt/release-sources-20110930/drv/Prs2d/Prs2d_Length.jxx
+M Prs2d:privinclude:Prs2d_Length.ixx /dn43/OCCT/tmp/results_30.09.2011/occt/release-sources-20110930/drv/Prs2d/Prs2d_Length.ixx
+M Prs2d:pubinclude:Handle_Prs2d_Radius.hxx /dn43/OCCT/tmp/results_30.09.2011/occt/release-sources-20110930/inc/Handle_Prs2d_Radius.hxx
+M Prs2d:pubinclude:Prs2d_Radius.hxx /dn43/OCCT/tmp/results_30.09.2011/occt/release-sources-20110930/inc/Prs2d_Radius.hxx
+M Prs2d:privinclude:Prs2d_Radius.jxx /dn43/OCCT/tmp/results_30.09.2011/occt/release-sources-20110930/drv/Prs2d/Prs2d_Radius.jxx
+M Prs2d:privinclude:Prs2d_Radius.ixx /dn43/OCCT/tmp/results_30.09.2011/occt/release-sources-20110930/drv/Prs2d/Prs2d_Radius.ixx
+M Prs2d:pubinclude:Handle_Prs2d_Diameter.hxx /dn43/OCCT/tmp/results_30.09.2011/occt/release-sources-20110930/inc/Handle_Prs2d_Diameter.hxx
+M Prs2d:pubinclude:Prs2d_Diameter.hxx /dn43/OCCT/tmp/results_30.09.2011/occt/release-sources-20110930/inc/Prs2d_Diameter.hxx
+M Prs2d:privinclude:Prs2d_Diameter.jxx /dn43/OCCT/tmp/results_30.09.2011/occt/release-sources-20110930/drv/Prs2d/Prs2d_Diameter.jxx
+M Prs2d:privinclude:Prs2d_Diameter.ixx /dn43/OCCT/tmp/results_30.09.2011/occt/release-sources-20110930/drv/Prs2d/Prs2d_Diameter.ixx
+M Prs2d:pubinclude:Handle_Prs2d_Repere.hxx /dn43/OCCT/tmp/results_30.09.2011/occt/release-sources-20110930/inc/Handle_Prs2d_Repere.hxx
+M Prs2d:pubinclude:Prs2d_Repere.hxx /dn43/OCCT/tmp/results_30.09.2011/occt/release-sources-20110930/inc/Prs2d_Repere.hxx
+M Prs2d:privinclude:Prs2d_Repere.jxx /dn43/OCCT/tmp/results_30.09.2011/occt/release-sources-20110930/drv/Prs2d/Prs2d_Repere.jxx
+M Prs2d:privinclude:Prs2d_Repere.ixx /dn43/OCCT/tmp/results_30.09.2011/occt/release-sources-20110930/drv/Prs2d/Prs2d_Repere.ixx
+M Prs2d:pubinclude:Handle_Prs2d_RadiusIndep.hxx /dn43/OCCT/tmp/results_30.09.2011/occt/release-sources-20110930/inc/Handle_Prs2d_RadiusIndep.hxx
+M Prs2d:pubinclude:Prs2d_RadiusIndep.hxx /dn43/OCCT/tmp/results_30.09.2011/occt/release-sources-20110930/inc/Prs2d_RadiusIndep.hxx
+M Prs2d:privinclude:Prs2d_RadiusIndep.jxx /dn43/OCCT/tmp/results_30.09.2011/occt/release-sources-20110930/drv/Prs2d/Prs2d_RadiusIndep.jxx
+M Prs2d:privinclude:Prs2d_RadiusIndep.ixx /dn43/OCCT/tmp/results_30.09.2011/occt/release-sources-20110930/drv/Prs2d/Prs2d_RadiusIndep.ixx
+M Prs2d:pubinclude:Handle_Prs2d_ToleranceFrame.hxx /dn43/OCCT/tmp/results_30.09.2011/occt/release-sources-20110930/inc/Handle_Prs2d_ToleranceFrame.hxx
+M Prs2d:pubinclude:Prs2d_ToleranceFrame.hxx /dn43/OCCT/tmp/results_30.09.2011/occt/release-sources-20110930/inc/Prs2d_ToleranceFrame.hxx
+M Prs2d:privinclude:Prs2d_ToleranceFrame.jxx /dn43/OCCT/tmp/results_30.09.2011/occt/release-sources-20110930/drv/Prs2d/Prs2d_ToleranceFrame.jxx
+M Prs2d:privinclude:Prs2d_ToleranceFrame.ixx /dn43/OCCT/tmp/results_30.09.2011/occt/release-sources-20110930/drv/Prs2d/Prs2d_ToleranceFrame.ixx
+M Prs2d:pubinclude:Handle_Prs2d_Tolerance.hxx /dn43/OCCT/tmp/results_30.09.2011/occt/release-sources-20110930/inc/Handle_Prs2d_Tolerance.hxx
+M Prs2d:pubinclude:Prs2d_Tolerance.hxx /dn43/OCCT/tmp/results_30.09.2011/occt/release-sources-20110930/inc/Prs2d_Tolerance.hxx
+M Prs2d:privinclude:Prs2d_Tolerance.jxx /dn43/OCCT/tmp/results_30.09.2011/occt/release-sources-20110930/drv/Prs2d/Prs2d_Tolerance.jxx
+M Prs2d:privinclude:Prs2d_Tolerance.ixx /dn43/OCCT/tmp/results_30.09.2011/occt/release-sources-20110930/drv/Prs2d/Prs2d_Tolerance.ixx
+M Prs2d:pubinclude:Handle_Prs2d_Straightness.hxx /dn43/OCCT/tmp/results_30.09.2011/occt/release-sources-20110930/inc/Handle_Prs2d_Straightness.hxx
+M Prs2d:pubinclude:Prs2d_Straightness.hxx /dn43/OCCT/tmp/results_30.09.2011/occt/release-sources-20110930/inc/Prs2d_Straightness.hxx
+M Prs2d:privinclude:Prs2d_Straightness.jxx /dn43/OCCT/tmp/results_30.09.2011/occt/release-sources-20110930/drv/Prs2d/Prs2d_Straightness.jxx
+M Prs2d:privinclude:Prs2d_Straightness.ixx /dn43/OCCT/tmp/results_30.09.2011/occt/release-sources-20110930/drv/Prs2d/Prs2d_Straightness.ixx
+M Prs2d:pubinclude:Handle_Prs2d_Flatness.hxx /dn43/OCCT/tmp/results_30.09.2011/occt/release-sources-20110930/inc/Handle_Prs2d_Flatness.hxx
+M Prs2d:pubinclude:Prs2d_Flatness.hxx /dn43/OCCT/tmp/results_30.09.2011/occt/release-sources-20110930/inc/Prs2d_Flatness.hxx
+M Prs2d:privinclude:Prs2d_Flatness.jxx /dn43/OCCT/tmp/results_30.09.2011/occt/release-sources-20110930/drv/Prs2d/Prs2d_Flatness.jxx
+M Prs2d:privinclude:Prs2d_Flatness.ixx /dn43/OCCT/tmp/results_30.09.2011/occt/release-sources-20110930/drv/Prs2d/Prs2d_Flatness.ixx
+M Prs2d:pubinclude:Handle_Prs2d_Circularity.hxx /dn43/OCCT/tmp/results_30.09.2011/occt/release-sources-20110930/inc/Handle_Prs2d_Circularity.hxx
+M Prs2d:pubinclude:Prs2d_Circularity.hxx /dn43/OCCT/tmp/results_30.09.2011/occt/release-sources-20110930/inc/Prs2d_Circularity.hxx
+M Prs2d:privinclude:Prs2d_Circularity.jxx /dn43/OCCT/tmp/results_30.09.2011/occt/release-sources-20110930/drv/Prs2d/Prs2d_Circularity.jxx
+M Prs2d:privinclude:Prs2d_Circularity.ixx /dn43/OCCT/tmp/results_30.09.2011/occt/release-sources-20110930/drv/Prs2d/Prs2d_Circularity.ixx
+M Prs2d:pubinclude:Handle_Prs2d_Cylindric.hxx /dn43/OCCT/tmp/results_30.09.2011/occt/release-sources-20110930/inc/Handle_Prs2d_Cylindric.hxx
+M Prs2d:pubinclude:Prs2d_Cylindric.hxx /dn43/OCCT/tmp/results_30.09.2011/occt/release-sources-20110930/inc/Prs2d_Cylindric.hxx
+M Prs2d:privinclude:Prs2d_Cylindric.jxx /dn43/OCCT/tmp/results_30.09.2011/occt/release-sources-20110930/drv/Prs2d/Prs2d_Cylindric.jxx
+M Prs2d:privinclude:Prs2d_Cylindric.ixx /dn43/OCCT/tmp/results_30.09.2011/occt/release-sources-20110930/drv/Prs2d/Prs2d_Cylindric.ixx
+M Prs2d:pubinclude:Handle_Prs2d_LineProfile.hxx /dn43/OCCT/tmp/results_30.09.2011/occt/release-sources-20110930/inc/Handle_Prs2d_LineProfile.hxx
+M Prs2d:pubinclude:Prs2d_LineProfile.hxx /dn43/OCCT/tmp/results_30.09.2011/occt/release-sources-20110930/inc/Prs2d_LineProfile.hxx
+M Prs2d:privinclude:Prs2d_LineProfile.jxx /dn43/OCCT/tmp/results_30.09.2011/occt/release-sources-20110930/drv/Prs2d/Prs2d_LineProfile.jxx
+M Prs2d:privinclude:Prs2d_LineProfile.ixx /dn43/OCCT/tmp/results_30.09.2011/occt/release-sources-20110930/drv/Prs2d/Prs2d_LineProfile.ixx
+M Prs2d:pubinclude:Handle_Prs2d_SurfProfile.hxx /dn43/OCCT/tmp/results_30.09.2011/occt/release-sources-20110930/inc/Handle_Prs2d_SurfProfile.hxx
+M Prs2d:pubinclude:Prs2d_SurfProfile.hxx /dn43/OCCT/tmp/results_30.09.2011/occt/release-sources-20110930/inc/Prs2d_SurfProfile.hxx
+M Prs2d:privinclude:Prs2d_SurfProfile.jxx /dn43/OCCT/tmp/results_30.09.2011/occt/release-sources-20110930/drv/Prs2d/Prs2d_SurfProfile.jxx
+M Prs2d:privinclude:Prs2d_SurfProfile.ixx /dn43/OCCT/tmp/results_30.09.2011/occt/release-sources-20110930/drv/Prs2d/Prs2d_SurfProfile.ixx
+M Prs2d:pubinclude:Handle_Prs2d_Parallelism.hxx /dn43/OCCT/tmp/results_30.09.2011/occt/release-sources-20110930/inc/Handle_Prs2d_Parallelism.hxx
+M Prs2d:pubinclude:Prs2d_Parallelism.hxx /dn43/OCCT/tmp/results_30.09.2011/occt/release-sources-20110930/inc/Prs2d_Parallelism.hxx
+M Prs2d:privinclude:Prs2d_Parallelism.jxx /dn43/OCCT/tmp/results_30.09.2011/occt/release-sources-20110930/drv/Prs2d/Prs2d_Parallelism.jxx
+M Prs2d:privinclude:Prs2d_Parallelism.ixx /dn43/OCCT/tmp/results_30.09.2011/occt/release-sources-20110930/drv/Prs2d/Prs2d_Parallelism.ixx
+M Prs2d:pubinclude:Handle_Prs2d_Perpendicular.hxx /dn43/OCCT/tmp/results_30.09.2011/occt/release-sources-20110930/inc/Handle_Prs2d_Perpendicular.hxx
+M Prs2d:pubinclude:Prs2d_Perpendicular.hxx /dn43/OCCT/tmp/results_30.09.2011/occt/release-sources-20110930/inc/Prs2d_Perpendicular.hxx
+M Prs2d:privinclude:Prs2d_Perpendicular.jxx /dn43/OCCT/tmp/results_30.09.2011/occt/release-sources-20110930/drv/Prs2d/Prs2d_Perpendicular.jxx
+M Prs2d:privinclude:Prs2d_Perpendicular.ixx /dn43/OCCT/tmp/results_30.09.2011/occt/release-sources-20110930/drv/Prs2d/Prs2d_Perpendicular.ixx
+M Prs2d:pubinclude:Handle_Prs2d_Angularity.hxx /dn43/OCCT/tmp/results_30.09.2011/occt/release-sources-20110930/inc/Handle_Prs2d_Angularity.hxx
+M Prs2d:pubinclude:Prs2d_Angularity.hxx /dn43/OCCT/tmp/results_30.09.2011/occt/release-sources-20110930/inc/Prs2d_Angularity.hxx
+M Prs2d:privinclude:Prs2d_Angularity.jxx /dn43/OCCT/tmp/results_30.09.2011/occt/release-sources-20110930/drv/Prs2d/Prs2d_Angularity.jxx
+M Prs2d:privinclude:Prs2d_Angularity.ixx /dn43/OCCT/tmp/results_30.09.2011/occt/release-sources-20110930/drv/Prs2d/Prs2d_Angularity.ixx
+M Prs2d:pubinclude:Handle_Prs2d_Position.hxx /dn43/OCCT/tmp/results_30.09.2011/occt/release-sources-20110930/inc/Handle_Prs2d_Position.hxx
+M Prs2d:pubinclude:Prs2d_Position.hxx /dn43/OCCT/tmp/results_30.09.2011/occt/release-sources-20110930/inc/Prs2d_Position.hxx
+M Prs2d:privinclude:Prs2d_Position.jxx /dn43/OCCT/tmp/results_30.09.2011/occt/release-sources-20110930/drv/Prs2d/Prs2d_Position.jxx
+M Prs2d:privinclude:Prs2d_Position.ixx /dn43/OCCT/tmp/results_30.09.2011/occt/release-sources-20110930/drv/Prs2d/Prs2d_Position.ixx
+M Prs2d:pubinclude:Handle_Prs2d_Concentric.hxx /dn43/OCCT/tmp/results_30.09.2011/occt/release-sources-20110930/inc/Handle_Prs2d_Concentric.hxx
+M Prs2d:pubinclude:Prs2d_Concentric.hxx /dn43/OCCT/tmp/results_30.09.2011/occt/release-sources-20110930/inc/Prs2d_Concentric.hxx
+M Prs2d:privinclude:Prs2d_Concentric.jxx /dn43/OCCT/tmp/results_30.09.2011/occt/release-sources-20110930/drv/Prs2d/Prs2d_Concentric.jxx
+M Prs2d:privinclude:Prs2d_Concentric.ixx /dn43/OCCT/tmp/results_30.09.2011/occt/release-sources-20110930/drv/Prs2d/Prs2d_Concentric.ixx
+M Prs2d:pubinclude:Handle_Prs2d_Symmetry.hxx /dn43/OCCT/tmp/results_30.09.2011/occt/release-sources-20110930/inc/Handle_Prs2d_Symmetry.hxx
+M Prs2d:pubinclude:Prs2d_Symmetry.hxx /dn43/OCCT/tmp/results_30.09.2011/occt/release-sources-20110930/inc/Prs2d_Symmetry.hxx
+M Prs2d:privinclude:Prs2d_Symmetry.jxx /dn43/OCCT/tmp/results_30.09.2011/occt/release-sources-20110930/drv/Prs2d/Prs2d_Symmetry.jxx
+M Prs2d:privinclude:Prs2d_Symmetry.ixx /dn43/OCCT/tmp/results_30.09.2011/occt/release-sources-20110930/drv/Prs2d/Prs2d_Symmetry.ixx
+M Prs2d:pubinclude:Handle_Prs2d_SymTotal.hxx /dn43/OCCT/tmp/results_30.09.2011/occt/release-sources-20110930/inc/Handle_Prs2d_SymTotal.hxx
+M Prs2d:pubinclude:Prs2d_SymTotal.hxx /dn43/OCCT/tmp/results_30.09.2011/occt/release-sources-20110930/inc/Prs2d_SymTotal.hxx
+M Prs2d:privinclude:Prs2d_SymTotal.jxx /dn43/OCCT/tmp/results_30.09.2011/occt/release-sources-20110930/drv/Prs2d/Prs2d_SymTotal.jxx
+M Prs2d:privinclude:Prs2d_SymTotal.ixx /dn43/OCCT/tmp/results_30.09.2011/occt/release-sources-20110930/drv/Prs2d/Prs2d_SymTotal.ixx
+M Prs2d:pubinclude:Handle_Prs2d_SymCircular.hxx /dn43/OCCT/tmp/results_30.09.2011/occt/release-sources-20110930/inc/Handle_Prs2d_SymCircular.hxx
+M Prs2d:pubinclude:Prs2d_SymCircular.hxx /dn43/OCCT/tmp/results_30.09.2011/occt/release-sources-20110930/inc/Prs2d_SymCircular.hxx
+M Prs2d:privinclude:Prs2d_SymCircular.jxx /dn43/OCCT/tmp/results_30.09.2011/occt/release-sources-20110930/drv/Prs2d/Prs2d_SymCircular.jxx
+M Prs2d:privinclude:Prs2d_SymCircular.ixx /dn43/OCCT/tmp/results_30.09.2011/occt/release-sources-20110930/drv/Prs2d/Prs2d_SymCircular.ixx
+M Prs2d:pubinclude:Handle_Prs2d_Taper.hxx /dn43/OCCT/tmp/results_30.09.2011/occt/release-sources-20110930/inc/Handle_Prs2d_Taper.hxx
+M Prs2d:pubinclude:Prs2d_Taper.hxx /dn43/OCCT/tmp/results_30.09.2011/occt/release-sources-20110930/inc/Prs2d_Taper.hxx
+M Prs2d:privinclude:Prs2d_Taper.jxx /dn43/OCCT/tmp/results_30.09.2011/occt/release-sources-20110930/drv/Prs2d/Prs2d_Taper.jxx
+M Prs2d:privinclude:Prs2d_Taper.ixx /dn43/OCCT/tmp/results_30.09.2011/occt/release-sources-20110930/drv/Prs2d/Prs2d_Taper.ixx
+M Prs2d:pubinclude:Handle_Prs2d_DrawSymbol.hxx /dn43/OCCT/tmp/results_30.09.2011/occt/release-sources-20110930/inc/Handle_Prs2d_DrawSymbol.hxx
+M Prs2d:pubinclude:Prs2d_DrawSymbol.hxx /dn43/OCCT/tmp/results_30.09.2011/occt/release-sources-20110930/inc/Prs2d_DrawSymbol.hxx
+M Prs2d:privinclude:Prs2d_DrawSymbol.jxx /dn43/OCCT/tmp/results_30.09.2011/occt/release-sources-20110930/drv/Prs2d/Prs2d_DrawSymbol.jxx
+M Prs2d:privinclude:Prs2d_DrawSymbol.ixx /dn43/OCCT/tmp/results_30.09.2011/occt/release-sources-20110930/drv/Prs2d/Prs2d_DrawSymbol.ixx
+M Prs2d:pubinclude:Handle_Prs2d_Drawer.hxx /dn43/OCCT/tmp/results_30.09.2011/occt/release-sources-20110930/inc/Handle_Prs2d_Drawer.hxx
+M Prs2d:pubinclude:Prs2d_Drawer.hxx /dn43/OCCT/tmp/results_30.09.2011/occt/release-sources-20110930/inc/Prs2d_Drawer.hxx
+M Prs2d:privinclude:Prs2d_Drawer.jxx /dn43/OCCT/tmp/results_30.09.2011/occt/release-sources-20110930/drv/Prs2d/Prs2d_Drawer.jxx
+M Prs2d:privinclude:Prs2d_Drawer.ixx /dn43/OCCT/tmp/results_30.09.2011/occt/release-sources-20110930/drv/Prs2d/Prs2d_Drawer.ixx
+M Prs2d:pubinclude:Prs2d_DataMapOfAspectRoot.hxx /dn43/OCCT/tmp/results_30.09.2011/occt/release-sources-20110930/inc/Prs2d_DataMapOfAspectRoot.hxx
+M Prs2d:derivated:Prs2d_DataMapOfAspectRoot_0.cxx /dn43/OCCT/tmp/results_30.09.2011/occt/release-sources-20110930/drv/Prs2d/Prs2d_DataMapOfAspectRoot_0.cxx
+M Prs2d:pubinclude:Handle_Prs2d_DataMapNodeOfDataMapOfAspectRoot.hxx /dn43/OCCT/tmp/results_30.09.2011/occt/release-sources-20110930/inc/Handle_Prs2d_DataMapNodeOfDataMapOfAspectRoot.hxx
+M Prs2d:pubinclude:Prs2d_DataMapNodeOfDataMapOfAspectRoot.hxx /dn43/OCCT/tmp/results_30.09.2011/occt/release-sources-20110930/inc/Prs2d_DataMapNodeOfDataMapOfAspectRoot.hxx
+M Prs2d:derivated:Prs2d_DataMapNodeOfDataMapOfAspectRoot_0.cxx /dn43/OCCT/tmp/results_30.09.2011/occt/release-sources-20110930/drv/Prs2d/Prs2d_DataMapNodeOfDataMapOfAspectRoot_0.cxx
+M Prs2d:pubinclude:Prs2d_DataMapIteratorOfDataMapOfAspectRoot.hxx /dn43/OCCT/tmp/results_30.09.2011/occt/release-sources-20110930/inc/Prs2d_DataMapIteratorOfDataMapOfAspectRoot.hxx
+M Prs2d:derivated:Prs2d_DataMapIteratorOfDataMapOfAspectRoot_0.cxx /dn43/OCCT/tmp/results_30.09.2011/occt/release-sources-20110930/drv/Prs2d/Prs2d_DataMapIteratorOfDataMapOfAspectRoot_0.cxx
+M Prs2d:pubinclude:Handle_Prs2d_SymbolDefinitionError.hxx /dn43/OCCT/tmp/results_30.09.2011/occt/release-sources-20110930/inc/Handle_Prs2d_SymbolDefinitionError.hxx
+M Prs2d:pubinclude:Prs2d_SymbolDefinitionError.hxx /dn43/OCCT/tmp/results_30.09.2011/occt/release-sources-20110930/inc/Prs2d_SymbolDefinitionError.hxx
+M Prs2d:derivated:Prs2d_SymbolDefinitionError_0.cxx /dn43/OCCT/tmp/results_30.09.2011/occt/release-sources-20110930/drv/Prs2d/Prs2d_SymbolDefinitionError_0.cxx
+M Prs2d:pubinclude:Prs2d_AspectName.hxx /dn43/OCCT/tmp/results_30.09.2011/occt/release-sources-20110930/inc/Prs2d_AspectName.hxx
+M Prs2d:pubinclude:Prs2d_TypeOf2DObject.hxx /dn43/OCCT/tmp/results_30.09.2011/occt/release-sources-20110930/inc/Prs2d_TypeOf2DObject.hxx
+M Prs2d:pubinclude:Prs2d_ArrowSide.hxx /dn43/OCCT/tmp/results_30.09.2011/occt/release-sources-20110930/inc/Prs2d_ArrowSide.hxx
+M Prs2d:pubinclude:Prs2d_TypeOfArrow.hxx /dn43/OCCT/tmp/results_30.09.2011/occt/release-sources-20110930/inc/Prs2d_TypeOfArrow.hxx
+M Prs2d:pubinclude:Prs2d_TypeOfDist.hxx /dn43/OCCT/tmp/results_30.09.2011/occt/release-sources-20110930/inc/Prs2d_TypeOfDist.hxx
+M Prs2d:pubinclude:Prs2d_TypeOfAxis.hxx /dn43/OCCT/tmp/results_30.09.2011/occt/release-sources-20110930/inc/Prs2d_TypeOfAxis.hxx
+M Prs2d:pubinclude:Prs2d_TypeOfTolerance.hxx /dn43/OCCT/tmp/results_30.09.2011/occt/release-sources-20110930/inc/Prs2d_TypeOfTolerance.hxx
+M Prs2d:pubinclude:Prs2d_TypeOfSymbol.hxx /dn43/OCCT/tmp/results_30.09.2011/occt/release-sources-20110930/inc/Prs2d_TypeOfSymbol.hxx
+M Prs2d:pubinclude:Prs2d_TypeOfRadius.hxx /dn43/OCCT/tmp/results_30.09.2011/occt/release-sources-20110930/inc/Prs2d_TypeOfRadius.hxx
+M Prs2d:dbadmfile:Prs2d_xcpp_header.In /dn43/OCCT/tmp/results_30.09.2011/occt/release-sources-20110930/drv/Prs2d/.adm/Prs2d_xcpp_header.In
+M Prs2d:dbadmfile:Prs2d_xcpp_header.Out /dn43/OCCT/tmp/results_30.09.2011/occt/release-sources-20110930/drv/Prs2d/.adm/Prs2d_xcpp_header.Out
+M Prs2d:dbadmfile:Prs2d_xcpp_header.Dep /dn43/OCCT/tmp/results_30.09.2011/occt/release-sources-20110930/drv/Prs2d/.adm/Prs2d_xcpp_header.Dep
