+M RWStepFEA:pubinclude:RWStepFEA_RWAlignedCurve3dElementCoordinateSystem.hxx /dn43/OCCT/tmp/results_30.09.2011/occt/release-sources-20110930/inc/RWStepFEA_RWAlignedCurve3dElementCoordinateSystem.hxx
+M RWStepFEA:privinclude:RWStepFEA_RWAlignedCurve3dElementCoordinateSystem.jxx /dn43/OCCT/tmp/results_30.09.2011/occt/release-sources-20110930/drv/RWStepFEA/RWStepFEA_RWAlignedCurve3dElementCoordinateSystem.jxx
+M RWStepFEA:privinclude:RWStepFEA_RWAlignedCurve3dElementCoordinateSystem.ixx /dn43/OCCT/tmp/results_30.09.2011/occt/release-sources-20110930/drv/RWStepFEA/RWStepFEA_RWAlignedCurve3dElementCoordinateSystem.ixx
+M RWStepFEA:pubinclude:RWStepFEA_RWArbitraryVolume3dElementCoordinateSystem.hxx /dn43/OCCT/tmp/results_30.09.2011/occt/release-sources-20110930/inc/RWStepFEA_RWArbitraryVolume3dElementCoordinateSystem.hxx
+M RWStepFEA:privinclude:RWStepFEA_RWArbitraryVolume3dElementCoordinateSystem.jxx /dn43/OCCT/tmp/results_30.09.2011/occt/release-sources-20110930/drv/RWStepFEA/RWStepFEA_RWArbitraryVolume3dElementCoordinateSystem.jxx
+M RWStepFEA:privinclude:RWStepFEA_RWArbitraryVolume3dElementCoordinateSystem.ixx /dn43/OCCT/tmp/results_30.09.2011/occt/release-sources-20110930/drv/RWStepFEA/RWStepFEA_RWArbitraryVolume3dElementCoordinateSystem.ixx
+M RWStepFEA:pubinclude:RWStepFEA_RWCurve3dElementProperty.hxx /dn43/OCCT/tmp/results_30.09.2011/occt/release-sources-20110930/inc/RWStepFEA_RWCurve3dElementProperty.hxx
+M RWStepFEA:privinclude:RWStepFEA_RWCurve3dElementProperty.jxx /dn43/OCCT/tmp/results_30.09.2011/occt/release-sources-20110930/drv/RWStepFEA/RWStepFEA_RWCurve3dElementProperty.jxx
+M RWStepFEA:privinclude:RWStepFEA_RWCurve3dElementProperty.ixx /dn43/OCCT/tmp/results_30.09.2011/occt/release-sources-20110930/drv/RWStepFEA/RWStepFEA_RWCurve3dElementProperty.ixx
+M RWStepFEA:pubinclude:RWStepFEA_RWCurve3dElementRepresentation.hxx /dn43/OCCT/tmp/results_30.09.2011/occt/release-sources-20110930/inc/RWStepFEA_RWCurve3dElementRepresentation.hxx
+M RWStepFEA:privinclude:RWStepFEA_RWCurve3dElementRepresentation.jxx /dn43/OCCT/tmp/results_30.09.2011/occt/release-sources-20110930/drv/RWStepFEA/RWStepFEA_RWCurve3dElementRepresentation.jxx
+M RWStepFEA:privinclude:RWStepFEA_RWCurve3dElementRepresentation.ixx /dn43/OCCT/tmp/results_30.09.2011/occt/release-sources-20110930/drv/RWStepFEA/RWStepFEA_RWCurve3dElementRepresentation.ixx
+M RWStepFEA:pubinclude:RWStepFEA_RWCurveElementEndOffset.hxx /dn43/OCCT/tmp/results_30.09.2011/occt/release-sources-20110930/inc/RWStepFEA_RWCurveElementEndOffset.hxx
+M RWStepFEA:privinclude:RWStepFEA_RWCurveElementEndOffset.jxx /dn43/OCCT/tmp/results_30.09.2011/occt/release-sources-20110930/drv/RWStepFEA/RWStepFEA_RWCurveElementEndOffset.jxx
+M RWStepFEA:privinclude:RWStepFEA_RWCurveElementEndOffset.ixx /dn43/OCCT/tmp/results_30.09.2011/occt/release-sources-20110930/drv/RWStepFEA/RWStepFEA_RWCurveElementEndOffset.ixx
+M RWStepFEA:pubinclude:RWStepFEA_RWCurveElementEndRelease.hxx /dn43/OCCT/tmp/results_30.09.2011/occt/release-sources-20110930/inc/RWStepFEA_RWCurveElementEndRelease.hxx
+M RWStepFEA:privinclude:RWStepFEA_RWCurveElementEndRelease.jxx /dn43/OCCT/tmp/results_30.09.2011/occt/release-sources-20110930/drv/RWStepFEA/RWStepFEA_RWCurveElementEndRelease.jxx
+M RWStepFEA:privinclude:RWStepFEA_RWCurveElementEndRelease.ixx /dn43/OCCT/tmp/results_30.09.2011/occt/release-sources-20110930/drv/RWStepFEA/RWStepFEA_RWCurveElementEndRelease.ixx
+M RWStepFEA:pubinclude:RWStepFEA_RWCurveElementInterval.hxx /dn43/OCCT/tmp/results_30.09.2011/occt/release-sources-20110930/inc/RWStepFEA_RWCurveElementInterval.hxx
+M RWStepFEA:privinclude:RWStepFEA_RWCurveElementInterval.jxx /dn43/OCCT/tmp/results_30.09.2011/occt/release-sources-20110930/drv/RWStepFEA/RWStepFEA_RWCurveElementInterval.jxx
+M RWStepFEA:privinclude:RWStepFEA_RWCurveElementInterval.ixx /dn43/OCCT/tmp/results_30.09.2011/occt/release-sources-20110930/drv/RWStepFEA/RWStepFEA_RWCurveElementInterval.ixx
+M RWStepFEA:pubinclude:RWStepFEA_RWCurveElementIntervalConstant.hxx /dn43/OCCT/tmp/results_30.09.2011/occt/release-sources-20110930/inc/RWStepFEA_RWCurveElementIntervalConstant.hxx
+M RWStepFEA:privinclude:RWStepFEA_RWCurveElementIntervalConstant.jxx /dn43/OCCT/tmp/results_30.09.2011/occt/release-sources-20110930/drv/RWStepFEA/RWStepFEA_RWCurveElementIntervalConstant.jxx
+M RWStepFEA:privinclude:RWStepFEA_RWCurveElementIntervalConstant.ixx /dn43/OCCT/tmp/results_30.09.2011/occt/release-sources-20110930/drv/RWStepFEA/RWStepFEA_RWCurveElementIntervalConstant.ixx
+M RWStepFEA:pubinclude:RWStepFEA_RWCurveElementLocation.hxx /dn43/OCCT/tmp/results_30.09.2011/occt/release-sources-20110930/inc/RWStepFEA_RWCurveElementLocation.hxx
+M RWStepFEA:privinclude:RWStepFEA_RWCurveElementLocation.jxx /dn43/OCCT/tmp/results_30.09.2011/occt/release-sources-20110930/drv/RWStepFEA/RWStepFEA_RWCurveElementLocation.jxx
+M RWStepFEA:privinclude:RWStepFEA_RWCurveElementLocation.ixx /dn43/OCCT/tmp/results_30.09.2011/occt/release-sources-20110930/drv/RWStepFEA/RWStepFEA_RWCurveElementLocation.ixx
+M RWStepFEA:pubinclude:RWStepFEA_RWDummyNode.hxx /dn43/OCCT/tmp/results_30.09.2011/occt/release-sources-20110930/inc/RWStepFEA_RWDummyNode.hxx
+M RWStepFEA:privinclude:RWStepFEA_RWDummyNode.jxx /dn43/OCCT/tmp/results_30.09.2011/occt/release-sources-20110930/drv/RWStepFEA/RWStepFEA_RWDummyNode.jxx
+M RWStepFEA:privinclude:RWStepFEA_RWDummyNode.ixx /dn43/OCCT/tmp/results_30.09.2011/occt/release-sources-20110930/drv/RWStepFEA/RWStepFEA_RWDummyNode.ixx
+M RWStepFEA:pubinclude:RWStepFEA_RWElementGeometricRelationship.hxx /dn43/OCCT/tmp/results_30.09.2011/occt/release-sources-20110930/inc/RWStepFEA_RWElementGeometricRelationship.hxx
+M RWStepFEA:privinclude:RWStepFEA_RWElementGeometricRelationship.jxx /dn43/OCCT/tmp/results_30.09.2011/occt/release-sources-20110930/drv/RWStepFEA/RWStepFEA_RWElementGeometricRelationship.jxx
+M RWStepFEA:privinclude:RWStepFEA_RWElementGeometricRelationship.ixx /dn43/OCCT/tmp/results_30.09.2011/occt/release-sources-20110930/drv/RWStepFEA/RWStepFEA_RWElementGeometricRelationship.ixx
+M RWStepFEA:pubinclude:RWStepFEA_RWElementGroup.hxx /dn43/OCCT/tmp/results_30.09.2011/occt/release-sources-20110930/inc/RWStepFEA_RWElementGroup.hxx
+M RWStepFEA:privinclude:RWStepFEA_RWElementGroup.jxx /dn43/OCCT/tmp/results_30.09.2011/occt/release-sources-20110930/drv/RWStepFEA/RWStepFEA_RWElementGroup.jxx
+M RWStepFEA:privinclude:RWStepFEA_RWElementGroup.ixx /dn43/OCCT/tmp/results_30.09.2011/occt/release-sources-20110930/drv/RWStepFEA/RWStepFEA_RWElementGroup.ixx
+M RWStepFEA:pubinclude:RWStepFEA_RWElementRepresentation.hxx /dn43/OCCT/tmp/results_30.09.2011/occt/release-sources-20110930/inc/RWStepFEA_RWElementRepresentation.hxx
+M RWStepFEA:privinclude:RWStepFEA_RWElementRepresentation.jxx /dn43/OCCT/tmp/results_30.09.2011/occt/release-sources-20110930/drv/RWStepFEA/RWStepFEA_RWElementRepresentation.jxx
+M RWStepFEA:privinclude:RWStepFEA_RWElementRepresentation.ixx /dn43/OCCT/tmp/results_30.09.2011/occt/release-sources-20110930/drv/RWStepFEA/RWStepFEA_RWElementRepresentation.ixx
+M RWStepFEA:pubinclude:RWStepFEA_RWFeaAreaDensity.hxx /dn43/OCCT/tmp/results_30.09.2011/occt/release-sources-20110930/inc/RWStepFEA_RWFeaAreaDensity.hxx
+M RWStepFEA:privinclude:RWStepFEA_RWFeaAreaDensity.jxx /dn43/OCCT/tmp/results_30.09.2011/occt/release-sources-20110930/drv/RWStepFEA/RWStepFEA_RWFeaAreaDensity.jxx
+M RWStepFEA:privinclude:RWStepFEA_RWFeaAreaDensity.ixx /dn43/OCCT/tmp/results_30.09.2011/occt/release-sources-20110930/drv/RWStepFEA/RWStepFEA_RWFeaAreaDensity.ixx
+M RWStepFEA:pubinclude:RWStepFEA_RWFeaAxis2Placement3d.hxx /dn43/OCCT/tmp/results_30.09.2011/occt/release-sources-20110930/inc/RWStepFEA_RWFeaAxis2Placement3d.hxx
+M RWStepFEA:privinclude:RWStepFEA_RWFeaAxis2Placement3d.jxx /dn43/OCCT/tmp/results_30.09.2011/occt/release-sources-20110930/drv/RWStepFEA/RWStepFEA_RWFeaAxis2Placement3d.jxx
+M RWStepFEA:privinclude:RWStepFEA_RWFeaAxis2Placement3d.ixx /dn43/OCCT/tmp/results_30.09.2011/occt/release-sources-20110930/drv/RWStepFEA/RWStepFEA_RWFeaAxis2Placement3d.ixx
+M RWStepFEA:pubinclude:RWStepFEA_RWFeaGroup.hxx /dn43/OCCT/tmp/results_30.09.2011/occt/release-sources-20110930/inc/RWStepFEA_RWFeaGroup.hxx
+M RWStepFEA:privinclude:RWStepFEA_RWFeaGroup.jxx /dn43/OCCT/tmp/results_30.09.2011/occt/release-sources-20110930/drv/RWStepFEA/RWStepFEA_RWFeaGroup.jxx
+M RWStepFEA:privinclude:RWStepFEA_RWFeaGroup.ixx /dn43/OCCT/tmp/results_30.09.2011/occt/release-sources-20110930/drv/RWStepFEA/RWStepFEA_RWFeaGroup.ixx
+M RWStepFEA:pubinclude:RWStepFEA_RWFeaLinearElasticity.hxx /dn43/OCCT/tmp/results_30.09.2011/occt/release-sources-20110930/inc/RWStepFEA_RWFeaLinearElasticity.hxx
+M RWStepFEA:privinclude:RWStepFEA_RWFeaLinearElasticity.jxx /dn43/OCCT/tmp/results_30.09.2011/occt/release-sources-20110930/drv/RWStepFEA/RWStepFEA_RWFeaLinearElasticity.jxx
+M RWStepFEA:privinclude:RWStepFEA_RWFeaLinearElasticity.ixx /dn43/OCCT/tmp/results_30.09.2011/occt/release-sources-20110930/drv/RWStepFEA/RWStepFEA_RWFeaLinearElasticity.ixx
+M RWStepFEA:pubinclude:RWStepFEA_RWFeaMassDensity.hxx /dn43/OCCT/tmp/results_30.09.2011/occt/release-sources-20110930/inc/RWStepFEA_RWFeaMassDensity.hxx
+M RWStepFEA:privinclude:RWStepFEA_RWFeaMassDensity.jxx /dn43/OCCT/tmp/results_30.09.2011/occt/release-sources-20110930/drv/RWStepFEA/RWStepFEA_RWFeaMassDensity.jxx
+M RWStepFEA:privinclude:RWStepFEA_RWFeaMassDensity.ixx /dn43/OCCT/tmp/results_30.09.2011/occt/release-sources-20110930/drv/RWStepFEA/RWStepFEA_RWFeaMassDensity.ixx
+M RWStepFEA:pubinclude:RWStepFEA_RWFeaMaterialPropertyRepresentation.hxx /dn43/OCCT/tmp/results_30.09.2011/occt/release-sources-20110930/inc/RWStepFEA_RWFeaMaterialPropertyRepresentation.hxx
+M RWStepFEA:privinclude:RWStepFEA_RWFeaMaterialPropertyRepresentation.jxx /dn43/OCCT/tmp/results_30.09.2011/occt/release-sources-20110930/drv/RWStepFEA/RWStepFEA_RWFeaMaterialPropertyRepresentation.jxx
+M RWStepFEA:privinclude:RWStepFEA_RWFeaMaterialPropertyRepresentation.ixx /dn43/OCCT/tmp/results_30.09.2011/occt/release-sources-20110930/drv/RWStepFEA/RWStepFEA_RWFeaMaterialPropertyRepresentation.ixx
+M RWStepFEA:pubinclude:RWStepFEA_RWFeaMaterialPropertyRepresentationItem.hxx /dn43/OCCT/tmp/results_30.09.2011/occt/release-sources-20110930/inc/RWStepFEA_RWFeaMaterialPropertyRepresentationItem.hxx
+M RWStepFEA:privinclude:RWStepFEA_RWFeaMaterialPropertyRepresentationItem.jxx /dn43/OCCT/tmp/results_30.09.2011/occt/release-sources-20110930/drv/RWStepFEA/RWStepFEA_RWFeaMaterialPropertyRepresentationItem.jxx
+M RWStepFEA:privinclude:RWStepFEA_RWFeaMaterialPropertyRepresentationItem.ixx /dn43/OCCT/tmp/results_30.09.2011/occt/release-sources-20110930/drv/RWStepFEA/RWStepFEA_RWFeaMaterialPropertyRepresentationItem.ixx
+M RWStepFEA:pubinclude:RWStepFEA_RWFeaModel.hxx /dn43/OCCT/tmp/results_30.09.2011/occt/release-sources-20110930/inc/RWStepFEA_RWFeaModel.hxx
+M RWStepFEA:privinclude:RWStepFEA_RWFeaModel.jxx /dn43/OCCT/tmp/results_30.09.2011/occt/release-sources-20110930/drv/RWStepFEA/RWStepFEA_RWFeaModel.jxx
+M RWStepFEA:privinclude:RWStepFEA_RWFeaModel.ixx /dn43/OCCT/tmp/results_30.09.2011/occt/release-sources-20110930/drv/RWStepFEA/RWStepFEA_RWFeaModel.ixx
+M RWStepFEA:pubinclude:RWStepFEA_RWFeaModel3d.hxx /dn43/OCCT/tmp/results_30.09.2011/occt/release-sources-20110930/inc/RWStepFEA_RWFeaModel3d.hxx
+M RWStepFEA:privinclude:RWStepFEA_RWFeaModel3d.jxx /dn43/OCCT/tmp/results_30.09.2011/occt/release-sources-20110930/drv/RWStepFEA/RWStepFEA_RWFeaModel3d.jxx
+M RWStepFEA:privinclude:RWStepFEA_RWFeaModel3d.ixx /dn43/OCCT/tmp/results_30.09.2011/occt/release-sources-20110930/drv/RWStepFEA/RWStepFEA_RWFeaModel3d.ixx
+M RWStepFEA:pubinclude:RWStepFEA_RWFeaMoistureAbsorption.hxx /dn43/OCCT/tmp/results_30.09.2011/occt/release-sources-20110930/inc/RWStepFEA_RWFeaMoistureAbsorption.hxx
+M RWStepFEA:privinclude:RWStepFEA_RWFeaMoistureAbsorption.jxx /dn43/OCCT/tmp/results_30.09.2011/occt/release-sources-20110930/drv/RWStepFEA/RWStepFEA_RWFeaMoistureAbsorption.jxx
+M RWStepFEA:privinclude:RWStepFEA_RWFeaMoistureAbsorption.ixx /dn43/OCCT/tmp/results_30.09.2011/occt/release-sources-20110930/drv/RWStepFEA/RWStepFEA_RWFeaMoistureAbsorption.ixx
+M RWStepFEA:pubinclude:RWStepFEA_RWFeaParametricPoint.hxx /dn43/OCCT/tmp/results_30.09.2011/occt/release-sources-20110930/inc/RWStepFEA_RWFeaParametricPoint.hxx
+M RWStepFEA:privinclude:RWStepFEA_RWFeaParametricPoint.jxx /dn43/OCCT/tmp/results_30.09.2011/occt/release-sources-20110930/drv/RWStepFEA/RWStepFEA_RWFeaParametricPoint.jxx
+M RWStepFEA:privinclude:RWStepFEA_RWFeaParametricPoint.ixx /dn43/OCCT/tmp/results_30.09.2011/occt/release-sources-20110930/drv/RWStepFEA/RWStepFEA_RWFeaParametricPoint.ixx
+M RWStepFEA:pubinclude:RWStepFEA_RWFeaRepresentationItem.hxx /dn43/OCCT/tmp/results_30.09.2011/occt/release-sources-20110930/inc/RWStepFEA_RWFeaRepresentationItem.hxx
+M RWStepFEA:privinclude:RWStepFEA_RWFeaRepresentationItem.jxx /dn43/OCCT/tmp/results_30.09.2011/occt/release-sources-20110930/drv/RWStepFEA/RWStepFEA_RWFeaRepresentationItem.jxx
+M RWStepFEA:privinclude:RWStepFEA_RWFeaRepresentationItem.ixx /dn43/OCCT/tmp/results_30.09.2011/occt/release-sources-20110930/drv/RWStepFEA/RWStepFEA_RWFeaRepresentationItem.ixx
+M RWStepFEA:pubinclude:RWStepFEA_RWFeaSecantCoefficientOfLinearThermalExpansion.hxx /dn43/OCCT/tmp/results_30.09.2011/occt/release-sources-20110930/inc/RWStepFEA_RWFeaSecantCoefficientOfLinearThermalExpansion.hxx
+M RWStepFEA:privinclude:RWStepFEA_RWFeaSecantCoefficientOfLinearThermalExpansion.jxx /dn43/OCCT/tmp/results_30.09.2011/occt/release-sources-20110930/drv/RWStepFEA/RWStepFEA_RWFeaSecantCoefficientOfLinearThermalExpansion.jxx
+M RWStepFEA:privinclude:RWStepFEA_RWFeaSecantCoefficientOfLinearThermalExpansion.ixx /dn43/OCCT/tmp/results_30.09.2011/occt/release-sources-20110930/drv/RWStepFEA/RWStepFEA_RWFeaSecantCoefficientOfLinearThermalExpansion.ixx
+M RWStepFEA:pubinclude:RWStepFEA_RWFeaShellBendingStiffness.hxx /dn43/OCCT/tmp/results_30.09.2011/occt/release-sources-20110930/inc/RWStepFEA_RWFeaShellBendingStiffness.hxx
+M RWStepFEA:privinclude:RWStepFEA_RWFeaShellBendingStiffness.jxx /dn43/OCCT/tmp/results_30.09.2011/occt/release-sources-20110930/drv/RWStepFEA/RWStepFEA_RWFeaShellBendingStiffness.jxx
+M RWStepFEA:privinclude:RWStepFEA_RWFeaShellBendingStiffness.ixx /dn43/OCCT/tmp/results_30.09.2011/occt/release-sources-20110930/drv/RWStepFEA/RWStepFEA_RWFeaShellBendingStiffness.ixx
+M RWStepFEA:pubinclude:RWStepFEA_RWFeaShellMembraneBendingCouplingStiffness.hxx /dn43/OCCT/tmp/results_30.09.2011/occt/release-sources-20110930/inc/RWStepFEA_RWFeaShellMembraneBendingCouplingStiffness.hxx
+M RWStepFEA:privinclude:RWStepFEA_RWFeaShellMembraneBendingCouplingStiffness.jxx /dn43/OCCT/tmp/results_30.09.2011/occt/release-sources-20110930/drv/RWStepFEA/RWStepFEA_RWFeaShellMembraneBendingCouplingStiffness.jxx
+M RWStepFEA:privinclude:RWStepFEA_RWFeaShellMembraneBendingCouplingStiffness.ixx /dn43/OCCT/tmp/results_30.09.2011/occt/release-sources-20110930/drv/RWStepFEA/RWStepFEA_RWFeaShellMembraneBendingCouplingStiffness.ixx
+M RWStepFEA:pubinclude:RWStepFEA_RWFeaShellMembraneStiffness.hxx /dn43/OCCT/tmp/results_30.09.2011/occt/release-sources-20110930/inc/RWStepFEA_RWFeaShellMembraneStiffness.hxx
+M RWStepFEA:privinclude:RWStepFEA_RWFeaShellMembraneStiffness.jxx /dn43/OCCT/tmp/results_30.09.2011/occt/release-sources-20110930/drv/RWStepFEA/RWStepFEA_RWFeaShellMembraneStiffness.jxx
+M RWStepFEA:privinclude:RWStepFEA_RWFeaShellMembraneStiffness.ixx /dn43/OCCT/tmp/results_30.09.2011/occt/release-sources-20110930/drv/RWStepFEA/RWStepFEA_RWFeaShellMembraneStiffness.ixx
+M RWStepFEA:pubinclude:RWStepFEA_RWFeaShellShearStiffness.hxx /dn43/OCCT/tmp/results_30.09.2011/occt/release-sources-20110930/inc/RWStepFEA_RWFeaShellShearStiffness.hxx
+M RWStepFEA:privinclude:RWStepFEA_RWFeaShellShearStiffness.jxx /dn43/OCCT/tmp/results_30.09.2011/occt/release-sources-20110930/drv/RWStepFEA/RWStepFEA_RWFeaShellShearStiffness.jxx
+M RWStepFEA:privinclude:RWStepFEA_RWFeaShellShearStiffness.ixx /dn43/OCCT/tmp/results_30.09.2011/occt/release-sources-20110930/drv/RWStepFEA/RWStepFEA_RWFeaShellShearStiffness.ixx
+M RWStepFEA:pubinclude:RWStepFEA_RWFeaTangentialCoefficientOfLinearThermalExpansion.hxx /dn43/OCCT/tmp/results_30.09.2011/occt/release-sources-20110930/inc/RWStepFEA_RWFeaTangentialCoefficientOfLinearThermalExpansion.hxx
+M RWStepFEA:privinclude:RWStepFEA_RWFeaTangentialCoefficientOfLinearThermalExpansion.jxx /dn43/OCCT/tmp/results_30.09.2011/occt/release-sources-20110930/drv/RWStepFEA/RWStepFEA_RWFeaTangentialCoefficientOfLinearThermalExpansion.jxx
+M RWStepFEA:privinclude:RWStepFEA_RWFeaTangentialCoefficientOfLinearThermalExpansion.ixx /dn43/OCCT/tmp/results_30.09.2011/occt/release-sources-20110930/drv/RWStepFEA/RWStepFEA_RWFeaTangentialCoefficientOfLinearThermalExpansion.ixx
+M RWStepFEA:pubinclude:RWStepFEA_RWGeometricNode.hxx /dn43/OCCT/tmp/results_30.09.2011/occt/release-sources-20110930/inc/RWStepFEA_RWGeometricNode.hxx
+M RWStepFEA:privinclude:RWStepFEA_RWGeometricNode.jxx /dn43/OCCT/tmp/results_30.09.2011/occt/release-sources-20110930/drv/RWStepFEA/RWStepFEA_RWGeometricNode.jxx
+M RWStepFEA:privinclude:RWStepFEA_RWGeometricNode.ixx /dn43/OCCT/tmp/results_30.09.2011/occt/release-sources-20110930/drv/RWStepFEA/RWStepFEA_RWGeometricNode.ixx
+M RWStepFEA:pubinclude:RWStepFEA_RWNode.hxx /dn43/OCCT/tmp/results_30.09.2011/occt/release-sources-20110930/inc/RWStepFEA_RWNode.hxx
+M RWStepFEA:privinclude:RWStepFEA_RWNode.jxx /dn43/OCCT/tmp/results_30.09.2011/occt/release-sources-20110930/drv/RWStepFEA/RWStepFEA_RWNode.jxx
+M RWStepFEA:privinclude:RWStepFEA_RWNode.ixx /dn43/OCCT/tmp/results_30.09.2011/occt/release-sources-20110930/drv/RWStepFEA/RWStepFEA_RWNode.ixx
+M RWStepFEA:pubinclude:RWStepFEA_RWNodeGroup.hxx /dn43/OCCT/tmp/results_30.09.2011/occt/release-sources-20110930/inc/RWStepFEA_RWNodeGroup.hxx
+M RWStepFEA:privinclude:RWStepFEA_RWNodeGroup.jxx /dn43/OCCT/tmp/results_30.09.2011/occt/release-sources-20110930/drv/RWStepFEA/RWStepFEA_RWNodeGroup.jxx
+M RWStepFEA:privinclude:RWStepFEA_RWNodeGroup.ixx /dn43/OCCT/tmp/results_30.09.2011/occt/release-sources-20110930/drv/RWStepFEA/RWStepFEA_RWNodeGroup.ixx
+M RWStepFEA:pubinclude:RWStepFEA_RWNodeRepresentation.hxx /dn43/OCCT/tmp/results_30.09.2011/occt/release-sources-20110930/inc/RWStepFEA_RWNodeRepresentation.hxx
+M RWStepFEA:privinclude:RWStepFEA_RWNodeRepresentation.jxx /dn43/OCCT/tmp/results_30.09.2011/occt/release-sources-20110930/drv/RWStepFEA/RWStepFEA_RWNodeRepresentation.jxx
+M RWStepFEA:privinclude:RWStepFEA_RWNodeRepresentation.ixx /dn43/OCCT/tmp/results_30.09.2011/occt/release-sources-20110930/drv/RWStepFEA/RWStepFEA_RWNodeRepresentation.ixx
+M RWStepFEA:pubinclude:RWStepFEA_RWNodeSet.hxx /dn43/OCCT/tmp/results_30.09.2011/occt/release-sources-20110930/inc/RWStepFEA_RWNodeSet.hxx
+M RWStepFEA:privinclude:RWStepFEA_RWNodeSet.jxx /dn43/OCCT/tmp/results_30.09.2011/occt/release-sources-20110930/drv/RWStepFEA/RWStepFEA_RWNodeSet.jxx
+M RWStepFEA:privinclude:RWStepFEA_RWNodeSet.ixx /dn43/OCCT/tmp/results_30.09.2011/occt/release-sources-20110930/drv/RWStepFEA/RWStepFEA_RWNodeSet.ixx
+M RWStepFEA:pubinclude:RWStepFEA_RWNodeWithSolutionCoordinateSystem.hxx /dn43/OCCT/tmp/results_30.09.2011/occt/release-sources-20110930/inc/RWStepFEA_RWNodeWithSolutionCoordinateSystem.hxx
+M RWStepFEA:privinclude:RWStepFEA_RWNodeWithSolutionCoordinateSystem.jxx /dn43/OCCT/tmp/results_30.09.2011/occt/release-sources-20110930/drv/RWStepFEA/RWStepFEA_RWNodeWithSolutionCoordinateSystem.jxx
+M RWStepFEA:privinclude:RWStepFEA_RWNodeWithSolutionCoordinateSystem.ixx /dn43/OCCT/tmp/results_30.09.2011/occt/release-sources-20110930/drv/RWStepFEA/RWStepFEA_RWNodeWithSolutionCoordinateSystem.ixx
+M RWStepFEA:pubinclude:RWStepFEA_RWNodeWithVector.hxx /dn43/OCCT/tmp/results_30.09.2011/occt/release-sources-20110930/inc/RWStepFEA_RWNodeWithVector.hxx
+M RWStepFEA:privinclude:RWStepFEA_RWNodeWithVector.jxx /dn43/OCCT/tmp/results_30.09.2011/occt/release-sources-20110930/drv/RWStepFEA/RWStepFEA_RWNodeWithVector.jxx
+M RWStepFEA:privinclude:RWStepFEA_RWNodeWithVector.ixx /dn43/OCCT/tmp/results_30.09.2011/occt/release-sources-20110930/drv/RWStepFEA/RWStepFEA_RWNodeWithVector.ixx
+M RWStepFEA:pubinclude:RWStepFEA_RWParametricCurve3dElementCoordinateDirection.hxx /dn43/OCCT/tmp/results_30.09.2011/occt/release-sources-20110930/inc/RWStepFEA_RWParametricCurve3dElementCoordinateDirection.hxx
+M RWStepFEA:privinclude:RWStepFEA_RWParametricCurve3dElementCoordinateDirection.jxx /dn43/OCCT/tmp/results_30.09.2011/occt/release-sources-20110930/drv/RWStepFEA/RWStepFEA_RWParametricCurve3dElementCoordinateDirection.jxx
+M RWStepFEA:privinclude:RWStepFEA_RWParametricCurve3dElementCoordinateDirection.ixx /dn43/OCCT/tmp/results_30.09.2011/occt/release-sources-20110930/drv/RWStepFEA/RWStepFEA_RWParametricCurve3dElementCoordinateDirection.ixx
+M RWStepFEA:pubinclude:RWStepFEA_RWParametricCurve3dElementCoordinateSystem.hxx /dn43/OCCT/tmp/results_30.09.2011/occt/release-sources-20110930/inc/RWStepFEA_RWParametricCurve3dElementCoordinateSystem.hxx
+M RWStepFEA:privinclude:RWStepFEA_RWParametricCurve3dElementCoordinateSystem.jxx /dn43/OCCT/tmp/results_30.09.2011/occt/release-sources-20110930/drv/RWStepFEA/RWStepFEA_RWParametricCurve3dElementCoordinateSystem.jxx
+M RWStepFEA:privinclude:RWStepFEA_RWParametricCurve3dElementCoordinateSystem.ixx /dn43/OCCT/tmp/results_30.09.2011/occt/release-sources-20110930/drv/RWStepFEA/RWStepFEA_RWParametricCurve3dElementCoordinateSystem.ixx
+M RWStepFEA:pubinclude:RWStepFEA_RWParametricSurface3dElementCoordinateSystem.hxx /dn43/OCCT/tmp/results_30.09.2011/occt/release-sources-20110930/inc/RWStepFEA_RWParametricSurface3dElementCoordinateSystem.hxx
+M RWStepFEA:privinclude:RWStepFEA_RWParametricSurface3dElementCoordinateSystem.jxx /dn43/OCCT/tmp/results_30.09.2011/occt/release-sources-20110930/drv/RWStepFEA/RWStepFEA_RWParametricSurface3dElementCoordinateSystem.jxx
+M RWStepFEA:privinclude:RWStepFEA_RWParametricSurface3dElementCoordinateSystem.ixx /dn43/OCCT/tmp/results_30.09.2011/occt/release-sources-20110930/drv/RWStepFEA/RWStepFEA_RWParametricSurface3dElementCoordinateSystem.ixx
+M RWStepFEA:pubinclude:RWStepFEA_RWSurface3dElementRepresentation.hxx /dn43/OCCT/tmp/results_30.09.2011/occt/release-sources-20110930/inc/RWStepFEA_RWSurface3dElementRepresentation.hxx
+M RWStepFEA:privinclude:RWStepFEA_RWSurface3dElementRepresentation.jxx /dn43/OCCT/tmp/results_30.09.2011/occt/release-sources-20110930/drv/RWStepFEA/RWStepFEA_RWSurface3dElementRepresentation.jxx
+M RWStepFEA:privinclude:RWStepFEA_RWSurface3dElementRepresentation.ixx /dn43/OCCT/tmp/results_30.09.2011/occt/release-sources-20110930/drv/RWStepFEA/RWStepFEA_RWSurface3dElementRepresentation.ixx
+M RWStepFEA:pubinclude:RWStepFEA_RWVolume3dElementRepresentation.hxx /dn43/OCCT/tmp/results_30.09.2011/occt/release-sources-20110930/inc/RWStepFEA_RWVolume3dElementRepresentation.hxx
+M RWStepFEA:privinclude:RWStepFEA_RWVolume3dElementRepresentation.jxx /dn43/OCCT/tmp/results_30.09.2011/occt/release-sources-20110930/drv/RWStepFEA/RWStepFEA_RWVolume3dElementRepresentation.jxx
+M RWStepFEA:privinclude:RWStepFEA_RWVolume3dElementRepresentation.ixx /dn43/OCCT/tmp/results_30.09.2011/occt/release-sources-20110930/drv/RWStepFEA/RWStepFEA_RWVolume3dElementRepresentation.ixx
+M RWStepFEA:pubinclude:RWStepFEA_RWFeaModelDefinition.hxx /dn43/OCCT/tmp/results_30.09.2011/occt/release-sources-20110930/inc/RWStepFEA_RWFeaModelDefinition.hxx
+M RWStepFEA:privinclude:RWStepFEA_RWFeaModelDefinition.jxx /dn43/OCCT/tmp/results_30.09.2011/occt/release-sources-20110930/drv/RWStepFEA/RWStepFEA_RWFeaModelDefinition.jxx
+M RWStepFEA:privinclude:RWStepFEA_RWFeaModelDefinition.ixx /dn43/OCCT/tmp/results_30.09.2011/occt/release-sources-20110930/drv/RWStepFEA/RWStepFEA_RWFeaModelDefinition.ixx
+M RWStepFEA:pubinclude:RWStepFEA_RWFreedomAndCoefficient.hxx /dn43/OCCT/tmp/results_30.09.2011/occt/release-sources-20110930/inc/RWStepFEA_RWFreedomAndCoefficient.hxx
+M RWStepFEA:privinclude:RWStepFEA_RWFreedomAndCoefficient.jxx /dn43/OCCT/tmp/results_30.09.2011/occt/release-sources-20110930/drv/RWStepFEA/RWStepFEA_RWFreedomAndCoefficient.jxx
+M RWStepFEA:privinclude:RWStepFEA_RWFreedomAndCoefficient.ixx /dn43/OCCT/tmp/results_30.09.2011/occt/release-sources-20110930/drv/RWStepFEA/RWStepFEA_RWFreedomAndCoefficient.ixx
+M RWStepFEA:pubinclude:RWStepFEA_RWFreedomsList.hxx /dn43/OCCT/tmp/results_30.09.2011/occt/release-sources-20110930/inc/RWStepFEA_RWFreedomsList.hxx
+M RWStepFEA:privinclude:RWStepFEA_RWFreedomsList.jxx /dn43/OCCT/tmp/results_30.09.2011/occt/release-sources-20110930/drv/RWStepFEA/RWStepFEA_RWFreedomsList.jxx
+M RWStepFEA:privinclude:RWStepFEA_RWFreedomsList.ixx /dn43/OCCT/tmp/results_30.09.2011/occt/release-sources-20110930/drv/RWStepFEA/RWStepFEA_RWFreedomsList.ixx
+M RWStepFEA:pubinclude:RWStepFEA_RWNodeDefinition.hxx /dn43/OCCT/tmp/results_30.09.2011/occt/release-sources-20110930/inc/RWStepFEA_RWNodeDefinition.hxx
+M RWStepFEA:privinclude:RWStepFEA_RWNodeDefinition.jxx /dn43/OCCT/tmp/results_30.09.2011/occt/release-sources-20110930/drv/RWStepFEA/RWStepFEA_RWNodeDefinition.jxx
+M RWStepFEA:privinclude:RWStepFEA_RWNodeDefinition.ixx /dn43/OCCT/tmp/results_30.09.2011/occt/release-sources-20110930/drv/RWStepFEA/RWStepFEA_RWNodeDefinition.ixx
+M RWStepFEA:pubinclude:RWStepFEA_RWAlignedSurface3dElementCoordinateSystem.hxx /dn43/OCCT/tmp/results_30.09.2011/occt/release-sources-20110930/inc/RWStepFEA_RWAlignedSurface3dElementCoordinateSystem.hxx
+M RWStepFEA:privinclude:RWStepFEA_RWAlignedSurface3dElementCoordinateSystem.jxx /dn43/OCCT/tmp/results_30.09.2011/occt/release-sources-20110930/drv/RWStepFEA/RWStepFEA_RWAlignedSurface3dElementCoordinateSystem.jxx
+M RWStepFEA:privinclude:RWStepFEA_RWAlignedSurface3dElementCoordinateSystem.ixx /dn43/OCCT/tmp/results_30.09.2011/occt/release-sources-20110930/drv/RWStepFEA/RWStepFEA_RWAlignedSurface3dElementCoordinateSystem.ixx
+M RWStepFEA:pubinclude:RWStepFEA_RWConstantSurface3dElementCoordinateSystem.hxx /dn43/OCCT/tmp/results_30.09.2011/occt/release-sources-20110930/inc/RWStepFEA_RWConstantSurface3dElementCoordinateSystem.hxx
+M RWStepFEA:privinclude:RWStepFEA_RWConstantSurface3dElementCoordinateSystem.jxx /dn43/OCCT/tmp/results_30.09.2011/occt/release-sources-20110930/drv/RWStepFEA/RWStepFEA_RWConstantSurface3dElementCoordinateSystem.jxx
+M RWStepFEA:privinclude:RWStepFEA_RWConstantSurface3dElementCoordinateSystem.ixx /dn43/OCCT/tmp/results_30.09.2011/occt/release-sources-20110930/drv/RWStepFEA/RWStepFEA_RWConstantSurface3dElementCoordinateSystem.ixx
+M RWStepFEA:pubinclude:RWStepFEA_RWCurveElementIntervalLinearlyVarying.hxx /dn43/OCCT/tmp/results_30.09.2011/occt/release-sources-20110930/inc/RWStepFEA_RWCurveElementIntervalLinearlyVarying.hxx
+M RWStepFEA:privinclude:RWStepFEA_RWCurveElementIntervalLinearlyVarying.jxx /dn43/OCCT/tmp/results_30.09.2011/occt/release-sources-20110930/drv/RWStepFEA/RWStepFEA_RWCurveElementIntervalLinearlyVarying.jxx
+M RWStepFEA:privinclude:RWStepFEA_RWCurveElementIntervalLinearlyVarying.ixx /dn43/OCCT/tmp/results_30.09.2011/occt/release-sources-20110930/drv/RWStepFEA/RWStepFEA_RWCurveElementIntervalLinearlyVarying.ixx
+M RWStepFEA:pubinclude:RWStepFEA_RWFeaCurveSectionGeometricRelationship.hxx /dn43/OCCT/tmp/results_30.09.2011/occt/release-sources-20110930/inc/RWStepFEA_RWFeaCurveSectionGeometricRelationship.hxx
+M RWStepFEA:privinclude:RWStepFEA_RWFeaCurveSectionGeometricRelationship.jxx /dn43/OCCT/tmp/results_30.09.2011/occt/release-sources-20110930/drv/RWStepFEA/RWStepFEA_RWFeaCurveSectionGeometricRelationship.jxx
+M RWStepFEA:privinclude:RWStepFEA_RWFeaCurveSectionGeometricRelationship.ixx /dn43/OCCT/tmp/results_30.09.2011/occt/release-sources-20110930/drv/RWStepFEA/RWStepFEA_RWFeaCurveSectionGeometricRelationship.ixx
+M RWStepFEA:pubinclude:RWStepFEA_RWFeaSurfaceSectionGeometricRelationship.hxx /dn43/OCCT/tmp/results_30.09.2011/occt/release-sources-20110930/inc/RWStepFEA_RWFeaSurfaceSectionGeometricRelationship.hxx
+M RWStepFEA:privinclude:RWStepFEA_RWFeaSurfaceSectionGeometricRelationship.jxx /dn43/OCCT/tmp/results_30.09.2011/occt/release-sources-20110930/drv/RWStepFEA/RWStepFEA_RWFeaSurfaceSectionGeometricRelationship.jxx
+M RWStepFEA:privinclude:RWStepFEA_RWFeaSurfaceSectionGeometricRelationship.ixx /dn43/OCCT/tmp/results_30.09.2011/occt/release-sources-20110930/drv/RWStepFEA/RWStepFEA_RWFeaSurfaceSectionGeometricRelationship.ixx
+M RWStepFEA:dbadmfile:RWStepFEA_xcpp_header.In /dn43/OCCT/tmp/results_30.09.2011/occt/release-sources-20110930/drv/RWStepFEA/.adm/RWStepFEA_xcpp_header.In
+M RWStepFEA:dbadmfile:RWStepFEA_xcpp_header.Out /dn43/OCCT/tmp/results_30.09.2011/occt/release-sources-20110930/drv/RWStepFEA/.adm/RWStepFEA_xcpp_header.Out
+M RWStepFEA:dbadmfile:RWStepFEA_xcpp_header.Dep /dn43/OCCT/tmp/results_30.09.2011/occt/release-sources-20110930/drv/RWStepFEA/.adm/RWStepFEA_xcpp_header.Dep
