+M BOPTools:pubinclude:BOPTools_PaveFiller.hxx /dn43/OCCT/tmp/results_30.09.2011/occt/release-sources-20110930/inc/BOPTools_PaveFiller.hxx
+M BOPTools:privinclude:BOPTools_PaveFiller.jxx /dn43/OCCT/tmp/results_30.09.2011/occt/release-sources-20110930/drv/BOPTools/BOPTools_PaveFiller.jxx
+M BOPTools:privinclude:BOPTools_PaveFiller.ixx /dn43/OCCT/tmp/results_30.09.2011/occt/release-sources-20110930/drv/BOPTools/BOPTools_PaveFiller.ixx
+M BOPTools:pubinclude:BOPTools_DSFiller.hxx /dn43/OCCT/tmp/results_30.09.2011/occt/release-sources-20110930/inc/BOPTools_DSFiller.hxx
+M BOPTools:privinclude:BOPTools_DSFiller.jxx /dn43/OCCT/tmp/results_30.09.2011/occt/release-sources-20110930/drv/BOPTools/BOPTools_DSFiller.jxx
+M BOPTools:privinclude:BOPTools_DSFiller.ixx /dn43/OCCT/tmp/results_30.09.2011/occt/release-sources-20110930/drv/BOPTools/BOPTools_DSFiller.ixx
+M BOPTools:pubinclude:BOPTools_DEProcessor.hxx /dn43/OCCT/tmp/results_30.09.2011/occt/release-sources-20110930/inc/BOPTools_DEProcessor.hxx
+M BOPTools:privinclude:BOPTools_DEProcessor.jxx /dn43/OCCT/tmp/results_30.09.2011/occt/release-sources-20110930/drv/BOPTools/BOPTools_DEProcessor.jxx
+M BOPTools:privinclude:BOPTools_DEProcessor.ixx /dn43/OCCT/tmp/results_30.09.2011/occt/release-sources-20110930/drv/BOPTools/BOPTools_DEProcessor.ixx
+M BOPTools:pubinclude:BOPTools_PCurveMaker.hxx /dn43/OCCT/tmp/results_30.09.2011/occt/release-sources-20110930/inc/BOPTools_PCurveMaker.hxx
+M BOPTools:privinclude:BOPTools_PCurveMaker.jxx /dn43/OCCT/tmp/results_30.09.2011/occt/release-sources-20110930/drv/BOPTools/BOPTools_PCurveMaker.jxx
+M BOPTools:privinclude:BOPTools_PCurveMaker.ixx /dn43/OCCT/tmp/results_30.09.2011/occt/release-sources-20110930/drv/BOPTools/BOPTools_PCurveMaker.ixx
+M BOPTools:pubinclude:BOPTools_SolidStateFiller.hxx /dn43/OCCT/tmp/results_30.09.2011/occt/release-sources-20110930/inc/BOPTools_SolidStateFiller.hxx
+M BOPTools:privinclude:BOPTools_SolidStateFiller.jxx /dn43/OCCT/tmp/results_30.09.2011/occt/release-sources-20110930/drv/BOPTools/BOPTools_SolidStateFiller.jxx
+M BOPTools:privinclude:BOPTools_SolidStateFiller.ixx /dn43/OCCT/tmp/results_30.09.2011/occt/release-sources-20110930/drv/BOPTools/BOPTools_SolidStateFiller.ixx
+M BOPTools:pubinclude:BOPTools_StateFiller.hxx /dn43/OCCT/tmp/results_30.09.2011/occt/release-sources-20110930/inc/BOPTools_StateFiller.hxx
+M BOPTools:privinclude:BOPTools_StateFiller.jxx /dn43/OCCT/tmp/results_30.09.2011/occt/release-sources-20110930/drv/BOPTools/BOPTools_StateFiller.jxx
+M BOPTools:privinclude:BOPTools_StateFiller.ixx /dn43/OCCT/tmp/results_30.09.2011/occt/release-sources-20110930/drv/BOPTools/BOPTools_StateFiller.ixx
+M BOPTools:pubinclude:BOPTools_WireStateFiller.hxx /dn43/OCCT/tmp/results_30.09.2011/occt/release-sources-20110930/inc/BOPTools_WireStateFiller.hxx
+M BOPTools:privinclude:BOPTools_WireStateFiller.jxx /dn43/OCCT/tmp/results_30.09.2011/occt/release-sources-20110930/drv/BOPTools/BOPTools_WireStateFiller.jxx
+M BOPTools:privinclude:BOPTools_WireStateFiller.ixx /dn43/OCCT/tmp/results_30.09.2011/occt/release-sources-20110930/drv/BOPTools/BOPTools_WireStateFiller.ixx
+M BOPTools:pubinclude:BOPTools_Pave.hxx /dn43/OCCT/tmp/results_30.09.2011/occt/release-sources-20110930/inc/BOPTools_Pave.hxx
+M BOPTools:privinclude:BOPTools_Pave.jxx /dn43/OCCT/tmp/results_30.09.2011/occt/release-sources-20110930/drv/BOPTools/BOPTools_Pave.jxx
+M BOPTools:privinclude:BOPTools_Pave.ixx /dn43/OCCT/tmp/results_30.09.2011/occt/release-sources-20110930/drv/BOPTools/BOPTools_Pave.ixx
+M BOPTools:pubinclude:BOPTools_PaveBlock.hxx /dn43/OCCT/tmp/results_30.09.2011/occt/release-sources-20110930/inc/BOPTools_PaveBlock.hxx
+M BOPTools:privinclude:BOPTools_PaveBlock.jxx /dn43/OCCT/tmp/results_30.09.2011/occt/release-sources-20110930/drv/BOPTools/BOPTools_PaveBlock.jxx
+M BOPTools:privinclude:BOPTools_PaveBlock.ixx /dn43/OCCT/tmp/results_30.09.2011/occt/release-sources-20110930/drv/BOPTools/BOPTools_PaveBlock.ixx
+M BOPTools:pubinclude:BOPTools_PaveSet.hxx /dn43/OCCT/tmp/results_30.09.2011/occt/release-sources-20110930/inc/BOPTools_PaveSet.hxx
+M BOPTools:privinclude:BOPTools_PaveSet.jxx /dn43/OCCT/tmp/results_30.09.2011/occt/release-sources-20110930/drv/BOPTools/BOPTools_PaveSet.jxx
+M BOPTools:privinclude:BOPTools_PaveSet.ixx /dn43/OCCT/tmp/results_30.09.2011/occt/release-sources-20110930/drv/BOPTools/BOPTools_PaveSet.ixx
+M BOPTools:pubinclude:BOPTools_PaveBlockIterator.hxx /dn43/OCCT/tmp/results_30.09.2011/occt/release-sources-20110930/inc/BOPTools_PaveBlockIterator.hxx
+M BOPTools:privinclude:BOPTools_PaveBlockIterator.jxx /dn43/OCCT/tmp/results_30.09.2011/occt/release-sources-20110930/drv/BOPTools/BOPTools_PaveBlockIterator.jxx
+M BOPTools:privinclude:BOPTools_PaveBlockIterator.ixx /dn43/OCCT/tmp/results_30.09.2011/occt/release-sources-20110930/drv/BOPTools/BOPTools_PaveBlockIterator.ixx
+M BOPTools:pubinclude:BOPTools_ComparePave.hxx /dn43/OCCT/tmp/results_30.09.2011/occt/release-sources-20110930/inc/BOPTools_ComparePave.hxx
+M BOPTools:privinclude:BOPTools_ComparePave.jxx /dn43/OCCT/tmp/results_30.09.2011/occt/release-sources-20110930/drv/BOPTools/BOPTools_ComparePave.jxx
+M BOPTools:privinclude:BOPTools_ComparePave.ixx /dn43/OCCT/tmp/results_30.09.2011/occt/release-sources-20110930/drv/BOPTools/BOPTools_ComparePave.ixx
+M BOPTools:pubinclude:BOPTools_CommonBlock.hxx /dn43/OCCT/tmp/results_30.09.2011/occt/release-sources-20110930/inc/BOPTools_CommonBlock.hxx
+M BOPTools:privinclude:BOPTools_CommonBlock.jxx /dn43/OCCT/tmp/results_30.09.2011/occt/release-sources-20110930/drv/BOPTools/BOPTools_CommonBlock.jxx
+M BOPTools:privinclude:BOPTools_CommonBlock.ixx /dn43/OCCT/tmp/results_30.09.2011/occt/release-sources-20110930/drv/BOPTools/BOPTools_CommonBlock.ixx
+M BOPTools:pubinclude:BOPTools_CommonBlockAPI.hxx /dn43/OCCT/tmp/results_30.09.2011/occt/release-sources-20110930/inc/BOPTools_CommonBlockAPI.hxx
+M BOPTools:privinclude:BOPTools_CommonBlockAPI.jxx /dn43/OCCT/tmp/results_30.09.2011/occt/release-sources-20110930/drv/BOPTools/BOPTools_CommonBlockAPI.jxx
+M BOPTools:privinclude:BOPTools_CommonBlockAPI.ixx /dn43/OCCT/tmp/results_30.09.2011/occt/release-sources-20110930/drv/BOPTools/BOPTools_CommonBlockAPI.ixx
+M BOPTools:pubinclude:BOPTools_ShapeShapeInterference.hxx /dn43/OCCT/tmp/results_30.09.2011/occt/release-sources-20110930/inc/BOPTools_ShapeShapeInterference.hxx
+M BOPTools:privinclude:BOPTools_ShapeShapeInterference.jxx /dn43/OCCT/tmp/results_30.09.2011/occt/release-sources-20110930/drv/BOPTools/BOPTools_ShapeShapeInterference.jxx
+M BOPTools:privinclude:BOPTools_ShapeShapeInterference.ixx /dn43/OCCT/tmp/results_30.09.2011/occt/release-sources-20110930/drv/BOPTools/BOPTools_ShapeShapeInterference.ixx
+M BOPTools:pubinclude:BOPTools_VVInterference.hxx /dn43/OCCT/tmp/results_30.09.2011/occt/release-sources-20110930/inc/BOPTools_VVInterference.hxx
+M BOPTools:privinclude:BOPTools_VVInterference.jxx /dn43/OCCT/tmp/results_30.09.2011/occt/release-sources-20110930/drv/BOPTools/BOPTools_VVInterference.jxx
+M BOPTools:privinclude:BOPTools_VVInterference.ixx /dn43/OCCT/tmp/results_30.09.2011/occt/release-sources-20110930/drv/BOPTools/BOPTools_VVInterference.ixx
+M BOPTools:pubinclude:BOPTools_VSInterference.hxx /dn43/OCCT/tmp/results_30.09.2011/occt/release-sources-20110930/inc/BOPTools_VSInterference.hxx
+M BOPTools:privinclude:BOPTools_VSInterference.jxx /dn43/OCCT/tmp/results_30.09.2011/occt/release-sources-20110930/drv/BOPTools/BOPTools_VSInterference.jxx
+M BOPTools:privinclude:BOPTools_VSInterference.ixx /dn43/OCCT/tmp/results_30.09.2011/occt/release-sources-20110930/drv/BOPTools/BOPTools_VSInterference.ixx
+M BOPTools:pubinclude:BOPTools_VEInterference.hxx /dn43/OCCT/tmp/results_30.09.2011/occt/release-sources-20110930/inc/BOPTools_VEInterference.hxx
+M BOPTools:privinclude:BOPTools_VEInterference.jxx /dn43/OCCT/tmp/results_30.09.2011/occt/release-sources-20110930/drv/BOPTools/BOPTools_VEInterference.jxx
+M BOPTools:privinclude:BOPTools_VEInterference.ixx /dn43/OCCT/tmp/results_30.09.2011/occt/release-sources-20110930/drv/BOPTools/BOPTools_VEInterference.ixx
+M BOPTools:pubinclude:BOPTools_EEInterference.hxx /dn43/OCCT/tmp/results_30.09.2011/occt/release-sources-20110930/inc/BOPTools_EEInterference.hxx
+M BOPTools:privinclude:BOPTools_EEInterference.jxx /dn43/OCCT/tmp/results_30.09.2011/occt/release-sources-20110930/drv/BOPTools/BOPTools_EEInterference.jxx
+M BOPTools:privinclude:BOPTools_EEInterference.ixx /dn43/OCCT/tmp/results_30.09.2011/occt/release-sources-20110930/drv/BOPTools/BOPTools_EEInterference.ixx
+M BOPTools:pubinclude:BOPTools_ESInterference.hxx /dn43/OCCT/tmp/results_30.09.2011/occt/release-sources-20110930/inc/BOPTools_ESInterference.hxx
+M BOPTools:privinclude:BOPTools_ESInterference.jxx /dn43/OCCT/tmp/results_30.09.2011/occt/release-sources-20110930/drv/BOPTools/BOPTools_ESInterference.jxx
+M BOPTools:privinclude:BOPTools_ESInterference.ixx /dn43/OCCT/tmp/results_30.09.2011/occt/release-sources-20110930/drv/BOPTools/BOPTools_ESInterference.ixx
+M BOPTools:pubinclude:BOPTools_SSInterference.hxx /dn43/OCCT/tmp/results_30.09.2011/occt/release-sources-20110930/inc/BOPTools_SSInterference.hxx
+M BOPTools:privinclude:BOPTools_SSInterference.jxx /dn43/OCCT/tmp/results_30.09.2011/occt/release-sources-20110930/drv/BOPTools/BOPTools_SSInterference.jxx
+M BOPTools:privinclude:BOPTools_SSInterference.ixx /dn43/OCCT/tmp/results_30.09.2011/occt/release-sources-20110930/drv/BOPTools/BOPTools_SSInterference.ixx
+M BOPTools:pubinclude:BOPTools_Interference.hxx /dn43/OCCT/tmp/results_30.09.2011/occt/release-sources-20110930/inc/BOPTools_Interference.hxx
+M BOPTools:privinclude:BOPTools_Interference.jxx /dn43/OCCT/tmp/results_30.09.2011/occt/release-sources-20110930/drv/BOPTools/BOPTools_Interference.jxx
+M BOPTools:privinclude:BOPTools_Interference.ixx /dn43/OCCT/tmp/results_30.09.2011/occt/release-sources-20110930/drv/BOPTools/BOPTools_Interference.ixx
+M BOPTools:pubinclude:BOPTools_InterferenceLine.hxx /dn43/OCCT/tmp/results_30.09.2011/occt/release-sources-20110930/inc/BOPTools_InterferenceLine.hxx
+M BOPTools:privinclude:BOPTools_InterferenceLine.jxx /dn43/OCCT/tmp/results_30.09.2011/occt/release-sources-20110930/drv/BOPTools/BOPTools_InterferenceLine.jxx
+M BOPTools:privinclude:BOPTools_InterferenceLine.ixx /dn43/OCCT/tmp/results_30.09.2011/occt/release-sources-20110930/drv/BOPTools/BOPTools_InterferenceLine.ixx
+M BOPTools:pubinclude:BOPTools_InterferencePool.hxx /dn43/OCCT/tmp/results_30.09.2011/occt/release-sources-20110930/inc/BOPTools_InterferencePool.hxx
+M BOPTools:privinclude:BOPTools_InterferencePool.jxx /dn43/OCCT/tmp/results_30.09.2011/occt/release-sources-20110930/drv/BOPTools/BOPTools_InterferencePool.jxx
+M BOPTools:privinclude:BOPTools_InterferencePool.ixx /dn43/OCCT/tmp/results_30.09.2011/occt/release-sources-20110930/drv/BOPTools/BOPTools_InterferencePool.ixx
+M BOPTools:pubinclude:BOPTools_Tools.hxx /dn43/OCCT/tmp/results_30.09.2011/occt/release-sources-20110930/inc/BOPTools_Tools.hxx
+M BOPTools:privinclude:BOPTools_Tools.jxx /dn43/OCCT/tmp/results_30.09.2011/occt/release-sources-20110930/drv/BOPTools/BOPTools_Tools.jxx
+M BOPTools:privinclude:BOPTools_Tools.ixx /dn43/OCCT/tmp/results_30.09.2011/occt/release-sources-20110930/drv/BOPTools/BOPTools_Tools.ixx
+M BOPTools:pubinclude:BOPTools_Tools2D.hxx /dn43/OCCT/tmp/results_30.09.2011/occt/release-sources-20110930/inc/BOPTools_Tools2D.hxx
+M BOPTools:privinclude:BOPTools_Tools2D.jxx /dn43/OCCT/tmp/results_30.09.2011/occt/release-sources-20110930/drv/BOPTools/BOPTools_Tools2D.jxx
+M BOPTools:privinclude:BOPTools_Tools2D.ixx /dn43/OCCT/tmp/results_30.09.2011/occt/release-sources-20110930/drv/BOPTools/BOPTools_Tools2D.ixx
+M BOPTools:pubinclude:BOPTools_Tools3D.hxx /dn43/OCCT/tmp/results_30.09.2011/occt/release-sources-20110930/inc/BOPTools_Tools3D.hxx
+M BOPTools:privinclude:BOPTools_Tools3D.jxx /dn43/OCCT/tmp/results_30.09.2011/occt/release-sources-20110930/drv/BOPTools/BOPTools_Tools3D.jxx
+M BOPTools:privinclude:BOPTools_Tools3D.ixx /dn43/OCCT/tmp/results_30.09.2011/occt/release-sources-20110930/drv/BOPTools/BOPTools_Tools3D.ixx
+M BOPTools:pubinclude:BOPTools_DEInfo.hxx /dn43/OCCT/tmp/results_30.09.2011/occt/release-sources-20110930/inc/BOPTools_DEInfo.hxx
+M BOPTools:privinclude:BOPTools_DEInfo.jxx /dn43/OCCT/tmp/results_30.09.2011/occt/release-sources-20110930/drv/BOPTools/BOPTools_DEInfo.jxx
+M BOPTools:privinclude:BOPTools_DEInfo.ixx /dn43/OCCT/tmp/results_30.09.2011/occt/release-sources-20110930/drv/BOPTools/BOPTools_DEInfo.ixx
+M BOPTools:pubinclude:BOPTools_PointBetween.hxx /dn43/OCCT/tmp/results_30.09.2011/occt/release-sources-20110930/inc/BOPTools_PointBetween.hxx
+M BOPTools:privinclude:BOPTools_PointBetween.jxx /dn43/OCCT/tmp/results_30.09.2011/occt/release-sources-20110930/drv/BOPTools/BOPTools_PointBetween.jxx
+M BOPTools:privinclude:BOPTools_PointBetween.ixx /dn43/OCCT/tmp/results_30.09.2011/occt/release-sources-20110930/drv/BOPTools/BOPTools_PointBetween.ixx
+M BOPTools:pubinclude:BOPTools_Curve.hxx /dn43/OCCT/tmp/results_30.09.2011/occt/release-sources-20110930/inc/BOPTools_Curve.hxx
+M BOPTools:privinclude:BOPTools_Curve.jxx /dn43/OCCT/tmp/results_30.09.2011/occt/release-sources-20110930/drv/BOPTools/BOPTools_Curve.jxx
+M BOPTools:privinclude:BOPTools_Curve.ixx /dn43/OCCT/tmp/results_30.09.2011/occt/release-sources-20110930/drv/BOPTools/BOPTools_Curve.ixx
+M BOPTools:pubinclude:BOPTools_CoupleOfInteger.hxx /dn43/OCCT/tmp/results_30.09.2011/occt/release-sources-20110930/inc/BOPTools_CoupleOfInteger.hxx
+M BOPTools:privinclude:BOPTools_CoupleOfInteger.jxx /dn43/OCCT/tmp/results_30.09.2011/occt/release-sources-20110930/drv/BOPTools/BOPTools_CoupleOfInteger.jxx
+M BOPTools:privinclude:BOPTools_CoupleOfInteger.ixx /dn43/OCCT/tmp/results_30.09.2011/occt/release-sources-20110930/drv/BOPTools/BOPTools_CoupleOfInteger.ixx
+M BOPTools:pubinclude:BOPTools_Checker.hxx /dn43/OCCT/tmp/results_30.09.2011/occt/release-sources-20110930/inc/BOPTools_Checker.hxx
+M BOPTools:privinclude:BOPTools_Checker.jxx /dn43/OCCT/tmp/results_30.09.2011/occt/release-sources-20110930/drv/BOPTools/BOPTools_Checker.jxx
+M BOPTools:privinclude:BOPTools_Checker.ixx /dn43/OCCT/tmp/results_30.09.2011/occt/release-sources-20110930/drv/BOPTools/BOPTools_Checker.ixx
+M BOPTools:pubinclude:BOPTools_CheckResult.hxx /dn43/OCCT/tmp/results_30.09.2011/occt/release-sources-20110930/inc/BOPTools_CheckResult.hxx
+M BOPTools:privinclude:BOPTools_CheckResult.jxx /dn43/OCCT/tmp/results_30.09.2011/occt/release-sources-20110930/drv/BOPTools/BOPTools_CheckResult.jxx
+M BOPTools:privinclude:BOPTools_CheckResult.ixx /dn43/OCCT/tmp/results_30.09.2011/occt/release-sources-20110930/drv/BOPTools/BOPTools_CheckResult.ixx
+M BOPTools:pubinclude:BOPTools_ListOfCoupleOfInteger.hxx /dn43/OCCT/tmp/results_30.09.2011/occt/release-sources-20110930/inc/BOPTools_ListOfCoupleOfInteger.hxx
+M BOPTools:derivated:BOPTools_ListOfCoupleOfInteger_0.cxx /dn43/OCCT/tmp/results_30.09.2011/occt/release-sources-20110930/drv/BOPTools/BOPTools_ListOfCoupleOfInteger_0.cxx
+M BOPTools:pubinclude:BOPTools_ListOfInterference.hxx /dn43/OCCT/tmp/results_30.09.2011/occt/release-sources-20110930/inc/BOPTools_ListOfInterference.hxx
+M BOPTools:derivated:BOPTools_ListOfInterference_0.cxx /dn43/OCCT/tmp/results_30.09.2011/occt/release-sources-20110930/drv/BOPTools/BOPTools_ListOfInterference_0.cxx
+M BOPTools:pubinclude:BOPTools_CArray1OfInterferenceLine.hxx /dn43/OCCT/tmp/results_30.09.2011/occt/release-sources-20110930/inc/BOPTools_CArray1OfInterferenceLine.hxx
+M BOPTools:derivated:BOPTools_CArray1OfInterferenceLine_0.cxx /dn43/OCCT/tmp/results_30.09.2011/occt/release-sources-20110930/drv/BOPTools/BOPTools_CArray1OfInterferenceLine_0.cxx
+M BOPTools:pubinclude:BOPTools_CArray1OfSSInterference.hxx /dn43/OCCT/tmp/results_30.09.2011/occt/release-sources-20110930/inc/BOPTools_CArray1OfSSInterference.hxx
+M BOPTools:derivated:BOPTools_CArray1OfSSInterference_0.cxx /dn43/OCCT/tmp/results_30.09.2011/occt/release-sources-20110930/drv/BOPTools/BOPTools_CArray1OfSSInterference_0.cxx
+M BOPTools:pubinclude:BOPTools_CArray1OfESInterference.hxx /dn43/OCCT/tmp/results_30.09.2011/occt/release-sources-20110930/inc/BOPTools_CArray1OfESInterference.hxx
+M BOPTools:derivated:BOPTools_CArray1OfESInterference_0.cxx /dn43/OCCT/tmp/results_30.09.2011/occt/release-sources-20110930/drv/BOPTools/BOPTools_CArray1OfESInterference_0.cxx
+M BOPTools:pubinclude:BOPTools_CArray1OfVSInterference.hxx /dn43/OCCT/tmp/results_30.09.2011/occt/release-sources-20110930/inc/BOPTools_CArray1OfVSInterference.hxx
+M BOPTools:derivated:BOPTools_CArray1OfVSInterference_0.cxx /dn43/OCCT/tmp/results_30.09.2011/occt/release-sources-20110930/drv/BOPTools/BOPTools_CArray1OfVSInterference_0.cxx
+M BOPTools:pubinclude:BOPTools_CArray1OfEEInterference.hxx /dn43/OCCT/tmp/results_30.09.2011/occt/release-sources-20110930/inc/BOPTools_CArray1OfEEInterference.hxx
+M BOPTools:derivated:BOPTools_CArray1OfEEInterference_0.cxx /dn43/OCCT/tmp/results_30.09.2011/occt/release-sources-20110930/drv/BOPTools/BOPTools_CArray1OfEEInterference_0.cxx
+M BOPTools:pubinclude:BOPTools_CArray1OfVEInterference.hxx /dn43/OCCT/tmp/results_30.09.2011/occt/release-sources-20110930/inc/BOPTools_CArray1OfVEInterference.hxx
+M BOPTools:derivated:BOPTools_CArray1OfVEInterference_0.cxx /dn43/OCCT/tmp/results_30.09.2011/occt/release-sources-20110930/drv/BOPTools/BOPTools_CArray1OfVEInterference_0.cxx
+M BOPTools:pubinclude:BOPTools_CArray1OfVVInterference.hxx /dn43/OCCT/tmp/results_30.09.2011/occt/release-sources-20110930/inc/BOPTools_CArray1OfVVInterference.hxx
+M BOPTools:derivated:BOPTools_CArray1OfVVInterference_0.cxx /dn43/OCCT/tmp/results_30.09.2011/occt/release-sources-20110930/drv/BOPTools/BOPTools_CArray1OfVVInterference_0.cxx
+M BOPTools:pubinclude:BOPTools_PavePool.hxx /dn43/OCCT/tmp/results_30.09.2011/occt/release-sources-20110930/inc/BOPTools_PavePool.hxx
+M BOPTools:derivated:BOPTools_PavePool_0.cxx /dn43/OCCT/tmp/results_30.09.2011/occt/release-sources-20110930/drv/BOPTools/BOPTools_PavePool_0.cxx
+M BOPTools:pubinclude:BOPTools_ListOfPave.hxx /dn43/OCCT/tmp/results_30.09.2011/occt/release-sources-20110930/inc/BOPTools_ListOfPave.hxx
+M BOPTools:derivated:BOPTools_ListOfPave_0.cxx /dn43/OCCT/tmp/results_30.09.2011/occt/release-sources-20110930/drv/BOPTools/BOPTools_ListOfPave_0.cxx
+M BOPTools:pubinclude:BOPTools_ListOfCommonBlock.hxx /dn43/OCCT/tmp/results_30.09.2011/occt/release-sources-20110930/inc/BOPTools_ListOfCommonBlock.hxx
+M BOPTools:derivated:BOPTools_ListOfCommonBlock_0.cxx /dn43/OCCT/tmp/results_30.09.2011/occt/release-sources-20110930/drv/BOPTools/BOPTools_ListOfCommonBlock_0.cxx
+M BOPTools:pubinclude:BOPTools_ListOfPaveBlock.hxx /dn43/OCCT/tmp/results_30.09.2011/occt/release-sources-20110930/inc/BOPTools_ListOfPaveBlock.hxx
+M BOPTools:derivated:BOPTools_ListOfPaveBlock_0.cxx /dn43/OCCT/tmp/results_30.09.2011/occt/release-sources-20110930/drv/BOPTools/BOPTools_ListOfPaveBlock_0.cxx
+M BOPTools:pubinclude:BOPTools_CommonBlockPool.hxx /dn43/OCCT/tmp/results_30.09.2011/occt/release-sources-20110930/inc/BOPTools_CommonBlockPool.hxx
+M BOPTools:derivated:BOPTools_CommonBlockPool_0.cxx /dn43/OCCT/tmp/results_30.09.2011/occt/release-sources-20110930/drv/BOPTools/BOPTools_CommonBlockPool_0.cxx
+M BOPTools:pubinclude:BOPTools_SplitShapesPool.hxx /dn43/OCCT/tmp/results_30.09.2011/occt/release-sources-20110930/inc/BOPTools_SplitShapesPool.hxx
+M BOPTools:derivated:BOPTools_SplitShapesPool_0.cxx /dn43/OCCT/tmp/results_30.09.2011/occt/release-sources-20110930/drv/BOPTools/BOPTools_SplitShapesPool_0.cxx
+M BOPTools:pubinclude:BOPTools_Array1OfPave.hxx /dn43/OCCT/tmp/results_30.09.2011/occt/release-sources-20110930/inc/BOPTools_Array1OfPave.hxx
+M BOPTools:derivated:BOPTools_Array1OfPave_0.cxx /dn43/OCCT/tmp/results_30.09.2011/occt/release-sources-20110930/drv/BOPTools/BOPTools_Array1OfPave_0.cxx
+M BOPTools:pubinclude:BOPTools_CArray1OfPave.hxx /dn43/OCCT/tmp/results_30.09.2011/occt/release-sources-20110930/inc/BOPTools_CArray1OfPave.hxx
+M BOPTools:derivated:BOPTools_CArray1OfPave_0.cxx /dn43/OCCT/tmp/results_30.09.2011/occt/release-sources-20110930/drv/BOPTools/BOPTools_CArray1OfPave_0.cxx
+M BOPTools:pubinclude:BOPTools_QuickSortPave.hxx /dn43/OCCT/tmp/results_30.09.2011/occt/release-sources-20110930/inc/BOPTools_QuickSortPave.hxx
+M BOPTools:derivated:BOPTools_QuickSortPave_0.cxx /dn43/OCCT/tmp/results_30.09.2011/occt/release-sources-20110930/drv/BOPTools/BOPTools_QuickSortPave_0.cxx
+M BOPTools:pubinclude:BOPTools_IndexedDataMapOfIntegerState.hxx /dn43/OCCT/tmp/results_30.09.2011/occt/release-sources-20110930/inc/BOPTools_IndexedDataMapOfIntegerState.hxx
+M BOPTools:derivated:BOPTools_IndexedDataMapOfIntegerState_0.cxx /dn43/OCCT/tmp/results_30.09.2011/occt/release-sources-20110930/drv/BOPTools/BOPTools_IndexedDataMapOfIntegerState_0.cxx
+M BOPTools:pubinclude:BOPTools_SequenceOfCurves.hxx /dn43/OCCT/tmp/results_30.09.2011/occt/release-sources-20110930/inc/BOPTools_SequenceOfCurves.hxx
+M BOPTools:derivated:BOPTools_SequenceOfCurves_0.cxx /dn43/OCCT/tmp/results_30.09.2011/occt/release-sources-20110930/drv/BOPTools/BOPTools_SequenceOfCurves_0.cxx
+M BOPTools:pubinclude:BOPTools_IndexedDataMapOfShapeWithState.hxx /dn43/OCCT/tmp/results_30.09.2011/occt/release-sources-20110930/inc/BOPTools_IndexedDataMapOfShapeWithState.hxx
+M BOPTools:derivated:BOPTools_IndexedDataMapOfShapeWithState_0.cxx /dn43/OCCT/tmp/results_30.09.2011/occt/release-sources-20110930/drv/BOPTools/BOPTools_IndexedDataMapOfShapeWithState_0.cxx
+M BOPTools:pubinclude:BOPTools_ListOfShapeEnum.hxx /dn43/OCCT/tmp/results_30.09.2011/occt/release-sources-20110930/inc/BOPTools_ListOfShapeEnum.hxx
+M BOPTools:derivated:BOPTools_ListOfShapeEnum_0.cxx /dn43/OCCT/tmp/results_30.09.2011/occt/release-sources-20110930/drv/BOPTools/BOPTools_ListOfShapeEnum_0.cxx
+M BOPTools:pubinclude:BOPTools_IndexedDataMapOfIntegerDEInfo.hxx /dn43/OCCT/tmp/results_30.09.2011/occt/release-sources-20110930/inc/BOPTools_IndexedDataMapOfIntegerDEInfo.hxx
+M BOPTools:derivated:BOPTools_IndexedDataMapOfIntegerDEInfo_0.cxx /dn43/OCCT/tmp/results_30.09.2011/occt/release-sources-20110930/drv/BOPTools/BOPTools_IndexedDataMapOfIntegerDEInfo_0.cxx
+M BOPTools:pubinclude:BOPTools_Array2OfIntersectionStatus.hxx /dn43/OCCT/tmp/results_30.09.2011/occt/release-sources-20110930/inc/BOPTools_Array2OfIntersectionStatus.hxx
+M BOPTools:derivated:BOPTools_Array2OfIntersectionStatus_0.cxx /dn43/OCCT/tmp/results_30.09.2011/occt/release-sources-20110930/drv/BOPTools/BOPTools_Array2OfIntersectionStatus_0.cxx
+M BOPTools:pubinclude:Handle_BOPTools_HArray2OfIntersectionStatus.hxx /dn43/OCCT/tmp/results_30.09.2011/occt/release-sources-20110930/inc/Handle_BOPTools_HArray2OfIntersectionStatus.hxx
+M BOPTools:pubinclude:BOPTools_HArray2OfIntersectionStatus.hxx /dn43/OCCT/tmp/results_30.09.2011/occt/release-sources-20110930/inc/BOPTools_HArray2OfIntersectionStatus.hxx
+M BOPTools:derivated:BOPTools_HArray2OfIntersectionStatus_0.cxx /dn43/OCCT/tmp/results_30.09.2011/occt/release-sources-20110930/drv/BOPTools/BOPTools_HArray2OfIntersectionStatus_0.cxx
+M BOPTools:pubinclude:BOPTools_ListOfCheckResults.hxx /dn43/OCCT/tmp/results_30.09.2011/occt/release-sources-20110930/inc/BOPTools_ListOfCheckResults.hxx
+M BOPTools:derivated:BOPTools_ListOfCheckResults_0.cxx /dn43/OCCT/tmp/results_30.09.2011/occt/release-sources-20110930/drv/BOPTools/BOPTools_ListOfCheckResults_0.cxx
+M BOPTools:pubinclude:BOPTools_RoughShapeIntersector.hxx /dn43/OCCT/tmp/results_30.09.2011/occt/release-sources-20110930/inc/BOPTools_RoughShapeIntersector.hxx
+M BOPTools:privinclude:BOPTools_RoughShapeIntersector.jxx /dn43/OCCT/tmp/results_30.09.2011/occt/release-sources-20110930/drv/BOPTools/BOPTools_RoughShapeIntersector.jxx
+M BOPTools:privinclude:BOPTools_RoughShapeIntersector.ixx /dn43/OCCT/tmp/results_30.09.2011/occt/release-sources-20110930/drv/BOPTools/BOPTools_RoughShapeIntersector.ixx
+M BOPTools:pubinclude:BOPTools_IteratorOfCoupleOfShape.hxx /dn43/OCCT/tmp/results_30.09.2011/occt/release-sources-20110930/inc/BOPTools_IteratorOfCoupleOfShape.hxx
+M BOPTools:privinclude:BOPTools_IteratorOfCoupleOfShape.jxx /dn43/OCCT/tmp/results_30.09.2011/occt/release-sources-20110930/drv/BOPTools/BOPTools_IteratorOfCoupleOfShape.jxx
+M BOPTools:privinclude:BOPTools_IteratorOfCoupleOfShape.ixx /dn43/OCCT/tmp/results_30.09.2011/occt/release-sources-20110930/drv/BOPTools/BOPTools_IteratorOfCoupleOfShape.ixx
+M BOPTools:pubinclude:BOPTools_SSIntersectionAttribute.hxx /dn43/OCCT/tmp/results_30.09.2011/occt/release-sources-20110930/inc/BOPTools_SSIntersectionAttribute.hxx
+M BOPTools:privinclude:BOPTools_SSIntersectionAttribute.jxx /dn43/OCCT/tmp/results_30.09.2011/occt/release-sources-20110930/drv/BOPTools/BOPTools_SSIntersectionAttribute.jxx
+M BOPTools:privinclude:BOPTools_SSIntersectionAttribute.ixx /dn43/OCCT/tmp/results_30.09.2011/occt/release-sources-20110930/drv/BOPTools/BOPTools_SSIntersectionAttribute.ixx
+M BOPTools:pubinclude:BOPTools_CoupleOfIntegerMapHasher.hxx /dn43/OCCT/tmp/results_30.09.2011/occt/release-sources-20110930/inc/BOPTools_CoupleOfIntegerMapHasher.hxx
+M BOPTools:privinclude:BOPTools_CoupleOfIntegerMapHasher.jxx /dn43/OCCT/tmp/results_30.09.2011/occt/release-sources-20110930/drv/BOPTools/BOPTools_CoupleOfIntegerMapHasher.jxx
+M BOPTools:privinclude:BOPTools_CoupleOfIntegerMapHasher.ixx /dn43/OCCT/tmp/results_30.09.2011/occt/release-sources-20110930/drv/BOPTools/BOPTools_CoupleOfIntegerMapHasher.ixx
+M BOPTools:pubinclude:BOPTools_PaveBlockMapHasher.hxx /dn43/OCCT/tmp/results_30.09.2011/occt/release-sources-20110930/inc/BOPTools_PaveBlockMapHasher.hxx
+M BOPTools:privinclude:BOPTools_PaveBlockMapHasher.jxx /dn43/OCCT/tmp/results_30.09.2011/occt/release-sources-20110930/drv/BOPTools/BOPTools_PaveBlockMapHasher.jxx
+M BOPTools:privinclude:BOPTools_PaveBlockMapHasher.ixx /dn43/OCCT/tmp/results_30.09.2011/occt/release-sources-20110930/drv/BOPTools/BOPTools_PaveBlockMapHasher.ixx
+M BOPTools:pubinclude:BOPTools_IndexedMapOfCoupleOfInteger.hxx /dn43/OCCT/tmp/results_30.09.2011/occt/release-sources-20110930/inc/BOPTools_IndexedMapOfCoupleOfInteger.hxx
+M BOPTools:derivated:BOPTools_IndexedMapOfCoupleOfInteger_0.cxx /dn43/OCCT/tmp/results_30.09.2011/occt/release-sources-20110930/drv/BOPTools/BOPTools_IndexedMapOfCoupleOfInteger_0.cxx
+M BOPTools:pubinclude:BOPTools_IndexedDataMapOfIntegerPaveSet.hxx /dn43/OCCT/tmp/results_30.09.2011/occt/release-sources-20110930/inc/BOPTools_IndexedDataMapOfIntegerPaveSet.hxx
+M BOPTools:derivated:BOPTools_IndexedDataMapOfIntegerPaveSet_0.cxx /dn43/OCCT/tmp/results_30.09.2011/occt/release-sources-20110930/drv/BOPTools/BOPTools_IndexedDataMapOfIntegerPaveSet_0.cxx
+M BOPTools:pubinclude:BOPTools_IMapOfPaveBlock.hxx /dn43/OCCT/tmp/results_30.09.2011/occt/release-sources-20110930/inc/BOPTools_IMapOfPaveBlock.hxx
+M BOPTools:derivated:BOPTools_IMapOfPaveBlock_0.cxx /dn43/OCCT/tmp/results_30.09.2011/occt/release-sources-20110930/drv/BOPTools/BOPTools_IMapOfPaveBlock_0.cxx
+M BOPTools:pubinclude:BOPTools_IDMapOfPaveBlockIMapOfPaveBlock.hxx /dn43/OCCT/tmp/results_30.09.2011/occt/release-sources-20110930/inc/BOPTools_IDMapOfPaveBlockIMapOfPaveBlock.hxx
+M BOPTools:derivated:BOPTools_IDMapOfPaveBlockIMapOfPaveBlock_0.cxx /dn43/OCCT/tmp/results_30.09.2011/occt/release-sources-20110930/drv/BOPTools/BOPTools_IDMapOfPaveBlockIMapOfPaveBlock_0.cxx
+M BOPTools:pubinclude:BOPTools_IDMapOfPaveBlockIMapOfInteger.hxx /dn43/OCCT/tmp/results_30.09.2011/occt/release-sources-20110930/inc/BOPTools_IDMapOfPaveBlockIMapOfInteger.hxx
+M BOPTools:derivated:BOPTools_IDMapOfPaveBlockIMapOfInteger_0.cxx /dn43/OCCT/tmp/results_30.09.2011/occt/release-sources-20110930/drv/BOPTools/BOPTools_IDMapOfPaveBlockIMapOfInteger_0.cxx
+M BOPTools:pubinclude:BOPTools_SequenceOfPaveBlock.hxx /dn43/OCCT/tmp/results_30.09.2011/occt/release-sources-20110930/inc/BOPTools_SequenceOfPaveBlock.hxx
+M BOPTools:derivated:BOPTools_SequenceOfPaveBlock_0.cxx /dn43/OCCT/tmp/results_30.09.2011/occt/release-sources-20110930/drv/BOPTools/BOPTools_SequenceOfPaveBlock_0.cxx
+M BOPTools:pubinclude:Handle_BOPTools_ListNodeOfListOfCoupleOfInteger.hxx /dn43/OCCT/tmp/results_30.09.2011/occt/release-sources-20110930/inc/Handle_BOPTools_ListNodeOfListOfCoupleOfInteger.hxx
+M BOPTools:pubinclude:BOPTools_ListNodeOfListOfCoupleOfInteger.hxx /dn43/OCCT/tmp/results_30.09.2011/occt/release-sources-20110930/inc/BOPTools_ListNodeOfListOfCoupleOfInteger.hxx
+M BOPTools:derivated:BOPTools_ListNodeOfListOfCoupleOfInteger_0.cxx /dn43/OCCT/tmp/results_30.09.2011/occt/release-sources-20110930/drv/BOPTools/BOPTools_ListNodeOfListOfCoupleOfInteger_0.cxx
+M BOPTools:pubinclude:BOPTools_ListIteratorOfListOfCoupleOfInteger.hxx /dn43/OCCT/tmp/results_30.09.2011/occt/release-sources-20110930/inc/BOPTools_ListIteratorOfListOfCoupleOfInteger.hxx
+M BOPTools:derivated:BOPTools_ListIteratorOfListOfCoupleOfInteger_0.cxx /dn43/OCCT/tmp/results_30.09.2011/occt/release-sources-20110930/drv/BOPTools/BOPTools_ListIteratorOfListOfCoupleOfInteger_0.cxx
+M BOPTools:pubinclude:Handle_BOPTools_ListNodeOfListOfInterference.hxx /dn43/OCCT/tmp/results_30.09.2011/occt/release-sources-20110930/inc/Handle_BOPTools_ListNodeOfListOfInterference.hxx
+M BOPTools:pubinclude:BOPTools_ListNodeOfListOfInterference.hxx /dn43/OCCT/tmp/results_30.09.2011/occt/release-sources-20110930/inc/BOPTools_ListNodeOfListOfInterference.hxx
+M BOPTools:derivated:BOPTools_ListNodeOfListOfInterference_0.cxx /dn43/OCCT/tmp/results_30.09.2011/occt/release-sources-20110930/drv/BOPTools/BOPTools_ListNodeOfListOfInterference_0.cxx
+M BOPTools:pubinclude:BOPTools_ListIteratorOfListOfInterference.hxx /dn43/OCCT/tmp/results_30.09.2011/occt/release-sources-20110930/inc/BOPTools_ListIteratorOfListOfInterference.hxx
+M BOPTools:derivated:BOPTools_ListIteratorOfListOfInterference_0.cxx /dn43/OCCT/tmp/results_30.09.2011/occt/release-sources-20110930/drv/BOPTools/BOPTools_ListIteratorOfListOfInterference_0.cxx
+M BOPTools:pubinclude:Handle_BOPTools_ListNodeOfListOfPave.hxx /dn43/OCCT/tmp/results_30.09.2011/occt/release-sources-20110930/inc/Handle_BOPTools_ListNodeOfListOfPave.hxx
+M BOPTools:pubinclude:BOPTools_ListNodeOfListOfPave.hxx /dn43/OCCT/tmp/results_30.09.2011/occt/release-sources-20110930/inc/BOPTools_ListNodeOfListOfPave.hxx
+M BOPTools:derivated:BOPTools_ListNodeOfListOfPave_0.cxx /dn43/OCCT/tmp/results_30.09.2011/occt/release-sources-20110930/drv/BOPTools/BOPTools_ListNodeOfListOfPave_0.cxx
+M BOPTools:pubinclude:BOPTools_ListIteratorOfListOfPave.hxx /dn43/OCCT/tmp/results_30.09.2011/occt/release-sources-20110930/inc/BOPTools_ListIteratorOfListOfPave.hxx
+M BOPTools:derivated:BOPTools_ListIteratorOfListOfPave_0.cxx /dn43/OCCT/tmp/results_30.09.2011/occt/release-sources-20110930/drv/BOPTools/BOPTools_ListIteratorOfListOfPave_0.cxx
+M BOPTools:pubinclude:Handle_BOPTools_ListNodeOfListOfCommonBlock.hxx /dn43/OCCT/tmp/results_30.09.2011/occt/release-sources-20110930/inc/Handle_BOPTools_ListNodeOfListOfCommonBlock.hxx
+M BOPTools:pubinclude:BOPTools_ListNodeOfListOfCommonBlock.hxx /dn43/OCCT/tmp/results_30.09.2011/occt/release-sources-20110930/inc/BOPTools_ListNodeOfListOfCommonBlock.hxx
+M BOPTools:derivated:BOPTools_ListNodeOfListOfCommonBlock_0.cxx /dn43/OCCT/tmp/results_30.09.2011/occt/release-sources-20110930/drv/BOPTools/BOPTools_ListNodeOfListOfCommonBlock_0.cxx
+M BOPTools:pubinclude:BOPTools_ListIteratorOfListOfCommonBlock.hxx /dn43/OCCT/tmp/results_30.09.2011/occt/release-sources-20110930/inc/BOPTools_ListIteratorOfListOfCommonBlock.hxx
+M BOPTools:derivated:BOPTools_ListIteratorOfListOfCommonBlock_0.cxx /dn43/OCCT/tmp/results_30.09.2011/occt/release-sources-20110930/drv/BOPTools/BOPTools_ListIteratorOfListOfCommonBlock_0.cxx
+M BOPTools:pubinclude:Handle_BOPTools_ListNodeOfListOfPaveBlock.hxx /dn43/OCCT/tmp/results_30.09.2011/occt/release-sources-20110930/inc/Handle_BOPTools_ListNodeOfListOfPaveBlock.hxx
+M BOPTools:pubinclude:BOPTools_ListNodeOfListOfPaveBlock.hxx /dn43/OCCT/tmp/results_30.09.2011/occt/release-sources-20110930/inc/BOPTools_ListNodeOfListOfPaveBlock.hxx
+M BOPTools:derivated:BOPTools_ListNodeOfListOfPaveBlock_0.cxx /dn43/OCCT/tmp/results_30.09.2011/occt/release-sources-20110930/drv/BOPTools/BOPTools_ListNodeOfListOfPaveBlock_0.cxx
+M BOPTools:pubinclude:BOPTools_ListIteratorOfListOfPaveBlock.hxx /dn43/OCCT/tmp/results_30.09.2011/occt/release-sources-20110930/inc/BOPTools_ListIteratorOfListOfPaveBlock.hxx
+M BOPTools:derivated:BOPTools_ListIteratorOfListOfPaveBlock_0.cxx /dn43/OCCT/tmp/results_30.09.2011/occt/release-sources-20110930/drv/BOPTools/BOPTools_ListIteratorOfListOfPaveBlock_0.cxx
+M BOPTools:pubinclude:Handle_BOPTools_IndexedDataMapNodeOfIndexedDataMapOfIntegerState.hxx /dn43/OCCT/tmp/results_30.09.2011/occt/release-sources-20110930/inc/Handle_BOPTools_IndexedDataMapNodeOfIndexedDataMapOfIntegerState.hxx
+M BOPTools:pubinclude:BOPTools_IndexedDataMapNodeOfIndexedDataMapOfIntegerState.hxx /dn43/OCCT/tmp/results_30.09.2011/occt/release-sources-20110930/inc/BOPTools_IndexedDataMapNodeOfIndexedDataMapOfIntegerState.hxx
+M BOPTools:derivated:BOPTools_IndexedDataMapNodeOfIndexedDataMapOfIntegerState_0.cxx /dn43/OCCT/tmp/results_30.09.2011/occt/release-sources-20110930/drv/BOPTools/BOPTools_IndexedDataMapNodeOfIndexedDataMapOfIntegerState_0.cxx
+M BOPTools:pubinclude:Handle_BOPTools_SequenceNodeOfSequenceOfCurves.hxx /dn43/OCCT/tmp/results_30.09.2011/occt/release-sources-20110930/inc/Handle_BOPTools_SequenceNodeOfSequenceOfCurves.hxx
+M BOPTools:pubinclude:BOPTools_SequenceNodeOfSequenceOfCurves.hxx /dn43/OCCT/tmp/results_30.09.2011/occt/release-sources-20110930/inc/BOPTools_SequenceNodeOfSequenceOfCurves.hxx
+M BOPTools:derivated:BOPTools_SequenceNodeOfSequenceOfCurves_0.cxx /dn43/OCCT/tmp/results_30.09.2011/occt/release-sources-20110930/drv/BOPTools/BOPTools_SequenceNodeOfSequenceOfCurves_0.cxx
+M BOPTools:pubinclude:Handle_BOPTools_IndexedDataMapNodeOfIndexedDataMapOfShapeWithState.hxx /dn43/OCCT/tmp/results_30.09.2011/occt/release-sources-20110930/inc/Handle_BOPTools_IndexedDataMapNodeOfIndexedDataMapOfShapeWithState.hxx
+M BOPTools:pubinclude:BOPTools_IndexedDataMapNodeOfIndexedDataMapOfShapeWithState.hxx /dn43/OCCT/tmp/results_30.09.2011/occt/release-sources-20110930/inc/BOPTools_IndexedDataMapNodeOfIndexedDataMapOfShapeWithState.hxx
+M BOPTools:derivated:BOPTools_IndexedDataMapNodeOfIndexedDataMapOfShapeWithState_0.cxx /dn43/OCCT/tmp/results_30.09.2011/occt/release-sources-20110930/drv/BOPTools/BOPTools_IndexedDataMapNodeOfIndexedDataMapOfShapeWithState_0.cxx
+M BOPTools:pubinclude:Handle_BOPTools_ListNodeOfListOfShapeEnum.hxx /dn43/OCCT/tmp/results_30.09.2011/occt/release-sources-20110930/inc/Handle_BOPTools_ListNodeOfListOfShapeEnum.hxx
+M BOPTools:pubinclude:BOPTools_ListNodeOfListOfShapeEnum.hxx /dn43/OCCT/tmp/results_30.09.2011/occt/release-sources-20110930/inc/BOPTools_ListNodeOfListOfShapeEnum.hxx
+M BOPTools:derivated:BOPTools_ListNodeOfListOfShapeEnum_0.cxx /dn43/OCCT/tmp/results_30.09.2011/occt/release-sources-20110930/drv/BOPTools/BOPTools_ListNodeOfListOfShapeEnum_0.cxx
+M BOPTools:pubinclude:BOPTools_ListIteratorOfListOfShapeEnum.hxx /dn43/OCCT/tmp/results_30.09.2011/occt/release-sources-20110930/inc/BOPTools_ListIteratorOfListOfShapeEnum.hxx
+M BOPTools:derivated:BOPTools_ListIteratorOfListOfShapeEnum_0.cxx /dn43/OCCT/tmp/results_30.09.2011/occt/release-sources-20110930/drv/BOPTools/BOPTools_ListIteratorOfListOfShapeEnum_0.cxx
+M BOPTools:pubinclude:Handle_BOPTools_IndexedDataMapNodeOfIndexedDataMapOfIntegerDEInfo.hxx /dn43/OCCT/tmp/results_30.09.2011/occt/release-sources-20110930/inc/Handle_BOPTools_IndexedDataMapNodeOfIndexedDataMapOfIntegerDEInfo.hxx
+M BOPTools:pubinclude:BOPTools_IndexedDataMapNodeOfIndexedDataMapOfIntegerDEInfo.hxx /dn43/OCCT/tmp/results_30.09.2011/occt/release-sources-20110930/inc/BOPTools_IndexedDataMapNodeOfIndexedDataMapOfIntegerDEInfo.hxx
+M BOPTools:derivated:BOPTools_IndexedDataMapNodeOfIndexedDataMapOfIntegerDEInfo_0.cxx /dn43/OCCT/tmp/results_30.09.2011/occt/release-sources-20110930/drv/BOPTools/BOPTools_IndexedDataMapNodeOfIndexedDataMapOfIntegerDEInfo_0.cxx
+M BOPTools:pubinclude:Handle_BOPTools_ListNodeOfListOfCheckResults.hxx /dn43/OCCT/tmp/results_30.09.2011/occt/release-sources-20110930/inc/Handle_BOPTools_ListNodeOfListOfCheckResults.hxx
+M BOPTools:pubinclude:BOPTools_ListNodeOfListOfCheckResults.hxx /dn43/OCCT/tmp/results_30.09.2011/occt/release-sources-20110930/inc/BOPTools_ListNodeOfListOfCheckResults.hxx
+M BOPTools:derivated:BOPTools_ListNodeOfListOfCheckResults_0.cxx /dn43/OCCT/tmp/results_30.09.2011/occt/release-sources-20110930/drv/BOPTools/BOPTools_ListNodeOfListOfCheckResults_0.cxx
+M BOPTools:pubinclude:BOPTools_ListIteratorOfListOfCheckResults.hxx /dn43/OCCT/tmp/results_30.09.2011/occt/release-sources-20110930/inc/BOPTools_ListIteratorOfListOfCheckResults.hxx
+M BOPTools:derivated:BOPTools_ListIteratorOfListOfCheckResults_0.cxx /dn43/OCCT/tmp/results_30.09.2011/occt/release-sources-20110930/drv/BOPTools/BOPTools_ListIteratorOfListOfCheckResults_0.cxx
+M BOPTools:pubinclude:Handle_BOPTools_IndexedMapNodeOfIndexedMapOfCoupleOfInteger.hxx /dn43/OCCT/tmp/results_30.09.2011/occt/release-sources-20110930/inc/Handle_BOPTools_IndexedMapNodeOfIndexedMapOfCoupleOfInteger.hxx
+M BOPTools:pubinclude:BOPTools_IndexedMapNodeOfIndexedMapOfCoupleOfInteger.hxx /dn43/OCCT/tmp/results_30.09.2011/occt/release-sources-20110930/inc/BOPTools_IndexedMapNodeOfIndexedMapOfCoupleOfInteger.hxx
+M BOPTools:derivated:BOPTools_IndexedMapNodeOfIndexedMapOfCoupleOfInteger_0.cxx /dn43/OCCT/tmp/results_30.09.2011/occt/release-sources-20110930/drv/BOPTools/BOPTools_IndexedMapNodeOfIndexedMapOfCoupleOfInteger_0.cxx
+M BOPTools:pubinclude:Handle_BOPTools_IndexedDataMapNodeOfIndexedDataMapOfIntegerPaveSet.hxx /dn43/OCCT/tmp/results_30.09.2011/occt/release-sources-20110930/inc/Handle_BOPTools_IndexedDataMapNodeOfIndexedDataMapOfIntegerPaveSet.hxx
+M BOPTools:pubinclude:BOPTools_IndexedDataMapNodeOfIndexedDataMapOfIntegerPaveSet.hxx /dn43/OCCT/tmp/results_30.09.2011/occt/release-sources-20110930/inc/BOPTools_IndexedDataMapNodeOfIndexedDataMapOfIntegerPaveSet.hxx
+M BOPTools:derivated:BOPTools_IndexedDataMapNodeOfIndexedDataMapOfIntegerPaveSet_0.cxx /dn43/OCCT/tmp/results_30.09.2011/occt/release-sources-20110930/drv/BOPTools/BOPTools_IndexedDataMapNodeOfIndexedDataMapOfIntegerPaveSet_0.cxx
+M BOPTools:pubinclude:Handle_BOPTools_IndexedMapNodeOfIMapOfPaveBlock.hxx /dn43/OCCT/tmp/results_30.09.2011/occt/release-sources-20110930/inc/Handle_BOPTools_IndexedMapNodeOfIMapOfPaveBlock.hxx
+M BOPTools:pubinclude:BOPTools_IndexedMapNodeOfIMapOfPaveBlock.hxx /dn43/OCCT/tmp/results_30.09.2011/occt/release-sources-20110930/inc/BOPTools_IndexedMapNodeOfIMapOfPaveBlock.hxx
+M BOPTools:derivated:BOPTools_IndexedMapNodeOfIMapOfPaveBlock_0.cxx /dn43/OCCT/tmp/results_30.09.2011/occt/release-sources-20110930/drv/BOPTools/BOPTools_IndexedMapNodeOfIMapOfPaveBlock_0.cxx
+M BOPTools:pubinclude:Handle_BOPTools_IndexedDataMapNodeOfIDMapOfPaveBlockIMapOfPaveBlock.hxx /dn43/OCCT/tmp/results_30.09.2011/occt/release-sources-20110930/inc/Handle_BOPTools_IndexedDataMapNodeOfIDMapOfPaveBlockIMapOfPaveBlock.hxx
+M BOPTools:pubinclude:BOPTools_IndexedDataMapNodeOfIDMapOfPaveBlockIMapOfPaveBlock.hxx /dn43/OCCT/tmp/results_30.09.2011/occt/release-sources-20110930/inc/BOPTools_IndexedDataMapNodeOfIDMapOfPaveBlockIMapOfPaveBlock.hxx
+M BOPTools:derivated:BOPTools_IndexedDataMapNodeOfIDMapOfPaveBlockIMapOfPaveBlock_0.cxx /dn43/OCCT/tmp/results_30.09.2011/occt/release-sources-20110930/drv/BOPTools/BOPTools_IndexedDataMapNodeOfIDMapOfPaveBlockIMapOfPaveBlock_0.cxx
+M BOPTools:pubinclude:Handle_BOPTools_IndexedDataMapNodeOfIDMapOfPaveBlockIMapOfInteger.hxx /dn43/OCCT/tmp/results_30.09.2011/occt/release-sources-20110930/inc/Handle_BOPTools_IndexedDataMapNodeOfIDMapOfPaveBlockIMapOfInteger.hxx
+M BOPTools:pubinclude:BOPTools_IndexedDataMapNodeOfIDMapOfPaveBlockIMapOfInteger.hxx /dn43/OCCT/tmp/results_30.09.2011/occt/release-sources-20110930/inc/BOPTools_IndexedDataMapNodeOfIDMapOfPaveBlockIMapOfInteger.hxx
+M BOPTools:derivated:BOPTools_IndexedDataMapNodeOfIDMapOfPaveBlockIMapOfInteger_0.cxx /dn43/OCCT/tmp/results_30.09.2011/occt/release-sources-20110930/drv/BOPTools/BOPTools_IndexedDataMapNodeOfIDMapOfPaveBlockIMapOfInteger_0.cxx
+M BOPTools:pubinclude:Handle_BOPTools_SequenceNodeOfSequenceOfPaveBlock.hxx /dn43/OCCT/tmp/results_30.09.2011/occt/release-sources-20110930/inc/Handle_BOPTools_SequenceNodeOfSequenceOfPaveBlock.hxx
+M BOPTools:pubinclude:BOPTools_SequenceNodeOfSequenceOfPaveBlock.hxx /dn43/OCCT/tmp/results_30.09.2011/occt/release-sources-20110930/inc/BOPTools_SequenceNodeOfSequenceOfPaveBlock.hxx
+M BOPTools:derivated:BOPTools_SequenceNodeOfSequenceOfPaveBlock_0.cxx /dn43/OCCT/tmp/results_30.09.2011/occt/release-sources-20110930/drv/BOPTools/BOPTools_SequenceNodeOfSequenceOfPaveBlock_0.cxx
+M BOPTools:pubinclude:BOPTools_IntersectionStatus.hxx /dn43/OCCT/tmp/results_30.09.2011/occt/release-sources-20110930/inc/BOPTools_IntersectionStatus.hxx
+M BOPTools:pubinclude:BOPTools_CheckStatus.hxx /dn43/OCCT/tmp/results_30.09.2011/occt/release-sources-20110930/inc/BOPTools_CheckStatus.hxx
+M BOPTools:pubinclude:BOPTools_PInterferencePool.hxx /dn43/OCCT/tmp/results_30.09.2011/occt/release-sources-20110930/inc/BOPTools_PInterferencePool.hxx
+M BOPTools:pubinclude:BOPTools_PPaveFiller.hxx /dn43/OCCT/tmp/results_30.09.2011/occt/release-sources-20110930/inc/BOPTools_PPaveFiller.hxx
+M BOPTools:pubinclude:BOPTools_PDSFiller.hxx /dn43/OCCT/tmp/results_30.09.2011/occt/release-sources-20110930/inc/BOPTools_PDSFiller.hxx
+M BOPTools:pubinclude:BOPTools_PShapeShapeInterference.hxx /dn43/OCCT/tmp/results_30.09.2011/occt/release-sources-20110930/inc/BOPTools_PShapeShapeInterference.hxx
+M BOPTools:dbadmfile:BOPTools_xcpp_header.In /dn43/OCCT/tmp/results_30.09.2011/occt/release-sources-20110930/drv/BOPTools/.adm/BOPTools_xcpp_header.In
+M BOPTools:dbadmfile:BOPTools_xcpp_header.Out /dn43/OCCT/tmp/results_30.09.2011/occt/release-sources-20110930/drv/BOPTools/.adm/BOPTools_xcpp_header.Out
+M BOPTools:dbadmfile:BOPTools_xcpp_header.Dep /dn43/OCCT/tmp/results_30.09.2011/occt/release-sources-20110930/drv/BOPTools/.adm/BOPTools_xcpp_header.Dep
