+M IntWalk:pubinclude:IntWalk_IWalking_1.gxx /dn43/OCCT/tmp/results_31.05.2011/occt/release-sources-20110531/inc/IntWalk_IWalking_1.gxx
+M IntWalk:pubinclude:IntWalk_IWalking_2.gxx /dn43/OCCT/tmp/results_31.05.2011/occt/release-sources-20110531/inc/IntWalk_IWalking_2.gxx
+M IntWalk:pubinclude:IntWalk_IWalking_3.gxx /dn43/OCCT/tmp/results_31.05.2011/occt/release-sources-20110531/inc/IntWalk_IWalking_3.gxx
+M IntWalk:pubinclude:IntWalk_IWalking_4.gxx /dn43/OCCT/tmp/results_31.05.2011/occt/release-sources-20110531/inc/IntWalk_IWalking_4.gxx
+M IntWalk:pubinclude:IntWalk_IWalking_5.gxx /dn43/OCCT/tmp/results_31.05.2011/occt/release-sources-20110531/inc/IntWalk_IWalking_5.gxx
+M IntWalk:pubinclude:IntWalk_IWalking_6.gxx /dn43/OCCT/tmp/results_31.05.2011/occt/release-sources-20110531/inc/IntWalk_IWalking_6.gxx
+M IntWalk:pubinclude:IntWalk_PWalking_1.gxx /dn43/OCCT/tmp/results_31.05.2011/occt/release-sources-20110531/inc/IntWalk_PWalking_1.gxx
+M IntWalk:pubinclude:IntWalk_PWalking_2.gxx /dn43/OCCT/tmp/results_31.05.2011/occt/release-sources-20110531/inc/IntWalk_PWalking_2.gxx
+M IntWalk:pubinclude:IntWalk_PWalking_3.gxx /dn43/OCCT/tmp/results_31.05.2011/occt/release-sources-20110531/inc/IntWalk_PWalking_3.gxx
+M IntWalk:pubinclude:IntWalk_PWalking_4.gxx /dn43/OCCT/tmp/results_31.05.2011/occt/release-sources-20110531/inc/IntWalk_PWalking_4.gxx
+M IntWalk:pubinclude:IntWalk_PSurfaceTool.gxx /dn43/OCCT/tmp/results_31.05.2011/occt/release-sources-20110531/inc/IntWalk_PSurfaceTool.gxx
+M IntWalk:pubinclude:IntWalk_PathPointTool.gxx /dn43/OCCT/tmp/results_31.05.2011/occt/release-sources-20110531/inc/IntWalk_PathPointTool.gxx
+M IntWalk:pubinclude:IntWalk_LoopPointTool.gxx /dn43/OCCT/tmp/results_31.05.2011/occt/release-sources-20110531/inc/IntWalk_LoopPointTool.gxx
+M IntWalk:pubinclude:IntWalk_IWFunction.gxx /dn43/OCCT/tmp/results_31.05.2011/occt/release-sources-20110531/inc/IntWalk_IWFunction.gxx
+M IntWalk:pubinclude:IntWalk_Iterator.gxx /dn43/OCCT/tmp/results_31.05.2011/occt/release-sources-20110531/inc/IntWalk_Iterator.gxx
+M IntWalk:pubinclude:IntWalk_IWLine.gxx /dn43/OCCT/tmp/results_31.05.2011/occt/release-sources-20110531/inc/IntWalk_IWLine.gxx
+M IntWalk:pubinclude:IntWalk_IWLine.lxx /dn43/OCCT/tmp/results_31.05.2011/occt/release-sources-20110531/inc/IntWalk_IWLine.lxx
+M IntWalk:pubinclude:IntWalk_IWalking.gxx /dn43/OCCT/tmp/results_31.05.2011/occt/release-sources-20110531/inc/IntWalk_IWalking.gxx
+M IntWalk:pubinclude:IntWalk_IWalking.lxx /dn43/OCCT/tmp/results_31.05.2011/occt/release-sources-20110531/inc/IntWalk_IWalking.lxx
+M IntWalk:pubinclude:IntWalk_PWalking.gxx /dn43/OCCT/tmp/results_31.05.2011/occt/release-sources-20110531/inc/IntWalk_PWalking.gxx
+M IntWalk:pubinclude:IntWalk_PWalking.lxx /dn43/OCCT/tmp/results_31.05.2011/occt/release-sources-20110531/inc/IntWalk_PWalking.lxx
+M IntWalk:dbadmfile:IntWalk_obj_inc.In /dn43/OCCT/tmp/results_31.05.2011/occt/release-sources-20110531/drv/IntWalk/.adm/IntWalk_obj_inc.In
+M IntWalk:dbadmfile:IntWalk_obj_inc.Out /dn43/OCCT/tmp/results_31.05.2011/occt/release-sources-20110531/drv/IntWalk/.adm/IntWalk_obj_inc.Out
+M IntWalk:dbadmfile:IntWalk_obj_inc.Dep /dn43/OCCT/tmp/results_31.05.2011/occt/release-sources-20110531/drv/IntWalk/.adm/IntWalk_obj_inc.Dep
