+M Standard:pubinclude:Standard.hxx /dn43/OCCT/tmp/results_28.02.2011/occt/release-sources-20110228/inc/Standard.hxx
+M Standard:privinclude:Standard.jxx /dn43/OCCT/tmp/results_28.02.2011/occt/release-sources-20110228/drv/Standard/Standard.jxx
+M Standard:privinclude:Standard.ixx /dn43/OCCT/tmp/results_28.02.2011/occt/release-sources-20110228/drv/Standard/Standard.ixx
+M Standard:pubinclude:Standard_ErrorHandlerCallback.hxx /dn43/OCCT/tmp/results_28.02.2011/occt/release-sources-20110228/inc/Standard_ErrorHandlerCallback.hxx
+M Standard:privinclude:Standard_ErrorHandlerCallback.jxx /dn43/OCCT/tmp/results_28.02.2011/occt/release-sources-20110228/drv/Standard/Standard_ErrorHandlerCallback.jxx
+M Standard:privinclude:Standard_ErrorHandlerCallback.ixx /dn43/OCCT/tmp/results_28.02.2011/occt/release-sources-20110228/drv/Standard/Standard_ErrorHandlerCallback.ixx
+M Standard:pubinclude:Standard_ErrorHandler.hxx /dn43/OCCT/tmp/results_28.02.2011/occt/release-sources-20110228/inc/Standard_ErrorHandler.hxx
+M Standard:privinclude:Standard_ErrorHandler.jxx /dn43/OCCT/tmp/results_28.02.2011/occt/release-sources-20110228/drv/Standard/Standard_ErrorHandler.jxx
+M Standard:privinclude:Standard_ErrorHandler.ixx /dn43/OCCT/tmp/results_28.02.2011/occt/release-sources-20110228/drv/Standard/Standard_ErrorHandler.ixx
+M Standard:pubinclude:Standard_AncestorIterator.hxx /dn43/OCCT/tmp/results_28.02.2011/occt/release-sources-20110228/inc/Standard_AncestorIterator.hxx
+M Standard:privinclude:Standard_AncestorIterator.jxx /dn43/OCCT/tmp/results_28.02.2011/occt/release-sources-20110228/drv/Standard/Standard_AncestorIterator.jxx
+M Standard:privinclude:Standard_AncestorIterator.ixx /dn43/OCCT/tmp/results_28.02.2011/occt/release-sources-20110228/drv/Standard/Standard_AncestorIterator.ixx
+M Standard:pubinclude:Standard_Storable.hxx /dn43/OCCT/tmp/results_28.02.2011/occt/release-sources-20110228/inc/Standard_Storable.hxx
+M Standard:privinclude:Standard_Storable.jxx /dn43/OCCT/tmp/results_28.02.2011/occt/release-sources-20110228/drv/Standard/Standard_Storable.jxx
+M Standard:privinclude:Standard_Storable.ixx /dn43/OCCT/tmp/results_28.02.2011/occt/release-sources-20110228/drv/Standard/Standard_Storable.ixx
+M Standard:pubinclude:Standard_Persistent.hxx /dn43/OCCT/tmp/results_28.02.2011/occt/release-sources-20110228/inc/Standard_Persistent.hxx
+M Standard:privinclude:Standard_Persistent.jxx /dn43/OCCT/tmp/results_28.02.2011/occt/release-sources-20110228/drv/Standard/Standard_Persistent.jxx
+M Standard:privinclude:Standard_Persistent.ixx /dn43/OCCT/tmp/results_28.02.2011/occt/release-sources-20110228/drv/Standard/Standard_Persistent.ixx
+M Standard:pubinclude:Standard_GUID.hxx /dn43/OCCT/tmp/results_28.02.2011/occt/release-sources-20110228/inc/Standard_GUID.hxx
+M Standard:privinclude:Standard_GUID.jxx /dn43/OCCT/tmp/results_28.02.2011/occt/release-sources-20110228/drv/Standard/Standard_GUID.jxx
+M Standard:privinclude:Standard_GUID.ixx /dn43/OCCT/tmp/results_28.02.2011/occt/release-sources-20110228/drv/Standard/Standard_GUID.ixx
+M Standard:pubinclude:Standard_Transient.hxx /dn43/OCCT/tmp/results_28.02.2011/occt/release-sources-20110228/inc/Standard_Transient.hxx
+M Standard:privinclude:Standard_Transient.jxx /dn43/OCCT/tmp/results_28.02.2011/occt/release-sources-20110228/drv/Standard/Standard_Transient.jxx
+M Standard:privinclude:Standard_Transient.ixx /dn43/OCCT/tmp/results_28.02.2011/occt/release-sources-20110228/drv/Standard/Standard_Transient.ixx
+M Standard:pubinclude:Handle_Standard_Type.hxx /dn43/OCCT/tmp/results_28.02.2011/occt/release-sources-20110228/inc/Handle_Standard_Type.hxx
+M Standard:pubinclude:Standard_Type.hxx /dn43/OCCT/tmp/results_28.02.2011/occt/release-sources-20110228/inc/Standard_Type.hxx
+M Standard:privinclude:Standard_Type.jxx /dn43/OCCT/tmp/results_28.02.2011/occt/release-sources-20110228/drv/Standard/Standard_Type.jxx
+M Standard:privinclude:Standard_Type.ixx /dn43/OCCT/tmp/results_28.02.2011/occt/release-sources-20110228/drv/Standard/Standard_Type.ixx
+M Standard:pubinclude:Handle_Standard_Failure.hxx /dn43/OCCT/tmp/results_28.02.2011/occt/release-sources-20110228/inc/Handle_Standard_Failure.hxx
+M Standard:pubinclude:Standard_Failure.hxx /dn43/OCCT/tmp/results_28.02.2011/occt/release-sources-20110228/inc/Standard_Failure.hxx
+M Standard:privinclude:Standard_Failure.jxx /dn43/OCCT/tmp/results_28.02.2011/occt/release-sources-20110228/drv/Standard/Standard_Failure.jxx
+M Standard:privinclude:Standard_Failure.ixx /dn43/OCCT/tmp/results_28.02.2011/occt/release-sources-20110228/drv/Standard/Standard_Failure.ixx
+M Standard:pubinclude:Handle_Standard_AbortiveTransaction.hxx /dn43/OCCT/tmp/results_28.02.2011/occt/release-sources-20110228/inc/Handle_Standard_AbortiveTransaction.hxx
+M Standard:pubinclude:Standard_AbortiveTransaction.hxx /dn43/OCCT/tmp/results_28.02.2011/occt/release-sources-20110228/inc/Standard_AbortiveTransaction.hxx
+M Standard:derivated:Standard_AbortiveTransaction_0.cxx /dn43/OCCT/tmp/results_28.02.2011/occt/release-sources-20110228/drv/Standard/Standard_AbortiveTransaction_0.cxx
+M Standard:pubinclude:Handle_Standard_DomainError.hxx /dn43/OCCT/tmp/results_28.02.2011/occt/release-sources-20110228/inc/Handle_Standard_DomainError.hxx
+M Standard:pubinclude:Standard_DomainError.hxx /dn43/OCCT/tmp/results_28.02.2011/occt/release-sources-20110228/inc/Standard_DomainError.hxx
+M Standard:derivated:Standard_DomainError_0.cxx /dn43/OCCT/tmp/results_28.02.2011/occt/release-sources-20110228/drv/Standard/Standard_DomainError_0.cxx
+M Standard:pubinclude:Handle_Standard_ConstructionError.hxx /dn43/OCCT/tmp/results_28.02.2011/occt/release-sources-20110228/inc/Handle_Standard_ConstructionError.hxx
+M Standard:pubinclude:Standard_ConstructionError.hxx /dn43/OCCT/tmp/results_28.02.2011/occt/release-sources-20110228/inc/Standard_ConstructionError.hxx
+M Standard:derivated:Standard_ConstructionError_0.cxx /dn43/OCCT/tmp/results_28.02.2011/occt/release-sources-20110228/drv/Standard/Standard_ConstructionError_0.cxx
+M Standard:pubinclude:Handle_Standard_NullObject.hxx /dn43/OCCT/tmp/results_28.02.2011/occt/release-sources-20110228/inc/Handle_Standard_NullObject.hxx
+M Standard:pubinclude:Standard_NullObject.hxx /dn43/OCCT/tmp/results_28.02.2011/occt/release-sources-20110228/inc/Standard_NullObject.hxx
+M Standard:derivated:Standard_NullObject_0.cxx /dn43/OCCT/tmp/results_28.02.2011/occt/release-sources-20110228/drv/Standard/Standard_NullObject_0.cxx
+M Standard:pubinclude:Handle_Standard_NoSuchObject.hxx /dn43/OCCT/tmp/results_28.02.2011/occt/release-sources-20110228/inc/Handle_Standard_NoSuchObject.hxx
+M Standard:pubinclude:Standard_NoSuchObject.hxx /dn43/OCCT/tmp/results_28.02.2011/occt/release-sources-20110228/inc/Standard_NoSuchObject.hxx
+M Standard:derivated:Standard_NoSuchObject_0.cxx /dn43/OCCT/tmp/results_28.02.2011/occt/release-sources-20110228/drv/Standard/Standard_NoSuchObject_0.cxx
+M Standard:pubinclude:Handle_Standard_NoMoreObject.hxx /dn43/OCCT/tmp/results_28.02.2011/occt/release-sources-20110228/inc/Handle_Standard_NoMoreObject.hxx
+M Standard:pubinclude:Standard_NoMoreObject.hxx /dn43/OCCT/tmp/results_28.02.2011/occt/release-sources-20110228/inc/Standard_NoMoreObject.hxx
+M Standard:derivated:Standard_NoMoreObject_0.cxx /dn43/OCCT/tmp/results_28.02.2011/occt/release-sources-20110228/drv/Standard/Standard_NoMoreObject_0.cxx
+M Standard:pubinclude:Handle_Standard_ImmutableObject.hxx /dn43/OCCT/tmp/results_28.02.2011/occt/release-sources-20110228/inc/Handle_Standard_ImmutableObject.hxx
+M Standard:pubinclude:Standard_ImmutableObject.hxx /dn43/OCCT/tmp/results_28.02.2011/occt/release-sources-20110228/inc/Standard_ImmutableObject.hxx
+M Standard:derivated:Standard_ImmutableObject_0.cxx /dn43/OCCT/tmp/results_28.02.2011/occt/release-sources-20110228/drv/Standard/Standard_ImmutableObject_0.cxx
+M Standard:pubinclude:Handle_Standard_TypeMismatch.hxx /dn43/OCCT/tmp/results_28.02.2011/occt/release-sources-20110228/inc/Handle_Standard_TypeMismatch.hxx
+M Standard:pubinclude:Standard_TypeMismatch.hxx /dn43/OCCT/tmp/results_28.02.2011/occt/release-sources-20110228/inc/Standard_TypeMismatch.hxx
+M Standard:derivated:Standard_TypeMismatch_0.cxx /dn43/OCCT/tmp/results_28.02.2011/occt/release-sources-20110228/drv/Standard/Standard_TypeMismatch_0.cxx
+M Standard:pubinclude:Handle_Standard_MultiplyDefined.hxx /dn43/OCCT/tmp/results_28.02.2011/occt/release-sources-20110228/inc/Handle_Standard_MultiplyDefined.hxx
+M Standard:pubinclude:Standard_MultiplyDefined.hxx /dn43/OCCT/tmp/results_28.02.2011/occt/release-sources-20110228/inc/Standard_MultiplyDefined.hxx
+M Standard:derivated:Standard_MultiplyDefined_0.cxx /dn43/OCCT/tmp/results_28.02.2011/occt/release-sources-20110228/drv/Standard/Standard_MultiplyDefined_0.cxx
+M Standard:pubinclude:Handle_Standard_DimensionError.hxx /dn43/OCCT/tmp/results_28.02.2011/occt/release-sources-20110228/inc/Handle_Standard_DimensionError.hxx
+M Standard:pubinclude:Standard_DimensionError.hxx /dn43/OCCT/tmp/results_28.02.2011/occt/release-sources-20110228/inc/Standard_DimensionError.hxx
+M Standard:derivated:Standard_DimensionError_0.cxx /dn43/OCCT/tmp/results_28.02.2011/occt/release-sources-20110228/drv/Standard/Standard_DimensionError_0.cxx
+M Standard:pubinclude:Handle_Standard_DimensionMismatch.hxx /dn43/OCCT/tmp/results_28.02.2011/occt/release-sources-20110228/inc/Handle_Standard_DimensionMismatch.hxx
+M Standard:pubinclude:Standard_DimensionMismatch.hxx /dn43/OCCT/tmp/results_28.02.2011/occt/release-sources-20110228/inc/Standard_DimensionMismatch.hxx
+M Standard:derivated:Standard_DimensionMismatch_0.cxx /dn43/OCCT/tmp/results_28.02.2011/occt/release-sources-20110228/drv/Standard/Standard_DimensionMismatch_0.cxx
+M Standard:pubinclude:Handle_Standard_RangeError.hxx /dn43/OCCT/tmp/results_28.02.2011/occt/release-sources-20110228/inc/Handle_Standard_RangeError.hxx
+M Standard:pubinclude:Standard_RangeError.hxx /dn43/OCCT/tmp/results_28.02.2011/occt/release-sources-20110228/inc/Standard_RangeError.hxx
+M Standard:derivated:Standard_RangeError_0.cxx /dn43/OCCT/tmp/results_28.02.2011/occt/release-sources-20110228/drv/Standard/Standard_RangeError_0.cxx
+M Standard:pubinclude:Handle_Standard_OutOfRange.hxx /dn43/OCCT/tmp/results_28.02.2011/occt/release-sources-20110228/inc/Handle_Standard_OutOfRange.hxx
+M Standard:pubinclude:Standard_OutOfRange.hxx /dn43/OCCT/tmp/results_28.02.2011/occt/release-sources-20110228/inc/Standard_OutOfRange.hxx
+M Standard:derivated:Standard_OutOfRange_0.cxx /dn43/OCCT/tmp/results_28.02.2011/occt/release-sources-20110228/drv/Standard/Standard_OutOfRange_0.cxx
+M Standard:pubinclude:Handle_Standard_NullValue.hxx /dn43/OCCT/tmp/results_28.02.2011/occt/release-sources-20110228/inc/Handle_Standard_NullValue.hxx
+M Standard:pubinclude:Standard_NullValue.hxx /dn43/OCCT/tmp/results_28.02.2011/occt/release-sources-20110228/inc/Standard_NullValue.hxx
+M Standard:derivated:Standard_NullValue_0.cxx /dn43/OCCT/tmp/results_28.02.2011/occt/release-sources-20110228/drv/Standard/Standard_NullValue_0.cxx
+M Standard:pubinclude:Handle_Standard_NegativeValue.hxx /dn43/OCCT/tmp/results_28.02.2011/occt/release-sources-20110228/inc/Handle_Standard_NegativeValue.hxx
+M Standard:pubinclude:Standard_NegativeValue.hxx /dn43/OCCT/tmp/results_28.02.2011/occt/release-sources-20110228/inc/Standard_NegativeValue.hxx
+M Standard:derivated:Standard_NegativeValue_0.cxx /dn43/OCCT/tmp/results_28.02.2011/occt/release-sources-20110228/drv/Standard/Standard_NegativeValue_0.cxx
+M Standard:pubinclude:Handle_Standard_NumericError.hxx /dn43/OCCT/tmp/results_28.02.2011/occt/release-sources-20110228/inc/Handle_Standard_NumericError.hxx
+M Standard:pubinclude:Standard_NumericError.hxx /dn43/OCCT/tmp/results_28.02.2011/occt/release-sources-20110228/inc/Standard_NumericError.hxx
+M Standard:derivated:Standard_NumericError_0.cxx /dn43/OCCT/tmp/results_28.02.2011/occt/release-sources-20110228/drv/Standard/Standard_NumericError_0.cxx
+M Standard:pubinclude:Handle_Standard_Underflow.hxx /dn43/OCCT/tmp/results_28.02.2011/occt/release-sources-20110228/inc/Handle_Standard_Underflow.hxx
+M Standard:pubinclude:Standard_Underflow.hxx /dn43/OCCT/tmp/results_28.02.2011/occt/release-sources-20110228/inc/Standard_Underflow.hxx
+M Standard:derivated:Standard_Underflow_0.cxx /dn43/OCCT/tmp/results_28.02.2011/occt/release-sources-20110228/drv/Standard/Standard_Underflow_0.cxx
+M Standard:pubinclude:Handle_Standard_Overflow.hxx /dn43/OCCT/tmp/results_28.02.2011/occt/release-sources-20110228/inc/Handle_Standard_Overflow.hxx
+M Standard:pubinclude:Standard_Overflow.hxx /dn43/OCCT/tmp/results_28.02.2011/occt/release-sources-20110228/inc/Standard_Overflow.hxx
+M Standard:derivated:Standard_Overflow_0.cxx /dn43/OCCT/tmp/results_28.02.2011/occt/release-sources-20110228/drv/Standard/Standard_Overflow_0.cxx
+M Standard:pubinclude:Handle_Standard_DivideByZero.hxx /dn43/OCCT/tmp/results_28.02.2011/occt/release-sources-20110228/inc/Handle_Standard_DivideByZero.hxx
+M Standard:pubinclude:Standard_DivideByZero.hxx /dn43/OCCT/tmp/results_28.02.2011/occt/release-sources-20110228/inc/Standard_DivideByZero.hxx
+M Standard:derivated:Standard_DivideByZero_0.cxx /dn43/OCCT/tmp/results_28.02.2011/occt/release-sources-20110228/drv/Standard/Standard_DivideByZero_0.cxx
+M Standard:pubinclude:Handle_Standard_ProgramError.hxx /dn43/OCCT/tmp/results_28.02.2011/occt/release-sources-20110228/inc/Handle_Standard_ProgramError.hxx
+M Standard:pubinclude:Standard_ProgramError.hxx /dn43/OCCT/tmp/results_28.02.2011/occt/release-sources-20110228/inc/Standard_ProgramError.hxx
+M Standard:derivated:Standard_ProgramError_0.cxx /dn43/OCCT/tmp/results_28.02.2011/occt/release-sources-20110228/drv/Standard/Standard_ProgramError_0.cxx
+M Standard:pubinclude:Handle_Standard_NotImplemented.hxx /dn43/OCCT/tmp/results_28.02.2011/occt/release-sources-20110228/inc/Handle_Standard_NotImplemented.hxx
+M Standard:pubinclude:Standard_NotImplemented.hxx /dn43/OCCT/tmp/results_28.02.2011/occt/release-sources-20110228/inc/Standard_NotImplemented.hxx
+M Standard:derivated:Standard_NotImplemented_0.cxx /dn43/OCCT/tmp/results_28.02.2011/occt/release-sources-20110228/drv/Standard/Standard_NotImplemented_0.cxx
+M Standard:pubinclude:Handle_Standard_OutOfMemory.hxx /dn43/OCCT/tmp/results_28.02.2011/occt/release-sources-20110228/inc/Handle_Standard_OutOfMemory.hxx
+M Standard:pubinclude:Standard_OutOfMemory.hxx /dn43/OCCT/tmp/results_28.02.2011/occt/release-sources-20110228/inc/Standard_OutOfMemory.hxx
+M Standard:derivated:Standard_OutOfMemory_0.cxx /dn43/OCCT/tmp/results_28.02.2011/occt/release-sources-20110228/drv/Standard/Standard_OutOfMemory_0.cxx
+M Standard:pubinclude:Handle_Standard_LicenseError.hxx /dn43/OCCT/tmp/results_28.02.2011/occt/release-sources-20110228/inc/Handle_Standard_LicenseError.hxx
+M Standard:pubinclude:Standard_LicenseError.hxx /dn43/OCCT/tmp/results_28.02.2011/occt/release-sources-20110228/inc/Standard_LicenseError.hxx
+M Standard:derivated:Standard_LicenseError_0.cxx /dn43/OCCT/tmp/results_28.02.2011/occt/release-sources-20110228/drv/Standard/Standard_LicenseError_0.cxx
+M Standard:pubinclude:Handle_Standard_LicenseNotFound.hxx /dn43/OCCT/tmp/results_28.02.2011/occt/release-sources-20110228/inc/Handle_Standard_LicenseNotFound.hxx
+M Standard:pubinclude:Standard_LicenseNotFound.hxx /dn43/OCCT/tmp/results_28.02.2011/occt/release-sources-20110228/inc/Standard_LicenseNotFound.hxx
+M Standard:derivated:Standard_LicenseNotFound_0.cxx /dn43/OCCT/tmp/results_28.02.2011/occt/release-sources-20110228/drv/Standard/Standard_LicenseNotFound_0.cxx
+M Standard:pubinclude:Handle_Standard_TooManyUsers.hxx /dn43/OCCT/tmp/results_28.02.2011/occt/release-sources-20110228/inc/Handle_Standard_TooManyUsers.hxx
+M Standard:pubinclude:Standard_TooManyUsers.hxx /dn43/OCCT/tmp/results_28.02.2011/occt/release-sources-20110228/inc/Standard_TooManyUsers.hxx
+M Standard:derivated:Standard_TooManyUsers_0.cxx /dn43/OCCT/tmp/results_28.02.2011/occt/release-sources-20110228/drv/Standard/Standard_TooManyUsers_0.cxx
+M Standard:pubinclude:Standard_InternalType.hxx /dn43/OCCT/tmp/results_28.02.2011/occt/release-sources-20110228/inc/Standard_InternalType.hxx
+M Standard:pubinclude:Standard_WayOfLife.hxx /dn43/OCCT/tmp/results_28.02.2011/occt/release-sources-20110228/inc/Standard_WayOfLife.hxx
+M Standard:pubinclude:Standard_KindOfType.hxx /dn43/OCCT/tmp/results_28.02.2011/occt/release-sources-20110228/inc/Standard_KindOfType.hxx
+M Standard:pubinclude:Standard_HandlerStatus.hxx /dn43/OCCT/tmp/results_28.02.2011/occt/release-sources-20110228/inc/Standard_HandlerStatus.hxx
+M Standard:pubinclude:Standard_PErrorHandler.hxx /dn43/OCCT/tmp/results_28.02.2011/occt/release-sources-20110228/inc/Standard_PErrorHandler.hxx
+M Standard:dbadmfile:Standard_xcpp_header.In /dn43/OCCT/tmp/results_28.02.2011/occt/release-sources-20110228/drv/Standard/.adm/Standard_xcpp_header.In
+M Standard:dbadmfile:Standard_xcpp_header.Out /dn43/OCCT/tmp/results_28.02.2011/occt/release-sources-20110228/drv/Standard/.adm/Standard_xcpp_header.Out
+M Standard:dbadmfile:Standard_xcpp_header.Dep /dn43/OCCT/tmp/results_28.02.2011/occt/release-sources-20110228/drv/Standard/.adm/Standard_xcpp_header.Dep
