+M Standard:pubinclude:Standard_PCharacter.hxx /dn43/OCCT/tmp/results_28.02.2011/occt/release-sources-20110228/inc/Standard_PCharacter.hxx
+M Standard:pubinclude:Standard_PExtCharacter.hxx /dn43/OCCT/tmp/results_28.02.2011/occt/release-sources-20110228/inc/Standard_PExtCharacter.hxx
+M Standard:pubinclude:Standard_MMgrRoot.hxx /dn43/OCCT/tmp/results_28.02.2011/occt/release-sources-20110228/inc/Standard_MMgrRoot.hxx
+M Standard:pubinclude:Standard_MMgrOpt.hxx /dn43/OCCT/tmp/results_28.02.2011/occt/release-sources-20110228/inc/Standard_MMgrOpt.hxx
+M Standard:pubinclude:Standard_MMgrRaw.hxx /dn43/OCCT/tmp/results_28.02.2011/occt/release-sources-20110228/inc/Standard_MMgrRaw.hxx
+M Standard:pubinclude:Standard_JmpBuf.hxx /dn43/OCCT/tmp/results_28.02.2011/occt/release-sources-20110228/inc/Standard_JmpBuf.hxx
+M Standard:pubinclude:Handle_Standard_Persistent.hxx /dn43/OCCT/tmp/results_28.02.2011/occt/release-sources-20110228/inc/Handle_Standard_Persistent.hxx
+M Standard:pubinclude:Handle_Standard_Transient.hxx /dn43/OCCT/tmp/results_28.02.2011/occt/release-sources-20110228/inc/Handle_Standard_Transient.hxx
+M Standard:pubinclude:Standard_Address.hxx /dn43/OCCT/tmp/results_28.02.2011/occt/release-sources-20110228/inc/Standard_Address.hxx
+M Standard:pubinclude:Standard_Boolean.hxx /dn43/OCCT/tmp/results_28.02.2011/occt/release-sources-20110228/inc/Standard_Boolean.hxx
+M Standard:pubinclude:Standard_Byte.hxx /dn43/OCCT/tmp/results_28.02.2011/occt/release-sources-20110228/inc/Standard_Byte.hxx
+M Standard:pubinclude:Standard_PByte.hxx /dn43/OCCT/tmp/results_28.02.2011/occt/release-sources-20110228/inc/Standard_PByte.hxx
+M Standard:pubinclude:Standard_CString.hxx /dn43/OCCT/tmp/results_28.02.2011/occt/release-sources-20110228/inc/Standard_CString.hxx
+M Standard:pubinclude:Standard_Character.hxx /dn43/OCCT/tmp/results_28.02.2011/occt/release-sources-20110228/inc/Standard_Character.hxx
+M Standard:pubinclude:Standard_ExtCharacter.hxx /dn43/OCCT/tmp/results_28.02.2011/occt/release-sources-20110228/inc/Standard_ExtCharacter.hxx
+M Standard:pubinclude:Standard_ExtString.hxx /dn43/OCCT/tmp/results_28.02.2011/occt/release-sources-20110228/inc/Standard_ExtString.hxx
+M Standard:pubinclude:Standard_IStream.hxx /dn43/OCCT/tmp/results_28.02.2011/occt/release-sources-20110228/inc/Standard_IStream.hxx
+M Standard:pubinclude:Standard_Integer.hxx /dn43/OCCT/tmp/results_28.02.2011/occt/release-sources-20110228/inc/Standard_Integer.hxx
+M Standard:pubinclude:Standard_Macro.hxx /dn43/OCCT/tmp/results_28.02.2011/occt/release-sources-20110228/inc/Standard_Macro.hxx
+M Standard:pubinclude:Standard_OId.hxx /dn43/OCCT/tmp/results_28.02.2011/occt/release-sources-20110228/inc/Standard_OId.hxx
+M Standard:pubinclude:Standard_OStream.hxx /dn43/OCCT/tmp/results_28.02.2011/occt/release-sources-20110228/inc/Standard_OStream.hxx
+M Standard:pubinclude:Standard_Persistent_proto.hxx /dn43/OCCT/tmp/results_28.02.2011/occt/release-sources-20110228/inc/Standard_Persistent_proto.hxx
+M Standard:pubinclude:Standard_PrimitiveTypes.hxx /dn43/OCCT/tmp/results_28.02.2011/occt/release-sources-20110228/inc/Standard_PrimitiveTypes.hxx
+M Standard:pubinclude:Standard_Real.hxx /dn43/OCCT/tmp/results_28.02.2011/occt/release-sources-20110228/inc/Standard_Real.hxx
+M Standard:pubinclude:Standard_SStream.hxx /dn43/OCCT/tmp/results_28.02.2011/occt/release-sources-20110228/inc/Standard_SStream.hxx
+M Standard:pubinclude:Standard_ShortReal.hxx /dn43/OCCT/tmp/results_28.02.2011/occt/release-sources-20110228/inc/Standard_ShortReal.hxx
+M Standard:pubinclude:Standard_Static.hxx /dn43/OCCT/tmp/results_28.02.2011/occt/release-sources-20110228/inc/Standard_Static.hxx
+M Standard:pubinclude:Standard_Stream.hxx /dn43/OCCT/tmp/results_28.02.2011/occt/release-sources-20110228/inc/Standard_Stream.hxx
+M Standard:pubinclude:Standard_String.hxx /dn43/OCCT/tmp/results_28.02.2011/occt/release-sources-20110228/inc/Standard_String.hxx
+M Standard:pubinclude:Standard_Transient.hxx /dn43/OCCT/tmp/results_28.02.2011/occt/release-sources-20110228/inc/Standard_Transient.hxx
+M Standard:pubinclude:Standard_Transient_proto.hxx /dn43/OCCT/tmp/results_28.02.2011/occt/release-sources-20110228/inc/Standard_Transient_proto.hxx
+M Standard:pubinclude:Standard_TypeDef.hxx /dn43/OCCT/tmp/results_28.02.2011/occt/release-sources-20110228/inc/Standard_TypeDef.hxx
+M Standard:pubinclude:Standard_ctype.hxx /dn43/OCCT/tmp/results_28.02.2011/occt/release-sources-20110228/inc/Standard_ctype.hxx
+M Standard:pubinclude:Standard_inverse.h /dn43/OCCT/tmp/results_28.02.2011/occt/release-sources-20110228/inc/Standard_inverse.h
+M Standard:pubinclude:Standard_math.hxx /dn43/OCCT/tmp/results_28.02.2011/occt/release-sources-20110228/inc/Standard_math.hxx
+M Standard:pubinclude:Standard_values.h /dn43/OCCT/tmp/results_28.02.2011/occt/release-sources-20110228/inc/Standard_values.h
+M Standard:pubinclude:Standard_DefineHandle.hxx /dn43/OCCT/tmp/results_28.02.2011/occt/release-sources-20110228/inc/Standard_DefineHandle.hxx
+M Standard:pubinclude:Standard_UUID.hxx /dn43/OCCT/tmp/results_28.02.2011/occt/release-sources-20110228/inc/Standard_UUID.hxx
+M Standard:pubinclude:Standard_Version.hxx /dn43/OCCT/tmp/results_28.02.2011/occt/release-sources-20110228/inc/Standard_Version.hxx
+M Standard:pubinclude:Standard_Mutex.hxx /dn43/OCCT/tmp/results_28.02.2011/occt/release-sources-20110228/inc/Standard_Mutex.hxx
+M Standard:pubinclude:Standard_Size.hxx /dn43/OCCT/tmp/results_28.02.2011/occt/release-sources-20110228/inc/Standard_Size.hxx
+M Standard:pubinclude:Standard_ThreadId.hxx /dn43/OCCT/tmp/results_28.02.2011/occt/release-sources-20110228/inc/Standard_ThreadId.hxx
+M Standard:pubinclude:Standard_Atomic.hxx /dn43/OCCT/tmp/results_28.02.2011/occt/release-sources-20110228/inc/Standard_Atomic.hxx
+M Standard:pubinclude:Standard_DefineException.hxx /dn43/OCCT/tmp/results_28.02.2011/occt/release-sources-20110228/inc/Standard_DefineException.hxx
+M Standard:pubinclude:Standard_MMgrTBBalloc.hxx /dn43/OCCT/tmp/results_28.02.2011/occt/release-sources-20110228/inc/Standard_MMgrTBBalloc.hxx
+M Standard:pubinclude:Standard_ErrorHandlerCallback.lxx /dn43/OCCT/tmp/results_28.02.2011/occt/release-sources-20110228/inc/Standard_ErrorHandlerCallback.lxx
+M Standard:pubinclude:Standard_ErrorHandler.lxx /dn43/OCCT/tmp/results_28.02.2011/occt/release-sources-20110228/inc/Standard_ErrorHandler.lxx
+M Standard:pubinclude:Standard_Type.lxx /dn43/OCCT/tmp/results_28.02.2011/occt/release-sources-20110228/inc/Standard_Type.lxx
+M Standard:pubinclude:Standard_Failure.lxx /dn43/OCCT/tmp/results_28.02.2011/occt/release-sources-20110228/inc/Standard_Failure.lxx
+M Standard:dbadmfile:Standard_obj_inc.In /dn43/OCCT/tmp/results_28.02.2011/occt/release-sources-20110228/drv/Standard/.adm/Standard_obj_inc.In
+M Standard:dbadmfile:Standard_obj_inc.Out /dn43/OCCT/tmp/results_28.02.2011/occt/release-sources-20110228/drv/Standard/.adm/Standard_obj_inc.Out
+M Standard:dbadmfile:Standard_obj_inc.Dep /dn43/OCCT/tmp/results_28.02.2011/occt/release-sources-20110228/drv/Standard/.adm/Standard_obj_inc.Dep
