+M BiTgte:pubinclude:BiTgte_Blend.hxx /dn43/OCCT/tmp/results_31.05.2011/occt/release-sources-20110531/inc/BiTgte_Blend.hxx
+M BiTgte:privinclude:BiTgte_Blend.jxx /dn43/OCCT/tmp/results_31.05.2011/occt/release-sources-20110531/drv/BiTgte/BiTgte_Blend.jxx
+M BiTgte:privinclude:BiTgte_Blend.ixx /dn43/OCCT/tmp/results_31.05.2011/occt/release-sources-20110531/drv/BiTgte/BiTgte_Blend.ixx
+M BiTgte:pubinclude:BiTgte_CurveOnEdge.hxx /dn43/OCCT/tmp/results_31.05.2011/occt/release-sources-20110531/inc/BiTgte_CurveOnEdge.hxx
+M BiTgte:privinclude:BiTgte_CurveOnEdge.jxx /dn43/OCCT/tmp/results_31.05.2011/occt/release-sources-20110531/drv/BiTgte/BiTgte_CurveOnEdge.jxx
+M BiTgte:privinclude:BiTgte_CurveOnEdge.ixx /dn43/OCCT/tmp/results_31.05.2011/occt/release-sources-20110531/drv/BiTgte/BiTgte_CurveOnEdge.ixx
+M BiTgte:pubinclude:Handle_BiTgte_HCurveOnEdge.hxx /dn43/OCCT/tmp/results_31.05.2011/occt/release-sources-20110531/inc/Handle_BiTgte_HCurveOnEdge.hxx
+M BiTgte:pubinclude:BiTgte_HCurveOnEdge.hxx /dn43/OCCT/tmp/results_31.05.2011/occt/release-sources-20110531/inc/BiTgte_HCurveOnEdge.hxx
+M BiTgte:derivated:BiTgte_HCurveOnEdge_0.cxx /dn43/OCCT/tmp/results_31.05.2011/occt/release-sources-20110531/drv/BiTgte/BiTgte_HCurveOnEdge_0.cxx
+M BiTgte:pubinclude:BiTgte_CurveOnVertex.hxx /dn43/OCCT/tmp/results_31.05.2011/occt/release-sources-20110531/inc/BiTgte_CurveOnVertex.hxx
+M BiTgte:privinclude:BiTgte_CurveOnVertex.jxx /dn43/OCCT/tmp/results_31.05.2011/occt/release-sources-20110531/drv/BiTgte/BiTgte_CurveOnVertex.jxx
+M BiTgte:privinclude:BiTgte_CurveOnVertex.ixx /dn43/OCCT/tmp/results_31.05.2011/occt/release-sources-20110531/drv/BiTgte/BiTgte_CurveOnVertex.ixx
+M BiTgte:pubinclude:Handle_BiTgte_HCurveOnVertex.hxx /dn43/OCCT/tmp/results_31.05.2011/occt/release-sources-20110531/inc/Handle_BiTgte_HCurveOnVertex.hxx
+M BiTgte:pubinclude:BiTgte_HCurveOnVertex.hxx /dn43/OCCT/tmp/results_31.05.2011/occt/release-sources-20110531/inc/BiTgte_HCurveOnVertex.hxx
+M BiTgte:derivated:BiTgte_HCurveOnVertex_0.cxx /dn43/OCCT/tmp/results_31.05.2011/occt/release-sources-20110531/drv/BiTgte/BiTgte_HCurveOnVertex_0.cxx
+M BiTgte:pubinclude:BiTgte_DataMapOfShapeBox.hxx /dn43/OCCT/tmp/results_31.05.2011/occt/release-sources-20110531/inc/BiTgte_DataMapOfShapeBox.hxx
+M BiTgte:derivated:BiTgte_DataMapOfShapeBox_0.cxx /dn43/OCCT/tmp/results_31.05.2011/occt/release-sources-20110531/drv/BiTgte/BiTgte_DataMapOfShapeBox_0.cxx
+M BiTgte:pubinclude:Handle_BiTgte_DataMapNodeOfDataMapOfShapeBox.hxx /dn43/OCCT/tmp/results_31.05.2011/occt/release-sources-20110531/inc/Handle_BiTgte_DataMapNodeOfDataMapOfShapeBox.hxx
+M BiTgte:pubinclude:BiTgte_DataMapNodeOfDataMapOfShapeBox.hxx /dn43/OCCT/tmp/results_31.05.2011/occt/release-sources-20110531/inc/BiTgte_DataMapNodeOfDataMapOfShapeBox.hxx
+M BiTgte:derivated:BiTgte_DataMapNodeOfDataMapOfShapeBox_0.cxx /dn43/OCCT/tmp/results_31.05.2011/occt/release-sources-20110531/drv/BiTgte/BiTgte_DataMapNodeOfDataMapOfShapeBox_0.cxx
+M BiTgte:pubinclude:BiTgte_DataMapIteratorOfDataMapOfShapeBox.hxx /dn43/OCCT/tmp/results_31.05.2011/occt/release-sources-20110531/inc/BiTgte_DataMapIteratorOfDataMapOfShapeBox.hxx
+M BiTgte:derivated:BiTgte_DataMapIteratorOfDataMapOfShapeBox_0.cxx /dn43/OCCT/tmp/results_31.05.2011/occt/release-sources-20110531/drv/BiTgte/BiTgte_DataMapIteratorOfDataMapOfShapeBox_0.cxx
+M BiTgte:pubinclude:BiTgte_ContactType.hxx /dn43/OCCT/tmp/results_31.05.2011/occt/release-sources-20110531/inc/BiTgte_ContactType.hxx
+M BiTgte:dbadmfile:BiTgte_xcpp_header.In /dn43/OCCT/tmp/results_31.05.2011/occt/release-sources-20110531/drv/BiTgte/.adm/BiTgte_xcpp_header.In
+M BiTgte:dbadmfile:BiTgte_xcpp_header.Out /dn43/OCCT/tmp/results_31.05.2011/occt/release-sources-20110531/drv/BiTgte/.adm/BiTgte_xcpp_header.Out
+M BiTgte:dbadmfile:BiTgte_xcpp_header.Dep /dn43/OCCT/tmp/results_31.05.2011/occt/release-sources-20110531/drv/BiTgte/.adm/BiTgte_xcpp_header.Dep
