+M GraphTools:pubinclude:GraphTools_ListOfSequenceOfInteger.hxx /dn43/OCCT/tmp/results_30.09.2011/occt/release-sources-20110930/inc/GraphTools_ListOfSequenceOfInteger.hxx
+M GraphTools:derivated:GraphTools_ListOfSequenceOfInteger_0.cxx /dn43/OCCT/tmp/results_30.09.2011/occt/release-sources-20110930/drv/GraphTools/GraphTools_ListOfSequenceOfInteger_0.cxx
+M GraphTools:pubinclude:GraphTools_TSNode.hxx /dn43/OCCT/tmp/results_30.09.2011/occt/release-sources-20110930/inc/GraphTools_TSNode.hxx
+M GraphTools:privinclude:GraphTools_TSNode.jxx /dn43/OCCT/tmp/results_30.09.2011/occt/release-sources-20110930/drv/GraphTools/GraphTools_TSNode.jxx
+M GraphTools:privinclude:GraphTools_TSNode.ixx /dn43/OCCT/tmp/results_30.09.2011/occt/release-sources-20110930/drv/GraphTools/GraphTools_TSNode.ixx
+M GraphTools:pubinclude:GraphTools_RGNode.hxx /dn43/OCCT/tmp/results_30.09.2011/occt/release-sources-20110930/inc/GraphTools_RGNode.hxx
+M GraphTools:privinclude:GraphTools_RGNode.jxx /dn43/OCCT/tmp/results_30.09.2011/occt/release-sources-20110930/drv/GraphTools/GraphTools_RGNode.jxx
+M GraphTools:privinclude:GraphTools_RGNode.ixx /dn43/OCCT/tmp/results_30.09.2011/occt/release-sources-20110930/drv/GraphTools/GraphTools_RGNode.ixx
+M GraphTools:pubinclude:Handle_GraphTools_SC.hxx /dn43/OCCT/tmp/results_30.09.2011/occt/release-sources-20110930/inc/Handle_GraphTools_SC.hxx
+M GraphTools:pubinclude:GraphTools_SC.hxx /dn43/OCCT/tmp/results_30.09.2011/occt/release-sources-20110930/inc/GraphTools_SC.hxx
+M GraphTools:privinclude:GraphTools_SC.jxx /dn43/OCCT/tmp/results_30.09.2011/occt/release-sources-20110930/drv/GraphTools/GraphTools_SC.jxx
+M GraphTools:privinclude:GraphTools_SC.ixx /dn43/OCCT/tmp/results_30.09.2011/occt/release-sources-20110930/drv/GraphTools/GraphTools_SC.ixx
+M GraphTools:pubinclude:GraphTools_SCList.hxx /dn43/OCCT/tmp/results_30.09.2011/occt/release-sources-20110930/inc/GraphTools_SCList.hxx
+M GraphTools:derivated:GraphTools_SCList_0.cxx /dn43/OCCT/tmp/results_30.09.2011/occt/release-sources-20110930/drv/GraphTools/GraphTools_SCList_0.cxx
+M GraphTools:pubinclude:Handle_GraphTools_ListNodeOfListOfSequenceOfInteger.hxx /dn43/OCCT/tmp/results_30.09.2011/occt/release-sources-20110930/inc/Handle_GraphTools_ListNodeOfListOfSequenceOfInteger.hxx
+M GraphTools:pubinclude:GraphTools_ListNodeOfListOfSequenceOfInteger.hxx /dn43/OCCT/tmp/results_30.09.2011/occt/release-sources-20110930/inc/GraphTools_ListNodeOfListOfSequenceOfInteger.hxx
+M GraphTools:derivated:GraphTools_ListNodeOfListOfSequenceOfInteger_0.cxx /dn43/OCCT/tmp/results_30.09.2011/occt/release-sources-20110930/drv/GraphTools/GraphTools_ListNodeOfListOfSequenceOfInteger_0.cxx
+M GraphTools:pubinclude:GraphTools_ListIteratorOfListOfSequenceOfInteger.hxx /dn43/OCCT/tmp/results_30.09.2011/occt/release-sources-20110930/inc/GraphTools_ListIteratorOfListOfSequenceOfInteger.hxx
+M GraphTools:derivated:GraphTools_ListIteratorOfListOfSequenceOfInteger_0.cxx /dn43/OCCT/tmp/results_30.09.2011/occt/release-sources-20110930/drv/GraphTools/GraphTools_ListIteratorOfListOfSequenceOfInteger_0.cxx
+M GraphTools:pubinclude:Handle_GraphTools_ListNodeOfSCList.hxx /dn43/OCCT/tmp/results_30.09.2011/occt/release-sources-20110930/inc/Handle_GraphTools_ListNodeOfSCList.hxx
+M GraphTools:pubinclude:GraphTools_ListNodeOfSCList.hxx /dn43/OCCT/tmp/results_30.09.2011/occt/release-sources-20110930/inc/GraphTools_ListNodeOfSCList.hxx
+M GraphTools:derivated:GraphTools_ListNodeOfSCList_0.cxx /dn43/OCCT/tmp/results_30.09.2011/occt/release-sources-20110930/drv/GraphTools/GraphTools_ListNodeOfSCList_0.cxx
+M GraphTools:pubinclude:GraphTools_ListIteratorOfSCList.hxx /dn43/OCCT/tmp/results_30.09.2011/occt/release-sources-20110930/inc/GraphTools_ListIteratorOfSCList.hxx
+M GraphTools:derivated:GraphTools_ListIteratorOfSCList_0.cxx /dn43/OCCT/tmp/results_30.09.2011/occt/release-sources-20110930/drv/GraphTools/GraphTools_ListIteratorOfSCList_0.cxx
+M GraphTools:dbadmfile:GraphTools_xcpp_header.In /dn43/OCCT/tmp/results_30.09.2011/occt/release-sources-20110930/drv/GraphTools/.adm/GraphTools_xcpp_header.In
+M GraphTools:dbadmfile:GraphTools_xcpp_header.Out /dn43/OCCT/tmp/results_30.09.2011/occt/release-sources-20110930/drv/GraphTools/.adm/GraphTools_xcpp_header.Out
+M GraphTools:dbadmfile:GraphTools_xcpp_header.Dep /dn43/OCCT/tmp/results_30.09.2011/occt/release-sources-20110930/drv/GraphTools/.adm/GraphTools_xcpp_header.Dep
