+M IGESDefs:pubinclude:IGESDefs.hxx /dn43/OCCT/tmp/results_30.09.2011/occt/release-sources-20110930/inc/IGESDefs.hxx
+M IGESDefs:privinclude:IGESDefs.jxx /dn43/OCCT/tmp/results_30.09.2011/occt/release-sources-20110930/drv/IGESDefs/IGESDefs.jxx
+M IGESDefs:privinclude:IGESDefs.ixx /dn43/OCCT/tmp/results_30.09.2011/occt/release-sources-20110930/drv/IGESDefs/IGESDefs.ixx
+M IGESDefs:pubinclude:Handle_IGESDefs_AssociativityDef.hxx /dn43/OCCT/tmp/results_30.09.2011/occt/release-sources-20110930/inc/Handle_IGESDefs_AssociativityDef.hxx
+M IGESDefs:pubinclude:IGESDefs_AssociativityDef.hxx /dn43/OCCT/tmp/results_30.09.2011/occt/release-sources-20110930/inc/IGESDefs_AssociativityDef.hxx
+M IGESDefs:privinclude:IGESDefs_AssociativityDef.jxx /dn43/OCCT/tmp/results_30.09.2011/occt/release-sources-20110930/drv/IGESDefs/IGESDefs_AssociativityDef.jxx
+M IGESDefs:privinclude:IGESDefs_AssociativityDef.ixx /dn43/OCCT/tmp/results_30.09.2011/occt/release-sources-20110930/drv/IGESDefs/IGESDefs_AssociativityDef.ixx
+M IGESDefs:pubinclude:Handle_IGESDefs_MacroDef.hxx /dn43/OCCT/tmp/results_30.09.2011/occt/release-sources-20110930/inc/Handle_IGESDefs_MacroDef.hxx
+M IGESDefs:pubinclude:IGESDefs_MacroDef.hxx /dn43/OCCT/tmp/results_30.09.2011/occt/release-sources-20110930/inc/IGESDefs_MacroDef.hxx
+M IGESDefs:privinclude:IGESDefs_MacroDef.jxx /dn43/OCCT/tmp/results_30.09.2011/occt/release-sources-20110930/drv/IGESDefs/IGESDefs_MacroDef.jxx
+M IGESDefs:privinclude:IGESDefs_MacroDef.ixx /dn43/OCCT/tmp/results_30.09.2011/occt/release-sources-20110930/drv/IGESDefs/IGESDefs_MacroDef.ixx
+M IGESDefs:pubinclude:Handle_IGESDefs_UnitsData.hxx /dn43/OCCT/tmp/results_30.09.2011/occt/release-sources-20110930/inc/Handle_IGESDefs_UnitsData.hxx
+M IGESDefs:pubinclude:IGESDefs_UnitsData.hxx /dn43/OCCT/tmp/results_30.09.2011/occt/release-sources-20110930/inc/IGESDefs_UnitsData.hxx
+M IGESDefs:privinclude:IGESDefs_UnitsData.jxx /dn43/OCCT/tmp/results_30.09.2011/occt/release-sources-20110930/drv/IGESDefs/IGESDefs_UnitsData.jxx
+M IGESDefs:privinclude:IGESDefs_UnitsData.ixx /dn43/OCCT/tmp/results_30.09.2011/occt/release-sources-20110930/drv/IGESDefs/IGESDefs_UnitsData.ixx
+M IGESDefs:pubinclude:Handle_IGESDefs_AttributeDef.hxx /dn43/OCCT/tmp/results_30.09.2011/occt/release-sources-20110930/inc/Handle_IGESDefs_AttributeDef.hxx
+M IGESDefs:pubinclude:IGESDefs_AttributeDef.hxx /dn43/OCCT/tmp/results_30.09.2011/occt/release-sources-20110930/inc/IGESDefs_AttributeDef.hxx
+M IGESDefs:privinclude:IGESDefs_AttributeDef.jxx /dn43/OCCT/tmp/results_30.09.2011/occt/release-sources-20110930/drv/IGESDefs/IGESDefs_AttributeDef.jxx
+M IGESDefs:privinclude:IGESDefs_AttributeDef.ixx /dn43/OCCT/tmp/results_30.09.2011/occt/release-sources-20110930/drv/IGESDefs/IGESDefs_AttributeDef.ixx
+M IGESDefs:pubinclude:Handle_IGESDefs_TabularData.hxx /dn43/OCCT/tmp/results_30.09.2011/occt/release-sources-20110930/inc/Handle_IGESDefs_TabularData.hxx
+M IGESDefs:pubinclude:IGESDefs_TabularData.hxx /dn43/OCCT/tmp/results_30.09.2011/occt/release-sources-20110930/inc/IGESDefs_TabularData.hxx
+M IGESDefs:privinclude:IGESDefs_TabularData.jxx /dn43/OCCT/tmp/results_30.09.2011/occt/release-sources-20110930/drv/IGESDefs/IGESDefs_TabularData.jxx
+M IGESDefs:privinclude:IGESDefs_TabularData.ixx /dn43/OCCT/tmp/results_30.09.2011/occt/release-sources-20110930/drv/IGESDefs/IGESDefs_TabularData.ixx
+M IGESDefs:pubinclude:Handle_IGESDefs_GenericData.hxx /dn43/OCCT/tmp/results_30.09.2011/occt/release-sources-20110930/inc/Handle_IGESDefs_GenericData.hxx
+M IGESDefs:pubinclude:IGESDefs_GenericData.hxx /dn43/OCCT/tmp/results_30.09.2011/occt/release-sources-20110930/inc/IGESDefs_GenericData.hxx
+M IGESDefs:privinclude:IGESDefs_GenericData.jxx /dn43/OCCT/tmp/results_30.09.2011/occt/release-sources-20110930/drv/IGESDefs/IGESDefs_GenericData.jxx
+M IGESDefs:privinclude:IGESDefs_GenericData.ixx /dn43/OCCT/tmp/results_30.09.2011/occt/release-sources-20110930/drv/IGESDefs/IGESDefs_GenericData.ixx
+M IGESDefs:pubinclude:Handle_IGESDefs_AttributeTable.hxx /dn43/OCCT/tmp/results_30.09.2011/occt/release-sources-20110930/inc/Handle_IGESDefs_AttributeTable.hxx
+M IGESDefs:pubinclude:IGESDefs_AttributeTable.hxx /dn43/OCCT/tmp/results_30.09.2011/occt/release-sources-20110930/inc/IGESDefs_AttributeTable.hxx
+M IGESDefs:privinclude:IGESDefs_AttributeTable.jxx /dn43/OCCT/tmp/results_30.09.2011/occt/release-sources-20110930/drv/IGESDefs/IGESDefs_AttributeTable.jxx
+M IGESDefs:privinclude:IGESDefs_AttributeTable.ixx /dn43/OCCT/tmp/results_30.09.2011/occt/release-sources-20110930/drv/IGESDefs/IGESDefs_AttributeTable.ixx
+M IGESDefs:pubinclude:IGESDefs_ToolAssociativityDef.hxx /dn43/OCCT/tmp/results_30.09.2011/occt/release-sources-20110930/inc/IGESDefs_ToolAssociativityDef.hxx
+M IGESDefs:privinclude:IGESDefs_ToolAssociativityDef.jxx /dn43/OCCT/tmp/results_30.09.2011/occt/release-sources-20110930/drv/IGESDefs/IGESDefs_ToolAssociativityDef.jxx
+M IGESDefs:privinclude:IGESDefs_ToolAssociativityDef.ixx /dn43/OCCT/tmp/results_30.09.2011/occt/release-sources-20110930/drv/IGESDefs/IGESDefs_ToolAssociativityDef.ixx
+M IGESDefs:pubinclude:IGESDefs_ToolMacroDef.hxx /dn43/OCCT/tmp/results_30.09.2011/occt/release-sources-20110930/inc/IGESDefs_ToolMacroDef.hxx
+M IGESDefs:privinclude:IGESDefs_ToolMacroDef.jxx /dn43/OCCT/tmp/results_30.09.2011/occt/release-sources-20110930/drv/IGESDefs/IGESDefs_ToolMacroDef.jxx
+M IGESDefs:privinclude:IGESDefs_ToolMacroDef.ixx /dn43/OCCT/tmp/results_30.09.2011/occt/release-sources-20110930/drv/IGESDefs/IGESDefs_ToolMacroDef.ixx
+M IGESDefs:pubinclude:IGESDefs_ToolUnitsData.hxx /dn43/OCCT/tmp/results_30.09.2011/occt/release-sources-20110930/inc/IGESDefs_ToolUnitsData.hxx
+M IGESDefs:privinclude:IGESDefs_ToolUnitsData.jxx /dn43/OCCT/tmp/results_30.09.2011/occt/release-sources-20110930/drv/IGESDefs/IGESDefs_ToolUnitsData.jxx
+M IGESDefs:privinclude:IGESDefs_ToolUnitsData.ixx /dn43/OCCT/tmp/results_30.09.2011/occt/release-sources-20110930/drv/IGESDefs/IGESDefs_ToolUnitsData.ixx
+M IGESDefs:pubinclude:IGESDefs_ToolAttributeDef.hxx /dn43/OCCT/tmp/results_30.09.2011/occt/release-sources-20110930/inc/IGESDefs_ToolAttributeDef.hxx
+M IGESDefs:privinclude:IGESDefs_ToolAttributeDef.jxx /dn43/OCCT/tmp/results_30.09.2011/occt/release-sources-20110930/drv/IGESDefs/IGESDefs_ToolAttributeDef.jxx
+M IGESDefs:privinclude:IGESDefs_ToolAttributeDef.ixx /dn43/OCCT/tmp/results_30.09.2011/occt/release-sources-20110930/drv/IGESDefs/IGESDefs_ToolAttributeDef.ixx
+M IGESDefs:pubinclude:IGESDefs_ToolTabularData.hxx /dn43/OCCT/tmp/results_30.09.2011/occt/release-sources-20110930/inc/IGESDefs_ToolTabularData.hxx
+M IGESDefs:privinclude:IGESDefs_ToolTabularData.jxx /dn43/OCCT/tmp/results_30.09.2011/occt/release-sources-20110930/drv/IGESDefs/IGESDefs_ToolTabularData.jxx
+M IGESDefs:privinclude:IGESDefs_ToolTabularData.ixx /dn43/OCCT/tmp/results_30.09.2011/occt/release-sources-20110930/drv/IGESDefs/IGESDefs_ToolTabularData.ixx
+M IGESDefs:pubinclude:IGESDefs_ToolGenericData.hxx /dn43/OCCT/tmp/results_30.09.2011/occt/release-sources-20110930/inc/IGESDefs_ToolGenericData.hxx
+M IGESDefs:privinclude:IGESDefs_ToolGenericData.jxx /dn43/OCCT/tmp/results_30.09.2011/occt/release-sources-20110930/drv/IGESDefs/IGESDefs_ToolGenericData.jxx
+M IGESDefs:privinclude:IGESDefs_ToolGenericData.ixx /dn43/OCCT/tmp/results_30.09.2011/occt/release-sources-20110930/drv/IGESDefs/IGESDefs_ToolGenericData.ixx
+M IGESDefs:pubinclude:IGESDefs_ToolAttributeTable.hxx /dn43/OCCT/tmp/results_30.09.2011/occt/release-sources-20110930/inc/IGESDefs_ToolAttributeTable.hxx
+M IGESDefs:privinclude:IGESDefs_ToolAttributeTable.jxx /dn43/OCCT/tmp/results_30.09.2011/occt/release-sources-20110930/drv/IGESDefs/IGESDefs_ToolAttributeTable.jxx
+M IGESDefs:privinclude:IGESDefs_ToolAttributeTable.ixx /dn43/OCCT/tmp/results_30.09.2011/occt/release-sources-20110930/drv/IGESDefs/IGESDefs_ToolAttributeTable.ixx
+M IGESDefs:pubinclude:Handle_IGESDefs_Protocol.hxx /dn43/OCCT/tmp/results_30.09.2011/occt/release-sources-20110930/inc/Handle_IGESDefs_Protocol.hxx
+M IGESDefs:pubinclude:IGESDefs_Protocol.hxx /dn43/OCCT/tmp/results_30.09.2011/occt/release-sources-20110930/inc/IGESDefs_Protocol.hxx
+M IGESDefs:privinclude:IGESDefs_Protocol.jxx /dn43/OCCT/tmp/results_30.09.2011/occt/release-sources-20110930/drv/IGESDefs/IGESDefs_Protocol.jxx
+M IGESDefs:privinclude:IGESDefs_Protocol.ixx /dn43/OCCT/tmp/results_30.09.2011/occt/release-sources-20110930/drv/IGESDefs/IGESDefs_Protocol.ixx
+M IGESDefs:pubinclude:Handle_IGESDefs_ReadWriteModule.hxx /dn43/OCCT/tmp/results_30.09.2011/occt/release-sources-20110930/inc/Handle_IGESDefs_ReadWriteModule.hxx
+M IGESDefs:pubinclude:IGESDefs_ReadWriteModule.hxx /dn43/OCCT/tmp/results_30.09.2011/occt/release-sources-20110930/inc/IGESDefs_ReadWriteModule.hxx
+M IGESDefs:privinclude:IGESDefs_ReadWriteModule.jxx /dn43/OCCT/tmp/results_30.09.2011/occt/release-sources-20110930/drv/IGESDefs/IGESDefs_ReadWriteModule.jxx
+M IGESDefs:privinclude:IGESDefs_ReadWriteModule.ixx /dn43/OCCT/tmp/results_30.09.2011/occt/release-sources-20110930/drv/IGESDefs/IGESDefs_ReadWriteModule.ixx
+M IGESDefs:pubinclude:Handle_IGESDefs_GeneralModule.hxx /dn43/OCCT/tmp/results_30.09.2011/occt/release-sources-20110930/inc/Handle_IGESDefs_GeneralModule.hxx
+M IGESDefs:pubinclude:IGESDefs_GeneralModule.hxx /dn43/OCCT/tmp/results_30.09.2011/occt/release-sources-20110930/inc/IGESDefs_GeneralModule.hxx
+M IGESDefs:privinclude:IGESDefs_GeneralModule.jxx /dn43/OCCT/tmp/results_30.09.2011/occt/release-sources-20110930/drv/IGESDefs/IGESDefs_GeneralModule.jxx
+M IGESDefs:privinclude:IGESDefs_GeneralModule.ixx /dn43/OCCT/tmp/results_30.09.2011/occt/release-sources-20110930/drv/IGESDefs/IGESDefs_GeneralModule.ixx
+M IGESDefs:pubinclude:Handle_IGESDefs_SpecificModule.hxx /dn43/OCCT/tmp/results_30.09.2011/occt/release-sources-20110930/inc/Handle_IGESDefs_SpecificModule.hxx
+M IGESDefs:pubinclude:IGESDefs_SpecificModule.hxx /dn43/OCCT/tmp/results_30.09.2011/occt/release-sources-20110930/inc/IGESDefs_SpecificModule.hxx
+M IGESDefs:privinclude:IGESDefs_SpecificModule.jxx /dn43/OCCT/tmp/results_30.09.2011/occt/release-sources-20110930/drv/IGESDefs/IGESDefs_SpecificModule.jxx
+M IGESDefs:privinclude:IGESDefs_SpecificModule.ixx /dn43/OCCT/tmp/results_30.09.2011/occt/release-sources-20110930/drv/IGESDefs/IGESDefs_SpecificModule.ixx
+M IGESDefs:pubinclude:IGESDefs_Array1OfTabularData.hxx /dn43/OCCT/tmp/results_30.09.2011/occt/release-sources-20110930/inc/IGESDefs_Array1OfTabularData.hxx
+M IGESDefs:derivated:IGESDefs_Array1OfTabularData_0.cxx /dn43/OCCT/tmp/results_30.09.2011/occt/release-sources-20110930/drv/IGESDefs/IGESDefs_Array1OfTabularData_0.cxx
+M IGESDefs:pubinclude:Handle_IGESDefs_HArray1OfTabularData.hxx /dn43/OCCT/tmp/results_30.09.2011/occt/release-sources-20110930/inc/Handle_IGESDefs_HArray1OfTabularData.hxx
+M IGESDefs:pubinclude:IGESDefs_HArray1OfTabularData.hxx /dn43/OCCT/tmp/results_30.09.2011/occt/release-sources-20110930/inc/IGESDefs_HArray1OfTabularData.hxx
+M IGESDefs:derivated:IGESDefs_HArray1OfTabularData_0.cxx /dn43/OCCT/tmp/results_30.09.2011/occt/release-sources-20110930/drv/IGESDefs/IGESDefs_HArray1OfTabularData_0.cxx
+M IGESDefs:pubinclude:Handle_IGESDefs_HArray1OfHArray1OfTextDisplayTemplate.hxx /dn43/OCCT/tmp/results_30.09.2011/occt/release-sources-20110930/inc/Handle_IGESDefs_HArray1OfHArray1OfTextDisplayTemplate.hxx
+M IGESDefs:pubinclude:IGESDefs_HArray1OfHArray1OfTextDisplayTemplate.hxx /dn43/OCCT/tmp/results_30.09.2011/occt/release-sources-20110930/inc/IGESDefs_HArray1OfHArray1OfTextDisplayTemplate.hxx
+M IGESDefs:derivated:IGESDefs_HArray1OfHArray1OfTextDisplayTemplate_0.cxx /dn43/OCCT/tmp/results_30.09.2011/occt/release-sources-20110930/drv/IGESDefs/IGESDefs_HArray1OfHArray1OfTextDisplayTemplate_0.cxx
+M IGESDefs:dbadmfile:IGESDefs_xcpp_header.In /dn43/OCCT/tmp/results_30.09.2011/occt/release-sources-20110930/drv/IGESDefs/.adm/IGESDefs_xcpp_header.In
+M IGESDefs:dbadmfile:IGESDefs_xcpp_header.Out /dn43/OCCT/tmp/results_30.09.2011/occt/release-sources-20110930/drv/IGESDefs/.adm/IGESDefs_xcpp_header.Out
+M IGESDefs:dbadmfile:IGESDefs_xcpp_header.Dep /dn43/OCCT/tmp/results_30.09.2011/occt/release-sources-20110930/drv/IGESDefs/.adm/IGESDefs_xcpp_header.Dep
